Wed Oct 12 14:30:05 UTC 2022
arg[0]: scraping/yahoo-finace-api2.py, arg[1]: stock-code-list/buy-list.txt
===========================
scraping
===========================
START:  AAPL
END:    0.4388270378112793
-
START:  EL
END:    0.8178243637084961
-
START:  NEE
END:    1.225046157836914
-
START:  AMD
END:    1.677189826965332
-
START:  APH
END:    2.0460288524627686
-
START:  XLP
END:    2.4092884063720703
-
START:  SPXL
END:    2.7260191440582275
-
START:  KEYS
END:    2.907261610031128
-
START:  VDC
END:    3.3194310665130615
-
START:  SPTM
END:    3.709167242050171
-
START:  SPLG
END:    4.038575649261475
-
START:  CROX
END:    4.311005592346191
-
START:  AXON
END:    4.638252019882202
-
START:  AWR
END:    5.044897079467773
-
START:  FN
END:    5.258930206298828
-
START:  NXST
END:    5.631054162979126
-
START:  TREX
END:    5.96434760093689
-
START:  RGEN
END:    6.263277769088745
-
START:  EXPO
END:    6.620636701583862
-
START:  BCPC
END:    8.02189588546753
-
START:  SOXL
END:    8.252489805221558
-
START:  TECL
END:    8.555997610092163
-
START:  NEO
END:    8.851837635040283
-
START:  NVMI
END:    9.210774660110474
-
START:  NVDA
END:    9.566572904586792
-
START:  BBDC
END:    9.834908723831177
-
START:  APPS
END:    11.11592411994934
-
START:  ROK
END:    11.533262729644775
-
START:  NHTC
END:    11.908835887908936
-
START:  ZYXI
END:    12.232665538787842
-
START:  LIT
END:    13.490904569625854
-
START:  LLY
END:    13.895812034606934
-
START:  GTLB
END:    13.967057228088379
-
START:  MCD
END:    14.412576675415039
-
START:  MSI
END:    14.863476276397705
-
START:  HCP
END:    14.93456745147705
-
START:  ON
END:    16.299082279205322
-
===========================
MACD sell
===========================
START:  AAPL
START:  EL
START:  NEE
START:  AMD
START:  APH
START:  XLP
START:  SPXL
START:  KEYS
START:  VDC
START:  SPTM
START:  SPLG
START:  CROX
START:  AXON
START:  AWR
START:  FN
START:  NXST
START:  TREX
START:  RGEN
START:  EXPO
START:  BCPC
START:  SOXL
START:  TECL
START:  NEO
START:  NVMI
START:  NVDA
START:  BBDC
START:  APPS
START:  ROK
START:  NHTC
START:  ZYXI
START:  LIT
START:  LLY
START:  GTLB
START:  MCD
START:  MSI
START:  HCP
START:  ON
==== MACD list ====
code: AAPL     day: macd - hist - ,  Week: macd - hist - , Month: macd + hist - , 
code: EL       day: macd - hist - ,  Week: macd - hist - , Month: macd - hist - , 
code: NEE      day: macd - hist - ,  Week: macd - hist - , Month: macd + hist - , 
code: AMD      day: macd - hist - ,  Week: macd - hist - , Month: macd - hist - , 
code: APH      day: macd - hist - ,  Week: macd - hist - , Month: macd + hist - , 
code: XLP      day: macd - hist + ,  Week: macd - hist - , Month: macd + hist - , 
code: SPXL     day: macd - hist - ,  Week: macd - hist - , Month: macd - hist - , 
code: KEYS     day: macd - hist - ,  Week: macd + hist - , Month: macd + hist - , 
code: VDC      day: macd - hist + ,  Week: macd - hist - , Month: macd + hist - , 
code: SPTM     day: macd - hist - ,  Week: macd - hist - , Month: macd + hist - , 
code: SPLG     day: macd - hist - ,  Week: macd - hist - , Month: macd + hist - , 
code: CROX     day: macd + hist + ,  Week: macd + hist + , Month: macd - hist - , 
code: AXON     day: macd + hist + ,  Week: macd + hist + , Month: macd - hist - , 
code: AWR      day: macd - hist + ,  Week: macd - hist - , Month: macd + hist - , 
code: FN       day: macd + hist + ,  Week: macd + hist + , Month: macd + hist - , 
code: NXST     day: macd - hist - ,  Week: macd - hist - , Month: macd + hist - , 
code: TREX     day: macd + hist + ,  Week: macd - hist + , Month: macd - hist - , 
code: RGEN     day: macd - hist + ,  Week: macd + hist - , Month: macd + hist - , 
code: EXPO     day: macd - hist + ,  Week: macd - hist - , Month: macd + hist - , 
code: BCPC     day: macd - hist + ,  Week: macd - hist - , Month: macd + hist - , 
code: SOXL     day: macd - hist - ,  Week: macd - hist - , Month: macd - hist - , 
code: TECL     day: macd - hist - ,  Week: macd - hist - , Month: macd - hist - , 
code: NEO      day: macd - hist - ,  Week: macd - hist - , Month: macd - hist - , 
code: NVMI     day: macd - hist - ,  Week: macd - hist - , Month: macd + hist - , 
code: NVDA     day: macd - hist + ,  Week: macd - hist - , Month: macd + hist - , 
code: BBDC     day: macd - hist - ,  Week: macd - hist - , Month: macd - hist - , 
code: APPS     day: macd - hist - ,  Week: macd - hist - , Month: macd - hist - , 
code: ROK      day: macd - hist + ,  Week: macd - hist - , Month: macd - hist - , 
code: NHTC     day: macd - hist + ,  Week: macd - hist - , Month: macd - hist - , 
code: ZYXI     day: macd - hist - ,  Week: macd + hist - , Month: macd - hist + , 
code: LIT      day: macd - hist - ,  Week: macd - hist - , Month: macd + hist - , 
code: LLY      day: macd + hist + ,  Week: macd + hist + , Month: macd + hist + , 
code: GTLB     day: macd - hist - ,  Week: macd - hist - , Month: macd + hist + , 
code: MCD      day: macd - hist + ,  Week: macd - hist - , Month: macd + hist - , 
code: MSI      day: macd - hist - ,  Week: macd + hist - , Month: macd + hist - , 
code: HCP      day: macd - hist - ,  Week: macd - hist + , Month: macd + hist + , 
code: ON       day: macd - hist - ,  Week: macd + hist - , Month: macd + hist - , 
==== MACD sell list ====
code: AAPL     day: macd - hist - , 
code: AAPL     day: macd - hist - ,  Week: macd - hist - , 
code: AAPL     day: macd - hist - ,  Week: macd - hist - , Month: macd + hist - , 
code: EL       day: macd - hist - , 
code: EL       day: macd - hist - ,  Week: macd - hist - , 
code: EL       day: macd - hist - ,  Week: macd - hist - , Month: macd - hist - , 
code: NEE      day: macd - hist - , 
code: NEE      day: macd - hist - ,  Week: macd - hist - , 
code: NEE      day: macd - hist - ,  Week: macd - hist - , Month: macd + hist - , 
code: AMD      day: macd - hist - , 
code: AMD      day: macd - hist - ,  Week: macd - hist - , 
code: AMD      day: macd - hist - ,  Week: macd - hist - , Month: macd - hist - , 
code: APH      day: macd - hist - , 
code: APH      day: macd - hist - ,  Week: macd - hist - , 
code: APH      day: macd - hist - ,  Week: macd - hist - , Month: macd + hist - , 
code: XLP      day: macd - hist + ,  Week: macd - hist - , 
code: XLP      day: macd - hist + ,  Week: macd - hist - , Month: macd + hist - , 
code: SPXL     day: macd - hist - , 
code: SPXL     day: macd - hist - ,  Week: macd - hist - , 
code: SPXL     day: macd - hist - ,  Week: macd - hist - , Month: macd - hist - , 
code: KEYS     day: macd - hist - , 
code: KEYS     day: macd - hist - ,  Week: macd + hist - , 
code: KEYS     day: macd - hist - ,  Week: macd + hist - , Month: macd + hist - , 
code: VDC      day: macd - hist + ,  Week: macd - hist - , 
code: VDC      day: macd - hist + ,  Week: macd - hist - , Month: macd + hist - , 
code: SPTM     day: macd - hist - , 
code: SPTM     day: macd - hist - ,  Week: macd - hist - , 
code: SPTM     day: macd - hist - ,  Week: macd - hist - , Month: macd + hist - , 
code: SPLG     day: macd - hist - , 
code: SPLG     day: macd - hist - ,  Week: macd - hist - , 
code: SPLG     day: macd - hist - ,  Week: macd - hist - , Month: macd + hist - , 
code: CROX     day: macd + hist + ,  Week: macd + hist + , Month: macd - hist - , 
code: AXON     day: macd + hist + ,  Week: macd + hist + , Month: macd - hist - , 
code: AWR      day: macd - hist + ,  Week: macd - hist - , 
code: AWR      day: macd - hist + ,  Week: macd - hist - , Month: macd + hist - , 
code: FN       day: macd + hist + ,  Week: macd + hist + , Month: macd + hist - , 
code: NXST     day: macd - hist - , 
code: NXST     day: macd - hist - ,  Week: macd - hist - , 
code: NXST     day: macd - hist - ,  Week: macd - hist - , Month: macd + hist - , 
code: TREX     day: macd + hist + ,  Week: macd - hist + , Month: macd - hist - , 
code: RGEN     day: macd - hist + ,  Week: macd + hist - , 
code: RGEN     day: macd - hist + ,  Week: macd + hist - , Month: macd + hist - , 
code: EXPO     day: macd - hist + ,  Week: macd - hist - , 
code: EXPO     day: macd - hist + ,  Week: macd - hist - , Month: macd + hist - , 
code: BCPC     day: macd - hist + ,  Week: macd - hist - , 
code: BCPC     day: macd - hist + ,  Week: macd - hist - , Month: macd + hist - , 
code: SOXL     day: macd - hist - , 
code: SOXL     day: macd - hist - ,  Week: macd - hist - , 
code: SOXL     day: macd - hist - ,  Week: macd - hist - , Month: macd - hist - , 
code: TECL     day: macd - hist - , 
code: TECL     day: macd - hist - ,  Week: macd - hist - , 
code: TECL     day: macd - hist - ,  Week: macd - hist - , Month: macd - hist - , 
code: NEO      day: macd - hist - , 
code: NEO      day: macd - hist - ,  Week: macd - hist - , 
code: NEO      day: macd - hist - ,  Week: macd - hist - , Month: macd - hist - , 
code: NVMI     day: macd - hist - , 
code: NVMI     day: macd - hist - ,  Week: macd - hist - , 
code: NVMI     day: macd - hist - ,  Week: macd - hist - , Month: macd + hist - , 
code: NVDA     day: macd - hist + ,  Week: macd - hist - , 
code: NVDA     day: macd - hist + ,  Week: macd - hist - , Month: macd + hist - , 
code: BBDC     day: macd - hist - , 
code: BBDC     day: macd - hist - ,  Week: macd - hist - , 
code: BBDC     day: macd - hist - ,  Week: macd - hist - , Month: macd - hist - , 
code: APPS     day: macd - hist - , 
code: APPS     day: macd - hist - ,  Week: macd - hist - , 
code: APPS     day: macd - hist - ,  Week: macd - hist - , Month: macd - hist - , 
code: ROK      day: macd - hist + ,  Week: macd - hist - , 
code: ROK      day: macd - hist + ,  Week: macd - hist - , Month: macd - hist - , 
code: NHTC     day: macd - hist + ,  Week: macd - hist - , 
code: NHTC     day: macd - hist + ,  Week: macd - hist - , Month: macd - hist - , 
code: ZYXI     day: macd - hist - , 
code: ZYXI     day: macd - hist - ,  Week: macd + hist - , 
code: LIT      day: macd - hist - , 
code: LIT      day: macd - hist - ,  Week: macd - hist - , 
code: LIT      day: macd - hist - ,  Week: macd - hist - , Month: macd + hist - , 
code: GTLB     day: macd - hist - , 
code: GTLB     day: macd - hist - ,  Week: macd - hist - , 
code: MCD      day: macd - hist + ,  Week: macd - hist - , 
code: MCD      day: macd - hist + ,  Week: macd - hist - , Month: macd + hist - , 
code: MSI      day: macd - hist - , 
code: MSI      day: macd - hist - ,  Week: macd + hist - , 
code: MSI      day: macd - hist - ,  Week: macd + hist - , Month: macd + hist - , 
code: HCP      day: macd - hist - , 
code: ON       day: macd - hist - , 
code: ON       day: macd - hist - ,  Week: macd + hist - , 
code: ON       day: macd - hist - ,  Week: macd + hist - , Month: macd + hist - , 
===========================
profit
===========================
==== plus ====
NXST , macd -, macd hist -, profit:    [7.8], per:    [4.8], now:  [170.3], buy:  [162.5]
RGEN , macd -, macd hist +, profit:  [20.31], per:   [11.3], now: [199.97], buy: [179.66]
ZYXI , macd -, macd hist -, profit:   [2.31], per:  [36.35], now:   [8.67], buy:   [6.36]
LLY  , macd +, macd hist +, profit:  [58.04], per:  [21.42], now: [329.04], buy:   [271.]
-
     plus  len:  4
     profit:  [88.46], per:  [73.87], per/len(p):  [18.47], per/len(p+m):     [2.]
-
==== minus ====
AAPL , macd -, macd hist -, profit:       [], per:       [], now: [139.65], buy:       []
EL   , macd -, macd hist -, profit: [-126.05], per:  [-37.1], now:  [213.7], buy: [339.75]
NEE  , macd -, macd hist -, profit:  [-10.2], per: [-11.95], now:  [75.13], buy:  [85.33]
AMD  , macd -, macd hist -, profit: [-63.57], per: [-52.87], now:  [56.66], buy: [120.23]
APH  , macd -, macd hist -, profit:       [], per:       [], now:  [67.68], buy:       []
XLP  , macd -, macd hist +, profit:  [-4.27], per:  [-5.88], now:  [68.31], buy:  [72.58]
SPXL , macd -, macd hist -, profit: [-76.72], per: [-58.91], now:  [53.51], buy: [130.23]
KEYS , macd -, macd hist -, profit: [-30.31], per: [-16.29], now: [155.75], buy: [186.06]
VDC  , macd -, macd hist +, profit: [-13.31], per:  [-7.02], now: [176.22], buy: [189.53]
SPTM , macd -, macd hist -, profit: [-12.29], per: [-21.72], now:  [44.29], buy:  [56.58]
SPLG , macd -, macd hist -, profit: [-11.87], per: [-21.98], now:  [42.12], buy:  [53.99]
CROX , macd +, macd hist +, profit: [-102.73], per:  [-57.9], now:  [74.69], buy: [177.42]
AXON , macd +, macd hist +, profit: [-17.67], per: [-12.79], now: [120.48], buy: [138.15]
AWR  , macd -, macd hist +, profit:       [], per:       [], now:  [82.82], buy:       []
FN   , macd +, macd hist +, profit: [-16.86], per: [-14.43], now:   [100.], buy: [116.86]
TREX , macd +, macd hist +, profit: [-20.44], per:  [-29.2], now:  [49.56], buy:    [70.]
EXPO , macd -, macd hist +, profit: [-12.73], per: [-12.59], now:  [88.38], buy: [101.11]
BCPC , macd -, macd hist +, profit: [-13.75], per: [-10.03], now: [123.33], buy: [137.08]
SOXL , macd -, macd hist -, profit: [-34.79], per: [-82.66], now:    [7.3], buy:  [42.09]
TECL , macd -, macd hist -, profit: [-40.63], per: [-66.89], now:  [20.11], buy:  [60.74]
NEO  , macd -, macd hist -, profit: [-10.44], per: [-58.52], now:    [7.4], buy:  [17.84]
NVMI , macd -, macd hist -, profit: [-41.47], per: [-36.17], now:  [73.18], buy: [114.65]
NVDA , macd -, macd hist +, profit: [-141.29], per: [-55.26], now: [114.38], buy: [255.67]
BBDC , macd -, macd hist -, profit:   [-2.6], per: [-24.48], now:   [8.01], buy:   [10.6]
APPS , macd -, macd hist -, profit:  [-30.8], per: [-70.53], now:  [12.87], buy:  [43.67]
ROK  , macd -, macd hist +, profit: [-114.73], per: [-33.56], now: [227.16], buy: [341.89]
NHTC , macd -, macd hist +, profit:   [-3.4], per: [-47.47], now:   [3.77], buy:   [7.17]
LIT  , macd -, macd hist -, profit: [-25.78], per: [-28.05], now:  [66.13], buy:  [91.91]
GTLB , macd -, macd hist -, profit:  [-6.09], per: [-11.54], now:  [46.67], buy:  [52.76]
MCD  , macd -, macd hist +, profit: [-14.15], per:  [-5.58], now: [239.31], buy: [253.46]
MSI  , macd -, macd hist -, profit: [-26.82], per: [-10.67], now: [224.59], buy: [251.41]
HCP  , macd -, macd hist -, profit:  [-26.8], per: [-49.36], now:   [27.5], buy:   [54.3]
ON   , macd -, macd hist -, profit:  [-1.26], per:   [-2.1], now:   [58.6], buy:  [59.86]
-
     minus len:  33
     profit:       [], per:       [], per/len(m):       [], per/len(p+m):       []
-
==== total ====
     profit:       [], per:       [], per/len(p+m):       []
arg[0]: scraping/yahoo-finace-api2.py, arg[1]: stock-code-list/up-month.txt
===========================
scraping
===========================
START:  A
END:    0.4269845485687256
-
START:  AAON
END:    0.7661528587341309
-
START:  AAPL
END:    1.163142442703247
-
START:  ABG
END:    1.519094467163086
-
START:  ABT
END:    1.973160743713379
-
START:  ACLS
END:    2.2749104499816895
-
START:  ACMR
END:    2.4658830165863037
-
START:  ACN
END:    2.84218168258667
-
START:  ADBE
END:    3.1852402687072754
-
START:  ADI
END:    3.5589792728424072
-
START:  ADP
END:    3.916597366333008
-
START:  ADSK
END:    4.2518837451934814
-
START:  ADUS
END:    4.491333484649658
-
START:  AEE
END:    4.844016790390015
-
START:  AGYS
END:    5.268320560455322
-
START:  AIZ
END:    5.655270338058472
-
START:  AJG
END:    6.020505666732788
-
START:  AJRD
END:    6.418891668319702
-
START:  ALB
END:    6.783968687057495
-
START:  ALG
END:    7.1830995082855225
-
START:  ALGN
END:    8.529321193695068
-
START:  ALLE
END:    8.747472524642944
-
START:  ALTR
END:    8.889611005783081
-
START:  AMAT
END:    9.271667003631592
-
START:  AMBA
END:    9.480955600738525
-
START:  AMD
END:    9.828001499176025
-
START:  AME
END:    10.220532417297363
-
START:  AMED
END:    10.57279109954834
-
START:  AMEH
END:    10.82320761680603
-
START:  AMGN
END:    11.267611980438232
-
START:  AMN
END:    11.62375521659851
-
START:  AMP
END:    12.95815920829773
-
START:  AMRC
END:    14.215745687484741
-
START:  AMSWA
END:    14.616361141204834
-
START:  AMTX
END:    14.906012773513794
-
START:  AMZN
END:    16.26267123222351
-
START:  AN
END:    16.6180202960968
-
START:  ANSS
END:    16.948975563049316
-
START:  ANTM
Not Found: No data found, symbol may be delisted
START:  AON
END:    17.41004180908203
-
START:  AOSL
END:    17.653313159942627
-
START:  APD
END:    18.105395078659058
-
START:  APH
END:    18.487608432769775
-
START:  APPF
END:    18.63186287879944
-
START:  APPN
END:    18.775559186935425
-
START:  APPS
END:    19.043824434280396
-
START:  AQN
END:    19.280723333358765
-
START:  ARCB
END:    19.667087078094482
-
START:  ARCT
END:    19.856844902038574
-
START:  ARES
END:    21.08217692375183
-
START:  ARGX
END:    21.2259042263031
-
START:  ARWR
END:    21.525886058807373
-
START:  ASML
END:    21.865951538085938
-
START:  ASPN
END:    23.07340407371521
-
START:  ATEC
END:    23.364954233169556
-
START:  ATEN
END:    23.55676794052124
-
START:  ATKR
END:    23.72330141067505
-
START:  ATOM
END:    23.875872373580933
-
START:  ATR
END:    24.258731603622437
-
START:  ATRC
END:    27.584007263183594
-
START:  AUDC
END:    27.929380893707275
-
START:  AUPH
END:    28.09079670906067
-
START:  AVAV
END:    28.386630296707153
-
START:  AVGO
END:    28.66302180290222
-
START:  AVID
END:    29.017993927001953
-
START:  AVNW
END:    29.35406494140625
-
START:  AVXL
END:    29.660954475402832
-
START:  AVY
END:    30.12179708480835
-
START:  AWK
END:    30.372390747070312
-
START:  AWR
END:    30.823716640472412
-
START:  AXON
END:    31.15750026702881
-
START:  AZO
END:    31.489499807357788
-
START:  AZPN
END:    31.83579969406128
-
START:  BAH
END:    32.0615131855011
-
START:  BAM
END:    32.440369844436646
-
START:  BAX
END:    32.82819366455078
-
START:  BBH
END:    33.222737312316895
-
START:  BBQ
END:    33.58921432495117
-
START:  BBY
END:    34.026859283447266
-
START:  BCPC
END:    34.4321665763855
-
START:  BDX
END:    34.86649417877197
-
START:  BEEM
END:    35.11017894744873
-
START:  BFAM
END:    35.29526448249817
-
START:  BFC
END:    35.635056495666504
-
START:  BGFV
END:    35.97366523742676
-
START:  BGNE
END:    36.15038228034973
-
START:  BHVN
END:    36.221678733825684
-
START:  BIO
END:    37.56297469139099
-
START:  BL
END:    37.70230412483215
-
START:  BLD
END:    37.87255048751831
-
START:  BLDP
END:    38.260657787323
-
START:  BLDR
END:    38.5480318069458
-
START:  BLFS
END:    38.86311054229736
-
START:  BLK
END:    39.225972414016724
-
START:  BLL
Not Found: No data found, symbol may be delisted
START:  BLNK
END:    39.51465630531311
-
START:  BMI
END:    39.92715358734131
-
START:  BOOT
END:    40.11880540847778
-
START:  BOTZ
END:    40.2949435710907
-
START:  BR
END:    40.600911140441895
-
START:  BRKR
END:    40.928560733795166
-
START:  BRKS
Not Found: No data found, symbol may be delisted
START:  BRO
END:    42.352150678634644
-
START:  BURL
END:    42.544212341308594
-
START:  BX
END:    42.81362962722778
-
START:  CABO
END:    42.97412037849426
-
START:  CACI
END:    43.32293653488159
-
START:  CALX
END:    43.65894341468811
-
START:  CAMT
END:    44.00632095336914
-
START:  CAR
END:    44.441662073135376
-
START:  CBRE
END:    44.76876449584961
-
START:  CBSH
END:    45.15591382980347
-
START:  CBZ
END:    45.50018858909607
-
START:  CCOI
END:    45.85720658302307
-
START:  CCS
END:    46.053905725479126
-
START:  CDMO
END:    46.378437519073486
-
START:  CDNA
END:    46.56322526931763
-
START:  CDNS
END:    46.92211413383484
-
START:  CDW
END:    48.1622748374939
-
START:  CELH
END:    48.43912076950073
-
START:  CGNX
END:    49.85280418395996
-
START:  CHD
END:    50.213587045669556
-
START:  CHDN
END:    51.611058473587036
-
START:  CHE
END:    52.005250453948975
-
START:  CHGG
END:    53.221527099609375
-
START:  CHH
END:    53.579514265060425
-
START:  CHKP
END:    53.89729309082031
-
START:  CHTR
END:    54.133819580078125
-
START:  CIEN
END:    54.45476841926575
-
START:  CLAR
END:    54.78756904602051
-
START:  CLFD
END:    55.081751108169556
-
START:  CLGN
END:    55.21673107147217
-
START:  CLNE
END:    55.46858525276184
-
START:  CLPT
END:    56.68755006790161
-
START:  CLX
END:    57.104576587677
-
START:  CMCSA
END:    57.48511576652527
-
START:  CMG
END:    57.77624273300171
-
START:  CMS
END:    59.15951466560364
-
START:  CNC
END:    60.511878490448
-
START:  CNI
END:    61.92382073402405
-
START:  CNMD
END:    62.34593486785889
-
START:  CNS
END:    62.67663073539734
-
START:  CNXN
END:    63.01473689079285
-
START:  COO
END:    63.4116632938385
-
START:  COST
END:    64.78135895729065
-
START:  COUP
END:    65.96025943756104
-
START:  COWN
END:    66.24777579307556
-
START:  CP
END:    67.71954584121704
-
START:  CPK
END:    68.06946969032288
-
START:  CPRT
END:    68.38570237159729
-
START:  CPSH
END:    68.70924520492554
-
START:  CRAI
END:    69.09078788757324
-
START:  CREE
Not Found: No data found, symbol may be delisted
START:  CRL
END:    69.52703094482422
-
START:  CRM
END:    69.83801794052124
-
START:  CRMT
END:    70.148442029953
-
START:  CROX
END:    70.43113207817078
-
START:  CRSP
END:    70.63536810874939
-
START:  CRVL
END:    70.97689270973206
-
START:  CSGP
END:    71.29256987571716
-
START:  CSL
END:    71.73590850830078
-
START:  CSWI
END:    71.9246940612793
-
START:  CSX
END:    72.40678334236145
-
START:  CTAS
END:    72.78808307647705
-
START:  CTLT
END:    72.98106980323792
-
START:  CTRN
END:    73.30277180671692
-
START:  CURE
END:    73.55090427398682
-
START:  CVCO
END:    73.87865495681763
-
START:  CVNA
END:    74.04884123802185
-
START:  CWST
END:    74.37514996528625
-
START:  CWT
END:    74.78293776512146
-
START:  CXSE
END:    75.00363659858704
-
START:  CYBR
END:    76.22750997543335
-
START:  CYRX
END:    76.48877191543579
-
START:  CYTK
END:    76.81516861915588
-
START:  DAC
END:    77.1064202785492
-
START:  DAR
END:    77.43596172332764
-
START:  DAVA
END:    77.57869386672974
-
START:  DDS
END:    77.96094369888306
-
START:  DE
END:    78.35994911193848
-
START:  DECK
END:    78.68010950088501
-
START:  DELL
END:    79.87455677986145
-
START:  DFIN
END:    81.05151915550232
-
START:  DG
END:    81.27639770507812
-
START:  DGRW
END:    81.53291749954224
-
START:  DHI
END:    81.90296697616577
-
START:  DHR
END:    82.31755542755127
-
START:  DIA
END:    82.69157791137695
-
START:  DIOD
END:    82.99092316627502
-
START:  DIS
END:    83.39699101448059
-
START:  DKS
END:    83.71009087562561
-
START:  DLN
END:    85.05825734138489
-
START:  DNLI
END:    85.20993161201477
-
START:  DOMO
END:    85.32903337478638
-
START:  DOV
END:    85.78642392158508
-
START:  DPZ
END:    87.12785935401917
-
START:  DQ
END:    87.33442950248718
-
START:  DRD
END:    87.68042588233948
-
START:  DRIO
END:    87.8367440700531
-
START:  DRNA
Not Found: No data found, symbol may be delisted
START:  DSGX
END:    88.21339964866638
-
START:  DVAX
END:    88.50550413131714
-
START:  DXCM
END:    88.81581401824951
-
START:  ECL
END:    89.18579435348511
-
START:  EFX
END:    89.58283829689026
-
START:  EGAN
END:    89.91598629951477
-
START:  EHC
END:    90.2667715549469
-
START:  EL
END:    90.62309193611145
-
START:  ENPH
END:    90.82508683204651
-
START:  ENSG
END:    92.15075302124023
-
START:  ENTG
END:    92.50282096862793
-
START:  ENV
END:    92.72209334373474
-
START:  EPAM
END:    93.9455087184906
-
START:  ERIE
END:    94.34361386299133
-
START:  ES
END:    94.77551102638245
-
START:  ESE
END:    95.19267272949219
-
START:  ETN
END:    95.62683343887329
-
START:  ETSY
END:    95.90496850013733
-
START:  EVBG
END:    97.08305501937866
-
START:  EVTC
END:    97.28372311592102
-
START:  EW
END:    97.61270666122437
-
START:  EWT
END:    97.93679094314575
-
START:  EXAS
END:    99.30892753601074
-
START:  EXLS
END:    99.6316065788269
-
START:  EXPD
END:    101.12113785743713
-
START:  EXPI
END:    101.27231168746948
-
START:  EXPO
END:    101.69771671295166
-
START:  FAST
END:    102.1008369922638
-
START:  FATE
END:    102.30664086341858
-
START:  FB
Not Found: No data found, symbol may be delisted
START:  FCN
END:    102.68220233917236
-
START:  FCX
END:    103.05300951004028
-
START:  FDN
END:    103.31936383247375
-
START:  FDS
END:    103.71267676353455
-
START:  FELE
END:    104.11824059486389
-
START:  FFIN
END:    104.55542755126953
-
START:  FICO
END:    104.97353219985962
-
START:  FINX
END:    106.16113018989563
-
START:  FIS
END:    106.53808093070984
-
START:  FISV
END:    106.91988039016724
-
START:  FIVE
END:    107.14170908927917
-
START:  FIVN
END:    108.36614775657654
-
START:  FLGT
END:    108.51795768737793
-
START:  FLT
END:    108.76650929450989
-
START:  FLWS
END:    110.12410378456116
-
START:  FN
END:    110.37700080871582
-
START:  FND
END:    110.51841378211975
-
START:  FNV
END:    110.83549785614014
-
START:  FORM
END:    111.16962504386902
-
START:  FOXF
END:    111.37975907325745
-
START:  FPX
END:    111.71640920639038
-
START:  FRC
END:    111.97473168373108
-
START:  FRHC
END:    113.13319540023804
-
START:  FRPT
END:    113.34032011032104
-
START:  FSS
END:    113.75407934188843
-
START:  FTNT
END:    114.02106094360352
-
START:  FUV
END:    114.16312646865845
-
START:  GDEN
END:    115.54636406898499
-
START:  GFI
END:    115.97011113166809
-
START:  GGG
END:    116.34259510040283
-
START:  GIB
END:    117.7083797454834
-
START:  GLDD
END:    118.00628209114075
-
START:  GLOB
END:    118.23287081718445
-
START:  GMAB
END:    118.46929454803467
-
START:  GME
END:    118.85115003585815
-
START:  GMED
END:    119.07621264457703
-
START:  GNRC
END:    120.35537219047546
-
START:  GNSS
END:    120.69930100440979
-
START:  GNTX
END:    121.03598165512085
-
START:  GOLF
END:    121.20024561882019
-
START:  GOOG
END:    122.5421073436737
-
START:  GOOGL
END:    122.87696266174316
-
START:  GPI
END:    123.29140090942383
-
START:  GPN
END:    123.78159046173096
-
START:  GRBK
END:    124.04289841651917
-
START:  GRMN
END:    125.42937636375427
-
START:  GRVY
END:    125.73768949508667
-
START:  GRWG
END:    125.88649582862854
-
START:  GWRE
END:    126.13475322723389
-
START:  HACK
END:    127.3822021484375
-
START:  HALO
END:    127.7304298877716
-
START:  HCI
END:    128.01112031936646
-
START:  HD
END:    128.40111327171326
-
START:  HEI
END:    128.87786412239075
-
START:  HELE
END:    129.21838426589966
-
START:  HIBB
END:    129.6212441921234
-
START:  HLI
END:    129.80899477005005
-
START:  HLT
END:    131.03000259399414
-
START:  HOLX
END:    131.34840035438538
-
START:  HON
END:    131.85250091552734
-
START:  HOV
END:    132.1532018184662
-
START:  HRC
Not Found: No data found, symbol may be delisted
START:  HRI
END:    132.5214695930481
-
START:  HSKA
END:    132.8249044418335
-
START:  HTHT
END:    133.08292198181152
-
START:  HUBS
END:    133.28704595565796
-
START:  HUM
END:    134.71904826164246
-
START:  HZNP
END:    135.00104904174805
-
START:  IAC
END:    135.3711724281311
-
START:  IBP
END:    135.58901047706604
-
START:  ICE
END:    135.9361128807068
-
START:  ICLN
END:    136.21808290481567
-
START:  ICLR
END:    136.5768711566925
-
START:  IDT
END:    136.94180989265442
-
START:  IDXX
END:    137.23620080947876
-
START:  IESC
END:    137.5903434753418
-
START:  IEX
END:    137.98390769958496
-
START:  ILMN
END:    138.34364104270935
-
START:  INFO
Not Found: No data found, symbol may be delisted
START:  INOV
Not Found: No data found, symbol may be delisted
START:  INSP
END:    138.60379934310913
-
START:  INTC
END:    140.03009915351868
-
START:  INTU
END:    140.37388730049133
-
START:  INTZ
END:    141.70038270950317
-
START:  INVE
END:    141.98803114891052
-
START:  IOO
END:    142.35144662857056
-
START:  IQV
END:    142.54674339294434
-
START:  IRDM
END:    142.815279006958
-
START:  IRMD
END:    143.08189630508423
-
START:  ISEE
END:    143.29179906845093
-
START:  ISRG
END:    143.6296546459198
-
START:  IT
END:    144.9855558872223
-
START:  ITT
END:    145.377023935318
-
START:  ITW
END:    145.7819848060608
-
START:  IVOG
END:    147.04697918891907
-
START:  IVV
END:    147.425518989563
-
START:  IXJ
END:    147.78867292404175
-
START:  IXN
END:    148.1379792690277
-
START:  J
END:    148.47160458564758
-
START:  JBL
END:    148.81897640228271
-
START:  JBSS
END:    150.18906831741333
-
START:  JD
END:    150.392719745636
-
START:  JKHY
END:    150.81196975708008
-
START:  JKS
END:    151.050151348114
-
START:  JNJ
END:    152.50695729255676
-
START:  JOE
END:    152.8803949356079
-
START:  JOUT
END:    153.25755405426025
-
START:  JYNT
END:    153.44660472869873
-
START:  KAI
END:    153.8853051662445
-
START:  KBH
END:    154.28588843345642
-
START:  KBR
END:    154.6556487083435
-
START:  KDMN
Not Found: No data found, symbol may be delisted
START:  KEYS
END:    154.94321727752686
-
START:  KLAC
END:    155.27274298667908
-
START:  KLIC
END:    155.63426804542542
-
START:  KMX
END:    155.9415261745453
-
START:  KNSL
END:    157.1311275959015
-
START:  KOPN
END:    157.47217893600464
-
START:  KOSS
END:    157.84040927886963
-
START:  KRNT
END:    158.07782626152039
-
START:  KSU
Not Found: No data found, symbol may be delisted
START:  KTOS
END:    159.47614097595215
-
START:  LAC
END:    159.77165246009827
-
START:  LAD
END:    160.09927606582642
-
START:  LANC
END:    160.4987132549286
-
START:  LAWS
Not Found: No data found, symbol may be delisted
START:  LDOS
END:    161.88584518432617
-
START:  LFMD
END:    162.16860699653625
-
START:  LGIH
END:    162.3337550163269
-
START:  LH
END:    162.70879578590393
-
START:  LHCG
END:    163.0291883945465
-
START:  LHX
END:    164.47906804084778
-
START:  LII
END:    164.90064239501953
-
START:  LIN
END:    165.2815842628479
-
START:  LINC
END:    166.5712583065033
-
START:  LIT
END:    166.78057146072388
-
START:  LLY
END:    167.19514179229736
-
START:  LMT
END:    167.5540909767151
-
START:  LNT
END:    167.94032287597656
-
START:  LOB
END:    168.13497853279114
-
START:  LOGI
END:    168.4951732158661
-
START:  LOVE
END:    168.63074564933777
-
START:  LOW
END:    170.09360766410828
-
START:  LPLA
END:    171.35523796081543
-
START:  LPSN
END:    171.70981431007385
-
START:  LQDT
END:    171.99540495872498
-
START:  LRCX
END:    172.35690784454346
-
START:  LSCC
END:    173.78089714050293
-
START:  LSTR
END:    174.19801497459412
-
START:  LULU
END:    174.48794293403625
-
START:  LUNA
END:    174.77828168869019
-
START:  MA
END:    175.12352442741394
-
START:  MANH
END:    175.51425981521606
-
START:  MANT
END:    175.85037803649902
-
START:  MARA
END:    176.04722380638123
-
START:  MASI
END:    176.3497862815857
-
START:  MATX
END:    176.75930047035217
-
START:  MBUU
END:    176.95152950286865
-
START:  MCD
END:    178.3700611591339
-
START:  MCHP
END:    178.7281801700592
-
START:  MCO
END:    179.06461453437805
-
START:  MDB
END:    179.20283961296082
-
START:  MDT
END:    179.69897532463074
-
START:  MEDP
END:    179.86288976669312
-
START:  MEDS
END:    181.04931664466858
-
START:  MELI
END:    181.33119702339172
-
START:  MGC
END:    181.61745023727417
-
START:  MGIC
END:    183.0416190624237
-
START:  MGK
END:    183.3241105079651
-
START:  MGNI
END:    183.5026340484619
-
START:  MHO
END:    183.8589608669281
-
START:  MIME
Not Found: No data found, symbol may be delisted
START:  MITK
END:    184.2175703048706
-
START:  MKC
END:    184.61419796943665
-
START:  MKSI
END:    184.98732566833496
-
START:  MKTX
END:    185.2824649810791
-
START:  MLAB
END:    185.67287302017212
-
START:  MLR
END:    187.05484819412231
-
START:  MMC
END:    187.41968321800232
-
START:  MMS
END:    188.7915506362915
-
START:  MNMD
END:    188.92243146896362
-
START:  MNST
END:    189.31243324279785
-
START:  MODN
END:    189.54207038879395
-
START:  MODV
END:    189.822194814682
-
START:  MOH
END:    191.16019916534424
-
START:  MORN
END:    191.487651348114
-
START:  MPWR
END:    191.8112416267395
-
START:  MRTX
END:    192.0159683227539
-
START:  MRVL
END:    192.32736706733704
-
START:  MS
END:    192.71408915519714
-
START:  MSA
END:    193.06905698776245
-
START:  MSCI
END:    193.36663961410522
-
START:  MSEX
END:    193.77172708511353
-
START:  MSFT
END:    194.15289974212646
-
START:  MSI
END:    194.5911524295807
-
START:  MSTR
END:    194.90537762641907
-
START:  MTBC
END:    195.08358597755432
-
START:  MTCH
END:    195.43231058120728
-
START:  MTD
END:    195.76494789123535
-
START:  MTEX
END:    196.19804501533508
-
START:  MTH
END:    196.58835792541504
-
START:  MTLS
END:    196.7870213985443
-
START:  MTSI
END:    197.00707340240479
-
START:  MU
END:    197.4420461654663
-
START:  MUSA
END:    198.69043493270874
-
START:  MVIS
END:    198.98691868782043
-
START:  MXL
END:    199.25404930114746
-
START:  MYRG
END:    199.54004001617432
-
START:  NBIX
END:    199.8677897453308
-
START:  NCBS
Not Found: No data found, symbol may be delisted
START:  NDAQ
END:    200.28983402252197
-
START:  NDSN
END:    200.73973870277405
-
START:  NEE
END:    201.22028803825378
-
START:  NEO
END:    201.5235514640808
-
START:  NEOG
END:    201.8860445022583
-
START:  NFLX
END:    202.2073414325714
-
START:  NICE
END:    202.57668089866638
-
START:  NISN
END:    203.736634016037
-
START:  NKE
END:    204.18125700950623
-
START:  NOVT
END:    204.50628757476807
-
START:  NOW
END:    205.7240059375763
-
START:  NSC
END:    206.1292369365692
-
START:  NSIT
END:    206.43588137626648
-
START:  NSSC
END:    206.79340863227844
-
START:  NSTG
END:    206.99381923675537
-
START:  NTLA
END:    207.1516888141632
-
START:  NTRA
END:    207.31743502616882
-
START:  NUAN
END:    207.6493422985077
-
START:  NVCR
END:    207.8215446472168
-
START:  NVDA
END:    208.1378469467163
-
START:  NVMI
END:    208.47006368637085
-
START:  NVO
END:    208.90035820007324
-
START:  NVR
END:    209.30520844459534
-
START:  NXST
END:    209.64327120780945
-
START:  NYT
END:    210.03899240493774
-
START:  OBCI
Not Found: No data found, symbol may be delisted
START:  ODFL
END:    210.55323314666748
-
START:  OEF
END:    210.94790530204773
-
START:  OFLX
END:    211.28076362609863
-
START:  OLED
END:    211.603009223938
-
START:  OMCL
END:    212.0258011817932
-
START:  ON
END:    212.38368439674377
-
START:  OOMA
END:    212.56142497062683
-
START:  OPRX
END:    213.8049008846283
-
START:  ORA
END:    214.157470703125
-
START:  ORCL
END:    214.54012608528137
-
START:  ORLY
END:    215.92440342903137
-
START:  ORMP
END:    216.19552874565125
-
START:  OTEX
END:    216.54677271842957
-
START:  PACB
END:    216.7882833480835
-
START:  PAG
END:    217.15436625480652
-
START:  PANW
END:    217.37393164634705
-
START:  PAR
END:    217.7153558731079
-
START:  PAYC
END:    217.9047393798828
-
START:  PAYX
END:    218.32281398773193
-
START:  PBD
END:    219.62543368339539
-
START:  PCTY
END:    219.8487720489502
-
START:  PEGA
END:    221.2900972366333
-
START:  PEN
END:    221.47403287887573
-
START:  PENN
END:    221.85731649398804
-
START:  PEP
END:    222.21412658691406
-
START:  PERI
END:    222.48352670669556
-
START:  PFSI
END:    222.73446536064148
-
START:  PGR
END:    223.1235489845276
-
START:  PH
END:    223.5477056503296
-
START:  PHM
END:    223.9623122215271
-
START:  PKI
END:    224.37582063674927
-
START:  PLL
END:    224.5654993057251
-
START:  PLNT
END:    224.74754190444946
-
START:  PLUG
END:    225.12681603431702
-
START:  PLXS
END:    225.48006796836853
-
START:  PODD
END:    226.788996219635
-
START:  POOL
END:    227.14627051353455
-
START:  POWI
END:    227.53627038002014
-
START:  PRFT
END:    227.8914189338684
-
START:  PRI
END:    228.14990210533142
-
START:  PRTA
END:    228.37957859039307
-
START:  PRTS
END:    228.66094756126404
-
START:  PTSI
END:    229.00752091407776
-
START:  PWR
END:    229.35969924926758
-
START:  PYPL
END:    229.52009463310242
-
START:  QADA
Not Found: No data found, symbol may be delisted
START:  QCLN
END:    229.8994038105011
-
START:  QDEL
END:    230.26063752174377
-
START:  QGEN
END:    230.64765644073486
-
START:  QLYS
END:    230.86138606071472
-
START:  QQQ
END:    231.253253698349
-
START:  QRVO
END:    231.4331591129303
-
START:  QTWO
END:    231.63211488723755
-
START:  RADA
END:    231.94140243530273
-
START:  RAMP
END:    232.26870822906494
-
START:  RBA
END:    232.7180826663971
-
START:  RCII
END:    233.10304355621338
-
START:  RCKY
END:    233.47347283363342
-
START:  RDNT
END:    233.83222675323486
-
START:  RDVT
END:    234.9687786102295
-
START:  RDWR
END:    235.30014991760254
-
START:  REGI
END:    235.5225396156311
-
START:  RENN
END:    235.7784948348999
-
START:  RGEN
END:    236.1296787261963
-
START:  RH
END:    236.36139607429504
-
START:  RILY
END:    237.6824324131012
-
START:  RIOT
END:    237.85007500648499
-
START:  RLI
END:    238.31237149238586
-
START:  RLMD
END:    238.49924540519714
-
START:  RMD
END:    238.85207772254944
-
START:  RNG
END:    240.08738541603088
-
START:  ROBO
END:    240.28501343727112
-
START:  ROCK
END:    240.61120343208313
-
START:  ROK
END:    242.04215574264526
-
START:  ROKU
END:    243.24712419509888
-
START:  ROL
END:    243.81730937957764
-
START:  ROP
END:    244.2154724597931
-
START:  ROST
END:    244.60265040397644
-
START:  RPD
END:    245.8209707736969
-
START:  RPM
END:    247.29104018211365
-
START:  RSG
END:    247.6733043193817
-
START:  RTH
END:    249.08582949638367
-
START:  RUN
END:    250.2917983531952
-
START:  RXI
END:    250.5845136642456
-
START:  SAIA
END:    250.94890308380127
-
START:  SAIC
END:    251.21715641021729
-
START:  SAM
END:    251.63406991958618
-
START:  SAVA
END:    252.9849202632904
-
START:  SCI
END:    253.34329533576965
-
START:  SCL
END:    253.7608666419983
-
START:  SE
END:    253.88939237594604
-
START:  SEAS
END:    254.1097445487976
-
START:  SEDG
END:    254.30023574829102
-
START:  SFBS
END:    254.53126311302185
-
START:  SGEN
END:    254.87126994132996
-
START:  SGMS
Not Found: No data found, symbol may be delisted
START:  SGRY
END:    256.1258387565613
-
START:  SHOP
END:    256.3062858581543
-
START:  SHW
END:    256.7130880355835
-
START:  SHYF
END:    258.205393075943
-
START:  SITE
END:    258.37788915634155
-
START:  SIVB
END:    258.72798919677734
-
START:  SJW
END:    260.1434841156006
-
START:  SKY
END:    260.52274441719055
-
START:  SLAB
END:    260.84839034080505
-
START:  SLP
END:    261.16832542419434
-
START:  SMH
END:    261.500363111496
-
START:  SMTC
END:    261.8107445240021
-
START:  SNAP
END:    261.95843505859375
-
START:  SNPS
END:    262.31931591033936
-
START:  SOCL
END:    263.55879402160645
-
START:  SOXL
END:    263.84268522262573
-
START:  SPGI
END:    265.264466047287
-
START:  SPLG
END:    265.59118390083313
-
START:  SPLK
END:    265.77499985694885
-
START:  SPNS
END:    266.13680720329285
-
START:  SPSC
END:    267.42716789245605
-
START:  SPTM
END:    267.823335647583
-
START:  SPWH
END:    268.0036292076111
-
START:  SPWR
END:    269.33532547950745
-
START:  SPXC
END:    270.82167959213257
-
START:  SPXL
END:    271.10465908050537
-
START:  SPY
END:    271.4978070259094
-
START:  SPYG
END:    271.8886160850525
-
START:  SQ
END:    272.07844972610474
-
START:  SSD
END:    272.407338142395
-
START:  SSNC
END:    272.6544191837311
-
START:  SSTK
END:    272.8789849281311
-
START:  STAA
END:    273.228351354599
-
START:  STE
END:    274.6653575897217
-
START:  SUSA
END:    275.0382647514343
-
START:  SYK
END:    276.49273800849915
-
START:  SYNA
END:    277.8511071205139
-
START:  TBBK
END:    278.1826419830322
-
START:  TBK
END:    278.37311482429504
-
START:  TDG
END:    278.71748399734497
-
START:  TDOC
END:    278.95942306518555
-
START:  TDY
END:    279.31420063972473
-
START:  TEAM
END:    279.49049258232117
-
START:  TECH
END:    279.8846137523651
-
START:  TECL
END:    280.15269660949707
-
START:  TER
END:    280.52114820480347
-
START:  TFX
END:    280.9082338809967
-
START:  TGH
END:    281.28396344184875
-
START:  TGLS
END:    281.52220940589905
-
START:  TGT
END:    282.0190827846527
-
START:  TGTX
END:    282.24791431427
-
START:  THC
END:    282.63678002357483
-
START:  TJX
END:    283.07788729667664
-
START:  TMO
END:    283.47888135910034
-
START:  TMUS
END:    283.75587010383606
-
START:  TNDM
END:    284.9530234336853
-
START:  TNET
END:    285.1493022441864
-
START:  TPX
END:    285.5344521999359
-
START:  TREX
END:    285.9269289970398
-
START:  TRI
END:    286.30130887031555
-
START:  TRIL
Not Found: No data found, symbol may be delisted
START:  TRMB
END:    286.71152329444885
-
START:  TRNS
END:    287.07436537742615
-
START:  TROW
END:    287.47798442840576
-
START:  TRU
END:    287.66506576538086
-
START:  TRUP
END:    287.87521743774414
-
START:  TSCO
END:    288.27767276763916
-
START:  TSLA
END:    288.51982069015503
-
START:  TSM
END:    288.8978023529053
-
START:  TT
END:    289.3324158191681
-
START:  TTC
END:    289.72021079063416
-
START:  TTD
END:    289.90541648864746
-
START:  TTEC
END:    290.27043628692627
-
START:  TTEK
END:    290.62929487228394
-
START:  TTGT
END:    290.8695194721222
-
START:  TTWO
END:    291.22491693496704
-
START:  TWLO
END:    291.3594961166382
-
START:  TXN
END:    291.84876799583435
-
START:  TYL
END:    292.23119831085205
-
START:  UCTT
END:    292.605681180954
-
START:  UFPI
END:    293.05449080467224
-
START:  UFPT
END:    293.3989896774292
-
START:  UI
END:    293.6803481578827
-
START:  UMC
END:    294.07353138923645
-
START:  UNF
END:    294.5219337940216
-
START:  UNH
END:    294.9043462276459
-
START:  UNP
END:    295.33528876304626
-
START:  UPLD
END:    295.5410625934601
-
START:  URI
END:    296.92092871665955
-
START:  V
END:    297.25385880470276
-
START:  VALU
END:    297.6674463748932
-
START:  VBK
END:    298.04686427116394
-
START:  VCEL
END:    298.4183700084686
-
START:  VCR
END:    298.7866425514221
-
START:  VCTR
END:    298.93634557724
-
START:  VCYT
END:    299.1416132450104
-
START:  VDC
END:    299.45897793769836
-
START:  VEEV
END:    299.62624859809875
-
START:  VERU
END:    299.9328200817108
-
START:  VGT
END:    300.27863597869873
-
START:  VHT
END:    300.6174669265747
-
START:  VIAV
END:    300.9695725440979
-
START:  VICR
END:    302.3310635089874
-
START:  VIG
END:    302.64139461517334
-
START:  VO
END:    303.04458689689636
-
START:  VONE
END:    303.31026339530945
-
START:  VONG
END:    303.5727791786194
-
START:  VOO
END:    304.84797382354736
-
START:  VOOG
END:    305.1049304008484
-
START:  VOOV
END:    305.3724694252014
-
START:  VOT
END:    305.64621090888977
-
START:  VPU
END:    306.99885058403015
-
START:  VRNS
END:    307.17910075187683
-
START:  VRSK
END:    307.4286615848541
-
START:  VRSN
END:    307.79733753204346
-
START:  VRTV
END:    307.9994421005249
-
START:  VSTO
END:    311.1938326358795
-
START:  VTHR
END:    311.4540777206421
-
START:  VTI
END:    311.80574560165405
-
START:  VTNR
END:    312.11775398254395
-
START:  VTWG
END:    312.3469250202179
-
START:  VUG
END:    312.6790075302124
-
START:  VV
END:    312.99379444122314
-
START:  VXF
END:    314.3696503639221
-
START:  WCN
END:    314.72139024734497
-
START:  WD
END:    314.98217844963074
-
START:  WDAY
END:    315.215696811676
-
START:  WDFC
END:    315.6251652240753
-
START:  WEC
END:    315.97206115722656
-
START:  WEN
END:    316.3854820728302
-
START:  WINA
END:    316.74257040023804
-
START:  WING
END:    316.9464461803436
-
START:  WIRE
END:    318.3174638748169
-
START:  WIX
END:    318.52017760276794
-
START:  WK
END:    318.7119925022125
-
START:  WLTW
Not Found: No data found, symbol may be delisted
START:  WM
END:    319.16703271865845
-
START:  WMS
END:    319.38389110565186
-
START:  WNS
END:    319.65896368026733
-
START:  WRB
END:    320.0810821056366
-
START:  WSC
END:    320.24627566337585
-
START:  WSM
END:    320.68695545196533
-
START:  WST
END:    322.0617961883545
-
START:  WTRG
END:    322.47940397262573
-
START:  WTS
END:    322.8765208721161
-
START:  XEL
END:    323.32159972190857
-
START:  XENE
END:    323.50156235694885
-
START:  XLK
END:    323.8541045188904
-
START:  XLNX
Not Found: No data found, symbol may be delisted
START:  XLP
END:    325.33559465408325
-
START:  XLRN
Not Found: No data found, symbol may be delisted
START:  XLU
END:    325.76192450523376
-
START:  XLV
END:    326.17479133605957
-
START:  XLY
END:    326.5385420322418
-
START:  XYL
END:    326.774982213974
-
START:  YNDX
END:    327.0090720653534
-
START:  YORW
END:    327.3976323604584
-
START:  YUM
END:    327.8345444202423
-
START:  Z
END:    328.02071833610535
-
START:  ZBRA
END:    328.3463749885559
-
START:  ZEN
END:    328.54682970046997
-
START:  ZLAB
END:    329.71712160110474
-
START:  ZNGA
Not Found: No data found, symbol may be delisted
START:  ZS
END:    329.89025592803955
-
START:  ZTS
END:    330.13760685920715
-
START:  ZYXI
END:    330.4826557636261
-
===========================
MACD golden cross
===========================
START:  code
START:  A
START:  AAON
START:  AAPL
START:  ABG
START:  ABT
START:  ACLS
START:  ACMR
START:  ACN
START:  ADBE
START:  ADI
START:  ADP
START:  ADSK
START:  ADUS
START:  AEE
START:  AGYS
START:  AIZ
START:  AJG
START:  AJRD
START:  ALB
START:  ALG
START:  ALGN
START:  ALLE
START:  ALTR
START:  AMAT
START:  AMBA
START:  AMD
START:  AME
START:  AMED
START:  AMEH
START:  AMGN
START:  AMN
START:  AMP
START:  AMRC
START:  AMSWA
START:  AMTX
START:  AMZN
START:  AN
START:  ANSS
START:  ANTM
START:  AON
START:  AOSL
START:  APD
START:  APH
START:  APPF
START:  APPN
START:  APPS
START:  AQN
START:  ARCB
START:  ARCT
START:  ARES
START:  ARGX
START:  ARWR
START:  ASML
START:  ASPN
START:  ATEC
START:  ATEN
START:  ATKR
START:  ATOM
START:  ATR
START:  ATRC
START:  AUDC
START:  AUPH
START:  AVAV
START:  AVGO
START:  AVID
START:  AVNW
START:  AVXL
START:  AVY
START:  AWK
START:  AWR
START:  AXON
START:  AZO
START:  AZPN
START:  BAH
START:  BAM
START:  BAX
START:  BBH
START:  BBQ
START:  BBY
START:  BCPC
START:  BDX
START:  BEEM
START:  BFAM
START:  BFC
START:  BGFV
START:  BGNE
START:  BHVN
START:  BIO
START:  BL
START:  BLD
START:  BLDP
START:  BLDR
START:  BLFS
START:  BLK
START:  BLL
START:  BLNK
START:  BMI
START:  BOOT
START:  BOTZ
START:  BR
START:  BRKR
START:  BRKS
START:  BRO
START:  BURL
START:  BX
START:  CABO
START:  CACI
START:  CALX
START:  CAMT
START:  CAR
START:  CBRE
START:  CBSH
START:  CBZ
START:  CCOI
START:  CCS
START:  CDMO
START:  CDNA
START:  CDNS
START:  CDW
START:  CELH
START:  CGNX
START:  CHD
START:  CHDN
START:  CHE
START:  CHGG
START:  CHH
START:  CHKP
START:  CHTR
START:  CIEN
START:  CLAR
START:  CLFD
START:  CLGN
START:  CLNE
START:  CLPT
START:  CLX
START:  CMCSA
START:  CMG
START:  CMS
START:  CNC
START:  CNI
START:  CNMD
START:  CNS
START:  CNXN
START:  COO
START:  COST
START:  COUP
START:  COWN
START:  CP
START:  CPK
START:  CPRT
START:  CPSH
START:  CRAI
START:  CREE
START:  CRL
START:  CRM
START:  CRMT
START:  CROX
START:  CRSP
START:  CRVL
START:  CSGP
START:  CSL
START:  CSWI
START:  CSX
START:  CTAS
START:  CTLT
START:  CTRN
START:  CURE
START:  CVCO
START:  CVNA
START:  CWST
START:  CWT
START:  CXSE
START:  CYBR
START:  CYRX
START:  CYTK
START:  DAC
START:  DAR
START:  DAVA
START:  DDS
START:  DE
START:  DECK
START:  DELL
START:  DFIN
START:  DG
START:  DGRW
START:  DHI
START:  DHR
START:  DIA
START:  DIOD
START:  DIS
START:  DKS
START:  DLN
START:  DNLI
START:  DOMO
START:  DOV
START:  DPZ
START:  DQ
START:  DRD
START:  DRIO
START:  DRNA
START:  DSGX
START:  DVAX
START:  DXCM
START:  ECL
START:  EFX
START:  EGAN
START:  EHC
START:  EL
START:  ENPH
START:  ENSG
START:  ENTG
START:  ENV
START:  EPAM
START:  ERIE
START:  ES
START:  ESE
START:  ETN
START:  ETSY
START:  EVBG
START:  EVTC
START:  EW
START:  EWT
START:  EXAS
START:  EXLS
START:  EXPD
START:  EXPI
START:  EXPO
START:  FAST
START:  FATE
START:  FB
START:  FCN
START:  FCX
START:  FDN
START:  FDS
START:  FELE
START:  FFIN
START:  FICO
START:  FINX
START:  FIS
START:  FISV
START:  FIVE
START:  FIVN
START:  FLGT
START:  FLT
START:  FLWS
START:  FN
START:  FND
START:  FNV
START:  FORM
START:  FOXF
START:  FPX
START:  FRC
START:  FRHC
START:  FRPT
START:  FSS
START:  FTNT
START:  FUV
START:  GDEN
START:  GFI
START:  GGG
START:  GIB
START:  GLDD
START:  GLOB
START:  GMAB
START:  GME
START:  GMED
START:  GNRC
START:  GNSS
START:  GNTX
START:  GOLF
START:  GOOG
START:  GOOGL
START:  GPI
START:  GPN
START:  GRBK
START:  GRMN
START:  GRVY
START:  GRWG
START:  GWRE
START:  HACK
START:  HALO
START:  HCI
START:  HD
START:  HEI
START:  HELE
START:  HIBB
START:  HLI
START:  HLT
START:  HOLX
START:  HON
START:  HOV
START:  HRC
START:  HRI
START:  HSKA
START:  HTHT
START:  HUBS
START:  HUM
START:  HZNP
START:  IAC
START:  IBP
START:  ICE
START:  ICLN
START:  ICLR
START:  IDT
START:  IDXX
START:  IESC
START:  IEX
START:  ILMN
START:  INFO
START:  INOV
START:  INSP
START:  INTC
START:  INTU
START:  INTZ
START:  INVE
START:  IOO
START:  IQV
START:  IRDM
START:  IRMD
START:  ISEE
START:  ISRG
START:  IT
START:  ITT
START:  ITW
START:  IVOG
START:  IVV
START:  IXJ
START:  IXN
START:  J
START:  JBL
START:  JBSS
START:  JD
START:  JKHY
START:  JKS
START:  JNJ
START:  JOE
START:  JOUT
START:  JYNT
START:  KAI
START:  KBH
START:  KBR
START:  KDMN
START:  KEYS
START:  KLAC
START:  KLIC
START:  KMX
START:  KNSL
START:  KOPN
START:  KOSS
START:  KRNT
START:  KSU
START:  KTOS
START:  LAC
START:  LAD
START:  LANC
START:  LAWS
START:  LDOS
START:  LFMD
START:  LGIH
START:  LH
START:  LHCG
START:  LHX
START:  LII
START:  LIN
START:  LINC
START:  LIT
START:  LLY
START:  LMT
START:  LNT
START:  LOB
START:  LOGI
START:  LOVE
START:  LOW
START:  LPLA
START:  LPSN
START:  LQDT
START:  LRCX
START:  LSCC
START:  LSTR
START:  LULU
START:  LUNA
START:  MA
START:  MANH
START:  MANT
START:  MARA
START:  MASI
START:  MATX
START:  MBUU
START:  MCD
START:  MCHP
START:  MCO
START:  MDB
START:  MDT
START:  MEDP
START:  MEDS
START:  MELI
START:  MGC
START:  MGIC
START:  MGK
START:  MGNI
START:  MHO
START:  MIME
START:  MITK
START:  MKC
START:  MKSI
START:  MKTX
START:  MLAB
START:  MLR
START:  MMC
START:  MMS
START:  MNMD
START:  MNST
START:  MODN
START:  MODV
START:  MOH
START:  MORN
START:  MPWR
START:  MRTX
START:  MRVL
START:  MS
START:  MSA
START:  MSCI
START:  MSEX
START:  MSFT
START:  MSI
START:  MSTR
START:  MTBC
START:  MTCH
START:  MTD
START:  MTEX
START:  MTH
START:  MTLS
START:  MTSI
START:  MU
START:  MUSA
START:  MVIS
START:  MXL
START:  MYRG
START:  NBIX
START:  NCBS
START:  NDAQ
START:  NDSN
START:  NEE
START:  NEO
START:  NEOG
START:  NFLX
START:  NICE
START:  NISN
START:  NKE
START:  NOVT
START:  NOW
START:  NSC
START:  NSIT
START:  NSSC
START:  NSTG
START:  NTLA
START:  NTRA
START:  NUAN
START:  NVCR
START:  NVDA
START:  NVMI
START:  NVO
START:  NVR
START:  NXST
START:  NYT
START:  OBCI
START:  ODFL
START:  OEF
START:  OFLX
START:  OLED
START:  OMCL
START:  ON
START:  OOMA
START:  OPRX
START:  ORA
START:  ORCL
START:  ORLY
START:  ORMP
START:  OTEX
START:  PACB
START:  PAG
START:  PANW
START:  PAR
START:  PAYC
START:  PAYX
START:  PBD
START:  PCTY
START:  PEGA
START:  PEN
START:  PENN
START:  PEP
START:  PERI
START:  PFSI
START:  PGR
START:  PH
START:  PHM
START:  PKI
START:  PLL
START:  PLNT
START:  PLUG
START:  PLXS
START:  PODD
START:  POOL
START:  POWI
START:  PRFT
START:  PRI
START:  PRTA
START:  PRTS
START:  PTSI
START:  PWR
START:  PYPL
START:  QADA
START:  QCLN
START:  QDEL
START:  QGEN
START:  QLYS
START:  QQQ
START:  QRVO
START:  QTWO
START:  RADA
START:  RAMP
START:  RBA
START:  RCII
START:  RCKY
START:  RDNT
START:  RDVT
START:  RDWR
START:  REGI
START:  RENN
START:  RGEN
START:  RH
START:  RILY
START:  RIOT
START:  RLI
START:  RLMD
START:  RMD
START:  RNG
START:  ROBO
START:  ROCK
START:  ROK
START:  ROKU
START:  ROL
START:  ROP
START:  ROST
START:  RPD
START:  RPM
START:  RSG
START:  RTH
START:  RUN
START:  RXI
START:  SAIA
START:  SAIC
START:  SAM
START:  SAVA
START:  SCI
START:  SCL
START:  SE
START:  SEAS
START:  SEDG
START:  SFBS
START:  SGEN
START:  SGMS
START:  SGRY
START:  SHOP
START:  SHW
START:  SHYF
START:  SITE
START:  SIVB
START:  SJW
START:  SKY
START:  SLAB
START:  SLP
START:  SMH
START:  SMTC
START:  SNAP
START:  SNPS
START:  SOCL
START:  SOXL
START:  SPGI
START:  SPLG
START:  SPLK
START:  SPNS
START:  SPSC
START:  SPTM
START:  SPWH
START:  SPWR
START:  SPXC
START:  SPXL
START:  SPY
START:  SPYG
START:  SQ
START:  SSD
START:  SSNC
START:  SSTK
START:  STAA
START:  STE
START:  SUSA
START:  SYK
START:  SYNA
START:  TBBK
START:  TBK
START:  TDG
START:  TDOC
START:  TDY
START:  TEAM
START:  TECH
START:  TECL
START:  TER
START:  TFX
START:  TGH
START:  TGLS
START:  TGT
START:  TGTX
START:  THC
START:  TJX
START:  TMO
START:  TMUS
START:  TNDM
START:  TNET
START:  TPX
START:  TREX
START:  TRI
START:  TRIL
START:  TRMB
START:  TRNS
START:  TROW
START:  TRU
START:  TRUP
START:  TSCO
START:  TSLA
START:  TSM
START:  TT
START:  TTC
START:  TTD
START:  TTEC
START:  TTEK
START:  TTGT
START:  TTWO
START:  TWLO
START:  TXN
START:  TYL
START:  UCTT
START:  UFPI
START:  UFPT
START:  UI
START:  UMC
START:  UNF
START:  UNH
START:  UNP
START:  UPLD
START:  URI
START:  V
START:  VALU
START:  VBK
START:  VCEL
START:  VCR
START:  VCTR
START:  VCYT
START:  VDC
START:  VEEV
START:  VERU
START:  VGT
START:  VHT
START:  VIAV
START:  VICR
START:  VIG
START:  VO
START:  VONE
START:  VONG
START:  VOO
START:  VOOG
START:  VOOV
START:  VOT
START:  VPU
START:  VRNS
START:  VRSK
START:  VRSN
START:  VRTV
START:  VSTO
START:  VTHR
START:  VTI
START:  VTNR
START:  VTWG
START:  VUG
START:  VV
START:  VXF
START:  WCN
START:  WD
START:  WDAY
START:  WDFC
START:  WEC
START:  WEN
START:  WINA
START:  WING
START:  WIRE
START:  WIX
START:  WK
START:  WLTW
START:  WM
START:  WMS
START:  WNS
START:  WRB
START:  WSC
START:  WSM
START:  WST
START:  WTRG
START:  WTS
START:  XEL
START:  XENE
START:  XLK
START:  XLNX
START:  XLP
START:  XLRN
START:  XLU
START:  XLV
START:  XLY
START:  XYL
START:  YNDX
START:  YORW
START:  YUM
START:  Z
START:  ZBRA
START:  ZEN
START:  ZLAB
START:  ZNGA
START:  ZS
START:  ZTS
START:  ZYXI
==== MACD golden cross ====
None
code: AZO      day: macd + hist + hist_1pre + ,  Week: macd + hist + hist_1pre - , Month: macd + hist + hist_1pre + , 
Trade --> code: AZO    BUY: 2005-02-28   96.90 SELL: 2017-06-30  570.46  macd:   -2.90 macd_count: 148 profit:  5.89
Trade --> code: AZO    BUY: 2018-08-31  766.88 SELL: 2022-10-31 2263.72  macd:  222.02 macd_count:  51 profit:  2.95

code: CRAI     day: macd + hist + hist_1pre + ,  Week: macd + hist + hist_1pre - , Month: macd + hist - hist_1pre - , 
Trade --> code: CRAI   BUY: 2005-02-28   42.46 SELL: 2008-02-29   37.98  macd:   -0.52 macd_count:  36 profit:  0.89
Trade --> code: CRAI   BUY: 2014-04-30   21.77 SELL: 2015-12-31   18.65  macd:   -0.26 macd_count:  20 profit:  0.86
Trade --> code: CRAI   BUY: 2016-08-31   27.12 SELL: 2020-05-31   40.39  macd:   -0.23 macd_count:  45 profit:  1.49
Trade --> code: CRAI   BUY: 2021-01-31   53.21 SELL: 2022-10-31   92.08  macd:    7.25 macd_count:  22 profit:  1.73

code: DAR      day: macd + hist + hist_1pre + ,  Week: macd + hist + hist_1pre - , Month: macd + hist - hist_1pre - , 
Trade --> code: DAR    BUY: 2005-02-28    4.20 SELL: 2009-01-31    4.59  macd:   -0.08 macd_count:  47 profit:  1.09
Trade --> code: DAR    BUY: 2010-10-31   10.01 SELL: 2015-02-28   17.42  macd:   -0.03 macd_count:  52 profit:  1.74
Trade --> code: DAR    BUY: 2017-06-30   15.74 SELL: 2022-10-31   74.72  macd:    5.95 macd_count:  65 profit:  4.75

code: DE       day: macd + hist + hist_1pre + ,  Week: macd + hist + hist_1pre - , Month: macd + hist - hist_1pre - , 
Trade --> code: DE     BUY: 2005-02-28   35.56 SELL: 2008-11-30   34.81  macd:   -0.66 macd_count:  45 profit:  0.98
Trade --> code: DE     BUY: 2010-04-30   59.82 SELL: 2015-10-31   78.00  macd:   -0.53 macd_count:  66 profit:  1.30
Trade --> code: DE     BUY: 2016-11-30  100.20 SELL: 2022-10-31  360.34  macd:   22.39 macd_count:  72 profit:  3.60

code: DECK     day: macd + hist + hist_1pre + ,  Week: macd + hist + hist_1pre - , Month: macd + hist - hist_1pre - , 
Trade --> code: DECK   BUY: 2005-02-28   13.67 SELL: 2009-01-31   17.41  macd:   -0.06 macd_count:  47 profit:  1.27
Trade --> code: DECK   BUY: 2010-01-31   32.72 SELL: 2012-07-31   41.71  macd:   -1.90 macd_count:  30 profit:  1.27
Trade --> code: DECK   BUY: 2013-11-30   82.64 SELL: 2015-09-30   58.06  macd:   -1.09 macd_count:  22 profit:  0.70
Trade --> code: DECK   BUY: 2017-09-30   68.41 SELL: 2022-10-31  337.23  macd:   12.08 macd_count:  62 profit:  4.93

code: FSS      day: macd + hist + hist_1pre + ,  Week: macd + hist + hist_1pre - , Month: macd + hist - hist_1pre - , 
Trade --> code: FSS    BUY: 2006-03-31   18.50 SELL: 2006-06-30   15.14  macd:   -0.09 macd_count:   3 profit:  0.82
Trade --> code: FSS    BUY: 2013-01-31    8.04 SELL: 2016-07-31   13.15  macd:   -0.01 macd_count:  42 profit:  1.64
Trade --> code: FSS    BUY: 2016-11-30   15.80 SELL: 2022-10-31   42.28  macd:    1.41 macd_count:  72 profit:  2.68

code: HUM      day: macd + hist + hist_1pre + ,  Week: macd + hist + hist_1pre - , Month: macd + hist + hist_1pre + , 
Trade --> code: HUM    BUY: 2005-02-28   33.27 SELL: 2008-07-31   43.91  macd:   -0.99 macd_count:  41 profit:  1.32
Trade --> code: HUM    BUY: 2010-05-31   46.05 SELL: 2022-10-31  503.32  macd:   26.03 macd_count: 150 profit: 10.93

code: KNSL     day: macd + hist + hist_1pre + ,  Week: macd + hist + hist_1pre - , Month: macd + hist + hist_1pre + , 
Trade --> code: KNSL   BUY: 2018-11-30   62.21 SELL: 2022-10-31  272.79  macd:   24.72 macd_count:  48 profit:  4.38

code: NUAN     day: macd + hist + hist_1pre + ,  Week: macd + hist + hist_1pre - , Month: macd + hist - hist_1pre - , 
Trade --> code: NUAN   BUY: 2005-11-30    5.38 SELL: 2008-11-30    7.94  macd:   -0.14 macd_count:  36 profit:  1.48
Trade --> code: NUAN   BUY: 2009-12-31   13.44 SELL: 2013-05-31   16.44  macd:   -0.10 macd_count:  41 profit:  1.22
Trade --> code: NUAN   BUY: 2015-11-30   18.11 SELL: 2016-07-31   13.90  macd:   -0.05 macd_count:   8 profit:  0.77
Trade --> code: NUAN   BUY: 2017-05-31   16.01 SELL: 2017-09-30   13.60  macd:   -0.04 macd_count:   4 profit:  0.85
Trade --> code: NUAN   BUY: 2019-04-30   14.56 SELL: 2022-03-31   55.99  macd:    7.14 macd_count:  36 profit:  3.85

code: ORLY     day: macd + hist + hist_1pre + ,  Week: macd + hist + hist_1pre - , Month: macd + hist + hist_1pre - , 
Trade --> code: ORLY   BUY: 2005-02-28   25.45 SELL: 2008-03-31   28.52  macd:   -0.04 macd_count:  37 profit:  1.12
Trade --> code: ORLY   BUY: 2009-03-31   35.01 SELL: 2017-08-31  196.13  macd:   -1.41 macd_count: 101 profit:  5.60
Trade --> code: ORLY   BUY: 2018-03-31  247.38 SELL: 2022-10-31  733.46  macd:   56.02 macd_count:  56 profit:  2.96

code: PTSI     day: macd + hist + hist_1pre + ,  Week: macd + hist + hist_1pre - , Month: macd + hist - hist_1pre - , 
Trade --> code: PTSI   BUY: 2006-03-31    6.16 SELL: 2007-06-30    4.57  macd:   -0.06 macd_count:  15 profit:  0.74
Trade --> code: PTSI   BUY: 2010-04-30    3.96 SELL: 2011-06-30    2.47  macd:   -0.03 macd_count:  14 profit:  0.62
Trade --> code: PTSI   BUY: 2013-07-31    2.99 SELL: 2016-03-31    7.70  macd:   -0.02 macd_count:  32 profit:  2.57
Trade --> code: PTSI   BUY: 2017-12-31    8.61 SELL: 2020-05-31    8.73  macd:   -0.18 macd_count:  29 profit:  1.01
Trade --> code: PTSI   BUY: 2021-02-28   14.50 SELL: 2022-10-31   32.47  macd:    4.13 macd_count:  21 profit:  2.24

code: ROL      day: macd + hist + hist_1pre + ,  Week: macd + hist + hist_1pre - , Month: macd + hist - hist_1pre - , 
Trade --> code: ROL    BUY: 2005-02-28    2.24 SELL: 2022-10-31   36.51  macd:    0.93 macd_count: 213 profit: 16.30

code: TJX      day: macd + hist + hist_1pre + ,  Week: macd + hist + hist_1pre - , Month: macd + hist - hist_1pre - , 
Trade --> code: TJX    BUY: 2005-02-28    6.11 SELL: 2008-12-31    5.14  macd:   -0.06 macd_count:  46 profit:  0.84
Trade --> code: TJX    BUY: 2009-07-31    9.06 SELL: 2022-10-31   64.04  macd:    0.38 macd_count: 160 profit:  7.07

code: WINA     day: macd + hist + hist_1pre + ,  Week: macd + hist + hist_1pre - , Month: macd + hist - hist_1pre - , 
Trade --> code: WINA   BUY: 2005-02-28   22.13 SELL: 2007-02-28   17.54  macd:   -0.27 macd_count:  24 profit:  0.79
Trade --> code: WINA   BUY: 2009-10-31   21.13 SELL: 2022-10-31  221.39  macd:    7.56 macd_count: 157 profit: 10.48

code: WIRE     day: macd + hist + hist_1pre + ,  Week: macd + hist + hist_1pre - , Month: macd + hist - hist_1pre - , 
Trade --> code: WIRE   BUY: 2005-02-28   11.98 SELL: 2007-11-30   17.10  macd:   -0.09 macd_count:  33 profit:  1.43
Trade --> code: WIRE   BUY: 2010-12-31   25.08 SELL: 2015-02-28   37.29  macd:   -0.00 macd_count:  50 profit:  1.49
Trade --> code: WIRE   BUY: 2015-04-30   45.01 SELL: 2015-08-31   32.47  macd:   -0.35 macd_count:   4 profit:  0.72
Trade --> code: WIRE   BUY: 2015-11-30   43.67 SELL: 2015-12-31   37.09  macd:   -0.15 macd_count:   1 profit:  0.85
Trade --> code: WIRE   BUY: 2016-12-31   43.35 SELL: 2020-04-30   45.78  macd:   -0.02 macd_count:  40 profit:  1.06
Trade --> code: WIRE   BUY: 2020-12-31   60.57 SELL: 2022-10-31  131.17  macd:   14.06 macd_count:  23 profit:  2.17

code: WRB      day: macd + hist + hist_1pre + ,  Week: macd + hist + hist_1pre - , Month: macd + hist + hist_1pre + , 
Trade --> code: WRB    BUY: 2005-02-28   10.15 SELL: 2008-02-29   12.80  macd:   -0.01 macd_count:  36 profit:  1.26
Trade --> code: WRB    BUY: 2010-08-31   11.71 SELL: 2022-10-31   68.24  macd:    5.36 macd_count: 147 profit:  5.83

