Fri Oct 28 14:18:31 UTC 2022
arg[0]: scraping/yahoo-finace-api2.py, arg[1]: stock-code-list/buy-list.txt
===========================
scraping
===========================
START:  AAPL
END:    0.7250239849090576
-
START:  EL
END:    1.3880424499511719
-
START:  NEE
END:    2.087815761566162
-
START:  AMD
END:    2.6695141792297363
-
START:  APH
END:    3.3844735622406006
-
START:  XLP
END:    4.087007522583008
-
START:  SPXL
END:    4.659251928329468
-
START:  KEYS
END:    5.1207427978515625
-
START:  VDC
END:    5.824854850769043
-
START:  SPTM
END:    6.553455352783203
-
START:  SPLG
END:    7.2340569496154785
-
START:  CROX
END:    7.883034944534302
-
START:  AXON
END:    8.589080333709717
-
START:  AWR
END:    9.206608295440674
-
START:  FN
END:    9.89160704612732
-
START:  NXST
END:    10.68925929069519
-
START:  TREX
END:    11.233952045440674
-
START:  RGEN
END:    11.905820846557617
-
START:  EXPO
END:    12.61256718635559
-
START:  BCPC
END:    13.366483688354492
-
START:  SOXL
END:    14.120439767837524
-
START:  TECL
END:    14.854761123657227
-
START:  NEO
END:    15.49486255645752
-
START:  NVMI
END:    16.22886610031128
-
START:  NVDA
END:    16.814807653427124
-
START:  BBDC
END:    17.487056493759155
-
START:  APPS
END:    18.047422170639038
-
START:  ROK
END:    18.85288953781128
-
START:  NHTC
END:    19.687674522399902
-
START:  ZYXI
END:    20.244205474853516
-
START:  LIT
END:    20.672626733779907
-
START:  LLY
END:    21.43301224708557
-
START:  GTLB
END:    21.681968927383423
-
START:  MCD
END:    22.322689533233643
-
START:  MSI
END:    23.23255753517151
-
START:  HCP
END:    23.54164981842041
-
START:  ON
END:    24.279222011566162
-
===========================
MACD sell
===========================
START:  AAPL
START:  EL
START:  NEE
START:  AMD
START:  APH
START:  XLP
START:  SPXL
START:  KEYS
START:  VDC
START:  SPTM
START:  SPLG
START:  CROX
START:  AXON
START:  AWR
START:  FN
START:  NXST
START:  TREX
START:  RGEN
START:  EXPO
START:  BCPC
START:  SOXL
START:  TECL
START:  NEO
START:  NVMI
START:  NVDA
START:  BBDC
START:  APPS
START:  ROK
START:  NHTC
START:  ZYXI
START:  LIT
START:  LLY
START:  GTLB
START:  MCD
START:  MSI
START:  HCP
START:  ON
==== MACD list ====
code: AAPL     day: macd - hist + ,  Week: macd - hist + , Month: macd + hist - , 
code: EL       day: macd - hist + ,  Week: macd - hist - , Month: macd - hist - , 
code: NEE      day: macd - hist + ,  Week: macd - hist - , Month: macd + hist - , 
code: AMD      day: macd - hist + ,  Week: macd - hist - , Month: macd - hist - , 
code: APH      day: macd + hist + ,  Week: macd - hist + , Month: macd + hist - , 
code: XLP      day: macd + hist + ,  Week: macd - hist + , Month: macd + hist - , 
code: SPXL     day: macd - hist + ,  Week: macd - hist + , Month: macd - hist - , 
code: KEYS     day: macd + hist + ,  Week: macd + hist + , Month: macd + hist - , 
code: VDC      day: macd + hist + ,  Week: macd - hist + , Month: macd + hist - , 
code: SPTM     day: macd + hist + ,  Week: macd - hist + , Month: macd + hist - , 
code: SPLG     day: macd + hist + ,  Week: macd - hist + , Month: macd + hist - , 
code: CROX     day: macd - hist - ,  Week: macd + hist - , Month: macd - hist - , 
code: AXON     day: macd + hist + ,  Week: macd + hist + , Month: macd + hist - , 
code: AWR      day: macd + hist + ,  Week: macd - hist + , Month: macd + hist - , 
code: FN       day: macd + hist + ,  Week: macd + hist + , Month: macd + hist - , 
code: NXST     day: macd + hist + ,  Week: macd + hist - , Month: macd + hist - , 
code: TREX     day: macd - hist + ,  Week: macd - hist + , Month: macd - hist - , 
code: RGEN     day: macd - hist - ,  Week: macd - hist - , Month: macd + hist - , 
code: EXPO     day: macd + hist + ,  Week: macd - hist + , Month: macd + hist - , 
code: BCPC     day: macd + hist + ,  Week: macd - hist + , Month: macd + hist - , 
code: SOXL     day: macd - hist + ,  Week: macd - hist + , Month: macd - hist - , 
code: TECL     day: macd - hist + ,  Week: macd - hist + , Month: macd - hist - , 
code: NEO      day: macd - hist + ,  Week: macd - hist - , Month: macd - hist - , 
code: NVMI     day: macd - hist + ,  Week: macd - hist - , Month: macd + hist - , 
code: NVDA     day: macd - hist + ,  Week: macd - hist + , Month: macd + hist - , 
code: BBDC     day: macd - hist + ,  Week: macd - hist - , Month: macd - hist - , 
code: APPS     day: macd - hist + ,  Week: macd - hist + , Month: macd - hist - , 
code: ROK      day: macd + hist + ,  Week: macd - hist + , Month: macd - hist - , 
code: NHTC     day: macd - hist + ,  Week: macd - hist - , Month: macd - hist - , 
code: ZYXI     day: macd + hist + ,  Week: macd + hist + , Month: macd - hist + , 
code: LIT      day: macd - hist + ,  Week: macd - hist - , Month: macd + hist - , 
code: LLY      day: macd + hist + ,  Week: macd + hist + , Month: macd + hist + , 
code: GTLB     day: macd - hist + ,  Week: macd - hist - , Month: macd + hist + , 
code: MCD      day: macd + hist + ,  Week: macd + hist + , Month: macd + hist - , 
code: MSI      day: macd + hist + ,  Week: macd + hist - , Month: macd + hist - , 
code: HCP      day: macd - hist + ,  Week: macd - hist + , Month: macd + hist + , 
code: ON       day: macd - hist + ,  Week: macd + hist - , Month: macd + hist - , 
==== MACD sell list ====
code: AAPL     day: macd - hist + ,  Week: macd - hist + , Month: macd + hist - , 
code: EL       day: macd - hist + ,  Week: macd - hist - , 
code: EL       day: macd - hist + ,  Week: macd - hist - , Month: macd - hist - , 
code: NEE      day: macd - hist + ,  Week: macd - hist - , 
code: NEE      day: macd - hist + ,  Week: macd - hist - , Month: macd + hist - , 
code: AMD      day: macd - hist + ,  Week: macd - hist - , 
code: AMD      day: macd - hist + ,  Week: macd - hist - , Month: macd - hist - , 
code: APH      day: macd + hist + ,  Week: macd - hist + , Month: macd + hist - , 
code: XLP      day: macd + hist + ,  Week: macd - hist + , Month: macd + hist - , 
code: SPXL     day: macd - hist + ,  Week: macd - hist + , Month: macd - hist - , 
code: KEYS     day: macd + hist + ,  Week: macd + hist + , Month: macd + hist - , 
code: VDC      day: macd + hist + ,  Week: macd - hist + , Month: macd + hist - , 
code: SPTM     day: macd + hist + ,  Week: macd - hist + , Month: macd + hist - , 
code: SPLG     day: macd + hist + ,  Week: macd - hist + , Month: macd + hist - , 
code: CROX     day: macd - hist - , 
code: CROX     day: macd - hist - ,  Week: macd + hist - , 
code: CROX     day: macd - hist - ,  Week: macd + hist - , Month: macd - hist - , 
code: AXON     day: macd + hist + ,  Week: macd + hist + , Month: macd + hist - , 
code: AWR      day: macd + hist + ,  Week: macd - hist + , Month: macd + hist - , 
code: FN       day: macd + hist + ,  Week: macd + hist + , Month: macd + hist - , 
code: NXST     day: macd + hist + ,  Week: macd + hist - , 
code: NXST     day: macd + hist + ,  Week: macd + hist - , Month: macd + hist - , 
code: TREX     day: macd - hist + ,  Week: macd - hist + , Month: macd - hist - , 
code: RGEN     day: macd - hist - , 
code: RGEN     day: macd - hist - ,  Week: macd - hist - , 
code: RGEN     day: macd - hist - ,  Week: macd - hist - , Month: macd + hist - , 
code: EXPO     day: macd + hist + ,  Week: macd - hist + , Month: macd + hist - , 
code: BCPC     day: macd + hist + ,  Week: macd - hist + , Month: macd + hist - , 
code: SOXL     day: macd - hist + ,  Week: macd - hist + , Month: macd - hist - , 
code: TECL     day: macd - hist + ,  Week: macd - hist + , Month: macd - hist - , 
code: NEO      day: macd - hist + ,  Week: macd - hist - , 
code: NEO      day: macd - hist + ,  Week: macd - hist - , Month: macd - hist - , 
code: NVMI     day: macd - hist + ,  Week: macd - hist - , 
code: NVMI     day: macd - hist + ,  Week: macd - hist - , Month: macd + hist - , 
code: NVDA     day: macd - hist + ,  Week: macd - hist + , Month: macd + hist - , 
code: BBDC     day: macd - hist + ,  Week: macd - hist - , 
code: BBDC     day: macd - hist + ,  Week: macd - hist - , Month: macd - hist - , 
code: APPS     day: macd - hist + ,  Week: macd - hist + , Month: macd - hist - , 
code: ROK      day: macd + hist + ,  Week: macd - hist + , Month: macd - hist - , 
code: NHTC     day: macd - hist + ,  Week: macd - hist - , 
code: NHTC     day: macd - hist + ,  Week: macd - hist - , Month: macd - hist - , 
code: LIT      day: macd - hist + ,  Week: macd - hist - , 
code: LIT      day: macd - hist + ,  Week: macd - hist - , Month: macd + hist - , 
code: GTLB     day: macd - hist + ,  Week: macd - hist - , 
code: MCD      day: macd + hist + ,  Week: macd + hist + , Month: macd + hist - , 
code: MSI      day: macd + hist + ,  Week: macd + hist - , 
code: MSI      day: macd + hist + ,  Week: macd + hist - , Month: macd + hist - , 
code: ON       day: macd - hist + ,  Week: macd + hist - , 
code: ON       day: macd - hist + ,  Week: macd + hist - , Month: macd + hist - , 
===========================
profit
===========================
==== plus ====
XLP  , macd +, macd hist +, profit:   [0.04], per:   [0.06], now:  [72.62], buy:  [72.58]
AXON , macd +, macd hist +, profit:   [1.17], per:   [0.85], now: [139.32], buy: [138.15]
NXST , macd +, macd hist +, profit:  [15.54], per:   [9.56], now: [178.04], buy:  [162.5]
RGEN , macd -, macd hist -, profit:   [0.13], per:   [0.08], now: [179.79], buy: [179.66]
ZYXI , macd +, macd hist +, profit:   [3.81], per:  [59.84], now:  [10.17], buy:   [6.36]
LLY  , macd +, macd hist +, profit:  [88.56], per:  [32.68], now: [359.56], buy:   [271.]
MCD  , macd +, macd hist +, profit:  [18.87], per:   [7.44], now: [272.33], buy: [253.46]
ON   , macd -, macd hist +, profit:   [4.17], per:   [6.97], now:  [64.03], buy:  [59.86]
-
     plus  len:  8
     profit:  [132.3], per: [117.48], per/len(p):  [14.69], per/len(p+m):   [3.18]
-
==== minus ====
AAPL , macd -, macd hist +, profit:       [], per:       [], now: [153.15], buy:       []
EL   , macd -, macd hist +, profit: [-135.38], per: [-39.85], now: [204.37], buy: [339.75]
NEE  , macd -, macd hist +, profit:   [-7.6], per:  [-8.91], now:  [77.73], buy:  [85.33]
AMD  , macd -, macd hist +, profit: [-60.16], per: [-50.04], now:  [60.07], buy: [120.23]
APH  , macd +, macd hist +, profit:       [], per:       [], now:  [74.77], buy:       []
SPXL , macd -, macd hist +, profit: [-65.82], per: [-50.54], now:  [64.41], buy: [130.23]
KEYS , macd +, macd hist +, profit: [-12.08], per:  [-6.49], now: [173.98], buy: [186.06]
VDC  , macd +, macd hist +, profit:  [-2.89], per:  [-1.53], now: [186.64], buy: [189.53]
SPTM , macd +, macd hist +, profit:  [-9.29], per: [-16.42], now:  [47.29], buy:  [56.58]
SPLG , macd +, macd hist +, profit:  [-8.99], per: [-16.65], now:    [45.], buy:  [53.99]
CROX , macd -, macd hist -, profit: [-107.91], per: [-60.82], now:  [69.51], buy: [177.42]
AWR  , macd +, macd hist +, profit:       [], per:       [], now:  [88.06], buy:       []
FN   , macd +, macd hist +, profit:  [-3.37], per:  [-2.88], now: [113.49], buy: [116.86]
TREX , macd -, macd hist +, profit: [-22.07], per: [-31.53], now:  [47.93], buy:    [70.]
EXPO , macd +, macd hist +, profit:  [-5.11], per:  [-5.05], now:    [96.], buy: [101.11]
BCPC , macd +, macd hist +, profit:  [-0.01], per:  [-0.01], now: [137.07], buy: [137.08]
SOXL , macd -, macd hist +, profit: [-33.32], per: [-79.17], now:   [8.77], buy:  [42.09]
TECL , macd -, macd hist +, profit: [-35.51], per: [-58.46], now:  [25.23], buy:  [60.74]
NEO  , macd -, macd hist +, profit: [-10.37], per:  [-58.1], now:   [7.47], buy:  [17.84]
NVMI , macd -, macd hist +, profit: [-41.01], per: [-35.77], now:  [73.64], buy: [114.65]
NVDA , macd -, macd hist +, profit: [-123.88], per: [-48.45], now: [131.79], buy: [255.67]
BBDC , macd -, macd hist +, profit:  [-1.73], per: [-16.27], now:   [8.88], buy:   [10.6]
APPS , macd -, macd hist +, profit: [-29.86], per: [-68.38], now:  [13.81], buy:  [43.67]
ROK  , macd +, macd hist +, profit: [-91.72], per: [-26.83], now: [250.17], buy: [341.89]
NHTC , macd -, macd hist +, profit:  [-3.77], per: [-52.58], now:    [3.4], buy:   [7.17]
LIT  , macd -, macd hist +, profit:  [-25.7], per: [-27.96], now:  [66.21], buy:  [91.91]
GTLB , macd -, macd hist +, profit:  [-4.61], per:  [-8.74], now:  [48.15], buy:  [52.76]
MSI  , macd +, macd hist +, profit:  [-6.89], per:  [-2.74], now: [244.52], buy: [251.41]
HCP  , macd -, macd hist +, profit: [-23.64], per: [-43.54], now:  [30.66], buy:   [54.3]
-
     minus len:  29
     profit:       [], per:       [], per/len(m):       [], per/len(p+m):       []
-
==== total ====
     profit:       [], per:       [], per/len(p+m):       []
arg[0]: scraping/yahoo-finace-api2.py, arg[1]: stock-code-list/up-month.txt
===========================
scraping
===========================
START:  A
END:    0.6668822765350342
-
START:  AAON
END:    1.3764352798461914
-
START:  AAPL
END:    2.0980818271636963
-
START:  ABG
END:    2.817781925201416
-
START:  ABT
END:    3.6197586059570312
-
START:  ACLS
END:    4.183615446090698
-
START:  ACMR
END:    4.523651838302612
-
START:  ACN
END:    5.132467746734619
-
START:  ADBE
END:    5.7254815101623535
-
START:  ADI
END:    6.593959093093872
-
START:  ADP
END:    7.2917866706848145
-
START:  ADSK
END:    8.155883073806763
-
START:  ADUS
END:    8.719042778015137
-
START:  AEE
END:    9.304376363754272
-
START:  AGYS
END:    10.026712656021118
-
START:  AIZ
END:    10.610074758529663
-
START:  AJG
END:    11.345314979553223
-
START:  AJRD
END:    12.179119110107422
-
START:  ALB
END:    12.756564617156982
-
START:  ALG
END:    13.452822923660278
-
START:  ALGN
END:    14.03481388092041
-
START:  ALLE
END:    14.509140014648438
-
START:  ALTR
END:    15.080130100250244
-
START:  AMAT
END:    15.649270296096802
-
START:  AMBA
END:    16.1568500995636
-
START:  AMD
END:    17.007014274597168
-
START:  AME
END:    17.855440616607666
-
START:  AMED
END:    18.39169716835022
-
START:  AMEH
END:    19.001484394073486
-
START:  AMGN
END:    19.744853258132935
-
START:  AMN
END:    20.25655245780945
-
START:  AMP
END:    20.931846618652344
-
START:  AMRC
END:    21.39731526374817
-
START:  AMSWA
END:    22.08233141899109
-
START:  AMTX
END:    22.630232334136963
-
START:  AMZN
END:    23.239147663116455
-
START:  AN
END:    24.07041621208191
-
START:  ANSS
END:    24.72471332550049
-
START:  ANTM
Not Found: No data found, symbol may be delisted
START:  AON
END:    25.857918739318848
-
START:  AOSL
END:    26.382041692733765
-
START:  APD
END:    27.083312273025513
-
START:  APH
END:    27.615168809890747
-
START:  APPF
END:    28.06140685081482
-
START:  APPN
END:    28.35576558113098
-
START:  APPS
END:    28.848419666290283
-
START:  AQN
END:    29.30839490890503
-
START:  ARCB
END:    29.937251091003418
-
START:  ARCT
END:    30.433440923690796
-
START:  ARES
END:    31.01503086090088
-
START:  ARGX
END:    31.348658800125122
-
START:  ARWR
END:    32.096065044403076
-
START:  ASML
END:    32.83639717102051
-
START:  ASPN
END:    33.24830770492554
-
START:  ATEC
END:    33.86127853393555
-
START:  ATEN
END:    34.33461833000183
-
START:  ATKR
END:    34.76833438873291
-
START:  ATOM
END:    35.19408202171326
-
START:  ATR
END:    35.968053340911865
-
START:  ATRC
END:    36.69290637969971
-
START:  AUDC
END:    37.32775855064392
-
START:  AUPH
END:    37.87538957595825
-
START:  AVAV
END:    38.39885234832764
-
START:  AVGO
END:    38.91371536254883
-
START:  AVID
END:    39.799861907958984
-
START:  AVNW
END:    40.560807943344116
-
START:  AVXL
END:    41.133862018585205
-
START:  AVY
END:    41.90807104110718
-
START:  AWK
END:    42.5091495513916
-
START:  AWR
END:    43.38314175605774
-
START:  AXON
END:    44.0675368309021
-
START:  AZO
END:    44.749497413635254
-
START:  AZPN
END:    45.368571758270264
-
START:  BAH
END:    46.009169578552246
-
START:  BAM
END:    46.75608801841736
-
START:  BAX
END:    47.569727420806885
-
START:  BBH
END:    48.13866448402405
-
START:  BBQ
END:    48.81363821029663
-
START:  BBY
END:    49.58770132064819
-
START:  BCPC
END:    50.24337124824524
-
START:  BDX
END:    51.180548429489136
-
START:  BEEM
END:    51.76339864730835
-
START:  BFAM
END:    52.42625951766968
-
START:  BFC
END:    53.14017367362976
-
START:  BGFV
END:    53.825239419937134
-
START:  BGNE
END:    54.193310499191284
-
START:  BHVN
END:    54.43059158325195
-
START:  BIO
END:    55.15526604652405
-
START:  BL
END:    55.472322940826416
-
START:  BLD
END:    55.86965537071228
-
START:  BLDP
END:    56.511138677597046
-
START:  BLDR
END:    57.14925217628479
-
START:  BLFS
END:    57.659048080444336
-
START:  BLK
END:    58.372037410736084
-
START:  BLL
Not Found: No data found, symbol may be delisted
START:  BLNK
END:    59.111138582229614
-
START:  BMI
END:    59.87082624435425
-
START:  BOOT
END:    60.382495641708374
-
START:  BOTZ
END:    60.75948977470398
-
START:  BR
END:    61.24096155166626
-
START:  BRKR
END:    62.06852388381958
-
START:  BRKS
Not Found: No data found, symbol may be delisted
START:  BRO
END:    63.01098012924194
-
START:  BURL
END:    63.589962005615234
-
START:  BX
END:    64.17374110221863
-
START:  CABO
END:    64.63500261306763
-
START:  CACI
END:    65.317209482193
-
START:  CALX
END:    65.84484553337097
-
START:  CAMT
END:    66.42659735679626
-
START:  CAR
END:    67.11904883384705
-
START:  CBRE
END:    67.6173734664917
-
START:  CBSH
END:    68.33507084846497
-
START:  CBZ
END:    68.92474961280823
-
START:  CCOI
END:    69.51814723014832
-
START:  CCS
END:    70.06505918502808
-
START:  CDMO
END:    70.6827495098114
-
START:  CDNA
END:    71.10239171981812
-
START:  CDNS
END:    71.87594866752625
-
START:  CDW
END:    72.26739430427551
-
START:  CELH
END:    72.72227954864502
-
START:  CGNX
END:    73.43990349769592
-
START:  CHD
END:    74.09539866447449
-
START:  CHDN
END:    74.76501679420471
-
START:  CHE
END:    75.48629021644592
-
START:  CHGG
END:    75.89500594139099
-
START:  CHH
END:    76.70879125595093
-
START:  CHKP
END:    77.51627826690674
-
START:  CHTR
END:    77.9932918548584
-
START:  CIEN
END:    78.58322668075562
-
START:  CLAR
END:    79.25191307067871
-
START:  CLFD
END:    79.88855695724487
-
START:  CLGN
END:    80.1650640964508
-
START:  CLNE
END:    80.7464611530304
-
START:  CLPT
END:    81.1762535572052
-
START:  CLX
END:    81.8120665550232
-
START:  CMCSA
END:    82.52266263961792
-
START:  CMG
END:    83.09426641464233
-
START:  CMS
END:    83.85717129707336
-
START:  CNC
END:    84.52786660194397
-
START:  CNI
END:    85.18898940086365
-
START:  CNMD
END:    86.23590230941772
-
START:  CNS
END:    86.82691478729248
-
START:  CNXN
END:    87.37977361679077
-
START:  COO
END:    88.07000875473022
-
START:  COST
END:    88.80134177207947
-
START:  COUP
END:    89.13573479652405
-
START:  COWN
END:    89.8325686454773
-
START:  CP
END:    90.50105309486389
-
START:  CPK
END:    91.34582924842834
-
START:  CPRT
END:    91.91007399559021
-
START:  CPSH
END:    92.52104258537292
-
START:  CRAI
END:    93.25767946243286
-
START:  CREE
Not Found: No data found, symbol may be delisted
START:  CRL
END:    94.10405111312866
-
START:  CRM
END:    94.68554282188416
-
START:  CRMT
END:    95.26032519340515
-
START:  CROX
END:    95.97309756278992
-
START:  CRSP
END:    96.4633560180664
-
START:  CRVL
END:    97.28442430496216
-
START:  CSGP
END:    97.95619034767151
-
START:  CSL
END:    98.73078656196594
-
START:  CSWI
END:    99.20351433753967
-
START:  CSX
END:    99.77681279182434
-
START:  CTAS
END:    104.7845184803009
-
START:  CTLT
END:    105.17518472671509
-
START:  CTRN
END:    105.77236652374268
-
START:  CURE
END:    106.24050498008728
-
START:  CVCO
END:    106.76719760894775
-
START:  CVNA
END:    107.09315228462219
-
START:  CWST
END:    107.72798347473145
-
START:  CWT
END:    108.33764362335205
-
START:  CXSE
END:    108.79840326309204
-
START:  CYBR
END:    109.1925106048584
-
START:  CYRX
END:    109.75366377830505
-
START:  CYTK
END:    110.49818873405457
-
START:  DAC
END:    111.02753067016602
-
START:  DAR
END:    111.5852358341217
-
START:  DAVA
END:    111.89658832550049
-
START:  DDS
END:    112.6117672920227
-
START:  DE
END:    113.51171255111694
-
START:  DECK
END:    114.05605292320251
-
START:  DELL
END:    114.58631944656372
-
START:  DFIN
END:    115.03421521186829
-
START:  DG
END:    115.47368693351746
-
START:  DGRW
END:    115.97439360618591
-
START:  DHI
END:    116.80402183532715
-
START:  DHR
END:    117.45828318595886
-
START:  DIA
END:    118.27723169326782
-
START:  DIOD
END:    118.81793642044067
-
START:  DIS
END:    119.42538404464722
-
START:  DKS
END:    120.27513027191162
-
START:  DLN
END:    120.91394591331482
-
START:  DNLI
END:    121.25079917907715
-
START:  DOMO
END:    121.70238256454468
-
START:  DOV
END:    122.49053144454956
-
START:  DPZ
END:    123.51723456382751
-
START:  DQ
END:    124.04879403114319
-
START:  DRD
END:    124.70639228820801
-
START:  DRIO
END:    125.05250096321106
-
START:  DRNA
Not Found: No data found, symbol may be delisted
START:  DSGX
END:    125.95871305465698
-
START:  DVAX
END:    126.50051879882812
-
START:  DXCM
END:    127.15424036979675
-
START:  ECL
END:    127.85479664802551
-
START:  EFX
END:    128.7554211616516
-
START:  EGAN
END:    129.43077206611633
-
START:  EHC
END:    130.27321529388428
-
START:  EL
END:    130.98505854606628
-
START:  ENPH
END:    131.40399837493896
-
START:  ENSG
END:    131.87037658691406
-
START:  ENTG
END:    132.46468710899353
-
START:  ENV
END:    132.90368676185608
-
START:  EPAM
END:    133.30551838874817
-
START:  ERIE
END:    133.98343205451965
-
START:  ES
END:    134.7201418876648
-
START:  ESE
END:    135.2916498184204
-
START:  ETN
END:    136.03012537956238
-
START:  ETSY
END:    136.48366165161133
-
START:  EVBG
END:    136.84454941749573
-
START:  EVTC
END:    137.48442792892456
-
START:  EW
END:    138.13512659072876
-
START:  EWT
END:    138.96072006225586
-
START:  EXAS
END:    139.66374731063843
-
START:  EXLS
END:    140.3261730670929
-
START:  EXPD
END:    140.93532729148865
-
START:  EXPI
END:    141.32541251182556
-
START:  EXPO
END:    141.94099044799805
-
START:  FAST
END:    142.62712407112122
-
START:  FATE
END:    143.1306881904602
-
START:  FB
Not Found: No data found, symbol may be delisted
START:  FCN
END:    143.89447855949402
-
START:  FCX
END:    144.43966054916382
-
START:  FDN
END:    145.00071954727173
-
START:  FDS
END:    145.54635381698608
-
START:  FELE
END:    146.15752387046814
-
START:  FFIN
END:    146.76876854896545
-
START:  FICO
END:    147.35353422164917
-
START:  FINX
END:    147.73005437850952
-
START:  FIS
END:    148.55908870697021
-
START:  FISV
END:    149.25879526138306
-
START:  FIVE
END:    149.65192890167236
-
START:  FIVN
END:    150.10740542411804
-
START:  FLGT
END:    150.43182063102722
-
START:  FLT
END:    150.88327050209045
-
START:  FLWS
END:    151.39654850959778
-
START:  FN
END:    151.91399502754211
-
START:  FND
END:    152.3274257183075
-
START:  FNV
END:    152.81865644454956
-
START:  FORM
END:    153.49712753295898
-
START:  FOXF
END:    153.98658967018127
-
START:  FPX
END:    154.79925394058228
-
START:  FRC
END:    155.24754786491394
-
START:  FRHC
END:    155.56329917907715
-
START:  FRPT
END:    155.98253774642944
-
START:  FSS
END:    156.8397512435913
-
START:  FTNT
END:    157.32332253456116
-
START:  FUV
END:    157.63682889938354
-
START:  GDEN
END:    158.21178269386292
-
START:  GFI
END:    159.05645060539246
-
START:  GGG
END:    159.8789894580841
-
START:  GIB
END:    160.50841093063354
-
START:  GLDD
END:    160.96378660202026
-
START:  GLOB
END:    161.37318396568298
-
START:  GMAB
END:    161.97515416145325
-
START:  GME
END:    162.6991102695465
-
START:  GMED
END:    163.14863324165344
-
START:  GNRC
END:    163.66654467582703
-
START:  GNSS
END:    164.24340200424194
-
START:  GNTX
END:    164.87786960601807
-
START:  GOLF
END:    165.41830849647522
-
START:  GOOG
END:    166.24342274665833
-
START:  GOOGL
END:    167.05015516281128
-
START:  GPI
END:    167.838623046875
-
START:  GPN
END:    168.3993308544159
-
START:  GRBK
END:    169.08957934379578
-
START:  GRMN
END:    169.6422142982483
-
START:  GRVY
END:    170.18129539489746
-
START:  GRWG
END:    170.55583500862122
-
START:  GWRE
END:    171.02048802375793
-
START:  HACK
END:    171.49747848510742
-
START:  HALO
END:    172.15454983711243
-
START:  HCI
END:    172.7975890636444
-
START:  HD
END:    173.62571954727173
-
START:  HEI
END:    174.29110145568848
-
START:  HELE
END:    175.10352540016174
-
START:  HIBB
END:    176.0054748058319
-
START:  HLI
END:    176.4639585018158
-
START:  HLT
END:    176.88530468940735
-
START:  HOLX
END:    177.53464269638062
-
START:  HON
END:    178.2253179550171
-
START:  HOV
END:    178.77874326705933
-
START:  HRC
Not Found: No data found, symbol may be delisted
START:  HRI
END:    179.68144822120667
-
START:  HSKA
END:    180.4095585346222
-
START:  HTHT
END:    180.94829964637756
-
START:  HUBS
END:    181.34082889556885
-
START:  HUM
END:    181.92787146568298
-
START:  HZNP
END:    182.44398069381714
-
START:  IAC
END:    183.09929299354553
-
START:  IBP
END:    183.5628218650818
-
START:  ICE
END:    184.30168223381042
-
START:  ICLN
END:    184.86713004112244
-
START:  ICLR
END:    185.6082468032837
-
START:  IDT
END:    186.31988644599915
-
START:  IDXX
END:    186.90777444839478
-
START:  IESC
END:    187.53956365585327
-
START:  IEX
END:    188.23922896385193
-
START:  ILMN
END:    188.74112010002136
-
START:  INFO
Not Found: No data found, symbol may be delisted
START:  INOV
Not Found: No data found, symbol may be delisted
START:  INSP
END:    189.58201789855957
-
START:  INTC
END:    190.4249222278595
-
START:  INTU
END:    191.0772635936737
-
START:  INTZ
END:    191.67694234848022
-
START:  INVE
END:    192.4197793006897
-
START:  IOO
END:    193.12435698509216
-
START:  IQV
END:    193.63121700286865
-
START:  IRDM
END:    194.26272106170654
-
START:  IRMD
END:    194.7369463443756
-
START:  ISEE
END:    195.22257232666016
-
START:  ISRG
END:    195.77694272994995
-
START:  IT
END:    196.25271558761597
-
START:  ITT
END:    197.00395965576172
-
START:  ITW
END:    197.67392921447754
-
START:  IVOG
END:    198.22844457626343
-
START:  IVV
END:    198.85167932510376
-
START:  IXJ
END:    199.5148515701294
-
START:  IXN
END:    200.19977521896362
-
START:  J
END:    200.85977745056152
-
START:  JBL
END:    201.41961860656738
-
START:  JBSS
END:    201.97729206085205
-
START:  JD
END:    202.52377653121948
-
START:  JKHY
END:    203.1179394721985
-
START:  JKS
END:    203.55101561546326
-
START:  JNJ
END:    204.49679374694824
-
START:  JOE
END:    205.12945699691772
-
START:  JOUT
END:    205.73282098770142
-
START:  JYNT
END:    206.204815864563
-
START:  KAI
END:    206.80270671844482
-
START:  KBH
END:    207.42072916030884
-
START:  KBR
END:    208.00111198425293
-
START:  KDMN
Not Found: No data found, symbol may be delisted
START:  KEYS
END:    208.7009472846985
-
START:  KLAC
END:    209.5320007801056
-
START:  KLIC
END:    210.10098433494568
-
START:  KMX
END:    210.6781017780304
-
START:  KNSL
END:    211.05978202819824
-
START:  KOPN
END:    211.67131114006042
-
START:  KOSS
END:    212.39421916007996
-
START:  KRNT
END:    212.8552143573761
-
START:  KSU
Not Found: No data found, symbol may be delisted
START:  KTOS
END:    213.8229100704193
-
START:  LAC
END:    214.45642066001892
-
START:  LAD
END:    215.20423436164856
-
START:  LANC
END:    215.96639728546143
-
START:  LAWS
Not Found: No data found, symbol may be delisted
START:  LDOS
END:    216.80436086654663
-
START:  LFMD
END:    217.34814763069153
-
START:  LGIH
END:    217.75111603736877
-
START:  LH
END:    218.4716031551361
-
START:  LHCG
END:    219.0060453414917
-
START:  LHX
END:    219.6005458831787
-
START:  LII
END:    220.18309903144836
-
START:  LIN
END:    221.04964518547058
-
START:  LINC
END:    221.56357336044312
-
START:  LIT
END:    222.23482275009155
-
START:  LLY
END:    222.96386003494263
-
START:  LMT
END:    223.60321307182312
-
START:  LNT
END:    224.23088932037354
-
START:  LOB
END:    224.6865668296814
-
START:  LOGI
END:    225.27983856201172
-
START:  LOVE
END:    225.65487837791443
-
START:  LOW
END:    226.4586226940155
-
START:  LPLA
END:    227.03173828125
-
START:  LPSN
END:    227.80443000793457
-
START:  LQDT
END:    228.26919174194336
-
START:  LRCX
END:    229.0365972518921
-
START:  LSCC
END:    229.59709119796753
-
START:  LSTR
END:    230.20511293411255
-
START:  LULU
END:    230.89232873916626
-
START:  LUNA
END:    231.5773162841797
-
START:  MA
END:    232.24218034744263
-
START:  MANH
END:    232.87071466445923
-
START:  MANT
END:    233.68698120117188
-
START:  MARA
END:    234.28902959823608
-
START:  MASI
END:    234.82550239562988
-
START:  MATX
END:    235.5796880722046
-
START:  MBUU
END:    236.00884246826172
-
START:  MCD
END:    236.7128689289093
-
START:  MCHP
END:    237.4080033302307
-
START:  MCO
END:    238.29745054244995
-
START:  MDB
END:    238.70020723342896
-
START:  MDT
END:    239.45468425750732
-
START:  MEDP
END:    239.8187313079834
-
START:  MEDS
END:    240.27147245407104
-
START:  MELI
END:    240.81676697731018
-
START:  MGC
END:    241.364488363266
-
START:  MGIC
END:    242.25484204292297
-
START:  MGK
END:    242.81319427490234
-
START:  MGNI
END:    243.39000153541565
-
START:  MHO
END:    244.10239505767822
-
START:  MIME
Not Found: No data found, symbol may be delisted
START:  MITK
END:    245.0155577659607
-
START:  MKC
END:    245.73982214927673
-
START:  MKSI
END:    246.37678909301758
-
START:  MKTX
END:    246.98010325431824
-
START:  MLAB
END:    247.7052755355835
-
START:  MLR
END:    248.57992243766785
-
START:  MMC
END:    249.32858610153198
-
START:  MMS
END:    249.9186589717865
-
START:  MNMD
END:    250.22282934188843
-
START:  MNST
END:    250.82520484924316
-
START:  MODN
END:    251.26467442512512
-
START:  MODV
END:    251.83586883544922
-
START:  MOH
END:    252.6106994152069
-
START:  MORN
END:    253.33148837089539
-
START:  MPWR
END:    254.02644777297974
-
START:  MRTX
END:    254.44666528701782
-
START:  MRVL
END:    255.17913818359375
-
START:  MS
END:    255.83754134178162
-
START:  MSA
END:    256.4313771724701
-
START:  MSCI
END:    257.2090721130371
-
START:  MSEX
END:    257.8557074069977
-
START:  MSFT
END:    258.7043254375458
-
START:  MSI
END:    259.4546957015991
-
START:  MSTR
END:    260.12735414505005
-
START:  MTBC
END:    260.594845533371
-
START:  MTCH
END:    261.2920112609863
-
START:  MTD
END:    261.9420893192291
-
START:  MTEX
END:    262.6489670276642
-
START:  MTH
END:    263.22355937957764
-
START:  MTLS
END:    263.6086046695709
-
START:  MTSI
END:    264.10575914382935
-
START:  MU
END:    264.6923544406891
-
START:  MUSA
END:    265.2098822593689
-
START:  MVIS
END:    265.9713327884674
-
START:  MXL
END:    266.4116635322571
-
START:  MYRG
END:    266.9714481830597
-
START:  NBIX
END:    267.61420345306396
-
START:  NCBS
Not Found: No data found, symbol may be delisted
START:  NDAQ
END:    268.50676918029785
-
START:  NDSN
END:    269.23238611221313
-
START:  NEE
END:    269.917676448822
-
START:  NEO
END:    270.43195962905884
-
START:  NEOG
END:    271.1238112449646
-
START:  NFLX
END:    271.8079159259796
-
START:  NICE
END:    272.3857419490814
-
START:  NISN
END:    272.7141261100769
-
START:  NKE
END:    273.63049817085266
-
START:  NOVT
END:    274.2054069042206
-
START:  NOW
END:    274.74249291419983
-
START:  NSC
END:    275.40163016319275
-
START:  NSIT
END:    275.9972264766693
-
START:  NSSC
END:    276.78362226486206
-
START:  NSTG
END:    277.20505571365356
-
START:  NTLA
END:    277.60866045951843
-
START:  NTRA
END:    277.98496747016907
-
START:  NUAN
END:    278.54437708854675
-
START:  NVCR
END:    279.0045700073242
-
START:  NVDA
END:    279.71067905426025
-
START:  NVMI
END:    280.29086089134216
-
START:  NVO
END:    281.0496492385864
-
START:  NVR
END:    281.6150379180908
-
START:  NXST
END:    282.18783617019653
-
START:  NYT
END:    282.80631613731384
-
START:  OBCI
Not Found: No data found, symbol may be delisted
START:  ODFL
END:    283.599791765213
-
START:  OEF
END:    284.237592458725
-
START:  OFLX
END:    284.78229212760925
-
START:  OLED
END:    285.4688494205475
-
START:  OMCL
END:    286.040762424469
-
START:  ON
END:    286.6159975528717
-
START:  OOMA
END:    287.02755784988403
-
START:  OPRX
END:    287.5179650783539
-
START:  ORA
END:    288.22563433647156
-
START:  ORCL
END:    288.814172744751
-
START:  ORLY
END:    289.3639168739319
-
START:  ORMP
END:    289.9188241958618
-
START:  OTEX
END:    290.47331380844116
-
START:  PACB
END:    291.019015789032
-
START:  PAG
END:    291.7334065437317
-
START:  PANW
END:    292.2091393470764
-
START:  PAR
END:    292.805636882782
-
START:  PAYC
END:    293.3683421611786
-
START:  PAYX
END:    294.22616481781006
-
START:  PBD
END:    294.7187955379486
-
START:  PCTY
END:    295.1363127231598
-
START:  PEGA
END:    295.72391176223755
-
START:  PEN
END:    296.10387110710144
-
START:  PENN
END:    296.80888986587524
-
START:  PEP
END:    297.43461537361145
-
START:  PERI
END:    298.0289626121521
-
START:  PFSI
END:    298.49845361709595
-
START:  PGR
END:    299.3327250480652
-
START:  PH
END:    300.06388783454895
-
START:  PHM
END:    300.76633882522583
-
START:  PKI
END:    301.45911741256714
-
START:  PLL
END:    301.9326162338257
-
START:  PLNT
END:    302.36114168167114
-
START:  PLUG
END:    302.97048139572144
-
START:  PLXS
END:    303.6108195781708
-
START:  PODD
END:    304.100004196167
-
START:  POOL
END:    304.74439668655396
-
START:  POWI
END:    305.42902994155884
-
START:  PRFT
END:    306.07850670814514
-
START:  PRI
END:    306.6272609233856
-
START:  PRTA
END:    307.0978865623474
-
START:  PRTS
END:    307.58088421821594
-
START:  PTSI
END:    308.21143078804016
-
START:  PWR
END:    308.7673399448395
-
START:  PYPL
END:    309.1370918750763
-
START:  QADA
Not Found: No data found, symbol may be delisted
START:  QCLN
END:    309.86985540390015
-
START:  QDEL
END:    310.4888873100281
-
START:  QGEN
END:    311.0324954986572
-
START:  QLYS
END:    311.4457666873932
-
START:  QQQ
END:    312.0524399280548
-
START:  QRVO
END:    312.527765750885
-
START:  QTWO
END:    312.9876937866211
-
START:  RADA
END:    313.71317529678345
-
START:  RAMP
END:    314.3409948348999
-
START:  RBA
END:    315.0269377231598
-
START:  RCII
END:    315.715398311615
-
START:  RCKY
END:    316.51454186439514
-
START:  RDNT
END:    317.0889856815338
-
START:  RDVT
END:    317.407363653183
-
START:  RDWR
END:    317.90357303619385
-
START:  REGI
END:    318.28091073036194
-
START:  RENN
END:    318.79930806159973
-
START:  RGEN
END:    319.39775013923645
-
START:  RH
END:    319.9124376773834
-
START:  RILY
END:    320.5128183364868
-
START:  RIOT
END:    320.87437987327576
-
START:  RLI
END:    321.7416830062866
-
START:  RLMD
END:    322.0938196182251
-
START:  RMD
END:    322.9049241542816
-
START:  RNG
END:    323.3946678638458
-
START:  ROBO
END:    323.92122411727905
-
START:  ROCK
END:    324.7257251739502
-
START:  ROK
END:    325.34255957603455
-
START:  ROKU
END:    325.646600484848
-
START:  ROL
END:    326.20202565193176
-
START:  ROP
END:    326.9284179210663
-
START:  ROST
END:    327.53843116760254
-
START:  RPD
END:    327.90935373306274
-
START:  RPM
END:    328.56129693984985
-
START:  RSG
END:    329.260626077652
-
START:  RTH
END:    329.83575439453125
-
START:  RUN
END:    330.2478950023651
-
START:  RXI
END:    330.8944730758667
-
START:  SAIA
END:    331.70587944984436
-
START:  SAIC
END:    332.28820157051086
-
START:  SAM
END:    332.95156717300415
-
START:  SAVA
END:    333.4611728191376
-
START:  SCI
END:    334.0421631336212
-
START:  SCL
END:    334.7749993801117
-
START:  SE
END:    335.1481146812439
-
START:  SEAS
END:    335.5574383735657
-
START:  SEDG
END:    335.99108386039734
-
START:  SFBS
END:    336.3524525165558
-
START:  SGEN
END:    337.1354286670685
-
START:  SGMS
Not Found: No data found, symbol may be delisted
START:  SGRY
END:    337.7199397087097
-
START:  SHOP
END:    338.15365076065063
-
START:  SHW
END:    338.8187804222107
-
START:  SHYF
END:    339.4747214317322
-
START:  SITE
END:    339.87429213523865
-
START:  SIVB
END:    340.55223631858826
-
START:  SJW
END:    341.2724230289459
-
START:  SKY
END:    341.8807153701782
-
START:  SLAB
END:    342.4115631580353
-
START:  SLP
END:    343.0656325817108
-
START:  SMH
END:    343.6637659072876
-
START:  SMTC
END:    344.3236804008484
-
START:  SNAP
END:    344.6989498138428
-
START:  SNPS
END:    345.3838760852814
-
START:  SOCL
END:    345.9268136024475
-
START:  SOXL
END:    346.55192613601685
-
START:  SPGI
END:    347.28253984451294
-
START:  SPLG
END:    348.1331865787506
-
START:  SPLK
END:    348.59025382995605
-
START:  SPNS
END:    349.14647912979126
-
START:  SPSC
END:    349.8225963115692
-
START:  SPTM
END:    350.54640436172485
-
START:  SPWH
END:    350.944872379303
-
START:  SPWR
END:    351.59282875061035
-
START:  SPXC
END:    352.4613139629364
-
START:  SPXL
END:    352.9495441913605
-
START:  SPY
END:    353.6158459186554
-
START:  SPYG
END:    354.2070825099945
-
START:  SQ
END:    354.78419303894043
-
START:  SSD
END:    355.39130878448486
-
START:  SSNC
END:    355.8609631061554
-
START:  SSTK
END:    356.49651432037354
-
START:  STAA
END:    357.1284589767456
-
START:  STE
END:    357.80627059936523
-
START:  SUSA
END:    358.4258460998535
-
START:  SYK
END:    359.08997678756714
-
START:  SYNA
END:    359.8211762905121
-
START:  TBBK
END:    360.3929603099823
-
START:  TBK
END:    360.7728199958801
-
START:  TDG
END:    361.2747299671173
-
START:  TDOC
END:    361.70667910575867
-
START:  TDY
END:    362.5926082134247
-
START:  TEAM
END:    363.03743958473206
-
START:  TECH
END:    363.6451017856598
-
START:  TECL
END:    364.16319513320923
-
START:  TER
END:    364.88844299316406
-
START:  TFX
END:    365.7379615306854
-
START:  TGH
END:    366.3252511024475
-
START:  TGLS
END:    366.74596428871155
-
START:  TGT
END:    367.4278554916382
-
START:  TGTX
END:    367.8772463798523
-
START:  THC
END:    368.45664858818054
-
START:  TJX
END:    369.31356549263
-
START:  TMO
END:    369.8985288143158
-
START:  TMUS
END:    370.5346484184265
-
START:  TNDM
END:    370.9528887271881
-
START:  TNET
END:    371.3602683544159
-
START:  TPX
END:    372.0721266269684
-
START:  TREX
END:    372.828813791275
-
START:  TRI
END:    373.48327565193176
-
START:  TRIL
Not Found: No data found, symbol may be delisted
START:  TRMB
END:    374.37811970710754
-
START:  TRNS
END:    374.9668745994568
-
START:  TROW
END:    375.62100887298584
-
START:  TRU
END:    376.00891852378845
-
START:  TRUP
END:    376.3967077732086
-
START:  TSCO
END:    377.099755525589
-
START:  TSLA
END:    377.56270241737366
-
START:  TSM
END:    378.1632025241852
-
START:  TT
END:    379.0853023529053
-
START:  TTC
END:    379.6997220516205
-
START:  TTD
END:    380.0755202770233
-
START:  TTEC
END:    380.61558294296265
-
START:  TTEK
END:    381.1705963611603
-
START:  TTGT
END:    381.6950237751007
-
START:  TTWO
END:    382.33549189567566
-
START:  TWLO
END:    382.6697664260864
-
START:  TXN
END:    383.3441996574402
-
START:  TYL
END:    383.9499976634979
-
START:  UCTT
END:    384.5027801990509
-
START:  UFPI
END:    385.3265600204468
-
START:  UFPT
END:    385.88583850860596
-
START:  UI
END:    386.4456491470337
-
START:  UMC
END:    387.13894724845886
-
START:  UNF
END:    387.95929503440857
-
START:  UNH
END:    388.67517042160034
-
START:  UNP
END:    389.28203773498535
-
START:  UPLD
END:    389.74135661125183
-
START:  URI
END:    390.4235734939575
-
START:  V
END:    390.9409682750702
-
START:  VALU
END:    391.7660114765167
-
START:  VBK
END:    392.5824601650238
-
START:  VCEL
END:    393.19590425491333
-
START:  VCR
END:    393.7550616264343
-
START:  VCTR
END:    394.1384084224701
-
START:  VCYT
END:    394.62059569358826
-
START:  VDC
END:    395.26720786094666
-
START:  VEEV
END:    395.73592495918274
-
START:  VERU
END:    396.2740170955658
-
START:  VGT
END:    396.8796179294586
-
START:  VHT
END:    397.4704096317291
-
START:  VIAV
END:    397.9914319515228
-
START:  VICR
END:    398.70091128349304
-
START:  VIG
END:    399.3626012802124
-
START:  VO
END:    399.9469611644745
-
START:  VONE
END:    400.58552598953247
-
START:  VONG
END:    401.01875734329224
-
START:  VOO
END:    401.47267842292786
-
START:  VOOG
END:    401.9278688430786
-
START:  VOOV
END:    402.38543033599854
-
START:  VOT
END:    403.17230772972107
-
START:  VPU
END:    403.8375496864319
-
START:  VRNS
END:    404.29214692115784
-
START:  VRSK
END:    404.92602729797363
-
START:  VRSN
END:    405.74800872802734
-
START:  VRTV
END:    406.224102973938
-
START:  VSTO
END:    406.6209852695465
-
START:  VTHR
END:    407.1192443370819
-
START:  VTI
END:    407.7070138454437
-
START:  VTNR
END:    408.42493963241577
-
START:  VTWG
END:    408.8804700374603
-
START:  VUG
END:    409.50026679039
-
START:  VV
END:    410.1421992778778
-
START:  VXF
END:    410.96502661705017
-
START:  WCN
END:    411.5270924568176
-
START:  WD
END:    412.1956570148468
-
START:  WDAY
END:    412.7920455932617
-
START:  WDFC
END:    413.5315079689026
-
START:  WEC
END:    414.1773331165314
-
START:  WEN
END:    414.8716435432434
-
START:  WINA
END:    415.4714949131012
-
START:  WING
END:    415.88248085975647
-
START:  WIRE
END:    416.6331331729889
-
START:  WIX
END:    417.10263538360596
-
START:  WK
END:    417.5090322494507
-
START:  WLTW
Not Found: No data found, symbol may be delisted
START:  WM
END:    418.36090564727783
-
START:  WMS
END:    418.75058674812317
-
START:  WNS
END:    419.4546196460724
-
START:  WRB
END:    420.34196496009827
-
START:  WSC
END:    420.76453495025635
-
START:  WSM
END:    421.3856461048126
-
START:  WST
END:    422.18423414230347
-
START:  WTRG
END:    422.93977904319763
-
START:  WTS
END:    423.6656713485718
-
START:  XEL
END:    424.448561668396
-
START:  XENE
END:    425.0894591808319
-
START:  XLK
END:    425.9594922065735
-
START:  XLNX
Not Found: No data found, symbol may be delisted
START:  XLP
END:    426.88033866882324
-
START:  XLRN
Not Found: No data found, symbol may be delisted
START:  XLU
END:    427.66884779930115
-
START:  XLV
END:    428.2973663806915
-
START:  XLY
END:    428.9807391166687
-
START:  XYL
END:    429.47583293914795
-
START:  YNDX
END:    429.931015253067
-
START:  YORW
END:    430.78318428993225
-
START:  YUM
END:    431.7132706642151
-
START:  Z
END:    432.15641498565674
-
START:  ZBRA
END:    432.74357748031616
-
START:  ZEN
END:    433.1513133049011
-
START:  ZLAB
END:    433.45946979522705
-
START:  ZNGA
Not Found: No data found, symbol may be delisted
START:  ZS
END:    433.97376894950867
-
START:  ZTS
END:    434.40154814720154
-
START:  ZYXI
END:    435.1540117263794
-
===========================
MACD golden cross
===========================
START:  code
START:  A
START:  AAON
START:  AAPL
START:  ABG
START:  ABT
START:  ACLS
START:  ACMR
START:  ACN
START:  ADBE
START:  ADI
START:  ADP
START:  ADSK
START:  ADUS
START:  AEE
START:  AGYS
START:  AIZ
START:  AJG
START:  AJRD
START:  ALB
START:  ALG
START:  ALGN
START:  ALLE
START:  ALTR
START:  AMAT
START:  AMBA
START:  AMD
START:  AME
START:  AMED
START:  AMEH
START:  AMGN
START:  AMN
START:  AMP
START:  AMRC
START:  AMSWA
START:  AMTX
START:  AMZN
START:  AN
START:  ANSS
START:  ANTM
START:  AON
START:  AOSL
START:  APD
START:  APH
START:  APPF
START:  APPN
START:  APPS
START:  AQN
START:  ARCB
START:  ARCT
START:  ARES
START:  ARGX
START:  ARWR
START:  ASML
START:  ASPN
START:  ATEC
START:  ATEN
START:  ATKR
START:  ATOM
START:  ATR
START:  ATRC
START:  AUDC
START:  AUPH
START:  AVAV
START:  AVGO
START:  AVID
START:  AVNW
START:  AVXL
START:  AVY
START:  AWK
START:  AWR
START:  AXON
START:  AZO
START:  AZPN
START:  BAH
START:  BAM
START:  BAX
START:  BBH
START:  BBQ
START:  BBY
START:  BCPC
START:  BDX
START:  BEEM
START:  BFAM
START:  BFC
START:  BGFV
START:  BGNE
START:  BHVN
START:  BIO
START:  BL
START:  BLD
START:  BLDP
START:  BLDR
START:  BLFS
START:  BLK
START:  BLL
START:  BLNK
START:  BMI
START:  BOOT
START:  BOTZ
START:  BR
START:  BRKR
START:  BRKS
START:  BRO
START:  BURL
START:  BX
START:  CABO
START:  CACI
START:  CALX
START:  CAMT
START:  CAR
START:  CBRE
START:  CBSH
START:  CBZ
START:  CCOI
START:  CCS
START:  CDMO
START:  CDNA
START:  CDNS
START:  CDW
START:  CELH
START:  CGNX
START:  CHD
START:  CHDN
START:  CHE
START:  CHGG
START:  CHH
START:  CHKP
START:  CHTR
START:  CIEN
START:  CLAR
START:  CLFD
START:  CLGN
START:  CLNE
START:  CLPT
START:  CLX
START:  CMCSA
START:  CMG
START:  CMS
START:  CNC
START:  CNI
START:  CNMD
START:  CNS
START:  CNXN
START:  COO
START:  COST
START:  COUP
START:  COWN
START:  CP
START:  CPK
START:  CPRT
START:  CPSH
START:  CRAI
START:  CREE
START:  CRL
START:  CRM
START:  CRMT
START:  CROX
START:  CRSP
START:  CRVL
START:  CSGP
START:  CSL
START:  CSWI
START:  CSX
START:  CTAS
START:  CTLT
START:  CTRN
START:  CURE
START:  CVCO
START:  CVNA
START:  CWST
START:  CWT
START:  CXSE
START:  CYBR
START:  CYRX
START:  CYTK
START:  DAC
START:  DAR
START:  DAVA
START:  DDS
START:  DE
START:  DECK
START:  DELL
START:  DFIN
START:  DG
START:  DGRW
START:  DHI
START:  DHR
START:  DIA
START:  DIOD
START:  DIS
START:  DKS
START:  DLN
START:  DNLI
START:  DOMO
START:  DOV
START:  DPZ
START:  DQ
START:  DRD
START:  DRIO
START:  DRNA
START:  DSGX
START:  DVAX
START:  DXCM
START:  ECL
START:  EFX
START:  EGAN
START:  EHC
START:  EL
START:  ENPH
START:  ENSG
START:  ENTG
START:  ENV
START:  EPAM
START:  ERIE
START:  ES
START:  ESE
START:  ETN
START:  ETSY
START:  EVBG
START:  EVTC
START:  EW
START:  EWT
START:  EXAS
START:  EXLS
START:  EXPD
START:  EXPI
START:  EXPO
START:  FAST
START:  FATE
START:  FB
START:  FCN
START:  FCX
START:  FDN
START:  FDS
START:  FELE
START:  FFIN
START:  FICO
START:  FINX
START:  FIS
START:  FISV
START:  FIVE
START:  FIVN
START:  FLGT
START:  FLT
START:  FLWS
START:  FN
START:  FND
START:  FNV
START:  FORM
START:  FOXF
START:  FPX
START:  FRC
START:  FRHC
START:  FRPT
START:  FSS
START:  FTNT
START:  FUV
START:  GDEN
START:  GFI
START:  GGG
START:  GIB
START:  GLDD
START:  GLOB
START:  GMAB
START:  GME
START:  GMED
START:  GNRC
START:  GNSS
START:  GNTX
START:  GOLF
START:  GOOG
START:  GOOGL
START:  GPI
START:  GPN
START:  GRBK
START:  GRMN
START:  GRVY
START:  GRWG
START:  GWRE
START:  HACK
START:  HALO
START:  HCI
START:  HD
START:  HEI
START:  HELE
START:  HIBB
START:  HLI
START:  HLT
START:  HOLX
START:  HON
START:  HOV
START:  HRC
START:  HRI
START:  HSKA
START:  HTHT
START:  HUBS
START:  HUM
START:  HZNP
START:  IAC
START:  IBP
START:  ICE
START:  ICLN
START:  ICLR
START:  IDT
START:  IDXX
START:  IESC
START:  IEX
START:  ILMN
START:  INFO
START:  INOV
START:  INSP
START:  INTC
START:  INTU
START:  INTZ
START:  INVE
START:  IOO
START:  IQV
START:  IRDM
START:  IRMD
START:  ISEE
START:  ISRG
START:  IT
START:  ITT
START:  ITW
START:  IVOG
START:  IVV
START:  IXJ
START:  IXN
START:  J
START:  JBL
START:  JBSS
START:  JD
START:  JKHY
START:  JKS
START:  JNJ
START:  JOE
START:  JOUT
START:  JYNT
START:  KAI
START:  KBH
START:  KBR
START:  KDMN
START:  KEYS
START:  KLAC
START:  KLIC
START:  KMX
START:  KNSL
START:  KOPN
START:  KOSS
START:  KRNT
START:  KSU
START:  KTOS
START:  LAC
START:  LAD
START:  LANC
START:  LAWS
START:  LDOS
START:  LFMD
START:  LGIH
START:  LH
START:  LHCG
START:  LHX
START:  LII
START:  LIN
START:  LINC
START:  LIT
START:  LLY
START:  LMT
START:  LNT
START:  LOB
START:  LOGI
START:  LOVE
START:  LOW
START:  LPLA
START:  LPSN
START:  LQDT
START:  LRCX
START:  LSCC
START:  LSTR
START:  LULU
START:  LUNA
START:  MA
START:  MANH
START:  MANT
START:  MARA
START:  MASI
START:  MATX
START:  MBUU
START:  MCD
START:  MCHP
START:  MCO
START:  MDB
START:  MDT
START:  MEDP
START:  MEDS
START:  MELI
START:  MGC
START:  MGIC
START:  MGK
START:  MGNI
START:  MHO
START:  MIME
START:  MITK
START:  MKC
START:  MKSI
START:  MKTX
START:  MLAB
START:  MLR
START:  MMC
START:  MMS
START:  MNMD
START:  MNST
START:  MODN
START:  MODV
START:  MOH
START:  MORN
START:  MPWR
START:  MRTX
START:  MRVL
START:  MS
START:  MSA
START:  MSCI
START:  MSEX
START:  MSFT
START:  MSI
START:  MSTR
START:  MTBC
START:  MTCH
START:  MTD
START:  MTEX
START:  MTH
START:  MTLS
START:  MTSI
START:  MU
START:  MUSA
START:  MVIS
START:  MXL
START:  MYRG
START:  NBIX
START:  NCBS
START:  NDAQ
START:  NDSN
START:  NEE
START:  NEO
START:  NEOG
START:  NFLX
START:  NICE
START:  NISN
START:  NKE
START:  NOVT
START:  NOW
START:  NSC
START:  NSIT
START:  NSSC
START:  NSTG
START:  NTLA
START:  NTRA
START:  NUAN
START:  NVCR
START:  NVDA
START:  NVMI
START:  NVO
START:  NVR
START:  NXST
START:  NYT
START:  OBCI
START:  ODFL
START:  OEF
START:  OFLX
START:  OLED
START:  OMCL
START:  ON
START:  OOMA
START:  OPRX
START:  ORA
START:  ORCL
START:  ORLY
START:  ORMP
START:  OTEX
START:  PACB
START:  PAG
START:  PANW
START:  PAR
START:  PAYC
START:  PAYX
START:  PBD
START:  PCTY
START:  PEGA
START:  PEN
START:  PENN
START:  PEP
START:  PERI
START:  PFSI
START:  PGR
START:  PH
START:  PHM
START:  PKI
START:  PLL
START:  PLNT
START:  PLUG
START:  PLXS
START:  PODD
START:  POOL
START:  POWI
START:  PRFT
START:  PRI
START:  PRTA
START:  PRTS
START:  PTSI
START:  PWR
START:  PYPL
START:  QADA
START:  QCLN
START:  QDEL
START:  QGEN
START:  QLYS
START:  QQQ
START:  QRVO
START:  QTWO
START:  RADA
START:  RAMP
START:  RBA
START:  RCII
START:  RCKY
START:  RDNT
START:  RDVT
START:  RDWR
START:  REGI
START:  RENN
START:  RGEN
START:  RH
START:  RILY
START:  RIOT
START:  RLI
START:  RLMD
START:  RMD
START:  RNG
START:  ROBO
START:  ROCK
START:  ROK
START:  ROKU
START:  ROL
START:  ROP
START:  ROST
START:  RPD
START:  RPM
START:  RSG
START:  RTH
START:  RUN
START:  RXI
START:  SAIA
START:  SAIC
START:  SAM
START:  SAVA
START:  SCI
START:  SCL
START:  SE
START:  SEAS
START:  SEDG
START:  SFBS
START:  SGEN
START:  SGMS
START:  SGRY
START:  SHOP
START:  SHW
START:  SHYF
START:  SITE
START:  SIVB
START:  SJW
START:  SKY
START:  SLAB
START:  SLP
START:  SMH
START:  SMTC
START:  SNAP
START:  SNPS
START:  SOCL
START:  SOXL
START:  SPGI
START:  SPLG
START:  SPLK
START:  SPNS
START:  SPSC
START:  SPTM
START:  SPWH
START:  SPWR
START:  SPXC
START:  SPXL
START:  SPY
START:  SPYG
START:  SQ
START:  SSD
START:  SSNC
START:  SSTK
START:  STAA
START:  STE
START:  SUSA
START:  SYK
START:  SYNA
START:  TBBK
START:  TBK
START:  TDG
START:  TDOC
START:  TDY
START:  TEAM
START:  TECH
START:  TECL
START:  TER
START:  TFX
START:  TGH
START:  TGLS
START:  TGT
START:  TGTX
START:  THC
START:  TJX
START:  TMO
START:  TMUS
START:  TNDM
START:  TNET
START:  TPX
START:  TREX
START:  TRI
START:  TRIL
START:  TRMB
START:  TRNS
START:  TROW
START:  TRU
START:  TRUP
START:  TSCO
START:  TSLA
START:  TSM
START:  TT
START:  TTC
START:  TTD
START:  TTEC
START:  TTEK
START:  TTGT
START:  TTWO
START:  TWLO
START:  TXN
START:  TYL
START:  UCTT
START:  UFPI
START:  UFPT
START:  UI
START:  UMC
START:  UNF
START:  UNH
START:  UNP
START:  UPLD
START:  URI
START:  V
START:  VALU
START:  VBK
START:  VCEL
START:  VCR
START:  VCTR
START:  VCYT
START:  VDC
START:  VEEV
START:  VERU
START:  VGT
START:  VHT
START:  VIAV
START:  VICR
START:  VIG
START:  VO
START:  VONE
START:  VONG
START:  VOO
START:  VOOG
START:  VOOV
START:  VOT
START:  VPU
START:  VRNS
START:  VRSK
START:  VRSN
START:  VRTV
START:  VSTO
START:  VTHR
START:  VTI
START:  VTNR
START:  VTWG
START:  VUG
START:  VV
START:  VXF
START:  WCN
START:  WD
START:  WDAY
START:  WDFC
START:  WEC
START:  WEN
START:  WINA
START:  WING
START:  WIRE
START:  WIX
START:  WK
START:  WLTW
START:  WM
START:  WMS
START:  WNS
START:  WRB
START:  WSC
START:  WSM
START:  WST
START:  WTRG
START:  WTS
START:  XEL
START:  XENE
START:  XLK
START:  XLNX
START:  XLP
START:  XLRN
START:  XLU
START:  XLV
START:  XLY
START:  XYL
START:  YNDX
START:  YORW
START:  YUM
START:  Z
START:  ZBRA
START:  ZEN
START:  ZLAB
START:  ZNGA
START:  ZS
START:  ZTS
START:  ZYXI
==== MACD golden cross ====
None
code: AAON     day: macd + hist + hist_1pre + ,  Week: macd + hist + hist_1pre - , Month: macd - hist - hist_1pre - , 
Trade --> code: AAON   BUY: 2005-04-30    3.61 SELL: 2022-06-30   54.76  macd:   -0.19 macd_count: 206 profit: 15.17

code: AGYS     day: macd + hist + hist_1pre + ,  Week: macd + hist + hist_1pre - , Month: macd + hist + hist_1pre + , 
Trade --> code: AGYS   BUY: 2005-03-31   19.66 SELL: 2008-01-31   15.22  macd:   -0.08 macd_count:  34 profit:  0.77
Trade --> code: AGYS   BUY: 2011-10-31    8.49 SELL: 2015-04-30    9.41  macd:   -0.13 macd_count:  42 profit:  1.11
Trade --> code: AGYS   BUY: 2016-09-30   11.12 SELL: 2016-10-31    9.65  macd:   -0.07 macd_count:   1 profit:  0.87
Trade --> code: AGYS   BUY: 2017-10-31   12.27 SELL: 2022-10-31   62.06  macd:    4.39 macd_count:  61 profit:  5.06

code: AMP      day: macd + hist + hist_1pre + ,  Week: macd + hist + hist_1pre - , Month: macd + hist - hist_1pre - , 
Trade --> code: AMP    BUY: 2008-01-31   55.31 SELL: 2008-07-31   42.50  macd:   -0.22 macd_count:   6 profit:  0.77
Trade --> code: AMP    BUY: 2010-04-30   46.36 SELL: 2016-02-29   83.95  macd:   -1.14 macd_count:  70 profit:  1.81
Trade --> code: AMP    BUY: 2017-02-28  131.50 SELL: 2019-01-31  126.60  macd:   -0.14 macd_count:  23 profit:  0.96
Trade --> code: AMP    BUY: 2019-04-30  146.77 SELL: 2020-04-30  114.94  macd:   -0.70 macd_count:  12 profit:  0.78
Trade --> code: AMP    BUY: 2020-06-30  150.04 SELL: 2022-10-31  303.10  macd:   18.33 macd_count:  29 profit:  2.02

code: APPF     day: macd + hist + hist_1pre - ,  Week: macd + hist + hist_1pre - , Month: macd - hist - hist_1pre - , 
Trade --> code: APPF   BUY: 2017-10-31   45.90 SELL: 2022-02-28  113.14  macd:   -0.05 macd_count:  52 profit:  2.46

code: ARGX     day: macd + hist + hist_1pre + ,  Week: macd + hist + hist_1pre - , Month: macd + hist + hist_1pre + , 
Trade --> code: ARGX   BUY: 2019-09-30  113.96 SELL: 2022-10-31  379.56  macd:   32.77 macd_count:  38 profit:  3.33

code: AVNW     day: macd + hist + hist_1pre + ,  Week: macd + hist + hist_1pre - , Month: macd + hist - hist_1pre - , 
Trade --> code: AVNW   BUY: 2006-01-31   24.90 SELL: 2008-08-31   56.16  macd:   -0.44 macd_count:  31 profit:  2.26
Trade --> code: AVNW   BUY: 2017-05-31    8.76 SELL: 2019-01-31    6.72  macd:   -0.05 macd_count:  20 profit:  0.77
Trade --> code: AVNW   BUY: 2020-07-31   10.25 SELL: 2022-10-31   31.15  macd:    2.43 macd_count:  28 profit:  3.04

code: CALX     day: macd + hist + hist_1pre + ,  Week: macd + hist + hist_1pre - , Month: macd + hist + hist_1pre - , 
Trade --> code: CALX   BUY: 2013-09-30   12.73 SELL: 2014-01-31    7.93  macd:   -0.16 macd_count:   4 profit:  0.62
Trade --> code: CALX   BUY: 2014-11-30   10.60 SELL: 2015-02-28    8.74  macd:   -0.06 macd_count:   3 profit:  0.82
Trade --> code: CALX   BUY: 2018-08-31    7.80 SELL: 2019-07-31    6.28  macd:   -0.04 macd_count:  11 profit:  0.81
Trade --> code: CALX   BUY: 2019-12-31    8.00 SELL: 2022-10-31   73.40  macd:    7.47 macd_count:  35 profit:  9.18

code: CLFD     day: macd + hist + hist_1pre + ,  Week: macd + hist + hist_1pre - , Month: macd + hist + hist_1pre + , 
Trade --> code: CLFD   BUY: 2009-06-30    2.00 SELL: 2017-06-30   13.20  macd:   -0.13 macd_count:  96 profit:  6.60
Trade --> code: CLFD   BUY: 2020-07-31   18.64 SELL: 2022-10-31  122.00  macd:   18.54 macd_count:  28 profit:  6.55

code: CSGP     day: macd + hist + hist_1pre + ,  Week: macd + hist + hist_1pre - , Month: macd - hist + hist_1pre - , 
Trade --> code: CSGP   BUY: 2005-03-31    3.68 SELL: 2008-03-31    4.30  macd:   -0.03 macd_count:  36 profit:  1.17
Trade --> code: CSGP   BUY: 2008-08-31    5.28 SELL: 2008-09-30    4.54  macd:   -0.00 macd_count:   1 profit:  0.86
Trade --> code: CSGP   BUY: 2010-07-31    4.38 SELL: 2022-04-30   63.62  macd:   -0.14 macd_count: 141 profit: 14.52

code: CTAS     day: macd + hist + hist_1pre + ,  Week: macd + hist + hist_1pre - , Month: macd + hist - hist_1pre - , 
Trade --> code: CTAS   BUY: 2005-03-31   41.31 SELL: 2006-06-30   39.76  macd:   -0.05 macd_count:  15 profit:  0.96
Trade --> code: CTAS   BUY: 2011-03-31   30.28 SELL: 2022-10-31  416.28  macd:   22.56 macd_count: 140 profit: 13.75

code: DG       day: macd + hist + hist_1pre + ,  Week: macd + hist + hist_1pre - , Month: macd + hist + hist_1pre - , 
Trade --> code: DG     BUY: 2012-03-31   46.20 SELL: 2022-10-31  253.90  macd:   14.27 macd_count: 128 profit:  5.50

code: ESE      day: macd + hist + hist_1pre + ,  Week: macd + hist + hist_1pre - , Month: macd - hist + hist_1pre - , 
Trade --> code: ESE    BUY: 2005-03-31   40.17 SELL: 2007-08-31   32.87  macd:   -0.78 macd_count:  29 profit:  0.82
Trade --> code: ESE    BUY: 2008-05-31   51.51 SELL: 2008-11-30   30.58  macd:   -0.75 macd_count:   6 profit:  0.59
Trade --> code: ESE    BUY: 2011-05-31   37.57 SELL: 2011-08-31   30.87  macd:   -0.36 macd_count:   3 profit:  0.82
Trade --> code: ESE    BUY: 2012-07-31   36.01 SELL: 2013-08-31   30.65  macd:   -0.22 macd_count:  13 profit:  0.85
Trade --> code: ESE    BUY: 2014-10-31   38.02 SELL: 2022-02-28   69.57  macd:   -0.91 macd_count:  88 profit:  1.83

code: FRHC     day: macd + hist + hist_1pre + ,  Week: macd + hist + hist_1pre - , Month: macd + hist - hist_1pre - , 
Trade --> code: FRHC   BUY: 2020-06-30   18.69 SELL: 2022-10-31   55.15  macd:    3.70 macd_count:  29 profit:  2.95

code: HEI      day: macd + hist + hist_1pre + ,  Week: macd + hist + hist_1pre - , Month: macd + hist + hist_1pre - , 
Trade --> code: HEI    BUY: 2005-03-31    4.22 SELL: 2008-11-30    6.74  macd:   -0.02 macd_count:  44 profit:  1.60
Trade --> code: HEI    BUY: 2009-12-31    9.30 SELL: 2022-10-31  160.90  macd:    8.33 macd_count: 155 profit: 17.31

code: HIBB     day: macd + hist + hist_1pre + ,  Week: macd + hist + hist_1pre - , Month: macd + hist - hist_1pre - , 
Trade --> code: HIBB   BUY: 2005-03-31   20.03 SELL: 2007-12-31   19.98  macd:   -0.38 macd_count:  33 profit:  1.00
Trade --> code: HIBB   BUY: 2010-02-28   23.00 SELL: 2014-09-30   42.63  macd:   -0.68 macd_count:  55 profit:  1.85
Trade --> code: HIBB   BUY: 2019-12-31   28.04 SELL: 2020-02-29   19.52  macd:   -0.01 macd_count:   2 profit:  0.70
Trade --> code: HIBB   BUY: 2020-08-31   33.37 SELL: 2022-10-31   60.08  macd:    0.80 macd_count:  27 profit:  1.80

code: IEX      day: macd + hist + hist_1pre + ,  Week: macd + hist + hist_1pre - , Month: macd + hist - hist_1pre - , 
Trade --> code: IEX    BUY: 2005-03-31   26.90 SELL: 2008-10-31   23.18  macd:   -0.03 macd_count:  43 profit:  0.86
Trade --> code: IEX    BUY: 2010-03-31   33.10 SELL: 2022-10-31  219.53  macd:    4.52 macd_count: 152 profit:  6.63

code: JKHY     day: macd + hist + hist_1pre + ,  Week: macd + hist + hist_1pre - , Month: macd + hist + hist_1pre + , 
Trade --> code: JKHY   BUY: 2005-03-31   17.99 SELL: 2008-09-30   20.33  macd:   -0.15 macd_count:  42 profit:  1.13
Trade --> code: JKHY   BUY: 2009-11-30   22.85 SELL: 2022-10-31  198.52  macd:    9.18 macd_count: 156 profit:  8.69

code: KEYS     day: macd + hist + hist_1pre + ,  Week: macd + hist + hist_1pre - , Month: macd + hist - hist_1pre - , 
Trade --> code: KEYS   BUY: 2017-02-28   37.60 SELL: 2022-10-31  173.85  macd:    9.14 macd_count:  69 profit:  4.62

code: LQDT     day: macd + hist + hist_1pre + ,  Week: macd + hist + hist_1pre - , Month: macd + hist - hist_1pre - , 
Trade --> code: LQDT   BUY: 2010-05-31   13.26 SELL: 2013-10-31   26.11  macd:   -0.57 macd_count:  41 profit:  1.97
Trade --> code: LQDT   BUY: 2020-10-31    8.53 SELL: 2022-10-31   17.18  macd:    0.79 macd_count:  25 profit:  2.01

code: MCD      day: macd + hist + hist_1pre + ,  Week: macd + hist + hist_1pre - , Month: macd + hist - hist_1pre - , 
Trade --> code: MCD    BUY: 2005-03-31   31.14 SELL: 2022-10-31  272.17  macd:   10.22 macd_count: 212 profit:  8.74

code: MEDP     day: macd + hist + hist_1pre + ,  Week: macd + hist + hist_1pre - , Month: macd + hist - hist_1pre - , 
Trade --> code: MEDP   BUY: 2018-12-31   52.93 SELL: 2022-10-31  216.55  macd:   10.57 macd_count:  47 profit:  4.09

code: MUSA     day: macd + hist + hist_1pre + ,  Week: macd + hist + hist_1pre - , Month: macd + hist + hist_1pre + , 
Trade --> code: MUSA   BUY: 2015-12-31   60.74 SELL: 2022-10-31  311.78  macd:   39.05 macd_count:  83 profit:  5.13

code: NUAN     day: macd + hist + hist_1pre + ,  Week: macd + hist + hist_1pre - , Month: macd + hist - hist_1pre - , 
Trade --> code: NUAN   BUY: 2005-11-30    5.38 SELL: 2008-11-30    7.94  macd:   -0.14 macd_count:  36 profit:  1.48
Trade --> code: NUAN   BUY: 2009-12-31   13.44 SELL: 2013-05-31   16.44  macd:   -0.10 macd_count:  41 profit:  1.22
Trade --> code: NUAN   BUY: 2015-11-30   18.11 SELL: 2016-07-31   13.90  macd:   -0.05 macd_count:   8 profit:  0.77
Trade --> code: NUAN   BUY: 2017-05-31   16.01 SELL: 2017-09-30   13.60  macd:   -0.04 macd_count:   4 profit:  0.85
Trade --> code: NUAN   BUY: 2019-04-30   14.56 SELL: 2022-03-31   55.99  macd:    7.14 macd_count:  36 profit:  3.85

code: PGR      day: macd + hist + hist_1pre + ,  Week: macd + hist + hist_1pre - , Month: macd + hist + hist_1pre + , 
Trade --> code: PGR    BUY: 2005-03-31   22.94 SELL: 2007-03-31   21.82  macd:   -0.04 macd_count:  24 profit:  0.95
Trade --> code: PGR    BUY: 2010-04-30   20.09 SELL: 2022-10-31  126.82  macd:    8.46 macd_count: 151 profit:  6.31

code: PLXS     day: macd + hist + hist_1pre + ,  Week: macd + hist + hist_1pre - , Month: macd + hist + hist_1pre - , 
Trade --> code: PLXS   BUY: 2005-03-31   11.51 SELL: 2007-04-30   20.96  macd:   -0.03 macd_count:  25 profit:  1.82
Trade --> code: PLXS   BUY: 2007-06-30   22.99 SELL: 2008-11-30   16.68  macd:   -0.39 macd_count:  17 profit:  0.73
Trade --> code: PLXS   BUY: 2009-10-31   25.30 SELL: 2011-12-31   27.38  macd:   -0.07 macd_count:  26 profit:  1.08
Trade --> code: PLXS   BUY: 2012-01-31   36.22 SELL: 2012-10-31   26.91  macd:   -0.01 macd_count:   9 profit:  0.74
Trade --> code: PLXS   BUY: 2013-07-31   34.97 SELL: 2016-01-31   34.95  macd:   -0.17 macd_count:  30 profit:  1.00
Trade --> code: PLXS   BUY: 2016-04-30   41.76 SELL: 2022-10-31   99.89  macd:    3.71 macd_count:  79 profit:  2.39

code: RENN     day: macd + hist + hist_1pre + ,  Week: macd + hist + hist_1pre - , Month: macd + hist + hist_1pre + , 
Trade --> code: RENN   BUY: 2021-05-31   12.36 SELL: 2022-10-31   31.79  macd:    5.15 macd_count:  18 profit:  2.57

code: ROST     day: macd + hist + hist_1pre + ,  Week: macd + hist + hist_1pre - , Month: macd - hist - hist_1pre - , 
Trade --> code: ROST   BUY: 2005-03-31    7.28 SELL: 2007-12-31    6.39  macd:   -0.05 macd_count:  33 profit:  0.88
Trade --> code: ROST   BUY: 2008-04-30    8.37 SELL: 2022-03-31   90.46  macd:   -0.44 macd_count: 167 profit: 10.80

code: RPM      day: macd + hist + hist_1pre + ,  Week: macd + hist + hist_1pre - , Month: macd + hist - hist_1pre - , 
Trade --> code: RPM    BUY: 2005-03-31   18.28 SELL: 2008-10-31   14.20  macd:   -0.33 macd_count:  43 profit:  0.78
Trade --> code: RPM    BUY: 2010-02-28   19.25 SELL: 2022-10-31   93.89  macd:    2.38 macd_count: 153 profit:  4.88

code: SJW      day: macd + hist + hist_1pre + ,  Week: macd + hist + hist_1pre - , Month: macd - hist - hist_1pre - , 
Trade --> code: SJW    BUY: 2005-03-31   17.57 SELL: 2008-07-31   25.91  macd:   -0.15 macd_count:  40 profit:  1.48
Trade --> code: SJW    BUY: 2012-11-30   24.46 SELL: 2022-09-30   57.60  macd:   -0.53 macd_count: 118 profit:  2.35

code: SPSC     day: macd + hist + hist_1pre + ,  Week: macd + hist + hist_1pre - , Month: macd + hist - hist_1pre - , 
Trade --> code: SPSC   BUY: 2012-08-31   17.48 SELL: 2016-04-30   25.47  macd:   -0.21 macd_count:  44 profit:  1.46
Trade --> code: SPSC   BUY: 2016-08-31   32.64 SELL: 2017-05-31   29.08  macd:   -0.08 macd_count:   9 profit:  0.89
Trade --> code: SPSC   BUY: 2017-06-30   31.88 SELL: 2017-07-31   28.90  macd:   -0.12 macd_count:   1 profit:  0.91
Trade --> code: SPSC   BUY: 2018-05-31   37.22 SELL: 2022-10-31  129.82  macd:    8.42 macd_count:  54 profit:  3.49

code: TMUS     day: macd + hist + hist_1pre + ,  Week: macd + hist + hist_1pre - , Month: macd + hist + hist_1pre + , 
Trade --> code: TMUS   BUY: 2011-04-30   33.66 SELL: 2011-10-31   17.00  macd:   -0.48 macd_count:   6 profit:  0.51
Trade --> code: TMUS   BUY: 2013-06-30   24.81 SELL: 2022-10-31  149.67  macd:    7.90 macd_count: 113 profit:  6.03

code: TT       day: macd + hist + hist_1pre + ,  Week: macd + hist + hist_1pre - , Month: macd + hist - hist_1pre - , 
Trade --> code: TT     BUY: 2005-03-31   24.68 SELL: 2008-07-31   22.31  macd:   -0.22 macd_count:  40 profit:  0.90
Trade --> code: TT     BUY: 2010-04-30   22.91 SELL: 2011-11-30   20.52  macd:   -0.06 macd_count:  19 profit:  0.90
Trade --> code: TT     BUY: 2012-03-31   25.62 SELL: 2022-10-31  156.77  macd:    2.72 macd_count: 128 profit:  6.12

code: UNH      day: macd + hist + hist_1pre + ,  Week: macd + hist + hist_1pre - , Month: macd + hist - hist_1pre - , 
Trade --> code: UNH    BUY: 2005-03-31   47.69 SELL: 2008-03-31   34.36  macd:   -0.63 macd_count:  36 profit:  0.72
Trade --> code: UNH    BUY: 2010-10-31   36.05 SELL: 2022-10-31  549.89  macd:   47.33 macd_count: 145 profit: 15.25

code: WING     day: macd + hist + hist_1pre + ,  Week: macd + hist + hist_1pre - , Month: macd - hist + hist_1pre - , 
Trade --> code: WING   BUY: 2017-10-31   33.87 SELL: 2022-05-31   79.66  macd:   -0.30 macd_count:  55 profit:  2.35

code: XYL      day: macd + hist + hist_1pre + ,  Week: macd + hist + hist_1pre - , Month: macd - hist - hist_1pre - , 
Trade --> code: XYL    BUY: 2014-02-28   39.35 SELL: 2022-06-30   78.18  macd:   -0.76 macd_count: 100 profit:  1.99

code: ZYXI     day: macd + hist + hist_1pre + ,  Week: macd + hist + hist_1pre - , Month: macd - hist + hist_1pre - , 
Trade --> code: ZYXI   BUY: 2007-08-31    0.86 SELL: 2009-06-30    0.85  macd:   -0.04 macd_count:  22 profit:  0.99
Trade --> code: ZYXI   BUY: 2017-02-28    0.30 SELL: 2022-01-31    7.92  macd:   -0.11 macd_count:  59 profit: 26.40

