Thu Jan 20 13:49:48 UTC 2022
arg[0]: scraping/yahoo-finace-api2.py, arg[1]: stock-code-list/buy-list.txt
===========================
scraping
===========================
START:  TOK
END:    0.3202848434448242
-
START:  AAPL
END:    0.7131013870239258
-
START:  EL
END:    1.0895614624023438
-
START:  NEE
END:    1.5054481029510498
-
START:  AMD
END:    1.8409850597381592
-
START:  APH
END:    2.236564874649048
-
START:  XLP
END:    2.600027322769165
-
START:  SPXL
END:    2.858410596847534
-
START:  KEYS
END:    3.028984308242798
-
START:  VDC
END:    3.3596785068511963
-
START:  CMA
END:    3.8010730743408203
-
START:  AVY
END:    4.209878206253052
-
START:  SPTM
END:    4.5724945068359375
-
START:  SPLG
END:    4.887995004653931
-
START:  CROX
END:    5.210045337677002
-
START:  DAVA
END:    5.349818468093872
-
START:  AWR
END:    6.759197950363159
-
START:  FN
END:    8.045467853546143
-
START:  NXST
END:    8.38673996925354
-
START:  BMI
END:    8.808355331420898
-
START:  GLOB
END:    8.963549137115479
-
START:  ARES
END:    9.158336639404297
-
START:  SJW
END:    9.565627098083496
-
START:  NVDA
END:    9.909745931625366
-
START:  BBDC
END:    10.192111730575562
-
START:  CELH
END:    10.460910081863403
-
START:  RDNT
END:    11.813715934753418
-
START:  ROK
END:    13.275585412979126
-
START:  AVXL
END:    13.56136679649353
-
START:  HCI
END:    14.838027477264404
-
START:  LIT
END:    15.12177062034607
-
START:  LLY
END:    15.529040336608887
-
START:  MCD
END:    15.915360927581787
-
START:  MSI
END:    16.356685400009155
-
START:  ON
END:    16.680001258850098
-
START:  ISRG
END:    17.016401290893555
-
START:  GME
END:    17.37608289718628
-
START:  WNS
END:    17.640554189682007
-
===========================
MACD sell
===========================
START:  TOK
START:  AAPL
START:  EL
START:  NEE
START:  AMD
START:  APH
START:  XLP
START:  SPXL
START:  KEYS
START:  VDC
START:  CMA
START:  AVY
START:  SPTM
START:  SPLG
START:  CROX
START:  DAVA
START:  AWR
START:  FN
START:  NXST
START:  BMI
START:  GLOB
START:  ARES
START:  SJW
START:  NVDA
START:  BBDC
START:  CELH
START:  RDNT
START:  ROK
START:  AVXL
START:  HCI
START:  LIT
START:  LLY
START:  MCD
START:  MSI
START:  ON
START:  ISRG
START:  GME
START:  WNS
==== MACD list ====
code: TOK      day: macd - hist - ,  Week: macd + hist - , Month: macd + hist + , 
code: AAPL     day: macd + hist - ,  Week: macd + hist - , Month: macd + hist + , 
code: EL       day: macd - hist - ,  Week: macd + hist - , Month: macd + hist - , 
code: NEE      day: macd - hist - ,  Week: macd + hist - , Month: macd + hist + , 
code: AMD      day: macd - hist - ,  Week: macd + hist - , Month: macd + hist + , 
code: APH      day: macd - hist - ,  Week: macd + hist - , Month: macd + hist + , 
code: XLP      day: macd + hist - ,  Week: macd + hist + , Month: macd + hist + , 
code: SPXL     day: macd - hist - ,  Week: macd + hist - , Month: macd + hist + , 
code: KEYS     day: macd - hist - ,  Week: macd + hist - , Month: macd + hist + , 
code: VDC      day: macd + hist - ,  Week: macd + hist + , Month: macd + hist + , 
code: CMA      day: macd + hist + ,  Week: macd + hist + , Month: macd + hist + , 
code: AVY      day: macd - hist - ,  Week: macd - hist - , Month: macd + hist - , 
code: SPTM     day: macd - hist - ,  Week: macd + hist - , Month: macd + hist + , 
code: SPLG     day: macd - hist - ,  Week: macd + hist - , Month: macd + hist + , 
code: CROX     day: macd - hist - ,  Week: macd - hist - , Month: macd + hist - , 
code: DAVA     day: macd - hist - ,  Week: macd - hist - , Month: macd + hist + , 
code: AWR      day: macd - hist - ,  Week: macd + hist - , Month: macd + hist + , 
code: FN       day: macd - hist - ,  Week: macd + hist - , Month: macd + hist + , 
code: NXST     day: macd + hist + ,  Week: macd + hist + , Month: macd + hist + , 
code: BMI      day: macd - hist - ,  Week: macd - hist - , Month: macd + hist - , 
code: GLOB     day: macd - hist - ,  Week: macd - hist - , Month: macd + hist - , 
code: ARES     day: macd - hist - ,  Week: macd + hist - , Month: macd + hist + , 
code: SJW      day: macd - hist - ,  Week: macd + hist - , Month: macd + hist + , 
code: NVDA     day: macd - hist - ,  Week: macd + hist - , Month: macd + hist + , 
code: BBDC     day: macd - hist - ,  Week: macd + hist - , Month: macd + hist + , 
code: CELH     day: macd - hist - ,  Week: macd - hist - , Month: macd + hist - , 
code: RDNT     day: macd - hist - ,  Week: macd - hist - , Month: macd + hist - , 
code: ROK      day: macd - hist - ,  Week: macd + hist - , Month: macd + hist + , 
code: AVXL     day: macd - hist - ,  Week: macd - hist - , Month: macd + hist - , 
code: HCI      day: macd - hist - ,  Week: macd - hist - , Month: macd + hist - , 
code: LIT      day: macd - hist + ,  Week: macd - hist - , Month: macd + hist + , 
code: LLY      day: macd - hist - ,  Week: macd + hist - , Month: macd + hist + , 
code: MCD      day: macd - hist - ,  Week: macd + hist - , Month: macd + hist + , 
code: MSI      day: macd - hist - ,  Week: macd + hist - , Month: macd + hist + , 
code: ON       day: macd - hist - ,  Week: macd + hist - , Month: macd + hist + , 
code: ISRG     day: macd - hist - ,  Week: macd - hist - , Month: macd + hist - , 
code: GME      day: macd - hist - ,  Week: macd - hist - , Month: macd + hist - , 
code: WNS      day: macd + hist + ,  Week: macd + hist - , Month: macd + hist + , 
==== MACD sell list ====
code: TOK      day: macd - hist - , 
code: TOK      day: macd - hist - ,  Week: macd + hist - , 
code: AAPL     day: macd + hist - , 
code: AAPL     day: macd + hist - ,  Week: macd + hist - , 
code: EL       day: macd - hist - , 
code: EL       day: macd - hist - ,  Week: macd + hist - , 
code: EL       day: macd - hist - ,  Week: macd + hist - , Month: macd + hist - , 
code: NEE      day: macd - hist - , 
code: NEE      day: macd - hist - ,  Week: macd + hist - , 
code: AMD      day: macd - hist - , 
code: AMD      day: macd - hist - ,  Week: macd + hist - , 
code: APH      day: macd - hist - , 
code: APH      day: macd - hist - ,  Week: macd + hist - , 
code: XLP      day: macd + hist - , 
code: SPXL     day: macd - hist - , 
code: SPXL     day: macd - hist - ,  Week: macd + hist - , 
code: KEYS     day: macd - hist - , 
code: KEYS     day: macd - hist - ,  Week: macd + hist - , 
code: VDC      day: macd + hist - , 
code: AVY      day: macd - hist - , 
code: AVY      day: macd - hist - ,  Week: macd - hist - , 
code: AVY      day: macd - hist - ,  Week: macd - hist - , Month: macd + hist - , 
code: SPTM     day: macd - hist - , 
code: SPTM     day: macd - hist - ,  Week: macd + hist - , 
code: SPLG     day: macd - hist - , 
code: SPLG     day: macd - hist - ,  Week: macd + hist - , 
code: CROX     day: macd - hist - , 
code: CROX     day: macd - hist - ,  Week: macd - hist - , 
code: CROX     day: macd - hist - ,  Week: macd - hist - , Month: macd + hist - , 
code: DAVA     day: macd - hist - , 
code: DAVA     day: macd - hist - ,  Week: macd - hist - , 
code: AWR      day: macd - hist - , 
code: AWR      day: macd - hist - ,  Week: macd + hist - , 
code: FN       day: macd - hist - , 
code: FN       day: macd - hist - ,  Week: macd + hist - , 
code: BMI      day: macd - hist - , 
code: BMI      day: macd - hist - ,  Week: macd - hist - , 
code: BMI      day: macd - hist - ,  Week: macd - hist - , Month: macd + hist - , 
code: GLOB     day: macd - hist - , 
code: GLOB     day: macd - hist - ,  Week: macd - hist - , 
code: GLOB     day: macd - hist - ,  Week: macd - hist - , Month: macd + hist - , 
code: ARES     day: macd - hist - , 
code: ARES     day: macd - hist - ,  Week: macd + hist - , 
code: SJW      day: macd - hist - , 
code: SJW      day: macd - hist - ,  Week: macd + hist - , 
code: NVDA     day: macd - hist - , 
code: NVDA     day: macd - hist - ,  Week: macd + hist - , 
code: BBDC     day: macd - hist - , 
code: BBDC     day: macd - hist - ,  Week: macd + hist - , 
code: CELH     day: macd - hist - , 
code: CELH     day: macd - hist - ,  Week: macd - hist - , 
code: CELH     day: macd - hist - ,  Week: macd - hist - , Month: macd + hist - , 
code: RDNT     day: macd - hist - , 
code: RDNT     day: macd - hist - ,  Week: macd - hist - , 
code: RDNT     day: macd - hist - ,  Week: macd - hist - , Month: macd + hist - , 
code: ROK      day: macd - hist - , 
code: ROK      day: macd - hist - ,  Week: macd + hist - , 
code: AVXL     day: macd - hist - , 
code: AVXL     day: macd - hist - ,  Week: macd - hist - , 
code: AVXL     day: macd - hist - ,  Week: macd - hist - , Month: macd + hist - , 
code: HCI      day: macd - hist - , 
code: HCI      day: macd - hist - ,  Week: macd - hist - , 
code: HCI      day: macd - hist - ,  Week: macd - hist - , Month: macd + hist - , 
code: LIT      day: macd - hist + ,  Week: macd - hist - , 
code: LLY      day: macd - hist - , 
code: LLY      day: macd - hist - ,  Week: macd + hist - , 
code: MCD      day: macd - hist - , 
code: MCD      day: macd - hist - ,  Week: macd + hist - , 
code: MSI      day: macd - hist - , 
code: MSI      day: macd - hist - ,  Week: macd + hist - , 
code: ON       day: macd - hist - , 
code: ON       day: macd - hist - ,  Week: macd + hist - , 
code: ISRG     day: macd - hist - , 
code: ISRG     day: macd - hist - ,  Week: macd - hist - , 
code: ISRG     day: macd - hist - ,  Week: macd - hist - , Month: macd + hist - , 
code: GME      day: macd - hist - , 
code: GME      day: macd - hist - ,  Week: macd - hist - , 
code: GME      day: macd - hist - ,  Week: macd - hist - , Month: macd + hist - , 
code: WNS      day: macd + hist + ,  Week: macd + hist - , 
===========================
profit
===========================
arg[0]: scraping/yahoo-finace-api2.py, arg[1]: stock-code-list/up-month.txt
===========================
scraping
===========================
START:  A
END:    0.4522876739501953
-
START:  AAON
END:    0.8193318843841553
-
START:  AAPL
END:    1.223088026046753
-
START:  ABG
END:    1.547804832458496
-
START:  ABT
END:    2.0253076553344727
-
START:  ACLS
END:    2.394817590713501
-
START:  ACMR
END:    2.5311977863311768
-
START:  ACN
END:    2.8647172451019287
-
START:  ADBE
END:    3.2519378662109375
-
START:  ADI
END:    3.65390682220459
-
START:  ADP
END:    4.109925746917725
-
START:  ADSK
END:    4.4786858558654785
-
START:  ADUS
END:    4.720190525054932
-
START:  AEE
END:    5.10455846786499
-
START:  AGYS
END:    5.449263334274292
-
START:  AIZ
END:    6.794996976852417
-
START:  AJG
END:    7.236337900161743
-
START:  AJRD
END:    7.599523544311523
-
START:  ALB
END:    7.955411672592163
-
START:  ALG
END:    8.330379009246826
-
START:  ALGN
END:    9.671452045440674
-
START:  ALLE
END:    9.850696086883545
-
START:  ALTR
END:    9.958965539932251
-
START:  AMAT
END:    10.317895650863647
-
START:  AMBA
END:    10.530447006225586
-
START:  AMD
END:    10.869400978088379
-
START:  AME
END:    11.255329370498657
-
START:  AMED
END:    11.60428762435913
-
START:  AMEH
END:    11.834949493408203
-
START:  AMGN
END:    13.258321762084961
-
START:  AMN
END:    13.632710933685303
-
START:  AMP
END:    13.948786497116089
-
START:  AMRC
END:    14.174708843231201
-
START:  AMSWA
END:    14.560028553009033
-
START:  AMTX
END:    15.857475280761719
-
START:  AMZN
END:    16.23368787765503
-
START:  AN
END:    16.568565368652344
-
START:  ANSS
END:    16.903348207473755
-
START:  ANTM
END:    18.29179883003235
-
START:  AON
END:    18.67606210708618
-
START:  AOSL
END:    19.906911611557007
-
START:  APD
END:    21.324437618255615
-
START:  APH
END:    21.74930429458618
-
START:  APPF
END:    21.886311531066895
-
START:  APPN
END:    22.020496368408203
-
START:  APPS
END:    23.29894709587097
-
START:  AQN
END:    23.54967212677002
-
START:  ARCB
END:    23.88863778114319
-
START:  ARCT
END:    24.056769609451294
-
START:  ARES
END:    27.298646926879883
-
START:  ARGX
END:    27.42324686050415
-
START:  ARWR
END:    28.76668357849121
-
START:  ASML
END:    29.13901686668396
-
START:  ASPN
END:    29.2957444190979
-
START:  ATEC
END:    29.546948194503784
-
START:  ATEN
END:    29.707756757736206
-
START:  ATKR
END:    29.82771897315979
-
START:  ATOM
END:    29.964263677597046
-
START:  ATR
END:    30.329563856124878
-
START:  ATRC
END:    30.61378502845764
-
START:  AUDC
END:    30.935214519500732
-
START:  AUPH
END:    31.119903087615967
-
START:  AVAV
END:    31.402597427368164
-
START:  AVGO
END:    31.648215770721436
-
START:  AVID
END:    31.965238332748413
-
START:  AVNW
END:    32.28060507774353
-
START:  AVXL
END:    32.57147574424744
-
START:  AVY
END:    32.98849105834961
-
START:  AWK
END:    33.27919268608093
-
START:  AWR
END:    33.66449952125549
-
START:  AXON
END:    33.97332453727722
-
START:  AZO
END:    34.27296280860901
-
START:  AZPN
END:    35.68018937110901
-
START:  BAH
END:    35.974740505218506
-
START:  BAM
END:    36.41026067733765
-
START:  BAX
END:    36.78471493721008
-
START:  BBH
END:    37.12097525596619
-
START:  BBQ
END:    37.42500925064087
-
START:  BBY
END:    37.80109000205994
-
START:  BCPC
END:    38.18114948272705
-
START:  BDX
END:    38.60905599594116
-
START:  BEEM
END:    38.836493730545044
-
START:  BFAM
END:    39.01857805252075
-
START:  BFC
END:    40.367128133773804
-
START:  BGFV
END:    40.72482180595398
-
START:  BGNE
END:    40.88214588165283
-
START:  BHVN
END:    42.018489360809326
-
START:  BIO
END:    42.34091305732727
-
START:  BL
END:    42.47498369216919
-
START:  BLD
END:    42.63285732269287
-
START:  BLDP
END:    42.99984121322632
-
START:  BLDR
END:    43.37013268470764
-
START:  BLFS
END:    44.696877002716064
-
START:  BLK
END:    45.05098366737366
-
START:  BLL
END:    45.45912170410156
-
START:  BLNK
END:    46.7163143157959
-
START:  BMI
END:    47.108651876449585
-
START:  BOOT
END:    48.2946081161499
-
START:  BOTZ
END:    48.43873333930969
-
START:  BR
END:    49.75432467460632
-
START:  BRKR
END:    50.101680278778076
-
START:  BRKS
END:    50.438328981399536
-
START:  BRO
END:    51.846867084503174
-
START:  BURL
END:    52.032954692840576
-
START:  BX
END:    53.32410955429077
-
START:  CABO
END:    53.49320411682129
-
START:  CACI
END:    54.865792989730835
-
START:  CALX
END:    55.09829497337341
-
START:  CAMT
END:    55.439703941345215
-
START:  CAR
END:    55.80143880844116
-
START:  CBRE
END:    56.131319522857666
-
START:  CBSH
END:    56.55701947212219
-
START:  CBZ
END:    56.88102436065674
-
START:  CCOI
END:    57.20307183265686
-
START:  CCS
END:    58.37428879737854
-
START:  CDMO
END:    61.72871375083923
-
START:  CDNA
END:    61.89143180847168
-
START:  CDNS
END:    62.25390386581421
-
START:  CDW
END:    62.453784465789795
-
START:  CELH
END:    62.75558066368103
-
START:  CGNX
END:    63.139740228652954
-
START:  CHD
END:    63.55157113075256
-
START:  CHDN
END:    64.95095229148865
-
START:  CHE
END:    65.35155868530273
-
START:  CHGG
END:    65.52737879753113
-
START:  CHH
END:    65.91113209724426
-
START:  CHKP
END:    66.25651264190674
-
START:  CHTR
END:    66.48784947395325
-
START:  CIEN
END:    66.82201933860779
-
START:  CLAR
END:    68.19035291671753
-
START:  CLFD
END:    68.53336715698242
-
START:  CLGN
END:    68.64736151695251
-
START:  CLNE
END:    68.8931155204773
-
START:  CLPT
END:    72.11772418022156
-
START:  CLX
END:    72.53770542144775
-
START:  CMCSA
END:    72.93250513076782
-
START:  CMG
END:    73.20731258392334
-
START:  CMS
END:    73.61109232902527
-
START:  CNC
END:    74.98803877830505
-
START:  CNI
END:    75.35654902458191
-
START:  CNMD
END:    75.72848796844482
-
START:  CNS
END:    76.0643196105957
-
START:  CNXN
END:    76.40378737449646
-
START:  COO
END:    76.8003830909729
-
START:  COST
END:    77.15275049209595
-
START:  COUP
END:    78.29752898216248
-
START:  COWN
END:    79.6148190498352
-
START:  CP
END:    80.04008197784424
-
START:  CPK
END:    80.42865514755249
-
START:  CPRT
END:    81.76805257797241
-
START:  CPSH
END:    82.08418369293213
-
START:  CRAI
END:    82.43738150596619
-
START:  CREE
Not Found: No data found, symbol may be delisted
START:  CRL
END:    82.83559918403625
-
START:  CRM
END:    86.16340136528015
-
START:  CRMT
END:    86.51593160629272
-
START:  CROX
END:    86.80308508872986
-
START:  CRSP
END:    87.94331192970276
-
START:  CRVL
END:    88.26544642448425
-
START:  CSGP
END:    89.62603402137756
-
START:  CSL
END:    90.03445529937744
-
START:  CSWI
END:    90.19180703163147
-
START:  CSX
END:    90.57643246650696
-
START:  CTAS
END:    90.99821352958679
-
START:  CTLT
END:    91.17162203788757
-
START:  CTRN
END:    91.45970225334167
-
START:  CURE
END:    92.78190994262695
-
START:  CVCO
END:    93.12296843528748
-
START:  CVNA
END:    93.25612473487854
-
START:  CWST
END:    94.59066367149353
-
START:  CWT
END:    94.97367334365845
-
START:  CXSE
END:    95.166330575943
-
START:  CYBR
END:    95.33676171302795
-
START:  CYRX
END:    96.6624402999878
-
START:  CYTK
END:    96.97101545333862
-
START:  DAC
END:    97.28683996200562
-
START:  DAR
END:    97.59385681152344
-
START:  DAVA
END:    97.6912636756897
-
START:  DDS
END:    98.08934664726257
-
START:  DE
END:    99.51148009300232
-
START:  DECK
END:    99.89345359802246
-
START:  DELL
END:    101.07117557525635
-
START:  DFIN
END:    101.20784258842468
-
START:  DG
END:    101.45030164718628
-
START:  DGRW
END:    101.65576386451721
-
START:  DHI
END:    109.09947395324707
-
START:  DHR
END:    109.46049952507019
-
START:  DIA
END:    109.82418942451477
-
START:  DIOD
END:    110.16199731826782
-
START:  DIS
END:    110.5622878074646
-
START:  DKS
END:    110.92194509506226
-
START:  DLN
END:    111.243412733078
-
START:  DNLI
END:    111.36713147163391
-
START:  DOMO
END:    111.48690867424011
-
START:  DOV
END:    111.89020156860352
-
START:  DPZ
END:    112.24099731445312
-
START:  DQ
END:    112.45760083198547
-
START:  DRD
END:    112.78071141242981
-
START:  DRIO
END:    112.94511795043945
-
START:  DRNA
END:    113.11848783493042
-
START:  DSGX
END:    113.40961742401123
-
START:  DVAX
END:    113.70644283294678
-
START:  DXCM
END:    114.11422085762024
-
START:  ECL
END:    115.50341534614563
-
START:  EFX
END:    115.93015027046204
-
START:  EGAN
END:    117.29689288139343
-
START:  EHC
END:    117.71994519233704
-
START:  EL
END:    118.11246824264526
-
START:  ENPH
END:    118.33374547958374
-
START:  ENSG
END:    118.63447117805481
-
START:  ENTG
END:    119.95858955383301
-
START:  ENV
END:    120.19365906715393
-
START:  EPAM
END:    120.39401078224182
-
START:  ERIE
END:    120.77330803871155
-
START:  ES
END:    121.1691324710846
-
START:  ESE
END:    122.53506231307983
-
START:  ETN
END:    123.9824857711792
-
START:  ETSY
END:    124.12714004516602
-
START:  EVBG
END:    124.28367161750793
-
START:  EVTC
END:    124.48360300064087
-
START:  EW
END:    124.81610035896301
-
START:  EWT
END:    125.18488216400146
-
START:  EXAS
END:    125.51372337341309
-
START:  EXLS
END:    125.7714295387268
-
START:  EXPD
END:    126.20515489578247
-
START:  EXPI
END:    127.34909057617188
-
START:  EXPO
END:    127.73162031173706
-
START:  FAST
END:    128.10036039352417
-
START:  FATE
END:    129.3012912273407
-
START:  FB
END:    130.54383754730225
-
START:  FCN
END:    130.87973976135254
-
START:  FCX
END:    131.30734491348267
-
START:  FDN
END:    131.58486199378967
-
START:  FDS
END:    131.93908166885376
-
START:  FELE
END:    132.4216070175171
-
START:  FFIN
END:    132.84030985832214
-
START:  FICO
END:    133.2242214679718
-
START:  FINX
END:    134.39489769935608
-
START:  FIS
END:    135.78195214271545
-
START:  FISV
END:    136.11618399620056
-
START:  FIVE
END:    137.30661344528198
-
START:  FIVN
END:    138.5104739665985
-
START:  FLGT
END:    138.64538073539734
-
START:  FLT
END:    138.86045002937317
-
START:  FLWS
END:    139.1864984035492
-
START:  FN
END:    139.44453024864197
-
START:  FND
END:    139.58355951309204
-
START:  FNV
END:    139.85349106788635
-
START:  FORM
END:    141.19246006011963
-
START:  FOXF
END:    142.3921458721161
-
START:  FPX
END:    142.65759372711182
-
START:  FRC
END:    142.90052890777588
-
START:  FRHC
END:    144.05699014663696
-
START:  FRPT
END:    145.24936246871948
-
START:  FSS
END:    145.64447164535522
-
START:  FTNT
END:    145.87854099273682
-
START:  FUV
END:    146.00270915031433
-
START:  GDEN
END:    146.34434008598328
-
START:  GFI
END:    147.73875451087952
-
START:  GGG
END:    149.1523895263672
-
START:  GIB
END:    150.51815366744995
-
START:  GLDD
END:    151.8201515674591
-
START:  GLOB
END:    151.9870572090149
-
START:  GMAB
END:    152.2352876663208
-
START:  GME
END:    152.5848503112793
-
START:  GMED
END:    152.78862309455872
-
START:  GNRC
END:    154.0499610900879
-
START:  GNSS
END:    155.4038188457489
-
START:  GNTX
END:    155.79996538162231
-
START:  GOLF
END:    155.93150067329407
-
START:  GOOG
END:    156.24181532859802
-
START:  GOOGL
END:    156.56031465530396
-
START:  GPI
END:    156.93034267425537
-
START:  GPN
END:    157.31140279769897
-
START:  GRBK
END:    158.60423183441162
-
START:  GRMN
END:    158.9529914855957
-
START:  GRVY
END:    159.26106190681458
-
START:  GRWG
END:    159.38669562339783
-
START:  GWRE
END:    159.57106232643127
-
START:  HACK
END:    159.72515845298767
-
START:  HALO
END:    160.0561785697937
-
START:  HCI
END:    160.31464505195618
-
START:  HD
END:    161.72946095466614
-
START:  HEI
END:    162.14864563941956
-
START:  HELE
END:    162.4721975326538
-
START:  HIBB
END:    162.83680510520935
-
START:  HLI
END:    164.0384361743927
-
START:  HLT
END:    165.2516806125641
-
START:  HOLX
END:    165.58096289634705
-
START:  HON
END:    167.03763675689697
-
START:  HOV
END:    167.34316158294678
-
START:  HRC
END:    168.7463412284851
-
START:  HRI
END:    169.0047469139099
-
START:  HSKA
END:    169.3256711959839
-
START:  HTHT
END:    169.58804321289062
-
START:  HUBS
END:    169.74266958236694
-
START:  HUM
END:    171.16945362091064
-
START:  HZNP
END:    172.40719628334045
-
START:  IAC
END:    172.76956367492676
-
START:  IBP
END:    172.95931720733643
-
START:  ICE
END:    173.2733747959137
-
START:  ICLN
END:    173.52343320846558
-
START:  ICLR
END:    173.87955737113953
-
START:  IDT
END:    175.27497673034668
-
START:  IDXX
END:    175.69222497940063
-
START:  IESC
END:    176.0322117805481
-
START:  IEX
END:    176.43973422050476
-
START:  ILMN
END:    177.80154252052307
-
START:  INFO
END:    178.99859237670898
-
START:  INOV
END:    179.1616506576538
-
START:  INSP
END:    179.3120334148407
-
START:  INTC
END:    180.7179684638977
-
START:  INTU
END:    182.07192182540894
-
START:  INTZ
END:    182.4040515422821
-
START:  INVE
END:    182.71936416625977
-
START:  IOO
END:    183.1175982952118
-
START:  IQV
END:    184.29161143302917
-
START:  IRDM
END:    185.57195353507996
-
START:  IRMD
END:    185.72550296783447
-
START:  ISEE
END:    186.9414782524109
-
START:  ISRG
END:    187.2795078754425
-
START:  IT
END:    187.5759732723236
-
START:  ITT
END:    188.95044612884521
-
START:  ITW
END:    189.31345582008362
-
START:  IVOG
END:    189.53736400604248
-
START:  IVV
END:    190.95146226882935
-
START:  IXJ
END:    192.32305121421814
-
START:  IXN
END:    192.698584318161
-
START:  J
END:    194.10071444511414
-
START:  JBL
END:    194.43536138534546
-
START:  JBSS
END:    195.88517355918884
-
START:  JD
END:    196.04731059074402
-
START:  JKHY
END:    196.4473533630371
-
START:  JKS
END:    196.6842703819275
-
START:  JNJ
END:    198.17325520515442
-
START:  JOE
END:    199.59332966804504
-
START:  JOUT
END:    200.9462788105011
-
START:  JYNT
END:    201.10761308670044
-
START:  KAI
END:    202.53533053398132
-
START:  KBH
END:    203.02020120620728
-
START:  KBR
END:    203.2840232849121
-
START:  KDMN
END:    204.4610517024994
-
START:  KEYS
END:    204.6332929134369
-
START:  KLAC
END:    206.0105664730072
-
START:  KLIC
END:    206.3477385044098
-
START:  KMX
END:    207.69949960708618
-
START:  KNSL
END:    207.85465145111084
-
START:  KOPN
END:    208.17982006072998
-
START:  KOSS
END:    208.61975932121277
-
START:  KRNT
END:    209.79024124145508
-
START:  KSU
END:    210.16144227981567
-
START:  KTOS
END:    210.45307898521423
-
START:  LAC
END:    210.6849341392517
-
START:  LAD
END:    211.09217977523804
-
START:  LANC
END:    211.4618844985962
-
START:  LAWS
END:    212.8402750492096
-
START:  LDOS
END:    213.1377990245819
-
START:  LFMD
END:    214.37995791435242
-
START:  LGIH
END:    214.55591988563538
-
START:  LH
END:    214.90959978103638
-
START:  LHCG
END:    215.1914336681366
-
START:  LHX
END:    216.66764044761658
-
START:  LII
END:    217.0107123851776
-
START:  LIN
END:    218.4070417881012
-
START:  LINC
END:    219.76869869232178
-
START:  LIT
END:    220.02358078956604
-
START:  LLY
END:    221.47477173805237
-
START:  LMT
END:    221.94316625595093
-
START:  LNT
END:    223.34444046020508
-
START:  LOB
END:    223.49121928215027
-
START:  LOGI
END:    224.8534336090088
-
START:  LOVE
END:    226.00008249282837
-
START:  LOW
END:    226.38347935676575
-
START:  LPLA
END:    226.6161413192749
-
START:  LPSN
END:    226.93996691703796
-
START:  LQDT
END:    227.20873045921326
-
START:  LRCX
END:    228.63102293014526
-
START:  LSCC
END:    229.99927043914795
-
START:  LSTR
END:    230.3690528869629
-
START:  LULU
END:    231.7004954814911
-
START:  LUNA
END:    232.9909119606018
-
START:  MA
END:    233.29643058776855
-
START:  MANH
END:    233.62376761436462
-
START:  MANT
END:    233.9892385005951
-
START:  MARA
END:    234.179016828537
-
START:  MASI
END:    234.46386861801147
-
START:  MATX
END:    234.87604570388794
-
START:  MBUU
END:    235.05422472953796
-
START:  MCD
END:    236.45089840888977
-
START:  MCHP
END:    236.81337094306946
-
START:  MCO
END:    238.17384243011475
-
START:  MDB
END:    239.3231909275055
-
START:  MDT
END:    239.7117955684662
-
START:  MEDP
END:    240.8657374382019
-
START:  MEDS
END:    241.02746295928955
-
START:  MELI
END:    241.28908705711365
-
START:  MGC
END:    241.57596898078918
-
START:  MGIC
END:    241.95356392860413
-
START:  MGK
END:    243.25507998466492
-
START:  MGNI
END:    243.43828439712524
-
START:  MHO
END:    244.80262160301208
-
START:  MIME
END:    245.9668083190918
-
START:  MITK
END:    246.27640962600708
-
START:  MKC
END:    249.69446206092834
-
START:  MKSI
END:    250.0310788154602
-
START:  MKTX
END:    251.37537503242493
-
START:  MLAB
END:    251.77692937850952
-
START:  MLR
END:    252.13781452178955
-
START:  MMC
END:    252.56489539146423
-
START:  MMS
END:    252.9297525882721
-
START:  MNMD
END:    253.06525659561157
-
START:  MNST
END:    253.40170860290527
-
START:  MODN
END:    253.5980303287506
-
START:  MODV
END:    253.92850184440613
-
START:  MOH
END:    254.2321698665619
-
START:  MORN
END:    254.569678068161
-
START:  MPWR
END:    254.88769912719727
-
START:  MRTX
END:    256.0854904651642
-
START:  MRVL
END:    256.4420499801636
-
START:  MS
END:    257.89907693862915
-
START:  MSA
END:    258.318968296051
-
START:  MSCI
END:    259.5937476158142
-
START:  MSEX
END:    259.97161531448364
-
START:  MSFT
END:    261.3261282444
-
START:  MSI
END:    262.8051116466522
-
START:  MSTR
END:    264.1610698699951
-
START:  MTBC
END:    264.31923842430115
-
START:  MTCH
END:    264.64828419685364
-
START:  MTD
END:    264.97728848457336
-
START:  MTEX
END:    266.3310420513153
-
START:  MTH
END:    266.6615800857544
-
START:  MTLS
END:    266.8154397010803
-
START:  MTSI
END:    266.9833354949951
-
START:  MU
END:    267.33089685440063
-
START:  MUSA
END:    267.5090796947479
-
START:  MVIS
END:    267.8083794116974
-
START:  MXL
END:    269.0636327266693
-
START:  MYRG
END:    269.2846796512604
-
START:  NBIX
END:    269.67901372909546
-
START:  NCBS
END:    270.8657956123352
-
START:  NDAQ
END:    271.22786688804626
-
START:  NDSN
END:    271.6323082447052
-
START:  NEE
END:    272.0727906227112
-
START:  NEO
END:    273.4039373397827
-
START:  NEOG
END:    273.7426722049713
-
START:  NFLX
END:    274.0698835849762
-
START:  NICE
END:    274.4202172756195
-
START:  NISN
END:    275.5489478111267
-
START:  NKE
END:    275.95289945602417
-
START:  NOVT
END:    277.2715358734131
-
START:  NOW
END:    277.5194983482361
-
START:  NSC
END:    277.90859270095825
-
START:  NSIT
END:    278.2323181629181
-
START:  NSSC
END:    278.5590875148773
-
START:  NSTG
END:    279.77064418792725
-
START:  NTLA
END:    279.9181342124939
-
START:  NTRA
END:    280.0645580291748
-
START:  NUAN
END:    280.4038338661194
-
START:  NVCR
END:    280.550972700119
-
START:  NVDA
END:    280.91419553756714
-
START:  NVMI
END:    282.2574608325958
-
START:  NVO
END:    282.6206901073456
-
START:  NVR
END:    283.96963930130005
-
START:  NXST
END:    287.31926798820496
-
START:  NYT
END:    287.7135651111603
-
START:  OBCI
END:    289.08658957481384
-
START:  ODFL
END:    289.41294384002686
-
START:  OEF
END:    289.753036737442
-
START:  OFLX
END:    290.07464957237244
-
START:  OLED
END:    290.41814732551575
-
START:  OMCL
END:    290.7524518966675
-
START:  ON
END:    291.1042606830597
-
START:  OOMA
END:    291.3056721687317
-
START:  OPRX
END:    291.5583610534668
-
START:  ORA
END:    291.8545219898224
-
START:  ORCL
END:    292.2261891365051
-
START:  ORLY
END:    293.5921559333801
-
START:  ORMP
END:    293.83577585220337
-
START:  OTEX
END:    294.2789394855499
-
START:  PACB
END:    294.50475215911865
-
START:  PAG
END:    295.89028882980347
-
START:  PANW
END:    296.10017108917236
-
START:  PAR
END:    297.4518189430237
-
START:  PAYC
END:    297.6236472129822
-
START:  PAYX
END:    299.4518361091614
-
START:  PBD
END:    302.0531008243561
-
START:  PCTY
END:    303.19120383262634
-
START:  PEGA
END:    306.2995455265045
-
START:  PEN
END:    307.19424271583557
-
START:  PENN
END:    311.888375043869
-
START:  PEP
END:    313.6526520252228
-
START:  PERI
END:    314.8617603778839
-
START:  PFSI
END:    316.2860450744629
-
START:  PGR
END:    318.7604706287384
-
START:  PH
END:    321.8216817378998
-
START:  PHM
END:    323.32576155662537
-
START:  PKI
END:    325.7895710468292
-
START:  PLL
END:    326.7681803703308
-
START:  PLNT
END:    327.96352672576904
-
START:  PLUG
END:    329.45017862319946
-
START:  PLXS
END:    330.8423533439636
-
START:  PODD
END:    333.08422780036926
-
START:  POOL
END:    334.52996253967285
-
START:  POWI
END:    336.9681978225708
-
START:  PRFT
END:    338.2566773891449
-
START:  PRI
END:    339.7869999408722
-
START:  PRTA
END:    341.8984558582306
-
START:  PRTS
END:    344.17111682891846
-
START:  PTSI
END:    345.53223848342896
-
START:  PWR
END:    347.25952100753784
-
START:  PYPL
END:    348.24406147003174
-
START:  QADA
Not Found: No data found, symbol may be delisted
START:  QCLN
END:    348.60409474372864
-
START:  QDEL
END:    350.0359272956848
-
START:  QGEN
END:    351.2195806503296
-
START:  QLYS
END:    353.2362759113312
-
START:  QQQ
END:    354.04168677330017
-
START:  QRVO
END:    355.0524477958679
-
START:  QTWO
END:    356.20271372795105
-
START:  RADA
END:    357.5643846988678
-
START:  RAMP
END:    359.3729648590088
-
START:  RBA
END:    362.4945402145386
-
START:  RCII
END:    365.3401687145233
-
START:  RCKY
END:    367.00828528404236
-
START:  RDNT
END:    368.53170132637024
-
START:  RDVT
END:    369.7567775249481
-
START:  RDWR
END:    370.87471413612366
-
START:  REGI
END:    372.0565769672394
-
START:  RENN
END:    374.17051911354065
-
START:  RGEN
END:    375.2647285461426
-
START:  RH
END:    376.2816469669342
-
START:  RILY
END:    378.6647138595581
-
START:  RIOT
END:    379.978049993515
-
START:  RLI
END:    383.0543577671051
-
START:  RLMD
END:    383.9120087623596
-
START:  RMD
END:    385.81019926071167
-
START:  RNG
END:    386.77705788612366
-
START:  ROBO
END:    388.45593070983887
-
START:  ROCK
END:    391.29481840133667
-
START:  ROK
END:    393.24527502059937
-
START:  ROKU
END:    394.1951515674591
-
START:  ROL
END:    396.97100138664246
-
START:  ROP
END:    399.87828969955444
-
START:  ROST
END:    401.59030508995056
-
START:  RPD
END:    402.5536413192749
-
START:  RPM
END:    403.9710795879364
-
START:  RSG
END:    406.26038217544556
-
START:  RTH
END:    408.3722779750824
-
START:  RUN
END:    409.3118929862976
-
START:  RXI
END:    411.16340136528015
-
START:  SAIA
END:    412.33136510849
-
START:  SAIC
END:    413.86175441741943
-
START:  SAM
END:    415.2625811100006
-
START:  SAVA
END:    416.8398811817169
-
START:  SCI
END:    418.80418848991394
-
START:  SCL
END:    420.6800844669342
-
START:  SE
END:    421.56632256507874
-
START:  SEAS
END:    422.7069971561432
-
START:  SEDG
END:    423.7692470550537
-
START:  SFBS
END:    425.130136013031
-
START:  SGEN
END:    426.5832290649414
-
START:  SGMS
END:    427.86133313179016
-
START:  SGRY
END:    428.76066422462463
-
START:  SHOP
END:    429.8174629211426
-
START:  SHW
END:    431.79345774650574
-
START:  SHYF
END:    433.3472876548767
-
START:  SITE
END:    434.2920141220093
-
START:  SIVB
END:    435.9379861354828
-
START:  SJW
END:    437.7115886211395
-
START:  SKY
END:    440.3253757953644
-
START:  SLAB
END:    441.7208368778229
-
START:  SLP
END:    443.1751642227173
-
START:  SMH
END:    446.3653163909912
-
START:  SMTC
END:    446.6990706920624
-
START:  SNAP
END:    448.77732396125793
-
START:  SNPS
END:    450.9948649406433
-
START:  SOCL
END:    452.36131596565247
-
START:  SOXL
END:    453.5802586078644
-
START:  SPGI
END:    455.51157093048096
-
START:  SPLG
END:    457.28781390190125
-
START:  SPLK
END:    458.55858969688416
-
START:  SPNS
END:    459.8688762187958
-
START:  SPSC
END:    461.1116626262665
-
START:  SPTM
END:    463.56771516799927
-
START:  SPWH
END:    465.4165186882019
-
START:  SPWR
END:    467.824214220047
-
START:  SPXC
END:    469.28106331825256
-
START:  SPXL
END:    471.9462478160858
-
START:  SPY
END:    473.4548373222351
-
START:  SPYG
END:    476.72043228149414
-
START:  SQ
END:    477.61407566070557
-
START:  SSD
END:    482.4571998119354
-
START:  SSNC
END:    483.5564534664154
-
START:  SSTK
END:    484.8362808227539
-
START:  STAA
END:    485.9155399799347
-
START:  STE
END:    487.2676408290863
-
START:  SUSA
END:    488.9301347732544
-
START:  SYK
END:    490.6968529224396
-
START:  SYNA
END:    493.1745262145996
-
START:  TBBK
END:    494.8178491592407
-
START:  TBK
END:    495.9504773616791
-
START:  TDG
END:    498.6852352619171
-
START:  TDOC
END:    499.9062192440033
-
START:  TDY
END:    500.2632098197937
-
START:  TEAM
END:    502.1081392765045
-
START:  TECH
END:    504.22972559928894
-
START:  TECL
END:    508.9121820926666
-
START:  TER
END:    510.6563653945923
-
START:  TFX
END:    512.5845260620117
-
START:  TGH
END:    512.8626637458801
-
START:  TGLS
END:    513.0729529857635
-
START:  TGT
END:    513.4710114002228
-
START:  TGTX
END:    513.7006361484528
-
START:  THC
END:    514.0577232837677
-
START:  TJX
END:    514.4587635993958
-
START:  TMO
END:    515.870198726654
-
START:  TMUS
END:    516.1283371448517
-
START:  TNDM
END:    516.3086321353912
-
START:  TNET
END:    516.4807996749878
-
START:  TPX
END:    516.8059186935425
-
START:  TREX
END:    517.1682806015015
-
START:  TRI
END:    517.5583724975586
-
START:  TRIL
Not Found: No data found, symbol may be delisted
START:  TRMB
END:    519.9811480045319
-
START:  TRNS
END:    520.3047156333923
-
START:  TROW
END:    520.7099554538727
-
START:  TRU
END:    520.8772959709167
-
START:  TRUP
END:    522.2000315189362
-
START:  TSCO
END:    522.5679609775543
-
START:  TSLA
END:    522.7959139347076
-
START:  TSM
END:    523.156213760376
-
START:  TT
END:    523.5643594264984
-
START:  TTC
END:    523.968288898468
-
START:  TTD
END:    524.1341264247894
-
START:  TTEC
END:    525.5456132888794
-
START:  TTEK
END:    526.9156303405762
-
START:  TTGT
END:    527.1754217147827
-
START:  TTWO
END:    527.5211086273193
-
START:  TWLO
END:    530.6882302761078
-
START:  TXN
END:    531.1494519710541
-
START:  TYL
END:    531.4928617477417
-
START:  UCTT
END:    531.788590669632
-
START:  UFPI
END:    532.1712167263031
-
START:  UFPT
END:    532.49835729599
-
START:  UI
END:    532.7077441215515
-
START:  UMC
END:    534.5164361000061
-
START:  UNF
END:    534.9066767692566
-
START:  UNH
END:    535.3148407936096
-
START:  UNP
END:    535.697172164917
-
START:  UPLD
END:    535.86190366745
-
START:  URI
END:    536.1973598003387
-
START:  V
END:    537.492180109024
-
START:  VALU
END:    538.8951542377472
-
START:  VBK
END:    539.2300674915314
-
START:  VCEL
END:    539.5539362430573
-
START:  VCR
END:    539.8833391666412
-
START:  VCTR
END:    540.0056753158569
-
START:  VCYT
END:    540.1815557479858
-
START:  VDC
END:    541.5630769729614
-
START:  VEEV
END:    541.7479341030121
-
START:  VERU
END:    542.081759929657
-
START:  VGT
END:    542.4367225170135
-
START:  VHT
END:    543.7959077358246
-
START:  VIAV
END:    544.1495804786682
-
START:  VICR
END:    545.52525639534
-
START:  VIG
END:    545.8143179416656
-
START:  VO
END:    546.129212141037
-
START:  VONE
END:    546.3628780841827
-
START:  VONG
END:    546.5915970802307
-
START:  VOO
END:    546.8392660617828
-
START:  VOOG
END:    548.0914332866669
-
START:  VOOV
END:    548.3071582317352
-
START:  VOT
END:    548.5945188999176
-
START:  VPU
END:    548.923211812973
-
START:  VRNS
END:    550.9666631221771
-
START:  VRSK
END:    552.2384250164032
-
START:  VRSN
END:    552.6514201164246
-
START:  VRTV
END:    552.8113086223602
-
START:  VSTO
END:    552.97194480896
-
START:  VTHR
END:    553.210079908371
-
START:  VTI
END:    554.6321506500244
-
START:  VTNR
END:    555.9669268131256
-
START:  VTWG
END:    556.1838736534119
-
START:  VUG
END:    557.5769050121307
-
START:  VV
END:    558.9273869991302
-
START:  VXF
END:    559.2862615585327
-
START:  WCN
END:    559.6264638900757
-
START:  WD
END:    559.8874673843384
-
START:  WDAY
END:    560.0861775875092
-
START:  WDFC
END:    560.4753975868225
-
START:  WEC
END:    560.8908522129059
-
START:  WEN
END:    561.2558016777039
-
START:  WINA
END:    562.6224150657654
-
START:  WING
END:    563.8151178359985
-
START:  WIRE
END:    565.1947629451752
-
START:  WIX
END:    565.4005219936371
-
START:  WK
END:    565.5601441860199
-
START:  WLTW
END:    566.0063276290894
-
START:  WM
END:    567.4516203403473
-
START:  WMS
END:    567.6586353778839
-
START:  WNS
END:    568.9340522289276
-
START:  WRB
END:    570.3533253669739
-
START:  WSC
END:    570.4891636371613
-
START:  WSM
END:    570.8803417682648
-
START:  WST
END:    572.2863321304321
-
START:  WTRG
END:    574.6044526100159
-
START:  WTS
END:    574.9990036487579
-
START:  XEL
END:    575.4225716590881
-
START:  XENE
END:    575.5666785240173
-
START:  XLK
END:    578.9641833305359
-
START:  XLNX
END:    579.3315770626068
-
START:  XLP
END:    579.71071600914
-
START:  XLRN
END:    580.9520382881165
-
START:  XLU
END:    581.3027858734131
-
START:  XLV
END:    582.7139010429382
-
START:  XLY
END:    583.1184465885162
-
START:  XYL
END:    583.3420865535736
-
START:  YNDX
END:    583.5561232566833
-
START:  YORW
END:    583.9443225860596
-
START:  YUM
END:    586.9003570079803
-
START:  Z
END:    587.0372824668884
-
START:  ZBRA
END:    587.3715810775757
-
START:  ZEN
END:    587.582879781723
-
START:  ZLAB
END:    587.7122023105621
-
START:  ZNGA
END:    587.9189836978912
-
START:  ZS
END:    589.0401265621185
-
START:  ZTS
END:    590.2300360202789
-
START:  ZYXI
END:    590.564371585846
-
===========================
MACD golden cross
===========================
START:  code
START:  A
START:  AAON
START:  AAPL
START:  ABG
START:  ABT
START:  ACLS
START:  ACMR
START:  ACN
START:  ADBE
START:  ADI
START:  ADP
START:  ADSK
START:  ADUS
START:  AEE
START:  AGYS
START:  AIZ
START:  AJG
START:  AJRD
START:  ALB
START:  ALG
START:  ALGN
START:  ALLE
START:  ALTR
START:  AMAT
START:  AMBA
START:  AMD
START:  AME
START:  AMED
START:  AMEH
START:  AMGN
START:  AMN
START:  AMP
START:  AMRC
START:  AMSWA
START:  AMTX
START:  AMZN
START:  AN
START:  ANSS
START:  ANTM
START:  AON
START:  AOSL
START:  APD
START:  APH
START:  APPF
START:  APPN
START:  APPS
START:  AQN
START:  ARCB
START:  ARCT
START:  ARES
START:  ARGX
START:  ARWR
START:  ASML
START:  ASPN
START:  ATEC
START:  ATEN
START:  ATKR
START:  ATOM
START:  ATR
START:  ATRC
START:  AUDC
START:  AUPH
START:  AVAV
START:  AVGO
START:  AVID
START:  AVNW
START:  AVXL
START:  AVY
START:  AWK
START:  AWR
START:  AXON
START:  AZO
START:  AZPN
START:  BAH
START:  BAM
START:  BAX
START:  BBH
START:  BBQ
START:  BBY
START:  BCPC
START:  BDX
START:  BEEM
START:  BFAM
START:  BFC
START:  BGFV
START:  BGNE
START:  BHVN
START:  BIO
START:  BL
START:  BLD
START:  BLDP
START:  BLDR
START:  BLFS
START:  BLK
START:  BLL
START:  BLNK
START:  BMI
START:  BOOT
START:  BOTZ
START:  BR
START:  BRKR
START:  BRKS
START:  BRO
START:  BURL
START:  BX
START:  CABO
START:  CACI
START:  CALX
START:  CAMT
START:  CAR
START:  CBRE
START:  CBSH
START:  CBZ
START:  CCOI
START:  CCS
START:  CDMO
START:  CDNA
START:  CDNS
START:  CDW
START:  CELH
START:  CGNX
START:  CHD
START:  CHDN
START:  CHE
START:  CHGG
START:  CHH
START:  CHKP
START:  CHTR
START:  CIEN
START:  CLAR
START:  CLFD
START:  CLGN
START:  CLNE
START:  CLPT
START:  CLX
START:  CMCSA
START:  CMG
START:  CMS
START:  CNC
START:  CNI
START:  CNMD
START:  CNS
START:  CNXN
START:  COO
START:  COST
START:  COUP
START:  COWN
START:  CP
START:  CPK
START:  CPRT
START:  CPSH
START:  CRAI
START:  CREE
START:  CRL
START:  CRM
START:  CRMT
START:  CROX
START:  CRSP
START:  CRVL
START:  CSGP
START:  CSL
START:  CSWI
START:  CSX
START:  CTAS
START:  CTLT
START:  CTRN
START:  CURE
START:  CVCO
START:  CVNA
START:  CWST
START:  CWT
START:  CXSE
START:  CYBR
START:  CYRX
START:  CYTK
START:  DAC
START:  DAR
START:  DAVA
START:  DDS
START:  DE
START:  DECK
START:  DELL
START:  DFIN
START:  DG
START:  DGRW
START:  DHI
START:  DHR
START:  DIA
START:  DIOD
START:  DIS
START:  DKS
START:  DLN
START:  DNLI
START:  DOMO
START:  DOV
START:  DPZ
START:  DQ
START:  DRD
START:  DRIO
START:  DRNA
START:  DSGX
START:  DVAX
START:  DXCM
START:  ECL
START:  EFX
START:  EGAN
START:  EHC
START:  EL
START:  ENPH
START:  ENSG
START:  ENTG
START:  ENV
START:  EPAM
START:  ERIE
START:  ES
START:  ESE
START:  ETN
START:  ETSY
START:  EVBG
START:  EVTC
START:  EW
START:  EWT
START:  EXAS
START:  EXLS
START:  EXPD
START:  EXPI
START:  EXPO
START:  FAST
START:  FATE
START:  FB
START:  FCN
START:  FCX
START:  FDN
START:  FDS
START:  FELE
START:  FFIN
START:  FICO
START:  FINX
START:  FIS
START:  FISV
START:  FIVE
START:  FIVN
START:  FLGT
START:  FLT
START:  FLWS
START:  FN
START:  FND
START:  FNV
START:  FORM
START:  FOXF
START:  FPX
START:  FRC
START:  FRHC
START:  FRPT
START:  FSS
START:  FTNT
START:  FUV
START:  GDEN
START:  GFI
START:  GGG
START:  GIB
START:  GLDD
START:  GLOB
START:  GMAB
START:  GME
START:  GMED
START:  GNRC
START:  GNSS
START:  GNTX
START:  GOLF
START:  GOOG
START:  GOOGL
START:  GPI
START:  GPN
START:  GRBK
START:  GRMN
START:  GRVY
START:  GRWG
START:  GWRE
START:  HACK
START:  HALO
START:  HCI
START:  HD
START:  HEI
START:  HELE
START:  HIBB
START:  HLI
START:  HLT
START:  HOLX
START:  HON
START:  HOV
START:  HRC
START:  HRI
START:  HSKA
START:  HTHT
START:  HUBS
START:  HUM
START:  HZNP
START:  IAC
START:  IBP
START:  ICE
START:  ICLN
START:  ICLR
START:  IDT
START:  IDXX
START:  IESC
START:  IEX
START:  ILMN
START:  INFO
START:  INOV
START:  INSP
START:  INTC
START:  INTU
START:  INTZ
START:  INVE
START:  IOO
START:  IQV
START:  IRDM
START:  IRMD
START:  ISEE
START:  ISRG
START:  IT
START:  ITT
START:  ITW
START:  IVOG
START:  IVV
START:  IXJ
START:  IXN
START:  J
START:  JBL
START:  JBSS
START:  JD
START:  JKHY
START:  JKS
START:  JNJ
START:  JOE
START:  JOUT
START:  JYNT
START:  KAI
START:  KBH
START:  KBR
START:  KDMN
START:  KEYS
START:  KLAC
START:  KLIC
START:  KMX
START:  KNSL
START:  KOPN
START:  KOSS
START:  KRNT
START:  KSU
START:  KTOS
START:  LAC
START:  LAD
START:  LANC
START:  LAWS
START:  LDOS
START:  LFMD
START:  LGIH
START:  LH
START:  LHCG
START:  LHX
START:  LII
START:  LIN
START:  LINC
START:  LIT
START:  LLY
START:  LMT
START:  LNT
START:  LOB
START:  LOGI
START:  LOVE
START:  LOW
START:  LPLA
START:  LPSN
START:  LQDT
START:  LRCX
START:  LSCC
START:  LSTR
START:  LULU
START:  LUNA
START:  MA
START:  MANH
START:  MANT
START:  MARA
START:  MASI
START:  MATX
START:  MBUU
START:  MCD
START:  MCHP
START:  MCO
START:  MDB
START:  MDT
START:  MEDP
START:  MEDS
START:  MELI
START:  MGC
START:  MGIC
START:  MGK
START:  MGNI
START:  MHO
START:  MIME
START:  MITK
START:  MKC
START:  MKSI
START:  MKTX
START:  MLAB
START:  MLR
START:  MMC
START:  MMS
START:  MNMD
START:  MNST
START:  MODN
START:  MODV
START:  MOH
START:  MORN
START:  MPWR
START:  MRTX
START:  MRVL
START:  MS
START:  MSA
START:  MSCI
START:  MSEX
START:  MSFT
START:  MSI
START:  MSTR
START:  MTBC
START:  MTCH
START:  MTD
START:  MTEX
START:  MTH
START:  MTLS
START:  MTSI
START:  MU
START:  MUSA
START:  MVIS
START:  MXL
START:  MYRG
START:  NBIX
START:  NCBS
START:  NDAQ
START:  NDSN
START:  NEE
START:  NEO
START:  NEOG
START:  NFLX
START:  NICE
START:  NISN
START:  NKE
START:  NOVT
START:  NOW
START:  NSC
START:  NSIT
START:  NSSC
START:  NSTG
START:  NTLA
START:  NTRA
START:  NUAN
START:  NVCR
START:  NVDA
START:  NVMI
START:  NVO
START:  NVR
START:  NXST
START:  NYT
START:  OBCI
START:  ODFL
START:  OEF
START:  OFLX
START:  OLED
START:  OMCL
START:  ON
START:  OOMA
START:  OPRX
START:  ORA
START:  ORCL
START:  ORLY
START:  ORMP
START:  OTEX
START:  PACB
START:  PAG
START:  PANW
START:  PAR
START:  PAYC
START:  PAYX
START:  PBD
START:  PCTY
START:  PEGA
START:  PEN
START:  PENN
START:  PEP
START:  PERI
START:  PFSI
START:  PGR
START:  PH
START:  PHM
START:  PKI
START:  PLL
START:  PLNT
START:  PLUG
START:  PLXS
START:  PODD
START:  POOL
START:  POWI
START:  PRFT
START:  PRI
START:  PRTA
START:  PRTS
START:  PTSI
START:  PWR
START:  PYPL
START:  QADA
START:  QCLN
START:  QDEL
START:  QGEN
START:  QLYS
START:  QQQ
START:  QRVO
START:  QTWO
START:  RADA
START:  RAMP
START:  RBA
START:  RCII
START:  RCKY
START:  RDNT
START:  RDVT
START:  RDWR
START:  REGI
START:  RENN
START:  RGEN
START:  RH
START:  RILY
START:  RIOT
START:  RLI
START:  RLMD
START:  RMD
START:  RNG
START:  ROBO
START:  ROCK
START:  ROK
START:  ROKU
START:  ROL
START:  ROP
START:  ROST
START:  RPD
START:  RPM
START:  RSG
START:  RTH
START:  RUN
START:  RXI
START:  SAIA
START:  SAIC
START:  SAM
START:  SAVA
START:  SCI
START:  SCL
START:  SE
START:  SEAS
START:  SEDG
START:  SFBS
START:  SGEN
START:  SGMS
START:  SGRY
START:  SHOP
START:  SHW
START:  SHYF
START:  SITE
START:  SIVB
START:  SJW
START:  SKY
START:  SLAB
START:  SLP
START:  SMH
START:  SMTC
START:  SNAP
START:  SNPS
START:  SOCL
START:  SOXL
START:  SPGI
START:  SPLG
START:  SPLK
START:  SPNS
START:  SPSC
START:  SPTM
START:  SPWH
START:  SPWR
START:  SPXC
START:  SPXL
START:  SPY
START:  SPYG
START:  SQ
START:  SSD
START:  SSNC
START:  SSTK
START:  STAA
START:  STE
START:  SUSA
START:  SYK
START:  SYNA
START:  TBBK
START:  TBK
START:  TDG
START:  TDOC
START:  TDY
START:  TEAM
START:  TECH
START:  TECL
START:  TER
START:  TFX
START:  TGH
START:  TGLS
START:  TGT
START:  TGTX
START:  THC
START:  TJX
START:  TMO
START:  TMUS
START:  TNDM
START:  TNET
START:  TPX
START:  TREX
START:  TRI
START:  TRIL
START:  TRMB
START:  TRNS
START:  TROW
START:  TRU
START:  TRUP
START:  TSCO
START:  TSLA
START:  TSM
START:  TT
START:  TTC
START:  TTD
START:  TTEC
START:  TTEK
START:  TTGT
START:  TTWO
START:  TWLO
START:  TXN
START:  TYL
START:  UCTT
START:  UFPI
START:  UFPT
START:  UI
START:  UMC
START:  UNF
START:  UNH
START:  UNP
START:  UPLD
START:  URI
START:  V
START:  VALU
START:  VBK
START:  VCEL
START:  VCR
START:  VCTR
START:  VCYT
START:  VDC
START:  VEEV
START:  VERU
START:  VGT
START:  VHT
START:  VIAV
START:  VICR
START:  VIG
START:  VO
START:  VONE
START:  VONG
START:  VOO
START:  VOOG
START:  VOOV
START:  VOT
START:  VPU
START:  VRNS
START:  VRSK
START:  VRSN
START:  VRTV
START:  VSTO
START:  VTHR
START:  VTI
START:  VTNR
START:  VTWG
START:  VUG
START:  VV
START:  VXF
START:  WCN
START:  WD
START:  WDAY
START:  WDFC
START:  WEC
START:  WEN
START:  WINA
START:  WING
START:  WIRE
START:  WIX
START:  WK
START:  WLTW
START:  WM
START:  WMS
START:  WNS
START:  WRB
START:  WSC
START:  WSM
START:  WST
START:  WTRG
START:  WTS
START:  XEL
START:  XENE
START:  XLK
START:  XLNX
START:  XLP
START:  XLRN
START:  XLU
START:  XLV
START:  XLY
START:  XYL
START:  YNDX
START:  YORW
START:  YUM
START:  Z
START:  ZBRA
START:  ZEN
START:  ZLAB
START:  ZNGA
START:  ZS
START:  ZTS
START:  ZYXI
==== MACD golden cross ====
None
code: GFI      day: macd + hist + hist_1pre - ,  Week: macd + hist + hist_1pre - , Month: macd + hist - hist_1pre - , 
Trade --> code: GFI    BUY: 2004-05-31   10.02 SELL: 2005-04-30    8.57  macd:   -0.04 macd_count:  11 profit:  0.86
Trade --> code: GFI    BUY: 2005-09-30   12.52 SELL: 2007-12-31   12.23  macd:   -0.14 macd_count:  27 profit:  0.98
Trade --> code: GFI    BUY: 2010-06-30   11.52 SELL: 2012-05-31   11.41  macd:   -0.08 macd_count:  23 profit:  0.99
Trade --> code: GFI    BUY: 2016-08-31    5.03 SELL: 2016-11-30    3.07  macd:   -0.08 macd_count:   3 profit:  0.61
Trade --> code: GFI    BUY: 2017-12-31    4.30 SELL: 2018-04-30    3.82  macd:   -0.01 macd_count:   4 profit:  0.89
Trade --> code: GFI    BUY: 2019-05-31    4.46 SELL: 2022-01-31   11.10  macd:    0.83 macd_count:  33 profit:  2.49

