Wed Dec  7 13:49:49 UTC 2022
arg[0]: scraping/yahoo-finace-api2.py, arg[1]: stock-code-list/buy-list.txt
===========================
scraping
===========================
START:  AAPL
END:    0.38304615020751953
-
START:  EL
END:    0.7159101963043213
-
START:  NEE
END:    1.1315648555755615
-
START:  AMD
END:    1.425114631652832
-
START:  APH
END:    1.7459044456481934
-
START:  XLP
END:    2.0786445140838623
-
START:  SPXL
END:    2.320145606994629
-
START:  KEYS
END:    2.5056989192962646
-
START:  VDC
END:    2.808936595916748
-
START:  SPTM
END:    3.176626682281494
-
START:  SPLG
END:    3.4812862873077393
-
START:  CROX
END:    3.730811595916748
-
START:  AXON
END:    4.03802490234375
-
START:  AWR
END:    4.398780107498169
-
START:  FN
END:    4.620026350021362
-
START:  NXST
END:    4.962603807449341
-
START:  TREX
END:    5.279675722122192
-
START:  RGEN
END:    5.5609800815582275
-
START:  EXPO
END:    5.8918046951293945
-
START:  BCPC
END:    7.235157489776611
-
START:  SOXL
END:    8.510633707046509
-
START:  TECL
END:    8.776782751083374
-
START:  NEO
END:    10.06276798248291
-
START:  NVMI
END:    10.372210502624512
-
START:  NVDA
END:    10.662873268127441
-
START:  BBDC
END:    11.015655517578125
-
START:  APPS
END:    11.255398988723755
-
START:  ROK
END:    11.60772156715393
-
START:  NHTC
END:    11.917032480239868
-
START:  ZYXI
END:    12.215739250183105
-
START:  LIT
END:    12.446823358535767
-
START:  LLY
END:    12.864354372024536
-
START:  GTLB
END:    13.964235067367554
-
START:  MCD
END:    14.353312015533447
-
START:  MSI
END:    14.74625563621521
-
START:  HCP
END:    14.818401575088501
-
START:  ON
END:    15.214864730834961
-
===========================
MACD sell
===========================
START:  AAPL
START:  EL
START:  NEE
START:  AMD
START:  APH
START:  XLP
START:  SPXL
START:  KEYS
START:  VDC
START:  SPTM
START:  SPLG
START:  CROX
START:  AXON
START:  AWR
START:  FN
START:  NXST
START:  TREX
START:  RGEN
START:  EXPO
START:  BCPC
START:  SOXL
START:  TECL
START:  NEO
START:  NVMI
START:  NVDA
START:  BBDC
START:  APPS
START:  ROK
START:  NHTC
START:  ZYXI
START:  LIT
START:  LLY
START:  GTLB
START:  MCD
START:  MSI
START:  HCP
START:  ON
==== MACD list ====
code: AAPL     day: macd - hist - ,  Week: macd - hist - , Month: macd + hist - , 
code: EL       day: macd + hist + ,  Week: macd - hist + , Month: macd - hist - , 
code: NEE      day: macd + hist + ,  Week: macd + hist + , Month: macd + hist - , 
code: AMD      day: macd + hist - ,  Week: macd - hist + , Month: macd - hist - , 
code: APH      day: macd + hist - ,  Week: macd + hist + , Month: macd + hist - , 
code: XLP      day: macd + hist - ,  Week: macd + hist + , Month: macd + hist - , 
code: SPXL     day: macd + hist - ,  Week: macd - hist + , Month: macd - hist - , 
code: KEYS     day: macd + hist + ,  Week: macd + hist + , Month: macd + hist - , 
code: VDC      day: macd + hist - ,  Week: macd + hist + , Month: macd + hist - , 
code: SPTM     day: macd + hist - ,  Week: macd + hist + , Month: macd + hist - , 
code: SPLG     day: macd + hist - ,  Week: macd - hist + , Month: macd + hist - , 
code: CROX     day: macd + hist - ,  Week: macd + hist + , Month: macd + hist - , 
code: AXON     day: macd + hist - ,  Week: macd + hist + , Month: macd + hist + , 
code: AWR      day: macd + hist - ,  Week: macd + hist + , Month: macd + hist + , 
code: FN       day: macd + hist - ,  Week: macd + hist + , Month: macd + hist + , 
code: NXST     day: macd + hist + ,  Week: macd - hist + , Month: macd + hist - , 
code: TREX     day: macd - hist - ,  Week: macd - hist + , Month: macd - hist - , 
code: RGEN     day: macd - hist + ,  Week: macd - hist - , Month: macd + hist - , 
code: EXPO     day: macd + hist - ,  Week: macd + hist + , Month: macd + hist - , 
code: BCPC     day: macd + hist - ,  Week: macd + hist - , Month: macd + hist - , 
code: SOXL     day: macd + hist - ,  Week: macd - hist + , Month: macd - hist - , 
code: TECL     day: macd + hist - ,  Week: macd - hist + , Month: macd - hist - , 
code: NEO      day: macd + hist + ,  Week: macd + hist + , Month: macd - hist - , 
code: NVMI     day: macd + hist - ,  Week: macd - hist + , Month: macd + hist - , 
code: NVDA     day: macd + hist - ,  Week: macd - hist + , Month: macd + hist - , 
code: BBDC     day: macd + hist - ,  Week: macd - hist + , Month: macd - hist - , 
code: APPS     day: macd + hist - ,  Week: macd - hist + , Month: macd - hist - , 
code: ROK      day: macd + hist - ,  Week: macd + hist + , Month: macd + hist - , 
code: NHTC     day: macd - hist - ,  Week: macd - hist + , Month: macd - hist - , 
code: ZYXI     day: macd + hist - ,  Week: macd + hist + , Month: macd + hist + , 
code: LIT      day: macd - hist - ,  Week: macd - hist - , Month: macd + hist - , 
code: LLY      day: macd + hist - ,  Week: macd + hist + , Month: macd + hist + , 
code: GTLB     day: macd - hist + ,  Week: macd - hist - , Month: macd + hist + , 
code: MCD      day: macd + hist - ,  Week: macd + hist + , Month: macd + hist + , 
code: MSI      day: macd + hist - ,  Week: macd + hist + , Month: macd + hist + , 
code: HCP      day: macd - hist + ,  Week: macd - hist + , Month: macd + hist + , 
code: ON       day: macd + hist - ,  Week: macd + hist + , Month: macd + hist + , 
==== MACD sell list ====
code: AAPL     day: macd - hist - , 
code: AAPL     day: macd - hist - ,  Week: macd - hist - , 
code: AAPL     day: macd - hist - ,  Week: macd - hist - , Month: macd + hist - , 
code: EL       day: macd + hist + ,  Week: macd - hist + , Month: macd - hist - , 
code: NEE      day: macd + hist + ,  Week: macd + hist + , Month: macd + hist - , 
code: AMD      day: macd + hist - , 
code: AMD      day: macd + hist - ,  Week: macd - hist + , Month: macd - hist - , 
code: APH      day: macd + hist - , 
code: APH      day: macd + hist - ,  Week: macd + hist + , Month: macd + hist - , 
code: XLP      day: macd + hist - , 
code: XLP      day: macd + hist - ,  Week: macd + hist + , Month: macd + hist - , 
code: SPXL     day: macd + hist - , 
code: SPXL     day: macd + hist - ,  Week: macd - hist + , Month: macd - hist - , 
code: KEYS     day: macd + hist + ,  Week: macd + hist + , Month: macd + hist - , 
code: VDC      day: macd + hist - , 
code: VDC      day: macd + hist - ,  Week: macd + hist + , Month: macd + hist - , 
code: SPTM     day: macd + hist - , 
code: SPTM     day: macd + hist - ,  Week: macd + hist + , Month: macd + hist - , 
code: SPLG     day: macd + hist - , 
code: SPLG     day: macd + hist - ,  Week: macd - hist + , Month: macd + hist - , 
code: CROX     day: macd + hist - , 
code: CROX     day: macd + hist - ,  Week: macd + hist + , Month: macd + hist - , 
code: AXON     day: macd + hist - , 
code: AWR      day: macd + hist - , 
code: FN       day: macd + hist - , 
code: NXST     day: macd + hist + ,  Week: macd - hist + , Month: macd + hist - , 
code: TREX     day: macd - hist - , 
code: TREX     day: macd - hist - ,  Week: macd - hist + , Month: macd - hist - , 
code: RGEN     day: macd - hist + ,  Week: macd - hist - , 
code: RGEN     day: macd - hist + ,  Week: macd - hist - , Month: macd + hist - , 
code: EXPO     day: macd + hist - , 
code: EXPO     day: macd + hist - ,  Week: macd + hist + , Month: macd + hist - , 
code: BCPC     day: macd + hist - , 
code: BCPC     day: macd + hist - ,  Week: macd + hist - , 
code: BCPC     day: macd + hist - ,  Week: macd + hist - , Month: macd + hist - , 
code: SOXL     day: macd + hist - , 
code: SOXL     day: macd + hist - ,  Week: macd - hist + , Month: macd - hist - , 
code: TECL     day: macd + hist - , 
code: TECL     day: macd + hist - ,  Week: macd - hist + , Month: macd - hist - , 
code: NEO      day: macd + hist + ,  Week: macd + hist + , Month: macd - hist - , 
code: NVMI     day: macd + hist - , 
code: NVMI     day: macd + hist - ,  Week: macd - hist + , Month: macd + hist - , 
code: NVDA     day: macd + hist - , 
code: NVDA     day: macd + hist - ,  Week: macd - hist + , Month: macd + hist - , 
code: BBDC     day: macd + hist - , 
code: BBDC     day: macd + hist - ,  Week: macd - hist + , Month: macd - hist - , 
code: APPS     day: macd + hist - , 
code: APPS     day: macd + hist - ,  Week: macd - hist + , Month: macd - hist - , 
code: ROK      day: macd + hist - , 
code: ROK      day: macd + hist - ,  Week: macd + hist + , Month: macd + hist - , 
code: NHTC     day: macd - hist - , 
code: NHTC     day: macd - hist - ,  Week: macd - hist + , Month: macd - hist - , 
code: ZYXI     day: macd + hist - , 
code: LIT      day: macd - hist - , 
code: LIT      day: macd - hist - ,  Week: macd - hist - , 
code: LIT      day: macd - hist - ,  Week: macd - hist - , Month: macd + hist - , 
code: LLY      day: macd + hist - , 
code: GTLB     day: macd - hist + ,  Week: macd - hist - , 
code: MCD      day: macd + hist - , 
code: MSI      day: macd + hist - , 
code: ON       day: macd + hist - , 
===========================
profit
===========================
==== plus ====
XLP  , macd +, macd hist -, profit:   [3.17], per:   [4.37], now:  [75.75], buy:  [72.58]
VDC  , macd +, macd hist -, profit:   [6.21], per:   [3.28], now: [195.74], buy: [189.53]
AXON , macd +, macd hist -, profit:  [31.28], per:  [22.64], now: [169.43], buy: [138.15]
FN   , macd +, macd hist -, profit:  [12.59], per:  [10.77], now: [129.45], buy: [116.86]
NXST , macd +, macd hist +, profit:  [17.22], per:   [10.6], now: [179.72], buy:  [162.5]
EXPO , macd +, macd hist -, profit:   [0.12], per:   [0.12], now: [101.23], buy: [101.11]
ZYXI , macd +, macd hist -, profit:   [7.29], per: [114.62], now:  [13.65], buy:   [6.36]
LLY  , macd +, macd hist -, profit:  [97.54], per:  [35.99], now: [368.54], buy:   [271.]
MCD  , macd +, macd hist -, profit:  [18.31], per:   [7.22], now: [271.77], buy: [253.46]
MSI  , macd +, macd hist -, profit:  [14.76], per:   [5.87], now: [266.17], buy: [251.41]
ON   , macd +, macd hist -, profit:   [9.88], per:  [16.51], now:  [69.74], buy:  [59.86]
-
     plus  len:  11
     profit: [218.37], per: [231.99], per/len(p):  [21.09], per/len(p+m):   [6.27]
-
==== minus ====
AAPL , macd -, macd hist -, profit:       [], per:       [], now: [142.91], buy:       []
EL   , macd +, macd hist +, profit: [-102.7], per: [-30.23], now: [237.05], buy: [339.75]
NEE  , macd +, macd hist +, profit:  [-0.15], per:  [-0.18], now:  [85.18], buy:  [85.33]
AMD  , macd +, macd hist -, profit: [-49.96], per: [-41.55], now:  [70.27], buy: [120.23]
APH  , macd +, macd hist -, profit:       [], per:       [], now:  [78.27], buy:       []
SPXL , macd +, macd hist -, profit: [-62.16], per: [-47.73], now:  [68.07], buy: [130.23]
KEYS , macd +, macd hist +, profit:  [-9.23], per:  [-4.96], now: [176.83], buy: [186.06]
SPTM , macd +, macd hist -, profit:  [-7.87], per: [-13.91], now:  [48.71], buy:  [56.58]
SPLG , macd +, macd hist -, profit:  [-7.69], per: [-14.24], now:   [46.3], buy:  [53.99]
CROX , macd +, macd hist -, profit: [-82.99], per: [-46.78], now:  [94.43], buy: [177.42]
AWR  , macd +, macd hist -, profit:       [], per:       [], now:  [96.29], buy:       []
TREX , macd -, macd hist -, profit: [-26.49], per: [-37.84], now:  [43.51], buy:    [70.]
RGEN , macd -, macd hist +, profit: [-10.53], per:  [-5.86], now: [169.13], buy: [179.66]
BCPC , macd +, macd hist -, profit:  [-7.82], per:   [-5.7], now: [129.26], buy: [137.08]
SOXL , macd +, macd hist -, profit: [-30.37], per: [-72.15], now:  [11.72], buy:  [42.09]
TECL , macd +, macd hist -, profit: [-34.95], per: [-57.54], now:  [25.79], buy:  [60.74]
NEO  , macd +, macd hist +, profit:  [-6.28], per:  [-35.2], now:  [11.56], buy:  [17.84]
NVMI , macd +, macd hist -, profit:  [-28.8], per: [-25.12], now:  [85.85], buy: [114.65]
NVDA , macd +, macd hist -, profit:  [-95.8], per: [-37.47], now: [159.87], buy: [255.67]
BBDC , macd +, macd hist -, profit:  [-1.96], per: [-18.49], now:   [8.64], buy:   [10.6]
APPS , macd +, macd hist -, profit: [-27.95], per:   [-64.], now:  [15.72], buy:  [43.67]
ROK  , macd +, macd hist -, profit: [-85.12], per:  [-24.9], now: [256.77], buy: [341.89]
NHTC , macd -, macd hist -, profit:  [-3.28], per: [-45.75], now:   [3.89], buy:   [7.17]
LIT  , macd -, macd hist -, profit: [-24.95], per: [-27.15], now:  [66.96], buy:  [91.91]
GTLB , macd -, macd hist +, profit: [-10.81], per: [-20.49], now:  [41.95], buy:  [52.76]
HCP  , macd -, macd hist +, profit: [-28.83], per: [-53.09], now:  [25.47], buy:   [54.3]
-
     minus len:  26
     profit:       [], per:       [], per/len(m):       [], per/len(p+m):       []
-
==== total ====
     profit:       [], per:       [], per/len(p+m):       []
arg[0]: scraping/yahoo-finace-api2.py, arg[1]: stock-code-list/up-month.txt
===========================
scraping
===========================
START:  A
END:    0.34372758865356445
-
START:  AAON
END:    0.6861262321472168
-
START:  AAPL
END:    1.0285537242889404
-
START:  ABG
END:    1.3078575134277344
-
START:  ABT
END:    1.6608622074127197
-
START:  ACLS
END:    1.9925434589385986
-
START:  ACMR
END:    2.127701997756958
-
START:  ACN
END:    2.5293853282928467
-
START:  ADBE
END:    2.916186571121216
-
START:  ADI
END:    3.2480711936950684
-
START:  ADP
END:    3.596517324447632
-
START:  ADSK
END:    3.924492359161377
-
START:  ADUS
END:    4.127276659011841
-
START:  AEE
END:    4.455251455307007
-
START:  AGYS
END:    4.811244249343872
-
START:  AIZ
END:    5.112598180770874
-
START:  AJG
END:    5.461239814758301
-
START:  AJRD
END:    5.803656816482544
-
START:  ALB
END:    6.1271302700042725
-
START:  ALG
END:    7.499997854232788
-
START:  ALGN
END:    7.841699600219727
-
START:  ALLE
END:    8.02743911743164
-
START:  ALTR
END:    8.164402723312378
-
START:  AMAT
END:    8.49259877204895
-
START:  AMBA
END:    8.687066555023193
-
START:  AMD
END:    8.974771499633789
-
START:  AME
END:    10.32502293586731
-
START:  AMED
END:    10.62333369255066
-
START:  AMEH
END:    10.825376749038696
-
START:  AMGN
END:    11.179738521575928
-
START:  AMN
END:    11.502776384353638
-
START:  AMP
END:    11.780857563018799
-
START:  AMRC
END:    12.007093667984009
-
START:  AMSWA
END:    12.341602563858032
-
START:  AMTX
END:    12.610664367675781
-
START:  AMZN
END:    13.140298128128052
-
START:  AN
END:    14.463266134262085
-
START:  ANSS
END:    14.751432180404663
-
START:  ANTM
Not Found: No data found, symbol may be delisted
START:  AON
END:    15.160032749176025
-
START:  AOSL
END:    15.364226341247559
-
START:  APD
END:    15.70623230934143
-
START:  APH
END:    16.022292375564575
-
START:  APPF
END:    17.204954147338867
-
START:  APPN
END:    18.358657598495483
-
START:  APPS
END:    18.599868774414062
-
START:  AQN
END:    18.834171533584595
-
START:  ARCB
END:    19.174980878829956
-
START:  ARCT
END:    19.371088981628418
-
START:  ARES
END:    19.537872552871704
-
START:  ARGX
END:    19.747995376586914
-
START:  ARWR
END:    20.02838921546936
-
START:  ASML
END:    20.325637578964233
-
START:  ASPN
END:    20.493929386138916
-
START:  ATEC
END:    21.77135968208313
-
START:  ATEN
END:    21.95326542854309
-
START:  ATKR
END:    22.08932375907898
-
START:  ATOM
END:    22.24390935897827
-
START:  ATR
END:    22.580779552459717
-
START:  ATRC
END:    22.820289134979248
-
START:  AUDC
END:    23.102108478546143
-
START:  AUPH
END:    24.291210174560547
-
START:  AVAV
END:    25.57479429244995
-
START:  AVGO
END:    25.82047176361084
-
START:  AVID
END:    26.11065363883972
-
START:  AVNW
END:    26.408052444458008
-
START:  AVXL
END:    26.650818347930908
-
START:  AVY
END:    27.03288197517395
-
START:  AWK
END:    27.292770624160767
-
START:  AWR
END:    28.621578693389893
-
START:  AXON
END:    28.912835836410522
-
START:  AZO
END:    29.20488715171814
-
START:  AZPN
END:    29.478355646133423
-
START:  BAH
END:    29.71791958808899
-
START:  BAM
END:    31.14545726776123
-
START:  BAX
END:    31.49721670150757
-
START:  BBH
END:    34.82462954521179
-
START:  BBQ
END:    35.164605140686035
-
START:  BBY
END:    35.489564657211304
-
START:  BCPC
END:    35.85586881637573
-
START:  BDX
END:    36.23889207839966
-
START:  BEEM
END:    36.45348906517029
-
START:  BFAM
END:    36.69131135940552
-
START:  BFC
END:    36.95508170127869
-
START:  BGFV
END:    37.292882442474365
-
START:  BGNE
END:    37.43739175796509
-
START:  BHVN
END:    37.498228788375854
-
START:  BIO
END:    37.78567051887512
-
START:  BL
END:    37.937938928604126
-
START:  BLD
END:    38.095396280288696
-
START:  BLDP
END:    38.3973286151886
-
START:  BLDR
END:    38.68335485458374
-
START:  BLFS
END:    38.991114139556885
-
START:  BLK
END:    39.299906730651855
-
START:  BLL
Not Found: No data found, symbol may be delisted
START:  BLNK
END:    39.56798529624939
-
START:  BMI
END:    39.89667344093323
-
START:  BOOT
END:    40.053577184677124
-
START:  BOTZ
END:    40.21305727958679
-
START:  BR
END:    40.48392915725708
-
START:  BRKR
END:    41.83134984970093
-
START:  BRKS
Not Found: No data found, symbol may be delisted
START:  BRO
END:    43.3093204498291
-
START:  BURL
END:    43.477675676345825
-
START:  BX
END:    43.73868799209595
-
START:  CABO
END:    43.93477725982666
-
START:  CACI
END:    44.2278573513031
-
START:  CALX
END:    44.44009733200073
-
START:  CAMT
END:    44.73308610916138
-
START:  CAR
END:    45.0657958984375
-
START:  CBRE
END:    45.35100793838501
-
START:  CBSH
END:    45.753501415252686
-
START:  CBZ
END:    46.03843450546265
-
START:  CCOI
END:    46.362125396728516
-
START:  CCS
END:    46.54860329627991
-
START:  CDMO
END:    46.836246967315674
-
START:  CDNA
END:    47.01364707946777
-
START:  CDNS
END:    47.31422209739685
-
START:  CDW
END:    47.52455401420593
-
START:  CELH
END:    47.76868414878845
-
START:  CGNX
END:    49.10989284515381
-
START:  CHD
END:    50.47205376625061
-
START:  CHDN
END:    50.819231271743774
-
START:  CHE
END:    51.12582278251648
-
START:  CHGG
END:    51.30429410934448
-
START:  CHH
END:    51.68327856063843
-
START:  CHKP
END:    51.96100878715515
-
START:  CHTR
END:    52.163371562957764
-
START:  CIEN
END:    52.432865381240845
-
START:  CLAR
END:    52.72965884208679
-
START:  CLFD
END:    54.01516056060791
-
START:  CLGN
END:    54.14453887939453
-
START:  CLNE
END:    54.371217250823975
-
START:  CLPT
END:    54.604626417160034
-
START:  CLX
END:    54.97684717178345
-
START:  CMCSA
END:    55.324549198150635
-
START:  CMG
END:    55.60404062271118
-
START:  CMS
END:    55.962199449539185
-
START:  CNC
END:    56.24347996711731
-
START:  CNI
END:    57.588441371917725
-
START:  CNMD
END:    57.91951560974121
-
START:  CNS
END:    58.23761248588562
-
START:  CNXN
END:    58.52684760093689
-
START:  COO
END:    58.87670588493347
-
START:  COST
END:    59.21821045875549
-
START:  COUP
END:    59.37553095817566
-
START:  COWN
END:    59.61312007904053
-
START:  CP
END:    59.972495794296265
-
START:  CPK
END:    60.348466873168945
-
START:  CPRT
END:    60.62080097198486
-
START:  CPSH
END:    60.94041347503662
-
START:  CRAI
END:    62.24794960021973
-
START:  CREE
Not Found: No data found, symbol may be delisted
START:  CRL
END:    62.60182237625122
-
START:  CRM
END:    62.86325025558472
-
START:  CRMT
END:    63.17827558517456
-
START:  CROX
END:    63.42422270774841
-
START:  CRSP
END:    63.58834767341614
-
START:  CRVL
END:    64.90348625183105
-
START:  CSGP
END:    65.19717144966125
-
START:  CSL
END:    68.58944869041443
-
START:  CSWI
END:    68.75573134422302
-
START:  CSX
END:    69.12498593330383
-
START:  CTAS
END:    69.47557234764099
-
START:  CTLT
END:    69.65409207344055
-
START:  CTRN
END:    69.93558549880981
-
START:  CURE
END:    70.1611008644104
-
START:  CVCO
END:    70.45315408706665
-
START:  CVNA
END:    70.587815284729
-
START:  CWST
END:    71.8869194984436
-
START:  CWT
END:    72.27339720726013
-
START:  CXSE
END:    72.47034811973572
-
START:  CYBR
END:    72.6419026851654
-
START:  CYRX
END:    72.9025661945343
-
START:  CYTK
END:    73.17008852958679
-
START:  DAC
END:    73.4327073097229
-
START:  DAR
END:    73.720388174057
-
START:  DAVA
END:    73.8705792427063
-
START:  DDS
END:    74.23181676864624
-
START:  DE
END:    75.69007325172424
-
START:  DECK
END:    76.97090220451355
-
START:  DELL
END:    78.1457130908966
-
START:  DFIN
END:    78.27656865119934
-
START:  DG
END:    78.5068633556366
-
START:  DGRW
END:    78.70340490341187
-
START:  DHI
END:    79.08186221122742
-
START:  DHR
END:    80.42218399047852
-
START:  DIA
END:    80.76093864440918
-
START:  DIOD
END:    81.0374402999878
-
START:  DIS
END:    82.43358182907104
-
START:  DKS
END:    83.76215362548828
-
START:  DLN
END:    84.06354260444641
-
START:  DNLI
END:    84.20589566230774
-
START:  DOMO
END:    84.32074332237244
-
START:  DOV
END:    84.6751925945282
-
START:  DPZ
END:    84.97857356071472
-
START:  DQ
END:    85.19632840156555
-
START:  DRD
END:    85.5042610168457
-
START:  DRIO
END:    85.6582145690918
-
START:  DRNA
Not Found: No data found, symbol may be delisted
START:  DSGX
END:    87.0616888999939
-
START:  DVAX
END:    87.34742498397827
-
START:  DXCM
END:    87.64738297462463
-
START:  ECL
END:    87.98427510261536
-
START:  EFX
END:    88.39674186706543
-
START:  EGAN
END:    88.68764448165894
-
START:  EHC
END:    89.06400036811829
-
START:  EL
END:    89.3979754447937
-
START:  ENPH
END:    89.58225321769714
-
START:  ENSG
END:    90.88436579704285
-
START:  ENTG
END:    91.20110702514648
-
START:  ENV
END:    91.40741300582886
-
START:  EPAM
END:    91.58060932159424
-
START:  ERIE
END:    91.91049838066101
-
START:  ES
END:    92.30707335472107
-
START:  ESE
END:    92.63606476783752
-
START:  ETN
END:    94.06762742996216
-
START:  ETSY
END:    94.22502875328064
-
START:  EVBG
END:    95.39733505249023
-
START:  EVTC
END:    95.5793936252594
-
START:  EW
END:    95.8919587135315
-
START:  EWT
END:    96.20915627479553
-
START:  EXAS
END:    96.4959237575531
-
START:  EXLS
END:    97.77632188796997
-
START:  EXPD
END:    98.12592649459839
-
START:  EXPI
END:    98.26043677330017
-
START:  EXPO
END:    98.54640030860901
-
START:  FAST
END:    98.85704517364502
-
START:  FATE
END:    99.03569221496582
-
START:  FB
Not Found: No data found, symbol may be delisted
START:  FCN
END:    99.39812731742859
-
START:  FCX
END:    99.72510647773743
-
START:  FDN
END:    99.96210312843323
-
START:  FDS
END:    101.30571246147156
-
START:  FELE
END:    102.65698409080505
-
START:  FFIN
END:    103.01371717453003
-
START:  FICO
END:    103.37979340553284
-
START:  FINX
END:    103.54090762138367
-
START:  FIS
END:    104.86327934265137
-
START:  FISV
END:    105.20101237297058
-
START:  FIVE
END:    105.41128540039062
-
START:  FIVN
END:    105.57001543045044
-
START:  FLGT
END:    105.72014307975769
-
START:  FLT
END:    105.92972779273987
-
START:  FLWS
END:    106.2147626876831
-
START:  FN
END:    106.42590141296387
-
START:  FND
END:    106.56834697723389
-
START:  FNV
END:    106.83070373535156
-
START:  FORM
END:    107.127197265625
-
START:  FOXF
END:    107.31149697303772
-
START:  FPX
END:    107.59994268417358
-
START:  FRC
END:    107.9941577911377
-
START:  FRHC
END:    109.13753366470337
-
START:  FRPT
END:    110.33326983451843
-
START:  FSS
END:    111.69043254852295
-
START:  FTNT
END:    111.92123341560364
-
START:  FUV
END:    112.05393147468567
-
START:  GDEN
END:    112.35094451904297
-
START:  GFI
END:    112.68539214134216
-
START:  GGG
END:    113.03141498565674
-
START:  GIB
END:    113.31726956367493
-
START:  GLDD
END:    113.5702805519104
-
START:  GLOB
END:    114.7410671710968
-
START:  GMAB
END:    114.96066164970398
-
START:  GME
END:    115.26276898384094
-
START:  GMED
END:    115.47890710830688
-
START:  GNRC
END:    115.69931030273438
-
START:  GNSS
END:    119.02459955215454
-
START:  GNTX
END:    119.3964638710022
-
START:  GOLF
END:    119.54259634017944
-
START:  GOOG
END:    119.85536098480225
-
START:  GOOGL
END:    120.15005874633789
-
START:  GPI
END:    120.46152400970459
-
START:  GPN
END:    120.78624200820923
-
START:  GRBK
END:    122.05880928039551
-
START:  GRMN
END:    122.35535979270935
-
START:  GRVY
END:    122.60386443138123
-
START:  GRWG
END:    122.73344349861145
-
START:  GWRE
END:    122.93981194496155
-
START:  HACK
END:    123.11788821220398
-
START:  HALO
END:    123.39842200279236
-
START:  HCI
END:    123.65478110313416
-
START:  HD
END:    123.99934363365173
-
START:  HEI
END:    124.39597821235657
-
START:  HELE
END:    124.69843029975891
-
START:  HIBB
END:    124.98257541656494
-
START:  HLI
END:    126.16662883758545
-
START:  HLT
END:    126.35133218765259
-
START:  HOLX
END:    126.67727327346802
-
START:  HON
END:    127.05205202102661
-
START:  HOV
END:    127.3257303237915
-
START:  HRC
Not Found: No data found, symbol may be delisted
START:  HRI
END:    127.6370358467102
-
START:  HSKA
END:    128.94639539718628
-
START:  HTHT
END:    129.19032669067383
-
START:  HUBS
END:    129.40418815612793
-
START:  HUM
END:    129.75693798065186
-
START:  HZNP
END:    129.963547706604
-
START:  IAC
END:    130.28311347961426
-
START:  IBP
END:    130.44945979118347
-
START:  ICE
END:    130.71154808998108
-
START:  ICLN
END:    130.94623494148254
-
START:  ICLR
END:    131.23192596435547
-
START:  IDT
END:    131.54805421829224
-
START:  IDXX
END:    131.82898378372192
-
START:  IESC
END:    133.14706945419312
-
START:  IEX
END:    133.5038456916809
-
START:  ILMN
END:    133.79654932022095
-
START:  INFO
Not Found: No data found, symbol may be delisted
START:  INOV
Not Found: No data found, symbol may be delisted
START:  INSP
END:    134.03013825416565
-
START:  INTC
END:    134.38555908203125
-
START:  INTU
END:    134.70135760307312
-
START:  INTZ
END:    134.98830199241638
-
START:  INVE
END:    136.27128434181213
-
START:  IOO
END:    137.66522526741028
-
START:  IQV
END:    137.86640977859497
-
START:  IRDM
END:    138.1187343597412
-
START:  IRMD
END:    138.28526377677917
-
START:  ISEE
END:    138.46244025230408
-
START:  ISRG
END:    139.78063797950745
-
START:  IT
END:    140.07627940177917
-
START:  ITT
END:    140.42528462409973
-
START:  ITW
END:    140.77394914627075
-
START:  IVOG
END:    141.062429189682
-
START:  IVV
END:    141.37114691734314
-
START:  IXJ
END:    141.70990562438965
-
START:  IXN
END:    142.06019401550293
-
START:  J
END:    142.33971762657166
-
START:  JBL
END:    142.65804481506348
-
START:  JBSS
END:    143.03771471977234
-
START:  JD
END:    143.21568036079407
-
START:  JKHY
END:    143.57365369796753
-
START:  JKS
END:    143.7908685207367
-
START:  JNJ
END:    144.26609468460083
-
START:  JOE
END:    144.63071298599243
-
START:  JOUT
END:    144.93706345558167
-
START:  JYNT
END:    146.1179211139679
-
START:  KAI
END:    147.41362237930298
-
START:  KBH
END:    147.77418780326843
-
START:  KBR
END:    148.05284905433655
-
START:  KDMN
Not Found: No data found, symbol may be delisted
START:  KEYS
END:    148.2809443473816
-
START:  KLAC
END:    148.66924905776978
-
START:  KLIC
END:    148.9640531539917
-
START:  KMX
END:    149.24689722061157
-
START:  KNSL
END:    149.45832562446594
-
START:  KOPN
END:    149.7460057735443
-
START:  KOSS
END:    150.13533329963684
-
START:  KRNT
END:    151.31824111938477
-
START:  KSU
Not Found: No data found, symbol may be delisted
START:  KTOS
END:    152.7001097202301
-
START:  LAC
END:    152.92501187324524
-
START:  LAD
END:    153.2529261112213
-
START:  LANC
END:    153.62353515625
-
START:  LAWS
Not Found: No data found, symbol may be delisted
START:  LDOS
END:    153.95295071601868
-
START:  LFMD
END:    154.1856608390808
-
START:  LGIH
END:    155.37122249603271
-
START:  LH
END:    156.68507981300354
-
START:  LHCG
END:    156.94721364974976
-
START:  LHX
END:    157.32343292236328
-
START:  LII
END:    157.6754126548767
-
START:  LIN
END:    158.0441997051239
-
START:  LINC
END:    158.3488998413086
-
START:  LIT
END:    158.55703473091125
-
START:  LLY
END:    158.9693319797516
-
START:  LMT
END:    159.3113558292389
-
START:  LNT
END:    160.70474982261658
-
START:  LOB
END:    160.8636028766632
-
START:  LOGI
END:    161.18561792373657
-
START:  LOVE
END:    161.38898754119873
-
START:  LOW
END:    161.78257417678833
-
START:  LPLA
END:    161.98976182937622
-
START:  LPSN
END:    162.27607536315918
-
START:  LQDT
END:    163.5209822654724
-
START:  LRCX
END:    163.8224799633026
-
START:  LSCC
END:    164.10637593269348
-
START:  LSTR
END:    165.47033524513245
-
START:  LULU
END:    165.72468423843384
-
START:  LUNA
END:    165.97179317474365
-
START:  MA
END:    166.25723934173584
-
START:  MANH
END:    167.58653163909912
-
START:  MANT
Not Found: No data found, symbol may be delisted
START:  MARA
END:    167.86800622940063
-
START:  MASI
END:    168.1098392009735
-
START:  MATX
END:    168.4995300769806
-
START:  MBUU
END:    168.67129349708557
-
START:  MCD
END:    169.0570785999298
-
START:  MCHP
END:    169.38751029968262
-
START:  MCO
END:    169.71286368370056
-
START:  MDB
END:    169.85066533088684
-
START:  MDT
END:    170.22462797164917
-
START:  MEDP
END:    170.36916041374207
-
START:  MEDS
END:    170.53670263290405
-
START:  MELI
END:    170.80464053153992
-
START:  MGC
END:    171.07429432868958
-
START:  MGIC
END:    171.3881287574768
-
START:  MGK
END:    172.73752093315125
-
START:  MGNI
END:    172.92002081871033
-
START:  MHO
END:    173.22041606903076
-
START:  MIME
Not Found: No data found, symbol may be delisted
START:  MITK
END:    174.5535066127777
-
START:  MKC
END:    174.91508555412292
-
START:  MKSI
END:    175.2752709388733
-
START:  MKTX
END:    175.5738468170166
-
START:  MLAB
END:    176.96812081336975
-
START:  MLR
END:    177.2741687297821
-
START:  MMC
END:    177.62431502342224
-
START:  MMS
END:    177.95068311691284
-
START:  MNMD
END:    178.08942437171936
-
START:  MNST
END:    179.42591309547424
-
START:  MODN
END:    179.60121059417725
-
START:  MODV
END:    179.89493918418884
-
START:  MOH
END:    180.15264248847961
-
START:  MORN
END:    180.44061398506165
-
START:  MPWR
END:    180.73419332504272
-
START:  MRTX
END:    180.90794706344604
-
START:  MRVL
END:    181.23299860954285
-
START:  MS
END:    181.6081838607788
-
START:  MSA
END:    181.97391152381897
-
START:  MSCI
END:    182.20297169685364
-
START:  MSEX
END:    183.55254125595093
-
START:  MSFT
END:    184.91628456115723
-
START:  MSI
END:    185.33808207511902
-
START:  MSTR
END:    185.64097046852112
-
START:  MTBC
END:    185.80436658859253
-
START:  MTCH
END:    186.11563777923584
-
START:  MTD
END:    186.4264199733734
-
START:  MTEX
END:    186.75090074539185
-
START:  MTH
END:    187.05496788024902
-
START:  MTLS
END:    187.23163414001465
-
START:  MTSI
END:    188.4437437057495
-
START:  MU
END:    188.77000761032104
-
START:  MUSA
END:    188.99350595474243
-
START:  MVIS
END:    189.28783583641052
-
START:  MXL
END:    190.50459480285645
-
START:  MYRG
END:    190.7601432800293
-
START:  NBIX
END:    192.05258178710938
-
START:  NCBS
Not Found: No data found, symbol may be delisted
START:  NDAQ
END:    193.45212197303772
-
START:  NDSN
END:    193.77066946029663
-
START:  NEE
END:    194.1409432888031
-
START:  NEO
END:    195.41467452049255
-
START:  NEOG
END:    195.7204031944275
-
START:  NFLX
END:    196.02131581306458
-
START:  NICE
END:    196.3127772808075
-
START:  NISN
END:    196.45254158973694
-
START:  NKE
END:    196.79334020614624
-
START:  NOVT
END:    197.08803582191467
-
START:  NOW
END:    197.26924109458923
-
START:  NSC
END:    197.62680530548096
-
START:  NSIT
END:    200.96746492385864
-
START:  NSSC
END:    201.2920742034912
-
START:  NSTG
END:    201.47157192230225
-
START:  NTLA
END:    201.6128876209259
-
START:  NTRA
END:    201.7550482749939
-
START:  NUAN
Not Found: No data found, symbol may be delisted
START:  NVCR
END:    205.0448076725006
-
START:  NVDA
END:    205.3539125919342
-
START:  NVMI
END:    205.65276050567627
-
START:  NVO
END:    205.99066042900085
-
START:  NVR
END:    206.28998637199402
-
START:  NXST
END:    206.57866597175598
-
START:  NYT
END:    207.93933629989624
-
START:  OBCI
Not Found: No data found, symbol may be delisted
START:  ODFL
END:    208.30146527290344
-
START:  OEF
END:    208.65984773635864
-
START:  OFLX
END:    208.93484735488892
-
START:  OLED
END:    209.25054025650024
-
START:  OMCL
END:    209.59129929542542
-
START:  ON
END:    209.87502527236938
-
START:  OOMA
END:    210.07192373275757
-
START:  OPRX
END:    210.29436612129211
-
START:  ORA
END:    210.58215761184692
-
START:  ORCL
END:    210.86973118782043
-
START:  ORLY
END:    211.18317866325378
-
START:  ORMP
END:    212.4610879421234
-
START:  OTEX
END:    212.75702381134033
-
START:  PACB
END:    213.00983047485352
-
START:  PAG
END:    213.3241035938263
-
START:  PANW
END:    213.52395248413086
-
START:  PAR
END:    213.81463813781738
-
START:  PAYC
END:    215.0052170753479
-
START:  PAYX
END:    215.3840389251709
-
START:  PBD
END:    215.64065861701965
-
START:  PCTY
END:    215.8326952457428
-
START:  PEGA
END:    217.17460107803345
-
START:  PEN
END:    217.33660435676575
-
START:  PENN
END:    217.63423228263855
-
START:  PEP
END:    218.02470088005066
-
START:  PERI
END:    219.32541680335999
-
START:  PFSI
END:    219.5273666381836
-
START:  PGR
END:    219.8746793270111
-
START:  PH
END:    220.23704934120178
-
START:  PHM
END:    220.58126091957092
-
START:  PKI
END:    220.94239234924316
-
START:  PLL
END:    221.07336688041687
-
START:  PLNT
END:    222.2645766735077
-
START:  PLUG
END:    222.54516434669495
-
START:  PLXS
END:    222.83292698860168
-
START:  PODD
END:    223.06416606903076
-
START:  POOL
END:    223.41474103927612
-
START:  POWI
END:    223.73502564430237
-
START:  PRFT
END:    224.0190725326538
-
START:  PRI
END:    224.25198650360107
-
START:  PRTA
END:    224.44675612449646
-
START:  PRTS
END:    224.6997151374817
-
START:  PTSI
END:    225.00764393806458
-
START:  PWR
END:    226.34295797348022
-
START:  PYPL
END:    226.50998520851135
-
START:  QADA
Not Found: No data found, symbol may be delisted
START:  QCLN
END:    227.83266186714172
-
START:  QDEL
END:    229.18557691574097
-
START:  QGEN
END:    229.49283361434937
-
START:  QLYS
END:    230.70319485664368
-
START:  QQQ
END:    231.0338695049286
-
START:  QRVO
END:    231.2024166584015
-
START:  QTWO
END:    231.46245980262756
-
START:  RADA
END:    231.75154066085815
-
START:  RAMP
END:    232.06484174728394
-
START:  RBA
END:    233.43797874450684
-
START:  RCII
END:    233.73028206825256
-
START:  RCKY
END:    234.05966353416443
-
START:  RDNT
END:    234.36175513267517
-
START:  RDVT
END:    234.48584365844727
-
START:  RDWR
END:    234.77460265159607
-
START:  REGI
END:    234.97071051597595
-
START:  RENN
END:    236.19146847724915
-
START:  RGEN
END:    236.47695899009705
-
START:  RH
END:    239.67677450180054
-
START:  RILY
END:    239.91865992546082
-
START:  RIOT
END:    240.06747937202454
-
START:  RLI
END:    241.4430251121521
-
START:  RLMD
END:    242.60856533050537
-
START:  RMD
END:    242.8943908214569
-
START:  RNG
END:    243.08464455604553
-
START:  ROBO
END:    243.25416803359985
-
START:  ROCK
END:    243.56015920639038
-
START:  ROK
END:    243.8964285850525
-
START:  ROKU
END:    244.0508213043213
-
START:  ROL
END:    244.43073773384094
-
START:  ROP
END:    244.78118419647217
-
START:  ROST
END:    245.108558177948
-
START:  RPD
END:    245.2470588684082
-
START:  RPM
END:    246.6366572380066
-
START:  RSG
END:    246.94777607917786
-
START:  RTH
END:    247.24140548706055
-
START:  RUN
END:    250.4611794948578
-
START:  RXI
END:    250.71960163116455
-
START:  SAIA
END:    251.01750206947327
-
START:  SAIC
END:    251.22454953193665
-
START:  SAM
END:    251.52310299873352
-
START:  SAVA
END:    251.82628345489502
-
START:  SCI
END:    252.16160249710083
-
START:  SCL
END:    252.53350377082825
-
START:  SE
END:    253.68761110305786
-
START:  SEAS
END:    253.86929893493652
-
START:  SEDG
END:    254.03246068954468
-
START:  SFBS
END:    254.24871826171875
-
START:  SGEN
END:    254.57680869102478
-
START:  SGMS
Not Found: No data found, symbol may be delisted
START:  SGRY
END:    254.80462980270386
-
START:  SHOP
END:    254.9525384902954
-
START:  SHW
END:    255.29332494735718
-
START:  SHYF
END:    255.628431558609
-
START:  SITE
END:    256.78444647789
-
START:  SIVB
END:    258.1086070537567
-
START:  SJW
END:    258.46317410469055
-
START:  SKY
END:    258.8111801147461
-
START:  SLAB
END:    259.10897040367126
-
START:  SLP
END:    259.4233441352844
-
START:  SMH
END:    259.72721338272095
-
START:  SMTC
END:    261.0236601829529
-
START:  SNAP
END:    261.1641275882721
-
START:  SNPS
END:    261.4378488063812
-
START:  SOCL
END:    261.65565180778503
-
START:  SOXL
END:    261.8983874320984
-
START:  SPGI
END:    262.2699818611145
-
START:  SPLG
END:    262.5461127758026
-
START:  SPLK
END:    262.7363429069519
-
START:  SPNS
END:    263.03895139694214
-
START:  SPSC
END:    263.26052021980286
-
START:  SPTM
END:    263.61562180519104
-
START:  SPWH
END:    264.78854751586914
-
START:  SPWR
END:    265.1144151687622
-
START:  SPXC
END:    265.4572534561157
-
START:  SPXL
END:    265.70983624458313
-
START:  SPY
END:    266.10576462745667
-
START:  SPYG
END:    266.4173905849457
-
START:  SQ
END:    266.571252822876
-
START:  SSD
END:    266.88888669013977
-
START:  SSNC
END:    267.1141576766968
-
START:  SSTK
END:    267.30345368385315
-
START:  STAA
END:    267.6183605194092
-
START:  STE
END:    267.93196392059326
-
START:  SUSA
END:    268.23432445526123
-
START:  SYK
END:    268.59950613975525
-
START:  SYNA
END:    268.871693611145
-
START:  TBBK
END:    270.1448905467987
-
START:  TBK
END:    270.34941959381104
-
START:  TDG
END:    270.62667632102966
-
START:  TDOC
END:    271.82515716552734
-
START:  TDY
END:    272.0938403606415
-
START:  TEAM
END:    272.2350046634674
-
START:  TECH
END:    272.5525290966034
-
START:  TECL
END:    273.8337199687958
-
START:  TER
END:    274.1441071033478
-
START:  TFX
END:    274.53704047203064
-
START:  TGH
END:    274.8343334197998
-
START:  TGLS
END:    275.0293297767639
-
START:  TGT
END:    275.3797996044159
-
START:  TGTX
END:    275.6284968852997
-
START:  THC
END:    276.99203062057495
-
START:  TJX
END:    277.3359613418579
-
START:  TMO
END:    277.7062075138092
-
START:  TMUS
END:    278.9417610168457
-
START:  TNDM
END:    279.15534472465515
-
START:  TNET
END:    279.3340630531311
-
START:  TPX
END:    279.63937878608704
-
START:  TREX
END:    280.96394634246826
-
START:  TRI
END:    281.29467844963074
-
START:  TRIL
Not Found: No data found, symbol may be delisted
START:  TRMB
END:    281.6826522350311
-
START:  TRNS
END:    281.95190620422363
-
START:  TROW
END:    282.28544092178345
-
START:  TRU
END:    283.4763548374176
-
START:  TRUP
END:    283.6400489807129
-
START:  TSCO
END:    283.9968993663788
-
START:  TSLA
END:    284.2296049594879
-
START:  TSM
END:    284.5435812473297
-
START:  TT
END:    285.9265992641449
-
START:  TTC
END:    286.2785687446594
-
START:  TTD
END:    286.4178795814514
-
START:  TTEC
END:    286.7066333293915
-
START:  TTEK
END:    288.01325821876526
-
START:  TTGT
END:    288.26190519332886
-
START:  TTWO
END:    288.6057460308075
-
START:  TWLO
END:    288.76471996307373
-
START:  TXN
END:    289.142085313797
-
START:  TYL
END:    290.51207280158997
-
START:  UCTT
END:    290.8223469257355
-
START:  UFPI
END:    291.15761518478394
-
START:  UFPT
END:    292.4694323539734
-
START:  UI
END:    292.6856834888458
-
START:  UMC
END:    292.9844138622284
-
START:  UNF
END:    293.3393657207489
-
START:  UNH
END:    293.6897175312042
-
START:  UNP
END:    295.07267594337463
-
START:  UPLD
END:    295.2492792606354
-
START:  URI
END:    295.5326843261719
-
START:  V
END:    295.7809057235718
-
START:  VALU
END:    296.129775762558
-
START:  VBK
END:    296.4321873188019
-
START:  VCEL
END:    296.7247920036316
-
START:  VCR
END:    297.0665497779846
-
START:  VCTR
END:    297.19897627830505
-
START:  VCYT
END:    297.414532661438
-
START:  VDC
END:    297.76823830604553
-
START:  VEEV
END:    297.93511486053467
-
START:  VERU
END:    298.2417266368866
-
START:  VGT
END:    299.5766181945801
-
START:  VHT
END:    299.87088656425476
-
START:  VIAV
END:    300.24540996551514
-
START:  VICR
END:    300.53687953948975
-
START:  VIG
END:    300.8154833316803
-
START:  VO
END:    302.1636600494385
-
START:  VONE
END:    302.38583040237427
-
START:  VONG
END:    302.6327838897705
-
START:  VOO
END:    302.86250162124634
-
START:  VOOG
END:    304.0972464084625
-
START:  VOOV
END:    304.3296778202057
-
START:  VOT
END:    304.6021821498871
-
START:  VPU
END:    304.9129273891449
-
START:  VRNS
END:    305.0782001018524
-
START:  VRSK
END:    306.3353080749512
-
START:  VRSN
END:    307.64689445495605
-
START:  VRTV
END:    307.8029029369354
-
START:  VSTO
END:    307.9582254886627
-
START:  VTHR
END:    308.18787240982056
-
START:  VTI
END:    308.481871843338
-
START:  VTNR
END:    308.7530701160431
-
START:  VTWG
END:    308.99278473854065
-
START:  VUG
END:    309.345294713974
-
START:  VV
END:    309.6235032081604
-
START:  VXF
END:    310.98067116737366
-
START:  WCN
END:    311.32846879959106
-
START:  WD
END:    311.57681035995483
-
START:  WDAY
END:    311.7877240180969
-
START:  WDFC
END:    312.19843101501465
-
START:  WEC
END:    312.5463025569916
-
START:  WEN
END:    312.87576627731323
-
START:  WINA
END:    313.1992564201355
-
START:  WING
END:    313.35864782333374
-
START:  WIRE
END:    313.6916015148163
-
START:  WIX
END:    313.8731768131256
-
START:  WK
END:    314.048570394516
-
START:  WLTW
Not Found: No data found, symbol may be delisted
START:  WM
END:    314.4382064342499
-
START:  WMS
END:    315.6141724586487
-
START:  WNS
END:    315.8696496486664
-
START:  WRB
END:    316.3024227619171
-
START:  WSC
END:    316.44124364852905
-
START:  WSM
END:    316.75750756263733
-
START:  WST
END:    318.1442470550537
-
START:  WTRG
END:    318.49410915374756
-
START:  WTS
END:    319.8613691329956
-
START:  XEL
END:    321.2440719604492
-
START:  XENE
END:    322.58538722991943
-
START:  XLK
END:    322.91721081733704
-
START:  XLNX
Not Found: No data found, symbol may be delisted
START:  XLP
END:    323.4100511074066
-
START:  XLRN
Not Found: No data found, symbol may be delisted
START:  XLU
END:    324.8314483165741
-
START:  XLV
END:    325.2003993988037
-
START:  XLY
END:    325.5072114467621
-
START:  XYL
END:    326.73152685165405
-
START:  YNDX
END:    326.9315824508667
-
START:  YORW
END:    327.26851511001587
-
START:  YUM
END:    327.5882902145386
-
START:  Z
END:    327.7583167552948
-
START:  ZBRA
END:    328.03822350502014
-
START:  ZEN
END:    329.21926522254944
-
START:  ZLAB
END:    329.3523681163788
-
START:  ZNGA
Not Found: No data found, symbol may be delisted
START:  ZS
END:    329.5551836490631
-
START:  ZTS
END:    329.75297594070435
-
START:  ZYXI
END:    330.0332260131836
-
===========================
MACD golden cross
===========================
START:  code
START:  A
START:  AAON
START:  AAPL
START:  ABG
START:  ABT
START:  ACLS
START:  ACMR
START:  ACN
START:  ADBE
START:  ADI
START:  ADP
START:  ADSK
START:  ADUS
START:  AEE
START:  AGYS
START:  AIZ
START:  AJG
START:  AJRD
START:  ALB
START:  ALG
START:  ALGN
START:  ALLE
START:  ALTR
START:  AMAT
START:  AMBA
START:  AMD
START:  AME
START:  AMED
START:  AMEH
START:  AMGN
START:  AMN
START:  AMP
START:  AMRC
START:  AMSWA
START:  AMTX
START:  AMZN
START:  AN
START:  ANSS
START:  ANTM
START:  AON
START:  AOSL
START:  APD
START:  APH
START:  APPF
START:  APPN
START:  APPS
START:  AQN
START:  ARCB
START:  ARCT
START:  ARES
START:  ARGX
START:  ARWR
START:  ASML
START:  ASPN
START:  ATEC
START:  ATEN
START:  ATKR
START:  ATOM
START:  ATR
START:  ATRC
START:  AUDC
START:  AUPH
START:  AVAV
START:  AVGO
START:  AVID
START:  AVNW
START:  AVXL
START:  AVY
START:  AWK
START:  AWR
START:  AXON
START:  AZO
START:  AZPN
START:  BAH
START:  BAM
START:  BAX
START:  BBH
START:  BBQ
START:  BBY
START:  BCPC
START:  BDX
START:  BEEM
START:  BFAM
START:  BFC
START:  BGFV
START:  BGNE
START:  BHVN
START:  BIO
START:  BL
START:  BLD
START:  BLDP
START:  BLDR
START:  BLFS
START:  BLK
START:  BLL
START:  BLNK
START:  BMI
START:  BOOT
START:  BOTZ
START:  BR
START:  BRKR
START:  BRKS
START:  BRO
START:  BURL
START:  BX
START:  CABO
START:  CACI
START:  CALX
START:  CAMT
START:  CAR
START:  CBRE
START:  CBSH
START:  CBZ
START:  CCOI
START:  CCS
START:  CDMO
START:  CDNA
START:  CDNS
START:  CDW
START:  CELH
START:  CGNX
START:  CHD
START:  CHDN
START:  CHE
START:  CHGG
START:  CHH
START:  CHKP
START:  CHTR
START:  CIEN
START:  CLAR
START:  CLFD
START:  CLGN
START:  CLNE
START:  CLPT
START:  CLX
START:  CMCSA
START:  CMG
START:  CMS
START:  CNC
START:  CNI
START:  CNMD
START:  CNS
START:  CNXN
START:  COO
START:  COST
START:  COUP
START:  COWN
START:  CP
START:  CPK
START:  CPRT
START:  CPSH
START:  CRAI
START:  CREE
START:  CRL
START:  CRM
START:  CRMT
START:  CROX
START:  CRSP
START:  CRVL
START:  CSGP
START:  CSL
START:  CSWI
START:  CSX
START:  CTAS
START:  CTLT
START:  CTRN
START:  CURE
START:  CVCO
START:  CVNA
START:  CWST
START:  CWT
START:  CXSE
START:  CYBR
START:  CYRX
START:  CYTK
START:  DAC
START:  DAR
START:  DAVA
START:  DDS
START:  DE
START:  DECK
START:  DELL
START:  DFIN
START:  DG
START:  DGRW
START:  DHI
START:  DHR
START:  DIA
START:  DIOD
START:  DIS
START:  DKS
START:  DLN
START:  DNLI
START:  DOMO
START:  DOV
START:  DPZ
START:  DQ
START:  DRD
START:  DRIO
START:  DRNA
START:  DSGX
START:  DVAX
START:  DXCM
START:  ECL
START:  EFX
START:  EGAN
START:  EHC
START:  EL
START:  ENPH
START:  ENSG
START:  ENTG
START:  ENV
START:  EPAM
START:  ERIE
START:  ES
START:  ESE
START:  ETN
START:  ETSY
START:  EVBG
START:  EVTC
START:  EW
START:  EWT
START:  EXAS
START:  EXLS
START:  EXPD
START:  EXPI
START:  EXPO
START:  FAST
START:  FATE
START:  FB
START:  FCN
START:  FCX
START:  FDN
START:  FDS
START:  FELE
START:  FFIN
START:  FICO
START:  FINX
START:  FIS
START:  FISV
START:  FIVE
START:  FIVN
START:  FLGT
START:  FLT
START:  FLWS
START:  FN
START:  FND
START:  FNV
START:  FORM
START:  FOXF
START:  FPX
START:  FRC
START:  FRHC
START:  FRPT
START:  FSS
START:  FTNT
START:  FUV
START:  GDEN
START:  GFI
START:  GGG
START:  GIB
START:  GLDD
START:  GLOB
START:  GMAB
START:  GME
START:  GMED
START:  GNRC
START:  GNSS
START:  GNTX
START:  GOLF
START:  GOOG
START:  GOOGL
START:  GPI
START:  GPN
START:  GRBK
START:  GRMN
START:  GRVY
START:  GRWG
START:  GWRE
START:  HACK
START:  HALO
START:  HCI
START:  HD
START:  HEI
START:  HELE
START:  HIBB
START:  HLI
START:  HLT
START:  HOLX
START:  HON
START:  HOV
START:  HRC
START:  HRI
START:  HSKA
START:  HTHT
START:  HUBS
START:  HUM
START:  HZNP
START:  IAC
START:  IBP
START:  ICE
START:  ICLN
START:  ICLR
START:  IDT
START:  IDXX
START:  IESC
START:  IEX
START:  ILMN
START:  INFO
START:  INOV
START:  INSP
START:  INTC
START:  INTU
START:  INTZ
START:  INVE
START:  IOO
START:  IQV
START:  IRDM
START:  IRMD
START:  ISEE
START:  ISRG
START:  IT
START:  ITT
START:  ITW
START:  IVOG
START:  IVV
START:  IXJ
START:  IXN
START:  J
START:  JBL
START:  JBSS
START:  JD
START:  JKHY
START:  JKS
START:  JNJ
START:  JOE
START:  JOUT
START:  JYNT
START:  KAI
START:  KBH
START:  KBR
START:  KDMN
START:  KEYS
START:  KLAC
START:  KLIC
START:  KMX
START:  KNSL
START:  KOPN
START:  KOSS
START:  KRNT
START:  KSU
START:  KTOS
START:  LAC
START:  LAD
START:  LANC
START:  LAWS
START:  LDOS
START:  LFMD
START:  LGIH
START:  LH
START:  LHCG
START:  LHX
START:  LII
START:  LIN
START:  LINC
START:  LIT
START:  LLY
START:  LMT
START:  LNT
START:  LOB
START:  LOGI
START:  LOVE
START:  LOW
START:  LPLA
START:  LPSN
START:  LQDT
START:  LRCX
START:  LSCC
START:  LSTR
START:  LULU
START:  LUNA
START:  MA
START:  MANH
START:  MANT
START:  MARA
START:  MASI
START:  MATX
START:  MBUU
START:  MCD
START:  MCHP
START:  MCO
START:  MDB
START:  MDT
START:  MEDP
START:  MEDS
START:  MELI
START:  MGC
START:  MGIC
START:  MGK
START:  MGNI
START:  MHO
START:  MIME
START:  MITK
START:  MKC
START:  MKSI
START:  MKTX
START:  MLAB
START:  MLR
START:  MMC
START:  MMS
START:  MNMD
START:  MNST
START:  MODN
START:  MODV
START:  MOH
START:  MORN
START:  MPWR
START:  MRTX
START:  MRVL
START:  MS
START:  MSA
START:  MSCI
START:  MSEX
START:  MSFT
START:  MSI
START:  MSTR
START:  MTBC
START:  MTCH
START:  MTD
START:  MTEX
START:  MTH
START:  MTLS
START:  MTSI
START:  MU
START:  MUSA
START:  MVIS
START:  MXL
START:  MYRG
START:  NBIX
START:  NCBS
START:  NDAQ
START:  NDSN
START:  NEE
START:  NEO
START:  NEOG
START:  NFLX
START:  NICE
START:  NISN
START:  NKE
START:  NOVT
START:  NOW
START:  NSC
START:  NSIT
START:  NSSC
START:  NSTG
START:  NTLA
START:  NTRA
START:  NUAN
START:  NVCR
START:  NVDA
START:  NVMI
START:  NVO
START:  NVR
START:  NXST
START:  NYT
START:  OBCI
START:  ODFL
START:  OEF
START:  OFLX
START:  OLED
START:  OMCL
START:  ON
START:  OOMA
START:  OPRX
START:  ORA
START:  ORCL
START:  ORLY
START:  ORMP
START:  OTEX
START:  PACB
START:  PAG
START:  PANW
START:  PAR
START:  PAYC
START:  PAYX
START:  PBD
START:  PCTY
START:  PEGA
START:  PEN
START:  PENN
START:  PEP
START:  PERI
START:  PFSI
START:  PGR
START:  PH
START:  PHM
START:  PKI
START:  PLL
START:  PLNT
START:  PLUG
START:  PLXS
START:  PODD
START:  POOL
START:  POWI
START:  PRFT
START:  PRI
START:  PRTA
START:  PRTS
START:  PTSI
START:  PWR
START:  PYPL
START:  QADA
START:  QCLN
START:  QDEL
START:  QGEN
START:  QLYS
START:  QQQ
START:  QRVO
START:  QTWO
START:  RADA
START:  RAMP
START:  RBA
START:  RCII
START:  RCKY
START:  RDNT
START:  RDVT
START:  RDWR
START:  REGI
START:  RENN
START:  RGEN
START:  RH
START:  RILY
START:  RIOT
START:  RLI
START:  RLMD
START:  RMD
START:  RNG
START:  ROBO
START:  ROCK
START:  ROK
START:  ROKU
START:  ROL
START:  ROP
START:  ROST
START:  RPD
START:  RPM
START:  RSG
START:  RTH
START:  RUN
START:  RXI
START:  SAIA
START:  SAIC
START:  SAM
START:  SAVA
START:  SCI
START:  SCL
START:  SE
START:  SEAS
START:  SEDG
START:  SFBS
START:  SGEN
START:  SGMS
START:  SGRY
START:  SHOP
START:  SHW
START:  SHYF
START:  SITE
START:  SIVB
START:  SJW
START:  SKY
START:  SLAB
START:  SLP
START:  SMH
START:  SMTC
START:  SNAP
START:  SNPS
START:  SOCL
START:  SOXL
START:  SPGI
START:  SPLG
START:  SPLK
START:  SPNS
START:  SPSC
START:  SPTM
START:  SPWH
START:  SPWR
START:  SPXC
START:  SPXL
START:  SPY
START:  SPYG
START:  SQ
START:  SSD
START:  SSNC
START:  SSTK
START:  STAA
START:  STE
START:  SUSA
START:  SYK
START:  SYNA
START:  TBBK
START:  TBK
START:  TDG
START:  TDOC
START:  TDY
START:  TEAM
START:  TECH
START:  TECL
START:  TER
START:  TFX
START:  TGH
START:  TGLS
START:  TGT
START:  TGTX
START:  THC
START:  TJX
START:  TMO
START:  TMUS
START:  TNDM
START:  TNET
START:  TPX
START:  TREX
START:  TRI
START:  TRIL
START:  TRMB
START:  TRNS
START:  TROW
START:  TRU
START:  TRUP
START:  TSCO
START:  TSLA
START:  TSM
START:  TT
START:  TTC
START:  TTD
START:  TTEC
START:  TTEK
START:  TTGT
START:  TTWO
START:  TWLO
START:  TXN
START:  TYL
START:  UCTT
START:  UFPI
START:  UFPT
START:  UI
START:  UMC
START:  UNF
START:  UNH
START:  UNP
START:  UPLD
START:  URI
START:  V
START:  VALU
START:  VBK
START:  VCEL
START:  VCR
START:  VCTR
START:  VCYT
START:  VDC
START:  VEEV
START:  VERU
START:  VGT
START:  VHT
START:  VIAV
START:  VICR
START:  VIG
START:  VO
START:  VONE
START:  VONG
START:  VOO
START:  VOOG
START:  VOOV
START:  VOT
START:  VPU
START:  VRNS
START:  VRSK
START:  VRSN
START:  VRTV
START:  VSTO
START:  VTHR
START:  VTI
START:  VTNR
START:  VTWG
START:  VUG
START:  VV
START:  VXF
START:  WCN
START:  WD
START:  WDAY
START:  WDFC
START:  WEC
START:  WEN
START:  WINA
START:  WING
START:  WIRE
START:  WIX
START:  WK
START:  WLTW
START:  WM
START:  WMS
START:  WNS
START:  WRB
START:  WSC
START:  WSM
START:  WST
START:  WTRG
START:  WTS
START:  XEL
START:  XENE
START:  XLK
START:  XLNX
START:  XLP
START:  XLRN
START:  XLU
START:  XLV
START:  XLY
START:  XYL
START:  YNDX
START:  YORW
START:  YUM
START:  Z
START:  ZBRA
START:  ZEN
START:  ZLAB
START:  ZNGA
START:  ZS
START:  ZTS
START:  ZYXI
==== MACD golden cross ====
None
code: NUAN     day: macd + hist + hist_1pre + ,  Week: macd + hist + hist_1pre - , Month: macd + hist - hist_1pre - , 
Trade --> code: NUAN   BUY: 2005-11-30    5.38 SELL: 2008-11-30    7.94  macd:   -0.14 macd_count:  36 profit:  1.48
Trade --> code: NUAN   BUY: 2009-12-31   13.44 SELL: 2013-05-31   16.44  macd:   -0.10 macd_count:  41 profit:  1.22
Trade --> code: NUAN   BUY: 2015-11-30   18.11 SELL: 2016-07-31   13.90  macd:   -0.05 macd_count:   8 profit:  0.77
Trade --> code: NUAN   BUY: 2017-05-31   16.01 SELL: 2017-09-30   13.60  macd:   -0.04 macd_count:   4 profit:  0.85
Trade --> code: NUAN   BUY: 2019-04-30   14.56 SELL: 2022-03-31   55.99  macd:    7.14 macd_count:  36 profit:  3.85

