Fri Dec 16 13:50:03 UTC 2022
arg[0]: scraping/yahoo-finace-api2.py, arg[1]: stock-code-list/buy-list.txt
===========================
scraping
===========================
START:  AAPL
END:    0.37668609619140625
-
START:  EL
END:    0.7445368766784668
-
START:  NEE
END:    1.086902141571045
-
START:  AMD
END:    1.3846113681793213
-
START:  APH
END:    1.7360210418701172
-
START:  XLP
END:    2.0661251544952393
-
START:  SPXL
END:    2.3604178428649902
-
START:  KEYS
END:    2.547804117202759
-
START:  VDC
END:    2.874023199081421
-
START:  SPTM
END:    3.210413694381714
-
START:  SPLG
END:    3.5691280364990234
-
START:  CROX
END:    3.8063127994537354
-
START:  AXON
END:    4.081944227218628
-
START:  AWR
END:    4.390775203704834
-
START:  FN
END:    4.652385234832764
-
START:  NXST
END:    5.003850698471069
-
START:  TREX
END:    5.311336040496826
-
START:  RGEN
END:    5.581480979919434
-
START:  EXPO
END:    5.917737722396851
-
START:  BCPC
END:    7.273226976394653
-
START:  SOXL
END:    7.540663003921509
-
START:  TECL
END:    7.809868335723877
-
START:  NEO
END:    8.090309143066406
-
START:  NVMI
END:    8.39445424079895
-
START:  NVDA
END:    8.692862510681152
-
START:  BBDC
END:    9.972684860229492
-
START:  APPS
END:    10.21679162979126
-
START:  ROK
END:    10.576111316680908
-
START:  NHTC
END:    10.87278127670288
-
START:  ZYXI
END:    11.154008150100708
-
START:  LIT
END:    11.373555183410645
-
START:  LLY
END:    11.746749639511108
-
START:  GTLB
END:    11.810402154922485
-
START:  MCD
END:    12.304187059402466
-
START:  MSI
END:    12.747223377227783
-
START:  HCP
END:    13.821377992630005
-
START:  ON
END:    14.113710641860962
-
===========================
MACD sell
===========================
START:  AAPL
START:  EL
START:  NEE
START:  AMD
START:  APH
START:  XLP
START:  SPXL
START:  KEYS
START:  VDC
START:  SPTM
START:  SPLG
START:  CROX
START:  AXON
START:  AWR
START:  FN
START:  NXST
START:  TREX
START:  RGEN
START:  EXPO
START:  BCPC
START:  SOXL
START:  TECL
START:  NEO
START:  NVMI
START:  NVDA
START:  BBDC
START:  APPS
START:  ROK
START:  NHTC
START:  ZYXI
START:  LIT
START:  LLY
START:  GTLB
START:  MCD
START:  MSI
START:  HCP
START:  ON
==== MACD list ====
code: AAPL     day: macd - hist - ,  Week: macd - hist - , Month: macd + hist - , 
code: EL       day: macd + hist + ,  Week: macd - hist + , Month: macd - hist - , 
code: NEE      day: macd + hist - ,  Week: macd + hist + , Month: macd + hist - , 
code: AMD      day: macd + hist - ,  Week: macd - hist + , Month: macd - hist - , 
code: APH      day: macd + hist - ,  Week: macd + hist + , Month: macd + hist - , 
code: XLP      day: macd + hist - ,  Week: macd + hist + , Month: macd + hist - , 
code: SPXL     day: macd + hist - ,  Week: macd - hist + , Month: macd - hist - , 
code: KEYS     day: macd + hist - ,  Week: macd + hist + , Month: macd + hist - , 
code: VDC      day: macd + hist - ,  Week: macd + hist + , Month: macd + hist - , 
code: SPTM     day: macd + hist - ,  Week: macd - hist + , Month: macd + hist - , 
code: SPLG     day: macd + hist - ,  Week: macd - hist + , Month: macd + hist - , 
code: CROX     day: macd + hist - ,  Week: macd + hist + , Month: macd + hist - , 
code: AXON     day: macd + hist - ,  Week: macd + hist + , Month: macd + hist + , 
code: AWR      day: macd + hist - ,  Week: macd + hist + , Month: macd + hist + , 
code: FN       day: macd + hist - ,  Week: macd + hist + , Month: macd + hist + , 
code: NXST     day: macd + hist - ,  Week: macd - hist + , Month: macd + hist - , 
code: TREX     day: macd - hist + ,  Week: macd - hist + , Month: macd - hist - , 
code: RGEN     day: macd - hist + ,  Week: macd - hist - , Month: macd + hist - , 
code: EXPO     day: macd + hist - ,  Week: macd + hist + , Month: macd + hist - , 
code: BCPC     day: macd - hist - ,  Week: macd + hist - , Month: macd + hist - , 
code: SOXL     day: macd + hist - ,  Week: macd - hist + , Month: macd - hist - , 
code: TECL     day: macd + hist - ,  Week: macd - hist + , Month: macd - hist - , 
code: NEO      day: macd + hist - ,  Week: macd + hist + , Month: macd - hist - , 
code: NVMI     day: macd + hist - ,  Week: macd - hist + , Month: macd + hist - , 
code: NVDA     day: macd + hist - ,  Week: macd + hist + , Month: macd + hist - , 
code: BBDC     day: macd - hist - ,  Week: macd - hist - , Month: macd - hist - , 
code: APPS     day: macd + hist - ,  Week: macd - hist + , Month: macd - hist - , 
code: ROK      day: macd + hist - ,  Week: macd + hist + , Month: macd + hist - , 
code: NHTC     day: macd - hist - ,  Week: macd - hist + , Month: macd - hist - , 
code: ZYXI     day: macd + hist - ,  Week: macd + hist + , Month: macd + hist + , 
code: LIT      day: macd - hist - ,  Week: macd - hist - , Month: macd + hist - , 
code: LLY      day: macd + hist - ,  Week: macd + hist - , Month: macd + hist + , 
code: GTLB     day: macd + hist + ,  Week: macd - hist + , Month: macd + hist + , 
code: MCD      day: macd + hist - ,  Week: macd + hist + , Month: macd + hist + , 
code: MSI      day: macd + hist - ,  Week: macd + hist + , Month: macd + hist + , 
code: HCP      day: macd + hist + ,  Week: macd - hist + , Month: macd + hist + , 
code: ON       day: macd - hist - ,  Week: macd + hist - , Month: macd + hist - , 
==== MACD sell list ====
code: AAPL     day: macd - hist - , 
code: AAPL     day: macd - hist - ,  Week: macd - hist - , 
code: AAPL     day: macd - hist - ,  Week: macd - hist - , Month: macd + hist - , 
code: EL       day: macd + hist + ,  Week: macd - hist + , Month: macd - hist - , 
code: NEE      day: macd + hist - , 
code: NEE      day: macd + hist - ,  Week: macd + hist + , Month: macd + hist - , 
code: AMD      day: macd + hist - , 
code: AMD      day: macd + hist - ,  Week: macd - hist + , Month: macd - hist - , 
code: APH      day: macd + hist - , 
code: APH      day: macd + hist - ,  Week: macd + hist + , Month: macd + hist - , 
code: XLP      day: macd + hist - , 
code: XLP      day: macd + hist - ,  Week: macd + hist + , Month: macd + hist - , 
code: SPXL     day: macd + hist - , 
code: SPXL     day: macd + hist - ,  Week: macd - hist + , Month: macd - hist - , 
code: KEYS     day: macd + hist - , 
code: KEYS     day: macd + hist - ,  Week: macd + hist + , Month: macd + hist - , 
code: VDC      day: macd + hist - , 
code: VDC      day: macd + hist - ,  Week: macd + hist + , Month: macd + hist - , 
code: SPTM     day: macd + hist - , 
code: SPTM     day: macd + hist - ,  Week: macd - hist + , Month: macd + hist - , 
code: SPLG     day: macd + hist - , 
code: SPLG     day: macd + hist - ,  Week: macd - hist + , Month: macd + hist - , 
code: CROX     day: macd + hist - , 
code: CROX     day: macd + hist - ,  Week: macd + hist + , Month: macd + hist - , 
code: AXON     day: macd + hist - , 
code: AWR      day: macd + hist - , 
code: FN       day: macd + hist - , 
code: NXST     day: macd + hist - , 
code: NXST     day: macd + hist - ,  Week: macd - hist + , Month: macd + hist - , 
code: TREX     day: macd - hist + ,  Week: macd - hist + , Month: macd - hist - , 
code: RGEN     day: macd - hist + ,  Week: macd - hist - , 
code: RGEN     day: macd - hist + ,  Week: macd - hist - , Month: macd + hist - , 
code: EXPO     day: macd + hist - , 
code: EXPO     day: macd + hist - ,  Week: macd + hist + , Month: macd + hist - , 
code: BCPC     day: macd - hist - , 
code: BCPC     day: macd - hist - ,  Week: macd + hist - , 
code: BCPC     day: macd - hist - ,  Week: macd + hist - , Month: macd + hist - , 
code: SOXL     day: macd + hist - , 
code: SOXL     day: macd + hist - ,  Week: macd - hist + , Month: macd - hist - , 
code: TECL     day: macd + hist - , 
code: TECL     day: macd + hist - ,  Week: macd - hist + , Month: macd - hist - , 
code: NEO      day: macd + hist - , 
code: NEO      day: macd + hist - ,  Week: macd + hist + , Month: macd - hist - , 
code: NVMI     day: macd + hist - , 
code: NVMI     day: macd + hist - ,  Week: macd - hist + , Month: macd + hist - , 
code: NVDA     day: macd + hist - , 
code: NVDA     day: macd + hist - ,  Week: macd + hist + , Month: macd + hist - , 
code: BBDC     day: macd - hist - , 
code: BBDC     day: macd - hist - ,  Week: macd - hist - , 
code: BBDC     day: macd - hist - ,  Week: macd - hist - , Month: macd - hist - , 
code: APPS     day: macd + hist - , 
code: APPS     day: macd + hist - ,  Week: macd - hist + , Month: macd - hist - , 
code: ROK      day: macd + hist - , 
code: ROK      day: macd + hist - ,  Week: macd + hist + , Month: macd + hist - , 
code: NHTC     day: macd - hist - , 
code: NHTC     day: macd - hist - ,  Week: macd - hist + , Month: macd - hist - , 
code: ZYXI     day: macd + hist - , 
code: LIT      day: macd - hist - , 
code: LIT      day: macd - hist - ,  Week: macd - hist - , 
code: LIT      day: macd - hist - ,  Week: macd - hist - , Month: macd + hist - , 
code: LLY      day: macd + hist - , 
code: LLY      day: macd + hist - ,  Week: macd + hist - , 
code: MCD      day: macd + hist - , 
code: MSI      day: macd + hist - , 
code: ON       day: macd - hist - , 
code: ON       day: macd - hist - ,  Week: macd + hist - , 
code: ON       day: macd - hist - ,  Week: macd + hist - , Month: macd + hist - , 
===========================
profit
===========================
==== plus ====
NEE  , macd +, macd hist -, profit:   [0.48], per:   [0.56], now:  [85.81], buy:  [85.33]
XLP  , macd +, macd hist -, profit:   [2.65], per:   [3.65], now:  [75.23], buy:  [72.58]
VDC  , macd +, macd hist -, profit:   [2.74], per:   [1.45], now: [192.27], buy: [189.53]
AXON , macd +, macd hist -, profit:  [32.91], per:  [23.82], now: [171.06], buy: [138.15]
FN   , macd +, macd hist -, profit:   [8.45], per:   [7.23], now: [125.31], buy: [116.86]
NXST , macd +, macd hist -, profit:  [12.09], per:   [7.44], now: [174.59], buy:  [162.5]
ZYXI , macd +, macd hist -, profit:   [7.51], per: [118.08], now:  [13.87], buy:   [6.36]
LLY  , macd +, macd hist -, profit:  [89.01], per:  [32.85], now: [360.01], buy:   [271.]
MCD  , macd +, macd hist -, profit:  [18.27], per:   [7.21], now: [271.73], buy: [253.46]
MSI  , macd +, macd hist -, profit:   [5.73], per:   [2.28], now: [257.14], buy: [251.41]
ON   , macd -, macd hist -, profit:    [4.4], per:   [7.35], now:  [64.26], buy:  [59.86]
-
     plus  len:  11
     profit: [184.24], per: [211.92], per/len(p):  [19.27], per/len(p+m):   [5.73]
-
==== minus ====
AAPL , macd -, macd hist -, profit:       [], per:       [], now:  [136.5], buy:       []
EL   , macd +, macd hist +, profit: [-99.15], per: [-29.18], now:  [240.6], buy: [339.75]
AMD  , macd +, macd hist -, profit:  [-53.7], per: [-44.66], now:  [66.53], buy: [120.23]
APH  , macd +, macd hist -, profit:       [], per:       [], now:  [78.15], buy:       []
SPXL , macd +, macd hist -, profit: [-64.74], per: [-49.71], now:  [65.49], buy: [130.23]
KEYS , macd +, macd hist -, profit:  [-9.88], per:  [-5.31], now: [176.18], buy: [186.06]
SPTM , macd +, macd hist -, profit:  [-8.46], per: [-14.95], now:  [48.12], buy:  [56.58]
SPLG , macd +, macd hist -, profit:  [-8.18], per: [-15.15], now:  [45.81], buy:  [53.99]
CROX , macd +, macd hist -, profit: [-85.01], per: [-47.91], now:  [92.41], buy: [177.42]
AWR  , macd +, macd hist -, profit:       [], per:       [], now:   [94.3], buy:       []
TREX , macd -, macd hist +, profit: [-24.94], per: [-35.63], now:  [45.06], buy:    [70.]
RGEN , macd -, macd hist +, profit: [-11.41], per:  [-6.35], now: [168.25], buy: [179.66]
EXPO , macd +, macd hist -, profit:  [-0.57], per:  [-0.56], now: [100.54], buy: [101.11]
BCPC , macd -, macd hist -, profit: [-14.39], per:  [-10.5], now: [122.69], buy: [137.08]
SOXL , macd +, macd hist -, profit: [-30.69], per: [-72.92], now:   [11.4], buy:  [42.09]
TECL , macd +, macd hist -, profit: [-35.82], per: [-58.97], now:  [24.92], buy:  [60.74]
NEO  , macd +, macd hist -, profit:    [-7.], per: [-39.24], now:  [10.84], buy:  [17.84]
NVMI , macd +, macd hist -, profit: [-28.79], per: [-25.11], now:  [85.86], buy: [114.65]
NVDA , macd +, macd hist -, profit: [-86.15], per:  [-33.7], now: [169.52], buy: [255.67]
BBDC , macd -, macd hist -, profit:  [-2.11], per: [-19.91], now:   [8.49], buy:   [10.6]
APPS , macd +, macd hist -, profit: [-28.24], per: [-64.67], now:  [15.43], buy:  [43.67]
ROK  , macd +, macd hist -, profit: [-84.74], per: [-24.79], now: [257.15], buy: [341.89]
NHTC , macd -, macd hist -, profit:  [-3.57], per: [-49.79], now:    [3.6], buy:   [7.17]
LIT  , macd -, macd hist -, profit: [-27.66], per: [-30.09], now:  [64.25], buy:  [91.91]
GTLB , macd +, macd hist +, profit:  [-3.93], per:  [-7.45], now:  [48.83], buy:  [52.76]
HCP  , macd +, macd hist +, profit:  [-26.1], per: [-48.07], now:   [28.2], buy:   [54.3]
-
     minus len:  26
     profit:       [], per:       [], per/len(m):       [], per/len(p+m):       []
-
==== total ====
     profit:       [], per:       [], per/len(p+m):       []
arg[0]: scraping/yahoo-finace-api2.py, arg[1]: stock-code-list/up-month.txt
===========================
scraping
===========================
START:  A
END:    0.33637118339538574
-
START:  AAON
END:    0.6594858169555664
-
START:  AAPL
END:    1.0871400833129883
-
START:  ABG
END:    1.3745770454406738
-
START:  ABT
END:    1.7671773433685303
-
START:  ACLS
END:    2.0411322116851807
-
START:  ACMR
END:    2.151721954345703
-
START:  ACN
END:    2.4710617065429688
-
START:  ADBE
END:    2.8157224655151367
-
START:  ADI
END:    3.110194206237793
-
START:  ADP
END:    3.4825518131256104
-
START:  ADSK
END:    3.7650845050811768
-
START:  ADUS
END:    3.9702141284942627
-
START:  AEE
END:    4.288092136383057
-
START:  AGYS
END:    4.606188058853149
-
START:  AIZ
END:    4.903681516647339
-
START:  AJG
END:    5.241177797317505
-
START:  AJRD
END:    5.558412790298462
-
START:  ALB
END:    5.927841663360596
-
START:  ALG
END:    7.255261659622192
-
START:  ALGN
END:    8.582728862762451
-
START:  ALLE
END:    8.743519067764282
-
START:  ALTR
END:    8.922107458114624
-
START:  AMAT
END:    9.217132568359375
-
START:  AMBA
END:    9.376002550125122
-
START:  AMD
END:    9.713738441467285
-
START:  AME
END:    10.09913420677185
-
START:  AMED
END:    10.432318925857544
-
START:  AMEH
END:    10.674302101135254
-
START:  AMGN
END:    11.010228395462036
-
START:  AMN
END:    11.293236017227173
-
START:  AMP
END:    11.554182529449463
-
START:  AMRC
END:    11.762727975845337
-
START:  AMSWA
END:    12.11574125289917
-
START:  AMTX
END:    12.340839624404907
-
START:  AMZN
END:    12.67523193359375
-
START:  AN
END:    14.007362127304077
-
START:  ANSS
END:    15.376352548599243
-
START:  ANTM
Not Found: No data found, symbol may be delisted
START:  AON
END:    15.767899990081787
-
START:  AOSL
END:    15.995723009109497
-
START:  APD
END:    16.314528703689575
-
START:  APH
END:    17.677125692367554
-
START:  APPF
END:    17.826590538024902
-
START:  APPN
END:    17.957536458969116
-
START:  APPS
END:    18.206881284713745
-
START:  AQN
END:    18.41271185874939
-
START:  ARCB
END:    18.789772748947144
-
START:  ARCT
END:    18.95393204689026
-
START:  ARES
END:    19.10669231414795
-
START:  ARGX
END:    19.23295307159424
-
START:  ARWR
END:    19.582350969314575
-
START:  ASML
END:    20.91352653503418
-
START:  ASPN
END:    22.086608171463013
-
START:  ATEC
END:    22.31204342842102
-
START:  ATEN
END:    22.52185320854187
-
START:  ATKR
END:    22.66128134727478
-
START:  ATOM
END:    22.80068588256836
-
START:  ATR
END:    23.144001483917236
-
START:  ATRC
END:    24.428332090377808
-
START:  AUDC
END:    24.717522382736206
-
START:  AUPH
END:    24.870338201522827
-
START:  AVAV
END:    25.100139141082764
-
START:  AVGO
END:    25.30815100669861
-
START:  AVID
END:    25.588613748550415
-
START:  AVNW
END:    25.88403558731079
-
START:  AVXL
END:    26.14054012298584
-
START:  AVY
END:    27.556912422180176
-
START:  AWK
END:    27.867285013198853
-
START:  AWR
END:    29.221774101257324
-
START:  AXON
END:    29.536937713623047
-
START:  AZO
END:    29.80937623977661
-
START:  AZPN
END:    30.076478004455566
-
START:  BAH
END:    31.311695337295532
-
START:  BAM
END:    32.395912647247314
-
START:  BAX
END:    32.754993200302124
-
START:  BBH
END:    33.08026695251465
-
START:  BBQ
END:    34.405914306640625
-
START:  BBY
END:    34.72230815887451
-
START:  BCPC
END:    35.063697814941406
-
START:  BDX
END:    35.462719678878784
-
START:  BEEM
END:    35.671796560287476
-
START:  BFAM
END:    36.89276623725891
-
START:  BFC
END:    37.150437355041504
-
START:  BGFV
END:    37.46529936790466
-
START:  BGNE
END:    37.609649896621704
-
START:  BHVN
END:    37.663806200027466
-
START:  BIO
END:    37.95262670516968
-
START:  BL
END:    38.10183262825012
-
START:  BLD
END:    38.25840711593628
-
START:  BLDP
END:    39.535393714904785
-
START:  BLDR
END:    39.81956148147583
-
START:  BLFS
END:    40.10580658912659
-
START:  BLK
END:    40.43681335449219
-
START:  BLL
Not Found: No data found, symbol may be delisted
START:  BLNK
END:    40.673210859298706
-
START:  BMI
END:    42.04851460456848
-
START:  BOOT
END:    42.20890760421753
-
START:  BOTZ
END:    42.37744903564453
-
START:  BR
END:    42.62508296966553
-
START:  BRKR
END:    42.9269585609436
-
START:  BRKS
Not Found: No data found, symbol may be delisted
START:  BRO
END:    44.3673791885376
-
START:  BURL
END:    44.517476081848145
-
START:  BX
END:    44.76393389701843
-
START:  CABO
END:    45.95104217529297
-
START:  CACI
END:    46.2374165058136
-
START:  CALX
END:    46.47620749473572
-
START:  CAMT
END:    46.74443793296814
-
START:  CAR
END:    47.04526948928833
-
START:  CBRE
END:    47.312896490097046
-
START:  CBSH
END:    47.65662169456482
-
START:  CBZ
END:    48.9515266418457
-
START:  CCOI
END:    49.264819622039795
-
START:  CCS
END:    49.417059898376465
-
START:  CDMO
END:    49.69723153114319
-
START:  CDNA
END:    49.85313415527344
-
START:  CDNS
END:    51.165324687957764
-
START:  CDW
END:    51.36453032493591
-
START:  CELH
END:    52.620497941970825
-
START:  CGNX
END:    52.926867723464966
-
START:  CHD
END:    53.28124260902405
-
START:  CHDN
END:    53.6188747882843
-
START:  CHE
END:    53.97483253479004
-
START:  CHGG
END:    54.13740921020508
-
START:  CHH
END:    54.44347643852234
-
START:  CHKP
END:    54.720407247543335
-
START:  CHTR
END:    55.96278977394104
-
START:  CIEN
END:    56.2270929813385
-
START:  CLAR
END:    56.52432990074158
-
START:  CLFD
END:    56.80694270133972
-
START:  CLGN
END:    56.92594385147095
-
START:  CLNE
END:    57.167847871780396
-
START:  CLPT
END:    57.38072633743286
-
START:  CLX
END:    57.79026246070862
-
START:  CMCSA
END:    58.11125707626343
-
START:  CMG
END:    59.40044546127319
-
START:  CMS
END:    60.83994913101196
-
START:  CNC
END:    61.1382942199707
-
START:  CNI
END:    61.49252414703369
-
START:  CNMD
END:    62.80125689506531
-
START:  CNS
END:    64.14031863212585
-
START:  CNXN
END:    64.44941902160645
-
START:  COO
END:    64.78700351715088
-
START:  COST
END:    66.119863986969
-
START:  COUP
END:    66.28359532356262
-
START:  COWN
END:    66.53769564628601
-
START:  CP
END:    67.91187119483948
-
START:  CPK
END:    68.29492402076721
-
START:  CPRT
END:    68.59468793869019
-
START:  CPSH
END:    68.87919926643372
-
START:  CRAI
END:    69.18137168884277
-
START:  CREE
Not Found: No data found, symbol may be delisted
START:  CRL
END:    69.51781892776489
-
START:  CRM
END:    69.81692695617676
-
START:  CRMT
END:    71.13690710067749
-
START:  CROX
END:    71.37168979644775
-
START:  CRSP
END:    71.50596070289612
-
START:  CRVL
END:    71.79846620559692
-
START:  CSGP
END:    72.09364342689514
-
START:  CSL
END:    73.46064853668213
-
START:  CSWI
END:    74.61392188072205
-
START:  CSX
END:    75.00416493415833
-
START:  CTAS
END:    75.33829474449158
-
START:  CTLT
END:    75.50049185752869
-
START:  CTRN
END:    76.77125954627991
-
START:  CURE
END:    78.01055383682251
-
START:  CVCO
END:    78.33714127540588
-
START:  CVNA
END:    78.46273612976074
-
START:  CWST
END:    78.76548647880554
-
START:  CWT
END:    79.12076377868652
-
START:  CXSE
END:    80.32712316513062
-
START:  CYBR
END:    80.51358151435852
-
START:  CYRX
END:    81.8087203502655
-
START:  CYTK
END:    82.06365442276001
-
START:  DAC
END:    83.31477046012878
-
START:  DAR
END:    83.58143639564514
-
START:  DAVA
END:    83.6892786026001
-
START:  DDS
END:    84.13448977470398
-
START:  DE
END:    84.5131266117096
-
START:  DECK
END:    84.83341717720032
-
START:  DELL
END:    85.98506307601929
-
START:  DFIN
END:    87.13971734046936
-
START:  DG
END:    88.41738271713257
-
START:  DGRW
END:    88.59996294975281
-
START:  DHI
END:    89.98557448387146
-
START:  DHR
END:    90.31813836097717
-
START:  DIA
END:    91.71585297584534
-
START:  DIOD
END:    93.06352734565735
-
START:  DIS
END:    93.46776580810547
-
START:  DKS
END:    93.76306414604187
-
START:  DLN
END:    94.03440237045288
-
START:  DNLI
END:    95.16381692886353
-
START:  DOMO
END:    95.28092575073242
-
START:  DOV
END:    95.6451632976532
-
START:  DPZ
END:    95.94699001312256
-
START:  DQ
END:    96.14375066757202
-
START:  DRD
END:    96.5489513874054
-
START:  DRIO
END:    96.68486261367798
-
START:  DRNA
Not Found: No data found, symbol may be delisted
START:  DSGX
END:    97.03987097740173
-
START:  DVAX
END:    97.30078887939453
-
START:  DXCM
END:    98.56443333625793
-
START:  ECL
END:    98.99858474731445
-
START:  EFX
END:    99.62475538253784
-
START:  EGAN
END:    99.91330122947693
-
START:  EHC
END:    100.20259094238281
-
START:  EL
END:    100.53958415985107
-
START:  ENPH
END:    101.73002123832703
-
START:  ENSG
END:    101.9623019695282
-
START:  ENTG
END:    102.25966024398804
-
START:  ENV
END:    102.46682572364807
-
START:  EPAM
END:    102.65331268310547
-
START:  ERIE
END:    102.97201895713806
-
START:  ES
END:    103.34757399559021
-
START:  ESE
END:    103.66399693489075
-
START:  ETN
END:    104.03448581695557
-
START:  ETSY
END:    104.2386474609375
-
START:  EVBG
END:    105.3824737071991
-
START:  EVTC
END:    106.59650421142578
-
START:  EW
END:    106.88156151771545
-
START:  EWT
END:    107.18869543075562
-
START:  EXAS
END:    107.47448182106018
-
START:  EXLS
END:    110.76591873168945
-
START:  EXPD
END:    111.1100082397461
-
START:  EXPI
END:    112.23362326622009
-
START:  EXPO
END:    113.55225777626038
-
START:  FAST
END:    113.90875124931335
-
START:  FATE
END:    114.08318066596985
-
START:  FB
Not Found: No data found, symbol may be delisted
START:  FCN
END:    114.41252112388611
-
START:  FCX
END:    114.73547220230103
-
START:  FDN
END:    114.9959933757782
-
START:  FDS
END:    115.32206153869629
-
START:  FELE
END:    115.72472429275513
-
START:  FFIN
END:    116.09551620483398
-
START:  FICO
END:    117.4539852142334
-
START:  FINX
END:    117.59008955955505
-
START:  FIS
END:    117.90793180465698
-
START:  FISV
END:    118.21002006530762
-
START:  FIVE
END:    118.39368605613708
-
START:  FIVN
END:    118.5638644695282
-
START:  FLGT
END:    118.72220039367676
-
START:  FLT
END:    118.95713424682617
-
START:  FLWS
END:    120.26035141944885
-
START:  FN
END:    120.46578860282898
-
START:  FND
END:    121.59243583679199
-
START:  FNV
END:    121.82585620880127
-
START:  FORM
END:    122.0851788520813
-
START:  FOXF
END:    122.2345404624939
-
START:  FPX
END:    122.51879954338074
-
START:  FRC
END:    122.72570538520813
-
START:  FRHC
END:    123.86430954933167
-
START:  FRPT
END:    124.02956032752991
-
START:  FSS
END:    125.42297339439392
-
START:  FTNT
END:    125.64868807792664
-
START:  FUV
END:    126.77733635902405
-
START:  GDEN
END:    127.08361029624939
-
START:  GFI
END:    127.41381239891052
-
START:  GGG
END:    128.76145362854004
-
START:  GIB
END:    129.05140709877014
-
START:  GLDD
END:    129.2814486026764
-
START:  GLOB
END:    129.43385767936707
-
START:  GMAB
END:    129.6664113998413
-
START:  GME
END:    129.95785808563232
-
START:  GMED
END:    130.1435329914093
-
START:  GNRC
END:    130.35416436195374
-
START:  GNSS
END:    130.65167140960693
-
START:  GNTX
END:    130.94191122055054
-
START:  GOLF
END:    131.0859568119049
-
START:  GOOG
END:    131.3871467113495
-
START:  GOOGL
END:    131.66390919685364
-
START:  GPI
END:    131.9923779964447
-
START:  GPN
END:    132.3422498703003
-
START:  GRBK
END:    133.62103700637817
-
START:  GRMN
END:    133.9560170173645
-
START:  GRVY
END:    134.20844316482544
-
START:  GRWG
END:    135.35245847702026
-
START:  GWRE
END:    135.54582285881042
-
START:  HACK
END:    135.71622323989868
-
START:  HALO
END:    135.98991203308105
-
START:  HCI
END:    136.23170375823975
-
START:  HD
END:    137.58998775482178
-
START:  HEI
END:    137.93202257156372
-
START:  HELE
END:    138.2057602405548
-
START:  HIBB
END:    138.493417263031
-
START:  HLI
END:    138.65519833564758
-
START:  HLT
END:    138.87731170654297
-
START:  HOLX
END:    139.15897035598755
-
START:  HON
END:    140.61853075027466
-
START:  HOV
END:    140.9187412261963
-
START:  HRC
Not Found: No data found, symbol may be delisted
START:  HRI
END:    142.27157425880432
-
START:  HSKA
END:    142.54865050315857
-
START:  HTHT
END:    142.74996829032898
-
START:  HUBS
END:    142.92226123809814
-
START:  HUM
END:    143.24300384521484
-
START:  HZNP
END:    144.4374041557312
-
START:  IAC
END:    145.76279497146606
-
START:  IBP
END:    145.9240210056305
-
START:  ICE
END:    146.17420864105225
-
START:  ICLN
END:    147.43537163734436
-
START:  ICLR
END:    147.74110388755798
-
START:  IDT
END:    148.06483602523804
-
START:  IDXX
END:    148.33111691474915
-
START:  IESC
END:    148.6201012134552
-
START:  IEX
END:    148.98005366325378
-
START:  ILMN
END:    149.2686550617218
-
START:  INFO
Not Found: No data found, symbol may be delisted
START:  INOV
Not Found: No data found, symbol may be delisted
START:  INSP
END:    149.5131916999817
-
START:  INTC
END:    149.83976769447327
-
START:  INTU
END:    151.13863468170166
-
START:  INTZ
END:    152.45480608940125
-
START:  INVE
END:    152.73645567893982
-
START:  IOO
END:    153.05851244926453
-
START:  IQV
END:    153.23518919944763
-
START:  IRDM
END:    154.4684875011444
-
START:  IRMD
END:    154.62541937828064
-
START:  ISEE
END:    154.79683089256287
-
START:  ISRG
END:    156.09554243087769
-
START:  IT
END:    156.39431881904602
-
START:  ITT
END:    156.735853433609
-
START:  ITW
END:    157.13823556900024
-
START:  IVOG
END:    157.3617193698883
-
START:  IVV
END:    157.6620466709137
-
START:  IXJ
END:    157.9731786251068
-
START:  IXN
END:    158.30009031295776
-
START:  J
END:    158.6042001247406
-
START:  JBL
END:    158.9255518913269
-
START:  JBSS
END:    159.2452356815338
-
START:  JD
END:    159.40293526649475
-
START:  JKHY
END:    159.82182335853577
-
START:  JKS
END:    160.0558066368103
-
START:  JNJ
END:    161.5207552909851
-
START:  JOE
END:    161.9017789363861
-
START:  JOUT
END:    163.22130179405212
-
START:  JYNT
END:    163.3958580493927
-
START:  KAI
END:    163.70502400398254
-
START:  KBH
END:    164.01670932769775
-
START:  KBR
END:    164.30627369880676
-
START:  KDMN
Not Found: No data found, symbol may be delisted
START:  KEYS
END:    165.53160524368286
-
START:  KLAC
END:    165.83789467811584
-
START:  KLIC
END:    167.1710090637207
-
START:  KMX
END:    167.45348167419434
-
START:  KNSL
END:    167.60565638542175
-
START:  KOPN
END:    167.88667750358582
-
START:  KOSS
END:    168.17722058296204
-
START:  KRNT
END:    168.3306097984314
-
START:  KSU
Not Found: No data found, symbol may be delisted
START:  KTOS
END:    168.67632746696472
-
START:  LAC
END:    168.88130617141724
-
START:  LAD
END:    170.2079155445099
-
START:  LANC
END:    170.59653496742249
-
START:  LAWS
Not Found: No data found, symbol may be delisted
START:  LDOS
END:    170.90861463546753
-
START:  LFMD
END:    171.1412546634674
-
START:  LGIH
END:    171.30403065681458
-
START:  LH
END:    171.62170696258545
-
START:  LHCG
END:    171.8917908668518
-
START:  LHX
END:    172.27022981643677
-
START:  LII
END:    172.61909699440002
-
START:  LIN
END:    172.93466544151306
-
START:  LINC
END:    174.1856653690338
-
START:  LIT
END:    174.38505601882935
-
START:  LLY
END:    175.7825300693512
-
START:  LMT
END:    176.12675023078918
-
START:  LNT
END:    176.50874781608582
-
START:  LOB
END:    176.68033480644226
-
START:  LOGI
END:    177.99685287475586
-
START:  LOVE
END:    178.11344289779663
-
START:  LOW
END:    179.48382353782654
-
START:  LPLA
END:    180.72463274002075
-
START:  LPSN
END:    181.0496597290039
-
START:  LQDT
END:    181.29962873458862
-
START:  LRCX
END:    181.61968541145325
-
START:  LSCC
END:    182.9489049911499
-
START:  LSTR
END:    183.27203392982483
-
START:  LULU
END:    183.49517250061035
-
START:  LUNA
END:    183.74208641052246
-
START:  MA
END:    184.02743911743164
-
START:  MANH
END:    185.36075091362
-
START:  MANT
Not Found: No data found, symbol may be delisted
START:  MARA
END:    185.60514998435974
-
START:  MASI
END:    185.83264136314392
-
START:  MATX
END:    186.22853636741638
-
START:  MBUU
END:    186.38240933418274
-
START:  MCD
END:    187.76791167259216
-
START:  MCHP
END:    188.06257605552673
-
START:  MCO
END:    188.36394715309143
-
START:  MDB
END:    189.48198246955872
-
START:  MDT
END:    189.87098503112793
-
START:  MEDP
END:    189.98937797546387
-
START:  MEDS
END:    190.13457202911377
-
START:  MELI
END:    190.364191532135
-
START:  MGC
END:    190.62557339668274
-
START:  MGIC
END:    190.9143316745758
-
START:  MGK
END:    192.18138432502747
-
START:  MGNI
END:    192.3220579624176
-
START:  MHO
END:    192.6683897972107
-
START:  MIME
Not Found: No data found, symbol may be delisted
START:  MITK
END:    192.97658586502075
-
START:  MKC
END:    193.32252049446106
-
START:  MKSI
END:    194.6759488582611
-
START:  MKTX
END:    194.99727296829224
-
START:  MLAB
END:    196.32634782791138
-
START:  MLR
END:    196.6338460445404
-
START:  MMC
END:    196.99399662017822
-
START:  MMS
END:    197.3613657951355
-
START:  MNMD
END:    197.5074920654297
-
START:  MNST
END:    197.8695719242096
-
START:  MODN
END:    199.11697244644165
-
START:  MODV
END:    199.39079236984253
-
START:  MOH
END:    200.6431441307068
-
START:  MORN
END:    200.91804552078247
-
START:  MPWR
END:    201.19000577926636
-
START:  MRTX
END:    201.37710738182068
-
START:  MRVL
END:    201.67596173286438
-
START:  MS
END:    202.00038409233093
-
START:  MSA
END:    202.36894249916077
-
START:  MSCI
END:    202.62185883522034
-
START:  MSEX
END:    202.95853567123413
-
START:  MSFT
END:    203.26098728179932
-
START:  MSI
END:    203.70472478866577
-
START:  MSTR
END:    203.96629762649536
-
START:  MTBC
END:    204.1378083229065
-
START:  MTCH
END:    204.47147345542908
-
START:  MTD
END:    204.76078701019287
-
START:  MTEX
END:    205.04479885101318
-
START:  MTH
END:    205.34111428260803
-
START:  MTLS
END:    205.48431873321533
-
START:  MTSI
END:    205.6831772327423
-
START:  MU
END:    206.02084469795227
-
START:  MUSA
END:    206.17266535758972
-
START:  MVIS
END:    207.5075216293335
-
START:  MXL
END:    207.74073100090027
-
START:  MYRG
END:    207.9519522190094
-
START:  NBIX
END:    209.258150100708
-
START:  NCBS
Not Found: No data found, symbol may be delisted
START:  NDAQ
END:    209.62323117256165
-
START:  NDSN
END:    209.97141861915588
-
START:  NEE
END:    211.3480875492096
-
START:  NEO
END:    211.6298167705536
-
START:  NEOG
END:    211.9034571647644
-
START:  NFLX
END:    212.25691270828247
-
START:  NICE
END:    212.5615017414093
-
START:  NISN
END:    212.69768905639648
-
START:  NKE
END:    213.02115559577942
-
START:  NOVT
END:    213.32766103744507
-
START:  NOW
END:    213.53108549118042
-
START:  NSC
END:    214.93909311294556
-
START:  NSIT
END:    215.19138264656067
-
START:  NSSC
END:    215.47564053535461
-
START:  NSTG
END:    215.65613436698914
-
START:  NTLA
END:    215.78668475151062
-
START:  NTRA
END:    216.9361367225647
-
START:  NUAN
Not Found: No data found, symbol may be delisted
START:  NVCR
END:    218.1445677280426
-
START:  NVDA
END:    221.51665353775024
-
START:  NVMI
END:    221.7994351387024
-
START:  NVO
END:    222.15887832641602
-
START:  NVR
END:    222.43373203277588
-
START:  NXST
END:    222.7201201915741
-
START:  NYT
END:    224.06926441192627
-
START:  OBCI
Not Found: No data found, symbol may be delisted
START:  ODFL
END:    224.41711044311523
-
START:  OEF
END:    224.74641919136047
-
START:  OFLX
END:    225.12758111953735
-
START:  OLED
END:    225.47615361213684
-
START:  OMCL
END:    225.7734980583191
-
START:  ON
END:    226.0456886291504
-
START:  OOMA
END:    226.1914041042328
-
START:  OPRX
END:    226.42305159568787
-
START:  ORA
END:    226.70742917060852
-
START:  ORCL
END:    227.1210868358612
-
START:  ORLY
END:    228.4116187095642
-
START:  ORMP
END:    228.63505029678345
-
START:  OTEX
END:    228.94148349761963
-
START:  PACB
END:    229.15177655220032
-
START:  PAG
END:    229.48156547546387
-
START:  PANW
END:    229.6738052368164
-
START:  PAR
END:    229.93402886390686
-
START:  PAYC
END:    230.09729504585266
-
START:  PAYX
END:    233.51052832603455
-
START:  PBD
END:    233.78612685203552
-
START:  PCTY
END:    234.99041056632996
-
START:  PEGA
END:    235.32577896118164
-
START:  PEN
END:    236.47924995422363
-
START:  PENN
END:    236.76229214668274
-
START:  PEP
END:    237.159818649292
-
START:  PERI
END:    237.40574073791504
-
START:  PFSI
END:    237.59278416633606
-
START:  PGR
END:    237.9533350467682
-
START:  PH
END:    238.27386331558228
-
START:  PHM
END:    238.6177694797516
-
START:  PKI
END:    239.99858951568604
-
START:  PLL
END:    240.1054847240448
-
START:  PLNT
END:    240.2642047405243
-
START:  PLUG
END:    240.54862236976624
-
START:  PLXS
END:    240.83335256576538
-
START:  PODD
END:    242.08122897148132
-
START:  POOL
END:    242.3963487148285
-
START:  POWI
END:    243.72964787483215
-
START:  PRFT
END:    244.01820302009583
-
START:  PRI
END:    244.23079419136047
-
START:  PRTA
END:    244.44605946540833
-
START:  PRTS
END:    244.67621088027954
-
START:  PTSI
END:    244.9976716041565
-
START:  PWR
END:    245.2722373008728
-
START:  PYPL
END:    245.4237504005432
-
START:  QADA
Not Found: No data found, symbol may be delisted
START:  QCLN
END:    245.74254322052002
-
START:  QDEL
END:    246.02578616142273
-
START:  QGEN
END:    246.34514784812927
-
START:  QLYS
END:    246.51165175437927
-
START:  QQQ
END:    246.8054711818695
-
START:  QRVO
END:    246.94834876060486
-
START:  QTWO
END:    247.1140422821045
-
START:  RADA
END:    247.4117660522461
-
START:  RAMP
END:    247.72431445121765
-
START:  RBA
END:    249.05130863189697
-
START:  RCII
END:    249.35977220535278
-
START:  RCKY
END:    250.6955099105835
-
START:  RDNT
END:    250.9652714729309
-
START:  RDVT
END:    251.07299733161926
-
START:  RDWR
END:    252.3632996082306
-
START:  REGI
END:    252.54306983947754
-
START:  RENN
END:    252.71794176101685
-
START:  RGEN
END:    253.02922201156616
-
START:  RH
END:    253.44028115272522
-
START:  RILY
END:    253.6760811805725
-
START:  RIOT
END:    253.82291841506958
-
START:  RLI
END:    254.28067326545715
-
START:  RLMD
END:    255.45556449890137
-
START:  RMD
END:    255.77760076522827
-
START:  RNG
END:    255.96880435943604
-
START:  ROBO
END:    257.1907618045807
-
START:  ROCK
END:    257.55981612205505
-
START:  ROK
END:    257.92281579971313
-
START:  ROKU
END:    259.05268025398254
-
START:  ROL
END:    259.48186802864075
-
START:  ROP
END:    259.80499792099
-
START:  ROST
END:    260.12337374687195
-
START:  RPD
END:    260.2700216770172
-
START:  RPM
END:    260.71363401412964
-
START:  RSG
END:    261.05402135849
-
START:  RTH
END:    262.3716757297516
-
START:  RUN
END:    262.5271680355072
-
START:  RXI
END:    263.83428168296814
-
START:  SAIA
END:    264.12520146369934
-
START:  SAIC
END:    264.3060348033905
-
START:  SAM
END:    264.6044638156891
-
START:  SAVA
END:    265.9250988960266
-
START:  SCI
END:    266.2998855113983
-
START:  SCL
END:    266.6277060508728
-
START:  SE
END:    266.7532751560211
-
START:  SEAS
END:    266.9071788787842
-
START:  SEDG
END:    267.0658555030823
-
START:  SFBS
END:    267.2431800365448
-
START:  SGEN
END:    267.5327169895172
-
START:  SGMS
Not Found: No data found, symbol may be delisted
START:  SGRY
END:    268.71803736686707
-
START:  SHOP
END:    268.8662621974945
-
START:  SHW
END:    269.2492551803589
-
START:  SHYF
END:    270.6032350063324
-
START:  SITE
END:    270.72612953186035
-
START:  SIVB
END:    271.0471341609955
-
START:  SJW
END:    271.3972635269165
-
START:  SKY
END:    271.7570116519928
-
START:  SLAB
END:    272.0382580757141
-
START:  SLP
END:    272.3694100379944
-
START:  SMH
END:    272.7003860473633
-
START:  SMTC
END:    272.9682550430298
-
START:  SNAP
END:    274.1542754173279
-
START:  SNPS
END:    275.4871835708618
-
START:  SOCL
END:    275.70547676086426
-
START:  SOXL
END:    275.93687891960144
-
START:  SPGI
END:    277.3110284805298
-
START:  SPLG
END:    277.5931634902954
-
START:  SPLK
END:    278.814138174057
-
START:  SPNS
END:    279.15044116973877
-
START:  SPSC
END:    279.3545162677765
-
START:  SPTM
END:    279.69515085220337
-
START:  SPWH
END:    280.86662578582764
-
START:  SPWR
END:    281.13353395462036
-
START:  SPXC
END:    282.4689612388611
-
START:  SPXL
END:    282.75290989875793
-
START:  SPY
END:    283.11097955703735
-
START:  SPYG
END:    283.43650102615356
-
START:  SQ
END:    283.613388299942
-
START:  SSD
END:    283.93928694725037
-
START:  SSNC
END:    284.17683267593384
-
START:  SSTK
END:    284.3691122531891
-
START:  STAA
END:    284.6534974575043
-
START:  STE
END:    284.96290278434753
-
START:  SUSA
END:    285.26562452316284
-
START:  SYK
END:    285.59381461143494
-
START:  SYNA
END:    285.8776023387909
-
START:  TBBK
END:    286.1437690258026
-
START:  TBK
END:    286.3344609737396
-
START:  TDG
END:    287.6102955341339
-
START:  TDOC
END:    288.7864396572113
-
START:  TDY
END:    290.1022038459778
-
START:  TEAM
END:    290.24738216400146
-
START:  TECH
END:    290.54830408096313
-
START:  TECL
END:    290.84756112098694
-
START:  TER
END:    291.17038655281067
-
START:  TFX
END:    291.51187562942505
-
START:  TGH
END:    291.76486468315125
-
START:  TGLS
END:    292.98980379104614
-
START:  TGT
END:    293.378137588501
-
START:  TGTX
END:    293.5887508392334
-
START:  THC
END:    293.881222486496
-
START:  TJX
END:    294.2423641681671
-
START:  TMO
END:    294.567923784256
-
START:  TMUS
END:    294.81827211380005
-
START:  TNDM
END:    294.9806146621704
-
START:  TNET
END:    295.13649344444275
-
START:  TPX
END:    295.4523856639862
-
START:  TREX
END:    296.7618360519409
-
START:  TRI
END:    297.07387113571167
-
START:  TRIL
Not Found: No data found, symbol may be delisted
START:  TRMB
END:    298.42192816734314
-
START:  TRNS
END:    298.69730281829834
-
START:  TROW
END:    299.05746150016785
-
START:  TRU
END:    299.22131514549255
-
START:  TRUP
END:    300.3661274909973
-
START:  TSCO
END:    300.6863901615143
-
START:  TSLA
END:    300.92369627952576
-
START:  TSM
END:    301.22614002227783
-
START:  TT
END:    301.58012890815735
-
START:  TTC
END:    301.9102473258972
-
START:  TTD
END:    302.0566334724426
-
START:  TTEC
END:    303.41612577438354
-
START:  TTEK
END:    303.7247414588928
-
START:  TTGT
END:    304.9609673023224
-
START:  TTWO
END:    305.23745107650757
-
START:  TWLO
END:    305.3640823364258
-
START:  TXN
END:    305.7296304702759
-
START:  TYL
END:    306.0123333930969
-
START:  UCTT
END:    309.3130178451538
-
START:  UFPI
END:    309.67133140563965
-
START:  UFPT
END:    309.95357966423035
-
START:  UI
END:    310.16185307502747
-
START:  UMC
END:    310.4625594615936
-
START:  UNF
END:    310.79880833625793
-
START:  UNH
END:    312.1634933948517
-
START:  UNP
END:    312.51124262809753
-
START:  UPLD
END:    312.66913414001465
-
START:  URI
END:    312.9529881477356
-
START:  V
END:    313.1899209022522
-
START:  VALU
END:    313.5266897678375
-
START:  VBK
END:    313.82787561416626
-
START:  VCEL
END:    314.09483098983765
-
START:  VCR
END:    314.3930103778839
-
START:  VCTR
END:    314.57422280311584
-
START:  VCYT
END:    314.74579310417175
-
START:  VDC
END:    315.03221225738525
-
START:  VEEV
END:    316.22261118888855
-
START:  VERU
END:    316.5272014141083
-
START:  VGT
END:    316.8356418609619
-
START:  VHT
END:    317.14552783966064
-
START:  VIAV
END:    317.49090099334717
-
START:  VICR
END:    317.79019474983215
-
START:  VIG
END:    319.11443758010864
-
START:  VO
END:    319.4052152633667
-
START:  VONE
END:    319.64774775505066
-
START:  VONG
END:    320.88889622688293
-
START:  VOO
END:    321.08923172950745
-
START:  VOOG
END:    321.3177287578583
-
START:  VOOV
END:    321.5469410419464
-
START:  VOT
END:    321.8068513870239
-
START:  VPU
END:    323.1565968990326
-
START:  VRNS
END:    323.3072304725647
-
START:  VRSK
END:    323.52011156082153
-
START:  VRSN
END:    323.810017824173
-
START:  VRTV
END:    323.9716172218323
-
START:  VSTO
END:    324.1322617530823
-
START:  VTHR
END:    324.35162234306335
-
START:  VTI
END:    324.6718487739563
-
START:  VTNR
END:    325.97454047203064
-
START:  VTWG
END:    326.1904487609863
-
START:  VUG
END:    326.5022699832916
-
START:  VV
END:    326.8150038719177
-
START:  VXF
END:    328.1424913406372
-
START:  WCN
END:    328.47583866119385
-
START:  WD
END:    328.67255187034607
-
START:  WDAY
END:    329.86176443099976
-
START:  WDFC
END:    331.2167446613312
-
START:  WEC
END:    332.5687310695648
-
START:  WEN
END:    332.8750910758972
-
START:  WINA
END:    333.2038371562958
-
START:  WING
END:    333.366060256958
-
START:  WIRE
END:    333.71081709861755
-
START:  WIX
END:    333.8801579475403
-
START:  WK
END:    334.0260965824127
-
START:  WLTW
Not Found: No data found, symbol may be delisted
START:  WM
END:    334.39237356185913
-
START:  WMS
END:    334.5524175167084
-
START:  WNS
END:    334.7767744064331
-
START:  WRB
END:    335.12077617645264
-
START:  WSC
END:    335.2596986293793
-
START:  WSM
END:    335.55385875701904
-
START:  WST
END:    336.89211916923523
-
START:  WTRG
END:    337.2337725162506
-
START:  WTS
END:    337.5983843803406
-
START:  XEL
END:    337.96715545654297
-
START:  XENE
END:    338.1105978488922
-
START:  XLK
END:    339.52564549446106
-
START:  XLNX
Not Found: No data found, symbol may be delisted
START:  XLP
END:    339.908358335495
-
START:  XLRN
Not Found: No data found, symbol may be delisted
START:  XLU
END:    340.2879354953766
-
START:  XLV
END:    340.6499629020691
-
START:  XLY
END:    340.97270226478577
-
START:  XYL
END:    341.22322392463684
-
START:  YNDX
END:    341.41318559646606
-
START:  YORW
END:    341.749728679657
-
START:  YUM
END:    342.0838348865509
-
START:  Z
END:    342.23688983917236
-
START:  ZBRA
END:    343.5612394809723
-
START:  ZEN
END:    343.73280119895935
-
START:  ZLAB
END:    343.88157057762146
-
START:  ZNGA
Not Found: No data found, symbol may be delisted
START:  ZS
END:    344.0488998889923
-
START:  ZTS
END:    344.2584226131439
-
START:  ZYXI
END:    344.52013969421387
-
===========================
MACD golden cross
===========================
START:  code
START:  A
START:  AAON
START:  AAPL
START:  ABG
START:  ABT
START:  ACLS
START:  ACMR
START:  ACN
START:  ADBE
START:  ADI
START:  ADP
START:  ADSK
START:  ADUS
START:  AEE
START:  AGYS
START:  AIZ
START:  AJG
START:  AJRD
START:  ALB
START:  ALG
START:  ALGN
START:  ALLE
START:  ALTR
START:  AMAT
START:  AMBA
START:  AMD
START:  AME
START:  AMED
START:  AMEH
START:  AMGN
START:  AMN
START:  AMP
START:  AMRC
START:  AMSWA
START:  AMTX
START:  AMZN
START:  AN
START:  ANSS
START:  ANTM
START:  AON
START:  AOSL
START:  APD
START:  APH
START:  APPF
START:  APPN
START:  APPS
START:  AQN
START:  ARCB
START:  ARCT
START:  ARES
START:  ARGX
START:  ARWR
START:  ASML
START:  ASPN
START:  ATEC
START:  ATEN
START:  ATKR
START:  ATOM
START:  ATR
START:  ATRC
START:  AUDC
START:  AUPH
START:  AVAV
START:  AVGO
START:  AVID
START:  AVNW
START:  AVXL
START:  AVY
START:  AWK
START:  AWR
START:  AXON
START:  AZO
START:  AZPN
START:  BAH
START:  BAM
START:  BAX
START:  BBH
START:  BBQ
START:  BBY
START:  BCPC
START:  BDX
START:  BEEM
START:  BFAM
START:  BFC
START:  BGFV
START:  BGNE
START:  BHVN
START:  BIO
START:  BL
START:  BLD
START:  BLDP
START:  BLDR
START:  BLFS
START:  BLK
START:  BLL
START:  BLNK
START:  BMI
START:  BOOT
START:  BOTZ
START:  BR
START:  BRKR
START:  BRKS
START:  BRO
START:  BURL
START:  BX
START:  CABO
START:  CACI
START:  CALX
START:  CAMT
START:  CAR
START:  CBRE
START:  CBSH
START:  CBZ
START:  CCOI
START:  CCS
START:  CDMO
START:  CDNA
START:  CDNS
START:  CDW
START:  CELH
START:  CGNX
START:  CHD
START:  CHDN
START:  CHE
START:  CHGG
START:  CHH
START:  CHKP
START:  CHTR
START:  CIEN
START:  CLAR
START:  CLFD
START:  CLGN
START:  CLNE
START:  CLPT
START:  CLX
START:  CMCSA
START:  CMG
START:  CMS
START:  CNC
START:  CNI
START:  CNMD
START:  CNS
START:  CNXN
START:  COO
START:  COST
START:  COUP
START:  COWN
START:  CP
START:  CPK
START:  CPRT
START:  CPSH
START:  CRAI
START:  CREE
START:  CRL
START:  CRM
START:  CRMT
START:  CROX
START:  CRSP
START:  CRVL
START:  CSGP
START:  CSL
START:  CSWI
START:  CSX
START:  CTAS
START:  CTLT
START:  CTRN
START:  CURE
START:  CVCO
START:  CVNA
START:  CWST
START:  CWT
START:  CXSE
START:  CYBR
START:  CYRX
START:  CYTK
START:  DAC
START:  DAR
START:  DAVA
START:  DDS
START:  DE
START:  DECK
START:  DELL
START:  DFIN
START:  DG
START:  DGRW
START:  DHI
START:  DHR
START:  DIA
START:  DIOD
START:  DIS
START:  DKS
START:  DLN
START:  DNLI
START:  DOMO
START:  DOV
START:  DPZ
START:  DQ
START:  DRD
START:  DRIO
START:  DRNA
START:  DSGX
START:  DVAX
START:  DXCM
START:  ECL
START:  EFX
START:  EGAN
START:  EHC
START:  EL
START:  ENPH
START:  ENSG
START:  ENTG
START:  ENV
START:  EPAM
START:  ERIE
START:  ES
START:  ESE
START:  ETN
START:  ETSY
START:  EVBG
START:  EVTC
START:  EW
START:  EWT
START:  EXAS
START:  EXLS
START:  EXPD
START:  EXPI
START:  EXPO
START:  FAST
START:  FATE
START:  FB
START:  FCN
START:  FCX
START:  FDN
START:  FDS
START:  FELE
START:  FFIN
START:  FICO
START:  FINX
START:  FIS
START:  FISV
START:  FIVE
START:  FIVN
START:  FLGT
START:  FLT
START:  FLWS
START:  FN
START:  FND
START:  FNV
START:  FORM
START:  FOXF
START:  FPX
START:  FRC
START:  FRHC
START:  FRPT
START:  FSS
START:  FTNT
START:  FUV
START:  GDEN
START:  GFI
START:  GGG
START:  GIB
START:  GLDD
START:  GLOB
START:  GMAB
START:  GME
START:  GMED
START:  GNRC
START:  GNSS
START:  GNTX
START:  GOLF
START:  GOOG
START:  GOOGL
START:  GPI
START:  GPN
START:  GRBK
START:  GRMN
START:  GRVY
START:  GRWG
START:  GWRE
START:  HACK
START:  HALO
START:  HCI
START:  HD
START:  HEI
START:  HELE
START:  HIBB
START:  HLI
START:  HLT
START:  HOLX
START:  HON
START:  HOV
START:  HRC
START:  HRI
START:  HSKA
START:  HTHT
START:  HUBS
START:  HUM
START:  HZNP
START:  IAC
START:  IBP
START:  ICE
START:  ICLN
START:  ICLR
START:  IDT
START:  IDXX
START:  IESC
START:  IEX
START:  ILMN
START:  INFO
START:  INOV
START:  INSP
START:  INTC
START:  INTU
START:  INTZ
START:  INVE
START:  IOO
START:  IQV
START:  IRDM
START:  IRMD
START:  ISEE
START:  ISRG
START:  IT
START:  ITT
START:  ITW
START:  IVOG
START:  IVV
START:  IXJ
START:  IXN
START:  J
START:  JBL
START:  JBSS
START:  JD
START:  JKHY
START:  JKS
START:  JNJ
START:  JOE
START:  JOUT
START:  JYNT
START:  KAI
START:  KBH
START:  KBR
START:  KDMN
START:  KEYS
START:  KLAC
START:  KLIC
START:  KMX
START:  KNSL
START:  KOPN
START:  KOSS
START:  KRNT
START:  KSU
START:  KTOS
START:  LAC
START:  LAD
START:  LANC
START:  LAWS
START:  LDOS
START:  LFMD
START:  LGIH
START:  LH
START:  LHCG
START:  LHX
START:  LII
START:  LIN
START:  LINC
START:  LIT
START:  LLY
START:  LMT
START:  LNT
START:  LOB
START:  LOGI
START:  LOVE
START:  LOW
START:  LPLA
START:  LPSN
START:  LQDT
START:  LRCX
START:  LSCC
START:  LSTR
START:  LULU
START:  LUNA
START:  MA
START:  MANH
START:  MANT
START:  MARA
START:  MASI
START:  MATX
START:  MBUU
START:  MCD
START:  MCHP
START:  MCO
START:  MDB
START:  MDT
START:  MEDP
START:  MEDS
START:  MELI
START:  MGC
START:  MGIC
START:  MGK
START:  MGNI
START:  MHO
START:  MIME
START:  MITK
START:  MKC
START:  MKSI
START:  MKTX
START:  MLAB
START:  MLR
START:  MMC
START:  MMS
START:  MNMD
START:  MNST
START:  MODN
START:  MODV
START:  MOH
START:  MORN
START:  MPWR
START:  MRTX
START:  MRVL
START:  MS
START:  MSA
START:  MSCI
START:  MSEX
START:  MSFT
START:  MSI
START:  MSTR
START:  MTBC
START:  MTCH
START:  MTD
START:  MTEX
START:  MTH
START:  MTLS
START:  MTSI
START:  MU
START:  MUSA
START:  MVIS
START:  MXL
START:  MYRG
START:  NBIX
START:  NCBS
START:  NDAQ
START:  NDSN
START:  NEE
START:  NEO
START:  NEOG
START:  NFLX
START:  NICE
START:  NISN
START:  NKE
START:  NOVT
START:  NOW
START:  NSC
START:  NSIT
START:  NSSC
START:  NSTG
START:  NTLA
START:  NTRA
START:  NUAN
START:  NVCR
START:  NVDA
START:  NVMI
START:  NVO
START:  NVR
START:  NXST
START:  NYT
START:  OBCI
START:  ODFL
START:  OEF
START:  OFLX
START:  OLED
START:  OMCL
START:  ON
START:  OOMA
START:  OPRX
START:  ORA
START:  ORCL
START:  ORLY
START:  ORMP
START:  OTEX
START:  PACB
START:  PAG
START:  PANW
START:  PAR
START:  PAYC
START:  PAYX
START:  PBD
START:  PCTY
START:  PEGA
START:  PEN
START:  PENN
START:  PEP
START:  PERI
START:  PFSI
START:  PGR
START:  PH
START:  PHM
START:  PKI
START:  PLL
START:  PLNT
START:  PLUG
START:  PLXS
START:  PODD
START:  POOL
START:  POWI
START:  PRFT
START:  PRI
START:  PRTA
START:  PRTS
START:  PTSI
START:  PWR
START:  PYPL
START:  QADA
START:  QCLN
START:  QDEL
START:  QGEN
START:  QLYS
START:  QQQ
START:  QRVO
START:  QTWO
START:  RADA
START:  RAMP
START:  RBA
START:  RCII
START:  RCKY
START:  RDNT
START:  RDVT
START:  RDWR
START:  REGI
START:  RENN
START:  RGEN
START:  RH
START:  RILY
START:  RIOT
START:  RLI
START:  RLMD
START:  RMD
START:  RNG
START:  ROBO
START:  ROCK
START:  ROK
START:  ROKU
START:  ROL
START:  ROP
START:  ROST
START:  RPD
START:  RPM
START:  RSG
START:  RTH
START:  RUN
START:  RXI
START:  SAIA
START:  SAIC
START:  SAM
START:  SAVA
START:  SCI
START:  SCL
START:  SE
START:  SEAS
START:  SEDG
START:  SFBS
START:  SGEN
START:  SGMS
START:  SGRY
START:  SHOP
START:  SHW
START:  SHYF
START:  SITE
START:  SIVB
START:  SJW
START:  SKY
START:  SLAB
START:  SLP
START:  SMH
START:  SMTC
START:  SNAP
START:  SNPS
START:  SOCL
START:  SOXL
START:  SPGI
START:  SPLG
START:  SPLK
START:  SPNS
START:  SPSC
START:  SPTM
START:  SPWH
START:  SPWR
START:  SPXC
START:  SPXL
START:  SPY
START:  SPYG
START:  SQ
START:  SSD
START:  SSNC
START:  SSTK
START:  STAA
START:  STE
START:  SUSA
START:  SYK
START:  SYNA
START:  TBBK
START:  TBK
START:  TDG
START:  TDOC
START:  TDY
START:  TEAM
START:  TECH
START:  TECL
START:  TER
START:  TFX
START:  TGH
START:  TGLS
START:  TGT
START:  TGTX
START:  THC
START:  TJX
START:  TMO
START:  TMUS
START:  TNDM
START:  TNET
START:  TPX
START:  TREX
START:  TRI
START:  TRIL
START:  TRMB
START:  TRNS
START:  TROW
START:  TRU
START:  TRUP
START:  TSCO
START:  TSLA
START:  TSM
START:  TT
START:  TTC
START:  TTD
START:  TTEC
START:  TTEK
START:  TTGT
START:  TTWO
START:  TWLO
START:  TXN
START:  TYL
START:  UCTT
START:  UFPI
START:  UFPT
START:  UI
START:  UMC
START:  UNF
START:  UNH
START:  UNP
START:  UPLD
START:  URI
START:  V
START:  VALU
START:  VBK
START:  VCEL
START:  VCR
START:  VCTR
START:  VCYT
START:  VDC
START:  VEEV
START:  VERU
START:  VGT
START:  VHT
START:  VIAV
START:  VICR
START:  VIG
START:  VO
START:  VONE
START:  VONG
START:  VOO
START:  VOOG
START:  VOOV
START:  VOT
START:  VPU
START:  VRNS
START:  VRSK
START:  VRSN
START:  VRTV
START:  VSTO
START:  VTHR
START:  VTI
START:  VTNR
START:  VTWG
START:  VUG
START:  VV
START:  VXF
START:  WCN
START:  WD
START:  WDAY
START:  WDFC
START:  WEC
START:  WEN
START:  WINA
START:  WING
START:  WIRE
START:  WIX
START:  WK
START:  WLTW
START:  WM
START:  WMS
START:  WNS
START:  WRB
START:  WSC
START:  WSM
START:  WST
START:  WTRG
START:  WTS
START:  XEL
START:  XENE
START:  XLK
START:  XLNX
START:  XLP
START:  XLRN
START:  XLU
START:  XLV
START:  XLY
START:  XYL
START:  YNDX
START:  YORW
START:  YUM
START:  Z
START:  ZBRA
START:  ZEN
START:  ZLAB
START:  ZNGA
START:  ZS
START:  ZTS
START:  ZYXI
==== MACD golden cross ====
None
code: AGYS     day: macd + hist - hist_1pre - ,  Week: macd + hist + hist_1pre - , Month: macd + hist + hist_1pre + , 
Trade --> code: AGYS   BUY: 2005-04-30   13.22 SELL: 2008-01-31   15.22  macd:   -0.07 macd_count:  33 profit:  1.15
Trade --> code: AGYS   BUY: 2011-10-31    8.49 SELL: 2015-04-30    9.41  macd:   -0.13 macd_count:  42 profit:  1.11
Trade --> code: AGYS   BUY: 2016-09-30   11.12 SELL: 2016-10-31    9.65  macd:   -0.07 macd_count:   1 profit:  0.87
Trade --> code: AGYS   BUY: 2017-10-31   12.27 SELL: 2022-12-31   70.40  macd:    6.35 macd_count:  63 profit:  5.74

code: ATEC     day: macd + hist + hist_1pre + ,  Week: macd + hist + hist_1pre - , Month: macd - hist - hist_1pre - , 
Trade --> code: ATEC   BUY: 2009-11-30   54.48 SELL: 2010-09-30   25.56  macd:   -0.85 macd_count:  10 profit:  0.47
Trade --> code: ATEC   BUY: 2019-08-31    5.23 SELL: 2022-07-31    7.54  macd:   -0.17 macd_count:  35 profit:  1.44

code: NUAN     day: macd + hist + hist_1pre + ,  Week: macd + hist + hist_1pre - , Month: macd + hist - hist_1pre - , 
Trade --> code: NUAN   BUY: 2005-11-30    5.38 SELL: 2008-11-30    7.94  macd:   -0.14 macd_count:  36 profit:  1.48
Trade --> code: NUAN   BUY: 2009-12-31   13.44 SELL: 2013-05-31   16.44  macd:   -0.10 macd_count:  41 profit:  1.22
Trade --> code: NUAN   BUY: 2015-11-30   18.11 SELL: 2016-07-31   13.90  macd:   -0.05 macd_count:   8 profit:  0.77
Trade --> code: NUAN   BUY: 2017-05-31   16.01 SELL: 2017-09-30   13.60  macd:   -0.04 macd_count:   4 profit:  0.85
Trade --> code: NUAN   BUY: 2019-04-30   14.56 SELL: 2022-03-31   55.99  macd:    7.14 macd_count:  36 profit:  3.85

code: SAVA     day: macd + hist + hist_1pre + ,  Week: macd + hist + hist_1pre - , Month: macd + hist - hist_1pre - , 
Trade --> code: SAVA   BUY: 2005-04-30   36.47 SELL: 2008-12-31   41.44  macd:   -0.50 macd_count:  44 profit:  1.14
Trade --> code: SAVA   BUY: 2010-11-30   55.79 SELL: 2011-08-31   33.25  macd:   -0.50 macd_count:   9 profit:  0.60
Trade --> code: SAVA   BUY: 2014-03-31   38.50 SELL: 2014-10-31   12.18  macd:   -0.65 macd_count:   7 profit:  0.32
Trade --> code: SAVA   BUY: 2020-04-30    7.64 SELL: 2020-08-31    3.14  macd:   -0.03 macd_count:   4 profit:  0.41
Trade --> code: SAVA   BUY: 2020-09-30   11.51 SELL: 2022-12-31   39.57  macd:    1.39 macd_count:  28 profit:  3.44

code: XENE     day: macd + hist + hist_1pre + ,  Week: macd + hist + hist_1pre - , Month: macd + hist + hist_1pre + , 
Trade --> code: XENE   BUY: 2018-08-31   13.25 SELL: 2022-12-31   38.17  macd:    5.02 macd_count:  53 profit:  2.88

