Wed Nov  9 14:08:18 UTC 2022
arg[0]: scraping/yahoo-finace-api2.py, arg[1]: stock-code-list/buy-list.txt
===========================
scraping
===========================
START:  AAPL
END:    0.7854676246643066
-
START:  EL
END:    1.6733739376068115
-
START:  NEE
END:    2.2845401763916016
-
START:  AMD
END:    3.0851075649261475
-
START:  APH
END:    3.7145824432373047
-
START:  XLP
END:    4.285912275314331
-
START:  SPXL
END:    4.860463380813599
-
START:  KEYS
END:    5.295706510543823
-
START:  VDC
END:    5.86807918548584
-
START:  SPTM
END:    6.547774791717529
-
START:  SPLG
END:    7.0902063846588135
-
START:  CROX
END:    7.641916751861572
-
START:  AXON
END:    8.154965162277222
-
START:  AWR
END:    8.721705436706543
-
START:  FN
END:    9.386143207550049
-
START:  NXST
END:    9.972987651824951
-
START:  TREX
END:    10.62377405166626
-
START:  RGEN
END:    11.229349613189697
-
START:  EXPO
END:    11.75505256652832
-
START:  BCPC
END:    12.30113959312439
-
START:  SOXL
END:    13.084603071212769
-
START:  TECL
END:    13.592920780181885
-
START:  NEO
END:    14.030463695526123
-
START:  NVMI
END:    14.701986312866211
-
START:  NVDA
END:    15.529352188110352
-
START:  BBDC
END:    16.045113801956177
-
START:  APPS
END:    16.69027090072632
-
START:  ROK
END:    17.2948055267334
-
START:  NHTC
END:    17.823731660842896
-
START:  ZYXI
END:    18.39129877090454
-
START:  LIT
END:    19.08264446258545
-
START:  LLY
END:    19.785038232803345
-
START:  GTLB
END:    20.053239583969116
-
START:  MCD
END:    20.760610580444336
-
START:  MSI
END:    21.500248193740845
-
START:  HCP
END:    21.762057304382324
-
START:  ON
END:    22.319852352142334
-
===========================
MACD sell
===========================
START:  AAPL
START:  EL
START:  NEE
START:  AMD
START:  APH
START:  XLP
START:  SPXL
START:  KEYS
START:  VDC
START:  SPTM
START:  SPLG
START:  CROX
START:  AXON
START:  AWR
START:  FN
START:  NXST
START:  TREX
START:  RGEN
START:  EXPO
START:  BCPC
START:  SOXL
START:  TECL
START:  NEO
START:  NVMI
START:  NVDA
START:  BBDC
START:  APPS
START:  ROK
START:  NHTC
START:  ZYXI
START:  LIT
START:  LLY
START:  GTLB
START:  MCD
START:  MSI
START:  HCP
START:  ON
==== MACD list ====
code: AAPL     day: macd - hist - ,  Week: macd - hist - , Month: macd + hist - , 
code: EL       day: macd - hist + ,  Week: macd - hist - , Month: macd - hist - , 
code: NEE      day: macd - hist + ,  Week: macd - hist - , Month: macd + hist - , 
code: AMD      day: macd - hist + ,  Week: macd - hist + , Month: macd - hist - , 
code: APH      day: macd + hist + ,  Week: macd + hist + , Month: macd + hist - , 
code: XLP      day: macd + hist + ,  Week: macd - hist + , Month: macd + hist - , 
code: SPXL     day: macd + hist + ,  Week: macd - hist + , Month: macd - hist - , 
code: KEYS     day: macd + hist - ,  Week: macd + hist - , Month: macd + hist - , 
code: VDC      day: macd + hist + ,  Week: macd - hist + , Month: macd + hist - , 
code: SPTM     day: macd + hist + ,  Week: macd - hist + , Month: macd + hist - , 
code: SPLG     day: macd + hist + ,  Week: macd - hist + , Month: macd + hist - , 
code: CROX     day: macd + hist + ,  Week: macd + hist + , Month: macd - hist - , 
code: AXON     day: macd + hist + ,  Week: macd + hist + , Month: macd + hist - , 
code: AWR      day: macd + hist + ,  Week: macd + hist + , Month: macd + hist - , 
code: FN       day: macd + hist + ,  Week: macd + hist + , Month: macd + hist + , 
code: NXST     day: macd - hist - ,  Week: macd - hist - , Month: macd + hist - , 
code: TREX     day: macd - hist - ,  Week: macd - hist + , Month: macd - hist - , 
code: RGEN     day: macd - hist + ,  Week: macd - hist - , Month: macd + hist - , 
code: EXPO     day: macd + hist + ,  Week: macd + hist + , Month: macd + hist - , 
code: BCPC     day: macd + hist - ,  Week: macd + hist + , Month: macd + hist - , 
code: SOXL     day: macd - hist + ,  Week: macd - hist + , Month: macd - hist - , 
code: TECL     day: macd - hist + ,  Week: macd - hist + , Month: macd - hist - , 
code: NEO      day: macd - hist + ,  Week: macd - hist + , Month: macd - hist - , 
code: NVMI     day: macd - hist + ,  Week: macd - hist + , Month: macd + hist - , 
code: NVDA     day: macd + hist + ,  Week: macd - hist + , Month: macd + hist - , 
code: BBDC     day: macd + hist + ,  Week: macd - hist + , Month: macd - hist - , 
code: APPS     day: macd - hist - ,  Week: macd - hist + , Month: macd - hist - , 
code: ROK      day: macd + hist + ,  Week: macd + hist + , Month: macd - hist - , 
code: NHTC     day: macd + hist + ,  Week: macd - hist + , Month: macd - hist - , 
code: ZYXI     day: macd + hist + ,  Week: macd + hist + , Month: macd - hist + , 
code: LIT      day: macd + hist + ,  Week: macd - hist + , Month: macd + hist - , 
code: LLY      day: macd + hist + ,  Week: macd + hist + , Month: macd + hist + , 
code: GTLB     day: macd - hist - ,  Week: macd - hist - , Month: macd + hist + , 
code: MCD      day: macd + hist + ,  Week: macd + hist + , Month: macd + hist + , 
code: MSI      day: macd + hist + ,  Week: macd + hist + , Month: macd + hist - , 
code: HCP      day: macd - hist - ,  Week: macd - hist - , Month: macd + hist + , 
code: ON       day: macd - hist + ,  Week: macd + hist - , Month: macd + hist - , 
==== MACD sell list ====
code: AAPL     day: macd - hist - , 
code: AAPL     day: macd - hist - ,  Week: macd - hist - , 
code: AAPL     day: macd - hist - ,  Week: macd - hist - , Month: macd + hist - , 
code: EL       day: macd - hist + ,  Week: macd - hist - , 
code: EL       day: macd - hist + ,  Week: macd - hist - , Month: macd - hist - , 
code: NEE      day: macd - hist + ,  Week: macd - hist - , 
code: NEE      day: macd - hist + ,  Week: macd - hist - , Month: macd + hist - , 
code: AMD      day: macd - hist + ,  Week: macd - hist + , Month: macd - hist - , 
code: APH      day: macd + hist + ,  Week: macd + hist + , Month: macd + hist - , 
code: XLP      day: macd + hist + ,  Week: macd - hist + , Month: macd + hist - , 
code: SPXL     day: macd + hist + ,  Week: macd - hist + , Month: macd - hist - , 
code: KEYS     day: macd + hist - , 
code: KEYS     day: macd + hist - ,  Week: macd + hist - , 
code: KEYS     day: macd + hist - ,  Week: macd + hist - , Month: macd + hist - , 
code: VDC      day: macd + hist + ,  Week: macd - hist + , Month: macd + hist - , 
code: SPTM     day: macd + hist + ,  Week: macd - hist + , Month: macd + hist - , 
code: SPLG     day: macd + hist + ,  Week: macd - hist + , Month: macd + hist - , 
code: CROX     day: macd + hist + ,  Week: macd + hist + , Month: macd - hist - , 
code: AXON     day: macd + hist + ,  Week: macd + hist + , Month: macd + hist - , 
code: AWR      day: macd + hist + ,  Week: macd + hist + , Month: macd + hist - , 
code: NXST     day: macd - hist - , 
code: NXST     day: macd - hist - ,  Week: macd - hist - , 
code: NXST     day: macd - hist - ,  Week: macd - hist - , Month: macd + hist - , 
code: TREX     day: macd - hist - , 
code: TREX     day: macd - hist - ,  Week: macd - hist + , Month: macd - hist - , 
code: RGEN     day: macd - hist + ,  Week: macd - hist - , 
code: RGEN     day: macd - hist + ,  Week: macd - hist - , Month: macd + hist - , 
code: EXPO     day: macd + hist + ,  Week: macd + hist + , Month: macd + hist - , 
code: BCPC     day: macd + hist - , 
code: BCPC     day: macd + hist - ,  Week: macd + hist + , Month: macd + hist - , 
code: SOXL     day: macd - hist + ,  Week: macd - hist + , Month: macd - hist - , 
code: TECL     day: macd - hist + ,  Week: macd - hist + , Month: macd - hist - , 
code: NEO      day: macd - hist + ,  Week: macd - hist + , Month: macd - hist - , 
code: NVMI     day: macd - hist + ,  Week: macd - hist + , Month: macd + hist - , 
code: NVDA     day: macd + hist + ,  Week: macd - hist + , Month: macd + hist - , 
code: BBDC     day: macd + hist + ,  Week: macd - hist + , Month: macd - hist - , 
code: APPS     day: macd - hist - , 
code: APPS     day: macd - hist - ,  Week: macd - hist + , Month: macd - hist - , 
code: ROK      day: macd + hist + ,  Week: macd + hist + , Month: macd - hist - , 
code: NHTC     day: macd + hist + ,  Week: macd - hist + , Month: macd - hist - , 
code: LIT      day: macd + hist + ,  Week: macd - hist + , Month: macd + hist - , 
code: GTLB     day: macd - hist - , 
code: GTLB     day: macd - hist - ,  Week: macd - hist - , 
code: MSI      day: macd + hist + ,  Week: macd + hist + , Month: macd + hist - , 
code: HCP      day: macd - hist - , 
code: HCP      day: macd - hist - ,  Week: macd - hist - , 
code: ON       day: macd - hist + ,  Week: macd + hist - , 
code: ON       day: macd - hist + ,  Week: macd + hist - , Month: macd + hist - , 
===========================
profit
===========================
==== plus ====
XLP  , macd +, macd hist +, profit:   [0.12], per:   [0.17], now:   [72.7], buy:  [72.58]
AXON , macd +, macd hist +, profit:  [11.85], per:   [8.58], now:   [150.], buy: [138.15]
FN   , macd +, macd hist +, profit:   [5.06], per:   [4.33], now: [121.92], buy: [116.86]
NXST , macd -, macd hist -, profit:   [4.95], per:   [3.05], now: [167.45], buy:  [162.5]
ZYXI , macd +, macd hist +, profit:   [6.69], per: [105.19], now:  [13.05], buy:   [6.36]
LLY  , macd +, macd hist +, profit:  [95.66], per:   [35.3], now: [366.66], buy:   [271.]
MCD  , macd +, macd hist +, profit:  [24.94], per:   [9.84], now:  [278.4], buy: [253.46]
MSI  , macd +, macd hist +, profit:   [5.39], per:   [2.14], now:  [256.8], buy: [251.41]
ON   , macd -, macd hist +, profit:   [7.23], per:  [12.08], now:  [67.09], buy:  [59.86]
-
     plus  len:  9
     profit: [161.89], per: [180.67], per/len(p):  [20.07], per/len(p+m):   [4.88]
-
==== minus ====
AAPL , macd -, macd hist -, profit:       [], per:       [], now:  [139.5], buy:       []
EL   , macd -, macd hist +, profit: [-131.86], per: [-38.81], now: [207.89], buy: [339.75]
NEE  , macd -, macd hist +, profit:  [-7.06], per:  [-8.27], now:  [78.27], buy:  [85.33]
AMD  , macd -, macd hist +, profit: [-56.38], per: [-46.89], now:  [63.85], buy: [120.23]
APH  , macd +, macd hist +, profit:       [], per:       [], now:  [75.95], buy:       []
SPXL , macd +, macd hist +, profit: [-66.69], per: [-51.21], now:  [63.54], buy: [130.23]
KEYS , macd +, macd hist -, profit: [-22.44], per: [-12.06], now: [163.62], buy: [186.06]
VDC  , macd +, macd hist +, profit:  [-1.22], per:  [-0.64], now: [188.31], buy: [189.53]
SPTM , macd +, macd hist +, profit:  [-9.31], per: [-16.45], now:  [47.27], buy:  [56.58]
SPLG , macd +, macd hist +, profit:  [-9.07], per:  [-16.8], now:  [44.92], buy:  [53.99]
CROX , macd +, macd hist +, profit: [-94.49], per: [-53.26], now:  [82.93], buy: [177.42]
AWR  , macd +, macd hist +, profit:       [], per:       [], now:  [89.77], buy:       []
TREX , macd -, macd hist -, profit: [-24.98], per: [-35.69], now:  [45.02], buy:    [70.]
RGEN , macd -, macd hist +, profit:  [-4.91], per:  [-2.73], now: [174.75], buy: [179.66]
EXPO , macd +, macd hist +, profit:  [-2.17], per:  [-2.15], now:  [98.94], buy: [101.11]
BCPC , macd +, macd hist -, profit:  [-3.52], per:  [-2.57], now: [133.56], buy: [137.08]
SOXL , macd -, macd hist +, profit: [-31.92], per: [-75.84], now:  [10.17], buy:  [42.09]
TECL , macd -, macd hist +, profit:  [-37.5], per: [-61.74], now:  [23.24], buy:  [60.74]
NEO  , macd -, macd hist +, profit:  [-8.94], per: [-50.11], now:    [8.9], buy:  [17.84]
NVMI , macd -, macd hist +, profit:  [-30.1], per: [-26.25], now:  [84.55], buy: [114.65]
NVDA , macd +, macd hist +, profit: [-109.65], per: [-42.89], now: [146.02], buy: [255.67]
BBDC , macd +, macd hist +, profit:  [-1.59], per:   [-15.], now:   [9.01], buy:   [10.6]
APPS , macd -, macd hist -, profit: [-32.14], per:  [-73.6], now:  [11.53], buy:  [43.67]
ROK  , macd +, macd hist +, profit: [-87.56], per: [-25.61], now: [254.33], buy: [341.89]
NHTC , macd +, macd hist +, profit:  [-2.92], per: [-40.73], now:   [4.25], buy:   [7.17]
LIT  , macd +, macd hist +, profit: [-19.53], per: [-21.25], now:  [72.38], buy:  [91.91]
GTLB , macd -, macd hist -, profit: [-16.32], per: [-30.93], now:  [36.44], buy:  [52.76]
HCP  , macd -, macd hist -, profit: [-31.46], per: [-57.94], now:  [22.84], buy:   [54.3]
-
     minus len:  28
     profit:       [], per:       [], per/len(m):       [], per/len(p+m):       []
-
==== total ====
     profit:       [], per:       [], per/len(p+m):       []
arg[0]: scraping/yahoo-finace-api2.py, arg[1]: stock-code-list/up-month.txt
===========================
scraping
===========================
START:  A
END:    0.8774445056915283
-
START:  AAON
END:    1.5543756484985352
-
START:  AAPL
END:    2.309349298477173
-
START:  ABG
END:    2.953763246536255
-
START:  ABT
END:    3.8310511112213135
-
START:  ACLS
END:    4.394249677658081
-
START:  ACMR
END:    4.735306739807129
-
START:  ACN
END:    5.341168403625488
-
START:  ADBE
END:    6.057146787643433
-
START:  ADI
END:    6.706193923950195
-
START:  ADP
END:    7.353466987609863
-
START:  ADSK
END:    8.114665985107422
-
START:  ADUS
END:    8.627060890197754
-
START:  AEE
END:    9.171860456466675
-
START:  AGYS
END:    9.848666191101074
-
START:  AIZ
END:    10.656633853912354
-
START:  AJG
END:    11.297047853469849
-
START:  AJRD
END:    11.994158744812012
-
START:  ALB
END:    12.799689769744873
-
START:  ALG
END:    13.420740842819214
-
START:  ALGN
END:    14.06621789932251
-
START:  ALLE
END:    14.528680562973022
-
START:  ALTR
END:    14.903146266937256
-
START:  AMAT
END:    15.545335054397583
-
START:  AMBA
END:    15.957995176315308
-
START:  AMD
END:    16.46407723426819
-
START:  AME
END:    17.26859951019287
-
START:  AMED
END:    17.770123958587646
-
START:  AMEH
END:    18.17331862449646
-
START:  AMGN
END:    18.77469539642334
-
START:  AMN
END:    19.359169721603394
-
START:  AMP
END:    19.95151162147522
-
START:  AMRC
END:    20.424380779266357
-
START:  AMSWA
END:    21.21563744544983
-
START:  AMTX
END:    21.617680311203003
-
START:  AMZN
END:    22.116278648376465
-
START:  AN
END:    22.719691514968872
-
START:  ANSS
END:    23.36200261116028
-
START:  ANTM
Not Found: No data found, symbol may be delisted
START:  AON
END:    24.380642652511597
-
START:  AOSL
END:    24.800403118133545
-
START:  APD
END:    25.37347960472107
-
START:  APH
END:    25.877501726150513
-
START:  APPF
END:    26.24412727355957
-
START:  APPN
END:    26.708115100860596
-
START:  APPS
END:    27.22137451171875
-
START:  AQN
END:    27.814435482025146
-
START:  ARCB
END:    28.450034379959106
-
START:  ARCT
END:    28.927093505859375
-
START:  ARES
END:    29.376914262771606
-
START:  ARGX
END:    29.730689525604248
-
START:  ARWR
END:    30.292410135269165
-
START:  ASML
END:    31.025978326797485
-
START:  ASPN
END:    31.392860412597656
-
START:  ATEC
END:    31.980929851531982
-
START:  ATEN
END:    32.38138556480408
-
START:  ATKR
END:    32.7517454624176
-
START:  ATOM
END:    33.04658269882202
-
START:  ATR
END:    33.66039252281189
-
START:  ATRC
END:    34.12148594856262
-
START:  AUDC
END:    34.80965971946716
-
START:  AUPH
END:    35.25131273269653
-
START:  AVAV
END:    35.7442102432251
-
START:  AVGO
END:    36.277345180511475
-
START:  AVID
END:    36.81917214393616
-
START:  AVNW
END:    37.53595566749573
-
START:  AVXL
END:    38.03060460090637
-
START:  AVY
END:    38.85837244987488
-
START:  AWK
END:    43.88078498840332
-
START:  AWR
END:    44.70647621154785
-
START:  AXON
END:    45.269593238830566
-
START:  AZO
END:    45.84401774406433
-
START:  AZPN
END:    46.40918588638306
-
START:  BAH
END:    46.925015926361084
-
START:  BAM
END:    47.550883531570435
-
START:  BAX
END:    48.2681086063385
-
START:  BBH
END:    48.9434494972229
-
START:  BBQ
END:    49.435330629348755
-
START:  BBY
END:    50.20331811904907
-
START:  BCPC
END:    50.915772676467896
-
START:  BDX
END:    51.57821846008301
-
START:  BEEM
END:    52.118056297302246
-
START:  BFAM
END:    52.52875351905823
-
START:  BFC
END:    53.04323410987854
-
START:  BGFV
END:    53.70082187652588
-
START:  BGNE
END:    54.08161211013794
-
START:  BHVN
END:    54.275766372680664
-
START:  BIO
END:    54.88659739494324
-
START:  BL
END:    55.23192548751831
-
START:  BLD
END:    55.60491871833801
-
START:  BLDP
END:    56.2581832408905
-
START:  BLDR
END:    56.859981298446655
-
START:  BLFS
END:    57.37155508995056
-
START:  BLK
END:    57.888896226882935
-
START:  BLL
Not Found: No data found, symbol may be delisted
START:  BLNK
END:    58.61945986747742
-
START:  BMI
END:    59.27687406539917
-
START:  BOOT
END:    59.66098093986511
-
START:  BOTZ
END:    59.999672651290894
-
START:  BR
END:    60.66385269165039
-
START:  BRKR
END:    61.385339975357056
-
START:  BRKS
Not Found: No data found, symbol may be delisted
START:  BRO
END:    62.39203596115112
-
START:  BURL
END:    62.85422372817993
-
START:  BX
END:    63.43972158432007
-
START:  CABO
END:    63.79564619064331
-
START:  CACI
END:    64.40966486930847
-
START:  CALX
END:    64.78150653839111
-
START:  CAMT
END:    65.34350204467773
-
START:  CAR
END:    65.85652208328247
-
START:  CBRE
END:    66.41309809684753
-
START:  CBSH
END:    67.0790786743164
-
START:  CBZ
END:    67.65443754196167
-
START:  CCOI
END:    68.1886465549469
-
START:  CCS
END:    68.58352017402649
-
START:  CDMO
END:    69.17488598823547
-
START:  CDNA
END:    69.58260798454285
-
START:  CDNS
END:    70.3002667427063
-
START:  CDW
END:    70.69228649139404
-
START:  CELH
END:    71.14269185066223
-
START:  CGNX
END:    71.93883490562439
-
START:  CHD
END:    72.61796069145203
-
START:  CHDN
END:    73.42478775978088
-
START:  CHE
END:    74.23001170158386
-
START:  CHGG
END:    74.65606355667114
-
START:  CHH
END:    75.2361364364624
-
START:  CHKP
END:    75.71637916564941
-
START:  CHTR
END:    76.08879089355469
-
START:  CIEN
END:    76.63690090179443
-
START:  CLAR
END:    77.19775104522705
-
START:  CLFD
END:    77.89456224441528
-
START:  CLGN
END:    78.2127935886383
-
START:  CLNE
END:    78.832026720047
-
START:  CLPT
END:    79.40799522399902
-
START:  CLX
END:    80.15656232833862
-
START:  CMCSA
END:    80.78066182136536
-
START:  CMG
END:    81.22762036323547
-
START:  CMS
END:    81.8972339630127
-
START:  CNC
END:    82.51005959510803
-
START:  CNI
END:    83.20182156562805
-
START:  CNMD
END:    83.82312226295471
-
START:  CNS
END:    84.33381533622742
-
START:  CNXN
END:    84.85647559165955
-
START:  COO
END:    85.64427924156189
-
START:  COST
END:    86.41111421585083
-
START:  COUP
END:    86.82170963287354
-
START:  COWN
END:    87.40576386451721
-
START:  CP
END:    87.98768019676208
-
START:  CPK
END:    88.68297481536865
-
START:  CPRT
END:    89.31049513816833
-
START:  CPSH
END:    89.82764291763306
-
START:  CRAI
END:    90.59053111076355
-
START:  CREE
Not Found: No data found, symbol may be delisted
START:  CRL
END:    91.43127632141113
-
START:  CRM
END:    92.13141942024231
-
START:  CRMT
END:    92.66213345527649
-
START:  CROX
END:    93.3487491607666
-
START:  CRSP
END:    93.68809247016907
-
START:  CRVL
END:    94.3337345123291
-
START:  CSGP
END:    94.95327472686768
-
START:  CSL
END:    95.69333481788635
-
START:  CSWI
END:    96.17910289764404
-
START:  CSX
END:    96.76706886291504
-
START:  CTAS
END:    97.55888199806213
-
START:  CTLT
END:    97.99749732017517
-
START:  CTRN
END:    98.69736289978027
-
START:  CURE
END:    99.19234347343445
-
START:  CVCO
END:    99.93918967247009
-
START:  CVNA
END:    100.3329610824585
-
START:  CWST
END:    100.84182024002075
-
START:  CWT
END:    101.41913080215454
-
START:  CXSE
END:    101.95258021354675
-
START:  CYBR
END:    102.31882858276367
-
START:  CYRX
END:    102.86761617660522
-
START:  CYTK
END:    103.42621088027954
-
START:  DAC
END:    103.88157439231873
-
START:  DAR
END:    104.43331122398376
-
START:  DAVA
END:    104.72498059272766
-
START:  DDS
END:    105.39999318122864
-
START:  DE
END:    106.04665899276733
-
START:  DECK
END:    106.67332005500793
-
START:  DELL
END:    107.12391257286072
-
START:  DFIN
END:    107.60448575019836
-
START:  DG
END:    108.15017914772034
-
START:  DGRW
END:    108.64111161231995
-
START:  DHI
END:    109.34582781791687
-
START:  DHR
END:    109.92334008216858
-
START:  DIA
END:    110.48783016204834
-
START:  DIOD
END:    111.15758800506592
-
START:  DIS
END:    111.69280505180359
-
START:  DKS
END:    112.47492337226868
-
START:  DLN
END:    113.2775022983551
-
START:  DNLI
END:    113.6116030216217
-
START:  DOMO
END:    114.05496025085449
-
START:  DOV
END:    114.89423060417175
-
START:  DPZ
END:    115.41055965423584
-
START:  DQ
END:    115.81589674949646
-
START:  DRD
END:    116.46618342399597
-
START:  DRIO
END:    116.93248176574707
-
START:  DRNA
Not Found: No data found, symbol may be delisted
START:  DSGX
END:    117.87753295898438
-
START:  DVAX
END:    118.4170081615448
-
START:  DXCM
END:    119.05839204788208
-
START:  ECL
END:    119.62479090690613
-
START:  EFX
END:    120.22132182121277
-
START:  EGAN
END:    120.85227036476135
-
START:  EHC
END:    121.38725757598877
-
START:  EL
END:    122.01938366889954
-
START:  ENPH
END:    122.50719857215881
-
START:  ENSG
END:    123.1112380027771
-
START:  ENTG
END:    123.75352764129639
-
START:  ENV
END:    124.28668093681335
-
START:  EPAM
END:    124.7944004535675
-
START:  ERIE
END:    125.40516567230225
-
START:  ES
END:    126.00024437904358
-
START:  ESE
END:    126.59152555465698
-
START:  ETN
END:    127.36625671386719
-
START:  ETSY
END:    127.82934761047363
-
START:  EVBG
END:    128.19485449790955
-
START:  EVTC
END:    128.65888023376465
-
START:  EW
END:    129.18095874786377
-
START:  EWT
END:    129.9922525882721
-
START:  EXAS
END:    130.59967589378357
-
START:  EXLS
END:    131.09043216705322
-
START:  EXPD
END:    131.62889695167542
-
START:  EXPI
END:    131.92788338661194
-
START:  EXPO
END:    132.50889444351196
-
START:  FAST
END:    133.04225730895996
-
START:  FATE
END:    133.65064477920532
-
START:  FB
Not Found: No data found, symbol may be delisted
START:  FCN
END:    134.48509311676025
-
START:  FCX
END:    135.1440680027008
-
START:  FDN
END:    135.63697385787964
-
START:  FDS
END:    136.25514006614685
-
START:  FELE
END:    136.82350325584412
-
START:  FFIN
END:    137.52377200126648
-
START:  FICO
END:    138.05860447883606
-
START:  FINX
END:    138.45517206192017
-
START:  FIS
END:    138.98602986335754
-
START:  FISV
END:    139.6035647392273
-
START:  FIVE
END:    140.21708464622498
-
START:  FIVN
END:    140.59846305847168
-
START:  FLGT
END:    140.91240215301514
-
START:  FLT
END:    141.31498003005981
-
START:  FLWS
END:    141.81679582595825
-
START:  FN
END:    142.3879828453064
-
START:  FND
END:    142.77823972702026
-
START:  FNV
END:    143.2908639907837
-
START:  FORM
END:    143.8259654045105
-
START:  FOXF
END:    144.21678161621094
-
START:  FPX
END:    144.6654932498932
-
START:  FRC
END:    145.18983435630798
-
START:  FRHC
END:    145.61132144927979
-
START:  FRPT
END:    145.94308400154114
-
START:  FSS
END:    146.62207698822021
-
START:  FTNT
END:    147.09185481071472
-
START:  FUV
END:    147.46388459205627
-
START:  GDEN
END:    147.99625992774963
-
START:  GFI
END:    148.55975127220154
-
START:  GGG
END:    149.1929326057434
-
START:  GIB
END:    149.77156734466553
-
START:  GLDD
END:    150.28482484817505
-
START:  GLOB
END:    150.83376717567444
-
START:  GMAB
END:    151.31837224960327
-
START:  GME
END:    151.86956763267517
-
START:  GMED
END:    152.33576488494873
-
START:  GNRC
END:    152.8605456352234
-
START:  GNSS
END:    153.36855554580688
-
START:  GNTX
END:    154.013023853302
-
START:  GOLF
END:    154.3725712299347
-
START:  GOOG
END:    154.99803185462952
-
START:  GOOGL
END:    155.52378106117249
-
START:  GPI
END:    156.02454805374146
-
START:  GPN
END:    156.71208930015564
-
START:  GRBK
END:    157.168114900589
-
START:  GRMN
END:    157.73665356636047
-
START:  GRVY
END:    158.19963002204895
-
START:  GRWG
END:    158.5147819519043
-
START:  GWRE
END:    159.02486610412598
-
START:  HACK
END:    159.47766876220703
-
START:  HALO
END:    160.02226877212524
-
START:  HCI
END:    160.55890250205994
-
START:  HD
END:    161.12655019760132
-
START:  HEI
END:    161.78058528900146
-
START:  HELE
END:    162.3847427368164
-
START:  HIBB
END:    163.3290798664093
-
START:  HLI
END:    163.69943141937256
-
START:  HLT
END:    164.19607853889465
-
START:  HOLX
END:    164.71181654930115
-
START:  HON
END:    165.522789478302
-
START:  HOV
END:    166.00935339927673
-
START:  HRC
Not Found: No data found, symbol may be delisted
START:  HRI
END:    166.8673758506775
-
START:  HSKA
END:    167.41431498527527
-
START:  HTHT
END:    167.85063195228577
-
START:  HUBS
END:    168.35410714149475
-
START:  HUM
END:    169.02373814582825
-
START:  HZNP
END:    169.4923324584961
-
START:  IAC
END:    170.25452661514282
-
START:  IBP
END:    170.69868874549866
-
START:  ICE
END:    171.23742961883545
-
START:  ICLN
END:    171.92515516281128
-
START:  ICLR
END:    172.4839358329773
-
START:  IDT
END:    173.11090970039368
-
START:  IDXX
END:    173.85283589363098
-
START:  IESC
END:    174.54491066932678
-
START:  IEX
END:    175.34051036834717
-
START:  ILMN
END:    175.95083236694336
-
START:  INFO
Not Found: No data found, symbol may be delisted
START:  INOV
Not Found: No data found, symbol may be delisted
START:  INSP
END:    176.75255942344666
-
START:  INTC
END:    177.38224077224731
-
START:  INTU
END:    178.04873490333557
-
START:  INTZ
END:    178.59449195861816
-
START:  INVE
END:    179.09299612045288
-
START:  IOO
END:    179.63460969924927
-
START:  IQV
END:    180.05376863479614
-
START:  IRDM
END:    180.57300066947937
-
START:  IRMD
END:    181.11483883857727
-
START:  ISEE
END:    181.7052230834961
-
START:  ISRG
END:    182.4482593536377
-
START:  IT
END:    183.0819489955902
-
START:  ITT
END:    183.78083896636963
-
START:  ITW
END:    184.57832837104797
-
START:  IVOG
END:    185.08491253852844
-
START:  IVV
END:    185.72312450408936
-
START:  IXJ
END:    186.28972554206848
-
START:  IXN
END:    186.8066964149475
-
START:  J
END:    187.4634063243866
-
START:  JBL
END:    188.14637780189514
-
START:  JBSS
END:    188.80347537994385
-
START:  JD
END:    189.33372259140015
-
START:  JKHY
END:    189.88533449172974
-
START:  JKS
END:    190.35600447654724
-
START:  JNJ
END:    191.12868976593018
-
START:  JOE
END:    191.64565896987915
-
START:  JOUT
END:    192.42623019218445
-
START:  JYNT
END:    192.85031986236572
-
START:  KAI
END:    193.32629489898682
-
START:  KBH
END:    194.00347018241882
-
START:  KBR
END:    194.53686785697937
-
START:  KDMN
Not Found: No data found, symbol may be delisted
START:  KEYS
END:    195.22681260108948
-
START:  KLAC
END:    195.7943799495697
-
START:  KLIC
END:    196.347106218338
-
START:  KMX
END:    196.91811442375183
-
START:  KNSL
END:    197.37377333641052
-
START:  KOPN
END:    197.86500763893127
-
START:  KOSS
END:    198.43310809135437
-
START:  KRNT
END:    198.90713095664978
-
START:  KSU
Not Found: No data found, symbol may be delisted
START:  KTOS
END:    199.69454193115234
-
START:  LAC
END:    200.23852038383484
-
START:  LAD
END:    200.90761399269104
-
START:  LANC
END:    201.6933467388153
-
START:  LAWS
Not Found: No data found, symbol may be delisted
START:  LDOS
END:    202.43889021873474
-
START:  LFMD
END:    202.90635919570923
-
START:  LGIH
END:    203.3452558517456
-
START:  LH
END:    204.00478839874268
-
START:  LHCG
END:    204.70814871788025
-
START:  LHX
END:    205.28399682044983
-
START:  LII
END:    206.09349155426025
-
START:  LIN
END:    206.9081563949585
-
START:  LINC
END:    207.43859577178955
-
START:  LIT
END:    208.01478171348572
-
START:  LLY
END:    208.7225284576416
-
START:  LMT
END:    209.57338500022888
-
START:  LNT
END:    210.1383457183838
-
START:  LOB
END:    210.664217710495
-
START:  LOGI
END:    211.1827495098114
-
START:  LOVE
END:    211.66259360313416
-
START:  LOW
END:    212.373370885849
-
START:  LPLA
END:    212.81918907165527
-
START:  LPSN
END:    213.4044041633606
-
START:  LQDT
END:    214.04810738563538
-
START:  LRCX
END:    214.71424078941345
-
START:  LSCC
END:    215.20481133460999
-
START:  LSTR
END:    215.752206325531
-
START:  LULU
END:    216.37382650375366
-
START:  LUNA
END:    217.01239681243896
-
START:  MA
END:    217.6381332874298
-
START:  MANH
END:    218.30553698539734
-
START:  MANT
END:    218.9812309741974
-
START:  MARA
END:    219.4516532421112
-
START:  MASI
END:    220.09625554084778
-
START:  MATX
END:    220.7540147304535
-
START:  MBUU
END:    221.19969129562378
-
START:  MCD
END:    221.93942046165466
-
START:  MCHP
END:    222.7227165699005
-
START:  MCO
END:    223.3573660850525
-
START:  MDB
END:    223.65938591957092
-
START:  MDT
END:    224.2956256866455
-
START:  MEDP
END:    224.7281050682068
-
START:  MEDS
END:    225.17780351638794
-
START:  MELI
END:    225.89259433746338
-
START:  MGC
END:    226.51170539855957
-
START:  MGIC
END:    227.0782163143158
-
START:  MGK
END:    227.5199851989746
-
START:  MGNI
END:    227.96423864364624
-
START:  MHO
END:    228.5844864845276
-
START:  MIME
Not Found: No data found, symbol may be delisted
START:  MITK
END:    229.4377727508545
-
START:  MKC
END:    230.09560084342957
-
START:  MKSI
END:    230.79620456695557
-
START:  MKTX
END:    231.3714485168457
-
START:  MLAB
END:    232.13638353347778
-
START:  MLR
END:    232.97383832931519
-
START:  MMC
END:    233.56058168411255
-
START:  MMS
END:    234.18645071983337
-
START:  MNMD
END:    234.56630563735962
-
START:  MNST
END:    235.29933166503906
-
START:  MODN
END:    235.74107837677002
-
START:  MODV
END:    236.3520586490631
-
START:  MOH
END:    236.87332773208618
-
START:  MORN
END:    237.54388523101807
-
START:  MPWR
END:    238.14055275917053
-
START:  MRTX
END:    238.7174792289734
-
START:  MRVL
END:    239.27474427223206
-
START:  MS
END:    240.07483506202698
-
START:  MSA
END:    240.83410382270813
-
START:  MSCI
END:    241.45954275131226
-
START:  MSEX
END:    242.2564389705658
-
START:  MSFT
END:    242.86003160476685
-
START:  MSI
END:    243.76470756530762
-
START:  MSTR
END:    244.23650527000427
-
START:  MTBC
END:    244.66865181922913
-
START:  MTCH
END:    245.4831326007843
-
START:  MTD
END:    246.1075222492218
-
START:  MTEX
END:    246.77392435073853
-
START:  MTH
END:    247.37324452400208
-
START:  MTLS
END:    247.92078495025635
-
START:  MTSI
END:    248.39304494857788
-
START:  MU
END:    249.13326859474182
-
START:  MUSA
END:    249.6556670665741
-
START:  MVIS
END:    250.13065481185913
-
START:  MXL
END:    250.54234147071838
-
START:  MYRG
END:    251.04898643493652
-
START:  NBIX
END:    251.6964099407196
-
START:  NCBS
Not Found: No data found, symbol may be delisted
START:  NDAQ
END:    252.74155640602112
-
START:  NDSN
END:    253.29503631591797
-
START:  NEE
END:    253.91097736358643
-
START:  NEO
END:    254.49409699440002
-
START:  NEOG
END:    255.17568850517273
-
START:  NFLX
END:    255.9281988143921
-
START:  NICE
END:    256.48638463020325
-
START:  NISN
END:    256.9361939430237
-
START:  NKE
END:    257.6134469509125
-
START:  NOVT
END:    258.095068693161
-
START:  NOW
END:    258.4539041519165
-
START:  NSC
END:    259.1043608188629
-
START:  NSIT
END:    259.6938066482544
-
START:  NSSC
END:    260.44829392433167
-
START:  NSTG
END:    260.90937399864197
-
START:  NTLA
END:    261.4716417789459
-
START:  NTRA
END:    261.9096691608429
-
START:  NUAN
END:    262.6687774658203
-
START:  NVCR
END:    263.0954747200012
-
START:  NVDA
END:    263.7512581348419
-
START:  NVMI
END:    264.2610652446747
-
START:  NVO
END:    264.9308776855469
-
START:  NVR
END:    265.65190982818604
-
START:  NXST
END:    266.271436214447
-
START:  NYT
END:    266.83411502838135
-
START:  OBCI
Not Found: No data found, symbol may be delisted
START:  ODFL
END:    267.74799704551697
-
START:  OEF
END:    268.3829171657562
-
START:  OFLX
END:    269.0208215713501
-
START:  OLED
END:    269.5480635166168
-
START:  OMCL
END:    270.1656446456909
-
START:  ON
END:    270.7896692752838
-
START:  OOMA
END:    271.1165552139282
-
START:  OPRX
END:    271.7099802494049
-
START:  ORA
END:    272.22785544395447
-
START:  ORCL
END:    272.79691910743713
-
START:  ORLY
END:    273.4186751842499
-
START:  ORMP
END:    273.8809485435486
-
START:  OTEX
END:    274.51485228538513
-
START:  PACB
END:    275.082284450531
-
START:  PAG
END:    275.63624835014343
-
START:  PANW
END:    276.12425351142883
-
START:  PAR
END:    276.66428112983704
-
START:  PAYC
END:    277.07554054260254
-
START:  PAYX
END:    277.8888201713562
-
START:  PBD
END:    278.44221353530884
-
START:  PCTY
END:    278.8143718242645
-
START:  PEGA
END:    279.64446473121643
-
START:  PEN
END:    280.1118814945221
-
START:  PENN
END:    280.77975392341614
-
START:  PEP
END:    281.49166655540466
-
START:  PERI
END:    281.96713614463806
-
START:  PFSI
END:    282.43171739578247
-
START:  PGR
END:    283.02887868881226
-
START:  PH
END:    283.7453353404999
-
START:  PHM
END:    284.32261085510254
-
START:  PKI
END:    284.90858340263367
-
START:  PLL
END:    285.2958297729492
-
START:  PLNT
END:    285.6519103050232
-
START:  PLUG
END:    286.2039566040039
-
START:  PLXS
END:    286.8344175815582
-
START:  PODD
END:    287.36959648132324
-
START:  POOL
END:    287.9351987838745
-
START:  POWI
END:    288.5201849937439
-
START:  PRFT
END:    289.0608386993408
-
START:  PRI
END:    289.50085616111755
-
START:  PRTA
END:    290.05081391334534
-
START:  PRTS
END:    290.5636909008026
-
START:  PTSI
END:    291.230943441391
-
START:  PWR
END:    291.8452067375183
-
START:  PYPL
END:    292.26527667045593
-
START:  QADA
Not Found: No data found, symbol may be delisted
START:  QCLN
END:    293.00337839126587
-
START:  QDEL
END:    293.5477731227875
-
START:  QGEN
END:    294.18146538734436
-
START:  QLYS
END:    294.73557353019714
-
START:  QQQ
END:    295.2823221683502
-
START:  QRVO
END:    295.8694932460785
-
START:  QTWO
END:    296.317658662796
-
START:  RADA
END:    296.89155983924866
-
START:  RAMP
END:    297.55224418640137
-
START:  RBA
END:    298.1668553352356
-
START:  RCII
END:    298.91767501831055
-
START:  RCKY
END:    299.46589756011963
-
START:  RDNT
END:    300.04579639434814
-
START:  RDVT
END:    300.34574365615845
-
START:  RDWR
END:    300.90182542800903
-
START:  REGI
END:    301.3215706348419
-
START:  RENN
END:    301.7119109630585
-
START:  RGEN
END:    302.3421607017517
-
START:  RH
END:    302.93189215660095
-
START:  RILY
END:    303.34443759918213
-
START:  RIOT
END:    303.7006461620331
-
START:  RLI
END:    304.42031025886536
-
START:  RLMD
END:    304.92617106437683
-
START:  RMD
END:    305.6841950416565
-
START:  RNG
END:    306.1241874694824
-
START:  ROBO
END:    306.6971137523651
-
START:  ROCK
END:    307.20035219192505
-
START:  ROK
END:    307.8545432090759
-
START:  ROKU
END:    308.2219135761261
-
START:  ROL
END:    308.9037048816681
-
START:  ROP
END:    309.4299590587616
-
START:  ROST
END:    310.303147315979
-
START:  RPD
END:    310.6602475643158
-
START:  RPM
END:    311.43563437461853
-
START:  RSG
END:    312.10984802246094
-
START:  RTH
END:    312.67449617385864
-
START:  RUN
END:    313.0536632537842
-
START:  RXI
END:    313.71046113967896
-
START:  SAIA
END:    314.30598282814026
-
START:  SAIC
END:    314.78884387016296
-
START:  SAM
END:    315.47944140434265
-
START:  SAVA
END:    316.13947010040283
-
START:  SCI
END:    316.8021333217621
-
START:  SCL
END:    317.6268973350525
-
START:  SE
END:    317.90232706069946
-
START:  SEAS
END:    318.38728857040405
-
START:  SEDG
END:    318.86099457740784
-
START:  SFBS
END:    319.2318572998047
-
START:  SGEN
END:    319.8679676055908
-
START:  SGMS
Not Found: No data found, symbol may be delisted
START:  SGRY
END:    320.5175795555115
-
START:  SHOP
END:    320.8866832256317
-
START:  SHW
END:    321.4120132923126
-
START:  SHYF
END:    322.09307408332825
-
START:  SITE
END:    322.53400206565857
-
START:  SIVB
END:    323.1733295917511
-
START:  SJW
END:    323.94766545295715
-
START:  SKY
END:    324.64644718170166
-
START:  SLAB
END:    325.26333951950073
-
START:  SLP
END:    325.85501074790955
-
START:  SMH
END:    326.4806237220764
-
START:  SMTC
END:    326.9410409927368
-
START:  SNAP
END:    327.39590430259705
-
START:  SNPS
END:    328.16778779029846
-
START:  SOCL
END:    328.7773380279541
-
START:  SOXL
END:    329.283891916275
-
START:  SPGI
END:    329.79216861724854
-
START:  SPLG
END:    330.36331605911255
-
START:  SPLK
END:    330.9600188732147
-
START:  SPNS
END:    331.5336444377899
-
START:  SPSC
END:    332.03177428245544
-
START:  SPTM
END:    332.6582410335541
-
START:  SPWH
END:    333.0341796875
-
START:  SPWR
END:    333.67483401298523
-
START:  SPXC
END:    334.3402066230774
-
START:  SPXL
END:    334.77802181243896
-
START:  SPY
END:    335.32745003700256
-
START:  SPYG
END:    336.13311862945557
-
START:  SQ
END:    336.6129643917084
-
START:  SSD
END:    337.2597436904907
-
START:  SSNC
END:    337.70458364486694
-
START:  SSTK
END:    338.34157490730286
-
START:  STAA
END:    338.98255801200867
-
START:  STE
END:    339.6084175109863
-
START:  SUSA
END:    340.2069582939148
-
START:  SYK
END:    340.8591785430908
-
START:  SYNA
END:    341.6030857563019
-
START:  TBBK
END:    342.1500105857849
-
START:  TBK
END:    342.58813881874084
-
START:  TDG
END:    343.1024012565613
-
START:  TDOC
END:    343.5330934524536
-
START:  TDY
END:    344.160964012146
-
START:  TEAM
END:    344.5925028324127
-
START:  TECH
END:    345.29609179496765
-
START:  TECL
END:    345.8603765964508
-
START:  TER
END:    346.3975052833557
-
START:  TFX
END:    346.96446681022644
-
START:  TGH
END:    347.6143527030945
-
START:  TGLS
END:    348.00558376312256
-
START:  TGT
END:    348.5176999568939
-
START:  TGTX
END:    348.9934642314911
-
START:  THC
END:    349.6325650215149
-
START:  TJX
END:    350.4116430282593
-
START:  TMO
END:    351.04506516456604
-
START:  TMUS
END:    351.67432832717896
-
START:  TNDM
END:    352.10378217697144
-
START:  TNET
END:    352.4788134098053
-
START:  TPX
END:    353.18825006484985
-
START:  TREX
END:    353.75142121315
-
START:  TRI
END:    354.5780596733093
-
START:  TRIL
Not Found: No data found, symbol may be delisted
START:  TRMB
END:    355.4473202228546
-
START:  TRNS
END:    356.02924704551697
-
START:  TROW
END:    356.71907138824463
-
START:  TRU
END:    357.19567251205444
-
START:  TRUP
END:    357.6339068412781
-
START:  TSCO
END:    358.2897984981537
-
START:  TSLA
END:    358.7873389720917
-
START:  TSM
END:    359.57369232177734
-
START:  TT
END:    360.3035066127777
-
START:  TTC
END:    360.81288719177246
-
START:  TTD
END:    361.16168904304504
-
START:  TTEC
END:    361.6423783302307
-
START:  TTEK
END:    362.166476726532
-
START:  TTGT
END:    362.608478307724
-
START:  TTWO
END:    363.16018414497375
-
START:  TWLO
END:    363.59211802482605
-
START:  TXN
END:    364.41868257522583
-
START:  TYL
END:    364.89619040489197
-
START:  UCTT
END:    365.4545977115631
-
START:  UFPI
END:    365.97085452079773
-
START:  UFPT
END:    366.55296897888184
-
START:  UI
END:    367.0610182285309
-
START:  UMC
END:    367.89418935775757
-
START:  UNF
END:    368.5729978084564
-
START:  UNH
END:    369.25750398635864
-
START:  UNP
END:    369.78333568573
-
START:  UPLD
END:    370.1424071788788
-
START:  URI
END:    370.75164270401
-
START:  V
END:    371.2087686061859
-
START:  VALU
END:    371.8803515434265
-
START:  VBK
END:    372.66621828079224
-
START:  VCEL
END:    373.1556713581085
-
START:  VCR
END:    373.8256666660309
-
START:  VCTR
END:    374.2051067352295
-
START:  VCYT
END:    374.6699779033661
-
START:  VDC
END:    375.1952233314514
-
START:  VEEV
END:    375.7469358444214
-
START:  VERU
END:    376.2167823314667
-
START:  VGT
END:    376.77175402641296
-
START:  VHT
END:    377.25646018981934
-
START:  VIAV
END:    377.781409740448
-
START:  VICR
END:    378.2450032234192
-
START:  VIG
END:    378.86041021347046
-
START:  VO
END:    379.5182662010193
-
START:  VONE
END:    380.02600049972534
-
START:  VONG
END:    380.6987462043762
-
START:  VOO
END:    381.22979283332825
-
START:  VOOG
END:    381.8458387851715
-
START:  VOOV
END:    382.4117896556854
-
START:  VOT
END:    383.17192125320435
-
START:  VPU
END:    383.78247833251953
-
START:  VRNS
END:    384.2193067073822
-
START:  VRSK
END:    384.7023859024048
-
START:  VRSN
END:    385.2396876811981
-
START:  VRTV
END:    385.6092472076416
-
START:  VSTO
END:    386.00960874557495
-
START:  VTHR
END:    386.63564682006836
-
START:  VTI
END:    387.325257062912
-
START:  VTNR
END:    387.97523617744446
-
START:  VTWG
END:    388.3609571456909
-
START:  VUG
END:    388.9123842716217
-
START:  VV
END:    389.51257371902466
-
START:  VXF
END:    390.0942153930664
-
START:  WCN
END:    390.62882685661316
-
START:  WD
END:    391.1416428089142
-
START:  WDAY
END:    391.7002577781677
-
START:  WDFC
END:    392.49348521232605
-
START:  WEC
END:    393.2114236354828
-
START:  WEN
END:    393.98584818840027
-
START:  WINA
END:    394.589736700058
-
START:  WING
END:    395.0048277378082
-
START:  WIRE
END:    395.70381784439087
-
START:  WIX
END:    396.2498252391815
-
START:  WK
END:    396.6824736595154
-
START:  WLTW
Not Found: No data found, symbol may be delisted
START:  WM
END:    397.53082823753357
-
START:  WMS
END:    398.07128643989563
-
START:  WNS
END:    398.5200238227844
-
START:  WRB
END:    399.26021790504456
-
START:  WSC
END:    399.6591670513153
-
START:  WSM
END:    400.2986309528351
-
START:  WST
END:    401.1667685508728
-
START:  WTRG
END:    401.9576005935669
-
START:  WTS
END:    402.5942552089691
-
START:  XEL
END:    403.41106057167053
-
START:  XENE
END:    403.7709710597992
-
START:  XLK
END:    404.5482003688812
-
START:  XLNX
Not Found: No data found, symbol may be delisted
START:  XLP
END:    405.41217947006226
-
START:  XLRN
Not Found: No data found, symbol may be delisted
START:  XLU
END:    406.38232350349426
-
START:  XLV
END:    406.9264454841614
-
START:  XLY
END:    407.5649960041046
-
START:  XYL
END:    408.0091404914856
-
START:  YNDX
END:    408.4987370967865
-
START:  YORW
END:    408.9915943145752
-
START:  YUM
END:    409.69986391067505
-
START:  Z
END:    410.0671570301056
-
START:  ZBRA
END:    410.5852563381195
-
START:  ZEN
END:    410.9580571651459
-
START:  ZLAB
END:    411.3004050254822
-
START:  ZNGA
Not Found: No data found, symbol may be delisted
START:  ZS
END:    411.90557646751404
-
START:  ZTS
END:    412.36073112487793
-
START:  ZYXI
END:    413.01694226264954
-
===========================
MACD golden cross
===========================
START:  code
START:  A
START:  AAON
START:  AAPL
START:  ABG
START:  ABT
START:  ACLS
START:  ACMR
START:  ACN
START:  ADBE
START:  ADI
START:  ADP
START:  ADSK
START:  ADUS
START:  AEE
START:  AGYS
START:  AIZ
START:  AJG
START:  AJRD
START:  ALB
START:  ALG
START:  ALGN
START:  ALLE
START:  ALTR
START:  AMAT
START:  AMBA
START:  AMD
START:  AME
START:  AMED
START:  AMEH
START:  AMGN
START:  AMN
START:  AMP
START:  AMRC
START:  AMSWA
START:  AMTX
START:  AMZN
START:  AN
START:  ANSS
START:  ANTM
START:  AON
START:  AOSL
START:  APD
START:  APH
START:  APPF
START:  APPN
START:  APPS
START:  AQN
START:  ARCB
START:  ARCT
START:  ARES
START:  ARGX
START:  ARWR
START:  ASML
START:  ASPN
START:  ATEC
START:  ATEN
START:  ATKR
START:  ATOM
START:  ATR
START:  ATRC
START:  AUDC
START:  AUPH
START:  AVAV
START:  AVGO
START:  AVID
START:  AVNW
START:  AVXL
START:  AVY
START:  AWK
START:  AWR
START:  AXON
START:  AZO
START:  AZPN
START:  BAH
START:  BAM
START:  BAX
START:  BBH
START:  BBQ
START:  BBY
START:  BCPC
START:  BDX
START:  BEEM
START:  BFAM
START:  BFC
START:  BGFV
START:  BGNE
START:  BHVN
START:  BIO
START:  BL
START:  BLD
START:  BLDP
START:  BLDR
START:  BLFS
START:  BLK
START:  BLL
START:  BLNK
START:  BMI
START:  BOOT
START:  BOTZ
START:  BR
START:  BRKR
START:  BRKS
START:  BRO
START:  BURL
START:  BX
START:  CABO
START:  CACI
START:  CALX
START:  CAMT
START:  CAR
START:  CBRE
START:  CBSH
START:  CBZ
START:  CCOI
START:  CCS
START:  CDMO
START:  CDNA
START:  CDNS
START:  CDW
START:  CELH
START:  CGNX
START:  CHD
START:  CHDN
START:  CHE
START:  CHGG
START:  CHH
START:  CHKP
START:  CHTR
START:  CIEN
START:  CLAR
START:  CLFD
START:  CLGN
START:  CLNE
START:  CLPT
START:  CLX
START:  CMCSA
START:  CMG
START:  CMS
START:  CNC
START:  CNI
START:  CNMD
START:  CNS
START:  CNXN
START:  COO
START:  COST
START:  COUP
START:  COWN
START:  CP
START:  CPK
START:  CPRT
START:  CPSH
START:  CRAI
START:  CREE
START:  CRL
START:  CRM
START:  CRMT
START:  CROX
START:  CRSP
START:  CRVL
START:  CSGP
START:  CSL
START:  CSWI
START:  CSX
START:  CTAS
START:  CTLT
START:  CTRN
START:  CURE
START:  CVCO
START:  CVNA
START:  CWST
START:  CWT
START:  CXSE
START:  CYBR
START:  CYRX
START:  CYTK
START:  DAC
START:  DAR
START:  DAVA
START:  DDS
START:  DE
START:  DECK
START:  DELL
START:  DFIN
START:  DG
START:  DGRW
START:  DHI
START:  DHR
START:  DIA
START:  DIOD
START:  DIS
START:  DKS
START:  DLN
START:  DNLI
START:  DOMO
START:  DOV
START:  DPZ
START:  DQ
START:  DRD
START:  DRIO
START:  DRNA
START:  DSGX
START:  DVAX
START:  DXCM
START:  ECL
START:  EFX
START:  EGAN
START:  EHC
START:  EL
START:  ENPH
START:  ENSG
START:  ENTG
START:  ENV
START:  EPAM
START:  ERIE
START:  ES
START:  ESE
START:  ETN
START:  ETSY
START:  EVBG
START:  EVTC
START:  EW
START:  EWT
START:  EXAS
START:  EXLS
START:  EXPD
START:  EXPI
START:  EXPO
START:  FAST
START:  FATE
START:  FB
START:  FCN
START:  FCX
START:  FDN
START:  FDS
START:  FELE
START:  FFIN
START:  FICO
START:  FINX
START:  FIS
START:  FISV
START:  FIVE
START:  FIVN
START:  FLGT
START:  FLT
START:  FLWS
START:  FN
START:  FND
START:  FNV
START:  FORM
START:  FOXF
START:  FPX
START:  FRC
START:  FRHC
START:  FRPT
START:  FSS
START:  FTNT
START:  FUV
START:  GDEN
START:  GFI
START:  GGG
START:  GIB
START:  GLDD
START:  GLOB
START:  GMAB
START:  GME
START:  GMED
START:  GNRC
START:  GNSS
START:  GNTX
START:  GOLF
START:  GOOG
START:  GOOGL
START:  GPI
START:  GPN
START:  GRBK
START:  GRMN
START:  GRVY
START:  GRWG
START:  GWRE
START:  HACK
START:  HALO
START:  HCI
START:  HD
START:  HEI
START:  HELE
START:  HIBB
START:  HLI
START:  HLT
START:  HOLX
START:  HON
START:  HOV
START:  HRC
START:  HRI
START:  HSKA
START:  HTHT
START:  HUBS
START:  HUM
START:  HZNP
START:  IAC
START:  IBP
START:  ICE
START:  ICLN
START:  ICLR
START:  IDT
START:  IDXX
START:  IESC
START:  IEX
START:  ILMN
START:  INFO
START:  INOV
START:  INSP
START:  INTC
START:  INTU
START:  INTZ
START:  INVE
START:  IOO
START:  IQV
START:  IRDM
START:  IRMD
START:  ISEE
START:  ISRG
START:  IT
START:  ITT
START:  ITW
START:  IVOG
START:  IVV
START:  IXJ
START:  IXN
START:  J
START:  JBL
START:  JBSS
START:  JD
START:  JKHY
START:  JKS
START:  JNJ
START:  JOE
START:  JOUT
START:  JYNT
START:  KAI
START:  KBH
START:  KBR
START:  KDMN
START:  KEYS
START:  KLAC
START:  KLIC
START:  KMX
START:  KNSL
START:  KOPN
START:  KOSS
START:  KRNT
START:  KSU
START:  KTOS
START:  LAC
START:  LAD
START:  LANC
START:  LAWS
START:  LDOS
START:  LFMD
START:  LGIH
START:  LH
START:  LHCG
START:  LHX
START:  LII
START:  LIN
START:  LINC
START:  LIT
START:  LLY
START:  LMT
START:  LNT
START:  LOB
START:  LOGI
START:  LOVE
START:  LOW
START:  LPLA
START:  LPSN
START:  LQDT
START:  LRCX
START:  LSCC
START:  LSTR
START:  LULU
START:  LUNA
START:  MA
START:  MANH
START:  MANT
START:  MARA
START:  MASI
START:  MATX
START:  MBUU
START:  MCD
START:  MCHP
START:  MCO
START:  MDB
START:  MDT
START:  MEDP
START:  MEDS
START:  MELI
START:  MGC
START:  MGIC
START:  MGK
START:  MGNI
START:  MHO
START:  MIME
START:  MITK
START:  MKC
START:  MKSI
START:  MKTX
START:  MLAB
START:  MLR
START:  MMC
START:  MMS
START:  MNMD
START:  MNST
START:  MODN
START:  MODV
START:  MOH
START:  MORN
START:  MPWR
START:  MRTX
START:  MRVL
START:  MS
START:  MSA
START:  MSCI
START:  MSEX
START:  MSFT
START:  MSI
START:  MSTR
START:  MTBC
START:  MTCH
START:  MTD
START:  MTEX
START:  MTH
START:  MTLS
START:  MTSI
START:  MU
START:  MUSA
START:  MVIS
START:  MXL
START:  MYRG
START:  NBIX
START:  NCBS
START:  NDAQ
START:  NDSN
START:  NEE
START:  NEO
START:  NEOG
START:  NFLX
START:  NICE
START:  NISN
START:  NKE
START:  NOVT
START:  NOW
START:  NSC
START:  NSIT
START:  NSSC
START:  NSTG
START:  NTLA
START:  NTRA
START:  NUAN
START:  NVCR
START:  NVDA
START:  NVMI
START:  NVO
START:  NVR
START:  NXST
START:  NYT
START:  OBCI
START:  ODFL
START:  OEF
START:  OFLX
START:  OLED
START:  OMCL
START:  ON
START:  OOMA
START:  OPRX
START:  ORA
START:  ORCL
START:  ORLY
START:  ORMP
START:  OTEX
START:  PACB
START:  PAG
START:  PANW
START:  PAR
START:  PAYC
START:  PAYX
START:  PBD
START:  PCTY
START:  PEGA
START:  PEN
START:  PENN
START:  PEP
START:  PERI
START:  PFSI
START:  PGR
START:  PH
START:  PHM
START:  PKI
START:  PLL
START:  PLNT
START:  PLUG
START:  PLXS
START:  PODD
START:  POOL
START:  POWI
START:  PRFT
START:  PRI
START:  PRTA
START:  PRTS
START:  PTSI
START:  PWR
START:  PYPL
START:  QADA
START:  QCLN
START:  QDEL
START:  QGEN
START:  QLYS
START:  QQQ
START:  QRVO
START:  QTWO
START:  RADA
START:  RAMP
START:  RBA
START:  RCII
START:  RCKY
START:  RDNT
START:  RDVT
START:  RDWR
START:  REGI
START:  RENN
START:  RGEN
START:  RH
START:  RILY
START:  RIOT
START:  RLI
START:  RLMD
START:  RMD
START:  RNG
START:  ROBO
START:  ROCK
START:  ROK
START:  ROKU
START:  ROL
START:  ROP
START:  ROST
START:  RPD
START:  RPM
START:  RSG
START:  RTH
START:  RUN
START:  RXI
START:  SAIA
START:  SAIC
START:  SAM
START:  SAVA
START:  SCI
START:  SCL
START:  SE
START:  SEAS
START:  SEDG
START:  SFBS
START:  SGEN
START:  SGMS
START:  SGRY
START:  SHOP
START:  SHW
START:  SHYF
START:  SITE
START:  SIVB
START:  SJW
START:  SKY
START:  SLAB
START:  SLP
START:  SMH
START:  SMTC
START:  SNAP
START:  SNPS
START:  SOCL
START:  SOXL
START:  SPGI
START:  SPLG
START:  SPLK
START:  SPNS
START:  SPSC
START:  SPTM
START:  SPWH
START:  SPWR
START:  SPXC
START:  SPXL
START:  SPY
START:  SPYG
START:  SQ
START:  SSD
START:  SSNC
START:  SSTK
START:  STAA
START:  STE
START:  SUSA
START:  SYK
START:  SYNA
START:  TBBK
START:  TBK
START:  TDG
START:  TDOC
START:  TDY
START:  TEAM
START:  TECH
START:  TECL
START:  TER
START:  TFX
START:  TGH
START:  TGLS
START:  TGT
START:  TGTX
START:  THC
START:  TJX
START:  TMO
START:  TMUS
START:  TNDM
START:  TNET
START:  TPX
START:  TREX
START:  TRI
START:  TRIL
START:  TRMB
START:  TRNS
START:  TROW
START:  TRU
START:  TRUP
START:  TSCO
START:  TSLA
START:  TSM
START:  TT
START:  TTC
START:  TTD
START:  TTEC
START:  TTEK
START:  TTGT
START:  TTWO
START:  TWLO
START:  TXN
START:  TYL
START:  UCTT
START:  UFPI
START:  UFPT
START:  UI
START:  UMC
START:  UNF
START:  UNH
START:  UNP
START:  UPLD
START:  URI
START:  V
START:  VALU
START:  VBK
START:  VCEL
START:  VCR
START:  VCTR
START:  VCYT
START:  VDC
START:  VEEV
START:  VERU
START:  VGT
START:  VHT
START:  VIAV
START:  VICR
START:  VIG
START:  VO
START:  VONE
START:  VONG
START:  VOO
START:  VOOG
START:  VOOV
START:  VOT
START:  VPU
START:  VRNS
START:  VRSK
START:  VRSN
START:  VRTV
START:  VSTO
START:  VTHR
START:  VTI
START:  VTNR
START:  VTWG
START:  VUG
START:  VV
START:  VXF
START:  WCN
START:  WD
START:  WDAY
START:  WDFC
START:  WEC
START:  WEN
START:  WINA
START:  WING
START:  WIRE
START:  WIX
START:  WK
START:  WLTW
START:  WM
START:  WMS
START:  WNS
START:  WRB
START:  WSC
START:  WSM
START:  WST
START:  WTRG
START:  WTS
START:  XEL
START:  XENE
START:  XLK
START:  XLNX
START:  XLP
START:  XLRN
START:  XLU
START:  XLV
START:  XLY
START:  XYL
START:  YNDX
START:  YORW
START:  YUM
START:  Z
START:  ZBRA
START:  ZEN
START:  ZLAB
START:  ZNGA
START:  ZS
START:  ZTS
START:  ZYXI
==== MACD golden cross ====
None
code: ADP      day: macd + hist + hist_1pre + ,  Week: macd + hist + hist_1pre - , Month: macd + hist + hist_1pre + , 
Trade --> code: ADP    BUY: 2005-03-31   35.65 SELL: 2008-10-31   30.68  macd:   -0.52 macd_count:  43 profit:  0.86
Trade --> code: ADP    BUY: 2010-03-31   39.04 SELL: 2022-11-30  245.04  macd:   15.33 macd_count: 153 profit:  6.28

code: FDS      day: macd + hist + hist_1pre + ,  Week: macd + hist + hist_1pre - , Month: macd + hist - hist_1pre - , 
Trade --> code: FDS    BUY: 2005-03-31   33.01 SELL: 2008-11-30   40.00  macd:   -1.00 macd_count:  44 profit:  1.21
Trade --> code: FDS    BUY: 2009-09-30   66.24 SELL: 2022-11-30  422.76  macd:   22.60 macd_count: 159 profit:  6.38

code: LAC      day: macd + hist + hist_1pre + ,  Week: macd + hist + hist_1pre - , Month: macd + hist - hist_1pre - , 
Trade --> code: LAC    BUY: 2011-01-31    6.55 SELL: 2011-09-30    1.95  macd:   -0.03 macd_count:   8 profit:  0.30
Trade --> code: LAC    BUY: 2014-03-31    4.15 SELL: 2015-09-30    1.15  macd:   -0.02 macd_count:  18 profit:  0.28
Trade --> code: LAC    BUY: 2016-05-31    3.25 SELL: 2018-12-31    3.17  macd:   -0.09 macd_count:  31 profit:  0.98
Trade --> code: LAC    BUY: 2020-07-31    6.12 SELL: 2022-11-30   27.37  macd:    3.12 macd_count:  29 profit:  4.47

code: NUAN     day: macd + hist + hist_1pre + ,  Week: macd + hist + hist_1pre - , Month: macd + hist - hist_1pre - , 
Trade --> code: NUAN   BUY: 2005-11-30    5.38 SELL: 2008-11-30    7.94  macd:   -0.14 macd_count:  36 profit:  1.48
Trade --> code: NUAN   BUY: 2009-12-31   13.44 SELL: 2013-05-31   16.44  macd:   -0.10 macd_count:  41 profit:  1.22
Trade --> code: NUAN   BUY: 2015-11-30   18.11 SELL: 2016-07-31   13.90  macd:   -0.05 macd_count:   8 profit:  0.77
Trade --> code: NUAN   BUY: 2017-05-31   16.01 SELL: 2017-09-30   13.60  macd:   -0.04 macd_count:   4 profit:  0.85
Trade --> code: NUAN   BUY: 2019-04-30   14.56 SELL: 2022-03-31   55.99  macd:    7.14 macd_count:  36 profit:  3.85

code: WCN      day: macd + hist + hist_1pre + ,  Week: macd + hist + hist_1pre - , Month: macd + hist - hist_1pre - , 
Trade --> code: WCN    BUY: 2005-03-31   10.30 SELL: 2009-03-31   11.42  macd:   -0.08 macd_count:  48 profit:  1.11
Trade --> code: WCN    BUY: 2009-12-31   14.82 SELL: 2022-11-30  139.35  macd:    7.24 macd_count: 156 profit:  9.40

