Mon Nov 21 14:01:38 UTC 2022
arg[0]: scraping/yahoo-finace-api2.py, arg[1]: stock-code-list/buy-list.txt
===========================
scraping
===========================
START:  AAPL
END:    0.8182477951049805
-
START:  EL
END:    1.6156342029571533
-
START:  NEE
END:    2.297917127609253
-
START:  AMD
END:    2.94455885887146
-
START:  APH
END:    3.452209234237671
-
START:  XLP
END:    4.089866876602173
-
START:  SPXL
END:    4.769082069396973
-
START:  KEYS
END:    5.325413465499878
-
START:  VDC
END:    5.788290739059448
-
START:  SPTM
END:    6.412264823913574
-
START:  SPLG
END:    7.052255153656006
-
START:  CROX
END:    7.4473021030426025
-
START:  AXON
END:    8.051562070846558
-
START:  AWR
END:    8.637142181396484
-
START:  FN
END:    9.030535459518433
-
START:  NXST
END:    9.540613889694214
-
START:  TREX
END:    9.98717999458313
-
START:  RGEN
END:    10.587913990020752
-
START:  EXPO
END:    11.243595600128174
-
START:  BCPC
END:    11.79188346862793
-
START:  SOXL
END:    12.321168899536133
-
START:  TECL
END:    12.734602689743042
-
START:  NEO
END:    13.3129243850708
-
START:  NVMI
END:    13.967350006103516
-
START:  NVDA
END:    14.466417074203491
-
START:  BBDC
END:    14.97824740409851
-
START:  APPS
END:    15.607229232788086
-
START:  ROK
END:    16.252660512924194
-
START:  NHTC
END:    17.180378198623657
-
START:  ZYXI
END:    17.694928884506226
-
START:  LIT
END:    18.062649250030518
-
START:  LLY
END:    18.59995198249817
-
START:  GTLB
END:    18.804980993270874
-
START:  MCD
END:    19.4817373752594
-
START:  MSI
END:    20.14793586730957
-
START:  HCP
END:    20.308215379714966
-
START:  ON
END:    20.926705837249756
-
===========================
MACD sell
===========================
START:  AAPL
START:  EL
START:  NEE
START:  AMD
START:  APH
START:  XLP
START:  SPXL
START:  KEYS
START:  VDC
START:  SPTM
START:  SPLG
START:  CROX
START:  AXON
START:  AWR
START:  FN
START:  NXST
START:  TREX
START:  RGEN
START:  EXPO
START:  BCPC
START:  SOXL
START:  TECL
START:  NEO
START:  NVMI
START:  NVDA
START:  BBDC
START:  APPS
START:  ROK
START:  NHTC
START:  ZYXI
START:  LIT
START:  LLY
START:  GTLB
START:  MCD
START:  MSI
START:  HCP
START:  ON
==== MACD list ====
code: AAPL     day: macd + hist + ,  Week: macd - hist + , Month: macd + hist - , 
code: EL       day: macd + hist + ,  Week: macd - hist + , Month: macd - hist - , 
code: NEE      day: macd + hist + ,  Week: macd - hist + , Month: macd + hist - , 
code: AMD      day: macd + hist + ,  Week: macd - hist + , Month: macd - hist - , 
code: APH      day: macd + hist + ,  Week: macd + hist + , Month: macd + hist - , 
code: XLP      day: macd + hist + ,  Week: macd - hist + , Month: macd + hist - , 
code: SPXL     day: macd + hist + ,  Week: macd - hist + , Month: macd - hist - , 
code: KEYS     day: macd + hist - ,  Week: macd + hist + , Month: macd + hist - , 
code: VDC      day: macd + hist + ,  Week: macd - hist + , Month: macd + hist - , 
code: SPTM     day: macd + hist + ,  Week: macd - hist + , Month: macd + hist - , 
code: SPLG     day: macd + hist + ,  Week: macd - hist + , Month: macd + hist - , 
code: CROX     day: macd + hist + ,  Week: macd + hist + , Month: macd + hist - , 
code: AXON     day: macd + hist + ,  Week: macd + hist + , Month: macd + hist + , 
code: AWR      day: macd + hist + ,  Week: macd + hist + , Month: macd + hist + , 
code: FN       day: macd + hist + ,  Week: macd + hist + , Month: macd + hist + , 
code: NXST     day: macd - hist + ,  Week: macd - hist - , Month: macd + hist - , 
code: TREX     day: macd - hist + ,  Week: macd - hist + , Month: macd - hist - , 
code: RGEN     day: macd - hist + ,  Week: macd - hist - , Month: macd + hist - , 
code: EXPO     day: macd + hist + ,  Week: macd + hist + , Month: macd + hist - , 
code: BCPC     day: macd + hist + ,  Week: macd + hist + , Month: macd + hist - , 
code: SOXL     day: macd + hist + ,  Week: macd - hist + , Month: macd - hist - , 
code: TECL     day: macd + hist + ,  Week: macd - hist + , Month: macd - hist - , 
code: NEO      day: macd + hist + ,  Week: macd - hist + , Month: macd - hist - , 
code: NVMI     day: macd + hist + ,  Week: macd - hist + , Month: macd + hist - , 
code: NVDA     day: macd + hist + ,  Week: macd - hist + , Month: macd + hist - , 
code: BBDC     day: macd + hist + ,  Week: macd - hist + , Month: macd - hist - , 
code: APPS     day: macd + hist + ,  Week: macd - hist + , Month: macd - hist - , 
code: ROK      day: macd + hist + ,  Week: macd + hist + , Month: macd - hist - , 
code: NHTC     day: macd + hist - ,  Week: macd - hist + , Month: macd - hist - , 
code: ZYXI     day: macd + hist + ,  Week: macd + hist + , Month: macd - hist + , 
code: LIT      day: macd + hist - ,  Week: macd - hist + , Month: macd + hist - , 
code: LLY      day: macd + hist - ,  Week: macd + hist + , Month: macd + hist + , 
code: GTLB     day: macd - hist + ,  Week: macd - hist - , Month: macd + hist + , 
code: MCD      day: macd + hist - ,  Week: macd + hist + , Month: macd + hist + , 
code: MSI      day: macd + hist + ,  Week: macd + hist + , Month: macd + hist + , 
code: HCP      day: macd - hist + ,  Week: macd - hist - , Month: macd + hist + , 
code: ON       day: macd + hist + ,  Week: macd + hist + , Month: macd + hist + , 
==== MACD sell list ====
code: AAPL     day: macd + hist + ,  Week: macd - hist + , Month: macd + hist - , 
code: EL       day: macd + hist + ,  Week: macd - hist + , Month: macd - hist - , 
code: NEE      day: macd + hist + ,  Week: macd - hist + , Month: macd + hist - , 
code: AMD      day: macd + hist + ,  Week: macd - hist + , Month: macd - hist - , 
code: APH      day: macd + hist + ,  Week: macd + hist + , Month: macd + hist - , 
code: XLP      day: macd + hist + ,  Week: macd - hist + , Month: macd + hist - , 
code: SPXL     day: macd + hist + ,  Week: macd - hist + , Month: macd - hist - , 
code: KEYS     day: macd + hist - , 
code: KEYS     day: macd + hist - ,  Week: macd + hist + , Month: macd + hist - , 
code: VDC      day: macd + hist + ,  Week: macd - hist + , Month: macd + hist - , 
code: SPTM     day: macd + hist + ,  Week: macd - hist + , Month: macd + hist - , 
code: SPLG     day: macd + hist + ,  Week: macd - hist + , Month: macd + hist - , 
code: CROX     day: macd + hist + ,  Week: macd + hist + , Month: macd + hist - , 
code: NXST     day: macd - hist + ,  Week: macd - hist - , 
code: NXST     day: macd - hist + ,  Week: macd - hist - , Month: macd + hist - , 
code: TREX     day: macd - hist + ,  Week: macd - hist + , Month: macd - hist - , 
code: RGEN     day: macd - hist + ,  Week: macd - hist - , 
code: RGEN     day: macd - hist + ,  Week: macd - hist - , Month: macd + hist - , 
code: EXPO     day: macd + hist + ,  Week: macd + hist + , Month: macd + hist - , 
code: BCPC     day: macd + hist + ,  Week: macd + hist + , Month: macd + hist - , 
code: SOXL     day: macd + hist + ,  Week: macd - hist + , Month: macd - hist - , 
code: TECL     day: macd + hist + ,  Week: macd - hist + , Month: macd - hist - , 
code: NEO      day: macd + hist + ,  Week: macd - hist + , Month: macd - hist - , 
code: NVMI     day: macd + hist + ,  Week: macd - hist + , Month: macd + hist - , 
code: NVDA     day: macd + hist + ,  Week: macd - hist + , Month: macd + hist - , 
code: BBDC     day: macd + hist + ,  Week: macd - hist + , Month: macd - hist - , 
code: APPS     day: macd + hist + ,  Week: macd - hist + , Month: macd - hist - , 
code: ROK      day: macd + hist + ,  Week: macd + hist + , Month: macd - hist - , 
code: NHTC     day: macd + hist - , 
code: NHTC     day: macd + hist - ,  Week: macd - hist + , Month: macd - hist - , 
code: LIT      day: macd + hist - , 
code: LIT      day: macd + hist - ,  Week: macd - hist + , Month: macd + hist - , 
code: LLY      day: macd + hist - , 
code: GTLB     day: macd - hist + ,  Week: macd - hist - , 
code: MCD      day: macd + hist - , 
code: HCP      day: macd - hist + ,  Week: macd - hist - , 
===========================
profit
===========================
==== plus ====
XLP  , macd +, macd hist +, profit:    [2.1], per:   [2.89], now:  [74.68], buy:  [72.58]
VDC  , macd +, macd hist +, profit:   [3.67], per:   [1.94], now:  [193.2], buy: [189.53]
AXON , macd +, macd hist +, profit:  [47.07], per:  [34.07], now: [185.22], buy: [138.15]
FN   , macd +, macd hist +, profit:  [12.92], per:  [11.06], now: [129.78], buy: [116.86]
NXST , macd -, macd hist +, profit:   [8.45], per:    [5.2], now: [170.95], buy:  [162.5]
EXPO , macd +, macd hist +, profit:   [0.97], per:   [0.96], now: [102.08], buy: [101.11]
BCPC , macd +, macd hist +, profit:   [4.58], per:   [3.34], now: [141.66], buy: [137.08]
ZYXI , macd +, macd hist +, profit:   [7.49], per: [117.77], now:  [13.85], buy:   [6.36]
LLY  , macd +, macd hist -, profit:  [90.67], per:  [33.46], now: [361.67], buy:   [271.]
MCD  , macd +, macd hist -, profit:  [19.91], per:   [7.86], now: [273.37], buy: [253.46]
MSI  , macd +, macd hist +, profit:  [11.53], per:   [4.59], now: [262.94], buy: [251.41]
ON   , macd +, macd hist +, profit:   [12.6], per:  [21.05], now:  [72.46], buy:  [59.86]
-
     plus  len:  12
     profit: [221.96], per: [244.17], per/len(p):  [20.35], per/len(p+m):    [6.6]
-
==== minus ====
AAPL , macd +, macd hist +, profit:       [], per:       [], now: [151.29], buy:       []
EL   , macd +, macd hist +, profit: [-106.29], per: [-31.28], now: [233.46], buy: [339.75]
NEE  , macd +, macd hist +, profit:  [-2.13], per:   [-2.5], now:   [83.2], buy:  [85.33]
AMD  , macd +, macd hist +, profit: [-46.66], per: [-38.81], now:  [73.57], buy: [120.23]
APH  , macd +, macd hist +, profit:       [], per:       [], now:  [79.71], buy:       []
SPXL , macd +, macd hist +, profit: [-60.31], per: [-46.31], now:  [69.92], buy: [130.23]
KEYS , macd +, macd hist -, profit: [-14.16], per:  [-7.61], now:  [171.9], buy: [186.06]
SPTM , macd +, macd hist +, profit:  [-7.57], per: [-13.38], now:  [49.01], buy:  [56.58]
SPLG , macd +, macd hist +, profit:  [-7.41], per: [-13.72], now:  [46.58], buy:  [53.99]
CROX , macd +, macd hist +, profit:   [-76.], per: [-42.84], now: [101.42], buy: [177.42]
AWR  , macd +, macd hist +, profit:       [], per:       [], now:  [97.58], buy:       []
TREX , macd -, macd hist +, profit: [-25.19], per: [-35.99], now:  [44.81], buy:    [70.]
RGEN , macd -, macd hist +, profit:  [-3.73], per:  [-2.08], now: [175.93], buy: [179.66]
SOXL , macd +, macd hist +, profit:  [-29.6], per: [-70.33], now:  [12.49], buy:  [42.09]
TECL , macd +, macd hist +, profit: [-33.37], per: [-54.94], now:  [27.37], buy:  [60.74]
NEO  , macd +, macd hist +, profit:  [-7.67], per: [-42.99], now:  [10.17], buy:  [17.84]
NVMI , macd +, macd hist +, profit: [-28.35], per: [-24.73], now:   [86.3], buy: [114.65]
NVDA , macd +, macd hist +, profit: [-101.58], per: [-39.73], now: [154.09], buy: [255.67]
BBDC , macd +, macd hist +, profit:  [-1.61], per: [-15.19], now:   [8.99], buy:   [10.6]
APPS , macd +, macd hist +, profit: [-26.41], per: [-60.48], now:  [17.26], buy:  [43.67]
ROK  , macd +, macd hist +, profit: [-77.15], per: [-22.57], now: [264.74], buy: [341.89]
NHTC , macd +, macd hist -, profit:  [-3.32], per:  [-46.3], now:   [3.85], buy:   [7.17]
LIT  , macd +, macd hist -, profit: [-24.24], per: [-26.37], now:  [67.67], buy:  [91.91]
GTLB , macd -, macd hist +, profit:  [-12.7], per: [-24.07], now:  [40.06], buy:  [52.76]
HCP  , macd -, macd hist +, profit: [-29.62], per: [-54.55], now:  [24.68], buy:   [54.3]
-
     minus len:  25
     profit:       [], per:       [], per/len(m):       [], per/len(p+m):       []
-
==== total ====
     profit:       [], per:       [], per/len(p+m):       []
arg[0]: scraping/yahoo-finace-api2.py, arg[1]: stock-code-list/up-month.txt
===========================
scraping
===========================
START:  A
END:    0.64463210105896
-
START:  AAON
END:    1.2305359840393066
-
START:  AAPL
END:    1.8890957832336426
-
START:  ABG
END:    2.623203992843628
-
START:  ABT
END:    3.116665840148926
-
START:  ACLS
END:    3.5831761360168457
-
START:  ACMR
END:    3.929309606552124
-
START:  ACN
END:    4.406809091567993
-
START:  ADBE
END:    5.055055856704712
-
START:  ADI
END:    5.676112413406372
-
START:  ADP
END:    6.442805051803589
-
START:  ADSK
END:    6.927107095718384
-
START:  ADUS
END:    7.500874757766724
-
START:  AEE
END:    8.255549192428589
-
START:  AGYS
END:    8.771085739135742
-
START:  AIZ
END:    9.235191345214844
-
START:  AJG
END:    9.792512893676758
-
START:  AJRD
END:    10.429250001907349
-
START:  ALB
END:    11.013735055923462
-
START:  ALG
END:    11.801454305648804
-
START:  ALGN
END:    12.304668426513672
-
START:  ALLE
END:    12.761197328567505
-
START:  ALTR
END:    13.112358808517456
-
START:  AMAT
END:    13.719816207885742
-
START:  AMBA
END:    14.064484596252441
-
START:  AMD
END:    14.76774787902832
-
START:  AME
END:    15.352482557296753
-
START:  AMED
END:    15.880762100219727
-
START:  AMEH
END:    16.359659433364868
-
START:  AMGN
END:    17.015719890594482
-
START:  AMN
END:    17.611260175704956
-
START:  AMP
END:    18.07892942428589
-
START:  AMRC
END:    18.46677017211914
-
START:  AMSWA
END:    19.086600303649902
-
START:  AMTX
END:    19.49674367904663
-
START:  AMZN
END:    20.195392608642578
-
START:  AN
END:    20.740021467208862
-
START:  ANSS
END:    21.20936632156372
-
START:  ANTM
Not Found: No data found, symbol may be delisted
START:  AON
END:    22.045862913131714
-
START:  AOSL
END:    22.4416344165802
-
START:  APD
END:    23.170034646987915
-
START:  APH
END:    23.841177463531494
-
START:  APPF
END:    24.260174036026
-
START:  APPN
END:    24.6697359085083
-
START:  APPS
END:    25.11267852783203
-
START:  AQN
END:    25.582666158676147
-
START:  ARCB
END:    26.134292364120483
-
START:  ARCT
END:    26.48255228996277
-
START:  ARES
END:    27.05966281890869
-
START:  ARGX
END:    27.4705069065094
-
START:  ARWR
END:    27.89635682106018
-
START:  ASML
END:    28.38533902168274
-
START:  ASPN
END:    28.794631958007812
-
START:  ATEC
END:    29.371665000915527
-
START:  ATEN
END:    29.760023832321167
-
START:  ATKR
END:    30.168915033340454
-
START:  ATOM
END:    30.5272057056427
-
START:  ATR
END:    31.136695623397827
-
START:  ATRC
END:    31.529799699783325
-
START:  AUDC
END:    32.05832576751709
-
START:  AUPH
END:    32.3997015953064
-
START:  AVAV
END:    32.83217930793762
-
START:  AVGO
END:    33.22384262084961
-
START:  AVID
END:    33.77531719207764
-
START:  AVNW
END:    34.43563389778137
-
START:  AVXL
END:    34.956958055496216
-
START:  AVY
END:    35.60043025016785
-
START:  AWK
END:    36.067423820495605
-
START:  AWR
END:    36.8336865901947
-
START:  AXON
END:    37.312931060791016
-
START:  AZO
END:    38.03315854072571
-
START:  AZPN
END:    38.52709078788757
-
START:  BAH
END:    39.01763868331909
-
START:  BAM
END:    39.59623599052429
-
START:  BAX
END:    40.17444109916687
-
START:  BBH
END:    40.75552010536194
-
START:  BBQ
END:    41.27836275100708
-
START:  BBY
END:    42.0812623500824
-
START:  BCPC
END:    42.69942259788513
-
START:  BDX
END:    43.24912071228027
-
START:  BEEM
END:    43.632652044296265
-
START:  BFAM
END:    44.05383849143982
-
START:  BFC
END:    44.52304291725159
-
START:  BGFV
END:    45.06442451477051
-
START:  BGNE
END:    45.51070046424866
-
START:  BHVN
END:    45.73621916770935
-
START:  BIO
END:    46.354321002960205
-
START:  BL
END:    46.690521001815796
-
START:  BLD
END:    47.09480667114258
-
START:  BLDP
END:    47.54860043525696
-
START:  BLDR
END:    47.94673681259155
-
START:  BLFS
END:    48.371689796447754
-
START:  BLK
END:    49.04556655883789
-
START:  BLL
Not Found: No data found, symbol may be delisted
START:  BLNK
END:    49.69888949394226
-
START:  BMI
END:    50.472389936447144
-
START:  BOOT
END:    50.79667115211487
-
START:  BOTZ
END:    51.195231914520264
-
START:  BR
END:    51.8943305015564
-
START:  BRKR
END:    52.4485981464386
-
START:  BRKS
Not Found: No data found, symbol may be delisted
START:  BRO
END:    53.17442464828491
-
START:  BURL
END:    53.52305316925049
-
START:  BX
END:    54.2086660861969
-
START:  CABO
END:    54.51201057434082
-
START:  CACI
END:    55.03798842430115
-
START:  CALX
END:    55.480690002441406
-
START:  CAMT
END:    56.08676719665527
-
START:  CAR
END:    56.68703746795654
-
START:  CBRE
END:    57.21454191207886
-
START:  CBSH
END:    57.70337271690369
-
START:  CBZ
END:    58.13085722923279
-
START:  CCOI
END:    58.85820436477661
-
START:  CCS
END:    59.37771463394165
-
START:  CDMO
END:    59.94425177574158
-
START:  CDNA
END:    60.246153593063354
-
START:  CDNS
END:    60.67919611930847
-
START:  CDW
END:    61.022838830947876
-
START:  CELH
END:    61.546441078186035
-
START:  CGNX
END:    62.11232924461365
-
START:  CHD
END:    62.6343777179718
-
START:  CHDN
END:    63.11096906661987
-
START:  CHE
END:    63.74789071083069
-
START:  CHGG
END:    64.08877825737
-
START:  CHH
END:    64.68712782859802
-
START:  CHKP
END:    65.24744200706482
-
START:  CHTR
END:    65.73235774040222
-
START:  CIEN
END:    66.20579743385315
-
START:  CLAR
END:    66.8031644821167
-
START:  CLFD
END:    67.34099626541138
-
START:  CLGN
END:    67.68455243110657
-
START:  CLNE
END:    68.19121551513672
-
START:  CLPT
END:    68.61243891716003
-
START:  CLX
END:    69.38918995857239
-
START:  CMCSA
END:    70.0447609424591
-
START:  CMG
END:    70.58783221244812
-
START:  CMS
END:    71.39466953277588
-
START:  CNC
END:    71.97410941123962
-
START:  CNI
END:    72.48802947998047
-
START:  CNMD
END:    72.95669388771057
-
START:  CNS
END:    73.71657276153564
-
START:  CNXN
END:    74.19868421554565
-
START:  COO
END:    74.74254322052002
-
START:  COST
END:    75.25030875205994
-
START:  COUP
END:    75.50154638290405
-
START:  COWN
END:    76.02111101150513
-
START:  CP
END:    76.7395749092102
-
START:  CPK
END:    77.3957006931305
-
START:  CPRT
END:    77.98091101646423
-
START:  CPSH
END:    78.51675939559937
-
START:  CRAI
END:    79.26152849197388
-
START:  CREE
Not Found: No data found, symbol may be delisted
START:  CRL
END:    80.00390529632568
-
START:  CRM
END:    80.69628286361694
-
START:  CRMT
END:    81.41498470306396
-
START:  CROX
END:    81.8417317867279
-
START:  CRSP
END:    82.25761771202087
-
START:  CRVL
END:    82.96575474739075
-
START:  CSGP
END:    83.44631004333496
-
START:  CSL
END:    84.18669605255127
-
START:  CSWI
END:    84.61600041389465
-
START:  CSX
END:    85.36796236038208
-
START:  CTAS
END:    86.00154733657837
-
START:  CTLT
END:    86.48056435585022
-
START:  CTRN
END:    86.99133658409119
-
START:  CURE
END:    87.46747255325317
-
START:  CVCO
END:    88.14634895324707
-
START:  CVNA
END:    88.54339504241943
-
START:  CWST
END:    89.1719765663147
-
START:  CWT
END:    89.69237995147705
-
START:  CXSE
END:    90.05555582046509
-
START:  CYBR
END:    90.46029853820801
-
START:  CYRX
END:    90.8706443309784
-
START:  CYTK
END:    91.51156544685364
-
START:  DAC
END:    91.9429886341095
-
START:  DAR
END:    92.88629674911499
-
START:  DAVA
END:    93.23301410675049
-
START:  DDS
END:    94.00199937820435
-
START:  DE
END:    94.69617533683777
-
START:  DECK
END:    95.16662740707397
-
START:  DELL
END:    95.57412362098694
-
START:  DFIN
END:    95.85683345794678
-
START:  DG
END:    96.32797312736511
-
START:  DGRW
END:    96.66629672050476
-
START:  DHI
END:    97.43781614303589
-
START:  DHR
END:    98.10350203514099
-
START:  DIA
END:    98.61366391181946
-
START:  DIOD
END:    99.08522820472717
-
START:  DIS
END:    99.72136974334717
-
START:  DKS
END:    100.39796304702759
-
START:  DLN
END:    100.90561604499817
-
START:  DNLI
END:    101.16908288002014
-
START:  DOMO
END:    101.44621634483337
-
START:  DOV
END:    102.13124084472656
-
START:  DPZ
END:    102.87227058410645
-
START:  DQ
END:    103.30877208709717
-
START:  DRD
END:    103.94668221473694
-
START:  DRIO
END:    104.3100073337555
-
START:  DRNA
Not Found: No data found, symbol may be delisted
START:  DSGX
END:    105.22378587722778
-
START:  DVAX
END:    105.65400815010071
-
START:  DXCM
END:    106.13140511512756
-
START:  ECL
END:    106.64199924468994
-
START:  EFX
END:    107.24202585220337
-
START:  EGAN
END:    107.78152084350586
-
START:  EHC
END:    108.3452639579773
-
START:  EL
END:    108.81849789619446
-
START:  ENPH
END:    109.1605908870697
-
START:  ENSG
END:    109.73651599884033
-
START:  ENTG
END:    110.17561864852905
-
START:  ENV
END:    110.6332859992981
-
START:  EPAM
END:    111.08082056045532
-
START:  ERIE
END:    111.6585021018982
-
START:  ES
END:    112.22661304473877
-
START:  ESE
END:    112.7239158153534
-
START:  ETN
END:    113.38701748847961
-
START:  ETSY
END:    113.71373128890991
-
START:  EVBG
END:    114.01792526245117
-
START:  EVTC
END:    114.41767454147339
-
START:  EW
END:    115.00018358230591
-
START:  EWT
END:    115.5977795124054
-
START:  EXAS
END:    116.33739686012268
-
START:  EXLS
END:    116.75224542617798
-
START:  EXPD
END:    117.28038907051086
-
START:  EXPI
END:    117.55322122573853
-
START:  EXPO
END:    118.00975298881531
-
START:  FAST
END:    118.76331543922424
-
START:  FATE
END:    119.14016842842102
-
START:  FB
Not Found: No data found, symbol may be delisted
START:  FCN
END:    119.92719745635986
-
START:  FCX
END:    120.43177366256714
-
START:  FDN
END:    121.20743227005005
-
START:  FDS
END:    121.94948196411133
-
START:  FELE
END:    122.52051115036011
-
START:  FFIN
END:    123.14015603065491
-
START:  FICO
END:    123.69391632080078
-
START:  FINX
END:    124.0379889011383
-
START:  FIS
END:    124.7040057182312
-
START:  FISV
END:    125.3030652999878
-
START:  FIVE
END:    125.67355847358704
-
START:  FIVN
END:    126.09210085868835
-
START:  FLGT
END:    126.35620713233948
-
START:  FLT
END:    126.8252055644989
-
START:  FLWS
END:    127.33780360221863
-
START:  FN
END:    127.807363986969
-
START:  FND
END:    128.09895086288452
-
START:  FNV
END:    128.63013553619385
-
START:  FORM
END:    129.1261920928955
-
START:  FOXF
END:    129.44364166259766
-
START:  FPX
END:    130.00715374946594
-
START:  FRC
END:    130.43348717689514
-
START:  FRHC
END:    130.8394832611084
-
START:  FRPT
END:    131.18627548217773
-
START:  FSS
END:    131.96790218353271
-
START:  FTNT
END:    132.44477009773254
-
START:  FUV
END:    132.84766054153442
-
START:  GDEN
END:    133.43736052513123
-
START:  GFI
END:    134.07799410820007
-
START:  GGG
END:    134.67828249931335
-
START:  GIB
END:    135.16837167739868
-
START:  GLDD
END:    135.6732349395752
-
START:  GLOB
END:    136.00860214233398
-
START:  GMAB
END:    136.43394923210144
-
START:  GME
END:    136.92565655708313
-
START:  GMED
END:    137.39783930778503
-
START:  GNRC
END:    137.78687572479248
-
START:  GNSS
END:    138.629789352417
-
START:  GNTX
END:    139.36883783340454
-
START:  GOLF
END:    139.76965737342834
-
START:  GOOG
END:    140.33679628372192
-
START:  GOOGL
END:    140.7797291278839
-
START:  GPI
END:    141.37927436828613
-
START:  GPN
END:    141.8693289756775
-
START:  GRBK
END:    142.3964171409607
-
START:  GRMN
END:    143.1716570854187
-
START:  GRVY
END:    143.68392515182495
-
START:  GRWG
END:    143.99062514305115
-
START:  GWRE
END:    144.3054871559143
-
START:  HACK
END:    144.72935700416565
-
START:  HALO
END:    145.21852779388428
-
START:  HCI
END:    145.63916444778442
-
START:  HD
END:    146.36204600334167
-
START:  HEI
END:    146.89843678474426
-
START:  HELE
END:    147.4870924949646
-
START:  HIBB
END:    148.0625035762787
-
START:  HLI
END:    148.38782835006714
-
START:  HLT
END:    148.75727939605713
-
START:  HOLX
END:    149.30483317375183
-
START:  HON
END:    149.97817039489746
-
START:  HOV
END:    150.51968717575073
-
START:  HRC
Not Found: No data found, symbol may be delisted
START:  HRI
END:    151.31610345840454
-
START:  HSKA
END:    151.90213465690613
-
START:  HTHT
END:    152.26666569709778
-
START:  HUBS
END:    152.59888529777527
-
START:  HUM
END:    153.19530272483826
-
START:  HZNP
END:    153.53354811668396
-
START:  IAC
END:    154.16381907463074
-
START:  IBP
END:    154.4946186542511
-
START:  ICE
END:    155.0968451499939
-
START:  ICLN
END:    155.60131335258484
-
START:  ICLR
END:    156.31505799293518
-
START:  IDT
END:    156.89898657798767
-
START:  IDXX
END:    157.46917176246643
-
START:  IESC
END:    158.04364037513733
-
START:  IEX
END:    158.61510848999023
-
START:  ILMN
END:    159.28399777412415
-
START:  INFO
Not Found: No data found, symbol may be delisted
START:  INOV
Not Found: No data found, symbol may be delisted
START:  INSP
END:    159.9269609451294
-
START:  INTC
END:    160.70329904556274
-
START:  INTU
END:    161.42512035369873
-
START:  INTZ
END:    161.97430753707886
-
START:  INVE
END:    162.43232560157776
-
START:  IOO
END:    163.05052161216736
-
START:  IQV
END:    163.44378662109375
-
START:  IRDM
END:    164.00905656814575
-
START:  IRMD
END:    164.4163007736206
-
START:  ISEE
END:    164.86949157714844
-
START:  ISRG
END:    165.45452404022217
-
START:  IT
===========================
MACD golden cross
===========================
START:  code
START:  A
START:  AAON
START:  AAPL
START:  ABG
START:  ABT
START:  ACLS
START:  ACMR
START:  ACN
START:  ADBE
START:  ADI
START:  ADP
START:  ADSK
START:  ADUS
START:  AEE
START:  AGYS
START:  AIZ
START:  AJG
START:  AJRD
START:  ALB
START:  ALG
START:  ALGN
START:  ALLE
START:  ALTR
START:  AMAT
START:  AMBA
START:  AMD
START:  AME
START:  AMED
START:  AMEH
START:  AMGN
START:  AMN
START:  AMP
START:  AMRC
START:  AMSWA
START:  AMTX
START:  AMZN
START:  AN
START:  ANSS
START:  ANTM
START:  AON
START:  AOSL
START:  APD
START:  APH
START:  APPF
START:  APPN
START:  APPS
START:  AQN
START:  ARCB
START:  ARCT
START:  ARES
START:  ARGX
START:  ARWR
START:  ASML
START:  ASPN
START:  ATEC
START:  ATEN
START:  ATKR
START:  ATOM
START:  ATR
START:  ATRC
START:  AUDC
START:  AUPH
START:  AVAV
START:  AVGO
START:  AVID
START:  AVNW
START:  AVXL
START:  AVY
START:  AWK
START:  AWR
START:  AXON
START:  AZO
START:  AZPN
START:  BAH
START:  BAM
START:  BAX
START:  BBH
START:  BBQ
START:  BBY
START:  BCPC
START:  BDX
START:  BEEM
START:  BFAM
START:  BFC
START:  BGFV
START:  BGNE
START:  BHVN
START:  BIO
START:  BL
START:  BLD
START:  BLDP
START:  BLDR
START:  BLFS
START:  BLK
START:  BLL
START:  BLNK
START:  BMI
START:  BOOT
START:  BOTZ
START:  BR
START:  BRKR
START:  BRKS
START:  BRO
START:  BURL
START:  BX
START:  CABO
START:  CACI
START:  CALX
START:  CAMT
START:  CAR
START:  CBRE
START:  CBSH
START:  CBZ
START:  CCOI
START:  CCS
START:  CDMO
START:  CDNA
START:  CDNS
START:  CDW
START:  CELH
START:  CGNX
START:  CHD
START:  CHDN
START:  CHE
START:  CHGG
START:  CHH
START:  CHKP
START:  CHTR
START:  CIEN
START:  CLAR
START:  CLFD
START:  CLGN
START:  CLNE
START:  CLPT
START:  CLX
START:  CMCSA
START:  CMG
START:  CMS
START:  CNC
START:  CNI
START:  CNMD
START:  CNS
START:  CNXN
START:  COO
START:  COST
START:  COUP
START:  COWN
START:  CP
START:  CPK
START:  CPRT
START:  CPSH
START:  CRAI
START:  CREE
START:  CRL
START:  CRM
START:  CRMT
START:  CROX
START:  CRSP
START:  CRVL
START:  CSGP
START:  CSL
START:  CSWI
START:  CSX
START:  CTAS
START:  CTLT
START:  CTRN
START:  CURE
START:  CVCO
START:  CVNA
START:  CWST
START:  CWT
START:  CXSE
START:  CYBR
START:  CYRX
START:  CYTK
START:  DAC
START:  DAR
START:  DAVA
START:  DDS
START:  DE
START:  DECK
START:  DELL
START:  DFIN
START:  DG
START:  DGRW
START:  DHI
START:  DHR
START:  DIA
START:  DIOD
START:  DIS
START:  DKS
START:  DLN
START:  DNLI
START:  DOMO
START:  DOV
START:  DPZ
START:  DQ
START:  DRD
START:  DRIO
START:  DRNA
START:  DSGX
START:  DVAX
START:  DXCM
START:  ECL
START:  EFX
START:  EGAN
START:  EHC
START:  EL
START:  ENPH
START:  ENSG
START:  ENTG
START:  ENV
START:  EPAM
START:  ERIE
START:  ES
START:  ESE
START:  ETN
START:  ETSY
START:  EVBG
START:  EVTC
START:  EW
START:  EWT
START:  EXAS
START:  EXLS
START:  EXPD
START:  EXPI
START:  EXPO
START:  FAST
START:  FATE
START:  FB
START:  FCN
START:  FCX
START:  FDN
START:  FDS
START:  FELE
START:  FFIN
START:  FICO
START:  FINX
START:  FIS
START:  FISV
START:  FIVE
START:  FIVN
START:  FLGT
START:  FLT
START:  FLWS
START:  FN
START:  FND
START:  FNV
START:  FORM
START:  FOXF
START:  FPX
START:  FRC
START:  FRHC
START:  FRPT
START:  FSS
START:  FTNT
START:  FUV
START:  GDEN
START:  GFI
START:  GGG
START:  GIB
START:  GLDD
START:  GLOB
START:  GMAB
START:  GME
START:  GMED
START:  GNRC
START:  GNSS
START:  GNTX
START:  GOLF
START:  GOOG
START:  GOOGL
START:  GPI
START:  GPN
START:  GRBK
START:  GRMN
START:  GRVY
START:  GRWG
START:  GWRE
START:  HACK
START:  HALO
START:  HCI
START:  HD
START:  HEI
START:  HELE
START:  HIBB
START:  HLI
START:  HLT
START:  HOLX
START:  HON
START:  HOV
START:  HRC
START:  HRI
START:  HSKA
START:  HTHT
START:  HUBS
START:  HUM
START:  HZNP
START:  IAC
START:  IBP
START:  ICE
START:  ICLN
START:  ICLR
START:  IDT
START:  IDXX
START:  IESC
START:  IEX
START:  ILMN
START:  INFO
START:  INOV
START:  INSP
START:  INTC
START:  INTU
START:  INTZ
START:  INVE
START:  IOO
START:  IQV
START:  IRDM
START:  IRMD
START:  ISEE
START:  ISRG
START:  IT
START:  ITT
START:  ITW
START:  IVOG
START:  IVV
START:  IXJ
START:  IXN
START:  J
START:  JBL
START:  JBSS
START:  JD
START:  JKHY
START:  JKS
START:  JNJ
START:  JOE
START:  JOUT
START:  JYNT
START:  KAI
START:  KBH
START:  KBR
START:  KDMN
START:  KEYS
START:  KLAC
START:  KLIC
START:  KMX
START:  KNSL
START:  KOPN
START:  KOSS
START:  KRNT
START:  KSU
START:  KTOS
START:  LAC
START:  LAD
START:  LANC
START:  LAWS
START:  LDOS
START:  LFMD
START:  LGIH
START:  LH
START:  LHCG
START:  LHX
START:  LII
START:  LIN
START:  LINC
START:  LIT
START:  LLY
START:  LMT
START:  LNT
START:  LOB
START:  LOGI
START:  LOVE
START:  LOW
START:  LPLA
START:  LPSN
START:  LQDT
START:  LRCX
START:  LSCC
START:  LSTR
START:  LULU
START:  LUNA
START:  MA
START:  MANH
START:  MANT
START:  MARA
START:  MASI
START:  MATX
START:  MBUU
START:  MCD
START:  MCHP
START:  MCO
START:  MDB
START:  MDT
START:  MEDP
START:  MEDS
START:  MELI
START:  MGC
START:  MGIC
START:  MGK
START:  MGNI
START:  MHO
START:  MIME
START:  MITK
START:  MKC
START:  MKSI
START:  MKTX
START:  MLAB
START:  MLR
START:  MMC
START:  MMS
START:  MNMD
START:  MNST
START:  MODN
START:  MODV
START:  MOH
START:  MORN
START:  MPWR
START:  MRTX
START:  MRVL
START:  MS
START:  MSA
START:  MSCI
START:  MSEX
START:  MSFT
START:  MSI
START:  MSTR
START:  MTBC
START:  MTCH
START:  MTD
START:  MTEX
START:  MTH
START:  MTLS
START:  MTSI
START:  MU
START:  MUSA
START:  MVIS
START:  MXL
START:  MYRG
START:  NBIX
START:  NCBS
START:  NDAQ
START:  NDSN
START:  NEE
START:  NEO
START:  NEOG
START:  NFLX
START:  NICE
START:  NISN
START:  NKE
START:  NOVT
START:  NOW
START:  NSC
START:  NSIT
START:  NSSC
START:  NSTG
START:  NTLA
START:  NTRA
START:  NUAN
START:  NVCR
START:  NVDA
START:  NVMI
START:  NVO
START:  NVR
START:  NXST
START:  NYT
START:  OBCI
START:  ODFL
START:  OEF
START:  OFLX
START:  OLED
START:  OMCL
START:  ON
START:  OOMA
START:  OPRX
START:  ORA
START:  ORCL
START:  ORLY
START:  ORMP
START:  OTEX
START:  PACB
START:  PAG
START:  PANW
START:  PAR
START:  PAYC
START:  PAYX
START:  PBD
START:  PCTY
START:  PEGA
START:  PEN
START:  PENN
START:  PEP
START:  PERI
START:  PFSI
START:  PGR
START:  PH
START:  PHM
START:  PKI
START:  PLL
START:  PLNT
START:  PLUG
START:  PLXS
START:  PODD
START:  POOL
START:  POWI
START:  PRFT
START:  PRI
START:  PRTA
START:  PRTS
START:  PTSI
START:  PWR
START:  PYPL
START:  QADA
START:  QCLN
START:  QDEL
START:  QGEN
START:  QLYS
START:  QQQ
START:  QRVO
START:  QTWO
START:  RADA
START:  RAMP
START:  RBA
START:  RCII
START:  RCKY
START:  RDNT
START:  RDVT
START:  RDWR
START:  REGI
START:  RENN
START:  RGEN
START:  RH
START:  RILY
START:  RIOT
START:  RLI
START:  RLMD
START:  RMD
START:  RNG
START:  ROBO
START:  ROCK
START:  ROK
START:  ROKU
START:  ROL
START:  ROP
START:  ROST
START:  RPD
START:  RPM
START:  RSG
START:  RTH
START:  RUN
START:  RXI
START:  SAIA
START:  SAIC
START:  SAM
START:  SAVA
START:  SCI
START:  SCL
START:  SE
START:  SEAS
START:  SEDG
START:  SFBS
START:  SGEN
START:  SGMS
START:  SGRY
START:  SHOP
START:  SHW
START:  SHYF
START:  SITE
START:  SIVB
START:  SJW
START:  SKY
START:  SLAB
START:  SLP
START:  SMH
START:  SMTC
START:  SNAP
START:  SNPS
START:  SOCL
START:  SOXL
START:  SPGI
START:  SPLG
START:  SPLK
START:  SPNS
START:  SPSC
START:  SPTM
START:  SPWH
START:  SPWR
START:  SPXC
START:  SPXL
START:  SPY
START:  SPYG
START:  SQ
START:  SSD
START:  SSNC
START:  SSTK
START:  STAA
START:  STE
START:  SUSA
START:  SYK
START:  SYNA
START:  TBBK
START:  TBK
START:  TDG
START:  TDOC
START:  TDY
START:  TEAM
START:  TECH
START:  TECL
START:  TER
START:  TFX
START:  TGH
START:  TGLS
START:  TGT
START:  TGTX
START:  THC
START:  TJX
START:  TMO
START:  TMUS
START:  TNDM
START:  TNET
START:  TPX
START:  TREX
START:  TRI
START:  TRIL
START:  TRMB
START:  TRNS
START:  TROW
START:  TRU
START:  TRUP
START:  TSCO
START:  TSLA
START:  TSM
START:  TT
START:  TTC
START:  TTD
START:  TTEC
START:  TTEK
START:  TTGT
START:  TTWO
START:  TWLO
START:  TXN
START:  TYL
START:  UCTT
START:  UFPI
START:  UFPT
START:  UI
START:  UMC
START:  UNF
START:  UNH
START:  UNP
START:  UPLD
START:  URI
START:  V
START:  VALU
START:  VBK
START:  VCEL
START:  VCR
START:  VCTR
START:  VCYT
START:  VDC
START:  VEEV
START:  VERU
START:  VGT
START:  VHT
START:  VIAV
START:  VICR
START:  VIG
START:  VO
START:  VONE
START:  VONG
START:  VOO
START:  VOOG
START:  VOOV
START:  VOT
START:  VPU
START:  VRNS
START:  VRSK
START:  VRSN
START:  VRTV
START:  VSTO
START:  VTHR
START:  VTI
START:  VTNR
START:  VTWG
START:  VUG
START:  VV
START:  VXF
START:  WCN
START:  WD
START:  WDAY
START:  WDFC
START:  WEC
START:  WEN
START:  WINA
START:  WING
START:  WIRE
START:  WIX
START:  WK
START:  WLTW
START:  WM
START:  WMS
START:  WNS
START:  WRB
START:  WSC
START:  WSM
START:  WST
START:  WTRG
START:  WTS
START:  XEL
START:  XENE
START:  XLK
START:  XLNX
START:  XLP
START:  XLRN
START:  XLU
START:  XLV
START:  XLY
START:  XYL
START:  YNDX
START:  YORW
START:  YUM
START:  Z
START:  ZBRA
START:  ZEN
START:  ZLAB
START:  ZNGA
START:  ZS
START:  ZTS
START:  ZYXI
==== MACD golden cross ====
None
code: AVNW     day: macd + hist + hist_1pre + ,  Week: macd + hist + hist_1pre - , Month: macd + hist - hist_1pre - , 
Trade --> code: AVNW   BUY: 2006-01-31   24.90 SELL: 2008-08-31   56.16  macd:   -0.44 macd_count:  31 profit:  2.26
Trade --> code: AVNW   BUY: 2017-05-31    8.76 SELL: 2019-01-31    6.72  macd:   -0.05 macd_count:  20 profit:  0.77
Trade --> code: AVNW   BUY: 2020-07-31   10.25 SELL: 2022-11-30   31.89  macd:    2.51 macd_count:  29 profit:  3.11

code: DECK     day: macd + hist + hist_1pre - ,  Week: macd + hist + hist_1pre - , Month: macd + hist + hist_1pre - , 
Trade --> code: DECK   BUY: 2005-03-31   11.91 SELL: 2009-01-31   17.41  macd:   -0.06 macd_count:  46 profit:  1.46
Trade --> code: DECK   BUY: 2010-01-31   32.72 SELL: 2012-07-31   41.71  macd:   -1.90 macd_count:  30 profit:  1.27
Trade --> code: DECK   BUY: 2013-11-30   82.64 SELL: 2015-09-30   58.06  macd:   -1.09 macd_count:  22 profit:  0.70
Trade --> code: DECK   BUY: 2017-09-30   68.41 SELL: 2022-11-30  375.40  macd:   16.45 macd_count:  63 profit:  5.49

code: ENPH     day: macd + hist + hist_1pre + ,  Week: macd + hist + hist_1pre - , Month: macd + hist + hist_1pre + , 
Trade --> code: ENPH   BUY: 2014-07-31   10.30 SELL: 2015-09-30    3.70  macd:   -0.34 macd_count:  14 profit:  0.36
Trade --> code: ENPH   BUY: 2018-05-31    5.73 SELL: 2022-11-30  311.94  macd:   42.87 macd_count:  55 profit: 54.44

code: FDS      day: macd + hist + hist_1pre + ,  Week: macd + hist + hist_1pre - , Month: macd + hist - hist_1pre - , 
Trade --> code: FDS    BUY: 2005-03-31   33.01 SELL: 2008-11-30   40.00  macd:   -1.00 macd_count:  44 profit:  1.21
Trade --> code: FDS    BUY: 2009-09-30   66.24 SELL: 2022-11-30  437.77  macd:   23.70 macd_count: 159 profit:  6.61

code: ISEE     day: macd - hist - hist_1pre - ,  Week: macd + hist + hist_1pre - , Month: macd + hist + hist_1pre + , 
Trade --> code: ISEE   BUY: 2016-01-31   54.19 SELL: 2016-12-31    4.83  macd:   -3.06 macd_count:  11 profit:  0.09
Trade --> code: ISEE   BUY: 2020-11-30    6.82 SELL: 2022-11-30   21.65  macd:    2.57 macd_count:  25 profit:  3.17

code: NUAN     day: macd + hist + hist_1pre + ,  Week: macd + hist + hist_1pre - , Month: macd + hist - hist_1pre - , 
Trade --> code: NUAN   BUY: 2005-11-30    5.38 SELL: 2008-11-30    7.94  macd:   -0.14 macd_count:  36 profit:  1.48
Trade --> code: NUAN   BUY: 2009-12-31   13.44 SELL: 2013-05-31   16.44  macd:   -0.10 macd_count:  41 profit:  1.22
Trade --> code: NUAN   BUY: 2015-11-30   18.11 SELL: 2016-07-31   13.90  macd:   -0.05 macd_count:   8 profit:  0.77
Trade --> code: NUAN   BUY: 2017-05-31   16.01 SELL: 2017-09-30   13.60  macd:   -0.04 macd_count:   4 profit:  0.85
Trade --> code: NUAN   BUY: 2019-04-30   14.56 SELL: 2022-03-31   55.99  macd:    7.14 macd_count:  36 profit:  3.85

code: WCN      day: macd + hist + hist_1pre + ,  Week: macd + hist + hist_1pre - , Month: macd + hist - hist_1pre - , 
Trade --> code: WCN    BUY: 2005-03-31   10.30 SELL: 2009-03-31   11.42  macd:   -0.08 macd_count:  48 profit:  1.11
Trade --> code: WCN    BUY: 2009-12-31   14.82 SELL: 2022-11-30  140.20  macd:    7.30 macd_count: 156 profit:  9.46

code: WNS      day: macd + hist + hist_1pre - ,  Week: macd + hist + hist_1pre - , Month: macd + hist - hist_1pre - , 
Trade --> code: WNS    BUY: 2013-02-28   14.06 SELL: 2022-11-30   85.53  macd:    3.81 macd_count: 118 profit:  6.08

