
Sun Aug  8 03:16:38 UTC 2021
START:  A
END:    A
0.15881943702697754
START:  ANAT
END:    ANAT
0.3273341655731201
START:  BBDC
END:    BBDC
0.4252433776855469
START:  BRBR
END:    BRBR
0.4993293285369873
START:  BURL
END:    BURL
0.6056551933288574
START:  CUTR
END:    CUTR
0.685246467590332
START:  DAVA
END:    DAVA
0.8163824081420898
START:  ERII
END:    ERII
0.9012148380279541
START:  EXLS
END:    EXLS
1.0012483596801758
START:  FIVE
END:    FIVE
1.0731618404388428
START:  GPI
END:    GPI
1.1690382957458496
START:  HCI
END:    HCI
1.2964684963226318
START:  IR
END:    IR
1.373171091079712
START:  KAI
END:    KAI
1.4582598209381104
START:  LIT
END:    LIT
1.5411908626556396
START:  MOH
END:    MOH
1.6257398128509521
START:  MXIM
END:    MXIM
1.726576805114746
START:  NCR
END:    NCR
1.8025524616241455
START:  NTAP
END:    NTAP
1.8927106857299805
START:  NVMI
END:    NVMI
2.0017354488372803
START:  PFF
END:    PFF
2.096918821334839
START:  PFFD
END:    PFFD
2.1884706020355225
START:  RDNT
END:    RDNT
2.2627651691436768
START:  SEE
END:    SEE
2.397883892059326
START:  SWAV
END:    SWAV
2.476294755935669
START:  TRNS
END:    TRNS
2.5508272647857666
START:  TTC
END:    TTC
2.6618356704711914
START:  TU
END:    TU
2.7752652168273926
START:  TXN
END:    TXN
2.9335124492645264
START:  VSTO
END:    VSTO
3.011019468307495
START:  VVV
END:    VVV
3.0914759635925293
START:  A
END:   A
START:  ANAT
END:   ANAT
START:  BBDC
END:   BBDC
START:  BRBR
HIT: ------------------------>  BRBR
END:   BRBR
START:  BURL
END:   BURL
START:  CUTR
END:   CUTR
START:  DAVA
END:   DAVA
START:  ERII
HIT: ------------------------>  ERII
END:   ERII
START:  EXLS
END:   EXLS
START:  FIVE
END:   FIVE
START:  GPI
HIT: ------------------------>  GPI
END:   GPI
START:  HCI
END:   HCI
START:  IR
END:   IR
START:  KAI
END:   KAI
START:  LIT
END:   LIT
START:  MOH
END:   MOH
START:  MXIM
END:   MXIM
START:  NCR
HIT: ------------------------>  NCR
END:   NCR
START:  NTAP
END:   NTAP
START:  NVMI
END:   NVMI
START:  PFF
END:   PFF
START:  PFFD
END:   PFFD
START:  RDNT
END:   RDNT
START:  SEE
END:   SEE
START:  SWAV
END:   SWAV
START:  TRNS
END:   TRNS
START:  TTC
END:   TTC
START:  TU
END:   TU
START:  TXN
END:   TXN
START:  VSTO
END:   VSTO
START:  VVV
END:   VVV
以下おすすめの株です
====================
おすすめの株
MACDがMACDシグナルを突き抜けました
===========================
BRBR
ERII
GPI
NCR

===========================

START:  A
A  profit:  [2.62998962]  :  [155.69999695] [153.07000732]
END:   A
START:  ANAT
ANAT  profit:  [8.63000488]  :  [172.80000305] [164.16999817]
END:   ANAT
START:  BBDC
BBDC  profit:  [0.34999943]  :  [10.94999981] [10.60000038]
END:   BBDC
START:  BRBR
BRBR  profit:  [-3.0700016]  :  [29.51000023] [32.58000183]
END:   BRBR
START:  BURL
BURL  profit:  [7.64001465]  :  [338.25] [330.60998535]
END:   BURL
START:  CUTR
CUTR  profit:  [0.43000031]  :  [54.04000092] [53.61000061]
END:   CUTR
START:  DAVA
DAVA  profit:  [2.84000397]  :  [129.22000122] [126.37999725]
END:   DAVA
START:  ERII
ERII  profit:  [-0.80999947]  :  [19.18000031] [19.98999977]
END:   ERII
START:  EXLS
EXLS  profit:  [4.05999756]  :  [118.55999756] [114.5]
END:   EXLS
START:  FIVE
FIVE  profit:  [9.56001282]  :  [203.6000061] [194.03999329]
END:   FIVE
START:  GPI
GPI  profit:  [-4.72000122]  :  [166.69000244] [171.41000366]
END:   GPI
START:  HCI
HCI  profit:  [13.34999847]  :  [115.63999939] [102.29000092]
END:   HCI
START:  IR
IR  profit:  [1.45000076]  :  [49.81999969] [48.36999893]
END:   IR
START:  KAI
KAI  profit:  [22.61999512]  :  [199.97000122] [177.3500061]
END:   KAI
START:  LIT
LIT  profit:  [3.06999969]  :  [86.44999695] [83.37999725]
END:   LIT
START:  MOH
MOH  profit:  [-9.19000244]  :  [265.05999756] [274.25]
END:   MOH
START:  MXIM
MXIM  profit:  [0.97000122]  :  [100.68000031] [99.70999908]
END:   MXIM
START:  NCR
NCR  profit:  [-2.98999786]  :  [41.38000107] [44.36999893]
END:   NCR
START:  NTAP
NTAP  profit:  [2.04000092]  :  [82.16999817] [80.12999725]
END:   NTAP
START:  NVMI
NVMI  profit:  [3.41000366]  :  [101.16000366] [97.75]
END:   NVMI
START:  PFF
PFF  profit:  [0.12999725]  :  [39.43999863] [39.31000137]
END:   PFF
START:  PFFD
PFFD  profit:  [-0.03999901]  :  [26.12000084] [26.15999985]
END:   PFFD
START:  RDNT
RDNT  profit:  [1.56000137]  :  [38.15000153] [36.59000015]
END:   RDNT
START:  SEE
SEE  profit:  [2.39999771]  :  [58.70999908] [56.31000137]
END:   SEE
START:  SWAV
SWAV  profit:  [12.22000122]  :  [182.86000061] [170.63999939]
END:   SWAV
START:  TRNS
TRNS  profit:  [-0.18999481]  :  [65.08000183] [65.26999664]
END:   TRNS
START:  TTC
TTC  profit:  [1.51999664]  :  [114.66999817] [113.15000153]
END:   TTC
START:  TU
TU  profit:  [0.51000023]  :  [22.57999992] [22.06999969]
END:   TU
START:  TXN
TXN  profit:  [2.24000549]  :  [192.96000671] [190.72000122]
END:   TXN
START:  VSTO
VSTO  profit:  [1.77999878]  :  [43.06999969] [41.29000092]
END:   VSTO
START:  VVV
VVV  profit:  [0.30999947]  :  [31.20999908] [30.89999962]
END:   VVV
total:  [84.71002483]
以下おすすめの株です
====================
おすすめの株
MACDがMACDシグナルを突き抜けました
===========================

===========================

