Sun Jun 25 13:49:55 UTC 2023
arg[0]: scraping/yahoo-finace-api2.py, arg[1]: stock-code-list/buy-list.txt
===========================
scraping
===========================
START:  AAPL
END:    0.5545399188995361
-
START:  EL
END:    1.01226806640625
-
START:  NEE
END:    1.4559619426727295
-
START:  AMD
END:    1.8502752780914307
-
START:  APH
END:    2.2773916721343994
-
START:  XLP
END:    2.822420120239258
-
START:  SPXL
END:    3.25445294380188
-
START:  KEYS
END:    3.5319130420684814
-
START:  VDC
END:    3.950551986694336
-
START:  SPTM
END:    4.362339019775391
-
START:  SPLG
END:    4.756263732910156
-
START:  CROX
END:    5.1244001388549805
-
START:  AXON
END:    5.508661508560181
-
START:  AWR
END:    5.955028533935547
-
START:  FN
END:    6.279133319854736
-
START:  NXST
END:    6.687008619308472
-
START:  TREX
END:    8.110640525817871
-
START:  RGEN
END:    8.50812029838562
-
START:  EXPO
END:    8.922172784805298
-
START:  BCPC
END:    9.349925518035889
-
START:  SOXL
END:    9.703832387924194
-
START:  TECL
END:    10.078567504882812
-
START:  NEO
END:    10.454346179962158
-
START:  NVMI
END:    10.819303512573242
-
START:  NVDA
END:    11.185336112976074
-
START:  BBDC
END:    11.666741847991943
-
START:  APPS
END:    12.00395393371582
-
START:  ROK
END:    12.457034826278687
-
START:  NHTC
END:    12.90718960762024
-
START:  ZYXI
END:    13.289404392242432
-
START:  LIT
END:    13.610816478729248
-
START:  LLY
END:    15.105268478393555
-
START:  GTLB
END:    16.2778217792511
-
START:  MCD
END:    16.794132232666016
-
START:  MSI
END:    17.30699324607849
-
START:  HCP
END:    17.451394081115723
-
START:  ON
END:    17.802796840667725
-
===========================
MACD sell
===========================
START:  AAPL
START:  EL
START:  NEE
START:  AMD
START:  APH
START:  XLP
START:  SPXL
START:  KEYS
START:  VDC
START:  SPTM
START:  SPLG
START:  CROX
START:  AXON
START:  AWR
START:  FN
START:  NXST
START:  TREX
START:  RGEN
START:  EXPO
START:  BCPC
START:  SOXL
START:  TECL
START:  NEO
START:  NVMI
START:  NVDA
START:  BBDC
START:  APPS
START:  ROK
START:  NHTC
START:  ZYXI
START:  LIT
START:  LLY
START:  GTLB
START:  MCD
START:  MSI
START:  HCP
START:  ON
==== MACD list ====
code: AAPL     day: macd + hist + ,  Week: macd + hist + , Month: macd + hist + , 
code: EL       day: macd - hist + ,  Week: macd - hist - , Month: macd - hist - , 
code: NEE      day: macd - hist + ,  Week: macd - hist - , Month: macd + hist - , 
code: AMD      day: macd + hist - ,  Week: macd + hist + , Month: macd + hist + , 
code: APH      day: macd + hist + ,  Week: macd + hist + , Month: macd + hist - , 
code: XLP      day: macd - hist + ,  Week: macd + hist - , Month: macd + hist - , 
code: SPXL     day: macd + hist - ,  Week: macd + hist + , Month: macd - hist + , 
code: KEYS     day: macd + hist - ,  Week: macd - hist + , Month: macd + hist - , 
code: VDC      day: macd + hist + ,  Week: macd + hist - , Month: macd + hist - , 
code: SPTM     day: macd + hist - ,  Week: macd + hist + , Month: macd + hist + , 
code: SPLG     day: macd + hist - ,  Week: macd + hist + , Month: macd + hist + , 
code: CROX     day: macd - hist - ,  Week: macd - hist - , Month: macd + hist + , 
code: AXON     day: macd - hist + ,  Week: macd + hist - , Month: macd + hist + , 
code: AWR      day: macd - hist - ,  Week: macd - hist - , Month: macd + hist - , 
code: FN       day: macd + hist + ,  Week: macd + hist + , Month: macd + hist - , 
code: NXST     day: macd - hist - ,  Week: macd - hist + , Month: macd + hist - , 
code: TREX     day: macd + hist + ,  Week: macd + hist + , Month: macd - hist + , 
code: RGEN     day: macd - hist - ,  Week: macd - hist - , Month: macd - hist - , 
code: EXPO     day: macd + hist - ,  Week: macd - hist + , Month: macd + hist - , 
code: BCPC     day: macd + hist - ,  Week: macd + hist + , Month: macd + hist - , 
code: SOXL     day: macd + hist - ,  Week: macd + hist + , Month: macd - hist + , 
code: TECL     day: macd + hist - ,  Week: macd + hist + , Month: macd - hist + , 
code: NEO      day: macd - hist - ,  Week: macd + hist - , Month: macd - hist + , 
code: NVMI     day: macd + hist - ,  Week: macd + hist + , Month: macd + hist + , 
code: NVDA     day: macd + hist - ,  Week: macd + hist + , Month: macd + hist + , 
code: BBDC     day: macd + hist - ,  Week: macd - hist + , Month: macd - hist - , 
code: APPS     day: macd - hist - ,  Week: macd - hist - , Month: macd - hist - , 
code: ROK      day: macd + hist + ,  Week: macd + hist + , Month: macd + hist + , 
code: NHTC     day: macd - hist - ,  Week: macd + hist - , Month: macd - hist + , 
code: ZYXI     day: macd - hist + ,  Week: macd - hist + , Month: macd + hist - , 
code: LIT      day: macd + hist - ,  Week: macd - hist + , Month: macd - hist - , 
code: LLY      day: macd + hist - ,  Week: macd + hist + , Month: macd + hist + , 
code: GTLB     day: macd + hist + ,  Week: macd + hist + , Month: macd + hist + , 
code: MCD      day: macd + hist + ,  Week: macd + hist - , Month: macd + hist + , 
code: MSI      day: macd - hist + ,  Week: macd + hist - , Month: macd + hist + , 
code: HCP      day: macd - hist - ,  Week: macd - hist - , Month: macd + hist + , 
code: ON       day: macd + hist - ,  Week: macd + hist + , Month: macd + hist + , 
==== MACD sell list ====
code: EL       day: macd - hist + ,  Week: macd - hist - , 
code: EL       day: macd - hist + ,  Week: macd - hist - , Month: macd - hist - , 
code: NEE      day: macd - hist + ,  Week: macd - hist - , 
code: NEE      day: macd - hist + ,  Week: macd - hist - , Month: macd + hist - , 
code: AMD      day: macd + hist - , 
code: APH      day: macd + hist + ,  Week: macd + hist + , Month: macd + hist - , 
code: XLP      day: macd - hist + ,  Week: macd + hist - , 
code: XLP      day: macd - hist + ,  Week: macd + hist - , Month: macd + hist - , 
code: SPXL     day: macd + hist - , 
code: KEYS     day: macd + hist - , 
code: KEYS     day: macd + hist - ,  Week: macd - hist + , Month: macd + hist - , 
code: VDC      day: macd + hist + ,  Week: macd + hist - , 
code: VDC      day: macd + hist + ,  Week: macd + hist - , Month: macd + hist - , 
code: SPTM     day: macd + hist - , 
code: SPLG     day: macd + hist - , 
code: CROX     day: macd - hist - , 
code: CROX     day: macd - hist - ,  Week: macd - hist - , 
code: AXON     day: macd - hist + ,  Week: macd + hist - , 
code: AWR      day: macd - hist - , 
code: AWR      day: macd - hist - ,  Week: macd - hist - , 
code: AWR      day: macd - hist - ,  Week: macd - hist - , Month: macd + hist - , 
code: FN       day: macd + hist + ,  Week: macd + hist + , Month: macd + hist - , 
code: NXST     day: macd - hist - , 
code: NXST     day: macd - hist - ,  Week: macd - hist + , Month: macd + hist - , 
code: RGEN     day: macd - hist - , 
code: RGEN     day: macd - hist - ,  Week: macd - hist - , 
code: RGEN     day: macd - hist - ,  Week: macd - hist - , Month: macd - hist - , 
code: EXPO     day: macd + hist - , 
code: EXPO     day: macd + hist - ,  Week: macd - hist + , Month: macd + hist - , 
code: BCPC     day: macd + hist - , 
code: BCPC     day: macd + hist - ,  Week: macd + hist + , Month: macd + hist - , 
code: SOXL     day: macd + hist - , 
code: TECL     day: macd + hist - , 
code: NEO      day: macd - hist - , 
code: NEO      day: macd - hist - ,  Week: macd + hist - , 
code: NVMI     day: macd + hist - , 
code: NVDA     day: macd + hist - , 
code: BBDC     day: macd + hist - , 
code: BBDC     day: macd + hist - ,  Week: macd - hist + , Month: macd - hist - , 
code: APPS     day: macd - hist - , 
code: APPS     day: macd - hist - ,  Week: macd - hist - , 
code: APPS     day: macd - hist - ,  Week: macd - hist - , Month: macd - hist - , 
code: NHTC     day: macd - hist - , 
code: NHTC     day: macd - hist - ,  Week: macd + hist - , 
code: ZYXI     day: macd - hist + ,  Week: macd - hist + , Month: macd + hist - , 
code: LIT      day: macd + hist - , 
code: LIT      day: macd + hist - ,  Week: macd - hist + , Month: macd - hist - , 
code: LLY      day: macd + hist - , 
code: MCD      day: macd + hist + ,  Week: macd + hist - , 
code: MSI      day: macd - hist + ,  Week: macd + hist - , 
code: HCP      day: macd - hist - , 
code: HCP      day: macd - hist - ,  Week: macd - hist - , 
code: ON       day: macd + hist - , 
===========================
profit
===========================
==== plus ====
XLP  , macd -, macd hist +, profit:    [1.2], per:   [1.65], now:  [73.78], buy:  [72.58]
VDC  , macd +, macd hist +, profit:   [5.05], per:   [2.66], now: [194.58], buy: [189.53]
AXON , macd -, macd hist +, profit:  [50.56], per:   [36.6], now: [188.71], buy: [138.15]
FN   , macd +, macd hist +, profit:    [7.3], per:   [6.25], now: [124.16], buy: [116.86]
NVDA , macd +, macd hist -, profit: [166.42], per:  [65.09], now: [422.09], buy: [255.67]
ZYXI , macd -, macd hist +, profit:   [3.11], per:   [48.9], now:   [9.47], buy:   [6.36]
LLY  , macd +, macd hist -, profit: [187.84], per:  [69.31], now: [458.84], buy:   [271.]
MCD  , macd +, macd hist +, profit:  [36.45], per:  [14.38], now: [289.91], buy: [253.46]
MSI  , macd -, macd hist +, profit:   [27.2], per:  [10.82], now: [278.61], buy: [251.41]
ON   , macd +, macd hist -, profit:  [27.66], per:  [46.21], now:  [87.52], buy:  [59.86]
-
     plus  len:  10
     profit: [512.79], per: [301.88], per/len(p):  [30.19], per/len(p+m):   [8.16]
-
==== minus ====
AAPL , macd +, macd hist +, profit:       [], per:       [], now: [186.68], buy:       []
EL   , macd -, macd hist +, profit: [-147.81], per: [-43.51], now: [191.94], buy: [339.75]
NEE  , macd -, macd hist +, profit: [-11.16], per: [-13.08], now:  [74.17], buy:  [85.33]
AMD  , macd +, macd hist -, profit: [-10.22], per:   [-8.5], now: [110.01], buy: [120.23]
APH  , macd +, macd hist +, profit:       [], per:       [], now:  [80.19], buy:       []
SPXL , macd +, macd hist -, profit: [-45.91], per: [-35.25], now:  [84.32], buy: [130.23]
KEYS , macd +, macd hist -, profit: [-28.08], per: [-15.09], now: [157.98], buy: [186.06]
SPTM , macd +, macd hist -, profit:  [-3.41], per:  [-6.03], now:  [53.17], buy:  [56.58]
SPLG , macd +, macd hist -, profit:  [-3.04], per:  [-5.63], now:  [50.95], buy:  [53.99]
CROX , macd -, macd hist -, profit: [-71.41], per: [-40.25], now: [106.01], buy: [177.42]
AWR  , macd -, macd hist -, profit:       [], per:       [], now:  [84.64], buy:       []
NXST , macd -, macd hist -, profit:  [-4.33], per:  [-2.66], now: [158.17], buy:  [162.5]
TREX , macd +, macd hist +, profit:  [-9.41], per: [-13.44], now:  [60.59], buy:    [70.]
RGEN , macd -, macd hist -, profit: [-30.09], per: [-16.75], now: [149.57], buy: [179.66]
EXPO , macd +, macd hist -, profit:  [-6.95], per:  [-6.87], now:  [94.16], buy: [101.11]
BCPC , macd +, macd hist -, profit:   [-8.1], per:  [-5.91], now: [128.98], buy: [137.08]
SOXL , macd +, macd hist -, profit:  [-20.2], per: [-47.99], now:  [21.89], buy:  [42.09]
TECL , macd +, macd hist -, profit: [-11.25], per: [-18.52], now:  [49.49], buy:  [60.74]
NEO  , macd -, macd hist -, profit:  [-1.17], per:  [-6.56], now:  [16.67], buy:  [17.84]
NVMI , macd +, macd hist -, profit:  [-1.97], per:  [-1.72], now: [112.68], buy: [114.65]
BBDC , macd +, macd hist -, profit:  [-2.98], per: [-28.11], now:   [7.62], buy:   [10.6]
APPS , macd -, macd hist -, profit: [-35.84], per: [-82.07], now:   [7.83], buy:  [43.67]
ROK  , macd +, macd hist +, profit: [-28.62], per:  [-8.37], now: [313.27], buy: [341.89]
NHTC , macd -, macd hist -, profit:  [-2.02], per: [-28.17], now:   [5.15], buy:   [7.17]
LIT  , macd +, macd hist -, profit: [-29.45], per: [-32.04], now:  [62.46], buy:  [91.91]
GTLB , macd +, macd hist +, profit:   [-4.1], per:  [-7.77], now:  [48.66], buy:  [52.76]
HCP  , macd -, macd hist -, profit: [-28.03], per: [-51.62], now:  [26.27], buy:   [54.3]
-
     minus len:  27
     profit:       [], per:       [], per/len(m):       [], per/len(p+m):       []
-
==== total ====
     profit:       [], per:       [], per/len(p+m):       []
arg[0]: scraping/yahoo-finace-api2.py, arg[1]: stock-code-list/up-month.txt
===========================
scraping
===========================
START:  A
END:    0.4118680953979492
-
START:  AAON
END:    0.8148889541625977
-
START:  AAPL
END:    1.2292969226837158
-
START:  ABG
END:    1.624056339263916
-
START:  ABT
END:    2.132798194885254
-
START:  ACLS
END:    2.5319740772247314
-
START:  ACMR
END:    2.747981309890747
-
START:  ACN
END:    3.12434720993042
-
START:  ADBE
END:    3.576369047164917
-
START:  ADI
END:    4.040998458862305
-
START:  ADP
END:    4.495236158370972
-
START:  ADSK
END:    4.922532081604004
-
START:  ADUS
END:    5.245747089385986
-
START:  AEE
END:    5.6918439865112305
-
START:  AGYS
END:    6.181341171264648
-
START:  AIZ
END:    7.627019882202148
-
START:  AJG
END:    8.080299615859985
-
START:  AJRD
END:    8.485710382461548
-
START:  ALB
END:    8.930190801620483
-
START:  ALG
END:    9.37934684753418
-
START:  ALGN
END:    9.780168294906616
-
START:  ALLE
END:    10.07637095451355
-
START:  ALTR
END:    10.319918394088745
-
START:  AMAT
END:    10.815982580184937
-
START:  AMBA
END:    11.120362997055054
-
START:  AMD
END:    11.467756509780884
-
START:  AME
END:    11.936415672302246
-
START:  AMED
END:    12.328851699829102
-
START:  AMEH
END:    12.648867130279541
-
START:  AMGN
END:    13.076505899429321
-
START:  AMN
END:    13.450026988983154
-
START:  AMP
END:    14.876309394836426
-
START:  AMRC
END:    16.171327829360962
-
START:  AMSWA
END:    16.63725185394287
-
START:  AMTX
END:    16.982666015625
-
START:  AMZN
END:    17.391822338104248
-
START:  AN
END:    17.783541917800903
-
START:  ANSS
END:    18.154019117355347
-
START:  ANTM
Not Found: No data found, symbol may be delisted
START:  AON
END:    18.729413509368896
-
START:  AOSL
END:    19.02437472343445
-
START:  APD
END:    19.486703634262085
-
START:  APH
END:    19.874916076660156
-
START:  APPF
END:    20.136487007141113
-
START:  APPN
END:    20.341200828552246
-
START:  APPS
END:    20.748015642166138
-
START:  AQN
END:    21.092167139053345
-
START:  ARCB
END:    21.541793823242188
-
START:  ARCT
END:    21.796802520751953
-
START:  ARES
END:    22.050974369049072
-
START:  ARGX
END:    23.31101393699646
-
START:  ARWR
END:    23.721693515777588
-
START:  ASML
END:    24.19928789138794
-
START:  ASPN
END:    24.4740092754364
-
START:  ATEC
END:    24.819289684295654
-
START:  ATEN
END:    25.103910446166992
-
START:  ATKR
END:    26.364959478378296
-
START:  ATOM
END:    26.595956802368164
-
START:  ATR
END:    30.10616636276245
-
START:  ATRC
END:    30.482402086257935
-
START:  AUDC
END:    30.95068597793579
-
START:  AUPH
END:    31.218258380889893
-
START:  AVAV
END:    31.559836864471436
-
START:  AVGO
END:    31.921276569366455
-
START:  AVID
END:    33.30956435203552
-
START:  AVNW
END:    33.71207118034363
-
START:  AVXL
END:    34.07397794723511
-
START:  AVY
END:    34.526466608047485
-
START:  AWK
END:    34.91960620880127
-
START:  AWR
END:    35.390799045562744
-
START:  AXON
END:    35.75577783584595
-
START:  AZO
END:    36.12126708030701
-
START:  AZPN
END:    37.513017416000366
-
START:  BAH
END:    37.85759925842285
-
START:  BAM
END:    38.00403356552124
-
START:  BAX
END:    38.47050428390503
-
START:  BBH
END:    38.901602029800415
-
START:  BBQ
END:    40.315693616867065
-
START:  BBY
END:    40.754584312438965
-
START:  BCPC
END:    41.22222709655762
-
START:  BDX
END:    41.701661586761475
-
START:  BEEM
END:    41.9766149520874
-
START:  BFAM
END:    42.275383710861206
-
START:  BFC
END:    42.651710987091064
-
START:  BGFV
END:    43.14311647415161
-
START:  BGNE
END:    44.40582609176636
-
START:  BHVN
END:    44.545637369155884
-
START:  BIO
END:    44.94267225265503
-
START:  BL
END:    45.181684494018555
-
START:  BLD
END:    45.45489573478699
-
START:  BLDP
END:    45.84170365333557
-
START:  BLDR
END:    47.21807384490967
-
START:  BLFS
END:    47.58607482910156
-
START:  BLK
END:    47.98338174819946
-
START:  BLL
Not Found: No data found, symbol may be delisted
START:  BLNK
END:    49.43839740753174
-
START:  BMI
END:    49.890092849731445
-
START:  BOOT
END:    51.193193674087524
-
START:  BOTZ
END:    51.45422124862671
-
START:  BR
END:    51.84892416000366
-
START:  BRKR
END:    52.27990508079529
-
START:  BRKS
Not Found: No data found, symbol may be delisted
START:  BRO
END:    52.89360284805298
-
START:  BURL
END:    54.18529462814331
-
START:  BX
END:    54.58324432373047
-
START:  CABO
END:    54.86337947845459
-
START:  CACI
END:    56.285252809524536
-
START:  CALX
END:    56.60749626159668
-
START:  CAMT
END:    57.07885766029358
-
START:  CAR
END:    58.520301818847656
-
START:  CBRE
END:    58.88044095039368
-
START:  CBSH
END:    59.32584547996521
-
START:  CBZ
END:    59.71677017211914
-
START:  CCOI
END:    60.08502507209778
-
START:  CCS
END:    61.404216051101685
-
START:  CDMO
END:    61.78351664543152
-
START:  CDNA
END:    62.05961775779724
-
START:  CDNS
END:    62.450653314590454
-
START:  CDW
END:    63.76263761520386
-
START:  CELH
END:    64.09410429000854
-
START:  CGNX
END:    64.5369725227356
-
START:  CHD
END:    65.98811888694763
-
START:  CHDN
END:    66.45550346374512
-
START:  CHE
END:    66.84977602958679
-
START:  CHGG
END:    68.12458610534668
-
START:  CHH
END:    68.5702531337738
-
START:  CHKP
END:    68.9331328868866
-
START:  CHTR
END:    69.22158432006836
-
START:  CIEN
END:    70.64349794387817
-
START:  CLAR
END:    71.01187086105347
-
START:  CLFD
END:    71.3905348777771
-
START:  CLGN
END:    72.61577248573303
-
START:  CLNE
END:    73.94924020767212
-
START:  CLPT
END:    75.25059223175049
-
START:  CLX
END:    75.69443035125732
-
START:  CMCSA
END:    76.13301301002502
-
START:  CMG
END:    77.53864049911499
-
START:  CMS
END:    78.01089549064636
-
START:  CNC
END:    78.38378429412842
-
START:  CNI
END:    78.83066153526306
-
START:  CNMD
END:    79.2425467967987
-
START:  CNS
END:    79.64433336257935
-
START:  CNXN
END:    81.09183740615845
-
START:  COO
END:    81.531662940979
-
START:  COST
END:    83.01120519638062
-
START:  COUP
Not Found: No data found, symbol may be delisted
START:  COWN
Not Found: No data found, symbol may be delisted
START:  CP
END:    84.77473735809326
-
START:  CPK
END:    85.21993780136108
-
START:  CPRT
END:    85.69504857063293
-
START:  CPSH
END:    86.04022431373596
-
START:  CRAI
END:    86.44625091552734
-
START:  CREE
Not Found: No data found, symbol may be delisted
START:  CRL
END:    87.96912932395935
-
START:  CRM
END:    88.32919216156006
-
START:  CRMT
END:    89.75914335250854
-
START:  CROX
END:    90.20284104347229
-
START:  CRSP
END:    90.45215392112732
-
START:  CRVL
END:    90.8434009552002
-
START:  CSGP
END:    91.26238298416138
-
START:  CSL
END:    92.679190158844
-
START:  CSWI
END:    92.95527911186218
-
START:  CSX
END:    93.43706250190735
-
START:  CTAS
END:    94.90280437469482
-
START:  CTLT
END:    95.18352937698364
-
START:  CTRN
END:    95.53096151351929
-
START:  CURE
END:    95.85573196411133
-
START:  CVCO
END:    99.29711246490479
-
START:  CVNA
END:    99.56108498573303
-
START:  CWST
END:    99.95355987548828
-
START:  CWT
END:    100.41898202896118
-
START:  CXSE
END:    101.75907015800476
-
START:  CYBR
END:    103.0112681388855
-
START:  CYRX
END:    103.35370993614197
-
START:  CYTK
END:    103.74913763999939
-
START:  DAC
END:    104.10719084739685
-
START:  DAR
END:    104.50645065307617
-
START:  DAVA
END:    105.73571062088013
-
START:  DDS
END:    106.2001428604126
-
START:  DE
END:    107.65121626853943
-
START:  DECK
END:    108.05495977401733
-
START:  DELL
END:    108.31528782844543
-
START:  DFIN
END:    108.56543135643005
-
START:  DG
END:    109.92405152320862
-
START:  DGRW
END:    110.24027061462402
-
START:  DHI
END:    110.67742943763733
-
START:  DHR
END:    111.11632871627808
-
START:  DIA
END:    111.58609938621521
-
START:  DIOD
END:    111.94542574882507
-
START:  DIS
END:    113.46031665802002
-
START:  DKS
END:    113.87212800979614
-
START:  DLN
END:    114.29490733146667
-
START:  DNLI
END:    114.51302337646484
-
START:  DOMO
END:    114.72488570213318
-
START:  DOV
END:    115.19504308700562
-
START:  DPZ
END:    115.6219573020935
-
START:  DQ
END:    116.95834302902222
-
START:  DRD
END:    117.34732031822205
-
START:  DRIO
END:    117.6051139831543
-
START:  DRNA
Not Found: No data found, symbol may be delisted
START:  DSGX
END:    119.1324474811554
-
START:  DVAX
END:    119.50357270240784
-
START:  DXCM
END:    119.88060903549194
-
START:  ECL
END:    121.35996723175049
-
START:  EFX
END:    121.776926279068
-
START:  EGAN
END:    122.15552806854248
-
START:  EHC
END:    122.57977032661438
-
START:  EL
END:    123.00191950798035
-
START:  ENPH
END:    124.28989219665527
-
START:  ENSG
END:    124.62206268310547
-
START:  ENTG
END:    124.98817873001099
-
START:  ENV
END:    126.30933403968811
-
START:  EPAM
END:    126.61586618423462
-
START:  ERIE
END:    127.07556962966919
-
START:  ES
END:    128.5862958431244
-
START:  ESE
END:    128.98228764533997
-
START:  ETN
END:    129.42904376983643
-
START:  ETSY
END:    129.70150542259216
-
START:  EVBG
END:    129.95484495162964
-
START:  EVTC
END:    130.2489311695099
-
START:  EW
END:    130.65480947494507
-
START:  EWT
END:    131.08327198028564
-
START:  EXAS
END:    131.47950673103333
-
START:  EXLS
END:    131.83428621292114
-
START:  EXPD
END:    132.260981798172
-
START:  EXPI
END:    132.4659104347229
-
START:  EXPO
END:    132.88432025909424
-
START:  FAST
END:    134.33344769477844
-
START:  FATE
END:    134.65034413337708
-
START:  FB
Not Found: No data found, symbol may be delisted
START:  FCN
END:    135.13985013961792
-
START:  FCX
END:    135.58028507232666
-
START:  FDN
END:    135.9292323589325
-
START:  FDS
END:    136.3852026462555
-
START:  FELE
END:    136.8312783241272
-
START:  FFIN
END:    137.2917058467865
-
START:  FICO
END:    138.7673408985138
-
START:  FINX
END:    139.0305585861206
-
START:  FIS
END:    139.47221183776855
-
START:  FISV
END:    139.60264921188354
-
START:  FIVE
END:    139.89053678512573
-
START:  FIVN
END:    140.17156195640564
-
START:  FLGT
END:    143.44886994361877
-
START:  FLT
END:    143.81774878501892
-
START:  FLWS
END:    144.19682478904724
-
START:  FN
END:    144.47655248641968
-
START:  FND
END:    145.71237349510193
-
START:  FNV
END:    146.07613468170166
-
START:  FORM
END:    146.45059633255005
-
START:  FOXF
END:    146.71205496788025
-
START:  FPX
END:    147.09777879714966
-
START:  FRC
END:    147.23689198493958
-
START:  FRHC
END:    147.45331692695618
-
START:  FRPT
END:    147.71988224983215
-
START:  FSS
END:    148.18215918540955
-
START:  FTNT
END:    148.50800704956055
-
START:  FUV
END:    148.7584753036499
-
START:  GDEN
END:    149.12707924842834
-
START:  GFI
END:    150.57442426681519
-
START:  GGG
END:    151.05104398727417
-
START:  GIB
END:    151.41667127609253
-
START:  GLDD
END:    151.75711822509766
-
START:  GLOB
END:    153.06026482582092
-
START:  GMAB
END:    154.4079556465149
-
START:  GME
END:    154.8304042816162
-
START:  GMED
END:    155.12332129478455
-
START:  GNRC
END:    155.44221138954163
-
START:  GNSS
END:    155.82776641845703
-
START:  GNTX
END:    156.2633855342865
-
START:  GOLF
END:    156.50767993927002
-
START:  GOOG
END:    156.9050669670105
-
START:  GOOGL
END:    157.31624555587769
-
START:  GPI
END:    160.7917673587799
-
START:  GPN
END:    161.2245192527771
-
START:  GRBK
END:    161.56463527679443
-
START:  GRMN
END:    162.0206356048584
-
START:  GRVY
END:    162.37592673301697
-
START:  GRWG
END:    163.61899328231812
-
START:  GWRE
END:    163.91467237472534
-
START:  HACK
END:    164.20134353637695
-
START:  HALO
END:    164.5438380241394
-
START:  HCI
END:    164.8467206954956
-
START:  HD
END:    165.30414748191833
-
START:  HEI
END:    165.7321617603302
-
START:  HELE
END:    166.09712147712708
-
START:  HIBB
END:    166.49693608283997
-
START:  HLI
END:    167.77267336845398
-
START:  HLT
END:    168.07025027275085
-
START:  HOLX
END:    168.48106813430786
-
START:  HON
END:    168.94971871376038
-
START:  HOV
END:    170.3239517211914
-
START:  HRC
Not Found: No data found, symbol may be delisted
START:  HRI
END:    170.8321452140808
-
START:  HSKA
END:    171.2042109966278
-
START:  HTHT
END:    178.77631497383118
-
START:  HUBS
END:    179.0713460445404
-
START:  HUM
END:    179.48062443733215
-
START:  HZNP
END:    179.78845882415771
-
START:  IAC
END:    180.20712447166443
-
START:  IBP
END:    180.4901897907257
-
START:  ICE
END:    180.84386897087097
-
START:  ICLN
END:    181.19367504119873
-
START:  ICLR
END:    181.58566856384277
-
START:  IDT
END:    181.99489545822144
-
START:  IDXX
END:    182.36584854125977
-
START:  IESC
END:    182.7329535484314
-
START:  IEX
END:    183.14407444000244
-
START:  ILMN
END:    183.50517344474792
-
START:  INFO
Not Found: No data found, symbol may be delisted
START:  INOV
Not Found: No data found, symbol may be delisted
START:  INSP
END:    183.96453094482422
-
START:  INTC
END:    184.39672470092773
-
START:  INTU
END:    185.85448098182678
-
START:  INTZ
END:    186.21975708007812
-
START:  INVE
END:    187.61162734031677
-
START:  IOO
END:    188.0521867275238
-
START:  IQV
END:    189.35231637954712
-
START:  IRDM
END:    189.69173169136047
-
START:  IRMD
END:    189.9713215827942
-
START:  ISEE
END:    190.31258010864258
-
START:  ISRG
END:    190.687194108963
-
START:  IT
END:    191.04756259918213
-
START:  ITT
END:    191.43417692184448
-
START:  ITW
END:    192.90355682373047
-
START:  IVOG
END:    193.2351107597351
-
START:  IVV
END:    194.67797374725342
-
START:  IXJ
END:    195.10878133773804
-
START:  IXN
END:    195.5235517024994
-
START:  J
END:    196.97032070159912
-
START:  JBL
END:    197.38929152488708
-
START:  JBSS
END:    197.7859616279602
-
START:  JD
END:    198.0312304496765
-
START:  JKHY
END:    198.47446703910828
-
START:  JKS
END:    199.8065423965454
-
START:  JNJ
END:    200.28523683547974
-
START:  JOE
END:    200.72460913658142
-
START:  JOUT
END:    201.15423583984375
-
START:  JYNT
END:    202.4569845199585
-
START:  KAI
END:    202.82112765312195
-
START:  KBH
END:    204.29119348526
-
START:  KBR
END:    205.68845105171204
-
START:  KDMN
Not Found: No data found, symbol may be delisted
START:  KEYS
END:    208.18173265457153
-
START:  KLAC
END:    209.62997126579285
-
START:  KLIC
END:    210.0387032032013
-
START:  KMX
END:    210.4018440246582
-
START:  KNSL
END:    210.67555975914001
-
START:  KOPN
END:    211.08313250541687
-
START:  KOSS
END:    212.48838663101196
-
START:  KRNT
END:    212.75743317604065
-
START:  KSU
Not Found: No data found, symbol may be delisted
START:  KTOS
END:    214.27642035484314
-
START:  LAC
END:    214.59422039985657
-
START:  LAD
END:    215.01850509643555
-
START:  LANC
END:    218.49368381500244
-
START:  LAWS
Not Found: No data found, symbol may be delisted
START:  LDOS
END:    218.99345517158508
-
START:  LFMD
END:    219.32914805412292
-
START:  LGIH
END:    219.59740900993347
-
START:  LH
END:    220.01161909103394
-
START:  LHCG
Not Found: No data found, symbol may be delisted
START:  LHX
END:    221.62216687202454
-
START:  LII
END:    222.0779480934143
-
START:  LIN
END:    222.56504893302917
-
START:  LINC
END:    222.93390345573425
-
START:  LIT
END:    223.268887758255
-
START:  LLY
END:    223.7315742969513
-
START:  LMT
END:    224.25030088424683
-
START:  LNT
END:    227.75090670585632
-
START:  LOB
END:    228.02585244178772
-
START:  LOGI
END:    228.43967962265015
-
START:  LOVE
END:    228.65041947364807
-
START:  LOW
END:    229.12043261528015
-
START:  LPLA
END:    229.48012351989746
-
START:  LPSN
END:    229.89218378067017
-
START:  LQDT
END:    230.3150134086609
-
START:  LRCX
END:    230.67717957496643
-
START:  LSCC
END:    231.06773257255554
-
START:  LSTR
END:    231.48530411720276
-
START:  LULU
END:    231.84224700927734
-
START:  LUNA
END:    232.19253206253052
-
START:  MA
END:    232.58432269096375
-
START:  MANH
END:    232.98790192604065
-
START:  MANT
Not Found: No data found, symbol may be delisted
START:  MARA
END:    235.41562628746033
-
START:  MASI
END:    236.79099583625793
-
START:  MATX
END:    237.2484691143036
-
START:  MBUU
END:    237.56728529930115
-
START:  MCD
END:    239.05309057235718
-
START:  MCHP
END:    239.44063806533813
-
START:  MCO
END:    239.883704662323
-
START:  MDB
END:    240.11230492591858
-
START:  MDT
END:    240.5536515712738
-
START:  MEDP
END:    240.78329372406006
-
START:  MEDS
END:    242.07315611839294
-
START:  MELI
END:    242.4405641555786
-
START:  MGC
END:    243.82876896858215
-
START:  MGIC
END:    244.2547309398651
-
START:  MGK
END:    244.6967532634735
-
START:  MGNI
END:    245.9805600643158
-
START:  MHO
END:    246.36676144599915
-
START:  MIME
Not Found: No data found, symbol may be delisted
START:  MITK
END:    247.87282156944275
-
START:  MKC
END:    248.33004117012024
-
START:  MKSI
END:    248.74965357780457
-
START:  MKTX
END:    249.14948272705078
-
START:  MLAB
END:    249.58423948287964
-
START:  MLR
END:    250.0137722492218
-
START:  MMC
END:    250.4846932888031
-
START:  MMS
END:    250.9141972064972
-
START:  MNMD
END:    251.14247274398804
-
START:  MNST
END:    251.5376682281494
-
START:  MODN
END:    252.83663201332092
-
START:  MODV
END:    253.23059916496277
-
START:  MOH
END:    253.6241991519928
-
START:  MORN
END:    255.05693411827087
-
START:  MPWR
END:    255.4711389541626
-
START:  MRTX
END:    255.75798344612122
-
START:  MRVL
END:    256.18497371673584
-
START:  MS
END:    257.6412904262543
-
START:  MSA
END:    258.03442192077637
-
START:  MSCI
END:    258.4721281528473
-
START:  MSEX
END:    259.98431396484375
-
START:  MSFT
END:    260.47310996055603
-
START:  MSI
END:    260.9674959182739
-
START:  MSTR
END:    261.34172654151917
-
START:  MTBC
Not Found: No data found, symbol may be delisted
START:  MTCH
END:    262.87842178344727
-
START:  MTD
END:    263.2421643733978
-
START:  MTEX
END:    263.63202238082886
-
START:  MTH
END:    264.0659878253937
-
START:  MTLS
END:    264.30851674079895
-
START:  MTSI
END:    264.6182405948639
-
START:  MU
END:    265.04609632492065
-
START:  MUSA
END:    266.4165782928467
-
START:  MVIS
END:    266.8035488128662
-
START:  MXL
END:    267.1259083747864
-
START:  MYRG
END:    267.4403028488159
-
START:  NBIX
END:    268.8646776676178
-
START:  NCBS
Not Found: No data found, symbol may be delisted
START:  NDAQ
END:    270.47388195991516
-
START:  NDSN
END:    270.9387755393982
-
START:  NEE
END:    271.42868208885193
-
START:  NEO
END:    271.85381960868835
-
START:  NEOG
END:    273.23591208457947
-
START:  NFLX
END:    273.6168828010559
-
START:  NICE
END:    274.0253269672394
-
START:  NISN
END:    274.2577838897705
-
START:  NKE
END:    274.77666425704956
-
START:  NOVT
END:    275.1674716472626
-
START:  NOW
END:    275.4627847671509
-
START:  NSC
END:    275.87460494041443
-
START:  NSIT
END:    277.27359676361084
-
START:  NSSC
END:    277.6709027290344
-
START:  NSTG
END:    278.9817600250244
-
START:  NTLA
END:    279.28286957740784
-
START:  NTRA
END:    279.5476086139679
-
START:  NUAN
Not Found: No data found, symbol may be delisted
START:  NVCR
END:    280.78060960769653
-
START:  NVDA
END:    282.21458983421326
-
START:  NVMI
END:    282.6096682548523
-
START:  NVO
END:    283.05551624298096
-
START:  NVR
END:    284.4719045162201
-
START:  NXST
END:    284.8874685764313
-
START:  NYT
END:    286.3099272251129
-
START:  OBCI
Not Found: No data found, symbol may be delisted
START:  ODFL
END:    286.93293952941895
-
START:  OEF
END:    287.3339161872864
-
START:  OFLX
END:    287.72417998313904
-
START:  OLED
END:    288.13898181915283
-
START:  OMCL
END:    288.56849360466003
-
START:  ON
END:    288.9595923423767
-
START:  OOMA
END:    289.2173557281494
-
START:  OPRX
END:    289.53929376602173
-
START:  ORA
END:    289.96984219551086
-
START:  ORCL
END:    291.36929059028625
-
START:  ORLY
END:    291.7627000808716
-
START:  ORMP
END:    292.0785000324249
-
START:  OTEX
END:    293.5309331417084
-
START:  PACB
END:    293.8159906864166
-
START:  PAG
END:    294.25763607025146
-
START:  PANW
END:    294.5555546283722
-
START:  PAR
END:    294.93347430229187
-
START:  PAYC
END:    296.23425126075745
-
START:  PAYX
END:    296.63534927368164
-
START:  PBD
END:    296.9914689064026
-
START:  PCTY
END:    298.24539518356323
-
START:  PEGA
END:    298.67504620552063
-
START:  PEN
END:    298.91663098335266
-
START:  PENN
END:    299.3169403076172
-
START:  PEP
END:    300.8348648548126
-
START:  PERI
END:    301.15060019493103
-
START:  PFSI
END:    301.4498996734619
-
START:  PGR
END:    301.8983345031738
-
START:  PH
END:    303.3915991783142
-
START:  PHM
END:    303.8353350162506
-
START:  PKI
END:    305.290602684021
-
START:  PLL
END:    305.5040545463562
-
START:  PLNT
END:    305.76587295532227
-
START:  PLUG
END:    306.1568274497986
-
START:  PLXS
END:    307.57127261161804
-
START:  PODD
END:    307.9131143093109
-
START:  POOL
END:    308.34731125831604
-
START:  POWI
END:    308.77508306503296
-
START:  PRFT
END:    309.17334938049316
-
START:  PRI
END:    309.5043592453003
-
START:  PRTA
END:    309.79278326034546
-
START:  PRTS
END:    310.12945103645325
-
START:  PTSI
END:    310.59219193458557
-
START:  PWR
END:    310.9940686225891
-
START:  PYPL
END:    312.24944949150085
-
START:  QADA
Not Found: No data found, symbol may be delisted
START:  QCLN
END:    312.78129029273987
-
START:  QDEL
END:    313.17372608184814
-
START:  QGEN
END:    314.6087837219238
-
START:  QLYS
END:    314.90160155296326
-
START:  QQQ
END:    318.353741645813
-
START:  QRVO
END:    318.59598445892334
-
START:  QTWO
END:    318.8412573337555
-
START:  RADA
Not Found: No data found, symbol may be delisted
START:  RAMP
END:    320.3569598197937
-
START:  RBA
END:    321.80846643447876
-
START:  RCII
Not Found: No data found, symbol may be delisted
START:  RCKY
END:    322.3675699234009
-
START:  RDNT
END:    322.75991559028625
-
START:  RDVT
END:    322.97480154037476
-
START:  RDWR
END:    323.36098527908325
-
START:  REGI
END:    323.63257479667664
-
START:  RENN
END:    323.94306683540344
-
START:  RGEN
END:    324.3335292339325
-
START:  RH
END:    324.61967492103577
-
START:  RILY
END:    325.96106362342834
-
START:  RIOT
END:    326.2174561023712
-
START:  RLI
END:    326.67002153396606
-
START:  RLMD
END:    326.9761095046997
-
START:  RMD
END:    327.3629832267761
-
START:  RNG
END:    327.6478810310364
-
START:  ROBO
END:    328.909720659256
-
START:  ROCK
END:    329.32497549057007
-
START:  ROK
END:    329.7459499835968
-
START:  ROKU
END:    329.9754297733307
-
START:  ROL
END:    330.42086386680603
-
START:  ROP
END:    330.8386549949646
-
START:  ROST
END:    331.2991545200348
-
START:  RPD
END:    331.565132856369
-
START:  RPM
END:    333.065306186676
-
START:  RSG
END:    333.47563672065735
-
START:  RTH
END:    333.89054560661316
-
START:  RUN
END:    334.13014674186707
-
START:  RXI
END:    334.5030679702759
-
START:  SAIA
END:    334.9216613769531
-
START:  SAIC
END:    336.2519235610962
-
START:  SAM
END:    336.71932315826416
-
START:  SAVA
END:    338.08948945999146
-
START:  SCI
END:    338.53899669647217
-
START:  SCL
END:    340.03009033203125
-
START:  SE
END:    340.24052572250366
-
START:  SEAS
END:    340.5714864730835
-
START:  SEDG
END:    341.8430836200714
-
START:  SFBS
END:    343.158066034317
-
START:  SGEN
END:    343.51026368141174
-
START:  SGMS
Not Found: No data found, symbol may be delisted
START:  SGRY
END:    344.8930928707123
-
START:  SHOP
END:    345.175500869751
-
START:  SHW
END:    345.58840322494507
-
START:  SHYF
END:    347.0519390106201
-
START:  SITE
END:    347.2839164733887
-
START:  SIVB
Not Found: No data found, symbol may be delisted
START:  SJW
END:    347.86992359161377
-
START:  SKY
END:    348.30875277519226
-
START:  SLAB
END:    348.697297334671
-
START:  SLP
END:    350.096804857254
-
START:  SMH
END:    351.53155970573425
-
START:  SMTC
END:    351.9397757053375
-
START:  SNAP
END:    352.14881205558777
-
START:  SNPS
END:    352.5543444156647
-
START:  SOCL
END:    353.95739221572876
-
START:  SOXL
END:    354.361465215683
-
START:  SPGI
END:    354.8204529285431
-
START:  SPLG
END:    355.2106535434723
-
START:  SPLK
END:    356.5457489490509
-
START:  SPNS
END:    357.00826597213745
-
START:  SPSC
END:    358.3366026878357
-
START:  SPTM
END:    358.7678771018982
-
START:  SPWH
END:    359.0902678966522
-
START:  SPWR
END:    359.45334911346436
-
START:  SPXC
END:    359.9015817642212
-
START:  SPXL
END:    360.23771572113037
-
START:  SPY
END:    360.62997579574585
-
START:  SPYG
END:    361.0084285736084
-
START:  SQ
END:    361.27318501472473
-
START:  SSD
END:    361.69820046424866
-
START:  SSNC
END:    361.9972417354584
-
START:  SSTK
END:    362.2923104763031
-
START:  STAA
END:    362.6925120353699
-
START:  STE
END:    363.0870463848114
-
START:  SUSA
END:    363.50640320777893
-
START:  SYK
END:    363.9088354110718
-
START:  SYNA
END:    367.3556225299835
-
START:  TBBK
END:    367.74215507507324
-
START:  TBK
Not Found: No data found, symbol may be delisted
START:  TDG
END:    369.2921187877655
-
START:  TDOC
END:    369.55806016921997
-
START:  TDY
END:    369.9541907310486
-
START:  TEAM
END:    370.2114772796631
-
START:  TECH
END:    370.6078290939331
-
START:  TECL
END:    370.9551610946655
-
START:  TER
END:    371.38452649116516
-
START:  TFX
END:    371.83559250831604
-
START:  TGH
END:    372.17074966430664
-
START:  TGLS
END:    372.47845005989075
-
START:  TGT
END:    372.9475607872009
-
START:  TGTX
END:    374.2725796699524
-
START:  THC
END:    374.7150242328644
-
START:  TJX
END:    376.1800796985626
-
START:  TMO
END:    377.6046245098114
-
START:  TMUS
END:    377.9375727176666
-
START:  TNDM
END:    378.23361444473267
-
START:  TNET
END:    378.5129187107086
-
START:  TPX
END:    381.96829199790955
-
START:  TREX
END:    382.38418197631836
-
START:  TRI
END:    382.81285285949707
-
START:  TRIL
Not Found: No data found, symbol may be delisted
START:  TRMB
END:    383.293630361557
-
START:  TRNS
END:    384.66146063804626
-
START:  TROW
END:    385.12681460380554
-
START:  TRU
END:    385.39925932884216
-
START:  TRUP
END:    385.6739127635956
-
START:  TSCO
END:    386.08584332466125
-
START:  TSLA
END:    386.5053746700287
-
START:  TSM
END:    386.97242522239685
-
START:  TT
END:    387.4315025806427
-
START:  TTC
END:    387.94061040878296
-
START:  TTD
END:    388.1995985507965
-
START:  TTEC
END:    388.56080436706543
-
START:  TTEK
END:    388.9647378921509
-
START:  TTGT
END:    389.31140089035034
-
START:  TTWO
END:    389.7116787433624
-
START:  TWLO
END:    389.9694426059723
-
START:  TXN
END:    390.45461916923523
-
START:  TYL
END:    391.8739495277405
-
START:  UCTT
END:    392.2434904575348
-
START:  UFPI
END:    392.67166924476624
-
START:  UFPT
END:    393.02115654945374
-
START:  UI
END:    393.33799290657043
-
START:  UMC
END:    393.8244605064392
-
START:  UNF
END:    394.34399032592773
-
START:  UNH
END:    394.78661036491394
-
START:  UNP
END:    395.26026225090027
-
START:  UPLD
END:    395.51706075668335
-
START:  URI
END:    396.9438407421112
-
START:  V
END:    397.30406951904297
-
START:  VALU
END:    397.7487156391144
-
START:  VBK
END:    398.18783354759216
-
START:  VCEL
END:    399.58387207984924
-
START:  VCR
END:    400.017276763916
-
START:  VCTR
END:    400.2484886646271
-
START:  VCYT
END:    400.52927923202515
-
START:  VDC
END:    400.93593096733093
-
START:  VEEV
END:    401.2236759662628
-
START:  VERU
END:    401.6050970554352
-
START:  VGT
END:    402.0302839279175
-
START:  VHT
END:    402.44044756889343
-
START:  VIAV
END:    402.8456492424011
-
START:  VICR
END:    403.2408857345581
-
START:  VIG
END:    403.6313519477844
-
START:  VO
END:    404.06687235832214
-
START:  VONE
END:    404.3902201652527
-
START:  VONG
END:    404.7309443950653
-
START:  VOO
END:    405.0505385398865
-
START:  VOOG
END:    405.3779602050781
-
START:  VOOV
END:    405.6988344192505
-
START:  VOT
END:    406.08003878593445
-
START:  VPU
END:    406.5110397338867
-
START:  VRNS
END:    406.78852128982544
-
START:  VRSK
END:    407.1469099521637
-
START:  VRSN
END:    408.58440685272217
-
START:  VRTV
END:    408.83746099472046
-
START:  VSTO
END:    409.0829658508301
-
START:  VTHR
END:    409.4129948616028
-
START:  VTI
END:    410.88028025627136
-
START:  VTNR
END:    411.2477078437805
-
START:  VTWG
END:    411.5915992259979
-
START:  VUG
END:    415.07948207855225
-
START:  VV
END:    415.49520921707153
-
START:  VXF
END:    415.9703176021576
-
START:  WCN
END:    416.3666031360626
-
START:  WD
END:    416.6881308555603
-
START:  WDAY
END:    416.98331785202026
-
START:  WDFC
END:    417.4221534729004
-
START:  WEC
END:    417.89820742607117
-
START:  WEN
END:    418.34511280059814
-
START:  WINA
END:    418.7440574169159
-
START:  WING
END:    419.05986309051514
-
START:  WIRE
END:    419.49395084381104
-
START:  WIX
END:    419.7730348110199
-
START:  WK
END:    420.1042022705078
-
START:  WLTW
Not Found: No data found, symbol may be delisted
START:  WM
END:    420.65961241722107
-
START:  WMS
END:    420.9483845233917
-
START:  WNS
END:    421.3016712665558
-
START:  WRB
END:    422.7690637111664
-
START:  WSC
END:    423.0261194705963
-
START:  WSM
END:    423.4976155757904
-
START:  WST
END:    424.95401525497437
-
START:  WTRG
END:    425.42171239852905
-
START:  WTS
END:    425.9235897064209
-
START:  XEL
END:    426.3851237297058
-
START:  XENE
END:    426.6570739746094
-
START:  XLK
END:    427.0819089412689
-
START:  XLNX
Not Found: No data found, symbol may be delisted
START:  XLP
END:    427.6486670970917
-
START:  XLRN
Not Found: No data found, symbol may be delisted
START:  XLU
END:    428.20296573638916
-
START:  XLV
END:    428.6335210800171
-
START:  XLY
END:    430.09685158729553
-
START:  XYL
END:    430.38078927993774
-
START:  YNDX
END:    430.6548616886139
-
START:  YORW
END:    431.0448019504547
-
START:  YUM
END:    431.4659640789032
-
START:  Z
END:    431.72881960868835
-
START:  ZBRA
END:    432.1418402194977
-
START:  ZEN
Not Found: No data found, symbol may be delisted
START:  ZLAB
END:    433.5704367160797
-
START:  ZNGA
Not Found: No data found, symbol may be delisted
START:  ZS
END:    435.0090925693512
-
START:  ZTS
END:    435.30712366104126
-
START:  ZYXI
END:    435.6880695819855
-
===========================
MACD golden cross
===========================
START:  code
START:  A
START:  AAON
START:  AAPL
START:  ABG
START:  ABT
START:  ACLS
START:  ACMR
START:  ACN
START:  ADBE
START:  ADI
START:  ADP
START:  ADSK
START:  ADUS
START:  AEE
START:  AGYS
START:  AIZ
START:  AJG
START:  AJRD
START:  ALB
START:  ALG
START:  ALGN
START:  ALLE
START:  ALTR
START:  AMAT
START:  AMBA
START:  AMD
START:  AME
START:  AMED
START:  AMEH
START:  AMGN
START:  AMN
START:  AMP
START:  AMRC
START:  AMSWA
START:  AMTX
START:  AMZN
START:  AN
START:  ANSS
START:  ANTM
START:  AON
START:  AOSL
START:  APD
START:  APH
START:  APPF
START:  APPN
START:  APPS
START:  AQN
START:  ARCB
START:  ARCT
START:  ARES
START:  ARGX
START:  ARWR
START:  ASML
START:  ASPN
START:  ATEC
START:  ATEN
START:  ATKR
START:  ATOM
START:  ATR
START:  ATRC
START:  AUDC
START:  AUPH
START:  AVAV
START:  AVGO
START:  AVID
START:  AVNW
START:  AVXL
START:  AVY
START:  AWK
START:  AWR
START:  AXON
START:  AZO
START:  AZPN
START:  BAH
START:  BAM
START:  BAX
START:  BBH
START:  BBQ
START:  BBY
START:  BCPC
START:  BDX
START:  BEEM
START:  BFAM
START:  BFC
START:  BGFV
START:  BGNE
START:  BHVN
START:  BIO
START:  BL
START:  BLD
START:  BLDP
START:  BLDR
START:  BLFS
START:  BLK
START:  BLL
START:  BLNK
START:  BMI
START:  BOOT
START:  BOTZ
START:  BR
START:  BRKR
START:  BRKS
START:  BRO
START:  BURL
START:  BX
START:  CABO
START:  CACI
START:  CALX
START:  CAMT
START:  CAR
START:  CBRE
START:  CBSH
START:  CBZ
START:  CCOI
START:  CCS
START:  CDMO
START:  CDNA
START:  CDNS
START:  CDW
START:  CELH
START:  CGNX
START:  CHD
START:  CHDN
START:  CHE
START:  CHGG
START:  CHH
START:  CHKP
START:  CHTR
START:  CIEN
START:  CLAR
START:  CLFD
START:  CLGN
START:  CLNE
START:  CLPT
START:  CLX
START:  CMCSA
START:  CMG
START:  CMS
START:  CNC
START:  CNI
START:  CNMD
START:  CNS
START:  CNXN
START:  COO
START:  COST
START:  COUP
START:  COWN
START:  CP
START:  CPK
START:  CPRT
START:  CPSH
START:  CRAI
START:  CREE
START:  CRL
START:  CRM
START:  CRMT
START:  CROX
START:  CRSP
START:  CRVL
START:  CSGP
START:  CSL
START:  CSWI
START:  CSX
START:  CTAS
START:  CTLT
START:  CTRN
START:  CURE
START:  CVCO
START:  CVNA
START:  CWST
START:  CWT
START:  CXSE
START:  CYBR
START:  CYRX
START:  CYTK
START:  DAC
START:  DAR
START:  DAVA
START:  DDS
START:  DE
START:  DECK
START:  DELL
START:  DFIN
START:  DG
START:  DGRW
START:  DHI
START:  DHR
START:  DIA
START:  DIOD
START:  DIS
START:  DKS
START:  DLN
START:  DNLI
START:  DOMO
START:  DOV
START:  DPZ
START:  DQ
START:  DRD
START:  DRIO
START:  DRNA
START:  DSGX
START:  DVAX
START:  DXCM
START:  ECL
START:  EFX
START:  EGAN
START:  EHC
START:  EL
START:  ENPH
START:  ENSG
START:  ENTG
START:  ENV
START:  EPAM
START:  ERIE
START:  ES
START:  ESE
START:  ETN
START:  ETSY
START:  EVBG
START:  EVTC
START:  EW
START:  EWT
START:  EXAS
START:  EXLS
START:  EXPD
START:  EXPI
START:  EXPO
START:  FAST
START:  FATE
START:  FB
START:  FCN
START:  FCX
START:  FDN
START:  FDS
START:  FELE
START:  FFIN
START:  FICO
START:  FINX
START:  FIS
START:  FISV
START:  FIVE
START:  FIVN
START:  FLGT
START:  FLT
START:  FLWS
START:  FN
START:  FND
START:  FNV
START:  FORM
START:  FOXF
START:  FPX
START:  FRC
START:  FRHC
START:  FRPT
START:  FSS
START:  FTNT
START:  FUV
START:  GDEN
START:  GFI
START:  GGG
START:  GIB
START:  GLDD
START:  GLOB
START:  GMAB
START:  GME
START:  GMED
START:  GNRC
START:  GNSS
START:  GNTX
START:  GOLF
START:  GOOG
START:  GOOGL
START:  GPI
START:  GPN
START:  GRBK
START:  GRMN
START:  GRVY
START:  GRWG
START:  GWRE
START:  HACK
START:  HALO
START:  HCI
START:  HD
START:  HEI
START:  HELE
START:  HIBB
START:  HLI
START:  HLT
START:  HOLX
START:  HON
START:  HOV
START:  HRC
START:  HRI
START:  HSKA
START:  HTHT
START:  HUBS
START:  HUM
START:  HZNP
START:  IAC
START:  IBP
START:  ICE
START:  ICLN
START:  ICLR
START:  IDT
START:  IDXX
START:  IESC
START:  IEX
START:  ILMN
START:  INFO
START:  INOV
START:  INSP
START:  INTC
START:  INTU
START:  INTZ
START:  INVE
START:  IOO
START:  IQV
START:  IRDM
START:  IRMD
START:  ISEE
START:  ISRG
START:  IT
START:  ITT
START:  ITW
START:  IVOG
START:  IVV
START:  IXJ
START:  IXN
START:  J
START:  JBL
START:  JBSS
START:  JD
START:  JKHY
START:  JKS
START:  JNJ
START:  JOE
START:  JOUT
START:  JYNT
START:  KAI
START:  KBH
START:  KBR
START:  KDMN
START:  KEYS
START:  KLAC
START:  KLIC
START:  KMX
START:  KNSL
START:  KOPN
START:  KOSS
START:  KRNT
START:  KSU
START:  KTOS
START:  LAC
START:  LAD
START:  LANC
START:  LAWS
START:  LDOS
START:  LFMD
START:  LGIH
START:  LH
START:  LHCG
START:  LHX
START:  LII
START:  LIN
START:  LINC
START:  LIT
START:  LLY
START:  LMT
START:  LNT
START:  LOB
START:  LOGI
START:  LOVE
START:  LOW
START:  LPLA
START:  LPSN
START:  LQDT
START:  LRCX
START:  LSCC
START:  LSTR
START:  LULU
START:  LUNA
START:  MA
START:  MANH
START:  MANT
START:  MARA
START:  MASI
START:  MATX
START:  MBUU
START:  MCD
START:  MCHP
START:  MCO
START:  MDB
START:  MDT
START:  MEDP
START:  MEDS
START:  MELI
START:  MGC
START:  MGIC
START:  MGK
START:  MGNI
START:  MHO
START:  MIME
START:  MITK
START:  MKC
START:  MKSI
START:  MKTX
START:  MLAB
START:  MLR
START:  MMC
START:  MMS
START:  MNMD
START:  MNST
START:  MODN
START:  MODV
START:  MOH
START:  MORN
START:  MPWR
START:  MRTX
START:  MRVL
START:  MS
START:  MSA
START:  MSCI
START:  MSEX
START:  MSFT
START:  MSI
START:  MSTR
START:  MTBC
START:  MTCH
START:  MTD
START:  MTEX
START:  MTH
START:  MTLS
START:  MTSI
START:  MU
START:  MUSA
START:  MVIS
START:  MXL
START:  MYRG
START:  NBIX
START:  NCBS
START:  NDAQ
START:  NDSN
START:  NEE
START:  NEO
START:  NEOG
START:  NFLX
START:  NICE
START:  NISN
START:  NKE
START:  NOVT
START:  NOW
START:  NSC
START:  NSIT
START:  NSSC
START:  NSTG
START:  NTLA
START:  NTRA
START:  NUAN
START:  NVCR
START:  NVDA
START:  NVMI
START:  NVO
START:  NVR
START:  NXST
START:  NYT
START:  OBCI
START:  ODFL
START:  OEF
START:  OFLX
START:  OLED
START:  OMCL
START:  ON
START:  OOMA
START:  OPRX
START:  ORA
START:  ORCL
START:  ORLY
START:  ORMP
START:  OTEX
START:  PACB
START:  PAG
START:  PANW
START:  PAR
START:  PAYC
START:  PAYX
START:  PBD
START:  PCTY
START:  PEGA
START:  PEN
START:  PENN
START:  PEP
START:  PERI
START:  PFSI
START:  PGR
START:  PH
START:  PHM
START:  PKI
START:  PLL
START:  PLNT
START:  PLUG
START:  PLXS
START:  PODD
START:  POOL
START:  POWI
START:  PRFT
START:  PRI
START:  PRTA
START:  PRTS
START:  PTSI
START:  PWR
START:  PYPL
START:  QADA
START:  QCLN
START:  QDEL
START:  QGEN
START:  QLYS
START:  QQQ
START:  QRVO
START:  QTWO
START:  RADA
START:  RAMP
START:  RBA
START:  RCII
START:  RCKY
START:  RDNT
START:  RDVT
START:  RDWR
START:  REGI
START:  RENN
START:  RGEN
START:  RH
START:  RILY
START:  RIOT
START:  RLI
START:  RLMD
START:  RMD
START:  RNG
START:  ROBO
START:  ROCK
START:  ROK
START:  ROKU
START:  ROL
START:  ROP
START:  ROST
START:  RPD
START:  RPM
START:  RSG
START:  RTH
START:  RUN
START:  RXI
START:  SAIA
START:  SAIC
START:  SAM
START:  SAVA
START:  SCI
START:  SCL
START:  SE
START:  SEAS
START:  SEDG
START:  SFBS
START:  SGEN
START:  SGMS
START:  SGRY
START:  SHOP
START:  SHW
START:  SHYF
START:  SITE
START:  SIVB
START:  SJW
START:  SKY
START:  SLAB
START:  SLP
START:  SMH
START:  SMTC
START:  SNAP
START:  SNPS
START:  SOCL
START:  SOXL
START:  SPGI
START:  SPLG
START:  SPLK
START:  SPNS
START:  SPSC
START:  SPTM
START:  SPWH
START:  SPWR
START:  SPXC
START:  SPXL
START:  SPY
START:  SPYG
START:  SQ
START:  SSD
START:  SSNC
START:  SSTK
START:  STAA
START:  STE
START:  SUSA
START:  SYK
START:  SYNA
START:  TBBK
START:  TBK
START:  TDG
START:  TDOC
START:  TDY
START:  TEAM
START:  TECH
START:  TECL
START:  TER
START:  TFX
START:  TGH
START:  TGLS
START:  TGT
START:  TGTX
START:  THC
START:  TJX
START:  TMO
START:  TMUS
START:  TNDM
START:  TNET
START:  TPX
START:  TREX
START:  TRI
START:  TRIL
START:  TRMB
START:  TRNS
START:  TROW
START:  TRU
START:  TRUP
START:  TSCO
START:  TSLA
START:  TSM
START:  TT
START:  TTC
START:  TTD
START:  TTEC
START:  TTEK
START:  TTGT
START:  TTWO
START:  TWLO
START:  TXN
START:  TYL
START:  UCTT
START:  UFPI
START:  UFPT
START:  UI
START:  UMC
START:  UNF
START:  UNH
START:  UNP
START:  UPLD
START:  URI
START:  V
START:  VALU
START:  VBK
START:  VCEL
START:  VCR
START:  VCTR
START:  VCYT
START:  VDC
START:  VEEV
START:  VERU
START:  VGT
START:  VHT
START:  VIAV
START:  VICR
START:  VIG
START:  VO
START:  VONE
START:  VONG
START:  VOO
START:  VOOG
START:  VOOV
START:  VOT
START:  VPU
START:  VRNS
START:  VRSK
START:  VRSN
START:  VRTV
START:  VSTO
START:  VTHR
START:  VTI
START:  VTNR
START:  VTWG
START:  VUG
START:  VV
START:  VXF
START:  WCN
START:  WD
START:  WDAY
START:  WDFC
START:  WEC
START:  WEN
START:  WINA
START:  WING
START:  WIRE
START:  WIX
START:  WK
START:  WLTW
START:  WM
START:  WMS
START:  WNS
START:  WRB
START:  WSC
START:  WSM
START:  WST
START:  WTRG
START:  WTS
START:  XEL
START:  XENE
START:  XLK
START:  XLNX
START:  XLP
START:  XLRN
START:  XLU
START:  XLV
START:  XLY
START:  XYL
START:  YNDX
START:  YORW
START:  YUM
START:  Z
START:  ZBRA
START:  ZEN
START:  ZLAB
START:  ZNGA
START:  ZS
START:  ZTS
START:  ZYXI
==== MACD golden cross ====
None
code: ABT      day: macd + hist + hist_1pre + ,  Week: macd + hist + hist_1pre - , Month: macd - hist - hist_1pre - , 
Trade --> code: ABT    BUY: 2005-10-31   20.66 SELL: 2009-04-30   20.08  macd:   -0.38 macd_count:  42 profit:  0.97
Trade --> code: ABT    BUY: 2010-02-28   26.04 SELL: 2010-05-31   22.82  macd:   -0.05 macd_count:   3 profit:  0.88
Trade --> code: ABT    BUY: 2011-06-30   25.25 SELL: 2016-05-31   39.63  macd:   -0.03 macd_count:  59 profit:  1.57
Trade --> code: ABT    BUY: 2016-07-31   44.75 SELL: 2016-10-31   39.24  macd:   -0.15 macd_count:   3 profit:  0.88
Trade --> code: ABT    BUY: 2017-03-31   44.41 SELL: 2022-10-31   98.94  macd:   -0.36 macd_count:  67 profit:  2.23

code: ALGN     day: macd + hist + hist_1pre + ,  Week: macd + hist + hist_1pre - , Month: macd - hist + hist_1pre + , 
Trade --> code: ALGN   BUY: 2006-12-31   13.97 SELL: 2008-05-31   13.17  macd:   -0.04 macd_count:  17 profit:  0.94
Trade --> code: ALGN   BUY: 2009-11-30   16.36 SELL: 2020-03-31  173.95  macd:   -1.55 macd_count: 124 profit: 10.63
Trade --> code: ALGN   BUY: 2020-06-30  274.44 SELL: 2022-06-30  236.67  macd:  -12.59 macd_count:  24 profit:  0.86

code: AON      day: macd + hist + hist_1pre + ,  Week: macd + hist + hist_1pre - , Month: macd + hist + hist_1pre - , 
Trade --> code: AON    BUY: 2005-10-31   33.85 SELL: 2009-05-31   36.00  macd:   -0.10 macd_count:  43 profit:  1.06
Trade --> code: AON    BUY: 2010-12-31   46.01 SELL: 2023-06-30  331.43  macd:   17.31 macd_count: 151 profit:  7.20

code: FND      day: macd + hist + hist_1pre + ,  Week: macd + hist + hist_1pre - , Month: macd + hist + hist_1pre + , 
Trade --> code: FND    BUY: 2019-08-31   49.22 SELL: 2022-09-30   70.26  macd:   -1.03 macd_count:  37 profit:  1.43
Trade --> code: FND    BUY: 2023-04-30   99.34 SELL: 2023-06-30   97.97  macd:    1.64 macd_count:   3 profit:  0.99

code: HEI      day: macd + hist + hist_1pre + ,  Week: macd + hist + hist_1pre - , Month: macd + hist + hist_1pre - , 
Trade --> code: HEI    BUY: 2005-10-31    4.65 SELL: 2008-11-30    6.74  macd:   -0.02 macd_count:  37 profit:  1.45
Trade --> code: HEI    BUY: 2009-12-31    9.30 SELL: 2023-06-30  173.74  macd:    9.47 macd_count: 163 profit: 18.69

code: MSTR     day: macd + hist + hist_1pre + ,  Week: macd + hist + hist_1pre - , Month: macd - hist + hist_1pre + , 
Trade --> code: MSTR   BUY: 2005-10-31   70.90 SELL: 2008-02-29   66.52  macd:   -1.64 macd_count:  28 profit:  0.94
Trade --> code: MSTR   BUY: 2009-12-31   94.02 SELL: 2012-12-31   93.38  macd:   -0.69 macd_count:  36 profit:  0.99
Trade --> code: MSTR   BUY: 2013-12-31  124.24 SELL: 2017-08-31  129.00  macd:   -1.78 macd_count:  44 profit:  1.04
Trade --> code: MSTR   BUY: 2019-11-30  150.33 SELL: 2019-12-31  142.63  macd:   -0.06 macd_count:   1 profit:  0.95
Trade --> code: MSTR   BUY: 2020-01-31  152.03 SELL: 2020-02-29  135.16  macd:   -0.17 macd_count:   1 profit:  0.89
Trade --> code: MSTR   BUY: 2020-10-31  167.07 SELL: 2022-07-31  286.06  macd:   -9.45 macd_count:  21 profit:  1.71

code: MTH      day: macd + hist + hist_1pre + ,  Week: macd + hist + hist_1pre - , Month: macd + hist + hist_1pre + , 
Trade --> code: MTH    BUY: 2005-10-31   62.27 SELL: 2006-09-30   41.61  macd:   -0.29 macd_count:  11 profit:  0.67
Trade --> code: MTH    BUY: 2011-02-28   25.81 SELL: 2011-09-30   15.14  macd:   -0.11 macd_count:   7 profit:  0.59
Trade --> code: MTH    BUY: 2011-12-31   23.19 SELL: 2015-01-31   36.41  macd:   -0.13 macd_count:  37 profit:  1.57
Trade --> code: MTH    BUY: 2015-02-28   44.51 SELL: 2015-11-30   37.31  macd:   -0.14 macd_count:   9 profit:  0.84
Trade --> code: MTH    BUY: 2017-06-30   42.20 SELL: 2018-12-31   36.72  macd:   -0.34 macd_count:  18 profit:  0.87
Trade --> code: MTH    BUY: 2019-02-28   43.85 SELL: 2022-09-30   70.27  macd:   -1.08 macd_count:  43 profit:  1.60
Trade --> code: MTH    BUY: 2023-01-31  107.69 SELL: 2023-06-30  137.06  macd:    8.49 macd_count:   6 profit:  1.27

code: NUAN     day: macd + hist + hist_1pre + ,  Week: macd + hist + hist_1pre - , Month: macd + hist - hist_1pre - , 
Trade --> code: NUAN   BUY: 2005-11-30    5.38 SELL: 2008-11-30    7.94  macd:   -0.14 macd_count:  36 profit:  1.48
Trade --> code: NUAN   BUY: 2009-12-31   13.44 SELL: 2013-05-31   16.44  macd:   -0.10 macd_count:  41 profit:  1.22
Trade --> code: NUAN   BUY: 2015-11-30   18.11 SELL: 2016-07-31   13.90  macd:   -0.05 macd_count:   8 profit:  0.77
Trade --> code: NUAN   BUY: 2017-05-31   16.01 SELL: 2017-09-30   13.60  macd:   -0.04 macd_count:   4 profit:  0.85
Trade --> code: NUAN   BUY: 2019-04-30   14.56 SELL: 2022-03-31   55.99  macd:    7.14 macd_count:  36 profit:  3.85

code: NVR      day: macd + hist + hist_1pre + ,  Week: macd + hist + hist_1pre - , Month: macd + hist + hist_1pre + , 
Trade --> code: NVR    BUY: 2005-10-31  685.50 SELL: 2006-08-31  513.65  macd:   -3.04 macd_count:  10 profit:  0.75
Trade --> code: NVR    BUY: 2007-02-28  676.85 SELL: 2007-09-30  470.25  macd:  -11.03 macd_count:   7 profit:  0.69
Trade --> code: NVR    BUY: 2009-09-30  637.37 SELL: 2023-06-30 6160.21  macd:  321.76 macd_count: 166 profit:  9.67

code: RCII     day: macd + hist + hist_1pre + ,  Week: macd + hist + hist_1pre - , Month: macd - hist + hist_1pre + , 
Trade --> code: RCII   BUY: 2006-10-31   28.76 SELL: 2007-07-31   19.41  macd:   -0.10 macd_count:   9 profit:  0.67
Trade --> code: RCII   BUY: 2010-03-31   23.65 SELL: 2014-01-31   24.94  macd:   -0.00 macd_count:  46 profit:  1.05
Trade --> code: RCII   BUY: 2018-12-31   16.19 SELL: 2022-05-31   27.54  macd:   -0.82 macd_count:  41 profit:  1.70

code: RSG      day: macd + hist + hist_1pre + ,  Week: macd + hist + hist_1pre - , Month: macd + hist - hist_1pre - , 
Trade --> code: RSG    BUY: 2005-10-31   23.57 SELL: 2008-11-30   24.00  macd:   -0.04 macd_count:  37 profit:  1.02
Trade --> code: RSG    BUY: 2010-03-31   29.02 SELL: 2012-05-31   26.36  macd:   -0.17 macd_count:  26 profit:  0.91
Trade --> code: RSG    BUY: 2013-01-31   31.89 SELL: 2023-06-30  146.53  macd:    7.08 macd_count: 126 profit:  4.59

code: SYK      day: macd + hist + hist_1pre + ,  Week: macd + hist + hist_1pre - , Month: macd + hist + hist_1pre + , 
Trade --> code: SYK    BUY: 2005-10-31   41.07 SELL: 2006-06-30   42.11  macd:   -0.08 macd_count:   8 profit:  1.03
Trade --> code: SYK    BUY: 2006-08-31   48.03 SELL: 2008-11-30   38.92  macd:   -0.66 macd_count:  27 profit:  0.81
Trade --> code: SYK    BUY: 2010-04-30   57.44 SELL: 2010-07-31   46.57  macd:   -0.19 macd_count:   3 profit:  0.81
Trade --> code: SYK    BUY: 2011-01-31   57.56 SELL: 2011-11-30   48.83  macd:   -0.15 macd_count:  10 profit:  0.85
Trade --> code: SYK    BUY: 2012-02-29   53.64 SELL: 2022-09-30  202.54  macd:   -2.16 macd_count: 127 profit:  3.78
Trade --> code: SYK    BUY: 2023-01-31  253.81 SELL: 2023-06-30  297.88  macd:   12.80 macd_count:   6 profit:  1.17

code: TDG      day: macd + hist + hist_1pre + ,  Week: macd + hist + hist_1pre - , Month: macd + hist + hist_1pre + , 
Trade --> code: TDG    BUY: 2008-07-31   36.81 SELL: 2023-06-30  850.26  macd:   52.40 macd_count: 180 profit: 23.10

code: TGLS     day: macd + hist + hist_1pre + ,  Week: macd + hist + hist_1pre - , Month: macd + hist + hist_1pre + , 
Trade --> code: TGLS   BUY: 2014-09-30   10.95 SELL: 2017-04-30   10.83  macd:   -0.06 macd_count:  31 profit:  0.99
Trade --> code: TGLS   BUY: 2021-03-31   12.02 SELL: 2023-06-30   48.28  macd:    6.33 macd_count:  28 profit:  4.02

code: TRI      day: macd + hist + hist_1pre + ,  Week: macd + hist + hist_1pre - , Month: macd + hist + hist_1pre + , 
Trade --> code: TRI    BUY: 2005-10-31   34.04 SELL: 2008-03-31   33.53  macd:   -0.43 macd_count:  29 profit:  0.99
Trade --> code: TRI    BUY: 2010-03-31   36.30 SELL: 2011-09-30   27.04  macd:   -0.23 macd_count:  18 profit:  0.74
Trade --> code: TRI    BUY: 2013-06-30   32.57 SELL: 2018-05-31   38.82  macd:   -0.22 macd_count:  59 profit:  1.19
Trade --> code: TRI    BUY: 2018-09-30   45.68 SELL: 2023-06-30  133.60  macd:    8.66 macd_count:  58 profit:  2.92

code: Z        day: macd + hist + hist_1pre + ,  Week: macd + hist + hist_1pre - , Month: macd - hist + hist_1pre + , 
Trade --> code: Z      BUY: 2017-12-31   40.92 SELL: 2019-04-30   33.40  macd:   -0.47 macd_count:  16 profit:  0.82
Trade --> code: Z      BUY: 2019-06-30   46.39 SELL: 2019-09-30   29.82  macd:   -0.65 macd_count:   3 profit:  0.64
Trade --> code: Z      BUY: 2020-01-31   46.21 SELL: 2022-02-28   57.52  macd:   -1.43 macd_count:  25 profit:  1.24

