Mon Jun 26 13:50:56 UTC 2023
arg[0]: scraping/yahoo-finace-api2.py, arg[1]: stock-code-list/buy-list.txt
===========================
scraping
===========================
START:  AAPL
END:    0.4656639099121094
-
START:  EL
END:    0.8825063705444336
-
START:  NEE
END:    1.3163018226623535
-
START:  AMD
END:    1.6674485206604004
-
START:  APH
END:    2.057760238647461
-
START:  XLP
END:    2.491722822189331
-
START:  SPXL
END:    2.808013916015625
-
START:  KEYS
END:    3.0124757289886475
-
START:  VDC
END:    3.4435434341430664
-
START:  SPTM
END:    3.8746120929718018
-
START:  SPLG
END:    4.243347883224487
-
START:  CROX
END:    4.58354115486145
-
START:  AXON
END:    5.013803720474243
-
START:  AWR
END:    5.390178442001343
-
START:  FN
END:    5.677265167236328
-
START:  NXST
END:    6.0373148918151855
-
START:  TREX
END:    6.463754177093506
-
START:  RGEN
END:    6.824715614318848
-
START:  EXPO
END:    7.205742597579956
-
START:  BCPC
END:    7.593197822570801
-
START:  SOXL
END:    7.880630970001221
-
START:  TECL
END:    8.209082841873169
-
START:  NEO
END:    8.580659627914429
-
START:  NVMI
END:    8.94241738319397
-
START:  NVDA
END:    9.326821327209473
-
START:  BBDC
END:    9.662994384765625
-
START:  APPS
END:    9.973185300827026
-
START:  ROK
END:    10.384771347045898
-
START:  NHTC
END:    10.772239685058594
-
START:  ZYXI
END:    11.096128225326538
-
START:  LIT
END:    11.393490552902222
-
START:  LLY
END:    11.862780094146729
-
START:  GTLB
END:    11.972762107849121
-
START:  MCD
END:    12.367400169372559
-
START:  MSI
END:    12.901742696762085
-
START:  HCP
END:    13.01243281364441
-
START:  ON
END:    13.37828278541565
-
===========================
MACD sell
===========================
START:  AAPL
START:  EL
START:  NEE
START:  AMD
START:  APH
START:  XLP
START:  SPXL
START:  KEYS
START:  VDC
START:  SPTM
START:  SPLG
START:  CROX
START:  AXON
START:  AWR
START:  FN
START:  NXST
START:  TREX
START:  RGEN
START:  EXPO
START:  BCPC
START:  SOXL
START:  TECL
START:  NEO
START:  NVMI
START:  NVDA
START:  BBDC
START:  APPS
START:  ROK
START:  NHTC
START:  ZYXI
START:  LIT
START:  LLY
START:  GTLB
START:  MCD
START:  MSI
START:  HCP
START:  ON
==== MACD list ====
code: AAPL     day: macd + hist + ,  Week: macd + hist + , Month: macd + hist + , 
code: EL       day: macd - hist + ,  Week: macd - hist - , Month: macd - hist - , 
code: NEE      day: macd - hist + ,  Week: macd - hist - , Month: macd + hist - , 
code: AMD      day: macd + hist - ,  Week: macd + hist - , Month: macd + hist + , 
code: APH      day: macd + hist + ,  Week: macd + hist + , Month: macd + hist - , 
code: XLP      day: macd - hist + ,  Week: macd - hist - , Month: macd + hist - , 
code: SPXL     day: macd + hist - ,  Week: macd + hist + , Month: macd - hist + , 
code: KEYS     day: macd + hist - ,  Week: macd - hist + , Month: macd + hist - , 
code: VDC      day: macd + hist + ,  Week: macd + hist - , Month: macd + hist - , 
code: SPTM     day: macd + hist - ,  Week: macd + hist + , Month: macd + hist + , 
code: SPLG     day: macd + hist - ,  Week: macd + hist + , Month: macd + hist + , 
code: CROX     day: macd - hist - ,  Week: macd - hist - , Month: macd + hist + , 
code: AXON     day: macd - hist - ,  Week: macd - hist - , Month: macd + hist + , 
code: AWR      day: macd - hist - ,  Week: macd - hist - , Month: macd + hist - , 
code: FN       day: macd + hist - ,  Week: macd + hist + , Month: macd + hist - , 
code: NXST     day: macd - hist - ,  Week: macd - hist + , Month: macd + hist - , 
code: TREX     day: macd + hist + ,  Week: macd + hist + , Month: macd - hist + , 
code: RGEN     day: macd - hist - ,  Week: macd - hist - , Month: macd - hist - , 
code: EXPO     day: macd + hist - ,  Week: macd - hist + , Month: macd + hist - , 
code: BCPC     day: macd + hist - ,  Week: macd + hist + , Month: macd + hist - , 
code: SOXL     day: macd + hist - ,  Week: macd + hist + , Month: macd - hist + , 
code: TECL     day: macd + hist - ,  Week: macd + hist + , Month: macd - hist + , 
code: NEO      day: macd - hist - ,  Week: macd + hist - , Month: macd - hist + , 
code: NVMI     day: macd + hist - ,  Week: macd + hist + , Month: macd + hist + , 
code: NVDA     day: macd + hist - ,  Week: macd + hist + , Month: macd + hist + , 
code: BBDC     day: macd - hist - ,  Week: macd - hist + , Month: macd - hist - , 
code: APPS     day: macd - hist - ,  Week: macd - hist - , Month: macd - hist - , 
code: ROK      day: macd + hist + ,  Week: macd + hist + , Month: macd + hist + , 
code: NHTC     day: macd - hist - ,  Week: macd + hist - , Month: macd - hist + , 
code: ZYXI     day: macd - hist + ,  Week: macd - hist + , Month: macd + hist - , 
code: LIT      day: macd + hist - ,  Week: macd - hist + , Month: macd - hist - , 
code: LLY      day: macd + hist - ,  Week: macd + hist + , Month: macd + hist + , 
code: GTLB     day: macd + hist - ,  Week: macd + hist + , Month: macd + hist + , 
code: MCD      day: macd + hist + ,  Week: macd + hist - , Month: macd + hist + , 
code: MSI      day: macd - hist + ,  Week: macd + hist - , Month: macd + hist + , 
code: HCP      day: macd - hist - ,  Week: macd - hist - , Month: macd + hist + , 
code: ON       day: macd + hist - ,  Week: macd + hist + , Month: macd + hist + , 
==== MACD sell list ====
code: EL       day: macd - hist + ,  Week: macd - hist - , 
code: EL       day: macd - hist + ,  Week: macd - hist - , Month: macd - hist - , 
code: NEE      day: macd - hist + ,  Week: macd - hist - , 
code: NEE      day: macd - hist + ,  Week: macd - hist - , Month: macd + hist - , 
code: AMD      day: macd + hist - , 
code: AMD      day: macd + hist - ,  Week: macd + hist - , 
code: APH      day: macd + hist + ,  Week: macd + hist + , Month: macd + hist - , 
code: XLP      day: macd - hist + ,  Week: macd - hist - , 
code: XLP      day: macd - hist + ,  Week: macd - hist - , Month: macd + hist - , 
code: SPXL     day: macd + hist - , 
code: KEYS     day: macd + hist - , 
code: KEYS     day: macd + hist - ,  Week: macd - hist + , Month: macd + hist - , 
code: VDC      day: macd + hist + ,  Week: macd + hist - , 
code: VDC      day: macd + hist + ,  Week: macd + hist - , Month: macd + hist - , 
code: SPTM     day: macd + hist - , 
code: SPLG     day: macd + hist - , 
code: CROX     day: macd - hist - , 
code: CROX     day: macd - hist - ,  Week: macd - hist - , 
code: AXON     day: macd - hist - , 
code: AXON     day: macd - hist - ,  Week: macd - hist - , 
code: AWR      day: macd - hist - , 
code: AWR      day: macd - hist - ,  Week: macd - hist - , 
code: AWR      day: macd - hist - ,  Week: macd - hist - , Month: macd + hist - , 
code: FN       day: macd + hist - , 
code: FN       day: macd + hist - ,  Week: macd + hist + , Month: macd + hist - , 
code: NXST     day: macd - hist - , 
code: NXST     day: macd - hist - ,  Week: macd - hist + , Month: macd + hist - , 
code: RGEN     day: macd - hist - , 
code: RGEN     day: macd - hist - ,  Week: macd - hist - , 
code: RGEN     day: macd - hist - ,  Week: macd - hist - , Month: macd - hist - , 
code: EXPO     day: macd + hist - , 
code: EXPO     day: macd + hist - ,  Week: macd - hist + , Month: macd + hist - , 
code: BCPC     day: macd + hist - , 
code: BCPC     day: macd + hist - ,  Week: macd + hist + , Month: macd + hist - , 
code: SOXL     day: macd + hist - , 
code: TECL     day: macd + hist - , 
code: NEO      day: macd - hist - , 
code: NEO      day: macd - hist - ,  Week: macd + hist - , 
code: NVMI     day: macd + hist - , 
code: NVDA     day: macd + hist - , 
code: BBDC     day: macd - hist - , 
code: BBDC     day: macd - hist - ,  Week: macd - hist + , Month: macd - hist - , 
code: APPS     day: macd - hist - , 
code: APPS     day: macd - hist - ,  Week: macd - hist - , 
code: APPS     day: macd - hist - ,  Week: macd - hist - , Month: macd - hist - , 
code: NHTC     day: macd - hist - , 
code: NHTC     day: macd - hist - ,  Week: macd + hist - , 
code: ZYXI     day: macd - hist + ,  Week: macd - hist + , Month: macd + hist - , 
code: LIT      day: macd + hist - , 
code: LIT      day: macd + hist - ,  Week: macd - hist + , Month: macd - hist - , 
code: LLY      day: macd + hist - , 
code: GTLB     day: macd + hist - , 
code: MCD      day: macd + hist + ,  Week: macd + hist - , 
code: MSI      day: macd - hist + ,  Week: macd + hist - , 
code: HCP      day: macd - hist - , 
code: HCP      day: macd - hist - ,  Week: macd - hist - , 
code: ON       day: macd + hist - , 
===========================
profit
===========================
==== plus ====
XLP  , macd -, macd hist +, profit:   [0.81], per:   [1.11], now:  [73.39], buy:  [72.58]
VDC  , macd +, macd hist +, profit:   [4.21], per:   [2.22], now: [193.74], buy: [189.53]
AXON , macd -, macd hist -, profit:  [50.93], per:  [36.87], now: [189.08], buy: [138.15]
FN   , macd +, macd hist -, profit:   [9.04], per:   [7.74], now:  [125.9], buy: [116.86]
NVDA , macd +, macd hist -, profit:  [169.1], per:  [66.14], now: [424.77], buy: [255.67]
ZYXI , macd -, macd hist +, profit:   [3.13], per:  [49.21], now:   [9.49], buy:   [6.36]
LLY  , macd +, macd hist -, profit: [185.84], per:  [68.58], now: [456.84], buy:   [271.]
MCD  , macd +, macd hist +, profit:  [35.26], per:  [13.91], now: [288.72], buy: [253.46]
MSI  , macd -, macd hist +, profit:  [30.48], per:  [12.12], now: [281.89], buy: [251.41]
ON   , macd +, macd hist -, profit:  [29.37], per:  [49.06], now:  [89.23], buy:  [59.86]
-
     plus  len:  10
     profit: [518.16], per: [306.96], per/len(p):   [30.7], per/len(p+m):    [8.3]
-
==== minus ====
AAPL , macd +, macd hist +, profit:       [], per:       [], now: [187.52], buy:       []
EL   , macd -, macd hist +, profit: [-147.16], per: [-43.31], now: [192.59], buy: [339.75]
NEE  , macd -, macd hist +, profit: [-11.34], per: [-13.29], now:  [73.99], buy:  [85.33]
AMD  , macd +, macd hist -, profit:    [-9.], per:  [-7.49], now: [111.23], buy: [120.23]
APH  , macd +, macd hist +, profit:       [], per:       [], now:  [80.79], buy:       []
SPXL , macd +, macd hist -, profit: [-45.39], per: [-34.86], now:  [84.83], buy: [130.23]
KEYS , macd +, macd hist -, profit: [-27.21], per: [-14.62], now: [158.85], buy: [186.06]
SPTM , macd +, macd hist -, profit:   [-3.3], per:  [-5.83], now:  [53.28], buy:  [56.58]
SPLG , macd +, macd hist -, profit:  [-2.94], per:  [-5.45], now:  [51.05], buy:  [53.99]
CROX , macd -, macd hist -, profit: [-67.68], per: [-38.15], now: [109.74], buy: [177.42]
AWR  , macd -, macd hist -, profit:       [], per:       [], now:   [85.3], buy:       []
NXST , macd -, macd hist -, profit:  [-1.56], per:  [-0.96], now: [160.94], buy:  [162.5]
TREX , macd +, macd hist +, profit:  [-8.38], per: [-11.98], now:  [61.62], buy:    [70.]
RGEN , macd -, macd hist -, profit: [-29.62], per: [-16.49], now: [150.04], buy: [179.66]
EXPO , macd +, macd hist -, profit:  [-6.96], per:  [-6.88], now:  [94.15], buy: [101.11]
BCPC , macd +, macd hist -, profit:  [-7.42], per:  [-5.41], now: [129.66], buy: [137.08]
SOXL , macd +, macd hist -, profit: [-19.15], per:  [-45.5], now:  [22.94], buy:  [42.09]
TECL , macd +, macd hist -, profit: [-10.36], per: [-17.06], now:  [50.38], buy:  [60.74]
NEO  , macd -, macd hist -, profit:  [-0.97], per:  [-5.44], now:  [16.87], buy:  [17.84]
NVMI , macd +, macd hist -, profit:  [-0.64], per:  [-0.55], now: [114.01], buy: [114.65]
BBDC , macd -, macd hist -, profit:  [-2.94], per: [-27.69], now:   [7.66], buy:   [10.6]
APPS , macd -, macd hist -, profit: [-35.61], per: [-81.54], now:   [8.06], buy:  [43.67]
ROK  , macd +, macd hist +, profit: [-23.74], per:  [-6.94], now: [318.15], buy: [341.89]
NHTC , macd -, macd hist -, profit:  [-2.02], per: [-28.17], now:   [5.15], buy:   [7.17]
LIT  , macd +, macd hist -, profit: [-28.42], per: [-30.92], now:  [63.49], buy:  [91.91]
GTLB , macd +, macd hist -, profit:  [-2.84], per:  [-5.38], now:  [49.92], buy:  [52.76]
HCP  , macd -, macd hist -, profit: [-27.82], per: [-51.23], now:  [26.48], buy:   [54.3]
-
     minus len:  27
     profit:       [], per:       [], per/len(m):       [], per/len(p+m):       []
-
==== total ====
     profit:       [], per:       [], per/len(p+m):       []
arg[0]: scraping/yahoo-finace-api2.py, arg[1]: stock-code-list/up-month.txt
===========================
scraping
===========================
START:  A
END:    0.4200565814971924
-
START:  AAON
END:    0.7624161243438721
-
START:  AAPL
END:    1.1701617240905762
-
START:  ABG
END:    1.5455026626586914
-
START:  ABT
END:    1.9974901676177979
-
START:  ACLS
END:    2.377779245376587
-
START:  ACMR
END:    2.539113759994507
-
START:  ACN
END:    2.928072452545166
-
START:  ADBE
END:    3.3156280517578125
-
START:  ADI
END:    3.7463059425354004
-
START:  ADP
END:    4.216198921203613
-
START:  ADSK
END:    4.603571653366089
-
START:  ADUS
END:    4.907557249069214
-
START:  AEE
END:    5.32083797454834
-
START:  AGYS
END:    5.689481496810913
-
START:  AIZ
END:    6.088543176651001
-
START:  AJG
END:    6.525361776351929
-
START:  AJRD
END:    6.944070339202881
-
START:  ALB
END:    7.357348442077637
-
START:  ALG
END:    7.7655932903289795
-
START:  ALGN
END:    8.141721248626709
-
START:  ALLE
END:    8.370859861373901
-
START:  ALTR
END:    8.571212768554688
-
START:  AMAT
END:    8.976900100708008
-
START:  AMBA
END:    9.238291025161743
-
START:  AMD
END:    9.608266592025757
-
START:  AME
END:    10.023454666137695
-
START:  AMED
END:    10.371284246444702
-
START:  AMEH
END:    10.661498785018921
-
START:  AMGN
END:    11.025182008743286
-
START:  AMN
END:    11.388139963150024
-
START:  AMP
END:    11.75598406791687
-
START:  AMRC
END:    12.028658390045166
-
START:  AMSWA
END:    12.40470027923584
-
START:  AMTX
END:    12.715775728225708
-
START:  AMZN
END:    13.072168350219727
-
START:  AN
END:    13.459565877914429
-
START:  ANSS
END:    13.81331992149353
-
START:  ANTM
Not Found: No data found, symbol may be delisted
START:  AON
END:    14.312518119812012
-
START:  AOSL
END:    14.589572429656982
-
START:  APD
END:    15.063011169433594
-
START:  APH
END:    15.451380968093872
-
START:  APPF
END:    15.650461435317993
-
START:  APPN
END:    15.815186023712158
-
START:  APPS
END:    16.10102677345276
-
START:  AQN
END:    16.455275058746338
-
START:  ARCB
END:    16.88162589073181
-
START:  ARCT
END:    17.137332916259766
-
START:  ARES
END:    17.35196805000305
-
START:  ARGX
END:    17.543304443359375
-
START:  ARWR
END:    17.870285034179688
-
START:  ASML
END:    18.247827529907227
-
START:  ASPN
END:    18.456675052642822
-
START:  ATEC
END:    18.764246940612793
-
START:  ATEN
END:    18.983689546585083
-
START:  ATKR
END:    19.175074100494385
-
START:  ATOM
END:    19.34616255760193
-
START:  ATR
END:    19.731494665145874
-
START:  ATRC
END:    20.0760657787323
-
START:  AUDC
END:    20.440558671951294
-
START:  AUPH
END:    20.65544843673706
-
START:  AVAV
END:    20.974146604537964
-
START:  AVGO
END:    21.27130150794983
-
START:  AVID
END:    21.636366605758667
-
START:  AVNW
END:    21.978877782821655
-
START:  AVXL
END:    22.29729199409485
-
START:  AVY
END:    22.703756093978882
-
START:  AWK
END:    23.072625637054443
-
START:  AWR
END:    23.51307964324951
-
START:  AXON
END:    23.93620467185974
-
START:  AZO
END:    24.320585012435913
-
START:  AZPN
END:    24.70952296257019
-
START:  BAH
END:    25.00087833404541
-
START:  BAM
END:    25.14739751815796
-
START:  BAX
END:    25.59079360961914
-
START:  BBH
END:    25.96271061897278
-
START:  BBQ
END:    26.30961537361145
-
START:  BBY
END:    26.71905279159546
-
START:  BCPC
END:    27.154675245285034
-
START:  BDX
END:    27.54382848739624
-
START:  BEEM
END:    27.809426307678223
-
START:  BFAM
END:    28.05583429336548
-
START:  BFC
END:    28.383454084396362
-
START:  BGFV
END:    28.762906551361084
-
START:  BGNE
END:    28.978066444396973
-
START:  BHVN
END:    29.081526041030884
-
START:  BIO
END:    29.426631689071655
-
START:  BL
END:    29.60523509979248
-
START:  BLD
END:    29.83365273475647
-
START:  BLDP
END:    30.18215560913086
-
START:  BLDR
END:    30.522944450378418
-
START:  BLFS
END:    30.848198413848877
-
START:  BLK
END:    31.255210399627686
-
START:  BLL
Not Found: No data found, symbol may be delisted
START:  BLNK
END:    31.608744382858276
-
START:  BMI
END:    31.999335765838623
-
START:  BOOT
END:    32.2243709564209
-
START:  BOTZ
END:    32.40621304512024
-
START:  BR
END:    32.76288414001465
-
START:  BRKR
END:    33.122106075286865
-
START:  BRKS
Not Found: No data found, symbol may be delisted
START:  BRO
END:    33.624475955963135
-
START:  BURL
END:    33.937257051467896
-
START:  BX
END:    34.310012340545654
-
START:  CABO
END:    34.55516195297241
-
START:  CACI
END:    34.88529944419861
-
START:  CALX
END:    35.17096924781799
-
START:  CAMT
END:    35.542742013931274
-
START:  CAR
END:    36.0098032951355
-
START:  CBRE
END:    36.33204531669617
-
START:  CBSH
END:    36.75167512893677
-
START:  CBZ
END:    37.117602825164795
-
START:  CCOI
END:    37.46736931800842
-
START:  CCS
END:    37.6838002204895
-
START:  CDMO
END:    38.04550623893738
-
START:  CDNA
END:    38.25155186653137
-
START:  CDNS
END:    38.61650037765503
-
START:  CDW
END:    38.87334942817688
-
START:  CELH
END:    39.16428732872009
-
START:  CGNX
END:    39.59105610847473
-
START:  CHD
END:    40.02223324775696
-
START:  CHDN
END:    40.414963483810425
-
START:  CHE
END:    40.939897537231445
-
START:  CHGG
END:    41.1908004283905
-
START:  CHH
END:    41.58038854598999
-
START:  CHKP
END:    41.95641088485718
-
START:  CHTR
END:    42.30562424659729
-
START:  CIEN
END:    42.66242742538452
-
START:  CLAR
END:    43.045979022979736
-
START:  CLFD
END:    43.402437686920166
-
START:  CLGN
END:    43.580456495285034
-
START:  CLNE
END:    43.86433124542236
-
START:  CLPT
END:    44.09978675842285
-
START:  CLX
END:    44.578816413879395
-
START:  CMCSA
END:    45.06640648841858
-
START:  CMG
END:    45.407503843307495
-
START:  CMS
END:    45.86505126953125
-
START:  CNC
END:    46.19533967971802
-
START:  CNI
END:    46.61938238143921
-
START:  CNMD
END:    46.97993040084839
-
START:  CNS
END:    47.36543846130371
-
START:  CNXN
END:    47.747551679611206
-
START:  COO
END:    48.147403717041016
-
START:  COST
END:    48.50824451446533
-
START:  COUP
Not Found: No data found, symbol may be delisted
START:  COWN
Not Found: No data found, symbol may be delisted
START:  CP
END:    49.14110779762268
-
START:  CPK
END:    49.525233030319214
-
START:  CPRT
END:    49.89838266372681
-
START:  CPSH
END:    50.240620374679565
-
START:  CRAI
END:    50.61370277404785
-
START:  CREE
Not Found: No data found, symbol may be delisted
START:  CRL
END:    51.08035182952881
-
START:  CRM
END:    51.44332456588745
-
START:  CRMT
END:    51.78841829299927
-
START:  CROX
END:    52.12254858016968
-
START:  CRSP
END:    52.427024602890015
-
START:  CRVL
END:    52.81848216056824
-
START:  CSGP
END:    53.16731810569763
-
START:  CSL
END:    53.611210346221924
-
START:  CSWI
END:    53.84269976615906
-
START:  CSX
END:    54.25879144668579
-
START:  CTAS
END:    54.64990735054016
-
START:  CTLT
END:    54.84394645690918
-
START:  CTRN
END:    55.21764135360718
-
START:  CURE
END:    55.504682779312134
-
START:  CVCO
END:    55.845356941223145
-
START:  CVNA
END:    56.05103874206543
-
START:  CWST
END:    56.40467143058777
-
START:  CWT
END:    56.89080214500427
-
START:  CXSE
END:    57.16267108917236
-
START:  CYBR
END:    57.370790004730225
-
START:  CYRX
END:    57.77526783943176
-
START:  CYTK
END:    58.09188413619995
-
START:  DAC
END:    58.420204162597656
-
START:  DAR
END:    58.76805758476257
-
START:  DAVA
END:    58.94319820404053
-
START:  DDS
END:    59.34399604797363
-
START:  DE
END:    59.81696534156799
-
START:  DECK
END:    60.165034770965576
-
START:  DELL
END:    60.34803295135498
-
START:  DFIN
END:    60.54069471359253
-
START:  DG
END:    60.81385397911072
-
START:  DGRW
END:    61.078136920928955
-
START:  DHI
END:    61.46402645111084
-
START:  DHR
END:    61.85156798362732
-
START:  DIA
END:    62.29043745994568
-
START:  DIOD
END:    62.65284848213196
-
START:  DIS
END:    63.080652952194214
-
START:  DKS
END:    63.44560623168945
-
START:  DLN
END:    63.853018045425415
-
START:  DNLI
END:    64.0109965801239
-
START:  DOMO
END:    64.17355346679688
-
START:  DOV
END:    64.64108681678772
-
START:  DPZ
END:    65.01169490814209
-
START:  DQ
END:    65.29939413070679
-
START:  DRD
END:    65.68467402458191
-
START:  DRIO
END:    65.89970278739929
-
START:  DRNA
Not Found: No data found, symbol may be delisted
START:  DSGX
END:    66.33431553840637
-
START:  DVAX
END:    66.66552019119263
-
START:  DXCM
END:    67.0699200630188
-
START:  ECL
END:    67.50332188606262
-
START:  EFX
END:    67.91855788230896
-
START:  EGAN
END:    68.2949914932251
-
START:  EHC
END:    68.65875244140625
-
START:  EL
END:    69.05552053451538
-
START:  ENPH
END:    69.28911137580872
-
START:  ENSG
END:    69.61287760734558
-
START:  ENTG
END:    69.96941947937012
-
START:  ENV
END:    70.22132515907288
-
START:  EPAM
END:    70.44939160346985
-
START:  ERIE
END:    70.8534460067749
-
START:  ES
END:    71.2988977432251
-
START:  ESE
END:    71.68713593482971
-
START:  ETN
END:    72.07489252090454
-
START:  ETSY
END:    72.2761070728302
-
START:  EVBG
END:    72.45109820365906
-
START:  EVTC
END:    72.70211982727051
-
START:  EW
END:    73.06907200813293
-
START:  EWT
END:    73.47577357292175
-
START:  EXAS
END:    73.84438729286194
-
START:  EXLS
END:    74.16319870948792
-
START:  EXPD
END:    74.57429146766663
-
START:  EXPI
END:    74.76014184951782
-
START:  EXPO
END:    75.16137051582336
-
START:  FAST
END:    75.6415741443634
-
START:  FATE
END:    75.8620855808258
-
START:  FB
Not Found: No data found, symbol may be delisted
START:  FCN
END:    76.32106137275696
-
START:  FCX
END:    76.72997903823853
-
START:  FDN
END:    77.02759003639221
-
START:  FDS
END:    77.42722487449646
-
START:  FELE
END:    77.84151458740234
-
START:  FFIN
END:    78.28064370155334
-
START:  FICO
END:    78.71284794807434
-
START:  FINX
END:    78.92411422729492
-
START:  FIS
END:    79.32268857955933
-
START:  FISV
END:    79.41305494308472
-
START:  FIVE
END:    79.64165544509888
-
START:  FIVN
END:    79.90871906280518
-
START:  FLGT
END:    80.08141613006592
-
START:  FLT
END:    80.33095240592957
-
START:  FLWS
END:    80.6636643409729
-
START:  FN
END:    80.91251683235168
-
START:  FND
END:    81.09151434898376
-
START:  FNV
END:    81.40968871116638
-
START:  FORM
END:    81.79453587532043
-
START:  FOXF
END:    82.01854920387268
-
START:  FPX
END:    82.35784840583801
-
START:  FRC
END:    82.45801615715027
-
START:  FRHC
END:    82.61966896057129
-
START:  FRPT
END:    82.8252899646759
-
START:  FSS
END:    83.19644927978516
-
START:  FTNT
END:    83.48150873184204
-
START:  FUV
END:    83.66729545593262
-
START:  GDEN
END:    84.01091742515564
-
START:  GFI
END:    84.42763137817383
-
START:  GGG
END:    84.83810710906982
-
START:  GIB
END:    85.15464949607849
-
START:  GLDD
END:    85.4498999118805
-
START:  GLOB
END:    85.67293214797974
-
START:  GMAB
END:    85.93339824676514
-
START:  GME
END:    86.28337216377258
-
START:  GMED
END:    86.54194235801697
-
START:  GNRC
END:    86.82819557189941
-
START:  GNSS
END:    87.1506974697113
-
START:  GNTX
END:    87.58621716499329
-
START:  GOLF
END:    87.81025075912476
-
START:  GOOG
END:    88.16409277915955
-
START:  GOOGL
END:    88.50536108016968
-
START:  GPI
END:    88.8990912437439
-
START:  GPN
END:    89.27319073677063
-
START:  GRBK
END:    89.57534885406494
-
START:  GRMN
END:    89.98574924468994
-
START:  GRVY
END:    90.32447457313538
-
START:  GRWG
END:    90.47622561454773
-
START:  GWRE
END:    90.69124102592468
-
START:  HACK
END:    90.93313837051392
-
START:  HALO
END:    91.27269506454468
-
START:  HCI
END:    91.58348035812378
-
START:  HD
END:    91.98873686790466
-
START:  HEI
END:    92.39097237586975
-
START:  HELE
END:    92.78306722640991
-
START:  HIBB
END:    93.13449740409851
-
START:  HLI
END:    93.36552858352661
-
START:  HLT
END:    93.61298942565918
-
START:  HOLX
END:    93.96283960342407
-
START:  HON
END:    94.42246079444885
-
START:  HOV
END:    94.77097535133362
-
START:  HRC
Not Found: No data found, symbol may be delisted
START:  HRI
END:    95.18299794197083
-
START:  HSKA
END:    95.55580401420593
-
START:  HTHT
END:    95.84059453010559
-
START:  HUBS
END:    96.07051658630371
-
START:  HUM
END:    96.45707392692566
-
START:  HZNP
END:    96.72213959693909
-
START:  IAC
END:    97.0837755203247
-
START:  IBP
END:    97.32244348526001
-
START:  ICE
END:    97.6720073223114
-
START:  ICLN
END:    97.9523458480835
-
START:  ICLR
END:    98.30384421348572
-
START:  IDT
END:    98.68415474891663
-
START:  IDXX
END:    99.02149033546448
-
START:  IESC
END:    99.36530470848083
-
START:  IEX
END:    99.72908878326416
-
START:  ILMN
END:    100.09317421913147
-
START:  INFO
Not Found: No data found, symbol may be delisted
START:  INOV
Not Found: No data found, symbol may be delisted
START:  INSP
END:    100.41965770721436
-
START:  INTC
END:    100.81864666938782
-
START:  INTU
END:    101.19378471374512
-
START:  INTZ
END:    101.53089427947998
-
START:  INVE
END:    101.88481855392456
-
START:  IOO
END:    102.24871611595154
-
START:  IQV
END:    102.5433759689331
-
START:  IRDM
END:    102.8521158695221
-
START:  IRMD
END:    103.37759256362915
-
START:  ISEE
END:    103.62585735321045
-
START:  ISRG
END:    103.97916603088379
-
START:  IT
END:    104.32224297523499
-
START:  ITT
END:    104.69608879089355
-
START:  ITW
END:    105.16130352020264
-
START:  IVOG
END:    105.45284152030945
-
START:  IVV
END:    105.8576443195343
-
START:  IXJ
END:    106.26537132263184
-
START:  IXN
END:    106.66949605941772
-
START:  J
END:    107.05831623077393
-
START:  JBL
END:    107.44937014579773
-
START:  JBSS
END:    107.8225200176239
-
START:  JD
END:    108.04179501533508
-
START:  JKHY
END:    108.42842030525208
-
START:  JKS
END:    108.69432806968689
-
START:  JNJ
END:    109.1638867855072
-
START:  JOE
END:    109.55742955207825
-
START:  JOUT
END:    109.95492959022522
-
START:  JYNT
END:    110.18422222137451
-
START:  KAI
END:    110.5793137550354
-
START:  KBH
END:    110.95693826675415
-
START:  KBR
END:    111.26790428161621
-
START:  KDMN
Not Found: No data found, symbol may be delisted
START:  KEYS
END:    111.59206438064575
-
START:  KLAC
END:    111.99406719207764
-
START:  KLIC
END:    112.37394189834595
-
START:  KMX
END:    112.71703553199768
-
START:  KNSL
END:    112.91106867790222
-
START:  KOPN
END:    113.24732851982117
-
START:  KOSS
END:    113.63155436515808
-
START:  KRNT
END:    113.85780048370361
-
START:  KSU
Not Found: No data found, symbol may be delisted
START:  KTOS
END:    114.2750096321106
-
START:  LAC
END:    114.57455205917358
-
START:  LAD
END:    115.02881264686584
-
START:  LANC
END:    115.44666719436646
-
START:  LAWS
Not Found: No data found, symbol may be delisted
START:  LDOS
END:    115.96698379516602
-
START:  LFMD
END:    116.27984023094177
-
START:  LGIH
END:    116.52841067314148
-
START:  LH
END:    116.91266465187073
-
START:  LHCG
Not Found: No data found, symbol may be delisted
START:  LHX
END:    117.43994736671448
-
START:  LII
END:    117.87392258644104
-
START:  LIN
END:    118.33943390846252
-
START:  LINC
END:    118.6839280128479
-
START:  LIT
END:    118.9774341583252
-
START:  LLY
END:    119.50561094284058
-
START:  LMT
END:    119.95940494537354
-
START:  LNT
END:    120.3916494846344
-
START:  LOB
END:    120.61562418937683
-
START:  LOGI
END:    121.00884222984314
-
START:  LOVE
END:    121.16083359718323
-
START:  LOW
END:    121.55222296714783
-
START:  LPLA
END:    121.84325218200684
-
START:  LPSN
END:    122.16750574111938
-
START:  LQDT
END:    122.49021553993225
-
START:  LRCX
END:    122.85557651519775
-
START:  LSCC
END:    123.22675585746765
-
START:  LSTR
END:    123.60275793075562
-
START:  LULU
END:    123.93078017234802
-
START:  LUNA
END:    124.26090884208679
-
START:  MA
END:    124.61488747596741
-
START:  MANH
END:    125.02366757392883
-
START:  MANT
Not Found: No data found, symbol may be delisted
START:  MARA
END:    125.35458493232727
-
START:  MASI
END:    125.69699788093567
-
START:  MATX
END:    126.10862684249878
-
START:  MBUU
END:    126.3578896522522
-
START:  MCD
END:    126.7881989479065
-
START:  MCHP
END:    127.23502731323242
-
START:  MCO
END:    127.68984460830688
-
START:  MDB
END:    127.9143455028534
-
START:  MDT
END:    128.30247163772583
-
START:  MEDP
END:    128.47521257400513
-
START:  MEDS
END:    128.6608521938324
-
START:  MELI
END:    128.95760226249695
-
START:  MGC
END:    129.29628491401672
-
START:  MGIC
END:    129.6781120300293
-
START:  MGK
END:    130.00131702423096
-
START:  MGNI
END:    130.21142864227295
-
START:  MHO
END:    130.555321931839
-
START:  MIME
Not Found: No data found, symbol may be delisted
START:  MITK
END:    130.96355390548706
-
START:  MKC
END:    131.42592573165894
-
START:  MKSI
END:    131.79151034355164
-
START:  MKTX
END:    132.1442255973816
-
START:  MLAB
END:    132.5707883834839
-
START:  MLR
END:    132.96346521377563
-
START:  MMC
END:    133.40206742286682
-
START:  MMS
END:    133.77712082862854
-
START:  MNMD
END:    133.95712685585022
-
START:  MNST
END:    134.34901475906372
-
START:  MODN
END:    134.5754783153534
-
START:  MODV
END:    134.94422936439514
-
START:  MOH
END:    135.32066869735718
-
START:  MORN
END:    135.68129515647888
-
START:  MPWR
END:    136.03100037574768
-
START:  MRTX
END:    136.27514958381653
-
START:  MRVL
END:    136.67976117134094
-
START:  MS
END:    137.14144563674927
-
START:  MSA
END:    137.635972738266
-
START:  MSCI
END:    137.98138213157654
-
START:  MSEX
END:    138.42904376983643
-
START:  MSFT
END:    138.82104468345642
-
START:  MSI
END:    139.28910946846008
-
START:  MSTR
END:    139.66577768325806
-
START:  MTBC
Not Found: No data found, symbol may be delisted
START:  MTCH
END:    140.14593386650085
-
START:  MTD
END:    140.4989719390869
-
START:  MTEX
END:    140.84696221351624
-
START:  MTH
END:    141.25344467163086
-
START:  MTLS
END:    141.45281434059143
-
START:  MTSI
END:    141.70937585830688
-
START:  MU
END:    142.11035633087158
-
START:  MUSA
END:    142.35757732391357
-
START:  MVIS
END:    142.76049876213074
-
START:  MXL
END:    143.0207817554474
-
START:  MYRG
END:    143.30434441566467
-
START:  NBIX
END:    143.71166110038757
-
START:  NCBS
Not Found: No data found, symbol may be delisted
START:  NDAQ
END:    144.2307538986206
-
START:  NDSN
END:    144.73876285552979
-
START:  NEE
END:    145.28421258926392
-
START:  NEO
END:    145.62138152122498
-
START:  NEOG
END:    145.99906277656555
-
START:  NFLX
END:    146.35127639770508
-
START:  NICE
END:    146.72773504257202
-
START:  NISN
END:    146.90645051002502
-
START:  NKE
END:    147.34685397148132
-
START:  NOVT
END:    147.68275094032288
-
START:  NOW
END:    147.94553017616272
-
START:  NSC
END:    148.3852458000183
-
START:  NSIT
END:    148.73674607276917
-
START:  NSSC
END:    149.11425495147705
-
START:  NSTG
END:    149.35993933677673
-
START:  NTLA
END:    149.5575716495514
-
START:  NTRA
END:    149.79578065872192
-
START:  NUAN
Not Found: No data found, symbol may be delisted
START:  NVCR
END:    150.0994794368744
-
START:  NVDA
END:    150.4504418373108
-
START:  NVMI
END:    150.8172731399536
-
START:  NVO
END:    151.20352220535278
-
START:  NVR
END:    151.54038262367249
-
START:  NXST
END:    151.93963098526
-
START:  NYT
END:    152.37130641937256
-
START:  OBCI
Not Found: No data found, symbol may be delisted
START:  ODFL
END:    152.8064215183258
-
START:  OEF
END:    153.17138123512268
-
START:  OFLX
END:    153.59020805358887
-
START:  OLED
END:    153.988299369812
-
START:  OMCL
END:    154.32221484184265
-
START:  ON
END:    154.67990159988403
-
START:  OOMA
END:    154.88378953933716
-
START:  OPRX
END:    155.19794154167175
-
START:  ORA
END:    155.52501559257507
-
START:  ORCL
END:    155.9107825756073
-
START:  ORLY
END:    156.2849190235138
-
START:  ORMP
END:    156.58895754814148
-
START:  OTEX
END:    157.0876603126526
-
START:  PACB
END:    157.36011695861816
-
START:  PAG
END:    157.75144410133362
-
START:  PANW
END:    157.98116374015808
-
START:  PAR
END:    158.38419389724731
-
START:  PAYC
END:    158.60551238059998
-
START:  PAYX
END:    159.00353980064392
-
START:  PBD
END:    159.31540942192078
-
START:  PCTY
END:    159.52322793006897
-
START:  PEGA
END:    159.9366409778595
-
START:  PEN
END:    160.13989901542664
-
START:  PENN
END:    160.4955518245697
-
START:  PEP
END:    160.95942330360413
-
START:  PERI
END:    161.28495693206787
-
START:  PFSI
END:    161.5468909740448
-
START:  PGR
END:    161.9738051891327
-
START:  PH
END:    162.44066047668457
-
START:  PHM
END:    162.85604166984558
-
START:  PKI
END:    163.2590675354004
-
START:  PLL
END:    163.43533754348755
-
START:  PLNT
END:    163.6508502960205
-
START:  PLUG
END:    164.02825045585632
-
START:  PLXS
END:    164.47508692741394
-
START:  PODD
END:    164.79482698440552
-
START:  POOL
END:    165.21955752372742
-
START:  POWI
END:    165.61210536956787
-
START:  PRFT
END:    165.9839746952057
-
START:  PRI
END:    166.2611949443817
-
START:  PRTA
END:    166.49896025657654
-
START:  PRTS
END:    166.7853388786316
-
START:  PTSI
END:    167.1499195098877
-
START:  PWR
END:    167.50298738479614
-
START:  PYPL
END:    167.7266821861267
-
START:  QADA
Not Found: No data found, symbol may be delisted
START:  QCLN
END:    168.14106130599976
-
START:  QDEL
END:    168.4876503944397
-
START:  QGEN
END:    168.90380120277405
-
START:  QLYS
END:    169.15248727798462
-
START:  QQQ
END:    169.56144309043884
-
START:  QRVO
END:    169.76953530311584
-
START:  QTWO
END:    169.97103476524353
-
START:  RADA
Not Found: No data found, symbol may be delisted
START:  RAMP
END:    170.40711045265198
-
START:  RBA
END:    170.76204323768616
-
START:  RCII
Not Found: No data found, symbol may be delisted
START:  RCKY
END:    171.28816413879395
-
START:  RDNT
END:    171.64608812332153
-
START:  RDVT
END:    171.82473421096802
-
START:  RDWR
END:    172.18261170387268
-
START:  REGI
END:    172.44814682006836
-
START:  RENN
END:    172.77950501441956
-
START:  RGEN
END:    173.14641499519348
-
START:  RH
END:    173.41359043121338
-
START:  RILY
END:    173.71535420417786
-
START:  RIOT
END:    173.9297103881836
-
START:  RLI
END:    174.34239649772644
-
START:  RLMD
END:    174.55385994911194
-
START:  RMD
END:    174.93821477890015
-
START:  RNG
END:    175.1778883934021
-
START:  ROBO
END:    175.42847800254822
-
START:  ROCK
END:    175.7952229976654
-
START:  ROK
END:    176.17413067817688
-
START:  ROKU
END:    176.35666036605835
-
START:  ROL
END:    176.7375054359436
-
START:  ROP
END:    177.17032480239868
-
START:  ROST
END:    177.5540735721588
-
START:  RPD
END:    177.77625513076782
-
START:  RPM
END:    178.16705679893494
-
START:  RSG
END:    178.6298508644104
-
START:  RTH
END:    179.00727891921997
-
START:  RUN
END:    179.26434516906738
-
START:  RXI
END:    179.61471104621887
-
START:  SAIA
END:    179.95745301246643
-
START:  SAIC
END:    180.2136673927307
-
START:  SAM
END:    180.56091976165771
-
START:  SAVA
END:    180.9503824710846
-
START:  SCI
END:    181.33626127243042
-
START:  SCL
END:    181.7490632534027
-
START:  SE
END:    181.92915320396423
-
START:  SEAS
END:    182.1773340702057
-
START:  SEDG
END:    182.41027665138245
-
START:  SFBS
END:    182.67912817001343
-
START:  SGEN
END:    183.03873324394226
-
START:  SGMS
Not Found: No data found, symbol may be delisted
START:  SGRY
END:    183.3242654800415
-
START:  SHOP
END:    183.5685338973999
-
START:  SHW
END:    183.97867918014526
-
START:  SHYF
END:    184.37936902046204
-
START:  SITE
END:    184.5984218120575
-
START:  SIVB
Not Found: No data found, symbol may be delisted
START:  SJW
END:    185.1282093524933
-
START:  SKY
END:    185.53749084472656
-
START:  SLAB
END:    185.91339111328125
-
START:  SLP
END:    186.34617686271667
-
START:  SMH
END:    186.7037377357483
-
START:  SMTC
END:    187.07682991027832
-
START:  SNAP
END:    187.2630226612091
-
START:  SNPS
END:    187.63408756256104
-
START:  SOCL
END:    187.91375494003296
-
START:  SOXL
END:    188.21852898597717
-
START:  SPGI
END:    188.65876460075378
-
START:  SPLG
END:    189.05910229682922
-
START:  SPLK
END:    189.31636905670166
-
START:  SPNS
END:    189.6812300682068
-
START:  SPSC
END:    189.95647048950195
-
START:  SPTM
END:    190.36151933670044
-
START:  SPWH
END:    190.55879259109497
-
START:  SPWR
END:    190.8779559135437
-
START:  SPXC
END:    191.286634683609
-
START:  SPXL
END:    191.59084153175354
-
START:  SPY
END:    191.9939227104187
-
START:  SPYG
END:    192.36477065086365
-
START:  SQ
END:    192.62520122528076
-
START:  SSD
END:    193.03741097450256
-
START:  SSNC
END:    193.3380570411682
-
START:  SSTK
END:    193.559321641922
-
START:  STAA
END:    193.97744250297546
-
START:  STE
END:    194.4038484096527
-
START:  SUSA
END:    194.79203605651855
-
START:  SYK
END:    195.25233244895935
-
START:  SYNA
END:    195.59809756278992
-
START:  TBBK
END:    195.94697785377502
-
START:  TBK
Not Found: No data found, symbol may be delisted
START:  TDG
END:    196.3613052368164
-
START:  TDOC
END:    196.57347869873047
-
START:  TDY
END:    196.917156457901
-
START:  TEAM
END:    197.10693073272705
-
START:  TECH
END:    197.54825568199158
-
START:  TECL
END:    197.89609456062317
-
START:  TER
END:    198.2633137702942
-
START:  TFX
END:    198.65164041519165
-
START:  TGH
END:    198.9761941432953
-
START:  TGLS
END:    199.23665976524353
-
START:  TGT
END:    199.70227766036987
-
START:  TGTX
END:    199.951269865036
-
START:  THC
END:    200.30504035949707
-
START:  TJX
END:    200.7229335308075
-
START:  TMO
END:    201.09054565429688
-
START:  TMUS
END:    201.41393303871155
-
START:  TNDM
END:    201.64682602882385
-
START:  TNET
END:    201.8785035610199
-
START:  TPX
END:    202.25485038757324
-
START:  TREX
END:    202.617577791214
-
START:  TRI
END:    203.04495239257812
-
START:  TRIL
Not Found: No data found, symbol may be delisted
START:  TRMB
END:    203.49364304542542
-
START:  TRNS
END:    203.81615138053894
-
START:  TROW
END:    204.21841526031494
-
START:  TRU
END:    204.4376995563507
-
START:  TRUP
END:    204.65135955810547
-
START:  TSCO
END:    205.0284698009491
-
START:  TSLA
END:    205.3307545185089
-
START:  TSM
END:    205.71894526481628
-
START:  TT
END:    206.1299500465393
-
START:  TTC
END:    206.54954195022583
-
START:  TTD
END:    206.7197825908661
-
START:  TTEC
END:    207.06294202804565
-
START:  TTEK
END:    207.4395833015442
-
START:  TTGT
END:    207.74307131767273
-
START:  TTWO
END:    208.19117212295532
-
START:  TWLO
END:    208.41247391700745
-
START:  TXN
END:    208.86369848251343
-
START:  TYL
END:    209.23380184173584
-
START:  UCTT
END:    209.57387113571167
-
START:  UFPI
END:    209.94130325317383
-
START:  UFPT
END:    210.2768850326538
-
START:  UI
END:    210.5648694038391
-
START:  UMC
END:    210.92607712745667
-
START:  UNF
END:    211.3776295185089
-
START:  UNH
END:    211.8675844669342
-
START:  UNP
END:    212.26668429374695
-
START:  UPLD
END:    212.52764987945557
-
START:  URI
END:    212.89737343788147
-
START:  V
END:    213.21190452575684
-
START:  VALU
END:    213.60024499893188
-
START:  VBK
END:    214.06373119354248
-
START:  VCEL
END:    214.41044402122498
-
START:  VCR
END:    214.82390308380127
-
START:  VCTR
END:    214.98298168182373
-
START:  VCYT
END:    215.27561283111572
-
START:  VDC
END:    215.64435458183289
-
START:  VEEV
END:    215.86940550804138
-
START:  VERU
END:    216.1986243724823
-
START:  VGT
END:    216.58279395103455
-
START:  VHT
END:    216.95134115219116
-
START:  VIAV
END:    217.3399224281311
-
START:  VICR
END:    217.68981957435608
-
START:  VIG
END:    218.07255268096924
-
START:  VO
END:    218.43343424797058
-
START:  VONE
END:    218.71776866912842
-
START:  VONG
END:    218.9896218776703
-
START:  VOO
END:    219.2709197998047
-
START:  VOOG
END:    219.5458960533142
-
START:  VOOV
END:    219.90326166152954
-
START:  VOT
END:    220.23325634002686
-
START:  VPU
END:    220.57504773139954
-
START:  VRNS
END:    220.81886959075928
-
START:  VRSK
END:    221.11659955978394
-
START:  VRSN
END:    221.46964502334595
-
START:  VRTV
END:    221.67726397514343
-
START:  VSTO
END:    221.89765334129333
-
START:  VTHR
END:    222.18007802963257
-
START:  VTI
END:    222.58794736862183
-
START:  VTNR
END:    222.9867808818817
-
START:  VTWG
END:    223.28391456604004
-
START:  VUG
END:    223.70243120193481
-
START:  VV
END:    224.0933051109314
-
START:  VXF
END:    224.46069312095642
-
START:  WCN
END:    224.84000730514526
-
START:  WD
END:    225.11655712127686
-
START:  WDAY
END:    225.37317371368408
-
START:  WDFC
END:    225.76401925086975
-
START:  WEC
END:    226.21728825569153
-
START:  WEN
END:    226.61565613746643
-
START:  WINA
END:    227.01387667655945
-
START:  WING
END:    227.24815964698792
-
START:  WIRE
END:    227.6512017250061
-
START:  WIX
END:    227.8749806880951
-
START:  WK
END:    228.10321164131165
-
START:  WLTW
Not Found: No data found, symbol may be delisted
START:  WM
END:    228.59359622001648
-
START:  WMS
END:    228.83903121948242
-
START:  WNS
END:    229.13747453689575
-
START:  WRB
END:    229.55514693260193
-
START:  WSC
END:    229.73528409004211
-
START:  WSM
END:    230.14459443092346
-
START:  WST
END:    230.5547034740448
-
START:  WTRG
END:    230.99573755264282
-
START:  WTS
END:    231.430091381073
-
START:  XEL
END:    231.84601759910583
-
START:  XENE
END:    232.08260011672974
-
START:  XLK
END:    232.53854990005493
-
START:  XLNX
Not Found: No data found, symbol may be delisted
START:  XLP
END:    233.0969181060791
-
START:  XLRN
Not Found: No data found, symbol may be delisted
START:  XLU
END:    233.5881052017212
-
START:  XLV
END:    234.00055384635925
-
START:  XLY
END:    234.40614104270935
-
START:  XYL
END:    234.68857526779175
-
START:  YNDX
END:    234.94846081733704
-
START:  YORW
END:    235.37680292129517
-
START:  YUM
END:    235.7879512310028
-
START:  Z
END:    236.06402778625488
-
START:  ZBRA
END:    236.4162516593933
-
START:  ZEN
Not Found: No data found, symbol may be delisted
START:  ZLAB
END:    236.68360924720764
-
START:  ZNGA
Not Found: No data found, symbol may be delisted
START:  ZS
END:    236.9814636707306
-
START:  ZTS
END:    237.23989915847778
-
START:  ZYXI
END:    237.62025594711304
-
===========================
MACD golden cross
===========================
START:  code
START:  A
START:  AAON
START:  AAPL
START:  ABG
START:  ABT
START:  ACLS
START:  ACMR
START:  ACN
START:  ADBE
START:  ADI
START:  ADP
START:  ADSK
START:  ADUS
START:  AEE
START:  AGYS
START:  AIZ
START:  AJG
START:  AJRD
START:  ALB
START:  ALG
START:  ALGN
START:  ALLE
START:  ALTR
START:  AMAT
START:  AMBA
START:  AMD
START:  AME
START:  AMED
START:  AMEH
START:  AMGN
START:  AMN
START:  AMP
START:  AMRC
START:  AMSWA
START:  AMTX
START:  AMZN
START:  AN
START:  ANSS
START:  ANTM
START:  AON
START:  AOSL
START:  APD
START:  APH
START:  APPF
START:  APPN
START:  APPS
START:  AQN
START:  ARCB
START:  ARCT
START:  ARES
START:  ARGX
START:  ARWR
START:  ASML
START:  ASPN
START:  ATEC
START:  ATEN
START:  ATKR
START:  ATOM
START:  ATR
START:  ATRC
START:  AUDC
START:  AUPH
START:  AVAV
START:  AVGO
START:  AVID
START:  AVNW
START:  AVXL
START:  AVY
START:  AWK
START:  AWR
START:  AXON
START:  AZO
START:  AZPN
START:  BAH
START:  BAM
START:  BAX
START:  BBH
START:  BBQ
START:  BBY
START:  BCPC
START:  BDX
START:  BEEM
START:  BFAM
START:  BFC
START:  BGFV
START:  BGNE
START:  BHVN
START:  BIO
START:  BL
START:  BLD
START:  BLDP
START:  BLDR
START:  BLFS
START:  BLK
START:  BLL
START:  BLNK
START:  BMI
START:  BOOT
START:  BOTZ
START:  BR
START:  BRKR
START:  BRKS
START:  BRO
START:  BURL
START:  BX
START:  CABO
START:  CACI
START:  CALX
START:  CAMT
START:  CAR
START:  CBRE
START:  CBSH
START:  CBZ
START:  CCOI
START:  CCS
START:  CDMO
START:  CDNA
START:  CDNS
START:  CDW
START:  CELH
START:  CGNX
START:  CHD
START:  CHDN
START:  CHE
START:  CHGG
START:  CHH
START:  CHKP
START:  CHTR
START:  CIEN
START:  CLAR
START:  CLFD
START:  CLGN
START:  CLNE
START:  CLPT
START:  CLX
START:  CMCSA
START:  CMG
START:  CMS
START:  CNC
START:  CNI
START:  CNMD
START:  CNS
START:  CNXN
START:  COO
START:  COST
START:  COUP
START:  COWN
START:  CP
START:  CPK
START:  CPRT
START:  CPSH
START:  CRAI
START:  CREE
START:  CRL
START:  CRM
START:  CRMT
START:  CROX
START:  CRSP
START:  CRVL
START:  CSGP
START:  CSL
START:  CSWI
START:  CSX
START:  CTAS
START:  CTLT
START:  CTRN
START:  CURE
START:  CVCO
START:  CVNA
START:  CWST
START:  CWT
START:  CXSE
START:  CYBR
START:  CYRX
START:  CYTK
START:  DAC
START:  DAR
START:  DAVA
START:  DDS
START:  DE
START:  DECK
START:  DELL
START:  DFIN
START:  DG
START:  DGRW
START:  DHI
START:  DHR
START:  DIA
START:  DIOD
START:  DIS
START:  DKS
START:  DLN
START:  DNLI
START:  DOMO
START:  DOV
START:  DPZ
START:  DQ
START:  DRD
START:  DRIO
START:  DRNA
START:  DSGX
START:  DVAX
START:  DXCM
START:  ECL
START:  EFX
START:  EGAN
START:  EHC
START:  EL
START:  ENPH
START:  ENSG
START:  ENTG
START:  ENV
START:  EPAM
START:  ERIE
START:  ES
START:  ESE
START:  ETN
START:  ETSY
START:  EVBG
START:  EVTC
START:  EW
START:  EWT
START:  EXAS
START:  EXLS
START:  EXPD
START:  EXPI
START:  EXPO
START:  FAST
START:  FATE
START:  FB
START:  FCN
START:  FCX
START:  FDN
START:  FDS
START:  FELE
START:  FFIN
START:  FICO
START:  FINX
START:  FIS
START:  FISV
START:  FIVE
START:  FIVN
START:  FLGT
START:  FLT
START:  FLWS
START:  FN
START:  FND
START:  FNV
START:  FORM
START:  FOXF
START:  FPX
START:  FRC
START:  FRHC
START:  FRPT
START:  FSS
START:  FTNT
START:  FUV
START:  GDEN
START:  GFI
START:  GGG
START:  GIB
START:  GLDD
START:  GLOB
START:  GMAB
START:  GME
START:  GMED
START:  GNRC
START:  GNSS
START:  GNTX
START:  GOLF
START:  GOOG
START:  GOOGL
START:  GPI
START:  GPN
START:  GRBK
START:  GRMN
START:  GRVY
START:  GRWG
START:  GWRE
START:  HACK
START:  HALO
START:  HCI
START:  HD
START:  HEI
START:  HELE
START:  HIBB
START:  HLI
START:  HLT
START:  HOLX
START:  HON
START:  HOV
START:  HRC
START:  HRI
START:  HSKA
START:  HTHT
START:  HUBS
START:  HUM
START:  HZNP
START:  IAC
START:  IBP
START:  ICE
START:  ICLN
START:  ICLR
START:  IDT
START:  IDXX
START:  IESC
START:  IEX
START:  ILMN
START:  INFO
START:  INOV
START:  INSP
START:  INTC
START:  INTU
START:  INTZ
START:  INVE
START:  IOO
START:  IQV
START:  IRDM
START:  IRMD
START:  ISEE
START:  ISRG
START:  IT
START:  ITT
START:  ITW
START:  IVOG
START:  IVV
START:  IXJ
START:  IXN
START:  J
START:  JBL
START:  JBSS
START:  JD
START:  JKHY
START:  JKS
START:  JNJ
START:  JOE
START:  JOUT
START:  JYNT
START:  KAI
START:  KBH
START:  KBR
START:  KDMN
START:  KEYS
START:  KLAC
START:  KLIC
START:  KMX
START:  KNSL
START:  KOPN
START:  KOSS
START:  KRNT
START:  KSU
START:  KTOS
START:  LAC
START:  LAD
START:  LANC
START:  LAWS
START:  LDOS
START:  LFMD
START:  LGIH
START:  LH
START:  LHCG
START:  LHX
START:  LII
START:  LIN
START:  LINC
START:  LIT
START:  LLY
START:  LMT
START:  LNT
START:  LOB
START:  LOGI
START:  LOVE
START:  LOW
START:  LPLA
START:  LPSN
START:  LQDT
START:  LRCX
START:  LSCC
START:  LSTR
START:  LULU
START:  LUNA
START:  MA
START:  MANH
START:  MANT
START:  MARA
START:  MASI
START:  MATX
START:  MBUU
START:  MCD
START:  MCHP
START:  MCO
START:  MDB
START:  MDT
START:  MEDP
START:  MEDS
START:  MELI
START:  MGC
START:  MGIC
START:  MGK
START:  MGNI
START:  MHO
START:  MIME
START:  MITK
START:  MKC
START:  MKSI
START:  MKTX
START:  MLAB
START:  MLR
START:  MMC
START:  MMS
START:  MNMD
START:  MNST
START:  MODN
START:  MODV
START:  MOH
START:  MORN
START:  MPWR
START:  MRTX
START:  MRVL
START:  MS
START:  MSA
START:  MSCI
START:  MSEX
START:  MSFT
START:  MSI
START:  MSTR
START:  MTBC
START:  MTCH
START:  MTD
START:  MTEX
START:  MTH
START:  MTLS
START:  MTSI
START:  MU
START:  MUSA
START:  MVIS
START:  MXL
START:  MYRG
START:  NBIX
START:  NCBS
START:  NDAQ
START:  NDSN
START:  NEE
START:  NEO
START:  NEOG
START:  NFLX
START:  NICE
START:  NISN
START:  NKE
START:  NOVT
START:  NOW
START:  NSC
START:  NSIT
START:  NSSC
START:  NSTG
START:  NTLA
START:  NTRA
START:  NUAN
START:  NVCR
START:  NVDA
START:  NVMI
START:  NVO
START:  NVR
START:  NXST
START:  NYT
START:  OBCI
START:  ODFL
START:  OEF
START:  OFLX
START:  OLED
START:  OMCL
START:  ON
START:  OOMA
START:  OPRX
START:  ORA
START:  ORCL
START:  ORLY
START:  ORMP
START:  OTEX
START:  PACB
START:  PAG
START:  PANW
START:  PAR
START:  PAYC
START:  PAYX
START:  PBD
START:  PCTY
START:  PEGA
START:  PEN
START:  PENN
START:  PEP
START:  PERI
START:  PFSI
START:  PGR
START:  PH
START:  PHM
START:  PKI
START:  PLL
START:  PLNT
START:  PLUG
START:  PLXS
START:  PODD
START:  POOL
START:  POWI
START:  PRFT
START:  PRI
START:  PRTA
START:  PRTS
START:  PTSI
START:  PWR
START:  PYPL
START:  QADA
START:  QCLN
START:  QDEL
START:  QGEN
START:  QLYS
START:  QQQ
START:  QRVO
START:  QTWO
START:  RADA
START:  RAMP
START:  RBA
START:  RCII
START:  RCKY
START:  RDNT
START:  RDVT
START:  RDWR
START:  REGI
START:  RENN
START:  RGEN
START:  RH
START:  RILY
START:  RIOT
START:  RLI
START:  RLMD
START:  RMD
START:  RNG
START:  ROBO
START:  ROCK
START:  ROK
START:  ROKU
START:  ROL
START:  ROP
START:  ROST
START:  RPD
START:  RPM
START:  RSG
START:  RTH
START:  RUN
START:  RXI
START:  SAIA
START:  SAIC
START:  SAM
START:  SAVA
START:  SCI
START:  SCL
START:  SE
START:  SEAS
START:  SEDG
START:  SFBS
START:  SGEN
START:  SGMS
START:  SGRY
START:  SHOP
START:  SHW
START:  SHYF
START:  SITE
START:  SIVB
START:  SJW
START:  SKY
START:  SLAB
START:  SLP
START:  SMH
START:  SMTC
START:  SNAP
START:  SNPS
START:  SOCL
START:  SOXL
START:  SPGI
START:  SPLG
START:  SPLK
START:  SPNS
START:  SPSC
START:  SPTM
START:  SPWH
START:  SPWR
START:  SPXC
START:  SPXL
START:  SPY
START:  SPYG
START:  SQ
START:  SSD
START:  SSNC
START:  SSTK
START:  STAA
START:  STE
START:  SUSA
START:  SYK
START:  SYNA
START:  TBBK
START:  TBK
START:  TDG
START:  TDOC
START:  TDY
START:  TEAM
START:  TECH
START:  TECL
START:  TER
START:  TFX
START:  TGH
START:  TGLS
START:  TGT
START:  TGTX
START:  THC
START:  TJX
START:  TMO
START:  TMUS
START:  TNDM
START:  TNET
START:  TPX
START:  TREX
START:  TRI
START:  TRIL
START:  TRMB
START:  TRNS
START:  TROW
START:  TRU
START:  TRUP
START:  TSCO
START:  TSLA
START:  TSM
START:  TT
START:  TTC
START:  TTD
START:  TTEC
START:  TTEK
START:  TTGT
START:  TTWO
START:  TWLO
START:  TXN
START:  TYL
START:  UCTT
START:  UFPI
START:  UFPT
START:  UI
START:  UMC
START:  UNF
START:  UNH
START:  UNP
START:  UPLD
START:  URI
START:  V
START:  VALU
START:  VBK
START:  VCEL
START:  VCR
START:  VCTR
START:  VCYT
START:  VDC
START:  VEEV
START:  VERU
START:  VGT
START:  VHT
START:  VIAV
START:  VICR
START:  VIG
START:  VO
START:  VONE
START:  VONG
START:  VOO
START:  VOOG
START:  VOOV
START:  VOT
START:  VPU
START:  VRNS
START:  VRSK
START:  VRSN
START:  VRTV
START:  VSTO
START:  VTHR
START:  VTI
START:  VTNR
START:  VTWG
START:  VUG
START:  VV
START:  VXF
START:  WCN
START:  WD
START:  WDAY
START:  WDFC
START:  WEC
START:  WEN
START:  WINA
START:  WING
START:  WIRE
START:  WIX
START:  WK
START:  WLTW
START:  WM
START:  WMS
START:  WNS
START:  WRB
START:  WSC
START:  WSM
START:  WST
START:  WTRG
START:  WTS
START:  XEL
START:  XENE
START:  XLK
START:  XLNX
START:  XLP
START:  XLRN
START:  XLU
START:  XLV
START:  XLY
START:  XYL
START:  YNDX
START:  YORW
START:  YUM
START:  Z
START:  ZBRA
START:  ZEN
START:  ZLAB
START:  ZNGA
START:  ZS
START:  ZTS
START:  ZYXI
==== MACD golden cross ====
None
code: ADI      day: macd + hist + hist_1pre + ,  Week: macd + hist + hist_1pre - , Month: macd + hist + hist_1pre + , 
Trade --> code: ADI    BUY: 2010-04-30   29.93 SELL: 2023-06-30  188.82  macd:    8.86 macd_count: 159 profit:  6.31

code: ATEC     day: macd + hist + hist_1pre + ,  Week: macd + hist + hist_1pre - , Month: macd + hist + hist_1pre + , 
Trade --> code: ATEC   BUY: 2009-11-30   54.48 SELL: 2010-09-30   25.56  macd:   -0.85 macd_count:  10 profit:  0.47
Trade --> code: ATEC   BUY: 2019-08-31    5.23 SELL: 2022-07-31    7.54  macd:   -0.17 macd_count:  35 profit:  1.44
Trade --> code: ATEC   BUY: 2022-12-31   12.35 SELL: 2023-06-30   16.97  macd:    1.30 macd_count:   7 profit:  1.37

code: CP       day: macd + hist + hist_1pre + ,  Week: macd + hist + hist_1pre - , Month: macd + hist - hist_1pre - , 
Trade --> code: CP     BUY: 2005-11-30    8.63 SELL: 2008-11-30    6.44  macd:   -0.32 macd_count:  36 profit:  0.75
Trade --> code: CP     BUY: 2010-04-30   11.77 SELL: 2015-12-31   25.52  macd:   -0.29 macd_count:  68 profit:  2.17
Trade --> code: CP     BUY: 2017-05-31   31.65 SELL: 2023-06-30   80.20  macd:    2.88 macd_count:  74 profit:  2.53

code: FIVE     day: macd + hist + hist_1pre + ,  Week: macd + hist + hist_1pre - , Month: macd + hist + hist_1pre + , 
Trade --> code: FIVE   BUY: 2014-11-30   46.66 SELL: 2015-04-30   33.72  macd:   -0.26 macd_count:   5 profit:  0.72
Trade --> code: FIVE   BUY: 2016-04-30   41.70 SELL: 2022-07-31  127.07  macd:   -1.50 macd_count:  75 profit:  3.05
Trade --> code: FIVE   BUY: 2023-01-31  197.13 SELL: 2023-06-30  199.95  macd:    9.32 macd_count:   6 profit:  1.01

code: NUAN     day: macd + hist + hist_1pre + ,  Week: macd + hist + hist_1pre - , Month: macd + hist - hist_1pre - , 
Trade --> code: NUAN   BUY: 2005-11-30    5.38 SELL: 2008-11-30    7.94  macd:   -0.14 macd_count:  36 profit:  1.48
Trade --> code: NUAN   BUY: 2009-12-31   13.44 SELL: 2013-05-31   16.44  macd:   -0.10 macd_count:  41 profit:  1.22
Trade --> code: NUAN   BUY: 2015-11-30   18.11 SELL: 2016-07-31   13.90  macd:   -0.05 macd_count:   8 profit:  0.77
Trade --> code: NUAN   BUY: 2017-05-31   16.01 SELL: 2017-09-30   13.60  macd:   -0.04 macd_count:   4 profit:  0.85
Trade --> code: NUAN   BUY: 2019-04-30   14.56 SELL: 2022-03-31   55.99  macd:    7.14 macd_count:  36 profit:  3.85

code: RCII     day: macd + hist + hist_1pre + ,  Week: macd + hist + hist_1pre - , Month: macd - hist + hist_1pre + , 
Trade --> code: RCII   BUY: 2006-10-31   28.76 SELL: 2007-07-31   19.41  macd:   -0.10 macd_count:   9 profit:  0.67
Trade --> code: RCII   BUY: 2010-03-31   23.65 SELL: 2014-01-31   24.94  macd:   -0.00 macd_count:  46 profit:  1.05
Trade --> code: RCII   BUY: 2018-12-31   16.19 SELL: 2022-05-31   27.54  macd:   -0.82 macd_count:  41 profit:  1.70

code: TPX      day: macd + hist + hist_1pre + ,  Week: macd + hist + hist_1pre - , Month: macd + hist + hist_1pre + , 
Trade --> code: TPX    BUY: 2006-09-30    4.29 SELL: 2008-04-30    2.78  macd:   -0.10 macd_count:  19 profit:  0.65
Trade --> code: TPX    BUY: 2009-11-30    5.39 SELL: 2012-09-30    7.47  macd:   -0.30 macd_count:  34 profit:  1.39
Trade --> code: TPX    BUY: 2013-12-31   13.49 SELL: 2017-01-31   10.75  macd:   -0.09 macd_count:  37 profit:  0.80
Trade --> code: TPX    BUY: 2017-12-31   15.67 SELL: 2018-02-28   12.36  macd:   -0.13 macd_count:   2 profit:  0.79
Trade --> code: TPX    BUY: 2019-05-31   15.95 SELL: 2022-08-31   25.01  macd:   -0.16 macd_count:  39 profit:  1.57
Trade --> code: TPX    BUY: 2023-01-31   40.75 SELL: 2023-06-30   38.47  macd:    1.86 macd_count:   6 profit:  0.94

code: VSTO     day: macd + hist - hist_1pre - ,  Week: macd + hist + hist_1pre - , Month: macd - hist - hist_1pre - , 
Trade --> code: VSTO   BUY: 2020-09-30   20.18 SELL: 2022-12-31   24.37  macd:   -0.18 macd_count:  27 profit:  1.21

code: WIRE     day: macd + hist - hist_1pre - ,  Week: macd + hist + hist_1pre - , Month: macd + hist + hist_1pre + , 
Trade --> code: WIRE   BUY: 2005-11-30   23.81 SELL: 2007-11-30   17.10  macd:   -0.27 macd_count:  24 profit:  0.72
Trade --> code: WIRE   BUY: 2010-12-31   25.08 SELL: 2015-02-28   37.29  macd:   -0.00 macd_count:  50 profit:  1.49
Trade --> code: WIRE   BUY: 2015-04-30   45.01 SELL: 2015-08-31   32.47  macd:   -0.35 macd_count:   4 profit:  0.72
Trade --> code: WIRE   BUY: 2015-11-30   43.67 SELL: 2015-12-31   37.09  macd:   -0.15 macd_count:   1 profit:  0.85
Trade --> code: WIRE   BUY: 2016-12-31   43.35 SELL: 2020-04-30   45.78  macd:   -0.02 macd_count:  40 profit:  1.06
Trade --> code: WIRE   BUY: 2020-12-31   60.57 SELL: 2023-06-30  176.96  macd:   20.30 macd_count:  31 profit:  2.92

