Sun Aug  6 13:49:43 UTC 2023
arg[0]: scraping/yahoo-finace-api2.py, arg[1]: stock-code-list/buy-list.txt
===========================
scraping
===========================
START:  AAPL
END:    0.39034175872802734
-
START:  EL
END:    0.7325725555419922
-
START:  NEE
END:    1.1832327842712402
-
START:  AMD
END:    1.46574068069458
-
START:  APH
END:    1.8430182933807373
-
START:  XLP
END:    2.134481906890869
-
START:  SPXL
END:    2.4026310443878174
-
START:  KEYS
END:    2.5932962894439697
-
START:  VDC
END:    2.9014101028442383
-
START:  SPTM
END:    3.2287843227386475
-
START:  SPLG
END:    3.5398004055023193
-
START:  CROX
END:    3.8135838508605957
-
START:  AXON
END:    4.122775316238403
-
START:  AWR
END:    4.450191020965576
-
START:  FN
END:    4.665814399719238
-
START:  NXST
END:    4.953093767166138
-
START:  TREX
END:    5.237683534622192
-
START:  RGEN
END:    5.512286901473999
-
START:  EXPO
END:    5.826974868774414
-
START:  BCPC
END:    6.1649792194366455
-
START:  SOXL
END:    6.432110786437988
-
START:  TECL
END:    6.692200183868408
-
START:  NEO
END:    7.991152286529541
-
START:  NVMI
END:    8.274428606033325
-
START:  NVDA
END:    8.578095436096191
-
START:  BBDC
END:    9.897230625152588
-
START:  APPS
END:    10.139660120010376
-
START:  ROK
END:    11.51854157447815
-
START:  NHTC
END:    11.802213907241821
-
START:  ZYXI
END:    12.120606422424316
-
START:  LIT
END:    13.374890804290771
-
START:  LLY
END:    14.759420394897461
-
START:  GTLB
END:    14.862310647964478
-
START:  MCD
END:    15.298884630203247
-
START:  MSI
END:    15.675362348556519
-
START:  HCP
END:    15.800992727279663
-
START:  ON
END:    16.084046840667725
-
===========================
MACD sell
===========================
START:  AAPL
START:  EL
START:  NEE
START:  AMD
START:  APH
START:  XLP
START:  SPXL
START:  KEYS
START:  VDC
START:  SPTM
START:  SPLG
START:  CROX
START:  AXON
START:  AWR
START:  FN
START:  NXST
START:  TREX
START:  RGEN
START:  EXPO
START:  BCPC
START:  SOXL
START:  TECL
START:  NEO
START:  NVMI
START:  NVDA
START:  BBDC
START:  APPS
START:  ROK
START:  NHTC
START:  ZYXI
START:  LIT
START:  LLY
START:  GTLB
START:  MCD
START:  MSI
START:  HCP
START:  ON
==== MACD list ====
code: AAPL     day: macd + hist - ,  Week: macd + hist - , Month: macd + hist + , 
code: EL       day: macd - hist - ,  Week: macd - hist - , Month: macd - hist - , 
code: NEE      day: macd - hist - ,  Week: macd - hist - , Month: macd - hist - , 
code: AMD      day: macd - hist + ,  Week: macd + hist - , Month: macd + hist + , 
code: APH      day: macd + hist + ,  Week: macd + hist + , Month: macd + hist + , 
code: XLP      day: macd + hist - ,  Week: macd + hist + , Month: macd + hist - , 
code: SPXL     day: macd + hist - ,  Week: macd + hist + , Month: macd + hist + , 
code: KEYS     day: macd - hist - ,  Week: macd + hist - , Month: macd + hist - , 
code: VDC      day: macd + hist - ,  Week: macd + hist + , Month: macd + hist - , 
code: SPTM     day: macd + hist - ,  Week: macd + hist + , Month: macd + hist + , 
code: SPLG     day: macd + hist - ,  Week: macd + hist + , Month: macd + hist + , 
code: CROX     day: macd - hist - ,  Week: macd - hist - , Month: macd + hist - , 
code: AXON     day: macd - hist - ,  Week: macd - hist - , Month: macd + hist - , 
code: AWR      day: macd - hist - ,  Week: macd - hist + , Month: macd + hist - , 
code: FN       day: macd - hist - ,  Week: macd + hist + , Month: macd + hist - , 
code: NXST     day: macd + hist - ,  Week: macd + hist + , Month: macd + hist - , 
code: TREX     day: macd + hist + ,  Week: macd + hist + , Month: macd - hist + , 
code: RGEN     day: macd + hist + ,  Week: macd - hist + , Month: macd - hist - , 
code: EXPO     day: macd - hist - ,  Week: macd - hist - , Month: macd - hist - , 
code: BCPC     day: macd + hist + ,  Week: macd + hist + , Month: macd + hist - , 
code: SOXL     day: macd + hist - ,  Week: macd + hist + , Month: macd - hist + , 
code: TECL     day: macd + hist - ,  Week: macd + hist - , Month: macd + hist + , 
code: NEO      day: macd - hist - ,  Week: macd + hist - , Month: macd - hist + , 
code: NVMI     day: macd + hist + ,  Week: macd + hist + , Month: macd + hist + , 
code: NVDA     day: macd + hist - ,  Week: macd + hist - , Month: macd + hist + , 
code: BBDC     day: macd + hist + ,  Week: macd + hist + , Month: macd - hist - , 
code: APPS     day: macd + hist - ,  Week: macd - hist + , Month: macd - hist - , 
code: ROK      day: macd - hist - ,  Week: macd + hist - , Month: macd + hist + , 
code: NHTC     day: macd + hist + ,  Week: macd + hist + , Month: macd - hist + , 
code: ZYXI     day: macd - hist - ,  Week: macd - hist + , Month: macd - hist - , 
code: LIT      day: macd - hist - ,  Week: macd + hist - , Month: macd - hist - , 
code: LLY      day: macd + hist - ,  Week: macd + hist - , Month: macd + hist + , 
code: GTLB     day: macd - hist - ,  Week: macd + hist + , Month: macd + hist + , 
code: MCD      day: macd - hist - ,  Week: macd + hist - , Month: macd + hist + , 
code: MSI      day: macd - hist - ,  Week: macd + hist - , Month: macd + hist + , 
code: HCP      day: macd + hist + ,  Week: macd - hist + , Month: macd + hist + , 
code: ON       day: macd + hist - ,  Week: macd + hist + , Month: macd + hist + , 
==== MACD sell list ====
code: AAPL     day: macd + hist - , 
code: AAPL     day: macd + hist - ,  Week: macd + hist - , 
code: EL       day: macd - hist - , 
code: EL       day: macd - hist - ,  Week: macd - hist - , 
code: EL       day: macd - hist - ,  Week: macd - hist - , Month: macd - hist - , 
code: NEE      day: macd - hist - , 
code: NEE      day: macd - hist - ,  Week: macd - hist - , 
code: NEE      day: macd - hist - ,  Week: macd - hist - , Month: macd - hist - , 
code: AMD      day: macd - hist + ,  Week: macd + hist - , 
code: XLP      day: macd + hist - , 
code: XLP      day: macd + hist - ,  Week: macd + hist + , Month: macd + hist - , 
code: SPXL     day: macd + hist - , 
code: KEYS     day: macd - hist - , 
code: KEYS     day: macd - hist - ,  Week: macd + hist - , 
code: KEYS     day: macd - hist - ,  Week: macd + hist - , Month: macd + hist - , 
code: VDC      day: macd + hist - , 
code: VDC      day: macd + hist - ,  Week: macd + hist + , Month: macd + hist - , 
code: SPTM     day: macd + hist - , 
code: SPLG     day: macd + hist - , 
code: CROX     day: macd - hist - , 
code: CROX     day: macd - hist - ,  Week: macd - hist - , 
code: CROX     day: macd - hist - ,  Week: macd - hist - , Month: macd + hist - , 
code: AXON     day: macd - hist - , 
code: AXON     day: macd - hist - ,  Week: macd - hist - , 
code: AXON     day: macd - hist - ,  Week: macd - hist - , Month: macd + hist - , 
code: AWR      day: macd - hist - , 
code: AWR      day: macd - hist - ,  Week: macd - hist + , Month: macd + hist - , 
code: FN       day: macd - hist - , 
code: FN       day: macd - hist - ,  Week: macd + hist + , Month: macd + hist - , 
code: NXST     day: macd + hist - , 
code: NXST     day: macd + hist - ,  Week: macd + hist + , Month: macd + hist - , 
code: RGEN     day: macd + hist + ,  Week: macd - hist + , Month: macd - hist - , 
code: EXPO     day: macd - hist - , 
code: EXPO     day: macd - hist - ,  Week: macd - hist - , 
code: EXPO     day: macd - hist - ,  Week: macd - hist - , Month: macd - hist - , 
code: BCPC     day: macd + hist + ,  Week: macd + hist + , Month: macd + hist - , 
code: SOXL     day: macd + hist - , 
code: TECL     day: macd + hist - , 
code: TECL     day: macd + hist - ,  Week: macd + hist - , 
code: NEO      day: macd - hist - , 
code: NEO      day: macd - hist - ,  Week: macd + hist - , 
code: NVDA     day: macd + hist - , 
code: NVDA     day: macd + hist - ,  Week: macd + hist - , 
code: BBDC     day: macd + hist + ,  Week: macd + hist + , Month: macd - hist - , 
code: APPS     day: macd + hist - , 
code: APPS     day: macd + hist - ,  Week: macd - hist + , Month: macd - hist - , 
code: ROK      day: macd - hist - , 
code: ROK      day: macd - hist - ,  Week: macd + hist - , 
code: ZYXI     day: macd - hist - , 
code: ZYXI     day: macd - hist - ,  Week: macd - hist + , Month: macd - hist - , 
code: LIT      day: macd - hist - , 
code: LIT      day: macd - hist - ,  Week: macd + hist - , 
code: LIT      day: macd - hist - ,  Week: macd + hist - , Month: macd - hist - , 
code: LLY      day: macd + hist - , 
code: LLY      day: macd + hist - ,  Week: macd + hist - , 
code: GTLB     day: macd - hist - , 
code: MCD      day: macd - hist - , 
code: MCD      day: macd - hist - ,  Week: macd + hist - , 
code: MSI      day: macd - hist - , 
code: MSI      day: macd - hist - ,  Week: macd + hist - , 
code: ON       day: macd + hist - , 
===========================
profit
===========================
==== plus ====
XLP  , macd +, macd hist -, profit:   [2.07], per:   [2.85], now:  [74.65], buy:  [72.58]
VDC  , macd +, macd hist -, profit:   [6.76], per:   [3.57], now: [196.29], buy: [189.53]
AXON , macd -, macd hist -, profit:  [42.71], per:  [30.92], now: [180.86], buy: [138.15]
FN   , macd -, macd hist -, profit:   [9.55], per:   [8.17], now: [126.41], buy: [116.86]
NXST , macd +, macd hist -, profit:  [19.23], per:  [11.83], now: [181.73], buy:  [162.5]
TREX , macd +, macd hist +, profit:   [2.56], per:   [3.66], now:  [72.56], buy:    [70.]
NVMI , macd +, macd hist +, profit:   [4.14], per:   [3.61], now: [118.79], buy: [114.65]
NVDA , macd +, macd hist -, profit: [191.13], per:  [74.76], now:  [446.8], buy: [255.67]
ZYXI , macd -, macd hist -, profit:   [1.97], per:  [30.97], now:   [8.33], buy:   [6.36]
LLY  , macd +, macd hist -, profit: [178.49], per:  [65.86], now: [449.49], buy:   [271.]
MCD  , macd -, macd hist -, profit:  [33.56], per:  [13.24], now: [287.02], buy: [253.46]
MSI  , macd -, macd hist -, profit:  [27.44], per:  [10.91], now: [278.85], buy: [251.41]
ON   , macd +, macd hist -, profit:  [42.45], per:  [70.92], now: [102.31], buy:  [59.86]
-
     plus  len:  13
     profit: [562.06], per: [331.27], per/len(p):  [25.48], per/len(p+m):   [8.95]
-
==== minus ====
AAPL , macd +, macd hist -, profit:       [], per:       [], now: [181.99], buy:       []
EL   , macd -, macd hist -, profit: [-169.09], per: [-49.77], now: [170.66], buy: [339.75]
NEE  , macd -, macd hist -, profit: [-16.16], per: [-18.94], now:  [69.17], buy:  [85.33]
AMD  , macd -, macd hist +, profit:  [-4.41], per:  [-3.67], now: [115.82], buy: [120.23]
APH  , macd +, macd hist +, profit:       [], per:       [], now:   [87.3], buy:       []
SPXL , macd +, macd hist -, profit: [-39.33], per:  [-30.2], now:   [90.9], buy: [130.23]
KEYS , macd -, macd hist -, profit: [-27.35], per:  [-14.7], now: [158.71], buy: [186.06]
SPTM , macd +, macd hist -, profit:  [-1.57], per:  [-2.77], now:  [55.01], buy:  [56.58]
SPLG , macd +, macd hist -, profit:  [-1.44], per:  [-2.67], now:  [52.55], buy:  [53.99]
CROX , macd -, macd hist -, profit: [-71.51], per: [-40.31], now: [105.91], buy: [177.42]
AWR  , macd -, macd hist -, profit:       [], per:       [], now:  [85.99], buy:       []
RGEN , macd +, macd hist +, profit:  [-6.83], per:   [-3.8], now: [172.83], buy: [179.66]
EXPO , macd -, macd hist -, profit: [-12.91], per: [-12.77], now:   [88.2], buy: [101.11]
BCPC , macd +, macd hist +, profit:   [-2.7], per:  [-1.97], now: [134.38], buy: [137.08]
SOXL , macd +, macd hist -, profit: [-17.21], per: [-40.89], now:  [24.88], buy:  [42.09]
TECL , macd +, macd hist -, profit: [-10.19], per: [-16.78], now:  [50.55], buy:  [60.74]
NEO  , macd -, macd hist -, profit:  [-1.92], per: [-10.76], now:  [15.92], buy:  [17.84]
BBDC , macd +, macd hist +, profit:  [-2.17], per: [-20.47], now:   [8.43], buy:   [10.6]
APPS , macd +, macd hist -, profit:  [-33.3], per: [-76.25], now:  [10.37], buy:  [43.67]
ROK  , macd -, macd hist -, profit: [-43.07], per:  [-12.6], now: [298.82], buy: [341.89]
NHTC , macd +, macd hist +, profit:  [-1.33], per: [-18.55], now:   [5.84], buy:   [7.17]
LIT  , macd -, macd hist -, profit: [-28.31], per:  [-30.8], now:   [63.6], buy:  [91.91]
GTLB , macd -, macd hist -, profit:  [-5.19], per:  [-9.84], now:  [47.57], buy:  [52.76]
HCP  , macd +, macd hist +, profit: [-25.06], per: [-46.15], now:  [29.24], buy:   [54.3]
-
     minus len:  24
     profit:       [], per:       [], per/len(m):       [], per/len(p+m):       []
-
==== total ====
     profit:       [], per:       [], per/len(p+m):       []
arg[0]: scraping/yahoo-finace-api2.py, arg[1]: stock-code-list/up-month.txt
===========================
scraping
===========================
START:  A
END:    0.32741260528564453
-
START:  AAON
END:    0.6364679336547852
-
START:  AAPL
END:    0.9605159759521484
-
START:  ABG
END:    1.2311012744903564
-
START:  ABT
END:    1.592327356338501
-
START:  ACLS
END:    1.8959264755249023
-
START:  ACMR
END:    2.0212457180023193
-
START:  ACN
END:    2.3627896308898926
-
START:  ADBE
END:    2.6701481342315674
-
START:  ADI
END:    2.9765775203704834
-
START:  ADP
END:    3.313972234725952
-
START:  ADSK
END:    3.6323325634002686
-
START:  ADUS
END:    3.9844613075256348
-
START:  AEE
END:    4.318171977996826
-
START:  AGYS
END:    4.613671779632568
-
START:  AIZ
END:    4.900601148605347
-
START:  AJG
END:    5.209404230117798
-
START:  AJRD
END:    6.596559762954712
-
START:  ALB
END:    7.941361427307129
-
START:  ALG
END:    8.282377243041992
-
START:  ALGN
END:    8.576857328414917
-
START:  ALLE
END:    8.773533582687378
-
START:  ALTR
END:    8.934962034225464
-
START:  AMAT
END:    10.272995948791504
-
START:  AMBA
END:    10.510209798812866
-
START:  AMD
END:    10.792218685150146
-
START:  AME
END:    11.131109476089478
-
START:  AMED
END:    11.403456449508667
-
START:  AMEH
END:    11.609105825424194
-
START:  AMGN
END:    11.917394876480103
-
START:  AMN
END:    12.197091579437256
-
START:  AMP
END:    13.527133464813232
-
START:  AMRC
END:    14.776658296585083
-
START:  AMSWA
END:    15.204578638076782
-
START:  AMTX
END:    15.453314542770386
-
START:  AMZN
END:    15.755662679672241
-
START:  AN
END:    16.052062511444092
-
START:  ANSS
END:    16.3307626247406
-
START:  ANTM
Not Found: No data found, symbol may be delisted
START:  AON
END:    17.732002019882202
-
START:  AOSL
END:    17.93694806098938
-
START:  APD
END:    18.306230545043945
-
START:  APH
END:    18.613680839538574
-
START:  APPF
END:    18.809295892715454
-
START:  APPN
END:    18.93981409072876
-
START:  APPS
END:    20.201062440872192
-
START:  AQN
END:    21.447871685028076
-
START:  ARCB
END:    22.807344436645508
-
START:  ARCT
END:    23.0132896900177
-
START:  ARES
END:    23.211761951446533
-
START:  ARGX
END:    24.39814043045044
-
START:  ARWR
END:    24.6757333278656
-
START:  ASML
END:    24.977649450302124
-
START:  ASPN
END:    25.152278423309326
-
START:  ATEC
END:    25.40699791908264
-
START:  ATEN
END:    26.61562442779541
-
START:  ATKR
END:    26.769080638885498
-
START:  ATOM
END:    26.90939497947693
-
START:  ATR
END:    27.24606990814209
-
START:  ATRC
END:    28.53707504272461
-
START:  AUDC
END:    29.839763164520264
-
START:  AUPH
END:    30.010902881622314
-
START:  AVAV
END:    30.239816427230835
-
START:  AVGO
END:    30.48458766937256
-
START:  AVID
END:    31.76242470741272
-
START:  AVNW
END:    32.06992769241333
-
START:  AVXL
END:    32.31233334541321
-
START:  AVY
END:    33.70437216758728
-
START:  AWK
END:    33.98205757141113
-
START:  AWR
END:    35.34765839576721
-
START:  AXON
END:    36.635863065719604
-
START:  AZO
END:    36.93557047843933
-
START:  AZPN
END:    37.21658229827881
-
START:  BAH
END:    37.43102478981018
-
START:  BAM
END:    38.544400215148926
-
START:  BAX
END:    38.91154170036316
-
START:  BBH
END:    39.22577977180481
-
START:  BBQ
END:    40.53789925575256
-
START:  BBY
END:    40.85636806488037
-
START:  BCPC
END:    42.22799777984619
-
START:  BDX
END:    43.572333574295044
-
START:  BEEM
END:    43.780028104782104
-
START:  BFAM
END:    43.973928928375244
-
START:  BFC
END:    44.26823306083679
-
START:  BGFV
END:    44.60442042350769
-
START:  BGNE
END:    44.77552032470703
-
START:  BHVN
END:    44.856147050857544
-
START:  BIO
END:    46.16744041442871
-
START:  BL
END:    46.33711218833923
-
START:  BLD
END:    47.521536111831665
-
START:  BLDP
END:    48.86916923522949
-
START:  BLDR
END:    49.12346649169922
-
START:  BLFS
END:    49.3867084980011
-
START:  BLK
END:    52.709601640701294
-
START:  BLL
Not Found: No data found, symbol may be delisted
START:  BLNK
END:    53.02224254608154
-
START:  BMI
END:    53.382251501083374
-
START:  BOOT
END:    54.55722260475159
-
START:  BOTZ
END:    55.74595880508423
-
START:  BR
END:    56.00798773765564
-
START:  BRKR
END:    56.29576349258423
-
START:  BRKS
Not Found: No data found, symbol may be delisted
START:  BRO
END:    56.666807889938354
-
START:  BURL
END:    56.85808229446411
-
START:  BX
END:    57.13017916679382
-
START:  CABO
END:    57.29946303367615
-
START:  CACI
END:    57.585578203201294
-
START:  CALX
END:    57.79168677330017
-
START:  CAMT
END:    58.06216597557068
-
START:  CAR
END:    58.376091718673706
-
START:  CBRE
END:    59.66227054595947
-
START:  CBSH
END:    60.01853036880493
-
START:  CBZ
END:    60.28960347175598
-
START:  CCOI
END:    60.629923582077026
-
START:  CCS
END:    60.816707611083984
-
START:  CDMO
END:    61.09422469139099
-
START:  CDNA
END:    61.27996325492859
-
START:  CDNS
END:    62.56530165672302
-
START:  CDW
END:    62.773529052734375
-
START:  CELH
END:    62.999735593795776
-
START:  CGNX
END:    63.3150680065155
-
START:  CHD
END:    63.646668434143066
-
START:  CHDN
END:    63.98111343383789
-
START:  CHE
END:    64.29747200012207
-
START:  CHGG
END:    64.49756145477295
-
START:  CHH
END:    64.80086326599121
-
START:  CHKP
END:    65.09095120429993
-
START:  CHTR
END:    65.31366157531738
-
START:  CIEN
END:    66.62129974365234
-
START:  CLAR
END:    66.88774132728577
-
START:  CLFD
END:    67.20702505111694
-
START:  CLGN
END:    67.32710385322571
-
START:  CLNE
END:    67.56372404098511
-
START:  CLPT
END:    67.74015140533447
-
START:  CLX
END:    69.12102794647217
-
START:  CMCSA
END:    69.46933627128601
-
START:  CMG
END:    69.73182511329651
-
START:  CMS
END:    71.10539937019348
-
START:  CNC
END:    71.4330039024353
-
START:  CNI
END:    71.77544403076172
-
START:  CNMD
END:    73.10604071617126
-
START:  CNS
END:    74.42264676094055
-
START:  CNXN
END:    74.70609974861145
-
START:  COO
END:    76.05432057380676
-
START:  COST
END:    76.3425726890564
-
START:  COUP
Not Found: No data found, symbol may be delisted
START:  COWN
Not Found: No data found, symbol may be delisted
START:  CP
END:    77.8501558303833
-
START:  CPK
END:    78.18209290504456
-
START:  CPRT
END:    78.48672771453857
-
START:  CPSH
END:    79.77084159851074
-
START:  CRAI
END:    80.07505512237549
-
START:  CREE
Not Found: No data found, symbol may be delisted
START:  CRL
END:    81.44631242752075
-
START:  CRM
END:    82.80312395095825
-
START:  CRMT
END:    84.07468056678772
-
START:  CROX
END:    84.31240797042847
-
START:  CRSP
END:    84.45308899879456
-
START:  CRVL
END:    84.79576444625854
-
START:  CSGP
END:    86.10425305366516
-
START:  CSL
END:    86.44160795211792
-
START:  CSWI
END:    86.65673923492432
-
START:  CSX
END:    88.01426672935486
-
START:  CTAS
END:    88.34680843353271
-
START:  CTLT
END:    88.50537776947021
-
START:  CTRN
END:    88.78576445579529
-
START:  CURE
END:    89.01009559631348
-
START:  CVCO
END:    89.29315233230591
-
START:  CVNA
END:    90.46453666687012
-
START:  CWST
END:    90.75392460823059
-
START:  CWT
END:    91.11429238319397
-
START:  CXSE
END:    91.30741715431213
-
START:  CYBR
END:    91.50711798667908
-
START:  CYRX
END:    91.74352169036865
-
START:  CYTK
END:    93.05272483825684
-
START:  DAC
END:    93.30737376213074
-
START:  DAR
END:    93.58465361595154
-
START:  DAVA
END:    93.71624064445496
-
START:  DDS
END:    97.05585241317749
-
START:  DE
END:    97.41173362731934
-
START:  DECK
END:    97.7194766998291
-
START:  DELL
END:    97.89624118804932
-
START:  DFIN
END:    98.0472719669342
-
START:  DG
END:    98.25555467605591
-
START:  DGRW
END:    98.45227551460266
-
START:  DHI
END:    98.77336049079895
-
START:  DHR
END:    99.14250993728638
-
START:  DIA
END:    100.5084400177002
-
START:  DIOD
END:    100.77351522445679
-
START:  DIS
END:    101.16054916381836
-
START:  DKS
END:    101.47882771492004
-
START:  DLN
END:    101.74792432785034
-
START:  DNLI
END:    101.88087677955627
-
START:  DOMO
END:    102.0465657711029
-
START:  DOV
END:    102.41255950927734
-
START:  DPZ
END:    102.71839737892151
-
START:  DQ
END:    103.95811128616333
-
START:  DRD
END:    104.26586389541626
-
START:  DRIO
END:    104.4056568145752
-
START:  DRNA
Not Found: No data found, symbol may be delisted
START:  DSGX
END:    104.74206566810608
-
START:  DVAX
END:    105.00515675544739
-
START:  DXCM
END:    105.33755254745483
-
START:  ECL
END:    105.68579578399658
-
START:  EFX
END:    107.03236055374146
-
START:  EGAN
END:    108.32530403137207
-
START:  EHC
END:    108.62983703613281
-
START:  EL
END:    108.939777135849
-
START:  ENPH
END:    109.14308333396912
-
START:  ENSG
END:    109.40224957466125
-
START:  ENTG
END:    110.74861979484558
-
START:  ENV
END:    110.96360421180725
-
START:  EPAM
END:    111.14930963516235
-
START:  ERIE
END:    111.48022532463074
-
START:  ES
END:    111.83361196517944
-
START:  ESE
END:    112.1349048614502
-
START:  ETN
END:    112.50307726860046
-
START:  ETSY
END:    112.68240070343018
-
START:  EVBG
END:    112.84876132011414
-
START:  EVTC
END:    113.05284142494202
-
START:  EW
END:    113.3270435333252
-
START:  EWT
END:    113.61880350112915
-
START:  EXAS
END:    113.8813898563385
-
START:  EXLS
END:    115.19612860679626
-
START:  EXPD
END:    115.52091193199158
-
START:  EXPI
END:    115.64791703224182
-
START:  EXPO
END:    115.96060037612915
-
START:  FAST
END:    117.29092669487
-
START:  FATE
END:    117.52473020553589
-
START:  FB
Not Found: No data found, symbol may be delisted
START:  FCN
END:    118.91184902191162
-
START:  FCX
END:    120.28791856765747
-
START:  FDN
END:    120.54221606254578
-
START:  FDS
END:    120.87256002426147
-
START:  FELE
END:    121.20379543304443
-
START:  FFIN
END:    121.54204225540161
-
START:  FICO
END:    121.85993242263794
-
START:  FINX
END:    122.0127203464508
-
START:  FIS
END:    122.35669183731079
-
START:  FISV
END:    122.43144941329956
-
START:  FIVE
END:    122.61387705802917
-
START:  FIVN
END:    123.81949472427368
-
START:  FLGT
END:    123.97368001937866
-
START:  FLT
END:    124.17199778556824
-
START:  FLWS
END:    124.4361002445221
-
START:  FN
END:    124.64119291305542
-
START:  FND
END:    124.78344559669495
-
START:  FNV
END:    125.08865213394165
-
START:  FORM
END:    125.35936522483826
-
START:  FOXF
END:    125.54446911811829
-
START:  FPX
END:    125.81905031204224
-
START:  FRC
Not Found: No data found, symbol may be delisted
START:  FRHC
END:    127.09636759757996
-
START:  FRPT
END:    127.24742937088013
-
START:  FSS
END:    127.55908989906311
-
START:  FTNT
END:    127.802237033844
-
START:  FUV
END:    127.94657731056213
-
START:  GDEN
END:    128.23665285110474
-
START:  GFI
END:    128.55263590812683
-
START:  GGG
END:    128.92054748535156
-
START:  GIB
END:    130.2430543899536
-
START:  GLDD
END:    130.48618340492249
-
START:  GLOB
END:    131.70711827278137
-
START:  GMAB
END:    131.92604184150696
-
START:  GME
END:    132.22314929962158
-
START:  GMED
END:    132.40898942947388
-
START:  GNRC
END:    132.63762402534485
-
START:  GNSS
END:    133.93958806991577
-
START:  GNTX
END:    134.2615475654602
-
START:  GOLF
END:    134.4385290145874
-
START:  GOOG
END:    134.70500659942627
-
START:  GOOGL
END:    134.99201321601868
-
START:  GPI
END:    135.28011846542358
-
START:  GPN
END:    135.6099135875702
-
START:  GRBK
END:    135.84097409248352
-
START:  GRMN
END:    136.1657862663269
-
START:  GRVY
END:    136.44536781311035
-
START:  GRWG
END:    136.571350812912
-
START:  GWRE
END:    136.78006792068481
-
START:  HACK
END:    136.94204306602478
-
START:  HALO
END:    137.2193214893341
-
START:  HCI
END:    138.49601793289185
-
START:  HD
END:    138.81201338768005
-
START:  HEI
END:    139.17118215560913
-
START:  HELE
END:    140.4816324710846
-
START:  HIBB
END:    141.78194069862366
-
START:  HLI
END:    141.94459199905396
-
START:  HLT
END:    142.11874222755432
-
START:  HOLX
END:    142.3980634212494
-
START:  HON
END:    143.8430323600769
-
START:  HOV
END:    144.14174008369446
-
START:  HRC
Not Found: No data found, symbol may be delisted
START:  HRI
END:    144.46573638916016
-
START:  HSKA
END:    144.7495095729828
-
START:  HTHT
END:    144.9811770915985
-
START:  HUBS
END:    145.13428926467896
-
START:  HUM
END:    145.46174359321594
-
START:  HZNP
END:    145.66304540634155
-
START:  IAC
END:    145.981689453125
-
START:  IBP
END:    146.16807174682617
-
START:  ICE
END:    147.53754425048828
-
START:  ICLN
END:    147.8399510383606
-
START:  ICLR
END:    148.12186312675476
-
START:  IDT
END:    148.41158056259155
-
START:  IDXX
END:    148.68597388267517
-
START:  IESC
END:    148.96694540977478
-
START:  IEX
END:    149.31018447875977
-
START:  ILMN
END:    152.62236642837524
-
START:  INFO
Not Found: No data found, symbol may be delisted
START:  INOV
Not Found: No data found, symbol may be delisted
START:  INSP
END:    153.9371635913849
-
START:  INTC
END:    154.26612210273743
-
START:  INTU
END:    154.57537031173706
-
START:  INTZ
END:    154.83998847007751
-
START:  INVE
END:    155.11542963981628
-
START:  IOO
END:    155.40056014060974
-
START:  IQV
END:    155.57487773895264
-
START:  IRDM
END:    155.86842799186707
-
START:  IRMD
END:    156.05077958106995
-
START:  ISEE
END:    156.22891473770142
-
START:  ISRG
END:    156.56295132637024
-
START:  IT
END:    156.84921264648438
-
START:  ITT
END:    157.17752194404602
-
START:  ITW
END:    157.5242829322815
-
START:  IVOG
END:    157.74818444252014
-
START:  IVV
END:    158.04754042625427
-
START:  IXJ
END:    158.3595278263092
-
START:  IXN
END:    161.73876667022705
-
START:  J
END:    162.0295627117157
-
START:  JBL
END:    162.36198663711548
-
START:  JBSS
END:    162.69512963294983
-
START:  JD
END:    162.8695149421692
-
START:  JKHY
END:    163.21195530891418
-
START:  JKS
END:    163.4206783771515
-
START:  JNJ
END:    163.7984495162964
-
START:  JOE
END:    164.1256444454193
-
START:  JOUT
END:    165.4779715538025
-
START:  JYNT
END:    165.65144872665405
-
START:  KAI
END:    165.95692420005798
-
START:  KBH
END:    166.3098464012146
-
START:  KBR
END:    166.58548188209534
-
START:  KDMN
Not Found: No data found, symbol may be delisted
START:  KEYS
END:    166.81138467788696
-
START:  KLAC
END:    167.1539330482483
-
START:  KLIC
END:    168.46050024032593
-
START:  KMX
END:    168.72798562049866
-
START:  KNSL
END:    168.88580131530762
-
START:  KOPN
END:    169.15969920158386
-
START:  KOSS
END:    170.4873411655426
-
START:  KRNT
END:    170.69658398628235
-
START:  KSU
Not Found: No data found, symbol may be delisted
START:  KTOS
END:    171.02969598770142
-
START:  LAC
END:    174.25841879844666
-
START:  LAD
END:    175.56444644927979
-
START:  LANC
END:    175.91157269477844
-
START:  LAWS
Not Found: No data found, symbol may be delisted
START:  LDOS
END:    176.236581325531
-
START:  LFMD
END:    176.45563220977783
-
START:  LGIH
END:    176.6519513130188
-
START:  LH
END:    176.98159289360046
-
START:  LHCG
Not Found: No data found, symbol may be delisted
START:  LHX
END:    177.37437057495117
-
START:  LII
END:    177.71856379508972
-
START:  LIN
END:    178.0610613822937
-
START:  LINC
END:    178.36293768882751
-
START:  LIT
END:    178.59476327896118
-
START:  LLY
END:    178.9474995136261
-
START:  LMT
END:    179.290221452713
-
START:  LNT
END:    179.6650731563568
-
START:  LOB
END:    182.91637229919434
-
START:  LOGI
END:    183.24345755577087
-
START:  LOVE
END:    183.38924646377563
-
START:  LOW
END:    183.72540926933289
-
START:  LPLA
END:    184.9645552635193
-
START:  LPSN
END:    185.26297426223755
-
START:  LQDT
END:    185.51218962669373
-
START:  LRCX
END:    185.7851846218109
-
START:  LSCC
END:    186.06779670715332
-
START:  LSTR
END:    186.35789489746094
-
START:  LULU
END:    186.5832395553589
-
START:  LUNA
END:    186.8168387413025
-
START:  MA
END:    187.12294697761536
-
START:  MANH
END:    187.405930519104
-
START:  MANT
Not Found: No data found, symbol may be delisted
START:  MARA
END:    187.71106719970703
-
START:  MASI
END:    187.98197221755981
-
START:  MATX
END:    188.3053958415985
-
START:  MBUU
END:    189.50170469284058
-
START:  MCD
END:    189.8830349445343
-
START:  MCHP
END:    190.18545031547546
-
START:  MCO
END:    190.54928374290466
-
START:  MDB
END:    191.70804119110107
-
START:  MDT
END:    192.0413851737976
-
START:  MEDP
END:    192.19134640693665
-
START:  MEDS
END:    192.36031436920166
-
START:  MELI
END:    192.61413431167603
-
START:  MGC
END:    199.9897141456604
-
START:  MGIC
END:    200.2946708202362
-
START:  MGK
END:    200.56200432777405
-
START:  MGNI
END:    200.72462487220764
-
START:  MHO
END:    201.0658416748047
-
START:  MIME
Not Found: No data found, symbol may be delisted
START:  MITK
END:    201.40374374389648
-
START:  MKC
END:    201.76307797431946
-
START:  MKSI
END:    202.0718355178833
-
START:  MKTX
END:    202.3499050140381
-
START:  MLAB
END:    202.66360139846802
-
START:  MLR
END:    202.95619654655457
-
START:  MMC
END:    203.31722688674927
-
START:  MMS
END:    203.64858484268188
-
START:  MNMD
END:    203.79718899726868
-
START:  MNST
END:    204.09697461128235
-
START:  MODN
END:    204.29894304275513
-
START:  MODV
END:    204.58057117462158
-
START:  MOH
END:    204.88251566886902
-
START:  MORN
END:    205.18386220932007
-
START:  MPWR
END:    205.4743995666504
-
START:  MRTX
END:    205.64012742042542
-
START:  MRVL
END:    208.97700262069702
-
START:  MS
END:    209.3229160308838
-
START:  MSA
END:    209.6357445716858
-
START:  MSCI
END:    209.9031641483307
-
START:  MSEX
END:    210.24692130088806
-
START:  MSFT
END:    210.57562351226807
-
START:  MSI
END:    210.9223735332489
-
START:  MSTR
END:    211.1919810771942
-
START:  MTBC
Not Found: No data found, symbol may be delisted
START:  MTCH
END:    211.54644513130188
-
START:  MTD
END:    211.80901980400085
-
START:  MTEX
END:    212.10529685020447
-
START:  MTH
END:    212.44446063041687
-
START:  MTLS
END:    212.6132800579071
-
START:  MTSI
END:    212.8202555179596
-
START:  MU
END:    213.1213059425354
-
START:  MUSA
END:    213.31661200523376
-
START:  MVIS
END:    213.59531927108765
-
START:  MXL
END:    213.79632186889648
-
START:  MYRG
END:    214.02948188781738
-
START:  NBIX
END:    214.33384108543396
-
START:  NCBS
Not Found: No data found, symbol may be delisted
START:  NDAQ
END:    215.71503400802612
-
START:  NDSN
END:    216.05771446228027
-
START:  NEE
END:    217.47736310958862
-
START:  NEO
END:    217.73505449295044
-
START:  NEOG
END:    218.05245399475098
-
START:  NFLX
END:    218.32954931259155
-
START:  NICE
END:    218.6303858757019
-
START:  NISN
END:    218.79155254364014
-
START:  NKE
END:    219.12281560897827
-
START:  NOVT
END:    219.3822033405304
-
START:  NOW
END:    219.5804042816162
-
START:  NSC
END:    219.9116451740265
-
START:  NSIT
END:    220.17881226539612
-
START:  NSSC
END:    220.46671795845032
-
START:  NSTG
END:    220.66487169265747
-
START:  NTLA
END:    220.81663370132446
-
START:  NTRA
END:    220.99673652648926
-
START:  NUAN
Not Found: No data found, symbol may be delisted
START:  NVCR
END:    221.26400899887085
-
START:  NVDA
END:    222.58774256706238
-
START:  NVMI
END:    222.86934876441956
-
START:  NVO
END:    223.21112704277039
-
START:  NVR
END:    223.49458813667297
-
START:  NXST
END:    223.87985968589783
-
START:  NYT
END:    225.2261962890625
-
START:  OBCI
Not Found: No data found, symbol may be delisted
START:  ODFL
END:    225.59302401542664
-
START:  OEF
END:    225.90700435638428
-
START:  OFLX
END:    226.20439457893372
-
START:  OLED
END:    226.48598623275757
-
START:  OMCL
END:    226.7725806236267
-
START:  ON
END:    227.03752636909485
-
START:  OOMA
END:    227.24141883850098
-
START:  OPRX
END:    227.4723560810089
-
START:  ORA
END:    227.77250933647156
-
START:  ORCL
END:    228.1075975894928
-
START:  ORLY
END:    228.39088797569275
-
START:  ORMP
END:    228.62275624275208
-
START:  OTEX
END:    228.90781116485596
-
START:  PACB
END:    229.11961340904236
-
START:  PAG
END:    230.4768784046173
-
START:  PANW
END:    230.68201971054077
-
START:  PAR
END:    231.98910784721375
-
START:  PAYC
END:    232.1471712589264
-
START:  PAYX
END:    232.4507701396942
-
START:  PBD
END:    233.7444441318512
-
START:  PCTY
END:    233.9437837600708
-
START:  PEGA
END:    234.2640688419342
-
START:  PEN
END:    234.41851615905762
-
START:  PENN
END:    235.71340799331665
-
START:  PEP
END:    237.06746363639832
-
START:  PERI
END:    237.33182382583618
-
START:  PFSI
END:    237.51958584785461
-
START:  PGR
END:    237.84474301338196
-
START:  PH
END:    238.1835675239563
-
START:  PHM
END:    239.57359433174133
-
START:  PKI
Not Found: No data found, symbol may be delisted
START:  PLL
END:    240.79680705070496
-
START:  PLNT
END:    242.03320741653442
-
START:  PLUG
END:    242.29733180999756
-
START:  PLXS
END:    242.60358357429504
-
START:  PODD
END:    242.90514636039734
-
START:  POOL
END:    244.24417638778687
-
START:  POWI
END:    244.6001842021942
-
START:  PRFT
END:    244.888840675354
-
START:  PRI
END:    246.1407709121704
-
START:  PRTA
END:    246.3210563659668
-
START:  PRTS
END:    247.6045000553131
-
START:  PTSI
END:    247.877769947052
-
START:  PWR
END:    249.23708772659302
-
START:  PYPL
END:    249.41278862953186
-
START:  QADA
Not Found: No data found, symbol may be delisted
START:  QCLN
END:    249.74543023109436
-
START:  QDEL
END:    251.03634905815125
-
START:  QGEN
END:    251.3406856060028
-
START:  QLYS
END:    251.53600573539734
-
START:  QQQ
END:    251.8527672290802
-
START:  QRVO
END:    253.0520725250244
-
START:  QTWO
END:    254.24676084518433
-
START:  RADA
Not Found: No data found, symbol may be delisted
START:  RAMP
END:    254.66056656837463
-
START:  RBA
END:    254.9882049560547
-
START:  RCII
Not Found: No data found, symbol may be delisted
START:  RCKY
END:    256.3809549808502
-
START:  RDNT
END:    257.67481541633606
-
START:  RDVT
END:    257.8108365535736
-
START:  RDWR
END:    258.0945188999176
-
START:  REGI
END:    258.2747359275818
-
START:  RENN
END:    258.4801585674286
-
START:  RGEN
END:    258.7747139930725
-
START:  RH
END:    259.9826891422272
-
START:  RILY
END:    260.2266900539398
-
START:  RIOT
END:    261.39477467536926
-
START:  RLI
END:    261.70893359184265
-
START:  RLMD
END:    261.8701868057251
-
START:  RMD
END:    262.15740180015564
-
START:  RNG
END:    263.41022872924805
-
START:  ROBO
END:    264.6108949184418
-
START:  ROCK
END:    264.9141335487366
-
START:  ROK
END:    265.3170442581177
-
START:  ROKU
END:    265.46841311454773
-
START:  ROL
END:    265.8204894065857
-
START:  ROP
END:    266.167955160141
-
START:  ROST
END:    266.5050048828125
-
START:  RPD
END:    266.66059494018555
-
START:  RPM
END:    267.0054860115051
-
START:  RSG
END:    268.4164445400238
-
START:  RTH
END:    268.7293167114258
-
START:  RUN
END:    268.89322996139526
-
START:  RXI
END:    269.1961786746979
-
START:  SAIA
END:    269.486398935318
-
START:  SAIC
END:    269.6962866783142
-
START:  SAM
END:    269.9721887111664
-
START:  SAVA
END:    271.2537477016449
-
START:  SCI
END:    272.57759165763855
-
START:  SCL
END:    272.95169043540955
-
START:  SE
END:    273.0825991630554
-
START:  SEAS
END:    273.2650947570801
-
START:  SEDG
END:    273.44609689712524
-
START:  SFBS
END:    273.6511490345001
-
START:  SGEN
END:    273.9497947692871
-
START:  SGMS
Not Found: No data found, symbol may be delisted
START:  SGRY
END:    281.32194685935974
-
START:  SHOP
END:    281.49183654785156
-
START:  SHW
END:    281.8400318622589
-
START:  SHYF
END:    282.16578483581543
-
START:  SITE
END:    282.3294415473938
-
START:  SIVB
Not Found: No data found, symbol may be delisted
START:  SJW
END:    282.7342052459717
-
START:  SKY
END:    283.072144985199
-
START:  SLAB
END:    283.3390905857086
-
START:  SLP
END:    283.6816394329071
-
START:  SMH
END:    283.99276471138
-
START:  SMTC
END:    284.27534914016724
-
START:  SNAP
END:    284.4238622188568
-
START:  SNPS
END:    284.7226490974426
-
START:  SOCL
END:    284.93800830841064
-
START:  SOXL
END:    285.2021143436432
-
START:  SPGI
END:    285.5638167858124
-
START:  SPLG
END:    285.8808515071869
-
START:  SPLK
END:    286.0766005516052
-
START:  SPNS
END:    286.37737226486206
-
START:  SPSC
END:    286.58886528015137
-
START:  SPTM
END:    286.90544152259827
-
START:  SPWH
END:    287.11610293388367
-
START:  SPWR
END:    288.3818106651306
-
START:  SPXC
END:    289.7586178779602
-
START:  SPXL
END:    290.0155510902405
-
START:  SPY
END:    290.3179361820221
-
START:  SPYG
END:    290.62278175354004
-
START:  SQ
END:    290.7966022491455
-
START:  SSD
END:    291.1068615913391
-
START:  SSNC
END:    291.33715081214905
-
START:  SSTK
END:    291.5487480163574
-
START:  STAA
END:    291.8522136211395
-
START:  STE
END:    292.16656398773193
-
START:  SUSA
END:    292.4538474082947
-
START:  SYK
END:    292.82032895088196
-
START:  SYNA
END:    293.13481163978577
-
START:  TBBK
END:    293.4047009944916
-
START:  TBK
Not Found: No data found, symbol may be delisted
START:  TDG
END:    293.7330665588379
-
START:  TDOC
END:    293.9071171283722
-
START:  TDY
END:    295.1769902706146
-
START:  TEAM
END:    296.3462460041046
-
START:  TECH
END:    299.7111904621124
-
START:  TECL
END:    299.9665048122406
-
START:  TER
END:    300.24390864372253
-
START:  TFX
END:    301.58917355537415
-
START:  TGH
END:    301.8437268733978
-
START:  TGLS
END:    302.0573489665985
-
START:  TGT
END:    302.440247297287
-
START:  TGTX
END:    302.66498827934265
-
START:  THC
END:    302.94855856895447
-
START:  TJX
END:    303.30925941467285
-
START:  TMO
END:    303.68114376068115
-
START:  TMUS
END:    303.9472715854645
-
START:  TNDM
END:    304.13621735572815
-
START:  TNET
END:    304.3216688632965
-
START:  TPX
END:    304.6211211681366
-
START:  TREX
END:    304.9264109134674
-
START:  TRI
END:    305.2291314601898
-
START:  TRIL
Not Found: No data found, symbol may be delisted
START:  TRMB
END:    306.59500312805176
-
START:  TRNS
END:    306.8859758377075
-
START:  TROW
END:    307.23107504844666
-
START:  TRU
END:    308.4286541938782
-
START:  TRUP
END:    308.6010580062866
-
START:  TSCO
END:    309.939471244812
-
START:  TSLA
END:    311.16774344444275
-
START:  TSM
END:    311.48289704322815
-
START:  TT
END:    311.8471975326538
-
START:  TTC
END:    312.23691296577454
-
START:  TTD
END:    313.3959205150604
-
START:  TTEC
END:    313.70832109451294
-
START:  TTEK
END:    314.0084183216095
-
START:  TTGT
END:    315.2829065322876
-
START:  TTWO
END:    315.56364345550537
-
START:  TWLO
END:    315.732390165329
-
START:  TXN
END:    316.1005461215973
-
START:  TYL
END:    316.38048815727234
-
START:  UCTT
END:    317.6957528591156
-
START:  UFPI
END:    319.02353620529175
-
START:  UFPT
END:    319.30429792404175
-
START:  UI
END:    320.53442883491516
-
START:  UMC
END:    320.8129575252533
-
START:  UNF
END:    322.1609961986542
-
START:  UNH
END:    322.4808406829834
-
START:  UNP
END:    322.83740425109863
-
START:  UPLD
END:    322.99935245513916
-
START:  URI
END:    323.2992150783539
-
START:  V
END:    324.5871183872223
-
START:  VALU
END:    324.90170884132385
-
START:  VBK
END:    325.1995806694031
-
START:  VCEL
END:    325.47122406959534
-
START:  VCR
END:    325.79169273376465
-
START:  VCTR
END:    325.92948842048645
-
START:  VCYT
END:    327.1453285217285
-
START:  VDC
END:    327.44698882102966
-
START:  VEEV
END:    327.6471948623657
-
START:  VERU
END:    327.9743700027466
-
START:  VGT
END:    329.28502917289734
-
START:  VHT
END:    329.58506083488464
-
START:  VIAV
END:    329.9217176437378
-
START:  VICR
END:    330.1968398094177
-
START:  VIG
END:    330.4557259082794
-
START:  VO
END:    331.81175923347473
-
START:  VONE
END:    332.0337426662445
-
START:  VONG
END:    332.2523171901703
-
START:  VOO
END:    332.4856290817261
-
START:  VOOG
END:    332.7170548439026
-
START:  VOOV
END:    332.95947313308716
-
START:  VOT
END:    334.25980377197266
-
START:  VPU
END:    334.60134291648865
-
START:  VRNS
END:    334.7951145172119
-
START:  VRSK
END:    335.0573179721832
-
START:  VRSN
END:    335.3628578186035
-
START:  VRTV
END:    335.5240807533264
-
START:  VSTO
END:    336.70993876457214
-
START:  VTHR
END:    336.9488756656647
-
START:  VTI
END:    337.28641295433044
-
START:  VTNR
END:    338.5725245475769
-
START:  VTWG
END:    338.79214358329773
-
START:  VUG
END:    339.0820212364197
-
START:  VV
END:    339.3609883785248
-
START:  VXF
END:    339.67535495758057
-
START:  WCN
END:    340.00413513183594
-
START:  WD
END:    340.2210409641266
-
START:  WDAY
END:    340.4236915111542
-
START:  WDFC
END:    340.74473237991333
-
START:  WEC
END:    341.08411836624146
-
START:  WEN
END:    342.4210081100464
-
START:  WINA
END:    342.70964670181274
-
START:  WING
END:    343.89589047431946
-
START:  WIRE
END:    344.23703956604004
-
START:  WIX
END:    344.4280197620392
-
START:  WK
END:    344.58872509002686
-
START:  WLTW
Not Found: No data found, symbol may be delisted
START:  WM
END:    346.0296046733856
-
START:  WMS
END:    346.2096073627472
-
START:  WNS
END:    346.4626259803772
-
START:  WRB
END:    346.7981469631195
-
START:  WSC
END:    346.9449677467346
-
START:  WSM
END:    347.2536118030548
-
START:  WST
END:    347.64111971855164
-
START:  WTRG
END:    347.9872045516968
-
START:  WTS
END:    348.3043944835663
-
START:  XEL
END:    349.716171503067
-
START:  XENE
END:    350.888386964798
-
START:  XLK
END:    351.22170543670654
-
START:  XLNX
Not Found: No data found, symbol may be delisted
START:  XLP
END:    352.6372299194336
-
START:  XLRN
Not Found: No data found, symbol may be delisted
START:  XLU
END:    353.0049126148224
-
START:  XLV
END:    354.35236525535583
-
START:  XLY
END:    354.6579751968384
-
START:  XYL
END:    355.8814070224762
-
START:  YNDX
END:    356.09581780433655
-
START:  YORW
END:    357.4204432964325
-
START:  YUM
END:    357.7258460521698
-
START:  Z
END:    358.9242458343506
-
START:  ZBRA
END:    359.2548842430115
-
START:  ZEN
Not Found: No data found, symbol may be delisted
START:  ZLAB
END:    359.46808385849
-
START:  ZNGA
Not Found: No data found, symbol may be delisted
START:  ZS
END:    359.67999267578125
-
START:  ZTS
END:    359.88183188438416
-
START:  ZYXI
END:    360.1615469455719
-
===========================
MACD golden cross
===========================
START:  code
START:  A
START:  AAON
START:  AAPL
START:  ABG
START:  ABT
START:  ACLS
START:  ACMR
START:  ACN
START:  ADBE
START:  ADI
START:  ADP
START:  ADSK
START:  ADUS
START:  AEE
START:  AGYS
START:  AIZ
START:  AJG
START:  AJRD
START:  ALB
START:  ALG
START:  ALGN
START:  ALLE
START:  ALTR
START:  AMAT
START:  AMBA
START:  AMD
START:  AME
START:  AMED
START:  AMEH
START:  AMGN
START:  AMN
START:  AMP
START:  AMRC
START:  AMSWA
START:  AMTX
START:  AMZN
START:  AN
START:  ANSS
START:  ANTM
START:  AON
START:  AOSL
START:  APD
START:  APH
START:  APPF
START:  APPN
START:  APPS
START:  AQN
START:  ARCB
START:  ARCT
START:  ARES
START:  ARGX
START:  ARWR
START:  ASML
START:  ASPN
START:  ATEC
START:  ATEN
START:  ATKR
START:  ATOM
START:  ATR
START:  ATRC
START:  AUDC
START:  AUPH
START:  AVAV
START:  AVGO
START:  AVID
START:  AVNW
START:  AVXL
START:  AVY
START:  AWK
START:  AWR
START:  AXON
START:  AZO
START:  AZPN
START:  BAH
START:  BAM
START:  BAX
START:  BBH
START:  BBQ
START:  BBY
START:  BCPC
START:  BDX
START:  BEEM
START:  BFAM
START:  BFC
START:  BGFV
START:  BGNE
START:  BHVN
START:  BIO
START:  BL
START:  BLD
START:  BLDP
START:  BLDR
START:  BLFS
START:  BLK
START:  BLL
START:  BLNK
START:  BMI
START:  BOOT
START:  BOTZ
START:  BR
START:  BRKR
START:  BRKS
START:  BRO
START:  BURL
START:  BX
START:  CABO
START:  CACI
START:  CALX
START:  CAMT
START:  CAR
START:  CBRE
START:  CBSH
START:  CBZ
START:  CCOI
START:  CCS
START:  CDMO
START:  CDNA
START:  CDNS
START:  CDW
START:  CELH
START:  CGNX
START:  CHD
START:  CHDN
START:  CHE
START:  CHGG
START:  CHH
START:  CHKP
START:  CHTR
START:  CIEN
START:  CLAR
START:  CLFD
START:  CLGN
START:  CLNE
START:  CLPT
START:  CLX
START:  CMCSA
START:  CMG
START:  CMS
START:  CNC
START:  CNI
START:  CNMD
START:  CNS
START:  CNXN
START:  COO
START:  COST
START:  COUP
START:  COWN
START:  CP
START:  CPK
START:  CPRT
START:  CPSH
START:  CRAI
START:  CREE
START:  CRL
START:  CRM
START:  CRMT
START:  CROX
START:  CRSP
START:  CRVL
START:  CSGP
START:  CSL
START:  CSWI
START:  CSX
START:  CTAS
START:  CTLT
START:  CTRN
START:  CURE
START:  CVCO
START:  CVNA
START:  CWST
START:  CWT
START:  CXSE
START:  CYBR
START:  CYRX
START:  CYTK
START:  DAC
START:  DAR
START:  DAVA
START:  DDS
START:  DE
START:  DECK
START:  DELL
START:  DFIN
START:  DG
START:  DGRW
START:  DHI
START:  DHR
START:  DIA
START:  DIOD
START:  DIS
START:  DKS
START:  DLN
START:  DNLI
START:  DOMO
START:  DOV
START:  DPZ
START:  DQ
START:  DRD
START:  DRIO
START:  DRNA
START:  DSGX
START:  DVAX
START:  DXCM
START:  ECL
START:  EFX
START:  EGAN
START:  EHC
START:  EL
START:  ENPH
START:  ENSG
START:  ENTG
START:  ENV
START:  EPAM
START:  ERIE
START:  ES
START:  ESE
START:  ETN
START:  ETSY
START:  EVBG
START:  EVTC
START:  EW
START:  EWT
START:  EXAS
START:  EXLS
START:  EXPD
START:  EXPI
START:  EXPO
START:  FAST
START:  FATE
START:  FB
START:  FCN
START:  FCX
START:  FDN
START:  FDS
START:  FELE
START:  FFIN
START:  FICO
START:  FINX
START:  FIS
START:  FISV
START:  FIVE
START:  FIVN
START:  FLGT
START:  FLT
START:  FLWS
START:  FN
START:  FND
START:  FNV
START:  FORM
START:  FOXF
START:  FPX
START:  FRC
START:  FRHC
START:  FRPT
START:  FSS
START:  FTNT
START:  FUV
START:  GDEN
START:  GFI
START:  GGG
START:  GIB
START:  GLDD
START:  GLOB
START:  GMAB
START:  GME
START:  GMED
START:  GNRC
START:  GNSS
START:  GNTX
START:  GOLF
START:  GOOG
START:  GOOGL
START:  GPI
START:  GPN
START:  GRBK
START:  GRMN
START:  GRVY
START:  GRWG
START:  GWRE
START:  HACK
START:  HALO
START:  HCI
START:  HD
START:  HEI
START:  HELE
START:  HIBB
START:  HLI
START:  HLT
START:  HOLX
START:  HON
START:  HOV
START:  HRC
START:  HRI
START:  HSKA
START:  HTHT
START:  HUBS
START:  HUM
START:  HZNP
START:  IAC
START:  IBP
START:  ICE
START:  ICLN
START:  ICLR
START:  IDT
START:  IDXX
START:  IESC
START:  IEX
START:  ILMN
START:  INFO
START:  INOV
START:  INSP
START:  INTC
START:  INTU
START:  INTZ
START:  INVE
START:  IOO
START:  IQV
START:  IRDM
START:  IRMD
START:  ISEE
START:  ISRG
START:  IT
START:  ITT
START:  ITW
START:  IVOG
START:  IVV
START:  IXJ
START:  IXN
START:  J
START:  JBL
START:  JBSS
START:  JD
START:  JKHY
START:  JKS
START:  JNJ
START:  JOE
START:  JOUT
START:  JYNT
START:  KAI
START:  KBH
START:  KBR
START:  KDMN
START:  KEYS
START:  KLAC
START:  KLIC
START:  KMX
START:  KNSL
START:  KOPN
START:  KOSS
START:  KRNT
START:  KSU
START:  KTOS
START:  LAC
START:  LAD
START:  LANC
START:  LAWS
START:  LDOS
START:  LFMD
START:  LGIH
START:  LH
START:  LHCG
START:  LHX
START:  LII
START:  LIN
START:  LINC
START:  LIT
START:  LLY
START:  LMT
START:  LNT
START:  LOB
START:  LOGI
START:  LOVE
START:  LOW
START:  LPLA
START:  LPSN
START:  LQDT
START:  LRCX
START:  LSCC
START:  LSTR
START:  LULU
START:  LUNA
START:  MA
START:  MANH
START:  MANT
START:  MARA
START:  MASI
START:  MATX
START:  MBUU
START:  MCD
START:  MCHP
START:  MCO
START:  MDB
START:  MDT
START:  MEDP
START:  MEDS
START:  MELI
START:  MGC
START:  MGIC
START:  MGK
START:  MGNI
START:  MHO
START:  MIME
START:  MITK
START:  MKC
START:  MKSI
START:  MKTX
START:  MLAB
START:  MLR
START:  MMC
START:  MMS
START:  MNMD
START:  MNST
START:  MODN
START:  MODV
START:  MOH
START:  MORN
START:  MPWR
START:  MRTX
START:  MRVL
START:  MS
START:  MSA
START:  MSCI
START:  MSEX
START:  MSFT
START:  MSI
START:  MSTR
START:  MTBC
START:  MTCH
START:  MTD
START:  MTEX
START:  MTH
START:  MTLS
START:  MTSI
START:  MU
START:  MUSA
START:  MVIS
START:  MXL
START:  MYRG
START:  NBIX
START:  NCBS
START:  NDAQ
START:  NDSN
START:  NEE
START:  NEO
START:  NEOG
START:  NFLX
START:  NICE
START:  NISN
START:  NKE
START:  NOVT
START:  NOW
START:  NSC
START:  NSIT
START:  NSSC
START:  NSTG
START:  NTLA
START:  NTRA
START:  NUAN
START:  NVCR
START:  NVDA
START:  NVMI
START:  NVO
START:  NVR
START:  NXST
START:  NYT
START:  OBCI
START:  ODFL
START:  OEF
START:  OFLX
START:  OLED
START:  OMCL
START:  ON
START:  OOMA
START:  OPRX
START:  ORA
START:  ORCL
START:  ORLY
START:  ORMP
START:  OTEX
START:  PACB
START:  PAG
START:  PANW
START:  PAR
START:  PAYC
START:  PAYX
START:  PBD
START:  PCTY
START:  PEGA
START:  PEN
START:  PENN
START:  PEP
START:  PERI
START:  PFSI
START:  PGR
START:  PH
START:  PHM
START:  PKI
START:  PLL
START:  PLNT
START:  PLUG
START:  PLXS
START:  PODD
START:  POOL
START:  POWI
START:  PRFT
START:  PRI
START:  PRTA
START:  PRTS
START:  PTSI
START:  PWR
START:  PYPL
START:  QADA
START:  QCLN
START:  QDEL
START:  QGEN
START:  QLYS
START:  QQQ
START:  QRVO
START:  QTWO
START:  RADA
START:  RAMP
START:  RBA
START:  RCII
START:  RCKY
START:  RDNT
START:  RDVT
START:  RDWR
START:  REGI
START:  RENN
START:  RGEN
START:  RH
START:  RILY
START:  RIOT
START:  RLI
START:  RLMD
START:  RMD
START:  RNG
START:  ROBO
START:  ROCK
START:  ROK
START:  ROKU
START:  ROL
START:  ROP
START:  ROST
START:  RPD
START:  RPM
START:  RSG
START:  RTH
START:  RUN
START:  RXI
START:  SAIA
START:  SAIC
START:  SAM
START:  SAVA
START:  SCI
START:  SCL
START:  SE
START:  SEAS
START:  SEDG
START:  SFBS
START:  SGEN
START:  SGMS
START:  SGRY
START:  SHOP
START:  SHW
START:  SHYF
START:  SITE
START:  SIVB
START:  SJW
START:  SKY
START:  SLAB
START:  SLP
START:  SMH
START:  SMTC
START:  SNAP
START:  SNPS
START:  SOCL
START:  SOXL
START:  SPGI
START:  SPLG
START:  SPLK
START:  SPNS
START:  SPSC
START:  SPTM
START:  SPWH
START:  SPWR
START:  SPXC
START:  SPXL
START:  SPY
START:  SPYG
START:  SQ
START:  SSD
START:  SSNC
START:  SSTK
START:  STAA
START:  STE
START:  SUSA
START:  SYK
START:  SYNA
START:  TBBK
START:  TBK
START:  TDG
START:  TDOC
START:  TDY
START:  TEAM
START:  TECH
START:  TECL
START:  TER
START:  TFX
START:  TGH
START:  TGLS
START:  TGT
START:  TGTX
START:  THC
START:  TJX
START:  TMO
START:  TMUS
START:  TNDM
START:  TNET
START:  TPX
START:  TREX
START:  TRI
START:  TRIL
START:  TRMB
START:  TRNS
START:  TROW
START:  TRU
START:  TRUP
START:  TSCO
START:  TSLA
START:  TSM
START:  TT
START:  TTC
START:  TTD
START:  TTEC
START:  TTEK
START:  TTGT
START:  TTWO
START:  TWLO
START:  TXN
START:  TYL
START:  UCTT
START:  UFPI
START:  UFPT
START:  UI
START:  UMC
START:  UNF
START:  UNH
START:  UNP
START:  UPLD
START:  URI
START:  V
START:  VALU
START:  VBK
START:  VCEL
START:  VCR
START:  VCTR
START:  VCYT
START:  VDC
START:  VEEV
START:  VERU
START:  VGT
START:  VHT
START:  VIAV
START:  VICR
START:  VIG
START:  VO
START:  VONE
START:  VONG
START:  VOO
START:  VOOG
START:  VOOV
START:  VOT
START:  VPU
START:  VRNS
START:  VRSK
START:  VRSN
START:  VRTV
START:  VSTO
START:  VTHR
START:  VTI
START:  VTNR
START:  VTWG
START:  VUG
START:  VV
START:  VXF
START:  WCN
START:  WD
START:  WDAY
START:  WDFC
START:  WEC
START:  WEN
START:  WINA
START:  WING
START:  WIRE
START:  WIX
START:  WK
START:  WLTW
START:  WM
START:  WMS
START:  WNS
START:  WRB
START:  WSC
START:  WSM
START:  WST
START:  WTRG
START:  WTS
START:  XEL
START:  XENE
START:  XLK
START:  XLNX
START:  XLP
START:  XLRN
START:  XLU
START:  XLV
START:  XLY
START:  XYL
START:  YNDX
START:  YORW
START:  YUM
START:  Z
START:  ZBRA
START:  ZEN
START:  ZLAB
START:  ZNGA
START:  ZS
START:  ZTS
START:  ZYXI
==== MACD golden cross ====
None
code: AJG      day: macd + hist + hist_1pre + ,  Week: macd + hist + hist_1pre - , Month: macd + hist + hist_1pre + , 
Trade --> code: AJG    BUY: 2010-07-31   25.42 SELL: 2015-12-31   40.94  macd:   -0.01 macd_count:  65 profit:  1.61
Trade --> code: AJG    BUY: 2016-05-31   48.33 SELL: 2023-08-31  220.81  macd:   17.58 macd_count:  88 profit:  4.57

code: BCPC     day: macd + hist + hist_1pre + ,  Week: macd + hist + hist_1pre - , Month: macd + hist - hist_1pre - , 
Trade --> code: BCPC   BUY: 2005-12-31    8.83 SELL: 2023-08-31  134.38  macd:    1.49 macd_count: 213 profit: 15.21

code: CLX      day: macd + hist + hist_1pre + ,  Week: macd + hist + hist_1pre - , Month: macd - hist + hist_1pre + , 
Trade --> code: CLX    BUY: 2005-12-31   56.89 SELL: 2008-04-30   53.00  macd:   -0.48 macd_count:  28 profit:  0.93
Trade --> code: CLX    BUY: 2009-12-31   61.00 SELL: 2021-10-31  163.01  macd:   -0.33 macd_count: 142 profit:  2.67

code: CRVL     day: macd + hist + hist_1pre + ,  Week: macd + hist + hist_1pre - , Month: macd + hist + hist_1pre + , 
Trade --> code: CRVL   BUY: 2006-10-31   14.42 SELL: 2009-01-31    8.82  macd:   -0.29 macd_count:  27 profit:  0.61
Trade --> code: CRVL   BUY: 2009-10-31   14.25 SELL: 2015-07-31   31.96  macd:   -0.15 macd_count:  69 profit:  2.24
Trade --> code: CRVL   BUY: 2015-12-31   43.92 SELL: 2023-08-31  213.53  macd:   16.78 macd_count:  93 profit:  4.86

code: DKS      day: macd + hist + hist_1pre + ,  Week: macd + hist + hist_1pre - , Month: macd + hist + hist_1pre + , 
Trade --> code: DKS    BUY: 2005-12-31   16.62 SELL: 2008-07-31   17.55  macd:   -0.15 macd_count:  31 profit:  1.06
Trade --> code: DKS    BUY: 2010-01-31   22.37 SELL: 2014-09-30   43.88  macd:   -0.11 macd_count:  56 profit:  1.96
Trade --> code: DKS    BUY: 2014-12-31   49.65 SELL: 2015-11-30   39.03  macd:   -0.64 macd_count:  11 profit:  0.79
Trade --> code: DKS    BUY: 2016-08-31   58.60 SELL: 2017-06-30   39.83  macd:   -0.65 macd_count:  10 profit:  0.68
Trade --> code: DKS    BUY: 2019-11-30   45.81 SELL: 2020-03-31   21.26  macd:   -0.38 macd_count:   4 profit:  0.46
Trade --> code: DKS    BUY: 2020-07-31   45.62 SELL: 2023-08-31  144.95  macd:   13.00 macd_count:  38 profit:  3.18

code: EHC      day: macd + hist + hist_1pre + ,  Week: macd + hist + hist_1pre - , Month: macd + hist + hist_1pre + , 
Trade --> code: EHC    BUY: 2005-12-31   19.49 SELL: 2006-06-30   15.31  macd:   -0.15 macd_count:   6 profit:  0.79
Trade --> code: EHC    BUY: 2007-02-28   19.09 SELL: 2007-03-31   16.71  macd:   -0.13 macd_count:   1 profit:  0.88
Trade --> code: EHC    BUY: 2010-02-28   13.76 SELL: 2022-01-31   49.36  macd:   -0.50 macd_count: 143 profit:  3.59
Trade --> code: EHC    BUY: 2023-01-31   62.45 SELL: 2023-08-31   70.25  macd:    2.78 macd_count:   8 profit:  1.12

code: IESC     day: macd + hist + hist_1pre - ,  Week: macd + hist + hist_1pre - , Month: macd + hist + hist_1pre + , 
Trade --> code: IESC   BUY: 2013-02-28    5.80 SELL: 2022-08-31   30.39  macd:   -0.58 macd_count: 114 profit:  5.24
Trade --> code: IESC   BUY: 2023-03-31   43.09 SELL: 2023-08-31   66.62  macd:    4.60 macd_count:   6 profit:  1.55

code: LSCC     day: macd + hist + hist_1pre - ,  Week: macd + hist + hist_1pre - , Month: macd + hist + hist_1pre + , 
Trade --> code: LSCC   BUY: 2006-12-31    6.48 SELL: 2007-01-31    5.86  macd:   -0.00 macd_count:   1 profit:  0.90
Trade --> code: LSCC   BUY: 2007-02-28    6.16 SELL: 2007-03-31    5.85  macd:   -0.02 macd_count:   1 profit:  0.95
Trade --> code: LSCC   BUY: 2010-04-30    5.26 SELL: 2012-07-31    3.71  macd:   -0.00 macd_count:  27 profit:  0.71
Trade --> code: LSCC   BUY: 2013-11-30    5.57 SELL: 2015-07-31    4.92  macd:   -0.00 macd_count:  20 profit:  0.88
Trade --> code: LSCC   BUY: 2016-09-30    6.49 SELL: 2017-11-30    5.87  macd:   -0.03 macd_count:  14 profit:  0.90
Trade --> code: LSCC   BUY: 2018-07-31    7.69 SELL: 2023-08-31   92.68  macd:   10.30 macd_count:  62 profit: 12.05

code: MELI     day: macd + hist + hist_1pre + ,  Week: macd + hist + hist_1pre - , Month: macd + hist + hist_1pre + , 
Trade --> code: MELI   BUY: 2010-03-31   48.21 SELL: 2016-02-29  101.76  macd:   -0.45 macd_count:  71 profit:  2.11
Trade --> code: MELI   BUY: 2016-04-30  124.89 SELL: 2022-06-30  636.87  macd:  -35.99 macd_count:  74 profit:  5.10
Trade --> code: MELI   BUY: 2023-04-30 1277.49 SELL: 2023-08-31 1296.16  macd:   33.44 macd_count:   5 profit:  1.01

code: MITK     day: macd + hist + hist_1pre + ,  Week: macd + hist + hist_1pre - , Month: macd - hist + hist_1pre + , 
Trade --> code: MITK   BUY: 2006-03-31    1.65 SELL: 2007-01-31    0.74  macd:   -0.02 macd_count:  10 profit:  0.45
Trade --> code: MITK   BUY: 2009-10-31    1.00 SELL: 2012-10-31    3.19  macd:   -0.13 macd_count:  36 profit:  3.19
Trade --> code: MITK   BUY: 2013-07-31    5.74 SELL: 2014-04-30    3.26  macd:   -0.11 macd_count:   9 profit:  0.57
Trade --> code: MITK   BUY: 2016-02-29    5.17 SELL: 2020-03-31    7.88  macd:   -0.02 macd_count:  49 profit:  1.52
Trade --> code: MITK   BUY: 2020-04-30    9.33 SELL: 2022-06-30    9.24  macd:   -0.28 macd_count:  26 profit:  0.99

code: NUAN     day: macd + hist + hist_1pre + ,  Week: macd + hist + hist_1pre - , Month: macd + hist - hist_1pre - , 
Trade --> code: NUAN   BUY: 2005-11-30    5.38 SELL: 2008-11-30    7.94  macd:   -0.14 macd_count:  36 profit:  1.48
Trade --> code: NUAN   BUY: 2009-12-31   13.44 SELL: 2013-05-31   16.44  macd:   -0.10 macd_count:  41 profit:  1.22
Trade --> code: NUAN   BUY: 2015-11-30   18.11 SELL: 2016-07-31   13.90  macd:   -0.05 macd_count:   8 profit:  0.77
Trade --> code: NUAN   BUY: 2017-05-31   16.01 SELL: 2017-09-30   13.60  macd:   -0.04 macd_count:   4 profit:  0.85
Trade --> code: NUAN   BUY: 2019-04-30   14.56 SELL: 2022-03-31   55.99  macd:    7.14 macd_count:  36 profit:  3.85

code: OLED     day: macd + hist + hist_1pre - ,  Week: macd + hist + hist_1pre - , Month: macd - hist + hist_1pre + , 
Trade --> code: OLED   BUY: 2006-03-31   14.38 SELL: 2008-09-30   10.96  macd:   -0.14 macd_count:  30 profit:  0.76
Trade --> code: OLED   BUY: 2010-05-31   15.49 SELL: 2012-12-31   25.62  macd:   -0.29 macd_count:  31 profit:  1.65
Trade --> code: OLED   BUY: 2013-12-31   34.36 SELL: 2014-04-30   26.05  macd:   -0.39 macd_count:   4 profit:  0.76
Trade --> code: OLED   BUY: 2015-03-31   46.75 SELL: 2022-01-31  153.51  macd:   -0.86 macd_count:  82 profit:  3.28

code: PAR      day: macd + hist + hist_1pre + ,  Week: macd + hist + hist_1pre - , Month: macd - hist + hist_1pre + , 
Trade --> code: PAR    BUY: 2005-12-31   18.51 SELL: 2006-11-30    8.48  macd:   -0.24 macd_count:  11 profit:  0.46
Trade --> code: PAR    BUY: 2013-11-30    5.54 SELL: 2014-05-31    4.29  macd:   -0.00 macd_count:   6 profit:  0.77
Trade --> code: PAR    BUY: 2014-11-30    5.67 SELL: 2015-04-30    4.12  macd:   -0.01 macd_count:   5 profit:  0.73
Trade --> code: PAR    BUY: 2015-10-31    5.26 SELL: 2022-05-31   37.58  macd:   -0.35 macd_count:  79 profit:  7.14

code: RCII     day: macd + hist + hist_1pre + ,  Week: macd + hist + hist_1pre - , Month: macd - hist + hist_1pre + , 
Trade --> code: RCII   BUY: 2006-10-31   28.76 SELL: 2007-07-31   19.41  macd:   -0.10 macd_count:   9 profit:  0.67
Trade --> code: RCII   BUY: 2010-03-31   23.65 SELL: 2014-01-31   24.94  macd:   -0.00 macd_count:  46 profit:  1.05
Trade --> code: RCII   BUY: 2018-12-31   16.19 SELL: 2022-05-31   27.54  macd:   -0.82 macd_count:  41 profit:  1.70

code: SPNS     day: macd + hist + hist_1pre + ,  Week: macd + hist + hist_1pre - , Month: macd - hist + hist_1pre + , 
Trade --> code: SPNS   BUY: 2007-07-31    2.54 SELL: 2007-10-31    1.52  macd:   -0.01 macd_count:   3 profit:  0.60
Trade --> code: SPNS   BUY: 2008-09-30    2.35 SELL: 2009-01-31    1.08  macd:   -0.02 macd_count:   4 profit:  0.46
Trade --> code: SPNS   BUY: 2010-03-31    2.13 SELL: 2018-03-31    8.53  macd:   -0.17 macd_count:  96 profit:  4.00
Trade --> code: SPNS   BUY: 2019-01-31   12.20 SELL: 2022-08-31   22.12  macd:   -0.30 macd_count:  43 profit:  1.81

code: TNET     day: macd + hist + hist_1pre + ,  Week: macd + hist + hist_1pre - , Month: macd + hist + hist_1pre + , 
Trade --> code: TNET   BUY: 2017-03-31   28.90 SELL: 2022-12-31   67.80  macd:   -0.54 macd_count:  69 profit:  2.35
Trade --> code: TNET   BUY: 2023-03-31   80.61 SELL: 2023-08-31  104.29  macd:    4.88 macd_count:   6 profit:  1.29

code: TRNS     day: macd + hist + hist_1pre + ,  Week: macd + hist + hist_1pre - , Month: macd + hist - hist_1pre - , 
Trade --> code: TRNS   BUY: 2005-12-31    5.35 SELL: 2009-03-31    5.25  macd:   -0.03 macd_count:  39 profit:  0.98
Trade --> code: TRNS   BUY: 2009-11-30    6.98 SELL: 2012-08-31    6.14  macd:   -0.13 macd_count:  33 profit:  0.88
Trade --> code: TRNS   BUY: 2014-02-28    9.25 SELL: 2023-08-31   89.89  macd:    6.79 macd_count: 115 profit:  9.72

