Thu Jun  9 13:58:49 UTC 2022
arg[0]: scraping/yahoo-finace-api2.py, arg[1]: stock-code-list/buy-list.txt
===========================
scraping
===========================
START:  AAPL
END:    0.5765585899353027
-
START:  EL
END:    1.0319161415100098
-
START:  NEE
END:    1.5554728507995605
-
START:  AMD
END:    1.9328422546386719
-
START:  APH
END:    2.3499207496643066
-
START:  XLP
END:    2.8136789798736572
-
START:  SPXL
END:    3.0901122093200684
-
START:  KEYS
END:    3.349954128265381
-
START:  VDC
END:    3.7445778846740723
-
START:  SPTM
END:    4.17301607131958
-
START:  SPLG
END:    4.558081388473511
-
START:  CROX
END:    4.881094217300415
-
START:  AXON
END:    5.304816961288452
-
START:  AWR
END:    5.714266300201416
-
START:  FN
END:    6.0572099685668945
-
START:  NXST
END:    6.482091903686523
-
START:  TREX
END:    6.866387367248535
-
START:  RGEN
END:    7.297653436660767
-
START:  EXPO
END:    8.74610447883606
-
START:  BCPC
END:    9.195067167282104
-
START:  SOXL
END:    9.51930546760559
-
START:  TECL
END:    9.842792272567749
-
START:  NEO
END:    10.20838212966919
-
START:  NVMI
END:    10.569407939910889
-
START:  NVDA
END:    10.983562231063843
-
START:  BBDC
END:    11.33846664428711
-
START:  APPS
END:    14.686825275421143
-
START:  ROK
END:    15.128379344940186
-
START:  NHTC
END:    15.544609785079956
-
START:  ZYXI
END:    15.903387308120728
-
START:  LIT
END:    17.20207905769348
-
START:  LLY
END:    17.695220708847046
-
START:  GTLB
END:    17.783039331436157
-
START:  MCD
END:    18.271571397781372
-
START:  MSI
END:    18.769224643707275
-
START:  HCP
END:    18.843327522277832
-
START:  ON
END:    19.214086294174194
-
===========================
MACD sell
===========================
START:  AAPL
START:  EL
START:  NEE
START:  AMD
START:  APH
START:  XLP
START:  SPXL
START:  KEYS
START:  VDC
START:  SPTM
START:  SPLG
START:  CROX
START:  AXON
START:  AWR
START:  FN
START:  NXST
START:  TREX
START:  RGEN
START:  EXPO
START:  BCPC
START:  SOXL
START:  TECL
START:  NEO
START:  NVMI
START:  NVDA
START:  BBDC
START:  APPS
START:  ROK
START:  NHTC
START:  ZYXI
START:  LIT
START:  LLY
START:  GTLB
START:  MCD
START:  MSI
START:  HCP
START:  ON
==== MACD list ====
code: AAPL     day: macd - hist + ,  Week: macd - hist - , Month: macd + hist - , 
code: EL       day: macd + hist + ,  Week: macd - hist + , Month: macd + hist - , 
code: NEE      day: macd + hist + ,  Week: macd - hist + , Month: macd + hist - , 
code: AMD      day: macd + hist + ,  Week: macd - hist + , Month: macd + hist - , 
code: APH      day: macd + hist + ,  Week: macd - hist + , Month: macd + hist - , 
code: XLP      day: macd - hist + ,  Week: macd - hist - , Month: macd + hist - , 
code: SPXL     day: macd - hist + ,  Week: macd - hist - , Month: macd + hist - , 
code: KEYS     day: macd + hist + ,  Week: macd - hist + , Month: macd + hist - , 
code: VDC      day: macd - hist + ,  Week: macd - hist - , Month: macd + hist - , 
code: SPTM     day: macd - hist + ,  Week: macd - hist + , Month: macd + hist - , 
code: SPLG     day: macd - hist + ,  Week: macd - hist + , Month: macd + hist - , 
code: CROX     day: macd - hist + ,  Week: macd - hist + , Month: macd + hist - , 
code: AXON     day: macd - hist + ,  Week: macd - hist + , Month: macd + hist - , 
code: AWR      day: macd - hist + ,  Week: macd - hist + , Month: macd + hist - , 
code: FN       day: macd - hist + ,  Week: macd - hist - , Month: macd + hist - , 
code: NXST     day: macd + hist + ,  Week: macd + hist - , Month: macd + hist + , 
code: TREX     day: macd + hist + ,  Week: macd - hist + , Month: macd + hist - , 
code: RGEN     day: macd + hist + ,  Week: macd - hist + , Month: macd + hist - , 
code: EXPO     day: macd - hist + ,  Week: macd - hist - , Month: macd + hist - , 
code: BCPC     day: macd + hist + ,  Week: macd - hist + , Month: macd + hist - , 
code: SOXL     day: macd - hist + ,  Week: macd - hist + , Month: macd + hist - , 
code: TECL     day: macd - hist + ,  Week: macd - hist + , Month: macd + hist - , 
code: NEO      day: macd - hist + ,  Week: macd - hist + , Month: macd - hist - , 
code: NVMI     day: macd + hist + ,  Week: macd - hist + , Month: macd + hist - , 
code: NVDA     day: macd - hist + ,  Week: macd - hist + , Month: macd + hist - , 
code: BBDC     day: macd - hist - ,  Week: macd - hist - , Month: macd + hist - , 
code: APPS     day: macd - hist - ,  Week: macd - hist - , Month: macd - hist - , 
code: ROK      day: macd - hist + ,  Week: macd - hist - , Month: macd + hist - , 
code: NHTC     day: macd - hist - ,  Week: macd - hist - , Month: macd - hist + , 
code: ZYXI     day: macd + hist + ,  Week: macd - hist + , Month: macd - hist - , 
code: LIT      day: macd + hist + ,  Week: macd - hist + , Month: macd + hist - , 
code: LLY      day: macd + hist + ,  Week: macd + hist + , Month: macd + hist + , 
code: GTLB     day: macd + hist + ,  Week: macd - hist + , Month: macd + hist + , 
code: MCD      day: macd + hist + ,  Week: macd - hist + , Month: macd + hist - , 
code: MSI      day: macd + hist + ,  Week: macd - hist + , Month: macd + hist - , 
code: HCP      day: macd - hist + ,  Week: macd - hist + , Month: macd + hist + , 
code: ON       day: macd + hist + ,  Week: macd + hist + , Month: macd + hist + , 
==== MACD sell list ====
code: AAPL     day: macd - hist + ,  Week: macd - hist - , 
code: AAPL     day: macd - hist + ,  Week: macd - hist - , Month: macd + hist - , 
code: EL       day: macd + hist + ,  Week: macd - hist + , Month: macd + hist - , 
code: NEE      day: macd + hist + ,  Week: macd - hist + , Month: macd + hist - , 
code: AMD      day: macd + hist + ,  Week: macd - hist + , Month: macd + hist - , 
code: APH      day: macd + hist + ,  Week: macd - hist + , Month: macd + hist - , 
code: XLP      day: macd - hist + ,  Week: macd - hist - , 
code: XLP      day: macd - hist + ,  Week: macd - hist - , Month: macd + hist - , 
code: SPXL     day: macd - hist + ,  Week: macd - hist - , 
code: SPXL     day: macd - hist + ,  Week: macd - hist - , Month: macd + hist - , 
code: KEYS     day: macd + hist + ,  Week: macd - hist + , Month: macd + hist - , 
code: VDC      day: macd - hist + ,  Week: macd - hist - , 
code: VDC      day: macd - hist + ,  Week: macd - hist - , Month: macd + hist - , 
code: SPTM     day: macd - hist + ,  Week: macd - hist + , Month: macd + hist - , 
code: SPLG     day: macd - hist + ,  Week: macd - hist + , Month: macd + hist - , 
code: CROX     day: macd - hist + ,  Week: macd - hist + , Month: macd + hist - , 
code: AXON     day: macd - hist + ,  Week: macd - hist + , Month: macd + hist - , 
code: AWR      day: macd - hist + ,  Week: macd - hist + , Month: macd + hist - , 
code: FN       day: macd - hist + ,  Week: macd - hist - , 
code: FN       day: macd - hist + ,  Week: macd - hist - , Month: macd + hist - , 
code: NXST     day: macd + hist + ,  Week: macd + hist - , 
code: TREX     day: macd + hist + ,  Week: macd - hist + , Month: macd + hist - , 
code: RGEN     day: macd + hist + ,  Week: macd - hist + , Month: macd + hist - , 
code: EXPO     day: macd - hist + ,  Week: macd - hist - , 
code: EXPO     day: macd - hist + ,  Week: macd - hist - , Month: macd + hist - , 
code: BCPC     day: macd + hist + ,  Week: macd - hist + , Month: macd + hist - , 
code: SOXL     day: macd - hist + ,  Week: macd - hist + , Month: macd + hist - , 
code: TECL     day: macd - hist + ,  Week: macd - hist + , Month: macd + hist - , 
code: NEO      day: macd - hist + ,  Week: macd - hist + , Month: macd - hist - , 
code: NVMI     day: macd + hist + ,  Week: macd - hist + , Month: macd + hist - , 
code: NVDA     day: macd - hist + ,  Week: macd - hist + , Month: macd + hist - , 
code: BBDC     day: macd - hist - , 
code: BBDC     day: macd - hist - ,  Week: macd - hist - , 
code: BBDC     day: macd - hist - ,  Week: macd - hist - , Month: macd + hist - , 
code: APPS     day: macd - hist - , 
code: APPS     day: macd - hist - ,  Week: macd - hist - , 
code: APPS     day: macd - hist - ,  Week: macd - hist - , Month: macd - hist - , 
code: ROK      day: macd - hist + ,  Week: macd - hist - , 
code: ROK      day: macd - hist + ,  Week: macd - hist - , Month: macd + hist - , 
code: NHTC     day: macd - hist - , 
code: NHTC     day: macd - hist - ,  Week: macd - hist - , 
code: ZYXI     day: macd + hist + ,  Week: macd - hist + , Month: macd - hist - , 
code: LIT      day: macd + hist + ,  Week: macd - hist + , Month: macd + hist - , 
code: MCD      day: macd + hist + ,  Week: macd - hist + , Month: macd + hist - , 
code: MSI      day: macd + hist + ,  Week: macd - hist + , Month: macd + hist - , 
===========================
profit
===========================
==== plus ====
XLP  , macd -, macd hist +, profit:    [1.3], per:   [1.79], now:  [73.88], buy:  [72.58]
VDC  , macd -, macd hist +, profit:    [0.5], per:   [0.26], now: [190.03], buy: [189.53]
NXST , macd +, macd hist +, profit:   [9.13], per:   [5.62], now: [171.63], buy:  [162.5]
ZYXI , macd +, macd hist +, profit:   [1.57], per:  [24.69], now:   [7.93], buy:   [6.36]
LLY  , macd +, macd hist +, profit:  [39.04], per:   [14.4], now: [310.04], buy:   [271.]
ON   , macd +, macd hist +, profit:   [3.99], per:   [6.67], now:  [63.85], buy:  [59.86]
-
     plus  len:  6
     profit:  [55.53], per:  [53.43], per/len(p):    [8.9], per/len(p+m):   [1.44]
-
==== minus ====
AAPL , macd -, macd hist +, profit:       [], per:       [], now: [147.62], buy:       []
EL   , macd +, macd hist +, profit:  [-75.4], per: [-22.19], now: [264.35], buy: [339.75]
NEE  , macd +, macd hist +, profit:  [-6.67], per:  [-7.82], now:  [78.66], buy:  [85.33]
AMD  , macd +, macd hist +, profit: [-17.05], per: [-14.18], now: [103.18], buy: [120.23]
APH  , macd +, macd hist +, profit:       [], per:       [], now:  [70.42], buy:       []
SPXL , macd -, macd hist +, profit: [-44.04], per: [-33.81], now:  [86.19], buy: [130.23]
KEYS , macd +, macd hist +, profit: [-40.77], per: [-21.91], now: [145.29], buy: [186.06]
SPTM , macd -, macd hist +, profit:  [-5.86], per: [-10.36], now:  [50.72], buy:  [56.58]
SPLG , macd -, macd hist +, profit:  [-5.59], per: [-10.35], now:   [48.4], buy:  [53.99]
CROX , macd -, macd hist +, profit: [-119.19], per: [-67.18], now:  [58.23], buy: [177.42]
AXON , macd -, macd hist +, profit: [-36.72], per: [-26.58], now: [101.43], buy: [138.15]
AWR  , macd -, macd hist +, profit:       [], per:       [], now:  [79.65], buy:       []
FN   , macd -, macd hist +, profit:  [-28.7], per: [-24.56], now:  [88.16], buy: [116.86]
TREX , macd +, macd hist +, profit:  [-4.09], per:  [-5.84], now:  [65.91], buy:    [70.]
RGEN , macd +, macd hist +, profit:  [-16.6], per:  [-9.24], now: [163.06], buy: [179.66]
EXPO , macd -, macd hist +, profit: [-12.14], per: [-12.01], now:  [88.97], buy: [101.11]
BCPC , macd +, macd hist +, profit: [-11.77], per:  [-8.59], now: [125.31], buy: [137.08]
SOXL , macd -, macd hist +, profit: [-18.99], per: [-45.12], now:   [23.1], buy:  [42.09]
TECL , macd -, macd hist +, profit: [-22.09], per: [-36.36], now:  [38.65], buy:  [60.74]
NEO  , macd -, macd hist +, profit:  [-9.74], per: [-54.62], now:    [8.1], buy:  [17.84]
NVMI , macd +, macd hist +, profit:  [-8.19], per:  [-7.14], now: [106.46], buy: [114.65]
NVDA , macd -, macd hist +, profit: [-67.47], per: [-26.39], now:  [188.2], buy: [255.67]
BBDC , macd -, macd hist -, profit:   [-0.6], per:  [-5.66], now:    [10.], buy:   [10.6]
APPS , macd -, macd hist -, profit: [-24.17], per: [-55.35], now:   [19.5], buy:  [43.67]
ROK  , macd -, macd hist +, profit: [-128.81], per: [-37.67], now: [213.09], buy: [341.89]
NHTC , macd -, macd hist -, profit:  [-0.54], per:  [-7.47], now:   [6.63], buy:   [7.17]
LIT  , macd +, macd hist +, profit: [-18.02], per: [-19.61], now:  [73.89], buy:  [91.91]
GTLB , macd +, macd hist +, profit:  [-2.02], per:  [-3.83], now:  [50.74], buy:  [52.76]
MCD  , macd +, macd hist +, profit:  [-8.13], per:  [-3.21], now: [245.33], buy: [253.46]
MSI  , macd +, macd hist +, profit: [-32.65], per: [-12.99], now: [218.76], buy: [251.41]
HCP  , macd -, macd hist +, profit: [-22.18], per: [-40.85], now:  [32.12], buy:   [54.3]
-
     minus len:  31
     profit:       [], per:       [], per/len(m):       [], per/len(p+m):       []
-
==== total ====
     profit:       [], per:       [], per/len(p+m):       []
arg[0]: scraping/yahoo-finace-api2.py, arg[1]: stock-code-list/up-month.txt
===========================
scraping
===========================
START:  A
END:    0.44707369804382324
-
START:  AAON
END:    0.8587427139282227
-
START:  AAPL
END:    1.3277287483215332
-
START:  ABG
END:    1.746762752532959
-
START:  ABT
END:    2.208890438079834
-
START:  ACLS
END:    2.603255033493042
-
START:  ACMR
END:    2.805507183074951
-
START:  ACN
END:    3.2488317489624023
-
START:  ADBE
END:    3.668696641921997
-
START:  ADI
END:    4.129086494445801
-
START:  ADP
END:    4.605697154998779
-
START:  ADSK
END:    5.005042791366577
-
START:  ADUS
END:    5.2480340003967285
-
START:  AEE
END:    5.626693248748779
-
START:  AGYS
END:    6.026027679443359
-
START:  AIZ
END:    7.425727844238281
-
START:  AJG
END:    7.888781309127808
-
START:  AJRD
END:    8.325470209121704
-
START:  ALB
END:    8.765814781188965
-
START:  ALG
END:    9.20130968093872
-
START:  ALGN
END:    10.606374263763428
-
START:  ALLE
END:    10.81265902519226
-
START:  ALTR
END:    10.961270093917847
-
START:  AMAT
END:    11.38844084739685
-
START:  AMBA
END:    11.624669313430786
-
START:  AMD
END:    13.005645990371704
-
START:  AME
END:    13.50524115562439
-
START:  AMED
END:    14.91480040550232
-
START:  AMEH
END:    15.19542407989502
-
START:  AMGN
END:    15.563508749008179
-
START:  AMN
END:    15.909735202789307
-
START:  AMP
END:    16.268855333328247
-
START:  AMRC
END:    19.53810977935791
-
START:  AMSWA
END:    19.97886824607849
-
START:  AMTX
END:    20.27784538269043
-
START:  AMZN
END:    20.671689748764038
-
START:  AN
END:    21.07401442527771
-
START:  ANSS
END:    21.45575213432312
-
START:  ANTM
END:    21.862509965896606
-
START:  AON
END:    22.357664346694946
-
START:  AOSL
END:    22.63306498527527
-
START:  APD
END:    23.084479570388794
-
START:  APH
END:    23.503172874450684
-
START:  APPF
END:    23.70991325378418
-
START:  APPN
END:    23.87419605255127
-
START:  APPS
END:    24.164668083190918
-
START:  AQN
END:    24.44330382347107
-
START:  ARCB
END:    24.907145500183105
-
START:  ARCT
END:    25.15905785560608
-
START:  ARES
END:    26.369670629501343
-
START:  ARGX
END:    26.50646424293518
-
START:  ARWR
END:    26.89569091796875
-
START:  ASML
END:    28.3407142162323
-
START:  ASPN
END:    28.5603928565979
-
START:  ATEC
END:    28.906694650650024
-
START:  ATEN
END:    29.219379901885986
-
START:  ATKR
END:    30.400352001190186
-
START:  ATOM
END:    30.55511474609375
-
START:  ATR
END:    31.046342372894287
-
START:  ATRC
END:    31.408162832260132
-
START:  AUDC
END:    31.79944396018982
-
START:  AUPH
END:    32.01394581794739
-
START:  AVAV
END:    33.333401679992676
-
START:  AVGO
END:    33.67565560340881
-
START:  AVID
END:    35.031498670578
-
START:  AVNW
END:    35.38493585586548
-
START:  AVXL
END:    35.732394218444824
-
START:  AVY
END:    36.16424298286438
-
START:  AWK
END:    36.56702733039856
-
START:  AWR
END:    37.0371036529541
-
START:  AXON
END:    37.47776198387146
-
START:  AZO
END:    38.959221839904785
-
START:  AZPN
END:    40.396217584609985
-
START:  BAH
END:    41.66593050956726
-
START:  BAM
END:    45.18594741821289
-
START:  BAX
END:    45.62563228607178
-
START:  BBH
END:    46.092841386795044
-
START:  BBQ
END:    47.51404571533203
-
START:  BBY
END:    47.966156244277954
-
START:  BCPC
END:    48.50153565406799
-
START:  BDX
END:    49.0781626701355
-
START:  BEEM
END:    49.31973361968994
-
START:  BFAM
END:    49.57722806930542
-
START:  BFC
END:    49.97517251968384
-
START:  BGFV
END:    50.441580295562744
-
START:  BGNE
END:    51.64812898635864
-
START:  BHVN
END:    52.82455778121948
-
START:  BIO
END:    53.22265982627869
-
START:  BL
END:    53.39480662345886
-
START:  BLD
END:    53.592564821243286
-
START:  BLDP
END:    53.98538589477539
-
START:  BLDR
END:    54.35136818885803
-
START:  BLFS
END:    54.756083488464355
-
START:  BLK
END:    56.22377920150757
-
START:  BLL
END:    56.71388101577759
-
START:  BLNK
END:    56.966453075408936
-
START:  BMI
END:    57.41076469421387
-
START:  BOOT
END:    58.64097762107849
-
START:  BOTZ
END:    59.84829115867615
-
START:  BR
END:    61.203633546829224
-
START:  BRKR
END:    61.57559084892273
-
START:  BRKS
Not Found: No data found, symbol may be delisted
START:  BRO
END:    65.09778785705566
-
START:  BURL
END:    65.29884028434753
-
START:  BX
END:    65.61721062660217
-
START:  CABO
END:    66.85515308380127
-
START:  CACI
END:    67.22691655158997
-
START:  CALX
END:    67.52636671066284
-
START:  CAMT
END:    67.89798974990845
-
START:  CAR
END:    68.305912733078
-
START:  CBRE
END:    68.66742324829102
-
START:  CBSH
END:    69.12582683563232
-
START:  CBZ
END:    69.53290939331055
-
START:  CCOI
END:    69.95762252807617
-
START:  CCS
END:    70.15668296813965
-
START:  CDMO
END:    71.54344058036804
-
START:  CDNA
END:    71.76985383033752
-
START:  CDNS
END:    72.19643044471741
-
START:  CDW
END:    72.4040298461914
-
START:  CELH
END:    75.74684286117554
-
START:  CGNX
END:    76.15737462043762
-
START:  CHD
END:    76.66781616210938
-
START:  CHDN
END:    77.10973286628723
-
START:  CHE
END:    77.54820919036865
-
START:  CHGG
END:    77.76359844207764
-
START:  CHH
END:    79.2850546836853
-
START:  CHKP
END:    79.67116045951843
-
START:  CHTR
END:    79.95164561271667
-
START:  CIEN
END:    80.33280229568481
-
START:  CLAR
END:    80.73850297927856
-
START:  CLFD
END:    81.13730525970459
-
START:  CLGN
END:    81.26565980911255
-
START:  CLNE
END:    82.61994194984436
-
START:  CLPT
END:    82.8266396522522
-
START:  CLX
END:    83.35136795043945
-
START:  CMCSA
END:    83.75371980667114
-
START:  CMG
END:    84.0976185798645
-
START:  CMS
END:    84.55282783508301
-
START:  CNC
END:    84.9813597202301
-
START:  CNI
END:    85.41818451881409
-
START:  CNMD
END:    85.79102087020874
-
START:  CNS
END:    87.19726514816284
-
START:  CNXN
END:    87.6364119052887
-
START:  COO
END:    88.04374837875366
-
START:  COST
END:    89.45745372772217
-
START:  COUP
END:    90.63707208633423
-
START:  COWN
END:    90.96177864074707
-
START:  CP
END:    91.37499570846558
-
START:  CPK
END:    92.84073328971863
-
START:  CPRT
END:    93.25753164291382
-
START:  CPSH
END:    93.66105508804321
-
START:  CRAI
END:    95.10575985908508
-
START:  CREE
Not Found: No data found, symbol may be delisted
START:  CRL
END:    96.5938184261322
-
START:  CRM
END:    96.98758745193481
-
START:  CRMT
END:    97.4084243774414
-
START:  CROX
END:    97.74614596366882
-
START:  CRSP
END:    97.90085077285767
-
START:  CRVL
END:    98.27922320365906
-
START:  CSGP
END:    98.67664289474487
-
START:  CSL
END:    100.17254757881165
-
START:  CSWI
END:    100.36909937858582
-
START:  CSX
END:    100.86693978309631
-
START:  CTAS
END:    102.32996249198914
-
START:  CTLT
END:    102.54235219955444
-
START:  CTRN
END:    103.99579381942749
-
START:  CURE
END:    104.268559217453
-
START:  CVCO
END:    105.62982249259949
-
START:  CVNA
END:    106.84468650817871
-
START:  CWST
END:    107.2517364025116
-
START:  CWT
END:    107.73955368995667
-
START:  CXSE
END:    108.05565047264099
-
START:  CYBR
END:    109.31028532981873
-
START:  CYRX
END:    110.65784239768982
-
START:  CYTK
END:    111.04514670372009
-
START:  DAC
END:    111.39591217041016
-
START:  DAR
END:    111.79423975944519
-
START:  DAVA
END:    111.93877172470093
-
START:  DDS
END:    112.41344904899597
-
START:  DE
END:    113.93728446960449
-
START:  DECK
END:    114.32489943504333
-
START:  DELL
END:    114.5133421421051
-
START:  DFIN
END:    114.70276665687561
-
START:  DG
END:    114.99469518661499
-
START:  DGRW
END:    116.28514695167542
-
START:  DHI
END:    117.72123718261719
-
START:  DHR
END:    118.17745637893677
-
START:  DIA
END:    118.6046257019043
-
START:  DIOD
END:    118.98893618583679
-
START:  DIS
END:    119.46878814697266
-
START:  DKS
END:    120.88974595069885
-
START:  DLN
END:    121.26367521286011
-
START:  DNLI
END:    121.41625499725342
-
START:  DOMO
END:    121.56113696098328
-
START:  DOV
END:    122.01636624336243
-
START:  DPZ
END:    123.41976022720337
-
START:  DQ
END:    124.71536612510681
-
START:  DRD
END:    125.15878510475159
-
START:  DRIO
END:    126.35473966598511
-
START:  DRNA
Not Found: No data found, symbol may be delisted
START:  DSGX
END:    126.80428457260132
-
START:  DVAX
END:    127.16605305671692
-
START:  DXCM
END:    128.57267999649048
-
START:  ECL
END:    129.08031129837036
-
START:  EFX
END:    129.5560224056244
-
START:  EGAN
END:    129.95290970802307
-
START:  EHC
END:    130.37090873718262
-
START:  EL
END:    131.81933307647705
-
START:  ENPH
END:    132.07492470741272
-
START:  ENSG
END:    133.4338903427124
-
START:  ENTG
END:    133.86991930007935
-
START:  ENV
END:    134.14368748664856
-
START:  EPAM
END:    135.3853485584259
-
START:  ERIE
END:    135.8625349998474
-
START:  ES
END:    137.46793365478516
-
START:  ESE
END:    138.944673538208
-
START:  ETN
END:    139.5140883922577
-
START:  ETSY
END:    139.72098350524902
-
START:  EVBG
END:    139.89249420166016
-
START:  EVTC
END:    140.10836625099182
-
START:  EW
END:    140.4940688610077
-
START:  EWT
END:    140.91575241088867
-
START:  EXAS
END:    142.3435719013214
-
START:  EXLS
END:    142.65863847732544
-
START:  EXPD
END:    143.09833097457886
-
START:  EXPI
END:    144.26500463485718
-
START:  EXPO
END:    144.67609167099
-
START:  FAST
END:    145.1338815689087
-
START:  FATE
END:    146.36114358901978
-
START:  FB
END:    146.5886526107788
-
START:  FCN
END:    146.97319626808167
-
START:  FCX
END:    147.40593266487122
-
START:  FDN
END:    147.73449635505676
-
START:  FDS
END:    148.19092416763306
-
START:  FELE
END:    149.6350736618042
-
START:  FFIN
END:    150.0439157485962
-
START:  FICO
END:    151.55122995376587
-
START:  FINX
END:    151.72550415992737
-
START:  FIS
END:    152.15778017044067
-
START:  FISV
END:    153.6097764968872
-
START:  FIVE
END:    153.8372414112091
-
START:  FIVN
END:    154.05808687210083
-
START:  FLGT
END:    154.2133514881134
-
START:  FLT
END:    154.5409553050995
-
START:  FLWS
END:    154.953063249588
-
START:  FN
END:    156.2311611175537
-
START:  FND
END:    156.36775732040405
-
START:  FNV
END:    156.71656274795532
-
START:  FORM
END:    157.11934447288513
-
START:  FOXF
END:    158.37477350234985
-
START:  FPX
END:    158.73403143882751
-
START:  FRC
END:    159.03119659423828
-
START:  FRHC
END:    159.18352818489075
-
START:  FRPT
END:    160.42417168617249
-
START:  FSS
END:    160.90706133842468
-
START:  FTNT
END:    161.16782116889954
-
START:  FUV
END:    161.32296681404114
-
START:  GDEN
END:    161.70756125450134
-
START:  GFI
END:    163.181720495224
-
START:  GGG
END:    163.6702437400818
-
START:  GIB
END:    164.04508757591248
-
START:  GLDD
END:    164.35532689094543
-
START:  GLOB
END:    164.5718035697937
-
START:  GMAB
END:    165.86113357543945
-
START:  GME
END:    166.2286355495453
-
START:  GMED
END:    167.48330211639404
-
START:  GNRC
END:    167.75683856010437
-
START:  GNSS
END:    168.15888571739197
-
START:  GNTX
END:    168.57391905784607
-
START:  GOLF
END:    168.75827503204346
-
START:  GOOG
END:    169.10151267051697
-
START:  GOOGL
END:    169.5188627243042
-
START:  GPI
END:    169.9515278339386
-
START:  GPN
END:    171.41213870048523
-
START:  GRBK
END:    171.74415612220764
-
START:  GRMN
END:    172.19746470451355
-
START:  GRVY
END:    172.5262429714203
-
START:  GRWG
END:    172.65612721443176
-
START:  GWRE
END:    172.8687264919281
-
START:  HACK
END:    174.07891368865967
-
START:  HALO
END:    174.48065042495728
-
START:  HCI
END:    174.81955575942993
-
START:  HD
END:    175.29886388778687
-
START:  HEI
END:    176.76213693618774
-
START:  HELE
END:    177.16667008399963
-
START:  HIBB
END:    177.55052876472473
-
START:  HLI
END:    178.78750896453857
-
START:  HLT
END:    179.0188946723938
-
START:  HOLX
END:    179.43819284439087
-
START:  HON
END:    179.94763660430908
-
START:  HOV
END:    180.33894205093384
-
START:  HRC
Not Found: No data found, symbol may be delisted
START:  HRI
END:    181.7324821949005
-
START:  HSKA
END:    182.11465191841125
-
START:  HTHT
END:    182.40233850479126
-
START:  HUBS
END:    183.64703917503357
-
START:  HUM
END:    184.10074472427368
-
START:  HZNP
END:    184.34852504730225
-
START:  IAC
END:    185.77641987800598
-
START:  IBP
END:    185.97751140594482
-
START:  ICE
END:    186.3993775844574
-
START:  ICLN
END:    186.7096676826477
-
START:  ICLR
END:    187.07366919517517
-
START:  IDT
END:    187.4912486076355
-
START:  IDXX
END:    188.90715146064758
-
START:  IESC
END:    189.3153645992279
-
START:  IEX
END:    189.76890969276428
-
START:  ILMN
END:    190.18050050735474
-
START:  INFO
Not Found: No data found, symbol may be delisted
START:  INOV
Not Found: No data found, symbol may be delisted
START:  INSP
END:    193.48234105110168
-
START:  INTC
END:    193.94382548332214
-
START:  INTU
END:    194.3511905670166
-
START:  INTZ
END:    195.75149536132812
-
START:  INVE
END:    197.15261363983154
-
START:  IOO
END:    198.62645649909973
-
START:  IQV
END:    198.89405703544617
-
START:  IRDM
END:    200.2354006767273
-
START:  IRMD
END:    200.42605066299438
-
START:  ISEE
END:    200.66641688346863
-
START:  ISRG
END:    201.0917682647705
-
START:  IT
END:    202.52188730239868
-
START:  ITT
END:    203.9914255142212
-
START:  ITW
END:    205.50238132476807
-
START:  IVOG
END:    205.78837180137634
-
START:  IVV
END:    207.21887278556824
-
START:  IXJ
END:    207.68308544158936
-
START:  IXN
END:    208.09993052482605
-
START:  J
END:    209.52823972702026
-
START:  JBL
END:    209.93476366996765
-
START:  JBSS
END:    210.36138916015625
-
START:  JD
END:    210.57958912849426
-
START:  JKHY
END:    210.98523426055908
-
START:  JKS
END:    211.262291431427
-
START:  JNJ
END:    211.7331690788269
-
START:  JOE
END:    212.13550901412964
-
START:  JOUT
END:    212.54782485961914
-
START:  JYNT
END:    213.7768111228943
-
START:  KAI
END:    215.21857523918152
-
START:  KBH
END:    215.64050245285034
-
START:  KBR
END:    215.9931926727295
-
START:  KDMN
Not Found: No data found, symbol may be delisted
START:  KEYS
END:    216.23610544204712
-
START:  KLAC
END:    216.6300823688507
-
START:  KLIC
END:    217.03349089622498
-
START:  KMX
END:    217.47802805900574
-
START:  KNSL
END:    217.684387922287
-
START:  KOPN
END:    219.1081461906433
-
START:  KOSS
END:    219.49803161621094
-
START:  KRNT
END:    220.6902995109558
-
START:  KSU
Not Found: No data found, symbol may be delisted
START:  KTOS
END:    222.1294140815735
-
START:  LAC
END:    222.43807458877563
-
START:  LAD
END:    222.87955451011658
-
START:  LANC
END:    224.36044239997864
-
START:  LAWS
END:    224.82107853889465
-
START:  LDOS
END:    225.1290602684021
-
START:  LFMD
END:    225.4295780658722
-
START:  LGIH
END:    225.61703515052795
-
START:  LH
END:    226.05330896377563
-
START:  LHCG
END:    226.3604097366333
-
START:  LHX
END:    226.850035905838
-
START:  LII
END:    227.28715324401855
-
START:  LIN
END:    227.6946988105774
-
START:  LINC
END:    228.03664350509644
-
START:  LIT
END:    229.3307967185974
-
START:  LLY
END:    229.75203132629395
-
START:  LMT
END:    231.2633674144745
-
START:  LNT
END:    231.69701051712036
-
START:  LOB
END:    231.92805981636047
-
START:  LOGI
END:    232.34198689460754
-
START:  LOVE
END:    232.47268056869507
-
START:  LOW
END:    233.9388346672058
-
START:  LPLA
END:    234.20913243293762
-
START:  LPSN
END:    234.58832597732544
-
START:  LQDT
END:    234.8823390007019
-
START:  LRCX
END:    236.31289935112
-
START:  LSCC
END:    236.71258735656738
-
START:  LSTR
END:    238.16664958000183
-
START:  LULU
END:    238.46440649032593
-
START:  LUNA
END:    238.81395506858826
-
START:  MA
END:    239.20121335983276
-
START:  MANH
END:    239.6227743625641
-
START:  MANT
END:    241.0804443359375
-
START:  MARA
END:    241.3376362323761
-
START:  MASI
END:    241.67709493637085
-
START:  MATX
END:    242.14629197120667
-
START:  MBUU
END:    242.4013638496399
-
START:  MCD
END:    242.85812878608704
-
START:  MCHP
END:    243.3481068611145
-
START:  MCO
END:    243.78255128860474
-
START:  MDB
END:    244.95299863815308
-
START:  MDT
END:    245.39584589004517
-
START:  MEDP
END:    245.5844702720642
-
START:  MEDS
END:    245.7629907131195
-
START:  MELI
END:    246.09534859657288
-
START:  MGC
END:    246.44514346122742
-
START:  MGIC
END:    247.89957785606384
-
START:  MGK
END:    248.25373554229736
-
START:  MGNI
END:    249.50280046463013
-
START:  MHO
END:    249.91478371620178
-
START:  MIME
END:    250.09442496299744
-
START:  MITK
END:    250.490802526474
-
START:  MKC
END:    250.97832322120667
-
START:  MKSI
END:    251.40553522109985
-
START:  MKTX
END:    251.79168057441711
-
START:  MLAB
END:    252.2049322128296
-
START:  MLR
END:    252.57563853263855
-
START:  MMC
END:    253.01432847976685
-
START:  MMS
END:    253.40228271484375
-
START:  MNMD
END:    254.63697338104248
-
START:  MNST
END:    255.0366187095642
-
START:  MODN
END:    255.2654242515564
-
START:  MODV
END:    256.66980624198914
-
START:  MOH
END:    257.0191559791565
-
START:  MORN
END:    260.4189829826355
-
START:  MPWR
END:    260.796875
-
START:  MRTX
END:    261.02538895606995
-
START:  MRVL
END:    261.4370744228363
-
START:  MS
END:    261.8867623806
-
START:  MSA
END:    262.3349177837372
-
START:  MSCI
END:    262.6696078777313
-
START:  MSEX
END:    263.13723635673523
-
START:  MSFT
END:    263.52762508392334
-
START:  MSI
END:    263.950430393219
-
START:  MSTR
END:    264.36502027511597
-
START:  MTBC
END:    264.5827910900116
-
START:  MTCH
END:    265.029789686203
-
START:  MTD
END:    266.21563029289246
-
START:  MTEX
END:    269.2207226753235
-
START:  MTH
END:    270.9709167480469
-
START:  MTLS
END:    272.2086708545685
-
START:  MTSI
END:    273.2076439857483
-
START:  MU
END:    274.7989807128906
-
START:  MUSA
END:    275.8742961883545
-
START:  MVIS
END:    277.3541479110718
-
START:  MXL
END:    278.50827860832214
-
START:  MYRG
END:    279.77676033973694
-
START:  NBIX
END:    281.26475286483765
-
START:  NCBS
END:    283.35093235969543
-
START:  NDAQ
END:    284.8637318611145
-
START:  NDSN
END:    286.3836510181427
-
START:  NEE
END:    288.8267638683319
-
START:  NEO
END:    290.39453196525574
-
START:  NEOG
END:    292.11720085144043
-
START:  NFLX
END:    293.4321620464325
-
START:  NICE
END:    295.28935742378235
-
START:  NISN
END:    296.1012432575226
-
START:  NKE
END:    299.199654340744
-
START:  NOVT
END:    300.4656071662903
-
START:  NOW
END:    301.6562764644623
-
START:  NSC
END:    303.163211107254
-
START:  NSIT
END:    304.6844816207886
-
START:  NSSC
END:    306.932480096817
-
START:  NSTG
END:    308.09124064445496
-
START:  NTLA
END:    309.18366050720215
-
START:  NTRA
END:    310.45934653282166
-
START:  NUAN
END:    311.6933696269989
-
START:  NVCR
END:    312.5270004272461
-
START:  NVDA
END:    314.27337551116943
-
START:  NVMI
END:    315.80348467826843
-
START:  NVO
END:    319.25910091400146
-
START:  NVR
END:    321.2155065536499
-
START:  NXST
END:    323.03225469589233
-
START:  NYT
END:    325.1048924922943
-
START:  OBCI
END:    326.6339428424835
-
START:  ODFL
END:    328.277170419693
-
START:  OEF
END:    329.8864984512329
-
START:  OFLX
END:    331.61573338508606
-
START:  OLED
END:    333.1850380897522
-
START:  OMCL
END:    334.9998552799225
-
START:  ON
END:    336.6038897037506
-
START:  OOMA
END:    337.58729243278503
-
START:  OPRX
END:    338.79163646698
-
START:  ORA
END:    340.86244773864746
-
START:  ORCL
END:    342.30186772346497
-
START:  ORLY
END:    343.73681235313416
-
START:  ORMP
END:    345.0539929866791
-
START:  OTEX
END:    347.0310597419739
-
START:  PACB
END:    348.41567730903625
-
START:  PAG
END:    350.3328227996826
-
START:  PANW
END:    351.67680764198303
-
START:  PAR
END:    353.0412425994873
-
START:  PAYC
END:    353.97834634780884
-
START:  PAYX
END:    357.5843782424927
-
START:  PBD
END:    359.11143708229065
-
START:  PCTY
END:    360.0997643470764
-
START:  PEGA
END:    361.9763333797455
-
START:  PEN
END:    363.0599069595337
-
START:  PENN
END:    364.6548066139221
-
START:  PEP
END:    367.89105677604675
-
START:  PERI
END:    369.4579641819
-
START:  PFSI
END:    370.81770491600037
-
START:  PGR
END:    373.2670726776123
-
START:  PH
END:    375.31337690353394
-
START:  PHM
END:    377.4655556678772
-
START:  PKI
END:    379.5408401489258
-
START:  PLL
END:    380.7152786254883
-
START:  PLNT
END:    381.8586571216583
-
START:  PLUG
END:    383.06101298332214
-
START:  PLXS
END:    384.7924551963806
-
START:  PODD
END:    387.29202914237976
-
START:  POOL
END:    390.2802925109863
-
START:  POWI
END:    392.2723877429962
-
START:  PRFT
END:    393.8145453929901
-
START:  PRI
END:    395.3866617679596
-
START:  PRTA
END:    396.49749875068665
-
START:  PRTS
END:    398.0114703178406
-
START:  PTSI
END:    399.72214436531067
-
START:  PWR
END:    401.06095910072327
-
START:  PYPL
END:    402.0499804019928
-
START:  QADA
Not Found: No data found, symbol may be delisted
START:  QCLN
END:    403.8388161659241
-
START:  QDEL
END:    405.3565983772278
-
START:  QGEN
END:    408.4257369041443
-
START:  QLYS
END:    409.7710132598877
-
START:  QQQ
END:    411.62889099121094
-
START:  QRVO
END:    412.77246737480164
-
START:  QTWO
END:    414.085932970047
-
START:  RADA
END:    415.572881937027
-
START:  RAMP
END:    417.30151081085205
-
START:  RBA
END:    418.8903787136078
-
START:  RCII
END:    420.3465847969055
-
START:  RCKY
END:    421.8336968421936
-
START:  RDNT
END:    423.3579545021057
-
START:  RDVT
END:    424.20054030418396
-
START:  RDWR
END:    426.69943356513977
-
START:  REGI
END:    427.8153314590454
-
START:  RENN
END:    429.093786239624
-
START:  RGEN
END:    430.42988681793213
-
START:  RH
END:    431.5117151737213
-
START:  RILY
END:    433.1680381298065
-
START:  RIOT
END:    434.23285460472107
-
START:  RLI
END:    436.0035791397095
-
START:  RLMD
END:    438.1108069419861
-
START:  RMD
END:    439.8060266971588
-
START:  RNG
END:    440.855740070343
-
START:  ROBO
END:    442.28200602531433
-
START:  ROCK
END:    444.4218370914459
-
START:  ROK
END:    446.431435585022
-
START:  ROKU
END:    447.32888627052307
-
START:  ROL
END:    449.0890531539917
-
START:  ROP
END:    450.6696162223816
-
START:  ROST
END:    452.54238176345825
-
START:  RPD
END:    453.7468180656433
-
START:  RPM
END:    455.560950756073
-
START:  RSG
END:    457.41733741760254
-
START:  RTH
END:    459.89818572998047
-
START:  RUN
END:    461.07700657844543
-
START:  RXI
END:    463.8561804294586
-
START:  SAIA
END:    465.4528615474701
-
START:  SAIC
END:    467.0028965473175
-
START:  SAM
END:    468.21618604660034
-
START:  SAVA
END:    469.8691008090973
-
START:  SCI
END:    472.160706281662
-
START:  SCL
END:    474.36677527427673
-
START:  SE
END:    475.1941113471985
-
START:  SEAS
END:    477.13581585884094
-
START:  SEDG
END:    478.1841399669647
-
START:  SFBS
END:    479.9551296234131
-
START:  SGEN
END:    482.3047397136688
-
START:  SGMS
END:    483.7712342739105
-
START:  SGRY
END:    484.5455527305603
-
START:  SHOP
END:    485.73669362068176
-
START:  SHW
END:    488.1560080051422
-
START:  SHYF
END:    490.04092717170715
-
START:  SITE
END:    492.2226574420929
-
START:  SIVB
END:    493.9629511833191
-
START:  SJW
END:    496.0944595336914
-
START:  SKY
END:    497.73112440109253
-
START:  SLAB
END:    500.4475450515747
-
START:  SLP
END:    502.4559359550476
-
START:  SMH
END:    504.40328788757324
-
START:  SMTC
END:    505.76598739624023
-
START:  SNAP
END:    507.76973152160645
-
START:  SNPS
END:    509.4269652366638
-
START:  SOCL
END:    510.698694229126
-
START:  SOXL
END:    512.1625912189484
-
START:  SPGI
END:    514.2498836517334
-
START:  SPLG
END:    516.4402945041656
-
START:  SPLK
END:    516.6716125011444
-
START:  SPNS
END:    517.0912933349609
-
START:  SPSC
END:    517.390798330307
-
START:  SPTM
END:    517.8445723056793
-
START:  SPWH
END:    519.10098695755
-
START:  SPWR
END:    519.4802513122559
-
START:  SPXC
END:    519.9442172050476
-
START:  SPXL
END:    520.2492299079895
-
START:  SPY
END:    520.7005603313446
-
START:  SPYG
END:    521.1471741199493
-
START:  SQ
END:    521.3265681266785
-
START:  SSD
END:    521.7528531551361
-
START:  SSNC
END:    522.0106999874115
-
START:  SSTK
END:    523.2962684631348
-
START:  STAA
END:    523.7154490947723
-
START:  STE
END:    524.1413514614105
-
START:  SUSA
END:    524.5328097343445
-
START:  SYK
END:    524.9572930335999
-
START:  SYNA
END:    528.4333848953247
-
START:  TBBK
END:    528.7768828868866
-
START:  TBK
END:    528.9493632316589
-
START:  TDG
END:    530.3000419139862
-
START:  TDOC
END:    530.5090243816376
-
START:  TDY
END:    530.8815696239471
-
START:  TEAM
END:    531.0385100841522
-
START:  TECH
END:    531.4243168830872
-
START:  TECL
END:    531.736677646637
-
START:  TER
END:    532.1690542697906
-
START:  TFX
END:    532.6737534999847
-
START:  TGH
END:    533.0173954963684
-
START:  TGLS
END:    533.2563998699188
-
START:  TGT
END:    533.7250635623932
-
START:  TGTX
END:    534.0055046081543
-
START:  THC
END:    535.4608299732208
-
START:  TJX
END:    535.9118049144745
-
START:  TMO
END:    537.3322474956512
-
START:  TMUS
END:    537.7356181144714
-
START:  TNDM
END:    537.9628798961639
-
START:  TNET
END:    538.1864466667175
-
START:  TPX
END:    538.60023188591
-
START:  TREX
END:    538.9761943817139
-
START:  TRI
END:    539.4019978046417
-
START:  TRIL
Not Found: No data found, symbol may be delisted
START:  TRMB
END:    539.8401391506195
-
START:  TRNS
END:    540.1991717815399
-
START:  TROW
END:    540.6513838768005
-
START:  TRU
END:    540.845953464508
-
START:  TRUP
END:    541.0476636886597
-
START:  TSCO
END:    542.4963076114655
-
START:  TSLA
END:    542.7775084972382
-
START:  TSM
END:    544.2359025478363
-
START:  TT
END:    544.7227687835693
-
START:  TTC
END:    545.158239364624
-
START:  TTD
END:    545.3154330253601
-
START:  TTEC
END:    545.7171106338501
-
START:  TTEK
END:    547.1463577747345
-
START:  TTGT
END:    547.4708306789398
-
START:  TTWO
END:    547.8580741882324
-
START:  TWLO
END:    548.0239191055298
-
START:  TXN
END:    549.5038161277771
-
START:  TYL
END:    549.9166972637177
-
START:  UCTT
END:    550.263587474823
-
START:  UFPI
END:    550.6989915370941
-
START:  UFPT
END:    551.0696699619293
-
START:  UI
END:    551.3342549800873
-
START:  UMC
END:    552.8563828468323
-
START:  UNF
END:    554.3806030750275
-
START:  UNH
END:    554.8210213184357
-
START:  UNP
END:    555.277369260788
-
START:  UPLD
END:    556.4913396835327
-
START:  URI
END:    556.887618303299
-
START:  V
END:    557.3020629882812
-
START:  VALU
END:    557.7666330337524
-
START:  VBK
END:    558.1561295986176
-
START:  VCEL
END:    559.5255064964294
-
START:  VCR
END:    559.9141747951508
-
START:  VCTR
END:    560.0475273132324
-
START:  VCYT
END:    560.2642979621887
-
START:  VDC
END:    560.6754240989685
-
START:  VEEV
END:    560.9161968231201
-
START:  VERU
END:    561.357750415802
-
START:  VGT
END:    561.8056631088257
-
START:  VHT
END:    562.217404127121
-
START:  VIAV
END:    562.609616279602
-
START:  VICR
END:    563.001264333725
-
START:  VIG
END:    563.3459856510162
-
START:  VO
END:    563.7529709339142
-
START:  VONE
END:    564.0411665439606
-
START:  VONG
END:    564.3277339935303
-
START:  VOO
END:    564.6189210414886
-
START:  VOOG
END:    564.8914213180542
-
START:  VOOV
END:    565.1662304401398
-
START:  VOT
END:    566.5544583797455
-
START:  VPU
END:    567.9717514514923
-
START:  VRNS
END:    568.1839871406555
-
START:  VRSK
END:    568.464949131012
-
START:  VRSN
END:    568.8157234191895
-
START:  VRTV
END:    569.0420138835907
-
START:  VSTO
END:    569.2745358943939
-
START:  VTHR
END:    569.5503334999084
-
START:  VTI
END:    569.9760634899139
-
START:  VTNR
END:    571.3683075904846
-
START:  VTWG
END:    571.6586484909058
-
START:  VUG
END:    572.0551924705505
-
START:  VV
END:    573.4975037574768
-
START:  VXF
END:    574.962744474411
-
START:  WCN
END:    575.3825573921204
-
START:  WD
END:    575.6293482780457
-
START:  WDAY
END:    575.8756883144379
-
START:  WDFC
END:    576.3356430530548
-
START:  WEC
END:    576.7837090492249
-
START:  WEN
END:    577.2694272994995
-
START:  WINA
END:    577.7421452999115
-
START:  WING
END:    577.984415769577
-
START:  WIRE
END:    578.4294657707214
-
START:  WIX
END:    578.6790759563446
-
START:  WK
END:    578.86656498909
-
START:  WLTW
Not Found: No data found, symbol may be delisted
START:  WM
END:    580.3911197185516
-
START:  WMS
END:    580.594051361084
-
START:  WNS
END:    581.9689157009125
-
START:  WRB
END:    582.4420711994171
-
START:  WSC
END:    582.6203746795654
-
START:  WSM
END:    584.0838572978973
-
START:  WST
END:    584.5356376171112
-
START:  WTRG
END:    585.02152967453
-
START:  WTS
END:    585.4827556610107
-
START:  XEL
END:    585.9893391132355
-
START:  XENE
END:    586.1616723537445
-
START:  XLK
END:    586.5986275672913
-
START:  XLNX
Not Found: No data found, symbol may be delisted
START:  XLP
END:    588.5571010112762
-
START:  XLRN
Not Found: No data found, symbol may be delisted
START:  XLU
END:    590.52636551857
-
START:  XLV
END:    592.2694752216339
-
START:  XLY
END:    594.1750049591064
-
START:  XYL
END:    595.6805102825165
-
START:  YNDX
END:    597.2295010089874
-
START:  YORW
END:    599.2216114997864
-
START:  YUM
END:    601.2215948104858
-
START:  Z
END:    602.2834661006927
-
START:  ZBRA
END:    603.4823939800262
-
START:  ZEN
END:    604.4953353404999
-
START:  ZLAB
END:    605.3607079982758
-
START:  ZNGA
END:    606.3721702098846
-
START:  ZS
END:    607.3565111160278
-
START:  ZTS
END:    608.6742460727692
-
START:  ZYXI
END:    610.3756995201111
-
===========================
MACD golden cross
===========================
START:  code
START:  A
START:  AAON
START:  AAPL
START:  ABG
START:  ABT
START:  ACLS
START:  ACMR
START:  ACN
START:  ADBE
START:  ADI
START:  ADP
START:  ADSK
START:  ADUS
START:  AEE
START:  AGYS
START:  AIZ
START:  AJG
START:  AJRD
START:  ALB
START:  ALG
START:  ALGN
START:  ALLE
START:  ALTR
START:  AMAT
START:  AMBA
START:  AMD
START:  AME
START:  AMED
START:  AMEH
START:  AMGN
START:  AMN
START:  AMP
START:  AMRC
START:  AMSWA
START:  AMTX
START:  AMZN
START:  AN
START:  ANSS
START:  ANTM
START:  AON
START:  AOSL
START:  APD
START:  APH
START:  APPF
START:  APPN
START:  APPS
START:  AQN
START:  ARCB
START:  ARCT
START:  ARES
START:  ARGX
START:  ARWR
START:  ASML
START:  ASPN
START:  ATEC
START:  ATEN
START:  ATKR
START:  ATOM
START:  ATR
START:  ATRC
START:  AUDC
START:  AUPH
START:  AVAV
START:  AVGO
START:  AVID
START:  AVNW
START:  AVXL
START:  AVY
START:  AWK
START:  AWR
START:  AXON
START:  AZO
START:  AZPN
START:  BAH
START:  BAM
START:  BAX
START:  BBH
START:  BBQ
START:  BBY
START:  BCPC
START:  BDX
START:  BEEM
START:  BFAM
START:  BFC
START:  BGFV
START:  BGNE
START:  BHVN
START:  BIO
START:  BL
START:  BLD
START:  BLDP
START:  BLDR
START:  BLFS
START:  BLK
START:  BLL
START:  BLNK
START:  BMI
START:  BOOT
START:  BOTZ
START:  BR
START:  BRKR
START:  BRKS
START:  BRO
START:  BURL
START:  BX
START:  CABO
START:  CACI
START:  CALX
START:  CAMT
START:  CAR
START:  CBRE
START:  CBSH
START:  CBZ
START:  CCOI
START:  CCS
START:  CDMO
START:  CDNA
START:  CDNS
START:  CDW
START:  CELH
START:  CGNX
START:  CHD
START:  CHDN
START:  CHE
START:  CHGG
START:  CHH
START:  CHKP
START:  CHTR
START:  CIEN
START:  CLAR
START:  CLFD
START:  CLGN
START:  CLNE
START:  CLPT
START:  CLX
START:  CMCSA
START:  CMG
START:  CMS
START:  CNC
START:  CNI
START:  CNMD
START:  CNS
START:  CNXN
START:  COO
START:  COST
START:  COUP
START:  COWN
START:  CP
START:  CPK
START:  CPRT
START:  CPSH
START:  CRAI
START:  CREE
START:  CRL
START:  CRM
START:  CRMT
START:  CROX
START:  CRSP
START:  CRVL
START:  CSGP
START:  CSL
START:  CSWI
START:  CSX
START:  CTAS
START:  CTLT
START:  CTRN
START:  CURE
START:  CVCO
START:  CVNA
START:  CWST
START:  CWT
START:  CXSE
START:  CYBR
START:  CYRX
START:  CYTK
START:  DAC
START:  DAR
START:  DAVA
START:  DDS
START:  DE
START:  DECK
START:  DELL
START:  DFIN
START:  DG
START:  DGRW
START:  DHI
START:  DHR
START:  DIA
START:  DIOD
START:  DIS
START:  DKS
START:  DLN
START:  DNLI
START:  DOMO
START:  DOV
START:  DPZ
START:  DQ
START:  DRD
START:  DRIO
START:  DRNA
START:  DSGX
START:  DVAX
START:  DXCM
START:  ECL
START:  EFX
START:  EGAN
START:  EHC
START:  EL
START:  ENPH
START:  ENSG
START:  ENTG
START:  ENV
START:  EPAM
START:  ERIE
START:  ES
START:  ESE
START:  ETN
START:  ETSY
START:  EVBG
START:  EVTC
START:  EW
START:  EWT
START:  EXAS
START:  EXLS
START:  EXPD
START:  EXPI
START:  EXPO
START:  FAST
START:  FATE
START:  FB
START:  FCN
START:  FCX
START:  FDN
START:  FDS
START:  FELE
START:  FFIN
START:  FICO
START:  FINX
START:  FIS
START:  FISV
START:  FIVE
START:  FIVN
START:  FLGT
START:  FLT
START:  FLWS
START:  FN
START:  FND
START:  FNV
START:  FORM
START:  FOXF
START:  FPX
START:  FRC
START:  FRHC
START:  FRPT
START:  FSS
START:  FTNT
START:  FUV
START:  GDEN
START:  GFI
START:  GGG
START:  GIB
START:  GLDD
START:  GLOB
START:  GMAB
START:  GME
START:  GMED
START:  GNRC
START:  GNSS
START:  GNTX
START:  GOLF
START:  GOOG
START:  GOOGL
START:  GPI
START:  GPN
START:  GRBK
START:  GRMN
START:  GRVY
START:  GRWG
START:  GWRE
START:  HACK
START:  HALO
START:  HCI
START:  HD
START:  HEI
START:  HELE
START:  HIBB
START:  HLI
START:  HLT
START:  HOLX
START:  HON
START:  HOV
START:  HRC
START:  HRI
START:  HSKA
START:  HTHT
START:  HUBS
START:  HUM
START:  HZNP
START:  IAC
START:  IBP
START:  ICE
START:  ICLN
START:  ICLR
START:  IDT
START:  IDXX
START:  IESC
START:  IEX
START:  ILMN
START:  INFO
START:  INOV
START:  INSP
START:  INTC
START:  INTU
START:  INTZ
START:  INVE
START:  IOO
START:  IQV
START:  IRDM
START:  IRMD
START:  ISEE
START:  ISRG
START:  IT
START:  ITT
START:  ITW
START:  IVOG
START:  IVV
START:  IXJ
START:  IXN
START:  J
START:  JBL
START:  JBSS
START:  JD
START:  JKHY
START:  JKS
START:  JNJ
START:  JOE
START:  JOUT
START:  JYNT
START:  KAI
START:  KBH
START:  KBR
START:  KDMN
START:  KEYS
START:  KLAC
START:  KLIC
START:  KMX
START:  KNSL
START:  KOPN
START:  KOSS
START:  KRNT
START:  KSU
START:  KTOS
START:  LAC
START:  LAD
START:  LANC
START:  LAWS
START:  LDOS
START:  LFMD
START:  LGIH
START:  LH
START:  LHCG
START:  LHX
START:  LII
START:  LIN
START:  LINC
START:  LIT
START:  LLY
START:  LMT
START:  LNT
START:  LOB
START:  LOGI
START:  LOVE
START:  LOW
START:  LPLA
START:  LPSN
START:  LQDT
START:  LRCX
START:  LSCC
START:  LSTR
START:  LULU
START:  LUNA
START:  MA
START:  MANH
START:  MANT
START:  MARA
START:  MASI
START:  MATX
START:  MBUU
START:  MCD
START:  MCHP
START:  MCO
START:  MDB
START:  MDT
START:  MEDP
START:  MEDS
START:  MELI
START:  MGC
START:  MGIC
START:  MGK
START:  MGNI
START:  MHO
START:  MIME
START:  MITK
START:  MKC
START:  MKSI
START:  MKTX
START:  MLAB
START:  MLR
START:  MMC
START:  MMS
START:  MNMD
START:  MNST
START:  MODN
START:  MODV
START:  MOH
START:  MORN
START:  MPWR
START:  MRTX
START:  MRVL
START:  MS
START:  MSA
START:  MSCI
START:  MSEX
START:  MSFT
START:  MSI
START:  MSTR
START:  MTBC
START:  MTCH
START:  MTD
START:  MTEX
START:  MTH
START:  MTLS
START:  MTSI
START:  MU
START:  MUSA
START:  MVIS
START:  MXL
START:  MYRG
START:  NBIX
START:  NCBS
START:  NDAQ
START:  NDSN
START:  NEE
START:  NEO
START:  NEOG
START:  NFLX
START:  NICE
START:  NISN
START:  NKE
START:  NOVT
START:  NOW
START:  NSC
START:  NSIT
START:  NSSC
START:  NSTG
START:  NTLA
START:  NTRA
START:  NUAN
START:  NVCR
START:  NVDA
START:  NVMI
START:  NVO
START:  NVR
START:  NXST
START:  NYT
START:  OBCI
START:  ODFL
START:  OEF
START:  OFLX
START:  OLED
START:  OMCL
START:  ON
START:  OOMA
START:  OPRX
START:  ORA
START:  ORCL
START:  ORLY
START:  ORMP
START:  OTEX
START:  PACB
START:  PAG
START:  PANW
START:  PAR
START:  PAYC
START:  PAYX
START:  PBD
START:  PCTY
START:  PEGA
START:  PEN
START:  PENN
START:  PEP
START:  PERI
START:  PFSI
START:  PGR
START:  PH
START:  PHM
START:  PKI
START:  PLL
START:  PLNT
START:  PLUG
START:  PLXS
START:  PODD
START:  POOL
START:  POWI
START:  PRFT
START:  PRI
START:  PRTA
START:  PRTS
START:  PTSI
START:  PWR
START:  PYPL
START:  QADA
START:  QCLN
START:  QDEL
START:  QGEN
START:  QLYS
START:  QQQ
START:  QRVO
START:  QTWO
START:  RADA
START:  RAMP
START:  RBA
START:  RCII
START:  RCKY
START:  RDNT
START:  RDVT
START:  RDWR
START:  REGI
START:  RENN
START:  RGEN
START:  RH
START:  RILY
START:  RIOT
START:  RLI
START:  RLMD
START:  RMD
START:  RNG
START:  ROBO
START:  ROCK
START:  ROK
START:  ROKU
START:  ROL
START:  ROP
START:  ROST
START:  RPD
START:  RPM
START:  RSG
START:  RTH
START:  RUN
START:  RXI
START:  SAIA
START:  SAIC
START:  SAM
START:  SAVA
START:  SCI
START:  SCL
START:  SE
START:  SEAS
START:  SEDG
START:  SFBS
START:  SGEN
START:  SGMS
START:  SGRY
START:  SHOP
START:  SHW
START:  SHYF
START:  SITE
START:  SIVB
START:  SJW
START:  SKY
START:  SLAB
START:  SLP
START:  SMH
START:  SMTC
START:  SNAP
START:  SNPS
START:  SOCL
START:  SOXL
START:  SPGI
START:  SPLG
START:  SPLK
START:  SPNS
START:  SPSC
START:  SPTM
START:  SPWH
START:  SPWR
START:  SPXC
START:  SPXL
START:  SPY
START:  SPYG
START:  SQ
START:  SSD
START:  SSNC
START:  SSTK
START:  STAA
START:  STE
START:  SUSA
START:  SYK
START:  SYNA
START:  TBBK
START:  TBK
START:  TDG
START:  TDOC
START:  TDY
START:  TEAM
START:  TECH
START:  TECL
START:  TER
START:  TFX
START:  TGH
START:  TGLS
START:  TGT
START:  TGTX
START:  THC
START:  TJX
START:  TMO
START:  TMUS
START:  TNDM
START:  TNET
START:  TPX
START:  TREX
START:  TRI
START:  TRIL
START:  TRMB
START:  TRNS
START:  TROW
START:  TRU
START:  TRUP
START:  TSCO
START:  TSLA
START:  TSM
START:  TT
START:  TTC
START:  TTD
START:  TTEC
START:  TTEK
START:  TTGT
START:  TTWO
START:  TWLO
START:  TXN
START:  TYL
START:  UCTT
START:  UFPI
START:  UFPT
START:  UI
START:  UMC
START:  UNF
START:  UNH
START:  UNP
START:  UPLD
START:  URI
START:  V
START:  VALU
START:  VBK
START:  VCEL
START:  VCR
START:  VCTR
START:  VCYT
START:  VDC
START:  VEEV
START:  VERU
START:  VGT
START:  VHT
START:  VIAV
START:  VICR
START:  VIG
START:  VO
START:  VONE
START:  VONG
START:  VOO
START:  VOOG
START:  VOOV
START:  VOT
START:  VPU
START:  VRNS
START:  VRSK
START:  VRSN
START:  VRTV
START:  VSTO
START:  VTHR
START:  VTI
START:  VTNR
START:  VTWG
START:  VUG
START:  VV
START:  VXF
START:  WCN
START:  WD
START:  WDAY
START:  WDFC
START:  WEC
START:  WEN
START:  WINA
START:  WING
START:  WIRE
START:  WIX
START:  WK
START:  WLTW
START:  WM
START:  WMS
START:  WNS
START:  WRB
START:  WSC
START:  WSM
START:  WST
START:  WTRG
START:  WTS
START:  XEL
START:  XENE
START:  XLK
START:  XLNX
START:  XLP
START:  XLRN
START:  XLU
START:  XLV
START:  XLY
START:  XYL
START:  YNDX
START:  YORW
START:  YUM
START:  Z
START:  ZBRA
START:  ZEN
START:  ZLAB
START:  ZNGA
START:  ZS
START:  ZTS
START:  ZYXI
==== MACD golden cross ====
None
code: AZO      day: macd + hist + hist_1pre + ,  Week: macd + hist + hist_1pre - , Month: macd + hist + hist_1pre + , 
Trade --> code: AZO    BUY: 2004-10-31   81.81 SELL: 2017-06-30  570.46  macd:   -2.90 macd_count: 152 profit:  6.97
Trade --> code: AZO    BUY: 2018-08-31  766.88 SELL: 2022-06-30 2114.97  macd:  221.11 macd_count:  47 profit:  2.76

code: DG       day: macd + hist + hist_1pre + ,  Week: macd + hist + hist_1pre - , Month: macd + hist - hist_1pre - , 
Trade --> code: DG     BUY: 2012-03-31   46.20 SELL: 2022-06-30  237.20  macd:   12.61 macd_count: 124 profit:  5.13

code: HUM      day: macd + hist + hist_1pre + ,  Week: macd + hist + hist_1pre - , Month: macd + hist - hist_1pre - , 
Trade --> code: HUM    BUY: 2004-10-31   19.15 SELL: 2008-07-31   43.91  macd:   -0.99 macd_count:  45 profit:  2.29
Trade --> code: HUM    BUY: 2010-05-31   46.05 SELL: 2022-06-30  453.19  macd:   19.91 macd_count: 146 profit:  9.84

code: KNSL     day: macd + hist + hist_1pre + ,  Week: macd + hist + hist_1pre - , Month: macd + hist + hist_1pre + , 
Trade --> code: KNSL   BUY: 2018-11-30   62.21 SELL: 2022-06-30  228.83  macd:   19.99 macd_count:  44 profit:  3.68

code: NUAN     day: macd + hist + hist_1pre + ,  Week: macd + hist + hist_1pre - , Month: macd + hist - hist_1pre - , 
Trade --> code: NUAN   BUY: 2005-11-30    5.38 SELL: 2008-11-30    7.94  macd:   -0.13 macd_count:  36 profit:  1.48
Trade --> code: NUAN   BUY: 2009-12-31   13.44 SELL: 2013-05-31   16.44  macd:   -0.10 macd_count:  41 profit:  1.22
Trade --> code: NUAN   BUY: 2015-11-30   18.11 SELL: 2016-07-31   13.90  macd:   -0.05 macd_count:   8 profit:  0.77
Trade --> code: NUAN   BUY: 2017-05-31   16.01 SELL: 2017-09-30   13.60  macd:   -0.04 macd_count:   4 profit:  0.85
Trade --> code: NUAN   BUY: 2019-04-30   14.56 SELL: 2022-03-31   55.99  macd:    7.14 macd_count:  36 profit:  3.85

code: NVO      day: macd + hist + hist_1pre + ,  Week: macd + hist + hist_1pre - , Month: macd + hist + hist_1pre + , 
Trade --> code: NVO    BUY: 2004-10-31    4.99 SELL: 2009-05-31   10.42  macd:   -0.00 macd_count:  55 profit:  2.09
Trade --> code: NVO    BUY: 2009-06-30   10.89 SELL: 2016-10-31   35.54  macd:   -0.28 macd_count:  88 profit:  3.26
Trade --> code: NVO    BUY: 2017-11-30   51.77 SELL: 2022-06-30  114.61  macd:   11.58 macd_count:  56 profit:  2.21

