Wed Jun 29 14:03:33 UTC 2022
arg[0]: scraping/yahoo-finace-api2.py, arg[1]: stock-code-list/buy-list.txt
===========================
scraping
===========================
START:  AAPL
END:    0.7360095977783203
-
START:  EL
END:    1.4227399826049805
-
START:  NEE
END:    2.2546324729919434
-
START:  AMD
END:    2.9769034385681152
-
START:  APH
END:    3.595301866531372
-
START:  XLP
END:    4.16776442527771
-
START:  SPXL
END:    4.872318744659424
-
START:  KEYS
END:    5.328036069869995
-
START:  VDC
END:    6.004644155502319
-
START:  SPTM
END:    6.649661302566528
-
START:  SPLG
END:    7.186983823776245
-
START:  CROX
END:    7.9250593185424805
-
START:  AXON
END:    8.617480039596558
-
START:  AWR
END:    9.404822587966919
-
START:  FN
END:    9.800189733505249
-
START:  NXST
END:    10.310826063156128
-
START:  TREX
END:    11.006269693374634
-
START:  RGEN
END:    11.532381534576416
-
START:  EXPO
END:    12.07821011543274
-
START:  BCPC
END:    12.68143105506897
-
START:  SOXL
END:    13.275843381881714
-
START:  TECL
END:    13.733758687973022
-
START:  NEO
END:    14.28799819946289
-
START:  NVMI
END:    14.90311312675476
-
START:  NVDA
END:    15.758965730667114
-
START:  BBDC
END:    16.318488359451294
-
START:  APPS
END:    16.751728773117065
-
START:  ROK
END:    17.410452365875244
-
START:  NHTC
END:    18.011167764663696
-
START:  ZYXI
END:    18.619444370269775
-
START:  LIT
END:    19.086750507354736
-
START:  LLY
END:    19.873785495758057
-
START:  GTLB
END:    20.137789011001587
-
START:  MCD
END:    20.92747735977173
-
START:  MSI
END:    21.58751630783081
-
START:  HCP
END:    22.077664375305176
-
START:  ON
END:    22.776545763015747
-
===========================
MACD sell
===========================
START:  AAPL
START:  EL
START:  NEE
START:  AMD
START:  APH
START:  XLP
START:  SPXL
START:  KEYS
START:  VDC
START:  SPTM
START:  SPLG
START:  CROX
START:  AXON
START:  AWR
START:  FN
START:  NXST
START:  TREX
START:  RGEN
START:  EXPO
START:  BCPC
START:  SOXL
START:  TECL
START:  NEO
START:  NVMI
START:  NVDA
START:  BBDC
START:  APPS
START:  ROK
START:  NHTC
START:  ZYXI
START:  LIT
START:  LLY
START:  GTLB
START:  MCD
START:  MSI
START:  HCP
START:  ON
==== MACD list ====
code: AAPL     day: macd - hist + ,  Week: macd - hist - , Month: macd + hist - , 
code: EL       day: macd + hist + ,  Week: macd - hist + , Month: macd + hist - , 
code: NEE      day: macd + hist + ,  Week: macd - hist + , Month: macd + hist - , 
code: AMD      day: macd - hist - ,  Week: macd - hist - , Month: macd + hist - , 
code: APH      day: macd - hist - ,  Week: macd - hist - , Month: macd + hist - , 
code: XLP      day: macd - hist + ,  Week: macd - hist - , Month: macd + hist - , 
code: SPXL     day: macd - hist + ,  Week: macd - hist - , Month: macd + hist - , 
code: KEYS     day: macd - hist + ,  Week: macd - hist + , Month: macd + hist - , 
code: VDC      day: macd - hist + ,  Week: macd - hist - , Month: macd + hist - , 
code: SPTM     day: macd - hist + ,  Week: macd - hist - , Month: macd + hist - , 
code: SPLG     day: macd - hist + ,  Week: macd - hist - , Month: macd + hist - , 
code: CROX     day: macd - hist + ,  Week: macd - hist + , Month: macd + hist - , 
code: AXON     day: macd - hist + ,  Week: macd - hist + , Month: macd + hist - , 
code: AWR      day: macd - hist + ,  Week: macd - hist + , Month: macd + hist - , 
code: FN       day: macd - hist + ,  Week: macd - hist - , Month: macd + hist - , 
code: NXST     day: macd - hist + ,  Week: macd - hist - , Month: macd + hist - , 
code: TREX     day: macd - hist + ,  Week: macd - hist + , Month: macd + hist - , 
code: RGEN     day: macd + hist + ,  Week: macd - hist + , Month: macd + hist - , 
code: EXPO     day: macd - hist + ,  Week: macd - hist + , Month: macd + hist - , 
code: BCPC     day: macd + hist + ,  Week: macd - hist + , Month: macd + hist - , 
code: SOXL     day: macd - hist - ,  Week: macd - hist - , Month: macd + hist - , 
code: TECL     day: macd - hist + ,  Week: macd - hist - , Month: macd + hist - , 
code: NEO      day: macd - hist + ,  Week: macd - hist + , Month: macd - hist - , 
code: NVMI     day: macd - hist - ,  Week: macd - hist - , Month: macd + hist - , 
code: NVDA     day: macd - hist - ,  Week: macd - hist - , Month: macd + hist - , 
code: BBDC     day: macd - hist - ,  Week: macd - hist - , Month: macd + hist - , 
code: APPS     day: macd - hist + ,  Week: macd - hist - , Month: macd - hist - , 
code: ROK      day: macd - hist + ,  Week: macd - hist + , Month: macd + hist - , 
code: NHTC     day: macd - hist + ,  Week: macd - hist - , Month: macd - hist + , 
code: ZYXI     day: macd + hist + ,  Week: macd + hist + , Month: macd - hist - , 
code: LIT      day: macd + hist + ,  Week: macd - hist + , Month: macd + hist - , 
code: LLY      day: macd + hist + ,  Week: macd + hist + , Month: macd + hist + , 
code: GTLB     day: macd + hist + ,  Week: macd - hist + , Month: macd + hist + , 
code: MCD      day: macd - hist + ,  Week: macd - hist + , Month: macd + hist - , 
code: MSI      day: macd - hist + ,  Week: macd - hist - , Month: macd + hist - , 
code: HCP      day: macd - hist + ,  Week: macd - hist + , Month: macd + hist + , 
code: ON       day: macd - hist - ,  Week: macd - hist - , Month: macd + hist - , 
==== MACD sell list ====
code: AAPL     day: macd - hist + ,  Week: macd - hist - , 
code: AAPL     day: macd - hist + ,  Week: macd - hist - , Month: macd + hist - , 
code: EL       day: macd + hist + ,  Week: macd - hist + , Month: macd + hist - , 
code: NEE      day: macd + hist + ,  Week: macd - hist + , Month: macd + hist - , 
code: AMD      day: macd - hist - , 
code: AMD      day: macd - hist - ,  Week: macd - hist - , 
code: AMD      day: macd - hist - ,  Week: macd - hist - , Month: macd + hist - , 
code: APH      day: macd - hist - , 
code: APH      day: macd - hist - ,  Week: macd - hist - , 
code: APH      day: macd - hist - ,  Week: macd - hist - , Month: macd + hist - , 
code: XLP      day: macd - hist + ,  Week: macd - hist - , 
code: XLP      day: macd - hist + ,  Week: macd - hist - , Month: macd + hist - , 
code: SPXL     day: macd - hist + ,  Week: macd - hist - , 
code: SPXL     day: macd - hist + ,  Week: macd - hist - , Month: macd + hist - , 
code: KEYS     day: macd - hist + ,  Week: macd - hist + , Month: macd + hist - , 
code: VDC      day: macd - hist + ,  Week: macd - hist - , 
code: VDC      day: macd - hist + ,  Week: macd - hist - , Month: macd + hist - , 
code: SPTM     day: macd - hist + ,  Week: macd - hist - , 
code: SPTM     day: macd - hist + ,  Week: macd - hist - , Month: macd + hist - , 
code: SPLG     day: macd - hist + ,  Week: macd - hist - , 
code: SPLG     day: macd - hist + ,  Week: macd - hist - , Month: macd + hist - , 
code: CROX     day: macd - hist + ,  Week: macd - hist + , Month: macd + hist - , 
code: AXON     day: macd - hist + ,  Week: macd - hist + , Month: macd + hist - , 
code: AWR      day: macd - hist + ,  Week: macd - hist + , Month: macd + hist - , 
code: FN       day: macd - hist + ,  Week: macd - hist - , 
code: FN       day: macd - hist + ,  Week: macd - hist - , Month: macd + hist - , 
code: NXST     day: macd - hist + ,  Week: macd - hist - , 
code: NXST     day: macd - hist + ,  Week: macd - hist - , Month: macd + hist - , 
code: TREX     day: macd - hist + ,  Week: macd - hist + , Month: macd + hist - , 
code: RGEN     day: macd + hist + ,  Week: macd - hist + , Month: macd + hist - , 
code: EXPO     day: macd - hist + ,  Week: macd - hist + , Month: macd + hist - , 
code: BCPC     day: macd + hist + ,  Week: macd - hist + , Month: macd + hist - , 
code: SOXL     day: macd - hist - , 
code: SOXL     day: macd - hist - ,  Week: macd - hist - , 
code: SOXL     day: macd - hist - ,  Week: macd - hist - , Month: macd + hist - , 
code: TECL     day: macd - hist + ,  Week: macd - hist - , 
code: TECL     day: macd - hist + ,  Week: macd - hist - , Month: macd + hist - , 
code: NEO      day: macd - hist + ,  Week: macd - hist + , Month: macd - hist - , 
code: NVMI     day: macd - hist - , 
code: NVMI     day: macd - hist - ,  Week: macd - hist - , 
code: NVMI     day: macd - hist - ,  Week: macd - hist - , Month: macd + hist - , 
code: NVDA     day: macd - hist - , 
code: NVDA     day: macd - hist - ,  Week: macd - hist - , 
code: NVDA     day: macd - hist - ,  Week: macd - hist - , Month: macd + hist - , 
code: BBDC     day: macd - hist - , 
code: BBDC     day: macd - hist - ,  Week: macd - hist - , 
code: BBDC     day: macd - hist - ,  Week: macd - hist - , Month: macd + hist - , 
code: APPS     day: macd - hist + ,  Week: macd - hist - , 
code: APPS     day: macd - hist + ,  Week: macd - hist - , Month: macd - hist - , 
code: ROK      day: macd - hist + ,  Week: macd - hist + , Month: macd + hist - , 
code: NHTC     day: macd - hist + ,  Week: macd - hist - , 
code: ZYXI     day: macd + hist + ,  Week: macd + hist + , Month: macd - hist - , 
code: LIT      day: macd + hist + ,  Week: macd - hist + , Month: macd + hist - , 
code: MCD      day: macd - hist + ,  Week: macd - hist + , Month: macd + hist - , 
code: MSI      day: macd - hist + ,  Week: macd - hist - , 
code: MSI      day: macd - hist + ,  Week: macd - hist - , Month: macd + hist - , 
code: ON       day: macd - hist - , 
code: ON       day: macd - hist - ,  Week: macd - hist - , 
code: ON       day: macd - hist - ,  Week: macd - hist - , Month: macd + hist - , 
===========================
profit
===========================
==== plus ====
NXST , macd -, macd hist +, profit:   [3.19], per:   [1.96], now: [165.69], buy:  [162.5]
ZYXI , macd +, macd hist +, profit:   [1.57], per:  [24.61], now:   [7.93], buy:   [6.36]
LLY  , macd +, macd hist +, profit:  [51.57], per:  [19.03], now: [322.57], buy:   [271.]
-
     plus  len:  3
     profit:  [56.33], per:   [45.6], per/len(p):   [15.2], per/len(p+m):   [1.23]
-
==== minus ====
AAPL , macd -, macd hist +, profit:       [], per:       [], now: [139.97], buy:       []
EL   , macd +, macd hist +, profit: [-83.45], per: [-24.56], now:  [256.3], buy: [339.75]
NEE  , macd +, macd hist +, profit:  [-8.93], per: [-10.47], now:   [76.4], buy:  [85.33]
AMD  , macd -, macd hist -, profit: [-41.26], per: [-34.32], now:  [78.97], buy: [120.23]
APH  , macd -, macd hist -, profit:       [], per:       [], now:  [63.95], buy:       []
XLP  , macd -, macd hist +, profit:  [-0.43], per:  [-0.59], now:  [72.15], buy:  [72.58]
SPXL , macd -, macd hist +, profit:  [-61.9], per: [-47.53], now:  [68.33], buy: [130.23]
KEYS , macd -, macd hist +, profit: [-49.09], per: [-26.38], now: [136.97], buy: [186.06]
VDC  , macd -, macd hist +, profit:  [-3.97], per:  [-2.09], now: [185.56], buy: [189.53]
SPTM , macd -, macd hist +, profit:  [-9.53], per: [-16.84], now:  [47.05], buy:  [56.58]
SPLG , macd -, macd hist +, profit:  [-9.06], per: [-16.78], now:  [44.93], buy:  [53.99]
CROX , macd -, macd hist +, profit: [-127.81], per: [-72.04], now:  [49.61], buy: [177.42]
AXON , macd -, macd hist +, profit: [-44.37], per: [-32.12], now:  [93.78], buy: [138.15]
AWR  , macd -, macd hist +, profit:       [], per:       [], now:  [78.52], buy:       []
FN   , macd -, macd hist +, profit: [-36.24], per: [-31.01], now:  [80.62], buy: [116.86]
TREX , macd -, macd hist +, profit: [-13.45], per: [-19.21], now:  [56.55], buy:    [70.]
RGEN , macd +, macd hist +, profit: [-15.82], per:  [-8.81], now: [163.84], buy: [179.66]
EXPO , macd -, macd hist +, profit: [-11.43], per:  [-11.3], now:  [89.68], buy: [101.11]
BCPC , macd +, macd hist +, profit: [-11.38], per:   [-8.3], now:  [125.7], buy: [137.08]
SOXL , macd -, macd hist -, profit: [-28.27], per: [-67.17], now:  [13.82], buy:  [42.09]
TECL , macd -, macd hist +, profit: [-31.06], per: [-51.14], now:  [29.68], buy:  [60.74]
NEO  , macd -, macd hist +, profit:  [-9.42], per:  [-52.8], now:   [8.42], buy:  [17.84]
NVMI , macd -, macd hist -, profit:  [-23.9], per: [-20.85], now:  [90.75], buy: [114.65]
NVDA , macd -, macd hist -, profit: [-99.77], per: [-39.02], now:  [155.9], buy: [255.67]
BBDC , macd -, macd hist -, profit:  [-1.14], per: [-10.75], now:   [9.46], buy:   [10.6]
APPS , macd -, macd hist +, profit: [-25.58], per: [-58.58], now:  [18.09], buy:  [43.67]
ROK  , macd -, macd hist +, profit: [-145.51], per: [-42.56], now: [196.38], buy: [341.89]
NHTC , macd -, macd hist +, profit:  [-1.75], per: [-24.41], now:   [5.42], buy:   [7.17]
LIT  , macd +, macd hist +, profit: [-18.57], per:  [-20.2], now:  [73.34], buy:  [91.91]
GTLB , macd +, macd hist +, profit:  [-0.26], per:  [-0.49], now:   [52.5], buy:  [52.76]
MCD  , macd -, macd hist +, profit:  [-7.01], per:  [-2.77], now: [246.45], buy: [253.46]
MSI  , macd -, macd hist +, profit: [-43.34], per: [-17.24], now: [208.07], buy: [251.41]
HCP  , macd -, macd hist +, profit: [-25.39], per: [-46.76], now:  [28.91], buy:   [54.3]
ON   , macd -, macd hist -, profit:  [-8.51], per: [-14.22], now:  [51.35], buy:  [59.86]
-
     minus len:  34
     profit:       [], per:       [], per/len(m):       [], per/len(p+m):       []
-
==== total ====
     profit:       [], per:       [], per/len(p+m):       []
arg[0]: scraping/yahoo-finace-api2.py, arg[1]: stock-code-list/up-month.txt
===========================
scraping
===========================
START:  A
END:    0.8271660804748535
-
START:  AAON
END:    1.4745752811431885
-
START:  AAPL
END:    2.0469913482666016
-
START:  ABG
END:    2.6322686672210693
-
START:  ABT
END:    3.2578585147857666
-
START:  ACLS
END:    3.9369990825653076
-
START:  ACMR
END:    4.20557975769043
-
START:  ACN
END:    4.794157266616821
-
START:  ADBE
END:    5.387007713317871
-
START:  ADI
END:    6.14088249206543
-
START:  ADP
END:    6.7369704246521
-
START:  ADSK
END:    7.376183032989502
-
START:  ADUS
END:    7.851353883743286
-
START:  AEE
END:    8.567561626434326
-
START:  AGYS
END:    9.210735321044922
-
START:  AIZ
END:    9.769115447998047
-
START:  AJG
END:    10.340098857879639
-
START:  AJRD
END:    10.91491985321045
-
START:  ALB
END:    11.481569051742554
-
START:  ALG
END:    12.032561302185059
-
START:  ALGN
END:    12.641705751419067
-
START:  ALLE
END:    13.22669267654419
-
START:  ALTR
END:    13.612920761108398
-
START:  AMAT
END:    14.191875219345093
-
START:  AMBA
END:    14.55056381225586
-
START:  AMD
END:    15.067314863204956
-
START:  AME
END:    15.829740047454834
-
START:  AMED
END:    16.47184133529663
-
START:  AMEH
END:    17.04002809524536
-
START:  AMGN
END:    17.588285207748413
-
START:  AMN
END:    18.0660400390625
-
START:  AMP
END:    18.632968187332153
-
START:  AMRC
END:    19.155073404312134
-
START:  AMSWA
END:    19.89402484893799
-
START:  AMTX
END:    20.337225914001465
-
START:  AMZN
END:    21.05618929862976
-
START:  AN
END:    21.637239694595337
-
START:  ANSS
END:    22.262613534927368
-
START:  ANTM
END:    22.946187496185303
-
START:  AON
END:    23.53193211555481
-
START:  AOSL
END:    23.98382258415222
-
START:  APD
END:    24.620124340057373
-
START:  APH
END:    25.46552038192749
-
START:  APPF
END:    25.840075731277466
-
START:  APPN
END:    26.1098575592041
-
START:  APPS
END:    26.638176202774048
-
START:  AQN
END:    27.054739236831665
-
START:  ARCB
END:    27.606645822525024
-
START:  ARCT
END:    28.0879647731781
-
START:  ARES
END:    28.681382179260254
-
START:  ARGX
END:    29.085280656814575
-
START:  ARWR
END:    29.712865352630615
-
START:  ASML
END:    30.277358055114746
-
START:  ASPN
END:    30.75688147544861
-
START:  ATEC
END:    31.33658719062805
-
START:  ATEN
END:    31.68486499786377
-
START:  ATKR
END:    31.971473932266235
-
START:  ATOM
END:    32.30014443397522
-
START:  ATR
END:    33.031999588012695
-
START:  ATRC
END:    33.47531056404114
-
START:  AUDC
END:    34.03757643699646
-
START:  AUPH
END:    34.468653202056885
-
START:  AVAV
END:    34.89964485168457
-
START:  AVGO
END:    35.35500454902649
-
START:  AVID
END:    35.94913363456726
-
START:  AVNW
END:    36.48111319541931
-
START:  AVXL
END:    36.89477348327637
-
START:  AVY
END:    37.50339126586914
-
START:  AWK
END:    38.183884620666504
-
START:  AWR
END:    38.76896834373474
-
START:  AXON
END:    39.47351622581482
-
START:  AZO
END:    40.08415603637695
-
START:  AZPN
END:    40.68533635139465
-
START:  BAH
END:    41.19966435432434
-
START:  BAM
END:    41.802063941955566
-
START:  BAX
END:    42.411492586135864
-
START:  BBH
END:    43.01427674293518
-
START:  BBQ
END:    43.636542081832886
-
START:  BBY
END:    44.228981733322144
-
START:  BCPC
END:    44.78840899467468
-
START:  BDX
END:    45.369672775268555
-
START:  BEEM
END:    45.74934387207031
-
START:  BFAM
END:    46.18193054199219
-
START:  BFC
END:    46.78809666633606
-
START:  BGFV
END:    47.33469223976135
-
START:  BGNE
END:    47.61219048500061
-
START:  BHVN
END:    48.08860921859741
-
START:  BIO
END:    48.7082462310791
-
START:  BL
END:    49.057541370391846
-
START:  BLD
END:    49.45745849609375
-
START:  BLDP
END:    50.000284910202026
-
START:  BLDR
END:    50.68954157829285
-
START:  BLFS
END:    51.430147647857666
-
START:  BLK
END:    52.19838213920593
-
START:  BLL
END:    53.06950807571411
-
START:  BLNK
END:    53.45865488052368
-
START:  BMI
END:    54.31602430343628
-
START:  BOOT
END:    54.782413721084595
-
START:  BOTZ
END:    55.210893392562866
-
START:  BR
END:    55.85889267921448
-
START:  BRKR
END:    56.39915871620178
-
START:  BRKS
Not Found: No data found, symbol may be delisted
START:  BRO
END:    57.38992762565613
-
START:  BURL
END:    57.889652729034424
-
START:  BX
END:    58.46238350868225
-
START:  CABO
END:    58.91721034049988
-
START:  CACI
END:    59.45099902153015
-
START:  CALX
END:    59.8469455242157
-
START:  CAMT
END:    60.502113342285156
-
START:  CAR
END:    61.07025861740112
-
START:  CBRE
END:    61.569833278656006
-
START:  CBSH
END:    62.17750263214111
-
START:  CBZ
END:    62.92637228965759
-
START:  CCOI
END:    63.53258442878723
-
START:  CCS
END:    63.941452980041504
-
START:  CDMO
END:    64.57787466049194
-
START:  CDNA
END:    64.89344549179077
-
START:  CDNS
END:    65.61016964912415
-
START:  CDW
END:    65.98187279701233
-
START:  CELH
END:    66.40794157981873
-
START:  CGNX
END:    67.07715487480164
-
START:  CHD
END:    67.69141268730164
-
START:  CHDN
END:    68.23246717453003
-
START:  CHE
END:    68.78725266456604
-
START:  CHGG
END:    69.13548111915588
-
START:  CHH
END:    69.82613158226013
-
START:  CHKP
END:    70.36307001113892
-
START:  CHTR
END:    70.8732213973999
-
START:  CIEN
END:    71.39277505874634
-
START:  CLAR
END:    72.09451103210449
-
START:  CLFD
END:    72.5967173576355
-
START:  CLGN
END:    72.97988057136536
-
START:  CLNE
END:    73.58906173706055
-
START:  CLPT
END:    73.95298075675964
-
START:  CLX
END:    74.5878415107727
-
START:  CMCSA
END:    75.36539268493652
-
START:  CMG
END:    75.83020973205566
-
START:  CMS
END:    76.45333695411682
-
START:  CNC
END:    76.97995328903198
-
START:  CNI
END:    77.63590431213379
-
START:  CNMD
END:    78.44691824913025
-
START:  CNS
END:    79.00596690177917
-
START:  CNXN
END:    79.81916761398315
-
START:  COO
END:    80.42233514785767
-
START:  COST
END:    80.97415161132812
-
START:  COUP
END:    81.39439225196838
-
START:  COWN
END:    81.94549036026001
-
START:  CP
END:    82.81097078323364
-
START:  CPK
END:    83.44905710220337
-
START:  CPRT
END:    84.0055820941925
-
START:  CPSH
END:    84.58839511871338
-
START:  CRAI
END:    85.23082900047302
-
START:  CREE
Not Found: No data found, symbol may be delisted
START:  CRL
END:    85.91550278663635
-
START:  CRM
END:    86.41494297981262
-
START:  CRMT
END:    86.9538516998291
-
START:  CROX
END:    87.41499519348145
-
START:  CRSP
END:    87.68714618682861
-
START:  CRVL
END:    88.30186772346497
-
START:  CSGP
END:    88.85461711883545
-
START:  CSL
END:    89.55124521255493
-
START:  CSWI
END:    90.02527737617493
-
START:  CSX
END:    90.74422097206116
-
START:  CTAS
END:    91.32251262664795
-
START:  CTLT
END:    91.65924167633057
-
START:  CTRN
END:    92.13271427154541
-
START:  CURE
END:    92.5353696346283
-
START:  CVCO
END:    93.09544086456299
-
START:  CVNA
END:    93.37175107002258
-
START:  CWST
END:    93.89184284210205
-
START:  CWT
END:    94.74781131744385
-
START:  CXSE
END:    95.15491485595703
-
START:  CYBR
END:    95.49961543083191
-
START:  CYRX
END:    95.9471275806427
-
START:  CYTK
END:    96.50234842300415
-
START:  DAC
END:    97.1622109413147
-
START:  DAR
END:    97.72118520736694
-
START:  DAVA
END:    97.97576832771301
-
START:  DDS
END:    98.56099390983582
-
START:  DE
END:    99.1822566986084
-
START:  DECK
END:    99.8069965839386
-
START:  DELL
END:    100.13144183158875
-
START:  DFIN
END:    100.41815280914307
-
START:  DG
END:    100.86364793777466
-
START:  DGRW
END:    101.31799387931824
-
START:  DHI
END:    102.02340292930603
-
START:  DHR
END:    102.72246718406677
-
START:  DIA
END:    103.31021976470947
-
START:  DIOD
END:    103.88112258911133
-
START:  DIS
END:    104.51917695999146
-
START:  DKS
END:    105.11529207229614
-
START:  DLN
END:    105.61800289154053
-
START:  DNLI
END:    106.04966402053833
-
START:  DOMO
END:    106.40703511238098
-
START:  DOV
END:    106.98819637298584
-
START:  DPZ
END:    107.668203830719
-
START:  DQ
END:    108.31178092956543
-
START:  DRD
END:    108.90407109260559
-
START:  DRIO
END:    109.2804627418518
-
START:  DRNA
Not Found: No data found, symbol may be delisted
START:  DSGX
END:    110.14450144767761
-
START:  DVAX
END:    110.62909245491028
-
START:  DXCM
END:    111.3912181854248
-
START:  ECL
END:    111.96923732757568
-
START:  EFX
END:    112.63818335533142
-
START:  EGAN
END:    113.26069974899292
-
START:  EHC
END:    113.80570983886719
-
START:  EL
END:    114.36654019355774
-
START:  ENPH
END:    114.76219344139099
-
START:  ENSG
END:    115.2757477760315
-
START:  ENTG
END:    115.82721900939941
-
START:  ENV
END:    116.31136870384216
-
START:  EPAM
END:    116.70344591140747
-
START:  ERIE
END:    117.42024517059326
-
START:  ES
END:    118.02924513816833
-
START:  ESE
END:    118.89630460739136
-
START:  ETN
END:    119.51211214065552
-
START:  ETSY
END:    119.90900707244873
-
START:  EVBG
END:    120.19052076339722
-
START:  EVTC
END:    120.58573770523071
-
START:  EW
END:    121.16296148300171
-
START:  EWT
END:    121.72254943847656
-
START:  EXAS
END:    122.36321210861206
-
START:  EXLS
END:    122.81831097602844
-
START:  EXPD
END:    123.45204162597656
-
START:  EXPI
END:    123.72507953643799
-
START:  EXPO
END:    124.2999222278595
-
START:  FAST
END:    124.89025640487671
-
START:  FATE
END:    125.50102043151855
-
START:  FB
END:    126.03956174850464
-
START:  FCN
END:    126.89096426963806
-
START:  FCX
END:    127.46380352973938
-
START:  FDN
END:    127.92072105407715
-
START:  FDS
END:    128.49877214431763
-
START:  FELE
END:    129.11572766304016
-
START:  FFIN
END:    129.82985591888428
-
START:  FICO
END:    130.44265031814575
-
START:  FINX
END:    130.75041222572327
-
START:  FIS
END:    131.3327715396881
-
START:  FISV
END:    131.93256330490112
-
START:  FIVE
END:    132.43165564537048
-
START:  FIVN
END:    132.76464176177979
-
START:  FLGT
END:    133.08495998382568
-
START:  FLT
END:    133.5430040359497
-
START:  FLWS
END:    134.30344128608704
-
START:  FN
END:    134.95000076293945
-
START:  FND
END:    135.2965545654297
-
START:  FNV
END:    135.75451064109802
-
START:  FORM
END:    136.4004843235016
-
START:  FOXF
END:    136.80851435661316
-
START:  FPX
END:    137.36456680297852
-
START:  FRC
END:    137.7768132686615
-
START:  FRHC
END:    138.2182445526123
-
START:  FRPT
END:    138.52875018119812
-
START:  FSS
END:    139.11804485321045
-
START:  FTNT
END:    139.51702404022217
-
START:  FUV
END:    139.7939236164093
-
START:  GDEN
END:    140.47341799736023
-
START:  GFI
END:    141.12886333465576
-
START:  GGG
END:    141.80368876457214
-
START:  GIB
END:    142.57012557983398
-
START:  GLDD
END:    143.0933449268341
-
START:  GLOB
END:    143.50791883468628
-
START:  GMAB
END:    144.00865244865417
-
START:  GME
END:    144.72164154052734
-
START:  GMED
END:    145.23702120780945
-
START:  GNRC
END:    145.78001642227173
-
START:  GNSS
END:    146.2855474948883
-
START:  GNTX
END:    146.85779213905334
-
START:  GOLF
END:    147.17759084701538
-
START:  GOOG
END:    148.09427762031555
-
START:  GOOGL
END:    148.5916347503662
-
START:  GPI
END:    149.2582070827484
-
START:  GPN
END:    149.86993217468262
-
START:  GRBK
END:    150.35680556297302
-
START:  GRMN
END:    151.0329728126526
-
START:  GRVY
END:    151.5777518749237
-
START:  GRWG
END:    151.85537719726562
-
START:  GWRE
END:    152.25587558746338
-
START:  HACK
END:    152.60359120368958
-
START:  HALO
END:    153.15069198608398
-
START:  HCI
END:    153.61450099945068
-
START:  HD
END:    154.35629057884216
-
START:  HEI
END:    155.51507568359375
-
START:  HELE
END:    156.16072630882263
-
START:  HIBB
END:    156.70012402534485
-
START:  HLI
END:    157.04073786735535
-
START:  HLT
END:    157.45883584022522
-
START:  HOLX
END:    157.9966275691986
-
START:  HON
END:    158.84967160224915
-
START:  HOV
END:    159.49293875694275
-
START:  HRC
Not Found: No data found, symbol may be delisted
START:  HRI
END:    160.40947103500366
-
START:  HSKA
END:    160.9913272857666
-
START:  HTHT
END:    161.54889297485352
-
START:  HUBS
END:    161.93401074409485
-
START:  HUM
END:    162.60952234268188
-
START:  HZNP
END:    162.99914717674255
-
START:  IAC
END:    163.56347608566284
-
START:  IBP
END:    163.92630410194397
-
START:  ICE
END:    164.53016805648804
-
START:  ICLN
END:    165.07335686683655
-
START:  ICLR
END:    165.6561667919159
-
START:  IDT
END:    166.21379613876343
-
START:  IDXX
END:    166.8467981815338
-
START:  IESC
END:    167.64584755897522
-
START:  IEX
END:    168.25211596488953
-
START:  ILMN
END:    168.8078179359436
-
START:  INFO
Not Found: No data found, symbol may be delisted
START:  INOV
Not Found: No data found, symbol may be delisted
START:  INSP
END:    169.53486561775208
-
START:  INTC
END:    170.0814459323883
-
START:  INTU
END:    170.6226863861084
-
START:  INTZ
END:    171.13044428825378
-
START:  INVE
END:    171.6619234085083
-
START:  IOO
END:    172.2762598991394
-
START:  IQV
END:    172.62386965751648
-
START:  IRDM
END:    173.13049602508545
-
START:  IRMD
END:    173.5711863040924
-
START:  ISEE
END:    173.97470259666443
-
START:  ISRG
END:    174.59563851356506
-
START:  IT
END:    175.13530731201172
-
START:  ITT
END:    175.71767568588257
-
START:  ITW
END:    176.3141589164734
-
START:  IVOG
END:    176.71966457366943
-
START:  IVV
END:    177.5730791091919
-
START:  IXJ
END:    178.25891590118408
-
START:  IXN
END:    178.79334163665771
-
START:  J
END:    179.38072180747986
-
START:  JBL
END:    180.09002304077148
-
START:  JBSS
END:    180.72239303588867
-
START:  JD
END:    181.08420038223267
-
START:  JKHY
END:    181.69053888320923
-
START:  JKS
END:    182.0986909866333
-
START:  JNJ
END:    182.72495675086975
-
START:  JOE
END:    183.30605220794678
-
START:  JOUT
END:    183.83938717842102
-
START:  JYNT
END:    184.3058798313141
-
START:  KAI
END:    185.01519179344177
-
START:  KBH
END:    185.58477973937988
-
START:  KBR
END:    186.13503074645996
-
START:  KDMN
Not Found: No data found, symbol may be delisted
START:  KEYS
END:    186.7024371623993
-
START:  KLAC
END:    187.4349503517151
-
START:  KLIC
END:    187.98433423042297
-
START:  KMX
END:    188.68139696121216
-
START:  KNSL
END:    189.22701406478882
-
START:  KOPN
END:    189.81446027755737
-
START:  KOSS
END:    190.36373686790466
-
START:  KRNT
END:    190.80859541893005
-
START:  KSU
Not Found: No data found, symbol may be delisted
START:  KTOS
END:    191.6142234802246
-
START:  LAC
END:    192.03262972831726
-
START:  LAD
END:    192.59980034828186
-
START:  LANC
END:    193.1968641281128
-
START:  LAWS
END:    193.77507185935974
-
START:  LDOS
END:    194.2784149646759
-
START:  LFMD
END:    194.8814136981964
-
START:  LGIH
END:    195.30663323402405
-
START:  LH
END:    195.9939248561859
-
START:  LHCG
END:    196.47220826148987
-
START:  LHX
END:    197.06427550315857
-
START:  LII
END:    197.8115050792694
-
START:  LIN
END:    198.40572428703308
-
START:  LINC
END:    198.87601232528687
-
START:  LIT
END:    199.42724204063416
-
START:  LLY
END:    200.07429003715515
-
START:  LMT
END:    200.70287609100342
-
START:  LNT
END:    201.290869474411
-
START:  LOB
END:    201.6349446773529
-
START:  LOGI
END:    202.37315201759338
-
START:  LOVE
END:    202.73318719863892
-
START:  LOW
END:    203.30291867256165
-
START:  LPLA
END:    203.87505865097046
-
START:  LPSN
END:    204.4098904132843
-
START:  LQDT
END:    205.08805084228516
-
START:  LRCX
END:    205.9436058998108
-
START:  LSCC
END:    206.4599802494049
-
START:  LSTR
END:    207.07342052459717
-
START:  LULU
END:    207.60897302627563
-
START:  LUNA
END:    208.14843559265137
-
START:  MA
END:    209.1447296142578
-
START:  MANH
END:    209.68339347839355
-
START:  MANT
END:    210.3895616531372
-
START:  MARA
END:    210.77726340293884
-
START:  MASI
END:    211.21565556526184
-
START:  MATX
END:    211.91582536697388
-
START:  MBUU
END:    212.26819586753845
-
START:  MCD
END:    212.89575171470642
-
START:  MCHP
END:    213.64505410194397
-
START:  MCO
END:    214.30967593193054
-
START:  MDB
END:    214.63252091407776
-
START:  MDT
END:    215.23785996437073
-
START:  MEDP
END:    215.55269861221313
-
START:  MEDS
END:    215.8755989074707
-
START:  MELI
END:    216.37993669509888
-
START:  MGC
END:    216.85064029693604
-
START:  MGIC
END:    217.61883544921875
-
START:  MGK
END:    218.17187929153442
-
START:  MGNI
END:    218.61717057228088
-
START:  MHO
END:    219.20507383346558
-
START:  MIME
END:    219.5339765548706
-
START:  MITK
END:    220.03384017944336
-
START:  MKC
END:    220.6841332912445
-
START:  MKSI
END:    221.2692267894745
-
START:  MKTX
END:    221.81820344924927
-
START:  MLAB
END:    222.52496552467346
-
START:  MLR
END:    223.1214509010315
-
START:  MMC
END:    223.68863821029663
-
START:  MMS
END:    224.30258011817932
-
START:  MNMD
END:    224.63657975196838
-
START:  MNST
END:    225.17407822608948
-
START:  MODN
END:    225.7485363483429
-
START:  MODV
END:    226.3194444179535
-
START:  MOH
END:    226.85277247428894
-
START:  MORN
END:    227.40836763381958
-
START:  MPWR
END:    227.92255640029907
-
START:  MRTX
END:    228.43788313865662
-
START:  MRVL
END:    228.98996233940125
-
START:  MS
END:    229.6889684200287
-
START:  MSA
END:    230.48066806793213
-
START:  MSCI
END:    230.97298383712769
-
START:  MSEX
END:    231.85843706130981
-
START:  MSFT
END:    232.41279816627502
-
START:  MSI
END:    233.14982962608337
-
START:  MSTR
END:    233.69970607757568
-
START:  MTBC
END:    234.03994226455688
-
START:  MTCH
END:    234.6317675113678
-
START:  MTD
END:    235.15249395370483
-
START:  MTEX
END:    235.80411171913147
-
START:  MTH
END:    236.34870290756226
-
START:  MTLS
END:    236.74659991264343
-
START:  MTSI
END:    237.17814540863037
-
START:  MU
END:    237.74013996124268
-
START:  MUSA
END:    238.1772813796997
-
START:  MVIS
END:    238.80567908287048
-
START:  MXL
END:    239.43555808067322
-
START:  MYRG
END:    239.91738557815552
-
START:  NBIX
END:    240.45750164985657
-
START:  NCBS
END:    240.95794987678528
-
START:  NDAQ
END:    241.74260807037354
-
START:  NDSN
END:    242.6084122657776
-
START:  NEE
END:    243.32919335365295
-
START:  NEO
END:    243.79713654518127
-
START:  NEOG
END:    244.348060131073
-
START:  NFLX
END:    245.03924036026
-
START:  NICE
END:    245.84098196029663
-
START:  NISN
END:    246.13514113426208
-
START:  NKE
END:    246.71480059623718
-
START:  NOVT
END:    247.2584629058838
-
START:  NOW
END:    247.65117859840393
-
START:  NSC
END:    248.22956538200378
-
START:  NSIT
END:    248.82367610931396
-
START:  NSSC
END:    249.35159373283386
-
START:  NSTG
END:    249.83031749725342
-
START:  NTLA
END:    250.21178483963013
-
START:  NTRA
END:    250.66213297843933
-
START:  NUAN
END:    251.2177209854126
-
START:  NVCR
END:    251.60144877433777
-
START:  NVDA
END:    252.15697765350342
-
START:  NVMI
END:    252.77023005485535
-
START:  NVO
END:    253.39303541183472
-
START:  NVR
END:    253.94526481628418
-
START:  NXST
END:    254.45992922782898
-
START:  NYT
END:    255.36261510849
-
START:  OBCI
END:    256.0253686904907
-
START:  ODFL
END:    256.7678074836731
-
START:  OEF
END:    257.34356474876404
-
START:  OFLX
END:    257.8929908275604
-
START:  OLED
END:    258.4669940471649
-
START:  OMCL
END:    259.00374722480774
-
START:  ON
END:    259.6157190799713
-
START:  OOMA
END:    259.9373722076416
-
START:  OPRX
END:    260.5588364601135
-
START:  ORA
END:    261.26841735839844
-
START:  ORCL
END:    261.82935428619385
-
START:  ORLY
END:    262.3685438632965
-
START:  ORMP
END:    262.78786611557007
-
START:  OTEX
END:    263.3338792324066
-
START:  PACB
END:    263.81376814842224
-
START:  PAG
END:    264.6480555534363
-
START:  PANW
END:    265.20260548591614
-
START:  PAR
END:    265.74334597587585
-
START:  PAYC
END:    266.10915660858154
-
START:  PAYX
END:    266.67332673072815
-
START:  PBD
END:    267.1233789920807
-
START:  PCTY
END:    267.47810912132263
-
START:  PEGA
END:    268.2340979576111
-
START:  PEN
END:    268.6563904285431
-
START:  PENN
END:    269.18214106559753
-
START:  PEP
END:    269.7981524467468
-
START:  PERI
END:    270.3212773799896
-
START:  PFSI
END:    270.75429344177246
-
START:  PGR
END:    271.37297010421753
-
START:  PH
END:    271.9782166481018
-
START:  PHM
END:    272.6745505332947
-
START:  PKI
END:    273.32395243644714
-
START:  PLL
END:    273.73095774650574
-
START:  PLNT
END:    274.0540552139282
-
START:  PLUG
END:    274.6978266239166
-
START:  PLXS
END:    275.22745156288147
-
START:  PODD
END:    275.67176246643066
-
START:  POOL
END:    276.2474980354309
-
START:  POWI
END:    276.86093950271606
-
START:  PRFT
END:    277.40131974220276
-
START:  PRI
END:    277.83992886543274
-
START:  PRTA
END:    278.21094012260437
-
START:  PRTS
END:    278.66902804374695
-
START:  PTSI
END:    279.2067289352417
-
START:  PWR
END:    279.7835307121277
-
START:  PYPL
END:    280.12811756134033
-
START:  QADA
Not Found: No data found, symbol may be delisted
START:  QCLN
END:    280.9230086803436
-
START:  QDEL
END:    281.5062975883484
-
START:  QGEN
END:    282.25001311302185
-
START:  QLYS
END:    282.8199646472931
-
START:  QQQ
END:    283.3954372406006
-
START:  QRVO
END:    283.795770406723
-
START:  QTWO
END:    284.1830048561096
-
START:  RADA
END:    284.75419187545776
-
START:  RAMP
END:    285.291268825531
-
START:  RBA
END:    286.2040832042694
-
START:  RCII
END:    286.74993348121643
-
START:  RCKY
END:    287.44305753707886
-
START:  RDNT
END:    288.0107865333557
-
START:  RDVT
END:    288.30473351478577
-
START:  RDWR
END:    288.8410789966583
-
START:  REGI
END:    289.3230650424957
-
START:  RENN
END:    289.74281907081604
-
START:  RGEN
END:    290.2603886127472
-
START:  RH
END:    290.7587220668793
-
START:  RILY
END:    291.2072985172272
-
START:  RIOT
END:    291.48733496665955
-
START:  RLI
END:    292.0688338279724
-
START:  RLMD
END:    292.38281297683716
-
START:  RMD
END:    292.9591393470764
-
START:  RNG
END:    293.32208728790283
-
START:  ROBO
END:    293.73272228240967
-
START:  ROCK
END:    294.2875552177429
-
START:  ROK
END:    294.87669110298157
-
START:  ROKU
END:    295.154194355011
-
START:  ROL
END:    295.7422819137573
-
START:  ROP
END:    296.4290325641632
-
START:  ROST
END:    297.08612298965454
-
START:  RPD
END:    297.5993478298187
-
START:  RPM
END:    298.2617611885071
-
START:  RSG
END:    298.86733865737915
-
START:  RTH
END:    299.4835720062256
-
START:  RUN
END:    299.78934812545776
-
START:  RXI
END:    300.4582152366638
-
START:  SAIA
END:    301.05783224105835
-
START:  SAIC
END:    301.63373279571533
-
START:  SAM
END:    302.1590082645416
-
START:  SAVA
END:    302.821738243103
-
START:  SCI
END:    303.4190249443054
-
START:  SCL
END:    303.99412655830383
-
START:  SE
END:    304.2719292640686
-
START:  SEAS
END:    304.7607641220093
-
START:  SEDG
END:    305.11937069892883
-
START:  SFBS
END:    305.59850788116455
-
START:  SGEN
END:    306.2288234233856
-
START:  SGMS
END:    306.9357554912567
-
START:  SGRY
END:    307.2499828338623
-
START:  SHOP
END:    307.63962388038635
-
START:  SHW
END:    308.3506758213043
-
START:  SHYF
END:    308.9719989299774
-
START:  SITE
END:    309.3018579483032
-
START:  SIVB
END:    309.8376417160034
-
START:  SJW
END:    310.5671417713165
-
START:  SKY
END:    311.1596927642822
-
START:  SLAB
END:    311.8361928462982
-
START:  SLP
END:    312.3942918777466
-
START:  SMH
END:    313.20080041885376
-
START:  SMTC
END:    313.73016238212585
-
START:  SNAP
END:    314.13845038414
-
START:  SNPS
END:    314.66057562828064
-
START:  SOCL
END:    315.52924609184265
-
START:  SOXL
END:    316.1520457267761
-
START:  SPGI
END:    316.91621112823486
-
START:  SPLG
END:    317.7571151256561
-
START:  SPLK
END:    318.13517665863037
-
START:  SPNS
END:    318.70472049713135
-
START:  SPSC
END:    319.09395241737366
-
START:  SPTM
END:    319.6628460884094
-
START:  SPWH
END:    320.03503155708313
-
START:  SPWR
END:    320.63108229637146
-
START:  SPXC
END:    321.21749114990234
-
START:  SPXL
END:    321.6802501678467
-
START:  SPY
END:    322.4388384819031
-
START:  SPYG
END:    323.0724284648895
-
START:  SQ
END:    323.3886733055115
-
START:  SSD
END:    324.1475467681885
-
START:  SSNC
END:    324.70737385749817
-
START:  SSTK
END:    325.2040226459503
-
START:  STAA
END:    325.7248692512512
-
START:  STE
END:    326.3029909133911
-
START:  SUSA
END:    327.0675494670868
-
START:  SYK
END:    327.6547794342041
-
START:  SYNA
END:    328.2140779495239
-
START:  TBBK
END:    328.9645414352417
-
START:  TBK
END:    329.46821117401123
-
START:  TDG
END:    330.1135778427124
-
START:  TDOC
END:    330.44767212867737
-
START:  TDY
END:    330.93553709983826
-
START:  TEAM
END:    331.26657819747925
-
START:  TECH
END:    331.956387758255
-
START:  TECL
END:    332.7232463359833
-
START:  TER
END:    333.3609459400177
-
START:  TFX
END:    333.95075249671936
-
START:  TGH
END:    334.694926738739
-
START:  TGLS
END:    335.1465139389038
-
START:  TGT
END:    335.7979166507721
-
START:  TGTX
END:    336.2080783843994
-
START:  THC
END:    336.94016003608704
-
START:  TJX
END:    337.8547673225403
-
START:  TMO
END:    338.5082206726074
-
START:  TMUS
END:    338.9470419883728
-
START:  TNDM
END:    339.4437928199768
-
START:  TNET
END:    339.8569395542145
-
START:  TPX
END:    340.3750755786896
-
START:  TREX
END:    340.964955329895
-
START:  TRI
END:    341.59458899497986
-
START:  TRIL
Not Found: No data found, symbol may be delisted
START:  TRMB
END:    342.3015730381012
-
START:  TRNS
END:    342.8486876487732
-
START:  TROW
END:    343.4859838485718
-
START:  TRU
END:    343.85428190231323
-
START:  TRUP
END:    344.21002769470215
-
START:  TSCO
END:    344.77973222732544
-
START:  TSLA
END:    345.44118785858154
-
START:  TSM
END:    346.2298939228058
-
START:  TT
END:    347.13485741615295
-
START:  TTC
END:    348.014413356781
-
START:  TTD
END:    348.3968508243561
-
START:  TTEC
END:    349.0956029891968
-
START:  TTEK
END:    349.64134335517883
-
START:  TTGT
END:    350.3471519947052
-
START:  TTWO
END:    350.91480779647827
-
START:  TWLO
END:    351.32598400115967
-
START:  TXN
END:    352.02030086517334
-
START:  TYL
END:    352.5362226963043
-
START:  UCTT
END:    353.1718008518219
-
START:  UFPI
END:    353.76612854003906
-
START:  UFPT
END:    354.3919141292572
-
START:  UI
END:    354.81336283683777
-
START:  UMC
END:    355.4846670627594
-
START:  UNF
END:    356.07822465896606
-
START:  UNH
END:    356.7325167655945
-
START:  UNP
END:    357.3345241546631
-
START:  UPLD
END:    357.6842415332794
-
START:  URI
END:    358.26491260528564
-
START:  V
END:    358.7615382671356
-
START:  VALU
END:    359.3315739631653
-
START:  VBK
END:    360.01295137405396
-
START:  VCEL
END:    360.7091827392578
-
START:  VCR
END:    361.288037776947
-
START:  VCTR
END:    361.58064222335815
-
START:  VCYT
END:    361.9428050518036
-
START:  VDC
END:    362.46035742759705
-
START:  VEEV
END:    362.82654094696045
-
START:  VERU
END:    363.4318335056305
-
START:  VGT
END:    364.0781843662262
-
START:  VHT
END:    364.6078255176544
-
START:  VIAV
END:    365.15567278862
-
START:  VICR
END:    365.73510813713074
-
START:  VIG
END:    366.31112837791443
-
START:  VO
END:    366.9826331138611
-
START:  VONE
END:    367.4129285812378
-
START:  VONG
END:    367.8413667678833
-
START:  VOO
END:    368.33293652534485
-
START:  VOOG
END:    369.01645278930664
-
START:  VOOV
END:    369.4172101020813
-
START:  VOT
END:    370.14206862449646
-
START:  VPU
END:    370.875857591629
-
START:  VRNS
END:    371.3432767391205
-
START:  VRSK
END:    371.87315702438354
-
START:  VRSN
END:    372.4104714393616
-
START:  VRTV
END:    372.7462201118469
-
START:  VSTO
END:    373.13590025901794
-
START:  VTHR
END:    373.5594141483307
-
START:  VTI
END:    374.141982793808
-
START:  VTNR
END:    374.80956506729126
-
START:  VTWG
END:    375.23661518096924
-
START:  VUG
END:    375.7591428756714
-
START:  VV
END:    376.3636691570282
-
START:  VXF
END:    376.9314796924591
-
START:  WCN
END:    377.53252148628235
-
START:  WD
END:    377.92999601364136
-
START:  WDAY
END:    378.51052474975586
-
START:  WDFC
END:    379.2781274318695
-
START:  WEC
END:    380.17785596847534
-
START:  WEN
END:    380.91153740882874
-
START:  WINA
END:    381.4769375324249
-
START:  WING
END:    381.88481616973877
-
START:  WIRE
END:    382.5163516998291
-
START:  WIX
END:    382.86522030830383
-
START:  WK
END:    383.27186703681946
-
START:  WLTW
Not Found: No data found, symbol may be delisted
START:  WM
END:    384.26718759536743
-
START:  WMS
END:    384.80328845977783
-
START:  WNS
END:    385.2477777004242
-
START:  WRB
END:    385.86609292030334
-
START:  WSC
END:    386.26013469696045
-
START:  WSM
END:    386.96908378601074
-
START:  WST
END:    387.6191840171814
-
START:  WTRG
END:    388.4735608100891
-
START:  WTS
END:    389.0766968727112
-
START:  XEL
END:    389.6809434890747
-
START:  XENE
END:    390.0209639072418
-
START:  XLK
END:    390.66791582107544
-
START:  XLNX
Not Found: No data found, symbol may be delisted
START:  XLP
END:    391.54736852645874
-
START:  XLRN
Not Found: No data found, symbol may be delisted
START:  XLU
END:    392.3502757549286
-
START:  XLV
END:    392.9702169895172
-
START:  XLY
END:    393.56796002388
-
START:  XYL
END:    394.0536479949951
-
START:  YNDX
END:    394.50520873069763
-
START:  YORW
END:    395.1313292980194
-
START:  YUM
END:    395.6952450275421
-
START:  Z
END:    396.2175302505493
-
START:  ZBRA
END:    396.7670681476593
-
START:  ZEN
END:    397.1031742095947
-
START:  ZLAB
END:    397.3871030807495
-
START:  ZNGA
END:    397.8994836807251
-
START:  ZS
END:    398.2487442493439
-
START:  ZTS
END:    398.8968541622162
-
START:  ZYXI
END:    399.4139995574951
-
===========================
MACD golden cross
===========================
START:  code
START:  A
START:  AAON
START:  AAPL
START:  ABG
START:  ABT
START:  ACLS
START:  ACMR
START:  ACN
START:  ADBE
START:  ADI
START:  ADP
START:  ADSK
START:  ADUS
START:  AEE
START:  AGYS
START:  AIZ
START:  AJG
START:  AJRD
START:  ALB
START:  ALG
START:  ALGN
START:  ALLE
START:  ALTR
START:  AMAT
START:  AMBA
START:  AMD
START:  AME
START:  AMED
START:  AMEH
START:  AMGN
START:  AMN
START:  AMP
START:  AMRC
START:  AMSWA
START:  AMTX
START:  AMZN
START:  AN
START:  ANSS
START:  ANTM
START:  AON
START:  AOSL
START:  APD
START:  APH
START:  APPF
START:  APPN
START:  APPS
START:  AQN
START:  ARCB
START:  ARCT
START:  ARES
START:  ARGX
START:  ARWR
START:  ASML
START:  ASPN
START:  ATEC
START:  ATEN
START:  ATKR
START:  ATOM
START:  ATR
START:  ATRC
START:  AUDC
START:  AUPH
START:  AVAV
START:  AVGO
START:  AVID
START:  AVNW
START:  AVXL
START:  AVY
START:  AWK
START:  AWR
START:  AXON
START:  AZO
START:  AZPN
START:  BAH
START:  BAM
START:  BAX
START:  BBH
START:  BBQ
START:  BBY
START:  BCPC
START:  BDX
START:  BEEM
START:  BFAM
START:  BFC
START:  BGFV
START:  BGNE
START:  BHVN
START:  BIO
START:  BL
START:  BLD
START:  BLDP
START:  BLDR
START:  BLFS
START:  BLK
START:  BLL
START:  BLNK
START:  BMI
START:  BOOT
START:  BOTZ
START:  BR
START:  BRKR
START:  BRKS
START:  BRO
START:  BURL
START:  BX
START:  CABO
START:  CACI
START:  CALX
START:  CAMT
START:  CAR
START:  CBRE
START:  CBSH
START:  CBZ
START:  CCOI
START:  CCS
START:  CDMO
START:  CDNA
START:  CDNS
START:  CDW
START:  CELH
START:  CGNX
START:  CHD
START:  CHDN
START:  CHE
START:  CHGG
START:  CHH
START:  CHKP
START:  CHTR
START:  CIEN
START:  CLAR
START:  CLFD
START:  CLGN
START:  CLNE
START:  CLPT
START:  CLX
START:  CMCSA
START:  CMG
START:  CMS
START:  CNC
START:  CNI
START:  CNMD
START:  CNS
START:  CNXN
START:  COO
START:  COST
START:  COUP
START:  COWN
START:  CP
START:  CPK
START:  CPRT
START:  CPSH
START:  CRAI
START:  CREE
START:  CRL
START:  CRM
START:  CRMT
START:  CROX
START:  CRSP
START:  CRVL
START:  CSGP
START:  CSL
START:  CSWI
START:  CSX
START:  CTAS
START:  CTLT
START:  CTRN
START:  CURE
START:  CVCO
START:  CVNA
START:  CWST
START:  CWT
START:  CXSE
START:  CYBR
START:  CYRX
START:  CYTK
START:  DAC
START:  DAR
START:  DAVA
START:  DDS
START:  DE
START:  DECK
START:  DELL
START:  DFIN
START:  DG
START:  DGRW
START:  DHI
START:  DHR
START:  DIA
START:  DIOD
START:  DIS
START:  DKS
START:  DLN
START:  DNLI
START:  DOMO
START:  DOV
START:  DPZ
START:  DQ
START:  DRD
START:  DRIO
START:  DRNA
START:  DSGX
START:  DVAX
START:  DXCM
START:  ECL
START:  EFX
START:  EGAN
START:  EHC
START:  EL
START:  ENPH
START:  ENSG
START:  ENTG
START:  ENV
START:  EPAM
START:  ERIE
START:  ES
START:  ESE
START:  ETN
START:  ETSY
START:  EVBG
START:  EVTC
START:  EW
START:  EWT
START:  EXAS
START:  EXLS
START:  EXPD
START:  EXPI
START:  EXPO
START:  FAST
START:  FATE
START:  FB
START:  FCN
START:  FCX
START:  FDN
START:  FDS
START:  FELE
START:  FFIN
START:  FICO
START:  FINX
START:  FIS
START:  FISV
START:  FIVE
START:  FIVN
START:  FLGT
START:  FLT
START:  FLWS
START:  FN
START:  FND
START:  FNV
START:  FORM
START:  FOXF
START:  FPX
START:  FRC
START:  FRHC
START:  FRPT
START:  FSS
START:  FTNT
START:  FUV
START:  GDEN
START:  GFI
START:  GGG
START:  GIB
START:  GLDD
START:  GLOB
START:  GMAB
START:  GME
START:  GMED
START:  GNRC
START:  GNSS
START:  GNTX
START:  GOLF
START:  GOOG
START:  GOOGL
START:  GPI
START:  GPN
START:  GRBK
START:  GRMN
START:  GRVY
START:  GRWG
START:  GWRE
START:  HACK
START:  HALO
START:  HCI
START:  HD
START:  HEI
START:  HELE
START:  HIBB
START:  HLI
START:  HLT
START:  HOLX
START:  HON
START:  HOV
START:  HRC
START:  HRI
START:  HSKA
START:  HTHT
START:  HUBS
START:  HUM
START:  HZNP
START:  IAC
START:  IBP
START:  ICE
START:  ICLN
START:  ICLR
START:  IDT
START:  IDXX
START:  IESC
START:  IEX
START:  ILMN
START:  INFO
START:  INOV
START:  INSP
START:  INTC
START:  INTU
START:  INTZ
START:  INVE
START:  IOO
START:  IQV
START:  IRDM
START:  IRMD
START:  ISEE
START:  ISRG
START:  IT
START:  ITT
START:  ITW
START:  IVOG
START:  IVV
START:  IXJ
START:  IXN
START:  J
START:  JBL
START:  JBSS
START:  JD
START:  JKHY
START:  JKS
START:  JNJ
START:  JOE
START:  JOUT
START:  JYNT
START:  KAI
START:  KBH
START:  KBR
START:  KDMN
START:  KEYS
START:  KLAC
START:  KLIC
START:  KMX
START:  KNSL
START:  KOPN
START:  KOSS
START:  KRNT
START:  KSU
START:  KTOS
START:  LAC
START:  LAD
START:  LANC
START:  LAWS
START:  LDOS
START:  LFMD
START:  LGIH
START:  LH
START:  LHCG
START:  LHX
START:  LII
START:  LIN
START:  LINC
START:  LIT
START:  LLY
START:  LMT
START:  LNT
START:  LOB
START:  LOGI
START:  LOVE
START:  LOW
START:  LPLA
START:  LPSN
START:  LQDT
START:  LRCX
START:  LSCC
START:  LSTR
START:  LULU
START:  LUNA
START:  MA
START:  MANH
START:  MANT
START:  MARA
START:  MASI
START:  MATX
START:  MBUU
START:  MCD
START:  MCHP
START:  MCO
START:  MDB
START:  MDT
START:  MEDP
START:  MEDS
START:  MELI
START:  MGC
START:  MGIC
START:  MGK
START:  MGNI
START:  MHO
START:  MIME
START:  MITK
START:  MKC
START:  MKSI
START:  MKTX
START:  MLAB
START:  MLR
START:  MMC
START:  MMS
START:  MNMD
START:  MNST
START:  MODN
START:  MODV
START:  MOH
START:  MORN
START:  MPWR
START:  MRTX
START:  MRVL
START:  MS
START:  MSA
START:  MSCI
START:  MSEX
START:  MSFT
START:  MSI
START:  MSTR
START:  MTBC
START:  MTCH
START:  MTD
START:  MTEX
START:  MTH
START:  MTLS
START:  MTSI
START:  MU
START:  MUSA
START:  MVIS
START:  MXL
START:  MYRG
START:  NBIX
START:  NCBS
START:  NDAQ
START:  NDSN
START:  NEE
START:  NEO
START:  NEOG
START:  NFLX
START:  NICE
START:  NISN
START:  NKE
START:  NOVT
START:  NOW
START:  NSC
START:  NSIT
START:  NSSC
START:  NSTG
START:  NTLA
START:  NTRA
START:  NUAN
START:  NVCR
START:  NVDA
START:  NVMI
START:  NVO
START:  NVR
START:  NXST
START:  NYT
START:  OBCI
START:  ODFL
START:  OEF
START:  OFLX
START:  OLED
START:  OMCL
START:  ON
START:  OOMA
START:  OPRX
START:  ORA
START:  ORCL
START:  ORLY
START:  ORMP
START:  OTEX
START:  PACB
START:  PAG
START:  PANW
START:  PAR
START:  PAYC
START:  PAYX
START:  PBD
START:  PCTY
START:  PEGA
START:  PEN
START:  PENN
START:  PEP
START:  PERI
START:  PFSI
START:  PGR
START:  PH
START:  PHM
START:  PKI
START:  PLL
START:  PLNT
START:  PLUG
START:  PLXS
START:  PODD
START:  POOL
START:  POWI
START:  PRFT
START:  PRI
START:  PRTA
START:  PRTS
START:  PTSI
START:  PWR
START:  PYPL
START:  QADA
START:  QCLN
START:  QDEL
START:  QGEN
START:  QLYS
START:  QQQ
START:  QRVO
START:  QTWO
START:  RADA
START:  RAMP
START:  RBA
START:  RCII
START:  RCKY
START:  RDNT
START:  RDVT
START:  RDWR
START:  REGI
START:  RENN
START:  RGEN
START:  RH
START:  RILY
START:  RIOT
START:  RLI
START:  RLMD
START:  RMD
START:  RNG
START:  ROBO
START:  ROCK
START:  ROK
START:  ROKU
START:  ROL
START:  ROP
START:  ROST
START:  RPD
START:  RPM
START:  RSG
START:  RTH
START:  RUN
START:  RXI
START:  SAIA
START:  SAIC
START:  SAM
START:  SAVA
START:  SCI
START:  SCL
START:  SE
START:  SEAS
START:  SEDG
START:  SFBS
START:  SGEN
START:  SGMS
START:  SGRY
START:  SHOP
START:  SHW
START:  SHYF
START:  SITE
START:  SIVB
START:  SJW
START:  SKY
START:  SLAB
START:  SLP
START:  SMH
START:  SMTC
START:  SNAP
START:  SNPS
START:  SOCL
START:  SOXL
START:  SPGI
START:  SPLG
START:  SPLK
START:  SPNS
START:  SPSC
START:  SPTM
START:  SPWH
START:  SPWR
START:  SPXC
START:  SPXL
START:  SPY
START:  SPYG
START:  SQ
START:  SSD
START:  SSNC
START:  SSTK
START:  STAA
START:  STE
START:  SUSA
START:  SYK
START:  SYNA
START:  TBBK
START:  TBK
START:  TDG
START:  TDOC
START:  TDY
START:  TEAM
START:  TECH
START:  TECL
START:  TER
START:  TFX
START:  TGH
START:  TGLS
START:  TGT
START:  TGTX
START:  THC
START:  TJX
START:  TMO
START:  TMUS
START:  TNDM
START:  TNET
START:  TPX
START:  TREX
START:  TRI
START:  TRIL
START:  TRMB
START:  TRNS
START:  TROW
START:  TRU
START:  TRUP
START:  TSCO
START:  TSLA
START:  TSM
START:  TT
START:  TTC
START:  TTD
START:  TTEC
START:  TTEK
START:  TTGT
START:  TTWO
START:  TWLO
START:  TXN
START:  TYL
START:  UCTT
START:  UFPI
START:  UFPT
START:  UI
START:  UMC
START:  UNF
START:  UNH
START:  UNP
START:  UPLD
START:  URI
START:  V
START:  VALU
START:  VBK
START:  VCEL
START:  VCR
START:  VCTR
START:  VCYT
START:  VDC
START:  VEEV
START:  VERU
START:  VGT
START:  VHT
START:  VIAV
START:  VICR
START:  VIG
START:  VO
START:  VONE
START:  VONG
START:  VOO
START:  VOOG
START:  VOOV
START:  VOT
START:  VPU
START:  VRNS
START:  VRSK
START:  VRSN
START:  VRTV
START:  VSTO
START:  VTHR
START:  VTI
START:  VTNR
START:  VTWG
START:  VUG
START:  VV
START:  VXF
START:  WCN
START:  WD
START:  WDAY
START:  WDFC
START:  WEC
START:  WEN
START:  WINA
START:  WING
START:  WIRE
START:  WIX
START:  WK
START:  WLTW
START:  WM
START:  WMS
START:  WNS
START:  WRB
START:  WSC
START:  WSM
START:  WST
START:  WTRG
START:  WTS
START:  XEL
START:  XENE
START:  XLK
START:  XLNX
START:  XLP
START:  XLRN
START:  XLU
START:  XLV
START:  XLY
START:  XYL
START:  YNDX
START:  YORW
START:  YUM
START:  Z
START:  ZBRA
START:  ZEN
START:  ZLAB
START:  ZNGA
START:  ZS
START:  ZTS
START:  ZYXI
==== MACD golden cross ====
None
code: NUAN     day: macd + hist + hist_1pre + ,  Week: macd + hist + hist_1pre - , Month: macd + hist - hist_1pre - , 
Trade --> code: NUAN   BUY: 2005-11-30    5.38 SELL: 2008-11-30    7.94  macd:   -0.13 macd_count:  36 profit:  1.48
Trade --> code: NUAN   BUY: 2009-12-31   13.44 SELL: 2013-05-31   16.44  macd:   -0.10 macd_count:  41 profit:  1.22
Trade --> code: NUAN   BUY: 2015-11-30   18.11 SELL: 2016-07-31   13.90  macd:   -0.05 macd_count:   8 profit:  0.77
Trade --> code: NUAN   BUY: 2017-05-31   16.01 SELL: 2017-09-30   13.60  macd:   -0.04 macd_count:   4 profit:  0.85
Trade --> code: NUAN   BUY: 2019-04-30   14.56 SELL: 2022-03-31   55.99  macd:    7.14 macd_count:  36 profit:  3.85

code: UNH      day: macd + hist + hist_1pre + ,  Week: macd + hist + hist_1pre - , Month: macd + hist + hist_1pre + , 
Trade --> code: UNH    BUY: 2004-11-30   41.42 SELL: 2008-03-31   34.36  macd:   -0.64 macd_count:  40 profit:  0.83
Trade --> code: UNH    BUY: 2010-10-31   36.05 SELL: 2022-06-30  513.72  macd:   48.39 macd_count: 141 profit: 14.25

