Wed Jan 10 13:49:31 UTC 2024
arg[0]: scraping/yahoo-finace-api2.py, arg[1]: stock-code-list/buy-list.txt
===========================
scraping
===========================
START:  AAPL
END:    0.41198062896728516
-
START:  EL
END:    0.753525972366333
-
START:  NEE
END:    1.0776278972625732
-
START:  AMD
END:    1.3217425346374512
-
START:  APH
END:    1.6286375522613525
-
START:  XLP
END:    1.9142820835113525
-
START:  SPXL
END:    2.1612677574157715
-
START:  KEYS
END:    2.371575355529785
-
START:  VDC
END:    2.6690621376037598
-
START:  SPTM
END:    2.962261199951172
-
START:  SPLG
END:    3.244483709335327
-
START:  CROX
END:    3.524460792541504
-
START:  AXON
END:    3.832446575164795
-
START:  AWR
END:    4.149432182312012
-
START:  FN
END:    4.376378059387207
-
START:  NXST
END:    4.6965038776397705
-
START:  TREX
END:    4.9426679611206055
-
START:  RGEN
END:    5.182834625244141
-
START:  EXPO
END:    5.451295852661133
-
START:  BCPC
END:    5.820599794387817
-
START:  SOXL
END:    6.048632383346558
-
START:  TECL
END:    7.3039562702178955
-
START:  NEO
END:    7.565606355667114
-
START:  NVMI
END:    7.824091196060181
-
START:  NVDA
END:    8.095337152481079
-
START:  BBDC
END:    8.372638463973999
-
START:  APPS
END:    8.632850646972656
-
START:  ROK
END:    8.996729850769043
-
START:  NHTC
END:    9.27744197845459
-
START:  ZYXI
END:    9.536256790161133
-
START:  LIT
END:    9.730289936065674
-
START:  LLY
END:    10.058817148208618
-
START:  GTLB
END:    11.188149213790894
-
START:  MCD
END:    11.563907861709595
-
START:  MSI
END:    11.956706285476685
-
START:  HCP
END:    12.054419994354248
-
START:  ON
END:    12.323522329330444
-
===========================
MACD sell
===========================
START:  AAPL
START:  EL
START:  NEE
START:  AMD
START:  APH
START:  XLP
START:  SPXL
START:  KEYS
START:  VDC
START:  SPTM
START:  SPLG
START:  CROX
START:  AXON
START:  AWR
START:  FN
START:  NXST
START:  TREX
START:  RGEN
START:  EXPO
START:  BCPC
START:  SOXL
START:  TECL
START:  NEO
START:  NVMI
START:  NVDA
START:  BBDC
START:  APPS
START:  ROK
START:  NHTC
START:  ZYXI
START:  LIT
START:  LLY
START:  GTLB
START:  MCD
START:  MSI
START:  HCP
START:  ON
==== MACD list ====
code: AAPL     day: macd - hist - ,  Week: macd + hist - , Month: macd + hist + , 
code: EL       day: macd + hist - ,  Week: macd - hist + , Month: macd - hist - , 
code: NEE      day: macd + hist + ,  Week: macd - hist + , Month: macd - hist - , 
code: AMD      day: macd + hist - ,  Week: macd + hist + , Month: macd + hist + , 
code: APH      day: macd + hist - ,  Week: macd + hist + , Month: macd + hist + , 
code: XLP      day: macd + hist + ,  Week: macd + hist + , Month: macd + hist - , 
code: SPXL     day: macd + hist - ,  Week: macd + hist + , Month: macd + hist + , 
code: KEYS     day: macd + hist - ,  Week: macd + hist + , Month: macd - hist - , 
code: VDC      day: macd + hist + ,  Week: macd + hist + , Month: macd + hist - , 
code: SPTM     day: macd + hist - ,  Week: macd + hist + , Month: macd + hist + , 
code: SPLG     day: macd + hist - ,  Week: macd + hist + , Month: macd + hist + , 
code: CROX     day: macd - hist - ,  Week: macd - hist + , Month: macd + hist - , 
code: AXON     day: macd + hist - ,  Week: macd + hist + , Month: macd + hist + , 
code: AWR      day: macd - hist - ,  Week: macd - hist - , Month: macd - hist - , 
code: FN       day: macd + hist - ,  Week: macd + hist + , Month: macd + hist + , 
code: NXST     day: macd + hist + ,  Week: macd + hist + , Month: macd + hist - , 
code: TREX     day: macd + hist - ,  Week: macd + hist + , Month: macd + hist + , 
code: RGEN     day: macd + hist - ,  Week: macd + hist + , Month: macd - hist + , 
code: EXPO     day: macd + hist - ,  Week: macd + hist + , Month: macd - hist - , 
code: BCPC     day: macd + hist - ,  Week: macd + hist + , Month: macd + hist + , 
code: SOXL     day: macd + hist - ,  Week: macd + hist + , Month: macd - hist + , 
code: TECL     day: macd + hist - ,  Week: macd + hist - , Month: macd + hist + , 
code: NEO      day: macd - hist - ,  Week: macd + hist - , Month: macd - hist + , 
code: NVMI     day: macd + hist - ,  Week: macd + hist + , Month: macd + hist + , 
code: NVDA     day: macd + hist + ,  Week: macd + hist + , Month: macd + hist + , 
code: BBDC     day: macd + hist + ,  Week: macd + hist - , Month: macd - hist + , 
code: APPS     day: macd + hist - ,  Week: macd - hist + , Month: macd - hist + , 
code: ROK      day: macd + hist - ,  Week: macd + hist + , Month: macd + hist - , 
code: NHTC     day: macd + hist + ,  Week: macd + hist + , Month: macd - hist + , 
code: ZYXI     day: macd + hist - ,  Week: macd + hist + , Month: macd - hist + , 
code: LIT      day: macd - hist - ,  Week: macd - hist + , Month: macd - hist - , 
code: LLY      day: macd + hist + ,  Week: macd + hist + , Month: macd + hist + , 
code: GTLB     day: macd + hist - ,  Week: macd + hist + , Month: macd + hist + , 
code: MCD      day: macd + hist - ,  Week: macd + hist + , Month: macd + hist - , 
code: MSI      day: macd - hist - ,  Week: macd + hist - , Month: macd + hist + , 
code: HCP      day: macd + hist - ,  Week: macd - hist + , Month: macd + hist + , 
code: ON       day: macd + hist - ,  Week: macd - hist + , Month: macd + hist - , 
==== MACD sell list ====
code: AAPL     day: macd - hist - , 
code: AAPL     day: macd - hist - ,  Week: macd + hist - , 
code: EL       day: macd + hist - , 
code: EL       day: macd + hist - ,  Week: macd - hist + , Month: macd - hist - , 
code: NEE      day: macd + hist + ,  Week: macd - hist + , Month: macd - hist - , 
code: AMD      day: macd + hist - , 
code: APH      day: macd + hist - , 
code: XLP      day: macd + hist + ,  Week: macd + hist + , Month: macd + hist - , 
code: SPXL     day: macd + hist - , 
code: KEYS     day: macd + hist - , 
code: KEYS     day: macd + hist - ,  Week: macd + hist + , Month: macd - hist - , 
code: VDC      day: macd + hist + ,  Week: macd + hist + , Month: macd + hist - , 
code: SPTM     day: macd + hist - , 
code: SPLG     day: macd + hist - , 
code: CROX     day: macd - hist - , 
code: CROX     day: macd - hist - ,  Week: macd - hist + , Month: macd + hist - , 
code: AXON     day: macd + hist - , 
code: AWR      day: macd - hist - , 
code: AWR      day: macd - hist - ,  Week: macd - hist - , 
code: AWR      day: macd - hist - ,  Week: macd - hist - , Month: macd - hist - , 
code: FN       day: macd + hist - , 
code: NXST     day: macd + hist + ,  Week: macd + hist + , Month: macd + hist - , 
code: TREX     day: macd + hist - , 
code: RGEN     day: macd + hist - , 
code: EXPO     day: macd + hist - , 
code: EXPO     day: macd + hist - ,  Week: macd + hist + , Month: macd - hist - , 
code: BCPC     day: macd + hist - , 
code: SOXL     day: macd + hist - , 
code: TECL     day: macd + hist - , 
code: TECL     day: macd + hist - ,  Week: macd + hist - , 
code: NEO      day: macd - hist - , 
code: NEO      day: macd - hist - ,  Week: macd + hist - , 
code: NVMI     day: macd + hist - , 
code: BBDC     day: macd + hist + ,  Week: macd + hist - , 
code: APPS     day: macd + hist - , 
code: ROK      day: macd + hist - , 
code: ROK      day: macd + hist - ,  Week: macd + hist + , Month: macd + hist - , 
code: ZYXI     day: macd + hist - , 
code: LIT      day: macd - hist - , 
code: LIT      day: macd - hist - ,  Week: macd - hist + , Month: macd - hist - , 
code: GTLB     day: macd + hist - , 
code: MCD      day: macd + hist - , 
code: MCD      day: macd + hist - ,  Week: macd + hist + , Month: macd + hist - , 
code: MSI      day: macd - hist - , 
code: MSI      day: macd - hist - ,  Week: macd + hist - , 
code: HCP      day: macd + hist - , 
code: ON       day: macd + hist - , 
code: ON       day: macd + hist - ,  Week: macd - hist + , Month: macd + hist - , 
===========================
profit
===========================
==== plus ====
AMD  , macd +, macd hist -, profit:  [29.03], per:  [24.15], now: [149.26], buy: [120.23]
XLP  , macd +, macd hist +, profit:   [0.15], per:   [0.21], now:  [72.73], buy:  [72.58]
VDC  , macd +, macd hist +, profit:    [3.1], per:   [1.64], now: [192.63], buy: [189.53]
SPTM , macd +, macd hist -, profit:    [1.6], per:   [2.83], now:  [58.18], buy:  [56.58]
SPLG , macd +, macd hist -, profit:   [1.76], per:   [3.26], now:  [55.75], buy:  [53.99]
AXON , macd +, macd hist -, profit: [110.95], per:  [80.31], now:  [249.1], buy: [138.15]
FN   , macd +, macd hist -, profit:  [72.34], per:   [61.9], now:  [189.2], buy: [116.86]
NXST , macd +, macd hist +, profit:   [9.79], per:   [6.02], now: [172.29], buy:  [162.5]
TREX , macd +, macd hist -, profit:   [9.62], per:  [13.74], now:  [79.62], buy:    [70.]
BCPC , macd +, macd hist -, profit:   [4.08], per:   [2.98], now: [141.16], buy: [137.08]
TECL , macd +, macd hist -, profit:   [2.01], per:   [3.31], now:  [62.75], buy:  [60.74]
NVMI , macd +, macd hist -, profit:   [16.3], per:  [14.22], now: [130.95], buy: [114.65]
NVDA , macd +, macd hist +, profit: [275.73], per: [107.85], now:  [531.4], buy: [255.67]
ZYXI , macd +, macd hist -, profit:   [4.45], per:  [69.97], now:  [10.81], buy:   [6.36]
LLY  , macd +, macd hist +, profit: [354.48], per:  [130.8], now: [625.48], buy:   [271.]
GTLB , macd +, macd hist -, profit:   [8.53], per:  [16.17], now:  [61.29], buy:  [52.76]
MCD  , macd +, macd hist -, profit:  [37.41], per:  [14.76], now: [290.87], buy: [253.46]
MSI  , macd -, macd hist -, profit:   [60.6], per:   [24.1], now: [312.01], buy: [251.41]
ON   , macd +, macd hist -, profit:  [17.17], per:  [28.68], now:  [77.03], buy:  [59.86]
-
     plus  len:  19
     profit: [1019.1], per: [606.89], per/len(p):  [31.94], per/len(p+m):   [16.4]
-
==== minus ====
AAPL , macd -, macd hist -, profit:       [], per:       [], now: [185.14], buy:       []
EL   , macd +, macd hist -, profit: [-200.48], per: [-59.01], now: [139.27], buy: [339.75]
NEE  , macd +, macd hist +, profit: [-23.32], per: [-27.33], now:  [62.01], buy:  [85.33]
APH  , macd +, macd hist -, profit:       [], per:       [], now:  [95.85], buy:       []
SPXL , macd +, macd hist -, profit: [-27.67], per: [-21.25], now: [102.56], buy: [130.23]
KEYS , macd +, macd hist -, profit: [-34.64], per: [-18.62], now: [151.42], buy: [186.06]
CROX , macd -, macd hist -, profit:  [-77.3], per: [-43.57], now: [100.12], buy: [177.42]
AWR  , macd -, macd hist -, profit:       [], per:       [], now:  [77.96], buy:       []
RGEN , macd +, macd hist -, profit:  [-6.52], per:  [-3.63], now: [173.14], buy: [179.66]
EXPO , macd +, macd hist -, profit: [-11.98], per: [-11.85], now:  [89.13], buy: [101.11]
SOXL , macd +, macd hist -, profit: [-13.67], per: [-32.48], now:  [28.42], buy:  [42.09]
NEO  , macd -, macd hist -, profit:  [-1.72], per:  [-9.64], now:  [16.12], buy:  [17.84]
BBDC , macd +, macd hist +, profit:  [-1.71], per: [-16.13], now:   [8.89], buy:   [10.6]
APPS , macd +, macd hist -, profit: [-37.64], per: [-86.19], now:   [6.03], buy:  [43.67]
ROK  , macd +, macd hist -, profit: [-38.92], per: [-11.38], now: [302.97], buy: [341.89]
NHTC , macd +, macd hist +, profit:   [-1.1], per: [-15.34], now:   [6.07], buy:   [7.17]
LIT  , macd -, macd hist -, profit: [-44.45], per: [-48.36], now:  [47.46], buy:  [91.91]
HCP  , macd +, macd hist -, profit: [-32.12], per: [-59.15], now:  [22.18], buy:   [54.3]
-
     minus len:  18
     profit:       [], per:       [], per/len(m):       [], per/len(p+m):       []
-
==== total ====
     profit:       [], per:       [], per/len(p+m):       []
arg[0]: scraping/yahoo-finace-api2.py, arg[1]: stock-code-list/up-month.txt
===========================
scraping
===========================
START:  A
END:    0.35469865798950195
-
START:  AAON
END:    0.6493363380432129
-
START:  AAPL
END:    1.021761178970337
-
START:  ABG
END:    1.2590410709381104
-
START:  ABT
END:    1.5996699333190918
-
START:  ACLS
END:    1.8351829051971436
-
START:  ACMR
END:    1.987321376800537
-
START:  ACN
END:    2.277600049972534
-
START:  ADBE
END:    2.539714813232422
-
START:  ADI
END:    2.8453609943389893
-
START:  ADP
END:    3.1494250297546387
-
START:  ADSK
END:    3.4203946590423584
-
START:  ADUS
END:    3.6169586181640625
-
START:  AEE
END:    3.89410400390625
-
START:  AGYS
END:    4.2225341796875
-
START:  AIZ
END:    4.482926607131958
-
START:  AJG
END:    4.846920728683472
-
START:  AJRD
Not Found: No data found, symbol may be delisted
START:  ALB
END:    5.238714933395386
-
START:  ALG
END:    5.549203634262085
-
START:  ALGN
END:    5.8184309005737305
-
START:  ALLE
END:    7.019666433334351
-
START:  ALTR
END:    7.145857334136963
-
START:  AMAT
END:    7.476975440979004
-
START:  AMBA
END:    8.685256242752075
-
START:  AMD
END:    9.009822130203247
-
START:  AME
END:    9.31970477104187
-
START:  AMED
END:    9.598915815353394
-
START:  AMEH
END:    9.793540954589844
-
START:  AMGN
END:    10.069377422332764
-
START:  AMN
END:    10.32259464263916
-
START:  AMP
END:    10.579118013381958
-
START:  AMRC
END:    10.765435695648193
-
START:  AMSWA
END:    11.109395265579224
-
START:  AMTX
END:    12.385483741760254
-
START:  AMZN
END:    12.636743783950806
-
START:  AN
END:    12.960700035095215
-
START:  ANSS
END:    13.266270875930786
-
START:  ANTM
Not Found: No data found, symbol may be delisted
START:  AON
END:    13.657546520233154
-
START:  AOSL
END:    13.839476108551025
-
START:  APD
END:    14.164401054382324
-
START:  APH
END:    14.461854934692383
-
START:  APPF
END:    14.630566120147705
-
START:  APPN
END:    14.775531530380249
-
START:  APPS
END:    16.02037286758423
-
START:  AQN
END:    16.240320205688477
-
START:  ARCB
END:    16.524779319763184
-
START:  ARCT
END:    16.692298889160156
-
START:  ARES
END:    16.88894248008728
-
START:  ARGX
END:    18.035014629364014
-
START:  ARWR
END:    18.268810033798218
-
START:  ASML
END:    18.55370283126831
-
START:  ASPN
END:    19.73606586456299
-
START:  ATEC
END:    19.971750736236572
-
START:  ATEN
END:    20.148150205612183
-
START:  ATKR
END:    20.315171241760254
-
START:  ATOM
END:    21.479692935943604
-
START:  ATR
END:    21.822343111038208
-
START:  ATRC
END:    23.06789231300354
-
START:  AUDC
END:    23.436232328414917
-
START:  AUPH
END:    23.616878032684326
-
START:  AVAV
END:    23.82144069671631
-
START:  AVGO
END:    25.07189631462097
-
START:  AVID
Not Found: No data found, symbol may be delisted
START:  AVNW
END:    25.384766817092896
-
START:  AVXL
END:    25.610857486724854
-
START:  AVY
END:    25.927397966384888
-
START:  AWK
END:    26.14073610305786
-
START:  AWR
END:    27.48088812828064
-
START:  AXON
END:    28.762913465499878
-
START:  AZO
END:    30.0241379737854
-
START:  AZPN
END:    30.330322980880737
-
START:  BAH
END:    30.550886869430542
-
START:  BAM
END:    30.633944034576416
-
START:  BAX
END:    32.00792360305786
-
START:  BBH
END:    32.32473063468933
-
START:  BBQ
END:    32.59112501144409
-
START:  BBY
END:    32.92770552635193
-
START:  BCPC
END:    33.228991985321045
-
START:  BDX
END:    34.5702064037323
-
START:  BEEM
END:    35.80677342414856
-
START:  BFAM
END:    35.98977327346802
-
START:  BFC
END:    37.260849714279175
-
START:  BGFV
END:    37.553910970687866
-
START:  BGNE
END:    37.703155279159546
-
START:  BHVN
END:    37.79572868347168
-
START:  BIO
END:    38.092366218566895
-
START:  BL
END:    38.25410747528076
-
START:  BLD
END:    38.426690340042114
-
START:  BLDP
END:    38.69316291809082
-
START:  BLDR
END:    39.95719122886658
-
START:  BLFS
END:    40.2181921005249
-
START:  BLK
END:    41.57182288169861
-
START:  BLL
Not Found: No data found, symbol may be delisted
START:  BLNK
END:    42.85849142074585
-
START:  BMI
END:    44.20800161361694
-
START:  BOOT
END:    45.39308261871338
-
START:  BOTZ
END:    45.592626094818115
-
START:  BR
END:    45.82759165763855
-
START:  BRKR
END:    46.095972537994385
-
START:  BRKS
Not Found: No data found, symbol may be delisted
START:  BRO
END:    47.507431745529175
-
START:  BURL
END:    48.718239307403564
-
START:  BX
END:    48.99528503417969
-
START:  CABO
END:    49.20439171791077
-
START:  CACI
END:    49.443647146224976
-
START:  CALX
END:    49.650025606155396
-
START:  CAMT
END:    49.91239142417908
-
START:  CAR
END:    50.22761583328247
-
START:  CBRE
END:    50.552350759506226
-
START:  CBSH
END:    50.898178815841675
-
START:  CBZ
END:    51.15070366859436
-
START:  CCOI
END:    52.457963705062866
-
START:  CCS
END:    52.62491846084595
-
START:  CDMO
END:    52.8717737197876
-
START:  CDNA
END:    53.033650636672974
-
START:  CDNS
END:    53.290539264678955
-
START:  CDW
END:    53.49594974517822
-
START:  CELH
END:    53.7529513835907
-
START:  CGNX
END:    54.05508637428284
-
START:  CHD
END:    54.41503429412842
-
START:  CHDN
END:    54.70799231529236
-
START:  CHE
END:    55.03414726257324
-
START:  CHGG
END:    56.21497392654419
-
START:  CHH
END:    57.56486463546753
-
START:  CHKP
END:    57.8328332901001
-
START:  CHTR
END:    58.05169868469238
-
START:  CIEN
END:    59.29824781417847
-
START:  CLAR
END:    60.60732054710388
-
START:  CLFD
END:    61.870261669158936
-
START:  CLGN
END:    62.000957012176514
-
START:  CLNE
END:    62.23480486869812
-
START:  CLPT
END:    62.4240186214447
-
START:  CLX
END:    62.762168169021606
-
START:  CMCSA
END:    63.08037781715393
-
START:  CMG
END:    63.33422517776489
-
START:  CMS
END:    64.7276816368103
-
START:  CNC
END:    65.02724623680115
-
START:  CNI
END:    65.32803654670715
-
START:  CNMD
END:    65.59019064903259
-
START:  CNS
END:    65.87679815292358
-
START:  CNXN
END:    66.13546800613403
-
START:  COO
END:    67.46859860420227
-
START:  COST
END:    68.78373575210571
-
START:  COUP
Not Found: No data found, symbol may be delisted
START:  COWN
Not Found: No data found, symbol may be delisted
START:  CP
END:    69.26317024230957
-
START:  CPK
END:    69.56628394126892
-
START:  CPRT
END:    69.82472348213196
-
START:  CPSH
END:    70.08146452903748
-
START:  CRAI
END:    70.35035014152527
-
START:  CREE
Not Found: No data found, symbol may be delisted
START:  CRL
END:    71.68586802482605
-
START:  CRM
END:    72.94725584983826
-
START:  CRMT
END:    73.24080681800842
-
START:  CROX
END:    73.45873737335205
-
START:  CRSP
END:    73.60469651222229
-
START:  CRVL
END:    73.86565971374512
-
START:  CSGP
END:    74.11815071105957
-
START:  CSL
END:    74.40354537963867
-
START:  CSWI
END:    75.594411611557
-
START:  CSX
END:    75.93299984931946
-
START:  CTAS
END:    76.24353337287903
-
START:  CTLT
END:    76.39800643920898
-
START:  CTRN
END:    76.65008330345154
-
START:  CURE
END:    76.88560581207275
-
START:  CVCO
END:    77.17065906524658
-
START:  CVNA
END:    77.32219743728638
-
START:  CWST
END:    77.56140112876892
-
START:  CWT
END:    77.87278771400452
-
START:  CXSE
END:    78.10560154914856
-
START:  CYBR
END:    78.28245735168457
-
START:  CYRX
END:    78.5160071849823
-
START:  CYTK
END:    78.74897146224976
-
START:  DAC
END:    80.06769514083862
-
START:  DAR
END:    80.3306233882904
-
START:  DAVA
END:    80.46474385261536
-
START:  DDS
END:    80.74643087387085
-
START:  DE
END:    81.06109952926636
-
START:  DECK
END:    81.32917165756226
-
START:  DELL
END:    82.50090718269348
-
START:  DFIN
END:    83.64431142807007
-
START:  DG
END:    83.88078141212463
-
START:  DGRW
END:    85.13910055160522
-
START:  DHI
END:    85.46080946922302
-
START:  DHR
END:    85.78702163696289
-
START:  DIA
END:    87.11969637870789
-
START:  DIOD
END:    87.3726487159729
-
START:  DIS
END:    87.72358441352844
-
START:  DKS
END:    87.99311900138855
-
START:  DLN
END:    88.2670521736145
-
START:  DNLI
END:    89.439288854599
-
START:  DOMO
END:    90.59418439865112
-
START:  DOV
END:    90.92214393615723
-
START:  DPZ
END:    92.238126039505
-
START:  DQ
END:    92.43355202674866
-
START:  DRD
END:    92.8433039188385
-
START:  DRIO
END:    94.01583409309387
-
START:  DRNA
Not Found: No data found, symbol may be delisted
START:  DSGX
END:    94.34680008888245
-
START:  DVAX
END:    94.59710431098938
-
START:  DXCM
END:    94.83586645126343
-
START:  ECL
END:    95.12554144859314
-
START:  EFX
END:    95.45120000839233
-
START:  EGAN
END:    95.69293761253357
-
START:  EHC
END:    95.96055603027344
-
START:  EL
END:    96.2653558254242
-
START:  ENPH
END:    97.49243664741516
-
START:  ENSG
END:    97.76028823852539
-
START:  ENTG
END:    98.03881525993347
-
START:  ENV
END:    99.24628353118896
-
START:  EPAM
END:    99.44152069091797
-
START:  ERIE
END:    99.74192309379578
-
START:  ES
END:    101.09576773643494
-
START:  ESE
END:    101.39590430259705
-
START:  ETN
END:    101.70191097259521
-
START:  ETSY
END:    101.87396240234375
-
START:  EVBG
END:    102.03489327430725
-
START:  EVTC
END:    102.24931526184082
-
START:  EW
END:    102.52537631988525
-
START:  EWT
END:    102.79229545593262
-
START:  EXAS
END:    103.06399321556091
-
START:  EXLS
END:    104.32217526435852
-
START:  EXPD
END:    104.59403824806213
-
START:  EXPI
END:    104.73080015182495
-
START:  EXPO
END:    105.0099139213562
-
START:  FAST
END:    105.34251523017883
-
START:  FATE
END:    106.5259759426117
-
START:  FB
Not Found: No data found, symbol may be delisted
START:  FCN
END:    106.8674054145813
-
START:  FCX
END:    108.22380423545837
-
START:  FDN
END:    108.45497751235962
-
START:  FDS
END:    108.77770018577576
-
START:  FELE
END:    109.05690622329712
-
START:  FFIN
END:    109.37073397636414
-
START:  FICO
END:    109.65945672988892
-
START:  FINX
END:    109.81194972991943
-
START:  FIS
END:    110.07708215713501
-
START:  FISV
Not Found: No data found, symbol may be delisted
START:  FIVE
END:    111.3398129940033
-
START:  FIVN
END:    111.52507185935974
-
START:  FLGT
END:    111.66745901107788
-
START:  FLT
END:    111.88150024414062
-
START:  FLWS
END:    112.11734747886658
-
START:  FN
END:    112.30198764801025
-
START:  FND
END:    113.4673798084259
-
START:  FNV
END:    113.72240781784058
-
START:  FORM
END:    114.98150682449341
-
START:  FOXF
END:    115.15619206428528
-
START:  FPX
END:    115.40364694595337
-
START:  FRC
Not Found: No data found, symbol may be delisted
START:  FRHC
END:    115.62483668327332
-
START:  FRPT
END:    115.7977306842804
-
START:  FSS
END:    116.0882396697998
-
START:  FTNT
END:    116.28527808189392
-
START:  FUV
END:    116.43110704421997
-
START:  GDEN
END:    116.72631549835205
-
START:  GFI
END:    118.03722810745239
-
START:  GGG
END:    118.35463905334473
-
START:  GIB
END:    118.59389305114746
-
START:  GLDD
END:    118.82886695861816
-
START:  GLOB
END:    119.01082563400269
-
START:  GMAB
END:    119.28593754768372
-
START:  GME
END:    119.56064629554749
-
START:  GMED
END:    120.75032949447632
-
START:  GNRC
END:    120.94406747817993
-
START:  GNSS
END:    121.19470524787903
-
START:  GNTX
END:    121.4740355014801
-
START:  GOLF
END:    121.66606307029724
-
START:  GOOG
END:    121.9392614364624
-
START:  GOOGL
END:    122.20140337944031
-
START:  GPI
END:    122.47413039207458
-
START:  GPN
END:    122.74598264694214
-
START:  GRBK
END:    122.98388147354126
-
START:  GRMN
END:    123.25918555259705
-
START:  GRVY
END:    123.51697731018066
-
START:  GRWG
END:    124.67035865783691
-
START:  GWRE
END:    124.83598446846008
-
START:  HACK
END:    125.05005717277527
-
START:  HALO
END:    125.28795099258423
-
START:  HCI
END:    125.5298798084259
-
START:  HD
END:    125.86804389953613
-
START:  HEI
END:    126.2355785369873
-
START:  HELE
END:    126.47816300392151
-
START:  HIBB
END:    127.75900030136108
-
START:  HLI
END:    127.96412491798401
-
START:  HLT
END:    128.15737056732178
-
START:  HOLX
END:    128.4323217868805
-
START:  HON
END:    129.8234395980835
-
START:  HOV
END:    130.07941126823425
-
START:  HRC
Not Found: No data found, symbol may be delisted
START:  HRI
END:    130.4355788230896
-
START:  HSKA
Not Found: No data found, symbol may be delisted
START:  HTHT
END:    131.74523305892944
-
START:  HUBS
END:    131.90242624282837
-
START:  HUM
END:    132.1920928955078
-
START:  HZNP
Not Found: No data found, symbol may be delisted
START:  IAC
END:    133.6244900226593
-
START:  IBP
END:    134.82556653022766
-
START:  ICE
END:    135.06664657592773
-
START:  ICLN
END:    135.33091044425964
-
START:  ICLR
END:    135.58296132087708
-
START:  IDT
END:    135.8662576675415
-
START:  IDXX
END:    136.10854935646057
-
START:  IESC
END:    137.3771162033081
-
START:  IEX
END:    137.65487051010132
-
START:  ILMN
END:    137.94325804710388
-
START:  INFO
Not Found: No data found, symbol may be delisted
START:  INOV
END:    139.1045787334442
-
START:  INSP
END:    139.24388790130615
-
START:  INTC
END:    139.57778096199036
-
START:  INTU
END:    139.84574151039124
-
START:  INTZ
END:    140.09134364128113
-
START:  INVE
END:    140.35025811195374
-
START:  IOO
END:    140.6157524585724
-
START:  IQV
END:    141.837984085083
-
START:  IRDM
END:    142.05670619010925
-
START:  IRMD
END:    142.2169713973999
-
START:  ISEE
Not Found: No data found, symbol may be delisted
START:  ISRG
END:    142.5360894203186
-
START:  IT
END:    142.78696370124817
-
START:  ITT
END:    143.06671929359436
-
START:  ITW
END:    143.36432123184204
-
START:  IVOG
END:    143.57141065597534
-
START:  IVV
END:    144.86766815185547
-
START:  IXJ
END:    145.1611828804016
-
START:  IXN
END:    145.44877576828003
-
START:  J
END:    145.7134325504303
-
START:  JBL
END:    146.05248975753784
-
START:  JBSS
END:    146.30257272720337
-
START:  JD
END:    146.4785213470459
-
START:  JKHY
END:    146.79214239120483
-
START:  JKS
END:    147.0032343864441
-
START:  JNJ
END:    147.3652970790863
-
START:  JOE
END:    147.6363935470581
-
START:  JOUT
END:    148.94602608680725
-
START:  JYNT
END:    149.1232476234436
-
START:  KAI
END:    149.44785714149475
-
START:  KBH
END:    150.72464776039124
-
START:  KBR
END:    152.02204585075378
-
START:  KDMN
Not Found: No data found, symbol may be delisted
START:  KEYS
END:    152.26079297065735
-
START:  KLAC
END:    152.56013751029968
-
START:  KLIC
END:    153.85048270225525
-
START:  KMX
END:    154.08899688720703
-
START:  KNSL
END:    154.2673785686493
-
START:  KOPN
END:    154.50373458862305
-
START:  KOSS
END:    155.81717109680176
-
START:  KRNT
END:    155.96347832679749
-
START:  KSU
Not Found: No data found, symbol may be delisted
START:  KTOS
END:    156.28301167488098
-
START:  LAC
END:    156.35973858833313
-
START:  LAD
END:    157.63646173477173
-
START:  LANC
END:    159.0301275253296
-
START:  LAWS
Not Found: No data found, symbol may be delisted
START:  LDOS
END:    159.384840965271
-
START:  LFMD
END:    159.57879400253296
-
START:  LGIH
END:    160.76864337921143
-
START:  LH
END:    161.0700249671936
-
START:  LHCG
Not Found: No data found, symbol may be delisted
START:  LHX
END:    161.45800614356995
-
START:  LII
END:    162.77726817131042
-
START:  LIN
END:    163.06141996383667
-
START:  LINC
END:    164.32453060150146
-
START:  LIT
END:    164.53841876983643
-
START:  LLY
END:    164.8615345954895
-
START:  LMT
END:    165.21772527694702
-
START:  LNT
END:    166.51638555526733
-
START:  LOB
END:    166.7030999660492
-
START:  LOGI
END:    167.99058413505554
-
START:  LOVE
END:    168.13514685630798
-
START:  LOW
END:    168.45489645004272
-
START:  LPLA
END:    169.686457157135
-
START:  LPSN
END:    169.93885970115662
-
START:  LQDT
END:    170.1917941570282
-
START:  LRCX
END:    170.43845629692078
-
START:  LSCC
END:    171.70282816886902
-
START:  LSTR
END:    171.99978303909302
-
START:  LULU
END:    172.221688747406
-
START:  LUNA
END:    173.50837659835815
-
START:  MA
END:    174.7982656955719
-
START:  MANH
END:    175.08562183380127
-
START:  MANT
Not Found: No data found, symbol may be delisted
START:  MARA
END:    175.33089542388916
-
START:  MASI
END:    175.54547500610352
-
START:  MATX
END:    176.87080001831055
-
START:  MBUU
END:    177.0492386817932
-
START:  MCD
END:    177.38602304458618
-
START:  MCHP
END:    177.66897082328796
-
START:  MCO
END:    178.96848917007446
-
START:  MDB
END:    179.1072723865509
-
START:  MDT
END:    180.4325876235962
-
START:  MEDP
END:    181.60136079788208
-
START:  MEDS
END:    181.76649975776672
-
START:  MELI
END:    182.0268669128418
-
START:  MGC
END:    182.2717249393463
-
START:  MGIC
END:    182.58235669136047
-
START:  MGK
END:    183.8341624736786
-
START:  MGNI
END:    184.02294087409973
-
START:  MHO
END:    184.277330160141
-
START:  MIME
Not Found: No data found, symbol may be delisted
START:  MITK
END:    184.61891198158264
-
START:  MKC
END:    185.94793105125427
-
START:  MKSI
END:    187.24738001823425
-
START:  MKTX
END:    188.54024243354797
-
START:  MLAB
END:    188.8330943584442
-
START:  MLR
END:    189.13312005996704
-
START:  MMC
END:    189.45191168785095
-
START:  MMS
END:    190.76086139678955
-
START:  MNMD
END:    190.91628861427307
-
START:  MNST
END:    191.1922481060028
-
START:  MODN
END:    191.38894391059875
-
START:  MODV
END:    191.67151713371277
-
START:  MOH
END:    191.92150568962097
-
START:  MORN
END:    192.17246890068054
-
START:  MPWR
END:    192.43745303153992
-
START:  MRTX
END:    192.63370633125305
-
START:  MRVL
END:    192.92997765541077
-
START:  MS
END:    194.26798367500305
-
START:  MSA
END:    194.56652450561523
-
START:  MSCI
END:    194.82857155799866
-
START:  MSEX
END:    196.22309517860413
-
START:  MSFT
END:    196.52967596054077
-
START:  MSI
END:    196.87538027763367
-
START:  MSTR
END:    197.11967492103577
-
START:  MTBC
Not Found: No data found, symbol may be delisted
START:  MTCH
END:    197.48523545265198
-
START:  MTD
END:    198.768141746521
-
START:  MTEX
END:    199.05726671218872
-
START:  MTH
END:    199.33717370033264
-
START:  MTLS
END:    199.57602834701538
-
START:  MTSI
END:    199.7586817741394
-
START:  MU
END:    200.05821442604065
-
START:  MUSA
END:    201.26837539672852
-
START:  MVIS
END:    201.5154631137848
-
START:  MXL
END:    201.7403380870819
-
START:  MYRG
END:    201.95762634277344
-
START:  NBIX
END:    203.2087094783783
-
START:  NCBS
Not Found: No data found, symbol may be delisted
START:  NDAQ
END:    203.56366968154907
-
START:  NDSN
END:    203.8947982788086
-
START:  NEE
END:    204.22327876091003
-
START:  NEO
END:    204.46060609817505
-
START:  NEOG
END:    204.7169234752655
-
START:  NFLX
END:    204.95544052124023
-
START:  NICE
END:    205.2321479320526
-
START:  NISN
END:    206.40464997291565
-
START:  NKE
END:    206.74565982818604
-
START:  NOVT
END:    207.00824308395386
-
START:  NOW
END:    207.20308113098145
-
START:  NSC
END:    208.54025769233704
-
START:  NSIT
END:    208.77616024017334
-
START:  NSSC
END:    210.02424669265747
-
START:  NSTG
END:    210.22259187698364
-
START:  NTLA
END:    210.37533736228943
-
START:  NTRA
END:    210.5317463874817
-
START:  NUAN
Not Found: No data found, symbol may be delisted
START:  NVCR
END:    210.76769185066223
-
START:  NVDA
END:    211.0272171497345
-
START:  NVMI
END:    212.314706325531
-
START:  NVO
END:    213.6244740486145
-
START:  NVR
END:    213.92721033096313
-
START:  NXST
END:    214.2643518447876
-
START:  NYT
END:    215.58453750610352
-
START:  OBCI
Not Found: No data found, symbol may be delisted
START:  ODFL
END:    216.01158714294434
-
START:  OEF
END:    216.29419660568237
-
START:  OFLX
END:    216.53105282783508
-
START:  OLED
END:    216.79044842720032
-
START:  OMCL
END:    217.03449964523315
-
START:  ON
END:    217.27195596694946
-
START:  OOMA
END:    217.41416311264038
-
START:  OPRX
END:    217.6537630558014
-
START:  ORA
END:    217.91417694091797
-
START:  ORCL
END:    219.23869919776917
-
START:  ORLY
END:    219.49367928504944
-
START:  ORMP
END:    220.70804595947266
-
START:  OTEX
END:    221.02032351493835
-
START:  PACB
END:    221.22105312347412
-
START:  PAG
END:    222.60428190231323
-
START:  PANW
END:    222.81072425842285
-
START:  PAR
END:    223.07180190086365
-
START:  PAYC
END:    223.26227355003357
-
START:  PAYX
END:    224.59875464439392
-
START:  PBD
END:    224.84558820724487
-
START:  PCTY
END:    226.0971028804779
-
START:  PEGA
END:    226.3852972984314
-
START:  PEN
END:    227.6320595741272
-
START:  PENN
END:    227.9125714302063
-
START:  PEP
END:    228.2445261478424
-
START:  PERI
END:    229.51558876037598
-
START:  PFSI
END:    229.7411105632782
-
START:  PGR
END:    230.0540885925293
-
START:  PH
END:    230.39415097236633
-
START:  PHM
END:    231.73003339767456
-
START:  PKI
Not Found: No data found, symbol may be delisted
START:  PLL
END:    231.9441237449646
-
START:  PLNT
END:    233.12459921836853
-
START:  PLUG
END:    234.71984004974365
-
START:  PLXS
END:    235.0047254562378
-
START:  PODD
END:    235.23867201805115
-
START:  POOL
END:    235.5291678905487
-
START:  POWI
END:    236.85530638694763
-
START:  PRFT
END:    237.1077585220337
-
START:  PRI
END:    237.3373987674713
-
START:  PRTA
END:    238.5198163986206
-
START:  PRTS
END:    238.75704503059387
-
START:  PTSI
END:    239.01577639579773
-
START:  PWR
END:    240.30387830734253
-
START:  PYPL
END:    241.5075225830078
-
START:  QADA
Not Found: No data found, symbol may be delisted
START:  QCLN
END:    241.8207082748413
-
START:  QDEL
END:    242.07317209243774
-
START:  QGEN
END:    242.32890486717224
-
START:  QLYS
END:    242.523943901062
-
START:  QQQ
END:    243.8260054588318
-
START:  QRVO
END:    244.0031282901764
-
START:  QTWO
END:    244.20213675498962
-
START:  RADA
Not Found: No data found, symbol may be delisted
START:  RAMP
END:    245.56592416763306
-
START:  RBA
END:    245.86207032203674
-
START:  RCII
Not Found: No data found, symbol may be delisted
START:  RCKY
END:    247.24895811080933
-
START:  RDNT
END:    248.529278755188
-
START:  RDVT
END:    248.66560697555542
-
START:  RDWR
END:    248.91592168807983
-
START:  REGI
END:    249.1172332763672
-
START:  RENN
Not Found: No data found, symbol may be delisted
START:  RGEN
END:    249.44940423965454
-
START:  RH
END:    250.66440343856812
-
START:  RILY
END:    250.87694907188416
-
START:  RIOT
END:    251.04091596603394
-
START:  RLI
END:    251.35924983024597
-
START:  RLMD
END:    251.52217149734497
-
START:  RMD
END:    252.8320038318634
-
START:  RNG
END:    253.02296018600464
-
START:  ROBO
END:    253.20840668678284
-
START:  ROCK
END:    253.47031354904175
-
START:  ROK
END:    253.76575016975403
-
START:  ROKU
END:    253.91916966438293
-
START:  ROL
END:    254.2126350402832
-
START:  ROP
END:    254.52356672286987
-
START:  ROST
END:    255.82694268226624
-
START:  RPD
END:    255.9991066455841
-
START:  RPM
END:    256.3010845184326
-
START:  RSG
END:    257.6135001182556
-
START:  RTH
END:    257.88957047462463
-
START:  RUN
END:    258.0708475112915
-
START:  RXI
END:    258.34028148651123
-
START:  SAIA
END:    258.578316450119
-
START:  SAIC
END:    258.7574510574341
-
START:  SAM
END:    260.0014896392822
-
START:  SAVA
END:    260.25990533828735
-
START:  SCI
END:    260.58123230934143
-
START:  SCL
END:    260.9006085395813
-
START:  SE
END:    261.0563826560974
-
START:  SEAS
END:    261.2226264476776
-
START:  SEDG
END:    261.3859133720398
-
START:  SFBS
END:    261.6215834617615
-
START:  SGEN
END:    262.900758266449
-
START:  SGMS
Not Found: No data found, symbol may be delisted
START:  SGRY
END:    263.1394135951996
-
START:  SHOP
END:    264.30327105522156
-
START:  SHW
END:    264.63720870018005
-
START:  SHYF
END:    264.9334833621979
-
START:  SITE
END:    265.0891764163971
-
START:  SIVB
Not Found: No data found, symbol may be delisted
START:  SJW
END:    265.49389386177063
-
START:  SKY
END:    266.85082936286926
-
START:  SLAB
END:    267.11247992515564
-
START:  SLP
END:    268.3726522922516
-
START:  SMH
END:    268.6265244483948
-
START:  SMTC
END:    269.90603160858154
-
START:  SNAP
END:    271.0924069881439
-
START:  SNPS
END:    271.35507345199585
-
START:  SOCL
END:    271.57313990592957
-
START:  SOXL
END:    271.8369662761688
-
START:  SPGI
END:    272.1491641998291
-
START:  SPLG
END:    272.42340064048767
-
START:  SPLK
END:    273.63873314857483
-
START:  SPNS
END:    273.9070737361908
-
START:  SPSC
END:    275.1458559036255
-
START:  SPTM
END:    275.5048327445984
-
START:  SPWH
END:    276.73391556739807
-
START:  SPWR
END:    277.0029933452606
-
START:  SPXC
END:    278.400137424469
-
START:  SPXL
END:    278.6449646949768
-
START:  SPY
END:    279.0046238899231
-
START:  SPYG
END:    279.3041956424713
-
START:  SQ
END:    279.48673939704895
-
START:  SSD
END:    280.7955844402313
-
START:  SSNC
END:    281.0284194946289
-
START:  SSTK
END:    282.213663816452
-
START:  STAA
END:    282.48401069641113
-
START:  STE
END:    283.80868458747864
-
START:  SUSA
END:    284.08615469932556
-
START:  SYK
END:    284.3725595474243
-
START:  SYNA
END:    284.6519846916199
-
START:  TBBK
END:    284.89841747283936
-
START:  TBK
Not Found: No data found, symbol may be delisted
START:  TDG
END:    285.29761576652527
-
START:  TDOC
END:    285.44329357147217
-
START:  TDY
END:    285.6939437389374
-
START:  TEAM
END:    285.83910059928894
-
START:  TECH
END:    286.1541380882263
-
START:  TECL
END:    286.44044971466064
-
START:  TER
END:    286.70438742637634
-
START:  TFX
END:    287.0231122970581
-
START:  TGH
END:    287.33194398880005
-
START:  TGLS
END:    287.5188956260681
-
START:  TGT
END:    287.8244261741638
-
START:  TGTX
END:    289.03587198257446
-
START:  THC
END:    289.32751536369324
-
START:  TJX
END:    289.69798970222473
-
START:  TMO
END:    290.9713525772095
-
START:  TMUS
END:    291.2166976928711
-
START:  TNDM
END:    291.4070498943329
-
START:  TNET
END:    291.59552693367004
-
START:  TPX
END:    291.8749809265137
-
START:  TREX
END:    292.17401456832886
-
START:  TRI
END:    292.4678270816803
-
START:  TRIL
Not Found: No data found, symbol may be delisted
START:  TRMB
END:    293.82269167900085
-
START:  TRNS
END:    294.1116888523102
-
START:  TROW
END:    294.4409143924713
-
START:  TRU
END:    294.62433385849
-
START:  TRUP
END:    294.80452275276184
-
START:  TSCO
END:    296.10363268852234
-
START:  TSLA
END:    296.324716091156
-
START:  TSM
END:    296.6505196094513
-
START:  TT
END:    298.0702896118164
-
START:  TTC
END:    298.39405846595764
-
START:  TTD
END:    298.5645411014557
-
START:  TTEC
END:    298.8475043773651
-
START:  TTEK
END:    299.1246294975281
-
START:  TTGT
END:    299.36157608032227
-
START:  TTWO
END:    300.63852643966675
-
START:  TWLO
END:    300.7991111278534
-
START:  TXN
END:    301.21162962913513
-
START:  TYL
END:    301.4597270488739
-
START:  UCTT
END:    301.7135999202728
-
START:  UFPI
END:    303.06212306022644
-
START:  UFPT
END:    303.32443594932556
-
START:  UI
END:    303.54269576072693
-
START:  UMC
END:    303.8282833099365
-
START:  UNF
END:    304.15152311325073
-
START:  UNH
END:    305.45778703689575
-
START:  UNP
END:    305.7909255027771
-
START:  UPLD
END:    305.96397972106934
-
START:  URI
END:    306.2368233203888
-
START:  V
END:    306.4587182998657
-
START:  VALU
END:    307.82885551452637
-
START:  VBK
END:    308.1136634349823
-
START:  VCEL
END:    308.3477611541748
-
START:  VCR
END:    308.69897294044495
-
START:  VCTR
END:    309.8950705528259
-
START:  VCYT
END:    310.0767443180084
-
START:  VDC
END:    310.3303108215332
-
START:  VEEV
END:    310.5151481628418
-
START:  VERU
END:    310.7629659175873
-
START:  VGT
END:    311.0630910396576
-
START:  VHT
END:    311.3624198436737
-
START:  VIAV
END:    311.6287889480591
-
START:  VICR
END:    312.9292845726013
-
START:  VIG
END:    313.21241664886475
-
START:  VO
END:    313.55776143074036
-
START:  VONE
END:    313.80297231674194
-
START:  VONG
END:    314.0157823562622
-
START:  VOO
END:    314.23599910736084
-
START:  VOOG
END:    314.43747639656067
-
START:  VOOV
END:    314.66349625587463
-
START:  VOT
END:    314.9309117794037
-
START:  VPU
END:    315.2293276786804
-
START:  VRNS
END:    315.39206314086914
-
START:  VRSK
END:    315.5958294868469
-
START:  VRSN
END:    315.86349987983704
-
START:  VRTV
END:    316.0487060546875
-
START:  VSTO
END:    316.2283458709717
-
START:  VTHR
END:    316.46280312538147
-
START:  VTI
END:    316.76563572883606
-
START:  VTNR
END:    317.0129859447479
-
START:  VTWG
END:    317.2311897277832
-
START:  VUG
END:    318.53887605667114
-
START:  VV
END:    318.83321142196655
-
START:  VXF
END:    319.12865233421326
-
START:  WCN
END:    319.4233660697937
-
START:  WD
END:    320.670951128006
-
START:  WDAY
END:    320.86564803123474
-
START:  WDFC
END:    321.19168758392334
-
START:  WEC
END:    321.47924304008484
-
START:  WEN
END:    321.77644991874695
-
START:  WINA
END:    323.07648611068726
-
START:  WING
END:    323.2636377811432
-
START:  WIRE
END:    323.53193283081055
-
START:  WIX
END:    323.72662830352783
-
START:  WK
END:    323.90866589546204
-
START:  WLTW
Not Found: No data found, symbol may be delisted
START:  WM
END:    324.2555992603302
-
START:  WMS
END:    325.45111656188965
-
START:  WNS
END:    325.68854808807373
-
START:  WRB
END:    326.01692366600037
-
START:  WSC
END:    326.1766893863678
-
START:  WSM
END:    326.47700095176697
-
START:  WST
END:    326.7985897064209
-
START:  WTRG
END:    327.14973545074463
-
START:  WTS
END:    327.45352578163147
-
START:  XEL
END:    327.79110074043274
-
START:  XENE
END:    327.94195342063904
-
START:  XLK
END:    328.22517943382263
-
START:  XLNX
Not Found: No data found, symbol may be delisted
START:  XLP
END:    328.57947635650635
-
START:  XLRN
Not Found: No data found, symbol may be delisted
START:  XLU
END:    328.9440977573395
-
START:  XLV
END:    330.2325348854065
-
START:  XLY
END:    330.52127265930176
-
START:  XYL
END:    330.73318910598755
-
START:  YNDX
END:    330.9123520851135
-
START:  YORW
END:    331.18374729156494
-
START:  YUM
END:    331.49540519714355
-
START:  Z
END:    331.682204246521
-
START:  ZBRA
END:    332.965539932251
-
START:  ZEN
Not Found: No data found, symbol may be delisted
START:  ZLAB
END:    333.1865403652191
-
START:  ZNGA
Not Found: No data found, symbol may be delisted
START:  ZS
END:    333.39731645584106
-
START:  ZTS
END:    334.6062591075897
-
START:  ZYXI
END:    334.87903928756714
-
===========================
MACD golden cross
===========================
START:  code
START:  A
START:  AAON
START:  AAPL
START:  ABG
START:  ABT
START:  ACLS
START:  ACMR
START:  ACN
START:  ADBE
START:  ADI
START:  ADP
START:  ADSK
START:  ADUS
START:  AEE
START:  AGYS
START:  AIZ
START:  AJG
START:  AJRD
START:  ALB
START:  ALG
START:  ALGN
START:  ALLE
START:  ALTR
START:  AMAT
START:  AMBA
START:  AMD
START:  AME
START:  AMED
START:  AMEH
START:  AMGN
START:  AMN
START:  AMP
START:  AMRC
START:  AMSWA
START:  AMTX
START:  AMZN
START:  AN
START:  ANSS
START:  ANTM
START:  AON
START:  AOSL
START:  APD
START:  APH
START:  APPF
START:  APPN
START:  APPS
START:  AQN
START:  ARCB
START:  ARCT
START:  ARES
START:  ARGX
START:  ARWR
START:  ASML
START:  ASPN
START:  ATEC
START:  ATEN
START:  ATKR
START:  ATOM
START:  ATR
START:  ATRC
START:  AUDC
START:  AUPH
START:  AVAV
START:  AVGO
START:  AVID
START:  AVNW
START:  AVXL
START:  AVY
START:  AWK
START:  AWR
START:  AXON
START:  AZO
START:  AZPN
START:  BAH
START:  BAM
START:  BAX
START:  BBH
START:  BBQ
START:  BBY
START:  BCPC
START:  BDX
START:  BEEM
START:  BFAM
START:  BFC
START:  BGFV
START:  BGNE
START:  BHVN
START:  BIO
START:  BL
START:  BLD
START:  BLDP
START:  BLDR
START:  BLFS
START:  BLK
START:  BLL
START:  BLNK
START:  BMI
START:  BOOT
START:  BOTZ
START:  BR
START:  BRKR
START:  BRKS
START:  BRO
START:  BURL
START:  BX
START:  CABO
START:  CACI
START:  CALX
START:  CAMT
START:  CAR
START:  CBRE
START:  CBSH
START:  CBZ
START:  CCOI
START:  CCS
START:  CDMO
START:  CDNA
START:  CDNS
START:  CDW
START:  CELH
START:  CGNX
START:  CHD
START:  CHDN
START:  CHE
START:  CHGG
START:  CHH
START:  CHKP
START:  CHTR
START:  CIEN
START:  CLAR
START:  CLFD
START:  CLGN
START:  CLNE
START:  CLPT
START:  CLX
START:  CMCSA
START:  CMG
START:  CMS
START:  CNC
START:  CNI
START:  CNMD
START:  CNS
START:  CNXN
START:  COO
START:  COST
START:  COUP
START:  COWN
START:  CP
START:  CPK
START:  CPRT
START:  CPSH
START:  CRAI
START:  CREE
START:  CRL
START:  CRM
START:  CRMT
START:  CROX
START:  CRSP
START:  CRVL
START:  CSGP
START:  CSL
START:  CSWI
START:  CSX
START:  CTAS
START:  CTLT
START:  CTRN
START:  CURE
START:  CVCO
START:  CVNA
START:  CWST
START:  CWT
START:  CXSE
START:  CYBR
START:  CYRX
START:  CYTK
START:  DAC
START:  DAR
START:  DAVA
START:  DDS
START:  DE
START:  DECK
START:  DELL
START:  DFIN
START:  DG
START:  DGRW
START:  DHI
START:  DHR
START:  DIA
START:  DIOD
START:  DIS
START:  DKS
START:  DLN
START:  DNLI
START:  DOMO
START:  DOV
START:  DPZ
START:  DQ
START:  DRD
START:  DRIO
START:  DRNA
START:  DSGX
START:  DVAX
START:  DXCM
START:  ECL
START:  EFX
START:  EGAN
START:  EHC
START:  EL
START:  ENPH
START:  ENSG
START:  ENTG
START:  ENV
START:  EPAM
START:  ERIE
START:  ES
START:  ESE
START:  ETN
START:  ETSY
START:  EVBG
START:  EVTC
START:  EW
START:  EWT
START:  EXAS
START:  EXLS
START:  EXPD
START:  EXPI
START:  EXPO
START:  FAST
START:  FATE
START:  FB
START:  FCN
START:  FCX
START:  FDN
START:  FDS
START:  FELE
START:  FFIN
START:  FICO
START:  FINX
START:  FIS
START:  FISV
START:  FIVE
START:  FIVN
START:  FLGT
START:  FLT
START:  FLWS
START:  FN
START:  FND
START:  FNV
START:  FORM
START:  FOXF
START:  FPX
START:  FRC
START:  FRHC
START:  FRPT
START:  FSS
START:  FTNT
START:  FUV
START:  GDEN
START:  GFI
START:  GGG
START:  GIB
START:  GLDD
START:  GLOB
START:  GMAB
START:  GME
START:  GMED
START:  GNRC
START:  GNSS
START:  GNTX
START:  GOLF
START:  GOOG
START:  GOOGL
START:  GPI
START:  GPN
START:  GRBK
START:  GRMN
START:  GRVY
START:  GRWG
START:  GWRE
START:  HACK
START:  HALO
START:  HCI
START:  HD
START:  HEI
START:  HELE
START:  HIBB
START:  HLI
START:  HLT
START:  HOLX
START:  HON
START:  HOV
START:  HRC
START:  HRI
START:  HSKA
START:  HTHT
START:  HUBS
START:  HUM
START:  HZNP
START:  IAC
START:  IBP
START:  ICE
START:  ICLN
START:  ICLR
START:  IDT
START:  IDXX
START:  IESC
START:  IEX
START:  ILMN
START:  INFO
START:  INOV
START:  INSP
START:  INTC
START:  INTU
START:  INTZ
START:  INVE
START:  IOO
START:  IQV
START:  IRDM
START:  IRMD
START:  ISEE
START:  ISRG
START:  IT
START:  ITT
START:  ITW
START:  IVOG
START:  IVV
START:  IXJ
START:  IXN
START:  J
START:  JBL
START:  JBSS
START:  JD
START:  JKHY
START:  JKS
START:  JNJ
START:  JOE
START:  JOUT
START:  JYNT
START:  KAI
START:  KBH
START:  KBR
START:  KDMN
START:  KEYS
START:  KLAC
START:  KLIC
START:  KMX
START:  KNSL
START:  KOPN
START:  KOSS
START:  KRNT
START:  KSU
START:  KTOS
START:  LAC
START:  LAD
START:  LANC
START:  LAWS
START:  LDOS
START:  LFMD
START:  LGIH
START:  LH
START:  LHCG
START:  LHX
START:  LII
START:  LIN
START:  LINC
START:  LIT
START:  LLY
START:  LMT
START:  LNT
START:  LOB
START:  LOGI
START:  LOVE
START:  LOW
START:  LPLA
START:  LPSN
START:  LQDT
START:  LRCX
START:  LSCC
START:  LSTR
START:  LULU
START:  LUNA
START:  MA
START:  MANH
START:  MANT
START:  MARA
START:  MASI
START:  MATX
START:  MBUU
START:  MCD
START:  MCHP
START:  MCO
START:  MDB
START:  MDT
START:  MEDP
START:  MEDS
START:  MELI
START:  MGC
START:  MGIC
START:  MGK
START:  MGNI
START:  MHO
START:  MIME
START:  MITK
START:  MKC
START:  MKSI
START:  MKTX
START:  MLAB
START:  MLR
START:  MMC
START:  MMS
START:  MNMD
START:  MNST
START:  MODN
START:  MODV
START:  MOH
START:  MORN
START:  MPWR
START:  MRTX
START:  MRVL
START:  MS
START:  MSA
START:  MSCI
START:  MSEX
START:  MSFT
START:  MSI
START:  MSTR
START:  MTBC
START:  MTCH
START:  MTD
START:  MTEX
START:  MTH
START:  MTLS
START:  MTSI
START:  MU
START:  MUSA
START:  MVIS
START:  MXL
START:  MYRG
START:  NBIX
START:  NCBS
START:  NDAQ
START:  NDSN
START:  NEE
START:  NEO
START:  NEOG
START:  NFLX
START:  NICE
START:  NISN
START:  NKE
START:  NOVT
START:  NOW
START:  NSC
START:  NSIT
START:  NSSC
START:  NSTG
START:  NTLA
START:  NTRA
START:  NUAN
START:  NVCR
START:  NVDA
START:  NVMI
START:  NVO
START:  NVR
START:  NXST
START:  NYT
START:  OBCI
START:  ODFL
START:  OEF
START:  OFLX
START:  OLED
START:  OMCL
START:  ON
START:  OOMA
START:  OPRX
START:  ORA
START:  ORCL
START:  ORLY
START:  ORMP
START:  OTEX
START:  PACB
START:  PAG
START:  PANW
START:  PAR
START:  PAYC
START:  PAYX
START:  PBD
START:  PCTY
START:  PEGA
START:  PEN
START:  PENN
START:  PEP
START:  PERI
START:  PFSI
START:  PGR
START:  PH
START:  PHM
START:  PKI
START:  PLL
START:  PLNT
START:  PLUG
START:  PLXS
START:  PODD
START:  POOL
START:  POWI
START:  PRFT
START:  PRI
START:  PRTA
START:  PRTS
START:  PTSI
START:  PWR
START:  PYPL
START:  QADA
START:  QCLN
START:  QDEL
START:  QGEN
START:  QLYS
START:  QQQ
START:  QRVO
START:  QTWO
START:  RADA
START:  RAMP
START:  RBA
START:  RCII
START:  RCKY
START:  RDNT
START:  RDVT
START:  RDWR
START:  REGI
START:  RENN
START:  RGEN
START:  RH
START:  RILY
START:  RIOT
START:  RLI
START:  RLMD
START:  RMD
START:  RNG
START:  ROBO
START:  ROCK
START:  ROK
START:  ROKU
START:  ROL
START:  ROP
START:  ROST
START:  RPD
START:  RPM
START:  RSG
START:  RTH
START:  RUN
START:  RXI
START:  SAIA
START:  SAIC
START:  SAM
START:  SAVA
START:  SCI
START:  SCL
START:  SE
START:  SEAS
START:  SEDG
START:  SFBS
START:  SGEN
START:  SGMS
START:  SGRY
START:  SHOP
START:  SHW
START:  SHYF
START:  SITE
START:  SIVB
START:  SJW
START:  SKY
START:  SLAB
START:  SLP
START:  SMH
START:  SMTC
START:  SNAP
START:  SNPS
START:  SOCL
START:  SOXL
START:  SPGI
START:  SPLG
START:  SPLK
START:  SPNS
START:  SPSC
START:  SPTM
START:  SPWH
START:  SPWR
START:  SPXC
START:  SPXL
START:  SPY
START:  SPYG
START:  SQ
START:  SSD
START:  SSNC
START:  SSTK
START:  STAA
START:  STE
START:  SUSA
START:  SYK
START:  SYNA
START:  TBBK
START:  TBK
START:  TDG
START:  TDOC
START:  TDY
START:  TEAM
START:  TECH
START:  TECL
START:  TER
START:  TFX
START:  TGH
START:  TGLS
START:  TGT
START:  TGTX
START:  THC
START:  TJX
START:  TMO
START:  TMUS
START:  TNDM
START:  TNET
START:  TPX
START:  TREX
START:  TRI
START:  TRIL
START:  TRMB
START:  TRNS
START:  TROW
START:  TRU
START:  TRUP
START:  TSCO
START:  TSLA
START:  TSM
START:  TT
START:  TTC
START:  TTD
START:  TTEC
START:  TTEK
START:  TTGT
START:  TTWO
START:  TWLO
START:  TXN
START:  TYL
START:  UCTT
START:  UFPI
START:  UFPT
START:  UI
START:  UMC
START:  UNF
START:  UNH
START:  UNP
START:  UPLD
START:  URI
START:  V
START:  VALU
START:  VBK
START:  VCEL
START:  VCR
START:  VCTR
START:  VCYT
START:  VDC
START:  VEEV
START:  VERU
START:  VGT
START:  VHT
START:  VIAV
START:  VICR
START:  VIG
START:  VO
START:  VONE
START:  VONG
START:  VOO
START:  VOOG
START:  VOOV
START:  VOT
START:  VPU
START:  VRNS
START:  VRSK
START:  VRSN
START:  VRTV
START:  VSTO
START:  VTHR
START:  VTI
START:  VTNR
START:  VTWG
START:  VUG
START:  VV
START:  VXF
START:  WCN
START:  WD
START:  WDAY
START:  WDFC
START:  WEC
START:  WEN
START:  WINA
START:  WING
START:  WIRE
START:  WIX
START:  WK
START:  WLTW
START:  WM
START:  WMS
START:  WNS
START:  WRB
START:  WSC
START:  WSM
START:  WST
START:  WTRG
START:  WTS
START:  XEL
START:  XENE
START:  XLK
START:  XLNX
START:  XLP
START:  XLRN
START:  XLU
START:  XLV
START:  XLY
START:  XYL
START:  YNDX
START:  YORW
START:  YUM
START:  Z
START:  ZBRA
START:  ZEN
START:  ZLAB
START:  ZNGA
START:  ZS
START:  ZTS
START:  ZYXI
==== MACD golden cross ====
None
code: ACMR     day: macd + hist - hist_1pre - ,  Week: macd + hist + hist_1pre - , Month: macd - hist + hist_1pre + , 
Trade --> code: ACMR   BUY: 2020-03-31    9.87 SELL: 2022-06-30   16.83  macd:   -0.08 macd_count:  27 profit:  1.71

code: GOOG     day: macd + hist - hist_1pre - ,  Week: macd + hist + hist_1pre - , Month: macd + hist + hist_1pre + , 
Trade --> code: GOOG   BUY: 2006-12-31   11.47 SELL: 2008-11-30    7.30  macd:   -0.30 macd_count:  23 profit:  0.64
Trade --> code: GOOG   BUY: 2009-10-31   13.35 SELL: 2022-12-31   88.73  macd:   -0.56 macd_count: 158 profit:  6.64
Trade --> code: GOOG   BUY: 2023-06-30  120.97 SELL: 2024-01-31  142.56  macd:    7.25 macd_count:   8 profit:  1.18

code: GOOGL    day: macd + hist - hist_1pre - ,  Week: macd + hist + hist_1pre - , Month: macd + hist + hist_1pre + , 
Trade --> code: GOOGL  BUY: 2006-12-31   11.52 SELL: 2008-11-30    7.33  macd:   -0.30 macd_count:  23 profit:  0.64
Trade --> code: GOOGL  BUY: 2009-10-31   13.42 SELL: 2022-12-31   88.23  macd:   -0.56 macd_count: 158 profit:  6.58
Trade --> code: GOOGL  BUY: 2023-06-30  119.70 SELL: 2024-01-31  140.95  macd:    7.04 macd_count:   8 profit:  1.18

code: LLY      day: macd + hist + hist_1pre + ,  Week: macd + hist + hist_1pre - , Month: macd + hist + hist_1pre + , 
Trade --> code: LLY    BUY: 2011-11-30   37.85 SELL: 2024-01-31  625.48  macd:   79.35 macd_count: 147 profit: 16.53

code: NUAN     day: macd + hist + hist_1pre + ,  Week: macd + hist + hist_1pre - , Month: macd + hist - hist_1pre - , 
Trade --> code: NUAN   BUY: 2005-11-30    5.38 SELL: 2008-11-30    7.94  macd:   -0.14 macd_count:  36 profit:  1.48
Trade --> code: NUAN   BUY: 2009-12-31   13.44 SELL: 2013-05-31   16.44  macd:   -0.10 macd_count:  41 profit:  1.22
Trade --> code: NUAN   BUY: 2015-11-30   18.11 SELL: 2016-07-31   13.90  macd:   -0.05 macd_count:   8 profit:  0.77
Trade --> code: NUAN   BUY: 2017-05-31   16.01 SELL: 2017-09-30   13.60  macd:   -0.04 macd_count:   4 profit:  0.85
Trade --> code: NUAN   BUY: 2019-04-30   14.56 SELL: 2022-03-31   55.99  macd:    7.14 macd_count:  36 profit:  3.85

code: NVDA     day: macd + hist + hist_1pre + ,  Week: macd + hist + hist_1pre - , Month: macd + hist + hist_1pre + , 
Trade --> code: NVDA   BUY: 2006-05-31    3.83 SELL: 2008-08-31    3.16  macd:   -0.17 macd_count:  27 profit:  0.83
Trade --> code: NVDA   BUY: 2011-01-31    5.98 SELL: 2011-12-31    3.46  macd:   -0.01 macd_count:  11 profit:  0.58
Trade --> code: NVDA   BUY: 2013-09-30    3.89 SELL: 2024-01-31  531.40  macd:   76.36 macd_count: 125 profit: 136.61

code: PANW     day: macd + hist - hist_1pre - ,  Week: macd + hist + hist_1pre - , Month: macd + hist + hist_1pre + , 
Trade --> code: PANW   BUY: 2014-11-30   41.00 SELL: 2017-04-30   36.14  macd:   -0.18 macd_count:  29 profit:  0.88
Trade --> code: PANW   BUY: 2017-10-31   49.07 SELL: 2024-01-31  300.42  macd:   32.40 macd_count:  76 profit:  6.12

code: PGR      day: macd + hist + hist_1pre + ,  Week: macd + hist + hist_1pre - , Month: macd + hist + hist_1pre + , 
Trade --> code: PGR    BUY: 2006-05-31   27.35 SELL: 2007-03-31   21.82  macd:   -0.07 macd_count:  10 profit:  0.80
Trade --> code: PGR    BUY: 2010-04-30   20.09 SELL: 2024-01-31  166.67  macd:   12.45 macd_count: 166 profit:  8.30

code: RCII     day: macd + hist + hist_1pre + ,  Week: macd + hist + hist_1pre - , Month: macd - hist + hist_1pre + , 
Trade --> code: RCII   BUY: 2006-10-31   28.76 SELL: 2007-07-31   19.41  macd:   -0.10 macd_count:   9 profit:  0.67
Trade --> code: RCII   BUY: 2010-03-31   23.65 SELL: 2014-01-31   24.94  macd:   -0.00 macd_count:  46 profit:  1.05
Trade --> code: RCII   BUY: 2018-12-31   16.19 SELL: 2022-05-31   27.54  macd:   -0.82 macd_count:  41 profit:  1.70

code: VCEL     day: macd - hist + hist_1pre - ,  Week: macd + hist + hist_1pre - , Month: macd + hist + hist_1pre + , 
Trade --> code: VCEL   BUY: 2006-05-31  206.40 SELL: 2006-11-30  217.60  macd:   -2.14 macd_count:   6 profit:  1.05
Trade --> code: VCEL   BUY: 2017-11-30    4.45 SELL: 2022-08-31   24.95  macd:   -0.37 macd_count:  57 profit:  5.61
Trade --> code: VCEL   BUY: 2023-08-31   32.83 SELL: 2024-01-31   37.31  macd:    0.91 macd_count:   6 profit:  1.14

