Wed Jan 17 13:50:41 UTC 2024
arg[0]: scraping/yahoo-finace-api2.py, arg[1]: stock-code-list/buy-list.txt
===========================
scraping
===========================
START:  AAPL
END:    0.3747096061706543
-
START:  EL
END:    0.7165405750274658
-
START:  NEE
END:    1.0990791320800781
-
START:  AMD
END:    1.3675050735473633
-
START:  APH
END:    1.659398078918457
-
START:  XLP
END:    1.9370131492614746
-
START:  SPXL
END:    2.2564334869384766
-
START:  KEYS
END:    2.413428544998169
-
START:  VDC
END:    2.6816763877868652
-
START:  SPTM
END:    3.012202501296997
-
START:  SPLG
END:    3.264214277267456
-
START:  CROX
END:    3.5143048763275146
-
START:  AXON
END:    3.7880568504333496
-
START:  AWR
END:    4.180919885635376
-
START:  FN
END:    4.384427547454834
-
START:  NXST
END:    4.680423736572266
-
START:  TREX
END:    4.987740993499756
-
START:  RGEN
END:    5.241258859634399
-
START:  EXPO
END:    5.520066976547241
-
START:  BCPC
END:    5.790072917938232
-
START:  SOXL
END:    7.06705379486084
-
START:  TECL
END:    7.302299976348877
-
START:  NEO
END:    8.568860530853271
-
START:  NVMI
END:    8.808768272399902
-
START:  NVDA
END:    9.114717483520508
-
START:  BBDC
END:    9.40407943725586
-
START:  APPS
END:    10.685526371002197
-
START:  ROK
END:    10.984657287597656
-
START:  NHTC
END:    11.270601987838745
-
START:  ZYXI
END:    11.536242246627808
-
START:  LIT
END:    12.780285596847534
-
START:  LLY
END:    13.119813919067383
-
START:  GTLB
END:    13.215937614440918
-
START:  MCD
END:    13.600598335266113
-
START:  MSI
END:    13.983888149261475
-
START:  HCP
END:    14.12520956993103
-
START:  ON
END:    14.379477739334106
-
===========================
MACD sell
===========================
START:  AAPL
START:  EL
START:  NEE
START:  AMD
START:  APH
START:  XLP
START:  SPXL
START:  KEYS
START:  VDC
START:  SPTM
START:  SPLG
START:  CROX
START:  AXON
START:  AWR
START:  FN
START:  NXST
START:  TREX
START:  RGEN
START:  EXPO
START:  BCPC
START:  SOXL
START:  TECL
START:  NEO
START:  NVMI
START:  NVDA
START:  BBDC
START:  APPS
START:  ROK
START:  NHTC
START:  ZYXI
START:  LIT
START:  LLY
START:  GTLB
START:  MCD
START:  MSI
START:  HCP
START:  ON
==== MACD list ====
code: AAPL     day: macd - hist - ,  Week: macd + hist - , Month: macd + hist + , 
code: EL       day: macd - hist - ,  Week: macd - hist + , Month: macd - hist - , 
code: NEE      day: macd + hist - ,  Week: macd - hist + , Month: macd - hist - , 
code: AMD      day: macd + hist + ,  Week: macd + hist + , Month: macd + hist + , 
code: APH      day: macd + hist - ,  Week: macd + hist - , Month: macd + hist + , 
code: XLP      day: macd + hist - ,  Week: macd + hist + , Month: macd + hist - , 
code: SPXL     day: macd + hist - ,  Week: macd + hist + , Month: macd + hist + , 
code: KEYS     day: macd + hist - ,  Week: macd + hist + , Month: macd - hist - , 
code: VDC      day: macd + hist - ,  Week: macd + hist + , Month: macd + hist - , 
code: SPTM     day: macd + hist - ,  Week: macd + hist + , Month: macd + hist + , 
code: SPLG     day: macd + hist - ,  Week: macd + hist + , Month: macd + hist + , 
code: CROX     day: macd + hist + ,  Week: macd + hist + , Month: macd + hist - , 
code: AXON     day: macd + hist - ,  Week: macd + hist - , Month: macd + hist + , 
code: AWR      day: macd - hist - ,  Week: macd - hist - , Month: macd - hist - , 
code: FN       day: macd + hist - ,  Week: macd + hist - , Month: macd + hist + , 
code: NXST     day: macd + hist + ,  Week: macd + hist + , Month: macd + hist - , 
code: TREX     day: macd + hist - ,  Week: macd + hist + , Month: macd + hist + , 
code: RGEN     day: macd + hist - ,  Week: macd + hist + , Month: macd - hist + , 
code: EXPO     day: macd + hist - ,  Week: macd + hist + , Month: macd - hist - , 
code: BCPC     day: macd + hist - ,  Week: macd + hist + , Month: macd + hist + , 
code: SOXL     day: macd + hist - ,  Week: macd + hist + , Month: macd - hist + , 
code: TECL     day: macd + hist - ,  Week: macd + hist + , Month: macd + hist + , 
code: NEO      day: macd - hist - ,  Week: macd + hist - , Month: macd - hist + , 
code: NVMI     day: macd + hist - ,  Week: macd + hist + , Month: macd + hist + , 
code: NVDA     day: macd + hist + ,  Week: macd + hist + , Month: macd + hist + , 
code: BBDC     day: macd + hist + ,  Week: macd + hist - , Month: macd - hist + , 
code: APPS     day: macd - hist - ,  Week: macd - hist + , Month: macd - hist + , 
code: ROK      day: macd + hist - ,  Week: macd + hist + , Month: macd + hist - , 
code: NHTC     day: macd + hist + ,  Week: macd + hist + , Month: macd - hist + , 
code: ZYXI     day: macd + hist - ,  Week: macd + hist + , Month: macd - hist - , 
code: LIT      day: macd - hist - ,  Week: macd - hist + , Month: macd - hist - , 
code: LLY      day: macd + hist + ,  Week: macd + hist + , Month: macd + hist + , 
code: GTLB     day: macd + hist - ,  Week: macd + hist + , Month: macd + hist + , 
code: MCD      day: macd + hist - ,  Week: macd + hist + , Month: macd + hist - , 
code: MSI      day: macd + hist + ,  Week: macd + hist - , Month: macd + hist + , 
code: HCP      day: macd - hist - ,  Week: macd - hist + , Month: macd + hist + , 
code: ON       day: macd - hist - ,  Week: macd - hist - , Month: macd + hist - , 
==== MACD sell list ====
code: AAPL     day: macd - hist - , 
code: AAPL     day: macd - hist - ,  Week: macd + hist - , 
code: EL       day: macd - hist - , 
code: EL       day: macd - hist - ,  Week: macd - hist + , Month: macd - hist - , 
code: NEE      day: macd + hist - , 
code: NEE      day: macd + hist - ,  Week: macd - hist + , Month: macd - hist - , 
code: APH      day: macd + hist - , 
code: APH      day: macd + hist - ,  Week: macd + hist - , 
code: XLP      day: macd + hist - , 
code: XLP      day: macd + hist - ,  Week: macd + hist + , Month: macd + hist - , 
code: SPXL     day: macd + hist - , 
code: KEYS     day: macd + hist - , 
code: KEYS     day: macd + hist - ,  Week: macd + hist + , Month: macd - hist - , 
code: VDC      day: macd + hist - , 
code: VDC      day: macd + hist - ,  Week: macd + hist + , Month: macd + hist - , 
code: SPTM     day: macd + hist - , 
code: SPLG     day: macd + hist - , 
code: CROX     day: macd + hist + ,  Week: macd + hist + , Month: macd + hist - , 
code: AXON     day: macd + hist - , 
code: AXON     day: macd + hist - ,  Week: macd + hist - , 
code: AWR      day: macd - hist - , 
code: AWR      day: macd - hist - ,  Week: macd - hist - , 
code: AWR      day: macd - hist - ,  Week: macd - hist - , Month: macd - hist - , 
code: FN       day: macd + hist - , 
code: FN       day: macd + hist - ,  Week: macd + hist - , 
code: NXST     day: macd + hist + ,  Week: macd + hist + , Month: macd + hist - , 
code: TREX     day: macd + hist - , 
code: RGEN     day: macd + hist - , 
code: EXPO     day: macd + hist - , 
code: EXPO     day: macd + hist - ,  Week: macd + hist + , Month: macd - hist - , 
code: BCPC     day: macd + hist - , 
code: SOXL     day: macd + hist - , 
code: TECL     day: macd + hist - , 
code: NEO      day: macd - hist - , 
code: NEO      day: macd - hist - ,  Week: macd + hist - , 
code: NVMI     day: macd + hist - , 
code: BBDC     day: macd + hist + ,  Week: macd + hist - , 
code: APPS     day: macd - hist - , 
code: ROK      day: macd + hist - , 
code: ROK      day: macd + hist - ,  Week: macd + hist + , Month: macd + hist - , 
code: ZYXI     day: macd + hist - , 
code: ZYXI     day: macd + hist - ,  Week: macd + hist + , Month: macd - hist - , 
code: LIT      day: macd - hist - , 
code: LIT      day: macd - hist - ,  Week: macd - hist + , Month: macd - hist - , 
code: GTLB     day: macd + hist - , 
code: MCD      day: macd + hist - , 
code: MCD      day: macd + hist - ,  Week: macd + hist + , Month: macd + hist - , 
code: MSI      day: macd + hist + ,  Week: macd + hist - , 
code: HCP      day: macd - hist - , 
code: ON       day: macd - hist - , 
code: ON       day: macd - hist - ,  Week: macd - hist - , 
code: ON       day: macd - hist - ,  Week: macd - hist - , Month: macd + hist - , 
===========================
profit
===========================
==== plus ====
AMD  , macd +, macd hist +, profit:  [38.51], per:  [32.03], now: [158.74], buy: [120.23]
VDC  , macd +, macd hist -, profit:   [2.49], per:   [1.31], now: [192.02], buy: [189.53]
SPTM , macd +, macd hist -, profit:   [1.65], per:   [2.92], now:  [58.23], buy:  [56.58]
SPLG , macd +, macd hist -, profit:   [1.89], per:    [3.5], now:  [55.88], buy:  [53.99]
AXON , macd +, macd hist -, profit: [111.32], per:  [80.58], now: [249.47], buy: [138.15]
FN   , macd +, macd hist -, profit:  [71.44], per:  [61.13], now:  [188.3], buy: [116.86]
NXST , macd +, macd hist +, profit:   [6.88], per:   [4.23], now: [169.38], buy:  [162.5]
TREX , macd +, macd hist -, profit:  [10.87], per:  [15.53], now:  [80.87], buy:    [70.]
BCPC , macd +, macd hist -, profit:   [0.42], per:   [0.31], now:  [137.5], buy: [137.08]
TECL , macd +, macd hist -, profit:   [5.56], per:   [9.15], now:   [66.3], buy:  [60.74]
NVMI , macd +, macd hist -, profit:  [18.95], per:  [16.53], now:  [133.6], buy: [114.65]
NVDA , macd +, macd hist +, profit: [308.15], per: [120.53], now: [563.82], buy: [255.67]
ZYXI , macd +, macd hist -, profit:   [3.57], per:  [56.13], now:   [9.93], buy:   [6.36]
LLY  , macd +, macd hist +, profit: [363.57], per: [134.16], now: [634.57], buy:   [271.]
GTLB , macd +, macd hist -, profit:   [9.97], per:   [18.9], now:  [62.73], buy:  [52.76]
MCD  , macd +, macd hist -, profit:  [37.63], per:  [14.85], now: [291.09], buy: [253.46]
MSI  , macd +, macd hist +, profit:  [64.24], per:  [25.55], now: [315.65], buy: [251.41]
ON   , macd -, macd hist -, profit:  [13.94], per:  [23.29], now:   [73.8], buy:  [59.86]
-
     plus  len:  18
     profit: [1071.05], per: [620.62], per/len(p):  [34.48], per/len(p+m):  [16.77]
-
==== minus ====
AAPL , macd -, macd hist -, profit:       [], per:       [], now: [183.63], buy:       []
EL   , macd -, macd hist -, profit: [-209.99], per: [-61.81], now: [129.76], buy: [339.75]
NEE  , macd +, macd hist -, profit: [-24.98], per: [-29.27], now:  [60.35], buy:  [85.33]
APH  , macd +, macd hist -, profit:       [], per:       [], now:  [96.14], buy:       []
XLP  , macd +, macd hist -, profit:  [-0.18], per:  [-0.25], now:   [72.4], buy:  [72.58]
SPXL , macd +, macd hist -, profit: [-27.17], per: [-20.86], now: [103.06], buy: [130.23]
KEYS , macd +, macd hist -, profit: [-35.36], per:   [-19.], now:  [150.7], buy: [186.06]
CROX , macd +, macd hist +, profit: [-76.69], per: [-43.23], now: [100.73], buy: [177.42]
AWR  , macd -, macd hist -, profit:       [], per:       [], now:  [78.57], buy:       []
RGEN , macd +, macd hist -, profit:   [-6.9], per:  [-3.84], now: [172.76], buy: [179.66]
EXPO , macd +, macd hist -, profit: [-10.97], per: [-10.85], now:  [90.14], buy: [101.11]
SOXL , macd +, macd hist -, profit:  [-12.9], per: [-30.65], now:  [29.19], buy:  [42.09]
NEO  , macd -, macd hist -, profit:  [-2.35], per: [-13.17], now:  [15.49], buy:  [17.84]
BBDC , macd +, macd hist +, profit:  [-1.73], per: [-16.32], now:   [8.87], buy:   [10.6]
APPS , macd -, macd hist -, profit: [-38.21], per:  [-87.5], now:   [5.46], buy:  [43.67]
ROK  , macd +, macd hist -, profit: [-43.51], per: [-12.73], now: [298.38], buy: [341.89]
NHTC , macd +, macd hist +, profit:  [-0.99], per: [-13.81], now:   [6.18], buy:   [7.17]
LIT  , macd -, macd hist -, profit: [-45.94], per: [-49.98], now:  [45.97], buy:  [91.91]
HCP  , macd -, macd hist -, profit: [-32.58], per:   [-60.], now:  [21.72], buy:   [54.3]
-
     minus len:  19
     profit:       [], per:       [], per/len(m):       [], per/len(p+m):       []
-
==== total ====
     profit:       [], per:       [], per/len(p+m):       []
arg[0]: scraping/yahoo-finace-api2.py, arg[1]: stock-code-list/up-month.txt
===========================
scraping
===========================
START:  A
END:    0.31128358840942383
-
START:  AAON
END:    0.580672025680542
-
START:  AAPL
END:    0.8983664512634277
-
START:  ABG
END:    1.1688568592071533
-
START:  ABT
END:    1.479156494140625
-
START:  ACLS
END:    1.756507158279419
-
START:  ACMR
END:    1.946589469909668
-
START:  ACN
END:    2.263300895690918
-
START:  ADBE
END:    2.5818188190460205
-
START:  ADI
END:    2.8877310752868652
-
START:  ADP
END:    3.2215042114257812
-
START:  ADSK
END:    3.509891986846924
-
START:  ADUS
END:    3.7293031215667725
-
START:  AEE
END:    4.036825895309448
-
START:  AGYS
END:    4.317143440246582
-
START:  AIZ
END:    4.61731219291687
-
START:  AJG
END:    4.936402082443237
-
START:  AJRD
Not Found: No data found, symbol may be delisted
START:  ALB
END:    5.3739728927612305
-
START:  ALG
END:    5.7220587730407715
-
START:  ALGN
END:    5.986465215682983
-
START:  ALLE
END:    6.183039665222168
-
START:  ALTR
END:    6.321387529373169
-
START:  AMAT
END:    6.626559495925903
-
START:  AMBA
END:    7.799108982086182
-
START:  AMD
END:    8.11057424545288
-
START:  AME
END:    8.412622928619385
-
START:  AMED
END:    8.675237655639648
-
START:  AMEH
END:    8.897668838500977
-
START:  AMGN
END:    9.167794466018677
-
START:  AMN
END:    10.431383609771729
-
START:  AMP
END:    10.685364007949829
-
START:  AMRC
END:    10.907315969467163
-
START:  AMSWA
END:    11.238310813903809
-
START:  AMTX
END:    11.468247890472412
-
START:  AMZN
END:    11.890350580215454
-
START:  AN
END:    12.131953477859497
-
START:  ANSS
END:    12.392576217651367
-
START:  ANTM
Not Found: No data found, symbol may be delisted
START:  AON
END:    12.834796905517578
-
START:  AOSL
END:    13.014236211776733
-
START:  APD
END:    13.352797746658325
-
START:  APH
END:    13.641058683395386
-
START:  APPF
END:    14.812651634216309
-
START:  APPN
END:    14.979366302490234
-
START:  APPS
END:    15.249046802520752
-
START:  AQN
END:    15.459723711013794
-
START:  ARCB
END:    15.754552841186523
-
START:  ARCT
END:    15.944794416427612
-
START:  ARES
END:    16.125770568847656
-
START:  ARGX
END:    16.284334182739258
-
START:  ARWR
END:    16.56801414489746
-
START:  ASML
END:    16.9080753326416
-
START:  ASPN
END:    17.12366795539856
-
START:  ATEC
END:    17.349709272384644
-
START:  ATEN
END:    17.52973771095276
-
START:  ATKR
END:    17.693591833114624
-
START:  ATOM
END:    18.866543531417847
-
START:  ATR
END:    19.16053342819214
-
START:  ATRC
END:    19.456696033477783
-
START:  AUDC
END:    19.736071825027466
-
START:  AUPH
END:    19.888832807540894
-
START:  AVAV
END:    20.12044072151184
-
START:  AVGO
END:    20.396478176116943
-
START:  AVID
Not Found: No data found, symbol may be delisted
START:  AVNW
END:    21.752360820770264
-
START:  AVXL
END:    21.983906030654907
-
START:  AVY
END:    23.309325456619263
-
START:  AWK
END:    23.555858612060547
-
START:  AWR
END:    23.89669704437256
-
START:  AXON
END:    24.144469022750854
-
START:  AZO
END:    24.407525777816772
-
START:  AZPN
END:    24.665385007858276
-
START:  BAH
END:    24.89613103866577
-
START:  BAM
END:    25.999722003936768
-
START:  BAX
END:    26.358529329299927
-
START:  BBH
END:    26.670112133026123
-
START:  BBQ
END:    26.920295476913452
-
START:  BBY
END:    27.212040662765503
-
START:  BCPC
END:    27.52341866493225
-
START:  BDX
END:    27.83828330039978
-
START:  BEEM
END:    28.03723955154419
-
START:  BFAM
END:    28.21505880355835
-
START:  BFC
END:    28.478718280792236
-
START:  BGFV
END:    28.796278476715088
-
START:  BGNE
END:    28.94118094444275
-
START:  BHVN
END:    30.06258463859558
-
START:  BIO
END:    30.323879718780518
-
START:  BL
END:    30.47153353691101
-
START:  BLD
END:    31.64884662628174
-
START:  BLDP
END:    31.911874294281006
-
START:  BLDR
END:    33.156200885772705
-
START:  BLFS
END:    33.40112018585205
-
START:  BLK
END:    34.720245361328125
-
START:  BLL
Not Found: No data found, symbol may be delisted
START:  BLNK
END:    34.97737002372742
-
START:  BMI
END:    35.2725305557251
-
START:  BOOT
END:    35.440783977508545
-
START:  BOTZ
END:    35.61064028739929
-
START:  BR
END:    35.866241455078125
-
START:  BRKR
END:    36.16144156455994
-
START:  BRKS
Not Found: No data found, symbol may be delisted
START:  BRO
END:    37.531575441360474
-
START:  BURL
END:    37.7974374294281
-
START:  BX
END:    38.072839975357056
-
START:  CABO
END:    38.301856994628906
-
START:  CACI
END:    38.53781199455261
-
START:  CALX
END:    38.72847533226013
-
START:  CAMT
END:    38.98382782936096
-
START:  CAR
END:    39.295963764190674
-
START:  CBRE
END:    39.53248429298401
-
START:  CBSH
END:    39.851210832595825
-
START:  CBZ
END:    40.10890245437622
-
START:  CCOI
END:    40.381561040878296
-
START:  CCS
END:    41.55430626869202
-
START:  CDMO
END:    41.79802131652832
-
START:  CDNA
END:    41.956013441085815
-
START:  CDNS
END:    42.2241325378418
-
START:  CDW
END:    42.4204957485199
-
START:  CELH
END:    42.65611672401428
-
START:  CGNX
END:    42.99535584449768
-
START:  CHD
END:    44.34511065483093
-
START:  CHDN
END:    45.658708810806274
-
START:  CHE
END:    45.962868213653564
-
START:  CHGG
END:    46.11984133720398
-
START:  CHH
END:    46.42444396018982
-
START:  CHKP
END:    46.7813663482666
-
START:  CHTR
END:    46.99962139129639
-
START:  CIEN
END:    47.259608030319214
-
START:  CLAR
END:    47.519211769104004
-
START:  CLFD
END:    47.777124643325806
-
START:  CLGN
END:    47.9242217540741
-
START:  CLNE
END:    48.140220403671265
-
START:  CLPT
END:    48.33214783668518
-
START:  CLX
END:    48.64075422286987
-
START:  CMCSA
END:    48.922797203063965
-
START:  CMG
END:    49.18383264541626
-
START:  CMS
END:    49.482030630111694
-
START:  CNC
END:    49.72803044319153
-
START:  CNI
END:    50.03092813491821
-
START:  CNMD
END:    51.35905075073242
-
START:  CNS
END:    51.64015793800354
-
START:  CNXN
END:    51.90043520927429
-
START:  COO
END:    53.22117853164673
-
START:  COST
END:    53.52648401260376
-
START:  COUP
Not Found: No data found, symbol may be delisted
START:  COWN
Not Found: No data found, symbol may be delisted
START:  CP
END:    55.02640199661255
-
START:  CPK
END:    55.34727716445923
-
START:  CPRT
END:    55.623008251190186
-
START:  CPSH
END:    55.87483286857605
-
START:  CRAI
END:    56.13460326194763
-
START:  CREE
Not Found: No data found, symbol may be delisted
START:  CRL
END:    56.5001699924469
-
START:  CRM
END:    56.789615631103516
-
START:  CRMT
END:    57.0474808216095
-
START:  CROX
END:    58.33220100402832
-
START:  CRSP
END:    58.466756105422974
-
START:  CRVL
END:    58.71209955215454
-
START:  CSGP
END:    58.970518827438354
-
START:  CSL
END:    59.25389385223389
-
START:  CSWI
END:    59.42901635169983
-
START:  CSX
END:    59.73226857185364
-
START:  CTAS
END:    60.02433633804321
-
START:  CTLT
END:    60.20306897163391
-
START:  CTRN
END:    60.54333138465881
-
START:  CURE
END:    61.75293278694153
-
START:  CVCO
END:    62.00393986701965
-
START:  CVNA
END:    62.15960669517517
-
START:  CWST
END:    62.414355754852295
-
START:  CWT
END:    63.75377678871155
-
START:  CXSE
END:    63.96177554130554
-
START:  CYBR
END:    64.13640594482422
-
START:  CYRX
END:    65.37430334091187
-
START:  CYTK
END:    65.62942051887512
-
START:  DAC
END:    65.8825192451477
-
START:  DAR
END:    66.14044332504272
-
START:  DAVA
END:    66.28035616874695
-
START:  DDS
END:    66.63870120048523
-
START:  DE
END:    66.96936535835266
-
START:  DECK
END:    67.22007083892822
-
START:  DELL
END:    67.43666362762451
-
START:  DFIN
END:    68.63314723968506
-
START:  DG
END:    68.88182783126831
-
START:  DGRW
END:    69.12056541442871
-
START:  DHI
END:    69.43530178070068
-
START:  DHR
END:    70.777836561203
-
START:  DIA
END:    71.07721829414368
-
START:  DIOD
END:    71.35332036018372
-
START:  DIS
END:    71.68379187583923
-
START:  DKS
END:    71.94494676589966
-
START:  DLN
END:    72.20461893081665
-
START:  DNLI
END:    73.36166071891785
-
START:  DOMO
END:    73.4955370426178
-
START:  DOV
END:    73.80973505973816
-
START:  DPZ
END:    74.09947896003723
-
START:  DQ
END:    74.30820155143738
-
START:  DRD
END:    75.59953451156616
-
START:  DRIO
END:    75.75697755813599
-
START:  DRNA
Not Found: No data found, symbol may be delisted
START:  DSGX
END:    76.08637356758118
-
START:  DVAX
END:    76.335604429245
-
START:  DXCM
END:    76.59215211868286
-
START:  ECL
END:    77.97351861000061
-
START:  EFX
END:    78.26911568641663
-
START:  EGAN
END:    78.51673769950867
-
START:  EHC
END:    78.83575940132141
-
START:  EL
END:    79.20922613143921
-
START:  ENPH
END:    80.38446640968323
-
START:  ENSG
END:    80.69365239143372
-
START:  ENTG
END:    80.96045851707458
-
START:  ENV
END:    81.18355965614319
-
START:  EPAM
END:    82.38268518447876
-
START:  ERIE
END:    82.72471714019775
-
START:  ES
END:    83.05033779144287
-
START:  ESE
END:    83.32242155075073
-
START:  ETN
END:    83.66385269165039
-
START:  ETSY
END:    84.84675645828247
-
START:  EVBG
END:    84.98822355270386
-
START:  EVTC
END:    85.24200916290283
-
START:  EW
END:    85.4982647895813
-
START:  EWT
END:    85.77937936782837
-
START:  EXAS
END:    86.0421257019043
-
START:  EXLS
END:    87.3048779964447
-
START:  EXPD
END:    87.60788750648499
-
START:  EXPI
END:    87.75115776062012
-
START:  EXPO
END:    88.04716491699219
-
START:  FAST
END:    89.40489101409912
-
START:  FATE
END:    89.64855909347534
-
START:  FB
Not Found: No data found, symbol may be delisted
START:  FCN
END:    89.99418115615845
-
START:  FCX
END:    90.29919505119324
-
START:  FDN
END:    90.53167867660522
-
START:  FDS
END:    91.84231543540955
-
START:  FELE
END:    92.1401355266571
-
START:  FFIN
END:    92.47160720825195
-
START:  FICO
END:    92.75681400299072
-
START:  FINX
END:    92.929603099823
-
START:  FIS
END:    93.2195737361908
-
START:  FISV
Not Found: No data found, symbol may be delisted
START:  FIVE
END:    94.48846817016602
-
START:  FIVN
END:    94.65829348564148
-
START:  FLGT
END:    94.80466604232788
-
START:  FLT
END:    95.01418590545654
-
START:  FLWS
END:    96.25771164894104
-
START:  FN
END:    96.52309012413025
-
START:  FND
END:    96.6724181175232
-
START:  FNV
END:    96.92752814292908
-
START:  FORM
END:    97.19489789009094
-
START:  FOXF
END:    97.35102152824402
-
START:  FPX
END:    97.60926127433777
-
START:  FRC
Not Found: No data found, symbol may be delisted
START:  FRHC
END:    98.83466100692749
-
START:  FRPT
END:    99.00726366043091
-
START:  FSS
END:    100.32179665565491
-
START:  FTNT
END:    101.55375933647156
-
START:  FUV
END:    101.69506049156189
-
START:  GDEN
END:    101.95315933227539
-
START:  GFI
END:    103.25942134857178
-
START:  GGG
END:    103.579336643219
-
START:  GIB
END:    103.88824152946472
-
START:  GLDD
END:    104.13835453987122
-
START:  GLOB
END:    104.32691168785095
-
START:  GMAB
END:    104.53686475753784
-
START:  GME
END:    104.79332232475281
-
START:  GMED
END:    104.97027087211609
-
START:  GNRC
END:    105.16374778747559
-
START:  GNSS
END:    105.41192030906677
-
START:  GNTX
END:    105.74138569831848
-
START:  GOLF
END:    105.89958167076111
-
START:  GOOG
END:    107.20890283584595
-
START:  GOOGL
END:    107.47411894798279
-
START:  GPI
END:    108.81646585464478
-
START:  GPN
END:    110.12282609939575
-
START:  GRBK
END:    110.33599901199341
-
START:  GRMN
END:    110.62721705436707
-
START:  GRVY
END:    111.86317610740662
-
START:  GRWG
END:    112.01178240776062
-
START:  GWRE
END:    112.18251705169678
-
START:  HACK
END:    112.33954167366028
-
START:  HALO
END:    112.6104748249054
-
START:  HCI
END:    112.86758542060852
-
START:  HD
END:    114.19973373413086
-
START:  HEI
END:    114.5110547542572
-
START:  HELE
END:    114.76316165924072
-
START:  HIBB
END:    115.0338876247406
-
START:  HLI
END:    115.21265935897827
-
START:  HLT
END:    115.38656663894653
-
START:  HOLX
END:    115.64674115180969
-
START:  HON
END:    116.0193932056427
-
START:  HOV
END:    116.24932718276978
-
START:  HRC
Not Found: No data found, symbol may be delisted
START:  HRI
END:    117.55432844161987
-
START:  HSKA
Not Found: No data found, symbol may be delisted
START:  HTHT
END:    118.86304259300232
-
START:  HUBS
END:    119.04786920547485
-
START:  HUM
END:    119.32870054244995
-
START:  HZNP
Not Found: No data found, symbol may be delisted
START:  IAC
END:    119.66736173629761
-
START:  IBP
END:    119.83871912956238
-
START:  ICE
END:    120.08306455612183
-
START:  ICLN
END:    121.33795189857483
-
START:  ICLR
END:    121.59619235992432
-
START:  IDT
END:    121.88012385368347
-
START:  IDXX
END:    122.12362861633301
-
START:  IESC
END:    123.40725874900818
-
START:  IEX
END:    123.71437096595764
-
START:  ILMN
END:    123.96343421936035
-
START:  INFO
Not Found: No data found, symbol may be delisted
START:  INOV
END:    124.11942315101624
-
START:  INSP
END:    124.27125382423401
-
START:  INTC
END:    124.57896161079407
-
START:  INTU
END:    125.87085485458374
-
START:  INTZ
END:    126.10578918457031
-
START:  INVE
END:    126.35518836975098
-
START:  IOO
END:    126.63149118423462
-
START:  IQV
END:    126.8017189502716
-
START:  IRDM
END:    127.02957367897034
-
START:  IRMD
END:    127.19592308998108
-
START:  ISEE
Not Found: No data found, symbol may be delisted
START:  ISRG
END:    128.58416557312012
-
START:  IT
END:    128.83374738693237
-
START:  ITT
END:    129.16229224205017
-
START:  ITW
END:    129.47083616256714
-
START:  IVOG
END:    130.72545218467712
-
START:  IVV
END:    131.02278327941895
-
START:  IXJ
END:    131.3262004852295
-
START:  IXN
END:    131.63285970687866
-
START:  J
END:    131.91498374938965
-
START:  JBL
END:    133.23702478408813
-
START:  JBSS
END:    133.52757620811462
-
START:  JD
END:    133.7205696105957
-
START:  JKHY
END:    134.03110933303833
-
START:  JKS
END:    135.26264572143555
-
START:  JNJ
END:    135.6579954624176
-
START:  JOE
END:    135.95536065101624
-
START:  JOUT
END:    136.2162630558014
-
START:  JYNT
END:    136.37733125686646
-
START:  KAI
END:    136.6501705646515
-
START:  KBH
END:    137.94891500473022
-
START:  KBR
END:    138.20565748214722
-
START:  KDMN
Not Found: No data found, symbol may be delisted
START:  KEYS
END:    138.47277069091797
-
START:  KLAC
END:    138.7572581768036
-
START:  KLIC
END:    139.0259654521942
-
START:  KMX
END:    139.40603470802307
-
START:  KNSL
END:    139.6004605293274
-
START:  KOPN
END:    140.8717906475067
-
START:  KOSS
END:    141.1670742034912
-
START:  KRNT
END:    141.32025718688965
-
START:  KSU
Not Found: No data found, symbol may be delisted
START:  KTOS
END:    143.70668625831604
-
START:  LAC
END:    144.80044507980347
-
START:  LAD
END:    145.08796548843384
-
START:  LANC
END:    145.43960094451904
-
START:  LAWS
Not Found: No data found, symbol may be delisted
START:  LDOS
END:    146.77126240730286
-
START:  LFMD
END:    148.09596180915833
-
START:  LGIH
END:    148.271644115448
-
START:  LH
END:    148.55673480033875
-
START:  LHCG
Not Found: No data found, symbol may be delisted
START:  LHX
END:    148.95563387870789
-
START:  LII
END:    149.24843955039978
-
START:  LIN
END:    149.5775864124298
-
START:  LINC
END:    150.82358264923096
-
START:  LIT
END:    151.04497361183167
-
START:  LLY
END:    151.42166924476624
-
START:  LMT
END:    151.72604537010193
-
START:  LNT
END:    152.0420172214508
-
START:  LOB
END:    152.23591017723083
-
START:  LOGI
END:    152.49866771697998
-
START:  LOVE
END:    152.63367748260498
-
START:  LOW
END:    152.92957854270935
-
START:  LPLA
END:    153.14005637168884
-
START:  LPSN
END:    153.39557313919067
-
START:  LQDT
END:    153.6481535434723
-
START:  LRCX
END:    153.92961645126343
-
START:  LSCC
END:    155.19065380096436
-
START:  LSTR
END:    155.4697597026825
-
START:  LULU
END:    155.7044816017151
-
START:  LUNA
END:    155.92727494239807
-
START:  MA
END:    156.19494533538818
-
START:  MANH
END:    156.51189351081848
-
START:  MANT
Not Found: No data found, symbol may be delisted
START:  MARA
END:    158.78761887550354
-
START:  MASI
END:    159.07389092445374
-
START:  MATX
END:    159.38803911209106
-
START:  MBUU
END:    159.54334998130798
-
START:  MCD
END:    159.8419907093048
-
START:  MCHP
END:    160.16204452514648
-
START:  MCO
END:    160.46065759658813
-
START:  MDB
END:    160.61017107963562
-
START:  MDT
END:    160.97448992729187
-
START:  MEDP
END:    162.14757442474365
-
START:  MEDS
END:    162.31110954284668
-
START:  MELI
END:    162.55102634429932
-
START:  MGC
END:    162.80035662651062
-
START:  MGIC
END:    163.07103562355042
-
START:  MGK
END:    163.33773708343506
-
START:  MGNI
END:    164.50624775886536
-
START:  MHO
END:    164.770334482193
-
START:  MIME
Not Found: No data found, symbol may be delisted
START:  MITK
END:    165.12940549850464
-
START:  MKC
END:    165.44552659988403
-
START:  MKSI
END:    165.73394322395325
-
START:  MKTX
END:    166.0444266796112
-
START:  MLAB
END:    166.33494305610657
-
START:  MLR
END:    166.61442637443542
-
START:  MMC
END:    166.9712405204773
-
START:  MMS
END:    167.24830508232117
-
START:  MNMD
END:    167.39538717269897
-
START:  MNST
END:    167.6501657962799
-
START:  MODN
END:    167.8415675163269
-
START:  MODV
END:    169.12052273750305
-
START:  MOH
END:    169.393075466156
-
START:  MORN
END:    169.6660032272339
-
START:  MPWR
END:    169.93236017227173
-
START:  MRTX
END:    170.09058737754822
-
START:  MRVL
END:    170.3982536792755
-
START:  MS
END:    170.72447562217712
-
START:  MSA
END:    171.03105759620667
-
START:  MSCI
END:    171.29962635040283
-
START:  MSEX
END:    172.58763027191162
-
START:  MSFT
END:    172.88857102394104
-
START:  MSI
END:    173.26323127746582
-
START:  MSTR
END:    173.52670097351074
-
START:  MTBC
Not Found: No data found, symbol may be delisted
START:  MTCH
END:    173.87339639663696
-
START:  MTD
END:    174.15512084960938
-
START:  MTEX
END:    174.47539472579956
-
START:  MTH
END:    174.77258801460266
-
START:  MTLS
END:    174.95344257354736
-
START:  MTSI
END:    175.12932085990906
-
START:  MU
END:    175.43915486335754
-
START:  MUSA
END:    175.62583088874817
-
START:  MVIS
END:    175.87323188781738
-
START:  MXL
END:    176.08880949020386
-
START:  MYRG
END:    176.3184781074524
-
START:  NBIX
END:    176.56832361221313
-
START:  NCBS
Not Found: No data found, symbol may be delisted
START:  NDAQ
END:    177.94958639144897
-
START:  NDSN
END:    178.25914525985718
-
START:  NEE
END:    179.6216742992401
-
START:  NEO
END:    179.87328433990479
-
START:  NEOG
END:    180.15501713752747
-
START:  NFLX
END:    180.43571662902832
-
START:  NICE
END:    180.69164848327637
-
START:  NISN
END:    180.83616280555725
-
START:  NKE
END:    181.183767080307
-
START:  NOVT
END:    181.4862768650055
-
START:  NOW
END:    182.69119310379028
-
START:  NSC
END:    183.0376582145691
-
START:  NSIT
END:    183.30141758918762
-
START:  NSSC
END:    183.57405519485474
-
START:  NSTG
END:    184.75671982765198
-
START:  NTLA
END:    184.8989622592926
-
START:  NTRA
END:    185.05767440795898
-
START:  NUAN
Not Found: No data found, symbol may be delisted
START:  NVCR
END:    185.283301115036
-
START:  NVDA
END:    185.57568383216858
-
START:  NVMI
END:    185.8302023410797
-
START:  NVO
END:    187.15315580368042
-
START:  NVR
END:    187.4179811477661
-
START:  NXST
END:    187.68104004859924
-
START:  NYT
END:    188.0161850452423
-
START:  OBCI
Not Found: No data found, symbol may be delisted
START:  ODFL
END:    188.4147596359253
-
START:  OEF
END:    188.71971225738525
-
START:  OFLX
END:    190.0372884273529
-
START:  OLED
END:    190.29887700080872
-
START:  OMCL
END:    190.5593020915985
-
START:  ON
END:    190.8011875152588
-
START:  OOMA
END:    191.99713945388794
-
START:  OPRX
END:    192.22598004341125
-
START:  ORA
END:    192.51024961471558
-
START:  ORCL
END:    192.92882299423218
-
START:  ORLY
END:    194.20516753196716
-
START:  ORMP
END:    195.4373517036438
-
START:  OTEX
END:    195.74515652656555
-
START:  PACB
END:    195.95942282676697
-
START:  PAG
END:    196.24103784561157
-
START:  PANW
END:    196.4385781288147
-
START:  PAR
END:    197.6960265636444
-
START:  PAYC
END:    197.90268659591675
-
START:  PAYX
END:    199.24291014671326
-
START:  PBD
END:    199.5053334236145
-
START:  PCTY
END:    199.6909294128418
-
START:  PEGA
END:    199.98349475860596
-
START:  PEN
END:    200.14301943778992
-
START:  PENN
END:    200.45665645599365
-
START:  PEP
END:    200.7939510345459
-
START:  PERI
END:    201.0474934577942
-
START:  PFSI
END:    202.26743149757385
-
START:  PGR
END:    202.55444645881653
-
START:  PH
END:    202.85661554336548
-
START:  PHM
END:    203.18474316596985
-
START:  PKI
Not Found: No data found, symbol may be delisted
START:  PLL
END:    203.4383146762848
-
START:  PLNT
END:    203.58651280403137
-
START:  PLUG
END:    204.86361265182495
-
START:  PLXS
END:    205.17888832092285
-
START:  PODD
END:    205.43888998031616
-
START:  POOL
END:    205.71023559570312
-
START:  POWI
END:    205.99431777000427
-
START:  PRFT
END:    206.2474820613861
-
START:  PRI
END:    206.44876837730408
-
START:  PRTA
END:    207.64205074310303
-
START:  PRTS
END:    207.868426322937
-
START:  PTSI
END:    208.12899589538574
-
START:  PWR
END:    208.37554955482483
-
START:  PYPL
END:    208.56026601791382
-
START:  QADA
Not Found: No data found, symbol may be delisted
START:  QCLN
END:    209.9044201374054
-
START:  QDEL
END:    210.16848587989807
-
START:  QGEN
END:    210.4420292377472
-
START:  QLYS
END:    210.62814950942993
-
START:  QQQ
END:    211.99424147605896
-
START:  QRVO
END:    212.16648292541504
-
START:  QTWO
END:    212.333904504776
-
START:  RADA
Not Found: No data found, symbol may be delisted
START:  RAMP
END:    212.65760040283203
-
START:  RBA
END:    212.95655298233032
-
START:  RCII
Not Found: No data found, symbol may be delisted
START:  RCKY
END:    213.31404733657837
-
START:  RDNT
END:    214.60273337364197
-
START:  RDVT
END:    214.73602652549744
-
START:  RDWR
END:    215.00606393814087
-
START:  REGI
END:    215.17799949645996
-
START:  RENN
Not Found: No data found, symbol may be delisted
START:  RGEN
END:    215.49378085136414
-
START:  RH
END:    216.77083015441895
-
START:  RILY
END:    217.01072430610657
-
START:  RIOT
END:    217.1669921875
-
START:  RLI
END:    217.53559064865112
-
START:  RLMD
END:    217.7063684463501
-
START:  RMD
END:    217.97814893722534
-
START:  RNG
END:    219.1608498096466
-
START:  ROBO
END:    219.34729146957397
-
START:  ROCK
END:    219.62180495262146
-
START:  ROK
END:    219.9070873260498
-
START:  ROKU
END:    220.04463410377502
-
START:  ROL
END:    220.34687662124634
-
START:  ROP
END:    221.66682267189026
-
START:  ROST
END:    222.01805138587952
-
START:  RPD
END:    222.18895316123962
-
START:  RPM
END:    222.5114188194275
-
START:  RSG
END:    223.8184027671814
-
START:  RTH
END:    224.1197052001953
-
START:  RUN
END:    224.3487343788147
-
START:  RXI
END:    224.6161346435547
-
START:  SAIA
END:    224.88110160827637
-
START:  SAIC
END:    225.13546228408813
-
START:  SAM
END:    226.42168521881104
-
START:  SAVA
END:    226.69766068458557
-
START:  SCI
END:    227.02216267585754
-
START:  SCL
END:    227.3260669708252
-
START:  SE
END:    228.48478531837463
-
START:  SEAS
END:    228.66353583335876
-
START:  SEDG
END:    228.83554077148438
-
START:  SFBS
END:    229.01791524887085
-
START:  SGEN
END:    229.34159350395203
-
START:  SGMS
Not Found: No data found, symbol may be delisted
START:  SGRY
END:    229.58699536323547
-
START:  SHOP
END:    230.77807116508484
-
START:  SHW
END:    231.09412384033203
-
START:  SHYF
END:    231.37683701515198
-
START:  SITE
END:    231.54152750968933
-
START:  SIVB
Not Found: No data found, symbol may be delisted
START:  SJW
END:    231.90874195098877
-
START:  SKY
END:    232.21965312957764
-
START:  SLAB
END:    232.4703071117401
-
START:  SLP
END:    233.77679896354675
-
START:  SMH
END:    234.0355260372162
-
START:  SMTC
END:    234.29286670684814
-
START:  SNAP
END:    235.45203065872192
-
START:  SNPS
END:    235.7158443927765
-
START:  SOCL
END:    235.9003255367279
-
START:  SOXL
END:    236.14494109153748
-
START:  SPGI
END:    236.47730565071106
-
START:  SPLG
END:    236.75238347053528
-
START:  SPLK
END:    236.94481015205383
-
START:  SPNS
END:    237.22362995147705
-
START:  SPSC
END:    237.4105818271637
-
START:  SPTM
END:    238.70540404319763
-
START:  SPWH
END:    238.87805795669556
-
START:  SPWR
END:    239.18041682243347
-
START:  SPXC
END:    239.51611351966858
-
START:  SPXL
END:    240.78288507461548
-
START:  SPY
END:    241.1000440120697
-
START:  SPYG
END:    242.44166088104248
-
START:  SQ
END:    242.59680676460266
-
START:  SSD
END:    242.86486768722534
-
START:  SSNC
END:    244.10721707344055
-
START:  SSTK
END:    244.31934475898743
-
START:  STAA
END:    244.57520198822021
-
START:  STE
END:    244.8742892742157
-
START:  SUSA
END:    245.20721411705017
-
START:  SYK
END:    245.49659061431885
-
START:  SYNA
END:    245.74348998069763
-
START:  TBBK
END:    246.00615191459656
-
START:  TBK
Not Found: No data found, symbol may be delisted
START:  TDG
END:    246.3222873210907
-
START:  TDOC
END:    246.4791362285614
-
START:  TDY
END:    247.75876021385193
-
START:  TEAM
END:    247.9122495651245
-
START:  TECH
END:    248.19111967086792
-
START:  TECL
END:    249.4678909778595
-
START:  TER
END:    249.77500653266907
-
START:  TFX
END:    251.121089220047
-
START:  TGH
END:    251.3927698135376
-
START:  TGLS
END:    251.57463955879211
-
START:  TGT
END:    251.897394657135
-
START:  TGTX
END:    252.1704716682434
-
START:  THC
END:    252.44227766990662
-
START:  TJX
END:    252.7652678489685
-
START:  TMO
END:    253.0599513053894
-
START:  TMUS
END:    253.3121953010559
-
START:  TNDM
END:    253.4972448348999
-
START:  TNET
END:    253.67810797691345
-
START:  TPX
END:    255.03059196472168
-
START:  TREX
END:    256.2951235771179
-
START:  TRI
END:    256.5737965106964
-
START:  TRIL
Not Found: No data found, symbol may be delisted
START:  TRMB
END:    256.91549944877625
-
START:  TRNS
END:    258.1867606639862
-
START:  TROW
END:    258.5058317184448
-
START:  TRU
END:    258.6935956478119
-
START:  TRUP
END:    258.8539409637451
-
START:  TSCO
END:    259.1222388744354
-
START:  TSLA
END:    259.3394477367401
-
START:  TSM
END:    259.6303849220276
-
START:  TT
END:    259.97438049316406
-
START:  TTC
END:    260.2676453590393
-
START:  TTD
END:    260.41827869415283
-
START:  TTEC
END:    260.68919563293457
-
START:  TTEK
END:    260.96947026252747
-
START:  TTGT
END:    261.20284700393677
-
START:  TTWO
END:    261.44902539253235
-
START:  TWLO
END:    261.5972912311554
-
START:  TXN
END:    261.9318935871124
-
START:  TYL
END:    262.20203399658203
-
START:  UCTT
END:    262.4441602230072
-
START:  UFPI
END:    263.77459168434143
-
START:  UFPT
END:    265.04667496681213
-
START:  UI
END:    265.2621304988861
-
START:  UMC
END:    265.55169677734375
-
START:  UNF
END:    265.84898138046265
-
START:  UNH
END:    266.1284193992615
-
START:  UNP
END:    266.4271550178528
-
START:  UPLD
END:    266.5979564189911
-
START:  URI
END:    266.86677169799805
-
START:  V
END:    267.1180281639099
-
START:  VALU
END:    267.4241507053375
-
START:  VBK
END:    267.729412317276
-
START:  VCEL
END:    267.99500584602356
-
START:  VCR
END:    269.28630542755127
-
START:  VCTR
END:    269.4408669471741
-
START:  VCYT
END:    270.62633776664734
-
START:  VDC
END:    271.9735219478607
-
START:  VEEV
END:    272.1581919193268
-
START:  VERU
END:    272.43261456489563
-
START:  VGT
END:    272.7117040157318
-
START:  VHT
END:    273.020459651947
-
START:  VIAV
END:    273.2921733856201
-
START:  VICR
END:    274.5916395187378
-
START:  VIG
END:    274.85289216041565
-
START:  VO
END:    275.14383029937744
-
START:  VONE
END:    275.3746647834778
-
START:  VONG
END:    276.6259412765503
-
START:  VOO
END:    276.85430908203125
-
START:  VOOG
END:    277.0813367366791
-
START:  VOOV
END:    277.32290506362915
-
START:  VOT
END:    277.55131793022156
-
START:  VPU
END:    277.81984305381775
-
START:  VRNS
END:    278.9978895187378
-
START:  VRSK
END:    279.22532320022583
-
START:  VRSN
END:    279.4954159259796
-
START:  VRTV
END:    279.67736768722534
-
START:  VSTO
END:    279.8386914730072
-
START:  VTHR
END:    280.03847551345825
-
START:  VTI
END:    280.3492305278778
-
START:  VTNR
END:    280.64396023750305
-
START:  VTWG
END:    280.8653426170349
-
START:  VUG
END:    281.16473150253296
-
START:  VV
END:    281.43165469169617
-
START:  VXF
END:    281.69512581825256
-
START:  WCN
END:    281.98294734954834
-
START:  WD
END:    282.2147099971771
-
START:  WDAY
END:    283.44315218925476
-
START:  WDFC
END:    283.7580997943878
-
START:  WEC
END:    284.06102561950684
-
START:  WEN
END:    284.3441445827484
-
START:  WINA
END:    284.61262011528015
-
START:  WING
END:    284.81165313720703
-
START:  WIRE
END:    286.1091549396515
-
START:  WIX
END:    286.2749488353729
-
START:  WK
END:    286.4514169692993
-
START:  WLTW
Not Found: No data found, symbol may be delisted
START:  WM
END:    286.798579454422
-
START:  WMS
END:    286.96695828437805
-
START:  WNS
END:    287.25032472610474
-
START:  WRB
END:    288.6477253437042
-
START:  WSC
END:    288.8155126571655
-
START:  WSM
END:    289.1603693962097
-
START:  WST
END:    289.4752788543701
-
START:  WTRG
END:    289.7683312892914
-
START:  WTS
END:    290.0589699745178
-
START:  XEL
END:    290.39192938804626
-
START:  XENE
END:    290.5597140789032
-
START:  XLK
END:    290.8403627872467
-
START:  XLNX
Not Found: No data found, symbol may be delisted
START:  XLP
END:    291.19829988479614
-
START:  XLRN
Not Found: No data found, symbol may be delisted
START:  XLU
END:    291.5895700454712
-
START:  XLV
END:    291.92820835113525
-
START:  XLY
END:    293.2434244155884
-
START:  XYL
END:    293.45802211761475
-
START:  YNDX
END:    293.64947843551636
-
START:  YORW
END:    293.94630241394043
-
START:  YUM
END:    294.2273328304291
-
START:  Z
END:    294.393363237381
-
START:  ZBRA
END:    294.64537739753723
-
START:  ZEN
Not Found: No data found, symbol may be delisted
START:  ZLAB
END:    294.87327885627747
-
START:  ZNGA
Not Found: No data found, symbol may be delisted
START:  ZS
END:    295.07638669013977
-
START:  ZTS
END:    295.2635922431946
-
START:  ZYXI
END:    296.53969860076904
-
===========================
MACD golden cross
===========================
START:  code
START:  A
START:  AAON
START:  AAPL
START:  ABG
START:  ABT
START:  ACLS
START:  ACMR
START:  ACN
START:  ADBE
START:  ADI
START:  ADP
START:  ADSK
START:  ADUS
START:  AEE
START:  AGYS
START:  AIZ
START:  AJG
START:  AJRD
START:  ALB
START:  ALG
START:  ALGN
START:  ALLE
START:  ALTR
START:  AMAT
START:  AMBA
START:  AMD
START:  AME
START:  AMED
START:  AMEH
START:  AMGN
START:  AMN
START:  AMP
START:  AMRC
START:  AMSWA
START:  AMTX
START:  AMZN
START:  AN
START:  ANSS
START:  ANTM
START:  AON
START:  AOSL
START:  APD
START:  APH
START:  APPF
START:  APPN
START:  APPS
START:  AQN
START:  ARCB
START:  ARCT
START:  ARES
START:  ARGX
START:  ARWR
START:  ASML
START:  ASPN
START:  ATEC
START:  ATEN
START:  ATKR
START:  ATOM
START:  ATR
START:  ATRC
START:  AUDC
START:  AUPH
START:  AVAV
START:  AVGO
START:  AVID
START:  AVNW
START:  AVXL
START:  AVY
START:  AWK
START:  AWR
START:  AXON
START:  AZO
START:  AZPN
START:  BAH
START:  BAM
START:  BAX
START:  BBH
START:  BBQ
START:  BBY
START:  BCPC
START:  BDX
START:  BEEM
START:  BFAM
START:  BFC
START:  BGFV
START:  BGNE
START:  BHVN
START:  BIO
START:  BL
START:  BLD
START:  BLDP
START:  BLDR
START:  BLFS
START:  BLK
START:  BLL
START:  BLNK
START:  BMI
START:  BOOT
START:  BOTZ
START:  BR
START:  BRKR
START:  BRKS
START:  BRO
START:  BURL
START:  BX
START:  CABO
START:  CACI
START:  CALX
START:  CAMT
START:  CAR
START:  CBRE
START:  CBSH
START:  CBZ
START:  CCOI
START:  CCS
START:  CDMO
START:  CDNA
START:  CDNS
START:  CDW
START:  CELH
START:  CGNX
START:  CHD
START:  CHDN
START:  CHE
START:  CHGG
START:  CHH
START:  CHKP
START:  CHTR
START:  CIEN
START:  CLAR
START:  CLFD
START:  CLGN
START:  CLNE
START:  CLPT
START:  CLX
START:  CMCSA
START:  CMG
START:  CMS
START:  CNC
START:  CNI
START:  CNMD
START:  CNS
START:  CNXN
START:  COO
START:  COST
START:  COUP
START:  COWN
START:  CP
START:  CPK
START:  CPRT
START:  CPSH
START:  CRAI
START:  CREE
START:  CRL
START:  CRM
START:  CRMT
START:  CROX
START:  CRSP
START:  CRVL
START:  CSGP
START:  CSL
START:  CSWI
START:  CSX
START:  CTAS
START:  CTLT
START:  CTRN
START:  CURE
START:  CVCO
START:  CVNA
START:  CWST
START:  CWT
START:  CXSE
START:  CYBR
START:  CYRX
START:  CYTK
START:  DAC
START:  DAR
START:  DAVA
START:  DDS
START:  DE
START:  DECK
START:  DELL
START:  DFIN
START:  DG
START:  DGRW
START:  DHI
START:  DHR
START:  DIA
START:  DIOD
START:  DIS
START:  DKS
START:  DLN
START:  DNLI
START:  DOMO
START:  DOV
START:  DPZ
START:  DQ
START:  DRD
START:  DRIO
START:  DRNA
START:  DSGX
START:  DVAX
START:  DXCM
START:  ECL
START:  EFX
START:  EGAN
START:  EHC
START:  EL
START:  ENPH
START:  ENSG
START:  ENTG
START:  ENV
START:  EPAM
START:  ERIE
START:  ES
START:  ESE
START:  ETN
START:  ETSY
START:  EVBG
START:  EVTC
START:  EW
START:  EWT
START:  EXAS
START:  EXLS
START:  EXPD
START:  EXPI
START:  EXPO
START:  FAST
START:  FATE
START:  FB
START:  FCN
START:  FCX
START:  FDN
START:  FDS
START:  FELE
START:  FFIN
START:  FICO
START:  FINX
START:  FIS
START:  FISV
START:  FIVE
START:  FIVN
START:  FLGT
START:  FLT
START:  FLWS
START:  FN
START:  FND
START:  FNV
START:  FORM
START:  FOXF
START:  FPX
START:  FRC
START:  FRHC
START:  FRPT
START:  FSS
START:  FTNT
START:  FUV
START:  GDEN
START:  GFI
START:  GGG
START:  GIB
START:  GLDD
START:  GLOB
START:  GMAB
START:  GME
START:  GMED
START:  GNRC
START:  GNSS
START:  GNTX
START:  GOLF
START:  GOOG
START:  GOOGL
START:  GPI
START:  GPN
START:  GRBK
START:  GRMN
START:  GRVY
START:  GRWG
START:  GWRE
START:  HACK
START:  HALO
START:  HCI
START:  HD
START:  HEI
START:  HELE
START:  HIBB
START:  HLI
START:  HLT
START:  HOLX
START:  HON
START:  HOV
START:  HRC
START:  HRI
START:  HSKA
START:  HTHT
START:  HUBS
START:  HUM
START:  HZNP
START:  IAC
START:  IBP
START:  ICE
START:  ICLN
START:  ICLR
START:  IDT
START:  IDXX
START:  IESC
START:  IEX
START:  ILMN
START:  INFO
START:  INOV
START:  INSP
START:  INTC
START:  INTU
START:  INTZ
START:  INVE
START:  IOO
START:  IQV
START:  IRDM
START:  IRMD
START:  ISEE
START:  ISRG
START:  IT
START:  ITT
START:  ITW
START:  IVOG
START:  IVV
START:  IXJ
START:  IXN
START:  J
START:  JBL
START:  JBSS
START:  JD
START:  JKHY
START:  JKS
START:  JNJ
START:  JOE
START:  JOUT
START:  JYNT
START:  KAI
START:  KBH
START:  KBR
START:  KDMN
START:  KEYS
START:  KLAC
START:  KLIC
START:  KMX
START:  KNSL
START:  KOPN
START:  KOSS
START:  KRNT
START:  KSU
START:  KTOS
START:  LAC
START:  LAD
START:  LANC
START:  LAWS
START:  LDOS
START:  LFMD
START:  LGIH
START:  LH
START:  LHCG
START:  LHX
START:  LII
START:  LIN
START:  LINC
START:  LIT
START:  LLY
START:  LMT
START:  LNT
START:  LOB
START:  LOGI
START:  LOVE
START:  LOW
START:  LPLA
START:  LPSN
START:  LQDT
START:  LRCX
START:  LSCC
START:  LSTR
START:  LULU
START:  LUNA
START:  MA
START:  MANH
START:  MANT
START:  MARA
START:  MASI
START:  MATX
START:  MBUU
START:  MCD
START:  MCHP
START:  MCO
START:  MDB
START:  MDT
START:  MEDP
START:  MEDS
START:  MELI
START:  MGC
START:  MGIC
START:  MGK
START:  MGNI
START:  MHO
START:  MIME
START:  MITK
START:  MKC
START:  MKSI
START:  MKTX
START:  MLAB
START:  MLR
START:  MMC
START:  MMS
START:  MNMD
START:  MNST
START:  MODN
START:  MODV
START:  MOH
START:  MORN
START:  MPWR
START:  MRTX
START:  MRVL
START:  MS
START:  MSA
START:  MSCI
START:  MSEX
START:  MSFT
START:  MSI
START:  MSTR
START:  MTBC
START:  MTCH
START:  MTD
START:  MTEX
START:  MTH
START:  MTLS
START:  MTSI
START:  MU
START:  MUSA
START:  MVIS
START:  MXL
START:  MYRG
START:  NBIX
START:  NCBS
START:  NDAQ
START:  NDSN
START:  NEE
START:  NEO
START:  NEOG
START:  NFLX
START:  NICE
START:  NISN
START:  NKE
START:  NOVT
START:  NOW
START:  NSC
START:  NSIT
START:  NSSC
START:  NSTG
START:  NTLA
START:  NTRA
START:  NUAN
START:  NVCR
START:  NVDA
START:  NVMI
START:  NVO
START:  NVR
START:  NXST
START:  NYT
START:  OBCI
START:  ODFL
START:  OEF
START:  OFLX
START:  OLED
START:  OMCL
START:  ON
START:  OOMA
START:  OPRX
START:  ORA
START:  ORCL
START:  ORLY
START:  ORMP
START:  OTEX
START:  PACB
START:  PAG
START:  PANW
START:  PAR
START:  PAYC
START:  PAYX
START:  PBD
START:  PCTY
START:  PEGA
START:  PEN
START:  PENN
START:  PEP
START:  PERI
START:  PFSI
START:  PGR
START:  PH
START:  PHM
START:  PKI
START:  PLL
START:  PLNT
START:  PLUG
START:  PLXS
START:  PODD
START:  POOL
START:  POWI
START:  PRFT
START:  PRI
START:  PRTA
START:  PRTS
START:  PTSI
START:  PWR
START:  PYPL
START:  QADA
START:  QCLN
START:  QDEL
START:  QGEN
START:  QLYS
START:  QQQ
START:  QRVO
START:  QTWO
START:  RADA
START:  RAMP
START:  RBA
START:  RCII
START:  RCKY
START:  RDNT
START:  RDVT
START:  RDWR
START:  REGI
START:  RENN
START:  RGEN
START:  RH
START:  RILY
START:  RIOT
START:  RLI
START:  RLMD
START:  RMD
START:  RNG
START:  ROBO
START:  ROCK
START:  ROK
START:  ROKU
START:  ROL
START:  ROP
START:  ROST
START:  RPD
START:  RPM
START:  RSG
START:  RTH
START:  RUN
START:  RXI
START:  SAIA
START:  SAIC
START:  SAM
START:  SAVA
START:  SCI
START:  SCL
START:  SE
START:  SEAS
START:  SEDG
START:  SFBS
START:  SGEN
START:  SGMS
START:  SGRY
START:  SHOP
START:  SHW
START:  SHYF
START:  SITE
START:  SIVB
START:  SJW
START:  SKY
START:  SLAB
START:  SLP
START:  SMH
START:  SMTC
START:  SNAP
START:  SNPS
START:  SOCL
START:  SOXL
START:  SPGI
START:  SPLG
START:  SPLK
START:  SPNS
START:  SPSC
START:  SPTM
START:  SPWH
START:  SPWR
START:  SPXC
START:  SPXL
START:  SPY
START:  SPYG
START:  SQ
START:  SSD
START:  SSNC
START:  SSTK
START:  STAA
START:  STE
START:  SUSA
START:  SYK
START:  SYNA
START:  TBBK
START:  TBK
START:  TDG
START:  TDOC
START:  TDY
START:  TEAM
START:  TECH
START:  TECL
START:  TER
START:  TFX
START:  TGH
START:  TGLS
START:  TGT
START:  TGTX
START:  THC
START:  TJX
START:  TMO
START:  TMUS
START:  TNDM
START:  TNET
START:  TPX
START:  TREX
START:  TRI
START:  TRIL
START:  TRMB
START:  TRNS
START:  TROW
START:  TRU
START:  TRUP
START:  TSCO
START:  TSLA
START:  TSM
START:  TT
START:  TTC
START:  TTD
START:  TTEC
START:  TTEK
START:  TTGT
START:  TTWO
START:  TWLO
START:  TXN
START:  TYL
START:  UCTT
START:  UFPI
START:  UFPT
START:  UI
START:  UMC
START:  UNF
START:  UNH
START:  UNP
START:  UPLD
START:  URI
START:  V
START:  VALU
START:  VBK
START:  VCEL
START:  VCR
START:  VCTR
START:  VCYT
START:  VDC
START:  VEEV
START:  VERU
START:  VGT
START:  VHT
START:  VIAV
START:  VICR
START:  VIG
START:  VO
START:  VONE
START:  VONG
START:  VOO
START:  VOOG
START:  VOOV
START:  VOT
START:  VPU
START:  VRNS
START:  VRSK
START:  VRSN
START:  VRTV
START:  VSTO
START:  VTHR
START:  VTI
START:  VTNR
START:  VTWG
START:  VUG
START:  VV
START:  VXF
START:  WCN
START:  WD
START:  WDAY
START:  WDFC
START:  WEC
START:  WEN
START:  WINA
START:  WING
START:  WIRE
START:  WIX
START:  WK
START:  WLTW
START:  WM
START:  WMS
START:  WNS
START:  WRB
START:  WSC
START:  WSM
START:  WST
START:  WTRG
START:  WTS
START:  XEL
START:  XENE
START:  XLK
START:  XLNX
START:  XLP
START:  XLRN
START:  XLU
START:  XLV
START:  XLY
START:  XYL
START:  YNDX
START:  YORW
START:  YUM
START:  Z
START:  ZBRA
START:  ZEN
START:  ZLAB
START:  ZNGA
START:  ZS
START:  ZTS
START:  ZYXI
==== MACD golden cross ====
None
code: BRO      day: macd + hist + hist_1pre + ,  Week: macd + hist + hist_1pre - , Month: macd + hist + hist_1pre + , 
Trade --> code: BRO    BUY: 2006-05-31   15.23 SELL: 2007-11-30   12.30  macd:   -0.07 macd_count:  18 profit:  0.81
Trade --> code: BRO    BUY: 2010-11-30   11.44 SELL: 2024-01-31   74.55  macd:    4.06 macd_count: 159 profit:  6.52

code: DECK     day: macd + hist + hist_1pre - ,  Week: macd + hist + hist_1pre - , Month: macd + hist + hist_1pre + , 
Trade --> code: DECK   BUY: 2006-05-31   11.82 SELL: 2009-01-31   17.41  macd:   -0.13 macd_count:  32 profit:  1.47
Trade --> code: DECK   BUY: 2010-01-31   32.72 SELL: 2012-07-31   41.71  macd:   -1.90 macd_count:  30 profit:  1.27
Trade --> code: DECK   BUY: 2013-11-30   82.64 SELL: 2015-09-30   58.06  macd:   -1.09 macd_count:  22 profit:  0.70
Trade --> code: DECK   BUY: 2017-09-30   68.41 SELL: 2024-01-31  721.78  macd:   82.28 macd_count:  77 profit: 10.55

code: DIS      day: macd - hist - hist_1pre - ,  Week: macd + hist + hist_1pre - , Month: macd - hist + hist_1pre + , 
Trade --> code: DIS    BUY: 2006-05-31   30.09 SELL: 2008-10-31   25.91  macd:   -0.22 macd_count:  29 profit:  0.86
Trade --> code: DIS    BUY: 2010-01-31   29.55 SELL: 2022-04-30  111.63  macd:   -0.57 macd_count: 147 profit:  3.78

code: MMC      day: macd + hist + hist_1pre + ,  Week: macd + hist + hist_1pre - , Month: macd + hist + hist_1pre + , 
Trade --> code: MMC    BUY: 2010-12-31   27.34 SELL: 2024-01-31  195.65  macd:   11.25 macd_count: 158 profit:  7.16

code: MUSA     day: macd + hist + hist_1pre + ,  Week: macd + hist + hist_1pre - , Month: macd + hist + hist_1pre + , 
Trade --> code: MUSA   BUY: 2015-12-31   60.74 SELL: 2024-01-31  380.65  macd:   39.19 macd_count:  98 profit:  6.27

code: NUAN     day: macd + hist + hist_1pre + ,  Week: macd + hist + hist_1pre - , Month: macd + hist - hist_1pre - , 
Trade --> code: NUAN   BUY: 2005-11-30    5.38 SELL: 2008-11-30    7.94  macd:   -0.14 macd_count:  36 profit:  1.48
Trade --> code: NUAN   BUY: 2009-12-31   13.44 SELL: 2013-05-31   16.44  macd:   -0.10 macd_count:  41 profit:  1.22
Trade --> code: NUAN   BUY: 2015-11-30   18.11 SELL: 2016-07-31   13.90  macd:   -0.05 macd_count:   8 profit:  0.77
Trade --> code: NUAN   BUY: 2017-05-31   16.01 SELL: 2017-09-30   13.60  macd:   -0.04 macd_count:   4 profit:  0.85
Trade --> code: NUAN   BUY: 2019-04-30   14.56 SELL: 2022-03-31   55.99  macd:    7.14 macd_count:  36 profit:  3.85

code: ORLY     day: macd - hist + hist_1pre + ,  Week: macd + hist + hist_1pre - , Month: macd + hist - hist_1pre - , 
Trade --> code: ORLY   BUY: 2006-05-31   31.69 SELL: 2008-04-30   28.87  macd:   -0.18 macd_count:  23 profit:  0.91
Trade --> code: ORLY   BUY: 2009-03-31   35.01 SELL: 2017-08-31  196.13  macd:   -1.41 macd_count: 101 profit:  5.60
Trade --> code: ORLY   BUY: 2018-03-31  247.38 SELL: 2024-01-31  990.25  macd:   80.85 macd_count:  71 profit:  4.00

code: RCII     day: macd + hist + hist_1pre + ,  Week: macd + hist + hist_1pre - , Month: macd - hist + hist_1pre + , 
Trade --> code: RCII   BUY: 2006-10-31   28.76 SELL: 2007-07-31   19.41  macd:   -0.10 macd_count:   9 profit:  0.67
Trade --> code: RCII   BUY: 2010-03-31   23.65 SELL: 2014-01-31   24.94  macd:   -0.00 macd_count:  46 profit:  1.05
Trade --> code: RCII   BUY: 2018-12-31   16.19 SELL: 2022-05-31   27.54  macd:   -0.82 macd_count:  41 profit:  1.70

code: SAM      day: macd + hist + hist_1pre + ,  Week: macd + hist + hist_1pre - , Month: macd - hist + hist_1pre + , 
Trade --> code: SAM    BUY: 2006-05-31   27.03 SELL: 2009-01-31   25.24  macd:   -0.48 macd_count:  32 profit:  0.93
Trade --> code: SAM    BUY: 2009-11-30   42.09 SELL: 2016-01-31  179.25  macd:   -1.57 macd_count:  74 profit:  4.26
Trade --> code: SAM    BUY: 2018-04-30  224.15 SELL: 2021-12-31  505.10  macd:   -0.44 macd_count:  44 profit:  2.25

