Mon Sep  4 13:50:21 UTC 2023
arg[0]: scraping/yahoo-finace-api2.py, arg[1]: stock-code-list/buy-list.txt
===========================
scraping
===========================
START:  AAPL
END:    0.9004104137420654
-
START:  EL
END:    1.772099256515503
-
START:  NEE
END:    2.464083433151245
-
START:  AMD
END:    3.2400600910186768
-
START:  APH
END:    3.9075167179107666
-
START:  XLP
END:    4.763099908828735
-
START:  SPXL
END:    5.312312126159668
-
START:  KEYS
END:    5.9294657707214355
-
START:  VDC
END:    6.573033332824707
-
START:  SPTM
END:    7.2554967403411865
-
START:  SPLG
END:    8.197114706039429
-
START:  CROX
END:    8.709827899932861
-
START:  AXON
END:    9.527069330215454
-
START:  AWR
END:    10.363138198852539
-
START:  FN
END:    10.82966947555542
-
START:  NXST
END:    11.62435007095337
-
START:  TREX
END:    12.397577047348022
-
START:  RGEN
END:    13.049640417098999
-
START:  EXPO
END:    13.88649606704712
-
START:  BCPC
END:    14.650115251541138
-
START:  SOXL
END:    15.265751123428345
-
START:  TECL
END:    15.883000135421753
-
START:  NEO
END:    16.54776382446289
-
START:  NVMI
END:    17.245797157287598
-
START:  NVDA
END:    18.113980770111084
-
START:  BBDC
END:    18.72185254096985
-
START:  APPS
END:    19.499110460281372
-
START:  ROK
END:    20.233286380767822
-
START:  NHTC
END:    20.834002017974854
-
START:  ZYXI
END:    21.382644653320312
-
START:  LIT
END:    21.831609964370728
-
START:  LLY
END:    22.859841108322144
-
START:  GTLB
END:    23.129448652267456
-
START:  MCD
END:    23.81341862678528
-
START:  MSI
END:    24.5145046710968
-
START:  HCP
END:    24.765955924987793
-
START:  ON
END:    25.599397659301758
-
===========================
MACD sell
===========================
START:  AAPL
START:  EL
START:  NEE
START:  AMD
START:  APH
START:  XLP
START:  SPXL
START:  KEYS
START:  VDC
START:  SPTM
START:  SPLG
START:  CROX
START:  AXON
START:  AWR
START:  FN
START:  NXST
START:  TREX
START:  RGEN
START:  EXPO
START:  BCPC
START:  SOXL
START:  TECL
START:  NEO
START:  NVMI
START:  NVDA
START:  BBDC
START:  APPS
START:  ROK
START:  NHTC
START:  ZYXI
START:  LIT
START:  LLY
START:  GTLB
START:  MCD
START:  MSI
START:  HCP
START:  ON
==== MACD list ====
code: AAPL     day: macd + hist + ,  Week: macd + hist - , Month: macd + hist + , 
code: EL       day: macd - hist + ,  Week: macd - hist - , Month: macd - hist - , 
code: NEE      day: macd - hist + ,  Week: macd - hist - , Month: macd - hist - , 
code: AMD      day: macd - hist + ,  Week: macd + hist - , Month: macd + hist + , 
code: APH      day: macd + hist + ,  Week: macd + hist + , Month: macd + hist + , 
code: XLP      day: macd - hist - ,  Week: macd - hist - , Month: macd + hist - , 
code: SPXL     day: macd - hist + ,  Week: macd + hist - , Month: macd + hist + , 
code: KEYS     day: macd - hist + ,  Week: macd - hist - , Month: macd + hist - , 
code: VDC      day: macd - hist - ,  Week: macd - hist - , Month: macd + hist - , 
code: SPTM     day: macd + hist + ,  Week: macd + hist - , Month: macd + hist + , 
code: SPLG     day: macd + hist + ,  Week: macd + hist - , Month: macd + hist + , 
code: CROX     day: macd - hist + ,  Week: macd - hist - , Month: macd + hist - , 
code: AXON     day: macd + hist + ,  Week: macd + hist + , Month: macd + hist + , 
code: AWR      day: macd - hist - ,  Week: macd - hist - , Month: macd + hist - , 
code: FN       day: macd + hist + ,  Week: macd + hist + , Month: macd + hist + , 
code: NXST     day: macd - hist - ,  Week: macd - hist - , Month: macd + hist - , 
code: TREX     day: macd + hist - ,  Week: macd + hist - , Month: macd - hist + , 
code: RGEN     day: macd + hist + ,  Week: macd + hist + , Month: macd - hist - , 
code: EXPO     day: macd - hist + ,  Week: macd - hist + , Month: macd - hist - , 
code: BCPC     day: macd + hist + ,  Week: macd + hist + , Month: macd + hist + , 
code: SOXL     day: macd - hist + ,  Week: macd + hist - , Month: macd - hist + , 
code: TECL     day: macd + hist + ,  Week: macd + hist - , Month: macd + hist + , 
code: NEO      day: macd - hist + ,  Week: macd - hist - , Month: macd - hist + , 
code: NVMI     day: macd + hist + ,  Week: macd + hist + , Month: macd + hist + , 
code: NVDA     day: macd + hist + ,  Week: macd + hist - , Month: macd + hist + , 
code: BBDC     day: macd + hist - ,  Week: macd + hist + , Month: macd - hist + , 
code: APPS     day: macd - hist + ,  Week: macd - hist - , Month: macd - hist - , 
code: ROK      day: macd - hist + ,  Week: macd + hist - , Month: macd + hist + , 
code: NHTC     day: macd - hist + ,  Week: macd + hist - , Month: macd - hist + , 
code: ZYXI     day: macd - hist + ,  Week: macd - hist - , Month: macd - hist - , 
code: LIT      day: macd - hist + ,  Week: macd - hist - , Month: macd - hist - , 
code: LLY      day: macd + hist - ,  Week: macd + hist + , Month: macd + hist + , 
code: GTLB     day: macd - hist + ,  Week: macd + hist - , Month: macd + hist + , 
code: MCD      day: macd - hist + ,  Week: macd + hist - , Month: macd + hist - , 
code: MSI      day: macd - hist + ,  Week: macd + hist - , Month: macd + hist - , 
code: HCP      day: macd + hist - ,  Week: macd - hist + , Month: macd + hist + , 
code: ON       day: macd - hist + ,  Week: macd + hist - , Month: macd + hist + , 
==== MACD sell list ====
code: AAPL     day: macd + hist + ,  Week: macd + hist - , 
code: EL       day: macd - hist + ,  Week: macd - hist - , 
code: EL       day: macd - hist + ,  Week: macd - hist - , Month: macd - hist - , 
code: NEE      day: macd - hist + ,  Week: macd - hist - , 
code: NEE      day: macd - hist + ,  Week: macd - hist - , Month: macd - hist - , 
code: AMD      day: macd - hist + ,  Week: macd + hist - , 
code: XLP      day: macd - hist - , 
code: XLP      day: macd - hist - ,  Week: macd - hist - , 
code: XLP      day: macd - hist - ,  Week: macd - hist - , Month: macd + hist - , 
code: SPXL     day: macd - hist + ,  Week: macd + hist - , 
code: KEYS     day: macd - hist + ,  Week: macd - hist - , 
code: KEYS     day: macd - hist + ,  Week: macd - hist - , Month: macd + hist - , 
code: VDC      day: macd - hist - , 
code: VDC      day: macd - hist - ,  Week: macd - hist - , 
code: VDC      day: macd - hist - ,  Week: macd - hist - , Month: macd + hist - , 
code: SPTM     day: macd + hist + ,  Week: macd + hist - , 
code: SPLG     day: macd + hist + ,  Week: macd + hist - , 
code: CROX     day: macd - hist + ,  Week: macd - hist - , 
code: CROX     day: macd - hist + ,  Week: macd - hist - , Month: macd + hist - , 
code: AWR      day: macd - hist - , 
code: AWR      day: macd - hist - ,  Week: macd - hist - , 
code: AWR      day: macd - hist - ,  Week: macd - hist - , Month: macd + hist - , 
code: NXST     day: macd - hist - , 
code: NXST     day: macd - hist - ,  Week: macd - hist - , 
code: NXST     day: macd - hist - ,  Week: macd - hist - , Month: macd + hist - , 
code: TREX     day: macd + hist - , 
code: TREX     day: macd + hist - ,  Week: macd + hist - , 
code: RGEN     day: macd + hist + ,  Week: macd + hist + , Month: macd - hist - , 
code: EXPO     day: macd - hist + ,  Week: macd - hist + , Month: macd - hist - , 
code: SOXL     day: macd - hist + ,  Week: macd + hist - , 
code: TECL     day: macd + hist + ,  Week: macd + hist - , 
code: NEO      day: macd - hist + ,  Week: macd - hist - , 
code: NVDA     day: macd + hist + ,  Week: macd + hist - , 
code: BBDC     day: macd + hist - , 
code: APPS     day: macd - hist + ,  Week: macd - hist - , 
code: APPS     day: macd - hist + ,  Week: macd - hist - , Month: macd - hist - , 
code: ROK      day: macd - hist + ,  Week: macd + hist - , 
code: NHTC     day: macd - hist + ,  Week: macd + hist - , 
code: ZYXI     day: macd - hist + ,  Week: macd - hist - , 
code: ZYXI     day: macd - hist + ,  Week: macd - hist - , Month: macd - hist - , 
code: LIT      day: macd - hist + ,  Week: macd - hist - , 
code: LIT      day: macd - hist + ,  Week: macd - hist - , Month: macd - hist - , 
code: LLY      day: macd + hist - , 
code: GTLB     day: macd - hist + ,  Week: macd + hist - , 
code: MCD      day: macd - hist + ,  Week: macd + hist - , 
code: MCD      day: macd - hist + ,  Week: macd + hist - , Month: macd + hist - , 
code: MSI      day: macd - hist + ,  Week: macd + hist - , 
code: MSI      day: macd - hist + ,  Week: macd + hist - , Month: macd + hist - , 
code: HCP      day: macd + hist - , 
code: ON       day: macd - hist + ,  Week: macd + hist - , 
===========================
profit
===========================
==== plus ====
VDC  , macd -, macd hist -, profit:   [1.32], per:    [0.7], now: [190.85], buy: [189.53]
AXON , macd +, macd hist +, profit:  [77.24], per:  [55.91], now: [215.39], buy: [138.15]
FN   , macd +, macd hist +, profit:  [43.66], per:  [37.36], now: [160.52], buy: [116.86]
TREX , macd +, macd hist -, profit:   [2.75], per:   [3.93], now:  [72.75], buy:    [70.]
BCPC , macd +, macd hist +, profit:   [3.51], per:   [2.56], now: [140.59], buy: [137.08]
NVMI , macd +, macd hist +, profit:  [13.11], per:  [11.43], now: [127.76], buy: [114.65]
NVDA , macd +, macd hist +, profit: [229.42], per:  [89.73], now: [485.09], buy: [255.67]
ZYXI , macd -, macd hist +, profit:   [1.19], per:  [18.71], now:   [7.55], buy:   [6.36]
LLY  , macd +, macd hist -, profit: [286.11], per: [105.58], now: [557.11], buy:   [271.]
MCD  , macd -, macd hist +, profit:  [27.48], per:  [10.84], now: [280.94], buy: [253.46]
MSI  , macd -, macd hist +, profit:  [32.27], per:  [12.84], now: [283.68], buy: [251.41]
ON   , macd -, macd hist +, profit:  [39.54], per:  [66.05], now:   [99.4], buy:  [59.86]
-
     plus  len:  12
     profit:  [757.6], per: [415.64], per/len(p):  [34.64], per/len(p+m):  [11.23]
-
==== minus ====
AAPL , macd +, macd hist +, profit:       [], per:       [], now: [189.46], buy:       []
EL   , macd -, macd hist +, profit: [-178.05], per: [-52.41], now:  [161.7], buy: [339.75]
NEE  , macd -, macd hist +, profit: [-18.46], per: [-21.63], now:  [66.87], buy:  [85.33]
AMD  , macd -, macd hist +, profit: [-10.78], per:  [-8.97], now: [109.45], buy: [120.23]
APH  , macd +, macd hist +, profit:       [], per:       [], now:  [88.57], buy:       []
XLP  , macd -, macd hist -, profit:  [-0.44], per:  [-0.61], now:  [72.14], buy:  [72.58]
SPXL , macd -, macd hist +, profit: [-37.86], per: [-29.07], now:  [92.37], buy: [130.23]
KEYS , macd -, macd hist +, profit: [-52.18], per: [-28.04], now: [133.88], buy: [186.06]
SPTM , macd +, macd hist +, profit:  [-1.12], per:  [-1.98], now:  [55.46], buy:  [56.58]
SPLG , macd +, macd hist +, profit:  [-0.91], per:  [-1.69], now:  [53.08], buy:  [53.99]
CROX , macd -, macd hist +, profit: [-77.56], per: [-43.72], now:  [99.86], buy: [177.42]
AWR  , macd -, macd hist -, profit:       [], per:       [], now:  [84.07], buy:       []
NXST , macd -, macd hist -, profit:   [-21.], per: [-12.92], now:  [141.5], buy:  [162.5]
RGEN , macd +, macd hist +, profit:  [-3.92], per:  [-2.18], now: [175.74], buy: [179.66]
EXPO , macd -, macd hist +, profit: [-10.68], per: [-10.56], now:  [90.43], buy: [101.11]
SOXL , macd -, macd hist +, profit: [-18.07], per: [-42.93], now:  [24.02], buy:  [42.09]
TECL , macd +, macd hist +, profit:  [-6.72], per: [-11.06], now:  [54.02], buy:  [60.74]
NEO  , macd -, macd hist +, profit:  [-2.67], per: [-14.97], now:  [15.17], buy:  [17.84]
BBDC , macd +, macd hist -, profit:  [-1.26], per: [-11.89], now:   [9.34], buy:   [10.6]
APPS , macd -, macd hist +, profit: [-34.83], per: [-79.76], now:   [8.84], buy:  [43.67]
ROK  , macd -, macd hist +, profit: [-27.84], per:  [-8.14], now: [314.05], buy: [341.89]
NHTC , macd -, macd hist +, profit:  [-1.77], per: [-24.69], now:    [5.4], buy:   [7.17]
LIT  , macd -, macd hist +, profit: [-32.51], per: [-35.37], now:   [59.4], buy:  [91.91]
GTLB , macd -, macd hist +, profit:  [-3.59], per:   [-6.8], now:  [49.17], buy:  [52.76]
HCP  , macd +, macd hist -, profit: [-26.65], per: [-49.08], now:  [27.65], buy:   [54.3]
-
     minus len:  25
     profit:       [], per:       [], per/len(m):       [], per/len(p+m):       []
-
==== total ====
     profit:       [], per:       [], per/len(p+m):       []
arg[0]: scraping/yahoo-finace-api2.py, arg[1]: stock-code-list/up-month.txt
===========================
scraping
===========================
START:  A
END:    0.7314760684967041
-
START:  AAON
END:    1.4042448997497559
-
START:  AAPL
END:    2.14223575592041
-
START:  ABG
END:    3.0574634075164795
-
START:  ABT
END:    3.863224506378174
-
START:  ACLS
END:    4.4313013553619385
-
START:  ACMR
END:    4.7967915534973145
-
START:  ACN
END:    5.371585130691528
-
START:  ADBE
END:    5.925683259963989
-
START:  ADI
END:    6.563055992126465
-
START:  ADP
END:    7.205996990203857
-
START:  ADSK
END:    7.893119812011719
-
START:  ADUS
END:    8.55941390991211
-
START:  AEE
END:    9.378328561782837
-
START:  AGYS
END:    9.951085567474365
-
START:  AIZ
END:    10.597697019577026
-
START:  AJG
END:    11.245612144470215
-
START:  AJRD
END:    12.08873987197876
-
START:  ALB
END:    12.731562376022339
-
START:  ALG
END:    13.331853866577148
-
START:  ALGN
END:    14.183788061141968
-
START:  ALLE
END:    14.741231918334961
-
START:  ALTR
END:    15.193958044052124
-
START:  AMAT
END:    15.893345355987549
-
START:  AMBA
END:    16.4417245388031
-
START:  AMD
END:    17.49753713607788
-
START:  AME
END:    18.21992301940918
-
START:  AMED
END:    18.872700929641724
-
START:  AMEH
END:    19.4019455909729
-
START:  AMGN
END:    19.96437120437622
-
START:  AMN
END:    20.588350296020508
-
START:  AMP
END:    21.149803638458252
-
START:  AMRC
END:    21.806747436523438
-
START:  AMSWA
END:    22.45710062980652
-
START:  AMTX
END:    23.079606294631958
-
START:  AMZN
END:    23.759981155395508
-
START:  AN
END:    24.387275457382202
-
START:  ANSS
END:    24.959771633148193
-
START:  ANTM
Not Found: No data found, symbol may be delisted
START:  AON
END:    25.957754135131836
-
START:  AOSL
END:    26.418802499771118
-
START:  APD
END:    27.03126573562622
-
START:  APH
END:    27.962889671325684
-
START:  APPF
END:    28.408227682113647
-
START:  APPN
END:    28.895386219024658
-
START:  APPS
END:    29.466127395629883
-
START:  AQN
END:    29.91055965423584
-
START:  ARCB
END:    30.464054822921753
-
START:  ARCT
END:    30.950092315673828
-
START:  ARES
END:    31.384848833084106
-
START:  ARGX
END:    31.76283097267151
-
START:  ARWR
END:    32.40087270736694
-
START:  ASML
END:    33.0891752243042
-
START:  ASPN
END:    33.49907946586609
-
START:  ATEC
END:    34.221786975860596
-
START:  ATEN
END:    34.75707268714905
-
START:  ATKR
END:    35.18809676170349
-
START:  ATOM
END:    35.68716049194336
-
START:  ATR
END:    36.43584227561951
-
START:  ATRC
END:    37.00395703315735
-
START:  AUDC
END:    37.684645652770996
-
START:  AUPH
END:    38.076658964157104
-
START:  AVAV
END:    38.55069160461426
-
START:  AVGO
END:    39.11067318916321
-
START:  AVID
END:    39.81736898422241
-
START:  AVNW
END:    40.45050859451294
-
START:  AVXL
END:    40.93955993652344
-
START:  AVY
END:    41.77405118942261
-
START:  AWK
END:    42.56396436691284
-
START:  AWR
END:    43.14370656013489
-
START:  AXON
END:    43.80458426475525
-
START:  AZO
END:    44.31319832801819
-
START:  AZPN
END:    44.85575723648071
-
START:  BAH
END:    45.455761194229126
-
START:  BAM
END:    45.75091314315796
-
START:  BAX
END:    46.49774694442749
-
START:  BBH
END:    47.29069638252258
-
START:  BBQ
END:    48.01034116744995
-
START:  BBY
END:    48.81920003890991
-
START:  BCPC
END:    49.52259850502014
-
START:  BDX
END:    50.188952922821045
-
START:  BEEM
END:    50.68685340881348
-
START:  BFAM
END:    51.272196531295776
-
START:  BFC
END:    51.918089866638184
-
START:  BGFV
END:    52.4741644859314
-
START:  BGNE
END:    53.036120653152466
-
START:  BHVN
END:    53.27015566825867
-
START:  BIO
END:    54.05232000350952
-
START:  BL
END:    54.41302180290222
-
START:  BLD
END:    54.905694246292114
-
START:  BLDP
END:    55.50054121017456
-
START:  BLDR
END:    55.99313187599182
-
START:  BLFS
END:    56.735126972198486
-
START:  BLK
END:    57.269832611083984
-
START:  BLL
Not Found: No data found, symbol may be delisted
START:  BLNK
END:    58.136898040771484
-
START:  BMI
END:    58.94886803627014
-
START:  BOOT
END:    59.4776291847229
-
START:  BOTZ
END:    59.91364073753357
-
START:  BR
END:    60.55052995681763
-
START:  BRKR
END:    61.45961856842041
-
START:  BRKS
Not Found: No data found, symbol may be delisted
START:  BRO
END:    62.31821370124817
-
START:  BURL
END:    62.83851480484009
-
START:  BX
END:    63.46142506599426
-
START:  CABO
END:    64.05797791481018
-
START:  CACI
END:    64.73016738891602
-
START:  CALX
END:    65.3867678642273
-
START:  CAMT
END:    65.93407964706421
-
START:  CAR
END:    66.72564148902893
-
START:  CBRE
END:    67.2484438419342
-
START:  CBSH
END:    68.09960079193115
-
START:  CBZ
END:    68.6327166557312
-
START:  CCOI
END:    69.43580675125122
-
START:  CCS
END:    69.85855913162231
-
START:  CDMO
END:    70.64319968223572
-
START:  CDNA
END:    71.25173258781433
-
START:  CDNS
END:    71.91963791847229
-
START:  CDW
END:    72.36982274055481
-
START:  CELH
END:    72.95288062095642
-
START:  CGNX
END:    73.53821921348572
-
START:  CHD
END:    74.21124935150146
-
START:  CHDN
END:    74.98956775665283
-
START:  CHE
END:    75.56080937385559
-
START:  CHGG
END:    76.04399085044861
-
START:  CHH
END:    76.8587338924408
-
START:  CHKP
END:    77.50684905052185
-
START:  CHTR
END:    78.15591096878052
-
START:  CIEN
END:    78.72579383850098
-
START:  CLAR
END:    79.26999521255493
-
START:  CLFD
END:    79.90462064743042
-
START:  CLGN
END:    80.32109045982361
-
START:  CLNE
END:    80.78268003463745
-
START:  CLPT
END:    81.23230004310608
-
START:  CLX
END:    81.88758969306946
-
START:  CMCSA
END:    82.50146079063416
-
START:  CMG
END:    83.24850869178772
-
START:  CMS
END:    84.02133893966675
-
START:  CNC
END:    84.82529306411743
-
START:  CNI
END:    85.47201418876648
-
START:  CNMD
END:    86.07439041137695
-
START:  CNS
END:    86.71552109718323
-
START:  CNXN
END:    87.47071552276611
-
START:  COO
END:    88.09413504600525
-
START:  COST
END:    88.64215850830078
-
START:  COUP
Not Found: No data found, symbol may be delisted
START:  COWN
Not Found: No data found, symbol may be delisted
START:  CP
END:    89.86196255683899
-
START:  CPK
END:    90.47468090057373
-
START:  CPRT
END:    91.18917465209961
-
START:  CPSH
END:    91.77393221855164
-
START:  CRAI
END:    92.3571286201477
-
START:  CREE
Not Found: No data found, symbol may be delisted
START:  CRL
END:    93.26192140579224
-
START:  CRM
END:    94.03622579574585
-
START:  CRMT
END:    94.64182162284851
-
START:  CROX
END:    95.24911212921143
-
START:  CRSP
END:    95.7228524684906
-
START:  CRVL
END:    96.38790106773376
-
START:  CSGP
END:    97.11254024505615
-
START:  CSL
END:    97.93627595901489
-
START:  CSWI
END:    98.42895197868347
-
START:  CSX
END:    99.25451374053955
-
START:  CTAS
END:    100.05827903747559
-
START:  CTLT
END:    100.5730230808258
-
START:  CTRN
END:    101.12900924682617
-
START:  CURE
END:    101.79931616783142
-
START:  CVCO
END:    102.35128831863403
-
START:  CVNA
END:    102.88251185417175
-
START:  CWST
END:    103.43600368499756
-
START:  CWT
END:    104.14881229400635
-
START:  CXSE
END:    104.73949885368347
-
START:  CYBR
END:    105.23065114021301
-
START:  CYRX
END:    105.93499660491943
-
START:  CYTK
END:    106.55965542793274
-
START:  DAC
END:    107.15202116966248
-
START:  DAR
END:    107.73600459098816
-
START:  DAVA
END:    108.18853402137756
-
START:  DDS
END:    109.06933259963989
-
START:  DE
END:    109.78939056396484
-
START:  DECK
END:    110.46563792228699
-
START:  DELL
END:    110.99891233444214
-
START:  DFIN
END:    111.34472846984863
-
START:  DG
END:    111.94948172569275
-
START:  DGRW
END:    112.39348912239075
-
START:  DHI
END:    113.24129867553711
-
START:  DHR
END:    114.09486484527588
-
START:  DIA
END:    114.9320478439331
-
START:  DIOD
END:    115.63277530670166
-
START:  DIS
END:    116.5211169719696
-
START:  DKS
END:    117.20189547538757
-
START:  DLN
END:    118.01539206504822
-
START:  DNLI
END:    118.37743973731995
-
START:  DOMO
END:    118.74974155426025
-
START:  DOV
END:    119.49993538856506
-
START:  DPZ
END:    120.16167330741882
-
START:  DQ
END:    120.74000382423401
-
START:  DRD
END:    121.45919108390808
-
START:  DRIO
END:    121.87379479408264
-
START:  DRNA
Not Found: No data found, symbol may be delisted
START:  DSGX
END:    122.67634558677673
-
START:  DVAX
END:    123.29254961013794
-
START:  DXCM
END:    123.95416569709778
-
START:  ECL
END:    124.65881323814392
-
START:  EFX
END:    125.3950662612915
-
START:  EGAN
END:    126.00934195518494
-
START:  EHC
END:    126.68427801132202
-
START:  EL
END:    127.40400576591492
-
START:  ENPH
END:    128.14751434326172
-
START:  ENSG
END:    128.94793939590454
-
START:  ENTG
END:    129.7658474445343
-
START:  ENV
END:    130.34787440299988
-
START:  EPAM
END:    130.89642524719238
-
START:  ERIE
END:    131.59008836746216
-
START:  ES
END:    132.4468536376953
-
START:  ESE
END:    133.1662585735321
-
START:  ETN
END:    134.04522681236267
-
START:  ETSY
END:    134.67625379562378
-
START:  EVBG
END:    135.04470562934875
-
START:  EVTC
END:    135.56772661209106
-
START:  EW
END:    136.22910046577454
-
START:  EWT
END:    136.90943121910095
-
START:  EXAS
END:    137.46907329559326
-
START:  EXLS
END:    138.20320844650269
-
START:  EXPD
END:    138.80475664138794
-
START:  EXPI
END:    139.22568130493164
-
START:  EXPO
END:    139.88545155525208
-
START:  FAST
END:    140.7103888988495
-
START:  FATE
END:    141.19348096847534
-
START:  FB
Not Found: No data found, symbol may be delisted
START:  FCN
END:    142.10388612747192
-
START:  FCX
END:    142.69595313072205
-
START:  FDN
END:    143.28168368339539
-
START:  FDS
END:    143.95690369606018
-
START:  FELE
END:    144.789870262146
-
START:  FFIN
END:    145.36013841629028
-
START:  FICO
END:    146.13291120529175
-
START:  FINX
END:    146.69313025474548
-
START:  FIS
END:    147.3907961845398
-
START:  FISV
Not Found: No data found, symbol may be delisted
START:  FIVE
END:    148.10290908813477
-
START:  FIVN
END:    148.67909002304077
-
START:  FLGT
END:    149.03850769996643
-
START:  FLT
END:    149.73606514930725
-
START:  FLWS
END:    150.30104160308838
-
START:  FN
END:    150.8572027683258
-
START:  FND
END:    151.2118272781372
-
START:  FNV
END:    151.71631360054016
-
START:  FORM
END:    152.41920614242554
-
START:  FOXF
END:    152.93477082252502
-
START:  FPX
END:    153.588965177536
-
START:  FRC
Not Found: No data found, symbol may be delisted
START:  FRHC
END:    154.33611369132996
-
START:  FRPT
END:    154.81877946853638
-
START:  FSS
END:    155.48232007026672
-
START:  FTNT
END:    156.0253608226776
-
START:  FUV
END:    156.42048358917236
-
START:  GDEN
END:    157.0632357597351
-
START:  GFI
END:    157.66531610488892
-
START:  GGG
END:    158.28186869621277
-
START:  GIB
END:    158.89815664291382
-
START:  GLDD
END:    159.66098594665527
-
START:  GLOB
END:    160.23826265335083
-
START:  GMAB
END:    160.8079822063446
-
START:  GME
END:    161.41222643852234
-
START:  GMED
END:    161.90305495262146
-
START:  GNRC
END:    162.4706723690033
-
START:  GNSS
END:    163.0721583366394
-
START:  GNTX
END:    163.63743448257446
-
START:  GOLF
END:    164.1058270931244
-
START:  GOOG
END:    164.88255143165588
-
START:  GOOGL
END:    165.56583833694458
-
START:  GPI
END:    166.1294686794281
-
START:  GPN
END:    166.763192653656
-
START:  GRBK
END:    167.2835178375244
-
START:  GRMN
END:    167.95635056495667
-
START:  GRVY
END:    168.7113811969757
-
START:  GRWG
END:    169.11739134788513
-
START:  GWRE
END:    169.6440794467926
-
START:  HACK
END:    170.15057563781738
-
START:  HALO
END:    170.95213961601257
-
START:  HCI
END:    171.62690138816833
-
START:  HD
END:    172.34368777275085
-
START:  HEI
END:    173.07450461387634
-
START:  HELE
END:    173.69174695014954
-
START:  HIBB
END:    174.37011051177979
-
START:  HLI
END:    174.8419349193573
-
START:  HLT
END:    175.31346321105957
-
START:  HOLX
END:    175.9624261856079
-
START:  HON
END:    176.69874477386475
-
START:  HOV
END:    177.21065759658813
-
START:  HRC
Not Found: No data found, symbol may be delisted
START:  HRI
END:    178.1159987449646
-
START:  HSKA
Not Found: No data found, symbol may be delisted
START:  HTHT
END:    178.97339248657227
-
START:  HUBS
END:    183.70436692237854
-
START:  HUM
END:    184.47124481201172
-
START:  HZNP
END:    185.01572847366333
-
START:  IAC
END:    185.65565848350525
-
START:  IBP
END:    186.08699417114258
-
START:  ICE
END:    186.76993322372437
-
START:  ICLN
END:    187.24749517440796
-
START:  ICLR
END:    187.97456526756287
-
START:  IDT
END:    188.750638961792
-
START:  IDXX
END:    189.6297845840454
-
START:  IESC
END:    190.30046105384827
-
START:  IEX
END:    191.07624411582947
-
START:  ILMN
END:    191.84423446655273
-
START:  INFO
Not Found: No data found, symbol may be delisted
START:  INOV
Not Found: No data found, symbol may be delisted
START:  INSP
END:    192.8255476951599
-
START:  INTC
END:    193.4697127342224
-
START:  INTU
END:    194.03936338424683
-
START:  INTZ
END:    194.6676471233368
-
START:  INVE
END:    195.4027099609375
-
START:  IOO
END:    196.3322675228119
-
START:  IQV
END:    196.8605444431305
-
START:  IRDM
END:    197.47141480445862
-
START:  IRMD
END:    197.93165063858032
-
START:  ISEE
END:    198.43621969223022
-
START:  ISRG
END:    199.1665744781494
-
START:  IT
END:    199.8233141899109
-
START:  ITT
END:    200.51596188545227
-
START:  ITW
END:    201.10710906982422
-
START:  IVOG
END:    201.71169066429138
-
START:  IVV
END:    202.40971446037292
-
START:  IXJ
END:    203.0183925628662
-
START:  IXN
END:    203.71190857887268
-
START:  J
END:    204.56694507598877
-
START:  JBL
END:    205.26291489601135
-
START:  JBSS
END:    205.880117893219
-
START:  JD
END:    206.31427717208862
-
START:  JKHY
END:    207.1615595817566
-
START:  JKS
END:    207.81914615631104
-
START:  JNJ
END:    208.5686547756195
-
START:  JOE
END:    209.43905329704285
-
START:  JOUT
END:    210.14604687690735
-
START:  JYNT
END:    210.57066464424133
-
START:  KAI
END:    211.2604260444641
-
START:  KBH
END:    212.18981957435608
-
START:  KBR
END:    212.8492455482483
-
START:  KDMN
Not Found: No data found, symbol may be delisted
START:  KEYS
END:    213.69939589500427
-
START:  KLAC
END:    214.45458364486694
-
START:  KLIC
END:    215.03252458572388
-
START:  KMX
END:    215.71887469291687
-
START:  KNSL
END:    216.20921516418457
-
START:  KOPN
END:    216.71778559684753
-
START:  KOSS
END:    217.31806826591492
-
START:  KRNT
END:    217.76261496543884
-
START:  KSU
Not Found: No data found, symbol may be delisted
START:  KTOS
END:    218.63600063323975
-
START:  LAC
END:    219.21402502059937
-
START:  LAD
END:    219.90250086784363
-
START:  LANC
END:    220.61536645889282
-
START:  LAWS
Not Found: No data found, symbol may be delisted
START:  LDOS
END:    221.49614667892456
-
START:  LFMD
END:    222.1212079524994
-
START:  LGIH
END:    222.73438239097595
-
START:  LH
END:    223.41859245300293
-
START:  LHCG
Not Found: No data found, symbol may be delisted
START:  LHX
END:    224.2586715221405
-
START:  LII
END:    224.86489987373352
-
START:  LIN
END:    225.55700635910034
-
START:  LINC
END:    226.09461069107056
-
START:  LIT
END:    226.55214548110962
-
START:  LLY
END:    227.43940949440002
-
START:  LMT
END:    228.13269925117493
-
START:  LNT
END:    228.71135473251343
-
START:  LOB
END:    229.12418341636658
-
START:  LOGI
END:    229.76073741912842
-
START:  LOVE
END:    230.1119909286499
-
START:  LOW
END:    230.93553042411804
-
START:  LPLA
END:    231.40671229362488
-
START:  LPSN
END:    232.1065993309021
-
START:  LQDT
END:    232.5913360118866
-
START:  LRCX
END:    233.14628410339355
-
START:  LSCC
END:    233.68786144256592
-
START:  LSTR
END:    234.40965223312378
-
START:  LULU
END:    234.99493145942688
-
START:  LUNA
END:    235.65473914146423
-
START:  MA
END:    236.34244656562805
-
START:  MANH
END:    236.89203572273254
-
START:  MANT
Not Found: No data found, symbol may be delisted
START:  MARA
END:    237.73883605003357
-
START:  MASI
END:    238.31393766403198
-
START:  MATX
END:    239.4769470691681
-
START:  MBUU
END:    239.9717252254486
-
START:  MCD
END:    240.71726393699646
-
START:  MCHP
END:    241.4005947113037
-
START:  MCO
END:    241.99140167236328
-
START:  MDB
END:    242.42278957366943
-
START:  MDT
END:    243.0638313293457
-
START:  MEDP
END:    243.49841237068176
-
START:  MEDS
END:    243.9011106491089
-
START:  MELI
END:    244.80208134651184
-
START:  MGC
END:    245.3840115070343
-
START:  MGIC
END:    246.207866191864
-
START:  MGK
END:    246.7667293548584
-
START:  MGNI
END:    247.3505175113678
-
START:  MHO
END:    247.98869729042053
-
START:  MIME
Not Found: No data found, symbol may be delisted
START:  MITK
END:    248.6993498802185
-
START:  MKC
END:    249.38670349121094
-
START:  MKSI
END:    250.30300068855286
-
START:  MKTX
END:    251.09071350097656
-
START:  MLAB
END:    251.6328899860382
-
START:  MLR
END:    252.4476842880249
-
START:  MMC
END:    253.26503562927246
-
START:  MMS
END:    254.08273911476135
-
START:  MNMD
END:    254.46008276939392
-
START:  MNST
END:    255.21971893310547
-
START:  MODN
END:    255.7236692905426
-
START:  MODV
END:    256.233834028244
-
START:  MOH
END:    256.82175159454346
-
START:  MORN
END:    257.6137185096741
-
START:  MPWR
END:    258.3206021785736
-
START:  MRTX
END:    258.79933285713196
-
START:  MRVL
END:    259.4839961528778
-
START:  MS
END:    260.33279371261597
-
START:  MSA
END:    261.0089955329895
-
START:  MSCI
END:    261.7595694065094
-
START:  MSEX
END:    262.4889109134674
-
START:  MSFT
END:    263.23539447784424
-
START:  MSI
END:    264.0096712112427
-
START:  MSTR
END:    264.5442464351654
-
START:  MTBC
Not Found: No data found, symbol may be delisted
START:  MTCH
END:    265.658816576004
-
START:  MTD
END:    266.2367534637451
-
START:  MTEX
END:    266.7951602935791
-
START:  MTH
END:    267.40088391304016
-
START:  MTLS
END:    267.90052700042725
-
START:  MTSI
END:    268.33778953552246
-
START:  MU
END:    268.9210684299469
-
START:  MUSA
END:    269.3527617454529
-
START:  MVIS
END:    269.85531425476074
-
START:  MXL
END:    270.3687074184418
-
START:  MYRG
END:    270.9499981403351
-
START:  NBIX
END:    271.52573585510254
-
START:  NCBS
Not Found: No data found, symbol may be delisted
START:  NDAQ
END:    272.4802212715149
-
START:  NDSN
END:    273.3464114665985
-
START:  NEE
END:    274.01980900764465
-
START:  NEO
END:    274.5736680030823
-
START:  NEOG
END:    275.40965485572815
-
START:  NFLX
END:    276.0672950744629
-
START:  NICE
END:    276.79458117485046
-
START:  NISN
END:    277.19512391090393
-
START:  NKE
END:    277.8947718143463
-
START:  NOVT
END:    278.4420073032379
-
START:  NOW
END:    278.87906074523926
-
START:  NSC
END:    279.62614727020264
-
START:  NSIT
END:    280.4196877479553
-
START:  NSSC
END:    280.9927268028259
-
START:  NSTG
END:    281.5998055934906
-
START:  NTLA
END:    282.1798312664032
-
START:  NTRA
END:    282.59142112731934
-
START:  NUAN
Not Found: No data found, symbol may be delisted
START:  NVCR
END:    283.45929312705994
-
START:  NVDA
END:    284.06589913368225
-
START:  NVMI
END:    284.62020111083984
-
START:  NVO
END:    285.27165365219116
-
START:  NVR
END:    285.8395781517029
-
START:  NXST
END:    286.50790452957153
-
START:  NYT
END:    287.1482639312744
-
START:  OBCI
Not Found: No data found, symbol may be delisted
START:  ODFL
END:    287.90387201309204
-
START:  OEF
END:    288.4622311592102
-
START:  OFLX
END:    289.12743282318115
-
START:  OLED
END:    289.80356192588806
-
START:  OMCL
END:    290.4126250743866
-
START:  ON
END:    291.06563997268677
-
START:  OOMA
END:    291.49240612983704
-
START:  OPRX
END:    291.98069763183594
-
START:  ORA
END:    292.56865406036377
-
START:  ORCL
END:    293.2217695713043
-
START:  ORLY
END:    294.05828404426575
-
START:  ORMP
END:    294.5800824165344
-
START:  OTEX
END:    295.36585235595703
-
START:  PACB
END:    295.8471043109894
-
START:  PAG
END:    296.4294023513794
-
START:  PANW
END:    296.8289210796356
-
START:  PAR
END:    297.4968423843384
-
START:  PAYC
END:    298.0264182090759
-
START:  PAYX
END:    298.69832730293274
-
START:  PBD
END:    299.42475271224976
-
START:  PCTY
END:    299.9331376552582
-
START:  PEGA
END:    300.57091903686523
-
START:  PEN
END:    301.0972535610199
-
START:  PENN
END:    301.7600998878479
-
START:  PEP
END:    302.4159326553345
-
START:  PERI
END:    302.9076473712921
-
START:  PFSI
END:    303.33677196502686
-
START:  PGR
END:    304.2346065044403
-
START:  PH
END:    304.9410026073456
-
START:  PHM
END:    305.65979170799255
-
START:  PKI
Not Found: No data found, symbol may be delisted
START:  PLL
END:    306.3511483669281
-
START:  PLNT
END:    306.773277759552
-
START:  PLUG
END:    307.413015127182
-
START:  PLXS
END:    308.10987544059753
-
START:  PODD
END:    308.645307302475
-
START:  POOL
END:    309.341680765152
-
START:  POWI
END:    310.0397517681122
-
START:  PRFT
END:    310.7650291919708
-
START:  PRI
END:    311.41590189933777
-
START:  PRTA
END:    311.8857190608978
-
START:  PRTS
END:    312.4469463825226
-
START:  PTSI
END:    313.0428204536438
-
START:  PWR
END:    313.68162631988525
-
START:  PYPL
END:    314.24169063568115
-
START:  QADA
Not Found: No data found, symbol may be delisted
START:  QCLN
END:    315.290246963501
-
START:  QDEL
END:    315.9524579048157
-
START:  QGEN
END:    316.49119758605957
-
START:  QLYS
END:    317.09178733825684
-
START:  QQQ
END:    317.825395822525
-
START:  QRVO
END:    318.24041628837585
-
START:  QTWO
END:    318.72646045684814
-
START:  RADA
Not Found: No data found, symbol may be delisted
START:  RAMP
END:    319.70765590667725
-
START:  RBA
END:    320.2869689464569
-
START:  RCII
Not Found: No data found, symbol may be delisted
START:  RCKY
END:    321.14173555374146
-
START:  RDNT
END:    321.8243691921234
-
START:  RDVT
END:    322.2523283958435
-
START:  RDWR
END:    322.9315536022186
-
START:  REGI
END:    323.4426598548889
-
START:  RENN
Not Found: No data found, symbol may be delisted
START:  RGEN
END:    324.2775490283966
-
START:  RH
END:    324.9125859737396
-
START:  RILY
END:    325.4873731136322
-
START:  RIOT
END:    325.9496076107025
-
START:  RLI
END:    326.63723492622375
-
START:  RLMD
END:    327.05294966697693
-
START:  RMD
END:    327.7143096923828
-
START:  RNG
END:    328.34916400909424
-
START:  ROBO
END:    328.9388370513916
-
START:  ROCK
END:    329.6146218776703
-
START:  ROK
END:    330.3674199581146
-
START:  ROKU
END:    330.7851548194885
-
START:  ROL
END:    331.648339509964
-
START:  ROP
END:    332.3579571247101
-
START:  ROST
END:    333.05484080314636
-
START:  RPD
END:    333.5866913795471
-
START:  RPM
END:    334.39725613594055
-
START:  RSG
END:    335.1140158176422
-
START:  RTH
END:    335.89156770706177
-
START:  RUN
END:    336.4478690624237
-
START:  RXI
END:    337.2158234119415
-
START:  SAIA
END:    337.7997622489929
-
START:  SAIC
END:    338.4394817352295
-
START:  SAM
END:    339.10770988464355
-
START:  SAVA
END:    339.9352569580078
-
START:  SCI
END:    340.6908001899719
-
START:  SCL
END:    341.32824301719666
-
START:  SE
END:    341.6845359802246
-
START:  SEAS
END:    342.2888822555542
-
START:  SEDG
END:    342.8039209842682
-
START:  SFBS
END:    343.23202633857727
-
START:  SGEN
END:    343.8066608905792
-
START:  SGMS
Not Found: No data found, symbol may be delisted
START:  SGRY
END:    344.5125844478607
-
START:  SHOP
END:    344.93795704841614
-
START:  SHW
END:    345.5755054950714
-
START:  SHYF
END:    346.42561316490173
-
START:  SITE
END:    346.9249668121338
-
START:  SIVB
Not Found: No data found, symbol may be delisted
START:  SJW
END:    347.84268021583557
-
START:  SKY
END:    348.56996607780457
-
START:  SLAB
END:    349.1958341598511
-
START:  SLP
END:    349.8533661365509
-
START:  SMH
END:    350.6697657108307
-
START:  SMTC
END:    351.21382999420166
-
START:  SNAP
END:    351.6822271347046
-
START:  SNPS
END:    352.2232828140259
-
START:  SOCL
END:    352.768479347229
-
START:  SOXL
END:    353.2462410926819
-
START:  SPGI
END:    353.8658254146576
-
START:  SPLG
END:    354.44909286499023
-
START:  SPLK
END:    354.98540782928467
-
START:  SPNS
END:    355.6737434864044
-
START:  SPSC
END:    356.23350620269775
-
START:  SPTM
END:    356.89353108406067
-
START:  SPWH
END:    357.41190814971924
-
START:  SPWR
END:    358.0361280441284
-
START:  SPXC
END:    358.7673807144165
-
START:  SPXL
END:    359.32713556289673
-
START:  SPY
END:    360.02976655960083
-
START:  SPYG
END:    360.6011714935303
-
START:  SQ
END:    361.0470736026764
-
START:  SSD
END:    361.8682930469513
-
START:  SSNC
END:    362.6320581436157
-
START:  SSTK
END:    363.27948117256165
-
START:  STAA
END:    363.83679366111755
-
START:  STE
END:    364.4911768436432
-
START:  SUSA
END:    365.43427991867065
-
START:  SYK
END:    366.1706669330597
-
START:  SYNA
END:    366.83710074424744
-
START:  TBBK
END:    367.5280349254608
-
START:  TBK
Not Found: No data found, symbol may be delisted
START:  TDG
END:    368.41428208351135
-
START:  TDOC
END:    368.90014696121216
-
START:  TDY
END:    369.5980706214905
-
START:  TEAM
END:    370.07328963279724
-
START:  TECH
END:    370.73896169662476
-
START:  TECL
END:    371.2640857696533
-
START:  TER
END:    371.98082995414734
-
START:  TFX
END:    372.70795583724976
-
START:  TGH
END:    373.19873452186584
-
START:  TGLS
END:    373.7216765880585
-
START:  TGT
END:    374.47533416748047
-
START:  TGTX
END:    374.93202114105225
-
START:  THC
END:    375.62094354629517
-
START:  TJX
END:    376.23193740844727
-
START:  TMO
END:    377.06912875175476
-
START:  TMUS
END:    377.68360805511475
-
START:  TNDM
END:    378.28974652290344
-
START:  TNET
END:    378.79620027542114
-
START:  TPX
END:    379.3634114265442
-
START:  TREX
END:    379.94551157951355
-
START:  TRI
END:    380.6307644844055
-
START:  TRIL
Not Found: No data found, symbol may be delisted
START:  TRMB
END:    381.7472200393677
-
START:  TRNS
END:    382.3777952194214
-
START:  TROW
END:    383.0722930431366
-
START:  TRU
END:    383.53131794929504
-
START:  TRUP
END:    384.0777795314789
-
START:  TSCO
END:    384.74522829055786
-
START:  TSLA
END:    385.3315575122833
-
START:  TSM
END:    385.94424057006836
-
START:  TT
END:    386.7564432621002
-
START:  TTC
END:    387.6041102409363
-
START:  TTD
END:    388.0057294368744
-
START:  TTEC
END:    388.57458448410034
-
START:  TTEK
END:    389.3647983074188
-
START:  TTGT
END:    389.82287096977234
-
START:  TTWO
END:    390.35766863822937
-
START:  TWLO
END:    390.7586827278137
-
START:  TXN
END:    391.5936715602875
-
START:  TYL
END:    392.2369725704193
-
START:  UCTT
END:    392.7699029445648
-
START:  UFPI
END:    393.4564199447632
-
START:  UFPT
END:    394.069650888443
-
START:  UI
END:    394.5907874107361
-
START:  UMC
END:    395.31816387176514
-
START:  UNF
END:    395.91917634010315
-
START:  UNH
END:    396.5336854457855
-
START:  UNP
END:    397.19724106788635
-
START:  UPLD
END:    397.6250436306
-
START:  URI
END:    398.1502511501312
-
START:  V
END:    398.78728461265564
-
START:  VALU
END:    399.6747636795044
-
START:  VBK
END:    400.28302550315857
-
START:  VCEL
END:    400.9992289543152
-
START:  VCR
END:    401.8341100215912
-
START:  VCTR
END:    402.26886463165283
-
START:  VCYT
END:    402.79371333122253
-
START:  VDC
END:    403.4873402118683
-
START:  VEEV
END:    403.91810059547424
-
START:  VERU
END:    404.4721190929413
-
START:  VGT
END:    405.0442669391632
-
START:  VHT
END:    405.63789796829224
-
START:  VIAV
END:    406.2880754470825
-
START:  VICR
END:    406.9924829006195
-
START:  VIG
END:    407.5629665851593
-
START:  VO
END:    408.27436995506287
-
START:  VONE
END:    408.82793831825256
-
START:  VONG
END:    409.2668173313141
-
START:  VOO
END:    409.8485221862793
-
START:  VOOG
END:    410.46201157569885
-
START:  VOOV
END:    411.05037546157837
-
START:  VOT
END:    411.6230056285858
-
START:  VPU
END:    412.1959388256073
-
START:  VRNS
END:    412.67916345596313
-
START:  VRSK
END:    413.31704092025757
-
START:  VRSN
END:    413.95487213134766
-
START:  VRTV
END:    414.38720965385437
-
START:  VSTO
END:    414.8681104183197
-
START:  VTHR
END:    415.3452367782593
-
START:  VTI
END:    416.03596448898315
-
START:  VTNR
END:    416.6127817630768
-
START:  VTWG
END:    417.2097897529602
-
START:  VUG
END:    417.7464430332184
-
START:  VV
END:    418.5777599811554
-
START:  VXF
END:    419.3611526489258
-
START:  WCN
END:    420.01953744888306
-
START:  WD
END:    420.6018989086151
-
START:  WDAY
END:    421.14585399627686
-
START:  WDFC
END:    421.8065791130066
-
START:  WEC
END:    422.573876619339
-
START:  WEN
END:    423.1655490398407
-
START:  WINA
END:    423.8389275074005
-
START:  WING
END:    424.47280859947205
-
START:  WIRE
END:    425.1104245185852
-
START:  WIX
END:    425.625440120697
-
START:  WK
END:    426.1064248085022
-
START:  WLTW
Not Found: No data found, symbol may be delisted
START:  WM
END:    427.2148802280426
-
START:  WMS
END:    427.7013404369354
-
START:  WNS
END:    428.292601108551
-
START:  WRB
END:    428.9944233894348
-
START:  WSC
END:    429.42764353752136
-
START:  WSM
END:    430.00669145584106
-
START:  WST
END:    430.849285364151
-
START:  WTRG
END:    431.548020362854
-
START:  WTS
END:    432.2923264503479
-
START:  XEL
END:    433.00734543800354
-
START:  XENE
END:    433.4918358325958
-
START:  XLK
END:    434.0651435852051
-
START:  XLNX
Not Found: No data found, symbol may be delisted
START:  XLP
END:    435.18203377723694
-
START:  XLRN
Not Found: No data found, symbol may be delisted
START:  XLU
END:    436.0915970802307
-
START:  XLV
END:    436.6818940639496
-
START:  XLY
END:    437.35190415382385
-
START:  XYL
END:    437.9217092990875
-
START:  YNDX
END:    438.5605854988098
-
START:  YORW
END:    439.18012166023254
-
START:  YUM
END:    439.8538806438446
-
START:  Z
END:    440.33755922317505
-
START:  ZBRA
END:    441.00521779060364
-
START:  ZEN
Not Found: No data found, symbol may be delisted
START:  ZLAB
END:    441.8313684463501
-
START:  ZNGA
Not Found: No data found, symbol may be delisted
START:  ZS
END:    442.52458214759827
-
START:  ZTS
END:    442.98032450675964
-
START:  ZYXI
END:    443.59722423553467
-
===========================
MACD golden cross
===========================
START:  code
START:  A
START:  AAON
START:  AAPL
START:  ABG
START:  ABT
START:  ACLS
START:  ACMR
START:  ACN
START:  ADBE
START:  ADI
START:  ADP
START:  ADSK
START:  ADUS
START:  AEE
START:  AGYS
START:  AIZ
START:  AJG
START:  AJRD
START:  ALB
START:  ALG
START:  ALGN
START:  ALLE
START:  ALTR
START:  AMAT
START:  AMBA
START:  AMD
START:  AME
START:  AMED
START:  AMEH
START:  AMGN
START:  AMN
START:  AMP
START:  AMRC
START:  AMSWA
START:  AMTX
START:  AMZN
START:  AN
START:  ANSS
START:  ANTM
START:  AON
START:  AOSL
START:  APD
START:  APH
START:  APPF
START:  APPN
START:  APPS
START:  AQN
START:  ARCB
START:  ARCT
START:  ARES
START:  ARGX
START:  ARWR
START:  ASML
START:  ASPN
START:  ATEC
START:  ATEN
START:  ATKR
START:  ATOM
START:  ATR
START:  ATRC
START:  AUDC
START:  AUPH
START:  AVAV
START:  AVGO
START:  AVID
START:  AVNW
START:  AVXL
START:  AVY
START:  AWK
START:  AWR
START:  AXON
START:  AZO
START:  AZPN
START:  BAH
START:  BAM
START:  BAX
START:  BBH
START:  BBQ
START:  BBY
START:  BCPC
START:  BDX
START:  BEEM
START:  BFAM
START:  BFC
START:  BGFV
START:  BGNE
START:  BHVN
START:  BIO
START:  BL
START:  BLD
START:  BLDP
START:  BLDR
START:  BLFS
START:  BLK
START:  BLL
START:  BLNK
START:  BMI
START:  BOOT
START:  BOTZ
START:  BR
START:  BRKR
START:  BRKS
START:  BRO
START:  BURL
START:  BX
START:  CABO
START:  CACI
START:  CALX
START:  CAMT
START:  CAR
START:  CBRE
START:  CBSH
START:  CBZ
START:  CCOI
START:  CCS
START:  CDMO
START:  CDNA
START:  CDNS
START:  CDW
START:  CELH
START:  CGNX
START:  CHD
START:  CHDN
START:  CHE
START:  CHGG
START:  CHH
START:  CHKP
START:  CHTR
START:  CIEN
START:  CLAR
START:  CLFD
START:  CLGN
START:  CLNE
START:  CLPT
START:  CLX
START:  CMCSA
START:  CMG
START:  CMS
START:  CNC
START:  CNI
START:  CNMD
START:  CNS
START:  CNXN
START:  COO
START:  COST
START:  COUP
START:  COWN
START:  CP
START:  CPK
START:  CPRT
START:  CPSH
START:  CRAI
START:  CREE
START:  CRL
START:  CRM
START:  CRMT
START:  CROX
START:  CRSP
START:  CRVL
START:  CSGP
START:  CSL
START:  CSWI
START:  CSX
START:  CTAS
START:  CTLT
START:  CTRN
START:  CURE
START:  CVCO
START:  CVNA
START:  CWST
START:  CWT
START:  CXSE
START:  CYBR
START:  CYRX
START:  CYTK
START:  DAC
START:  DAR
START:  DAVA
START:  DDS
START:  DE
START:  DECK
START:  DELL
START:  DFIN
START:  DG
START:  DGRW
START:  DHI
START:  DHR
START:  DIA
START:  DIOD
START:  DIS
START:  DKS
START:  DLN
START:  DNLI
START:  DOMO
START:  DOV
START:  DPZ
START:  DQ
START:  DRD
START:  DRIO
START:  DRNA
START:  DSGX
START:  DVAX
START:  DXCM
START:  ECL
START:  EFX
START:  EGAN
START:  EHC
START:  EL
START:  ENPH
START:  ENSG
START:  ENTG
START:  ENV
START:  EPAM
START:  ERIE
START:  ES
START:  ESE
START:  ETN
START:  ETSY
START:  EVBG
START:  EVTC
START:  EW
START:  EWT
START:  EXAS
START:  EXLS
START:  EXPD
START:  EXPI
START:  EXPO
START:  FAST
START:  FATE
START:  FB
START:  FCN
START:  FCX
START:  FDN
START:  FDS
START:  FELE
START:  FFIN
START:  FICO
START:  FINX
START:  FIS
START:  FISV
START:  FIVE
START:  FIVN
START:  FLGT
START:  FLT
START:  FLWS
START:  FN
START:  FND
START:  FNV
START:  FORM
START:  FOXF
START:  FPX
START:  FRC
START:  FRHC
START:  FRPT
START:  FSS
START:  FTNT
START:  FUV
START:  GDEN
START:  GFI
START:  GGG
START:  GIB
START:  GLDD
START:  GLOB
START:  GMAB
START:  GME
START:  GMED
START:  GNRC
START:  GNSS
START:  GNTX
START:  GOLF
START:  GOOG
START:  GOOGL
START:  GPI
START:  GPN
START:  GRBK
START:  GRMN
START:  GRVY
START:  GRWG
START:  GWRE
START:  HACK
START:  HALO
START:  HCI
START:  HD
START:  HEI
START:  HELE
START:  HIBB
START:  HLI
START:  HLT
START:  HOLX
START:  HON
START:  HOV
START:  HRC
START:  HRI
START:  HSKA
START:  HTHT
START:  HUBS
START:  HUM
START:  HZNP
START:  IAC
START:  IBP
START:  ICE
START:  ICLN
START:  ICLR
START:  IDT
START:  IDXX
START:  IESC
START:  IEX
START:  ILMN
START:  INFO
START:  INOV
START:  INSP
START:  INTC
START:  INTU
START:  INTZ
START:  INVE
START:  IOO
START:  IQV
START:  IRDM
START:  IRMD
START:  ISEE
START:  ISRG
START:  IT
START:  ITT
START:  ITW
START:  IVOG
START:  IVV
START:  IXJ
START:  IXN
START:  J
START:  JBL
START:  JBSS
START:  JD
START:  JKHY
START:  JKS
START:  JNJ
START:  JOE
START:  JOUT
START:  JYNT
START:  KAI
START:  KBH
START:  KBR
START:  KDMN
START:  KEYS
START:  KLAC
START:  KLIC
START:  KMX
START:  KNSL
START:  KOPN
START:  KOSS
START:  KRNT
START:  KSU
START:  KTOS
START:  LAC
START:  LAD
START:  LANC
START:  LAWS
START:  LDOS
START:  LFMD
START:  LGIH
START:  LH
START:  LHCG
START:  LHX
START:  LII
START:  LIN
START:  LINC
START:  LIT
START:  LLY
START:  LMT
START:  LNT
START:  LOB
START:  LOGI
START:  LOVE
START:  LOW
START:  LPLA
START:  LPSN
START:  LQDT
START:  LRCX
START:  LSCC
START:  LSTR
START:  LULU
START:  LUNA
START:  MA
START:  MANH
START:  MANT
START:  MARA
START:  MASI
START:  MATX
START:  MBUU
START:  MCD
START:  MCHP
START:  MCO
START:  MDB
START:  MDT
START:  MEDP
START:  MEDS
START:  MELI
START:  MGC
START:  MGIC
START:  MGK
START:  MGNI
START:  MHO
START:  MIME
START:  MITK
START:  MKC
START:  MKSI
START:  MKTX
START:  MLAB
START:  MLR
START:  MMC
START:  MMS
START:  MNMD
START:  MNST
START:  MODN
START:  MODV
START:  MOH
START:  MORN
START:  MPWR
START:  MRTX
START:  MRVL
START:  MS
START:  MSA
START:  MSCI
START:  MSEX
START:  MSFT
START:  MSI
START:  MSTR
START:  MTBC
START:  MTCH
START:  MTD
START:  MTEX
START:  MTH
START:  MTLS
START:  MTSI
START:  MU
START:  MUSA
START:  MVIS
START:  MXL
START:  MYRG
START:  NBIX
START:  NCBS
START:  NDAQ
START:  NDSN
START:  NEE
START:  NEO
START:  NEOG
START:  NFLX
START:  NICE
START:  NISN
START:  NKE
START:  NOVT
START:  NOW
START:  NSC
START:  NSIT
START:  NSSC
START:  NSTG
START:  NTLA
START:  NTRA
START:  NUAN
START:  NVCR
START:  NVDA
START:  NVMI
START:  NVO
START:  NVR
START:  NXST
START:  NYT
START:  OBCI
START:  ODFL
START:  OEF
START:  OFLX
START:  OLED
START:  OMCL
START:  ON
START:  OOMA
START:  OPRX
START:  ORA
START:  ORCL
START:  ORLY
START:  ORMP
START:  OTEX
START:  PACB
START:  PAG
START:  PANW
START:  PAR
START:  PAYC
START:  PAYX
START:  PBD
START:  PCTY
START:  PEGA
START:  PEN
START:  PENN
START:  PEP
START:  PERI
START:  PFSI
START:  PGR
START:  PH
START:  PHM
START:  PKI
START:  PLL
START:  PLNT
START:  PLUG
START:  PLXS
START:  PODD
START:  POOL
START:  POWI
START:  PRFT
START:  PRI
START:  PRTA
START:  PRTS
START:  PTSI
START:  PWR
START:  PYPL
START:  QADA
START:  QCLN
START:  QDEL
START:  QGEN
START:  QLYS
START:  QQQ
START:  QRVO
START:  QTWO
START:  RADA
START:  RAMP
START:  RBA
START:  RCII
START:  RCKY
START:  RDNT
START:  RDVT
START:  RDWR
START:  REGI
START:  RENN
START:  RGEN
START:  RH
START:  RILY
START:  RIOT
START:  RLI
START:  RLMD
START:  RMD
START:  RNG
START:  ROBO
START:  ROCK
START:  ROK
START:  ROKU
START:  ROL
START:  ROP
START:  ROST
START:  RPD
START:  RPM
START:  RSG
START:  RTH
START:  RUN
START:  RXI
START:  SAIA
START:  SAIC
START:  SAM
START:  SAVA
START:  SCI
START:  SCL
START:  SE
START:  SEAS
START:  SEDG
START:  SFBS
START:  SGEN
START:  SGMS
START:  SGRY
START:  SHOP
START:  SHW
START:  SHYF
START:  SITE
START:  SIVB
START:  SJW
START:  SKY
START:  SLAB
START:  SLP
START:  SMH
START:  SMTC
START:  SNAP
START:  SNPS
START:  SOCL
START:  SOXL
START:  SPGI
START:  SPLG
START:  SPLK
START:  SPNS
START:  SPSC
START:  SPTM
START:  SPWH
START:  SPWR
START:  SPXC
START:  SPXL
START:  SPY
START:  SPYG
START:  SQ
START:  SSD
START:  SSNC
START:  SSTK
START:  STAA
START:  STE
START:  SUSA
START:  SYK
START:  SYNA
START:  TBBK
START:  TBK
START:  TDG
START:  TDOC
START:  TDY
START:  TEAM
START:  TECH
START:  TECL
START:  TER
START:  TFX
START:  TGH
START:  TGLS
START:  TGT
START:  TGTX
START:  THC
START:  TJX
START:  TMO
START:  TMUS
START:  TNDM
START:  TNET
START:  TPX
START:  TREX
START:  TRI
START:  TRIL
START:  TRMB
START:  TRNS
START:  TROW
START:  TRU
START:  TRUP
START:  TSCO
START:  TSLA
START:  TSM
START:  TT
START:  TTC
START:  TTD
START:  TTEC
START:  TTEK
START:  TTGT
START:  TTWO
START:  TWLO
START:  TXN
START:  TYL
START:  UCTT
START:  UFPI
START:  UFPT
START:  UI
START:  UMC
START:  UNF
START:  UNH
START:  UNP
START:  UPLD
START:  URI
START:  V
START:  VALU
START:  VBK
START:  VCEL
START:  VCR
START:  VCTR
START:  VCYT
START:  VDC
START:  VEEV
START:  VERU
START:  VGT
START:  VHT
START:  VIAV
START:  VICR
START:  VIG
START:  VO
START:  VONE
START:  VONG
START:  VOO
START:  VOOG
START:  VOOV
START:  VOT
START:  VPU
START:  VRNS
START:  VRSK
START:  VRSN
START:  VRTV
START:  VSTO
START:  VTHR
START:  VTI
START:  VTNR
START:  VTWG
START:  VUG
START:  VV
START:  VXF
START:  WCN
START:  WD
START:  WDAY
START:  WDFC
START:  WEC
START:  WEN
START:  WINA
START:  WING
START:  WIRE
START:  WIX
START:  WK
START:  WLTW
START:  WM
START:  WMS
START:  WNS
START:  WRB
START:  WSC
START:  WSM
START:  WST
START:  WTRG
START:  WTS
START:  XEL
START:  XENE
START:  XLK
START:  XLNX
START:  XLP
START:  XLRN
START:  XLU
START:  XLV
START:  XLY
START:  XYL
START:  YNDX
START:  YORW
START:  YUM
START:  Z
START:  ZBRA
START:  ZEN
START:  ZLAB
START:  ZNGA
START:  ZS
START:  ZTS
START:  ZYXI
==== MACD golden cross ====
None
code: ACN      day: macd + hist + hist_1pre + ,  Week: macd + hist + hist_1pre - , Month: macd + hist + hist_1pre + , 
Trade --> code: ACN    BUY: 2006-01-31   31.53 SELL: 2009-01-31   31.56  macd:   -0.22 macd_count:  36 profit:  1.00
Trade --> code: ACN    BUY: 2009-11-30   41.04 SELL: 2023-09-30  327.74  macd:    7.94 macd_count: 167 profit:  7.99

code: ADBE     day: macd + hist + hist_1pre + ,  Week: macd + hist + hist_1pre - , Month: macd + hist + hist_1pre + , 
Trade --> code: ADBE   BUY: 2006-01-31   39.73 SELL: 2008-10-31   26.64  macd:   -0.02 macd_count:  33 profit:  0.67
Trade --> code: ADBE   BUY: 2010-03-31   35.37 SELL: 2010-06-30   26.43  macd:   -0.35 macd_count:   3 profit:  0.75
Trade --> code: ADBE   BUY: 2011-04-30   33.55 SELL: 2011-07-31   27.71  macd:   -0.09 macd_count:   3 profit:  0.83
Trade --> code: ADBE   BUY: 2012-04-30   33.55 SELL: 2022-07-31  410.12  macd:   -1.64 macd_count: 123 profit: 12.22
Trade --> code: ADBE   BUY: 2023-08-31  559.34 SELL: 2023-09-30  563.21  macd:   17.17 macd_count:   2 profit:  1.01

code: ALGN     day: macd + hist + hist_1pre + ,  Week: macd + hist + hist_1pre - , Month: macd - hist + hist_1pre + , 
Trade --> code: ALGN   BUY: 2007-01-31   16.56 SELL: 2008-05-31   13.17  macd:   -0.09 macd_count:  16 profit:  0.80
Trade --> code: ALGN   BUY: 2009-11-30   16.36 SELL: 2020-03-31  173.95  macd:   -1.55 macd_count: 124 profit: 10.63
Trade --> code: ALGN   BUY: 2020-06-30  274.44 SELL: 2022-06-30  236.67  macd:  -12.59 macd_count:  24 profit:  0.86

code: AMAT     day: macd + hist + hist_1pre + ,  Week: macd + hist + hist_1pre - , Month: macd + hist + hist_1pre + , 
Trade --> code: AMAT   BUY: 2007-04-30   19.22 SELL: 2008-08-31   17.92  macd:   -0.02 macd_count:  16 profit:  0.93
Trade --> code: AMAT   BUY: 2011-02-28   16.43 SELL: 2011-08-31   11.32  macd:   -0.12 macd_count:   6 profit:  0.69
Trade --> code: AMAT   BUY: 2013-04-30   14.51 SELL: 2015-10-31   16.77  macd:   -0.15 macd_count:  30 profit:  1.16
Trade --> code: AMAT   BUY: 2016-03-31   21.18 SELL: 2019-02-28   38.34  macd:   -0.15 macd_count:  35 profit:  1.81
Trade --> code: AMAT   BUY: 2019-04-30   44.07 SELL: 2019-05-31   38.69  macd:   -0.15 macd_count:   1 profit:  0.88
Trade --> code: AMAT   BUY: 2019-06-30   44.91 SELL: 2022-12-31   97.38  macd:   -0.27 macd_count:  42 profit:  2.17
Trade --> code: AMAT   BUY: 2023-01-31  111.49 SELL: 2023-09-30  153.99  macd:   10.16 macd_count:   9 profit:  1.38

code: AON      day: macd + hist + hist_1pre + ,  Week: macd + hist + hist_1pre - , Month: macd + hist + hist_1pre + , 
Trade --> code: AON    BUY: 2006-01-31   34.22 SELL: 2009-05-31   36.00  macd:   -0.10 macd_count:  40 profit:  1.05
Trade --> code: AON    BUY: 2010-12-31   46.01 SELL: 2023-09-30  334.34  macd:   17.97 macd_count: 154 profit:  7.27

code: APD      day: macd + hist + hist_1pre + ,  Week: macd + hist + hist_1pre - , Month: macd + hist + hist_1pre + , 
Trade --> code: APD    BUY: 2006-01-31   57.07 SELL: 2008-11-30   44.18  macd:   -1.27 macd_count:  34 profit:  0.77
Trade --> code: APD    BUY: 2009-12-31   74.99 SELL: 2010-02-28   63.44  macd:   -0.07 macd_count:   2 profit:  0.85
Trade --> code: APD    BUY: 2010-04-30   71.03 SELL: 2010-05-31   63.89  macd:   -0.13 macd_count:   1 profit:  0.90
Trade --> code: APD    BUY: 2010-09-30   76.61 SELL: 2012-10-31   71.72  macd:   -0.27 macd_count:  25 profit:  0.94
Trade --> code: APD    BUY: 2013-01-31   80.88 SELL: 2022-07-31  248.23  macd:   -0.59 macd_count: 114 profit:  3.07
Trade --> code: APD    BUY: 2022-11-30  310.16 SELL: 2023-09-30  298.02  macd:    9.14 macd_count:  11 profit:  0.96

code: APPF     day: macd + hist + hist_1pre + ,  Week: macd + hist + hist_1pre - , Month: macd + hist + hist_1pre + , 
Trade --> code: APPF   BUY: 2017-10-31   45.90 SELL: 2022-02-28  113.14  macd:   -0.05 macd_count:  52 profit:  2.46
Trade --> code: APPF   BUY: 2023-04-30  139.62 SELL: 2023-09-30  193.82  macd:   14.76 macd_count:   6 profit:  1.39

code: BMI      day: macd + hist - hist_1pre - ,  Week: macd + hist + hist_1pre - , Month: macd + hist + hist_1pre + , 
Trade --> code: BMI    BUY: 2006-01-31   12.97 SELL: 2009-02-28   12.55  macd:   -0.12 macd_count:  37 profit:  0.97
Trade --> code: BMI    BUY: 2009-05-31   20.31 SELL: 2011-08-31   17.51  macd:   -0.06 macd_count:  27 profit:  0.86
Trade --> code: BMI    BUY: 2012-10-31   21.42 SELL: 2023-09-30  167.63  macd:   17.17 macd_count: 132 profit:  7.83

code: BX       day: macd + hist + hist_1pre + ,  Week: macd + hist + hist_1pre - , Month: macd + hist + hist_1pre + , 
Trade --> code: BX     BUY: 2011-03-31   17.88 SELL: 2012-05-31   12.04  macd:   -0.12 macd_count:  14 profit:  0.67
Trade --> code: BX     BUY: 2012-12-31   15.59 SELL: 2016-03-31   28.05  macd:   -0.22 macd_count:  39 profit:  1.80
Trade --> code: BX     BUY: 2017-06-30   33.35 SELL: 2023-04-30   89.33  macd:   -0.23 macd_count:  70 profit:  2.68
Trade --> code: BX     BUY: 2023-07-31  104.79 SELL: 2023-09-30  104.49  macd:    1.69 macd_count:   3 profit:  1.00

code: CBRE     day: macd + hist + hist_1pre + ,  Week: macd + hist + hist_1pre - , Month: macd + hist + hist_1pre + , 
Trade --> code: CBRE   BUY: 2006-10-31   30.03 SELL: 2008-03-31   21.64  macd:   -0.04 macd_count:  17 profit:  0.72
Trade --> code: CBRE   BUY: 2010-07-31   17.00 SELL: 2012-06-30   16.36  macd:   -0.05 macd_count:  23 profit:  0.96
Trade --> code: CBRE   BUY: 2012-12-31   19.90 SELL: 2016-06-30   26.48  macd:   -0.28 macd_count:  42 profit:  1.33
Trade --> code: CBRE   BUY: 2017-02-28   35.62 SELL: 2023-09-30   86.02  macd:    1.16 macd_count:  80 profit:  2.41

code: CBZ      day: macd + hist + hist_1pre + ,  Week: macd + hist + hist_1pre - , Month: macd + hist + hist_1pre + , 
Trade --> code: CBZ    BUY: 2006-01-31    5.99 SELL: 2009-05-31    7.23  macd:   -0.02 macd_count:  40 profit:  1.21
Trade --> code: CBZ    BUY: 2011-06-30    7.36 SELL: 2011-09-30    6.59  macd:   -0.01 macd_count:   3 profit:  0.90
Trade --> code: CBZ    BUY: 2013-07-31    7.26 SELL: 2023-09-30   56.55  macd:    4.84 macd_count: 123 profit:  7.79

code: CVNA     day: macd + hist + hist_1pre + ,  Week: macd + hist + hist_1pre - , Month: macd - hist + hist_1pre + , 
Trade --> code: CVNA   BUY: 2019-08-31   81.16 SELL: 2022-04-30   57.96  macd:   -2.40 macd_count:  32 profit:  0.71

code: CYBR     day: macd + hist + hist_1pre + ,  Week: macd + hist + hist_1pre - , Month: macd + hist + hist_1pre + , 
Trade --> code: CYBR   BUY: 2017-03-31   50.87 SELL: 2017-07-31   41.68  macd:   -0.29 macd_count:   4 profit:  0.82
Trade --> code: CYBR   BUY: 2018-04-30   54.96 SELL: 2023-09-30  167.86  macd:    5.32 macd_count:  66 profit:  3.05

code: DELL     day: macd + hist + hist_1pre - ,  Week: macd + hist + hist_1pre - , Month: macd + hist + hist_1pre + , 
Trade --> code: DELL   BUY: 2018-12-31   24.77 SELL: 2020-04-30   21.64  macd:   -0.09 macd_count:  16 profit:  0.87
Trade --> code: DELL   BUY: 2020-06-30   27.85 SELL: 2023-02-28   40.64  macd:   -0.18 macd_count:  32 profit:  1.46
Trade --> code: DELL   BUY: 2023-06-30   54.11 SELL: 2023-09-30   68.19  macd:    3.36 macd_count:   4 profit:  1.26

code: DFIN     day: macd + hist + hist_1pre + ,  Week: macd + hist + hist_1pre - , Month: macd + hist + hist_1pre + , 
Trade --> code: DFIN   BUY: 2021-01-31   17.89 SELL: 2023-09-30   49.95  macd:    4.54 macd_count:  33 profit:  2.79

code: DOV      day: macd + hist + hist_1pre + ,  Week: macd + hist + hist_1pre - , Month: macd + hist + hist_1pre + , 
Trade --> code: DOV    BUY: 2006-01-31   30.79 SELL: 2008-02-29   27.83  macd:   -0.16 macd_count:  25 profit:  0.90
Trade --> code: DOV    BUY: 2008-05-31   36.25 SELL: 2008-10-31   21.30  macd:   -0.71 macd_count:   5 profit:  0.59
Trade --> code: DOV    BUY: 2010-03-31   31.34 SELL: 2015-08-31   50.04  macd:   -0.31 macd_count:  65 profit:  1.60
Trade --> code: DOV    BUY: 2016-09-30   59.48 SELL: 2016-10-31   54.03  macd:   -0.08 macd_count:   1 profit:  0.91
Trade --> code: DOV    BUY: 2016-11-30   58.65 SELL: 2023-09-30  148.70  macd:    2.76 macd_count:  83 profit:  2.54

code: FICO     day: macd + hist + hist_1pre + ,  Week: macd + hist + hist_1pre - , Month: macd + hist + hist_1pre + , 
Trade --> code: FICO   BUY: 2006-01-31   44.32 SELL: 2006-09-30   36.57  macd:   -0.06 macd_count:   8 profit:  0.83
Trade --> code: FICO   BUY: 2006-11-30   41.62 SELL: 2007-10-31   37.92  macd:   -0.00 macd_count:  11 profit:  0.91
Trade --> code: FICO   BUY: 2010-09-30   24.66 SELL: 2023-09-30  896.56  macd:  104.72 macd_count: 157 profit: 36.36

code: FOXF     day: macd - hist + hist_1pre + ,  Week: macd + hist + hist_1pre - , Month: macd - hist + hist_1pre + , 
Trade --> code: FOXF   BUY: 2016-07-31   19.19 SELL: 2022-07-31   94.66  macd:   -1.20 macd_count:  72 profit:  4.93

code: GOOG     day: macd + hist + hist_1pre + ,  Week: macd + hist + hist_1pre - , Month: macd + hist + hist_1pre + , 
Trade --> code: GOOG   BUY: 2006-12-31   11.47 SELL: 2008-11-30    7.30  macd:   -0.30 macd_count:  23 profit:  0.64
Trade --> code: GOOG   BUY: 2009-10-31   13.35 SELL: 2022-12-31   88.73  macd:   -0.56 macd_count: 158 profit:  6.64
Trade --> code: GOOG   BUY: 2023-06-30  120.97 SELL: 2023-09-30  136.80  macd:    5.25 macd_count:   4 profit:  1.13

code: GOOGL    day: macd + hist + hist_1pre + ,  Week: macd + hist + hist_1pre - , Month: macd + hist + hist_1pre + , 
Trade --> code: GOOGL  BUY: 2006-12-31   11.52 SELL: 2008-11-30    7.33  macd:   -0.30 macd_count:  23 profit:  0.64
Trade --> code: GOOGL  BUY: 2009-10-31   13.42 SELL: 2022-12-31   88.23  macd:   -0.56 macd_count: 158 profit:  6.58
Trade --> code: GOOGL  BUY: 2023-06-30  119.70 SELL: 2023-09-30  135.66  macd:    5.13 macd_count:   4 profit:  1.13

code: HACK     day: macd + hist + hist_1pre + ,  Week: macd + hist + hist_1pre - , Month: macd - hist + hist_1pre + , 
Trade --> code: HACK   BUY: 2017-05-31   30.33 SELL: 2022-08-31   47.65  macd:   -0.09 macd_count:  63 profit:  1.57

code: HOV      day: macd + hist + hist_1pre + ,  Week: macd + hist + hist_1pre - , Month: macd + hist + hist_1pre + , 
Trade --> code: HOV    BUY: 2006-01-31 1210.50 SELL: 2006-06-30  752.00  macd:  -16.94 macd_count:   5 profit:  0.62
Trade --> code: HOV    BUY: 2012-12-31  175.00 SELL: 2014-09-30   91.75  macd:   -0.84 macd_count:  21 profit:  0.52
Trade --> code: HOV    BUY: 2017-12-31   83.75 SELL: 2018-02-28   54.50  macd:   -0.38 macd_count:   2 profit:  0.65
Trade --> code: HOV    BUY: 2020-11-30   39.93 SELL: 2022-08-31   40.09  macd:   -1.84 macd_count:  21 profit:  1.00
Trade --> code: HOV    BUY: 2023-05-31   83.96 SELL: 2023-09-30  125.35  macd:   11.04 macd_count:   5 profit:  1.49

code: INTC     day: macd + hist + hist_1pre + ,  Week: macd + hist + hist_1pre - , Month: macd - hist + hist_1pre + , 
Trade --> code: INTC   BUY: 2007-09-30   25.86 SELL: 2008-04-30   22.26  macd:   -0.02 macd_count:   7 profit:  0.86
Trade --> code: INTC   BUY: 2008-05-31   23.18 SELL: 2008-06-30   21.48  macd:   -0.09 macd_count:   1 profit:  0.93
Trade --> code: INTC   BUY: 2010-03-31   22.29 SELL: 2013-01-31   21.04  macd:   -0.11 macd_count:  34 profit:  0.94
Trade --> code: INTC   BUY: 2013-06-30   24.23 SELL: 2013-08-31   21.98  macd:   -0.01 macd_count:   2 profit:  0.91
Trade --> code: INTC   BUY: 2013-10-31   24.47 SELL: 2021-11-30   49.20  macd:   -0.06 macd_count:  97 profit:  2.01

code: ITT      day: macd + hist + hist_1pre + ,  Week: macd + hist + hist_1pre - , Month: macd + hist + hist_1pre + , 
Trade --> code: ITT    BUY: 2006-01-31   16.99 SELL: 2008-11-30   13.88  macd:   -0.41 macd_count:  34 profit:  0.82
Trade --> code: ITT    BUY: 2011-02-28   19.21 SELL: 2011-10-31   15.12  macd:   -0.13 macd_count:   8 profit:  0.79
Trade --> code: ITT    BUY: 2011-11-30   20.17 SELL: 2016-01-31   32.45  macd:   -0.15 macd_count:  50 profit:  1.61
Trade --> code: ITT    BUY: 2017-01-31   40.87 SELL: 2022-09-30   65.34  macd:   -0.68 macd_count:  68 profit:  1.60
Trade --> code: ITT    BUY: 2022-12-31   81.10 SELL: 2023-09-30  103.40  macd:    4.80 macd_count:  10 profit:  1.27

code: KAI      day: macd + hist + hist_1pre + ,  Week: macd + hist + hist_1pre - , Month: macd + hist + hist_1pre + , 
Trade --> code: KAI    BUY: 2006-04-30   23.61 SELL: 2008-08-31   23.45  macd:   -0.07 macd_count:  28 profit:  0.99
Trade --> code: KAI    BUY: 2010-10-31   19.66 SELL: 2023-09-30  220.50  macd:   11.30 macd_count: 156 profit: 11.22

code: KNSL     day: macd + hist + hist_1pre + ,  Week: macd + hist + hist_1pre - , Month: macd + hist + hist_1pre + , 
Trade --> code: KNSL   BUY: 2018-11-30   62.21 SELL: 2023-09-30  402.93  macd:   44.88 macd_count:  59 profit:  6.48

code: LSCC     day: macd + hist + hist_1pre + ,  Week: macd + hist + hist_1pre - , Month: macd + hist + hist_1pre + , 
Trade --> code: LSCC   BUY: 2006-11-30    6.79 SELL: 2007-03-31    5.85  macd:   -0.02 macd_count:   4 profit:  0.86
Trade --> code: LSCC   BUY: 2010-04-30    5.26 SELL: 2012-07-31    3.71  macd:   -0.00 macd_count:  27 profit:  0.71
Trade --> code: LSCC   BUY: 2013-11-30    5.57 SELL: 2015-07-31    4.92  macd:   -0.00 macd_count:  20 profit:  0.88
Trade --> code: LSCC   BUY: 2016-09-30    6.49 SELL: 2017-11-30    5.87  macd:   -0.03 macd_count:  14 profit:  0.90
Trade --> code: LSCC   BUY: 2018-07-31    7.69 SELL: 2023-09-30   97.02  macd:   10.95 macd_count:  63 profit: 12.62

code: LULU     day: macd + hist + hist_1pre - ,  Week: macd + hist + hist_1pre - , Month: macd + hist + hist_1pre + , 
Trade --> code: LULU   BUY: 2010-04-30   18.81 SELL: 2014-03-31   52.59  macd:   -0.51 macd_count:  47 profit:  2.80
Trade --> code: LULU   BUY: 2015-03-31   64.02 SELL: 2015-11-30   47.82  macd:   -0.52 macd_count:   8 profit:  0.75
Trade --> code: LULU   BUY: 2016-02-29   62.73 SELL: 2017-04-30   52.00  macd:   -0.16 macd_count:  14 profit:  0.83
Trade --> code: LULU   BUY: 2017-11-30   66.96 SELL: 2023-02-28  309.20  macd:   -0.06 macd_count:  63 profit:  4.62
Trade --> code: LULU   BUY: 2023-03-31  364.19 SELL: 2023-09-30  404.19  macd:   14.28 macd_count:   7 profit:  1.11

code: MEDS     day: macd - hist + hist_1pre + ,  Week: macd + hist + hist_1pre - , Month: macd - hist + hist_1pre + , 
Trade --> code: MEDS   BUY: 2019-08-31   13.50 SELL: 2022-01-31   30.45  macd:   -1.01 macd_count:  29 profit:  2.26

code: MELI     day: macd + hist + hist_1pre + ,  Week: macd + hist + hist_1pre - , Month: macd + hist + hist_1pre + , 
Trade --> code: MELI   BUY: 2010-03-31   48.21 SELL: 2016-02-29  101.76  macd:   -0.45 macd_count:  71 profit:  2.11
Trade --> code: MELI   BUY: 2016-04-30  124.89 SELL: 2022-06-30  636.87  macd:  -35.99 macd_count:  74 profit:  5.10
Trade --> code: MELI   BUY: 2023-04-30 1277.49 SELL: 2023-09-30 1421.64  macd:   53.49 macd_count:   6 profit:  1.11

code: MITK     day: macd + hist - hist_1pre - ,  Week: macd + hist + hist_1pre - , Month: macd - hist + hist_1pre + , 
Trade --> code: MITK   BUY: 2006-03-31    1.65 SELL: 2007-01-31    0.74  macd:   -0.02 macd_count:  10 profit:  0.45
Trade --> code: MITK   BUY: 2009-10-31    1.00 SELL: 2012-10-31    3.19  macd:   -0.13 macd_count:  36 profit:  3.19
Trade --> code: MITK   BUY: 2013-07-31    5.74 SELL: 2014-04-30    3.26  macd:   -0.11 macd_count:   9 profit:  0.57
Trade --> code: MITK   BUY: 2016-02-29    5.17 SELL: 2020-03-31    7.88  macd:   -0.02 macd_count:  49 profit:  1.52
Trade --> code: MITK   BUY: 2020-04-30    9.33 SELL: 2022-06-30    9.24  macd:   -0.28 macd_count:  26 profit:  0.99

code: MU       day: macd + hist + hist_1pre + ,  Week: macd + hist + hist_1pre - , Month: macd + hist + hist_1pre + , 
Trade --> code: MU     BUY: 2006-04-30   16.97 SELL: 2007-03-31   12.08  macd:   -0.16 macd_count:  11 profit:  0.71
Trade --> code: MU     BUY: 2010-01-31    8.72 SELL: 2011-09-30    5.04  macd:   -0.15 macd_count:  20 profit:  0.58
Trade --> code: MU     BUY: 2013-03-31    9.98 SELL: 2015-09-30   14.98  macd:   -0.07 macd_count:  30 profit:  1.50
Trade --> code: MU     BUY: 2017-02-28   23.44 SELL: 2022-09-30   50.10  macd:   -1.01 macd_count:  67 profit:  2.14
Trade --> code: MU     BUY: 2023-09-30   70.39 SELL: 2023-09-30   70.39  macd:    0.32 macd_count:   1 profit:  1.00

code: NUAN     day: macd + hist + hist_1pre + ,  Week: macd + hist + hist_1pre - , Month: macd + hist - hist_1pre - , 
Trade --> code: NUAN   BUY: 2005-11-30    5.38 SELL: 2008-11-30    7.94  macd:   -0.14 macd_count:  36 profit:  1.48
Trade --> code: NUAN   BUY: 2009-12-31   13.44 SELL: 2013-05-31   16.44  macd:   -0.10 macd_count:  41 profit:  1.22
Trade --> code: NUAN   BUY: 2015-11-30   18.11 SELL: 2016-07-31   13.90  macd:   -0.05 macd_count:   8 profit:  0.77
Trade --> code: NUAN   BUY: 2017-05-31   16.01 SELL: 2017-09-30   13.60  macd:   -0.04 macd_count:   4 profit:  0.85
Trade --> code: NUAN   BUY: 2019-04-30   14.56 SELL: 2022-03-31   55.99  macd:    7.14 macd_count:  36 profit:  3.85

code: NVMI     day: macd + hist + hist_1pre + ,  Week: macd + hist + hist_1pre - , Month: macd + hist + hist_1pre + , 
Trade --> code: NVMI   BUY: 2009-11-30    3.92 SELL: 2023-09-30  127.76  macd:    8.44 macd_count: 167 profit: 32.59

code: PH       day: macd + hist + hist_1pre + ,  Week: macd + hist + hist_1pre - , Month: macd + hist + hist_1pre + , 
Trade --> code: PH     BUY: 2006-01-31   50.51 SELL: 2008-10-31   38.77  macd:   -0.08 macd_count:  33 profit:  0.77
Trade --> code: PH     BUY: 2010-03-31   64.74 SELL: 2015-11-30  104.66  macd:   -0.57 macd_count:  68 profit:  1.62
Trade --> code: PH     BUY: 2016-08-31  122.53 SELL: 2023-09-30  422.46  macd:   32.95 macd_count:  86 profit:  3.45

code: PWR      day: macd + hist + hist_1pre + ,  Week: macd + hist + hist_1pre - , Month: macd + hist + hist_1pre + , 
Trade --> code: PWR    BUY: 2006-01-31   13.85 SELL: 2009-02-28   17.60  macd:   -0.40 macd_count:  37 profit:  1.27
Trade --> code: PWR    BUY: 2012-04-30   22.12 SELL: 2015-07-31   27.62  macd:   -0.14 macd_count:  39 profit:  1.25
Trade --> code: PWR    BUY: 2016-11-30   33.72 SELL: 2023-09-30  212.36  macd:   25.49 macd_count:  83 profit:  6.30

code: QRVO     day: macd + hist + hist_1pre + ,  Week: macd + hist + hist_1pre - , Month: macd - hist + hist_1pre + , 
Trade --> code: QRVO   BUY: 2017-05-31   77.95 SELL: 2019-06-30   66.61  macd:   -0.23 macd_count:  25 profit:  0.85
Trade --> code: QRVO   BUY: 2019-07-31   73.29 SELL: 2022-06-30   94.32  macd:   -3.39 macd_count:  35 profit:  1.29

code: QTWO     day: macd + hist + hist_1pre + ,  Week: macd + hist + hist_1pre - , Month: macd - hist + hist_1pre + , 
Trade --> code: QTWO   BUY: 2016-07-31   29.68 SELL: 2022-01-31   65.25  macd:   -1.29 macd_count:  66 profit:  2.20

code: RBA      day: macd + hist + hist_1pre + ,  Week: macd + hist + hist_1pre - , Month: macd + hist + hist_1pre - , 
Trade --> code: RBA    BUY: 2006-01-31   14.98 SELL: 2009-02-28   15.05  macd:   -0.28 macd_count:  37 profit:  1.00
Trade --> code: RBA    BUY: 2009-06-30   23.45 SELL: 2010-05-31   20.38  macd:   -0.01 macd_count:  11 profit:  0.87
Trade --> code: RBA    BUY: 2011-01-31   24.93 SELL: 2012-04-30   21.13  macd:   -0.03 macd_count:  15 profit:  0.85
Trade --> code: RBA    BUY: 2014-03-31   24.13 SELL: 2023-05-31   52.08  macd:   -0.03 macd_count: 110 profit:  2.16
Trade --> code: RBA    BUY: 2023-06-30   60.00 SELL: 2023-09-30   62.40  macd:    0.69 macd_count:   4 profit:  1.04

code: RCII     day: macd + hist + hist_1pre + ,  Week: macd + hist + hist_1pre - , Month: macd - hist + hist_1pre + , 
Trade --> code: RCII   BUY: 2006-10-31   28.76 SELL: 2007-07-31   19.41  macd:   -0.10 macd_count:   9 profit:  0.67
Trade --> code: RCII   BUY: 2010-03-31   23.65 SELL: 2014-01-31   24.94  macd:   -0.00 macd_count:  46 profit:  1.05
Trade --> code: RCII   BUY: 2018-12-31   16.19 SELL: 2022-05-31   27.54  macd:   -0.82 macd_count:  41 profit:  1.70

code: ROP      day: macd + hist + hist_1pre + ,  Week: macd + hist + hist_1pre - , Month: macd + hist + hist_1pre + , 
Trade --> code: ROP    BUY: 2006-01-31   40.35 SELL: 2008-12-31   43.41  macd:   -0.39 macd_count:  35 profit:  1.08
Trade --> code: ROP    BUY: 2010-03-31   57.84 SELL: 2023-09-30  499.54  macd:   15.96 macd_count: 163 profit:  8.64

code: SGEN     day: macd + hist + hist_1pre + ,  Week: macd + hist + hist_1pre - , Month: macd + hist + hist_1pre + , 
Trade --> code: SGEN   BUY: 2007-02-28    7.80 SELL: 2016-04-30   35.48  macd:   -0.09 macd_count: 110 profit:  4.55
Trade --> code: SGEN   BUY: 2016-05-31   40.43 SELL: 2022-11-30  121.39  macd:   -0.53 macd_count:  78 profit:  3.00
Trade --> code: SGEN   BUY: 2023-02-28  179.69 SELL: 2023-09-30  207.91  macd:   14.04 macd_count:   8 profit:  1.16

code: SKY      day: macd + hist + hist_1pre + ,  Week: macd + hist + hist_1pre - , Month: macd + hist + hist_1pre + , 
Trade --> code: SKY    BUY: 2006-01-31   40.86 SELL: 2007-02-28   34.22  macd:   -0.17 macd_count:  13 profit:  0.84
Trade --> code: SKY    BUY: 2016-03-31    9.26 SELL: 2023-09-30   73.27  macd:    5.04 macd_count:  91 profit:  7.91

code: SMTC     day: macd - hist + hist_1pre + ,  Week: macd + hist + hist_1pre - , Month: macd - hist + hist_1pre - , 
Trade --> code: SMTC   BUY: 2009-07-31   18.40 SELL: 2014-04-30   23.98  macd:   -0.27 macd_count:  57 profit:  1.30
Trade --> code: SMTC   BUY: 2016-09-30   27.73 SELL: 2022-08-31   46.19  macd:   -0.42 macd_count:  71 profit:  1.67

code: SSD      day: macd + hist + hist_1pre - ,  Week: macd + hist + hist_1pre - , Month: macd + hist + hist_1pre + , 
Trade --> code: SSD    BUY: 2006-01-31   38.69 SELL: 2006-11-30   30.97  macd:   -0.07 macd_count:  10 profit:  0.80
Trade --> code: SSD    BUY: 2007-02-28   33.22 SELL: 2007-03-31   30.84  macd:   -0.11 macd_count:   1 profit:  0.93
Trade --> code: SSD    BUY: 2007-06-30   33.74 SELL: 2007-10-31   29.99  macd:   -0.10 macd_count:   4 profit:  0.89
Trade --> code: SSD    BUY: 2010-04-30   33.99 SELL: 2010-08-31   22.04  macd:   -0.04 macd_count:   4 profit:  0.65
Trade --> code: SSD    BUY: 2010-10-31   26.58 SELL: 2022-10-31   85.48  macd:   -0.41 macd_count: 144 profit:  3.22
Trade --> code: SSD    BUY: 2023-02-28  107.86 SELL: 2023-09-30  163.18  macd:   12.72 macd_count:   8 profit:  1.51

code: TPX      day: macd + hist + hist_1pre + ,  Week: macd + hist + hist_1pre - , Month: macd + hist + hist_1pre + , 
Trade --> code: TPX    BUY: 2006-09-30    4.29 SELL: 2008-04-30    2.78  macd:   -0.10 macd_count:  19 profit:  0.65
Trade --> code: TPX    BUY: 2009-11-30    5.39 SELL: 2012-09-30    7.47  macd:   -0.30 macd_count:  34 profit:  1.39
Trade --> code: TPX    BUY: 2013-12-31   13.49 SELL: 2017-01-31   10.75  macd:   -0.09 macd_count:  37 profit:  0.80
Trade --> code: TPX    BUY: 2017-12-31   15.67 SELL: 2018-02-28   12.36  macd:   -0.13 macd_count:   2 profit:  0.79
Trade --> code: TPX    BUY: 2019-05-31   15.95 SELL: 2022-08-31   25.01  macd:   -0.16 macd_count:  39 profit:  1.57
Trade --> code: TPX    BUY: 2023-01-31   40.75 SELL: 2023-09-30   47.09  macd:    3.37 macd_count:   9 profit:  1.16

code: TRMB     day: macd + hist + hist_1pre + ,  Week: macd + hist + hist_1pre - , Month: macd - hist + hist_1pre - , 
Trade --> code: TRMB   BUY: 2006-01-31   10.01 SELL: 2008-11-30   10.18  macd:   -0.02 macd_count:  34 profit:  1.02
Trade --> code: TRMB   BUY: 2010-04-30   16.35 SELL: 2015-01-31   23.84  macd:   -0.01 macd_count:  57 profit:  1.46
Trade --> code: TRMB   BUY: 2016-10-31   27.64 SELL: 2022-10-31   60.16  macd:   -0.03 macd_count:  72 profit:  2.18

code: TWLO     day: macd + hist + hist_1pre + ,  Week: macd + hist + hist_1pre - , Month: macd - hist + hist_1pre + , 
Trade --> code: TWLO   BUY: 2018-10-31   75.22 SELL: 2022-04-30  111.82  macd:   -8.43 macd_count:  42 profit:  1.49

code: UFPI     day: macd + hist + hist_1pre + ,  Week: macd + hist + hist_1pre - , Month: macd + hist + hist_1pre + , 
Trade --> code: UFPI   BUY: 2006-01-31   19.09 SELL: 2007-07-31   13.19  macd:   -0.19 macd_count:  18 profit:  0.69
Trade --> code: UFPI   BUY: 2009-09-30   13.15 SELL: 2010-08-31    8.64  macd:   -0.20 macd_count:  11 profit:  0.66
Trade --> code: UFPI   BUY: 2011-03-31   12.22 SELL: 2011-04-30   10.76  macd:   -0.01 macd_count:   1 profit:  0.88
Trade --> code: UFPI   BUY: 2012-05-31   12.55 SELL: 2019-01-31   30.82  macd:   -0.02 macd_count:  80 profit:  2.46
Trade --> code: UFPI   BUY: 2019-04-30   36.95 SELL: 2023-09-30  107.31  macd:    7.31 macd_count:  54 profit:  2.90

code: URI      day: macd + hist + hist_1pre + ,  Week: macd + hist + hist_1pre - , Month: macd + hist + hist_1pre + , 
Trade --> code: URI    BUY: 2006-01-31   29.31 SELL: 2008-01-31   18.23  macd:   -0.13 macd_count:  24 profit:  0.62
Trade --> code: URI    BUY: 2010-10-31   18.79 SELL: 2015-10-31   74.86  macd:   -0.09 macd_count:  60 profit:  3.98
Trade --> code: URI    BUY: 2016-11-30  101.11 SELL: 2019-05-31  110.10  macd:   -0.26 macd_count:  30 profit:  1.09
Trade --> code: URI    BUY: 2019-11-30  153.05 SELL: 2020-03-31  102.90  macd:   -0.07 macd_count:   4 profit:  0.67
Trade --> code: URI    BUY: 2020-05-31  138.89 SELL: 2023-09-30  491.17  macd:   43.27 macd_count:  41 profit:  3.54

code: VCTR     day: macd + hist + hist_1pre + ,  Week: macd + hist + hist_1pre - , Month: macd + hist + hist_1pre + , 
Trade --> code: VCTR   BUY: 2020-06-30   17.19 SELL: 2023-09-30   34.29  macd:    1.63 macd_count:  40 profit:  1.99

code: VEEV     day: macd + hist + hist_1pre + ,  Week: macd + hist + hist_1pre - , Month: macd - hist + hist_1pre + , 
Trade --> code: VEEV   BUY: 2016-06-30   34.12 SELL: 2022-05-31  170.26  macd:   -2.08 macd_count:  71 profit:  4.99

code: VRSK     day: macd + hist + hist_1pre + ,  Week: macd + hist + hist_1pre - , Month: macd + hist + hist_1pre + , 
Trade --> code: VRSK   BUY: 2012-02-29   43.50 SELL: 2023-02-28  171.11  macd:   -0.57 macd_count: 132 profit:  3.93
Trade --> code: VRSK   BUY: 2023-03-31  191.86 SELL: 2023-09-30  242.84  macd:   11.85 macd_count:   7 profit:  1.27

code: WDAY     day: macd + hist + hist_1pre + ,  Week: macd + hist + hist_1pre - , Month: macd + hist + hist_1pre + , 
Trade --> code: WDAY   BUY: 2015-02-28   85.50 SELL: 2016-02-29   60.45  macd:   -1.04 macd_count:  12 profit:  0.71
Trade --> code: WDAY   BUY: 2016-07-31   83.34 SELL: 2022-06-30  139.58  macd:   -3.27 macd_count:  71 profit:  1.67
Trade --> code: WDAY   BUY: 2023-07-31  237.13 SELL: 2023-09-30  248.49  macd:    6.44 macd_count:   3 profit:  1.05

code: WINA     day: macd + hist + hist_1pre + ,  Week: macd + hist + hist_1pre - , Month: macd + hist + hist_1pre + , 
Trade --> code: WINA   BUY: 2006-03-31   23.50 SELL: 2006-12-31   20.19  macd:   -0.03 macd_count:   9 profit:  0.86
Trade --> code: WINA   BUY: 2009-10-31   21.13 SELL: 2023-09-30  382.86  macd:   39.84 macd_count: 168 profit: 18.12

code: WK       day: macd + hist + hist_1pre + ,  Week: macd + hist + hist_1pre - , Month: macd + hist + hist_1pre + , 
Trade --> code: WK     BUY: 2017-04-30   16.80 SELL: 2022-09-30   77.80  macd:   -0.84 macd_count:  65 profit:  4.63
Trade --> code: WK     BUY: 2023-04-30   93.42 SELL: 2023-09-30  110.38  macd:    4.09 macd_count:   6 profit:  1.18

code: WMS      day: macd + hist + hist_1pre - ,  Week: macd + hist + hist_1pre - , Month: macd + hist + hist_1pre + , 
Trade --> code: WMS    BUY: 2018-03-31   25.90 SELL: 2023-05-31   96.77  macd:   -0.12 macd_count:  62 profit:  3.74
Trade --> code: WMS    BUY: 2023-06-30  113.78 SELL: 2023-09-30  130.25  macd:    5.46 macd_count:   4 profit:  1.14

code: ZS       day: macd + hist + hist_1pre + ,  Week: macd + hist + hist_1pre - , Month: macd - hist + hist_1pre + , 
Trade --> code: ZS     BUY: 2020-07-31  129.85 SELL: 2022-10-31  154.10  macd:   -0.05 macd_count:  27 profit:  1.19

