Sat Sep  9 13:50:18 UTC 2023
arg[0]: scraping/yahoo-finace-api2.py, arg[1]: stock-code-list/buy-list.txt
===========================
scraping
===========================
START:  AAPL
END:    0.38030099868774414
-
START:  EL
END:    0.79648756980896
-
START:  NEE
END:    1.146803379058838
-
START:  AMD
END:    1.449253797531128
-
START:  APH
END:    1.8026902675628662
-
START:  XLP
END:    2.1236300468444824
-
START:  SPXL
END:    2.4364469051361084
-
START:  KEYS
END:    2.6244444847106934
-
START:  VDC
END:    2.9573328495025635
-
START:  SPTM
END:    3.3268182277679443
-
START:  SPLG
END:    3.6113173961639404
-
START:  CROX
END:    3.887600898742676
-
START:  AXON
END:    4.173270225524902
-
START:  AWR
END:    4.515406370162964
-
START:  FN
END:    4.72979998588562
-
START:  NXST
END:    5.095396280288696
-
START:  TREX
END:    5.455739498138428
-
START:  RGEN
END:    5.759458780288696
-
START:  EXPO
END:    6.0799641609191895
-
START:  BCPC
END:    7.456037521362305
-
START:  SOXL
END:    7.715542793273926
-
START:  TECL
END:    8.021085262298584
-
START:  NEO
END:    8.338874816894531
-
START:  NVMI
END:    8.638421297073364
-
START:  NVDA
END:    8.970309734344482
-
START:  BBDC
END:    9.283121109008789
-
START:  APPS
END:    9.523998260498047
-
START:  ROK
END:    9.881608963012695
-
START:  NHTC
END:    11.239012479782104
-
START:  ZYXI
END:    11.54102349281311
-
START:  LIT
END:    11.779016733169556
-
START:  LLY
END:    12.15186095237732
-
START:  GTLB
END:    12.250938415527344
-
START:  MCD
END:    12.62535309791565
-
START:  MSI
END:    13.069546937942505
-
START:  HCP
END:    14.201204776763916
-
START:  ON
END:    14.538511276245117
-
===========================
MACD sell
===========================
START:  AAPL
START:  EL
START:  NEE
START:  AMD
START:  APH
START:  XLP
START:  SPXL
START:  KEYS
START:  VDC
START:  SPTM
START:  SPLG
START:  CROX
START:  AXON
START:  AWR
START:  FN
START:  NXST
START:  TREX
START:  RGEN
START:  EXPO
START:  BCPC
START:  SOXL
START:  TECL
START:  NEO
START:  NVMI
START:  NVDA
START:  BBDC
START:  APPS
START:  ROK
START:  NHTC
START:  ZYXI
START:  LIT
START:  LLY
START:  GTLB
START:  MCD
START:  MSI
START:  HCP
START:  ON
==== MACD list ====
code: AAPL     day: macd - hist + ,  Week: macd + hist - , Month: macd + hist + , 
code: EL       day: macd - hist + ,  Week: macd - hist - , Month: macd - hist - , 
code: NEE      day: macd - hist + ,  Week: macd - hist - , Month: macd - hist - , 
code: AMD      day: macd - hist + ,  Week: macd + hist - , Month: macd + hist + , 
code: APH      day: macd + hist - ,  Week: macd + hist - , Month: macd + hist + , 
code: XLP      day: macd - hist - ,  Week: macd - hist - , Month: macd + hist - , 
code: SPXL     day: macd - hist + ,  Week: macd + hist - , Month: macd + hist + , 
code: KEYS     day: macd - hist + ,  Week: macd - hist - , Month: macd + hist - , 
code: VDC      day: macd - hist - ,  Week: macd - hist - , Month: macd + hist - , 
code: SPTM     day: macd + hist + ,  Week: macd + hist - , Month: macd + hist + , 
code: SPLG     day: macd + hist + ,  Week: macd + hist - , Month: macd + hist + , 
code: CROX     day: macd - hist + ,  Week: macd - hist - , Month: macd + hist - , 
code: AXON     day: macd + hist + ,  Week: macd + hist + , Month: macd + hist + , 
code: AWR      day: macd - hist - ,  Week: macd - hist - , Month: macd + hist - , 
code: FN       day: macd + hist - ,  Week: macd + hist + , Month: macd + hist + , 
code: NXST     day: macd - hist - ,  Week: macd - hist - , Month: macd + hist - , 
code: TREX     day: macd - hist - ,  Week: macd + hist - , Month: macd - hist + , 
code: RGEN     day: macd + hist - ,  Week: macd + hist + , Month: macd - hist - , 
code: EXPO     day: macd - hist + ,  Week: macd - hist - , Month: macd - hist - , 
code: BCPC     day: macd - hist - ,  Week: macd + hist - , Month: macd + hist - , 
code: SOXL     day: macd - hist + ,  Week: macd + hist - , Month: macd - hist + , 
code: TECL     day: macd + hist + ,  Week: macd + hist - , Month: macd + hist + , 
code: NEO      day: macd - hist + ,  Week: macd - hist - , Month: macd - hist + , 
code: NVMI     day: macd + hist - ,  Week: macd + hist - , Month: macd + hist + , 
code: NVDA     day: macd + hist - ,  Week: macd + hist - , Month: macd + hist + , 
code: BBDC     day: macd + hist - ,  Week: macd + hist + , Month: macd - hist + , 
code: APPS     day: macd - hist - ,  Week: macd - hist - , Month: macd - hist - , 
code: ROK      day: macd - hist + ,  Week: macd + hist - , Month: macd + hist + , 
code: NHTC     day: macd - hist + ,  Week: macd + hist - , Month: macd - hist + , 
code: ZYXI     day: macd - hist - ,  Week: macd - hist - , Month: macd - hist - , 
code: LIT      day: macd - hist + ,  Week: macd - hist - , Month: macd - hist - , 
code: LLY      day: macd + hist - ,  Week: macd + hist + , Month: macd + hist + , 
code: GTLB     day: macd + hist + ,  Week: macd + hist + , Month: macd + hist + , 
code: MCD      day: macd - hist - ,  Week: macd - hist - , Month: macd + hist - , 
code: MSI      day: macd - hist + ,  Week: macd + hist - , Month: macd + hist - , 
code: HCP      day: macd - hist - ,  Week: macd - hist - , Month: macd + hist + , 
code: ON       day: macd + hist + ,  Week: macd + hist - , Month: macd + hist + , 
==== MACD sell list ====
code: AAPL     day: macd - hist + ,  Week: macd + hist - , 
code: EL       day: macd - hist + ,  Week: macd - hist - , 
code: EL       day: macd - hist + ,  Week: macd - hist - , Month: macd - hist - , 
code: NEE      day: macd - hist + ,  Week: macd - hist - , 
code: NEE      day: macd - hist + ,  Week: macd - hist - , Month: macd - hist - , 
code: AMD      day: macd - hist + ,  Week: macd + hist - , 
code: APH      day: macd + hist - , 
code: APH      day: macd + hist - ,  Week: macd + hist - , 
code: XLP      day: macd - hist - , 
code: XLP      day: macd - hist - ,  Week: macd - hist - , 
code: XLP      day: macd - hist - ,  Week: macd - hist - , Month: macd + hist - , 
code: SPXL     day: macd - hist + ,  Week: macd + hist - , 
code: KEYS     day: macd - hist + ,  Week: macd - hist - , 
code: KEYS     day: macd - hist + ,  Week: macd - hist - , Month: macd + hist - , 
code: VDC      day: macd - hist - , 
code: VDC      day: macd - hist - ,  Week: macd - hist - , 
code: VDC      day: macd - hist - ,  Week: macd - hist - , Month: macd + hist - , 
code: SPTM     day: macd + hist + ,  Week: macd + hist - , 
code: SPLG     day: macd + hist + ,  Week: macd + hist - , 
code: CROX     day: macd - hist + ,  Week: macd - hist - , 
code: CROX     day: macd - hist + ,  Week: macd - hist - , Month: macd + hist - , 
code: AWR      day: macd - hist - , 
code: AWR      day: macd - hist - ,  Week: macd - hist - , 
code: AWR      day: macd - hist - ,  Week: macd - hist - , Month: macd + hist - , 
code: FN       day: macd + hist - , 
code: NXST     day: macd - hist - , 
code: NXST     day: macd - hist - ,  Week: macd - hist - , 
code: NXST     day: macd - hist - ,  Week: macd - hist - , Month: macd + hist - , 
code: TREX     day: macd - hist - , 
code: TREX     day: macd - hist - ,  Week: macd + hist - , 
code: RGEN     day: macd + hist - , 
code: RGEN     day: macd + hist - ,  Week: macd + hist + , Month: macd - hist - , 
code: EXPO     day: macd - hist + ,  Week: macd - hist - , 
code: EXPO     day: macd - hist + ,  Week: macd - hist - , Month: macd - hist - , 
code: BCPC     day: macd - hist - , 
code: BCPC     day: macd - hist - ,  Week: macd + hist - , 
code: BCPC     day: macd - hist - ,  Week: macd + hist - , Month: macd + hist - , 
code: SOXL     day: macd - hist + ,  Week: macd + hist - , 
code: TECL     day: macd + hist + ,  Week: macd + hist - , 
code: NEO      day: macd - hist + ,  Week: macd - hist - , 
code: NVMI     day: macd + hist - , 
code: NVMI     day: macd + hist - ,  Week: macd + hist - , 
code: NVDA     day: macd + hist - , 
code: NVDA     day: macd + hist - ,  Week: macd + hist - , 
code: BBDC     day: macd + hist - , 
code: APPS     day: macd - hist - , 
code: APPS     day: macd - hist - ,  Week: macd - hist - , 
code: APPS     day: macd - hist - ,  Week: macd - hist - , Month: macd - hist - , 
code: ROK      day: macd - hist + ,  Week: macd + hist - , 
code: NHTC     day: macd - hist + ,  Week: macd + hist - , 
code: ZYXI     day: macd - hist - , 
code: ZYXI     day: macd - hist - ,  Week: macd - hist - , 
code: ZYXI     day: macd - hist - ,  Week: macd - hist - , Month: macd - hist - , 
code: LIT      day: macd - hist + ,  Week: macd - hist - , 
code: LIT      day: macd - hist + ,  Week: macd - hist - , Month: macd - hist - , 
code: LLY      day: macd + hist - , 
code: MCD      day: macd - hist - , 
code: MCD      day: macd - hist - ,  Week: macd - hist - , 
code: MCD      day: macd - hist - ,  Week: macd - hist - , Month: macd + hist - , 
code: MSI      day: macd - hist + ,  Week: macd + hist - , 
code: MSI      day: macd - hist + ,  Week: macd + hist - , Month: macd + hist - , 
code: HCP      day: macd - hist - , 
code: HCP      day: macd - hist - ,  Week: macd - hist - , 
code: ON       day: macd + hist + ,  Week: macd + hist - , 
===========================
profit
===========================
==== plus ====
VDC  , macd -, macd hist -, profit:     [0.], per:     [0.], now: [189.53], buy: [189.53]
AXON , macd +, macd hist +, profit:  [76.56], per:  [55.42], now: [214.71], buy: [138.15]
FN   , macd +, macd hist -, profit:  [34.86], per:  [29.83], now: [151.72], buy: [116.86]
NVMI , macd +, macd hist -, profit:   [4.59], per:     [4.], now: [119.24], buy: [114.65]
NVDA , macd +, macd hist -, profit: [200.05], per:  [78.25], now: [455.72], buy: [255.67]
ZYXI , macd -, macd hist -, profit:   [1.03], per:  [16.19], now:   [7.39], buy:   [6.36]
LLY  , macd +, macd hist -, profit: [315.46], per: [116.41], now: [586.46], buy:   [271.]
MCD  , macd -, macd hist -, profit:  [25.76], per:  [10.16], now: [279.22], buy: [253.46]
MSI  , macd -, macd hist +, profit:  [31.09], per:  [12.37], now:  [282.5], buy: [251.41]
ON   , macd +, macd hist +, profit:  [38.06], per:  [63.58], now:  [97.92], buy:  [59.86]
-
     plus  len:  10
     profit: [727.46], per: [386.21], per/len(p):  [38.62], per/len(p+m):  [10.44]
-
==== minus ====
AAPL , macd -, macd hist +, profit:       [], per:       [], now: [178.18], buy:       []
EL   , macd -, macd hist +, profit: [-185.75], per: [-54.67], now:   [154.], buy: [339.75]
NEE  , macd -, macd hist +, profit:  [-18.5], per: [-21.68], now:  [66.83], buy:  [85.33]
AMD  , macd -, macd hist +, profit: [-14.14], per: [-11.76], now: [106.09], buy: [120.23]
APH  , macd +, macd hist -, profit:       [], per:       [], now:  [85.89], buy:       []
XLP  , macd -, macd hist -, profit:  [-0.88], per:  [-1.21], now:   [71.7], buy:  [72.58]
SPXL , macd -, macd hist +, profit: [-41.51], per: [-31.87], now:  [88.72], buy: [130.23]
KEYS , macd -, macd hist +, profit: [-53.76], per: [-28.89], now:  [132.3], buy: [186.06]
SPTM , macd +, macd hist +, profit:  [-1.94], per:  [-3.43], now:  [54.64], buy:  [56.58]
SPLG , macd +, macd hist +, profit:  [-1.59], per:  [-2.94], now:   [52.4], buy:  [53.99]
CROX , macd -, macd hist +, profit: [-84.05], per: [-47.37], now:  [93.37], buy: [177.42]
AWR  , macd -, macd hist -, profit:       [], per:       [], now:  [82.44], buy:       []
NXST , macd -, macd hist -, profit: [-28.57], per: [-17.58], now: [133.93], buy:  [162.5]
TREX , macd -, macd hist -, profit:  [-2.67], per:  [-3.81], now:  [67.33], buy:    [70.]
RGEN , macd +, macd hist -, profit: [-18.24], per: [-10.15], now: [161.42], buy: [179.66]
EXPO , macd -, macd hist +, profit: [-12.81], per: [-12.67], now:   [88.3], buy: [101.11]
BCPC , macd -, macd hist -, profit:  [-5.45], per:  [-3.98], now: [131.63], buy: [137.08]
SOXL , macd -, macd hist +, profit: [-20.59], per: [-48.92], now:   [21.5], buy:  [42.09]
TECL , macd +, macd hist +, profit:  [-9.91], per: [-16.32], now:  [50.83], buy:  [60.74]
NEO  , macd -, macd hist +, profit:  [-4.25], per: [-23.82], now:  [13.59], buy:  [17.84]
BBDC , macd +, macd hist -, profit:   [-1.7], per: [-16.04], now:    [8.9], buy:   [10.6]
APPS , macd -, macd hist -, profit: [-36.24], per: [-82.99], now:   [7.43], buy:  [43.67]
ROK  , macd -, macd hist +, profit: [-45.03], per: [-13.17], now: [296.86], buy: [341.89]
NHTC , macd -, macd hist +, profit:  [-1.95], per:  [-27.2], now:   [5.22], buy:   [7.17]
LIT  , macd -, macd hist +, profit: [-34.74], per:  [-37.8], now:  [57.17], buy:  [91.91]
GTLB , macd +, macd hist +, profit:  [-0.41], per:  [-0.78], now:  [52.35], buy:  [52.76]
HCP  , macd -, macd hist -, profit: [-28.39], per: [-52.28], now:  [25.91], buy:   [54.3]
-
     minus len:  27
     profit:       [], per:       [], per/len(m):       [], per/len(p+m):       []
-
==== total ====
     profit:       [], per:       [], per/len(p+m):       []
arg[0]: scraping/yahoo-finace-api2.py, arg[1]: stock-code-list/up-month.txt
===========================
scraping
===========================
START:  A
END:    0.38126182556152344
-
START:  AAON
END:    0.7177755832672119
-
START:  AAPL
END:    1.0828688144683838
-
START:  ABG
END:    1.38521146774292
-
START:  ABT
END:    1.730736494064331
-
START:  ACLS
END:    2.027095317840576
-
START:  ACMR
END:    2.168672800064087
-
START:  ACN
END:    2.5218887329101562
-
START:  ADBE
END:    2.8957719802856445
-
START:  ADI
END:    3.269904136657715
-
START:  ADP
END:    3.649843454360962
-
START:  ADSK
END:    3.9566564559936523
-
START:  ADUS
END:    4.206213474273682
-
START:  AEE
END:    4.558504581451416
-
START:  AGYS
END:    4.888432025909424
-
START:  AIZ
END:    5.217485189437866
-
START:  AJG
END:    5.578583717346191
-
START:  AJRD
END:    5.903295516967773
-
START:  ALB
END:    7.284020185470581
-
START:  ALG
END:    7.649384260177612
-
START:  ALGN
END:    7.970255374908447
-
START:  ALLE
END:    8.185314416885376
-
START:  ALTR
END:    8.316685914993286
-
START:  AMAT
END:    8.643775939941406
-
START:  AMBA
END:    8.855614423751831
-
START:  AMD
END:    9.150991678237915
-
START:  AME
END:    9.524320840835571
-
START:  AMED
END:    9.818237781524658
-
START:  AMEH
END:    10.039371252059937
-
START:  AMGN
END:    11.377925157546997
-
START:  AMN
END:    11.66032099723816
-
START:  AMP
END:    12.974020957946777
-
START:  AMRC
END:    14.204340934753418
-
START:  AMSWA
END:    14.54181718826294
-
START:  AMTX
END:    14.808601140975952
-
START:  AMZN
END:    15.126783847808838
-
START:  AN
END:    15.488201379776001
-
START:  ANSS
END:    15.795685529708862
-
START:  ANTM
Not Found: No data found, symbol may be delisted
START:  AON
END:    16.19993758201599
-
START:  AOSL
END:    16.4047749042511
-
START:  APD
END:    16.76763129234314
-
START:  APH
END:    17.107497215270996
-
START:  APPF
END:    18.306598663330078
-
START:  APPN
END:    18.467010021209717
-
START:  APPS
END:    18.72886824607849
-
START:  AQN
END:    20.013853073120117
-
START:  ARCB
END:    21.352028369903564
-
START:  ARCT
END:    21.53951668739319
-
START:  ARES
END:    21.792306661605835
-
START:  ARGX
END:    21.950730562210083
-
START:  ARWR
END:    23.25495409965515
-
START:  ASML
END:    23.577093601226807
-
START:  ASPN
END:    23.75538468360901
-
START:  ATEC
END:    24.023756504058838
-
START:  ATEN
END:    24.19699001312256
-
START:  ATKR
END:    24.34687852859497
-
START:  ATOM
END:    24.50943374633789
-
START:  ATR
END:    24.83619713783264
-
START:  ATRC
END:    25.136068105697632
-
START:  AUDC
END:    25.442907333374023
-
START:  AUPH
END:    26.66099762916565
-
START:  AVAV
END:    27.939687252044678
-
START:  AVGO
END:    28.1858172416687
-
START:  AVID
END:    28.49869203567505
-
START:  AVNW
END:    28.78455376625061
-
START:  AVXL
END:    29.04252791404724
-
START:  AVY
END:    30.443326473236084
-
START:  AWK
END:    30.720271825790405
-
START:  AWR
END:    31.116772651672363
-
START:  AXON
END:    31.420350551605225
-
START:  AZO
END:    31.727561473846436
-
START:  AZPN
END:    32.00879740715027
-
START:  BAH
END:    32.24628281593323
-
START:  BAM
END:    32.431406021118164
-
START:  BAX
END:    32.850247383117676
-
START:  BBH
END:    33.19231057167053
-
START:  BBQ
END:    33.54424786567688
-
START:  BBY
END:    34.90502715110779
-
START:  BCPC
END:    35.269527435302734
-
START:  BDX
END:    35.62811779975891
-
START:  BEEM
END:    35.867697954177856
-
START:  BFAM
END:    36.06908559799194
-
START:  BFC
END:    36.37542963027954
-
START:  BGFV
END:    37.735281229019165
-
START:  BGNE
END:    37.91048002243042
-
START:  BHVN
END:    38.04098606109619
-
START:  BIO
END:    39.4060423374176
-
START:  BL
END:    39.565290451049805
-
START:  BLD
END:    39.75225782394409
-
START:  BLDP
END:    40.08080792427063
-
START:  BLDR
END:    40.38874340057373
-
START:  BLFS
END:    41.73517465591431
-
START:  BLK
END:    42.05224061012268
-
START:  BLL
Not Found: No data found, symbol may be delisted
START:  BLNK
END:    42.34130096435547
-
START:  BMI
END:    42.68599033355713
-
START:  BOOT
END:    42.87254095077515
-
START:  BOTZ
END:    43.0343713760376
-
START:  BR
END:    44.33787536621094
-
START:  BRKR
END:    44.638245820999146
-
START:  BRKS
Not Found: No data found, symbol may be delisted
START:  BRO
END:    45.06344413757324
-
START:  BURL
END:    45.26538133621216
-
START:  BX
END:    45.61231088638306
-
START:  CABO
END:    46.81200575828552
-
START:  CACI
END:    47.12661576271057
-
START:  CALX
END:    47.33970308303833
-
START:  CAMT
END:    48.656261682510376
-
START:  CAR
END:    49.052772998809814
-
START:  CBRE
END:    49.35011386871338
-
START:  CBSH
END:    49.73079252243042
-
START:  CBZ
END:    51.06865882873535
-
START:  CCOI
END:    51.377755641937256
-
START:  CCS
END:    51.56402778625488
-
START:  CDMO
END:    51.8832528591156
-
START:  CDNA
END:    52.153510332107544
-
START:  CDNS
END:    52.445011138916016
-
START:  CDW
END:    52.659483432769775
-
START:  CELH
END:    53.950101137161255
-
START:  CGNX
END:    54.271496534347534
-
START:  CHD
END:    55.625181913375854
-
START:  CHDN
END:    55.98261737823486
-
START:  CHE
END:    56.35035848617554
-
START:  CHGG
END:    56.57094883918762
-
START:  CHH
END:    56.90152835845947
-
START:  CHKP
END:    58.21785092353821
-
START:  CHTR
END:    58.43183612823486
-
START:  CIEN
END:    58.73267722129822
-
START:  CLAR
END:    59.05968260765076
-
START:  CLFD
END:    59.34163737297058
-
START:  CLGN
END:    60.55429148674011
-
START:  CLNE
END:    60.82087564468384
-
START:  CLPT
END:    61.00794196128845
-
START:  CLX
END:    62.416240215301514
-
START:  CMCSA
END:    63.785637617111206
-
START:  CMG
END:    65.08070659637451
-
START:  CMS
END:    65.47899317741394
-
START:  CNC
END:    65.79384136199951
-
START:  CNI
END:    66.16902089118958
-
START:  CNMD
END:    67.52525758743286
-
START:  CNS
END:    67.88442707061768
-
START:  CNXN
END:    68.17495894432068
-
START:  COO
END:    68.58766531944275
-
START:  COST
END:    68.91747403144836
-
START:  COUP
Not Found: No data found, symbol may be delisted
START:  COWN
Not Found: No data found, symbol may be delisted
START:  CP
END:    70.4101071357727
-
START:  CPK
END:    70.74436020851135
-
START:  CPRT
END:    72.04840040206909
-
START:  CPSH
END:    72.3387246131897
-
START:  CRAI
END:    72.65023183822632
-
START:  CREE
Not Found: No data found, symbol may be delisted
START:  CRL
END:    72.9968729019165
-
START:  CRM
END:    74.35493850708008
-
START:  CRMT
END:    74.6496958732605
-
START:  CROX
END:    74.95435500144958
-
START:  CRSP
END:    75.13011384010315
-
START:  CRVL
END:    75.43741416931152
-
START:  CSGP
END:    75.75699305534363
-
START:  CSL
END:    76.12316942214966
-
START:  CSWI
END:    77.30188155174255
-
START:  CSX
END:    77.6781325340271
-
START:  CTAS
END:    78.02622556686401
-
START:  CTLT
END:    79.2224862575531
-
START:  CTRN
END:    79.50479555130005
-
START:  CURE
END:    79.72864866256714
-
START:  CVCO
END:    81.03235292434692
-
START:  CVNA
END:    82.22634553909302
-
START:  CWST
END:    82.54059195518494
-
START:  CWT
END:    82.91143727302551
-
START:  CXSE
END:    84.15728616714478
-
START:  CYBR
END:    84.3593487739563
-
START:  CYRX
END:    84.61540675163269
-
START:  CYTK
END:    84.89894890785217
-
START:  DAC
END:    86.1906681060791
-
START:  DAR
END:    86.46716976165771
-
START:  DAVA
END:    86.61166739463806
-
START:  DDS
END:    87.96243023872375
-
START:  DE
END:    88.35740995407104
-
START:  DECK
END:    89.76911687850952
-
START:  DELL
END:    89.95527219772339
-
START:  DFIN
END:    90.1116886138916
-
START:  DG
END:    90.33806204795837
-
START:  DGRW
END:    90.53416967391968
-
START:  DHI
END:    91.90217590332031
-
START:  DHR
END:    93.24717807769775
-
START:  DIA
END:    93.58782243728638
-
START:  DIOD
END:    94.91697192192078
-
START:  DIS
END:    95.32558417320251
-
START:  DKS
END:    96.64096021652222
-
START:  DLN
END:    96.95433020591736
-
START:  DNLI
END:    97.14710021018982
-
START:  DOMO
END:    97.28009915351868
-
START:  DOV
END:    98.72474431991577
-
START:  DPZ
END:    99.01516032218933
-
START:  DQ
END:    100.25820827484131
-
START:  DRD
END:    100.59505844116211
-
START:  DRIO
END:    101.78044962882996
-
START:  DRNA
Not Found: No data found, symbol may be delisted
START:  DSGX
END:    102.1658227443695
-
START:  DVAX
END:    102.45194816589355
-
START:  DXCM
END:    103.74543190002441
-
START:  ECL
END:    104.11883568763733
-
START:  EFX
END:    104.47896027565002
-
START:  EGAN
END:    104.75405669212341
-
START:  EHC
END:    105.1110372543335
-
START:  EL
END:    105.46789622306824
-
START:  ENPH
END:    105.66961717605591
-
START:  ENSG
END:    106.98691201210022
-
START:  ENTG
END:    107.30590844154358
-
START:  ENV
END:    108.54113483428955
-
START:  EPAM
END:    108.7729332447052
-
START:  ERIE
END:    109.13326406478882
-
START:  ES
END:    109.50030064582825
-
START:  ESE
END:    110.8936378955841
-
START:  ETN
END:    111.3327054977417
-
START:  ETSY
END:    111.52750039100647
-
START:  EVBG
END:    111.67577743530273
-
START:  EVTC
END:    111.89286684989929
-
START:  EW
END:    112.20881390571594
-
START:  EWT
END:    112.54591798782349
-
START:  EXAS
END:    112.84743809700012
-
START:  EXLS
END:    114.14483976364136
-
START:  EXPD
END:    114.45806241035461
-
START:  EXPI
END:    114.59855365753174
-
START:  EXPO
END:    114.90180373191833
-
START:  FAST
END:    115.30320763587952
-
START:  FATE
END:    116.53515648841858
-
START:  FB
Not Found: No data found, symbol may be delisted
START:  FCN
END:    116.90118145942688
-
START:  FCX
END:    117.22907209396362
-
START:  FDN
END:    117.5019018650055
-
START:  FDS
END:    118.87097477912903
-
START:  FELE
END:    119.25352168083191
-
START:  FFIN
END:    119.60040068626404
-
START:  FICO
END:    119.93830585479736
-
START:  FINX
END:    121.15391731262207
-
START:  FIS
END:    121.5923662185669
-
START:  FISV
Not Found: No data found, symbol may be delisted
START:  FIVE
END:    121.86843943595886
-
START:  FIVN
END:    122.07068181037903
-
START:  FLGT
END:    122.21965003013611
-
START:  FLT
END:    122.45432162284851
-
START:  FLWS
END:    122.7276074886322
-
START:  FN
END:    122.96721625328064
-
START:  FND
END:    124.13843894004822
-
START:  FNV
END:    124.38886070251465
-
START:  FORM
END:    125.7297215461731
-
START:  FOXF
END:    125.92999386787415
-
START:  FPX
END:    126.24256777763367
-
START:  FRC
Not Found: No data found, symbol may be delisted
START:  FRHC
END:    126.45373392105103
-
START:  FRPT
END:    126.61820316314697
-
START:  FSS
END:    127.97895073890686
-
START:  FTNT
END:    129.23861527442932
-
START:  FUV
END:    129.39033675193787
-
START:  GDEN
END:    129.70654964447021
-
START:  GFI
END:    130.06117343902588
-
START:  GGG
END:    130.45824313163757
-
START:  GIB
END:    130.75839948654175
-
START:  GLDD
END:    131.02597403526306
-
START:  GLOB
END:    131.19907093048096
-
START:  GMAB
END:    132.44961428642273
-
START:  GME
END:    133.7649631500244
-
START:  GMED
END:    134.01989006996155
-
START:  GNRC
END:    134.2603325843811
-
START:  GNSS
END:    134.57805728912354
-
START:  GNTX
END:    134.91599655151367
-
START:  GOLF
END:    135.06954312324524
-
START:  GOOG
END:    135.37355136871338
-
START:  GOOGL
END:    136.6799144744873
-
START:  GPI
END:    137.0322391986847
-
START:  GPN
END:    137.36810517311096
-
START:  GRBK
END:    137.6179165840149
-
START:  GRMN
END:    137.98898696899414
-
START:  GRVY
END:    138.26005864143372
-
START:  GRWG
END:    139.41701340675354
-
START:  GWRE
END:    139.6318736076355
-
START:  HACK
END:    139.8153591156006
-
START:  HALO
END:    140.09701466560364
-
START:  HCI
END:    140.34900045394897
-
START:  HD
END:    141.75660109519958
-
START:  HEI
END:    142.10625100135803
-
START:  HELE
END:    142.4100902080536
-
START:  HIBB
END:    143.7777316570282
-
START:  HLI
END:    143.9725682735443
-
START:  HLT
END:    144.18462753295898
-
START:  HOLX
END:    144.48920583724976
-
START:  HON
END:    144.90480065345764
-
START:  HOV
END:    145.2093048095703
-
START:  HRC
Not Found: No data found, symbol may be delisted
START:  HRI
END:    146.58370518684387
-
START:  HSKA
Not Found: No data found, symbol may be delisted
START:  HTHT
END:    146.89065885543823
-
START:  HUBS
END:    147.08234238624573
-
START:  HUM
END:    147.41570520401
-
START:  HZNP
END:    147.64972925186157
-
START:  IAC
END:    147.9952208995819
-
START:  IBP
END:    148.20436096191406
-
START:  ICE
END:    149.53578996658325
-
START:  ICLN
END:    150.8100950717926
-
START:  ICLR
END:    151.12440299987793
-
START:  IDT
END:    151.45151734352112
-
START:  IDXX
END:    151.7629508972168
-
START:  IESC
END:    153.07298588752747
-
START:  IEX
END:    153.3989429473877
-
START:  ILMN
END:    153.70835208892822
-
START:  INFO
Not Found: No data found, symbol may be delisted
START:  INOV
Not Found: No data found, symbol may be delisted
START:  INSP
END:    155.00412511825562
-
START:  INTC
END:    155.33624792099
-
START:  INTU
END:    156.66149878501892
-
START:  INTZ
END:    156.99799227714539
-
START:  INVE
END:    157.27931213378906
-
START:  IOO
END:    158.64987182617188
-
START:  IQV
END:    158.85586214065552
-
START:  IRDM
END:    160.14715099334717
-
START:  IRMD
END:    160.32727360725403
-
START:  ISEE
END:    161.55828499794006
-
START:  ISRG
END:    161.87331414222717
-
START:  IT
END:    162.18293595314026
-
START:  ITT
END:    162.5327708721161
-
START:  ITW
END:    162.89800882339478
-
START:  IVOG
END:    163.1670527458191
-
START:  IVV
END:    163.49216103553772
-
START:  IXJ
END:    163.8212285041809
-
START:  IXN
END:    164.13949871063232
-
START:  J
END:    165.49175000190735
-
START:  JBL
END:    166.84499096870422
-
START:  JBSS
END:    167.2001097202301
-
START:  JD
END:    167.4155855178833
-
START:  JKHY
END:    168.8022062778473
-
START:  JKS
END:    169.03696584701538
-
START:  JNJ
END:    169.401522397995
-
START:  JOE
END:    169.77729320526123
-
START:  JOUT
END:    171.1165120601654
-
START:  JYNT
END:    172.31238722801208
-
START:  KAI
END:    172.6332666873932
-
START:  KBH
END:    174.02322006225586
-
START:  KBR
END:    174.3443102836609
-
START:  KDMN
Not Found: No data found, symbol may be delisted
START:  KEYS
END:    174.61887669563293
-
START:  KLAC
END:    176.0139923095703
-
START:  KLIC
END:    176.33557844161987
-
START:  KMX
END:    176.62982177734375
-
START:  KNSL
END:    176.81032156944275
-
START:  KOPN
END:    177.11498737335205
-
START:  KOSS
END:    177.41652393341064
-
START:  KRNT
END:    177.6064052581787
-
START:  KSU
Not Found: No data found, symbol may be delisted
START:  KTOS
END:    177.96349024772644
-
START:  LAC
END:    179.21458864212036
-
START:  LAD
END:    179.56718468666077
-
START:  LANC
END:    180.9345178604126
-
START:  LAWS
Not Found: No data found, symbol may be delisted
START:  LDOS
END:    181.31797909736633
-
START:  LFMD
END:    181.56842041015625
-
START:  LGIH
END:    181.7703242301941
-
START:  LH
END:    182.11565685272217
-
START:  LHCG
Not Found: No data found, symbol may be delisted
START:  LHX
END:    183.5897660255432
-
START:  LII
END:    183.9358892440796
-
START:  LIN
END:    184.2613706588745
-
START:  LINC
END:    184.53912377357483
-
START:  LIT
END:    185.81692790985107
-
START:  LLY
END:    186.1988286972046
-
START:  LMT
END:    186.55796909332275
-
START:  LNT
END:    187.90052723884583
-
START:  LOB
END:    189.10398650169373
-
START:  LOGI
END:    190.4266266822815
-
START:  LOVE
END:    190.55568957328796
-
START:  LOW
END:    190.92113828659058
-
START:  LPLA
END:    191.18085980415344
-
START:  LPSN
END:    191.47227954864502
-
START:  LQDT
END:    191.74794006347656
-
START:  LRCX
END:    193.10068202018738
-
START:  LSCC
END:    193.3956265449524
-
START:  LSTR
END:    193.70767903327942
-
START:  LULU
END:    193.96224522590637
-
START:  LUNA
END:    194.21292304992676
-
START:  MA
END:    194.48640942573547
-
START:  MANH
END:    194.78593254089355
-
START:  MANT
Not Found: No data found, symbol may be delisted
START:  MARA
END:    195.08560013771057
-
START:  MASI
END:    195.32772660255432
-
START:  MATX
END:    195.71812844276428
-
START:  MBUU
END:    195.8861861228943
-
START:  MCD
END:    196.26948738098145
-
START:  MCHP
END:    197.60071754455566
-
START:  MCO
END:    197.93540930747986
-
START:  MDB
END:    198.08705472946167
-
START:  MDT
END:    198.4250512123108
-
START:  MEDP
END:    199.59847807884216
-
START:  MEDS
END:    199.78422284126282
-
START:  MELI
END:    200.06375432014465
-
START:  MGC
END:    200.3408763408661
-
START:  MGIC
END:    201.6618995666504
-
START:  MGK
END:    201.92351508140564
-
START:  MGNI
END:    202.0970802307129
-
START:  MHO
END:    202.42000079154968
-
START:  MIME
Not Found: No data found, symbol may be delisted
START:  MITK
END:    202.78567790985107
-
START:  MKC
END:    203.13753366470337
-
START:  MKSI
END:    204.45804452896118
-
START:  MKTX
END:    204.7454104423523
-
START:  MLAB
END:    205.09324169158936
-
START:  MLR
END:    205.41898894309998
-
START:  MMC
END:    206.81649708747864
-
START:  MMS
END:    207.15423798561096
-
START:  MNMD
END:    208.31449174880981
-
START:  MNST
END:    208.62335896492004
-
START:  MODN
END:    208.82444977760315
-
START:  MODV
END:    209.1383249759674
-
START:  MOH
END:    209.44087743759155
-
START:  MORN
END:    209.74083352088928
-
START:  MPWR
END:    210.06826448440552
-
START:  MRTX
END:    211.28136110305786
-
START:  MRVL
END:    211.59784746170044
-
START:  MS
END:    211.96005201339722
-
START:  MSA
END:    212.32583498954773
-
START:  MSCI
END:    213.65726590156555
-
START:  MSEX
END:    214.00162982940674
-
START:  MSFT
END:    215.3789553642273
-
START:  MSI
END:    215.773451089859
-
START:  MSTR
END:    216.07753825187683
-
START:  MTBC
Not Found: No data found, symbol may be delisted
START:  MTCH
END:    216.4657564163208
-
START:  MTD
END:    216.76652193069458
-
START:  MTEX
END:    218.0955719947815
-
START:  MTH
END:    218.47884464263916
-
START:  MTLS
END:    218.67151975631714
-
START:  MTSI
END:    218.9021656513214
-
START:  MU
END:    219.21817755699158
-
START:  MUSA
END:    220.43232202529907
-
START:  MVIS
END:    220.7533791065216
-
START:  MXL
END:    221.04224586486816
-
START:  MYRG
END:    221.30396580696106
-
START:  NBIX
END:    221.6119933128357
-
START:  NCBS
Not Found: No data found, symbol may be delisted
START:  NDAQ
END:    223.05608010292053
-
START:  NDSN
END:    223.38742303848267
-
START:  NEE
END:    223.765939950943
-
START:  NEO
END:    225.09132385253906
-
START:  NEOG
END:    225.4503812789917
-
START:  NFLX
END:    225.79694986343384
-
START:  NICE
END:    226.12618947029114
-
START:  NISN
END:    227.30664253234863
-
START:  NKE
END:    227.6922686100006
-
START:  NOVT
END:    227.99295163154602
-
START:  NOW
END:    228.19673919677734
-
START:  NSC
END:    228.60050535202026
-
START:  NSIT
END:    228.89889001846313
-
START:  NSSC
END:    229.23560500144958
-
START:  NSTG
END:    230.49525427818298
-
START:  NTLA
END:    231.7029025554657
-
START:  NTRA
END:    231.88953638076782
-
START:  NUAN
Not Found: No data found, symbol may be delisted
START:  NVCR
END:    232.1164071559906
-
START:  NVDA
END:    232.4385871887207
-
START:  NVMI
END:    232.73777222633362
-
START:  NVO
END:    233.11074447631836
-
START:  NVR
END:    234.4334900379181
-
START:  NXST
END:    234.75025296211243
-
START:  NYT
END:    235.11225652694702
-
START:  OBCI
Not Found: No data found, symbol may be delisted
START:  ODFL
END:    235.47853326797485
-
START:  OEF
END:    235.85045647621155
-
START:  OFLX
END:    236.15216159820557
-
START:  OLED
END:    236.4707989692688
-
START:  OMCL
END:    236.76627492904663
-
START:  ON
END:    237.07487297058105
-
START:  OOMA
END:    237.2750072479248
-
START:  OPRX
END:    237.5607395172119
-
START:  ORA
END:    238.87002658843994
-
START:  ORCL
END:    239.21606612205505
-
START:  ORLY
END:    239.54371809959412
-
START:  ORMP
END:    239.83899211883545
-
START:  OTEX
END:    241.21261978149414
-
START:  PACB
END:    241.45171332359314
-
START:  PAG
END:    241.80247139930725
-
START:  PANW
END:    241.99777340888977
-
START:  PAR
END:    242.27716183662415
-
START:  PAYC
END:    242.4506344795227
-
START:  PAYX
END:    243.80318403244019
-
START:  PBD
END:    244.13696360588074
-
START:  PCTY
END:    244.33920049667358
-
START:  PEGA
END:    244.67316460609436
-
START:  PEN
END:    245.8813648223877
-
START:  PENN
END:    246.1799623966217
-
START:  PEP
END:    246.58057141304016
-
START:  PERI
END:    246.8575279712677
-
START:  PFSI
END:    248.0707929134369
-
START:  PGR
END:    248.43789410591125
-
START:  PH
END:    248.81832814216614
-
START:  PHM
END:    249.19365644454956
-
START:  PKI
Not Found: No data found, symbol may be delisted
START:  PLL
END:    249.40972232818604
-
START:  PLNT
END:    250.58508396148682
-
START:  PLUG
END:    250.8789141178131
-
START:  PLXS
END:    251.15457201004028
-
START:  PODD
END:    251.40411925315857
-
START:  POOL
END:    252.75001907348633
-
START:  POWI
END:    253.09110856056213
-
START:  PRFT
END:    253.36899328231812
-
START:  PRI
END:    253.62307453155518
-
START:  PRTA
END:    254.82186365127563
-
START:  PRTS
END:    255.104483127594
-
START:  PTSI
END:    255.51131916046143
-
START:  PWR
END:    255.79881596565247
-
START:  PYPL
END:    256.0152518749237
-
START:  QADA
Not Found: No data found, symbol may be delisted
START:  QCLN
END:    257.3887782096863
-
START:  QDEL
END:    257.6888692378998
-
START:  QGEN
END:    257.99896144866943
-
START:  QLYS
END:    258.18385124206543
-
START:  QQQ
END:    259.5399880409241
-
START:  QRVO
END:    259.7295217514038
-
START:  QTWO
END:    259.9235985279083
-
START:  RADA
Not Found: No data found, symbol may be delisted
START:  RAMP
END:    260.29482197761536
-
START:  RBA
END:    261.6914846897125
-
START:  RCII
Not Found: No data found, symbol may be delisted
START:  RCKY
END:    262.05986881256104
-
START:  RDNT
END:    262.39247488975525
-
START:  RDVT
END:    262.53580713272095
-
START:  RDWR
END:    262.8427023887634
-
START:  REGI
END:    264.05016112327576
-
START:  RENN
Not Found: No data found, symbol may be delisted
START:  RGEN
END:    264.4267780780792
-
START:  RH
END:    264.6438376903534
-
START:  RILY
END:    264.9219238758087
-
START:  RIOT
END:    266.09524941444397
-
START:  RLI
END:    266.4339256286621
-
START:  RLMD
END:    266.6014232635498
-
START:  RMD
END:    266.9207127094269
-
START:  RNG
END:    267.1325886249542
-
START:  ROBO
END:    267.3731212615967
-
START:  ROCK
END:    268.69966101646423
-
START:  ROK
END:    269.0439968109131
-
START:  ROKU
END:    269.1888837814331
-
START:  ROL
END:    269.56453490257263
-
START:  ROP
END:    270.929167509079
-
START:  ROST
END:    271.2748086452484
-
START:  RPD
END:    271.44879245758057
-
START:  RPM
END:    271.80264115333557
-
START:  RSG
END:    273.15047907829285
-
START:  RTH
END:    273.5279550552368
-
START:  RUN
END:    273.69802236557007
-
START:  RXI
END:    273.97475957870483
-
START:  SAIA
END:    275.2821743488312
-
START:  SAIC
END:    275.4722182750702
-
START:  SAM
END:    275.8082432746887
-
START:  SAVA
END:    276.1643488407135
-
START:  SCI
END:    276.4831454753876
-
START:  SCL
END:    276.8498229980469
-
START:  SE
END:    276.9850244522095
-
START:  SEAS
END:    278.19354033470154
-
START:  SEDG
END:    278.3695738315582
-
START:  SFBS
END:    278.5617253780365
-
START:  SGEN
END:    278.88599586486816
-
START:  SGMS
Not Found: No data found, symbol may be delisted
START:  SGRY
END:    280.1550030708313
-
START:  SHOP
END:    280.34992241859436
-
START:  SHW
END:    280.7496473789215
-
START:  SHYF
END:    282.11198568344116
-
START:  SITE
END:    283.2692496776581
-
START:  SIVB
Not Found: No data found, symbol may be delisted
START:  SJW
END:    283.68160486221313
-
START:  SKY
END:    284.0603437423706
-
START:  SLAB
END:    285.3703315258026
-
START:  SLP
END:    285.669424533844
-
START:  SMH
END:    287.0270617008209
-
START:  SMTC
END:    287.33422589302063
-
START:  SNAP
END:    287.50401401519775
-
START:  SNPS
END:    288.84311866760254
-
START:  SOCL
END:    290.1041383743286
-
START:  SOXL
END:    290.36328887939453
-
START:  SPGI
END:    290.72401762008667
-
START:  SPLG
END:    292.0579490661621
-
START:  SPLK
END:    292.26577138900757
-
START:  SPNS
END:    292.61026763916016
-
START:  SPSC
END:    293.8292260169983
-
START:  SPTM
END:    294.16792845726013
-
START:  SPWH
END:    294.33967542648315
-
START:  SPWR
END:    294.61035895347595
-
START:  SPXC
END:    294.95079278945923
-
START:  SPXL
END:    295.2423412799835
-
START:  SPY
END:    295.5986485481262
-
START:  SPYG
END:    295.96858835220337
-
START:  SQ
END:    297.15724635124207
-
START:  SSD
END:    297.5786380767822
-
START:  SSNC
END:    297.8306269645691
-
START:  SSTK
END:    298.02354407310486
-
START:  STAA
END:    299.37018489837646
-
START:  STE
END:    300.75586438179016
-
START:  SUSA
END:    302.0852153301239
-
START:  SYK
END:    302.4214699268341
-
START:  SYNA
END:    302.75527024269104
-
START:  TBBK
END:    304.07881140708923
-
START:  TBK
Not Found: No data found, symbol may be delisted
START:  TDG
END:    304.4577910900116
-
START:  TDOC
END:    304.6359784603119
-
START:  TDY
END:    304.9517571926117
-
START:  TEAM
END:    305.1083984375
-
START:  TECH
END:    305.4919981956482
-
START:  TECL
END:    305.76103687286377
-
START:  TER
END:    306.10100054740906
-
START:  TFX
END:    306.4369978904724
-
START:  TGH
END:    307.74968791007996
-
START:  TGLS
END:    309.0727210044861
-
START:  TGT
END:    309.40667700767517
-
START:  TGTX
END:    309.68519592285156
-
START:  THC
END:    310.0080871582031
-
START:  TJX
END:    311.3478145599365
-
START:  TMO
END:    311.67796564102173
-
START:  TMUS
END:    311.95002913475037
-
START:  TNDM
END:    312.12192249298096
-
START:  TNET
END:    312.31118273735046
-
START:  TPX
END:    312.6458842754364
-
START:  TREX
END:    312.9349093437195
-
START:  TRI
END:    313.2648286819458
-
START:  TRIL
Not Found: No data found, symbol may be delisted
START:  TRMB
END:    313.70029401779175
-
START:  TRNS
END:    313.9969964027405
-
START:  TROW
END:    314.31481194496155
-
START:  TRU
END:    314.4781262874603
-
START:  TRUP
END:    315.6756737232208
-
START:  TSCO
END:    315.9867208003998
-
START:  TSLA
END:    316.218288898468
-
START:  TSM
END:    316.59457540512085
-
START:  TT
END:    316.958128452301
-
START:  TTC
END:    318.3174855709076
-
START:  TTD
END:    318.47764825820923
-
START:  TTEC
END:    318.78706431388855
-
START:  TTEK
END:    319.0953574180603
-
START:  TTGT
END:    319.3334903717041
-
START:  TTWO
END:    319.62129402160645
-
START:  TWLO
END:    319.77468276023865
-
START:  TXN
END:    321.1425151824951
-
START:  TYL
END:    321.4737479686737
-
START:  UCTT
END:    322.77442383766174
-
START:  UFPI
END:    323.1238217353821
-
START:  UFPT
END:    323.4524540901184
-
START:  UI
END:    323.6803843975067
-
START:  UMC
END:    324.02647137641907
-
START:  UNF
END:    325.4433705806732
-
START:  UNH
END:    325.79748725891113
-
START:  UNP
END:    326.14366388320923
-
START:  UPLD
END:    326.3116614818573
-
START:  URI
END:    326.641761302948
-
START:  V
END:    327.95388007164
-
START:  VALU
END:    328.33346915245056
-
START:  VBK
END:    328.65133595466614
-
START:  VCEL
END:    328.95630288124084
-
START:  VCR
END:    329.271906375885
-
START:  VCTR
END:    329.41398525238037
-
START:  VCYT
END:    329.5955774784088
-
START:  VDC
END:    329.89824867248535
-
START:  VEEV
END:    330.09876704216003
-
START:  VERU
END:    330.4212782382965
-
START:  VGT
END:    330.7257091999054
-
START:  VHT
END:    331.0714340209961
-
START:  VIAV
END:    332.36863708496094
-
START:  VICR
END:    332.70451617240906
-
START:  VIG
END:    332.98590326309204
-
START:  VO
END:    333.31610798835754
-
START:  VONE
END:    334.5909070968628
-
START:  VONG
END:    334.8659129142761
-
START:  VOO
END:    336.13068532943726
-
START:  VOOG
END:    336.41622829437256
-
START:  VOOV
END:    337.64643812179565
-
START:  VOT
END:    337.94786739349365
-
START:  VPU
END:    338.2701277732849
-
START:  VRNS
END:    338.4587724208832
-
START:  VRSK
END:    339.7114100456238
-
START:  VRSN
END:    340.01117300987244
-
START:  VRTV
END:    340.1875720024109
-
START:  VSTO
END:    341.3726100921631
-
START:  VTHR
END:    341.61226987838745
-
START:  VTI
END:    341.98330330848694
-
START:  VTNR
END:    343.2901511192322
-
START:  VTWG
END:    343.54569721221924
-
START:  VUG
END:    343.8448979854584
-
START:  VV
END:    345.21549010276794
-
START:  VXF
END:    346.5757806301117
-
START:  WCN
END:    346.90851283073425
-
START:  WD
END:    348.1662120819092
-
START:  WDAY
END:    348.38523149490356
-
START:  WDFC
END:    348.73081493377686
-
START:  WEC
END:    350.1435649394989
-
START:  WEN
END:    350.4652752876282
-
START:  WINA
END:    350.76243782043457
-
START:  WING
END:    351.98436737060547
-
START:  WIRE
END:    353.3262186050415
-
START:  WIX
END:    353.52155590057373
-
START:  WK
END:    353.7286720275879
-
START:  WLTW
Not Found: No data found, symbol may be delisted
START:  WM
END:    354.1435685157776
-
START:  WMS
END:    354.4001843929291
-
START:  WNS
END:    354.64587354660034
-
START:  WRB
END:    354.9821538925171
-
START:  WSC
END:    355.1417715549469
-
START:  WSM
END:    355.5247564315796
-
START:  WST
END:    356.9120442867279
-
START:  WTRG
END:    357.306095123291
-
START:  WTS
END:    357.6920475959778
-
START:  XEL
END:    358.0803265571594
-
START:  XENE
END:    358.2645745277405
-
START:  XLK
END:    358.5878834724426
-
START:  XLNX
Not Found: No data found, symbol may be delisted
START:  XLP
END:    360.0527424812317
-
START:  XLRN
Not Found: No data found, symbol may be delisted
START:  XLU
END:    361.5019054412842
-
START:  XLV
END:    361.8372690677643
-
START:  XLY
END:    362.1755006313324
-
START:  XYL
END:    362.4031744003296
-
START:  YNDX
END:    362.68273401260376
-
START:  YORW
END:    364.05056643486023
-
START:  YUM
END:    364.3719871044159
-
START:  Z
END:    369.6059000492096
-
START:  ZBRA
END:    369.9269435405731
-
START:  ZEN
Not Found: No data found, symbol may be delisted
START:  ZLAB
END:    370.1357910633087
-
START:  ZNGA
Not Found: No data found, symbol may be delisted
START:  ZS
END:    370.36359429359436
-
START:  ZTS
END:    370.5889513492584
-
START:  ZYXI
END:    370.88107919692993
-
===========================
MACD golden cross
===========================
START:  code
START:  A
START:  AAON
START:  AAPL
START:  ABG
START:  ABT
START:  ACLS
START:  ACMR
START:  ACN
START:  ADBE
START:  ADI
START:  ADP
START:  ADSK
START:  ADUS
START:  AEE
START:  AGYS
START:  AIZ
START:  AJG
START:  AJRD
START:  ALB
START:  ALG
START:  ALGN
START:  ALLE
START:  ALTR
START:  AMAT
START:  AMBA
START:  AMD
START:  AME
START:  AMED
START:  AMEH
START:  AMGN
START:  AMN
START:  AMP
START:  AMRC
START:  AMSWA
START:  AMTX
START:  AMZN
START:  AN
START:  ANSS
START:  ANTM
START:  AON
START:  AOSL
START:  APD
START:  APH
START:  APPF
START:  APPN
START:  APPS
START:  AQN
START:  ARCB
START:  ARCT
START:  ARES
START:  ARGX
START:  ARWR
START:  ASML
START:  ASPN
START:  ATEC
START:  ATEN
START:  ATKR
START:  ATOM
START:  ATR
START:  ATRC
START:  AUDC
START:  AUPH
START:  AVAV
START:  AVGO
START:  AVID
START:  AVNW
START:  AVXL
START:  AVY
START:  AWK
START:  AWR
START:  AXON
START:  AZO
START:  AZPN
START:  BAH
START:  BAM
START:  BAX
START:  BBH
START:  BBQ
START:  BBY
START:  BCPC
START:  BDX
START:  BEEM
START:  BFAM
START:  BFC
START:  BGFV
START:  BGNE
START:  BHVN
START:  BIO
START:  BL
START:  BLD
START:  BLDP
START:  BLDR
START:  BLFS
START:  BLK
START:  BLL
START:  BLNK
START:  BMI
START:  BOOT
START:  BOTZ
START:  BR
START:  BRKR
START:  BRKS
START:  BRO
START:  BURL
START:  BX
START:  CABO
START:  CACI
START:  CALX
START:  CAMT
START:  CAR
START:  CBRE
START:  CBSH
START:  CBZ
START:  CCOI
START:  CCS
START:  CDMO
START:  CDNA
START:  CDNS
START:  CDW
START:  CELH
START:  CGNX
START:  CHD
START:  CHDN
START:  CHE
START:  CHGG
START:  CHH
START:  CHKP
START:  CHTR
START:  CIEN
START:  CLAR
START:  CLFD
START:  CLGN
START:  CLNE
START:  CLPT
START:  CLX
START:  CMCSA
START:  CMG
START:  CMS
START:  CNC
START:  CNI
START:  CNMD
START:  CNS
START:  CNXN
START:  COO
START:  COST
START:  COUP
START:  COWN
START:  CP
START:  CPK
START:  CPRT
START:  CPSH
START:  CRAI
START:  CREE
START:  CRL
START:  CRM
START:  CRMT
START:  CROX
START:  CRSP
START:  CRVL
START:  CSGP
START:  CSL
START:  CSWI
START:  CSX
START:  CTAS
START:  CTLT
START:  CTRN
START:  CURE
START:  CVCO
START:  CVNA
START:  CWST
START:  CWT
START:  CXSE
START:  CYBR
START:  CYRX
START:  CYTK
START:  DAC
START:  DAR
START:  DAVA
START:  DDS
START:  DE
START:  DECK
START:  DELL
START:  DFIN
START:  DG
START:  DGRW
START:  DHI
START:  DHR
START:  DIA
START:  DIOD
START:  DIS
START:  DKS
START:  DLN
START:  DNLI
START:  DOMO
START:  DOV
START:  DPZ
START:  DQ
START:  DRD
START:  DRIO
START:  DRNA
START:  DSGX
START:  DVAX
START:  DXCM
START:  ECL
START:  EFX
START:  EGAN
START:  EHC
START:  EL
START:  ENPH
START:  ENSG
START:  ENTG
START:  ENV
START:  EPAM
START:  ERIE
START:  ES
START:  ESE
START:  ETN
START:  ETSY
START:  EVBG
START:  EVTC
START:  EW
START:  EWT
START:  EXAS
START:  EXLS
START:  EXPD
START:  EXPI
START:  EXPO
START:  FAST
START:  FATE
START:  FB
START:  FCN
START:  FCX
START:  FDN
START:  FDS
START:  FELE
START:  FFIN
START:  FICO
START:  FINX
START:  FIS
START:  FISV
START:  FIVE
START:  FIVN
START:  FLGT
START:  FLT
START:  FLWS
START:  FN
START:  FND
START:  FNV
START:  FORM
START:  FOXF
START:  FPX
START:  FRC
START:  FRHC
START:  FRPT
START:  FSS
START:  FTNT
START:  FUV
START:  GDEN
START:  GFI
START:  GGG
START:  GIB
START:  GLDD
START:  GLOB
START:  GMAB
START:  GME
START:  GMED
START:  GNRC
START:  GNSS
START:  GNTX
START:  GOLF
START:  GOOG
START:  GOOGL
START:  GPI
START:  GPN
START:  GRBK
START:  GRMN
START:  GRVY
START:  GRWG
START:  GWRE
START:  HACK
START:  HALO
START:  HCI
START:  HD
START:  HEI
START:  HELE
START:  HIBB
START:  HLI
START:  HLT
START:  HOLX
START:  HON
START:  HOV
START:  HRC
START:  HRI
START:  HSKA
START:  HTHT
START:  HUBS
START:  HUM
START:  HZNP
START:  IAC
START:  IBP
START:  ICE
START:  ICLN
START:  ICLR
START:  IDT
START:  IDXX
START:  IESC
START:  IEX
START:  ILMN
START:  INFO
START:  INOV
START:  INSP
START:  INTC
START:  INTU
START:  INTZ
START:  INVE
START:  IOO
START:  IQV
START:  IRDM
START:  IRMD
START:  ISEE
START:  ISRG
START:  IT
START:  ITT
START:  ITW
START:  IVOG
START:  IVV
START:  IXJ
START:  IXN
START:  J
START:  JBL
START:  JBSS
START:  JD
START:  JKHY
START:  JKS
START:  JNJ
START:  JOE
START:  JOUT
START:  JYNT
START:  KAI
START:  KBH
START:  KBR
START:  KDMN
START:  KEYS
START:  KLAC
START:  KLIC
START:  KMX
START:  KNSL
START:  KOPN
START:  KOSS
START:  KRNT
START:  KSU
START:  KTOS
START:  LAC
START:  LAD
START:  LANC
START:  LAWS
START:  LDOS
START:  LFMD
START:  LGIH
START:  LH
START:  LHCG
START:  LHX
START:  LII
START:  LIN
START:  LINC
START:  LIT
START:  LLY
START:  LMT
START:  LNT
START:  LOB
START:  LOGI
START:  LOVE
START:  LOW
START:  LPLA
START:  LPSN
START:  LQDT
START:  LRCX
START:  LSCC
START:  LSTR
START:  LULU
START:  LUNA
START:  MA
START:  MANH
START:  MANT
START:  MARA
START:  MASI
START:  MATX
START:  MBUU
START:  MCD
START:  MCHP
START:  MCO
START:  MDB
START:  MDT
START:  MEDP
START:  MEDS
START:  MELI
START:  MGC
START:  MGIC
START:  MGK
START:  MGNI
START:  MHO
START:  MIME
START:  MITK
START:  MKC
START:  MKSI
START:  MKTX
START:  MLAB
START:  MLR
START:  MMC
START:  MMS
START:  MNMD
START:  MNST
START:  MODN
START:  MODV
START:  MOH
START:  MORN
START:  MPWR
START:  MRTX
START:  MRVL
START:  MS
START:  MSA
START:  MSCI
START:  MSEX
START:  MSFT
START:  MSI
START:  MSTR
START:  MTBC
START:  MTCH
START:  MTD
START:  MTEX
START:  MTH
START:  MTLS
START:  MTSI
START:  MU
START:  MUSA
START:  MVIS
START:  MXL
START:  MYRG
START:  NBIX
START:  NCBS
START:  NDAQ
START:  NDSN
START:  NEE
START:  NEO
START:  NEOG
START:  NFLX
START:  NICE
START:  NISN
START:  NKE
START:  NOVT
START:  NOW
START:  NSC
START:  NSIT
START:  NSSC
START:  NSTG
START:  NTLA
START:  NTRA
START:  NUAN
START:  NVCR
START:  NVDA
START:  NVMI
START:  NVO
START:  NVR
START:  NXST
START:  NYT
START:  OBCI
START:  ODFL
START:  OEF
START:  OFLX
START:  OLED
START:  OMCL
START:  ON
START:  OOMA
START:  OPRX
START:  ORA
START:  ORCL
START:  ORLY
START:  ORMP
START:  OTEX
START:  PACB
START:  PAG
START:  PANW
START:  PAR
START:  PAYC
START:  PAYX
START:  PBD
START:  PCTY
START:  PEGA
START:  PEN
START:  PENN
START:  PEP
START:  PERI
START:  PFSI
START:  PGR
START:  PH
START:  PHM
START:  PKI
START:  PLL
START:  PLNT
START:  PLUG
START:  PLXS
START:  PODD
START:  POOL
START:  POWI
START:  PRFT
START:  PRI
START:  PRTA
START:  PRTS
START:  PTSI
START:  PWR
START:  PYPL
START:  QADA
START:  QCLN
START:  QDEL
START:  QGEN
START:  QLYS
START:  QQQ
START:  QRVO
START:  QTWO
START:  RADA
START:  RAMP
START:  RBA
START:  RCII
START:  RCKY
START:  RDNT
START:  RDVT
START:  RDWR
START:  REGI
START:  RENN
START:  RGEN
START:  RH
START:  RILY
START:  RIOT
START:  RLI
START:  RLMD
START:  RMD
START:  RNG
START:  ROBO
START:  ROCK
START:  ROK
START:  ROKU
START:  ROL
START:  ROP
START:  ROST
START:  RPD
START:  RPM
START:  RSG
START:  RTH
START:  RUN
START:  RXI
START:  SAIA
START:  SAIC
START:  SAM
START:  SAVA
START:  SCI
START:  SCL
START:  SE
START:  SEAS
START:  SEDG
START:  SFBS
START:  SGEN
START:  SGMS
START:  SGRY
START:  SHOP
START:  SHW
START:  SHYF
START:  SITE
START:  SIVB
START:  SJW
START:  SKY
START:  SLAB
START:  SLP
START:  SMH
START:  SMTC
START:  SNAP
START:  SNPS
START:  SOCL
START:  SOXL
START:  SPGI
START:  SPLG
START:  SPLK
START:  SPNS
START:  SPSC
START:  SPTM
START:  SPWH
START:  SPWR
START:  SPXC
START:  SPXL
START:  SPY
START:  SPYG
START:  SQ
START:  SSD
START:  SSNC
START:  SSTK
START:  STAA
START:  STE
START:  SUSA
START:  SYK
START:  SYNA
START:  TBBK
START:  TBK
START:  TDG
START:  TDOC
START:  TDY
START:  TEAM
START:  TECH
START:  TECL
START:  TER
START:  TFX
START:  TGH
START:  TGLS
START:  TGT
START:  TGTX
START:  THC
START:  TJX
START:  TMO
START:  TMUS
START:  TNDM
START:  TNET
START:  TPX
START:  TREX
START:  TRI
START:  TRIL
START:  TRMB
START:  TRNS
START:  TROW
START:  TRU
START:  TRUP
START:  TSCO
START:  TSLA
START:  TSM
START:  TT
START:  TTC
START:  TTD
START:  TTEC
START:  TTEK
START:  TTGT
START:  TTWO
START:  TWLO
START:  TXN
START:  TYL
START:  UCTT
START:  UFPI
START:  UFPT
START:  UI
START:  UMC
START:  UNF
START:  UNH
START:  UNP
START:  UPLD
START:  URI
START:  V
START:  VALU
START:  VBK
START:  VCEL
START:  VCR
START:  VCTR
START:  VCYT
START:  VDC
START:  VEEV
START:  VERU
START:  VGT
START:  VHT
START:  VIAV
START:  VICR
START:  VIG
START:  VO
START:  VONE
START:  VONG
START:  VOO
START:  VOOG
START:  VOOV
START:  VOT
START:  VPU
START:  VRNS
START:  VRSK
START:  VRSN
START:  VRTV
START:  VSTO
START:  VTHR
START:  VTI
START:  VTNR
START:  VTWG
START:  VUG
START:  VV
START:  VXF
START:  WCN
START:  WD
START:  WDAY
START:  WDFC
START:  WEC
START:  WEN
START:  WINA
START:  WING
START:  WIRE
START:  WIX
START:  WK
START:  WLTW
START:  WM
START:  WMS
START:  WNS
START:  WRB
START:  WSC
START:  WSM
START:  WST
START:  WTRG
START:  WTS
START:  XEL
START:  XENE
START:  XLK
START:  XLNX
START:  XLP
START:  XLRN
START:  XLU
START:  XLV
START:  XLY
START:  XYL
START:  YNDX
START:  YORW
START:  YUM
START:  Z
START:  ZBRA
START:  ZEN
START:  ZLAB
START:  ZNGA
START:  ZS
START:  ZTS
START:  ZYXI
==== MACD golden cross ====
None
code: APPN     day: macd + hist + hist_1pre + ,  Week: macd + hist + hist_1pre - , Month: macd - hist + hist_1pre + , 
Trade --> code: APPN   BUY: 2019-09-30   47.50 SELL: 2022-03-31   60.82  macd:   -1.83 macd_count:  30 profit:  1.28

code: ARES     day: macd + hist + hist_1pre + ,  Week: macd + hist + hist_1pre - , Month: macd + hist + hist_1pre + , 
Trade --> code: ARES   BUY: 2017-01-31   19.65 SELL: 2023-09-30  105.96  macd:    9.35 macd_count:  81 profit:  5.39

code: AVAV     day: macd + hist + hist_1pre + ,  Week: macd + hist + hist_1pre - , Month: macd + hist + hist_1pre + , 
Trade --> code: AVAV   BUY: 2009-05-31   27.92 SELL: 2010-06-30   21.73  macd:   -0.19 macd_count:  13 profit:  0.78
Trade --> code: AVAV   BUY: 2011-03-31   34.97 SELL: 2012-05-31   22.28  macd:   -0.36 macd_count:  14 profit:  0.64
Trade --> code: AVAV   BUY: 2013-12-31   29.14 SELL: 2015-05-31   25.85  macd:   -0.10 macd_count:  17 profit:  0.89
Trade --> code: AVAV   BUY: 2016-05-31   28.81 SELL: 2016-08-31   24.74  macd:   -0.00 macd_count:   3 profit:  0.86
Trade --> code: AVAV   BUY: 2017-03-31   28.03 SELL: 2022-02-28   71.05  macd:   -0.43 macd_count:  59 profit:  2.53
Trade --> code: AVAV   BUY: 2022-03-31   94.14 SELL: 2023-09-30  113.48  macd:    4.50 macd_count:  19 profit:  1.21

code: HLT      day: macd - hist + hist_1pre - ,  Week: macd + hist + hist_1pre - , Month: macd + hist + hist_1pre + , 
Trade --> code: HLT    BUY: 2016-12-31   55.81 SELL: 2023-09-30  154.12  macd:    6.58 macd_count:  82 profit:  2.76

code: IT       day: macd + hist + hist_1pre + ,  Week: macd + hist + hist_1pre - , Month: macd + hist - hist_1pre - , 
Trade --> code: IT     BUY: 2006-01-31   13.76 SELL: 2009-01-31   14.16  macd:   -0.26 macd_count:  36 profit:  1.03
Trade --> code: IT     BUY: 2010-01-31   21.40 SELL: 2020-04-30  118.81  macd:   -0.21 macd_count: 123 profit:  5.55
Trade --> code: IT     BUY: 2020-12-31  160.19 SELL: 2023-09-30  354.15  macd:   26.22 macd_count:  34 profit:  2.21

code: LOW      day: macd + hist + hist_1pre + ,  Week: macd + hist + hist_1pre - , Month: macd + hist + hist_1pre + , 
Trade --> code: LOW    BUY: 2006-01-31   31.77 SELL: 2007-10-31   26.89  macd:   -0.22 macd_count:  21 profit:  0.85
Trade --> code: LOW    BUY: 2010-04-30   27.12 SELL: 2010-06-30   20.42  macd:   -0.04 macd_count:   2 profit:  0.75
Trade --> code: LOW    BUY: 2011-01-31   24.80 SELL: 2011-08-31   19.93  macd:   -0.00 macd_count:   7 profit:  0.80
Trade --> code: LOW    BUY: 2011-12-31   25.38 SELL: 2023-09-30  231.29  macd:   10.08 macd_count: 142 profit:  9.11

code: NOW      day: macd + hist + hist_1pre + ,  Week: macd + hist + hist_1pre - , Month: macd + hist + hist_1pre + , 
Trade --> code: NOW    BUY: 2014-10-31   67.93 SELL: 2022-09-30  377.61  macd:   -1.52 macd_count:  95 profit:  5.56
Trade --> code: NOW    BUY: 2023-06-30  561.97 SELL: 2023-09-30  600.07  macd:   20.90 macd_count:   4 profit:  1.07

code: NUAN     day: macd + hist + hist_1pre + ,  Week: macd + hist + hist_1pre - , Month: macd + hist - hist_1pre - , 
Trade --> code: NUAN   BUY: 2005-11-30    5.38 SELL: 2008-11-30    7.94  macd:   -0.14 macd_count:  36 profit:  1.48
Trade --> code: NUAN   BUY: 2009-12-31   13.44 SELL: 2013-05-31   16.44  macd:   -0.10 macd_count:  41 profit:  1.22
Trade --> code: NUAN   BUY: 2015-11-30   18.11 SELL: 2016-07-31   13.90  macd:   -0.05 macd_count:   8 profit:  0.77
Trade --> code: NUAN   BUY: 2017-05-31   16.01 SELL: 2017-09-30   13.60  macd:   -0.04 macd_count:   4 profit:  0.85
Trade --> code: NUAN   BUY: 2019-04-30   14.56 SELL: 2022-03-31   55.99  macd:    7.14 macd_count:  36 profit:  3.85

code: ORCL     day: macd + hist + hist_1pre + ,  Week: macd + hist + hist_1pre - , Month: macd + hist + hist_1pre + , 
Trade --> code: ORCL   BUY: 2006-01-31   12.57 SELL: 2009-02-28   15.54  macd:   -0.16 macd_count:  37 profit:  1.24
Trade --> code: ORCL   BUY: 2009-06-30   21.42 SELL: 2016-02-29   36.78  macd:   -0.12 macd_count:  80 profit:  1.72
Trade --> code: ORCL   BUY: 2016-03-31   40.91 SELL: 2023-09-30  126.32  macd:   11.21 macd_count:  91 profit:  3.09

code: PANW     day: macd + hist + hist_1pre + ,  Week: macd + hist + hist_1pre - , Month: macd + hist + hist_1pre + , 
Trade --> code: PANW   BUY: 2014-11-30   41.00 SELL: 2017-04-30   36.14  macd:   -0.18 macd_count:  29 profit:  0.88
Trade --> code: PANW   BUY: 2017-10-31   49.07 SELL: 2023-09-30  248.74  macd:   24.22 macd_count:  72 profit:  5.07

code: RCII     day: macd + hist + hist_1pre + ,  Week: macd + hist + hist_1pre - , Month: macd - hist + hist_1pre + , 
Trade --> code: RCII   BUY: 2006-10-31   28.76 SELL: 2007-07-31   19.41  macd:   -0.10 macd_count:   9 profit:  0.67
Trade --> code: RCII   BUY: 2010-03-31   23.65 SELL: 2014-01-31   24.94  macd:   -0.00 macd_count:  46 profit:  1.05
Trade --> code: RCII   BUY: 2018-12-31   16.19 SELL: 2022-05-31   27.54  macd:   -0.82 macd_count:  41 profit:  1.70

