Wed Sep 13 13:51:24 UTC 2023
arg[0]: scraping/yahoo-finace-api2.py, arg[1]: stock-code-list/buy-list.txt
===========================
scraping
===========================
START:  AAPL
END:    0.8081409931182861
-
START:  EL
END:    1.5445325374603271
-
START:  NEE
END:    2.3246572017669678
-
START:  AMD
END:    2.8249363899230957
-
START:  APH
END:    3.5772831439971924
-
START:  XLP
END:    4.279481887817383
-
START:  SPXL
END:    5.117685556411743
-
START:  KEYS
END:    5.6971635818481445
-
START:  VDC
END:    6.3356170654296875
-
START:  SPTM
END:    6.947085857391357
-
START:  SPLG
END:    7.639261960983276
-
START:  CROX
END:    8.276769399642944
-
START:  AXON
END:    8.889101266860962
-
START:  AWR
END:    9.52304983139038
-
START:  FN
END:    9.972825050354004
-
START:  NXST
END:    10.586824417114258
-
START:  TREX
END:    11.283332347869873
-
START:  RGEN
END:    11.96205759048462
-
START:  EXPO
END:    12.503452062606812
-
START:  BCPC
END:    13.100814580917358
-
START:  SOXL
END:    13.648082971572876
-
START:  TECL
END:    14.146222829818726
-
START:  NEO
END:    14.825441122055054
-
START:  NVMI
END:    15.444050073623657
-
START:  NVDA
END:    16.202027559280396
-
START:  BBDC
END:    16.89584255218506
-
START:  APPS
END:    17.413811683654785
-
START:  ROK
END:    18.115885257720947
-
START:  NHTC
END:    18.82648754119873
-
START:  ZYXI
END:    19.445621013641357
-
START:  LIT
END:    20.034897804260254
-
START:  LLY
END:    20.590590715408325
-
START:  GTLB
END:    20.888948440551758
-
START:  MCD
END:    21.542677879333496
-
START:  MSI
END:    22.323729038238525
-
START:  HCP
END:    22.598469972610474
-
START:  ON
END:    23.117530822753906
-
===========================
MACD sell
===========================
START:  AAPL
START:  EL
START:  NEE
START:  AMD
START:  APH
START:  XLP
START:  SPXL
START:  KEYS
START:  VDC
START:  SPTM
START:  SPLG
START:  CROX
START:  AXON
START:  AWR
START:  FN
START:  NXST
START:  TREX
START:  RGEN
START:  EXPO
START:  BCPC
START:  SOXL
START:  TECL
START:  NEO
START:  NVMI
START:  NVDA
START:  BBDC
START:  APPS
START:  ROK
START:  NHTC
START:  ZYXI
START:  LIT
START:  LLY
START:  GTLB
START:  MCD
START:  MSI
START:  HCP
START:  ON
==== MACD list ====
code: AAPL     day: macd - hist - ,  Week: macd + hist - , Month: macd + hist + , 
code: EL       day: macd - hist + ,  Week: macd - hist - , Month: macd - hist - , 
code: NEE      day: macd - hist + ,  Week: macd - hist - , Month: macd - hist - , 
code: AMD      day: macd - hist + ,  Week: macd + hist - , Month: macd + hist + , 
code: APH      day: macd + hist - ,  Week: macd + hist - , Month: macd + hist + , 
code: XLP      day: macd - hist + ,  Week: macd - hist - , Month: macd + hist - , 
code: SPXL     day: macd - hist + ,  Week: macd + hist - , Month: macd + hist + , 
code: KEYS     day: macd - hist + ,  Week: macd - hist - , Month: macd + hist - , 
code: VDC      day: macd - hist + ,  Week: macd - hist - , Month: macd + hist - , 
code: SPTM     day: macd + hist + ,  Week: macd + hist - , Month: macd + hist + , 
code: SPLG     day: macd + hist + ,  Week: macd + hist - , Month: macd + hist + , 
code: CROX     day: macd - hist - ,  Week: macd - hist - , Month: macd + hist - , 
code: AXON     day: macd + hist + ,  Week: macd + hist + , Month: macd + hist + , 
code: AWR      day: macd - hist - ,  Week: macd - hist - , Month: macd + hist - , 
code: FN       day: macd + hist - ,  Week: macd + hist + , Month: macd + hist + , 
code: NXST     day: macd - hist - ,  Week: macd - hist - , Month: macd + hist - , 
code: TREX     day: macd - hist - ,  Week: macd + hist - , Month: macd - hist + , 
code: RGEN     day: macd - hist - ,  Week: macd - hist - , Month: macd - hist - , 
code: EXPO     day: macd - hist + ,  Week: macd - hist + , Month: macd - hist - , 
code: BCPC     day: macd - hist - ,  Week: macd + hist - , Month: macd + hist - , 
code: SOXL     day: macd - hist - ,  Week: macd + hist - , Month: macd - hist + , 
code: TECL     day: macd - hist - ,  Week: macd + hist - , Month: macd + hist + , 
code: NEO      day: macd - hist + ,  Week: macd - hist - , Month: macd - hist + , 
code: NVMI     day: macd - hist - ,  Week: macd + hist - , Month: macd + hist + , 
code: NVDA     day: macd + hist - ,  Week: macd + hist - , Month: macd + hist + , 
code: BBDC     day: macd + hist - ,  Week: macd + hist + , Month: macd - hist + , 
code: APPS     day: macd - hist - ,  Week: macd - hist - , Month: macd - hist - , 
code: ROK      day: macd - hist - ,  Week: macd + hist - , Month: macd + hist + , 
code: NHTC     day: macd - hist + ,  Week: macd - hist - , Month: macd - hist + , 
code: ZYXI     day: macd - hist + ,  Week: macd - hist + , Month: macd - hist - , 
code: LIT      day: macd - hist + ,  Week: macd - hist - , Month: macd - hist - , 
code: LLY      day: macd + hist + ,  Week: macd + hist + , Month: macd + hist + , 
code: GTLB     day: macd + hist + ,  Week: macd + hist + , Month: macd + hist + , 
code: MCD      day: macd - hist + ,  Week: macd - hist - , Month: macd + hist - , 
code: MSI      day: macd - hist + ,  Week: macd + hist - , Month: macd + hist - , 
code: HCP      day: macd - hist - ,  Week: macd - hist - , Month: macd + hist + , 
code: ON       day: macd + hist + ,  Week: macd + hist - , Month: macd + hist + , 
==== MACD sell list ====
code: AAPL     day: macd - hist - , 
code: AAPL     day: macd - hist - ,  Week: macd + hist - , 
code: EL       day: macd - hist + ,  Week: macd - hist - , 
code: EL       day: macd - hist + ,  Week: macd - hist - , Month: macd - hist - , 
code: NEE      day: macd - hist + ,  Week: macd - hist - , 
code: NEE      day: macd - hist + ,  Week: macd - hist - , Month: macd - hist - , 
code: AMD      day: macd - hist + ,  Week: macd + hist - , 
code: APH      day: macd + hist - , 
code: APH      day: macd + hist - ,  Week: macd + hist - , 
code: XLP      day: macd - hist + ,  Week: macd - hist - , 
code: XLP      day: macd - hist + ,  Week: macd - hist - , Month: macd + hist - , 
code: SPXL     day: macd - hist + ,  Week: macd + hist - , 
code: KEYS     day: macd - hist + ,  Week: macd - hist - , 
code: KEYS     day: macd - hist + ,  Week: macd - hist - , Month: macd + hist - , 
code: VDC      day: macd - hist + ,  Week: macd - hist - , 
code: VDC      day: macd - hist + ,  Week: macd - hist - , Month: macd + hist - , 
code: SPTM     day: macd + hist + ,  Week: macd + hist - , 
code: SPLG     day: macd + hist + ,  Week: macd + hist - , 
code: CROX     day: macd - hist - , 
code: CROX     day: macd - hist - ,  Week: macd - hist - , 
code: CROX     day: macd - hist - ,  Week: macd - hist - , Month: macd + hist - , 
code: AWR      day: macd - hist - , 
code: AWR      day: macd - hist - ,  Week: macd - hist - , 
code: AWR      day: macd - hist - ,  Week: macd - hist - , Month: macd + hist - , 
code: FN       day: macd + hist - , 
code: NXST     day: macd - hist - , 
code: NXST     day: macd - hist - ,  Week: macd - hist - , 
code: NXST     day: macd - hist - ,  Week: macd - hist - , Month: macd + hist - , 
code: TREX     day: macd - hist - , 
code: TREX     day: macd - hist - ,  Week: macd + hist - , 
code: RGEN     day: macd - hist - , 
code: RGEN     day: macd - hist - ,  Week: macd - hist - , 
code: RGEN     day: macd - hist - ,  Week: macd - hist - , Month: macd - hist - , 
code: EXPO     day: macd - hist + ,  Week: macd - hist + , Month: macd - hist - , 
code: BCPC     day: macd - hist - , 
code: BCPC     day: macd - hist - ,  Week: macd + hist - , 
code: BCPC     day: macd - hist - ,  Week: macd + hist - , Month: macd + hist - , 
code: SOXL     day: macd - hist - , 
code: SOXL     day: macd - hist - ,  Week: macd + hist - , 
code: TECL     day: macd - hist - , 
code: TECL     day: macd - hist - ,  Week: macd + hist - , 
code: NEO      day: macd - hist + ,  Week: macd - hist - , 
code: NVMI     day: macd - hist - , 
code: NVMI     day: macd - hist - ,  Week: macd + hist - , 
code: NVDA     day: macd + hist - , 
code: NVDA     day: macd + hist - ,  Week: macd + hist - , 
code: BBDC     day: macd + hist - , 
code: APPS     day: macd - hist - , 
code: APPS     day: macd - hist - ,  Week: macd - hist - , 
code: APPS     day: macd - hist - ,  Week: macd - hist - , Month: macd - hist - , 
code: ROK      day: macd - hist - , 
code: ROK      day: macd - hist - ,  Week: macd + hist - , 
code: NHTC     day: macd - hist + ,  Week: macd - hist - , 
code: ZYXI     day: macd - hist + ,  Week: macd - hist + , Month: macd - hist - , 
code: LIT      day: macd - hist + ,  Week: macd - hist - , 
code: LIT      day: macd - hist + ,  Week: macd - hist - , Month: macd - hist - , 
code: MCD      day: macd - hist + ,  Week: macd - hist - , 
code: MCD      day: macd - hist + ,  Week: macd - hist - , Month: macd + hist - , 
code: MSI      day: macd - hist + ,  Week: macd + hist - , 
code: MSI      day: macd - hist + ,  Week: macd + hist - , Month: macd + hist - , 
code: HCP      day: macd - hist - , 
code: HCP      day: macd - hist - ,  Week: macd - hist - , 
code: ON       day: macd + hist + ,  Week: macd + hist - , 
===========================
profit
===========================
==== plus ====
VDC  , macd -, macd hist +, profit:   [0.75], per:    [0.4], now: [190.28], buy: [189.53]
AXON , macd +, macd hist +, profit:  [73.34], per:  [53.09], now: [211.49], buy: [138.15]
FN   , macd +, macd hist -, profit:  [30.99], per:  [26.52], now: [147.85], buy: [116.86]
NVMI , macd -, macd hist -, profit:   [1.47], per:   [1.28], now: [116.12], buy: [114.65]
NVDA , macd +, macd hist -, profit: [197.14], per:  [77.11], now: [452.81], buy: [255.67]
ZYXI , macd -, macd hist +, profit:   [1.88], per:  [29.56], now:   [8.24], buy:   [6.36]
LLY  , macd +, macd hist +, profit: [328.07], per: [121.06], now: [599.07], buy:   [271.]
MCD  , macd -, macd hist +, profit:  [28.32], per:  [11.18], now: [281.79], buy: [253.46]
MSI  , macd -, macd hist +, profit:  [30.51], per:  [12.14], now: [281.92], buy: [251.41]
ON   , macd +, macd hist +, profit:  [37.21], per:  [62.16], now:  [97.07], buy:  [59.86]
-
     plus  len:  10
     profit: [729.68], per: [394.48], per/len(p):  [39.45], per/len(p+m):  [10.66]
-
==== minus ====
AAPL , macd -, macd hist -, profit:       [], per:       [], now: [174.87], buy:       []
EL   , macd -, macd hist +, profit: [-189.26], per: [-55.71], now: [150.49], buy: [339.75]
NEE  , macd -, macd hist +, profit: [-17.21], per: [-20.17], now:  [68.12], buy:  [85.33]
AMD  , macd -, macd hist +, profit: [-13.75], per: [-11.43], now: [106.49], buy: [120.23]
APH  , macd +, macd hist -, profit:       [], per:       [], now:  [86.54], buy:       []
XLP  , macd -, macd hist +, profit:  [-0.71], per:  [-0.97], now:  [71.88], buy:  [72.58]
SPXL , macd -, macd hist +, profit: [-41.06], per: [-31.53], now:  [89.17], buy: [130.23]
KEYS , macd -, macd hist +, profit: [-53.86], per: [-28.95], now:  [132.2], buy: [186.06]
SPTM , macd +, macd hist +, profit:   [-1.8], per:  [-3.19], now:  [54.78], buy:  [56.58]
SPLG , macd +, macd hist +, profit:  [-1.49], per:  [-2.76], now:   [52.5], buy:  [53.99]
CROX , macd -, macd hist -, profit: [-89.09], per: [-50.21], now:  [88.33], buy: [177.42]
AWR  , macd -, macd hist -, profit:       [], per:       [], now:  [82.25], buy:       []
NXST , macd -, macd hist -, profit: [-17.28], per: [-10.63], now: [145.22], buy:  [162.5]
TREX , macd -, macd hist -, profit:  [-2.35], per:  [-3.36], now:  [67.65], buy:    [70.]
RGEN , macd -, macd hist -, profit: [-20.25], per: [-11.27], now: [159.41], buy: [179.66]
EXPO , macd -, macd hist +, profit:  [-11.9], per: [-11.77], now:  [89.21], buy: [101.11]
BCPC , macd -, macd hist -, profit:  [-6.41], per:  [-4.68], now: [130.67], buy: [137.08]
SOXL , macd -, macd hist -, profit: [-20.97], per: [-49.82], now:  [21.12], buy:  [42.09]
TECL , macd -, macd hist -, profit: [-11.71], per: [-19.28], now:  [49.03], buy:  [60.74]
NEO  , macd -, macd hist +, profit:  [-4.11], per: [-23.01], now:  [13.73], buy:  [17.84]
BBDC , macd +, macd hist -, profit:  [-1.67], per: [-15.75], now:   [8.93], buy:   [10.6]
APPS , macd -, macd hist -, profit: [-36.66], per: [-83.96], now:   [7.01], buy:  [43.67]
ROK  , macd -, macd hist -, profit: [-54.56], per: [-15.96], now: [287.33], buy: [341.89]
NHTC , macd -, macd hist +, profit:  [-1.92], per: [-26.78], now:   [5.25], buy:   [7.17]
LIT  , macd -, macd hist +, profit: [-34.24], per: [-37.25], now:  [57.67], buy:  [91.91]
GTLB , macd +, macd hist +, profit:  [-1.42], per:  [-2.69], now:  [51.34], buy:  [52.76]
HCP  , macd -, macd hist -, profit: [-28.65], per: [-52.76], now:  [25.65], buy:   [54.3]
-
     minus len:  27
     profit:       [], per:       [], per/len(m):       [], per/len(p+m):       []
-
==== total ====
     profit:       [], per:       [], per/len(p+m):       []
arg[0]: scraping/yahoo-finace-api2.py, arg[1]: stock-code-list/up-month.txt
===========================
scraping
===========================
START:  A
END:    0.8723316192626953
-
START:  AAON
END:    1.7234561443328857
-
START:  AAPL
END:    2.609179973602295
-
START:  ABG
END:    3.320993423461914
-
START:  ABT
END:    4.138102293014526
-
START:  ACLS
END:    4.751203298568726
-
START:  ACMR
END:    5.119272232055664
-
START:  ACN
END:    5.9382569789886475
-
START:  ADBE
END:    6.528860569000244
-
START:  ADI
END:    7.164524555206299
-
START:  ADP
END:    7.917115926742554
-
START:  ADSK
END:    8.545961141586304
-
START:  ADUS
END:    9.21069598197937
-
START:  AEE
END:    9.933207035064697
-
START:  AGYS
END:    10.655396461486816
-
START:  AIZ
END:    11.374901533126831
-
START:  AJG
END:    12.152890920639038
-
START:  AJRD
END:    12.874030351638794
-
START:  ALB
END:    13.699719905853271
-
START:  ALG
END:    14.58606743812561
-
START:  ALGN
END:    15.344970226287842
-
START:  ALLE
END:    15.777305126190186
-
START:  ALTR
END:    16.191921949386597
-
START:  AMAT
END:    16.79734444618225
-
START:  AMBA
END:    17.395543336868286
-
START:  AMD
END:    17.979870080947876
-
START:  AME
END:    18.865145206451416
-
START:  AMED
END:    19.5054132938385
-
START:  AMEH
END:    20.04338574409485
-
START:  AMGN
END:    20.620622158050537
-
START:  AMN
END:    21.297891855239868
-
START:  AMP
END:    21.99619960784912
-
START:  AMRC
END:    22.635013341903687
-
START:  AMSWA
END:    23.203802347183228
-
START:  AMTX
END:    23.864002466201782
-
START:  AMZN
END:    24.713597059249878
-
START:  AN
END:    25.544883966445923
-
START:  ANSS
END:    26.114120483398438
-
START:  ANTM
Not Found: No data found, symbol may be delisted
START:  AON
END:    27.119879245758057
-
START:  AOSL
END:    27.675646781921387
-
START:  APD
END:    28.263959407806396
-
START:  APH
END:    29.022114276885986
-
START:  APPF
END:    29.493520975112915
-
START:  APPN
END:    29.91248917579651
-
START:  APPS
END:    30.39648962020874
-
START:  AQN
END:    30.971790313720703
-
START:  ARCB
END:    31.705662965774536
-
START:  ARCT
END:    32.148900747299194
-
START:  ARES
END:    32.571606397628784
-
START:  ARGX
END:    33.066972970962524
-
START:  ARWR
END:    33.80431938171387
-
START:  ASML
END:    34.672375440597534
-
START:  ASPN
END:    35.25616931915283
-
START:  ATEC
END:    35.94789385795593
-
START:  ATEN
END:    36.44448900222778
-
START:  ATKR
END:    36.990623235702515
-
START:  ATOM
END:    37.358659744262695
-
START:  ATR
END:    38.13700079917908
-
START:  ATRC
END:    38.770302057266235
-
START:  AUDC
END:    39.32382154464722
-
START:  AUPH
END:    39.72365355491638
-
START:  AVAV
END:    40.30330181121826
-
START:  AVGO
END:    40.81837272644043
-
START:  AVID
END:    41.440868854522705
-
START:  AVNW
END:    42.08922290802002
-
START:  AVXL
END:    42.57211685180664
-
START:  AVY
END:    43.46540093421936
-
START:  AWK
END:    43.980265617370605
-
START:  AWR
END:    44.70961785316467
-
START:  AXON
END:    45.539494037628174
-
START:  AZO
END:    46.08649754524231
-
START:  AZPN
END:    46.70843172073364
-
START:  BAH
END:    47.16936659812927
-
START:  BAM
END:    47.43135952949524
-
START:  BAX
END:    48.36481165885925
-
START:  BBH
END:    48.982370376586914
-
START:  BBQ
END:    49.5890908241272
-
START:  BBY
END:    50.19176983833313
-
START:  BCPC
END:    50.90509247779846
-
START:  BDX
END:    51.56476020812988
-
START:  BEEM
END:    51.99992752075195
-
START:  BFAM
END:    52.430915117263794
-
START:  BFC
END:    53.08902096748352
-
START:  BGFV
END:    53.95121169090271
-
START:  BGNE
END:    54.446385860443115
-
START:  BHVN
END:    54.69295263290405
-
START:  BIO
END:    55.300739765167236
-
START:  BL
END:    55.708972454071045
-
START:  BLD
END:    56.097217321395874
-
START:  BLDP
END:    56.808558225631714
-
START:  BLDR
END:    57.50234508514404
-
START:  BLFS
END:    58.05873894691467
-
START:  BLK
END:    58.70530652999878
-
START:  BLL
Not Found: No data found, symbol may be delisted
START:  BLNK
END:    59.33649969100952
-
START:  BMI
END:    60.08794665336609
-
START:  BOOT
END:    60.581716537475586
-
START:  BOTZ
END:    60.98134803771973
-
START:  BR
END:    61.525872230529785
-
START:  BRKR
END:    62.20793628692627
-
START:  BRKS
Not Found: No data found, symbol may be delisted
START:  BRO
END:    63.26612901687622
-
START:  BURL
END:    63.71428108215332
-
START:  BX
END:    64.30345225334167
-
START:  CABO
END:    64.78085470199585
-
START:  CACI
END:    65.61042809486389
-
START:  CALX
END:    66.05047607421875
-
START:  CAMT
END:    66.69741225242615
-
START:  CAR
END:    67.76369905471802
-
START:  CBRE
END:    68.45225691795349
-
START:  CBSH
END:    69.19232559204102
-
START:  CBZ
END:    69.74416923522949
-
START:  CCOI
END:    70.415696144104
-
START:  CCS
END:    70.83859133720398
-
START:  CDMO
END:    71.51846289634705
-
START:  CDNA
END:    72.03635883331299
-
START:  CDNS
END:    72.54495811462402
-
START:  CDW
END:    73.07697916030884
-
START:  CELH
END:    73.70165586471558
-
START:  CGNX
END:    74.39458799362183
-
START:  CHD
END:    75.26437592506409
-
START:  CHDN
END:    76.09929060935974
-
START:  CHE
END:    76.89305424690247
-
START:  CHGG
END:    77.41548728942871
-
START:  CHH
END:    78.02667260169983
-
START:  CHKP
END:    78.5915150642395
-
START:  CHTR
END:    79.18647789955139
-
START:  CIEN
END:    79.98203492164612
-
START:  CLAR
END:    80.51523661613464
-
START:  CLFD
END:    81.29714870452881
-
START:  CLGN
END:    81.70770788192749
-
START:  CLNE
END:    82.2091875076294
-
START:  CLPT
END:    82.66772556304932
-
START:  CLX
END:    83.4751627445221
-
START:  CMCSA
END:    84.02555823326111
-
START:  CMG
END:    84.58700633049011
-
START:  CMS
END:    85.22297239303589
-
START:  CNC
END:    85.94520211219788
-
START:  CNI
END:    86.54938292503357
-
START:  CNMD
END:    87.39771699905396
-
START:  CNS
END:    88.23214602470398
-
START:  CNXN
END:    89.0486695766449
-
START:  COO
END:    89.73946690559387
-
START:  COST
END:    90.31985878944397
-
START:  COUP
Not Found: No data found, symbol may be delisted
START:  COWN
Not Found: No data found, symbol may be delisted
START:  CP
END:    91.43547630310059
-
START:  CPK
END:    92.30857729911804
-
START:  CPRT
END:    92.98098278045654
-
START:  CPSH
END:    93.5736927986145
-
START:  CRAI
END:    94.39439010620117
-
START:  CREE
Not Found: No data found, symbol may be delisted
START:  CRL
END:    95.23330926895142
-
START:  CRM
END:    95.95922422409058
-
START:  CRMT
END:    96.66363167762756
-
START:  CROX
END:    97.17095041275024
-
START:  CRSP
END:    97.67147469520569
-
START:  CRVL
END:    98.3550374507904
-
START:  CSGP
END:    99.02377438545227
-
START:  CSL
END:    99.77143549919128
-
START:  CSWI
END:    100.36072325706482
-
START:  CSX
END:    101.13256788253784
-
START:  CTAS
END:    101.91580700874329
-
START:  CTLT
END:    102.53049540519714
-
START:  CTRN
END:    103.2173261642456
-
START:  CURE
END:    103.69740796089172
-
START:  CVCO
END:    104.30668568611145
-
START:  CVNA
END:    104.73945808410645
-
START:  CWST
END:    105.46145439147949
-
START:  CWT
END:    106.22044563293457
-
START:  CXSE
END:    106.66683030128479
-
START:  CYBR
END:    107.07738971710205
-
START:  CYRX
END:    107.75738573074341
-
START:  CYTK
END:    108.59086728096008
-
START:  DAC
END:    109.0995020866394
-
START:  DAR
END:    109.76779747009277
-
START:  DAVA
END:    110.11186909675598
-
START:  DDS
END:    110.9623384475708
-
START:  DE
END:    111.64668083190918
-
START:  DECK
END:    112.34127807617188
-
START:  DELL
END:    112.93231272697449
-
START:  DFIN
END:    113.37588405609131
-
START:  DG
END:    113.85925102233887
-
START:  DGRW
END:    114.3756959438324
-
START:  DHI
END:    114.95898675918579
-
START:  DHR
END:    115.79940104484558
-
START:  DIA
END:    116.67005324363708
-
START:  DIOD
END:    117.33998155593872
-
START:  DIS
END:    118.29252076148987
-
START:  DKS
END:    119.14864563941956
-
START:  DLN
END:    119.86488652229309
-
START:  DNLI
END:    120.3397626876831
-
START:  DOMO
END:    120.70031905174255
-
START:  DOV
END:    121.57318568229675
-
START:  DPZ
END:    122.59693002700806
-
START:  DQ
END:    123.1439836025238
-
START:  DRD
END:    123.78146719932556
-
START:  DRIO
END:    124.2084641456604
-
START:  DRNA
Not Found: No data found, symbol may be delisted
START:  DSGX
END:    125.18615388870239
-
START:  DVAX
END:    125.91417074203491
-
START:  DXCM
END:    126.40848469734192
-
START:  ECL
END:    127.03278160095215
-
START:  EFX
END:    127.66931247711182
-
START:  EGAN
END:    128.17821598052979
-
START:  EHC
END:    128.89493560791016
-
START:  EL
END:    129.42978405952454
-
START:  ENPH
END:    129.90742588043213
-
START:  ENSG
END:    130.4581480026245
-
START:  ENTG
END:    131.06578421592712
-
START:  ENV
END:    131.52777218818665
-
START:  EPAM
END:    132.0601725578308
-
START:  ERIE
END:    132.70577216148376
-
START:  ES
END:    133.29076409339905
-
START:  ESE
END:    134.2835111618042
-
START:  ETN
END:    135.07454872131348
-
START:  ETSY
END:    135.54745244979858
-
START:  EVBG
END:    136.11329317092896
-
START:  EVTC
END:    136.64397192001343
-
START:  EW
END:    137.22640466690063
-
START:  EWT
END:    137.93437957763672
-
START:  EXAS
END:    138.49017786979675
-
START:  EXLS
END:    139.19050097465515
-
START:  EXPD
END:    139.88816595077515
-
START:  EXPI
END:    140.2644338607788
-
START:  EXPO
END:    140.8647904396057
-
START:  FAST
END:    141.73438096046448
-
START:  FATE
END:    142.21680307388306
-
START:  FB
Not Found: No data found, symbol may be delisted
START:  FCN
END:    143.23478960990906
-
START:  FCX
END:    143.98539280891418
-
START:  FDN
END:    144.4694516658783
-
START:  FDS
END:    145.3845818042755
-
START:  FELE
END:    146.11126565933228
-
START:  FFIN
END:    146.6849012374878
-
START:  FICO
END:    147.27155780792236
-
START:  FINX
END:    147.8369026184082
-
START:  FIS
END:    148.6965160369873
-
START:  FISV
Not Found: No data found, symbol may be delisted
START:  FIVE
END:    149.3670425415039
-
START:  FIVN
END:    149.77160477638245
-
START:  FLGT
END:    150.21325516700745
-
START:  FLT
END:    150.75270462036133
-
START:  FLWS
END:    151.45820140838623
-
START:  FN
END:    152.01895761489868
-
START:  FND
END:    152.35212063789368
-
START:  FNV
END:    152.87955474853516
-
START:  FORM
END:    153.6141221523285
-
START:  FOXF
END:    154.11903142929077
-
START:  FPX
END:    154.79572749137878
-
START:  FRC
Not Found: No data found, symbol may be delisted
START:  FRHC
END:    155.41887378692627
-
START:  FRPT
END:    155.88879466056824
-
START:  FSS
END:    156.56617712974548
-
START:  FTNT
END:    157.01131677627563
-
START:  FUV
END:    157.4272849559784
-
START:  GDEN
END:    158.1139805316925
-
START:  GFI
END:    158.86315631866455
-
START:  GGG
END:    159.53078484535217
-
START:  GIB
END:    160.14837098121643
-
START:  GLDD
END:    160.71613216400146
-
START:  GLOB
END:    161.28895497322083
-
START:  GMAB
END:    161.80553936958313
-
START:  GME
END:    162.64413166046143
-
START:  GMED
END:    163.1355390548706
-
START:  GNRC
END:    163.65555953979492
-
START:  GNSS
END:    164.24042654037476
-
START:  GNTX
END:    164.8418345451355
-
START:  GOLF
END:    165.29656791687012
-
START:  GOOG
END:    165.90829753875732
-
START:  GOOGL
END:    166.7482306957245
-
START:  GPI
END:    167.60834670066833
-
START:  GPN
END:    168.36016726493835
-
START:  GRBK
END:    169.00418663024902
-
START:  GRMN
END:    169.68491792678833
-
START:  GRVY
END:    170.31257677078247
-
START:  GRWG
END:    170.78525638580322
-
START:  GWRE
END:    171.2391128540039
-
START:  HACK
END:    171.6846935749054
-
START:  HALO
END:    172.2754111289978
-
START:  HCI
END:    172.79588675498962
-
START:  HD
END:    173.66791892051697
-
START:  HEI
END:    174.56684494018555
-
START:  HELE
END:    175.1062228679657
-
START:  HIBB
END:    175.81579875946045
-
START:  HLI
END:    176.26030015945435
-
START:  HLT
END:    176.79854249954224
-
START:  HOLX
END:    177.4602987766266
-
START:  HON
END:    178.4343445301056
-
START:  HOV
END:    178.96228075027466
-
START:  HRC
Not Found: No data found, symbol may be delisted
START:  HRI
END:    179.88241934776306
-
START:  HSKA
Not Found: No data found, symbol may be delisted
START:  HTHT
END:    180.58933353424072
-
START:  HUBS
END:    181.17623019218445
-
START:  HUM
END:    181.7568075656891
-
START:  HZNP
END:    182.29791450500488
-
START:  IAC
END:    183.01150035858154
-
START:  IBP
END:    183.61611700057983
-
START:  ICE
END:    184.4212245941162
-
START:  ICLN
END:    185.11932849884033
-
START:  ICLR
END:    185.75620198249817
-
START:  IDT
END:    186.4559588432312
-
START:  IDXX
END:    187.08508706092834
-
START:  IESC
END:    187.78303933143616
-
START:  IEX
END:    188.56536865234375
-
START:  ILMN
END:    189.2546935081482
-
START:  INFO
Not Found: No data found, symbol may be delisted
START:  INOV
Not Found: No data found, symbol may be delisted
START:  INSP
END:    190.0480341911316
-
START:  INTC
END:    190.90566849708557
-
START:  INTU
END:    191.41358041763306
-
START:  INTZ
END:    192.08390283584595
-
START:  INVE
END:    192.71184253692627
-
START:  IOO
END:    193.4257516860962
-
START:  IQV
END:    193.88524627685547
-
START:  IRDM
END:    194.5521674156189
-
START:  IRMD
END:    195.16652393341064
-
START:  ISEE
Not Found: No data found, symbol may be delisted
START:  ISRG
END:    196.09364414215088
-
START:  IT
END:    196.75590920448303
-
START:  ITT
END:    197.30426287651062
-
START:  ITW
END:    198.02405381202698
-
START:  IVOG
END:    198.48558902740479
-
START:  IVV
END:    199.0640115737915
-
START:  IXJ
END:    199.64958262443542
-
START:  IXN
END:    200.22955179214478
-
START:  J
END:    200.89123439788818
-
START:  JBL
END:    201.57066369056702
-
START:  JBSS
END:    202.30184292793274
-
START:  JD
END:    202.9485158920288
-
START:  JKHY
END:    203.6729257106781
-
START:  JKS
END:    204.20391941070557
-
START:  JNJ
END:    205.14196157455444
-
START:  JOE
END:    205.87533283233643
-
START:  JOUT
END:    206.48540925979614
-
START:  JYNT
END:    207.09060645103455
-
START:  KAI
END:    207.72439241409302
-
START:  KBH
END:    208.49655604362488
-
START:  KBR
END:    209.22963213920593
-
START:  KDMN
Not Found: No data found, symbol may be delisted
START:  KEYS
END:    209.90728998184204
-
START:  KLAC
END:    210.98631811141968
-
START:  KLIC
END:    211.55893301963806
-
START:  KMX
END:    212.11891913414001
-
START:  KNSL
END:    212.55541110038757
-
START:  KOPN
END:    213.18298745155334
-
START:  KOSS
END:    213.79959774017334
-
START:  KRNT
END:    214.3929853439331
-
START:  KSU
Not Found: No data found, symbol may be delisted
START:  KTOS
END:    215.13377976417542
-
START:  LAC
END:    215.68410420417786
-
START:  LAD
END:    216.39085340499878
-
START:  LANC
END:    217.00583839416504
-
START:  LAWS
Not Found: No data found, symbol may be delisted
START:  LDOS
END:    217.73065829277039
-
START:  LFMD
END:    218.21376538276672
-
START:  LGIH
END:    218.62252497673035
-
START:  LH
END:    219.4791476726532
-
START:  LHCG
Not Found: No data found, symbol may be delisted
START:  LHX
END:    220.57300233840942
-
START:  LII
END:    221.34217500686646
-
START:  LIN
END:    222.2208127975464
-
START:  LINC
END:    222.83193254470825
-
START:  LIT
END:    223.39638924598694
-
START:  LLY
END:    224.3225700855255
-
START:  LMT
END:    225.05521154403687
-
START:  LNT
END:    225.6738474369049
-
START:  LOB
END:    226.16866278648376
-
START:  LOGI
END:    226.88687014579773
-
START:  LOVE
END:    227.25859141349792
-
START:  LOW
END:    227.97583985328674
-
START:  LPLA
END:    228.5249719619751
-
START:  LPSN
END:    229.23627495765686
-
START:  LQDT
END:    229.78177690505981
-
START:  LRCX
END:    230.34994959831238
-
START:  LSCC
END:    230.9184684753418
-
START:  LSTR
END:    231.67374753952026
-
START:  LULU
END:    232.29291319847107
-
START:  LUNA
END:    232.8792760372162
-
START:  MA
END:    233.58847212791443
-
START:  MANH
END:    234.14695525169373
-
START:  MANT
Not Found: No data found, symbol may be delisted
START:  MARA
END:    234.79986023902893
-
START:  MASI
END:    235.40803790092468
-
START:  MATX
END:    236.1551218032837
-
START:  MBUU
END:    236.5606279373169
-
START:  MCD
END:    237.31818008422852
-
START:  MCHP
END:    237.96078181266785
-
START:  MCO
END:    238.54101490974426
-
START:  MDB
END:    238.95648670196533
-
START:  MDT
END:    239.67432737350464
-
START:  MEDP
END:    240.03575801849365
-
START:  MEDS
END:    240.52127647399902
-
START:  MELI
END:    241.39955711364746
-
START:  MGC
END:    242.1419322490692
-
START:  MGIC
END:    242.78180074691772
-
START:  MGK
END:    243.55899596214294
-
START:  MGNI
END:    244.14517617225647
-
START:  MHO
END:    244.84657073020935
-
START:  MIME
Not Found: No data found, symbol may be delisted
START:  MITK
END:    245.66085863113403
-
START:  MKC
END:    246.26051354408264
-
START:  MKSI
END:    246.94873309135437
-
START:  MKTX
END:    247.65603065490723
-
START:  MLAB
END:    248.37110495567322
-
START:  MLR
END:    249.01160216331482
-
START:  MMC
END:    249.90624070167542
-
START:  MMS
END:    250.56636261940002
-
START:  MNMD
END:    250.9759361743927
-
START:  MNST
END:    251.54321360588074
-
START:  MODN
END:    252.02674174308777
-
START:  MODV
END:    252.845534324646
-
START:  MOH
END:    253.52746558189392
-
START:  MORN
END:    254.2610945701599
-
START:  MPWR
END:    254.86907172203064
-
START:  MRTX
END:    255.27700686454773
-
START:  MRVL
END:    255.97040510177612
-
START:  MS
END:    256.69963932037354
-
START:  MSA
END:    257.2810184955597
-
START:  MSCI
END:    257.98152565956116
-
START:  MSEX
END:    258.72667932510376
-
START:  MSFT
END:    259.4972434043884
-
START:  MSI
END:    260.32010102272034
-
START:  MSTR
END:    260.97538352012634
-
START:  MTBC
Not Found: No data found, symbol may be delisted
START:  MTCH
END:    261.78882813453674
-
START:  MTD
END:    262.2880530357361
-
START:  MTEX
END:    263.0544261932373
-
START:  MTH
END:    263.91668033599854
-
START:  MTLS
END:    264.337699174881
-
START:  MTSI
END:    264.855096578598
-
START:  MU
END:    265.46804904937744
-
START:  MUSA
END:    265.97525095939636
-
START:  MVIS
END:    266.71249628067017
-
START:  MXL
END:    267.2587990760803
-
START:  MYRG
END:    267.94635939598083
-
START:  NBIX
END:    268.47932720184326
-
START:  NCBS
Not Found: No data found, symbol may be delisted
START:  NDAQ
END:    269.6893062591553
-
START:  NDSN
END:    270.4317395687103
-
START:  NEE
END:    271.11558628082275
-
START:  NEO
END:    271.71575355529785
-
START:  NEOG
END:    272.41273856163025
-
START:  NFLX
END:    273.1574532985687
-
START:  NICE
END:    273.82362151145935
-
START:  NISN
END:    274.25611543655396
-
START:  NKE
END:    275.10978841781616
-
START:  NOVT
END:    275.77231526374817
-
START:  NOW
END:    276.30458641052246
-
START:  NSC
END:    277.11408257484436
-
START:  NSIT
END:    277.7851791381836
-
START:  NSSC
END:    278.48190546035767
-
START:  NSTG
END:    278.9019694328308
-
START:  NTLA
END:    279.45342230796814
-
START:  NTRA
END:    279.9502432346344
-
START:  NUAN
Not Found: No data found, symbol may be delisted
START:  NVCR
END:    280.5703458786011
-
START:  NVDA
END:    281.2838213443756
-
START:  NVMI
END:    281.90746665000916
-
START:  NVO
END:    282.59834480285645
-
START:  NVR
END:    283.3673985004425
-
START:  NXST
END:    284.0150213241577
-
START:  NYT
END:    284.7272598743439
-
START:  OBCI
Not Found: No data found, symbol may be delisted
START:  ODFL
END:    285.8656916618347
-
START:  OEF
END:    286.4521327018738
-
START:  OFLX
END:    287.22476530075073
-
START:  OLED
END:    288.0360338687897
-
START:  OMCL
END:    288.7553656101227
-
START:  ON
END:    289.29433822631836
-
START:  OOMA
END:    289.68611907958984
-
START:  OPRX
END:    290.31826853752136
-
START:  ORA
END:    291.1382517814636
-
START:  ORCL
END:    291.7569365501404
-
START:  ORLY
END:    292.44857382774353
-
START:  ORMP
END:    292.9279508590698
-
START:  OTEX
END:    293.84378838539124
-
START:  PACB
END:    294.3863823413849
-
START:  PAG
END:    295.07781314849854
-
START:  PANW
END:    295.64010095596313
-
START:  PAR
END:    296.19362616539
-
START:  PAYC
END:    296.5840902328491
-
START:  PAYX
END:    297.29472756385803
-
START:  PBD
END:    297.80859088897705
-
START:  PCTY
END:    298.2342793941498
-
START:  PEGA
END:    298.87065625190735
-
START:  PEN
END:    299.4408288002014
-
START:  PENN
END:    299.9745523929596
-
START:  PEP
END:    300.9688673019409
-
START:  PERI
END:    301.5126028060913
-
START:  PFSI
END:    302.14131689071655
-
START:  PGR
END:    306.4883017539978
-
START:  PH
END:    307.132022857666
-
START:  PHM
END:    307.7242109775543
-
START:  PKI
Not Found: No data found, symbol may be delisted
START:  PLL
END:    308.34138679504395
-
START:  PLNT
END:    308.70862102508545
-
START:  PLUG
END:    309.4453868865967
-
START:  PLXS
END:    310.059773683548
-
START:  PODD
END:    310.6540615558624
-
START:  POOL
END:    311.3916766643524
-
START:  POWI
END:    311.93790340423584
-
START:  PRFT
END:    312.7373237609863
-
START:  PRI
END:    313.1968092918396
-
START:  PRTA
END:    313.7286379337311
-
START:  PRTS
END:    314.2136173248291
-
START:  PTSI
END:    314.88490891456604
-
START:  PWR
END:    315.4289565086365
-
START:  PYPL
END:    315.8032522201538
-
START:  QADA
Not Found: No data found, symbol may be delisted
START:  QCLN
END:    316.5615530014038
-
START:  QDEL
END:    317.3520278930664
-
START:  QGEN
END:    317.8773636817932
-
START:  QLYS
END:    318.3682219982147
-
START:  QQQ
END:    318.9449713230133
-
START:  QRVO
END:    319.37849950790405
-
START:  QTWO
END:    319.85995268821716
-
START:  RADA
Not Found: No data found, symbol may be delisted
START:  RAMP
END:    320.76030683517456
-
START:  RBA
END:    321.60524725914
-
START:  RCII
Not Found: No data found, symbol may be delisted
START:  RCKY
END:    322.43803215026855
-
START:  RDNT
END:    323.12734866142273
-
START:  RDVT
END:    323.6328070163727
-
START:  RDWR
END:    324.2456443309784
-
START:  REGI
END:    324.8469126224518
-
START:  RENN
Not Found: No data found, symbol may be delisted
START:  RGEN
END:    325.55552768707275
-
START:  RH
END:    326.17572927474976
-
START:  RILY
END:    326.8247320652008
-
START:  RIOT
END:    327.4272665977478
-
START:  RLI
END:    328.3061246871948
-
START:  RLMD
END:    328.8793797492981
-
START:  RMD
END:    329.69529819488525
-
START:  RNG
END:    330.2222239971161
-
START:  ROBO
END:    330.7654926776886
-
START:  ROCK
END:    331.5693943500519
-
START:  ROK
END:    332.1589741706848
-
START:  ROKU
END:    332.49001121520996
-
START:  ROL
END:    333.0804042816162
-
START:  ROP
END:    333.65162682533264
-
START:  ROST
END:    334.2891848087311
-
START:  RPD
END:    334.70110058784485
-
START:  RPM
END:    335.42895102500916
-
START:  RSG
END:    336.074494600296
-
START:  RTH
END:    336.7701668739319
-
START:  RUN
END:    337.23255586624146
-
START:  RXI
END:    337.8889231681824
-
START:  SAIA
END:    338.6006143093109
-
START:  SAIC
END:    339.2601625919342
-
START:  SAM
END:    339.936270236969
-
START:  SAVA
END:    340.73225593566895
-
START:  SCI
END:    341.3356411457062
-
START:  SCL
END:    342.20265102386475
-
START:  SE
END:    342.54788088798523
-
START:  SEAS
END:    342.95813393592834
-
START:  SEDG
END:    343.31450939178467
-
START:  SFBS
END:    343.84440088272095
-
START:  SGEN
END:    344.5183570384979
-
START:  SGMS
Not Found: No data found, symbol may be delisted
START:  SGRY
END:    345.26088404655457
-
START:  SHOP
END:    345.76899242401123
-
START:  SHW
END:    346.3522744178772
-
START:  SHYF
END:    346.9510569572449
-
START:  SITE
END:    347.41653847694397
-
START:  SIVB
Not Found: No data found, symbol may be delisted
START:  SJW
END:    348.2162358760834
-
START:  SKY
END:    348.7924883365631
-
START:  SLAB
END:    349.6054027080536
-
START:  SLP
END:    350.09493827819824
-
START:  SMH
END:    350.9157614707947
-
START:  SMTC
END:    351.7059636116028
-
START:  SNAP
END:    352.08578610420227
-
START:  SNPS
END:    352.8858199119568
-
START:  SOCL
END:    353.5458846092224
-
START:  SOXL
END:    354.09181451797485
-
START:  SPGI
END:    355.00949001312256
-
START:  SPLG
END:    355.6725959777832
-
START:  SPLK
END:    356.19713497161865
-
START:  SPNS
END:    356.8024551868439
-
START:  SPSC
END:    357.24830651283264
-
START:  SPTM
END:    357.9463241100311
-
START:  SPWH
END:    358.40516448020935
-
START:  SPWR
END:    359.05353808403015
-
START:  SPXC
END:    359.92373490333557
-
START:  SPXL
END:    360.38735699653625
-
START:  SPY
END:    361.1040759086609
-
START:  SPYG
END:    361.7426748275757
-
START:  SQ
END:    362.1158974170685
-
START:  SSD
END:    362.8371889591217
-
START:  SSNC
END:    363.4656527042389
-
START:  SSTK
END:    363.92849946022034
-
START:  STAA
END:    364.52545189857483
-
START:  STE
END:    365.1607873439789
-
START:  SUSA
END:    365.9798948764801
-
START:  SYK
END:    366.6964614391327
-
START:  SYNA
END:    367.4912326335907
-
START:  TBBK
END:    368.0317361354828
-
START:  TBK
Not Found: No data found, symbol may be delisted
START:  TDG
END:    368.82294511795044
-
START:  TDOC
END:    369.34156036376953
-
START:  TDY
END:    370.04598593711853
-
START:  TEAM
END:    370.49520349502563
-
START:  TECH
END:    371.05801725387573
-
START:  TECL
END:    371.566876411438
-
START:  TER
END:    372.39364790916443
-
START:  TFX
END:    373.12806510925293
-
START:  TGH
END:    373.70433163642883
-
START:  TGLS
END:    374.2166130542755
-
START:  TGT
END:    374.83953833580017
-
START:  TGTX
END:    375.2841236591339
-
START:  THC
END:    375.9641399383545
-
START:  TJX
END:    376.54684495925903
-
START:  TMO
END:    377.1916575431824
-
START:  TMUS
END:    377.76641750335693
-
START:  TNDM
END:    378.3767776489258
-
START:  TNET
END:    379.00789880752563
-
START:  TPX
END:    379.57205533981323
-
START:  TREX
END:    380.17313408851624
-
START:  TRI
END:    380.8370952606201
-
START:  TRIL
Not Found: No data found, symbol may be delisted
START:  TRMB
END:    381.59935188293457
-
START:  TRNS
END:    382.1946814060211
-
START:  TROW
END:    382.892107963562
-
START:  TRU
END:    383.3728668689728
-
START:  TRUP
END:    383.8513894081116
-
START:  TSCO
END:    384.43275332450867
-
START:  TSLA
END:    385.14829683303833
-
START:  TSM
END:    385.8298170566559
-
START:  TT
END:    386.6016175746918
-
START:  TTC
END:    387.44650411605835
-
START:  TTD
END:    387.7912757396698
-
START:  TTEC
END:    388.744505405426
-
START:  TTEK
END:    389.4186017513275
-
START:  TTGT
END:    390.0049464702606
-
START:  TTWO
END:    390.59017539024353
-
START:  TWLO
END:    391.0515139102936
-
START:  TXN
END:    391.72754168510437
-
START:  TYL
END:    392.4314458370209
-
START:  UCTT
END:    393.0843994617462
-
START:  UFPI
END:    393.8012125492096
-
START:  UFPT
END:    394.4090540409088
-
START:  UI
END:    394.92241644859314
-
START:  UMC
END:    395.4972290992737
-
START:  UNF
END:    396.20954871177673
-
START:  UNH
END:    397.23863911628723
-
START:  UNP
END:    397.9174060821533
-
START:  UPLD
END:    398.2860224246979
-
START:  URI
END:    398.9891757965088
-
START:  V
END:    399.62191677093506
-
START:  VALU
END:    400.23217821121216
-
START:  VBK
END:    400.7826383113861
-
START:  VCEL
END:    401.26947927474976
-
START:  VCR
END:    401.8357813358307
-
START:  VCTR
END:    402.29316306114197
-
START:  VCYT
END:    402.78785157203674
-
START:  VDC
END:    403.3906686306
-
START:  VEEV
END:    403.8816888332367
-
START:  VERU
END:    404.4330327510834
-
START:  VGT
END:    404.9774286746979
-
START:  VHT
END:    405.6512393951416
-
START:  VIAV
END:    406.1718785762787
-
START:  VICR
END:    406.6460111141205
-
START:  VIG
END:    407.1612961292267
-
START:  VO
END:    407.85166692733765
-
START:  VONE
END:    408.42114639282227
-
START:  VONG
END:    408.8661732673645
-
START:  VOO
END:    409.36689162254333
-
START:  VOOG
END:    410.085999250412
-
START:  VOOV
END:    410.6982820034027
-
START:  VOT
END:    411.4272129535675
-
START:  VPU
END:    411.99509954452515
-
START:  VRNS
END:    412.4801287651062
-
START:  VRSK
END:    412.9531672000885
-
START:  VRSN
END:    413.6467454433441
-
START:  VRTV
END:    414.1086194515228
-
START:  VSTO
END:    414.51436471939087
-
START:  VTHR
END:    415.1847882270813
-
START:  VTI
END:    415.7610297203064
-
START:  VTNR
END:    416.37648940086365
-
START:  VTWG
END:    416.8387188911438
-
START:  VUG
END:    417.66017174720764
-
START:  VV
END:    418.49322605133057
-
START:  VXF
END:    419.1944408416748
-
START:  WCN
END:    420.0152370929718
-
START:  WD
END:    420.4797909259796
-
START:  WDAY
END:    420.9336018562317
-
START:  WDFC
END:    421.8121645450592
-
START:  WEC
END:    422.4033124446869
-
START:  WEN
END:    423.2263252735138
-
START:  WINA
END:    423.7802686691284
-
START:  WING
END:    424.1630983352661
-
START:  WIRE
END:    424.76526641845703
-
START:  WIX
END:    425.2549922466278
-
START:  WK
END:    425.74190521240234
-
START:  WLTW
Not Found: No data found, symbol may be delisted
START:  WM
END:    426.7209577560425
-
START:  WMS
END:    427.1267318725586
-
START:  WNS
END:    427.7434928417206
-
START:  WRB
END:    428.58664774894714
-
START:  WSC
END:    428.99037170410156
-
START:  WSM
END:    429.5923113822937
-
START:  WST
END:    430.3015990257263
-
START:  WTRG
END:    431.07030177116394
-
START:  WTS
END:    431.6970446109772
-
START:  XEL
END:    432.3054931163788
-
START:  XENE
END:    432.72291326522827
-
START:  XLK
END:    433.3001182079315
-
START:  XLNX
Not Found: No data found, symbol may be delisted
START:  XLP
END:    434.24268341064453
-
START:  XLRN
Not Found: No data found, symbol may be delisted
START:  XLU
END:    435.18538427352905
-
START:  XLV
END:    435.77649664878845
-
START:  XLY
END:    436.5007390975952
-
START:  XYL
END:    436.9999158382416
-
START:  YNDX
END:    437.5346701145172
-
START:  YORW
END:    438.23461866378784
-
START:  YUM
END:    439.0763988494873
-
START:  Z
END:    439.52434515953064
-
START:  ZBRA
END:    440.3426146507263
-
START:  ZEN
Not Found: No data found, symbol may be delisted
START:  ZLAB
END:    441.03791880607605
-
START:  ZNGA
Not Found: No data found, symbol may be delisted
START:  ZS
END:    441.72992610931396
-
START:  ZTS
END:    442.4258944988251
-
START:  ZYXI
END:    443.063104391098
-
===========================
MACD golden cross
===========================
START:  code
START:  A
START:  AAON
START:  AAPL
START:  ABG
START:  ABT
START:  ACLS
START:  ACMR
START:  ACN
START:  ADBE
START:  ADI
START:  ADP
START:  ADSK
START:  ADUS
START:  AEE
START:  AGYS
START:  AIZ
START:  AJG
START:  AJRD
START:  ALB
START:  ALG
START:  ALGN
START:  ALLE
START:  ALTR
START:  AMAT
START:  AMBA
START:  AMD
START:  AME
START:  AMED
START:  AMEH
START:  AMGN
START:  AMN
START:  AMP
START:  AMRC
START:  AMSWA
START:  AMTX
START:  AMZN
START:  AN
START:  ANSS
START:  ANTM
START:  AON
START:  AOSL
START:  APD
START:  APH
START:  APPF
START:  APPN
START:  APPS
START:  AQN
START:  ARCB
START:  ARCT
START:  ARES
START:  ARGX
START:  ARWR
START:  ASML
START:  ASPN
START:  ATEC
START:  ATEN
START:  ATKR
START:  ATOM
START:  ATR
START:  ATRC
START:  AUDC
START:  AUPH
START:  AVAV
START:  AVGO
START:  AVID
START:  AVNW
START:  AVXL
START:  AVY
START:  AWK
START:  AWR
START:  AXON
START:  AZO
START:  AZPN
START:  BAH
START:  BAM
START:  BAX
START:  BBH
START:  BBQ
START:  BBY
START:  BCPC
START:  BDX
START:  BEEM
START:  BFAM
START:  BFC
START:  BGFV
START:  BGNE
START:  BHVN
START:  BIO
START:  BL
START:  BLD
START:  BLDP
START:  BLDR
START:  BLFS
START:  BLK
START:  BLL
START:  BLNK
START:  BMI
START:  BOOT
START:  BOTZ
START:  BR
START:  BRKR
START:  BRKS
START:  BRO
START:  BURL
START:  BX
START:  CABO
START:  CACI
START:  CALX
START:  CAMT
START:  CAR
START:  CBRE
START:  CBSH
START:  CBZ
START:  CCOI
START:  CCS
START:  CDMO
START:  CDNA
START:  CDNS
START:  CDW
START:  CELH
START:  CGNX
START:  CHD
START:  CHDN
START:  CHE
START:  CHGG
START:  CHH
START:  CHKP
START:  CHTR
START:  CIEN
START:  CLAR
START:  CLFD
START:  CLGN
START:  CLNE
START:  CLPT
START:  CLX
START:  CMCSA
START:  CMG
START:  CMS
START:  CNC
START:  CNI
START:  CNMD
START:  CNS
START:  CNXN
START:  COO
START:  COST
START:  COUP
START:  COWN
START:  CP
START:  CPK
START:  CPRT
START:  CPSH
START:  CRAI
START:  CREE
START:  CRL
START:  CRM
START:  CRMT
START:  CROX
START:  CRSP
START:  CRVL
START:  CSGP
START:  CSL
START:  CSWI
START:  CSX
START:  CTAS
START:  CTLT
START:  CTRN
START:  CURE
START:  CVCO
START:  CVNA
START:  CWST
START:  CWT
START:  CXSE
START:  CYBR
START:  CYRX
START:  CYTK
START:  DAC
START:  DAR
START:  DAVA
START:  DDS
START:  DE
START:  DECK
START:  DELL
START:  DFIN
START:  DG
START:  DGRW
START:  DHI
START:  DHR
START:  DIA
START:  DIOD
START:  DIS
START:  DKS
START:  DLN
START:  DNLI
START:  DOMO
START:  DOV
START:  DPZ
START:  DQ
START:  DRD
START:  DRIO
START:  DRNA
START:  DSGX
START:  DVAX
START:  DXCM
START:  ECL
START:  EFX
START:  EGAN
START:  EHC
START:  EL
START:  ENPH
START:  ENSG
START:  ENTG
START:  ENV
START:  EPAM
START:  ERIE
START:  ES
START:  ESE
START:  ETN
START:  ETSY
START:  EVBG
START:  EVTC
START:  EW
START:  EWT
START:  EXAS
START:  EXLS
START:  EXPD
START:  EXPI
START:  EXPO
START:  FAST
START:  FATE
START:  FB
START:  FCN
START:  FCX
START:  FDN
START:  FDS
START:  FELE
START:  FFIN
START:  FICO
START:  FINX
START:  FIS
START:  FISV
START:  FIVE
START:  FIVN
START:  FLGT
START:  FLT
START:  FLWS
START:  FN
START:  FND
START:  FNV
START:  FORM
START:  FOXF
START:  FPX
START:  FRC
START:  FRHC
START:  FRPT
START:  FSS
START:  FTNT
START:  FUV
START:  GDEN
START:  GFI
START:  GGG
START:  GIB
START:  GLDD
START:  GLOB
START:  GMAB
START:  GME
START:  GMED
START:  GNRC
START:  GNSS
START:  GNTX
START:  GOLF
START:  GOOG
START:  GOOGL
START:  GPI
START:  GPN
START:  GRBK
START:  GRMN
START:  GRVY
START:  GRWG
START:  GWRE
START:  HACK
START:  HALO
START:  HCI
START:  HD
START:  HEI
START:  HELE
START:  HIBB
START:  HLI
START:  HLT
START:  HOLX
START:  HON
START:  HOV
START:  HRC
START:  HRI
START:  HSKA
START:  HTHT
START:  HUBS
START:  HUM
START:  HZNP
START:  IAC
START:  IBP
START:  ICE
START:  ICLN
START:  ICLR
START:  IDT
START:  IDXX
START:  IESC
START:  IEX
START:  ILMN
START:  INFO
START:  INOV
START:  INSP
START:  INTC
START:  INTU
START:  INTZ
START:  INVE
START:  IOO
START:  IQV
START:  IRDM
START:  IRMD
START:  ISEE
START:  ISRG
START:  IT
START:  ITT
START:  ITW
START:  IVOG
START:  IVV
START:  IXJ
START:  IXN
START:  J
START:  JBL
START:  JBSS
START:  JD
START:  JKHY
START:  JKS
START:  JNJ
START:  JOE
START:  JOUT
START:  JYNT
START:  KAI
START:  KBH
START:  KBR
START:  KDMN
START:  KEYS
START:  KLAC
START:  KLIC
START:  KMX
START:  KNSL
START:  KOPN
START:  KOSS
START:  KRNT
START:  KSU
START:  KTOS
START:  LAC
START:  LAD
START:  LANC
START:  LAWS
START:  LDOS
START:  LFMD
START:  LGIH
START:  LH
START:  LHCG
START:  LHX
START:  LII
START:  LIN
START:  LINC
START:  LIT
START:  LLY
START:  LMT
START:  LNT
START:  LOB
START:  LOGI
START:  LOVE
START:  LOW
START:  LPLA
START:  LPSN
START:  LQDT
START:  LRCX
START:  LSCC
START:  LSTR
START:  LULU
START:  LUNA
START:  MA
START:  MANH
START:  MANT
START:  MARA
START:  MASI
START:  MATX
START:  MBUU
START:  MCD
START:  MCHP
START:  MCO
START:  MDB
START:  MDT
START:  MEDP
START:  MEDS
START:  MELI
START:  MGC
START:  MGIC
START:  MGK
START:  MGNI
START:  MHO
START:  MIME
START:  MITK
START:  MKC
START:  MKSI
START:  MKTX
START:  MLAB
START:  MLR
START:  MMC
START:  MMS
START:  MNMD
START:  MNST
START:  MODN
START:  MODV
START:  MOH
START:  MORN
START:  MPWR
START:  MRTX
START:  MRVL
START:  MS
START:  MSA
START:  MSCI
START:  MSEX
START:  MSFT
START:  MSI
START:  MSTR
START:  MTBC
START:  MTCH
START:  MTD
START:  MTEX
START:  MTH
START:  MTLS
START:  MTSI
START:  MU
START:  MUSA
START:  MVIS
START:  MXL
START:  MYRG
START:  NBIX
START:  NCBS
START:  NDAQ
START:  NDSN
START:  NEE
START:  NEO
START:  NEOG
START:  NFLX
START:  NICE
START:  NISN
START:  NKE
START:  NOVT
START:  NOW
START:  NSC
START:  NSIT
START:  NSSC
START:  NSTG
START:  NTLA
START:  NTRA
START:  NUAN
START:  NVCR
START:  NVDA
START:  NVMI
START:  NVO
START:  NVR
START:  NXST
START:  NYT
START:  OBCI
START:  ODFL
START:  OEF
START:  OFLX
START:  OLED
START:  OMCL
START:  ON
START:  OOMA
START:  OPRX
START:  ORA
START:  ORCL
START:  ORLY
START:  ORMP
START:  OTEX
START:  PACB
START:  PAG
START:  PANW
START:  PAR
START:  PAYC
START:  PAYX
START:  PBD
START:  PCTY
START:  PEGA
START:  PEN
START:  PENN
START:  PEP
START:  PERI
START:  PFSI
START:  PGR
START:  PH
START:  PHM
START:  PKI
START:  PLL
START:  PLNT
START:  PLUG
START:  PLXS
START:  PODD
START:  POOL
START:  POWI
START:  PRFT
START:  PRI
START:  PRTA
START:  PRTS
START:  PTSI
START:  PWR
START:  PYPL
START:  QADA
START:  QCLN
START:  QDEL
START:  QGEN
START:  QLYS
START:  QQQ
START:  QRVO
START:  QTWO
START:  RADA
START:  RAMP
START:  RBA
START:  RCII
START:  RCKY
START:  RDNT
START:  RDVT
START:  RDWR
START:  REGI
START:  RENN
START:  RGEN
START:  RH
START:  RILY
START:  RIOT
START:  RLI
START:  RLMD
START:  RMD
START:  RNG
START:  ROBO
START:  ROCK
START:  ROK
START:  ROKU
START:  ROL
START:  ROP
START:  ROST
START:  RPD
START:  RPM
START:  RSG
START:  RTH
START:  RUN
START:  RXI
START:  SAIA
START:  SAIC
START:  SAM
START:  SAVA
START:  SCI
START:  SCL
START:  SE
START:  SEAS
START:  SEDG
START:  SFBS
START:  SGEN
START:  SGMS
START:  SGRY
START:  SHOP
START:  SHW
START:  SHYF
START:  SITE
START:  SIVB
START:  SJW
START:  SKY
START:  SLAB
START:  SLP
START:  SMH
START:  SMTC
START:  SNAP
START:  SNPS
START:  SOCL
START:  SOXL
START:  SPGI
START:  SPLG
START:  SPLK
START:  SPNS
START:  SPSC
START:  SPTM
START:  SPWH
START:  SPWR
START:  SPXC
START:  SPXL
START:  SPY
START:  SPYG
START:  SQ
START:  SSD
START:  SSNC
START:  SSTK
START:  STAA
START:  STE
START:  SUSA
START:  SYK
START:  SYNA
START:  TBBK
START:  TBK
START:  TDG
START:  TDOC
START:  TDY
START:  TEAM
START:  TECH
START:  TECL
START:  TER
START:  TFX
START:  TGH
START:  TGLS
START:  TGT
START:  TGTX
START:  THC
START:  TJX
START:  TMO
START:  TMUS
START:  TNDM
START:  TNET
START:  TPX
START:  TREX
START:  TRI
START:  TRIL
START:  TRMB
START:  TRNS
START:  TROW
START:  TRU
START:  TRUP
START:  TSCO
START:  TSLA
START:  TSM
START:  TT
START:  TTC
START:  TTD
START:  TTEC
START:  TTEK
START:  TTGT
START:  TTWO
START:  TWLO
START:  TXN
START:  TYL
START:  UCTT
START:  UFPI
START:  UFPT
START:  UI
START:  UMC
START:  UNF
START:  UNH
START:  UNP
START:  UPLD
START:  URI
START:  V
START:  VALU
START:  VBK
START:  VCEL
START:  VCR
START:  VCTR
START:  VCYT
START:  VDC
START:  VEEV
START:  VERU
START:  VGT
START:  VHT
START:  VIAV
START:  VICR
START:  VIG
START:  VO
START:  VONE
START:  VONG
START:  VOO
START:  VOOG
START:  VOOV
START:  VOT
START:  VPU
START:  VRNS
START:  VRSK
START:  VRSN
START:  VRTV
START:  VSTO
START:  VTHR
START:  VTI
START:  VTNR
START:  VTWG
START:  VUG
START:  VV
START:  VXF
START:  WCN
START:  WD
START:  WDAY
START:  WDFC
START:  WEC
START:  WEN
START:  WINA
START:  WING
START:  WIRE
START:  WIX
START:  WK
START:  WLTW
START:  WM
START:  WMS
START:  WNS
START:  WRB
START:  WSC
START:  WSM
START:  WST
START:  WTRG
START:  WTS
START:  XEL
START:  XENE
START:  XLK
START:  XLNX
START:  XLP
START:  XLRN
START:  XLU
START:  XLV
START:  XLY
START:  XYL
START:  YNDX
START:  YORW
START:  YUM
START:  Z
START:  ZBRA
START:  ZEN
START:  ZLAB
START:  ZNGA
START:  ZS
START:  ZTS
START:  ZYXI
==== MACD golden cross ====
None
code: CTAS     day: macd + hist + hist_1pre + ,  Week: macd + hist + hist_1pre - , Month: macd + hist + hist_1pre + , 
Trade --> code: CTAS   BUY: 2011-03-31   30.28 SELL: 2023-09-30  510.80  macd:   32.97 macd_count: 151 profit: 16.87

code: DPZ      day: macd + hist + hist_1pre + ,  Week: macd + hist + hist_1pre - , Month: macd - hist + hist_1pre + , 
Trade --> code: DPZ    BUY: 2006-11-30   27.46 SELL: 2007-09-30   16.59  macd:   -0.38 macd_count:  10 profit:  0.60
Trade --> code: DPZ    BUY: 2010-07-31   12.79 SELL: 2022-09-30  310.20  macd:   -4.58 macd_count: 146 profit: 24.25

code: MUSA     day: macd + hist + hist_1pre - ,  Week: macd + hist + hist_1pre - , Month: macd + hist + hist_1pre - , 
Trade --> code: MUSA   BUY: 2015-12-31   60.74 SELL: 2023-09-30  328.57  macd:   31.74 macd_count:  94 profit:  5.41

code: NUAN     day: macd + hist + hist_1pre + ,  Week: macd + hist + hist_1pre - , Month: macd + hist - hist_1pre - , 
Trade --> code: NUAN   BUY: 2005-11-30    5.38 SELL: 2008-11-30    7.94  macd:   -0.14 macd_count:  36 profit:  1.48
Trade --> code: NUAN   BUY: 2009-12-31   13.44 SELL: 2013-05-31   16.44  macd:   -0.10 macd_count:  41 profit:  1.22
Trade --> code: NUAN   BUY: 2015-11-30   18.11 SELL: 2016-07-31   13.90  macd:   -0.05 macd_count:   8 profit:  0.77
Trade --> code: NUAN   BUY: 2017-05-31   16.01 SELL: 2017-09-30   13.60  macd:   -0.04 macd_count:   4 profit:  0.85
Trade --> code: NUAN   BUY: 2019-04-30   14.56 SELL: 2022-03-31   55.99  macd:    7.14 macd_count:  36 profit:  3.85

code: RCII     day: macd + hist + hist_1pre + ,  Week: macd + hist + hist_1pre - , Month: macd - hist + hist_1pre + , 
Trade --> code: RCII   BUY: 2006-10-31   28.76 SELL: 2007-07-31   19.41  macd:   -0.10 macd_count:   9 profit:  0.67
Trade --> code: RCII   BUY: 2010-03-31   23.65 SELL: 2014-01-31   24.94  macd:   -0.00 macd_count:  46 profit:  1.05
Trade --> code: RCII   BUY: 2018-12-31   16.19 SELL: 2022-05-31   27.54  macd:   -0.82 macd_count:  41 profit:  1.70

code: RLI      day: macd + hist + hist_1pre + ,  Week: macd + hist + hist_1pre - , Month: macd + hist - hist_1pre - , 
Trade --> code: RLI    BUY: 2006-01-31   27.33 SELL: 2009-04-30   24.01  macd:   -0.12 macd_count:  39 profit:  0.88
Trade --> code: RLI    BUY: 2010-04-30   29.00 SELL: 2023-09-30  136.32  macd:    7.35 macd_count: 162 profit:  4.70

code: SYK      day: macd + hist + hist_1pre + ,  Week: macd + hist + hist_1pre - , Month: macd + hist + hist_1pre + , 
Trade --> code: SYK    BUY: 2006-01-31   49.90 SELL: 2006-04-30   43.75  macd:   -0.01 macd_count:   3 profit:  0.88
Trade --> code: SYK    BUY: 2006-09-30   49.59 SELL: 2008-11-30   38.92  macd:   -0.67 macd_count:  26 profit:  0.78
Trade --> code: SYK    BUY: 2010-04-30   57.44 SELL: 2010-07-31   46.57  macd:   -0.20 macd_count:   3 profit:  0.81
Trade --> code: SYK    BUY: 2011-01-31   57.56 SELL: 2011-11-30   48.83  macd:   -0.15 macd_count:  10 profit:  0.85
Trade --> code: SYK    BUY: 2012-02-29   53.64 SELL: 2022-09-30  202.54  macd:   -2.16 macd_count: 127 profit:  3.78
Trade --> code: SYK    BUY: 2023-01-31  253.81 SELL: 2023-09-30  295.19  macd:   14.42 macd_count:   9 profit:  1.16

code: TSLA     day: macd + hist + hist_1pre + ,  Week: macd + hist + hist_1pre - , Month: macd + hist + hist_1pre + , 
Trade --> code: TSLA   BUY: 2012-10-31    1.88 SELL: 2019-05-31   12.34  macd:   -0.43 macd_count:  79 profit:  6.58
Trade --> code: TSLA   BUY: 2019-12-31   27.89 SELL: 2023-01-31  173.22  macd:   -0.17 macd_count:  37 profit:  6.21
Trade --> code: TSLA   BUY: 2023-07-31  267.43 SELL: 2023-09-30  272.93  macd:    6.16 macd_count:   3 profit:  1.02

