Sat Aug  6 13:51:30 UTC 2022
arg[0]: scraping/yahoo-finace-api2.py, arg[1]: stock-code-list/buy-list.txt
===========================
scraping
===========================
START:  AAPL
END:    0.47867727279663086
-
START:  EL
END:    0.8567287921905518
-
START:  NEE
END:    1.2645297050476074
-
START:  AMD
END:    1.60609769821167
-
START:  APH
END:    1.9836649894714355
-
START:  XLP
END:    2.3624260425567627
-
START:  SPXL
END:    2.6350643634796143
-
START:  KEYS
END:    2.872833013534546
-
START:  VDC
END:    3.2396202087402344
-
START:  SPTM
END:    3.647479295730591
-
START:  SPLG
END:    3.9258689880371094
-
START:  CROX
END:    4.241556644439697
-
START:  AXON
END:    4.59859561920166
-
START:  AWR
END:    4.952521562576294
-
START:  FN
END:    5.192035436630249
-
START:  NXST
END:    5.576192140579224
-
START:  TREX
END:    5.9011852741241455
-
START:  RGEN
END:    7.258622407913208
-
START:  EXPO
END:    7.561878204345703
-
START:  BCPC
END:    7.993118762969971
-
START:  SOXL
END:    9.292665719985962
-
START:  TECL
END:    9.630736112594604
-
START:  NEO
END:    9.936849594116211
-
START:  NVMI
END:    11.334688663482666
-
START:  NVDA
END:    11.69711971282959
-
START:  BBDC
END:    12.015987634658813
-
START:  APPS
END:    12.320443391799927
-
START:  ROK
END:    12.726962089538574
-
START:  NHTC
END:    14.071557998657227
-
START:  ZYXI
END:    14.387909412384033
-
START:  LIT
END:    14.611278057098389
-
START:  LLY
END:    15.05476188659668
-
START:  GTLB
END:    15.120787143707275
-
START:  MCD
END:    16.554476499557495
-
START:  MSI
END:    16.959754943847656
-
START:  HCP
END:    17.044209957122803
-
START:  ON
END:    17.38572359085083
-
===========================
MACD sell
===========================
START:  AAPL
START:  EL
START:  NEE
START:  AMD
START:  APH
START:  XLP
START:  SPXL
START:  KEYS
START:  VDC
START:  SPTM
START:  SPLG
START:  CROX
START:  AXON
START:  AWR
START:  FN
START:  NXST
START:  TREX
START:  RGEN
START:  EXPO
START:  BCPC
START:  SOXL
START:  TECL
START:  NEO
START:  NVMI
START:  NVDA
START:  BBDC
START:  APPS
START:  ROK
START:  NHTC
START:  ZYXI
START:  LIT
START:  LLY
START:  GTLB
START:  MCD
START:  MSI
START:  HCP
START:  ON
==== MACD list ====
code: AAPL     day: macd + hist + ,  Week: macd + hist + , Month: macd + hist - , 
code: EL       day: macd + hist + ,  Week: macd - hist + , Month: macd + hist - , 
code: NEE      day: macd + hist + ,  Week: macd + hist + , Month: macd + hist - , 
code: AMD      day: macd + hist + ,  Week: macd - hist + , Month: macd + hist - , 
code: APH      day: macd + hist + ,  Week: macd - hist + , Month: macd + hist - , 
code: XLP      day: macd + hist + ,  Week: macd - hist + , Month: macd + hist - , 
code: SPXL     day: macd + hist + ,  Week: macd - hist + , Month: macd + hist - , 
code: KEYS     day: macd + hist + ,  Week: macd + hist + , Month: macd + hist - , 
code: VDC      day: macd + hist + ,  Week: macd - hist + , Month: macd + hist - , 
code: SPTM     day: macd + hist + ,  Week: macd - hist + , Month: macd + hist - , 
code: SPLG     day: macd + hist + ,  Week: macd - hist + , Month: macd + hist - , 
code: CROX     day: macd + hist + ,  Week: macd - hist + , Month: macd + hist - , 
code: AXON     day: macd + hist + ,  Week: macd - hist + , Month: macd + hist - , 
code: AWR      day: macd + hist + ,  Week: macd + hist + , Month: macd + hist - , 
code: FN       day: macd + hist + ,  Week: macd - hist + , Month: macd + hist - , 
code: NXST     day: macd + hist + ,  Week: macd + hist + , Month: macd + hist + , 
code: TREX     day: macd + hist + ,  Week: macd - hist + , Month: macd - hist - , 
code: RGEN     day: macd + hist + ,  Week: macd + hist + , Month: macd + hist - , 
code: EXPO     day: macd + hist + ,  Week: macd - hist + , Month: macd + hist - , 
code: BCPC     day: macd + hist - ,  Week: macd - hist + , Month: macd + hist - , 
code: SOXL     day: macd + hist + ,  Week: macd - hist + , Month: macd - hist - , 
code: TECL     day: macd + hist + ,  Week: macd - hist + , Month: macd + hist - , 
code: NEO      day: macd + hist + ,  Week: macd - hist + , Month: macd - hist - , 
code: NVMI     day: macd + hist + ,  Week: macd - hist + , Month: macd + hist - , 
code: NVDA     day: macd + hist + ,  Week: macd - hist + , Month: macd + hist - , 
code: BBDC     day: macd + hist + ,  Week: macd - hist + , Month: macd + hist - , 
code: APPS     day: macd + hist + ,  Week: macd - hist + , Month: macd - hist - , 
code: ROK      day: macd + hist + ,  Week: macd - hist + , Month: macd + hist - , 
code: NHTC     day: macd + hist + ,  Week: macd - hist + , Month: macd - hist - , 
code: ZYXI     day: macd + hist + ,  Week: macd + hist + , Month: macd - hist - , 
code: LIT      day: macd + hist + ,  Week: macd - hist + , Month: macd + hist - , 
code: LLY      day: macd - hist - ,  Week: macd + hist - , Month: macd + hist + , 
code: GTLB     day: macd + hist + ,  Week: macd + hist + , Month: macd + hist + , 
code: MCD      day: macd + hist + ,  Week: macd + hist + , Month: macd + hist - , 
code: MSI      day: macd + hist + ,  Week: macd + hist + , Month: macd + hist - , 
code: HCP      day: macd + hist + ,  Week: macd - hist + , Month: macd + hist + , 
code: ON       day: macd + hist + ,  Week: macd + hist + , Month: macd + hist + , 
==== MACD sell list ====
code: AAPL     day: macd + hist + ,  Week: macd + hist + , Month: macd + hist - , 
code: EL       day: macd + hist + ,  Week: macd - hist + , Month: macd + hist - , 
code: NEE      day: macd + hist + ,  Week: macd + hist + , Month: macd + hist - , 
code: AMD      day: macd + hist + ,  Week: macd - hist + , Month: macd + hist - , 
code: APH      day: macd + hist + ,  Week: macd - hist + , Month: macd + hist - , 
code: XLP      day: macd + hist + ,  Week: macd - hist + , Month: macd + hist - , 
code: SPXL     day: macd + hist + ,  Week: macd - hist + , Month: macd + hist - , 
code: KEYS     day: macd + hist + ,  Week: macd + hist + , Month: macd + hist - , 
code: VDC      day: macd + hist + ,  Week: macd - hist + , Month: macd + hist - , 
code: SPTM     day: macd + hist + ,  Week: macd - hist + , Month: macd + hist - , 
code: SPLG     day: macd + hist + ,  Week: macd - hist + , Month: macd + hist - , 
code: CROX     day: macd + hist + ,  Week: macd - hist + , Month: macd + hist - , 
code: AXON     day: macd + hist + ,  Week: macd - hist + , Month: macd + hist - , 
code: AWR      day: macd + hist + ,  Week: macd + hist + , Month: macd + hist - , 
code: FN       day: macd + hist + ,  Week: macd - hist + , Month: macd + hist - , 
code: TREX     day: macd + hist + ,  Week: macd - hist + , Month: macd - hist - , 
code: RGEN     day: macd + hist + ,  Week: macd + hist + , Month: macd + hist - , 
code: EXPO     day: macd + hist + ,  Week: macd - hist + , Month: macd + hist - , 
code: BCPC     day: macd + hist - , 
code: BCPC     day: macd + hist - ,  Week: macd - hist + , Month: macd + hist - , 
code: SOXL     day: macd + hist + ,  Week: macd - hist + , Month: macd - hist - , 
code: TECL     day: macd + hist + ,  Week: macd - hist + , Month: macd + hist - , 
code: NEO      day: macd + hist + ,  Week: macd - hist + , Month: macd - hist - , 
code: NVMI     day: macd + hist + ,  Week: macd - hist + , Month: macd + hist - , 
code: NVDA     day: macd + hist + ,  Week: macd - hist + , Month: macd + hist - , 
code: BBDC     day: macd + hist + ,  Week: macd - hist + , Month: macd + hist - , 
code: APPS     day: macd + hist + ,  Week: macd - hist + , Month: macd - hist - , 
code: ROK      day: macd + hist + ,  Week: macd - hist + , Month: macd + hist - , 
code: NHTC     day: macd + hist + ,  Week: macd - hist + , Month: macd - hist - , 
code: ZYXI     day: macd + hist + ,  Week: macd + hist + , Month: macd - hist - , 
code: LIT      day: macd + hist + ,  Week: macd - hist + , Month: macd + hist - , 
code: LLY      day: macd - hist - , 
code: LLY      day: macd - hist - ,  Week: macd + hist - , 
code: MCD      day: macd + hist + ,  Week: macd + hist + , Month: macd + hist - , 
code: MSI      day: macd + hist + ,  Week: macd + hist + , Month: macd + hist - , 
===========================
profit
===========================
==== plus ====
NEE  , macd +, macd hist +, profit:   [2.65], per:   [3.11], now:  [87.98], buy:  [85.33]
XLP  , macd +, macd hist +, profit:   [2.06], per:   [2.84], now:  [74.64], buy:  [72.58]
VDC  , macd +, macd hist +, profit:   [2.68], per:   [1.41], now: [192.21], buy: [189.53]
NXST , macd +, macd hist +, profit:  [31.53], per:   [19.4], now: [194.03], buy:  [162.5]
RGEN , macd +, macd hist +, profit:  [66.61], per:  [37.08], now: [246.27], buy: [179.66]
ZYXI , macd +, macd hist +, profit:   [2.98], per:  [46.86], now:   [9.34], buy:   [6.36]
LLY  , macd -, macd hist -, profit:  [30.32], per:  [11.19], now: [301.32], buy:   [271.]
GTLB , macd +, macd hist +, profit:  [13.07], per:  [24.77], now:  [65.83], buy:  [52.76]
MCD  , macd +, macd hist +, profit:   [5.77], per:   [2.28], now: [259.23], buy: [253.46]
ON   , macd +, macd hist +, profit:   [7.77], per:  [12.98], now:  [67.63], buy:  [59.86]
-
     plus  len:  10
     profit: [165.44], per: [161.91], per/len(p):  [16.19], per/len(p+m):   [4.38]
-
==== minus ====
AAPL , macd +, macd hist +, profit:       [], per:       [], now: [165.35], buy:       []
EL   , macd +, macd hist +, profit: [-69.01], per: [-20.31], now: [270.74], buy: [339.75]
AMD  , macd +, macd hist +, profit: [-17.92], per:  [-14.9], now: [102.31], buy: [120.23]
APH  , macd +, macd hist +, profit:       [], per:       [], now:  [77.54], buy:       []
SPXL , macd +, macd hist +, profit: [-45.17], per: [-34.68], now:  [85.06], buy: [130.23]
KEYS , macd +, macd hist +, profit:  [-18.8], per:  [-10.1], now: [167.26], buy: [186.06]
SPTM , macd +, macd hist +, profit:  [-5.65], per:  [-9.99], now:  [50.93], buy:  [56.58]
SPLG , macd +, macd hist +, profit:  [-5.37], per:  [-9.95], now:  [48.62], buy:  [53.99]
CROX , macd +, macd hist +, profit: [-103.81], per: [-58.51], now:  [73.61], buy: [177.42]
AXON , macd +, macd hist +, profit: [-21.86], per: [-15.82], now: [116.29], buy: [138.15]
AWR  , macd +, macd hist +, profit:       [], per:       [], now:  [87.83], buy:       []
FN   , macd +, macd hist +, profit: [-19.87], per:   [-17.], now:  [96.99], buy: [116.86]
TREX , macd +, macd hist +, profit:  [-5.39], per:   [-7.7], now:  [64.61], buy:    [70.]
EXPO , macd +, macd hist +, profit:  [-2.26], per:  [-2.24], now:  [98.85], buy: [101.11]
BCPC , macd +, macd hist -, profit:  [-9.57], per:  [-6.98], now: [127.51], buy: [137.08]
SOXL , macd +, macd hist +, profit: [-20.53], per: [-48.78], now:  [21.56], buy:  [42.09]
TECL , macd +, macd hist +, profit: [-18.35], per: [-30.21], now:  [42.39], buy:  [60.74]
NEO  , macd +, macd hist +, profit:  [-7.63], per: [-42.77], now:  [10.21], buy:  [17.84]
NVMI , macd +, macd hist +, profit:  [-7.03], per:  [-6.13], now: [107.62], buy: [114.65]
NVDA , macd +, macd hist +, profit: [-65.78], per: [-25.73], now: [189.89], buy: [255.67]
BBDC , macd +, macd hist +, profit:  [-0.66], per:  [-6.23], now:   [9.94], buy:   [10.6]
APPS , macd +, macd hist +, profit: [-20.79], per: [-47.61], now:  [22.88], buy:  [43.67]
ROK  , macd +, macd hist +, profit: [-89.65], per: [-26.22], now: [252.24], buy: [341.89]
NHTC , macd +, macd hist +, profit:  [-1.64], per: [-22.87], now:   [5.53], buy:   [7.17]
LIT  , macd +, macd hist +, profit: [-15.98], per: [-17.39], now:  [75.93], buy:  [91.91]
MSI  , macd +, macd hist +, profit:   [-1.2], per:  [-0.48], now: [250.21], buy: [251.41]
HCP  , macd +, macd hist +, profit: [-16.48], per: [-30.35], now:  [37.82], buy:   [54.3]
-
     minus len:  27
     profit:       [], per:       [], per/len(m):       [], per/len(p+m):       []
-
==== total ====
     profit:       [], per:       [], per/len(p+m):       []
arg[0]: scraping/yahoo-finace-api2.py, arg[1]: stock-code-list/up-month.txt
===========================
scraping
===========================
START:  A
END:    0.41155362129211426
-
START:  AAON
END:    0.747377872467041
-
START:  AAPL
END:    1.1123459339141846
-
START:  ABG
END:    1.4496092796325684
-
START:  ABT
END:    1.85146164894104
-
START:  ACLS
END:    2.170696496963501
-
START:  ACMR
END:    2.32087779045105
-
START:  ACN
END:    2.6888999938964844
-
START:  ADBE
END:    3.049032211303711
-
START:  ADI
END:    3.4467692375183105
-
START:  ADP
END:    3.860107183456421
-
START:  ADSK
END:    4.180382013320923
-
START:  ADUS
END:    4.430427312850952
-
START:  AEE
END:    4.80881142616272
-
START:  AGYS
END:    5.152288198471069
-
START:  AIZ
END:    5.485651731491089
-
START:  AJG
END:    5.87167501449585
-
START:  AJRD
END:    7.313914775848389
-
START:  ALB
END:    7.701848268508911
-
START:  ALG
END:    8.087390184402466
-
START:  ALGN
END:    8.405580759048462
-
START:  ALLE
END:    8.59105634689331
-
START:  ALTR
END:    9.735663414001465
-
START:  AMAT
END:    10.113579511642456
-
START:  AMBA
END:    10.322995901107788
-
START:  AMD
END:    10.665172100067139
-
START:  AME
END:    11.045158386230469
-
START:  AMED
END:    11.383890628814697
-
START:  AMEH
END:    11.592684745788574
-
START:  AMGN
END:    11.95114254951477
-
START:  AMN
END:    12.265788555145264
-
START:  AMP
END:    12.608417510986328
-
START:  AMRC
END:    12.859866380691528
-
START:  AMSWA
END:    14.278458833694458
-
START:  AMTX
END:    14.547337293624878
-
START:  AMZN
END:    14.89378809928894
-
START:  AN
END:    15.222523927688599
-
START:  ANSS
END:    15.584907531738281
-
START:  ANTM
END:    16.927919387817383
-
START:  AON
END:    17.334089279174805
-
START:  AOSL
END:    17.579733848571777
-
START:  APD
END:    18.013816833496094
-
START:  APH
END:    18.39780855178833
-
START:  APPF
END:    18.561516761779785
-
START:  APPN
END:    18.705217838287354
-
START:  APPS
END:    18.955549716949463
-
START:  AQN
END:    19.19423770904541
-
START:  ARCB
END:    19.62973165512085
-
START:  ARCT
END:    20.827250003814697
-
START:  ARES
END:    21.034047842025757
-
START:  ARGX
END:    21.200198650360107
-
START:  ARWR
END:    21.539472341537476
-
START:  ASML
END:    21.89297604560852
-
START:  ASPN
END:    22.1197030544281
-
START:  ATEC
END:    22.37694025039673
-
START:  ATEN
END:    22.571638584136963
-
START:  ATKR
END:    23.727572679519653
-
START:  ATOM
END:    23.858139991760254
-
START:  ATR
END:    25.29581880569458
-
START:  ATRC
END:    25.5911762714386
-
START:  AUDC
END:    25.930819749832153
-
START:  AUPH
END:    26.093607664108276
-
START:  AVAV
END:    27.389972925186157
-
START:  AVGO
END:    27.669164180755615
-
START:  AVID
END:    28.02506923675537
-
START:  AVNW
END:    29.38402771949768
-
START:  AVXL
END:    29.636520385742188
-
START:  AVY
END:    30.08104181289673
-
START:  AWK
END:    30.371649026870728
-
START:  AWR
END:    30.748013734817505
-
START:  AXON
END:    31.093441486358643
-
START:  AZO
END:    31.442534923553467
-
START:  AZPN
END:    31.76453423500061
-
START:  BAH
END:    32.02968144416809
-
START:  BAM
END:    32.47188401222229
-
START:  BAX
END:    32.88900637626648
-
START:  BBH
END:    33.263742446899414
-
START:  BBQ
END:    34.59607291221619
-
START:  BBY
END:    34.98163366317749
-
START:  BCPC
END:    35.326963901519775
-
START:  BDX
END:    35.74981880187988
-
START:  BEEM
END:    35.975449323654175
-
START:  BFAM
END:    36.180654525756836
-
START:  BFC
END:    36.502785205841064
-
START:  BGFV
END:    36.832619428634644
-
START:  BGNE
END:    38.0063316822052
-
START:  BHVN
END:    38.147987604141235
-
START:  BIO
END:    38.48509764671326
-
START:  BL
END:    38.631044149398804
-
START:  BLD
END:    39.80529427528381
-
START:  BLDP
END:    40.123534202575684
-
START:  BLDR
END:    40.40481114387512
-
START:  BLFS
END:    40.70388674736023
-
START:  BLK
END:    41.075347661972046
-
START:  BLL
Not Found: No data found, symbol may be delisted
START:  BLNK
END:    42.370466470718384
-
START:  BMI
END:    43.76641249656677
-
START:  BOOT
END:    44.985180377960205
-
START:  BOTZ
END:    45.145995140075684
-
START:  BR
END:    45.45693922042847
-
START:  BRKR
END:    46.808581590652466
-
START:  BRKS
Not Found: No data found, symbol may be delisted
START:  BRO
END:    47.27003335952759
-
START:  BURL
END:    47.514615297317505
-
START:  BX
END:    47.8310182094574
-
START:  CABO
END:    49.04886817932129
-
START:  CACI
END:    50.41299843788147
-
START:  CALX
END:    50.648945808410645
-
START:  CAMT
END:    50.99621081352234
-
START:  CAR
END:    51.35566997528076
-
START:  CBRE
END:    51.64968180656433
-
START:  CBSH
END:    52.03031063079834
-
START:  CBZ
END:    52.354358434677124
-
START:  CCOI
END:    53.72917675971985
-
START:  CCS
END:    53.92717123031616
-
START:  CDMO
END:    54.25946235656738
-
START:  CDNA
END:    54.43649673461914
-
START:  CDNS
END:    54.79011249542236
-
START:  CDW
END:    54.97184658050537
-
START:  CELH
END:    56.26233768463135
-
START:  CGNX
END:    57.60518431663513
-
START:  CHD
END:    58.00300717353821
-
START:  CHDN
END:    58.36858057975769
-
START:  CHE
END:    58.755736112594604
-
START:  CHGG
END:    58.98303699493408
-
START:  CHH
END:    59.386098861694336
-
START:  CHKP
END:    60.7537407875061
-
START:  CHTR
END:    60.9951856136322
-
START:  CIEN
END:    61.33568859100342
-
START:  CLAR
END:    61.695735692977905
-
START:  CLFD
END:    62.03059244155884
-
START:  CLGN
END:    62.162513732910156
-
START:  CLNE
END:    62.430033683776855
-
START:  CLPT
END:    62.66091012954712
-
START:  CLX
END:    63.083874225616455
-
START:  CMCSA
END:    64.46861290931702
-
START:  CMG
END:    64.77201247215271
-
START:  CMS
END:    65.20649123191833
-
START:  CNC
END:    65.55348634719849
-
START:  CNI
END:    65.96544790267944
-
START:  CNMD
END:    66.34149980545044
-
START:  CNS
END:    66.678555727005
-
START:  CNXN
END:    68.05712795257568
-
START:  COO
END:    68.45745921134949
-
START:  COST
END:    69.85041832923889
-
START:  COUP
END:    70.00053834915161
-
START:  COWN
END:    71.30091834068298
-
START:  CP
END:    71.77184557914734
-
START:  CPK
END:    72.19233345985413
-
START:  CPRT
END:    72.5337724685669
-
START:  CPSH
END:    72.84885215759277
-
START:  CRAI
END:    73.17201209068298
-
START:  CREE
Not Found: No data found, symbol may be delisted
START:  CRL
END:    73.59430956840515
-
START:  CRM
END:    74.8956618309021
-
START:  CRMT
END:    75.23383116722107
-
START:  CROX
END:    76.5333731174469
-
START:  CRSP
END:    76.67682671546936
-
START:  CRVL
END:    78.03572392463684
-
START:  CSGP
END:    78.35075235366821
-
START:  CSL
END:    78.73837351799011
-
START:  CSWI
END:    78.91931390762329
-
START:  CSX
END:    80.33798003196716
-
START:  CTAS
END:    80.78143453598022
-
START:  CTLT
END:    80.96244215965271
-
START:  CTRN
END:    81.26984786987305
-
START:  CURE
END:    81.5133445262909
-
START:  CVCO
END:    81.84396386146545
-
START:  CVNA
END:    81.96489548683167
-
START:  CWST
END:    82.30293154716492
-
START:  CWT
END:    85.7070243358612
-
START:  CXSE
END:    85.89674758911133
-
START:  CYBR
END:    86.04719185829163
-
START:  CYRX
END:    86.32711291313171
-
START:  CYTK
END:    86.6509337425232
-
START:  DAC
END:    87.99713325500488
-
START:  DAR
END:    88.33100175857544
-
START:  DAVA
END:    88.5239610671997
-
START:  DDS
END:    88.89022779464722
-
START:  DE
END:    89.27950024604797
-
START:  DECK
END:    89.62667679786682
-
START:  DELL
END:    89.77953696250916
-
START:  DFIN
END:    89.92680096626282
-
START:  DG
END:    90.28355383872986
-
START:  DGRW
END:    90.5181086063385
-
START:  DHI
END:    90.90184760093689
-
START:  DHR
END:    91.27780294418335
-
START:  DIA
END:    92.68609094619751
-
START:  DIOD
END:    93.00744009017944
-
START:  DIS
END:    93.42399072647095
-
START:  DKS
END:    94.79458999633789
-
START:  DLN
END:    95.13584518432617
-
START:  DNLI
END:    95.26847910881042
-
START:  DOMO
END:    95.40488934516907
-
START:  DOV
END:    95.82802677154541
-
START:  DPZ
END:    96.13849568367004
-
START:  DQ
END:    96.39352655410767
-
START:  DRD
END:    96.80514240264893
-
START:  DRIO
END:    96.96573305130005
-
START:  DRNA
Not Found: No data found, symbol may be delisted
START:  DSGX
END:    97.34731101989746
-
START:  DVAX
END:    97.62721705436707
-
START:  DXCM
END:    97.93690586090088
-
START:  ECL
END:    98.31140947341919
-
START:  EFX
END:    99.73726916313171
-
START:  EGAN
END:    100.06635689735413
-
START:  EHC
END:    101.4385917186737
-
START:  EL
END:    101.7890112400055
-
START:  ENPH
END:    101.98119282722473
-
START:  ENSG
END:    102.27259349822998
-
START:  ENTG
END:    103.6105306148529
-
START:  ENV
END:    103.82207655906677
-
START:  EPAM
END:    104.04333424568176
-
START:  ERIE
END:    104.37039041519165
-
START:  ES
END:    104.75861597061157
-
START:  ESE
END:    105.13333320617676
-
START:  ETN
END:    105.58483600616455
-
START:  ETSY
END:    105.73984384536743
-
START:  EVBG
END:    105.87269425392151
-
START:  EVTC
END:    109.1294195652008
-
START:  EW
END:    109.47696828842163
-
START:  EWT
END:    109.84554076194763
-
START:  EXAS
END:    110.17455339431763
-
START:  EXLS
END:    110.44613742828369
-
START:  EXPD
END:    110.7918267250061
-
START:  EXPI
END:    110.92958974838257
-
START:  EXPO
END:    111.26174211502075
-
START:  FAST
END:    112.65626192092896
-
START:  FATE
END:    112.90027523040771
-
START:  FB
END:    113.09903335571289
-
START:  FCN
END:    113.42651867866516
-
START:  FCX
END:    113.81013536453247
-
START:  FDN
END:    114.07244753837585
-
START:  FDS
END:    114.44147443771362
-
START:  FELE
END:    114.87226438522339
-
START:  FFIN
END:    116.25115203857422
-
START:  FICO
END:    116.62055373191833
-
START:  FINX
END:    116.75767374038696
-
START:  FIS
END:    120.18004250526428
-
START:  FISV
END:    120.49924063682556
-
START:  FIVE
END:    120.70679831504822
-
START:  FIVN
END:    120.90015387535095
-
START:  FLGT
END:    121.0486114025116
-
START:  FLT
END:    121.27993035316467
-
START:  FLWS
END:    121.61163711547852
-
START:  FN
END:    121.81864428520203
-
START:  FND
END:    122.98670220375061
-
START:  FNV
END:    123.26867365837097
-
START:  FORM
END:    123.61482572555542
-
START:  FOXF
END:    123.77898216247559
-
START:  FPX
END:    124.08691382408142
-
START:  FRC
END:    124.32943987846375
-
START:  FRHC
END:    124.46811890602112
-
START:  FRPT
END:    124.6659038066864
-
START:  FSS
END:    125.06044507026672
-
START:  FTNT
END:    125.30360341072083
-
START:  FUV
END:    125.44171643257141
-
START:  GDEN
END:    126.77737951278687
-
START:  GFI
END:    127.19680571556091
-
START:  GGG
END:    128.61298847198486
-
START:  GIB
END:    129.9496898651123
-
START:  GLDD
END:    130.2055299282074
-
START:  GLOB
END:    130.38176798820496
-
START:  GMAB
END:    130.67441868782043
-
START:  GME
END:    131.04556035995483
-
START:  GMED
END:    131.26165461540222
-
START:  GNRC
END:    131.50828456878662
-
START:  GNSS
END:    131.86761951446533
-
START:  GNTX
END:    132.20824575424194
-
START:  GOLF
END:    132.3680362701416
-
START:  GOOG
END:    133.70100021362305
-
START:  GOOGL
END:    134.01928973197937
-
START:  GPI
END:    134.38014841079712
-
START:  GPN
END:    135.76727676391602
-
START:  GRBK
END:    137.08130288124084
-
START:  GRMN
END:    137.40470910072327
-
START:  GRVY
END:    137.7868435382843
-
START:  GRWG
END:    137.89917278289795
-
START:  GWRE
END:    138.1281452178955
-
START:  HACK
END:    138.302481174469
-
START:  HALO
END:    138.62568020820618
-
START:  HCI
END:    138.90244698524475
-
START:  HD
END:    140.3226191997528
-
START:  HEI
END:    140.72351932525635
-
START:  HELE
END:    141.07601046562195
-
START:  HIBB
END:    142.4515495300293
-
START:  HLI
END:    142.62672567367554
-
START:  HLT
END:    142.84580039978027
-
START:  HOLX
END:    144.24579286575317
-
START:  HON
END:    144.70776319503784
-
START:  HOV
END:    145.02628564834595
-
START:  HRC
Not Found: No data found, symbol may be delisted
START:  HRI
END:    145.4448266029358
-
START:  HSKA
END:    145.75570845603943
-
START:  HTHT
END:    147.02254796028137
-
START:  HUBS
END:    147.17314100265503
-
START:  HUM
END:    147.5637493133545
-
START:  HZNP
END:    147.77962732315063
-
START:  IAC
END:    148.10314798355103
-
START:  IBP
END:    148.3085811138153
-
START:  ICE
END:    148.6373553276062
-
START:  ICLN
END:    148.9121277332306
-
START:  ICLR
END:    149.24709129333496
-
START:  IDT
END:    149.60978627204895
-
START:  IDXX
END:    149.93113589286804
-
START:  IESC
END:    151.284330368042
-
START:  IEX
END:    151.66030883789062
-
START:  ILMN
END:    151.9961862564087
-
START:  INFO
Not Found: No data found, symbol may be delisted
START:  INOV
Not Found: No data found, symbol may be delisted
START:  INSP
END:    152.23660802841187
-
START:  INTC
END:    152.60853457450867
-
START:  INTU
END:    154.01603245735168
-
START:  INTZ
END:    154.3411362171173
-
START:  INVE
END:    154.71384572982788
-
START:  IOO
END:    155.0413670539856
-
START:  IQV
END:    155.23588466644287
-
START:  IRDM
END:    155.48297023773193
-
START:  IRMD
END:    155.67480897903442
-
START:  ISEE
END:    156.86997509002686
-
START:  ISRG
END:    158.2303159236908
-
START:  IT
END:    158.57424354553223
-
START:  ITT
END:    158.99982810020447
-
START:  ITW
END:    159.3986566066742
-
START:  IVOG
END:    159.64003539085388
-
START:  IVV
END:    161.0317258834839
-
START:  IXJ
END:    161.38616013526917
-
START:  IXN
END:    161.75550055503845
-
START:  J
END:    162.13948488235474
-
START:  JBL
END:    162.47240114212036
-
START:  JBSS
END:    162.83757948875427
-
START:  JD
END:    162.99137568473816
-
START:  JKHY
END:    163.36868906021118
-
START:  JKS
END:    163.60589218139648
-
START:  JNJ
END:    164.05668878555298
-
START:  JOE
END:    164.46333575248718
-
START:  JOUT
END:    164.81007742881775
-
START:  JYNT
END:    165.99135065078735
-
START:  KAI
END:    166.33505487442017
-
START:  KBH
END:    166.73789739608765
-
START:  KBR
END:    167.02101945877075
-
START:  KDMN
Not Found: No data found, symbol may be delisted
START:  KEYS
END:    168.33567905426025
-
START:  KLAC
END:    168.69759130477905
-
START:  KLIC
END:    169.05550074577332
-
START:  KMX
END:    170.4309265613556
-
START:  KNSL
END:    170.61408853530884
-
START:  KOPN
END:    170.92303442955017
-
START:  KOSS
END:    171.26655745506287
-
START:  KRNT
END:    171.45095491409302
-
START:  KSU
Not Found: No data found, symbol may be delisted
START:  KTOS
END:    174.87558317184448
-
START:  LAC
END:    175.1315200328827
-
START:  LAD
END:    175.50530910491943
-
START:  LANC
END:    175.90949702262878
-
START:  LAWS
Not Found: No data found, symbol may be delisted
START:  LDOS
END:    177.30897641181946
-
START:  LFMD
END:    177.56305241584778
-
START:  LGIH
END:    177.74301290512085
-
START:  LH
END:    178.0651352405548
-
START:  LHCG
END:    178.3596203327179
-
START:  LHX
END:    178.79524493217468
-
START:  LII
END:    179.13243126869202
-
START:  LIN
END:    179.4722900390625
-
START:  LINC
END:    179.77307391166687
-
START:  LIT
END:    180.02355980873108
-
START:  LLY
END:    180.45293402671814
-
START:  LMT
END:    180.8848419189453
-
START:  LNT
END:    181.28311729431152
-
START:  LOB
END:    182.45125555992126
-
START:  LOGI
END:    182.80795001983643
-
START:  LOVE
END:    182.9457004070282
-
START:  LOW
END:    184.3707892894745
-
START:  LPLA
END:    184.60145592689514
-
START:  LPSN
END:    184.93933010101318
-
START:  LQDT
END:    185.218421459198
-
START:  LRCX
END:    186.5638427734375
-
START:  LSCC
END:    186.9223165512085
-
START:  LSTR
END:    188.3190357685089
-
START:  LULU
END:    189.61510705947876
-
START:  LUNA
END:    189.94311952590942
-
START:  MA
END:    191.29589867591858
-
START:  MANH
END:    191.63873672485352
-
START:  MANT
END:    191.9853756427765
-
START:  MARA
END:    193.2330994606018
-
START:  MASI
END:    193.501362323761
-
START:  MATX
END:    193.91871571540833
-
START:  MBUU
END:    194.1169741153717
-
START:  MCD
END:    194.55101346969604
-
START:  MCHP
END:    194.8945198059082
-
START:  MCO
END:    195.26494550704956
-
START:  MDB
END:    196.4310941696167
-
START:  MDT
END:    196.84415125846863
-
START:  MEDP
END:    196.99843001365662
-
START:  MEDS
END:    198.16887593269348
-
START:  MELI
END:    198.4852020740509
-
START:  MGC
END:    198.7782325744629
-
START:  MGIC
END:    200.14911484718323
-
START:  MGK
END:    200.44505786895752
-
START:  MGNI
END:    200.64701533317566
-
START:  MHO
END:    201.0050446987152
-
START:  MIME
Not Found: No data found, symbol may be delisted
START:  MITK
END:    203.4143385887146
-
START:  MKC
END:    203.82599902153015
-
START:  MKSI
END:    205.2225513458252
-
START:  MKTX
END:    205.55012392997742
-
START:  MLAB
END:    205.8940327167511
-
START:  MLR
END:    207.23091626167297
-
START:  MMC
END:    207.658136844635
-
START:  MMS
END:    208.05669903755188
-
START:  MNMD
END:    209.23320269584656
-
START:  MNST
END:    210.58143162727356
-
START:  MODN
END:    211.79319405555725
-
START:  MODV
END:    212.123925447464
-
START:  MOH
END:    212.464013338089
-
START:  MORN
END:    212.7688434123993
-
START:  MPWR
END:    213.08770847320557
-
START:  MRTX
END:    213.28696179389954
-
START:  MRVL
END:    213.61081528663635
-
START:  MS
END:    215.03572273254395
-
START:  MSA
END:    216.4314670562744
-
START:  MSCI
END:    216.70809960365295
-
START:  MSEX
END:    217.08614873886108
-
START:  MSFT
END:    217.46651935577393
-
START:  MSI
END:    219.00385427474976
-
START:  MSTR
END:    219.33974409103394
-
START:  MTBC
END:    219.5318808555603
-
START:  MTCH
END:    219.85824823379517
-
START:  MTD
END:    220.1922082901001
-
START:  MTEX
END:    220.57014989852905
-
START:  MTH
END:    220.8818838596344
-
START:  MTLS
END:    221.0697054862976
-
START:  MTSI
END:    221.30375814437866
-
START:  MU
END:    221.69127535820007
-
START:  MUSA
END:    221.90214014053345
-
START:  MVIS
END:    223.23147892951965
-
START:  MXL
END:    226.59336185455322
-
START:  MYRG
END:    226.82799410820007
-
START:  NBIX
END:    228.14252090454102
-
START:  NCBS
Not Found: No data found, symbol may be delisted
START:  NDAQ
END:    228.5905363559723
-
START:  NDSN
END:    229.996027469635
-
START:  NEE
END:    230.42595887184143
-
START:  NEO
END:    230.76310849189758
-
START:  NEOG
END:    231.11660075187683
-
START:  NFLX
END:    231.4543652534485
-
START:  NICE
END:    231.80881786346436
-
START:  NISN
END:    231.9975073337555
-
START:  NKE
END:    232.41652655601501
-
START:  NOVT
END:    232.76601243019104
-
START:  NOW
END:    232.9844298362732
-
START:  NSC
END:    233.37506127357483
-
START:  NSIT
END:    233.68193888664246
-
START:  NSSC
END:    233.99728202819824
-
START:  NSTG
END:    234.1816520690918
-
START:  NTLA
END:    234.33939743041992
-
START:  NTRA
END:    234.48211216926575
-
START:  NUAN
END:    234.84541583061218
-
START:  NVCR
END:    235.01534795761108
-
START:  NVDA
END:    235.34833431243896
-
START:  NVMI
END:    235.66685390472412
-
START:  NVO
END:    236.06371450424194
-
START:  NVR
END:    237.41005158424377
-
START:  NXST
END:    237.72612118721008
-
START:  NYT
END:    238.09462451934814
-
START:  OBCI
END:    238.42710256576538
-
START:  ODFL
END:    238.7677628993988
-
START:  OEF
END:    239.1222698688507
-
START:  OFLX
END:    240.43947553634644
-
START:  OLED
END:    241.81821012496948
-
START:  OMCL
END:    242.18704390525818
-
START:  ON
END:    242.50786232948303
-
START:  OOMA
END:    242.67523312568665
-
START:  OPRX
END:    242.9118354320526
-
START:  ORA
END:    243.2479178905487
-
START:  ORCL
END:    243.60416436195374
-
START:  ORLY
END:    244.97613382339478
-
START:  ORMP
END:    245.24248385429382
-
START:  OTEX
END:    245.56262969970703
-
START:  PACB
END:    245.76229548454285
-
START:  PAG
END:    246.1546106338501
-
START:  PANW
END:    246.37475633621216
-
START:  PAR
END:    246.70849537849426
-
START:  PAYC
END:    246.90158653259277
-
START:  PAYX
END:    247.3045461177826
-
START:  PBD
END:    247.56219005584717
-
START:  PCTY
END:    247.71872854232788
-
START:  PEGA
END:    248.09260511398315
-
START:  PEN
END:    249.28427052497864
-
START:  PENN
END:    249.59952068328857
-
START:  PEP
END:    250.04552006721497
-
START:  PERI
END:    250.34371733665466
-
START:  PFSI
END:    251.55688953399658
-
START:  PGR
END:    254.97338247299194
-
START:  PH
END:    255.45008945465088
-
START:  PHM
END:    255.90158462524414
-
START:  PKI
END:    256.3317520618439
-
START:  PLL
END:    256.46801948547363
-
START:  PLNT
END:    256.64172172546387
-
START:  PLUG
END:    256.9389522075653
-
START:  PLXS
END:    258.2818183898926
-
START:  PODD
END:    258.54199838638306
-
START:  POOL
END:    258.9090521335602
-
START:  POWI
END:    259.3070299625397
-
START:  PRFT
END:    259.61250710487366
-
START:  PRI
END:    259.8885700702667
-
START:  PRTA
END:    260.0737910270691
-
START:  PRTS
END:    260.34097599983215
-
START:  PTSI
END:    261.70796513557434
-
START:  PWR
END:    262.014657497406
-
START:  PYPL
END:    262.1961932182312
-
START:  QADA
Not Found: No data found, symbol may be delisted
START:  QCLN
END:    263.55747413635254
-
START:  QDEL
END:    263.8944478034973
-
START:  QGEN
END:    265.2631821632385
-
START:  QLYS
END:    265.48336243629456
-
START:  QQQ
END:    265.83938121795654
-
START:  QRVO
END:    266.01914644241333
-
START:  QTWO
END:    266.2095866203308
-
START:  RADA
END:    266.54736137390137
-
START:  RAMP
END:    266.8883626461029
-
START:  RBA
END:    267.22334337234497
-
START:  RCII
END:    268.59491181373596
-
START:  RCKY
END:    268.96454787254333
-
START:  RDNT
END:    269.2861053943634
-
START:  RDVT
END:    270.43988394737244
-
START:  RDWR
END:    270.7766978740692
-
START:  REGI
END:    272.02129459381104
-
START:  RENN
END:    272.2466230392456
-
START:  RGEN
END:    273.61533212661743
-
START:  RH
END:    273.8278670310974
-
START:  RILY
END:    274.0812270641327
-
START:  RIOT
END:    275.25352668762207
-
START:  RLI
END:    275.6499104499817
-
START:  RLMD
END:    275.83195185661316
-
START:  RMD
END:    276.17383074760437
-
START:  RNG
END:    277.33475828170776
-
START:  ROBO
END:    277.5214431285858
-
START:  ROCK
END:    277.85994696617126
-
START:  ROK
END:    279.26571679115295
-
START:  ROKU
END:    280.4242916107178
-
START:  ROL
END:    280.82749795913696
-
START:  ROP
END:    282.2328736782074
-
START:  ROST
END:    282.61514163017273
-
START:  RPD
END:    282.7862253189087
-
START:  RPM
END:    284.2314989566803
-
START:  RSG
END:    284.6003351211548
-
START:  RTH
END:    284.95650577545166
-
START:  RUN
END:    285.13505935668945
-
START:  RXI
END:    285.40486550331116
-
START:  SAIA
END:    285.74710297584534
-
START:  SAIC
END:    286.9508090019226
-
START:  SAM
END:    287.2950105667114
-
START:  SAVA
END:    287.62438678741455
-
START:  SCI
END:    288.04339599609375
-
START:  SCL
END:    288.46971702575684
-
START:  SE
END:    289.63481974601746
-
START:  SEAS
END:    289.84679412841797
-
START:  SEDG
END:    290.03910183906555
-
START:  SFBS
END:    293.298725605011
-
START:  SGEN
END:    293.61989188194275
-
START:  SGMS
Not Found: No data found, symbol may be delisted
START:  SGRY
END:    293.8172435760498
-
START:  SHOP
END:    295.0092513561249
-
START:  SHW
END:    295.41749358177185
-
START:  SHYF
END:    296.8134329319
-
START:  SITE
END:    297.01512145996094
-
START:  SIVB
END:    297.4029884338379
-
START:  SJW
END:    297.79764342308044
-
START:  SKY
END:    298.1887741088867
-
START:  SLAB
END:    298.5344557762146
-
START:  SLP
END:    298.95718455314636
-
START:  SMH
END:    300.3176703453064
-
START:  SMTC
END:    300.655392408371
-
START:  SNAP
END:    300.8059501647949
-
START:  SNPS
END:    301.14092540740967
-
START:  SOCL
END:    301.34317898750305
-
START:  SOXL
END:    301.57523560523987
-
START:  SPGI
END:    301.9672632217407
-
START:  SPLG
END:    303.29656505584717
-
START:  SPLK
END:    303.52260160446167
-
START:  SPNS
END:    303.8597197532654
-
START:  SPSC
END:    305.108980178833
-
START:  SPTM
END:    305.5025522708893
-
START:  SPWH
END:    305.67113423347473
-
START:  SPWR
END:    305.989693403244
-
START:  SPXC
END:    306.38426184654236
-
START:  SPXL
END:    307.6781470775604
-
START:  SPY
END:    308.14193320274353
-
START:  SPYG
END:    308.5504310131073
-
START:  SQ
END:    309.71809792518616
-
START:  SSD
END:    310.0641396045685
-
START:  SSNC
END:    310.3238344192505
-
START:  SSTK
END:    310.5000605583191
-
START:  STAA
END:    310.83304929733276
-
START:  STE
END:    312.22276306152344
-
START:  SUSA
END:    312.5592911243439
-
START:  SYK
END:    312.9037983417511
-
START:  SYNA
END:    313.221435546875
-
START:  TBBK
END:    313.51117396354675
-
START:  TBK
END:    314.70627903938293
-
START:  TDG
END:    315.01244282722473
-
START:  TDOC
END:    315.1898093223572
-
START:  TDY
END:    316.53473591804504
-
START:  TEAM
END:    316.6750023365021
-
START:  TECH
END:    317.02691292762756
-
START:  TECL
END:    317.32639622688293
-
START:  TER
END:    317.7037994861603
-
START:  TFX
END:    319.09501457214355
-
START:  TGH
END:    319.35045766830444
-
START:  TGLS
END:    319.5390429496765
-
START:  TGT
END:    319.9462637901306
-
START:  TGTX
END:    320.17969250679016
-
START:  THC
END:    320.53963327407837
-
START:  TJX
END:    321.95391297340393
-
START:  TMO
END:    322.3058760166168
-
START:  TMUS
END:    323.5979323387146
-
START:  TNDM
END:    323.7988963127136
-
START:  TNET
END:    323.97989654541016
-
START:  TPX
END:    324.2859773635864
-
START:  TREX
END:    324.6326277256012
-
START:  TRI
END:    325.04160714149475
-
START:  TRIL
Not Found: No data found, symbol may be delisted
START:  TRMB
END:    326.4175033569336
-
START:  TRNS
END:    326.73310256004333
-
START:  TROW
END:    327.12200474739075
-
START:  TRU
END:    327.28120398521423
-
START:  TRUP
END:    328.48306155204773
-
START:  TSCO
END:    328.8274145126343
-
START:  TSLA
END:    329.06330823898315
-
START:  TSM
END:    330.4168598651886
-
START:  TT
END:    330.8792128562927
-
START:  TTC
END:    331.2433776855469
-
START:  TTD
END:    331.38652062416077
-
START:  TTEC
END:    331.7462363243103
-
START:  TTEK
END:    332.1001613140106
-
START:  TTGT
END:    332.36622428894043
-
START:  TTWO
END:    333.7395923137665
-
START:  TWLO
END:    333.89054465293884
-
START:  TXN
END:    334.3335511684418
-
START:  TYL
END:    335.6922974586487
-
START:  UCTT
END:    335.99389266967773
-
START:  UFPI
END:    336.39529371261597
-
START:  UFPT
END:    336.7121284008026
-
START:  UI
END:    336.95665884017944
-
START:  UMC
END:    338.39045906066895
-
START:  UNF
END:    338.7545790672302
-
START:  UNH
END:    339.1065356731415
-
START:  UNP
END:    340.58375310897827
-
START:  UPLD
END:    340.7557487487793
-
START:  URI
END:    341.08680534362793
-
START:  V
END:    341.3817834854126
-
START:  VALU
END:    342.7923495769501
-
START:  VBK
END:    343.14202642440796
-
START:  VCEL
END:    343.47601294517517
-
START:  VCR
END:    343.8235080242157
-
START:  VCTR
END:    343.96010184288025
-
START:  VCYT
END:    345.1786324977875
-
START:  VDC
END:    345.55730748176575
-
START:  VEEV
END:    345.755179643631
-
START:  VERU
END:    346.09969544410706
-
START:  VGT
END:    347.44496393203735
-
START:  VHT
END:    347.81956815719604
-
START:  VIAV
END:    348.12997794151306
-
START:  VICR
END:    348.4642264842987
-
START:  VIG
END:    348.7453877925873
-
START:  VO
END:    349.08796286582947
-
START:  VONE
END:    349.3875639438629
-
START:  VONG
END:    349.633163690567
-
START:  VOO
END:    350.9133117198944
-
START:  VOOG
END:    351.16253638267517
-
START:  VOOV
END:    351.4083614349365
-
START:  VOT
END:    352.7341649532318
-
START:  VPU
END:    354.1278100013733
-
START:  VRNS
END:    354.38854908943176
-
START:  VRSK
END:    354.6384768486023
-
START:  VRSN
END:    355.98707699775696
-
START:  VRTV
END:    356.17062401771545
-
START:  VSTO
END:    357.34881830215454
-
START:  VTHR
END:    357.59320521354675
-
START:  VTI
END:    357.997980594635
-
START:  VTNR
END:    358.3104078769684
-
START:  VTWG
END:    358.6163640022278
-
START:  VUG
END:    358.9464931488037
-
START:  VV
END:    359.29693031311035
-
START:  VXF
END:    359.66124415397644
-
START:  WCN
END:    360.0355713367462
-
START:  WD
END:    360.29000329971313
-
START:  WDAY
END:    367.83953189849854
-
START:  WDFC
END:    368.2437210083008
-
START:  WEC
END:    368.65180563926697
-
START:  WEN
END:    369.0519754886627
-
START:  WINA
END:    369.4039583206177
-
START:  WING
END:    369.5562741756439
-
START:  WIRE
END:    369.94475626945496
-
START:  WIX
END:    370.1368525028229
-
START:  WK
END:    370.30134892463684
-
START:  WLTW
Not Found: No data found, symbol may be delisted
START:  WM
END:    370.72688698768616
-
START:  WMS
END:    370.92955207824707
-
START:  WNS
END:    371.2061822414398
-
START:  WRB
END:    371.5964448451996
-
START:  WSC
END:    371.7567632198334
-
START:  WSM
END:    372.09502267837524
-
START:  WST
END:    372.4883885383606
-
START:  WTRG
END:    372.9295747280121
-
START:  WTS
END:    373.359582901001
-
START:  XEL
END:    373.7796537876129
-
START:  XENE
END:    373.94896626472473
-
START:  XLK
END:    374.36599254608154
-
START:  XLNX
Not Found: No data found, symbol may be delisted
START:  XLP
END:    374.8103322982788
-
START:  XLRN
Not Found: No data found, symbol may be delisted
START:  XLU
END:    375.2094347476959
-
START:  XLV
END:    376.568163394928
-
START:  XLY
END:    376.96053290367126
-
START:  XYL
END:    377.16467547416687
-
START:  YNDX
END:    377.3628830909729
-
START:  YORW
END:    377.71911430358887
-
START:  YUM
END:    378.0785849094391
-
START:  Z
END:    378.24071192741394
-
START:  ZBRA
END:    378.53787422180176
-
START:  ZEN
END:    378.7290098667145
-
START:  ZLAB
END:    381.90045738220215
-
START:  ZNGA
Not Found: No data found, symbol may be delisted
START:  ZS
END:    382.1359689235687
-
START:  ZTS
END:    382.34755539894104
-
START:  ZYXI
END:    382.7246980667114
-
===========================
MACD golden cross
===========================
START:  code
START:  A
START:  AAON
START:  AAPL
START:  ABG
START:  ABT
START:  ACLS
START:  ACMR
START:  ACN
START:  ADBE
START:  ADI
START:  ADP
START:  ADSK
START:  ADUS
START:  AEE
START:  AGYS
START:  AIZ
START:  AJG
START:  AJRD
START:  ALB
START:  ALG
START:  ALGN
START:  ALLE
START:  ALTR
START:  AMAT
START:  AMBA
START:  AMD
START:  AME
START:  AMED
START:  AMEH
START:  AMGN
START:  AMN
START:  AMP
START:  AMRC
START:  AMSWA
START:  AMTX
START:  AMZN
START:  AN
START:  ANSS
START:  ANTM
START:  AON
START:  AOSL
START:  APD
START:  APH
START:  APPF
START:  APPN
START:  APPS
START:  AQN
START:  ARCB
START:  ARCT
START:  ARES
START:  ARGX
START:  ARWR
START:  ASML
START:  ASPN
START:  ATEC
START:  ATEN
START:  ATKR
START:  ATOM
START:  ATR
START:  ATRC
START:  AUDC
START:  AUPH
START:  AVAV
START:  AVGO
START:  AVID
START:  AVNW
START:  AVXL
START:  AVY
START:  AWK
START:  AWR
START:  AXON
START:  AZO
START:  AZPN
START:  BAH
START:  BAM
START:  BAX
START:  BBH
START:  BBQ
START:  BBY
START:  BCPC
START:  BDX
START:  BEEM
START:  BFAM
START:  BFC
START:  BGFV
START:  BGNE
START:  BHVN
START:  BIO
START:  BL
START:  BLD
START:  BLDP
START:  BLDR
START:  BLFS
START:  BLK
START:  BLL
START:  BLNK
START:  BMI
START:  BOOT
START:  BOTZ
START:  BR
START:  BRKR
START:  BRKS
START:  BRO
START:  BURL
START:  BX
START:  CABO
START:  CACI
START:  CALX
START:  CAMT
START:  CAR
START:  CBRE
START:  CBSH
START:  CBZ
START:  CCOI
START:  CCS
START:  CDMO
START:  CDNA
START:  CDNS
START:  CDW
START:  CELH
START:  CGNX
START:  CHD
START:  CHDN
START:  CHE
START:  CHGG
START:  CHH
START:  CHKP
START:  CHTR
START:  CIEN
START:  CLAR
START:  CLFD
START:  CLGN
START:  CLNE
START:  CLPT
START:  CLX
START:  CMCSA
START:  CMG
START:  CMS
START:  CNC
START:  CNI
START:  CNMD
START:  CNS
START:  CNXN
START:  COO
START:  COST
START:  COUP
START:  COWN
START:  CP
START:  CPK
START:  CPRT
START:  CPSH
START:  CRAI
START:  CREE
START:  CRL
START:  CRM
START:  CRMT
START:  CROX
START:  CRSP
START:  CRVL
START:  CSGP
START:  CSL
START:  CSWI
START:  CSX
START:  CTAS
START:  CTLT
START:  CTRN
START:  CURE
START:  CVCO
START:  CVNA
START:  CWST
START:  CWT
START:  CXSE
START:  CYBR
START:  CYRX
START:  CYTK
START:  DAC
START:  DAR
START:  DAVA
START:  DDS
START:  DE
START:  DECK
START:  DELL
START:  DFIN
START:  DG
START:  DGRW
START:  DHI
START:  DHR
START:  DIA
START:  DIOD
START:  DIS
START:  DKS
START:  DLN
START:  DNLI
START:  DOMO
START:  DOV
START:  DPZ
START:  DQ
START:  DRD
START:  DRIO
START:  DRNA
START:  DSGX
START:  DVAX
START:  DXCM
START:  ECL
START:  EFX
START:  EGAN
START:  EHC
START:  EL
START:  ENPH
START:  ENSG
START:  ENTG
START:  ENV
START:  EPAM
START:  ERIE
START:  ES
START:  ESE
START:  ETN
START:  ETSY
START:  EVBG
START:  EVTC
START:  EW
START:  EWT
START:  EXAS
START:  EXLS
START:  EXPD
START:  EXPI
START:  EXPO
START:  FAST
START:  FATE
START:  FB
START:  FCN
START:  FCX
START:  FDN
START:  FDS
START:  FELE
START:  FFIN
START:  FICO
START:  FINX
START:  FIS
START:  FISV
START:  FIVE
START:  FIVN
START:  FLGT
START:  FLT
START:  FLWS
START:  FN
START:  FND
START:  FNV
START:  FORM
START:  FOXF
START:  FPX
START:  FRC
START:  FRHC
START:  FRPT
START:  FSS
START:  FTNT
START:  FUV
START:  GDEN
START:  GFI
START:  GGG
START:  GIB
START:  GLDD
START:  GLOB
START:  GMAB
START:  GME
START:  GMED
START:  GNRC
START:  GNSS
START:  GNTX
START:  GOLF
START:  GOOG
START:  GOOGL
START:  GPI
START:  GPN
START:  GRBK
START:  GRMN
START:  GRVY
START:  GRWG
START:  GWRE
START:  HACK
START:  HALO
START:  HCI
START:  HD
START:  HEI
START:  HELE
START:  HIBB
START:  HLI
START:  HLT
START:  HOLX
START:  HON
START:  HOV
START:  HRC
START:  HRI
START:  HSKA
START:  HTHT
START:  HUBS
START:  HUM
START:  HZNP
START:  IAC
START:  IBP
START:  ICE
START:  ICLN
START:  ICLR
START:  IDT
START:  IDXX
START:  IESC
START:  IEX
START:  ILMN
START:  INFO
START:  INOV
START:  INSP
START:  INTC
START:  INTU
START:  INTZ
START:  INVE
START:  IOO
START:  IQV
START:  IRDM
START:  IRMD
START:  ISEE
START:  ISRG
START:  IT
START:  ITT
START:  ITW
START:  IVOG
START:  IVV
START:  IXJ
START:  IXN
START:  J
START:  JBL
START:  JBSS
START:  JD
START:  JKHY
START:  JKS
START:  JNJ
START:  JOE
START:  JOUT
START:  JYNT
START:  KAI
START:  KBH
START:  KBR
START:  KDMN
START:  KEYS
START:  KLAC
START:  KLIC
START:  KMX
START:  KNSL
START:  KOPN
START:  KOSS
START:  KRNT
START:  KSU
START:  KTOS
START:  LAC
START:  LAD
START:  LANC
START:  LAWS
START:  LDOS
START:  LFMD
START:  LGIH
START:  LH
START:  LHCG
START:  LHX
START:  LII
START:  LIN
START:  LINC
START:  LIT
START:  LLY
START:  LMT
START:  LNT
START:  LOB
START:  LOGI
START:  LOVE
START:  LOW
START:  LPLA
START:  LPSN
START:  LQDT
START:  LRCX
START:  LSCC
START:  LSTR
START:  LULU
START:  LUNA
START:  MA
START:  MANH
START:  MANT
START:  MARA
START:  MASI
START:  MATX
START:  MBUU
START:  MCD
START:  MCHP
START:  MCO
START:  MDB
START:  MDT
START:  MEDP
START:  MEDS
START:  MELI
START:  MGC
START:  MGIC
START:  MGK
START:  MGNI
START:  MHO
START:  MIME
START:  MITK
START:  MKC
START:  MKSI
START:  MKTX
START:  MLAB
START:  MLR
START:  MMC
START:  MMS
START:  MNMD
START:  MNST
START:  MODN
START:  MODV
START:  MOH
START:  MORN
START:  MPWR
START:  MRTX
START:  MRVL
START:  MS
START:  MSA
START:  MSCI
START:  MSEX
START:  MSFT
START:  MSI
START:  MSTR
START:  MTBC
START:  MTCH
START:  MTD
START:  MTEX
START:  MTH
START:  MTLS
START:  MTSI
START:  MU
START:  MUSA
START:  MVIS
START:  MXL
START:  MYRG
START:  NBIX
START:  NCBS
START:  NDAQ
START:  NDSN
START:  NEE
START:  NEO
START:  NEOG
START:  NFLX
START:  NICE
START:  NISN
START:  NKE
START:  NOVT
START:  NOW
START:  NSC
START:  NSIT
START:  NSSC
START:  NSTG
START:  NTLA
START:  NTRA
START:  NUAN
START:  NVCR
START:  NVDA
START:  NVMI
START:  NVO
START:  NVR
START:  NXST
START:  NYT
START:  OBCI
START:  ODFL
START:  OEF
START:  OFLX
START:  OLED
START:  OMCL
START:  ON
START:  OOMA
START:  OPRX
START:  ORA
START:  ORCL
START:  ORLY
START:  ORMP
START:  OTEX
START:  PACB
START:  PAG
START:  PANW
START:  PAR
START:  PAYC
START:  PAYX
START:  PBD
START:  PCTY
START:  PEGA
START:  PEN
START:  PENN
START:  PEP
START:  PERI
START:  PFSI
START:  PGR
START:  PH
START:  PHM
START:  PKI
START:  PLL
START:  PLNT
START:  PLUG
START:  PLXS
START:  PODD
START:  POOL
START:  POWI
START:  PRFT
START:  PRI
START:  PRTA
START:  PRTS
START:  PTSI
START:  PWR
START:  PYPL
START:  QADA
START:  QCLN
START:  QDEL
START:  QGEN
START:  QLYS
START:  QQQ
START:  QRVO
START:  QTWO
START:  RADA
START:  RAMP
START:  RBA
START:  RCII
START:  RCKY
START:  RDNT
START:  RDVT
START:  RDWR
START:  REGI
START:  RENN
START:  RGEN
START:  RH
START:  RILY
START:  RIOT
START:  RLI
START:  RLMD
START:  RMD
START:  RNG
START:  ROBO
START:  ROCK
START:  ROK
START:  ROKU
START:  ROL
START:  ROP
START:  ROST
START:  RPD
START:  RPM
START:  RSG
START:  RTH
START:  RUN
START:  RXI
START:  SAIA
START:  SAIC
START:  SAM
START:  SAVA
START:  SCI
START:  SCL
START:  SE
START:  SEAS
START:  SEDG
START:  SFBS
START:  SGEN
START:  SGMS
START:  SGRY
START:  SHOP
START:  SHW
START:  SHYF
START:  SITE
START:  SIVB
START:  SJW
START:  SKY
START:  SLAB
START:  SLP
START:  SMH
START:  SMTC
START:  SNAP
START:  SNPS
START:  SOCL
START:  SOXL
START:  SPGI
START:  SPLG
START:  SPLK
START:  SPNS
START:  SPSC
START:  SPTM
START:  SPWH
START:  SPWR
START:  SPXC
START:  SPXL
START:  SPY
START:  SPYG
START:  SQ
START:  SSD
START:  SSNC
START:  SSTK
START:  STAA
START:  STE
START:  SUSA
START:  SYK
START:  SYNA
START:  TBBK
START:  TBK
START:  TDG
START:  TDOC
START:  TDY
START:  TEAM
START:  TECH
START:  TECL
START:  TER
START:  TFX
START:  TGH
START:  TGLS
START:  TGT
START:  TGTX
START:  THC
START:  TJX
START:  TMO
START:  TMUS
START:  TNDM
START:  TNET
START:  TPX
START:  TREX
START:  TRI
START:  TRIL
START:  TRMB
START:  TRNS
START:  TROW
START:  TRU
START:  TRUP
START:  TSCO
START:  TSLA
START:  TSM
START:  TT
START:  TTC
START:  TTD
START:  TTEC
START:  TTEK
START:  TTGT
START:  TTWO
START:  TWLO
START:  TXN
START:  TYL
START:  UCTT
START:  UFPI
START:  UFPT
START:  UI
START:  UMC
START:  UNF
START:  UNH
START:  UNP
START:  UPLD
START:  URI
START:  V
START:  VALU
START:  VBK
START:  VCEL
START:  VCR
START:  VCTR
START:  VCYT
START:  VDC
START:  VEEV
START:  VERU
START:  VGT
START:  VHT
START:  VIAV
START:  VICR
START:  VIG
START:  VO
START:  VONE
START:  VONG
START:  VOO
START:  VOOG
START:  VOOV
START:  VOT
START:  VPU
START:  VRNS
START:  VRSK
START:  VRSN
START:  VRTV
START:  VSTO
START:  VTHR
START:  VTI
START:  VTNR
START:  VTWG
START:  VUG
START:  VV
START:  VXF
START:  WCN
START:  WD
START:  WDAY
START:  WDFC
START:  WEC
START:  WEN
START:  WINA
START:  WING
START:  WIRE
START:  WIX
START:  WK
START:  WLTW
START:  WM
START:  WMS
START:  WNS
START:  WRB
START:  WSC
START:  WSM
START:  WST
START:  WTRG
START:  WTS
START:  XEL
START:  XENE
START:  XLK
START:  XLNX
START:  XLP
START:  XLRN
START:  XLU
START:  XLV
START:  XLY
START:  XYL
START:  YNDX
START:  YORW
START:  YUM
START:  Z
START:  ZBRA
START:  ZEN
START:  ZLAB
START:  ZNGA
START:  ZS
START:  ZTS
START:  ZYXI
==== MACD golden cross ====
None
code: AVAV     day: macd + hist + hist_1pre + ,  Week: macd + hist + hist_1pre - , Month: macd + hist - hist_1pre - , 
Trade --> code: AVAV   BUY: 2009-05-31   27.92 SELL: 2010-06-30   21.73  macd:   -0.19 macd_count:  13 profit:  0.78
Trade --> code: AVAV   BUY: 2011-03-31   34.97 SELL: 2012-05-31   22.28  macd:   -0.36 macd_count:  14 profit:  0.64
Trade --> code: AVAV   BUY: 2013-12-31   29.14 SELL: 2015-05-31   25.85  macd:   -0.10 macd_count:  17 profit:  0.89
Trade --> code: AVAV   BUY: 2016-05-31   28.81 SELL: 2016-08-31   24.74  macd:   -0.00 macd_count:   3 profit:  0.86
Trade --> code: AVAV   BUY: 2017-03-31   28.03 SELL: 2022-02-28   71.05  macd:   -0.43 macd_count:  59 profit:  2.53
Trade --> code: AVAV   BUY: 2022-03-31   94.14 SELL: 2022-08-31   90.17  macd:    1.22 macd_count:   6 profit:  0.96

code: AZPN     day: macd + hist + hist_1pre + ,  Week: macd + hist + hist_1pre - , Month: macd + hist + hist_1pre + , 
Trade --> code: AZPN   BUY: 2004-12-31    6.21 SELL: 2008-11-30    6.95  macd:   -0.29 macd_count:  47 profit:  1.12
Trade --> code: AZPN   BUY: 2010-06-30   10.89 SELL: 2016-03-31   36.13  macd:   -0.07 macd_count:  69 profit:  3.32
Trade --> code: AZPN   BUY: 2016-06-30   40.24 SELL: 2022-08-31  213.12  macd:   18.14 macd_count:  75 profit:  5.30

code: CMS      day: macd + hist + hist_1pre + ,  Week: macd + hist + hist_1pre - , Month: macd + hist + hist_1pre + , 
Trade --> code: CMS    BUY: 2004-12-31   10.45 SELL: 2008-07-31   13.50  macd:   -0.08 macd_count:  43 profit:  1.29
Trade --> code: CMS    BUY: 2010-01-31   15.17 SELL: 2022-08-31   67.61  macd:    2.30 macd_count: 152 profit:  4.46

code: CYTK     day: macd + hist + hist_1pre + ,  Week: macd + hist + hist_1pre - , Month: macd + hist + hist_1pre + , 
Trade --> code: CYTK   BUY: 2013-08-31   10.47 SELL: 2013-10-31    6.01  macd:   -0.06 macd_count:   2 profit:  0.57
Trade --> code: CYTK   BUY: 2014-02-28    9.85 SELL: 2014-04-30    4.55  macd:   -0.15 macd_count:   2 profit:  0.46
Trade --> code: CYTK   BUY: 2015-10-31    8.61 SELL: 2018-03-31    7.20  macd:   -0.17 macd_count:  29 profit:  0.84
Trade --> code: CYTK   BUY: 2019-07-31   12.19 SELL: 2022-08-31   51.82  macd:    6.07 macd_count:  38 profit:  4.25

code: NBIX     day: macd + hist + hist_1pre - ,  Week: macd + hist + hist_1pre - , Month: macd - hist + hist_1pre + , 
Trade --> code: NBIX   BUY: 2004-12-31   49.30 SELL: 2005-03-31   38.06  macd:   -0.50 macd_count:   3 profit:  0.77
Trade --> code: NBIX   BUY: 2005-10-31   52.82 SELL: 2006-06-30   10.60  macd:   -2.34 macd_count:   8 profit:  0.20
Trade --> code: NBIX   BUY: 2010-12-31    7.64 SELL: 2021-11-30   83.25  macd:   -0.60 macd_count: 131 profit: 10.90

code: NUAN     day: macd + hist + hist_1pre + ,  Week: macd + hist + hist_1pre - , Month: macd + hist - hist_1pre - , 
Trade --> code: NUAN   BUY: 2005-11-30    5.38 SELL: 2008-11-30    7.94  macd:   -0.13 macd_count:  36 profit:  1.48
Trade --> code: NUAN   BUY: 2009-12-31   13.44 SELL: 2013-05-31   16.44  macd:   -0.10 macd_count:  41 profit:  1.22
Trade --> code: NUAN   BUY: 2015-11-30   18.11 SELL: 2016-07-31   13.90  macd:   -0.05 macd_count:   8 profit:  0.77
Trade --> code: NUAN   BUY: 2017-05-31   16.01 SELL: 2017-09-30   13.60  macd:   -0.04 macd_count:   4 profit:  0.85
Trade --> code: NUAN   BUY: 2019-04-30   14.56 SELL: 2022-03-31   55.99  macd:    7.14 macd_count:  36 profit:  3.85

code: UFPT     day: macd + hist + hist_1pre + ,  Week: macd + hist + hist_1pre - , Month: macd + hist + hist_1pre + , 
Trade --> code: UFPT   BUY: 2004-12-31    3.79 SELL: 2009-02-28    4.10  macd:   -0.04 macd_count:  50 profit:  1.08
Trade --> code: UFPT   BUY: 2010-01-31    7.00 SELL: 2015-07-31   19.89  macd:   -0.06 macd_count:  66 profit:  2.84
Trade --> code: UFPT   BUY: 2015-09-30   22.85 SELL: 2022-08-31   89.15  macd:    8.42 macd_count:  84 profit:  3.90

