Mon Aug 22 14:02:15 UTC 2022
arg[0]: scraping/yahoo-finace-api2.py, arg[1]: stock-code-list/buy-list.txt
===========================
scraping
===========================
START:  AAPL
END:    0.47665905952453613
-
START:  EL
END:    0.8689925670623779
-
START:  NEE
END:    1.3059766292572021
-
START:  AMD
END:    1.6892385482788086
-
START:  APH
END:    2.0463953018188477
-
START:  XLP
END:    2.4602086544036865
-
START:  SPXL
END:    2.774270534515381
-
START:  KEYS
END:    2.962846517562866
-
START:  VDC
END:    3.401918411254883
-
START:  SPTM
END:    3.783595085144043
-
START:  SPLG
END:    4.125455617904663
-
START:  CROX
END:    4.42115330696106
-
START:  AXON
END:    4.7626543045043945
-
START:  AWR
END:    5.125992774963379
-
START:  FN
END:    5.361863374710083
-
START:  NXST
END:    5.755007028579712
-
START:  TREX
END:    6.0941407680511475
-
START:  RGEN
END:    7.470859050750732
-
START:  EXPO
END:    7.809804439544678
-
START:  BCPC
END:    8.302873611450195
-
START:  SOXL
END:    8.591677188873291
-
START:  TECL
END:    8.86268424987793
-
START:  NEO
END:    9.153404951095581
-
START:  NVMI
END:    9.505524635314941
-
START:  NVDA
END:    9.868865251541138
-
START:  BBDC
END:    10.178571701049805
-
START:  APPS
END:    10.447995901107788
-
START:  ROK
END:    10.858750104904175
-
START:  NHTC
END:    11.202143669128418
-
START:  ZYXI
END:    11.5264151096344
-
START:  LIT
END:    12.803070545196533
-
START:  LLY
END:    13.231661319732666
-
START:  GTLB
END:    14.331685543060303
-
START:  MCD
END:    15.832515001296997
-
START:  MSI
END:    16.24416971206665
-
START:  HCP
END:    16.32378625869751
-
START:  ON
END:    17.69537925720215
-
===========================
MACD sell
===========================
START:  AAPL
START:  EL
START:  NEE
START:  AMD
START:  APH
START:  XLP
START:  SPXL
START:  KEYS
START:  VDC
START:  SPTM
START:  SPLG
START:  CROX
START:  AXON
START:  AWR
START:  FN
START:  NXST
START:  TREX
START:  RGEN
START:  EXPO
START:  BCPC
START:  SOXL
START:  TECL
START:  NEO
START:  NVMI
START:  NVDA
START:  BBDC
START:  APPS
START:  ROK
START:  NHTC
START:  ZYXI
START:  LIT
START:  LLY
START:  GTLB
START:  MCD
START:  MSI
START:  HCP
START:  ON
==== MACD list ====
code: AAPL     day: macd + hist - ,  Week: macd + hist + , Month: macd + hist - , 
code: EL       day: macd + hist - ,  Week: macd - hist + , Month: macd + hist - , 
code: NEE      day: macd + hist - ,  Week: macd + hist + , Month: macd + hist - , 
code: AMD      day: macd + hist - ,  Week: macd - hist + , Month: macd + hist - , 
code: APH      day: macd + hist - ,  Week: macd + hist + , Month: macd + hist - , 
code: XLP      day: macd + hist + ,  Week: macd + hist + , Month: macd + hist - , 
code: SPXL     day: macd + hist - ,  Week: macd - hist + , Month: macd + hist - , 
code: KEYS     day: macd + hist + ,  Week: macd + hist + , Month: macd + hist - , 
code: VDC      day: macd + hist + ,  Week: macd + hist + , Month: macd + hist - , 
code: SPTM     day: macd + hist - ,  Week: macd - hist + , Month: macd + hist - , 
code: SPLG     day: macd + hist - ,  Week: macd - hist + , Month: macd + hist - , 
code: CROX     day: macd + hist - ,  Week: macd - hist + , Month: macd + hist - , 
code: AXON     day: macd + hist + ,  Week: macd + hist + , Month: macd + hist - , 
code: AWR      day: macd + hist - ,  Week: macd + hist + , Month: macd + hist - , 
code: FN       day: macd + hist + ,  Week: macd + hist + , Month: macd + hist - , 
code: NXST     day: macd + hist - ,  Week: macd + hist + , Month: macd + hist + , 
code: TREX     day: macd - hist - ,  Week: macd - hist - , Month: macd - hist - , 
code: RGEN     day: macd + hist - ,  Week: macd + hist + , Month: macd + hist - , 
code: EXPO     day: macd + hist + ,  Week: macd + hist + , Month: macd + hist - , 
code: BCPC     day: macd + hist + ,  Week: macd + hist + , Month: macd + hist - , 
code: SOXL     day: macd + hist - ,  Week: macd - hist + , Month: macd - hist - , 
code: TECL     day: macd + hist - ,  Week: macd - hist + , Month: macd + hist - , 
code: NEO      day: macd + hist - ,  Week: macd - hist + , Month: macd - hist - , 
code: NVMI     day: macd + hist - ,  Week: macd + hist + , Month: macd + hist - , 
code: NVDA     day: macd + hist - ,  Week: macd - hist + , Month: macd + hist - , 
code: BBDC     day: macd + hist - ,  Week: macd - hist + , Month: macd + hist - , 
code: APPS     day: macd + hist - ,  Week: macd - hist + , Month: macd - hist - , 
code: ROK      day: macd + hist - ,  Week: macd + hist + , Month: macd + hist - , 
code: NHTC     day: macd - hist - ,  Week: macd - hist + , Month: macd - hist - , 
code: ZYXI     day: macd + hist - ,  Week: macd + hist + , Month: macd - hist - , 
code: LIT      day: macd + hist - ,  Week: macd + hist + , Month: macd + hist - , 
code: LLY      day: macd - hist + ,  Week: macd + hist - , Month: macd + hist + , 
code: GTLB     day: macd + hist - ,  Week: macd + hist + , Month: macd + hist + , 
code: MCD      day: macd + hist + ,  Week: macd + hist + , Month: macd + hist - , 
code: MSI      day: macd + hist - ,  Week: macd + hist + , Month: macd + hist - , 
code: HCP      day: macd + hist - ,  Week: macd - hist + , Month: macd + hist + , 
code: ON       day: macd + hist + ,  Week: macd + hist + , Month: macd + hist + , 
==== MACD sell list ====
code: AAPL     day: macd + hist - , 
code: AAPL     day: macd + hist - ,  Week: macd + hist + , Month: macd + hist - , 
code: EL       day: macd + hist - , 
code: EL       day: macd + hist - ,  Week: macd - hist + , Month: macd + hist - , 
code: NEE      day: macd + hist - , 
code: NEE      day: macd + hist - ,  Week: macd + hist + , Month: macd + hist - , 
code: AMD      day: macd + hist - , 
code: AMD      day: macd + hist - ,  Week: macd - hist + , Month: macd + hist - , 
code: APH      day: macd + hist - , 
code: APH      day: macd + hist - ,  Week: macd + hist + , Month: macd + hist - , 
code: XLP      day: macd + hist + ,  Week: macd + hist + , Month: macd + hist - , 
code: SPXL     day: macd + hist - , 
code: SPXL     day: macd + hist - ,  Week: macd - hist + , Month: macd + hist - , 
code: KEYS     day: macd + hist + ,  Week: macd + hist + , Month: macd + hist - , 
code: VDC      day: macd + hist + ,  Week: macd + hist + , Month: macd + hist - , 
code: SPTM     day: macd + hist - , 
code: SPTM     day: macd + hist - ,  Week: macd - hist + , Month: macd + hist - , 
code: SPLG     day: macd + hist - , 
code: SPLG     day: macd + hist - ,  Week: macd - hist + , Month: macd + hist - , 
code: CROX     day: macd + hist - , 
code: CROX     day: macd + hist - ,  Week: macd - hist + , Month: macd + hist - , 
code: AXON     day: macd + hist + ,  Week: macd + hist + , Month: macd + hist - , 
code: AWR      day: macd + hist - , 
code: AWR      day: macd + hist - ,  Week: macd + hist + , Month: macd + hist - , 
code: FN       day: macd + hist + ,  Week: macd + hist + , Month: macd + hist - , 
code: NXST     day: macd + hist - , 
code: TREX     day: macd - hist - , 
code: TREX     day: macd - hist - ,  Week: macd - hist - , 
code: TREX     day: macd - hist - ,  Week: macd - hist - , Month: macd - hist - , 
code: RGEN     day: macd + hist - , 
code: RGEN     day: macd + hist - ,  Week: macd + hist + , Month: macd + hist - , 
code: EXPO     day: macd + hist + ,  Week: macd + hist + , Month: macd + hist - , 
code: BCPC     day: macd + hist + ,  Week: macd + hist + , Month: macd + hist - , 
code: SOXL     day: macd + hist - , 
code: SOXL     day: macd + hist - ,  Week: macd - hist + , Month: macd - hist - , 
code: TECL     day: macd + hist - , 
code: TECL     day: macd + hist - ,  Week: macd - hist + , Month: macd + hist - , 
code: NEO      day: macd + hist - , 
code: NEO      day: macd + hist - ,  Week: macd - hist + , Month: macd - hist - , 
code: NVMI     day: macd + hist - , 
code: NVMI     day: macd + hist - ,  Week: macd + hist + , Month: macd + hist - , 
code: NVDA     day: macd + hist - , 
code: NVDA     day: macd + hist - ,  Week: macd - hist + , Month: macd + hist - , 
code: BBDC     day: macd + hist - , 
code: BBDC     day: macd + hist - ,  Week: macd - hist + , Month: macd + hist - , 
code: APPS     day: macd + hist - , 
code: APPS     day: macd + hist - ,  Week: macd - hist + , Month: macd - hist - , 
code: ROK      day: macd + hist - , 
code: ROK      day: macd + hist - ,  Week: macd + hist + , Month: macd + hist - , 
code: NHTC     day: macd - hist - , 
code: NHTC     day: macd - hist - ,  Week: macd - hist + , Month: macd - hist - , 
code: ZYXI     day: macd + hist - , 
code: ZYXI     day: macd + hist - ,  Week: macd + hist + , Month: macd - hist - , 
code: LIT      day: macd + hist - , 
code: LIT      day: macd + hist - ,  Week: macd + hist + , Month: macd + hist - , 
code: LLY      day: macd - hist + ,  Week: macd + hist - , 
code: GTLB     day: macd + hist - , 
code: MCD      day: macd + hist + ,  Week: macd + hist + , Month: macd + hist - , 
code: MSI      day: macd + hist - , 
code: MSI      day: macd + hist - ,  Week: macd + hist + , Month: macd + hist - , 
code: HCP      day: macd + hist - , 
===========================
profit
===========================
==== plus ====
NEE  , macd +, macd hist -, profit:   [4.08], per:   [4.79], now:  [89.42], buy:  [85.33]
XLP  , macd +, macd hist +, profit:    [4.1], per:   [5.65], now:  [76.68], buy:  [72.58]
VDC  , macd +, macd hist +, profit:   [7.62], per:   [4.02], now: [197.15], buy: [189.53]
NXST , macd +, macd hist -, profit:    [33.], per:  [20.31], now:  [195.5], buy:  [162.5]
RGEN , macd +, macd hist -, profit:    [54.], per:  [30.06], now: [233.66], buy: [179.66]
EXPO , macd +, macd hist +, profit:    [1.5], per:   [1.48], now: [102.61], buy: [101.11]
BCPC , macd +, macd hist +, profit:    [1.8], per:   [1.31], now: [138.88], buy: [137.08]
ZYXI , macd +, macd hist -, profit:   [2.77], per:  [43.55], now:   [9.13], buy:   [6.36]
LLY  , macd -, macd hist +, profit:  [53.78], per:  [19.85], now: [324.78], buy:   [271.]
GTLB , macd +, macd hist -, profit:   [5.32], per:  [10.08], now:  [58.08], buy:  [52.76]
MCD  , macd +, macd hist +, profit:  [11.74], per:   [4.63], now:  [265.2], buy: [253.46]
ON   , macd +, macd hist +, profit:   [9.85], per:  [16.46], now:  [69.71], buy:  [59.86]
-
     plus  len:  12
     profit: [189.57], per:  [162.2], per/len(p):  [13.52], per/len(p+m):   [4.38]
-
==== minus ====
AAPL , macd +, macd hist -, profit:       [], per:       [], now: [168.82], buy:       []
EL   , macd +, macd hist -, profit: [-71.29], per: [-20.98], now: [268.46], buy: [339.75]
AMD  , macd +, macd hist -, profit: [-25.97], per:  [-21.6], now:  [94.26], buy: [120.23]
APH  , macd +, macd hist -, profit:       [], per:       [], now:  [77.96], buy:       []
SPXL , macd +, macd hist -, profit: [-44.18], per: [-33.92], now:  [86.05], buy: [130.23]
KEYS , macd +, macd hist +, profit:  [-12.5], per:  [-6.72], now: [173.56], buy: [186.06]
SPTM , macd +, macd hist -, profit:  [-5.29], per:  [-9.35], now:  [51.29], buy:  [56.58]
SPLG , macd +, macd hist -, profit:  [-5.09], per:  [-9.43], now:   [48.9], buy:  [53.99]
CROX , macd +, macd hist -, profit: [-105.93], per: [-59.71], now:  [71.49], buy: [177.42]
AXON , macd +, macd hist +, profit:  [-9.95], per:   [-7.2], now:  [128.2], buy: [138.15]
AWR  , macd +, macd hist -, profit:       [], per:       [], now:  [88.24], buy:       []
FN   , macd +, macd hist +, profit:  [-4.91], per:   [-4.2], now: [111.95], buy: [116.86]
TREX , macd -, macd hist -, profit:  [-18.9], per:   [-27.], now:   [51.1], buy:    [70.]
SOXL , macd +, macd hist -, profit: [-24.34], per: [-57.82], now:  [17.75], buy:  [42.09]
TECL , macd +, macd hist -, profit: [-20.21], per: [-33.27], now:  [40.53], buy:  [60.74]
NEO  , macd +, macd hist -, profit:  [-7.14], per: [-40.02], now:   [10.7], buy:  [17.84]
NVMI , macd +, macd hist -, profit:  [-8.33], per:  [-7.26], now: [106.32], buy: [114.65]
NVDA , macd +, macd hist -, profit: [-82.32], per:  [-32.2], now: [173.35], buy: [255.67]
BBDC , macd +, macd hist -, profit:  [-0.53], per:  [-5.01], now:  [10.07], buy:   [10.6]
APPS , macd +, macd hist -, profit: [-21.98], per: [-50.33], now:  [21.69], buy:  [43.67]
ROK  , macd +, macd hist -, profit: [-94.49], per: [-27.64], now:  [247.4], buy: [341.89]
NHTC , macd -, macd hist -, profit:  [-1.99], per: [-27.78], now:   [5.18], buy:   [7.17]
LIT  , macd +, macd hist -, profit: [-14.56], per: [-15.84], now:  [77.35], buy:  [91.91]
MSI  , macd +, macd hist -, profit:  [-1.18], per:  [-0.47], now: [250.23], buy: [251.41]
HCP  , macd +, macd hist -, profit: [-16.42], per: [-30.25], now:  [37.88], buy:   [54.3]
-
     minus len:  25
     profit:       [], per:       [], per/len(m):       [], per/len(p+m):       []
-
==== total ====
     profit:       [], per:       [], per/len(p+m):       []
arg[0]: scraping/yahoo-finace-api2.py, arg[1]: stock-code-list/up-month.txt
===========================
scraping
===========================
START:  A
END:    0.39849400520324707
-
START:  AAON
END:    0.7951929569244385
-
START:  AAPL
END:    1.1884205341339111
-
START:  ABG
END:    1.494884729385376
-
START:  ABT
END:    1.8835244178771973
-
START:  ACLS
END:    2.2057271003723145
-
START:  ACMR
END:    2.334148406982422
-
START:  ACN
END:    2.67954683303833
-
START:  ADBE
END:    3.0087077617645264
-
START:  ADI
END:    3.3876585960388184
-
START:  ADP
END:    3.8287484645843506
-
START:  ADSK
END:    4.190813779830933
-
START:  ADUS
END:    4.4358439445495605
-
START:  AEE
END:    4.86202597618103
-
START:  AGYS
END:    5.361075401306152
-
START:  AIZ
END:    6.714183568954468
-
START:  AJG
END:    7.138559103012085
-
START:  AJRD
END:    8.53214693069458
-
START:  ALB
END:    8.936248064041138
-
START:  ALG
END:    9.32433009147644
-
START:  ALGN
END:    9.645094871520996
-
START:  ALLE
END:    9.845045566558838
-
START:  ALTR
END:    9.977476835250854
-
START:  AMAT
END:    10.335354328155518
-
START:  AMBA
END:    10.546177387237549
-
START:  AMD
END:    10.903396606445312
-
START:  AME
END:    11.327739238739014
-
START:  AMED
END:    11.632789850234985
-
START:  AMEH
END:    11.872691631317139
-
START:  AMGN
END:    13.248064041137695
-
START:  AMN
END:    13.578827381134033
-
START:  AMP
END:    14.887189626693726
-
START:  AMRC
END:    15.118088245391846
-
START:  AMSWA
END:    15.549338102340698
-
START:  AMTX
END:    15.820909261703491
-
START:  AMZN
END:    16.158669233322144
-
START:  AN
END:    16.499204397201538
-
START:  ANSS
END:    16.84702777862549
-
START:  ANTM
END:    17.190338611602783
-
START:  AON
END:    17.6206476688385
-
START:  AOSL
END:    17.82345151901245
-
START:  APD
END:    18.257315397262573
-
START:  APH
END:    18.62546706199646
-
START:  APPF
END:    19.820106983184814
-
START:  APPN
END:    19.999828338623047
-
START:  APPS
END:    20.27035164833069
-
START:  AQN
END:    20.5136981010437
-
START:  ARCB
END:    21.940004110336304
-
START:  ARCT
END:    22.147298574447632
-
START:  ARES
END:    22.37124013900757
-
START:  ARGX
END:    22.500731945037842
-
START:  ARWR
END:    22.833479404449463
-
START:  ASML
END:    23.185322999954224
-
START:  ASPN
END:    23.378164529800415
-
START:  ATEC
END:    23.67600393295288
-
START:  ATEN
END:    23.857957363128662
-
START:  ATKR
END:    25.017224311828613
-
START:  ATOM
END:    25.157925128936768
-
START:  ATR
END:    26.576435089111328
-
START:  ATRC
END:    26.854161739349365
-
START:  AUDC
END:    27.20257019996643
-
START:  AUPH
END:    27.379635095596313
-
START:  AVAV
END:    28.66508960723877
-
START:  AVGO
END:    28.93641495704651
-
START:  AVID
END:    29.25319504737854
-
START:  AVNW
END:    29.612157821655273
-
START:  AVXL
END:    29.907354831695557
-
START:  AVY
END:    30.363202810287476
-
START:  AWK
END:    30.64617109298706
-
START:  AWR
END:    31.0217924118042
-
START:  AXON
END:    31.356247901916504
-
START:  AZO
END:    31.68233060836792
-
START:  AZPN
END:    32.01915955543518
-
START:  BAH
END:    33.28323793411255
-
START:  BAM
END:    33.718631744384766
-
START:  BAX
END:    35.11915850639343
-
START:  BBH
END:    36.493597984313965
-
START:  BBQ
END:    36.8139271736145
-
START:  BBY
END:    38.265891313552856
-
START:  BCPC
END:    38.64285206794739
-
START:  BDX
END:    40.04346060752869
-
START:  BEEM
END:    40.26286864280701
-
START:  BFAM
END:    41.47301721572876
-
START:  BFC
END:    41.78109002113342
-
START:  BGFV
END:    43.13535284996033
-
START:  BGNE
END:    43.32517123222351
-
START:  BHVN
END:    43.49410676956177
-
START:  BIO
END:    44.8174946308136
-
START:  BL
END:    44.978315591812134
-
START:  BLD
END:    45.1755793094635
-
START:  BLDP
END:    45.50282430648804
-
START:  BLDR
END:    45.79060888290405
-
START:  BLFS
END:    46.2243971824646
-
START:  BLK
END:    46.578914403915405
-
START:  BLL
Not Found: No data found, symbol may be delisted
START:  BLNK
END:    46.86456847190857
-
START:  BMI
END:    48.326704025268555
-
START:  BOOT
END:    48.51482343673706
-
START:  BOTZ
END:    48.68748641014099
-
START:  BR
END:    50.1253547668457
-
START:  BRKR
END:    50.50137186050415
-
START:  BRKS
Not Found: No data found, symbol may be delisted
START:  BRO
END:    53.994216442108154
-
START:  BURL
END:    55.21335220336914
-
START:  BX
END:    55.50540804862976
-
START:  CABO
END:    55.688886642456055
-
START:  CACI
END:    56.05325675010681
-
START:  CALX
END:    56.424158334732056
-
START:  CAMT
END:    56.77418923377991
-
START:  CAR
END:    57.114269971847534
-
START:  CBRE
END:    57.42913627624512
-
START:  CBSH
END:    57.8401255607605
-
START:  CBZ
END:    58.18476366996765
-
START:  CCOI
END:    58.52522015571594
-
START:  CCS
END:    58.72391152381897
-
START:  CDMO
END:    59.050830602645874
-
START:  CDNA
END:    60.29476523399353
-
START:  CDNS
END:    61.63839840888977
-
START:  CDW
END:    61.84479331970215
-
START:  CELH
END:    62.12470889091492
-
START:  CGNX
END:    62.50597357749939
-
START:  CHD
END:    62.92681932449341
-
START:  CHDN
END:    63.31777858734131
-
START:  CHE
END:    63.68123912811279
-
START:  CHGG
END:    63.86830186843872
-
START:  CHH
END:    65.25100374221802
-
START:  CHKP
END:    65.56956028938293
-
START:  CHTR
END:    65.83327317237854
-
START:  CIEN
END:    67.18065762519836
-
START:  CLAR
END:    68.53009676933289
-
START:  CLFD
END:    68.85242772102356
-
START:  CLGN
END:    70.08769202232361
-
START:  CLNE
END:    70.34411120414734
-
START:  CLPT
END:    70.5557496547699
-
START:  CLX
END:    70.95202255249023
-
START:  CMCSA
END:    71.36553287506104
-
START:  CMG
END:    72.66728615760803
-
START:  CMS
END:    73.05947732925415
-
START:  CNC
END:    73.37704086303711
-
START:  CNI
END:    73.73933839797974
-
START:  CNMD
END:    74.08737516403198
-
START:  CNS
END:    75.45994329452515
-
START:  CNXN
END:    75.78795957565308
-
START:  COO
END:    76.24374771118164
-
START:  COST
END:    76.64382410049438
-
START:  COUP
END:    76.80056881904602
-
START:  COWN
END:    77.08552289009094
-
START:  CP
END:    77.47524380683899
-
START:  CPK
END:    77.86098337173462
-
START:  CPRT
END:    78.1800332069397
-
START:  CPSH
END:    78.50754165649414
-
START:  CRAI
END:    78.86974453926086
-
START:  CREE
Not Found: No data found, symbol may be delisted
START:  CRL
END:    79.29192066192627
-
START:  CRM
END:    79.63315320014954
-
START:  CRMT
END:    79.93407154083252
-
START:  CROX
END:    80.21072268486023
-
START:  CRSP
END:    80.36115956306458
-
START:  CRVL
END:    80.71267247200012
-
START:  CSGP
END:    81.05903792381287
-
START:  CSL
END:    82.48741364479065
-
START:  CSWI
END:    82.65132212638855
-
START:  CSX
END:    84.05883646011353
-
START:  CTAS
END:    84.45537638664246
-
START:  CTLT
END:    84.78806161880493
-
START:  CTRN
END:    85.11992835998535
-
START:  CURE
END:    86.4080491065979
-
START:  CVCO
END:    86.71629214286804
-
START:  CVNA
END:    86.85636305809021
-
START:  CWST
END:    88.19415354728699
-
START:  CWT
END:    89.66462731361389
-
START:  CXSE
END:    90.89218020439148
-
START:  CYBR
END:    91.16785216331482
-
START:  CYRX
END:    91.46828484535217
-
START:  CYTK
END:    91.80571913719177
-
START:  DAC
END:    92.11681127548218
-
START:  DAR
END:    93.46305203437805
-
START:  DAVA
END:    93.65526390075684
-
START:  DDS
END:    95.06265449523926
-
START:  DE
END:    95.46977019309998
-
START:  DECK
END:    96.80274081230164
-
START:  DELL
END:    97.03404092788696
-
START:  DFIN
END:    97.20359182357788
-
START:  DG
END:    97.48001074790955
-
START:  DGRW
END:    98.72423720359802
-
START:  DHI
END:    99.09455466270447
-
START:  DHR
END:    99.48560285568237
-
START:  DIA
END:    99.88311553001404
-
START:  DIOD
END:    100.27760219573975
-
START:  DIS
END:    100.76941227912903
-
START:  DKS
END:    102.1372344493866
-
START:  DLN
END:    102.51034760475159
-
START:  DNLI
END:    103.66062378883362
-
START:  DOMO
END:    103.79308938980103
-
START:  DOV
END:    104.23534798622131
-
START:  DPZ
END:    104.55799961090088
-
START:  DQ
END:    104.83811330795288
-
START:  DRD
END:    105.19386768341064
-
START:  DRIO
END:    105.35821866989136
-
START:  DRNA
Not Found: No data found, symbol may be delisted
START:  DSGX
END:    106.76586532592773
-
START:  DVAX
END:    107.06378245353699
-
START:  DXCM
END:    107.36635255813599
-
START:  ECL
END:    108.80553817749023
-
START:  EFX
END:    109.19541263580322
-
START:  EGAN
END:    110.54841327667236
-
START:  EHC
END:    110.91127967834473
-
START:  EL
END:    111.40198302268982
-
START:  ENPH
END:    111.63311862945557
-
START:  ENSG
END:    111.91871070861816
-
START:  ENTG
END:    112.25983929634094
-
START:  ENV
END:    113.53739809989929
-
START:  EPAM
END:    113.7889335155487
-
START:  ERIE
END:    114.13949751853943
-
START:  ES
END:    114.57174706459045
-
START:  ESE
END:    115.9153790473938
-
START:  ETN
END:    116.35873532295227
-
START:  ETSY
END:    117.55976247787476
-
START:  EVBG
END:    117.73221802711487
-
START:  EVTC
END:    117.99031782150269
-
START:  EW
END:    118.35493683815002
-
START:  EWT
END:    118.73849487304688
-
START:  EXAS
END:    119.195383310318
-
START:  EXLS
END:    119.47823214530945
-
START:  EXPD
END:    119.85905337333679
-
START:  EXPI
END:    120.00520348548889
-
START:  EXPO
END:    120.35681986808777
-
START:  FAST
END:    123.75873494148254
-
START:  FATE
END:    123.96904993057251
-
START:  FB
Not Found: No data found, symbol may be delisted
START:  FCN
END:    124.35489535331726
-
START:  FCX
END:    125.7386839389801
-
START:  FDN
END:    126.03307342529297
-
START:  FDS
END:    126.37810778617859
-
START:  FELE
END:    126.74903106689453
-
START:  FFIN
END:    127.12270092964172
-
START:  FICO
END:    127.5074360370636
-
START:  FINX
END:    127.68100214004517
-
START:  FIS
END:    128.04630064964294
-
START:  FISV
END:    128.35766410827637
-
START:  FIVE
END:    128.56265020370483
-
START:  FIVN
END:    128.79767894744873
-
START:  FLGT
END:    128.9438910484314
-
START:  FLT
END:    129.18356227874756
-
START:  FLWS
END:    130.53070092201233
-
START:  FN
END:    130.76123070716858
-
START:  FND
END:    130.896742105484
-
START:  FNV
END:    131.24078130722046
-
START:  FORM
END:    131.58957624435425
-
START:  FOXF
END:    131.77159094810486
-
START:  FPX
END:    133.09903025627136
-
START:  FRC
END:    133.31895637512207
-
START:  FRHC
END:    133.45704913139343
-
START:  FRPT
END:    133.62202906608582
-
START:  FSS
END:    134.0256588459015
-
START:  FTNT
END:    134.28160309791565
-
START:  FUV
END:    134.4219093322754
-
START:  GDEN
END:    134.76448369026184
-
START:  GFI
END:    135.2067289352417
-
START:  GGG
END:    135.6365201473236
-
START:  GIB
END:    136.97800636291504
-
START:  GLDD
END:    137.34538221359253
-
START:  GLOB
END:    138.55263566970825
-
START:  GMAB
END:    139.76957440376282
-
START:  GME
END:    140.10016894340515
-
START:  GMED
END:    141.34174394607544
-
START:  GNRC
END:    141.61594343185425
-
START:  GNSS
END:    141.94934558868408
-
START:  GNTX
END:    142.30922031402588
-
START:  GOLF
END:    142.46166706085205
-
START:  GOOG
END:    142.78205633163452
-
START:  GOOGL
END:    144.13340783119202
-
START:  GPI
END:    144.5025863647461
-
START:  GPN
END:    144.87430429458618
-
START:  GRBK
END:    146.17809677124023
-
START:  GRMN
END:    146.6191954612732
-
START:  GRVY
END:    146.89240264892578
-
START:  GRWG
END:    148.03683042526245
-
START:  GWRE
END:    149.2938392162323
-
START:  HACK
END:    149.49593806266785
-
START:  HALO
END:    149.80620527267456
-
START:  HCI
END:    151.10983300209045
-
START:  HD
END:    152.69726991653442
-
START:  HEI
END:    153.0921115875244
-
START:  HELE
END:    153.52274560928345
-
START:  HIBB
END:    153.86017107963562
-
START:  HLI
END:    154.03623294830322
-
START:  HLT
END:    154.23230266571045
-
START:  HOLX
END:    154.5855119228363
-
START:  HON
END:    156.03210639953613
-
START:  HOV
END:    156.41429138183594
-
START:  HRC
Not Found: No data found, symbol may be delisted
START:  HRI
END:    157.81472444534302
-
START:  HSKA
END:    161.15646934509277
-
START:  HTHT
END:    161.46499514579773
-
START:  HUBS
END:    162.73510813713074
-
START:  HUM
END:    163.10062265396118
-
START:  HZNP
END:    163.33907294273376
-
START:  IAC
END:    164.72683596611023
-
START:  IBP
END:    164.9175157546997
-
START:  ICE
END:    165.2707028388977
-
START:  ICLN
END:    165.54285788536072
-
START:  ICLR
END:    165.86923599243164
-
START:  IDT
END:    166.21543979644775
-
START:  IDXX
END:    166.5647828578949
-
START:  IESC
END:    166.92496871948242
-
START:  IEX
END:    167.29971933364868
-
START:  ILMN
END:    167.63134622573853
-
START:  INFO
Not Found: No data found, symbol may be delisted
START:  INOV
Not Found: No data found, symbol may be delisted
START:  INSP
END:    167.9064371585846
-
START:  INTC
END:    169.30269861221313
-
START:  INTU
END:    169.6979329586029
-
START:  INTZ
END:    170.0382661819458
-
START:  INVE
END:    171.38630151748657
-
START:  IOO
END:    171.7645149230957
-
START:  IQV
END:    171.970148563385
-
START:  IRDM
END:    172.22981524467468
-
START:  IRMD
END:    173.46068453788757
-
START:  ISEE
END:    173.69196152687073
-
START:  ISRG
END:    174.01571464538574
-
START:  IT
END:    174.3548607826233
-
START:  ITT
END:    174.72237181663513
-
START:  ITW
END:    175.15528178215027
-
START:  IVOG
END:    175.439147233963
-
START:  IVV
END:    175.80884194374084
-
START:  IXJ
END:    176.18692708015442
-
START:  IXN
END:    176.5611343383789
-
START:  J
END:    176.91587591171265
-
START:  JBL
END:    178.29098677635193
-
START:  JBSS
END:    178.69015431404114
-
START:  JD
END:    178.89384531974792
-
START:  JKHY
END:    179.29038500785828
-
START:  JKS
END:    180.55784344673157
-
START:  JNJ
END:    180.99704146385193
-
START:  JOE
END:    181.38410830497742
-
START:  JOUT
END:    181.7421612739563
-
START:  JYNT
END:    181.94018721580505
-
START:  KAI
END:    183.45360207557678
-
START:  KBH
END:    183.8115508556366
-
START:  KBR
END:    184.1382532119751
-
START:  KDMN
Not Found: No data found, symbol may be delisted
START:  KEYS
END:    184.41379928588867
-
START:  KLAC
END:    185.9935266971588
-
START:  KLIC
END:    186.3525595664978
-
START:  KMX
END:    187.68602991104126
-
START:  KNSL
END:    187.91103625297546
-
START:  KOPN
END:    188.2239556312561
-
START:  KOSS
END:    188.55323934555054
-
START:  KRNT
END:    188.74373531341553
-
START:  KSU
Not Found: No data found, symbol may be delisted
START:  KTOS
END:    189.12335658073425
-
START:  LAC
END:    192.46477699279785
-
START:  LAD
END:    192.84588503837585
-
START:  LANC
END:    193.2924087047577
-
START:  LAWS
Not Found: No data found, symbol may be delisted
START:  LDOS
END:    194.6904866695404
-
START:  LFMD
END:    194.9219605922699
-
START:  LGIH
END:    195.10742020606995
-
START:  LH
END:    195.47762441635132
-
START:  LHCG
END:    195.7946219444275
-
START:  LHX
END:    196.22888374328613
-
START:  LII
END:    196.62958025932312
-
START:  LIN
END:    197.01761484146118
-
START:  LINC
END:    197.31119966506958
-
START:  LIT
END:    197.5764389038086
-
START:  LLY
END:    197.98780298233032
-
START:  LMT
END:    198.39099884033203
-
START:  LNT
END:    199.81280660629272
-
START:  LOB
END:    199.99845170974731
-
START:  LOGI
END:    201.36739587783813
-
START:  LOVE
END:    201.49549078941345
-
START:  LOW
END:    201.90365314483643
-
START:  LPLA
END:    202.16200017929077
-
START:  LPSN
END:    202.46617674827576
-
START:  LQDT
END:    202.77929973602295
-
START:  LRCX
END:    203.12833333015442
-
START:  LSCC
END:    203.46991658210754
-
START:  LSTR
END:    203.89325332641602
-
START:  LULU
END:    204.162983417511
-
START:  LUNA
END:    204.4713888168335
-
START:  MA
END:    204.8072292804718
-
START:  MANH
END:    205.1769187450409
-
START:  MANT
END:    205.523535490036
-
START:  MARA
END:    205.77738785743713
-
START:  MASI
END:    206.03475379943848
-
START:  MATX
END:    206.43911480903625
-
START:  MBUU
END:    207.68021750450134
-
START:  MCD
END:    208.07900977134705
-
START:  MCHP
END:    209.42680048942566
-
START:  MCO
END:    209.7992238998413
-
START:  MDB
END:    209.94201111793518
-
START:  MDT
END:    210.336665391922
-
START:  MEDP
END:    210.56285619735718
-
START:  MEDS
END:    211.7511670589447
-
START:  MELI
END:    213.10628390312195
-
START:  MGC
END:    213.45611000061035
-
START:  MGIC
END:    213.82300448417664
-
START:  MGK
END:    214.23455572128296
-
START:  MGNI
END:    214.42030024528503
-
START:  MHO
END:    214.7666528224945
-
START:  MIME
Not Found: No data found, symbol may be delisted
START:  MITK
END:    215.20672011375427
-
START:  MKC
END:    215.70158314704895
-
START:  MKSI
END:    216.05459260940552
-
START:  MKTX
END:    216.42096590995789
-
START:  MLAB
END:    216.78551363945007
-
START:  MLR
END:    217.1497564315796
-
START:  MMC
END:    217.58717155456543
-
START:  MMS
END:    218.0109486579895
-
START:  MNMD
END:    218.1910674571991
-
START:  MNST
END:    218.524729013443
-
START:  MODN
END:    218.7314190864563
-
START:  MODV
END:    222.0829882621765
-
START:  MOH
END:    222.40029001235962
-
START:  MORN
END:    222.71141815185547
-
START:  MPWR
END:    223.03175497055054
-
START:  MRTX
END:    223.23254132270813
-
START:  MRVL
END:    223.57666850090027
-
START:  MS
END:    225.00703930854797
-
START:  MSA
END:    225.4150035381317
-
START:  MSCI
END:    225.69386553764343
-
START:  MSEX
END:    226.07597160339355
-
START:  MSFT
END:    226.43456268310547
-
START:  MSI
END:    226.87152338027954
-
START:  MSTR
END:    227.20335006713867
-
START:  MTBC
END:    228.39736771583557
-
START:  MTCH
END:    230.21072793006897
-
START:  MTD
END:    230.56606531143188
-
START:  MTEX
END:    230.93710732460022
-
START:  MTH
END:    231.32708477973938
-
START:  MTLS
END:    231.5107889175415
-
START:  MTSI
END:    231.7432062625885
-
START:  MU
END:    232.1662356853485
-
START:  MUSA
END:    232.384352684021
-
START:  MVIS
END:    232.78955030441284
-
START:  MXL
END:    233.0568778514862
-
START:  MYRG
END:    233.31361389160156
-
START:  NBIX
END:    233.63820719718933
-
START:  NCBS
Not Found: No data found, symbol may be delisted
START:  NDAQ
END:    235.06441640853882
-
START:  NDSN
END:    235.45170736312866
-
START:  NEE
END:    235.8739194869995
-
START:  NEO
END:    237.18879103660583
-
START:  NEOG
END:    237.53013110160828
-
START:  NFLX
END:    237.85540127754211
-
START:  NICE
END:    238.2509160041809
-
START:  NISN
END:    239.41572976112366
-
START:  NKE
END:    240.79397058486938
-
START:  NOVT
END:    241.11171102523804
-
START:  NOW
END:    241.31543064117432
-
START:  NSC
END:    241.7165629863739
-
START:  NSIT
END:    242.06068873405457
-
START:  NSSC
END:    242.3605670928955
-
START:  NSTG
END:    242.58354139328003
-
START:  NTLA
END:    243.04836511611938
-
START:  NTRA
END:    243.26111364364624
-
START:  NUAN
END:    243.607905626297
-
START:  NVCR
END:    243.77802348136902
-
START:  NVDA
END:    245.1536364555359
-
START:  NVMI
END:    246.5246229171753
-
START:  NVO
END:    246.9224555492401
-
START:  NVR
END:    248.2379605770111
-
START:  NXST
END:    248.5728142261505
-
START:  NYT
END:    248.99262928962708
-
START:  OBCI
END:    250.366881608963
-
START:  ODFL
END:    250.71100211143494
-
START:  OEF
END:    251.06836223602295
-
START:  OFLX
END:    251.36873173713684
-
START:  OLED
END:    251.67949223518372
-
START:  OMCL
END:    252.11184549331665
-
START:  ON
END:    253.45460152626038
-
START:  OOMA
END:    253.63420724868774
-
START:  OPRX
END:    254.91298580169678
-
START:  ORA
END:    255.26906204223633
-
START:  ORCL
END:    255.60536527633667
-
START:  ORLY
END:    256.95081329345703
-
START:  ORMP
END:    258.2727303504944
-
START:  OTEX
END:    258.659791469574
-
START:  PACB
END:    258.909273147583
-
START:  PAG
END:    259.34464287757874
-
START:  PANW
END:    259.53988766670227
-
START:  PAR
END:    260.8595492839813
-
START:  PAYC
END:    261.03457593917847
-
START:  PAYX
END:    261.4476203918457
-
START:  PBD
END:    261.7674369812012
-
START:  PCTY
END:    261.96209239959717
-
START:  PEGA
END:    262.37337851524353
-
START:  PEN
END:    262.57786798477173
-
START:  PENN
END:    263.93453550338745
-
START:  PEP
END:    264.3279950618744
-
START:  PERI
END:    265.6237280368805
-
START:  PFSI
END:    265.85105323791504
-
START:  PGR
END:    266.2542130947113
-
START:  PH
END:    267.66593170166016
-
START:  PHM
END:    268.08372712135315
-
START:  PKI
END:    268.5003957748413
-
START:  PLL
END:    268.63684701919556
-
START:  PLNT
END:    268.8518261909485
-
START:  PLUG
END:    269.18013405799866
-
START:  PLXS
END:    270.5327250957489
-
START:  PODD
END:    270.7969822883606
-
START:  POOL
END:    271.1414530277252
-
START:  POWI
END:    272.55648255348206
-
START:  PRFT
END:    272.91781878471375
-
START:  PRI
END:    273.16779685020447
-
START:  PRTA
END:    273.41142654418945
-
START:  PRTS
END:    273.66645097732544
-
START:  PTSI
END:    273.9906840324402
-
START:  PWR
END:    274.38335633277893
-
START:  PYPL
END:    274.5519003868103
-
START:  QADA
Not Found: No data found, symbol may be delisted
START:  QCLN
END:    275.96209263801575
-
START:  QDEL
END:    276.272118806839
-
START:  QGEN
END:    276.6141595840454
-
START:  QLYS
END:    277.85599970817566
-
START:  QQQ
END:    278.2210342884064
-
START:  QRVO
END:    278.4599425792694
-
START:  QTWO
END:    279.7846167087555
-
START:  RADA
END:    280.19260907173157
-
START:  RAMP
END:    280.5415222644806
-
START:  RBA
END:    280.9153833389282
-
START:  RCII
END:    281.5071005821228
-
START:  RCKY
END:    282.9271020889282
-
START:  RDNT
END:    283.2467050552368
-
START:  RDVT
END:    283.47475266456604
-
START:  RDWR
END:    283.86824584007263
-
START:  REGI
END:    284.07666087150574
-
START:  RENN
END:    284.3013741970062
-
START:  RGEN
END:    284.6286370754242
-
START:  RH
END:    284.8306257724762
-
START:  RILY
END:    285.13015389442444
-
START:  RIOT
END:    285.3072769641876
-
START:  RLI
END:    286.7654676437378
-
START:  RLMD
END:    286.9425935745239
-
START:  RMD
END:    287.2935907840729
-
START:  RNG
END:    287.49786353111267
-
START:  ROBO
END:    287.67800545692444
-
START:  ROCK
END:    288.02537989616394
-
START:  ROK
END:    288.7594635486603
-
START:  ROKU
END:    288.9207458496094
-
START:  ROL
END:    290.34303545951843
-
START:  ROP
END:    290.77964901924133
-
START:  ROST
END:    291.21079087257385
-
START:  RPD
END:    291.46771359443665
-
START:  RPM
END:    291.91239953041077
-
START:  RSG
END:    292.2735402584076
-
START:  RTH
END:    293.0520589351654
-
START:  RUN
END:    293.21731305122375
-
START:  RXI
END:    293.52760219573975
-
START:  SAIA
END:    293.8707308769226
-
START:  SAIC
END:    294.08344554901123
-
START:  SAM
END:    294.4184033870697
-
START:  SAVA
END:    297.8896441459656
-
START:  SCI
END:    298.2785849571228
-
START:  SCL
END:    298.7151937484741
-
START:  SE
END:    299.8662302494049
-
START:  SEAS
END:    301.1092562675476
-
START:  SEDG
END:    301.30425930023193
-
START:  SFBS
END:    301.4821355342865
-
START:  SGEN
END:    301.87023425102234
-
START:  SGMS
Not Found: No data found, symbol may be delisted
START:  SGRY
END:    302.1270513534546
-
START:  SHOP
END:    302.3226492404938
-
START:  SHW
END:    302.78140091896057
-
START:  SHYF
END:    303.1594545841217
-
START:  SITE
END:    303.31916999816895
-
START:  SIVB
END:    304.63433289527893
-
START:  SJW
END:    305.0458652973175
-
START:  SKY
END:    306.4766585826874
-
START:  SLAB
END:    306.78992795944214
-
START:  SLP
END:    308.2142434120178
-
START:  SMH
END:    308.55899310112
-
START:  SMTC
END:    309.93445563316345
-
START:  SNAP
END:    310.0950331687927
-
START:  SNPS
END:    311.4645392894745
-
START:  SOCL
END:    311.69328117370605
-
START:  SOXL
END:    312.00340700149536
-
START:  SPGI
END:    312.4320430755615
-
START:  SPLG
END:    313.7682626247406
-
START:  SPLK
END:    314.98563718795776
-
START:  SPNS
END:    315.37217378616333
-
START:  SPSC
END:    315.5915036201477
-
START:  SPTM
END:    315.99004459381104
-
START:  SPWH
END:    316.15603733062744
-
START:  SPWR
END:    316.5174343585968
-
START:  SPXC
END:    316.9051682949066
-
START:  SPXL
END:    318.163045167923
-
START:  SPY
END:    318.5354928970337
-
START:  SPYG
END:    318.90630412101746
-
START:  SQ
END:    320.0690553188324
-
START:  SSD
END:    320.4362621307373
-
START:  SSNC
END:    320.69832706451416
-
START:  SSTK
END:    320.9143633842468
-
START:  STAA
END:    322.2593364715576
-
START:  STE
END:    323.6308822631836
-
START:  SUSA
END:    323.9794704914093
-
START:  SYK
END:    324.3660204410553
-
START:  SYNA
END:    324.6978416442871
-
START:  TBBK
END:    325.9847445487976
-
START:  TBK
END:    326.2132124900818
-
START:  TDG
END:    326.54405784606934
-
START:  TDOC
END:    326.72206354141235
-
START:  TDY
END:    327.0693497657776
-
START:  TEAM
END:    327.22598791122437
-
START:  TECH
END:    327.5913701057434
-
START:  TECL
END:    328.89329957962036
-
START:  TER
END:    330.2796142101288
-
START:  TFX
END:    330.6788692474365
-
START:  TGH
END:    330.9492521286011
-
START:  TGLS
END:    331.1591351032257
-
START:  TGT
END:    332.59376335144043
-
START:  TGTX
END:    332.808664560318
-
START:  THC
END:    333.18678426742554
-
START:  TJX
END:    333.56180810928345
-
START:  TMO
END:    333.92802000045776
-
START:  TMUS
END:    334.20324301719666
-
START:  TNDM
END:    335.37259888648987
-
START:  TNET
END:    336.57996797561646
-
START:  TPX
END:    337.9575033187866
-
START:  TREX
END:    339.3245761394501
-
START:  TRI
END:    339.67859148979187
-
START:  TRIL
Not Found: No data found, symbol may be delisted
START:  TRMB
END:    340.0996561050415
-
START:  TRNS
END:    340.468092918396
-
START:  TROW
END:    340.87099289894104
-
START:  TRU
END:    341.632196187973
-
START:  TRUP
END:    341.82366704940796
-
START:  TSCO
END:    342.18362855911255
-
START:  TSLA
END:    343.457804441452
-
START:  TSM
END:    344.83688855171204
-
START:  TT
END:    346.2897424697876
-
START:  TTC
END:    346.6890859603882
-
START:  TTD
END:    346.8543658256531
-
START:  TTEC
END:    347.1993496417999
-
START:  TTEK
END:    348.57609510421753
-
START:  TTGT
END:    348.86242866516113
-
START:  TTWO
END:    349.1871461868286
-
START:  TWLO
END:    350.40306663513184
-
START:  TXN
END:    353.83337664604187
-
START:  TYL
END:    354.17212772369385
-
START:  UCTT
END:    355.609005689621
-
START:  UFPI
END:    355.99484634399414
-
START:  UFPT
END:    356.3294196128845
-
START:  UI
END:    356.54809308052063
-
START:  UMC
END:    356.9239110946655
-
START:  UNF
END:    357.3196098804474
-
START:  UNH
END:    357.6737642288208
-
START:  UNP
END:    358.0822651386261
-
START:  UPLD
END:    358.2633776664734
-
START:  URI
END:    358.5788094997406
-
START:  V
END:    358.9434516429901
-
START:  VALU
END:    359.3198010921478
-
START:  VBK
END:    359.66367745399475
-
START:  VCEL
END:    360.00401639938354
-
START:  VCR
END:    360.3391602039337
-
START:  VCTR
END:    360.47602891921997
-
START:  VCYT
END:    360.67113852500916
-
START:  VDC
END:    361.0716595649719
-
START:  VEEV
END:    361.25854206085205
-
START:  VERU
END:    361.58208560943604
-
START:  VGT
END:    361.93030047416687
-
START:  VHT
END:    362.2783110141754
-
START:  VIAV
END:    363.64612102508545
-
START:  VICR
END:    363.9628403186798
-
START:  VIG
END:    364.2599415779114
-
START:  VO
END:    364.584698677063
-
START:  VONE
END:    371.91516876220703
-
START:  VONG
END:    372.1755590438843
-
START:  VOO
END:    372.4356417655945
-
START:  VOOG
END:    372.66495084762573
-
START:  VOOV
END:    372.9234445095062
-
START:  VOT
END:    373.1985774040222
-
START:  VPU
END:    373.5452880859375
-
START:  VRNS
END:    373.72487354278564
-
START:  VRSK
END:    373.964471578598
-
START:  VRSN
END:    374.34528517723083
-
START:  VRTV
END:    374.5859754085541
-
START:  VSTO
END:    374.7675533294678
-
START:  VTHR
END:    375.018550157547
-
START:  VTI
END:    375.40236020088196
-
START:  VTNR
END:    375.70382285118103
-
START:  VTWG
END:    375.99154806137085
-
START:  VUG
END:    376.32795095443726
-
START:  VV
END:    376.65975856781006
-
START:  VXF
END:    377.0260548591614
-
START:  WCN
END:    377.3997437953949
-
START:  WD
END:    378.6636381149292
-
START:  WDAY
END:    378.8788032531738
-
START:  WDFC
END:    379.30371594429016
-
START:  WEC
END:    379.80327892303467
-
START:  WEN
END:    380.15869307518005
-
START:  WINA
END:    380.52313017845154
-
START:  WING
END:    381.80581760406494
-
START:  WIRE
END:    382.5312843322754
-
START:  WIX
END:    382.7832655906677
-
START:  WK
END:    382.9646556377411
-
START:  WLTW
Not Found: No data found, symbol may be delisted
START:  WM
END:    383.4137213230133
-
START:  WMS
END:    383.61910462379456
-
START:  WNS
END:    384.01428389549255
-
START:  WRB
END:    384.43155336380005
-
START:  WSC
END:    384.60482692718506
-
START:  WSM
END:    384.96115136146545
-
START:  WST
END:    385.3338255882263
-
START:  WTRG
END:    385.7153241634369
-
START:  WTS
END:    386.11442518234253
-
START:  XEL
END:    386.49923729896545
-
START:  XENE
END:    386.7072923183441
-
START:  XLK
END:    387.0608563423157
-
START:  XLNX
Not Found: No data found, symbol may be delisted
START:  XLP
END:    387.47608375549316
-
START:  XLRN
Not Found: No data found, symbol may be delisted
START:  XLU
END:    387.9287164211273
-
START:  XLV
END:    389.3088376522064
-
START:  XLY
END:    389.72548389434814
-
START:  XYL
END:    389.952002286911
-
START:  YNDX
END:    391.20823526382446
-
START:  YORW
END:    391.5752441883087
-
START:  YUM
END:    391.9584906101227
-
START:  Z
END:    392.1176583766937
-
START:  ZBRA
END:    393.4838647842407
-
START:  ZEN
END:    393.6700019836426
-
START:  ZLAB
END:    393.80855894088745
-
START:  ZNGA
Not Found: No data found, symbol may be delisted
START:  ZS
END:    394.02121019363403
-
START:  ZTS
END:    394.2286033630371
-
START:  ZYXI
END:    394.5408194065094
-
===========================
MACD golden cross
===========================
START:  code
START:  A
START:  AAON
START:  AAPL
START:  ABG
START:  ABT
START:  ACLS
START:  ACMR
START:  ACN
START:  ADBE
START:  ADI
START:  ADP
START:  ADSK
START:  ADUS
START:  AEE
START:  AGYS
START:  AIZ
START:  AJG
START:  AJRD
START:  ALB
START:  ALG
START:  ALGN
START:  ALLE
START:  ALTR
START:  AMAT
START:  AMBA
START:  AMD
START:  AME
START:  AMED
START:  AMEH
START:  AMGN
START:  AMN
START:  AMP
START:  AMRC
START:  AMSWA
START:  AMTX
START:  AMZN
START:  AN
START:  ANSS
START:  ANTM
START:  AON
START:  AOSL
START:  APD
START:  APH
START:  APPF
START:  APPN
START:  APPS
START:  AQN
START:  ARCB
START:  ARCT
START:  ARES
START:  ARGX
START:  ARWR
START:  ASML
START:  ASPN
START:  ATEC
START:  ATEN
START:  ATKR
START:  ATOM
START:  ATR
START:  ATRC
START:  AUDC
START:  AUPH
START:  AVAV
START:  AVGO
START:  AVID
START:  AVNW
START:  AVXL
START:  AVY
START:  AWK
START:  AWR
START:  AXON
START:  AZO
START:  AZPN
START:  BAH
START:  BAM
START:  BAX
START:  BBH
START:  BBQ
START:  BBY
START:  BCPC
START:  BDX
START:  BEEM
START:  BFAM
START:  BFC
START:  BGFV
START:  BGNE
START:  BHVN
START:  BIO
START:  BL
START:  BLD
START:  BLDP
START:  BLDR
START:  BLFS
START:  BLK
START:  BLL
START:  BLNK
START:  BMI
START:  BOOT
START:  BOTZ
START:  BR
START:  BRKR
START:  BRKS
START:  BRO
START:  BURL
START:  BX
START:  CABO
START:  CACI
START:  CALX
START:  CAMT
START:  CAR
START:  CBRE
START:  CBSH
START:  CBZ
START:  CCOI
START:  CCS
START:  CDMO
START:  CDNA
START:  CDNS
START:  CDW
START:  CELH
START:  CGNX
START:  CHD
START:  CHDN
START:  CHE
START:  CHGG
START:  CHH
START:  CHKP
START:  CHTR
START:  CIEN
START:  CLAR
START:  CLFD
START:  CLGN
START:  CLNE
START:  CLPT
START:  CLX
START:  CMCSA
START:  CMG
START:  CMS
START:  CNC
START:  CNI
START:  CNMD
START:  CNS
START:  CNXN
START:  COO
START:  COST
START:  COUP
START:  COWN
START:  CP
START:  CPK
START:  CPRT
START:  CPSH
START:  CRAI
START:  CREE
START:  CRL
START:  CRM
START:  CRMT
START:  CROX
START:  CRSP
START:  CRVL
START:  CSGP
START:  CSL
START:  CSWI
START:  CSX
START:  CTAS
START:  CTLT
START:  CTRN
START:  CURE
START:  CVCO
START:  CVNA
START:  CWST
START:  CWT
START:  CXSE
START:  CYBR
START:  CYRX
START:  CYTK
START:  DAC
START:  DAR
START:  DAVA
START:  DDS
START:  DE
START:  DECK
START:  DELL
START:  DFIN
START:  DG
START:  DGRW
START:  DHI
START:  DHR
START:  DIA
START:  DIOD
START:  DIS
START:  DKS
START:  DLN
START:  DNLI
START:  DOMO
START:  DOV
START:  DPZ
START:  DQ
START:  DRD
START:  DRIO
START:  DRNA
START:  DSGX
START:  DVAX
START:  DXCM
START:  ECL
START:  EFX
START:  EGAN
START:  EHC
START:  EL
START:  ENPH
START:  ENSG
START:  ENTG
START:  ENV
START:  EPAM
START:  ERIE
START:  ES
START:  ESE
START:  ETN
START:  ETSY
START:  EVBG
START:  EVTC
START:  EW
START:  EWT
START:  EXAS
START:  EXLS
START:  EXPD
START:  EXPI
START:  EXPO
START:  FAST
START:  FATE
START:  FB
START:  FCN
START:  FCX
START:  FDN
START:  FDS
START:  FELE
START:  FFIN
START:  FICO
START:  FINX
START:  FIS
START:  FISV
START:  FIVE
START:  FIVN
START:  FLGT
START:  FLT
START:  FLWS
START:  FN
START:  FND
START:  FNV
START:  FORM
START:  FOXF
START:  FPX
START:  FRC
START:  FRHC
START:  FRPT
START:  FSS
START:  FTNT
START:  FUV
START:  GDEN
START:  GFI
START:  GGG
START:  GIB
START:  GLDD
START:  GLOB
START:  GMAB
START:  GME
START:  GMED
START:  GNRC
START:  GNSS
START:  GNTX
START:  GOLF
START:  GOOG
START:  GOOGL
START:  GPI
START:  GPN
START:  GRBK
START:  GRMN
START:  GRVY
START:  GRWG
START:  GWRE
START:  HACK
START:  HALO
START:  HCI
START:  HD
START:  HEI
START:  HELE
START:  HIBB
START:  HLI
START:  HLT
START:  HOLX
START:  HON
START:  HOV
START:  HRC
START:  HRI
START:  HSKA
START:  HTHT
START:  HUBS
START:  HUM
START:  HZNP
START:  IAC
START:  IBP
START:  ICE
START:  ICLN
START:  ICLR
START:  IDT
START:  IDXX
START:  IESC
START:  IEX
START:  ILMN
START:  INFO
START:  INOV
START:  INSP
START:  INTC
START:  INTU
START:  INTZ
START:  INVE
START:  IOO
START:  IQV
START:  IRDM
START:  IRMD
START:  ISEE
START:  ISRG
START:  IT
START:  ITT
START:  ITW
START:  IVOG
START:  IVV
START:  IXJ
START:  IXN
START:  J
START:  JBL
START:  JBSS
START:  JD
START:  JKHY
START:  JKS
START:  JNJ
START:  JOE
START:  JOUT
START:  JYNT
START:  KAI
START:  KBH
START:  KBR
START:  KDMN
START:  KEYS
START:  KLAC
START:  KLIC
START:  KMX
START:  KNSL
START:  KOPN
START:  KOSS
START:  KRNT
START:  KSU
START:  KTOS
START:  LAC
START:  LAD
START:  LANC
START:  LAWS
START:  LDOS
START:  LFMD
START:  LGIH
START:  LH
START:  LHCG
START:  LHX
START:  LII
START:  LIN
START:  LINC
START:  LIT
START:  LLY
START:  LMT
START:  LNT
START:  LOB
START:  LOGI
START:  LOVE
START:  LOW
START:  LPLA
START:  LPSN
START:  LQDT
START:  LRCX
START:  LSCC
START:  LSTR
START:  LULU
START:  LUNA
START:  MA
START:  MANH
START:  MANT
START:  MARA
START:  MASI
START:  MATX
START:  MBUU
START:  MCD
START:  MCHP
START:  MCO
START:  MDB
START:  MDT
START:  MEDP
START:  MEDS
START:  MELI
START:  MGC
START:  MGIC
START:  MGK
START:  MGNI
START:  MHO
START:  MIME
START:  MITK
START:  MKC
START:  MKSI
START:  MKTX
START:  MLAB
START:  MLR
START:  MMC
START:  MMS
START:  MNMD
START:  MNST
START:  MODN
START:  MODV
START:  MOH
START:  MORN
START:  MPWR
START:  MRTX
START:  MRVL
START:  MS
START:  MSA
START:  MSCI
START:  MSEX
START:  MSFT
START:  MSI
START:  MSTR
START:  MTBC
START:  MTCH
START:  MTD
START:  MTEX
START:  MTH
START:  MTLS
START:  MTSI
START:  MU
START:  MUSA
START:  MVIS
START:  MXL
START:  MYRG
START:  NBIX
START:  NCBS
START:  NDAQ
START:  NDSN
START:  NEE
START:  NEO
START:  NEOG
START:  NFLX
START:  NICE
START:  NISN
START:  NKE
START:  NOVT
START:  NOW
START:  NSC
START:  NSIT
START:  NSSC
START:  NSTG
START:  NTLA
START:  NTRA
START:  NUAN
START:  NVCR
START:  NVDA
START:  NVMI
START:  NVO
START:  NVR
START:  NXST
START:  NYT
START:  OBCI
START:  ODFL
START:  OEF
START:  OFLX
START:  OLED
START:  OMCL
START:  ON
START:  OOMA
START:  OPRX
START:  ORA
START:  ORCL
START:  ORLY
START:  ORMP
START:  OTEX
START:  PACB
START:  PAG
START:  PANW
START:  PAR
START:  PAYC
START:  PAYX
START:  PBD
START:  PCTY
START:  PEGA
START:  PEN
START:  PENN
START:  PEP
START:  PERI
START:  PFSI
START:  PGR
START:  PH
START:  PHM
START:  PKI
START:  PLL
START:  PLNT
START:  PLUG
START:  PLXS
START:  PODD
START:  POOL
START:  POWI
START:  PRFT
START:  PRI
START:  PRTA
START:  PRTS
START:  PTSI
START:  PWR
START:  PYPL
START:  QADA
START:  QCLN
START:  QDEL
START:  QGEN
START:  QLYS
START:  QQQ
START:  QRVO
START:  QTWO
START:  RADA
START:  RAMP
START:  RBA
START:  RCII
START:  RCKY
START:  RDNT
START:  RDVT
START:  RDWR
START:  REGI
START:  RENN
START:  RGEN
START:  RH
START:  RILY
START:  RIOT
START:  RLI
START:  RLMD
START:  RMD
START:  RNG
START:  ROBO
START:  ROCK
START:  ROK
START:  ROKU
START:  ROL
START:  ROP
START:  ROST
START:  RPD
START:  RPM
START:  RSG
START:  RTH
START:  RUN
START:  RXI
START:  SAIA
START:  SAIC
START:  SAM
START:  SAVA
START:  SCI
START:  SCL
START:  SE
START:  SEAS
START:  SEDG
START:  SFBS
START:  SGEN
START:  SGMS
START:  SGRY
START:  SHOP
START:  SHW
START:  SHYF
START:  SITE
START:  SIVB
START:  SJW
START:  SKY
START:  SLAB
START:  SLP
START:  SMH
START:  SMTC
START:  SNAP
START:  SNPS
START:  SOCL
START:  SOXL
START:  SPGI
START:  SPLG
START:  SPLK
START:  SPNS
START:  SPSC
START:  SPTM
START:  SPWH
START:  SPWR
START:  SPXC
START:  SPXL
START:  SPY
START:  SPYG
START:  SQ
START:  SSD
START:  SSNC
START:  SSTK
START:  STAA
START:  STE
START:  SUSA
START:  SYK
START:  SYNA
START:  TBBK
START:  TBK
START:  TDG
START:  TDOC
START:  TDY
START:  TEAM
START:  TECH
START:  TECL
START:  TER
START:  TFX
START:  TGH
START:  TGLS
START:  TGT
START:  TGTX
START:  THC
START:  TJX
START:  TMO
START:  TMUS
START:  TNDM
START:  TNET
START:  TPX
START:  TREX
START:  TRI
START:  TRIL
START:  TRMB
START:  TRNS
START:  TROW
START:  TRU
START:  TRUP
START:  TSCO
START:  TSLA
START:  TSM
START:  TT
START:  TTC
START:  TTD
START:  TTEC
START:  TTEK
START:  TTGT
START:  TTWO
START:  TWLO
START:  TXN
START:  TYL
START:  UCTT
START:  UFPI
START:  UFPT
START:  UI
START:  UMC
START:  UNF
START:  UNH
START:  UNP
START:  UPLD
START:  URI
START:  V
START:  VALU
START:  VBK
START:  VCEL
START:  VCR
START:  VCTR
START:  VCYT
START:  VDC
START:  VEEV
START:  VERU
START:  VGT
START:  VHT
START:  VIAV
START:  VICR
START:  VIG
START:  VO
START:  VONE
START:  VONG
START:  VOO
START:  VOOG
START:  VOOV
START:  VOT
START:  VPU
START:  VRNS
START:  VRSK
START:  VRSN
START:  VRTV
START:  VSTO
START:  VTHR
START:  VTI
START:  VTNR
START:  VTWG
START:  VUG
START:  VV
START:  VXF
START:  WCN
START:  WD
START:  WDAY
START:  WDFC
START:  WEC
START:  WEN
START:  WINA
START:  WING
START:  WIRE
START:  WIX
START:  WK
START:  WLTW
START:  WM
START:  WMS
START:  WNS
START:  WRB
START:  WSC
START:  WSM
START:  WST
START:  WTRG
START:  WTS
START:  XEL
START:  XENE
START:  XLK
START:  XLNX
START:  XLP
START:  XLRN
START:  XLU
START:  XLV
START:  XLY
START:  XYL
START:  YNDX
START:  YORW
START:  YUM
START:  Z
START:  ZBRA
START:  ZEN
START:  ZLAB
START:  ZNGA
START:  ZS
START:  ZTS
START:  ZYXI
==== MACD golden cross ====
None
code: AMGN     day: macd + hist + hist_1pre + ,  Week: macd + hist + hist_1pre - , Month: macd + hist + hist_1pre + , 
Trade --> code: AMGN   BUY: 2004-12-31   64.15 SELL: 2007-03-31   55.88  macd:   -0.29 macd_count:  27 profit:  0.87
Trade --> code: AMGN   BUY: 2009-09-30   60.23 SELL: 2009-10-31   53.62  macd:   -0.06 macd_count:   1 profit:  0.89
Trade --> code: AMGN   BUY: 2009-11-30   56.35 SELL: 2010-06-30   52.60  macd:   -0.14 macd_count:   7 profit:  0.93
Trade --> code: AMGN   BUY: 2011-05-31   60.54 SELL: 2022-08-31  250.47  macd:    6.10 macd_count: 136 profit:  4.14

code: NUAN     day: macd + hist + hist_1pre + ,  Week: macd + hist + hist_1pre - , Month: macd + hist - hist_1pre - , 
Trade --> code: NUAN   BUY: 2005-11-30    5.38 SELL: 2008-11-30    7.94  macd:   -0.13 macd_count:  36 profit:  1.48
Trade --> code: NUAN   BUY: 2009-12-31   13.44 SELL: 2013-05-31   16.44  macd:   -0.10 macd_count:  41 profit:  1.22
Trade --> code: NUAN   BUY: 2015-11-30   18.11 SELL: 2016-07-31   13.90  macd:   -0.05 macd_count:   8 profit:  0.77
Trade --> code: NUAN   BUY: 2017-05-31   16.01 SELL: 2017-09-30   13.60  macd:   -0.04 macd_count:   4 profit:  0.85
Trade --> code: NUAN   BUY: 2019-04-30   14.56 SELL: 2022-03-31   55.99  macd:    7.14 macd_count:  36 profit:  3.85

code: WRB      day: macd + hist + hist_1pre + ,  Week: macd + hist + hist_1pre - , Month: macd + hist + hist_1pre + , 
Trade --> code: WRB    BUY: 2004-12-31    9.32 SELL: 2008-02-29   12.80  macd:   -0.01 macd_count:  38 profit:  1.37
Trade --> code: WRB    BUY: 2010-08-31   11.71 SELL: 2022-08-31   66.76  macd:    5.62 macd_count: 145 profit:  5.70

