Fri Mar  1 13:49:52 UTC 2024
arg[0]: scraping/yahoo-finace-api2.py, arg[1]: stock-code-list/buy-list.txt
===========================
scraping
===========================
START:  AAPL
END:    0.33246803283691406
-
START:  EL
END:    0.625579833984375
-
START:  NEE
END:    0.9379055500030518
-
START:  AMD
END:    1.1729936599731445
-
START:  APH
END:    1.451488733291626
-
START:  XLP
END:    1.7514011859893799
-
START:  SPXL
END:    2.000051259994507
-
START:  KEYS
END:    2.1787285804748535
-
START:  VDC
END:    2.491713047027588
-
START:  SPTM
END:    2.7981626987457275
-
START:  SPLG
END:    3.101499080657959
-
START:  CROX
END:    3.3509864807128906
-
START:  AXON
END:    3.6042368412017822
-
START:  AWR
END:    3.911459445953369
-
START:  FN
END:    4.100483179092407
-
START:  NXST
END:    4.5362677574157715
-
START:  TREX
END:    4.8120245933532715
-
START:  RGEN
END:    5.084346055984497
-
START:  EXPO
END:    5.352733135223389
-
START:  BCPC
END:    5.696367502212524
-
START:  SOXL
END:    5.936012029647827
-
START:  TECL
END:    6.203544855117798
-
START:  NEO
END:    7.461537599563599
-
START:  NVMI
END:    7.720544338226318
-
START:  NVDA
END:    8.008646011352539
-
START:  BBDC
END:    8.258628129959106
-
START:  APPS
END:    8.47484803199768
-
START:  ROK
END:    8.808566093444824
-
START:  NHTC
END:    10.069660425186157
-
START:  ZYXI
END:    10.338395595550537
-
START:  LIT
END:    10.566508054733276
-
START:  LLY
END:    10.931669235229492
-
START:  GTLB
END:    11.062959671020508
-
START:  MCD
END:    11.379956245422363
-
START:  MSI
END:    11.728144645690918
-
START:  HCP
END:    11.82233476638794
-
START:  ON
END:    12.109939813613892
-
===========================
MACD sell
===========================
START:  AAPL
START:  EL
START:  NEE
START:  AMD
START:  APH
START:  XLP
START:  SPXL
START:  KEYS
START:  VDC
START:  SPTM
START:  SPLG
START:  CROX
START:  AXON
START:  AWR
START:  FN
START:  NXST
START:  TREX
START:  RGEN
START:  EXPO
START:  BCPC
START:  SOXL
START:  TECL
START:  NEO
START:  NVMI
START:  NVDA
START:  BBDC
START:  APPS
START:  ROK
START:  NHTC
START:  ZYXI
START:  LIT
START:  LLY
START:  GTLB
START:  MCD
START:  MSI
START:  HCP
START:  ON
==== MACD list ====
code: AAPL     day: macd - hist - ,  Week: macd + hist - , Month: macd + hist - , 
code: EL       day: macd + hist + ,  Week: macd - hist + , Month: macd - hist - , 
code: NEE      day: macd - hist - ,  Week: macd - hist - , Month: macd - hist - , 
code: AMD      day: macd + hist + ,  Week: macd + hist + , Month: macd + hist + , 
code: APH      day: macd + hist + ,  Week: macd + hist + , Month: macd + hist + , 
code: XLP      day: macd + hist + ,  Week: macd + hist + , Month: macd + hist - , 
code: SPXL     day: macd + hist + ,  Week: macd + hist + , Month: macd + hist + , 
code: KEYS     day: macd - hist - ,  Week: macd + hist - , Month: macd - hist - , 
code: VDC      day: macd + hist + ,  Week: macd + hist + , Month: macd + hist - , 
code: SPTM     day: macd + hist + ,  Week: macd + hist + , Month: macd + hist + , 
code: SPLG     day: macd + hist + ,  Week: macd + hist + , Month: macd + hist + , 
code: CROX     day: macd + hist + ,  Week: macd + hist + , Month: macd + hist + , 
code: AXON     day: macd + hist + ,  Week: macd + hist + , Month: macd + hist + , 
code: AWR      day: macd - hist - ,  Week: macd - hist - , Month: macd - hist - , 
code: FN       day: macd + hist + ,  Week: macd + hist - , Month: macd + hist + , 
code: NXST     day: macd - hist - ,  Week: macd + hist - , Month: macd + hist - , 
code: TREX     day: macd + hist - ,  Week: macd + hist + , Month: macd + hist + , 
code: RGEN     day: macd + hist - ,  Week: macd + hist + , Month: macd - hist + , 
code: EXPO     day: macd - hist + ,  Week: macd - hist - , Month: macd - hist - , 
code: BCPC     day: macd + hist + ,  Week: macd + hist + , Month: macd + hist + , 
code: SOXL     day: macd + hist + ,  Week: macd + hist + , Month: macd + hist + , 
code: TECL     day: macd + hist - ,  Week: macd + hist + , Month: macd + hist + , 
code: NEO      day: macd + hist + ,  Week: macd - hist - , Month: macd - hist + , 
code: NVMI     day: macd + hist + ,  Week: macd + hist + , Month: macd + hist + , 
code: NVDA     day: macd + hist + ,  Week: macd + hist + , Month: macd + hist + , 
code: BBDC     day: macd + hist + ,  Week: macd + hist + , Month: macd - hist + , 
code: APPS     day: macd - hist - ,  Week: macd - hist - , Month: macd - hist + , 
code: ROK      day: macd - hist + ,  Week: macd - hist - , Month: macd + hist - , 
code: NHTC     day: macd - hist - ,  Week: macd + hist - , Month: macd - hist + , 
code: ZYXI     day: macd + hist + ,  Week: macd + hist + , Month: macd + hist + , 
code: LIT      day: macd + hist + ,  Week: macd - hist + , Month: macd - hist - , 
code: LLY      day: macd + hist - ,  Week: macd + hist + , Month: macd + hist + , 
code: GTLB     day: macd + hist - ,  Week: macd + hist - , Month: macd - hist + , 
code: MCD      day: macd + hist + ,  Week: macd + hist - , Month: macd + hist - , 
code: MSI      day: macd + hist + ,  Week: macd + hist - , Month: macd + hist + , 
code: HCP      day: macd + hist + ,  Week: macd + hist + , Month: macd + hist + , 
code: ON       day: macd + hist - ,  Week: macd - hist + , Month: macd + hist - , 
==== MACD sell list ====
code: AAPL     day: macd - hist - , 
code: AAPL     day: macd - hist - ,  Week: macd + hist - , 
code: AAPL     day: macd - hist - ,  Week: macd + hist - , Month: macd + hist - , 
code: EL       day: macd + hist + ,  Week: macd - hist + , Month: macd - hist - , 
code: NEE      day: macd - hist - , 
code: NEE      day: macd - hist - ,  Week: macd - hist - , 
code: NEE      day: macd - hist - ,  Week: macd - hist - , Month: macd - hist - , 
code: XLP      day: macd + hist + ,  Week: macd + hist + , Month: macd + hist - , 
code: KEYS     day: macd - hist - , 
code: KEYS     day: macd - hist - ,  Week: macd + hist - , 
code: KEYS     day: macd - hist - ,  Week: macd + hist - , Month: macd - hist - , 
code: VDC      day: macd + hist + ,  Week: macd + hist + , Month: macd + hist - , 
code: AWR      day: macd - hist - , 
code: AWR      day: macd - hist - ,  Week: macd - hist - , 
code: AWR      day: macd - hist - ,  Week: macd - hist - , Month: macd - hist - , 
code: FN       day: macd + hist + ,  Week: macd + hist - , 
code: NXST     day: macd - hist - , 
code: NXST     day: macd - hist - ,  Week: macd + hist - , 
code: NXST     day: macd - hist - ,  Week: macd + hist - , Month: macd + hist - , 
code: TREX     day: macd + hist - , 
code: RGEN     day: macd + hist - , 
code: EXPO     day: macd - hist + ,  Week: macd - hist - , 
code: EXPO     day: macd - hist + ,  Week: macd - hist - , Month: macd - hist - , 
code: TECL     day: macd + hist - , 
code: NEO      day: macd + hist + ,  Week: macd - hist - , 
code: APPS     day: macd - hist - , 
code: APPS     day: macd - hist - ,  Week: macd - hist - , 
code: ROK      day: macd - hist + ,  Week: macd - hist - , 
code: ROK      day: macd - hist + ,  Week: macd - hist - , Month: macd + hist - , 
code: NHTC     day: macd - hist - , 
code: NHTC     day: macd - hist - ,  Week: macd + hist - , 
code: LIT      day: macd + hist + ,  Week: macd - hist + , Month: macd - hist - , 
code: LLY      day: macd + hist - , 
code: GTLB     day: macd + hist - , 
code: GTLB     day: macd + hist - ,  Week: macd + hist - , 
code: MCD      day: macd + hist + ,  Week: macd + hist - , 
code: MCD      day: macd + hist + ,  Week: macd + hist - , Month: macd + hist - , 
code: MSI      day: macd + hist + ,  Week: macd + hist - , 
code: ON       day: macd + hist - , 
code: ON       day: macd + hist - ,  Week: macd - hist + , Month: macd + hist - , 
===========================
profit
===========================
==== plus ====
AMD  , macd +, macd hist +, profit:   [72.3], per:  [60.13], now: [192.53], buy: [120.23]
XLP  , macd +, macd hist +, profit:   [1.87], per:   [2.58], now:  [74.45], buy:  [72.58]
VDC  , macd +, macd hist +, profit:   [8.79], per:   [4.64], now: [198.32], buy: [189.53]
SPTM , macd +, macd hist +, profit:   [5.73], per:  [10.13], now:  [62.31], buy:  [56.58]
SPLG , macd +, macd hist +, profit:   [5.77], per:  [10.69], now:  [59.76], buy:  [53.99]
AXON , macd +, macd hist +, profit: [169.22], per: [122.49], now: [307.37], buy: [138.15]
FN   , macd +, macd hist +, profit:  [98.71], per:  [84.47], now: [215.57], buy: [116.86]
NXST , macd -, macd hist -, profit:   [3.67], per:   [2.26], now: [166.17], buy:  [162.5]
TREX , macd +, macd hist -, profit:  [21.76], per:  [31.09], now:  [91.76], buy:    [70.]
RGEN , macd +, macd hist -, profit:  [14.33], per:   [7.98], now: [193.99], buy: [179.66]
BCPC , macd +, macd hist +, profit:  [20.11], per:  [14.67], now: [157.19], buy: [137.08]
SOXL , macd +, macd hist +, profit:   [0.75], per:   [1.78], now:  [42.84], buy:  [42.09]
TECL , macd +, macd hist -, profit:  [19.13], per:  [31.49], now:  [79.87], buy:  [60.74]
NVMI , macd +, macd hist +, profit:   [58.8], per:  [51.29], now: [173.45], buy: [114.65]
NVDA , macd +, macd hist +, profit: [535.45], per: [209.43], now: [791.12], buy: [255.67]
ZYXI , macd +, macd hist +, profit:    [7.2], per: [113.21], now:  [13.56], buy:   [6.36]
LLY  , macd +, macd hist -, profit: [482.68], per: [178.11], now: [753.68], buy:   [271.]
GTLB , macd +, macd hist -, profit:  [19.36], per:  [36.69], now:  [72.12], buy:  [52.76]
MCD  , macd +, macd hist +, profit:  [38.82], per:  [15.32], now: [292.28], buy: [253.46]
MSI  , macd +, macd hist +, profit:  [78.98], per:  [31.41], now: [330.39], buy: [251.41]
ON   , macd +, macd hist -, profit:  [19.06], per:  [31.84], now:  [78.92], buy:  [59.86]
-
     plus  len:  21
     profit: [1682.49], per: [1051.69], per/len(p):  [50.08], per/len(p+m):  [28.42]
-
==== minus ====
AAPL , macd -, macd hist -, profit:       [], per:       [], now: [180.75], buy:       []
EL   , macd +, macd hist +, profit: [-191.17], per: [-56.27], now: [148.58], buy: [339.75]
NEE  , macd -, macd hist -, profit: [-30.14], per: [-35.32], now:  [55.19], buy:  [85.33]
APH  , macd +, macd hist +, profit:       [], per:       [], now: [109.24], buy:       []
SPXL , macd +, macd hist +, profit:   [-6.8], per:  [-5.22], now: [123.43], buy: [130.23]
KEYS , macd -, macd hist -, profit: [-31.76], per: [-17.07], now:  [154.3], buy: [186.06]
CROX , macd +, macd hist +, profit: [-55.17], per:  [-31.1], now: [122.25], buy: [177.42]
AWR  , macd -, macd hist -, profit:       [], per:       [], now:  [71.41], buy:       []
EXPO , macd -, macd hist +, profit: [-20.22], per:   [-20.], now:  [80.89], buy: [101.11]
NEO  , macd +, macd hist +, profit:  [-2.24], per: [-12.56], now:   [15.6], buy:  [17.84]
BBDC , macd +, macd hist +, profit:   [-0.8], per:  [-7.55], now:    [9.8], buy:   [10.6]
APPS , macd -, macd hist -, profit:  [-40.5], per: [-92.74], now:   [3.17], buy:  [43.67]
ROK  , macd -, macd hist +, profit: [-56.81], per: [-16.62], now: [285.08], buy: [341.89]
NHTC , macd -, macd hist -, profit:  [-0.93], per: [-12.97], now:   [6.24], buy:   [7.17]
LIT  , macd +, macd hist +, profit: [-45.85], per: [-49.89], now:  [46.06], buy:  [91.91]
HCP  , macd +, macd hist +, profit: [-28.23], per: [-51.99], now:  [26.07], buy:   [54.3]
-
     minus len:  16
     profit:       [], per:       [], per/len(m):       [], per/len(p+m):       []
-
==== total ====
     profit:       [], per:       [], per/len(p+m):       []
arg[0]: scraping/yahoo-finace-api2.py, arg[1]: stock-code-list/up-month.txt
===========================
scraping
===========================
START:  A
END:    0.3168156147003174
-
START:  AAON
END:    0.6301307678222656
-
START:  AAPL
END:    0.9393055438995361
-
START:  ABG
END:    1.182920217514038
-
START:  ABT
END:    1.5414083003997803
-
START:  ACLS
END:    1.776841640472412
-
START:  ACMR
END:    1.9754862785339355
-
START:  ACN
END:    2.3105077743530273
-
START:  ADBE
END:    2.6114721298217773
-
START:  ADI
END:    2.8856656551361084
-
START:  ADP
END:    3.2465455532073975
-
START:  ADSK
END:    3.5285372734069824
-
START:  ADUS
END:    3.7428581714630127
-
START:  AEE
END:    4.0110015869140625
-
START:  AGYS
END:    4.3852784633636475
-
START:  AIZ
END:    4.715839624404907
-
START:  AJG
END:    5.033668279647827
-
START:  AJRD
Not Found: No data found, symbol may be delisted
START:  ALB
END:    5.5175371170043945
-
START:  ALG
END:    5.838649749755859
-
START:  ALGN
END:    7.1058619022369385
-
START:  ALLE
END:    7.316546440124512
-
START:  ALTR
END:    7.459139585494995
-
START:  AMAT
END:    7.7226221561431885
-
START:  AMBA
END:    7.916712522506714
-
START:  AMD
END:    8.161620855331421
-
START:  AME
END:    8.465567827224731
-
START:  AMED
END:    8.725430965423584
-
START:  AMEH
END:    8.946411609649658
-
START:  AMGN
END:    10.282770156860352
-
START:  AMN
END:    10.592742204666138
-
START:  AMP
END:    10.864080429077148
-
START:  AMRC
END:    11.082638502120972
-
START:  AMSWA
END:    11.403858661651611
-
START:  AMTX
END:    11.657764673233032
-
START:  AMZN
END:    11.928961515426636
-
START:  AN
END:    12.215853691101074
-
START:  ANSS
END:    12.457436323165894
-
START:  ANTM
Not Found: No data found, symbol may be delisted
START:  AON
END:    13.887004137039185
-
START:  AOSL
END:    14.112324476242065
-
START:  APD
END:    14.464321851730347
-
START:  APH
END:    14.731916904449463
-
START:  APPF
END:    14.936586618423462
-
START:  APPN
END:    15.095390319824219
-
START:  APPS
END:    15.324137210845947
-
START:  AQN
END:    15.594526767730713
-
START:  ARCB
END:    15.870137214660645
-
START:  ARCT
END:    16.04306674003601
-
START:  ARES
END:    17.28560757637024
-
START:  ARGX
END:    17.421766757965088
-
START:  ARWR
END:    17.663191556930542
-
START:  ASML
END:    17.9483904838562
-
START:  ASPN
END:    18.14260244369507
-
START:  ATEC
END:    19.38874101638794
-
START:  ATEN
END:    19.57082486152649
-
START:  ATKR
END:    20.757244110107422
-
START:  ATOM
END:    20.920344829559326
-
START:  ATR
END:    21.239601850509644
-
START:  ATRC
END:    21.4931800365448
-
START:  AUDC
END:    21.75578212738037
-
START:  AUPH
END:    21.918334484100342
-
START:  AVAV
END:    22.173171758651733
-
START:  AVGO
END:    22.385624647140503
-
START:  AVID
Not Found: No data found, symbol may be delisted
START:  AVNW
END:    22.709174871444702
-
START:  AVXL
END:    22.939368724822998
-
START:  AVY
END:    24.30085325241089
-
START:  AWK
END:    24.59610867500305
-
START:  AWR
END:    24.896507024765015
-
START:  AXON
END:    25.14877939224243
-
START:  AZO
END:    26.44277811050415
-
START:  AZPN
END:    27.706621646881104
-
START:  BAH
END:    27.974095582962036
-
START:  BAM
END:    28.070284366607666
-
START:  BAX
END:    28.37391757965088
-
START:  BBH
END:    28.685060739517212
-
START:  BBQ
END:    28.931729555130005
-
START:  BBY
END:    29.223628282546997
-
START:  BCPC
END:    29.58284568786621
-
START:  BDX
END:    29.963666915893555
-
START:  BEEM
END:    30.174449920654297
-
START:  BFAM
END:    31.367765188217163
-
START:  BFC
END:    31.616868019104004
-
START:  BGFV
END:    31.89472460746765
-
START:  BGNE
END:    32.03821873664856
-
START:  BHVN
END:    32.124305725097656
-
START:  BIO
END:    32.38890528678894
-
START:  BL
END:    32.536511182785034
-
START:  BLD
END:    32.707775831222534
-
START:  BLDP
END:    32.96202349662781
-
START:  BLDR
END:    33.18179702758789
-
START:  BLFS
END:    33.43925213813782
-
START:  BLK
END:    34.71077060699463
-
START:  BLL
Not Found: No data found, symbol may be delisted
START:  BLNK
END:    34.9995813369751
-
START:  BMI
END:    36.35402202606201
-
START:  BOOT
END:    36.59119939804077
-
START:  BOTZ
END:    36.77083969116211
-
START:  BR
END:    37.025575160980225
-
START:  BRKR
END:    37.281095027923584
-
START:  BRKS
Not Found: No data found, symbol may be delisted
START:  BRO
END:    38.7015106678009
-
START:  BURL
END:    38.869184255599976
-
START:  BX
END:    39.124303102493286
-
START:  CABO
END:    39.297114849090576
-
START:  CACI
END:    39.536980628967285
-
START:  CALX
END:    39.820467472076416
-
START:  CAMT
END:    40.0653030872345
-
START:  CAR
END:    40.32370162010193
-
START:  CBRE
END:    41.607338428497314
-
START:  CBSH
END:    41.91604447364807
-
START:  CBZ
END:    42.14427328109741
-
START:  CCOI
END:    43.45669603347778
-
START:  CCS
END:    43.64058494567871
-
START:  CDMO
END:    43.89187240600586
-
START:  CDNA
END:    44.07394552230835
-
START:  CDNS
END:    44.30715346336365
-
START:  CDW
END:    45.554277181625366
-
START:  CELH
END:    45.7750039100647
-
START:  CGNX
END:    46.072437047958374
-
START:  CHD
END:    47.421640157699585
-
START:  CHDN
END:    48.75825595855713
-
START:  CHE
END:    49.06096434593201
-
START:  CHGG
END:    50.29633378982544
-
START:  CHH
END:    50.6165497303009
-
START:  CHKP
END:    50.89327931404114
-
START:  CHTR
END:    51.135737657547
-
START:  CIEN
END:    51.37701606750488
-
START:  CLAR
END:    52.65330457687378
-
START:  CLFD
END:    52.90570950508118
-
START:  CLGN
END:    54.043359994888306
-
START:  CLNE
END:    54.269253730773926
-
START:  CLPT
END:    55.46910500526428
-
START:  CLX
END:    55.788618326187134
-
START:  CMCSA
END:    56.10022592544556
-
START:  CMG
END:    57.35599660873413
-
START:  CMS
END:    57.73573064804077
-
START:  CNC
END:    57.99372386932373
-
START:  CNI
END:    58.326250076293945
-
START:  CNMD
END:    58.607677936553955
-
START:  CNS
END:    58.86865234375
-
START:  CNXN
END:    59.13562726974487
-
START:  COO
END:    59.448302268981934
-
START:  COST
END:    59.738696813583374
-
START:  COUP
Not Found: No data found, symbol may be delisted
START:  COWN
Not Found: No data found, symbol may be delisted
START:  CP
END:    61.19353222846985
-
START:  CPK
END:    61.489245891571045
-
START:  CPRT
END:    61.76581120491028
-
START:  CPSH
END:    61.98972845077515
-
START:  CRAI
END:    62.23883128166199
-
START:  CREE
Not Found: No data found, symbol may be delisted
START:  CRL
END:    62.56265377998352
-
START:  CRM
END:    62.861963748931885
-
START:  CRMT
END:    64.12222075462341
-
START:  CROX
END:    64.36356902122498
-
START:  CRSP
END:    64.50286889076233
-
START:  CRVL
END:    64.75885653495789
-
START:  CSGP
END:    65.01474809646606
-
START:  CSL
END:    65.3215103149414
-
START:  CSWI
END:    66.50164222717285
-
START:  CSX
END:    66.81174302101135
-
START:  CTAS
END:    67.11377382278442
-
START:  CTLT
END:    67.29542112350464
-
START:  CTRN
END:    68.5687735080719
-
START:  CURE
END:    68.76274681091309
-
START:  CVCO
END:    69.02983617782593
-
START:  CVNA
END:    69.19269585609436
-
START:  CWST
END:    69.45470571517944
-
START:  CWT
END:    69.74904990196228
-
START:  CXSE
END:    69.95459413528442
-
START:  CYBR
END:    71.15091061592102
-
START:  CYRX
END:    71.41787219047546
-
START:  CYTK
END:    71.66655802726746
-
START:  DAC
END:    71.92570638656616
-
START:  DAR
END:    72.23951697349548
-
START:  DAVA
END:    72.37536215782166
-
START:  DDS
END:    72.78385186195374
-
START:  DE
END:    73.08186888694763
-
START:  DECK
END:    73.33669853210449
-
START:  DELL
END:    73.50410652160645
-
START:  DFIN
END:    73.6619484424591
-
START:  DG
END:    73.95579290390015
-
START:  DGRW
END:    74.15334439277649
-
START:  DHI
END:    74.54507303237915
-
START:  DHR
END:    74.89906644821167
-
START:  DIA
END:    75.19470763206482
-
START:  DIOD
END:    75.46895098686218
-
START:  DIS
END:    76.8517096042633
-
START:  DKS
END:    77.14120125770569
-
START:  DLN
END:    78.45957374572754
-
START:  DNLI
END:    78.60830521583557
-
START:  DOMO
END:    78.72905445098877
-
START:  DOV
END:    79.06608605384827
-
START:  DPZ
END:    79.34419775009155
-
START:  DQ
END:    79.54172897338867
-
START:  DRD
END:    79.8030948638916
-
START:  DRIO
END:    79.9726791381836
-
START:  DRNA
Not Found: No data found, symbol may be delisted
START:  DSGX
END:    80.29687285423279
-
START:  DVAX
END:    80.56539487838745
-
START:  DXCM
END:    80.8037850856781
-
START:  ECL
END:    81.07204174995422
-
START:  EFX
END:    81.35364103317261
-
START:  EGAN
END:    81.60214757919312
-
START:  EHC
END:    81.90958333015442
-
START:  EL
END:    82.22871446609497
-
START:  ENPH
END:    82.40842747688293
-
START:  ENSG
END:    82.66845607757568
-
START:  ENTG
END:    82.9512984752655
-
START:  ENV
END:    83.15699934959412
-
START:  EPAM
END:    83.34851479530334
-
START:  ERIE
END:    83.63592290878296
-
START:  ES
END:    83.9469051361084
-
START:  ESE
END:    84.24319314956665
-
START:  ETN
END:    84.67286157608032
-
START:  ETSY
END:    84.823894739151
-
START:  EVBG
END:    86.00078082084656
-
START:  EVTC
END:    86.19614434242249
-
START:  EW
END:    86.45230793952942
-
START:  EWT
END:    86.71859431266785
-
START:  EXAS
END:    86.96497631072998
-
START:  EXLS
END:    87.17803263664246
-
START:  EXPD
END:    88.46961879730225
-
START:  EXPI
END:    88.60423970222473
-
START:  EXPO
END:    88.85663342475891
-
START:  FAST
END:    89.19241642951965
-
START:  FATE
END:    89.35046100616455
-
START:  FB
Not Found: No data found, symbol may be delisted
START:  FCN
END:    89.69254446029663
-
START:  FCX
END:    89.98714256286621
-
START:  FDN
END:    90.23618459701538
-
START:  FDS
END:    91.56213784217834
-
START:  FELE
END:    92.94161939620972
-
START:  FFIN
END:    93.25678014755249
-
START:  FICO
END:    93.55254983901978
-
START:  FINX
END:    93.7081401348114
-
START:  FIS
END:    94.04945921897888
-
START:  FISV
Not Found: No data found, symbol may be delisted
START:  FIVE
END:    95.33752202987671
-
START:  FIVN
END:    96.50182223320007
-
START:  FLGT
END:    96.66596508026123
-
START:  FLT
END:    96.86093282699585
-
START:  FLWS
END:    97.12370872497559
-
START:  FN
END:    98.35199356079102
-
START:  FND
END:    98.49730801582336
-
START:  FNV
END:    98.75022220611572
-
START:  FORM
END:    100.07268643379211
-
START:  FOXF
END:    100.24529767036438
-
START:  FPX
END:    100.55619716644287
-
START:  FRC
Not Found: No data found, symbol may be delisted
START:  FRHC
END:    100.78495454788208
-
START:  FRPT
END:    100.95934271812439
-
START:  FSS
END:    102.30306696891785
-
START:  FTNT
END:    103.5398302078247
-
START:  FUV
END:    103.72835898399353
-
START:  GDEN
END:    103.99976754188538
-
START:  GFI
END:    105.3321692943573
-
START:  GGG
END:    105.61466813087463
-
START:  GIB
END:    106.93120956420898
-
START:  GLDD
END:    107.14174818992615
-
START:  GLOB
END:    107.3681104183197
-
START:  GMAB
END:    107.578360080719
-
START:  GME
END:    108.01592969894409
-
START:  GMED
END:    108.20612502098083
-
START:  GNRC
END:    108.4139633178711
-
START:  GNSS
END:    108.6669499874115
-
START:  GNTX
END:    108.9761574268341
-
START:  GOLF
END:    109.14320230484009
-
START:  GOOG
END:    110.44270753860474
-
START:  GOOGL
END:    110.70328760147095
-
START:  GPI
END:    111.00292205810547
-
START:  GPN
END:    112.37650752067566
-
START:  GRBK
END:    113.6527533531189
-
START:  GRMN
END:    113.94683408737183
-
START:  GRVY
END:    114.23438334465027
-
START:  GRWG
END:    114.36336731910706
-
START:  GWRE
END:    114.54170560836792
-
START:  HACK
END:    114.72753572463989
-
START:  HALO
END:    114.9583055973053
-
START:  HCI
END:    115.24444055557251
-
START:  HD
END:    115.56034684181213
-
START:  HEI
END:    115.86737895011902
-
START:  HELE
END:    116.12187027931213
-
START:  HIBB
END:    116.3878824710846
-
START:  HLI
END:    117.61523795127869
-
START:  HLT
END:    117.81544899940491
-
START:  HOLX
END:    119.10415577888489
-
START:  HON
END:    120.4865243434906
-
START:  HOV
END:    120.73358392715454
-
START:  HRC
Not Found: No data found, symbol may be delisted
START:  HRI
END:    121.07684397697449
-
START:  HSKA
Not Found: No data found, symbol may be delisted
START:  HTHT
END:    121.35447216033936
-
START:  HUBS
END:    122.5424690246582
-
START:  HUM
END:    122.86905241012573
-
START:  HZNP
Not Found: No data found, symbol may be delisted
START:  IAC
END:    123.20699715614319
-
START:  IBP
END:    124.38395166397095
-
START:  ICE
END:    124.64823174476624
-
START:  ICLN
END:    124.91147899627686
-
START:  ICLR
END:    126.18496966362
-
START:  IDT
END:    127.4538061618805
-
START:  IDXX
END:    127.71384382247925
-
START:  IESC
END:    127.96878838539124
-
START:  IEX
END:    128.28311681747437
-
START:  ILMN
END:    128.5529317855835
-
START:  INFO
Not Found: No data found, symbol may be delisted
START:  INOV
END:    129.70350408554077
-
START:  INSP
END:    129.89206528663635
-
START:  INTC
END:    131.2256464958191
-
START:  INTU
END:    131.54868602752686
-
START:  INTZ
END:    131.77173137664795
-
START:  INVE
END:    132.0476574897766
-
START:  IOO
END:    132.4303822517395
-
START:  IQV
END:    132.60638666152954
-
START:  IRDM
END:    132.82246041297913
-
START:  IRMD
END:    133.00732588768005
-
START:  ISEE
Not Found: No data found, symbol may be delisted
START:  ISRG
END:    134.36860013008118
-
START:  IT
END:    135.65219163894653
-
START:  ITT
END:    135.96187806129456
-
START:  ITW
END:    136.2994818687439
-
START:  IVOG
END:    136.5065474510193
-
START:  IVV
END:    136.81129789352417
-
START:  IXJ
END:    138.11293029785156
-
START:  IXN
END:    138.39862847328186
-
START:  J
END:    139.66823506355286
-
START:  JBL
END:    140.97473645210266
-
START:  JBSS
END:    141.2704803943634
-
START:  JD
END:    141.4309389591217
-
START:  JKHY
END:    142.79091358184814
-
START:  JKS
END:    142.9791042804718
-
START:  JNJ
END:    143.382337808609
-
START:  JOE
END:    143.6939001083374
-
START:  JOUT
END:    143.9508876800537
-
START:  JYNT
END:    144.13441801071167
-
START:  KAI
END:    144.39656686782837
-
START:  KBH
END:    144.7162380218506
-
START:  KBR
END:    144.98678398132324
-
START:  KDMN
Not Found: No data found, symbol may be delisted
START:  KEYS
END:    145.23088002204895
-
START:  KLAC
END:    146.52030158042908
-
START:  KLIC
END:    146.78863620758057
-
START:  KMX
END:    147.06560969352722
-
START:  KNSL
END:    147.22325015068054
-
START:  KOPN
END:    148.50339341163635
-
START:  KOSS
END:    148.74924540519714
-
START:  KRNT
END:    148.91840052604675
-
START:  KSU
Not Found: No data found, symbol may be delisted
START:  KTOS
END:    149.24297523498535
-
START:  LAC
END:    150.3461093902588
-
START:  LAD
END:    150.6713728904724
-
START:  LANC
END:    150.94771480560303
-
START:  LAWS
Not Found: No data found, symbol may be delisted
START:  LDOS
END:    152.29072785377502
-
START:  LFMD
END:    152.4810507297516
-
START:  LGIH
END:    152.6446716785431
-
START:  LH
END:    152.9267933368683
-
START:  LHCG
Not Found: No data found, symbol may be delisted
START:  LHX
END:    154.4198751449585
-
START:  LII
END:    155.76985216140747
-
START:  LIN
END:    156.08628511428833
-
START:  LINC
END:    157.36032223701477
-
START:  LIT
END:    157.59810829162598
-
START:  LLY
END:    157.95253467559814
-
START:  LMT
END:    158.2745144367218
-
START:  LNT
END:    158.5935037136078
-
START:  LOB
END:    158.83186173439026
-
START:  LOGI
END:    159.09764552116394
-
START:  LOVE
END:    159.23857474327087
-
START:  LOW
END:    159.53296279907227
-
START:  LPLA
END:    159.727844953537
-
START:  LPSN
END:    159.99126362800598
-
START:  LQDT
END:    160.22910022735596
-
START:  LRCX
END:    160.4831440448761
-
START:  LSCC
END:    160.7553985118866
-
START:  LSTR
END:    161.10253977775574
-
START:  LULU
END:    161.3223717212677
-
START:  LUNA
END:    162.5833716392517
-
START:  MA
END:    162.83897733688354
-
START:  MANH
END:    163.0921230316162
-
START:  MANT
Not Found: No data found, symbol may be delisted
START:  MARA
END:    163.33977723121643
-
START:  MASI
END:    164.6148407459259
-
START:  MATX
END:    164.9614384174347
-
START:  MBUU
END:    166.16022968292236
-
START:  MCD
END:    166.59197354316711
-
START:  MCHP
END:    166.8930470943451
-
START:  MCO
END:    168.1933891773224
-
START:  MDB
END:    168.34599208831787
-
START:  MDT
END:    169.68316507339478
-
START:  MEDP
END:    169.8203284740448
-
START:  MEDS
END:    170.13959193229675
-
START:  MELI
END:    170.37761735916138
-
START:  MGC
END:    171.64820742607117
-
START:  MGIC
END:    171.89790630340576
-
START:  MGK
END:    173.18704986572266
-
START:  MGNI
END:    173.36684226989746
-
START:  MHO
END:    173.62506937980652
-
START:  MIME
Not Found: No data found, symbol may be delisted
START:  MITK
END:    173.9360466003418
-
START:  MKC
END:    175.2642538547516
-
START:  MKSI
END:    176.56092977523804
-
START:  MKTX
END:    176.86077880859375
-
START:  MLAB
END:    177.1391327381134
-
START:  MLR
END:    177.41006779670715
-
START:  MMC
END:    178.7730541229248
-
START:  MMS
END:    180.11353087425232
-
START:  MNMD
END:    180.2752594947815
-
START:  MNST
END:    180.52276396751404
-
START:  MODN
END:    180.70962643623352
-
START:  MODV
END:    182.03015756607056
-
START:  MOH
END:    183.29245829582214
-
START:  MORN
END:    183.5658986568451
-
START:  MPWR
END:    183.81034302711487
-
START:  MRTX
END:    184.0264377593994
-
START:  MRVL
END:    184.3067605495453
-
START:  MS
END:    184.61149740219116
-
START:  MSA
END:    185.95482301712036
-
START:  MSCI
END:    187.20838952064514
-
START:  MSEX
END:    187.5172095298767
-
START:  MSFT
END:    187.83190035820007
-
START:  MSI
END:    189.2100224494934
-
START:  MSTR
END:    189.4809193611145
-
START:  MTBC
Not Found: No data found, symbol may be delisted
START:  MTCH
END:    190.83051466941833
-
START:  MTD
END:    191.08991026878357
-
START:  MTEX
END:    191.3539800643921
-
START:  MTH
END:    191.61515188217163
-
START:  MTLS
END:    191.77389311790466
-
START:  MTSI
END:    191.94507718086243
-
START:  MU
END:    192.28990983963013
-
START:  MUSA
END:    192.4835638999939
-
START:  MVIS
END:    192.7142322063446
-
START:  MXL
END:    192.9173572063446
-
START:  MYRG
END:    193.14442801475525
-
START:  NBIX
END:    194.47028470039368
-
START:  NCBS
Not Found: No data found, symbol may be delisted
START:  NDAQ
END:    194.80151438713074
-
START:  NDSN
END:    195.1260645389557
-
START:  NEE
END:    195.45325183868408
-
START:  NEO
END:    195.70985651016235
-
START:  NEOG
END:    195.97677206993103
-
START:  NFLX
END:    196.26573300361633
-
START:  NICE
END:    196.5392882823944
-
START:  NISN
END:    196.69397139549255
-
START:  NKE
END:    198.00962018966675
-
START:  NOVT
END:    199.28621625900269
-
START:  NOW
END:    199.46880459785461
-
START:  NSC
END:    199.79753613471985
-
START:  NSIT
END:    200.03619742393494
-
START:  NSSC
END:    200.3057999610901
-
START:  NSTG
END:    201.48147535324097
-
START:  NTLA
END:    201.64931511878967
-
START:  NTRA
END:    201.83612322807312
-
START:  NUAN
Not Found: No data found, symbol may be delisted
START:  NVCR
END:    202.07951998710632
-
START:  NVDA
END:    202.36246609687805
-
START:  NVMI
END:    202.6403067111969
-
START:  NVO
END:    202.97924327850342
-
START:  NVR
END:    203.23732471466064
-
START:  NXST
END:    203.51916122436523
-
START:  NYT
END:    204.83882427215576
-
START:  OBCI
Not Found: No data found, symbol may be delisted
START:  ODFL
END:    206.18445372581482
-
START:  OEF
END:    206.48779606819153
-
START:  OFLX
END:    206.7451033592224
-
START:  OLED
END:    206.99444961547852
-
START:  OMCL
END:    207.25916981697083
-
START:  ON
END:    208.51244831085205
-
START:  OOMA
END:    208.66546940803528
-
START:  OPRX
END:    208.8824005126953
-
START:  ORA
END:    209.16151022911072
-
START:  ORCL
END:    209.41936445236206
-
START:  ORLY
END:    209.66706585884094
-
START:  ORMP
END:    209.93672466278076
-
START:  OTEX
END:    210.21813941001892
-
START:  PACB
END:    210.42786192893982
-
START:  PAG
END:    210.74564170837402
-
START:  PANW
END:    210.92435836791992
-
START:  PAR
END:    211.1608579158783
-
START:  PAYC
END:    211.3314709663391
-
START:  PAYX
END:    211.65098023414612
-
START:  PBD
END:    211.89683151245117
-
START:  PCTY
END:    212.05275797843933
-
START:  PEGA
END:    212.32704949378967
-
START:  PEN
END:    212.50523352622986
-
START:  PENN
END:    213.80343389511108
-
START:  PEP
END:    214.14215183258057
-
START:  PERI
END:    214.38283681869507
-
START:  PFSI
END:    214.61592602729797
-
START:  PGR
END:    214.90712022781372
-
START:  PH
END:    215.18607687950134
-
START:  PHM
END:    215.51159644126892
-
START:  PKI
Not Found: No data found, symbol may be delisted
START:  PLL
END:    215.7647430896759
-
START:  PLNT
END:    217.0069923400879
-
START:  PLUG
END:    217.2718346118927
-
START:  PLXS
END:    217.52868223190308
-
START:  PODD
END:    218.79850816726685
-
START:  POOL
END:    219.060387134552
-
START:  POWI
END:    219.34595608711243
-
START:  PRFT
END:    219.58910179138184
-
START:  PRI
END:    220.89275479316711
-
START:  PRTA
END:    222.10280418395996
-
START:  PRTS
END:    222.30619049072266
-
START:  PTSI
END:    222.57781505584717
-
START:  PWR
END:    222.86271023750305
-
START:  PYPL
END:    223.041188955307
-
START:  QADA
Not Found: No data found, symbol may be delisted
START:  QCLN
END:    224.37707352638245
-
START:  QDEL
END:    224.63017082214355
-
START:  QGEN
END:    225.92268252372742
-
START:  QLYS
END:    226.12030124664307
-
START:  QQQ
END:    226.4032838344574
-
START:  QRVO
END:    226.5749180316925
-
START:  QTWO
END:    227.76749634742737
-
START:  RADA
Not Found: No data found, symbol may be delisted
START:  RAMP
END:    229.13380885124207
-
START:  RBA
END:    229.43816781044006
-
START:  RCII
Not Found: No data found, symbol may be delisted
START:  RCKY
END:    229.77144265174866
-
START:  RDNT
END:    230.0390419960022
-
START:  RDVT
END:    230.17757892608643
-
START:  RDWR
END:    231.4473156929016
-
START:  REGI
END:    232.6473298072815
-
START:  RENN
Not Found: No data found, symbol may be delisted
START:  RGEN
END:    232.97895002365112
-
START:  RH
END:    233.16479873657227
-
START:  RILY
END:    233.4023973941803
-
START:  RIOT
END:    233.55188059806824
-
START:  RLI
END:    233.88585948944092
-
START:  RLMD
END:    234.0656397342682
-
START:  RMD
END:    234.32238268852234
-
START:  RNG
END:    234.4831840991974
-
START:  ROBO
END:    234.6615138053894
-
START:  ROCK
END:    235.95166540145874
-
START:  ROK
END:    236.3096330165863
-
START:  ROKU
END:    236.46692848205566
-
START:  ROL
END:    236.79513716697693
-
START:  ROP
END:    237.0699405670166
-
START:  ROST
END:    238.36531257629395
-
START:  RPD
END:    238.51868152618408
-
START:  RPM
END:    239.8342785835266
-
START:  RSG
END:    240.1402997970581
-
START:  RTH
END:    240.39887976646423
-
START:  RUN
END:    240.55615234375
-
START:  RXI
END:    240.82031631469727
-
START:  SAIA
END:    241.0635325908661
-
START:  SAIC
END:    241.26903915405273
-
START:  SAM
END:    241.53130102157593
-
START:  SAVA
END:    241.7851779460907
-
START:  SCI
END:    242.1036434173584
-
START:  SCL
END:    242.4037642478943
-
START:  SE
END:    243.5467939376831
-
START:  SEAS
END:    243.72688269615173
-
START:  SEDG
END:    243.90736293792725
-
START:  SFBS
END:    244.0830249786377
-
START:  SGEN
Not Found: No data found, symbol may be delisted
START:  SGMS
Not Found: No data found, symbol may be delisted
START:  SGRY
END:    246.44245219230652
-
START:  SHOP
END:    246.61830043792725
-
START:  SHW
END:    247.9447512626648
-
START:  SHYF
END:    249.27661800384521
-
START:  SITE
END:    249.43512201309204
-
START:  SIVB
Not Found: No data found, symbol may be delisted
START:  SJW
END:    250.86039996147156
-
START:  SKY
END:    252.19463086128235
-
START:  SLAB
END:    252.46062922477722
-
START:  SLP
END:    252.73301577568054
-
START:  SMH
END:    252.97795724868774
-
START:  SMTC
END:    253.21038961410522
-
START:  SNAP
END:    253.42562198638916
-
START:  SNPS
END:    253.68491196632385
-
START:  SOCL
END:    254.9101231098175
-
START:  SOXL
END:    255.14619278907776
-
START:  SPGI
END:    256.48123002052307
-
START:  SPLG
END:    256.73133635520935
-
START:  SPLK
END:    256.9341628551483
-
START:  SPNS
END:    257.20173358917236
-
START:  SPSC
END:    257.41513299942017
-
START:  SPTM
END:    257.73053789138794
-
START:  SPWH
END:    257.90917205810547
-
START:  SPWR
END:    259.17630076408386
-
START:  SPXC
END:    259.4663026332855
-
START:  SPXL
END:    259.71798181533813
-
START:  SPY
END:    260.02875232696533
-
START:  SPYG
END:    260.3097496032715
-
START:  SQ
END:    260.4800148010254
-
START:  SSD
END:    261.8018727302551
-
START:  SSNC
END:    262.0317895412445
-
START:  SSTK
END:    262.20727133750916
-
START:  STAA
END:    263.4907326698303
-
START:  STE
END:    263.8038442134857
-
START:  SUSA
END:    264.068466424942
-
START:  SYK
END:    264.36371207237244
-
START:  SYNA
END:    264.6265571117401
-
START:  TBBK
END:    264.91371488571167
-
START:  TBK
Not Found: No data found, symbol may be delisted
START:  TDG
END:    266.280992269516
-
START:  TDOC
END:    266.4615948200226
-
START:  TDY
END:    266.7072880268097
-
START:  TEAM
END:    266.86651730537415
-
START:  TECH
END:    267.12729239463806
-
START:  TECL
END:    267.3628008365631
-
START:  TER
END:    267.64783096313477
-
START:  TFX
END:    267.9316132068634
-
START:  TGH
END:    268.1605098247528
-
START:  TGLS
END:    268.35634875297546
-
START:  TGT
END:    268.65426421165466
-
START:  TGTX
END:    268.8487706184387
-
START:  THC
END:    269.1469495296478
-
START:  TJX
END:    270.5570092201233
-
START:  TMO
END:    270.8666818141937
-
START:  TMUS
END:    272.140741109848
-
START:  TNDM
END:    272.30661606788635
-
START:  TNET
END:    272.47102642059326
-
START:  TPX
END:    272.75415205955505
-
START:  TREX
END:    273.0812819004059
-
START:  TRI
END:    274.3774607181549
-
START:  TRIL
Not Found: No data found, symbol may be delisted
START:  TRMB
END:    274.79365611076355
-
START:  TRNS
END:    275.05009603500366
-
START:  TROW
END:    275.36902356147766
-
START:  TRU
END:    275.53266954421997
-
START:  TRUP
END:    275.7163770198822
-
START:  TSCO
END:    276.0022392272949
-
START:  TSLA
END:    276.2038960456848
-
START:  TSM
END:    277.49749636650085
-
START:  TT
END:    277.83779978752136
-
START:  TTC
END:    278.1460385322571
-
START:  TTD
END:    278.31233286857605
-
START:  TTEC
END:    279.6049156188965
-
START:  TTEK
END:    279.87581968307495
-
START:  TTGT
END:    280.16348028182983
-
START:  TTWO
END:    281.4551668167114
-
START:  TWLO
END:    282.61992359161377
-
START:  TXN
END:    282.96540117263794
-
START:  TYL
END:    284.2394919395447
-
START:  UCTT
END:    284.493905544281
-
START:  UFPI
END:    284.7768979072571
-
START:  UFPT
END:    285.01884508132935
-
START:  UI
END:    285.20530104637146
-
START:  UMC
END:    286.5364799499512
-
START:  UNF
END:    286.8543257713318
-
START:  UNH
END:    287.1446487903595
-
START:  UNP
END:    287.47533774375916
-
START:  UPLD
END:    287.6405005455017
-
START:  URI
END:    287.887708902359
-
START:  V
END:    288.1790633201599
-
START:  VALU
END:    289.5581126213074
-
START:  VBK
END:    289.8341648578644
-
START:  VCEL
END:    291.08516788482666
-
START:  VCR
END:    291.3696484565735
-
START:  VCTR
END:    291.53425455093384
-
START:  VCYT
END:    291.703560590744
-
START:  VDC
END:    291.9979422092438
-
START:  VEEV
END:    292.2117495536804
-
START:  VERU
END:    293.50614166259766
-
START:  VGT
END:    293.768981218338
-
START:  VHT
END:    294.0555760860443
-
START:  VIAV
END:    294.32007336616516
-
START:  VICR
END:    294.61575531959534
-
START:  VIG
END:    294.9049873352051
-
START:  VO
END:    295.18329310417175
-
START:  VONE
END:    295.4498403072357
-
START:  VONG
END:    295.6589813232422
-
START:  VOO
END:    296.88435554504395
-
START:  VOOG
END:    298.16209149360657
-
START:  VOOV
END:    298.35958909988403
-
START:  VOT
END:    298.62216567993164
-
START:  VPU
END:    298.91029953956604
-
START:  VRNS
END:    299.09789276123047
-
START:  VRSK
END:    299.3636655807495
-
START:  VRSN
END:    300.6362113952637
-
START:  VRTV
Not Found: No data found, symbol may be delisted
START:  VSTO
END:    300.8777668476105
-
START:  VTHR
END:    301.1174614429474
-
START:  VTI
END:    301.53952193260193
-
START:  VTNR
END:    302.8447685241699
-
START:  VTWG
END:    303.067266702652
-
START:  VUG
END:    303.3619565963745
-
START:  VV
END:    304.10369896888733
-
START:  VXF
END:    304.4028260707855
-
START:  WCN
END:    304.6780343055725
-
START:  WD
END:    305.9051012992859
-
START:  WDAY
END:    306.0797908306122
-
START:  WDFC
END:    306.3569121360779
-
START:  WEC
END:    307.71649861335754
-
START:  WEN
END:    307.99636697769165
-
START:  WINA
END:    308.351425409317
-
START:  WING
END:    308.5206880569458
-
START:  WIRE
END:    308.80221915245056
-
START:  WIX
END:    308.9896459579468
-
START:  WK
END:    310.1660165786743
-
START:  WLTW
Not Found: No data found, symbol may be delisted
START:  WM
END:    311.53067660331726
-
START:  WMS
END:    312.70305132865906
-
START:  WNS
END:    312.9653367996216
-
START:  WRB
END:    313.294926404953
-
START:  WSC
END:    314.44860911369324
-
START:  WSM
END:    315.72190046310425
-
START:  WST
END:    316.04284405708313
-
START:  WTRG
END:    317.3646831512451
-
START:  WTS
END:    317.6621232032776
-
START:  XEL
END:    317.96673560142517
-
START:  XENE
END:    318.17121481895447
-
START:  XLK
END:    318.46620202064514
-
START:  XLNX
Not Found: No data found, symbol may be delisted
START:  XLP
END:    319.8338565826416
-
START:  XLRN
Not Found: No data found, symbol may be delisted
START:  XLU
END:    320.233274936676
-
START:  XLV
END:    320.5104818344116
-
START:  XLY
END:    320.8027329444885
-
START:  XYL
END:    320.98878049850464
-
START:  YNDX
END:    321.16165566444397
-
START:  YORW
END:    321.49491238594055
-
START:  YUM
END:    321.82067918777466
-
START:  Z
END:    323.0326943397522
-
START:  ZBRA
END:    323.2834053039551
-
START:  ZEN
Not Found: No data found, symbol may be delisted
START:  ZLAB
END:    324.51701045036316
-
START:  ZNGA
Not Found: No data found, symbol may be delisted
START:  ZS
END:    324.7770493030548
-
START:  ZTS
END:    324.983127117157
-
START:  ZYXI
END:    325.2171266078949
-
===========================
MACD golden cross
===========================
START:  code
START:  A
START:  AAON
START:  AAPL
START:  ABG
START:  ABT
START:  ACLS
START:  ACMR
START:  ACN
START:  ADBE
START:  ADI
START:  ADP
START:  ADSK
START:  ADUS
START:  AEE
START:  AGYS
START:  AIZ
START:  AJG
START:  AJRD
START:  ALB
START:  ALG
START:  ALGN
START:  ALLE
START:  ALTR
START:  AMAT
START:  AMBA
START:  AMD
START:  AME
START:  AMED
START:  AMEH
START:  AMGN
START:  AMN
START:  AMP
START:  AMRC
START:  AMSWA
START:  AMTX
START:  AMZN
START:  AN
START:  ANSS
START:  ANTM
START:  AON
START:  AOSL
START:  APD
START:  APH
START:  APPF
START:  APPN
START:  APPS
START:  AQN
START:  ARCB
START:  ARCT
START:  ARES
START:  ARGX
START:  ARWR
START:  ASML
START:  ASPN
START:  ATEC
START:  ATEN
START:  ATKR
START:  ATOM
START:  ATR
START:  ATRC
START:  AUDC
START:  AUPH
START:  AVAV
START:  AVGO
START:  AVID
START:  AVNW
START:  AVXL
START:  AVY
START:  AWK
START:  AWR
START:  AXON
START:  AZO
START:  AZPN
START:  BAH
START:  BAM
START:  BAX
START:  BBH
START:  BBQ
START:  BBY
START:  BCPC
START:  BDX
START:  BEEM
START:  BFAM
START:  BFC
START:  BGFV
START:  BGNE
START:  BHVN
START:  BIO
START:  BL
START:  BLD
START:  BLDP
START:  BLDR
START:  BLFS
START:  BLK
START:  BLL
START:  BLNK
START:  BMI
START:  BOOT
START:  BOTZ
START:  BR
START:  BRKR
START:  BRKS
START:  BRO
START:  BURL
START:  BX
START:  CABO
START:  CACI
START:  CALX
START:  CAMT
START:  CAR
START:  CBRE
START:  CBSH
START:  CBZ
START:  CCOI
START:  CCS
START:  CDMO
START:  CDNA
START:  CDNS
START:  CDW
START:  CELH
START:  CGNX
START:  CHD
START:  CHDN
START:  CHE
START:  CHGG
START:  CHH
START:  CHKP
START:  CHTR
START:  CIEN
START:  CLAR
START:  CLFD
START:  CLGN
START:  CLNE
START:  CLPT
START:  CLX
START:  CMCSA
START:  CMG
START:  CMS
START:  CNC
START:  CNI
START:  CNMD
START:  CNS
START:  CNXN
START:  COO
START:  COST
START:  COUP
START:  COWN
START:  CP
START:  CPK
START:  CPRT
START:  CPSH
START:  CRAI
START:  CREE
START:  CRL
START:  CRM
START:  CRMT
START:  CROX
START:  CRSP
START:  CRVL
START:  CSGP
START:  CSL
START:  CSWI
START:  CSX
START:  CTAS
START:  CTLT
START:  CTRN
START:  CURE
START:  CVCO
START:  CVNA
START:  CWST
START:  CWT
START:  CXSE
START:  CYBR
START:  CYRX
START:  CYTK
START:  DAC
START:  DAR
START:  DAVA
START:  DDS
START:  DE
START:  DECK
START:  DELL
START:  DFIN
START:  DG
START:  DGRW
START:  DHI
START:  DHR
START:  DIA
START:  DIOD
START:  DIS
START:  DKS
START:  DLN
START:  DNLI
START:  DOMO
START:  DOV
START:  DPZ
START:  DQ
START:  DRD
START:  DRIO
START:  DRNA
START:  DSGX
START:  DVAX
START:  DXCM
START:  ECL
START:  EFX
START:  EGAN
START:  EHC
START:  EL
START:  ENPH
START:  ENSG
START:  ENTG
START:  ENV
START:  EPAM
START:  ERIE
START:  ES
START:  ESE
START:  ETN
START:  ETSY
START:  EVBG
START:  EVTC
START:  EW
START:  EWT
START:  EXAS
START:  EXLS
START:  EXPD
START:  EXPI
START:  EXPO
START:  FAST
START:  FATE
START:  FB
START:  FCN
START:  FCX
START:  FDN
START:  FDS
START:  FELE
START:  FFIN
START:  FICO
START:  FINX
START:  FIS
START:  FISV
START:  FIVE
START:  FIVN
START:  FLGT
START:  FLT
START:  FLWS
START:  FN
START:  FND
START:  FNV
START:  FORM
START:  FOXF
START:  FPX
START:  FRC
START:  FRHC
START:  FRPT
START:  FSS
START:  FTNT
START:  FUV
START:  GDEN
START:  GFI
START:  GGG
START:  GIB
START:  GLDD
START:  GLOB
START:  GMAB
START:  GME
START:  GMED
START:  GNRC
START:  GNSS
START:  GNTX
START:  GOLF
START:  GOOG
START:  GOOGL
START:  GPI
START:  GPN
START:  GRBK
START:  GRMN
START:  GRVY
START:  GRWG
START:  GWRE
START:  HACK
START:  HALO
START:  HCI
START:  HD
START:  HEI
START:  HELE
START:  HIBB
START:  HLI
START:  HLT
START:  HOLX
START:  HON
START:  HOV
START:  HRC
START:  HRI
START:  HSKA
START:  HTHT
START:  HUBS
START:  HUM
START:  HZNP
START:  IAC
START:  IBP
START:  ICE
START:  ICLN
START:  ICLR
START:  IDT
START:  IDXX
START:  IESC
START:  IEX
START:  ILMN
START:  INFO
START:  INOV
START:  INSP
START:  INTC
START:  INTU
START:  INTZ
START:  INVE
START:  IOO
START:  IQV
START:  IRDM
START:  IRMD
START:  ISEE
START:  ISRG
START:  IT
START:  ITT
START:  ITW
START:  IVOG
START:  IVV
START:  IXJ
START:  IXN
START:  J
START:  JBL
START:  JBSS
START:  JD
START:  JKHY
START:  JKS
START:  JNJ
START:  JOE
START:  JOUT
START:  JYNT
START:  KAI
START:  KBH
START:  KBR
START:  KDMN
START:  KEYS
START:  KLAC
START:  KLIC
START:  KMX
START:  KNSL
START:  KOPN
START:  KOSS
START:  KRNT
START:  KSU
START:  KTOS
START:  LAC
START:  LAD
START:  LANC
START:  LAWS
START:  LDOS
START:  LFMD
START:  LGIH
START:  LH
START:  LHCG
START:  LHX
START:  LII
START:  LIN
START:  LINC
START:  LIT
START:  LLY
START:  LMT
START:  LNT
START:  LOB
START:  LOGI
START:  LOVE
START:  LOW
START:  LPLA
START:  LPSN
START:  LQDT
START:  LRCX
START:  LSCC
START:  LSTR
START:  LULU
START:  LUNA
START:  MA
START:  MANH
START:  MANT
START:  MARA
START:  MASI
START:  MATX
START:  MBUU
START:  MCD
START:  MCHP
START:  MCO
START:  MDB
START:  MDT
START:  MEDP
START:  MEDS
START:  MELI
START:  MGC
START:  MGIC
START:  MGK
START:  MGNI
START:  MHO
START:  MIME
START:  MITK
START:  MKC
START:  MKSI
START:  MKTX
START:  MLAB
START:  MLR
START:  MMC
START:  MMS
START:  MNMD
START:  MNST
START:  MODN
START:  MODV
START:  MOH
START:  MORN
START:  MPWR
START:  MRTX
START:  MRVL
START:  MS
START:  MSA
START:  MSCI
START:  MSEX
START:  MSFT
START:  MSI
START:  MSTR
START:  MTBC
START:  MTCH
START:  MTD
START:  MTEX
START:  MTH
START:  MTLS
START:  MTSI
START:  MU
START:  MUSA
START:  MVIS
START:  MXL
START:  MYRG
START:  NBIX
START:  NCBS
START:  NDAQ
START:  NDSN
START:  NEE
START:  NEO
START:  NEOG
START:  NFLX
START:  NICE
START:  NISN
START:  NKE
START:  NOVT
START:  NOW
START:  NSC
START:  NSIT
START:  NSSC
START:  NSTG
START:  NTLA
START:  NTRA
START:  NUAN
START:  NVCR
START:  NVDA
START:  NVMI
START:  NVO
START:  NVR
START:  NXST
START:  NYT
START:  OBCI
START:  ODFL
START:  OEF
START:  OFLX
START:  OLED
START:  OMCL
START:  ON
START:  OOMA
START:  OPRX
START:  ORA
START:  ORCL
START:  ORLY
START:  ORMP
START:  OTEX
START:  PACB
START:  PAG
START:  PANW
START:  PAR
START:  PAYC
START:  PAYX
START:  PBD
START:  PCTY
START:  PEGA
START:  PEN
START:  PENN
START:  PEP
START:  PERI
START:  PFSI
START:  PGR
START:  PH
START:  PHM
START:  PKI
START:  PLL
START:  PLNT
START:  PLUG
START:  PLXS
START:  PODD
START:  POOL
START:  POWI
START:  PRFT
START:  PRI
START:  PRTA
START:  PRTS
START:  PTSI
START:  PWR
START:  PYPL
START:  QADA
START:  QCLN
START:  QDEL
START:  QGEN
START:  QLYS
START:  QQQ
START:  QRVO
START:  QTWO
START:  RADA
START:  RAMP
START:  RBA
START:  RCII
START:  RCKY
START:  RDNT
START:  RDVT
START:  RDWR
START:  REGI
START:  RENN
START:  RGEN
START:  RH
START:  RILY
START:  RIOT
START:  RLI
START:  RLMD
START:  RMD
START:  RNG
START:  ROBO
START:  ROCK
START:  ROK
START:  ROKU
START:  ROL
START:  ROP
START:  ROST
START:  RPD
START:  RPM
START:  RSG
START:  RTH
START:  RUN
START:  RXI
START:  SAIA
START:  SAIC
START:  SAM
START:  SAVA
START:  SCI
START:  SCL
START:  SE
START:  SEAS
START:  SEDG
START:  SFBS
START:  SGEN
START:  SGMS
START:  SGRY
START:  SHOP
START:  SHW
START:  SHYF
START:  SITE
START:  SIVB
START:  SJW
START:  SKY
START:  SLAB
START:  SLP
START:  SMH
START:  SMTC
START:  SNAP
START:  SNPS
START:  SOCL
START:  SOXL
START:  SPGI
START:  SPLG
START:  SPLK
START:  SPNS
START:  SPSC
START:  SPTM
START:  SPWH
START:  SPWR
START:  SPXC
START:  SPXL
START:  SPY
START:  SPYG
START:  SQ
START:  SSD
START:  SSNC
START:  SSTK
START:  STAA
START:  STE
START:  SUSA
START:  SYK
START:  SYNA
START:  TBBK
START:  TBK
START:  TDG
START:  TDOC
START:  TDY
START:  TEAM
START:  TECH
START:  TECL
START:  TER
START:  TFX
START:  TGH
START:  TGLS
START:  TGT
START:  TGTX
START:  THC
START:  TJX
START:  TMO
START:  TMUS
START:  TNDM
START:  TNET
START:  TPX
START:  TREX
START:  TRI
START:  TRIL
START:  TRMB
START:  TRNS
START:  TROW
START:  TRU
START:  TRUP
START:  TSCO
START:  TSLA
START:  TSM
START:  TT
START:  TTC
START:  TTD
START:  TTEC
START:  TTEK
START:  TTGT
START:  TTWO
START:  TWLO
START:  TXN
START:  TYL
START:  UCTT
START:  UFPI
START:  UFPT
START:  UI
START:  UMC
START:  UNF
START:  UNH
START:  UNP
START:  UPLD
START:  URI
START:  V
START:  VALU
START:  VBK
START:  VCEL
START:  VCR
START:  VCTR
START:  VCYT
START:  VDC
START:  VEEV
START:  VERU
START:  VGT
START:  VHT
START:  VIAV
START:  VICR
START:  VIG
START:  VO
START:  VONE
START:  VONG
START:  VOO
START:  VOOG
START:  VOOV
START:  VOT
START:  VPU
START:  VRNS
START:  VRSK
START:  VRSN
START:  VRTV
START:  VSTO
START:  VTHR
START:  VTI
START:  VTNR
START:  VTWG
START:  VUG
START:  VV
START:  VXF
START:  WCN
START:  WD
START:  WDAY
START:  WDFC
START:  WEC
START:  WEN
START:  WINA
START:  WING
START:  WIRE
START:  WIX
START:  WK
START:  WLTW
START:  WM
START:  WMS
START:  WNS
START:  WRB
START:  WSC
START:  WSM
START:  WST
START:  WTRG
START:  WTS
START:  XEL
START:  XENE
START:  XLK
START:  XLNX
START:  XLP
START:  XLRN
START:  XLU
START:  XLV
START:  XLY
START:  XYL
START:  YNDX
START:  YORW
START:  YUM
START:  Z
START:  ZBRA
START:  ZEN
START:  ZLAB
START:  ZNGA
START:  ZS
START:  ZTS
START:  ZYXI
==== MACD golden cross ====
None
code: A        day: macd + hist + hist_1pre + ,  Week: macd + hist + hist_1pre - , Month: macd - hist + hist_1pre + , 
Trade --> code: A      BUY: 2006-07-31   20.34 SELL: 2008-10-31   15.87  macd:   -0.51 macd_count:  27 profit:  0.78
Trade --> code: A      BUY: 2010-03-31   24.60 SELL: 2023-08-31  121.07  macd:   -0.38 macd_count: 161 profit:  4.92

code: ADUS     day: macd + hist + hist_1pre - ,  Week: macd + hist + hist_1pre - , Month: macd - hist - hist_1pre - , 
Trade --> code: ADUS   BUY: 2012-12-31    7.15 SELL: 2016-05-31   20.00  macd:   -0.18 macd_count:  41 profit:  2.80
Trade --> code: ADUS   BUY: 2016-10-31   25.30 SELL: 2022-05-31   83.50  macd:   -0.32 macd_count:  67 profit:  3.30
Trade --> code: ADUS   BUY: 2022-09-30   95.24 SELL: 2023-09-30   85.19  macd:   -0.28 macd_count:  12 profit:  0.89

code: ATKR     day: macd + hist + hist_1pre + ,  Week: macd + hist + hist_1pre - , Month: macd + hist + hist_1pre - , 
Trade --> code: ATKR   BUY: 2018-10-31   19.26 SELL: 2018-12-31   19.84  macd:   -0.02 macd_count:   2 profit:  1.03
Trade --> code: ATKR   BUY: 2019-01-31   23.19 SELL: 2020-10-31   20.69  macd:   -0.20 macd_count:  21 profit:  0.89
Trade --> code: ATKR   BUY: 2020-11-30   38.98 SELL: 2024-02-29  169.40  macd:   16.07 macd_count:  40 profit:  4.35

code: BURL     day: macd + hist + hist_1pre + ,  Week: macd + hist + hist_1pre - , Month: macd - hist + hist_1pre + , 
Trade --> code: BURL   BUY: 2016-02-29   56.06 SELL: 2022-05-31  168.30  macd:   -3.29 macd_count:  75 profit:  3.00

code: CHE      day: macd + hist + hist_1pre + ,  Week: macd + hist + hist_1pre - , Month: macd + hist + hist_1pre + , 
Trade --> code: CHE    BUY: 2006-07-31   36.78 SELL: 2008-05-31   36.22  macd:   -0.40 macd_count:  22 profit:  0.98
Trade --> code: CHE    BUY: 2009-12-31   47.97 SELL: 2024-02-29  626.13  macd:   27.23 macd_count: 171 profit: 13.05

code: CSGP     day: macd + hist + hist_1pre + ,  Week: macd + hist + hist_1pre - , Month: macd + hist + hist_1pre + , 
Trade --> code: CSGP   BUY: 2006-07-31    4.34 SELL: 2008-02-29    4.15  macd:   -0.01 macd_count:  19 profit:  0.96
Trade --> code: CSGP   BUY: 2008-08-31    5.28 SELL: 2008-09-30    4.54  macd:   -0.01 macd_count:   1 profit:  0.86
Trade --> code: CSGP   BUY: 2010-08-31    4.13 SELL: 2022-04-30   63.62  macd:   -0.14 macd_count: 140 profit: 15.42
Trade --> code: CSGP   BUY: 2022-11-30   81.04 SELL: 2023-03-31   68.85  macd:   -0.01 macd_count:   4 profit:  0.85
Trade --> code: CSGP   BUY: 2023-04-30   76.95 SELL: 2024-02-29   87.03  macd:    2.59 macd_count:  11 profit:  1.13

code: CTRN     day: macd + hist + hist_1pre - ,  Week: macd + hist + hist_1pre - , Month: macd - hist + hist_1pre + , 
Trade --> code: CTRN   BUY: 2009-09-30   28.47 SELL: 2011-01-31   22.90  macd:   -0.14 macd_count:  16 profit:  0.80
Trade --> code: CTRN   BUY: 2013-12-31   17.00 SELL: 2016-04-30   17.96  macd:   -0.11 macd_count:  28 profit:  1.06
Trade --> code: CTRN   BUY: 2017-10-31   21.76 SELL: 2019-03-31   19.31  macd:   -0.08 macd_count:  17 profit:  0.89
Trade --> code: CTRN   BUY: 2020-10-31   26.11 SELL: 2022-05-31   29.88  macd:   -0.02 macd_count:  19 profit:  1.14

code: ERIE     day: macd + hist + hist_1pre + ,  Week: macd + hist + hist_1pre - , Month: macd + hist + hist_1pre + , 
Trade --> code: ERIE   BUY: 2006-07-31   49.55 SELL: 2008-03-31   51.19  macd:   -0.14 macd_count:  20 profit:  1.03
Trade --> code: ERIE   BUY: 2010-07-31   49.03 SELL: 2022-02-28  175.10  macd:   -1.00 macd_count: 139 profit:  3.57
Trade --> code: ERIE   BUY: 2022-08-31  214.93 SELL: 2024-02-29  406.88  macd:   34.11 macd_count:  19 profit:  1.89

code: FIVE     day: macd + hist + hist_1pre + ,  Week: macd + hist + hist_1pre - , Month: macd + hist + hist_1pre - , 
Trade --> code: FIVE   BUY: 2014-11-30   46.66 SELL: 2015-04-30   33.72  macd:   -0.26 macd_count:   5 profit:  0.72
Trade --> code: FIVE   BUY: 2016-04-30   41.70 SELL: 2022-07-31  127.07  macd:   -1.50 macd_count:  75 profit:  3.05
Trade --> code: FIVE   BUY: 2023-01-31  197.13 SELL: 2024-02-29  200.68  macd:    7.58 macd_count:  14 profit:  1.02

code: KBH      day: macd + hist + hist_1pre + ,  Week: macd + hist + hist_1pre - , Month: macd + hist + hist_1pre + , 
Trade --> code: KBH    BUY: 2006-07-31   42.52 SELL: 2007-03-31   42.67  macd:   -0.42 macd_count:   8 profit:  1.00
Trade --> code: KBH    BUY: 2012-11-30   14.36 SELL: 2015-01-31   12.46  macd:   -0.10 macd_count:  26 profit:  0.87
Trade --> code: KBH    BUY: 2016-11-30   15.84 SELL: 2022-06-30   28.46  macd:   -0.24 macd_count:  67 profit:  1.80
Trade --> code: KBH    BUY: 2023-04-30   43.82 SELL: 2024-02-29   66.43  macd:    5.84 macd_count:  11 profit:  1.52

code: LII      day: macd + hist + hist_1pre + ,  Week: macd + hist + hist_1pre - , Month: macd + hist + hist_1pre + , 
Trade --> code: LII    BUY: 2006-07-31   22.81 SELL: 2009-01-31   28.11  macd:   -0.08 macd_count:  30 profit:  1.23
Trade --> code: LII    BUY: 2009-08-31   35.88 SELL: 2011-09-30   25.78  macd:   -0.49 macd_count:  25 profit:  0.72
Trade --> code: LII    BUY: 2012-06-30   46.63 SELL: 2022-05-31  208.90  macd:   -4.57 macd_count: 119 profit:  4.48
Trade --> code: LII    BUY: 2023-06-30  326.07 SELL: 2024-02-29  471.21  macd:   42.34 macd_count:   9 profit:  1.45

code: LINC     day: macd + hist + hist_1pre + ,  Week: macd + hist + hist_1pre - , Month: macd + hist + hist_1pre + , 
Trade --> code: LINC   BUY: 2009-03-31   18.32 SELL: 2010-10-31   12.46  macd:   -0.19 macd_count:  19 profit:  0.68
Trade --> code: LINC   BUY: 2017-06-30    3.10 SELL: 2017-12-31    2.02  macd:   -0.03 macd_count:   6 profit:  0.65
Trade --> code: LINC   BUY: 2018-12-31    3.20 SELL: 2019-09-30    2.08  macd:   -0.01 macd_count:   9 profit:  0.65
Trade --> code: LINC   BUY: 2020-02-29    2.95 SELL: 2024-02-29   10.06  macd:    0.83 macd_count:  49 profit:  3.41

code: MNST     day: macd + hist + hist_1pre + ,  Week: macd + hist + hist_1pre - , Month: macd + hist - hist_1pre - , 
Trade --> code: MNST   BUY: 2006-07-31    3.83 SELL: 2008-08-31    2.29  macd:   -0.03 macd_count:  25 profit:  0.60
Trade --> code: MNST   BUY: 2009-04-30    3.40 SELL: 2009-07-31    2.58  macd:   -0.02 macd_count:   3 profit:  0.76
Trade --> code: MNST   BUY: 2009-09-30    3.06 SELL: 2024-02-29   59.10  macd:    2.83 macd_count: 174 profit: 19.30

code: NUAN     day: macd + hist + hist_1pre + ,  Week: macd + hist + hist_1pre - , Month: macd + hist - hist_1pre - , 
Trade --> code: NUAN   BUY: 2005-11-30    5.38 SELL: 2008-11-30    7.94  macd:   -0.14 macd_count:  36 profit:  1.48
Trade --> code: NUAN   BUY: 2009-12-31   13.44 SELL: 2013-05-31   16.44  macd:   -0.10 macd_count:  41 profit:  1.22
Trade --> code: NUAN   BUY: 2015-11-30   18.11 SELL: 2016-07-31   13.90  macd:   -0.05 macd_count:   8 profit:  0.77
Trade --> code: NUAN   BUY: 2017-05-31   16.01 SELL: 2017-09-30   13.60  macd:   -0.04 macd_count:   4 profit:  0.85
Trade --> code: NUAN   BUY: 2019-04-30   14.56 SELL: 2022-03-31   55.99  macd:    7.14 macd_count:  36 profit:  3.85

code: POOL     day: macd + hist + hist_1pre + ,  Week: macd + hist + hist_1pre - , Month: macd + hist + hist_1pre + , 
Trade --> code: POOL   BUY: 2006-07-31   38.93 SELL: 2007-09-30   24.98  macd:   -0.69 macd_count:  14 profit:  0.64
Trade --> code: POOL   BUY: 2011-01-31   24.38 SELL: 2022-10-31  304.23  macd:   -0.86 macd_count: 141 profit: 12.48
Trade --> code: POOL   BUY: 2024-02-29  398.12 SELL: 2024-02-29  398.12  macd:    1.10 macd_count:   1 profit:  1.00

code: RCII     day: macd + hist + hist_1pre + ,  Week: macd + hist + hist_1pre - , Month: macd - hist + hist_1pre + , 
Trade --> code: RCII   BUY: 2006-10-31   28.76 SELL: 2007-07-31   19.41  macd:   -0.10 macd_count:   9 profit:  0.67
Trade --> code: RCII   BUY: 2010-03-31   23.65 SELL: 2014-01-31   24.94  macd:   -0.00 macd_count:  46 profit:  1.05
Trade --> code: RCII   BUY: 2018-12-31   16.19 SELL: 2022-05-31   27.54  macd:   -0.82 macd_count:  41 profit:  1.70

code: SSTK     day: macd + hist + hist_1pre + ,  Week: macd + hist + hist_1pre - , Month: macd - hist + hist_1pre - , 
Trade --> code: SSTK   BUY: 2015-02-28   56.55 SELL: 2015-09-30   30.24  macd:   -1.45 macd_count:   7 profit:  0.53
Trade --> code: SSTK   BUY: 2016-10-31   58.99 SELL: 2016-12-31   47.52  macd:   -0.11 macd_count:   2 profit:  0.81
Trade --> code: SSTK   BUY: 2017-01-31   53.80 SELL: 2017-02-28   43.61  macd:   -0.30 macd_count:   1 profit:  0.81
Trade --> code: SSTK   BUY: 2018-08-31   55.04 SELL: 2018-11-30   38.21  macd:   -0.22 macd_count:   3 profit:  0.69
Trade --> code: SSTK   BUY: 2020-08-31   50.32 SELL: 2022-08-31   55.41  macd:   -1.09 macd_count:  24 profit:  1.10

code: TPX      day: macd + hist + hist_1pre + ,  Week: macd + hist + hist_1pre - , Month: macd + hist + hist_1pre + , 
Trade --> code: TPX    BUY: 2006-10-31    4.93 SELL: 2008-04-30    2.78  macd:   -0.11 macd_count:  18 profit:  0.56
Trade --> code: TPX    BUY: 2009-11-30    5.39 SELL: 2012-09-30    7.47  macd:   -0.30 macd_count:  34 profit:  1.39
Trade --> code: TPX    BUY: 2013-12-31   13.49 SELL: 2017-01-31   10.75  macd:   -0.09 macd_count:  37 profit:  0.80
Trade --> code: TPX    BUY: 2017-12-31   15.67 SELL: 2018-02-28   12.36  macd:   -0.13 macd_count:   2 profit:  0.79
Trade --> code: TPX    BUY: 2019-05-31   15.95 SELL: 2022-08-31   25.01  macd:   -0.16 macd_count:  39 profit:  1.57
Trade --> code: TPX    BUY: 2023-01-31   40.75 SELL: 2024-02-29   54.47  macd:    4.28 macd_count:  14 profit:  1.34

code: TXN      day: macd + hist + hist_1pre + ,  Week: macd + hist + hist_1pre - , Month: macd - hist - hist_1pre - , 
Trade --> code: TXN    BUY: 2006-07-31   29.78 SELL: 2008-06-30   28.16  macd:   -0.12 macd_count:  23 profit:  0.95
Trade --> code: TXN    BUY: 2010-09-30   27.14 SELL: 2012-10-31   28.09  macd:   -0.04 macd_count:  25 profit:  1.04
Trade --> code: TXN    BUY: 2012-12-31   30.89 SELL: 2023-10-31  142.01  macd:   -1.10 macd_count: 130 profit:  4.60

code: WIRE     day: macd + hist + hist_1pre - ,  Week: macd + hist + hist_1pre - , Month: macd + hist + hist_1pre + , 
Trade --> code: WIRE   BUY: 2006-07-31   35.49 SELL: 2007-11-30   17.10  macd:   -0.13 macd_count:  16 profit:  0.48
Trade --> code: WIRE   BUY: 2010-12-31   25.08 SELL: 2015-02-28   37.29  macd:   -0.00 macd_count:  50 profit:  1.49
Trade --> code: WIRE   BUY: 2015-04-30   45.01 SELL: 2015-08-31   32.47  macd:   -0.35 macd_count:   4 profit:  0.72
Trade --> code: WIRE   BUY: 2015-11-30   43.67 SELL: 2015-12-31   37.09  macd:   -0.15 macd_count:   1 profit:  0.85
Trade --> code: WIRE   BUY: 2016-12-31   43.35 SELL: 2020-04-30   45.78  macd:   -0.02 macd_count:  40 profit:  1.06
Trade --> code: WIRE   BUY: 2020-12-31   60.57 SELL: 2024-02-29  241.00  macd:   25.15 macd_count:  39 profit:  3.98

code: ZTS      day: macd + hist + hist_1pre + ,  Week: macd + hist + hist_1pre - , Month: macd + hist + hist_1pre + , 
Trade --> code: ZTS    BUY: 2015-06-30   48.22 SELL: 2022-11-30  154.14  macd:   -0.68 macd_count:  89 profit:  3.20
Trade --> code: ZTS    BUY: 2023-07-31  188.09 SELL: 2024-02-29  198.33  macd:    4.64 macd_count:   8 profit:  1.05

