Tue Mar 19 13:49:48 UTC 2024
arg[0]: scraping/yahoo-finace-api2.py, arg[1]: stock-code-list/buy-list.txt
===========================
scraping
===========================
START:  AAPL
END:    0.3586151599884033
-
START:  EL
END:    0.7228829860687256
-
START:  NEE
END:    1.061873197555542
-
START:  AMD
END:    1.3392622470855713
-
START:  APH
END:    1.6385188102722168
-
START:  XLP
END:    1.9166574478149414
-
START:  SPXL
END:    2.1860859394073486
-
START:  KEYS
END:    2.3701632022857666
-
START:  VDC
END:    2.6596086025238037
-
START:  SPTM
END:    2.9951977729797363
-
START:  SPLG
END:    3.2738986015319824
-
START:  CROX
END:    3.536930799484253
-
START:  AXON
END:    3.80250883102417
-
START:  AWR
END:    4.098790168762207
-
START:  FN
END:    4.299010276794434
-
START:  NXST
END:    4.63100266456604
-
START:  TREX
END:    4.9532763957977295
-
START:  RGEN
END:    5.196103811264038
-
START:  EXPO
END:    5.484154462814331
-
START:  BCPC
END:    5.824599742889404
-
START:  SOXL
END:    6.08052396774292
-
START:  TECL
END:    6.313420057296753
-
START:  NEO
END:    6.576637506484985
-
START:  NVMI
END:    7.890489101409912
-
START:  NVDA
END:    8.150761604309082
-
START:  BBDC
END:    8.442107200622559
-
START:  APPS
END:    8.690849781036377
-
START:  ROK
END:    9.028159379959106
-
START:  NHTC
END:    9.314092636108398
-
START:  ZYXI
END:    9.593955755233765
-
START:  LIT
END:    10.859331846237183
-
START:  LLY
END:    11.22095799446106
-
START:  GTLB
END:    11.358835220336914
-
START:  MCD
END:    11.72908878326416
-
START:  MSI
END:    12.109022378921509
-
START:  HCP
END:    12.26819634437561
-
START:  ON
END:    12.538633584976196
-
===========================
MACD sell
===========================
START:  AAPL
START:  EL
START:  NEE
START:  AMD
START:  APH
START:  XLP
START:  SPXL
START:  KEYS
START:  VDC
START:  SPTM
START:  SPLG
START:  CROX
START:  AXON
START:  AWR
START:  FN
START:  NXST
START:  TREX
START:  RGEN
START:  EXPO
START:  BCPC
START:  SOXL
START:  TECL
START:  NEO
START:  NVMI
START:  NVDA
START:  BBDC
START:  APPS
START:  ROK
START:  NHTC
START:  ZYXI
START:  LIT
START:  LLY
START:  GTLB
START:  MCD
START:  MSI
START:  HCP
START:  ON
==== MACD list ====
code: AAPL     day: macd - hist + ,  Week: macd - hist - , Month: macd + hist - , 
code: EL       day: macd + hist - ,  Week: macd + hist + , Month: macd - hist - , 
code: NEE      day: macd + hist + ,  Week: macd - hist + , Month: macd - hist - , 
code: AMD      day: macd + hist - ,  Week: macd + hist - , Month: macd + hist + , 
code: APH      day: macd + hist - ,  Week: macd + hist + , Month: macd + hist + , 
code: XLP      day: macd + hist - ,  Week: macd + hist + , Month: macd + hist + , 
code: SPXL     day: macd + hist - ,  Week: macd + hist + , Month: macd + hist + , 
code: KEYS     day: macd - hist - ,  Week: macd + hist - , Month: macd - hist - , 
code: VDC      day: macd + hist + ,  Week: macd + hist + , Month: macd + hist + , 
code: SPTM     day: macd + hist - ,  Week: macd + hist - , Month: macd + hist + , 
code: SPLG     day: macd + hist - ,  Week: macd + hist - , Month: macd + hist + , 
code: CROX     day: macd + hist - ,  Week: macd + hist + , Month: macd + hist + , 
code: AXON     day: macd + hist - ,  Week: macd + hist + , Month: macd + hist + , 
code: AWR      day: macd - hist + ,  Week: macd - hist - , Month: macd - hist - , 
code: FN       day: macd - hist - ,  Week: macd + hist - , Month: macd + hist + , 
code: NXST     day: macd - hist - ,  Week: macd + hist - , Month: macd + hist - , 
code: TREX     day: macd + hist - ,  Week: macd + hist - , Month: macd + hist + , 
code: RGEN     day: macd - hist - ,  Week: macd + hist - , Month: macd - hist + , 
code: EXPO     day: macd - hist + ,  Week: macd - hist - , Month: macd - hist - , 
code: BCPC     day: macd + hist - ,  Week: macd + hist + , Month: macd + hist + , 
code: SOXL     day: macd + hist - ,  Week: macd + hist - , Month: macd + hist + , 
code: TECL     day: macd + hist - ,  Week: macd + hist - , Month: macd + hist + , 
code: NEO      day: macd - hist - ,  Week: macd - hist - , Month: macd - hist + , 
code: NVMI     day: macd + hist - ,  Week: macd + hist - , Month: macd + hist + , 
code: NVDA     day: macd + hist - ,  Week: macd + hist + , Month: macd + hist + , 
code: BBDC     day: macd + hist - ,  Week: macd + hist - , Month: macd - hist + , 
code: APPS     day: macd - hist + ,  Week: macd - hist - , Month: macd - hist + , 
code: ROK      day: macd - hist - ,  Week: macd - hist - , Month: macd + hist - , 
code: NHTC     day: macd + hist + ,  Week: macd + hist + , Month: macd + hist + , 
code: ZYXI     day: macd + hist - ,  Week: macd + hist - , Month: macd + hist + , 
code: LIT      day: macd + hist + ,  Week: macd - hist + , Month: macd - hist - , 
code: LLY      day: macd + hist - ,  Week: macd + hist - , Month: macd + hist + , 
code: GTLB     day: macd - hist - ,  Week: macd + hist - , Month: macd - hist + , 
code: MCD      day: macd - hist - ,  Week: macd + hist - , Month: macd + hist - , 
code: MSI      day: macd + hist + ,  Week: macd + hist + , Month: macd + hist + , 
code: HCP      day: macd + hist + ,  Week: macd + hist + , Month: macd + hist + , 
code: ON       day: macd - hist - ,  Week: macd - hist - , Month: macd + hist - , 
==== MACD sell list ====
code: AAPL     day: macd - hist + ,  Week: macd - hist - , 
code: AAPL     day: macd - hist + ,  Week: macd - hist - , Month: macd + hist - , 
code: EL       day: macd + hist - , 
code: EL       day: macd + hist - ,  Week: macd + hist + , Month: macd - hist - , 
code: NEE      day: macd + hist + ,  Week: macd - hist + , Month: macd - hist - , 
code: AMD      day: macd + hist - , 
code: AMD      day: macd + hist - ,  Week: macd + hist - , 
code: APH      day: macd + hist - , 
code: XLP      day: macd + hist - , 
code: SPXL     day: macd + hist - , 
code: KEYS     day: macd - hist - , 
code: KEYS     day: macd - hist - ,  Week: macd + hist - , 
code: KEYS     day: macd - hist - ,  Week: macd + hist - , Month: macd - hist - , 
code: SPTM     day: macd + hist - , 
code: SPTM     day: macd + hist - ,  Week: macd + hist - , 
code: SPLG     day: macd + hist - , 
code: SPLG     day: macd + hist - ,  Week: macd + hist - , 
code: CROX     day: macd + hist - , 
code: AXON     day: macd + hist - , 
code: AWR      day: macd - hist + ,  Week: macd - hist - , 
code: AWR      day: macd - hist + ,  Week: macd - hist - , Month: macd - hist - , 
code: FN       day: macd - hist - , 
code: FN       day: macd - hist - ,  Week: macd + hist - , 
code: NXST     day: macd - hist - , 
code: NXST     day: macd - hist - ,  Week: macd + hist - , 
code: NXST     day: macd - hist - ,  Week: macd + hist - , Month: macd + hist - , 
code: TREX     day: macd + hist - , 
code: TREX     day: macd + hist - ,  Week: macd + hist - , 
code: RGEN     day: macd - hist - , 
code: RGEN     day: macd - hist - ,  Week: macd + hist - , 
code: EXPO     day: macd - hist + ,  Week: macd - hist - , 
code: EXPO     day: macd - hist + ,  Week: macd - hist - , Month: macd - hist - , 
code: BCPC     day: macd + hist - , 
code: SOXL     day: macd + hist - , 
code: SOXL     day: macd + hist - ,  Week: macd + hist - , 
code: TECL     day: macd + hist - , 
code: TECL     day: macd + hist - ,  Week: macd + hist - , 
code: NEO      day: macd - hist - , 
code: NEO      day: macd - hist - ,  Week: macd - hist - , 
code: NVMI     day: macd + hist - , 
code: NVMI     day: macd + hist - ,  Week: macd + hist - , 
code: NVDA     day: macd + hist - , 
code: BBDC     day: macd + hist - , 
code: BBDC     day: macd + hist - ,  Week: macd + hist - , 
code: APPS     day: macd - hist + ,  Week: macd - hist - , 
code: ROK      day: macd - hist - , 
code: ROK      day: macd - hist - ,  Week: macd - hist - , 
code: ROK      day: macd - hist - ,  Week: macd - hist - , Month: macd + hist - , 
code: ZYXI     day: macd + hist - , 
code: ZYXI     day: macd + hist - ,  Week: macd + hist - , 
code: LIT      day: macd + hist + ,  Week: macd - hist + , Month: macd - hist - , 
code: LLY      day: macd + hist - , 
code: LLY      day: macd + hist - ,  Week: macd + hist - , 
code: GTLB     day: macd - hist - , 
code: GTLB     day: macd - hist - ,  Week: macd + hist - , 
code: MCD      day: macd - hist - , 
code: MCD      day: macd - hist - ,  Week: macd + hist - , 
code: MCD      day: macd - hist - ,  Week: macd + hist - , Month: macd + hist - , 
code: ON       day: macd - hist - , 
code: ON       day: macd - hist - ,  Week: macd - hist - , 
code: ON       day: macd - hist - ,  Week: macd - hist - , Month: macd + hist - , 
===========================
profit
===========================
==== plus ====
AMD  , macd +, macd hist -, profit:  [60.73], per:  [50.51], now: [180.96], buy: [120.23]
XLP  , macd +, macd hist -, profit:    [3.1], per:   [4.26], now:  [75.68], buy:  [72.58]
VDC  , macd +, macd hist +, profit:  [13.38], per:   [7.06], now: [202.91], buy: [189.53]
SPTM , macd +, macd hist -, profit:   [6.05], per:   [10.7], now:  [62.63], buy:  [56.58]
SPLG , macd +, macd hist -, profit:   [6.15], per:   [11.4], now:  [60.15], buy:  [53.99]
AXON , macd +, macd hist -, profit: [169.69], per: [122.83], now: [307.84], buy: [138.15]
FN   , macd -, macd hist -, profit:  [75.66], per:  [64.74], now: [192.52], buy: [116.86]
TREX , macd +, macd hist -, profit:  [24.88], per:  [35.54], now:  [94.88], buy:    [70.]
RGEN , macd -, macd hist -, profit:  [13.97], per:   [7.78], now: [193.63], buy: [179.66]
BCPC , macd +, macd hist -, profit:  [19.51], per:  [14.23], now: [156.59], buy: [137.08]
TECL , macd +, macd hist -, profit:  [15.79], per:    [26.], now:  [76.53], buy:  [60.74]
NVMI , macd +, macd hist -, profit:  [53.67], per:  [46.81], now: [168.32], buy: [114.65]
NVDA , macd +, macd hist -, profit: [601.91], per: [235.42], now: [857.58], buy: [255.67]
ZYXI , macd +, macd hist -, profit:   [6.42], per: [100.94], now:  [12.78], buy:   [6.36]
LLY  , macd +, macd hist -, profit: [488.99], per: [180.44], now: [759.99], buy:   [271.]
GTLB , macd -, macd hist -, profit:   [2.28], per:   [4.31], now:  [55.03], buy:  [52.76]
MCD  , macd -, macd hist -, profit:  [26.78], per:  [10.57], now: [280.24], buy: [253.46]
MSI  , macd +, macd hist +, profit:   [91.3], per:  [36.32], now: [342.71], buy: [251.41]
ON   , macd -, macd hist -, profit:  [13.58], per:  [22.68], now:  [73.44], buy:  [59.86]
-
     plus  len:  19
     profit: [1693.82], per: [992.54], per/len(p):  [52.24], per/len(p+m):  [26.83]
-
==== minus ====
AAPL , macd -, macd hist +, profit:       [], per:       [], now: [173.74], buy:       []
EL   , macd +, macd hist -, profit: [-193.21], per: [-56.87], now: [146.54], buy: [339.75]
NEE  , macd +, macd hist +, profit:  [-24.4], per: [-28.59], now:  [60.93], buy:  [85.33]
APH  , macd +, macd hist -, profit:       [], per:       [], now: [109.67], buy:       []
SPXL , macd +, macd hist -, profit:  [-4.43], per:   [-3.4], now:  [125.8], buy: [130.23]
KEYS , macd -, macd hist -, profit: [-36.26], per: [-19.49], now:  [149.8], buy: [186.06]
CROX , macd +, macd hist -, profit: [-48.78], per: [-27.49], now: [128.64], buy: [177.42]
AWR  , macd -, macd hist +, profit:       [], per:       [], now:  [70.89], buy:       []
NXST , macd -, macd hist -, profit:  [-1.22], per:  [-0.75], now: [161.28], buy:  [162.5]
EXPO , macd -, macd hist +, profit: [-21.49], per: [-21.25], now:  [79.62], buy: [101.11]
SOXL , macd +, macd hist -, profit:  [-2.53], per:  [-6.01], now:  [39.56], buy:  [42.09]
NEO  , macd -, macd hist -, profit:  [-3.18], per: [-17.83], now:  [14.66], buy:  [17.84]
BBDC , macd +, macd hist -, profit:  [-1.39], per: [-13.11], now:   [9.21], buy:   [10.6]
APPS , macd -, macd hist +, profit: [-40.88], per: [-93.61], now:   [2.79], buy:  [43.67]
ROK  , macd -, macd hist -, profit: [-69.28], per: [-20.26], now: [272.61], buy: [341.89]
NHTC , macd +, macd hist +, profit:  [-0.48], per:  [-6.69], now:   [6.69], buy:   [7.17]
LIT  , macd +, macd hist +, profit: [-46.28], per: [-50.35], now:  [45.63], buy:  [91.91]
HCP  , macd +, macd hist +, profit: [-26.08], per: [-48.03], now:  [28.22], buy:   [54.3]
-
     minus len:  18
     profit:       [], per:       [], per/len(m):       [], per/len(p+m):       []
-
==== total ====
     profit:       [], per:       [], per/len(p+m):       []
arg[0]: scraping/yahoo-finace-api2.py, arg[1]: stock-code-list/up-month.txt
===========================
scraping
===========================
START:  A
END:    0.3278377056121826
-
START:  AAON
END:    0.6385092735290527
-
START:  AAPL
END:    0.9801621437072754
-
START:  ABG
END:    1.24220871925354
-
START:  ABT
END:    1.5741627216339111
-
START:  ACLS
END:    1.8479838371276855
-
START:  ACMR
END:    2.000478982925415
-
START:  ACN
END:    2.272002696990967
-
START:  ADBE
END:    2.5563905239105225
-
START:  ADI
END:    2.8401272296905518
-
START:  ADP
END:    3.1696839332580566
-
START:  ADSK
END:    3.460444927215576
-
START:  ADUS
END:    3.680440664291382
-
START:  AEE
END:    3.9578163623809814
-
START:  AGYS
END:    4.271192312240601
-
START:  AIZ
END:    4.573167085647583
-
START:  AJG
END:    4.927778959274292
-
START:  AJRD
Not Found: No data found, symbol may be delisted
START:  ALB
END:    5.337141036987305
-
START:  ALG
END:    5.649423599243164
-
START:  ALGN
END:    5.891774415969849
-
START:  ALLE
END:    6.090354681015015
-
START:  ALTR
END:    7.242013216018677
-
START:  AMAT
END:    7.543284177780151
-
START:  AMBA
END:    7.736125469207764
-
START:  AMD
END:    8.003040790557861
-
START:  AME
END:    9.342241048812866
-
START:  AMED
END:    9.625568866729736
-
START:  AMEH
END:    9.844564437866211
-
START:  AMGN
END:    10.10852599143982
-
START:  AMN
END:    10.380395889282227
-
START:  AMP
END:    10.668984651565552
-
START:  AMRC
END:    10.918074607849121
-
START:  AMSWA
END:    11.24552607536316
-
START:  AMTX
END:    11.497910022735596
-
START:  AMZN
END:    11.76957893371582
-
START:  AN
END:    12.043655395507812
-
START:  ANSS
END:    12.32159972190857
-
START:  ANTM
Not Found: No data found, symbol may be delisted
START:  AON
END:    12.712687969207764
-
START:  AOSL
END:    12.902349472045898
-
START:  APD
END:    14.245941400527954
-
START:  APH
END:    14.515175819396973
-
START:  APPF
END:    14.695499658584595
-
START:  APPN
END:    14.83480429649353
-
START:  APPS
END:    15.067566156387329
-
START:  AQN
END:    16.342247486114502
-
START:  ARCB
END:    16.656688928604126
-
START:  ARCT
END:    16.832188844680786
-
START:  ARES
END:    17.028228282928467
-
START:  ARGX
END:    17.190205574035645
-
START:  ARWR
END:    17.44826602935791
-
START:  ASML
END:    17.75573205947876
-
START:  ASPN
END:    17.930851697921753
-
START:  ATEC
END:    18.194572925567627
-
START:  ATEN
END:    18.359421491622925
-
START:  ATKR
END:    19.559664964675903
-
START:  ATOM
END:    19.734988927841187
-
START:  ATR
END:    20.01937437057495
-
START:  ATRC
END:    20.25394296646118
-
START:  AUDC
END:    20.522023916244507
-
START:  AUPH
END:    20.706002473831177
-
START:  AVAV
END:    20.940014839172363
-
START:  AVGO
END:    22.191346168518066
-
START:  AVID
Not Found: No data found, symbol may be delisted
START:  AVNW
END:    22.561466217041016
-
START:  AVXL
END:    23.802209615707397
-
START:  AVY
END:    24.12973427772522
-
START:  AWK
END:    24.381598949432373
-
START:  AWR
END:    24.76343607902527
-
START:  AXON
END:    25.01567769050598
-
START:  AZO
END:    25.25837540626526
-
START:  AZPN
END:    25.619362115859985
-
START:  BAH
END:    25.81217670440674
-
START:  BAM
END:    25.90878701210022
-
START:  BAX
END:    26.237885236740112
-
START:  BBH
END:    26.55388069152832
-
START:  BBQ
END:    26.823055744171143
-
START:  BBY
END:    27.15702533721924
-
START:  BCPC
END:    27.48613953590393
-
START:  BDX
END:    27.875940084457397
-
START:  BEEM
END:    28.05471658706665
-
START:  BFAM
END:    29.27677011489868
-
START:  BFC
END:    29.539093494415283
-
START:  BGFV
END:    29.80903172492981
-
START:  BGNE
END:    29.964942932128906
-
START:  BHVN
END:    30.06364917755127
-
START:  BIO
END:    30.318790435791016
-
START:  BL
END:    30.480573177337646
-
START:  BLD
END:    30.65140461921692
-
START:  BLDP
END:    31.92858123779297
-
START:  BLDR
END:    32.21144676208496
-
START:  BLFS
END:    32.450074434280396
-
START:  BLK
END:    33.991291999816895
-
START:  BLL
Not Found: No data found, symbol may be delisted
START:  BLNK
END:    34.292609453201294
-
START:  BMI
END:    34.589521646499634
-
START:  BOOT
END:    34.78085970878601
-
START:  BOTZ
END:    34.946120738983154
-
START:  BR
END:    35.22891902923584
-
START:  BRKR
END:    36.53765249252319
-
START:  BRKS
Not Found: No data found, symbol may be delisted
START:  BRO
END:    37.96985697746277
-
START:  BURL
END:    38.16939830780029
-
START:  BX
END:    38.430033445358276
-
START:  CABO
END:    38.629570722579956
-
START:  CACI
END:    38.89459490776062
-
START:  CALX
END:    39.08506417274475
-
START:  CAMT
END:    39.38395690917969
-
START:  CAR
END:    39.7424635887146
-
START:  CBRE
END:    40.01255679130554
-
START:  CBSH
END:    40.32648229598999
-
START:  CBZ
END:    40.590877294540405
-
START:  CCOI
END:    41.912250995635986
-
START:  CCS
END:    42.090123414993286
-
START:  CDMO
END:    42.33745193481445
-
START:  CDNA
END:    43.517722845077515
-
START:  CDNS
END:    44.813918352127075
-
START:  CDW
END:    45.05428671836853
-
START:  CELH
END:    45.37099862098694
-
START:  CGNX
END:    45.673009634017944
-
START:  CHD
END:    46.01982402801514
-
START:  CHDN
END:    47.37635397911072
-
START:  CHE
END:    47.69402575492859
-
START:  CHGG
END:    48.891645431518555
-
START:  CHH
END:    49.187458515167236
-
START:  CHKP
END:    49.43978571891785
-
START:  CHTR
END:    49.71514654159546
-
START:  CIEN
END:    49.963290214538574
-
START:  CLAR
END:    50.23357319831848
-
START:  CLFD
END:    50.48718523979187
-
START:  CLGN
END:    51.64951968193054
-
START:  CLNE
END:    51.878618478775024
-
START:  CLPT
END:    52.07454466819763
-
START:  CLX
END:    52.42560815811157
-
START:  CMCSA
END:    52.88101315498352
-
START:  CMG
END:    53.14009618759155
-
START:  CMS
END:    54.481295347213745
-
START:  CNC
END:    54.75966477394104
-
START:  CNI
END:    55.04805850982666
-
START:  CNMD
END:    55.34141755104065
-
START:  CNS
END:    55.62859320640564
-
START:  CNXN
END:    55.94101643562317
-
START:  COO
END:    56.29503560066223
-
START:  COST
END:    56.61843228340149
-
START:  COUP
Not Found: No data found, symbol may be delisted
START:  COWN
Not Found: No data found, symbol may be delisted
START:  CP
END:    57.112350940704346
-
START:  CPK
END:    57.40992856025696
-
START:  CPRT
END:    58.69161939620972
-
START:  CPSH
END:    58.94071316719055
-
START:  CRAI
END:    59.23188829421997
-
START:  CREE
Not Found: No data found, symbol may be delisted
START:  CRL
END:    59.566789865493774
-
START:  CRM
END:    59.87024140357971
-
START:  CRMT
END:    60.14868497848511
-
START:  CROX
END:    60.38312649726868
-
START:  CRSP
END:    60.54623031616211
-
START:  CRVL
END:    61.84079885482788
-
START:  CSGP
END:    62.08265495300293
-
START:  CSL
END:    62.39629340171814
-
START:  CSWI
END:    63.64217805862427
-
START:  CSX
END:    63.98232316970825
-
START:  CTAS
END:    64.26376938819885
-
START:  CTLT
END:    64.4229052066803
-
START:  CTRN
END:    65.68666934967041
-
START:  CURE
END:    65.91637563705444
-
START:  CVCO
END:    66.2327651977539
-
START:  CVNA
END:    66.391197681427
-
START:  CWST
END:    67.68928170204163
-
START:  CWT
END:    69.02308225631714
-
START:  CXSE
END:    69.2966103553772
-
START:  CYBR
END:    69.4680905342102
-
START:  CYRX
END:    70.78997874259949
-
START:  CYTK
END:    71.03485369682312
-
START:  DAC
END:    71.31486916542053
-
START:  DAR
END:    72.56404995918274
-
START:  DAVA
END:    72.69516468048096
-
START:  DDS
END:    73.04278802871704
-
START:  DE
END:    73.42155289649963
-
START:  DECK
END:    74.66643738746643
-
START:  DELL
END:    75.83267593383789
-
START:  DFIN
END:    75.98782396316528
-
START:  DG
END:    76.23773860931396
-
START:  DGRW
END:    76.42945432662964
-
START:  DHI
END:    76.72173523902893
-
START:  DHR
END:    78.04591870307922
-
START:  DIA
END:    78.38544702529907
-
START:  DIOD
END:    79.6928300857544
-
START:  DIS
END:    80.06571125984192
-
START:  DKS
END:    80.35154891014099
-
START:  DLN
END:    81.62443709373474
-
START:  DNLI
END:    82.7921884059906
-
START:  DOMO
END:    82.91802048683167
-
START:  DOV
END:    83.23929715156555
-
START:  DPZ
END:    83.51121377944946
-
START:  DQ
END:    83.7314441204071
-
START:  DRD
END:    84.99074530601501
-
START:  DRIO
END:    85.17527079582214
-
START:  DRNA
Not Found: No data found, symbol may be delisted
START:  DSGX
END:    86.52776098251343
-
START:  DVAX
END:    86.80758953094482
-
START:  DXCM
END:    87.05725455284119
-
START:  ECL
END:    87.44813442230225
-
START:  EFX
END:    88.80310845375061
-
START:  EGAN
END:    89.09477424621582
-
START:  EHC
END:    89.39220952987671
-
START:  EL
END:    89.71474051475525
-
START:  ENPH
END:    89.92616820335388
-
START:  ENSG
END:    90.1775176525116
-
START:  ENTG
END:    90.45848822593689
-
START:  ENV
END:    90.7079746723175
-
START:  EPAM
END:    91.89660453796387
-
START:  ERIE
END:    92.19020080566406
-
START:  ES
END:    92.55812311172485
-
START:  ESE
END:    92.83449912071228
-
START:  ETN
END:    93.22353100776672
-
START:  ETSY
END:    93.40296578407288
-
START:  EVBG
END:    93.57068705558777
-
START:  EVTC
END:    93.7902250289917
-
START:  EW
END:    94.06674695014954
-
START:  EWT
END:    94.38852405548096
-
START:  EXAS
END:    94.64350366592407
-
START:  EXLS
END:    95.88339924812317
-
START:  EXPD
END:    96.30998039245605
-
START:  EXPI
END:    96.50153970718384
-
START:  EXPO
END:    96.78957056999207
-
START:  FAST
END:    97.11826276779175
-
START:  FATE
END:    97.30817103385925
-
START:  FB
Not Found: No data found, symbol may be delisted
START:  FCN
END:    97.64880299568176
-
START:  FCX
END:    97.95978045463562
-
START:  FDN
END:    98.19017553329468
-
START:  FDS
END:    98.5558590888977
-
START:  FELE
END:    99.9130699634552
-
START:  FFIN
END:    100.23708176612854
-
START:  FICO
END:    100.51236534118652
-
START:  FINX
END:    100.73342108726501
-
START:  FIS
END:    101.03909873962402
-
START:  FISV
Not Found: No data found, symbol may be delisted
START:  FIVE
END:    101.30493211746216
-
START:  FIVN
END:    101.46390533447266
-
START:  FLGT
END:    102.66276955604553
-
START:  FLT
END:    102.86157703399658
-
START:  FLWS
END:    103.11730766296387
-
START:  FN
END:    103.32925391197205
-
START:  FND
END:    103.47943019866943
-
START:  FNV
END:    103.78496885299683
-
START:  FORM
END:    104.06221747398376
-
START:  FOXF
END:    104.23322606086731
-
START:  FPX
END:    105.50549244880676
-
START:  FRC
Not Found: No data found, symbol may be delisted
START:  FRHC
END:    106.75223898887634
-
START:  FRPT
END:    106.92719745635986
-
START:  FSS
END:    107.22356748580933
-
START:  FTNT
END:    107.42822360992432
-
START:  FUV
END:    107.5747697353363
-
START:  GDEN
END:    107.82557010650635
-
START:  GFI
END:    108.13006520271301
-
START:  GGG
END:    108.5097713470459
-
START:  GIB
END:    109.79972386360168
-
START:  GLDD
END:    110.04146385192871
-
START:  GLOB
END:    110.20987439155579
-
START:  GMAB
END:    110.40883469581604
-
START:  GME
END:    110.6968400478363
-
START:  GMED
END:    110.89653420448303
-
START:  GNRC
END:    111.12718462944031
-
START:  GNSS
END:    111.39783716201782
-
START:  GNTX
END:    111.69531035423279
-
START:  GOLF
END:    111.85808205604553
-
START:  GOOG
END:    112.13535451889038
-
START:  GOOGL
END:    112.41286730766296
-
START:  GPI
END:    113.75122213363647
-
START:  GPN
END:    114.08098793029785
-
START:  GRBK
END:    114.34552097320557
-
START:  GRMN
END:    114.6562147140503
-
START:  GRVY
END:    114.9027202129364
-
START:  GRWG
END:    115.0444929599762
-
START:  GWRE
END:    115.25180292129517
-
START:  HACK
END:    115.44295406341553
-
START:  HALO
END:    116.70613741874695
-
START:  HCI
END:    116.95054912567139
-
START:  HD
END:    117.32192754745483
-
START:  HEI
END:    117.65386009216309
-
START:  HELE
END:    117.92038750648499
-
START:  HIBB
END:    118.22772669792175
-
START:  HLI
END:    118.41541457176208
-
START:  HLT
END:    118.63248181343079
-
START:  HOLX
END:    118.90476369857788
-
START:  HON
END:    119.2289342880249
-
START:  HOV
END:    119.47214651107788
-
START:  HRC
Not Found: No data found, symbol may be delisted
START:  HRI
END:    120.82186436653137
-
START:  HSKA
Not Found: No data found, symbol may be delisted
START:  HTHT
END:    121.10409641265869
-
START:  HUBS
END:    121.30386877059937
-
START:  HUM
END:    121.59972429275513
-
START:  HZNP
Not Found: No data found, symbol may be delisted
START:  IAC
END:    121.97733092308044
-
START:  IBP
END:    122.16599416732788
-
START:  ICE
END:    122.43451523780823
-
START:  ICLN
END:    122.65582323074341
-
START:  ICLR
END:    122.98864006996155
-
START:  IDT
END:    124.27140545845032
-
START:  IDXX
END:    124.58844900131226
-
START:  IESC
END:    124.9318904876709
-
START:  IEX
END:    125.27524304389954
-
START:  ILMN
END:    125.54395246505737
-
START:  INFO
Not Found: No data found, symbol may be delisted
START:  INOV
END:    125.69950008392334
-
START:  INSP
END:    125.84139657020569
-
START:  INTC
END:    126.31653904914856
-
START:  INTU
END:    127.63517093658447
-
START:  INTZ
END:    127.86454844474792
-
START:  INVE
END:    128.108295917511
-
START:  IOO
END:    128.38717246055603
-
START:  IQV
END:    128.55412340164185
-
START:  IRDM
END:    128.78063249588013
-
START:  IRMD
END:    130.0168399810791
-
START:  ISEE
Not Found: No data found, symbol may be delisted
START:  ISRG
END:    130.35468912124634
-
START:  IT
END:    130.62506008148193
-
START:  ITT
END:    131.01156330108643
-
START:  ITW
END:    132.41255712509155
-
START:  IVOG
END:    132.6280858516693
-
START:  IVV
END:    132.9212303161621
-
START:  IXJ
END:    133.216730594635
-
START:  IXN
END:    134.52741718292236
-
START:  J
END:    134.8234622478485
-
START:  JBL
END:    135.12529039382935
-
START:  JBSS
END:    135.41742134094238
-
START:  JD
END:    135.62382984161377
-
START:  JKHY
END:    135.95117044448853
-
START:  JKS
END:    137.1445541381836
-
START:  JNJ
END:    137.50460863113403
-
START:  JOE
END:    137.8278203010559
-
START:  JOUT
END:    138.09590792655945
-
START:  JYNT
END:    138.26361918449402
-
START:  KAI
END:    139.54836440086365
-
START:  KBH
END:    139.85315990447998
-
START:  KBR
END:    140.16388583183289
-
START:  KDMN
Not Found: No data found, symbol may be delisted
START:  KEYS
END:    141.49733209609985
-
START:  KLAC
END:    141.79887080192566
-
START:  KLIC
END:    142.089537858963
-
START:  KMX
END:    142.3812186717987
-
START:  KNSL
END:    142.57108664512634
-
START:  KOPN
END:    142.83303117752075
-
START:  KOSS
END:    144.07927012443542
-
START:  KRNT
END:    144.2636432647705
-
START:  KSU
Not Found: No data found, symbol may be delisted
START:  KTOS
END:    144.59721207618713
-
START:  LAC
END:    144.67915606498718
-
START:  LAD
END:    144.9671003818512
-
START:  LANC
END:    145.35632157325745
-
START:  LAWS
Not Found: No data found, symbol may be delisted
START:  LDOS
END:    146.68962001800537
-
START:  LFMD
END:    146.89870953559875
-
START:  LGIH
END:    147.1018192768097
-
START:  LH
END:    147.4225137233734
-
START:  LHCG
Not Found: No data found, symbol may be delisted
START:  LHX
END:    147.81896662712097
-
START:  LII
END:    148.14961338043213
-
START:  LIN
END:    148.60146260261536
-
START:  LINC
END:    148.88315415382385
-
START:  LIT
END:    149.11178994178772
-
START:  LLY
END:    149.45665860176086
-
START:  LMT
END:    149.75352597236633
-
START:  LNT
END:    150.0650017261505
-
START:  LOB
END:    150.3091356754303
-
START:  LOGI
END:    151.62094902992249
-
START:  LOVE
END:    151.76660823822021
-
START:  LOW
END:    152.0656087398529
-
START:  LPLA
END:    152.29222702980042
-
START:  LPSN
END:    153.56661105155945
-
START:  LQDT
END:    153.82725977897644
-
START:  LRCX
END:    154.09620237350464
-
START:  LSCC
END:    154.337749004364
-
START:  LSTR
END:    154.63477396965027
-
START:  LULU
END:    154.86351203918457
-
START:  LUNA
END:    155.10973811149597
-
START:  MA
END:    155.36216688156128
-
START:  MANH
END:    155.6160271167755
-
START:  MANT
Not Found: No data found, symbol may be delisted
START:  MARA
END:    156.90021467208862
-
START:  MASI
END:    157.1694107055664
-
START:  MATX
END:    157.51625871658325
-
START:  MBUU
END:    157.6879801750183
-
START:  MCD
END:    158.02974486351013
-
START:  MCHP
END:    158.31823825836182
-
START:  MCO
END:    158.60907363891602
-
START:  MDB
END:    158.7491853237152
-
START:  MDT
END:    159.08262276649475
-
START:  MEDP
END:    159.23606777191162
-
START:  MEDS
END:    159.4120225906372
-
START:  MELI
END:    160.68782544136047
-
START:  MGC
END:    160.92754650115967
-
START:  MGIC
END:    162.22743582725525
-
START:  MGK
END:    162.50964045524597
-
START:  MGNI
END:    162.69129538536072
-
START:  MHO
END:    162.98484086990356
-
START:  MIME
Not Found: No data found, symbol may be delisted
START:  MITK
END:    164.32066369056702
-
START:  MKC
END:    164.65091228485107
-
START:  MKSI
END:    164.94273233413696
-
START:  MKTX
END:    165.23737454414368
-
START:  MLAB
END:    165.5405671596527
-
START:  MLR
END:    165.839501619339
-
START:  MMC
END:    166.21609115600586
-
START:  MMS
END:    166.50453925132751
-
START:  MNMD
END:    167.65631771087646
-
START:  MNST
END:    167.91395044326782
-
START:  MODN
END:    168.13409948349
-
START:  MODV
END:    168.39203190803528
-
START:  MOH
END:    168.65862560272217
-
START:  MORN
END:    168.93721222877502
-
START:  MPWR
END:    169.18982028961182
-
START:  MRTX
END:    169.40857243537903
-
START:  MRVL
END:    169.67236256599426
-
START:  MS
END:    170.0073356628418
-
START:  MSA
END:    170.32072567939758
-
START:  MSCI
END:    171.5782392024994
-
START:  MSEX
END:    171.92113089561462
-
START:  MSFT
END:    172.22439217567444
-
START:  MSI
END:    173.60784435272217
-
START:  MSTR
END:    173.85900807380676
-
START:  MTBC
Not Found: No data found, symbol may be delisted
START:  MTCH
END:    176.24580836296082
-
START:  MTD
END:    176.4934823513031
-
START:  MTEX
END:    176.7975103855133
-
START:  MTH
END:    177.17442798614502
-
START:  MTLS
END:    177.3504502773285
-
START:  MTSI
END:    177.5245373249054
-
START:  MU
END:    177.87583374977112
-
START:  MUSA
END:    178.04607033729553
-
START:  MVIS
END:    178.31123614311218
-
START:  MXL
END:    178.50754690170288
-
START:  MYRG
END:    178.74662351608276
-
START:  NBIX
END:    179.02983927726746
-
START:  NCBS
Not Found: No data found, symbol may be delisted
START:  NDAQ
END:    179.38705968856812
-
START:  NDSN
END:    179.6983346939087
-
START:  NEE
END:    181.03955221176147
-
START:  NEO
END:    181.32779026031494
-
START:  NEOG
END:    181.61348915100098
-
START:  NFLX
END:    181.86964631080627
-
START:  NICE
END:    182.13870859146118
-
START:  NISN
END:    182.30057549476624
-
START:  NKE
END:    182.63807845115662
-
START:  NOVT
END:    182.8947081565857
-
START:  NOW
END:    184.10685014724731
-
START:  NSC
END:    184.44352006912231
-
START:  NSIT
END:    185.7528157234192
-
START:  NSSC
END:    186.00311279296875
-
START:  NSTG
END:    186.2593231201172
-
START:  NTLA
END:    186.46812200546265
-
START:  NTRA
END:    186.63619589805603
-
START:  NUAN
Not Found: No data found, symbol may be delisted
START:  NVCR
END:    187.91507244110107
-
START:  NVDA
END:    189.15709567070007
-
START:  NVMI
END:    189.41289734840393
-
START:  NVO
END:    189.6954164505005
-
START:  NVR
END:    189.96453189849854
-
START:  NXST
END:    191.26068377494812
-
START:  NYT
END:    191.60690450668335
-
START:  OBCI
Not Found: No data found, symbol may be delisted
START:  ODFL
END:    193.00421833992004
-
START:  OEF
END:    193.3004550933838
-
START:  OFLX
END:    193.56750106811523
-
START:  OLED
END:    193.826247215271
-
START:  OMCL
END:    194.0879578590393
-
START:  ON
END:    194.35391998291016
-
START:  OOMA
END:    194.54246187210083
-
START:  OPRX
END:    194.78320932388306
-
START:  ORA
END:    196.09063243865967
-
START:  ORCL
END:    196.3964512348175
-
START:  ORLY
END:    196.65043926239014
-
START:  ORMP
END:    196.95212984085083
-
START:  OTEX
END:    198.28831601142883
-
START:  PACB
END:    199.5058741569519
-
START:  PAG
END:    199.84398984909058
-
START:  PANW
END:    201.09956860542297
-
START:  PAR
END:    201.4293348789215
-
START:  PAYC
END:    201.62636017799377
-
START:  PAYX
END:    202.9679753780365
-
START:  PBD
END:    203.2263584136963
-
START:  PCTY
END:    203.39921236038208
-
START:  PEGA
END:    203.71853518486023
-
START:  PEN
END:    203.90209674835205
-
START:  PENN
END:    205.18979954719543
-
START:  PEP
END:    205.52524709701538
-
START:  PERI
END:    205.76914358139038
-
START:  PFSI
END:    205.96496629714966
-
START:  PGR
END:    206.2810719013214
-
START:  PH
END:    206.601487159729
-
START:  PHM
END:    206.91774225234985
-
START:  PKI
Not Found: No data found, symbol may be delisted
START:  PLL
END:    208.1582682132721
-
START:  PLNT
END:    208.36800527572632
-
START:  PLUG
END:    208.6149070262909
-
START:  PLXS
END:    209.87272667884827
-
START:  PODD
END:    210.11637330055237
-
START:  POOL
END:    210.41131496429443
-
START:  POWI
END:    210.70054006576538
-
START:  PRFT
END:    210.98122382164001
-
START:  PRI
END:    211.2378602027893
-
START:  PRTA
END:    211.41699981689453
-
START:  PRTS
END:    212.656884431839
-
START:  PTSI
END:    212.941828250885
-
START:  PWR
END:    213.227281332016
-
START:  PYPL
END:    213.4080274105072
-
START:  QADA
Not Found: No data found, symbol may be delisted
START:  QCLN
END:    213.75013732910156
-
START:  QDEL
END:    215.04850888252258
-
START:  QGEN
END:    215.3423774242401
-
START:  QLYS
END:    215.54034233093262
-
START:  QQQ
END:    215.84656596183777
-
START:  QRVO
END:    216.03442525863647
-
START:  QTWO
END:    216.22671627998352
-
START:  RADA
Not Found: No data found, symbol may be delisted
START:  RAMP
END:    216.56434178352356
-
START:  RBA
END:    216.8923237323761
-
START:  RCII
Not Found: No data found, symbol may be delisted
START:  RCKY
END:    218.29909348487854
-
START:  RDNT
END:    219.5867211818695
-
START:  RDVT
END:    219.71615266799927
-
START:  RDWR
END:    219.9602506160736
-
START:  REGI
END:    220.1613805294037
-
START:  RENN
Not Found: No data found, symbol may be delisted
START:  RGEN
END:    220.5125756263733
-
START:  RH
END:    220.72898173332214
-
START:  RILY
END:    222.00318503379822
-
START:  RIOT
END:    223.17713832855225
-
START:  RLI
END:    223.50247859954834
-
START:  RLMD
END:    223.67195963859558
-
START:  RMD
END:    224.00691723823547
-
START:  RNG
END:    225.215256690979
-
START:  ROBO
END:    226.4184112548828
-
START:  ROCK
END:    226.69977688789368
-
START:  ROK
END:    227.03455781936646
-
START:  ROKU
END:    227.1795530319214
-
START:  ROL
END:    227.53418016433716
-
START:  ROP
END:    227.87704944610596
-
START:  ROST
END:    228.18943285942078
-
START:  RPD
END:    228.34172201156616
-
START:  RPM
END:    228.67082500457764
-
START:  RSG
END:    228.97036361694336
-
START:  RTH
END:    230.2719521522522
-
START:  RUN
END:    230.43677473068237
-
START:  RXI
END:    230.7042317390442
-
START:  SAIA
END:    230.98071670532227
-
START:  SAIC
END:    231.1921169757843
-
START:  SAM
END:    231.47846913337708
-
START:  SAVA
END:    231.73524355888367
-
START:  SCI
END:    232.07002139091492
-
START:  SCL
END:    233.39057064056396
-
START:  SE
END:    233.5264151096344
-
START:  SEAS
END:    233.71270871162415
-
START:  SEDG
END:    233.89569067955017
-
START:  SFBS
END:    234.0862877368927
-
START:  SGEN
Not Found: No data found, symbol may be delisted
START:  SGMS
Not Found: No data found, symbol may be delisted
START:  SGRY
END:    235.43630862236023
-
START:  SHOP
END:    235.6070442199707
-
START:  SHW
END:    235.9983651638031
-
START:  SHYF
END:    237.36688923835754
-
START:  SITE
END:    237.51518654823303
-
START:  SIVB
END:    237.62638783454895
-
START:  SJW
END:    238.97102975845337
-
START:  SKY
END:    239.31628465652466
-
START:  SLAB
END:    239.58452582359314
-
START:  SLP
END:    239.87304306030273
-
START:  SMH
END:    240.15154933929443
-
START:  SMTC
END:    240.4337031841278
-
START:  SNAP
END:    240.58712363243103
-
START:  SNPS
END:    240.88480472564697
-
START:  SOCL
END:    241.08210825920105
-
START:  SOXL
END:    242.33954739570618
-
START:  SPGI
END:    242.67151427268982
-
START:  SPLG
END:    242.93842267990112
-
START:  SPLK
END:    243.13403272628784
-
START:  SPNS
END:    244.47178840637207
-
START:  SPSC
END:    244.6843614578247
-
START:  SPTM
END:    245.9978005886078
-
START:  SPWH
END:    247.1944408416748
-
START:  SPWR
END:    247.44826126098633
-
START:  SPXC
END:    247.82729840278625
-
START:  SPXL
END:    248.06175875663757
-
START:  SPY
END:    248.39450907707214
-
START:  SPYG
END:    249.76250100135803
-
START:  SQ
END:    249.97578811645508
-
START:  SSD
END:    250.26705193519592
-
START:  SSNC
END:    251.51307153701782
-
START:  SSTK
END:    251.76645803451538
-
START:  STAA
END:    252.3645761013031
-
START:  STE
END:    252.67369842529297
-
START:  SUSA
END:    252.93703413009644
-
START:  SYK
END:    254.2849099636078
-
START:  SYNA
END:    254.54002904891968
-
START:  TBBK
END:    254.79338836669922
-
START:  TBK
Not Found: No data found, symbol may be delisted
START:  TDG
END:    255.1656196117401
-
START:  TDOC
END:    255.33058977127075
-
START:  TDY
END:    256.6095006465912
-
START:  TEAM
END:    256.7701795101166
-
START:  TECH
END:    257.0666069984436
-
START:  TECL
END:    257.40157079696655
-
START:  TER
END:    258.71220564842224
-
START:  TFX
END:    259.0574383735657
-
START:  TGH
END:    259.3186020851135
-
START:  TGLS
END:    259.51822543144226
-
START:  TGT
END:    259.86994338035583
-
START:  TGTX
END:    260.0941650867462
-
START:  THC
END:    260.36675691604614
-
START:  TJX
END:    260.657014131546
-
START:  TMO
END:    260.97337532043457
-
START:  TMUS
END:    262.2449426651001
-
START:  TNDM
END:    263.42998719215393
-
START:  TNET
END:    263.599613904953
-
START:  TPX
END:    263.89999437332153
-
START:  TREX
END:    264.1815736293793
-
START:  TRI
END:    264.484822511673
-
START:  TRIL
Not Found: No data found, symbol may be delisted
START:  TRMB
END:    264.8362686634064
-
START:  TRNS
END:    265.10678458213806
-
START:  TROW
END:    265.3978395462036
-
START:  TRU
END:    266.58709692955017
-
START:  TRUP
END:    266.7931525707245
-
START:  TSCO
END:    267.0824444293976
-
START:  TSLA
END:    267.3074781894684
-
START:  TSM
END:    267.60580801963806
-
START:  TT
END:    268.0040192604065
-
START:  TTC
END:    268.31658267974854
-
START:  TTD
END:    268.4776306152344
-
START:  TTEC
END:    268.7474308013916
-
START:  TTEK
END:    269.02637910842896
-
START:  TTGT
END:    270.308890581131
-
START:  TTWO
END:    270.57384634017944
-
START:  TWLO
END:    270.7426555156708
-
START:  TXN
END:    271.095023393631
-
START:  TYL
END:    271.34124851226807
-
START:  UCTT
END:    271.6026887893677
-
START:  UFPI
END:    271.9153959751129
-
START:  UFPT
END:    272.1673016548157
-
START:  UI
END:    272.3705449104309
-
START:  UMC
END:    272.67391324043274
-
START:  UNF
END:    272.99577713012695
-
START:  UNH
END:    273.3278691768646
-
START:  UNP
END:    273.65983843803406
-
START:  UPLD
END:    273.88120436668396
-
START:  URI
END:    274.14067101478577
-
START:  V
END:    274.39882707595825
-
START:  VALU
END:    275.7467350959778
-
START:  VBK
END:    276.02604031562805
-
START:  VCEL
END:    276.2904176712036
-
START:  VCR
END:    276.5720040798187
-
START:  VCTR
END:    276.7290096282959
-
START:  VCYT
END:    276.94201707839966
-
START:  VDC
END:    278.2400212287903
-
START:  VEEV
END:    278.4397692680359
-
START:  VERU
END:    278.6894075870514
-
START:  VGT
END:    278.9602084159851
-
START:  VHT
END:    279.27348279953003
-
START:  VIAV
END:    279.5573287010193
-
START:  VICR
END:    279.9386513233185
-
START:  VIG
END:    280.22451162338257
-
START:  VO
END:    280.53213596343994
-
START:  VONE
END:    280.7491204738617
-
START:  VONG
END:    280.9954192638397
-
START:  VOO
END:    281.21534752845764
-
START:  VOOG
END:    281.4618082046509
-
START:  VOOV
END:    282.7198028564453
-
START:  VOT
END:    284.01473474502563
-
START:  VPU
END:    285.3486440181732
-
START:  VRNS
END:    286.56656074523926
-
START:  VRSK
END:    286.84032917022705
-
START:  VRSN
END:    287.12609791755676
-
START:  VRTV
Not Found: No data found, symbol may be delisted
START:  VSTO
END:    287.3750705718994
-
START:  VTHR
END:    287.60943269729614
-
START:  VTI
END:    287.8900718688965
-
START:  VTNR
END:    288.14031457901
-
START:  VTWG
END:    288.3443715572357
-
START:  VUG
END:    288.84984254837036
-
START:  VV
END:    289.13151121139526
-
START:  VXF
END:    289.5315659046173
-
START:  WCN
END:    289.88950276374817
-
START:  WD
END:    291.1417238712311
-
START:  WDAY
END:    291.31929540634155
-
START:  WDFC
END:    291.6523461341858
-
START:  WEC
END:    292.03925347328186
-
START:  WEN
END:    292.3431215286255
-
START:  WINA
END:    292.68576169013977
-
START:  WING
END:    293.8800563812256
-
START:  WIRE
END:    294.17939138412476
-
START:  WIX
END:    294.40653014183044
-
START:  WK
END:    294.59073972702026
-
START:  WLTW
Not Found: No data found, symbol may be delisted
START:  WM
END:    294.95223021507263
-
START:  WMS
END:    295.1442050933838
-
START:  WNS
END:    295.37427949905396
-
START:  WRB
END:    295.7099573612213
-
START:  WSC
END:    296.91672706604004
-
START:  WSM
END:    298.261262178421
-
START:  WST
END:    298.64705324172974
-
START:  WTRG
END:    298.9958643913269
-
START:  WTS
END:    299.3667678833008
-
START:  XEL
END:    299.7349817752838
-
START:  XENE
END:    300.9221453666687
-
START:  XLK
END:    301.24267530441284
-
START:  XLNX
Not Found: No data found, symbol may be delisted
START:  XLP
END:    302.64657497406006
-
START:  XLRN
Not Found: No data found, symbol may be delisted
START:  XLU
END:    303.0361337661743
-
START:  XLV
END:    303.32964062690735
-
START:  XLY
END:    303.62507581710815
-
START:  XYL
END:    303.8437719345093
-
START:  YNDX
END:    305.06856656074524
-
START:  YORW
END:    305.3856530189514
-
START:  YUM
END:    305.67250394821167
-
START:  Z
END:    305.91049003601074
-
START:  ZBRA
END:    306.1586365699768
-
START:  ZEN
Not Found: No data found, symbol may be delisted
START:  ZLAB
END:    306.3860545158386
-
START:  ZNGA
Not Found: No data found, symbol may be delisted
START:  ZS
END:    306.60626244544983
-
START:  ZTS
END:    307.82238388061523
-
START:  ZYXI
END:    308.0752091407776
-
===========================
MACD golden cross
===========================
START:  code
START:  A
START:  AAON
START:  AAPL
START:  ABG
START:  ABT
START:  ACLS
START:  ACMR
START:  ACN
START:  ADBE
START:  ADI
START:  ADP
START:  ADSK
START:  ADUS
START:  AEE
START:  AGYS
START:  AIZ
START:  AJG
START:  AJRD
START:  ALB
START:  ALG
START:  ALGN
START:  ALLE
START:  ALTR
START:  AMAT
START:  AMBA
START:  AMD
START:  AME
START:  AMED
START:  AMEH
START:  AMGN
START:  AMN
START:  AMP
START:  AMRC
START:  AMSWA
START:  AMTX
START:  AMZN
START:  AN
START:  ANSS
START:  ANTM
START:  AON
START:  AOSL
START:  APD
START:  APH
START:  APPF
START:  APPN
START:  APPS
START:  AQN
START:  ARCB
START:  ARCT
START:  ARES
START:  ARGX
START:  ARWR
START:  ASML
START:  ASPN
START:  ATEC
START:  ATEN
START:  ATKR
START:  ATOM
START:  ATR
START:  ATRC
START:  AUDC
START:  AUPH
START:  AVAV
START:  AVGO
START:  AVID
START:  AVNW
START:  AVXL
START:  AVY
START:  AWK
START:  AWR
START:  AXON
START:  AZO
START:  AZPN
START:  BAH
START:  BAM
START:  BAX
START:  BBH
START:  BBQ
START:  BBY
START:  BCPC
START:  BDX
START:  BEEM
START:  BFAM
START:  BFC
START:  BGFV
START:  BGNE
START:  BHVN
START:  BIO
START:  BL
START:  BLD
START:  BLDP
START:  BLDR
START:  BLFS
START:  BLK
START:  BLL
START:  BLNK
START:  BMI
START:  BOOT
START:  BOTZ
START:  BR
START:  BRKR
START:  BRKS
START:  BRO
START:  BURL
START:  BX
START:  CABO
START:  CACI
START:  CALX
START:  CAMT
START:  CAR
START:  CBRE
START:  CBSH
START:  CBZ
START:  CCOI
START:  CCS
START:  CDMO
START:  CDNA
START:  CDNS
START:  CDW
START:  CELH
START:  CGNX
START:  CHD
START:  CHDN
START:  CHE
START:  CHGG
START:  CHH
START:  CHKP
START:  CHTR
START:  CIEN
START:  CLAR
START:  CLFD
START:  CLGN
START:  CLNE
START:  CLPT
START:  CLX
START:  CMCSA
START:  CMG
START:  CMS
START:  CNC
START:  CNI
START:  CNMD
START:  CNS
START:  CNXN
START:  COO
START:  COST
START:  COUP
START:  COWN
START:  CP
START:  CPK
START:  CPRT
START:  CPSH
START:  CRAI
START:  CREE
START:  CRL
START:  CRM
START:  CRMT
START:  CROX
START:  CRSP
START:  CRVL
START:  CSGP
START:  CSL
START:  CSWI
START:  CSX
START:  CTAS
START:  CTLT
START:  CTRN
START:  CURE
START:  CVCO
START:  CVNA
START:  CWST
START:  CWT
START:  CXSE
START:  CYBR
START:  CYRX
START:  CYTK
START:  DAC
START:  DAR
START:  DAVA
START:  DDS
START:  DE
START:  DECK
START:  DELL
START:  DFIN
START:  DG
START:  DGRW
START:  DHI
START:  DHR
START:  DIA
START:  DIOD
START:  DIS
START:  DKS
START:  DLN
START:  DNLI
START:  DOMO
START:  DOV
START:  DPZ
START:  DQ
START:  DRD
START:  DRIO
START:  DRNA
START:  DSGX
START:  DVAX
START:  DXCM
START:  ECL
START:  EFX
START:  EGAN
START:  EHC
START:  EL
START:  ENPH
START:  ENSG
START:  ENTG
START:  ENV
START:  EPAM
START:  ERIE
START:  ES
START:  ESE
START:  ETN
START:  ETSY
START:  EVBG
START:  EVTC
START:  EW
START:  EWT
START:  EXAS
START:  EXLS
START:  EXPD
START:  EXPI
START:  EXPO
START:  FAST
START:  FATE
START:  FB
START:  FCN
START:  FCX
START:  FDN
START:  FDS
START:  FELE
START:  FFIN
START:  FICO
START:  FINX
START:  FIS
START:  FISV
START:  FIVE
START:  FIVN
START:  FLGT
START:  FLT
START:  FLWS
START:  FN
START:  FND
START:  FNV
START:  FORM
START:  FOXF
START:  FPX
START:  FRC
START:  FRHC
START:  FRPT
START:  FSS
START:  FTNT
START:  FUV
START:  GDEN
START:  GFI
START:  GGG
START:  GIB
START:  GLDD
START:  GLOB
START:  GMAB
START:  GME
START:  GMED
START:  GNRC
START:  GNSS
START:  GNTX
START:  GOLF
START:  GOOG
START:  GOOGL
START:  GPI
START:  GPN
START:  GRBK
START:  GRMN
START:  GRVY
START:  GRWG
START:  GWRE
START:  HACK
START:  HALO
START:  HCI
START:  HD
START:  HEI
START:  HELE
START:  HIBB
START:  HLI
START:  HLT
START:  HOLX
START:  HON
START:  HOV
START:  HRC
START:  HRI
START:  HSKA
START:  HTHT
START:  HUBS
START:  HUM
START:  HZNP
START:  IAC
START:  IBP
START:  ICE
START:  ICLN
START:  ICLR
START:  IDT
START:  IDXX
START:  IESC
START:  IEX
START:  ILMN
START:  INFO
START:  INOV
START:  INSP
START:  INTC
START:  INTU
START:  INTZ
START:  INVE
START:  IOO
START:  IQV
START:  IRDM
START:  IRMD
START:  ISEE
START:  ISRG
START:  IT
START:  ITT
START:  ITW
START:  IVOG
START:  IVV
START:  IXJ
START:  IXN
START:  J
START:  JBL
START:  JBSS
START:  JD
START:  JKHY
START:  JKS
START:  JNJ
START:  JOE
START:  JOUT
START:  JYNT
START:  KAI
START:  KBH
START:  KBR
START:  KDMN
START:  KEYS
START:  KLAC
START:  KLIC
START:  KMX
START:  KNSL
START:  KOPN
START:  KOSS
START:  KRNT
START:  KSU
START:  KTOS
START:  LAC
START:  LAD
START:  LANC
START:  LAWS
START:  LDOS
START:  LFMD
START:  LGIH
START:  LH
START:  LHCG
START:  LHX
START:  LII
START:  LIN
START:  LINC
START:  LIT
START:  LLY
START:  LMT
START:  LNT
START:  LOB
START:  LOGI
START:  LOVE
START:  LOW
START:  LPLA
START:  LPSN
START:  LQDT
START:  LRCX
START:  LSCC
START:  LSTR
START:  LULU
START:  LUNA
START:  MA
START:  MANH
START:  MANT
START:  MARA
START:  MASI
START:  MATX
START:  MBUU
START:  MCD
START:  MCHP
START:  MCO
START:  MDB
START:  MDT
START:  MEDP
START:  MEDS
START:  MELI
START:  MGC
START:  MGIC
START:  MGK
START:  MGNI
START:  MHO
START:  MIME
START:  MITK
START:  MKC
START:  MKSI
START:  MKTX
START:  MLAB
START:  MLR
START:  MMC
START:  MMS
START:  MNMD
START:  MNST
START:  MODN
START:  MODV
START:  MOH
START:  MORN
START:  MPWR
START:  MRTX
START:  MRVL
START:  MS
START:  MSA
START:  MSCI
START:  MSEX
START:  MSFT
START:  MSI
START:  MSTR
START:  MTBC
START:  MTCH
START:  MTD
START:  MTEX
START:  MTH
START:  MTLS
START:  MTSI
START:  MU
START:  MUSA
START:  MVIS
START:  MXL
START:  MYRG
START:  NBIX
START:  NCBS
START:  NDAQ
START:  NDSN
START:  NEE
START:  NEO
START:  NEOG
START:  NFLX
START:  NICE
START:  NISN
START:  NKE
START:  NOVT
START:  NOW
START:  NSC
START:  NSIT
START:  NSSC
START:  NSTG
START:  NTLA
START:  NTRA
START:  NUAN
START:  NVCR
START:  NVDA
START:  NVMI
START:  NVO
START:  NVR
START:  NXST
START:  NYT
START:  OBCI
START:  ODFL
START:  OEF
START:  OFLX
START:  OLED
START:  OMCL
START:  ON
START:  OOMA
START:  OPRX
START:  ORA
START:  ORCL
START:  ORLY
START:  ORMP
START:  OTEX
START:  PACB
START:  PAG
START:  PANW
START:  PAR
START:  PAYC
START:  PAYX
START:  PBD
START:  PCTY
START:  PEGA
START:  PEN
START:  PENN
START:  PEP
START:  PERI
START:  PFSI
START:  PGR
START:  PH
START:  PHM
START:  PKI
START:  PLL
START:  PLNT
START:  PLUG
START:  PLXS
START:  PODD
START:  POOL
START:  POWI
START:  PRFT
START:  PRI
START:  PRTA
START:  PRTS
START:  PTSI
START:  PWR
START:  PYPL
START:  QADA
START:  QCLN
START:  QDEL
START:  QGEN
START:  QLYS
START:  QQQ
START:  QRVO
START:  QTWO
START:  RADA
START:  RAMP
START:  RBA
START:  RCII
START:  RCKY
START:  RDNT
START:  RDVT
START:  RDWR
START:  REGI
START:  RENN
START:  RGEN
START:  RH
START:  RILY
START:  RIOT
START:  RLI
START:  RLMD
START:  RMD
START:  RNG
START:  ROBO
START:  ROCK
START:  ROK
START:  ROKU
START:  ROL
START:  ROP
START:  ROST
START:  RPD
START:  RPM
START:  RSG
START:  RTH
START:  RUN
START:  RXI
START:  SAIA
START:  SAIC
START:  SAM
START:  SAVA
START:  SCI
START:  SCL
START:  SE
START:  SEAS
START:  SEDG
START:  SFBS
START:  SGEN
START:  SGMS
START:  SGRY
START:  SHOP
START:  SHW
START:  SHYF
START:  SITE
START:  SIVB
START:  SJW
START:  SKY
START:  SLAB
START:  SLP
START:  SMH
START:  SMTC
START:  SNAP
START:  SNPS
START:  SOCL
START:  SOXL
START:  SPGI
START:  SPLG
START:  SPLK
START:  SPNS
START:  SPSC
START:  SPTM
START:  SPWH
START:  SPWR
START:  SPXC
START:  SPXL
START:  SPY
START:  SPYG
START:  SQ
START:  SSD
START:  SSNC
START:  SSTK
START:  STAA
START:  STE
START:  SUSA
START:  SYK
START:  SYNA
START:  TBBK
START:  TBK
START:  TDG
START:  TDOC
START:  TDY
START:  TEAM
START:  TECH
START:  TECL
START:  TER
START:  TFX
START:  TGH
START:  TGLS
START:  TGT
START:  TGTX
START:  THC
START:  TJX
START:  TMO
START:  TMUS
START:  TNDM
START:  TNET
START:  TPX
START:  TREX
START:  TRI
START:  TRIL
START:  TRMB
START:  TRNS
START:  TROW
START:  TRU
START:  TRUP
START:  TSCO
START:  TSLA
START:  TSM
START:  TT
START:  TTC
START:  TTD
START:  TTEC
START:  TTEK
START:  TTGT
START:  TTWO
START:  TWLO
START:  TXN
START:  TYL
START:  UCTT
START:  UFPI
START:  UFPT
START:  UI
START:  UMC
START:  UNF
START:  UNH
START:  UNP
START:  UPLD
START:  URI
START:  V
START:  VALU
START:  VBK
START:  VCEL
START:  VCR
START:  VCTR
START:  VCYT
START:  VDC
START:  VEEV
START:  VERU
START:  VGT
START:  VHT
START:  VIAV
START:  VICR
START:  VIG
START:  VO
START:  VONE
START:  VONG
START:  VOO
START:  VOOG
START:  VOOV
START:  VOT
START:  VPU
START:  VRNS
START:  VRSK
START:  VRSN
START:  VRTV
START:  VSTO
START:  VTHR
START:  VTI
START:  VTNR
START:  VTWG
START:  VUG
START:  VV
START:  VXF
START:  WCN
START:  WD
START:  WDAY
START:  WDFC
START:  WEC
START:  WEN
START:  WINA
START:  WING
START:  WIRE
START:  WIX
START:  WK
START:  WLTW
START:  WM
START:  WMS
START:  WNS
START:  WRB
START:  WSC
START:  WSM
START:  WST
START:  WTRG
START:  WTS
START:  XEL
START:  XENE
START:  XLK
START:  XLNX
START:  XLP
START:  XLRN
START:  XLU
START:  XLV
START:  XLY
START:  XYL
START:  YNDX
START:  YORW
START:  YUM
START:  Z
START:  ZBRA
START:  ZEN
START:  ZLAB
START:  ZNGA
START:  ZS
START:  ZTS
START:  ZYXI
==== MACD golden cross ====
None
code: AMSWA    day: macd + hist + hist_1pre - ,  Week: macd + hist + hist_1pre - , Month: macd - hist + hist_1pre + , 
Trade --> code: AMSWA  BUY: 2006-07-31    6.00 SELL: 2008-05-31    6.54  macd:   -0.02 macd_count:  22 profit:  1.09
Trade --> code: AMSWA  BUY: 2010-12-31    6.77 SELL: 2022-08-31   16.93  macd:   -0.01 macd_count: 140 profit:  2.50

code: DDS      day: macd + hist + hist_1pre + ,  Week: macd + hist + hist_1pre - , Month: macd + hist + hist_1pre + , 
Trade --> code: DDS    BUY: 2006-07-31   30.03 SELL: 2007-11-30   20.39  macd:   -0.49 macd_count:  16 profit:  0.68
Trade --> code: DDS    BUY: 2010-03-31   23.60 SELL: 2015-11-30   75.00  macd:   -0.69 macd_count:  68 profit:  3.18
Trade --> code: DDS    BUY: 2018-05-31   81.43 SELL: 2019-01-31   66.79  macd:   -0.12 macd_count:   8 profit:  0.82
Trade --> code: DDS    BUY: 2019-02-28   78.54 SELL: 2019-05-31   56.66  macd:   -1.02 macd_count:   3 profit:  0.72
Trade --> code: DDS    BUY: 2021-02-28   79.70 SELL: 2024-03-31  431.92  macd:   40.85 macd_count:  38 profit:  5.42

code: FDS      day: macd + hist + hist_1pre + ,  Week: macd + hist + hist_1pre - , Month: macd + hist + hist_1pre + , 
Trade --> code: FDS    BUY: 2006-07-31   43.90 SELL: 2008-11-30   40.00  macd:   -0.99 macd_count:  28 profit:  0.91
Trade --> code: FDS    BUY: 2009-09-30   66.24 SELL: 2024-03-31  484.40  macd:   20.17 macd_count: 175 profit:  7.31

code: NUAN     day: macd + hist + hist_1pre + ,  Week: macd + hist + hist_1pre - , Month: macd + hist - hist_1pre - , 
Trade --> code: NUAN   BUY: 2005-11-30    5.38 SELL: 2008-11-30    7.94  macd:   -0.14 macd_count:  36 profit:  1.48
Trade --> code: NUAN   BUY: 2009-12-31   13.44 SELL: 2013-05-31   16.44  macd:   -0.10 macd_count:  41 profit:  1.22
Trade --> code: NUAN   BUY: 2015-11-30   18.11 SELL: 2016-07-31   13.90  macd:   -0.05 macd_count:   8 profit:  0.77
Trade --> code: NUAN   BUY: 2017-05-31   16.01 SELL: 2017-09-30   13.60  macd:   -0.04 macd_count:   4 profit:  0.85
Trade --> code: NUAN   BUY: 2019-04-30   14.56 SELL: 2022-03-31   55.99  macd:    7.14 macd_count:  36 profit:  3.85

code: RCII     day: macd + hist + hist_1pre + ,  Week: macd + hist + hist_1pre - , Month: macd - hist + hist_1pre + , 
Trade --> code: RCII   BUY: 2006-10-31   28.76 SELL: 2007-07-31   19.41  macd:   -0.10 macd_count:   9 profit:  0.67
Trade --> code: RCII   BUY: 2010-03-31   23.65 SELL: 2014-01-31   24.94  macd:   -0.00 macd_count:  46 profit:  1.05
Trade --> code: RCII   BUY: 2018-12-31   16.19 SELL: 2022-05-31   27.54  macd:   -0.82 macd_count:  41 profit:  1.70

