Sun Jul  3 13:50:10 UTC 2022
arg[0]: scraping/yahoo-finace-api2.py, arg[1]: stock-code-list/buy-list.txt
===========================
scraping
===========================
START:  AAPL
END:    0.5401594638824463
-
START:  EL
END:    1.0711796283721924
-
START:  NEE
END:    1.7887978553771973
-
START:  AMD
END:    2.4580130577087402
-
START:  APH
END:    2.933138132095337
-
START:  XLP
END:    3.635867118835449
-
START:  SPXL
END:    4.097921848297119
-
START:  KEYS
END:    4.5442869663238525
-
START:  VDC
END:    5.028691530227661
-
START:  SPTM
END:    5.816848039627075
-
START:  SPLG
END:    6.227481126785278
-
START:  CROX
END:    6.637425899505615
-
START:  AXON
END:    7.137489080429077
-
START:  AWR
END:    7.82715630531311
-
START:  FN
END:    8.179728507995605
-
START:  NXST
END:    8.680840253829956
-
START:  TREX
END:    9.24985146522522
-
START:  RGEN
END:    9.70462965965271
-
START:  EXPO
END:    10.30447268486023
-
START:  BCPC
END:    10.823756694793701
-
START:  SOXL
END:    11.44774341583252
-
START:  TECL
END:    12.018079042434692
-
START:  NEO
END:    12.407299518585205
-
START:  NVMI
END:    12.840218544006348
-
START:  NVDA
END:    13.324783325195312
-
START:  BBDC
END:    13.726737976074219
-
START:  APPS
END:    14.09516453742981
-
START:  ROK
END:    14.91630506515503
-
START:  NHTC
END:    15.313438415527344
-
START:  ZYXI
END:    15.916230916976929
-
START:  LIT
END:    16.431375980377197
-
START:  LLY
END:    17.21286964416504
-
START:  GTLB
END:    17.424773693084717
-
START:  MCD
END:    17.96258282661438
-
START:  MSI
END:    18.47074270248413
-
START:  HCP
END:    18.66164493560791
-
START:  ON
END:    19.094554662704468
-
===========================
MACD sell
===========================
START:  AAPL
START:  EL
START:  NEE
START:  AMD
START:  APH
START:  XLP
START:  SPXL
START:  KEYS
START:  VDC
START:  SPTM
START:  SPLG
START:  CROX
START:  AXON
START:  AWR
START:  FN
START:  NXST
START:  TREX
START:  RGEN
START:  EXPO
START:  BCPC
START:  SOXL
START:  TECL
START:  NEO
START:  NVMI
START:  NVDA
START:  BBDC
START:  APPS
START:  ROK
START:  NHTC
START:  ZYXI
START:  LIT
START:  LLY
START:  GTLB
START:  MCD
START:  MSI
START:  HCP
START:  ON
==== MACD list ====
code: AAPL     day: macd - hist + ,  Week: macd - hist - , Month: macd + hist - , 
code: EL       day: macd + hist + ,  Week: macd - hist + , Month: macd + hist - , 
code: NEE      day: macd + hist + ,  Week: macd - hist + , Month: macd + hist - , 
code: AMD      day: macd - hist - ,  Week: macd - hist - , Month: macd + hist - , 
code: APH      day: macd - hist + ,  Week: macd - hist - , Month: macd + hist - , 
code: XLP      day: macd - hist + ,  Week: macd - hist - , Month: macd + hist - , 
code: SPXL     day: macd - hist + ,  Week: macd - hist - , Month: macd + hist - , 
code: KEYS     day: macd - hist + ,  Week: macd - hist + , Month: macd + hist - , 
code: VDC      day: macd - hist + ,  Week: macd - hist - , Month: macd + hist - , 
code: SPTM     day: macd - hist + ,  Week: macd - hist - , Month: macd + hist - , 
code: SPLG     day: macd - hist + ,  Week: macd - hist - , Month: macd + hist - , 
code: CROX     day: macd - hist + ,  Week: macd - hist + , Month: macd + hist - , 
code: AXON     day: macd - hist + ,  Week: macd - hist + , Month: macd - hist - , 
code: AWR      day: macd + hist + ,  Week: macd - hist + , Month: macd + hist - , 
code: FN       day: macd - hist + ,  Week: macd - hist - , Month: macd + hist - , 
code: NXST     day: macd - hist + ,  Week: macd - hist - , Month: macd + hist - , 
code: TREX     day: macd - hist + ,  Week: macd - hist + , Month: macd - hist - , 
code: RGEN     day: macd + hist + ,  Week: macd - hist + , Month: macd + hist - , 
code: EXPO     day: macd + hist + ,  Week: macd - hist + , Month: macd + hist - , 
code: BCPC     day: macd + hist + ,  Week: macd - hist + , Month: macd + hist - , 
code: SOXL     day: macd - hist - ,  Week: macd - hist - , Month: macd - hist - , 
code: TECL     day: macd - hist + ,  Week: macd - hist - , Month: macd + hist - , 
code: NEO      day: macd - hist + ,  Week: macd - hist + , Month: macd - hist - , 
code: NVMI     day: macd - hist - ,  Week: macd - hist - , Month: macd + hist - , 
code: NVDA     day: macd - hist - ,  Week: macd - hist - , Month: macd + hist - , 
code: BBDC     day: macd - hist + ,  Week: macd - hist - , Month: macd + hist - , 
code: APPS     day: macd - hist + ,  Week: macd - hist - , Month: macd - hist - , 
code: ROK      day: macd - hist + ,  Week: macd - hist + , Month: macd - hist - , 
code: NHTC     day: macd - hist + ,  Week: macd - hist - , Month: macd - hist - , 
code: ZYXI     day: macd + hist + ,  Week: macd + hist + , Month: macd - hist - , 
code: LIT      day: macd + hist - ,  Week: macd - hist + , Month: macd + hist - , 
code: LLY      day: macd + hist + ,  Week: macd + hist + , Month: macd + hist + , 
code: GTLB     day: macd + hist + ,  Week: macd - hist + , Month: macd + hist + , 
code: MCD      day: macd + hist + ,  Week: macd - hist + , Month: macd + hist - , 
code: MSI      day: macd - hist + ,  Week: macd - hist - , Month: macd + hist - , 
code: HCP      day: macd - hist + ,  Week: macd - hist + , Month: macd + hist + , 
code: ON       day: macd - hist - ,  Week: macd - hist - , Month: macd + hist - , 
==== MACD sell list ====
code: AAPL     day: macd - hist + ,  Week: macd - hist - , 
code: AAPL     day: macd - hist + ,  Week: macd - hist - , Month: macd + hist - , 
code: EL       day: macd + hist + ,  Week: macd - hist + , Month: macd + hist - , 
code: NEE      day: macd + hist + ,  Week: macd - hist + , Month: macd + hist - , 
code: AMD      day: macd - hist - , 
code: AMD      day: macd - hist - ,  Week: macd - hist - , 
code: AMD      day: macd - hist - ,  Week: macd - hist - , Month: macd + hist - , 
code: APH      day: macd - hist + ,  Week: macd - hist - , 
code: APH      day: macd - hist + ,  Week: macd - hist - , Month: macd + hist - , 
code: XLP      day: macd - hist + ,  Week: macd - hist - , 
code: XLP      day: macd - hist + ,  Week: macd - hist - , Month: macd + hist - , 
code: SPXL     day: macd - hist + ,  Week: macd - hist - , 
code: SPXL     day: macd - hist + ,  Week: macd - hist - , Month: macd + hist - , 
code: KEYS     day: macd - hist + ,  Week: macd - hist + , Month: macd + hist - , 
code: VDC      day: macd - hist + ,  Week: macd - hist - , 
code: VDC      day: macd - hist + ,  Week: macd - hist - , Month: macd + hist - , 
code: SPTM     day: macd - hist + ,  Week: macd - hist - , 
code: SPTM     day: macd - hist + ,  Week: macd - hist - , Month: macd + hist - , 
code: SPLG     day: macd - hist + ,  Week: macd - hist - , 
code: SPLG     day: macd - hist + ,  Week: macd - hist - , Month: macd + hist - , 
code: CROX     day: macd - hist + ,  Week: macd - hist + , Month: macd + hist - , 
code: AXON     day: macd - hist + ,  Week: macd - hist + , Month: macd - hist - , 
code: AWR      day: macd + hist + ,  Week: macd - hist + , Month: macd + hist - , 
code: FN       day: macd - hist + ,  Week: macd - hist - , 
code: FN       day: macd - hist + ,  Week: macd - hist - , Month: macd + hist - , 
code: NXST     day: macd - hist + ,  Week: macd - hist - , 
code: NXST     day: macd - hist + ,  Week: macd - hist - , Month: macd + hist - , 
code: TREX     day: macd - hist + ,  Week: macd - hist + , Month: macd - hist - , 
code: RGEN     day: macd + hist + ,  Week: macd - hist + , Month: macd + hist - , 
code: EXPO     day: macd + hist + ,  Week: macd - hist + , Month: macd + hist - , 
code: BCPC     day: macd + hist + ,  Week: macd - hist + , Month: macd + hist - , 
code: SOXL     day: macd - hist - , 
code: SOXL     day: macd - hist - ,  Week: macd - hist - , 
code: SOXL     day: macd - hist - ,  Week: macd - hist - , Month: macd - hist - , 
code: TECL     day: macd - hist + ,  Week: macd - hist - , 
code: TECL     day: macd - hist + ,  Week: macd - hist - , Month: macd + hist - , 
code: NEO      day: macd - hist + ,  Week: macd - hist + , Month: macd - hist - , 
code: NVMI     day: macd - hist - , 
code: NVMI     day: macd - hist - ,  Week: macd - hist - , 
code: NVMI     day: macd - hist - ,  Week: macd - hist - , Month: macd + hist - , 
code: NVDA     day: macd - hist - , 
code: NVDA     day: macd - hist - ,  Week: macd - hist - , 
code: NVDA     day: macd - hist - ,  Week: macd - hist - , Month: macd + hist - , 
code: BBDC     day: macd - hist + ,  Week: macd - hist - , 
code: BBDC     day: macd - hist + ,  Week: macd - hist - , Month: macd + hist - , 
code: APPS     day: macd - hist + ,  Week: macd - hist - , 
code: APPS     day: macd - hist + ,  Week: macd - hist - , Month: macd - hist - , 
code: ROK      day: macd - hist + ,  Week: macd - hist + , Month: macd - hist - , 
code: NHTC     day: macd - hist + ,  Week: macd - hist - , 
code: NHTC     day: macd - hist + ,  Week: macd - hist - , Month: macd - hist - , 
code: ZYXI     day: macd + hist + ,  Week: macd + hist + , Month: macd - hist - , 
code: LIT      day: macd + hist - , 
code: LIT      day: macd + hist - ,  Week: macd - hist + , Month: macd + hist - , 
code: MCD      day: macd + hist + ,  Week: macd - hist + , Month: macd + hist - , 
code: MSI      day: macd - hist + ,  Week: macd - hist - , 
code: MSI      day: macd - hist + ,  Week: macd - hist - , Month: macd + hist - , 
code: ON       day: macd - hist - , 
code: ON       day: macd - hist - ,  Week: macd - hist - , 
code: ON       day: macd - hist - ,  Week: macd - hist - , Month: macd + hist - , 
===========================
profit
===========================
==== plus ====
XLP  , macd -, macd hist +, profit:   [0.64], per:   [0.88], now:  [73.22], buy:  [72.58]
NXST , macd -, macd hist +, profit:   [6.03], per:   [3.71], now: [168.53], buy:  [162.5]
ZYXI , macd +, macd hist +, profit:   [1.71], per:  [26.89], now:   [8.07], buy:   [6.36]
LLY  , macd +, macd hist +, profit:  [53.71], per:  [19.82], now: [324.71], buy:   [271.]
GTLB , macd +, macd hist +, profit:   [1.59], per:   [3.01], now:  [54.35], buy:  [52.76]
-
     plus  len:  5
     profit:  [63.68], per:  [54.31], per/len(p):  [10.86], per/len(p+m):   [1.47]
-
==== minus ====
AAPL , macd -, macd hist +, profit:       [], per:       [], now: [138.93], buy:       []
EL   , macd +, macd hist +, profit: [-83.23], per:  [-24.5], now: [256.52], buy: [339.75]
NEE  , macd +, macd hist +, profit:  [-4.77], per:  [-5.59], now:  [80.56], buy:  [85.33]
AMD  , macd -, macd hist -, profit: [-46.56], per: [-38.73], now:  [73.67], buy: [120.23]
APH  , macd -, macd hist +, profit:       [], per:       [], now:  [63.75], buy:       []
SPXL , macd -, macd hist +, profit: [-62.56], per: [-48.04], now:  [67.67], buy: [130.23]
KEYS , macd -, macd hist +, profit: [-49.91], per: [-26.82], now: [136.15], buy: [186.06]
VDC  , macd -, macd hist +, profit:  [-1.57], per:  [-0.83], now: [187.96], buy: [189.53]
SPTM , macd -, macd hist +, profit:  [-9.65], per: [-17.06], now:  [46.93], buy:  [56.58]
SPLG , macd -, macd hist +, profit:  [-9.19], per: [-17.02], now:   [44.8], buy:  [53.99]
CROX , macd -, macd hist +, profit: [-129.47], per: [-72.97], now:  [47.95], buy: [177.42]
AXON , macd -, macd hist +, profit: [-44.92], per: [-32.52], now:  [93.23], buy: [138.15]
AWR  , macd +, macd hist +, profit:       [], per:       [], now:  [83.69], buy:       []
FN   , macd -, macd hist +, profit: [-35.86], per: [-30.69], now:    [81.], buy: [116.86]
TREX , macd -, macd hist +, profit:  [-13.7], per: [-19.57], now:   [56.3], buy:    [70.]
RGEN , macd +, macd hist +, profit: [-13.14], per:  [-7.31], now: [166.52], buy: [179.66]
EXPO , macd +, macd hist +, profit:  [-9.52], per:  [-9.42], now:  [91.59], buy: [101.11]
BCPC , macd +, macd hist +, profit:  [-6.71], per:  [-4.89], now: [130.37], buy: [137.08]
SOXL , macd -, macd hist -, profit: [-30.49], per: [-72.44], now:   [11.6], buy:  [42.09]
TECL , macd -, macd hist +, profit:  [-32.5], per: [-53.51], now:  [28.24], buy:  [60.74]
NEO  , macd -, macd hist +, profit:  [-9.47], per: [-53.08], now:   [8.37], buy:  [17.84]
NVMI , macd -, macd hist -, profit: [-31.16], per: [-27.18], now:  [83.49], buy: [114.65]
NVDA , macd -, macd hist -, profit: [-110.44], per:  [-43.2], now: [145.23], buy: [255.67]
BBDC , macd -, macd hist +, profit:  [-1.09], per: [-10.28], now:   [9.51], buy:   [10.6]
APPS , macd -, macd hist +, profit: [-26.48], per: [-60.64], now:  [17.19], buy:  [43.67]
ROK  , macd -, macd hist +, profit: [-143.18], per: [-41.88], now: [198.71], buy: [341.89]
NHTC , macd -, macd hist +, profit:  [-2.16], per: [-30.13], now:   [5.01], buy:   [7.17]
LIT  , macd +, macd hist -, profit: [-20.16], per: [-21.93], now:  [71.75], buy:  [91.91]
MCD  , macd +, macd hist +, profit:   [-0.5], per:   [-0.2], now: [252.96], buy: [253.46]
MSI  , macd -, macd hist +, profit: [-41.33], per: [-16.44], now: [210.08], buy: [251.41]
HCP  , macd -, macd hist +, profit: [-24.33], per: [-44.81], now:  [29.97], buy:   [54.3]
ON   , macd -, macd hist -, profit: [-13.02], per: [-21.75], now:  [46.84], buy:  [59.86]
-
     minus len:  32
     profit:       [], per:       [], per/len(m):       [], per/len(p+m):       []
-
==== total ====
     profit:       [], per:       [], per/len(p+m):       []
arg[0]: scraping/yahoo-finace-api2.py, arg[1]: stock-code-list/up-month.txt
===========================
scraping
===========================
START:  A
END:    0.533043622970581
-
START:  AAON
END:    0.9846196174621582
-
START:  AAPL
END:    1.7529590129852295
-
START:  ABG
END:    2.194333553314209
-
START:  ABT
END:    2.6985280513763428
-
START:  ACLS
END:    3.1343634128570557
-
START:  ACMR
END:    3.359525442123413
-
START:  ACN
END:    3.8173372745513916
-
START:  ADBE
END:    4.542098522186279
-
START:  ADI
END:    5.164931058883667
-
START:  ADP
END:    5.629125356674194
-
START:  ADSK
END:    6.350522756576538
-
START:  ADUS
END:    6.887965202331543
-
START:  AEE
END:    7.353582382202148
-
START:  AGYS
END:    7.847782850265503
-
START:  AIZ
END:    8.502086162567139
-
START:  AJG
END:    9.045218229293823
-
START:  AJRD
END:    9.562249898910522
-
START:  ALB
END:    10.103135585784912
-
START:  ALG
END:    10.625958681106567
-
START:  ALGN
END:    11.180433750152588
-
START:  ALLE
END:    11.466864585876465
-
START:  ALTR
END:    11.773650646209717
-
START:  AMAT
END:    12.382616519927979
-
START:  AMBA
END:    12.71973443031311
-
START:  AMD
END:    13.132749319076538
-
START:  AME
END:    13.646239757537842
-
START:  AMED
END:    14.023649215698242
-
START:  AMEH
END:    14.328880548477173
-
START:  AMGN
END:    14.79281759262085
-
START:  AMN
END:    15.319814443588257
-
START:  AMP
END:    15.834012746810913
-
START:  AMRC
END:    16.159286737442017
-
START:  AMSWA
END:    16.694281101226807
-
START:  AMTX
END:    17.0659601688385
-
START:  AMZN
END:    17.637855529785156
-
START:  AN
END:    18.084219694137573
-
START:  ANSS
END:    18.58663535118103
-
START:  ANTM
END:    19.05235481262207
-
START:  AON
END:    19.588783025741577
-
START:  AOSL
END:    20.025962829589844
-
START:  APD
END:    20.704499006271362
-
START:  APH
END:    21.170374393463135
-
START:  APPF
END:    21.449831247329712
-
START:  APPN
END:    21.746903657913208
-
START:  APPS
END:    22.111229181289673
-
START:  AQN
END:    22.424357175827026
-
START:  ARCB
END:    22.937803506851196
-
START:  ARCT
END:    23.224045991897583
-
START:  ARES
END:    23.599322080612183
-
START:  ARGX
END:    23.811230897903442
-
START:  ARWR
END:    24.195562601089478
-
START:  ASML
END:    24.70406174659729
-
START:  ASPN
END:    24.982983589172363
-
START:  ATEC
END:    25.482896327972412
-
START:  ATEN
END:    25.741594791412354
-
START:  ATKR
END:    26.029038906097412
-
START:  ATOM
END:    26.31011652946472
-
START:  ATR
END:    26.81410813331604
-
START:  ATRC
END:    27.258541107177734
-
START:  AUDC
END:    27.86861252784729
-
START:  AUPH
END:    28.155824422836304
-
START:  AVAV
END:    28.523191213607788
-
START:  AVGO
END:    29.00697374343872
-
START:  AVID
END:    29.620107412338257
-
START:  AVNW
END:    30.03867530822754
-
START:  AVXL
END:    30.41774320602417
-
START:  AVY
END:    31.103288888931274
-
START:  AWK
END:    31.63025689125061
-
START:  AWR
END:    32.13925838470459
-
START:  AXON
END:    32.57496404647827
-
START:  AZO
END:    33.02063846588135
-
START:  AZPN
END:    33.44930028915405
-
START:  BAH
END:    33.803223848342896
-
START:  BAM
END:    34.28645443916321
-
START:  BAX
END:    35.096787452697754
-
START:  BBH
END:    35.775105476379395
-
START:  BBQ
END:    36.23075532913208
-
START:  BBY
END:    37.013328552246094
-
START:  BCPC
END:    37.47593379020691
-
START:  BDX
END:    38.14680457115173
-
START:  BEEM
END:    38.46107292175293
-
START:  BFAM
END:    38.81634473800659
-
START:  BFC
END:    39.234073638916016
-
START:  BGFV
END:    39.960532665252686
-
START:  BGNE
END:    40.66375422477722
-
START:  BHVN
END:    41.066368103027344
-
START:  BIO
END:    41.53410077095032
-
START:  BL
END:    41.77183794975281
-
START:  BLD
END:    42.24291181564331
-
START:  BLDP
END:    42.752845764160156
-
START:  BLDR
END:    43.29105472564697
-
START:  BLFS
END:    43.82068347930908
-
START:  BLK
END:    44.28614330291748
-
START:  BLL
END:    44.992506980895996
-
START:  BLNK
END:    45.323158740997314
-
START:  BMI
END:    45.87062644958496
-
START:  BOOT
END:    46.34381604194641
-
START:  BOTZ
END:    46.59798312187195
-
START:  BR
END:    46.98889684677124
-
START:  BRKR
END:    47.543771743774414
-
START:  BRKS
Not Found: No data found, symbol may be delisted
START:  BRO
END:    48.15347242355347
-
START:  BURL
END:    48.591349601745605
-
START:  BX
END:    48.98908829689026
-
START:  CABO
END:    49.49434733390808
-
START:  CACI
END:    49.94027781486511
-
START:  CALX
END:    50.32407593727112
-
START:  CAMT
END:    50.80797505378723
-
START:  CAR
END:    51.27045011520386
-
START:  CBRE
END:    51.85343289375305
-
START:  CBSH
END:    52.313353061676025
-
START:  CBZ
END:    52.8533136844635
-
START:  CCOI
END:    53.30506086349487
-
START:  CCS
END:    53.60274839401245
-
START:  CDMO
END:    53.999703884124756
-
START:  CDNA
END:    54.358267307281494
-
START:  CDNS
END:    55.07880210876465
-
START:  CDW
END:    55.62321591377258
-
START:  CELH
END:    55.98651623725891
-
START:  CGNX
END:    56.452173709869385
-
START:  CHD
END:    57.12270712852478
-
START:  CHDN
END:    57.64543437957764
-
START:  CHE
END:    58.1031231880188
-
START:  CHGG
END:    58.51898956298828
-
START:  CHH
END:    59.259337425231934
-
START:  CHKP
END:    59.65816807746887
-
START:  CHTR
END:    60.13239240646362
-
START:  CIEN
END:    60.604233503341675
-
START:  CLAR
END:    61.206827878952026
-
START:  CLFD
END:    61.65831470489502
-
START:  CLGN
END:    61.87188720703125
-
START:  CLNE
END:    62.4546594619751
-
START:  CLPT
END:    62.76679825782776
-
START:  CLX
END:    63.248783826828
-
START:  CMCSA
END:    63.91394567489624
-
START:  CMG
END:    64.48212385177612
-
START:  CMS
END:    65.01686930656433
-
START:  CNC
END:    65.64582633972168
-
START:  CNI
END:    66.27172875404358
-
START:  CNMD
END:    66.71520495414734
-
START:  CNS
END:    67.11663937568665
-
START:  CNXN
END:    67.84348225593567
-
START:  COO
END:    68.33839011192322
-
START:  COST
END:    69.07333302497864
-
START:  COUP
END:    69.3777289390564
-
START:  COWN
END:    69.9740514755249
-
START:  CP
END:    70.48094272613525
-
START:  CPK
END:    70.96843314170837
-
START:  CPRT
END:    71.39627408981323
-
START:  CPSH
END:    71.86902046203613
-
START:  CRAI
END:    72.48159956932068
-
START:  CREE
Not Found: No data found, symbol may be delisted
START:  CRL
END:    73.10571718215942
-
START:  CRM
END:    73.52071189880371
-
START:  CRMT
END:    73.94276356697083
-
START:  CROX
END:    74.31545639038086
-
START:  CRSP
END:    74.58533430099487
-
START:  CRVL
END:    75.04799747467041
-
START:  CSGP
END:    75.59013795852661
-
START:  CSL
END:    76.10197138786316
-
START:  CSWI
END:    76.38118410110474
-
START:  CSX
END:    77.18905544281006
-
START:  CTAS
END:    77.63181161880493
-
START:  CTLT
END:    78.17604732513428
-
START:  CTRN
END:    78.68864488601685
-
START:  CURE
END:    79.02466011047363
-
START:  CVCO
END:    79.48742604255676
-
START:  CVNA
END:    79.75722479820251
-
START:  CWST
END:    80.27604150772095
-
START:  CWT
END:    80.91424036026001
-
START:  CXSE
END:    81.34316182136536
-
START:  CYBR
END:    81.63702702522278
-
START:  CYRX
END:    82.0071759223938
-
START:  CYTK
END:    82.39208650588989
-
START:  DAC
END:    82.82538676261902
-
START:  DAR
END:    83.2383189201355
-
START:  DAVA
END:    83.52999925613403
-
START:  DDS
END:    83.97714424133301
-
START:  DE
END:    84.50660586357117
-
START:  DECK
END:    85.10328078269958
-
START:  DELL
END:    85.61757135391235
-
START:  DFIN
END:    85.97189545631409
-
START:  DG
END:    86.32623887062073
-
START:  DGRW
END:    86.7896466255188
-
START:  DHI
END:    87.30247783660889
-
START:  DHR
END:    87.76008796691895
-
START:  DIA
END:    88.4022216796875
-
START:  DIOD
END:    88.8470447063446
-
START:  DIS
END:    89.34109449386597
-
START:  DKS
END:    90.04342126846313
-
START:  DLN
END:    90.59111070632935
-
START:  DNLI
END:    90.93843507766724
-
START:  DOMO
END:    91.23248076438904
-
START:  DOV
END:    92.01367473602295
-
START:  DPZ
END:    92.61390471458435
-
START:  DQ
END:    93.08315777778625
-
START:  DRD
END:    93.54938650131226
-
START:  DRIO
END:    93.78425908088684
-
START:  DRNA
Not Found: No data found, symbol may be delisted
START:  DSGX
END:    94.36869931221008
-
START:  DVAX
END:    94.73000884056091
-
START:  DXCM
END:    95.39756679534912
-
START:  ECL
END:    95.9183394908905
-
START:  EFX
END:    96.42652654647827
-
START:  EGAN
END:    96.92572093009949
-
START:  EHC
END:    97.70779180526733
-
START:  EL
END:    98.18745827674866
-
START:  ENPH
END:    98.54889512062073
-
START:  ENSG
END:    99.2516417503357
-
START:  ENTG
END:    99.85042786598206
-
START:  ENV
END:    100.1815037727356
-
START:  EPAM
END:    100.51246047019958
-
START:  ERIE
END:    101.16952729225159
-
START:  ES
END:    101.91169619560242
-
START:  ESE
END:    102.378347158432
-
START:  ETN
END:    103.13690042495728
-
START:  ETSY
END:    103.44863843917847
-
START:  EVBG
END:    103.6651086807251
-
START:  EVTC
END:    104.06149792671204
-
START:  EW
END:    104.47113609313965
-
START:  EWT
END:    105.10248279571533
-
START:  EXAS
END:    105.78942370414734
-
START:  EXLS
END:    106.1773898601532
-
START:  EXPD
END:    106.65703797340393
-
START:  EXPI
END:    106.85862469673157
-
START:  EXPO
END:    107.47096037864685
-
START:  FAST
END:    108.11836767196655
-
START:  FATE
END:    108.69284868240356
-
START:  FB
END:    109.14762663841248
-
START:  FCN
END:    109.61217856407166
-
START:  FCX
END:    110.11188840866089
-
START:  FDN
END:    110.46941328048706
-
START:  FDS
END:    110.93560576438904
-
START:  FELE
END:    111.62436318397522
-
START:  FFIN
END:    112.30130195617676
-
START:  FICO
END:    113.0291051864624
-
START:  FINX
END:    113.36882448196411
-
START:  FIS
END:    113.83631348609924
-
START:  FISV
END:    114.26302933692932
-
START:  FIVE
END:    114.71477723121643
-
START:  FIVN
END:    115.05818605422974
-
START:  FLGT
END:    115.33737087249756
-
START:  FLT
END:    115.70239639282227
-
START:  FLWS
END:    116.11059617996216
-
START:  FN
END:    116.43311953544617
-
START:  FND
END:    116.6867196559906
-
START:  FNV
END:    117.06824135780334
-
START:  FORM
END:    117.5293345451355
-
START:  FOXF
END:    117.81607699394226
-
START:  FPX
END:    118.24223208427429
-
START:  FRC
END:    118.57013273239136
-
START:  FRHC
END:    118.84361982345581
-
START:  FRPT
END:    119.1256411075592
-
START:  FSS
END:    119.6256263256073
-
START:  FTNT
END:    120.10765552520752
-
START:  FUV
END:    120.40273356437683
-
START:  GDEN
END:    120.83446383476257
-
START:  GFI
END:    121.37489557266235
-
START:  GGG
END:    121.94300675392151
-
START:  GIB
END:    122.38858246803284
-
START:  GLDD
END:    122.86815047264099
-
START:  GLOB
END:    123.14822673797607
-
START:  GMAB
END:    123.63167524337769
-
START:  GME
END:    124.12810850143433
-
START:  GMED
END:    124.42565560340881
-
START:  GNRC
END:    124.89138555526733
-
START:  GNSS
END:    125.37256217002869
-
START:  GNTX
END:    125.84111714363098
-
START:  GOLF
END:    126.08933758735657
-
START:  GOOG
END:    126.50899028778076
-
START:  GOOGL
END:    126.87832474708557
-
START:  GPI
END:    127.32257223129272
-
START:  GPN
END:    127.80765390396118
-
START:  GRBK
END:    128.1671962738037
-
START:  GRMN
END:    128.62537217140198
-
START:  GRVY
END:    129.26434230804443
-
START:  GRWG
END:    129.47956371307373
-
START:  GWRE
END:    129.79605960845947
-
START:  HACK
END:    130.14462280273438
-
START:  HALO
END:    130.63386130332947
-
START:  HCI
END:    131.0333616733551
-
START:  HD
END:    131.573322057724
-
START:  HEI
END:    132.0771553516388
-
START:  HELE
END:    132.51781344413757
-
START:  HIBB
END:    133.2776918411255
-
START:  HLI
END:    133.5467336177826
-
START:  HLT
END:    133.84529614448547
-
START:  HOLX
END:    134.27354526519775
-
START:  HON
END:    134.8624370098114
-
START:  HOV
END:    135.25962114334106
-
START:  HRC
Not Found: No data found, symbol may be delisted
START:  HRI
END:    135.8914999961853
-
START:  HSKA
END:    136.3359842300415
-
START:  HTHT
END:    136.8071985244751
-
START:  HUBS
END:    137.13821291923523
-
START:  HUM
END:    137.78016996383667
-
START:  HZNP
END:    138.25187397003174
-
START:  IAC
END:    138.71737122535706
-
START:  IBP
END:    139.14214205741882
-
START:  ICE
END:    139.57198429107666
-
START:  ICLN
END:    139.92002391815186
-
START:  ICLR
END:    140.38270592689514
-
START:  IDT
END:    140.83444046974182
-
START:  IDXX
END:    141.4168827533722
-
START:  IESC
END:    141.8751802444458
-
START:  IEX
END:    142.52578735351562
-
START:  ILMN
END:    142.95562291145325
-
START:  INFO
Not Found: No data found, symbol may be delisted
START:  INOV
Not Found: No data found, symbol may be delisted
START:  INSP
END:    143.46779990196228
-
START:  INTC
END:    144.18944430351257
-
START:  INTU
END:    144.64250779151917
-
START:  INTZ
END:    145.12324905395508
-
START:  INVE
END:    145.52711749076843
-
START:  IOO
END:    145.99877882003784
-
START:  IQV
END:    146.3367040157318
-
START:  IRDM
END:    146.65857195854187
-
START:  IRMD
END:    146.9427387714386
-
START:  ISEE
END:    147.21910738945007
-
START:  ISRG
END:    147.9270052909851
-
START:  IT
END:    148.35450434684753
-
START:  ITT
END:    148.84490418434143
-
START:  ITW
END:    149.3618083000183
-
START:  IVOG
END:    149.73453521728516
-
START:  IVV
END:    150.24929022789001
-
START:  IXJ
END:    150.7498197555542
-
START:  IXN
END:    151.18343305587769
-
START:  J
END:    151.87960362434387
-
START:  JBL
END:    152.36609029769897
-
START:  JBSS
END:    153.0235288143158
-
START:  JD
END:    153.3333978652954
-
START:  JKHY
END:    153.85694479942322
-
START:  JKS
END:    154.15901947021484
-
START:  JNJ
END:    154.71355509757996
-
START:  JOE
END:    155.20176219940186
-
START:  JOUT
END:    155.80991220474243
-
START:  JYNT
END:    156.18721079826355
-
START:  KAI
END:    156.67269015312195
-
START:  KBH
END:    157.26150918006897
-
START:  KBR
END:    157.97409987449646
-
START:  KDMN
Not Found: No data found, symbol may be delisted
START:  KEYS
END:    158.58778285980225
-
START:  KLAC
END:    159.31565952301025
-
START:  KLIC
END:    159.7641623020172
-
START:  KMX
END:    160.50133848190308
-
START:  KNSL
END:    160.8144028186798
-
START:  KOPN
END:    161.35753226280212
-
START:  KOSS
END:    161.7729938030243
-
START:  KRNT
END:    162.03168535232544
-
START:  KSU
Not Found: No data found, symbol may be delisted
START:  KTOS
END:    162.6222951412201
-
START:  LAC
END:    162.9655683040619
-
START:  LAD
END:    163.43075108528137
-
START:  LANC
END:    163.93109154701233
-
START:  LAWS
END:    164.4399552345276
-
START:  LDOS
END:    165.12083268165588
-
START:  LFMD
END:    165.70198917388916
-
START:  LGIH
END:    166.22502374649048
-
START:  LH
END:    166.7086319923401
-
START:  LHCG
END:    167.21100115776062
-
START:  LHX
END:    167.74435687065125
-
START:  LII
END:    168.26518487930298
-
START:  LIN
END:    168.72100591659546
-
START:  LINC
END:    169.07628297805786
-
START:  LIT
END:    169.46320843696594
-
START:  LLY
END:    169.96492791175842
-
START:  LMT
END:    170.49109506607056
-
START:  LNT
END:    170.99425745010376
-
START:  LOB
END:    171.3382923603058
-
START:  LOGI
END:    171.82847332954407
-
START:  LOVE
END:    172.05661034584045
-
START:  LOW
END:    172.60420560836792
-
START:  LPLA
END:    172.9953589439392
-
START:  LPSN
END:    173.4218807220459
-
START:  LQDT
END:    173.7899112701416
-
START:  LRCX
END:    174.26341676712036
-
START:  LSCC
END:    174.71204352378845
-
START:  LSTR
END:    175.36196947097778
-
START:  LULU
END:    175.74495124816895
-
START:  LUNA
END:    176.1120617389679
-
START:  MA
END:    176.69201970100403
-
START:  MANH
END:    177.11901330947876
-
START:  MANT
END:    177.58940744400024
-
START:  MARA
END:    177.89698600769043
-
START:  MASI
END:    178.27325797080994
-
START:  MATX
END:    179.05267882347107
-
START:  MBUU
END:    179.33017706871033
-
START:  MCD
END:    179.82393169403076
-
START:  MCHP
END:    180.26985573768616
-
START:  MCO
END:    180.9023687839508
-
START:  MDB
END:    181.51491284370422
-
START:  MDT
END:    182.01300311088562
-
START:  MEDP
END:    182.2520604133606
-
START:  MEDS
END:    182.49237084388733
-
START:  MELI
END:    182.88691210746765
-
START:  MGC
END:    183.2644326686859
-
START:  MGIC
END:    183.7514386177063
-
START:  MGK
END:    184.15008020401
-
START:  MGNI
END:    184.45284032821655
-
START:  MHO
END:    184.97117590904236
-
START:  MIME
END:    185.32680249214172
-
START:  MITK
END:    185.73222541809082
-
START:  MKC
END:    186.28877925872803
-
START:  MKSI
END:    186.91694808006287
-
START:  MKTX
END:    187.31334567070007
-
START:  MLAB
END:    187.78131818771362
-
START:  MLR
END:    188.39875102043152
-
START:  MMC
END:    188.8547203540802
-
START:  MMS
END:    189.31468558311462
-
START:  MNMD
END:    189.629802942276
-
START:  MNST
END:    190.0450234413147
-
START:  MODN
END:    190.45465874671936
-
START:  MODV
END:    190.97612833976746
-
START:  MOH
END:    191.58533215522766
-
START:  MORN
END:    192.27883744239807
-
START:  MPWR
END:    192.86637020111084
-
START:  MRTX
END:    193.16428899765015
-
START:  MRVL
END:    193.73472714424133
-
START:  MS
END:    194.17126750946045
-
START:  MSA
END:    194.64184832572937
-
START:  MSCI
END:    195.042809009552
-
START:  MSEX
END:    195.51373672485352
-
START:  MSFT
END:    196.15184092521667
-
START:  MSI
END:    196.69365429878235
-
START:  MSTR
END:    197.17128825187683
-
START:  MTBC
END:    197.52143502235413
-
START:  MTCH
END:    198.14408779144287
-
START:  MTD
END:    198.58944988250732
-
START:  MTEX
END:    199.2381570339203
-
START:  MTH
END:    199.67932558059692
-
START:  MTLS
END:    200.1070840358734
-
START:  MTSI
END:    200.4732780456543
-
START:  MU
END:    201.01304411888123
-
START:  MUSA
END:    201.30409836769104
-
START:  MVIS
END:    201.77488136291504
-
START:  MXL
END:    202.07935976982117
-
START:  MYRG
END:    202.40110898017883
-
START:  NBIX
END:    202.9412136077881
-
START:  NCBS
END:    203.23372769355774
-
START:  NDAQ
END:    203.68983340263367
-
START:  NDSN
END:    204.152827501297
-
START:  NEE
END:    204.66745567321777
-
START:  NEO
END:    205.05988121032715
-
START:  NEOG
END:    205.47499895095825
-
START:  NFLX
END:    205.94116806983948
-
START:  NICE
END:    206.34639930725098
-
START:  NISN
END:    206.57938957214355
-
START:  NKE
END:    207.29985761642456
-
START:  NOVT
END:    207.76799130439758
-
START:  NOW
END:    208.3144040107727
-
START:  NSC
END:    208.81797885894775
-
START:  NSIT
END:    209.24405980110168
-
START:  NSSC
END:    209.65848994255066
-
START:  NSTG
END:    209.93751740455627
-
START:  NTLA
END:    210.29363584518433
-
START:  NTRA
END:    210.54661560058594
-
START:  NUAN
END:    211.00383186340332
-
START:  NVCR
END:    211.37984585762024
-
START:  NVDA
END:    211.94188618659973
-
START:  NVMI
END:    212.36034893989563
-
START:  NVO
END:    212.8043086528778
-
START:  NVR
END:    213.54993295669556
-
START:  NXST
END:    214.0181064605713
-
START:  NYT
END:    214.55568647384644
-
START:  OBCI
END:    215.13731002807617
-
START:  ODFL
END:    215.58567905426025
-
START:  OEF
END:    216.03766441345215
-
START:  OFLX
END:    216.46622705459595
-
START:  OLED
END:    216.97001695632935
-
START:  OMCL
END:    217.52919602394104
-
START:  ON
END:    217.9696204662323
-
START:  OOMA
END:    218.2630410194397
-
START:  OPRX
END:    218.60315799713135
-
START:  ORA
END:    219.05032801628113
-
START:  ORCL
END:    219.54312252998352
-
START:  ORLY
END:    219.97530889511108
-
START:  ORMP
END:    220.38389992713928
-
START:  OTEX
END:    220.9876525402069
-
START:  PACB
END:    221.33029699325562
-
START:  PAG
END:    221.93937039375305
-
START:  PANW
END:    222.39340043067932
-
START:  PAR
END:    222.8560540676117
-
START:  PAYC
END:    223.22246599197388
-
START:  PAYX
END:    223.75432538986206
-
START:  PBD
END:    224.2620666027069
-
START:  PCTY
END:    224.55374598503113
-
START:  PEGA
END:    225.19240355491638
-
START:  PEN
END:    225.46441984176636
-
START:  PENN
END:    225.90323972702026
-
START:  PEP
END:    226.82680988311768
-
START:  PERI
END:    227.41848278045654
-
START:  PFSI
END:    227.83872509002686
-
START:  PGR
END:    228.31098318099976
-
START:  PH
END:    228.80781435966492
-
START:  PHM
END:    229.4007284641266
-
START:  PKI
END:    229.92864966392517
-
START:  PLL
END:    230.1889135837555
-
START:  PLNT
END:    230.55238795280457
-
START:  PLUG
END:    231.1914746761322
-
START:  PLXS
END:    231.66076946258545
-
START:  PODD
END:    232.00177121162415
-
START:  POOL
END:    232.4563500881195
-
START:  POWI
END:    232.944965839386
-
START:  PRFT
END:    233.38426184654236
-
START:  PRI
END:    233.7303729057312
-
START:  PRTA
END:    234.05527710914612
-
START:  PRTS
END:    234.65531277656555
-
START:  PTSI
END:    235.05139589309692
-
START:  PWR
END:    235.49487113952637
-
START:  PYPL
END:    235.84495425224304
-
START:  QADA
Not Found: No data found, symbol may be delisted
START:  QCLN
END:    236.49516892433167
-
START:  QDEL
END:    236.93087029457092
-
START:  QGEN
END:    237.5553059577942
-
START:  QLYS
END:    237.83756065368652
-
START:  QQQ
END:    238.4949972629547
-
START:  QRVO
END:    238.90244340896606
-
START:  QTWO
END:    239.26361536979675
-
START:  RADA
END:    239.74703741073608
-
START:  RAMP
END:    240.19103360176086
-
START:  RBA
END:    240.67581462860107
-
START:  RCII
END:    241.22360110282898
-
START:  RCKY
END:    241.73846530914307
-
START:  RDNT
END:    242.15000319480896
-
START:  RDVT
END:    242.42534518241882
-
START:  RDWR
END:    242.95120429992676
-
START:  REGI
END:    243.368417263031
-
START:  RENN
END:    243.69059324264526
-
START:  RGEN
END:    244.16585779190063
-
START:  RH
END:    244.49703431129456
-
START:  RILY
END:    245.0300440788269
-
START:  RIOT
END:    245.31522727012634
-
START:  RLI
END:    245.94506120681763
-
START:  RLMD
END:    246.22169399261475
-
START:  RMD
END:    246.84668254852295
-
START:  RNG
END:    247.130610704422
-
START:  ROBO
END:    247.42947506904602
-
START:  ROCK
END:    247.92601203918457
-
START:  ROK
END:    248.6390197277069
-
START:  ROKU
END:    248.85529375076294
-
START:  ROL
END:    249.52243328094482
-
START:  ROP
END:    250.02937936782837
-
START:  ROST
END:    250.51496577262878
-
START:  RPD
END:    250.7721128463745
-
START:  RPM
END:    251.22716307640076
-
START:  RSG
END:    251.8647084236145
-
START:  RTH
END:    252.48052144050598
-
START:  RUN
END:    252.73173761367798
-
START:  RXI
END:    253.25386762619019
-
START:  SAIA
END:    253.8600673675537
-
START:  SAIC
END:    254.3031041622162
-
START:  SAM
END:    254.80714964866638
-
START:  SAVA
END:    255.24105668067932
-
START:  SCI
END:    255.70985555648804
-
START:  SCL
END:    256.18771171569824
-
START:  SE
END:    256.5273902416229
-
START:  SEAS
END:    256.89692664146423
-
START:  SEDG
END:    257.17009115219116
-
START:  SFBS
END:    257.5482003688812
-
START:  SGEN
END:    258.0349123477936
-
START:  SGMS
Not Found: No data found, symbol may be delisted
START:  SGRY
END:    258.5123550891876
-
START:  SHOP
END:    258.86763048171997
-
START:  SHW
END:    259.5419821739197
-
START:  SHYF
END:    260.18219566345215
-
START:  SITE
END:    260.48064708709717
-
START:  SIVB
END:    260.9282705783844
-
START:  SJW
END:    261.7026364803314
-
START:  SKY
END:    262.19643545150757
-
START:  SLAB
END:    262.6396155357361
-
START:  SLP
END:    263.0827794075012
-
START:  SMH
END:    263.6898684501648
-
START:  SMTC
END:    264.13052105903625
-
START:  SNAP
END:    264.35952258110046
-
START:  SNPS
END:    264.79666543006897
-
START:  SOCL
END:    265.14118814468384
-
START:  SOXL
END:    265.69618940353394
-
START:  SPGI
END:    266.4812436103821
-
START:  SPLG
END:    266.8829927444458
-
START:  SPLK
END:    267.2765817642212
-
START:  SPNS
END:    267.8748815059662
-
START:  SPSC
END:    268.3827028274536
-
START:  SPTM
END:    268.8329887390137
-
START:  SPWH
END:    269.2857184410095
-
START:  SPWR
END:    269.7717854976654
-
START:  SPXC
END:    270.2864553928375
-
START:  SPXL
END:    270.64665508270264
-
START:  SPY
END:    271.1087338924408
-
START:  SPYG
END:    271.7269959449768
-
START:  SQ
END:    272.07813358306885
-
START:  SSD
END:    272.72763109207153
-
START:  SSNC
END:    273.1411135196686
-
START:  SSTK
END:    273.5610764026642
-
START:  STAA
END:    274.17050290107727
-
START:  STE
END:    274.69682025909424
-
START:  SUSA
END:    275.2161681652069
-
START:  SYK
END:    275.70245814323425
-
START:  SYNA
END:    276.18785285949707
-
START:  TBBK
END:    276.7349462509155
-
START:  TBK
END:    277.1168794631958
-
START:  TDG
END:    277.67823791503906
-
START:  TDOC
END:    277.9602863788605
-
START:  TDY
END:    278.5583827495575
-
START:  TEAM
END:    278.9237163066864
-
START:  TECH
END:    279.4079039096832
-
START:  TECL
END:    279.80965781211853
-
START:  TER
END:    280.53519439697266
-
START:  TFX
END:    281.022253036499
-
START:  TGH
END:    281.39816403388977
-
START:  TGLS
END:    281.8297026157379
-
START:  TGT
END:    282.3120701313019
-
START:  TGTX
END:    282.64745903015137
-
START:  THC
END:    283.27236557006836
-
START:  TJX
END:    283.7498269081116
-
START:  TMO
END:    284.20614790916443
-
START:  TMUS
END:    284.69704365730286
-
START:  TNDM
END:    284.9713468551636
-
START:  TNET
END:    285.30493927001953
-
START:  TPX
END:    286.05097675323486
-
START:  TREX
END:    286.4609122276306
-
START:  TRI
END:    286.9371392726898
-
START:  TRIL
Not Found: No data found, symbol may be delisted
START:  TRMB
END:    287.6034257411957
-
START:  TRNS
END:    288.08976578712463
-
START:  TROW
END:    288.6657290458679
-
START:  TRU
END:    289.12141370773315
-
START:  TRUP
END:    289.3916480541229
-
START:  TSCO
END:    289.8335032463074
-
START:  TSLA
END:    290.14666080474854
-
START:  TSM
END:    290.9158036708832
-
START:  TT
END:    291.60499119758606
-
START:  TTC
END:    292.27881598472595
-
START:  TTD
END:    292.6048002243042
-
START:  TTEC
END:    293.1816463470459
-
START:  TTEK
END:    293.8010787963867
-
START:  TTGT
END:    294.289439201355
-
START:  TTWO
END:    294.76196813583374
-
START:  TWLO
END:    295.0066294670105
-
START:  TXN
END:    295.7296259403229
-
START:  TYL
END:    296.13347578048706
-
START:  UCTT
END:    296.7775557041168
-
START:  UFPI
END:    297.26640820503235
-
START:  UFPT
END:    297.73945474624634
-
START:  UI
END:    298.2932834625244
-
START:  UMC
END:    298.80558252334595
-
START:  UNF
END:    299.3083996772766
-
START:  UNH
END:    299.9656012058258
-
START:  UNP
END:    300.64787197113037
-
START:  UPLD
END:    301.1027421951294
-
START:  URI
END:    301.8342475891113
-
START:  V
END:    302.22688245773315
-
START:  VALU
END:    302.7565143108368
-
START:  VBK
END:    303.5102164745331
-
START:  VCEL
END:    303.8991253376007
-
START:  VCR
END:    304.61410212516785
-
START:  VCTR
END:    304.881644487381
-
START:  VCYT
END:    305.2225103378296
-
START:  VDC
END:    305.82448148727417
-
START:  VEEV
END:    306.18009400367737
-
START:  VERU
END:    306.6004812717438
-
START:  VGT
END:    307.0683093070984
-
START:  VHT
END:    307.6660647392273
-
START:  VIAV
END:    308.4150333404541
-
START:  VICR
END:    308.8576862812042
-
START:  VIG
END:    309.33581018447876
-
START:  VO
END:    309.7980306148529
-
START:  VONE
END:    310.36810851097107
-
START:  VONG
END:    310.94984197616577
-
START:  VOO
END:    311.45297622680664
-
START:  VOOG
END:    311.8410451412201
-
START:  VOOV
END:    312.18022203445435
-
START:  VOT
END:    312.8233640193939
-
START:  VPU
END:    313.31993436813354
-
START:  VRNS
END:    313.731858253479
-
START:  VRSK
END:    314.086110830307
-
START:  VRSN
END:    314.68127036094666
-
START:  VRTV
END:    314.9515564441681
-
START:  VSTO
END:    315.21293330192566
-
START:  VTHR
END:    315.568452835083
-
START:  VTI
END:    316.05017471313477
-
START:  VTNR
END:    316.5009500980377
-
START:  VTWG
END:    316.8347840309143
-
START:  VUG
END:    317.3040883541107
-
START:  VV
END:    317.74792098999023
-
START:  VXF
END:    318.4088394641876
-
START:  WCN
END:    319.04033851623535
-
START:  WD
END:    319.42807269096375
-
START:  WDAY
END:    319.91119170188904
-
START:  WDFC
END:    320.5059549808502
-
START:  WEC
END:    320.98742842674255
-
START:  WEN
END:    321.6591544151306
-
START:  WINA
END:    322.09018659591675
-
START:  WING
END:    322.5013475418091
-
START:  WIRE
END:    322.9833788871765
-
START:  WIX
END:    323.25183939933777
-
START:  WK
END:    323.50942969322205
-
START:  WLTW
Not Found: No data found, symbol may be delisted
START:  WM
END:    324.16135144233704
-
START:  WMS
END:    324.45048570632935
-
START:  WNS
END:    324.900563955307
-
START:  WRB
END:    325.4856810569763
-
START:  WSC
END:    325.8557984828949
-
START:  WSM
END:    326.29656171798706
-
START:  WST
END:    326.90986800193787
-
START:  WTRG
END:    327.4137840270996
-
START:  WTS
END:    327.88614654541016
-
START:  XEL
END:    328.38388323783875
-
START:  XENE
END:    328.652889251709
-
START:  XLK
END:    329.4186999797821
-
START:  XLNX
Not Found: No data found, symbol may be delisted
START:  XLP
END:    330.02640199661255
-
START:  XLRN
Not Found: No data found, symbol may be delisted
START:  XLU
END:    330.8375840187073
-
START:  XLV
END:    331.3591060638428
-
START:  XLY
END:    331.82499504089355
-
START:  XYL
END:    332.31264066696167
-
START:  YNDX
END:    332.7659661769867
-
START:  YORW
END:    333.216490983963
-
START:  YUM
END:    333.9979190826416
-
START:  Z
END:    334.28011083602905
-
START:  ZBRA
END:    334.7198269367218
-
START:  ZEN
END:    335.0578999519348
-
START:  ZLAB
END:    335.2625803947449
-
START:  ZNGA
END:    335.57497811317444
-
START:  ZS
END:    336.0146532058716
-
START:  ZTS
END:    336.31906270980835
-
START:  ZYXI
END:    336.84714937210083
-
===========================
MACD golden cross
===========================
START:  code
START:  A
START:  AAON
START:  AAPL
START:  ABG
START:  ABT
START:  ACLS
START:  ACMR
START:  ACN
START:  ADBE
START:  ADI
START:  ADP
START:  ADSK
START:  ADUS
START:  AEE
START:  AGYS
START:  AIZ
START:  AJG
START:  AJRD
START:  ALB
START:  ALG
START:  ALGN
START:  ALLE
START:  ALTR
START:  AMAT
START:  AMBA
START:  AMD
START:  AME
START:  AMED
START:  AMEH
START:  AMGN
START:  AMN
START:  AMP
START:  AMRC
START:  AMSWA
START:  AMTX
START:  AMZN
START:  AN
START:  ANSS
START:  ANTM
START:  AON
START:  AOSL
START:  APD
START:  APH
START:  APPF
START:  APPN
START:  APPS
START:  AQN
START:  ARCB
START:  ARCT
START:  ARES
START:  ARGX
START:  ARWR
START:  ASML
START:  ASPN
START:  ATEC
START:  ATEN
START:  ATKR
START:  ATOM
START:  ATR
START:  ATRC
START:  AUDC
START:  AUPH
START:  AVAV
START:  AVGO
START:  AVID
START:  AVNW
START:  AVXL
START:  AVY
START:  AWK
START:  AWR
START:  AXON
START:  AZO
START:  AZPN
START:  BAH
START:  BAM
START:  BAX
START:  BBH
START:  BBQ
START:  BBY
START:  BCPC
START:  BDX
START:  BEEM
START:  BFAM
START:  BFC
START:  BGFV
START:  BGNE
START:  BHVN
START:  BIO
START:  BL
START:  BLD
START:  BLDP
START:  BLDR
START:  BLFS
START:  BLK
START:  BLL
START:  BLNK
START:  BMI
START:  BOOT
START:  BOTZ
START:  BR
START:  BRKR
START:  BRKS
START:  BRO
START:  BURL
START:  BX
START:  CABO
START:  CACI
START:  CALX
START:  CAMT
START:  CAR
START:  CBRE
START:  CBSH
START:  CBZ
START:  CCOI
START:  CCS
START:  CDMO
START:  CDNA
START:  CDNS
START:  CDW
START:  CELH
START:  CGNX
START:  CHD
START:  CHDN
START:  CHE
START:  CHGG
START:  CHH
START:  CHKP
START:  CHTR
START:  CIEN
START:  CLAR
START:  CLFD
START:  CLGN
START:  CLNE
START:  CLPT
START:  CLX
START:  CMCSA
START:  CMG
START:  CMS
START:  CNC
START:  CNI
START:  CNMD
START:  CNS
START:  CNXN
START:  COO
START:  COST
START:  COUP
START:  COWN
START:  CP
START:  CPK
START:  CPRT
START:  CPSH
START:  CRAI
START:  CREE
START:  CRL
START:  CRM
START:  CRMT
START:  CROX
START:  CRSP
START:  CRVL
START:  CSGP
START:  CSL
START:  CSWI
START:  CSX
START:  CTAS
START:  CTLT
START:  CTRN
START:  CURE
START:  CVCO
START:  CVNA
START:  CWST
START:  CWT
START:  CXSE
START:  CYBR
START:  CYRX
START:  CYTK
START:  DAC
START:  DAR
START:  DAVA
START:  DDS
START:  DE
START:  DECK
START:  DELL
START:  DFIN
START:  DG
START:  DGRW
START:  DHI
START:  DHR
START:  DIA
START:  DIOD
START:  DIS
START:  DKS
START:  DLN
START:  DNLI
START:  DOMO
START:  DOV
START:  DPZ
START:  DQ
START:  DRD
START:  DRIO
START:  DRNA
START:  DSGX
START:  DVAX
START:  DXCM
START:  ECL
START:  EFX
START:  EGAN
START:  EHC
START:  EL
START:  ENPH
START:  ENSG
START:  ENTG
START:  ENV
START:  EPAM
START:  ERIE
START:  ES
START:  ESE
START:  ETN
START:  ETSY
START:  EVBG
START:  EVTC
START:  EW
START:  EWT
START:  EXAS
START:  EXLS
START:  EXPD
START:  EXPI
START:  EXPO
START:  FAST
START:  FATE
START:  FB
START:  FCN
START:  FCX
START:  FDN
START:  FDS
START:  FELE
START:  FFIN
START:  FICO
START:  FINX
START:  FIS
START:  FISV
START:  FIVE
START:  FIVN
START:  FLGT
START:  FLT
START:  FLWS
START:  FN
START:  FND
START:  FNV
START:  FORM
START:  FOXF
START:  FPX
START:  FRC
START:  FRHC
START:  FRPT
START:  FSS
START:  FTNT
START:  FUV
START:  GDEN
START:  GFI
START:  GGG
START:  GIB
START:  GLDD
START:  GLOB
START:  GMAB
START:  GME
START:  GMED
START:  GNRC
START:  GNSS
START:  GNTX
START:  GOLF
START:  GOOG
START:  GOOGL
START:  GPI
START:  GPN
START:  GRBK
START:  GRMN
START:  GRVY
START:  GRWG
START:  GWRE
START:  HACK
START:  HALO
START:  HCI
START:  HD
START:  HEI
START:  HELE
START:  HIBB
START:  HLI
START:  HLT
START:  HOLX
START:  HON
START:  HOV
START:  HRC
START:  HRI
START:  HSKA
START:  HTHT
START:  HUBS
START:  HUM
START:  HZNP
START:  IAC
START:  IBP
START:  ICE
START:  ICLN
START:  ICLR
START:  IDT
START:  IDXX
START:  IESC
START:  IEX
START:  ILMN
START:  INFO
START:  INOV
START:  INSP
START:  INTC
START:  INTU
START:  INTZ
START:  INVE
START:  IOO
START:  IQV
START:  IRDM
START:  IRMD
START:  ISEE
START:  ISRG
START:  IT
START:  ITT
START:  ITW
START:  IVOG
START:  IVV
START:  IXJ
START:  IXN
START:  J
START:  JBL
START:  JBSS
START:  JD
START:  JKHY
START:  JKS
START:  JNJ
START:  JOE
START:  JOUT
START:  JYNT
START:  KAI
START:  KBH
START:  KBR
START:  KDMN
START:  KEYS
START:  KLAC
START:  KLIC
START:  KMX
START:  KNSL
START:  KOPN
START:  KOSS
START:  KRNT
START:  KSU
START:  KTOS
START:  LAC
START:  LAD
START:  LANC
START:  LAWS
START:  LDOS
START:  LFMD
START:  LGIH
START:  LH
START:  LHCG
START:  LHX
START:  LII
START:  LIN
START:  LINC
START:  LIT
START:  LLY
START:  LMT
START:  LNT
START:  LOB
START:  LOGI
START:  LOVE
START:  LOW
START:  LPLA
START:  LPSN
START:  LQDT
START:  LRCX
START:  LSCC
START:  LSTR
START:  LULU
START:  LUNA
START:  MA
START:  MANH
START:  MANT
START:  MARA
START:  MASI
START:  MATX
START:  MBUU
START:  MCD
START:  MCHP
START:  MCO
START:  MDB
START:  MDT
START:  MEDP
START:  MEDS
START:  MELI
START:  MGC
START:  MGIC
START:  MGK
START:  MGNI
START:  MHO
START:  MIME
START:  MITK
START:  MKC
START:  MKSI
START:  MKTX
START:  MLAB
START:  MLR
START:  MMC
START:  MMS
START:  MNMD
START:  MNST
START:  MODN
START:  MODV
START:  MOH
START:  MORN
START:  MPWR
START:  MRTX
START:  MRVL
START:  MS
START:  MSA
START:  MSCI
START:  MSEX
START:  MSFT
START:  MSI
START:  MSTR
START:  MTBC
START:  MTCH
START:  MTD
START:  MTEX
START:  MTH
START:  MTLS
START:  MTSI
START:  MU
START:  MUSA
START:  MVIS
START:  MXL
START:  MYRG
START:  NBIX
START:  NCBS
START:  NDAQ
START:  NDSN
START:  NEE
START:  NEO
START:  NEOG
START:  NFLX
START:  NICE
START:  NISN
START:  NKE
START:  NOVT
START:  NOW
START:  NSC
START:  NSIT
START:  NSSC
START:  NSTG
START:  NTLA
START:  NTRA
START:  NUAN
START:  NVCR
START:  NVDA
START:  NVMI
START:  NVO
START:  NVR
START:  NXST
START:  NYT
START:  OBCI
START:  ODFL
START:  OEF
START:  OFLX
START:  OLED
START:  OMCL
START:  ON
START:  OOMA
START:  OPRX
START:  ORA
START:  ORCL
START:  ORLY
START:  ORMP
START:  OTEX
START:  PACB
START:  PAG
START:  PANW
START:  PAR
START:  PAYC
START:  PAYX
START:  PBD
START:  PCTY
START:  PEGA
START:  PEN
START:  PENN
START:  PEP
START:  PERI
START:  PFSI
START:  PGR
START:  PH
START:  PHM
START:  PKI
START:  PLL
START:  PLNT
START:  PLUG
START:  PLXS
START:  PODD
START:  POOL
START:  POWI
START:  PRFT
START:  PRI
START:  PRTA
START:  PRTS
START:  PTSI
START:  PWR
START:  PYPL
START:  QADA
START:  QCLN
START:  QDEL
START:  QGEN
START:  QLYS
START:  QQQ
START:  QRVO
START:  QTWO
START:  RADA
START:  RAMP
START:  RBA
START:  RCII
START:  RCKY
START:  RDNT
START:  RDVT
START:  RDWR
START:  REGI
START:  RENN
START:  RGEN
START:  RH
START:  RILY
START:  RIOT
START:  RLI
START:  RLMD
START:  RMD
START:  RNG
START:  ROBO
START:  ROCK
START:  ROK
START:  ROKU
START:  ROL
START:  ROP
START:  ROST
START:  RPD
START:  RPM
START:  RSG
START:  RTH
START:  RUN
START:  RXI
START:  SAIA
START:  SAIC
START:  SAM
START:  SAVA
START:  SCI
START:  SCL
START:  SE
START:  SEAS
START:  SEDG
START:  SFBS
START:  SGEN
START:  SGMS
START:  SGRY
START:  SHOP
START:  SHW
START:  SHYF
START:  SITE
START:  SIVB
START:  SJW
START:  SKY
START:  SLAB
START:  SLP
START:  SMH
START:  SMTC
START:  SNAP
START:  SNPS
START:  SOCL
START:  SOXL
START:  SPGI
START:  SPLG
START:  SPLK
START:  SPNS
START:  SPSC
START:  SPTM
START:  SPWH
START:  SPWR
START:  SPXC
START:  SPXL
START:  SPY
START:  SPYG
START:  SQ
START:  SSD
START:  SSNC
START:  SSTK
START:  STAA
START:  STE
START:  SUSA
START:  SYK
START:  SYNA
START:  TBBK
START:  TBK
START:  TDG
START:  TDOC
START:  TDY
START:  TEAM
START:  TECH
START:  TECL
START:  TER
START:  TFX
START:  TGH
START:  TGLS
START:  TGT
START:  TGTX
START:  THC
START:  TJX
START:  TMO
START:  TMUS
START:  TNDM
START:  TNET
START:  TPX
START:  TREX
START:  TRI
START:  TRIL
START:  TRMB
START:  TRNS
START:  TROW
START:  TRU
START:  TRUP
START:  TSCO
START:  TSLA
START:  TSM
START:  TT
START:  TTC
START:  TTD
START:  TTEC
START:  TTEK
START:  TTGT
START:  TTWO
START:  TWLO
START:  TXN
START:  TYL
START:  UCTT
START:  UFPI
START:  UFPT
START:  UI
START:  UMC
START:  UNF
START:  UNH
START:  UNP
START:  UPLD
START:  URI
START:  V
START:  VALU
START:  VBK
START:  VCEL
START:  VCR
START:  VCTR
START:  VCYT
START:  VDC
START:  VEEV
START:  VERU
START:  VGT
START:  VHT
START:  VIAV
START:  VICR
START:  VIG
START:  VO
START:  VONE
START:  VONG
START:  VOO
START:  VOOG
START:  VOOV
START:  VOT
START:  VPU
START:  VRNS
START:  VRSK
START:  VRSN
START:  VRTV
START:  VSTO
START:  VTHR
START:  VTI
START:  VTNR
START:  VTWG
START:  VUG
START:  VV
START:  VXF
START:  WCN
START:  WD
START:  WDAY
START:  WDFC
START:  WEC
START:  WEN
START:  WINA
START:  WING
START:  WIRE
START:  WIX
START:  WK
START:  WLTW
START:  WM
START:  WMS
START:  WNS
START:  WRB
START:  WSC
START:  WSM
START:  WST
START:  WTRG
START:  WTS
START:  XEL
START:  XENE
START:  XLK
START:  XLNX
START:  XLP
START:  XLRN
START:  XLU
START:  XLV
START:  XLY
START:  XYL
START:  YNDX
START:  YORW
START:  YUM
START:  Z
START:  ZBRA
START:  ZEN
START:  ZLAB
START:  ZNGA
START:  ZS
START:  ZTS
START:  ZYXI
==== MACD golden cross ====
None
code: CACI     day: macd + hist + hist_1pre + ,  Week: macd + hist + hist_1pre - , Month: macd + hist + hist_1pre - , 
Trade --> code: CACI   BUY: 2004-11-30   62.13 SELL: 2007-02-28   46.50  macd:   -0.57 macd_count:  27 profit:  0.75
Trade --> code: CACI   BUY: 2010-02-28   49.56 SELL: 2010-06-30   42.48  macd:   -0.12 macd_count:   4 profit:  0.86
Trade --> code: CACI   BUY: 2010-11-30   50.33 SELL: 2012-11-30   51.15  macd:   -0.16 macd_count:  24 profit:  1.02
Trade --> code: CACI   BUY: 2013-03-31   57.87 SELL: 2022-07-31  287.19  macd:   13.70 macd_count: 113 profit:  4.96

code: CNC      day: macd + hist + hist_1pre + ,  Week: macd + hist + hist_1pre - , Month: macd + hist + hist_1pre + , 
Trade --> code: CNC    BUY: 2004-11-30    6.69 SELL: 2006-08-31    3.86  macd:   -0.06 macd_count:  21 profit:  0.58
Trade --> code: CNC    BUY: 2007-01-31    6.23 SELL: 2007-03-31    5.25  macd:   -0.03 macd_count:   2 profit:  0.84
Trade --> code: CNC    BUY: 2007-12-31    6.86 SELL: 2008-02-29    4.48  macd:   -0.05 macd_count:   2 profit:  0.65
Trade --> code: CNC    BUY: 2010-04-30    5.72 SELL: 2022-07-31   86.21  macd:    5.72 macd_count: 148 profit: 15.06

code: JNJ      day: macd + hist + hist_1pre + ,  Week: macd + hist + hist_1pre - , Month: macd + hist + hist_1pre + , 
Trade --> code: JNJ    BUY: 2004-11-30   60.32 SELL: 2008-12-31   59.83  macd:   -0.08 macd_count:  49 profit:  0.99
Trade --> code: JNJ    BUY: 2010-02-28   63.00 SELL: 2010-06-30   59.06  macd:   -0.03 macd_count:   4 profit:  0.94
Trade --> code: JNJ    BUY: 2010-12-31   61.85 SELL: 2011-01-31   59.77  macd:   -0.05 macd_count:   1 profit:  0.97
Trade --> code: JNJ    BUY: 2011-04-30   65.72 SELL: 2022-07-31  179.52  macd:    7.23 macd_count: 136 profit:  2.73

code: KNSL     day: macd + hist + hist_1pre + ,  Week: macd + hist + hist_1pre - , Month: macd + hist + hist_1pre + , 
Trade --> code: KNSL   BUY: 2018-11-30   62.21 SELL: 2022-07-31  236.14  macd:   20.48 macd_count:  45 profit:  3.80

code: NUAN     day: macd + hist + hist_1pre + ,  Week: macd + hist + hist_1pre - , Month: macd + hist - hist_1pre - , 
Trade --> code: NUAN   BUY: 2005-11-30    5.38 SELL: 2008-11-30    7.94  macd:   -0.13 macd_count:  36 profit:  1.48
Trade --> code: NUAN   BUY: 2009-12-31   13.44 SELL: 2013-05-31   16.44  macd:   -0.10 macd_count:  41 profit:  1.22
Trade --> code: NUAN   BUY: 2015-11-30   18.11 SELL: 2016-07-31   13.90  macd:   -0.05 macd_count:   8 profit:  0.77
Trade --> code: NUAN   BUY: 2017-05-31   16.01 SELL: 2017-09-30   13.60  macd:   -0.04 macd_count:   4 profit:  0.85
Trade --> code: NUAN   BUY: 2019-04-30   14.56 SELL: 2022-03-31   55.99  macd:    7.14 macd_count:  36 profit:  3.85

code: PGR      day: macd + hist + hist_1pre + ,  Week: macd + hist + hist_1pre - , Month: macd + hist + hist_1pre + , 
Trade --> code: PGR    BUY: 2004-11-30   22.75 SELL: 2007-03-31   21.82  macd:   -0.03 macd_count:  28 profit:  0.96
Trade --> code: PGR    BUY: 2010-04-30   20.09 SELL: 2022-07-31  118.48  macd:    7.85 macd_count: 148 profit:  5.90

code: PWR      day: macd + hist + hist_1pre - ,  Week: macd + hist + hist_1pre - , Month: macd + hist - hist_1pre - , 
Trade --> code: PWR    BUY: 2004-11-30    7.71 SELL: 2009-02-28   17.60  macd:   -0.39 macd_count:  51 profit:  2.28
Trade --> code: PWR    BUY: 2012-04-30   22.12 SELL: 2015-07-31   27.62  macd:   -0.14 macd_count:  39 profit:  1.25
Trade --> code: PWR    BUY: 2016-11-30   33.72 SELL: 2022-07-31  126.14  macd:   15.36 macd_count:  69 profit:  3.74

code: ROL      day: macd + hist + hist_1pre + ,  Week: macd + hist + hist_1pre - , Month: macd + hist - hist_1pre - , 
Trade --> code: ROL    BUY: 2004-11-30    2.16 SELL: 2022-07-31   35.00  macd:    0.89 macd_count: 213 profit: 16.24

code: UNH      day: macd + hist + hist_1pre + ,  Week: macd + hist + hist_1pre - , Month: macd + hist + hist_1pre + , 
Trade --> code: UNH    BUY: 2004-11-30   41.42 SELL: 2008-03-31   34.36  macd:   -0.64 macd_count:  40 profit:  0.83
Trade --> code: UNH    BUY: 2010-10-31   36.05 SELL: 2022-07-31  517.40  macd:   48.18 macd_count: 142 profit: 14.35

