Wed Sep  1 00:21:29 UTC 2021
arg[0]: scraping/yahoo-finace-api2.py, arg[1]: stock-code-list/buy-list.txt
===========================
scraping
===========================
START:  A
END:    0.17138409614562988
-
START:  ANAT
END:    0.33741331100463867
-
START:  BBDC
END:    0.5580801963806152
-
START:  DAVA
END:    0.6967566013336182
-
START:  EXLS
END:    1.4826200008392334
-
START:  FIVE
END:    1.6114678382873535
-
START:  HCI
END:    1.7517635822296143
-
START:  IR
END:    1.8829374313354492
-
START:  KAI
END:    2.0228612422943115
-
START:  LIT
END:    2.168844223022461
-
START:  MXIM
END:    2.311738967895508
-
START:  NTAP
END:    2.4435505867004395
-
START:  PFF
END:    2.5909221172332764
-
START:  SEE
END:    2.772981643676758
-
START:  SWAV
END:    2.8979523181915283
-
START:  TRNS
END:    3.0341548919677734
-
START:  TU
END:    3.189181327819824
-
START:  SEAS
END:    3.3150248527526855
-
START:  ALLE
END:    3.449747323989868
-
START:  ARW
END:    3.5740113258361816
-
START:  FIBK
END:    3.722057580947876
-
START:  MHO
END:    3.861398220062256
-
START:  XLI
END:    4.02393651008606
-
START:  TTEC
END:    4.153085947036743
-
START:  SF
END:    4.315272331237793
-
START:  SDY
END:    4.4551331996917725
-
START:  MLI
END:    4.6022021770477295
-
START:  MAN
END:    4.777064561843872
-
START:  SLX
END:    4.91630744934082
-
START:  CMA
END:    5.077146768569946
-
START:  ACHC
END:    5.340177297592163
-
===========================
MACD sell
===========================
START:  A
START:  ANAT
START:  BBDC
START:  DAVA
START:  EXLS
START:  FIVE
START:  HCI
START:  IR
START:  KAI
START:  LIT
START:  MXIM
START:  NTAP
START:  PFF
START:  SEE
START:  SWAV
START:  TRNS
START:  TU
START:  SEAS
START:  ALLE
START:  ARW
START:  FIBK
START:  MHO
START:  XLI
START:  TTEC
START:  SF
START:  SDY
START:  MLI
START:  MAN
START:  SLX
HIT: ------------------------>  SLX
START:  CMA
START:  ACHC
==== MACD sell list ====
SLX : macd -, macd hist -
===========================
profit
===========================
==== plus ====
A    , macd +, macd hist +, profit:   [22.4], per:  [14.63], now: [175.47], buy: [153.07]
ANAT , macd +, macd hist -, profit:  [28.33], per:  [17.26], now:  [192.5], buy: [164.17]
BBDC , macd +, macd hist -, profit:   [0.19], per:   [1.79], now:  [10.79], buy:   [10.6]
DAVA , macd +, macd hist -, profit:   [7.52], per:   [5.95], now:  [133.9], buy: [126.38]
FIVE , macd +, macd hist -, profit:  [18.77], per:   [9.67], now: [212.81], buy: [194.04]
HCI  , macd +, macd hist -, profit:   [9.37], per:   [9.16], now: [111.66], buy: [102.29]
IR   , macd +, macd hist +, profit:   [4.65], per:   [9.61], now:  [53.02], buy:  [48.37]
KAI  , macd +, macd hist +, profit:  [31.77], per:  [17.91], now: [209.12], buy: [177.35]
LIT  , macd +, macd hist -, profit:   [2.19], per:   [2.63], now:  [85.57], buy:  [83.38]
MXIM , macd +, macd hist +, profit:   [3.43], per:   [3.44], now: [103.14], buy:  [99.71]
NTAP , macd +, macd hist +, profit:    [8.8], per:  [10.98], now:  [88.93], buy:  [80.13]
PFF  , macd +, macd hist +, profit:   [0.09], per:   [0.23], now:   [39.4], buy:  [39.31]
SEE  , macd +, macd hist +, profit:   [4.72], per:   [8.38], now:  [61.03], buy:  [56.31]
SWAV , macd +, macd hist +, profit:  [43.57], per:  [25.53], now: [214.21], buy: [170.64]
TRNS , macd +, macd hist -, profit:   [2.49], per:   [3.81], now:  [67.76], buy:  [65.27]
TU   , macd +, macd hist +, profit:   [0.97], per:    [4.4], now:  [23.04], buy:  [22.07]
ALLE , macd +, macd hist +, profit:   [4.02], per:   [2.87], now: [143.99], buy: [139.97]
ARW  , macd +, macd hist +, profit:   [3.54], per:   [3.01], now: [121.22], buy: [117.68]
XLI  , macd +, macd hist +, profit:   [1.88], per:   [1.83], now: [104.51], buy: [102.63]
TTEC , macd +, macd hist +, profit:   [1.14], per:   [1.09], now: [105.46], buy: [104.32]
SF   , macd +, macd hist +, profit:   [2.46], per:   [3.69], now:   [69.1], buy:  [66.64]
SDY  , macd +, macd hist -, profit:   [0.74], per:    [0.6], now: [124.73], buy: [123.99]
MLI  , macd +, macd hist +, profit:   [0.39], per:   [0.88], now:  [44.61], buy:  [44.22]
MAN  , macd +, macd hist -, profit:   [2.03], per:    [1.7], now: [121.42], buy: [119.39]
SLX  , macd -, macd hist -, profit:   [0.52], per:   [0.84], now:  [62.46], buy:  [61.94]
ACHC , macd +, macd hist +, profit:   [1.86], per:   [2.89], now:  [66.12], buy:  [64.26]
-
     plus  len:  26
     profit: [207.84], per: [164.81], per/len(p):   [6.34], per/len(p+m):   [5.32]
-
==== minus ====
EXLS , macd +, macd hist -, profit:       [], per:       [], now: [123.14], buy:       []
SEAS , macd +, macd hist -, profit:  [-3.78], per:  [-7.14], now:  [49.19], buy:  [52.97]
FIBK , macd +, macd hist -, profit:  [-1.01], per:  [-2.24], now:  [44.06], buy:  [45.07]
MHO  , macd +, macd hist +, profit:   [-0.4], per:  [-0.62], now:  [64.39], buy:  [64.79]
CMA  , macd +, macd hist +, profit:  [-0.16], per:  [-0.22], now:  [73.91], buy:  [74.07]
-
     minus len:  5
     profit:       [], per:       [], per/len(m):       [], per/len(p+m):       []
-
==== total ====
     profit:       [], per:       [], per/len(p+m):       []
