Thu Sep  2 13:48:55 UTC 2021
arg[0]: scraping/yahoo-finace-api2.py, arg[1]: stock-code-list/buy-list.txt
===========================
scraping
===========================
START:  A
END:    0.13421177864074707
-
START:  ANAT
END:    0.3008253574371338
-
START:  BBDC
END:    0.41905879974365234
-
START:  DAVA
END:    0.5373616218566895
-
START:  EXLS
END:    0.6434221267700195
-
START:  FIVE
END:    0.7180192470550537
-
START:  HCI
END:    0.8388669490814209
-
START:  IR
END:    0.9171607494354248
-
START:  KAI
END:    1.0051589012145996
-
START:  LIT
END:    1.1404807567596436
-
START:  MXIM
END:    1.2380468845367432
-
START:  NTAP
END:    1.3415615558624268
-
START:  PFF
END:    1.5170674324035645
-
START:  SEE
END:    1.6856536865234375
-
START:  SWAV
END:    1.7593879699707031
-
START:  TRNS
END:    1.8431568145751953
-
START:  TU
END:    1.9552295207977295
-
START:  SEAS
END:    2.0348315238952637
-
START:  ALLE
END:    2.1645679473876953
-
START:  ARW
END:    2.2501778602600098
-
START:  FIBK
END:    2.3368020057678223
-
START:  MHO
END:    2.4327917098999023
-
START:  XLI
END:    2.544727087020874
-
START:  TTEC
END:    2.668290615081787
-
START:  SF
END:    2.792123556137085
-
START:  SDY
END:    2.8890740871429443
-
START:  MLI
END:    2.9916012287139893
-
START:  MAN
END:    3.140761375427246
-
START:  SLX
END:    3.2290375232696533
-
START:  CMA
END:    3.347036123275757
-
START:  ACHC
END:    3.4238526821136475
-
===========================
MACD sell
===========================
START:  A
START:  ANAT
START:  BBDC
START:  DAVA
START:  EXLS
START:  FIVE
START:  HCI
START:  IR
START:  KAI
START:  LIT
START:  MXIM
START:  NTAP
START:  PFF
START:  SEE
START:  SWAV
START:  TRNS
START:  TU
START:  SEAS
START:  ALLE
START:  ARW
START:  FIBK
START:  MHO
START:  XLI
START:  TTEC
START:  SF
START:  SDY
START:  MLI
START:  MAN
START:  SLX
HIT: ------------------------>  SLX
START:  CMA
START:  ACHC
==== MACD sell list ====
SLX : macd -, macd hist -
===========================
profit
===========================
==== plus ====
A    , macd +, macd hist +, profit:  [24.18], per:   [15.8], now: [177.25], buy: [153.07]
ANAT , macd +, macd hist -, profit:  [30.38], per:  [18.51], now: [194.55], buy: [164.17]
BBDC , macd +, macd hist -, profit:   [0.35], per:   [3.35], now:  [10.95], buy:   [10.6]
DAVA , macd +, macd hist -, profit:   [8.61], per:   [6.81], now: [134.99], buy: [126.38]
EXLS , macd +, macd hist -, profit:   [8.56], per:   [7.48], now: [123.06], buy:  [114.5]
FIVE , macd +, macd hist -, profit:   [1.42], per:   [0.73], now: [195.46], buy: [194.04]
HCI  , macd +, macd hist -, profit:   [8.33], per:   [8.15], now: [110.62], buy: [102.29]
IR   , macd +, macd hist +, profit:   [5.07], per:  [10.48], now:  [53.44], buy:  [48.37]
KAI  , macd +, macd hist +, profit:   [36.1], per:  [20.36], now: [213.45], buy: [177.35]
LIT  , macd +, macd hist -, profit:   [0.49], per:   [0.59], now:  [83.87], buy:  [83.38]
MXIM , macd +, macd hist +, profit:   [3.43], per:   [3.44], now: [103.14], buy:  [99.71]
NTAP , macd +, macd hist +, profit:   [9.11], per:  [11.37], now:  [89.24], buy:  [80.13]
PFF  , macd +, macd hist +, profit:   [0.13], per:   [0.33], now:  [39.44], buy:  [39.31]
SEE  , macd +, macd hist +, profit:   [5.46], per:    [9.7], now:  [61.77], buy:  [56.31]
SWAV , macd +, macd hist +, profit:  [53.81], per:  [31.53], now: [224.45], buy: [170.64]
TRNS , macd +, macd hist +, profit:   [3.13], per:    [4.8], now:   [68.4], buy:  [65.27]
TU   , macd +, macd hist +, profit:   [1.09], per:   [4.94], now:  [23.16], buy:  [22.07]
ALLE , macd +, macd hist +, profit:   [5.61], per:   [4.01], now: [145.58], buy: [139.97]
ARW  , macd +, macd hist -, profit:   [0.74], per:   [0.63], now: [118.42], buy: [117.68]
MHO  , macd +, macd hist +, profit:   [3.24], per:     [5.], now:  [68.03], buy:  [64.79]
XLI  , macd +, macd hist +, profit:   [2.19], per:   [2.13], now: [104.82], buy: [102.63]
TTEC , macd +, macd hist +, profit:   [7.65], per:   [7.33], now: [111.97], buy: [104.32]
SF   , macd +, macd hist +, profit:   [2.34], per:   [3.51], now:  [68.98], buy:  [66.64]
SDY  , macd +, macd hist +, profit:   [0.97], per:   [0.78], now: [124.96], buy: [123.99]
MLI  , macd +, macd hist -, profit:   [0.26], per:    [0.6], now:  [44.49], buy:  [44.22]
MAN  , macd +, macd hist -, profit:    [2.7], per:   [2.26], now: [122.09], buy: [119.39]
SLX  , macd -, macd hist -, profit:   [0.89], per:   [1.44], now:  [62.83], buy:  [61.94]
ACHC , macd +, macd hist +, profit:   [2.77], per:   [4.31], now:  [67.03], buy:  [64.26]
-
     plus  len:  28
     profit: [229.03], per: [190.36], per/len(p):    [6.8], per/len(p+m):   [6.14]
-
==== minus ====
SEAS , macd +, macd hist -, profit:  [-3.92], per:   [-7.4], now:  [49.05], buy:  [52.97]
FIBK , macd +, macd hist -, profit:  [-1.24], per:  [-2.74], now:  [43.83], buy:  [45.07]
CMA  , macd +, macd hist -, profit:  [-1.91], per:  [-2.58], now:  [72.16], buy:  [74.07]
-
     minus len:  3
     profit:  [-7.06], per: [-12.72], per/len(m):  [-4.24], per/len(p+m):  [-0.41]
-
==== total ====
     profit: [221.96], per: [177.64], per/len(p+m):   [5.73]
