Fri Sep  3 13:48:56 UTC 2021
arg[0]: scraping/yahoo-finace-api2.py, arg[1]: stock-code-list/buy-list.txt
===========================
scraping
===========================
START:  A
END:    0.12767291069030762
-
START:  ANAT
END:    0.2516641616821289
-
START:  BBDC
END:    0.34497976303100586
-
START:  DAVA
END:    0.42332935333251953
-
START:  EXLS
END:    0.5051567554473877
-
START:  FIVE
END:    0.5853502750396729
-
START:  HCI
END:    0.6741592884063721
-
START:  IR
END:    0.7491772174835205
-
START:  KAI
END:    2.0393128395080566
-
START:  LIT
END:    2.1334140300750732
-
START:  MXIM
END:    2.2384254932403564
-
START:  NTAP
END:    2.3340773582458496
-
START:  PFF
END:    2.430377960205078
-
START:  SEE
END:    2.5496933460235596
-
START:  SWAV
END:    2.634831190109253
-
START:  TRNS
END:    2.7160141468048096
-
START:  TU
END:    2.816559076309204
-
START:  SEAS
END:    2.9259750843048096
-
START:  ALLE
END:    3.0206241607666016
-
START:  ARW
END:    3.1005797386169434
-
START:  FIBK
END:    3.190866708755493
-
START:  MHO
END:    3.2831056118011475
-
START:  XLI
END:    3.389989137649536
-
START:  TTEC
END:    3.4759342670440674
-
START:  SF
END:    3.6206274032592773
-
START:  SDY
END:    3.715226173400879
-
START:  MLI
END:    3.8107430934906006
-
START:  MAN
END:    3.9230294227600098
-
START:  SLX
END:    4.027564525604248
-
START:  CMA
END:    4.156987428665161
-
START:  ACHC
END:    4.233501672744751
-
===========================
MACD sell
===========================
START:  A
START:  ANAT
START:  BBDC
START:  DAVA
START:  EXLS
START:  FIVE
HIT: ------------------------>  FIVE
START:  HCI
START:  IR
START:  KAI
START:  LIT
START:  MXIM
START:  NTAP
START:  PFF
START:  SEE
START:  SWAV
START:  TRNS
START:  TU
START:  SEAS
START:  ALLE
START:  ARW
START:  FIBK
START:  MHO
START:  XLI
START:  TTEC
START:  SF
START:  SDY
START:  MLI
START:  MAN
START:  SLX
HIT: ------------------------>  SLX
START:  CMA
START:  ACHC
==== MACD sell list ====
FIVE: macd -, macd hist -
SLX : macd -, macd hist -
===========================
profit
===========================
==== plus ====
A    , macd +, macd hist +, profit:  [24.51], per:  [16.01], now: [177.58], buy: [153.07]
ANAT , macd +, macd hist -, profit:  [29.88], per:   [18.2], now: [194.05], buy: [164.17]
BBDC , macd +, macd hist -, profit:   [0.35], per:    [3.3], now:  [10.95], buy:   [10.6]
DAVA , macd +, macd hist -, profit:   [9.27], per:   [7.34], now: [135.65], buy: [126.38]
EXLS , macd +, macd hist -, profit:   [8.58], per:   [7.49], now: [123.08], buy:  [114.5]
HCI  , macd +, macd hist -, profit:    [6.5], per:   [6.35], now: [108.79], buy: [102.29]
IR   , macd +, macd hist +, profit:   [5.53], per:  [11.44], now:   [53.9], buy:  [48.37]
KAI  , macd +, macd hist +, profit:  [36.15], per:  [20.38], now:  [213.5], buy: [177.35]
MXIM , macd +, macd hist +, profit:   [3.43], per:   [3.44], now: [103.14], buy:  [99.71]
NTAP , macd +, macd hist +, profit:  [10.87], per:  [13.57], now:    [91.], buy:  [80.13]
PFF  , macd +, macd hist +, profit:    [0.1], per:   [0.27], now:  [39.42], buy:  [39.31]
SEE  , macd +, macd hist +, profit:   [5.21], per:   [9.25], now:  [61.52], buy:  [56.31]
SWAV , macd +, macd hist +, profit:   [53.9], per:  [31.59], now: [224.54], buy: [170.64]
TRNS , macd +, macd hist -, profit:   [2.29], per:   [3.51], now:  [67.56], buy:  [65.27]
TU   , macd +, macd hist +, profit:   [1.19], per:   [5.41], now:  [23.26], buy:  [22.07]
ALLE , macd +, macd hist +, profit:   [7.27], per:   [5.19], now: [147.24], buy: [139.97]
ARW  , macd +, macd hist -, profit:   [1.69], per:   [1.44], now: [119.38], buy: [117.68]
MHO  , macd +, macd hist +, profit:   [2.23], per:   [3.44], now:  [67.02], buy:  [64.79]
XLI  , macd +, macd hist +, profit:   [2.41], per:   [2.34], now: [105.04], buy: [102.63]
TTEC , macd +, macd hist +, profit:   [7.83], per:   [7.51], now: [112.15], buy: [104.32]
SF   , macd +, macd hist +, profit:    [2.9], per:   [4.35], now:  [69.54], buy:  [66.64]
SDY  , macd +, macd hist +, profit:   [0.72], per:   [0.58], now: [124.71], buy: [123.99]
MLI  , macd +, macd hist -, profit:   [0.07], per:   [0.16], now:  [44.29], buy:  [44.22]
MAN  , macd +, macd hist +, profit:   [3.88], per:   [3.25], now: [123.27], buy: [119.39]
SLX  , macd -, macd hist -, profit:   [1.08], per:   [1.74], now:  [63.01], buy:  [61.94]
ACHC , macd +, macd hist +, profit:    [4.3], per:   [6.69], now:  [68.56], buy:  [64.26]
-
     plus  len:  26
     profit: [232.16], per: [194.26], per/len(p):   [7.47], per/len(p+m):   [6.27]
-
==== minus ====
FIVE , macd -, macd hist -, profit:  [-7.62], per:  [-3.93], now: [186.42], buy: [194.04]
LIT  , macd +, macd hist -, profit:  [-0.82], per:  [-0.98], now:  [82.56], buy:  [83.38]
SEAS , macd +, macd hist -, profit:  [-3.74], per:  [-7.07], now:  [49.23], buy:  [52.97]
FIBK , macd +, macd hist -, profit:  [-1.81], per:    [-4.], now:  [43.26], buy:  [45.07]
CMA  , macd +, macd hist -, profit:  [-1.14], per:  [-1.54], now:  [72.93], buy:  [74.07]
-
     minus len:  5
     profit: [-15.13], per: [-17.52], per/len(m):   [-3.5], per/len(p+m):  [-0.57]
-
==== total ====
     profit: [217.03], per: [176.74], per/len(p+m):    [5.7]
