Sat Sep  4 13:48:53 UTC 2021
arg[0]: scraping/yahoo-finace-api2.py, arg[1]: stock-code-list/buy-list.txt
===========================
scraping
===========================
START:  A
END:    0.15467357635498047
-
START:  ANAT
END:    0.31198763847351074
-
START:  BBDC
END:    0.4279203414916992
-
START:  DAVA
END:    0.5462591648101807
-
START:  EXLS
END:    0.6689620018005371
-
START:  FIVE
END:    0.7546536922454834
-
START:  HCI
END:    0.8550047874450684
-
START:  IR
END:    0.9304475784301758
-
START:  KAI
END:    1.0135560035705566
-
START:  LIT
END:    1.1418449878692627
-
START:  MXIM
END:    1.240677833557129
-
START:  NTAP
END:    1.3321201801300049
-
START:  PFF
END:    1.5142176151275635
-
START:  SEE
END:    1.6343486309051514
-
START:  SWAV
END:    1.7483336925506592
-
START:  TRNS
END:    1.864872932434082
-
START:  TU
END:    1.9686384201049805
-
START:  SEAS
END:    2.0519447326660156
-
START:  ALLE
END:    2.1394972801208496
-
START:  ARW
END:    2.217869758605957
-
START:  FIBK
END:    2.3045315742492676
-
START:  MHO
END:    2.39143705368042
-
START:  XLI
END:    2.5131518840789795
-
START:  TTEC
END:    2.664867401123047
-
START:  SF
END:    2.765667200088501
-
START:  SDY
END:    2.856142997741699
-
START:  MLI
END:    2.955571413040161
-
START:  MAN
END:    3.0676915645599365
-
START:  SLX
END:    3.152547597885132
-
START:  CMA
END:    3.269815683364868
-
START:  ACHC
END:    3.3481667041778564
-
===========================
MACD sell
===========================
START:  A
START:  ANAT
START:  BBDC
START:  DAVA
START:  EXLS
START:  FIVE
START:  HCI
START:  IR
START:  KAI
START:  LIT
START:  MXIM
START:  NTAP
START:  PFF
START:  SEE
START:  SWAV
START:  TRNS
START:  TU
START:  SEAS
HIT: ------------------------>  SEAS
START:  ALLE
START:  ARW
START:  FIBK
START:  MHO
START:  XLI
START:  TTEC
START:  SF
START:  SDY
START:  MLI
START:  MAN
START:  SLX
HIT: ------------------------>  SLX
START:  CMA
START:  ACHC
==== MACD sell list ====
SEAS: macd -, macd hist -
SLX : macd -, macd hist -
===========================
profit
===========================
==== plus ====
A    , macd +, macd hist +, profit:  [26.21], per:  [17.12], now: [179.28], buy: [153.07]
ANAT , macd +, macd hist -, profit:  [27.43], per:  [16.71], now:  [191.6], buy: [164.17]
BBDC , macd +, macd hist -, profit:   [0.43], per:   [4.06], now:  [11.03], buy:   [10.6]
DAVA , macd +, macd hist -, profit:   [9.65], per:   [7.64], now: [136.03], buy: [126.38]
EXLS , macd +, macd hist -, profit:   [8.76], per:   [7.65], now: [123.26], buy:  [114.5]
HCI  , macd +, macd hist -, profit:   [6.72], per:   [6.57], now: [109.01], buy: [102.29]
IR   , macd +, macd hist +, profit:   [4.57], per:   [9.45], now:  [52.94], buy:  [48.37]
KAI  , macd +, macd hist +, profit:  [37.73], per:  [21.27], now: [215.08], buy: [177.35]
MXIM , macd +, macd hist +, profit:   [3.43], per:   [3.44], now: [103.14], buy:  [99.71]
NTAP , macd +, macd hist +, profit:  [11.22], per:    [14.], now:  [91.35], buy:  [80.13]
PFF  , macd +, macd hist +, profit:   [0.11], per:   [0.28], now:  [39.42], buy:  [39.31]
SEE  , macd +, macd hist +, profit:   [4.91], per:   [8.72], now:  [61.22], buy:  [56.31]
SWAV , macd +, macd hist +, profit:  [56.21], per:  [32.94], now: [226.85], buy: [170.64]
TRNS , macd +, macd hist -, profit:   [2.16], per:   [3.31], now:  [67.43], buy:  [65.27]
TU   , macd +, macd hist +, profit:   [1.22], per:   [5.53], now:  [23.29], buy:  [22.07]
ALLE , macd +, macd hist +, profit:   [8.16], per:   [5.83], now: [148.13], buy: [139.97]
MHO  , macd +, macd hist +, profit:   [1.61], per:   [2.48], now:   [66.4], buy:  [64.79]
XLI  , macd +, macd hist +, profit:   [1.96], per:   [1.91], now: [104.59], buy: [102.63]
TTEC , macd +, macd hist +, profit:   [6.32], per:   [6.06], now: [110.64], buy: [104.32]
SF   , macd +, macd hist -, profit:   [1.41], per:   [2.12], now:  [68.05], buy:  [66.64]
SDY  , macd +, macd hist +, profit:   [0.55], per:   [0.44], now: [124.54], buy: [123.99]
MAN  , macd +, macd hist +, profit:   [2.82], per:   [2.36], now: [122.21], buy: [119.39]
SLX  , macd -, macd hist -, profit:   [0.56], per:    [0.9], now:   [62.5], buy:  [61.94]
ACHC , macd +, macd hist +, profit:    [3.9], per:   [6.07], now:  [68.16], buy:  [64.26]
-
     plus  len:  24
     profit: [228.05], per: [186.86], per/len(p):   [7.79], per/len(p+m):   [6.03]
-
==== minus ====
FIVE , macd +, macd hist -, profit:  [-0.48], per:  [-0.25], now: [193.56], buy: [194.04]
LIT  , macd +, macd hist -, profit:  [-0.93], per:  [-1.12], now:  [82.45], buy:  [83.38]
SEAS , macd -, macd hist -, profit:  [-5.28], per:  [-9.97], now:  [47.69], buy:  [52.97]
ARW  , macd +, macd hist -, profit:  [-0.25], per:  [-0.21], now: [117.43], buy: [117.68]
FIBK , macd +, macd hist -, profit:  [-2.12], per:   [-4.7], now:  [42.95], buy:  [45.07]
MLI  , macd +, macd hist -, profit:  [-0.28], per:  [-0.63], now:  [43.94], buy:  [44.22]
CMA  , macd +, macd hist -, profit:  [-1.76], per:  [-2.38], now:  [72.31], buy:  [74.07]
-
     minus len:  7
     profit:  [-11.1], per: [-19.26], per/len(m):  [-2.75], per/len(p+m):  [-0.62]
-
==== total ====
     profit: [216.95], per: [167.61], per/len(p+m):   [5.41]
