Sun Sep 12 13:48:53 UTC 2021
arg[0]: scraping/yahoo-finace-api2.py, arg[1]: stock-code-list/buy-list.txt
===========================
scraping
===========================
START:  A
END:    0.19260263442993164
-
START:  ANAT
END:    0.3907938003540039
-
START:  BBDC
END:    0.49422359466552734
-
START:  DAVA
END:    0.6427323818206787
-
START:  EXLS
END:    0.8400201797485352
-
START:  FIVE
END:    0.9644889831542969
-
START:  HCI
END:    1.1454877853393555
-
START:  IR
END:    1.286090612411499
-
START:  KAI
END:    1.394968032836914
-
START:  LIT
END:    1.4856314659118652
-
START:  MXIM
END:    1.653893232345581
-
START:  NTAP
END:    1.8108205795288086
-
START:  PFF
END:    1.9728364944458008
-
START:  SEE
END:    2.2298572063446045
-
START:  SWAV
END:    2.3424885272979736
-
START:  TRNS
END:    2.4310085773468018
-
START:  TU
END:    2.5826289653778076
-
START:  SEAS
END:    2.6771390438079834
-
START:  ALLE
END:    2.8156425952911377
-
START:  ARW
END:    2.909228563308716
-
START:  FIBK
END:    3.0233376026153564
-
START:  MHO
END:    3.2135045528411865
-
START:  XLI
END:    3.3623783588409424
-
START:  TTEC
END:    3.5232338905334473
-
START:  SF
END:    3.7249767780303955
-
START:  SDY
END:    3.881657838821411
-
START:  MLI
END:    4.055875301361084
-
START:  MAN
END:    4.222228527069092
-
START:  SLX
END:    4.378165245056152
-
START:  CMA
END:    4.507951021194458
-
START:  ACHC
END:    4.593716621398926
-
===========================
MACD sell
===========================
START:  A
START:  ANAT
START:  BBDC
HIT: ------------------------>  BBDC
START:  DAVA
START:  EXLS
START:  FIVE
HIT: ------------------------>  FIVE
START:  HCI
START:  IR
START:  KAI
START:  LIT
START:  MXIM
START:  NTAP
START:  PFF
START:  SEE
START:  SWAV
START:  TRNS
START:  TU
START:  SEAS
START:  ALLE
START:  ARW
HIT: ------------------------>  ARW
START:  FIBK
HIT: ------------------------>  FIBK
START:  MHO
START:  XLI
HIT: ------------------------>  XLI
START:  TTEC
START:  SF
START:  SDY
HIT: ------------------------>  SDY
START:  MLI
HIT: ------------------------>  MLI
START:  MAN
START:  SLX
HIT: ------------------------>  SLX
START:  CMA
START:  ACHC
==== MACD sell list ====
BBDC: macd -, macd hist -
FIVE: macd -, macd hist -
ARW : macd -, macd hist -
FIBK: macd -, macd hist -
XLI : macd -, macd hist -
SDY : macd -, macd hist -
MLI : macd -, macd hist -
SLX : macd -, macd hist -
===========================
profit
===========================
==== plus ====
A    , macd +, macd hist -, profit:  [24.16], per:  [15.78], now: [177.23], buy: [153.07]
ANAT , macd +, macd hist -, profit:  [26.13], per:  [15.92], now:  [190.3], buy: [164.17]
BBDC , macd -, macd hist -, profit:   [0.18], per:    [1.7], now:  [10.78], buy:   [10.6]
DAVA , macd +, macd hist -, profit:  [12.32], per:   [9.75], now:  [138.7], buy: [126.38]
EXLS , macd +, macd hist -, profit:   [7.38], per:   [6.45], now: [121.88], buy:  [114.5]
HCI  , macd +, macd hist -, profit:   [8.08], per:    [7.9], now: [110.37], buy: [102.29]
IR   , macd +, macd hist +, profit:   [6.36], per:  [13.15], now:  [54.73], buy:  [48.37]
KAI  , macd +, macd hist +, profit:  [38.64], per:  [21.79], now: [215.99], buy: [177.35]
LIT  , macd +, macd hist -, profit:   [1.75], per:    [2.1], now:  [85.13], buy:  [83.38]
MXIM , macd +, macd hist +, profit:   [3.43], per:   [3.44], now: [103.14], buy:  [99.71]
NTAP , macd +, macd hist +, profit:  [12.19], per:  [15.21], now:  [92.32], buy:  [80.13]
PFF  , macd +, macd hist -, profit:   [0.01], per:   [0.03], now:  [39.32], buy:  [39.31]
SEE  , macd +, macd hist -, profit:   [1.77], per:   [3.14], now:  [58.08], buy:  [56.31]
SWAV , macd +, macd hist +, profit:  [46.95], per:  [27.51], now: [217.59], buy: [170.64]
TU   , macd +, macd hist +, profit:   [0.98], per:   [4.44], now:  [23.05], buy:  [22.07]
ALLE , macd +, macd hist +, profit:   [4.59], per:   [3.28], now: [144.56], buy: [139.97]
SF   , macd +, macd hist -, profit:   [0.14], per:   [0.21], now:  [66.78], buy:  [66.64]
ACHC , macd +, macd hist -, profit:    [0.4], per:   [0.62], now:  [64.66], buy:  [64.26]
-
     plus  len:  18
     profit: [195.46], per: [152.41], per/len(p):   [8.47], per/len(p+m):   [4.92]
-
==== minus ====
FIVE , macd -, macd hist -, profit:  [-7.76], per:    [-4.], now: [186.28], buy: [194.04]
TRNS , macd +, macd hist -, profit:  [-1.01], per:  [-1.55], now:  [64.26], buy:  [65.27]
SEAS , macd +, macd hist +, profit:  [-0.43], per:  [-0.81], now:  [52.54], buy:  [52.97]
ARW  , macd -, macd hist -, profit:  [-2.97], per:  [-2.52], now: [114.71], buy: [117.68]
FIBK , macd -, macd hist -, profit:   [-3.8], per:  [-8.43], now:  [41.27], buy:  [45.07]
MHO  , macd +, macd hist -, profit:  [-2.97], per:  [-4.58], now:  [61.82], buy:  [64.79]
XLI  , macd -, macd hist -, profit:  [-0.67], per:  [-0.65], now: [101.96], buy: [102.63]
TTEC , macd +, macd hist -, profit:  [-2.48], per:  [-2.38], now: [101.84], buy: [104.32]
SDY  , macd -, macd hist -, profit:  [-2.73], per:   [-2.2], now: [121.26], buy: [123.99]
MLI  , macd -, macd hist -, profit:  [-1.76], per:  [-3.98], now:  [42.46], buy:  [44.22]
MAN  , macd +, macd hist -, profit:  [-1.27], per:  [-1.06], now: [118.12], buy: [119.39]
SLX  , macd -, macd hist -, profit:  [-0.86], per:  [-1.39], now:  [61.08], buy:  [61.94]
CMA  , macd +, macd hist -, profit:  [-1.27], per:  [-1.71], now:   [72.8], buy:  [74.07]
-
     minus len:  13
     profit: [-29.98], per: [-35.28], per/len(m):  [-2.71], per/len(p+m):  [-1.14]
-
==== total ====
     profit: [165.48], per: [117.14], per/len(p+m):   [3.78]
