Wed Sep 22 13:49:16 UTC 2021
arg[0]: scraping/yahoo-finace-api2.py, arg[1]: stock-code-list/buy-list.txt
===========================
scraping
===========================
START:  A
END:    0.14144539833068848
-
START:  ANAT
END:    0.27029895782470703
-
START:  BBDC
END:    0.3689296245574951
-
START:  DAVA
END:    0.44957900047302246
-
START:  EXLS
END:    0.5304398536682129
-
START:  HCI
END:    0.6245718002319336
-
START:  IR
END:    0.7407872676849365
-
START:  KAI
END:    0.8470256328582764
-
START:  MXIM
END:    0.9600939750671387
-
START:  NTAP
END:    1.0719890594482422
-
START:  SEE
END:    1.181570291519165
-
START:  SWAV
END:    1.2709839344024658
-
START:  TRNS
END:    1.355438232421875
-
START:  TU
END:    1.5687618255615234
-
START:  ALLE
END:    1.653472661972046
-
START:  ARW
END:    1.7352120876312256
-
START:  MHO
END:    1.8324077129364014
-
START:  XLI
END:    1.938676357269287
-
START:  TTEC
END:    2.021878242492676
-
START:  SF
END:    2.1291699409484863
-
START:  MAN
END:    2.2533621788024902
-
START:  CMA
END:    2.3718698024749756
-
START:  ACHC
END:    2.449856758117676
-
START:  NSIT
END:    2.5320327281951904
-
START:  BMO
END:    2.6398627758026123
-
START:  CCEP
END:    2.783950090408325
-
START:  CTRN
END:    2.8948280811309814
-
START:  J
END:    2.9740452766418457
-
===========================
MACD sell
===========================
START:  A
START:  ANAT
START:  BBDC
START:  DAVA
HIT: ------------------------>  DAVA
START:  EXLS
START:  HCI
START:  IR
START:  KAI
START:  MXIM
START:  NTAP
START:  SEE
HIT: ------------------------>  SEE
START:  SWAV
START:  TRNS
HIT: ------------------------>  TRNS
START:  TU
HIT: ------------------------>  TU
START:  ALLE
HIT: ------------------------>  ALLE
START:  ARW
HIT: ------------------------>  ARW
START:  MHO
HIT: ------------------------>  MHO
START:  XLI
HIT: ------------------------>  XLI
START:  TTEC
HIT: ------------------------>  TTEC
START:  SF
HIT: ------------------------>  SF
START:  MAN
HIT: ------------------------>  MAN
START:  CMA
START:  ACHC
HIT: ------------------------>  ACHC
START:  NSIT
HIT: ------------------------>  NSIT
START:  BMO
HIT: ------------------------>  BMO
START:  CCEP
HIT: ------------------------>  CCEP
START:  CTRN
HIT: ------------------------>  CTRN
START:  J
HIT: ------------------------>  J
==== MACD sell list ====
DAVA: macd -, macd hist -
SEE : macd -, macd hist -
TRNS: macd -, macd hist -
TU  : macd -, macd hist -
ALLE: macd -, macd hist -
ARW : macd -, macd hist -
MHO : macd -, macd hist -
XLI : macd -, macd hist -
TTEC: macd -, macd hist -
SF  : macd -, macd hist -
MAN : macd -, macd hist -
ACHC: macd -, macd hist -
NSIT: macd -, macd hist -
BMO : macd -, macd hist -
CCEP: macd -, macd hist -
CTRN: macd -, macd hist -
J   : macd -, macd hist -
===========================
profit
===========================
==== plus ====
A    , macd +, macd hist -, profit:  [18.72], per:  [12.23], now: [171.79], buy: [153.07]
ANAT , macd +, macd hist -, profit:  [25.87], per:  [15.76], now: [190.04], buy: [164.17]
BBDC , macd +, macd hist +, profit:   [0.39], per:    [3.7], now:  [10.99], buy:   [10.6]
EXLS , macd +, macd hist -, profit:    [6.3], per:    [5.5], now:  [120.8], buy:  [114.5]
HCI  , macd +, macd hist -, profit:   [4.09], per:     [4.], now: [106.38], buy: [102.29]
IR   , macd +, macd hist -, profit:   [5.13], per:  [10.61], now:   [53.5], buy:  [48.37]
KAI  , macd +, macd hist -, profit:  [36.78], per:  [20.74], now: [214.13], buy: [177.35]
MXIM , macd +, macd hist +, profit:   [3.43], per:   [3.44], now: [103.14], buy:  [99.71]
NTAP , macd +, macd hist -, profit:   [9.19], per:  [11.47], now:  [89.32], buy:  [80.13]
SWAV , macd +, macd hist -, profit:  [45.36], per:  [26.58], now:   [216.], buy: [170.64]
TU   , macd -, macd hist -, profit:   [0.38], per:    [1.7], now:  [22.44], buy:  [22.07]
-
     plus  len:  11
     profit: [155.64], per: [115.73], per/len(p):  [10.52], per/len(p+m):   [4.13]
-
==== minus ====
DAVA , macd -, macd hist -, profit:  [-1.99], per:  [-1.57], now: [124.39], buy: [126.38]
SEE  , macd -, macd hist -, profit:  [-0.31], per:  [-0.55], now:    [56.], buy:  [56.31]
TRNS , macd -, macd hist -, profit:  [-2.59], per:  [-3.98], now:  [62.67], buy:  [65.27]
ALLE , macd -, macd hist -, profit:  [-3.77], per:  [-2.69], now:  [136.2], buy: [139.97]
ARW  , macd -, macd hist -, profit:  [-6.49], per:  [-5.51], now: [111.19], buy: [117.68]
MHO  , macd -, macd hist -, profit:  [-4.44], per:  [-6.85], now:  [60.35], buy:  [64.79]
XLI  , macd -, macd hist -, profit:  [-3.52], per:  [-3.43], now:  [99.11], buy: [102.63]
TTEC , macd -, macd hist -, profit: [-13.73], per: [-13.16], now:  [90.59], buy: [104.32]
SF   , macd -, macd hist -, profit:  [-1.34], per:  [-2.01], now:   [65.3], buy:  [66.64]
MAN  , macd -, macd hist -, profit: [-11.43], per:  [-9.57], now: [107.96], buy: [119.39]
CMA  , macd +, macd hist -, profit:  [-1.74], per:  [-2.35], now:  [72.33], buy:  [74.07]
ACHC , macd -, macd hist -, profit:  [-0.46], per:  [-0.72], now:   [63.8], buy:  [64.26]
NSIT , macd -, macd hist -, profit: [-11.31], per: [-11.13], now:  [90.35], buy: [101.66]
BMO  , macd -, macd hist -, profit:  [-2.88], per:  [-2.84], now:  [98.65], buy: [101.53]
CCEP , macd -, macd hist -, profit:  [-2.22], per:  [-3.71], now:  [57.66], buy:  [59.88]
CTRN , macd -, macd hist -, profit: [-17.11], per: [-19.02], now:  [72.87], buy:  [89.98]
J    , macd -, macd hist -, profit:  [-4.78], per:  [-3.59], now: [128.52], buy:  [133.3]
-
     minus len:  17
     profit: [-90.11], per: [-92.66], per/len(m):  [-5.45], per/len(p+m):  [-3.31]
-
==== total ====
     profit:  [65.53], per:  [23.06], per/len(p+m):   [0.82]
