Wed Sep 29 13:49:40 UTC 2021
arg[0]: scraping/yahoo-finace-api2.py, arg[1]: stock-code-list/buy-list.txt
===========================
scraping
===========================
START:  A
END:    0.12813806533813477
-
START:  ANAT
END:    0.23477554321289062
-
START:  BBDC
END:    0.3496532440185547
-
START:  DAVA
END:    0.4318196773529053
-
START:  EXLS
END:    0.5223257541656494
-
START:  HCI
END:    0.642855167388916
-
START:  IR
END:    0.7181062698364258
-
START:  KAI
END:    0.7977845668792725
-
START:  MXIM
END:    0.8901350498199463
-
START:  NTAP
END:    0.9719860553741455
-
START:  SEE
END:    1.1285672187805176
-
START:  SWAV
END:    1.264397144317627
-
START:  TRNS
END:    1.3380827903747559
-
START:  TU
END:    1.4407665729522705
-
START:  ALLE
END:    1.525566577911377
-
START:  ARW
END:    1.6562294960021973
-
START:  MHO
END:    1.748382568359375
-
START:  XLI
END:    1.8565096855163574
-
START:  TTEC
END:    1.9343690872192383
-
START:  SF
END:    2.066354513168335
-
START:  MAN
END:    2.1765642166137695
-
START:  CMA
END:    2.3199493885040283
-
START:  ACHC
END:    2.40486741065979
-
START:  NSIT
END:    2.4773221015930176
-
START:  BMO
END:    2.5959675312042236
-
START:  CCEP
END:    2.7136306762695312
-
START:  CTRN
END:    2.793304681777954
-
START:  J
END:    2.875467538833618
-
===========================
MACD sell
===========================
START:  A
HIT: ------------------------>  A
START:  ANAT
START:  BBDC
START:  DAVA
HIT: ------------------------>  DAVA
START:  EXLS
START:  HCI
START:  IR
START:  KAI
START:  MXIM
START:  NTAP
START:  SEE
HIT: ------------------------>  SEE
START:  SWAV
START:  TRNS
HIT: ------------------------>  TRNS
START:  TU
HIT: ------------------------>  TU
START:  ALLE
HIT: ------------------------>  ALLE
START:  ARW
HIT: ------------------------>  ARW
START:  MHO
HIT: ------------------------>  MHO
START:  XLI
HIT: ------------------------>  XLI
START:  TTEC
HIT: ------------------------>  TTEC
START:  SF
START:  MAN
HIT: ------------------------>  MAN
START:  CMA
START:  ACHC
START:  NSIT
HIT: ------------------------>  NSIT
START:  BMO
HIT: ------------------------>  BMO
START:  CCEP
HIT: ------------------------>  CCEP
START:  CTRN
HIT: ------------------------>  CTRN
START:  J
==== MACD sell list ====
A   : macd -, macd hist -
DAVA: macd -, macd hist -
SEE : macd -, macd hist -
TRNS: macd -, macd hist -
TU  : macd -, macd hist -
ALLE: macd -, macd hist -
ARW : macd -, macd hist +
MHO : macd -, macd hist -
XLI : macd -, macd hist -
TTEC: macd -, macd hist -
MAN : macd -, macd hist -
NSIT: macd -, macd hist -
BMO : macd -, macd hist +
CCEP: macd -, macd hist -
CTRN: macd -, macd hist +
===========================
profit
===========================
==== plus ====
A    , macd -, macd hist -, profit:   [7.79], per:   [5.09], now: [160.87], buy: [153.07]
ANAT , macd +, macd hist -, profit:  [25.83], per:  [15.73], now:   [190.], buy: [164.17]
BBDC , macd +, macd hist +, profit:   [0.47], per:   [4.43], now:  [11.07], buy:   [10.6]
DAVA , macd -, macd hist -, profit:   [1.75], per:   [1.38], now: [128.12], buy: [126.38]
EXLS , macd +, macd hist -, profit:   [9.26], per:   [8.09], now: [123.76], buy:  [114.5]
HCI  , macd +, macd hist +, profit:   [7.82], per:   [7.64], now: [110.11], buy: [102.29]
IR   , macd +, macd hist -, profit:   [3.19], per:    [6.6], now:  [51.56], buy:  [48.37]
KAI  , macd +, macd hist -, profit:  [34.79], per:  [19.62], now: [212.14], buy: [177.35]
MXIM , macd +, macd hist +, profit:   [3.43], per:   [3.44], now: [103.14], buy:  [99.71]
NTAP , macd +, macd hist -, profit:  [11.71], per:  [14.61], now:  [91.84], buy:  [80.13]
SEE  , macd -, macd hist -, profit:   [0.05], per:   [0.09], now:  [56.36], buy:  [56.31]
SWAV , macd +, macd hist -, profit:  [36.67], per:  [21.49], now: [207.31], buy: [170.64]
SF   , macd +, macd hist +, profit:   [1.63], per:   [2.45], now:  [68.27], buy:  [66.64]
CMA  , macd +, macd hist +, profit:   [7.93], per:  [10.71], now:    [82.], buy:  [74.07]
ACHC , macd +, macd hist +, profit:   [0.14], per:   [0.22], now:   [64.4], buy:  [64.26]
J    , macd +, macd hist +, profit:   [2.87], per:   [2.15], now: [136.17], buy:  [133.3]
-
     plus  len:  16
     profit: [155.33], per: [123.74], per/len(p):   [7.73], per/len(p+m):   [4.42]
-
==== minus ====
TRNS , macd -, macd hist -, profit:  [-1.61], per:  [-2.47], now:  [63.66], buy:  [65.27]
TU   , macd -, macd hist -, profit:  [-0.03], per:  [-0.16], now:  [22.03], buy:  [22.07]
ALLE , macd -, macd hist -, profit:  [-4.91], per:  [-3.51], now: [135.06], buy: [139.97]
ARW  , macd -, macd hist +, profit:  [-2.39], per:  [-2.03], now: [115.29], buy: [117.68]
MHO  , macd -, macd hist -, profit:  [-4.17], per:  [-6.44], now:  [60.62], buy:  [64.79]
XLI  , macd -, macd hist -, profit:  [-2.64], per:  [-2.57], now:  [99.99], buy: [102.63]
TTEC , macd -, macd hist -, profit:  [-10.5], per: [-10.07], now:  [93.82], buy: [104.32]
MAN  , macd -, macd hist -, profit:  [-9.55], per:    [-8.], now: [109.84], buy: [119.39]
NSIT , macd -, macd hist -, profit: [-11.93], per: [-11.73], now:  [89.73], buy: [101.66]
BMO  , macd -, macd hist +, profit:  [-0.64], per:  [-0.63], now: [100.89], buy: [101.53]
CCEP , macd -, macd hist -, profit:   [-4.3], per:  [-7.18], now:  [55.58], buy:  [59.88]
CTRN , macd -, macd hist +, profit:  [-9.77], per: [-10.86], now:  [80.21], buy:  [89.98]
-
     minus len:  12
     profit: [-62.45], per: [-65.65], per/len(m):  [-5.47], per/len(p+m):  [-2.34]
-
==== total ====
     profit:  [92.88], per:  [58.09], per/len(p+m):   [2.07]
