Mon Jan 23 13:50:05 UTC 2023
arg[0]: scraping/yahoo-finace-api2.py, arg[1]: stock-code-list/buy-list.txt
===========================
scraping
===========================
START:  AAPL
END:    0.537247896194458
-
START:  EL
END:    1.2497813701629639
-
START:  NEE
END:    1.8137025833129883
-
START:  AMD
END:    2.3970651626586914
-
START:  APH
END:    3.0495879650115967
-
START:  XLP
END:    3.6011509895324707
-
START:  SPXL
END:    4.34836745262146
-
START:  KEYS
END:    4.637984991073608
-
START:  VDC
END:    5.16279673576355
-
START:  SPTM
END:    5.886077642440796
-
START:  SPLG
END:    6.524901866912842
-
START:  CROX
END:    7.127586603164673
-
START:  AXON
END:    7.5451977252960205
-
START:  AWR
END:    8.126767873764038
-
START:  FN
END:    8.555438041687012
-
START:  NXST
END:    9.034269571304321
-
START:  TREX
END:    9.518513679504395
-
START:  RGEN
END:    10.022343397140503
-
START:  EXPO
END:    10.55959701538086
-
START:  BCPC
END:    11.364250421524048
-
START:  SOXL
END:    11.760919094085693
-
START:  TECL
END:    12.499723196029663
-
START:  NEO
END:    13.044811964035034
-
START:  NVMI
END:    13.570224523544312
-
START:  NVDA
END:    14.18740963935852
-
START:  BBDC
END:    14.741305828094482
-
START:  APPS
END:    15.189368486404419
-
START:  ROK
END:    15.870954513549805
-
START:  NHTC
END:    16.37189483642578
-
START:  ZYXI
END:    16.90695309638977
-
START:  LIT
END:    17.39125967025757
-
START:  LLY
END:    18.42815661430359
-
START:  GTLB
END:    18.6306369304657
-
START:  MCD
END:    19.408982276916504
-
START:  MSI
END:    20.125737190246582
-
START:  HCP
END:    20.362189531326294
-
START:  ON
END:    20.971998691558838
-
===========================
MACD sell
===========================
START:  AAPL
START:  EL
START:  NEE
START:  AMD
START:  APH
START:  XLP
START:  SPXL
START:  KEYS
START:  VDC
START:  SPTM
START:  SPLG
START:  CROX
START:  AXON
START:  AWR
START:  FN
START:  NXST
START:  TREX
START:  RGEN
START:  EXPO
START:  BCPC
START:  SOXL
START:  TECL
START:  NEO
START:  NVMI
START:  NVDA
START:  BBDC
START:  APPS
START:  ROK
START:  NHTC
START:  ZYXI
START:  LIT
START:  LLY
START:  GTLB
START:  MCD
START:  MSI
START:  HCP
START:  ON
==== MACD list ====
code: AAPL     day: macd - hist + ,  Week: macd - hist + , Month: macd + hist - , 
code: EL       day: macd + hist - ,  Week: macd + hist + , Month: macd - hist - , 
code: NEE      day: macd - hist - ,  Week: macd + hist - , Month: macd + hist - , 
code: AMD      day: macd + hist + ,  Week: macd - hist + , Month: macd - hist - , 
code: APH      day: macd + hist - ,  Week: macd + hist - , Month: macd + hist - , 
code: XLP      day: macd - hist - ,  Week: macd + hist - , Month: macd + hist - , 
code: SPXL     day: macd + hist + ,  Week: macd - hist + , Month: macd - hist - , 
code: KEYS     day: macd + hist + ,  Week: macd + hist + , Month: macd + hist - , 
code: VDC      day: macd - hist - ,  Week: macd + hist - , Month: macd + hist - , 
code: SPTM     day: macd + hist + ,  Week: macd + hist + , Month: macd + hist - , 
code: SPLG     day: macd + hist + ,  Week: macd - hist + , Month: macd + hist - , 
code: CROX     day: macd + hist + ,  Week: macd + hist + , Month: macd + hist + , 
code: AXON     day: macd + hist + ,  Week: macd + hist - , Month: macd + hist + , 
code: AWR      day: macd - hist - ,  Week: macd + hist - , Month: macd + hist + , 
code: FN       day: macd + hist + ,  Week: macd + hist - , Month: macd + hist + , 
code: NXST     day: macd + hist + ,  Week: macd + hist + , Month: macd + hist - , 
code: TREX     day: macd + hist + ,  Week: macd - hist + , Month: macd - hist - , 
code: RGEN     day: macd + hist + ,  Week: macd - hist + , Month: macd + hist - , 
code: EXPO     day: macd + hist + ,  Week: macd + hist - , Month: macd + hist - , 
code: BCPC     day: macd - hist + ,  Week: macd - hist - , Month: macd + hist - , 
code: SOXL     day: macd + hist + ,  Week: macd - hist + , Month: macd - hist - , 
code: TECL     day: macd + hist + ,  Week: macd - hist + , Month: macd - hist - , 
code: NEO      day: macd + hist + ,  Week: macd + hist + , Month: macd - hist - , 
code: NVMI     day: macd + hist + ,  Week: macd - hist + , Month: macd + hist - , 
code: NVDA     day: macd + hist + ,  Week: macd + hist + , Month: macd + hist - , 
code: BBDC     day: macd + hist + ,  Week: macd - hist + , Month: macd - hist - , 
code: APPS     day: macd + hist - ,  Week: macd - hist + , Month: macd - hist - , 
code: ROK      day: macd + hist + ,  Week: macd + hist + , Month: macd + hist - , 
code: NHTC     day: macd + hist + ,  Week: macd - hist + , Month: macd - hist - , 
code: ZYXI     day: macd + hist - ,  Week: macd + hist + , Month: macd + hist + , 
code: LIT      day: macd + hist + ,  Week: macd - hist + , Month: macd + hist - , 
code: LLY      day: macd - hist - ,  Week: macd + hist - , Month: macd + hist + , 
code: GTLB     day: macd + hist + ,  Week: macd - hist + , Month: macd + hist + , 
code: MCD      day: macd - hist + ,  Week: macd + hist - , Month: macd + hist + , 
code: MSI      day: macd - hist - ,  Week: macd + hist - , Month: macd + hist + , 
code: HCP      day: macd + hist + ,  Week: macd - hist + , Month: macd + hist + , 
code: ON       day: macd - hist + ,  Week: macd - hist - , Month: macd + hist - , 
==== MACD sell list ====
code: AAPL     day: macd - hist + ,  Week: macd - hist + , Month: macd + hist - , 
code: EL       day: macd + hist - , 
code: EL       day: macd + hist - ,  Week: macd + hist + , Month: macd - hist - , 
code: NEE      day: macd - hist - , 
code: NEE      day: macd - hist - ,  Week: macd + hist - , 
code: NEE      day: macd - hist - ,  Week: macd + hist - , Month: macd + hist - , 
code: AMD      day: macd + hist + ,  Week: macd - hist + , Month: macd - hist - , 
code: APH      day: macd + hist - , 
code: APH      day: macd + hist - ,  Week: macd + hist - , 
code: APH      day: macd + hist - ,  Week: macd + hist - , Month: macd + hist - , 
code: XLP      day: macd - hist - , 
code: XLP      day: macd - hist - ,  Week: macd + hist - , 
code: XLP      day: macd - hist - ,  Week: macd + hist - , Month: macd + hist - , 
code: SPXL     day: macd + hist + ,  Week: macd - hist + , Month: macd - hist - , 
code: KEYS     day: macd + hist + ,  Week: macd + hist + , Month: macd + hist - , 
code: VDC      day: macd - hist - , 
code: VDC      day: macd - hist - ,  Week: macd + hist - , 
code: VDC      day: macd - hist - ,  Week: macd + hist - , Month: macd + hist - , 
code: SPTM     day: macd + hist + ,  Week: macd + hist + , Month: macd + hist - , 
code: SPLG     day: macd + hist + ,  Week: macd - hist + , Month: macd + hist - , 
code: AXON     day: macd + hist + ,  Week: macd + hist - , 
code: AWR      day: macd - hist - , 
code: AWR      day: macd - hist - ,  Week: macd + hist - , 
code: FN       day: macd + hist + ,  Week: macd + hist - , 
code: NXST     day: macd + hist + ,  Week: macd + hist + , Month: macd + hist - , 
code: TREX     day: macd + hist + ,  Week: macd - hist + , Month: macd - hist - , 
code: RGEN     day: macd + hist + ,  Week: macd - hist + , Month: macd + hist - , 
code: EXPO     day: macd + hist + ,  Week: macd + hist - , 
code: EXPO     day: macd + hist + ,  Week: macd + hist - , Month: macd + hist - , 
code: BCPC     day: macd - hist + ,  Week: macd - hist - , 
code: BCPC     day: macd - hist + ,  Week: macd - hist - , Month: macd + hist - , 
code: SOXL     day: macd + hist + ,  Week: macd - hist + , Month: macd - hist - , 
code: TECL     day: macd + hist + ,  Week: macd - hist + , Month: macd - hist - , 
code: NEO      day: macd + hist + ,  Week: macd + hist + , Month: macd - hist - , 
code: NVMI     day: macd + hist + ,  Week: macd - hist + , Month: macd + hist - , 
code: NVDA     day: macd + hist + ,  Week: macd + hist + , Month: macd + hist - , 
code: BBDC     day: macd + hist + ,  Week: macd - hist + , Month: macd - hist - , 
code: APPS     day: macd + hist - , 
code: APPS     day: macd + hist - ,  Week: macd - hist + , Month: macd - hist - , 
code: ROK      day: macd + hist + ,  Week: macd + hist + , Month: macd + hist - , 
code: NHTC     day: macd + hist + ,  Week: macd - hist + , Month: macd - hist - , 
code: ZYXI     day: macd + hist - , 
code: LIT      day: macd + hist + ,  Week: macd - hist + , Month: macd + hist - , 
code: LLY      day: macd - hist - , 
code: LLY      day: macd - hist - ,  Week: macd + hist - , 
code: MCD      day: macd - hist + ,  Week: macd + hist - , 
code: MSI      day: macd - hist - , 
code: MSI      day: macd - hist - ,  Week: macd + hist - , 
code: ON       day: macd - hist + ,  Week: macd - hist - , 
code: ON       day: macd - hist + ,  Week: macd - hist - , Month: macd + hist - , 
===========================
profit
===========================
==== plus ====
XLP  , macd -, macd hist -, profit:   [0.04], per:   [0.06], now:  [72.62], buy:  [72.58]
AXON , macd +, macd hist +, profit:  [46.87], per:  [33.93], now: [185.02], buy: [138.15]
FN   , macd +, macd hist +, profit:  [17.39], per:  [14.88], now: [134.25], buy: [116.86]
NXST , macd +, macd hist +, profit:  [23.41], per:  [14.41], now: [185.91], buy:  [162.5]
RGEN , macd +, macd hist +, profit:   [6.64], per:    [3.7], now:  [186.3], buy: [179.66]
ZYXI , macd +, macd hist -, profit:   [9.05], per:  [142.3], now:  [15.41], buy:   [6.36]
LLY  , macd -, macd hist -, profit:  [75.07], per:   [27.7], now: [346.07], buy:   [271.]
MCD  , macd -, macd hist +, profit:  [15.12], per:   [5.97], now: [268.58], buy: [253.46]
MSI  , macd -, macd hist -, profit:    [3.9], per:   [1.55], now: [255.31], buy: [251.41]
ON   , macd -, macd hist +, profit:    [6.4], per:  [10.69], now:  [66.26], buy:  [59.86]
-
     plus  len:  10
     profit: [203.89], per: [255.17], per/len(p):  [25.52], per/len(p+m):    [6.9]
-
==== minus ====
AAPL , macd -, macd hist +, profit:       [], per:       [], now: [137.87], buy:       []
EL   , macd +, macd hist -, profit: [-72.19], per: [-21.25], now: [267.56], buy: [339.75]
NEE  , macd -, macd hist -, profit:  [-3.51], per:  [-4.11], now:  [81.82], buy:  [85.33]
AMD  , macd +, macd hist +, profit: [-50.16], per: [-41.72], now:  [70.07], buy: [120.23]
APH  , macd +, macd hist -, profit:       [], per:       [], now:  [78.07], buy:       []
SPXL , macd +, macd hist +, profit:  [-62.1], per: [-47.68], now:  [68.13], buy: [130.23]
KEYS , macd +, macd hist +, profit:  [-7.14], per:  [-3.84], now: [178.92], buy: [186.06]
VDC  , macd -, macd hist -, profit:  [-1.56], per:  [-0.82], now: [187.97], buy: [189.53]
SPTM , macd +, macd hist +, profit:  [-7.54], per: [-13.33], now:  [49.04], buy:  [56.58]
SPLG , macd +, macd hist +, profit:  [-7.43], per: [-13.76], now:  [46.56], buy:  [53.99]
CROX , macd +, macd hist +, profit: [-55.02], per: [-31.01], now:  [122.4], buy: [177.42]
AWR  , macd -, macd hist -, profit:       [], per:       [], now:  [93.04], buy:       []
TREX , macd +, macd hist +, profit: [-19.28], per: [-27.54], now:  [50.72], buy:    [70.]
EXPO , macd +, macd hist +, profit:  [-0.04], per:  [-0.04], now: [101.07], buy: [101.11]
BCPC , macd -, macd hist +, profit: [-11.36], per:  [-8.29], now: [125.72], buy: [137.08]
SOXL , macd +, macd hist +, profit:  [-29.3], per: [-69.61], now:  [12.79], buy:  [42.09]
TECL , macd +, macd hist +, profit: [-35.13], per: [-57.84], now:  [25.61], buy:  [60.74]
NEO  , macd +, macd hist +, profit:  [-6.66], per: [-37.33], now:  [11.18], buy:  [17.84]
NVMI , macd +, macd hist +, profit: [-21.95], per: [-19.15], now:   [92.7], buy: [114.65]
NVDA , macd +, macd hist +, profit: [-77.28], per: [-30.23], now: [178.39], buy: [255.67]
BBDC , macd +, macd hist +, profit:  [-1.93], per: [-18.21], now:   [8.67], buy:   [10.6]
APPS , macd +, macd hist -, profit: [-28.15], per: [-64.46], now:  [15.52], buy:  [43.67]
ROK  , macd +, macd hist +, profit: [-71.89], per: [-21.03], now:   [270.], buy: [341.89]
NHTC , macd +, macd hist +, profit:  [-2.91], per: [-40.59], now:   [4.26], buy:   [7.17]
LIT  , macd +, macd hist +, profit: [-26.09], per: [-28.39], now:  [65.82], buy:  [91.91]
GTLB , macd +, macd hist +, profit:  [-6.49], per:  [-12.3], now:  [46.27], buy:  [52.76]
HCP  , macd +, macd hist +, profit: [-25.87], per: [-47.64], now:  [28.43], buy:   [54.3]
-
     minus len:  27
     profit:       [], per:       [], per/len(m):       [], per/len(p+m):       []
-
==== total ====
     profit:       [], per:       [], per/len(p+m):       []
arg[0]: scraping/yahoo-finace-api2.py, arg[1]: stock-code-list/up-month.txt
===========================
scraping
===========================
START:  A
END:    0.5307900905609131
-
START:  AAON
END:    1.1275644302368164
-
START:  AAPL
END:    1.660417079925537
-
START:  ABG
END:    2.191072463989258
-
START:  ABT
END:    2.7646737098693848
-
START:  ACLS
END:    3.3268909454345703
-
START:  ACMR
END:    3.6422269344329834
-
START:  ACN
END:    4.1933019161224365
-
START:  ADBE
END:    4.744176864624023
-
START:  ADI
END:    5.3513453006744385
-
START:  ADP
END:    5.88424825668335
-
START:  ADSK
END:    6.402127981185913
-
START:  ADUS
END:    6.790652513504028
-
START:  AEE
END:    7.469409465789795
-
START:  AGYS
END:    7.978615760803223
-
START:  AIZ
END:    8.465823411941528
-
START:  AJG
END:    8.996630191802979
-
START:  AJRD
END:    9.593504905700684
-
START:  ALB
END:    10.227755069732666
-
START:  ALG
END:    10.71009349822998
-
START:  ALGN
END:    11.175798177719116
-
START:  ALLE
END:    11.5353262424469
-
START:  ALTR
END:    11.77851676940918
-
START:  AMAT
END:    12.33665132522583
-
START:  AMBA
END:    12.792835474014282
-
START:  AMD
END:    13.28208875656128
-
START:  AME
END:    13.947985649108887
-
START:  AMED
END:    14.38947582244873
-
START:  AMEH
END:    14.851170778274536
-
START:  AMGN
END:    15.314481973648071
-
START:  AMN
END:    15.86550760269165
-
START:  AMP
END:    16.348660945892334
-
START:  AMRC
END:    16.812795162200928
-
START:  AMSWA
END:    17.363816738128662
-
START:  AMTX
END:    17.876840353012085
-
START:  AMZN
END:    18.450011491775513
-
START:  AN
END:    18.97751235961914
-
START:  ANSS
END:    19.75702428817749
-
START:  ANTM
Not Found: No data found, symbol may be delisted
START:  AON
END:    20.50069499015808
-
START:  AOSL
END:    21.067056894302368
-
START:  APD
END:    21.630773544311523
-
START:  APH
END:    22.382415533065796
-
START:  APPF
END:    22.727534532546997
-
START:  APPN
END:    23.143228769302368
-
START:  APPS
END:    23.84390926361084
-
START:  AQN
END:    24.235857725143433
-
START:  ARCB
END:    24.815442085266113
-
START:  ARCT
END:    25.18643021583557
-
START:  ARES
END:    25.52371573448181
-
START:  ARGX
END:    25.795825004577637
-
START:  ARWR
END:    26.362754106521606
-
START:  ASML
END:    26.823530673980713
-
START:  ASPN
END:    27.266639232635498
-
START:  ATEC
END:    27.909821271896362
-
START:  ATEN
END:    28.338388442993164
-
START:  ATKR
END:    28.738940477371216
-
START:  ATOM
END:    29.029224395751953
-
START:  ATR
END:    29.7155122756958
-
START:  ATRC
END:    30.250338792800903
-
START:  AUDC
END:    30.752395629882812
-
START:  AUPH
END:    31.18283247947693
-
START:  AVAV
END:    31.646431922912598
-
START:  AVGO
END:    32.071460247039795
-
START:  AVID
END:    32.559935092926025
-
START:  AVNW
END:    33.151033878326416
-
START:  AVXL
END:    33.53442859649658
-
START:  AVY
END:    34.29589581489563
-
START:  AWK
END:    34.855149030685425
-
START:  AWR
END:    35.332984924316406
-
START:  AXON
END:    35.94613242149353
-
START:  AZO
END:    36.44042158126831
-
START:  AZPN
END:    36.879966259002686
-
START:  BAH
END:    37.26481795310974
-
START:  BAM
END:    37.45466160774231
-
START:  BAX
END:    38.150827407836914
-
START:  BBH
END:    38.777493715286255
-
START:  BBQ
END:    39.44016242027283
-
START:  BBY
END:    40.069080114364624
-
START:  BCPC
END:    40.602970123291016
-
START:  BDX
END:    41.27994179725647
-
START:  BEEM
END:    41.65572118759155
-
START:  BFAM
END:    42.10376310348511
-
START:  BFC
END:    42.64424800872803
-
START:  BGFV
END:    43.23539447784424
-
START:  BGNE
END:    43.532958984375
-
START:  BHVN
END:    43.739542722702026
-
START:  BIO
END:    44.16316223144531
-
START:  BL
END:    44.44009876251221
-
START:  BLD
END:    44.850789308547974
-
START:  BLDP
END:    45.38026142120361
-
START:  BLDR
END:    45.93884229660034
-
START:  BLFS
END:    46.40360927581787
-
START:  BLK
END:    47.0317177772522
-
START:  BLL
Not Found: No data found, symbol may be delisted
START:  BLNK
END:    47.64559197425842
-
START:  BMI
END:    48.16983699798584
-
START:  BOOT
END:    48.502495527267456
-
START:  BOTZ
END:    48.861528635025024
-
START:  BR
END:    49.27483105659485
-
START:  BRKR
END:    50.01434922218323
-
START:  BRKS
Not Found: No data found, symbol may be delisted
START:  BRO
END:    50.97253131866455
-
START:  BURL
END:    51.271790981292725
-
START:  BX
END:    52.04530453681946
-
START:  CABO
END:    52.43985891342163
-
START:  CACI
END:    52.99970769882202
-
START:  CALX
END:    53.3697235584259
-
START:  CAMT
END:    53.93152618408203
-
START:  CAR
END:    54.6173894405365
-
START:  CBRE
END:    55.22239947319031
-
START:  CBSH
END:    55.76885676383972
-
START:  CBZ
END:    56.243855237960815
-
START:  CCOI
END:    56.7655553817749
-
START:  CCS
END:    57.282209634780884
-
START:  CDMO
END:    57.766788721084595
-
START:  CDNA
END:    58.17946124076843
-
START:  CDNS
END:    58.786531925201416
-
START:  CDW
END:    59.23631715774536
-
START:  CELH
END:    59.615041971206665
-
START:  CGNX
END:    60.181270122528076
-
START:  CHD
END:    60.76295018196106
-
START:  CHDN
END:    61.403395891189575
-
START:  CHE
END:    62.21652698516846
-
START:  CHGG
END:    62.54858064651489
-
START:  CHH
END:    63.23212456703186
-
START:  CHKP
END:    63.679205894470215
-
START:  CHTR
END:    64.06520700454712
-
START:  CIEN
END:    64.85893416404724
-
START:  CLAR
END:    65.33383464813232
-
START:  CLFD
END:    65.79369449615479
-
START:  CLGN
END:    66.1309540271759
-
START:  CLNE
END:    66.54867625236511
-
START:  CLPT
END:    67.07846021652222
-
START:  CLX
END:    67.85134148597717
-
START:  CMCSA
END:    68.35483121871948
-
START:  CMG
END:    68.80289316177368
-
START:  CMS
END:    69.31750917434692
-
START:  CNC
END:    69.91990065574646
-
START:  CNI
END:    70.5887942314148
-
START:  CNMD
END:    71.09691762924194
-
START:  CNS
END:    71.5592942237854
-
START:  CNXN
END:    72.00964164733887
-
START:  COO
END:    72.88512849807739
-
START:  COST
END:    73.47207546234131
-
START:  COUP
END:    73.88048362731934
-
START:  COWN
END:    74.33759593963623
-
START:  CP
END:    75.02443480491638
-
START:  CPK
END:    75.67464804649353
-
START:  CPRT
END:    76.25706267356873
-
START:  CPSH
END:    76.82816696166992
-
START:  CRAI
END:    77.46577787399292
-
START:  CREE
Not Found: No data found, symbol may be delisted
START:  CRL
END:    78.09652400016785
-
START:  CRM
END:    78.7137382030487
-
START:  CRMT
END:    79.16002035140991
-
START:  CROX
END:    79.57121562957764
-
START:  CRSP
END:    79.96345853805542
-
START:  CRVL
END:    80.55373215675354
-
START:  CSGP
END:    81.17564296722412
-
START:  CSL
END:    81.66726422309875
-
START:  CSWI
END:    82.05912375450134
-
START:  CSX
END:    82.76811265945435
-
START:  CTAS
END:    83.41830897331238
-
START:  CTLT
END:    83.71730446815491
-
START:  CTRN
END:    84.24371933937073
-
START:  CURE
END:    84.82321667671204
-
START:  CVCO
END:    85.42326140403748
-
START:  CVNA
END:    85.72637891769409
-
START:  CWST
END:    86.1704523563385
-
START:  CWT
END:    86.78134179115295
-
START:  CXSE
END:    87.23493909835815
-
START:  CYBR
END:    87.55828619003296
-
START:  CYRX
END:    87.99384951591492
-
START:  CYTK
END:    88.50263953208923
-
START:  DAC
END:    89.01830792427063
-
START:  DAR
END:    89.55986547470093
-
START:  DAVA
END:    89.96005773544312
-
START:  DDS
END:    90.7313506603241
-
START:  DE
END:    91.44749188423157
-
START:  DECK
END:    92.17921662330627
-
START:  DELL
END:    92.76008534431458
-
START:  DFIN
END:    93.20679235458374
-
START:  DG
END:    93.74421262741089
-
START:  DGRW
END:    94.09263634681702
-
START:  DHI
END:    94.66556882858276
-
START:  DHR
END:    95.20682072639465
-
START:  DIA
END:    95.89891481399536
-
START:  DIOD
END:    96.63207244873047
-
START:  DIS
END:    97.31636428833008
-
START:  DKS
END:    97.97997117042542
-
START:  DLN
END:    98.52422976493835
-
START:  DNLI
END:    98.84819316864014
-
START:  DOMO
END:    99.23017263412476
-
START:  DOV
END:    99.8265151977539
-
START:  DPZ
END:    100.36533069610596
-
START:  DQ
END:    100.71395444869995
-
START:  DRD
END:    101.19137120246887
-
START:  DRIO
END:    101.57259798049927
-
START:  DRNA
Not Found: No data found, symbol may be delisted
START:  DSGX
END:    102.27342915534973
-
START:  DVAX
END:    102.73295307159424
-
START:  DXCM
END:    103.37664675712585
-
START:  ECL
END:    103.90872168540955
-
START:  EFX
END:    104.44531059265137
-
START:  EGAN
END:    104.8955147266388
-
START:  EHC
END:    105.35826063156128
-
START:  EL
END:    105.8695456981659
-
START:  ENPH
END:    106.2802357673645
-
START:  ENSG
END:    106.83567929267883
-
START:  ENTG
END:    107.31618547439575
-
START:  ENV
END:    107.79472088813782
-
START:  EPAM
END:    108.30625629425049
-
START:  ERIE
END:    108.94061732292175
-
START:  ES
END:    109.44005274772644
-
START:  ESE
END:    110.08228969573975
-
START:  ETN
END:    110.77748107910156
-
START:  ETSY
END:    111.05581760406494
-
START:  EVBG
END:    111.33541584014893
-
START:  EVTC
END:    111.83685159683228
-
START:  EW
END:    112.61865568161011
-
START:  EWT
END:    113.2152943611145
-
START:  EXAS
END:    113.84419417381287
-
START:  EXLS
END:    114.42594599723816
-
START:  EXPD
END:    115.10903215408325
-
START:  EXPI
END:    115.43368911743164
-
START:  EXPO
END:    115.91172218322754
-
START:  FAST
END:    116.58083844184875
-
START:  FATE
END:    116.99446511268616
-
START:  FB
Not Found: No data found, symbol may be delisted
START:  FCN
END:    117.81009221076965
-
START:  FCX
END:    118.41876673698425
-
START:  FDN
END:    119.33188056945801
-
START:  FDS
END:    120.00315499305725
-
START:  FELE
END:    120.64293098449707
-
START:  FFIN
END:    121.29064440727234
-
START:  FICO
END:    121.84146118164062
-
START:  FINX
END:    122.3524878025055
-
START:  FIS
END:    123.08884978294373
-
START:  FISV
END:    123.68191742897034
-
START:  FIVE
END:    124.11929154396057
-
START:  FIVN
END:    124.4736111164093
-
START:  FLGT
END:    124.86180210113525
-
START:  FLT
END:    125.22634291648865
-
START:  FLWS
END:    125.78722810745239
-
START:  FN
END:    126.32980132102966
-
START:  FND
END:    126.66827154159546
-
START:  FNV
END:    127.11937117576599
-
START:  FORM
END:    127.63855528831482
-
START:  FOXF
END:    127.97237753868103
-
START:  FPX
END:    128.39629769325256
-
START:  FRC
END:    128.7772994041443
-
START:  FRHC
END:    129.05141592025757
-
START:  FRPT
END:    129.5714569091797
-
START:  FSS
END:    130.18794322013855
-
START:  FTNT
END:    130.6542785167694
-
START:  FUV
END:    131.00619339942932
-
START:  GDEN
END:    131.47471523284912
-
START:  GFI
END:    132.13512444496155
-
START:  GGG
END:    132.72943592071533
-
START:  GIB
END:    133.35106253623962
-
START:  GLDD
END:    133.80859994888306
-
START:  GLOB
END:    134.34367656707764
-
START:  GMAB
END:    134.86167931556702
-
START:  GME
END:    135.40449357032776
-
START:  GMED
END:    135.88039898872375
-
START:  GNRC
END:    136.36314582824707
-
START:  GNSS
END:    136.92317032814026
-
START:  GNTX
END:    137.55299496650696
-
START:  GOLF
END:    137.9617133140564
-
START:  GOOG
END:    138.97966933250427
-
START:  GOOGL
END:    139.48610591888428
-
START:  GPI
END:    139.98271989822388
-
START:  GPN
END:    140.6070840358734
-
START:  GRBK
END:    141.10782837867737
-
START:  GRMN
END:    141.56580090522766
-
START:  GRVY
END:    142.08614373207092
-
START:  GRWG
END:    142.4487283229828
-
START:  GWRE
END:    142.9168095588684
-
START:  HACK
END:    143.44908785820007
-
START:  HALO
END:    143.9510624408722
-
START:  HCI
END:    144.436368227005
-
START:  HD
END:    144.95235085487366
-
START:  HEI
END:    145.78056287765503
-
START:  HELE
END:    146.38655281066895
-
START:  HIBB
END:    147.02040791511536
-
START:  HLI
END:    147.415522813797
-
START:  HLT
END:    147.77658987045288
-
START:  HOLX
END:    148.30390810966492
-
START:  HON
END:    148.89715147018433
-
START:  HOV
END:    149.57229804992676
-
START:  HRC
Not Found: No data found, symbol may be delisted
START:  HRI
END:    150.22331261634827
-
START:  HSKA
END:    150.7491636276245
-
START:  HTHT
END:    151.10692501068115
-
START:  HUBS
END:    151.4578058719635
-
START:  HUM
END:    152.1964807510376
-
START:  HZNP
END:    152.66435313224792
-
START:  IAC
END:    153.1799614429474
-
START:  IBP
END:    153.60671281814575
-
START:  ICE
END:    154.06953167915344
-
START:  ICLN
END:    154.59087133407593
-
START:  ICLR
END:    155.06856989860535
-
START:  IDT
END:    155.87056875228882
-
START:  IDXX
END:    156.34255957603455
-
START:  IESC
END:    156.76735401153564
-
START:  IEX
END:    157.5182225704193
-
START:  ILMN
END:    157.98115134239197
-
START:  INFO
Not Found: No data found, symbol may be delisted
START:  INOV
Not Found: No data found, symbol may be delisted
START:  INSP
END:    158.670494556427
-
START:  INTC
END:    159.15487122535706
-
START:  INTU
END:    159.9157886505127
-
START:  INTZ
END:    160.38435888290405
-
START:  INVE
END:    160.9829022884369
-
START:  IOO
END:    161.57957196235657
-
START:  IQV
END:    162.0176329612732
-
START:  IRDM
END:    162.68954348564148
-
START:  IRMD
END:    163.0269272327423
-
START:  ISEE
END:    163.35930562019348
-
START:  ISRG
END:    164.0249342918396
-
START:  IT
END:    164.66438627243042
-
START:  ITT
END:    165.18809604644775
-
START:  ITW
END:    165.82120656967163
-
START:  IVOG
END:    166.45347666740417
-
START:  IVV
END:    166.98478436470032
-
START:  IXJ
END:    167.73548793792725
-
START:  IXN
END:    168.47030329704285
-
START:  J
END:    169.00050449371338
-
START:  JBL
END:    169.63125777244568
-
START:  JBSS
END:    170.14533233642578
-
START:  JD
END:    170.4912121295929
-
START:  JKHY
END:    171.09514117240906
-
START:  JKS
END:    171.47555828094482
-
START:  JNJ
END:    172.17827153205872
-
START:  JOE
END:    172.8389115333557
-
START:  JOUT
END:    173.32741618156433
-
START:  JYNT
END:    173.66675281524658
-
START:  KAI
END:    174.33041429519653
-
START:  KBH
END:    174.98957705497742
-
START:  KBR
END:    175.7511806488037
-
START:  KDMN
Not Found: No data found, symbol may be delisted
START:  KEYS
END:    176.45510005950928
-
START:  KLAC
END:    177.0383608341217
-
START:  KLIC
END:    177.48846793174744
-
START:  KMX
END:    178.0759723186493
-
START:  KNSL
END:    178.46948409080505
-
START:  KOPN
END:    179.11595702171326
-
START:  KOSS
END:    179.70184779167175
-
START:  KRNT
END:    180.0387716293335
-
START:  KSU
Not Found: No data found, symbol may be delisted
START:  KTOS
END:    180.74295091629028
-
START:  LAC
END:    181.19183254241943
-
START:  LAD
END:    181.7752935886383
-
START:  LANC
END:    182.38958764076233
-
START:  LAWS
Not Found: No data found, symbol may be delisted
START:  LDOS
END:    183.08613634109497
-
START:  LFMD
END:    183.480961561203
-
START:  LGIH
END:    183.804603099823
-
START:  LH
END:    184.3121771812439
-
START:  LHCG
END:    184.9190275669098
-
START:  LHX
END:    185.55384945869446
-
START:  LII
END:    186.04006338119507
-
START:  LIN
END:    186.5366735458374
-
START:  LINC
END:    187.17250037193298
-
START:  LIT
END:    187.65770149230957
-
START:  LLY
END:    188.2775640487671
-
START:  LMT
END:    188.835125207901
-
START:  LNT
END:    189.52053213119507
-
START:  LOB
END:    190.0311644077301
-
START:  LOGI
END:    190.82567477226257
-
START:  LOVE
END:    191.06395292282104
-
START:  LOW
END:    191.84370279312134
-
START:  LPLA
END:    192.31747126579285
-
START:  LPSN
END:    192.86301231384277
-
START:  LQDT
END:    193.2458143234253
-
START:  LRCX
END:    193.73603177070618
-
START:  LSCC
END:    194.31013584136963
-
START:  LSTR
END:    194.80382442474365
-
START:  LULU
END:    195.29173755645752
-
START:  LUNA
END:    195.83244490623474
-
START:  MA
END:    196.53483891487122
-
START:  MANH
END:    197.1372833251953
-
START:  MANT
Not Found: No data found, symbol may be delisted
START:  MARA
END:    197.6385657787323
-
START:  MASI
END:    198.04415607452393
-
START:  MATX
END:    198.65771627426147
-
START:  MBUU
END:    198.9910740852356
-
START:  MCD
END:    199.67690539360046
-
START:  MCHP
END:    200.17325353622437
-
START:  MCO
END:    200.68905878067017
-
START:  MDB
END:    201.0358407497406
-
START:  MDT
END:    201.81901788711548
-
START:  MEDP
END:    202.21125197410583
-
START:  MEDS
END:    202.57172679901123
-
START:  MELI
END:    203.0008749961853
-
START:  MGC
END:    203.61957669258118
-
START:  MGIC
END:    204.10486793518066
-
START:  MGK
END:    204.54512691497803
-
START:  MGNI
END:    204.82782125473022
-
START:  MHO
END:    205.43086099624634
-
START:  MIME
Not Found: No data found, symbol may be delisted
START:  MITK
END:    206.14661026000977
-
START:  MKC
END:    206.70128083229065
-
START:  MKSI
END:    207.34861135482788
-
START:  MKTX
END:    207.7915186882019
-
START:  MLAB
END:    208.3281500339508
-
START:  MLR
END:    209.06551432609558
-
START:  MMC
END:    209.85388898849487
-
START:  MMS
END:    210.40560674667358
-
START:  MNMD
END:    210.82194018363953
-
START:  MNST
END:    211.29032135009766
-
START:  MODN
END:    211.6808362007141
-
START:  MODV
END:    212.31952023506165
-
START:  MOH
END:    212.8129847049713
-
START:  MORN
END:    213.38776397705078
-
START:  MPWR
END:    213.81683039665222
-
START:  MRTX
END:    214.25127911567688
-
START:  MRVL
END:    214.7571668624878
-
START:  MS
END:    215.40339708328247
-
START:  MSA
END:    216.06388568878174
-
START:  MSCI
END:    216.67159223556519
-
START:  MSEX
END:    217.36225199699402
-
START:  MSFT
END:    217.96844601631165
-
START:  MSI
END:    218.62377047538757
-
START:  MSTR
END:    219.1824700832367
-
START:  MTBC
END:    219.59187579154968
-
START:  MTCH
END:    220.15925931930542
-
START:  MTD
END:    220.89353203773499
-
START:  MTEX
END:    221.504652261734
-
START:  MTH
END:    221.9917299747467
-
START:  MTLS
END:    222.41019916534424
-
START:  MTSI
END:    222.833735704422
-
START:  MU
END:    223.30663776397705
-
START:  MUSA
END:    223.7530677318573
-
START:  MVIS
END:    224.23016047477722
-
START:  MXL
END:    224.5953688621521
-
START:  MYRG
END:    225.08320355415344
-
START:  NBIX
END:    225.69704008102417
-
START:  NCBS
Not Found: No data found, symbol may be delisted
START:  NDAQ
END:    226.39016032218933
-
START:  NDSN
END:    227.22538781166077
-
START:  NEE
END:    227.9324824810028
-
START:  NEO
END:    228.50100827217102
-
START:  NEOG
END:    229.02363443374634
-
START:  NFLX
END:    229.59793376922607
-
START:  NICE
END:    230.23839831352234
-
START:  NISN
END:    230.52081537246704
-
START:  NKE
END:    231.31617188453674
-
START:  NOVT
END:    231.91828060150146
-
START:  NOW
END:    232.25179028511047
-
START:  NSC
END:    232.9238691329956
-
START:  NSIT
END:    233.66403031349182
-
START:  NSSC
END:    234.2720775604248
-
START:  NSTG
END:    234.59089827537537
-
START:  NTLA
END:    235.10178685188293
-
START:  NTRA
END:    235.5231819152832
-
START:  NUAN
Not Found: No data found, symbol may be delisted
START:  NVCR
END:    236.00392127037048
-
START:  NVDA
END:    236.95175647735596
-
START:  NVMI
END:    237.53373384475708
-
START:  NVO
END:    238.18217277526855
-
START:  NVR
END:    238.6220898628235
-
START:  NXST
END:    239.20332503318787
-
START:  NYT
END:    239.71249842643738
-
START:  OBCI
Not Found: No data found, symbol may be delisted
START:  ODFL
END:    240.4326355457306
-
START:  OEF
END:    241.08252382278442
-
START:  OFLX
END:    241.70795917510986
-
START:  OLED
END:    242.30802202224731
-
START:  OMCL
END:    242.82995700836182
-
START:  ON
END:    243.6525194644928
-
START:  OOMA
END:    243.93970799446106
-
START:  OPRX
END:    244.33996272087097
-
START:  ORA
END:    244.78876495361328
-
START:  ORCL
END:    245.28245043754578
-
START:  ORLY
END:    245.80272793769836
-
START:  ORMP
END:    246.4520754814148
-
START:  OTEX
END:    247.18953800201416
-
START:  PACB
END:    247.5788094997406
-
START:  PAG
END:    248.2176215648651
-
START:  PANW
END:    248.52592849731445
-
START:  PAR
END:    248.98711109161377
-
START:  PAYC
END:    249.44130301475525
-
START:  PAYX
END:    250.20078825950623
-
START:  PBD
END:    250.78256034851074
-
START:  PCTY
END:    251.12601161003113
-
START:  PEGA
END:    251.79703903198242
-
START:  PEN
END:    252.20348596572876
-
START:  PENN
END:    252.72758436203003
-
START:  PEP
END:    253.22934103012085
-
START:  PERI
END:    253.75909900665283
-
START:  PFSI
END:    254.11780619621277
-
START:  PGR
END:    254.65436005592346
-
START:  PH
END:    255.26301550865173
-
START:  PHM
END:    255.81235265731812
-
START:  PKI
END:    256.426997423172
-
START:  PLL
END:    256.6856303215027
-
START:  PLNT
END:    257.18462920188904
-
START:  PLUG
END:    257.9098160266876
-
START:  PLXS
END:    258.55812215805054
-
START:  PODD
END:    259.0378563404083
-
START:  POOL
END:    259.5068099498749
-
START:  POWI
END:    259.9797132015228
-
START:  PRFT
END:    260.50961351394653
-
START:  PRI
END:    261.00623536109924
-
START:  PRTA
END:    261.4356529712677
-
START:  PRTS
END:    261.94800567626953
-
START:  PTSI
END:    262.42519211769104
-
START:  PWR
END:    263.019327878952
-
START:  PYPL
END:    263.37298488616943
-
START:  QADA
Not Found: No data found, symbol may be delisted
START:  QCLN
END:    264.1082441806793
-
START:  QDEL
END:    264.8212184906006
-
START:  QGEN
END:    265.3808538913727
-
START:  QLYS
END:    265.74199986457825
-
START:  QQQ
END:    266.49251532554626
-
START:  QRVO
END:    266.85366010665894
-
START:  QTWO
END:    267.3133909702301
-
START:  RADA
END:    267.97907972335815
-
START:  RAMP
END:    268.4266264438629
-
START:  RBA
END:    268.9800455570221
-
START:  RCII
END:    269.65054416656494
-
START:  RCKY
END:    270.2739984989166
-
START:  RDNT
END:    270.8107841014862
-
START:  RDVT
END:    271.1365821361542
-
START:  RDWR
END:    271.64771795272827
-
START:  REGI
END:    271.9565372467041
-
START:  RENN
END:    272.3370912075043
-
START:  RGEN
END:    272.80983543395996
-
START:  RH
END:    273.1513192653656
-
START:  RILY
END:    273.6282060146332
-
START:  RIOT
END:    274.06954407691956
-
START:  RLI
END:    274.7874708175659
-
START:  RLMD
END:    275.2047424316406
-
START:  RMD
END:    275.7956819534302
-
START:  RNG
END:    276.2391254901886
-
START:  ROBO
END:    276.7820041179657
-
START:  ROCK
END:    277.3156659603119
-
START:  ROK
END:    277.96613073349
-
START:  ROKU
END:    278.3246431350708
-
START:  ROL
END:    278.9610438346863
-
START:  ROP
END:    279.546106338501
-
START:  ROST
END:    280.1880874633789
-
START:  RPD
END:    280.5252592563629
-
START:  RPM
END:    281.05050110816956
-
START:  RSG
END:    281.5387761592865
-
START:  RTH
END:    282.03320026397705
-
START:  RUN
END:    282.3961639404297
-
START:  RXI
END:    283.1240065097809
-
START:  SAIA
END:    283.59628558158875
-
START:  SAIC
END:    284.0484046936035
-
START:  SAM
END:    284.53910088539124
-
START:  SAVA
END:    284.9911208152771
-
START:  SCI
END:    285.5273983478546
-
START:  SCL
END:    286.1302993297577
-
START:  SE
END:    286.44605016708374
-
START:  SEAS
END:    286.9087932109833
-
START:  SEDG
END:    287.2197616100311
-
START:  SFBS
END:    287.6468675136566
-
START:  SGEN
END:    288.12779998779297
-
START:  SGMS
Not Found: No data found, symbol may be delisted
START:  SGRY
END:    288.62305998802185
-
START:  SHOP
END:    288.9879686832428
-
START:  SHW
END:    289.7832064628601
-
START:  SHYF
END:    290.4842164516449
-
START:  SITE
END:    290.7881555557251
-
START:  SIVB
END:    291.24884152412415
-
START:  SJW
END:    291.81778478622437
-
START:  SKY
END:    292.43331813812256
-
START:  SLAB
END:    292.8987605571747
-
START:  SLP
END:    293.5254337787628
-
START:  SMH
END:    294.0654230117798
-
START:  SMTC
END:    294.638427734375
-
START:  SNAP
END:    294.93831634521484
-
START:  SNPS
END:    295.4192111492157
-
START:  SOCL
END:    295.961909532547
-
START:  SOXL
END:    296.4160523414612
-
START:  SPGI
END:    297.00424361228943
-
START:  SPLG
END:    297.6353576183319
-
START:  SPLK
END:    298.069619178772
-
START:  SPNS
END:    298.65723872184753
-
START:  SPSC
END:    299.0642430782318
-
START:  SPTM
END:    299.7034146785736
-
START:  SPWH
END:    300.00360345840454
-
START:  SPWR
END:    300.4711036682129
-
START:  SPXC
END:    301.01576375961304
-
START:  SPXL
END:    301.40000200271606
-
START:  SPY
END:    301.98799538612366
-
START:  SPYG
END:    302.71985936164856
-
START:  SQ
END:    303.15128231048584
-
START:  SSD
END:    303.74824476242065
-
START:  SSNC
END:    304.24833273887634
-
START:  SSTK
END:    304.64496207237244
-
START:  STAA
END:    305.10804271698
-
START:  STE
END:    305.6624982357025
-
START:  SUSA
END:    306.14811611175537
-
START:  SYK
END:    306.85984659194946
-
START:  SYNA
END:    307.53634905815125
-
START:  TBBK
END:    308.04465651512146
-
START:  TBK
END:    308.45044708251953
-
START:  TDG
END:    308.96146392822266
-
START:  TDOC
END:    309.2604627609253
-
START:  TDY
END:    309.73884105682373
-
START:  TEAM
END:    310.08318519592285
-
START:  TECH
END:    310.70275044441223
-
START:  TECL
END:    311.1411283016205
-
START:  TER
END:    311.880291223526
-
START:  TFX
END:    312.5361325740814
-
START:  TGH
END:    313.03005719184875
-
START:  TGLS
END:    313.411495923996
-
START:  TGT
END:    314.0613112449646
-
START:  TGTX
END:    314.52416491508484
-
START:  THC
END:    314.9761652946472
-
START:  TJX
END:    315.77362966537476
-
START:  TMO
END:    316.3711564540863
-
START:  TMUS
END:    316.89823484420776
-
START:  TNDM
END:    317.34177231788635
-
START:  TNET
END:    317.75450468063354
-
START:  TPX
END:    318.1872720718384
-
START:  TREX
END:    318.6147475242615
-
START:  TRI
END:    319.12977838516235
-
START:  TRIL
Not Found: No data found, symbol may be delisted
START:  TRMB
END:    319.874915599823
-
START:  TRNS
END:    320.4792220592499
-
START:  TROW
END:    320.97168016433716
-
START:  TRU
END:    321.36903524398804
-
START:  TRUP
END:    321.93539690971375
-
START:  TSCO
END:    322.4118733406067
-
START:  TSLA
END:    322.93983697891235
-
START:  TSM
END:    323.4563000202179
-
START:  TT
END:    324.0862810611725
-
START:  TTC
END:    324.7880563735962
-
START:  TTD
END:    325.1002662181854
-
START:  TTEC
END:    325.7277979850769
-
START:  TTEK
END:    326.4649827480316
-
START:  TTGT
END:    326.9513211250305
-
START:  TTWO
END:    327.3901262283325
-
START:  TWLO
END:    327.79079937934875
-
START:  TXN
END:    328.50093817710876
-
START:  TYL
END:    329.1060435771942
-
START:  UCTT
END:    329.5626275539398
-
START:  UFPI
END:    330.2851777076721
-
START:  UFPT
END:    330.7984483242035
-
START:  UI
END:    331.3668029308319
-
START:  UMC
END:    331.9459011554718
-
START:  UNF
END:    332.4218349456787
-
START:  UNH
END:    333.1958649158478
-
START:  UNP
END:    333.86189246177673
-
START:  UPLD
END:    334.27605748176575
-
START:  URI
END:    334.75914764404297
-
START:  V
END:    335.38129711151123
-
START:  VALU
END:    335.8732719421387
-
START:  VBK
END:    336.4036536216736
-
START:  VCEL
END:    336.8211464881897
-
START:  VCR
END:    337.4265630245209
-
START:  VCTR
END:    337.68656182289124
-
START:  VCYT
END:    338.07372546195984
-
START:  VDC
END:    338.67171573638916
-
START:  VEEV
END:    339.0163345336914
-
START:  VERU
END:    339.52511501312256
-
START:  VGT
END:    340.25659918785095
-
START:  VHT
END:    340.7920949459076
-
START:  VIAV
END:    341.4068386554718
-
START:  VICR
END:    342.0715363025665
-
START:  VIG
END:    342.52920508384705
-
START:  VO
END:    342.99404740333557
-
START:  VONE
END:    343.58132147789
-
START:  VONG
END:    343.9467074871063
-
START:  VOO
END:    344.50674510002136
-
START:  VOOG
END:    344.87993001937866
-
START:  VOOV
END:    345.2429220676422
-
START:  VOT
END:    345.6629400253296
-
START:  VPU
END:    346.4231629371643
-
START:  VRNS
END:    346.7575123310089
-
START:  VRSK
END:    347.24888586997986
-
START:  VRSN
END:    347.8417294025421
-
START:  VRTV
END:    348.368248462677
-
START:  VSTO
END:    348.74314856529236
-
START:  VTHR
END:    349.13613724708557
-
START:  VTI
END:    349.65453004837036
-
START:  VTNR
END:    350.07120394706726
-
START:  VTWG
END:    350.555371761322
-
START:  VUG
END:    351.0301125049591
-
START:  VV
END:    351.51582050323486
-
START:  VXF
END:    352.0626094341278
-
START:  WCN
END:    352.54976511001587
-
START:  WD
END:    352.9975597858429
-
START:  WDAY
END:    353.3458354473114
-
START:  WDFC
END:    353.98283100128174
-
START:  WEC
END:    354.56297397613525
-
START:  WEN
END:    355.34014534950256
-
START:  WINA
END:    355.9520990848541
-
START:  WING
END:    356.282922744751
-
START:  WIRE
END:    356.72461676597595
-
START:  WIX
END:    357.05524373054504
-
START:  WK
END:    357.5380275249481
-
START:  WLTW
Not Found: No data found, symbol may be delisted
START:  WM
END:    358.2447581291199
-
START:  WMS
END:    358.7044999599457
-
START:  WNS
END:    359.19398260116577
-
START:  WRB
END:    359.8040337562561
-
START:  WSC
END:    360.27915024757385
-
START:  WSM
END:    360.8304693698883
-
START:  WST
END:    361.52145409584045
-
START:  WTRG
END:    362.1553575992584
-
START:  WTS
END:    362.6871395111084
-
START:  XEL
END:    363.3446834087372
-
START:  XENE
END:    363.6927628517151
-
START:  XLK
END:    364.34058475494385
-
START:  XLNX
Not Found: No data found, symbol may be delisted
START:  XLP
END:    365.164498090744
-
START:  XLRN
Not Found: No data found, symbol may be delisted
START:  XLU
END:    365.8482027053833
-
START:  XLV
END:    366.2923412322998
-
START:  XLY
END:    367.04375648498535
-
START:  XYL
END:    367.39555191993713
-
START:  YNDX
END:    367.84903931617737
-
START:  YORW
END:    368.42010402679443
-
START:  YUM
END:    368.99393343925476
-
START:  Z
END:    369.3427424430847
-
START:  ZBRA
END:    369.9556622505188
-
START:  ZEN
END:    370.3775703907013
-
START:  ZLAB
END:    370.7103250026703
-
START:  ZNGA
Not Found: No data found, symbol may be delisted
START:  ZS
END:    371.1273317337036
-
START:  ZTS
END:    371.4797489643097
-
START:  ZYXI
END:    371.89623522758484
-
===========================
MACD golden cross
===========================
START:  code
START:  A
START:  AAON
START:  AAPL
START:  ABG
START:  ABT
START:  ACLS
START:  ACMR
START:  ACN
START:  ADBE
START:  ADI
START:  ADP
START:  ADSK
START:  ADUS
START:  AEE
START:  AGYS
START:  AIZ
START:  AJG
START:  AJRD
START:  ALB
START:  ALG
START:  ALGN
START:  ALLE
START:  ALTR
START:  AMAT
START:  AMBA
START:  AMD
START:  AME
START:  AMED
START:  AMEH
START:  AMGN
START:  AMN
START:  AMP
START:  AMRC
START:  AMSWA
START:  AMTX
START:  AMZN
START:  AN
START:  ANSS
START:  ANTM
START:  AON
START:  AOSL
START:  APD
START:  APH
START:  APPF
START:  APPN
START:  APPS
START:  AQN
START:  ARCB
START:  ARCT
START:  ARES
START:  ARGX
START:  ARWR
START:  ASML
START:  ASPN
START:  ATEC
START:  ATEN
START:  ATKR
START:  ATOM
START:  ATR
START:  ATRC
START:  AUDC
START:  AUPH
START:  AVAV
START:  AVGO
START:  AVID
START:  AVNW
START:  AVXL
START:  AVY
START:  AWK
START:  AWR
START:  AXON
START:  AZO
START:  AZPN
START:  BAH
START:  BAM
START:  BAX
START:  BBH
START:  BBQ
START:  BBY
START:  BCPC
START:  BDX
START:  BEEM
START:  BFAM
START:  BFC
START:  BGFV
START:  BGNE
START:  BHVN
START:  BIO
START:  BL
START:  BLD
START:  BLDP
START:  BLDR
START:  BLFS
START:  BLK
START:  BLL
START:  BLNK
START:  BMI
START:  BOOT
START:  BOTZ
START:  BR
START:  BRKR
START:  BRKS
START:  BRO
START:  BURL
START:  BX
START:  CABO
START:  CACI
START:  CALX
START:  CAMT
START:  CAR
START:  CBRE
START:  CBSH
START:  CBZ
START:  CCOI
START:  CCS
START:  CDMO
START:  CDNA
START:  CDNS
START:  CDW
START:  CELH
START:  CGNX
START:  CHD
START:  CHDN
START:  CHE
START:  CHGG
START:  CHH
START:  CHKP
START:  CHTR
START:  CIEN
START:  CLAR
START:  CLFD
START:  CLGN
START:  CLNE
START:  CLPT
START:  CLX
START:  CMCSA
START:  CMG
START:  CMS
START:  CNC
START:  CNI
START:  CNMD
START:  CNS
START:  CNXN
START:  COO
START:  COST
START:  COUP
START:  COWN
START:  CP
START:  CPK
START:  CPRT
START:  CPSH
START:  CRAI
START:  CREE
START:  CRL
START:  CRM
START:  CRMT
START:  CROX
START:  CRSP
START:  CRVL
START:  CSGP
START:  CSL
START:  CSWI
START:  CSX
START:  CTAS
START:  CTLT
START:  CTRN
START:  CURE
START:  CVCO
START:  CVNA
START:  CWST
START:  CWT
START:  CXSE
START:  CYBR
START:  CYRX
START:  CYTK
START:  DAC
START:  DAR
START:  DAVA
START:  DDS
START:  DE
START:  DECK
START:  DELL
START:  DFIN
START:  DG
START:  DGRW
START:  DHI
START:  DHR
START:  DIA
START:  DIOD
START:  DIS
START:  DKS
START:  DLN
START:  DNLI
START:  DOMO
START:  DOV
START:  DPZ
START:  DQ
START:  DRD
START:  DRIO
START:  DRNA
START:  DSGX
START:  DVAX
START:  DXCM
START:  ECL
START:  EFX
START:  EGAN
START:  EHC
START:  EL
START:  ENPH
START:  ENSG
START:  ENTG
START:  ENV
START:  EPAM
START:  ERIE
START:  ES
START:  ESE
START:  ETN
START:  ETSY
START:  EVBG
START:  EVTC
START:  EW
START:  EWT
START:  EXAS
START:  EXLS
START:  EXPD
START:  EXPI
START:  EXPO
START:  FAST
START:  FATE
START:  FB
START:  FCN
START:  FCX
START:  FDN
START:  FDS
START:  FELE
START:  FFIN
START:  FICO
START:  FINX
START:  FIS
START:  FISV
START:  FIVE
START:  FIVN
START:  FLGT
START:  FLT
START:  FLWS
START:  FN
START:  FND
START:  FNV
START:  FORM
START:  FOXF
START:  FPX
START:  FRC
START:  FRHC
START:  FRPT
START:  FSS
START:  FTNT
START:  FUV
START:  GDEN
START:  GFI
START:  GGG
START:  GIB
START:  GLDD
START:  GLOB
START:  GMAB
START:  GME
START:  GMED
START:  GNRC
START:  GNSS
START:  GNTX
START:  GOLF
START:  GOOG
START:  GOOGL
START:  GPI
START:  GPN
START:  GRBK
START:  GRMN
START:  GRVY
START:  GRWG
START:  GWRE
START:  HACK
START:  HALO
START:  HCI
START:  HD
START:  HEI
START:  HELE
START:  HIBB
START:  HLI
START:  HLT
START:  HOLX
START:  HON
START:  HOV
START:  HRC
START:  HRI
START:  HSKA
START:  HTHT
START:  HUBS
START:  HUM
START:  HZNP
START:  IAC
START:  IBP
START:  ICE
START:  ICLN
START:  ICLR
START:  IDT
START:  IDXX
START:  IESC
START:  IEX
START:  ILMN
START:  INFO
START:  INOV
START:  INSP
START:  INTC
START:  INTU
START:  INTZ
START:  INVE
START:  IOO
START:  IQV
START:  IRDM
START:  IRMD
START:  ISEE
START:  ISRG
START:  IT
START:  ITT
START:  ITW
START:  IVOG
START:  IVV
START:  IXJ
START:  IXN
START:  J
START:  JBL
START:  JBSS
START:  JD
START:  JKHY
START:  JKS
START:  JNJ
START:  JOE
START:  JOUT
START:  JYNT
START:  KAI
START:  KBH
START:  KBR
START:  KDMN
START:  KEYS
START:  KLAC
START:  KLIC
START:  KMX
START:  KNSL
START:  KOPN
START:  KOSS
START:  KRNT
START:  KSU
START:  KTOS
START:  LAC
START:  LAD
START:  LANC
START:  LAWS
START:  LDOS
START:  LFMD
START:  LGIH
START:  LH
START:  LHCG
START:  LHX
START:  LII
START:  LIN
START:  LINC
START:  LIT
START:  LLY
START:  LMT
START:  LNT
START:  LOB
START:  LOGI
START:  LOVE
START:  LOW
START:  LPLA
START:  LPSN
START:  LQDT
START:  LRCX
START:  LSCC
START:  LSTR
START:  LULU
START:  LUNA
START:  MA
START:  MANH
START:  MANT
START:  MARA
START:  MASI
START:  MATX
START:  MBUU
START:  MCD
START:  MCHP
START:  MCO
START:  MDB
START:  MDT
START:  MEDP
START:  MEDS
START:  MELI
START:  MGC
START:  MGIC
START:  MGK
START:  MGNI
START:  MHO
START:  MIME
START:  MITK
START:  MKC
START:  MKSI
START:  MKTX
START:  MLAB
START:  MLR
START:  MMC
START:  MMS
START:  MNMD
START:  MNST
START:  MODN
START:  MODV
START:  MOH
START:  MORN
START:  MPWR
START:  MRTX
START:  MRVL
START:  MS
START:  MSA
START:  MSCI
START:  MSEX
START:  MSFT
START:  MSI
START:  MSTR
START:  MTBC
START:  MTCH
START:  MTD
START:  MTEX
START:  MTH
START:  MTLS
START:  MTSI
START:  MU
START:  MUSA
START:  MVIS
START:  MXL
START:  MYRG
START:  NBIX
START:  NCBS
START:  NDAQ
START:  NDSN
START:  NEE
START:  NEO
START:  NEOG
START:  NFLX
START:  NICE
START:  NISN
START:  NKE
START:  NOVT
START:  NOW
START:  NSC
START:  NSIT
START:  NSSC
START:  NSTG
START:  NTLA
START:  NTRA
START:  NUAN
START:  NVCR
START:  NVDA
START:  NVMI
START:  NVO
START:  NVR
START:  NXST
START:  NYT
START:  OBCI
START:  ODFL
START:  OEF
START:  OFLX
START:  OLED
START:  OMCL
START:  ON
START:  OOMA
START:  OPRX
START:  ORA
START:  ORCL
START:  ORLY
START:  ORMP
START:  OTEX
START:  PACB
START:  PAG
START:  PANW
START:  PAR
START:  PAYC
START:  PAYX
START:  PBD
START:  PCTY
START:  PEGA
START:  PEN
START:  PENN
START:  PEP
START:  PERI
START:  PFSI
START:  PGR
START:  PH
START:  PHM
START:  PKI
START:  PLL
START:  PLNT
START:  PLUG
START:  PLXS
START:  PODD
START:  POOL
START:  POWI
START:  PRFT
START:  PRI
START:  PRTA
START:  PRTS
START:  PTSI
START:  PWR
START:  PYPL
START:  QADA
START:  QCLN
START:  QDEL
START:  QGEN
START:  QLYS
START:  QQQ
START:  QRVO
START:  QTWO
START:  RADA
START:  RAMP
START:  RBA
START:  RCII
START:  RCKY
START:  RDNT
START:  RDVT
START:  RDWR
START:  REGI
START:  RENN
START:  RGEN
START:  RH
START:  RILY
START:  RIOT
START:  RLI
START:  RLMD
START:  RMD
START:  RNG
START:  ROBO
START:  ROCK
START:  ROK
START:  ROKU
START:  ROL
START:  ROP
START:  ROST
START:  RPD
START:  RPM
START:  RSG
START:  RTH
START:  RUN
START:  RXI
START:  SAIA
START:  SAIC
START:  SAM
START:  SAVA
START:  SCI
START:  SCL
START:  SE
START:  SEAS
START:  SEDG
START:  SFBS
START:  SGEN
START:  SGMS
START:  SGRY
START:  SHOP
START:  SHW
START:  SHYF
START:  SITE
START:  SIVB
START:  SJW
START:  SKY
START:  SLAB
START:  SLP
START:  SMH
START:  SMTC
START:  SNAP
START:  SNPS
START:  SOCL
START:  SOXL
START:  SPGI
START:  SPLG
START:  SPLK
START:  SPNS
START:  SPSC
START:  SPTM
START:  SPWH
START:  SPWR
START:  SPXC
START:  SPXL
START:  SPY
START:  SPYG
START:  SQ
START:  SSD
START:  SSNC
START:  SSTK
START:  STAA
START:  STE
START:  SUSA
START:  SYK
START:  SYNA
START:  TBBK
START:  TBK
START:  TDG
START:  TDOC
START:  TDY
START:  TEAM
START:  TECH
START:  TECL
START:  TER
START:  TFX
START:  TGH
START:  TGLS
START:  TGT
START:  TGTX
START:  THC
START:  TJX
START:  TMO
START:  TMUS
START:  TNDM
START:  TNET
START:  TPX
START:  TREX
START:  TRI
START:  TRIL
START:  TRMB
START:  TRNS
START:  TROW
START:  TRU
START:  TRUP
START:  TSCO
START:  TSLA
START:  TSM
START:  TT
START:  TTC
START:  TTD
START:  TTEC
START:  TTEK
START:  TTGT
START:  TTWO
START:  TWLO
START:  TXN
START:  TYL
START:  UCTT
START:  UFPI
START:  UFPT
START:  UI
START:  UMC
START:  UNF
START:  UNH
START:  UNP
START:  UPLD
START:  URI
START:  V
START:  VALU
START:  VBK
START:  VCEL
START:  VCR
START:  VCTR
START:  VCYT
START:  VDC
START:  VEEV
START:  VERU
START:  VGT
START:  VHT
START:  VIAV
START:  VICR
START:  VIG
START:  VO
START:  VONE
START:  VONG
START:  VOO
START:  VOOG
START:  VOOV
START:  VOT
START:  VPU
START:  VRNS
START:  VRSK
START:  VRSN
START:  VRTV
START:  VSTO
START:  VTHR
START:  VTI
START:  VTNR
START:  VTWG
START:  VUG
START:  VV
START:  VXF
START:  WCN
START:  WD
START:  WDAY
START:  WDFC
START:  WEC
START:  WEN
START:  WINA
START:  WING
START:  WIRE
START:  WIX
START:  WK
START:  WLTW
START:  WM
START:  WMS
START:  WNS
START:  WRB
START:  WSC
START:  WSM
START:  WST
START:  WTRG
START:  WTS
START:  XEL
START:  XENE
START:  XLK
START:  XLNX
START:  XLP
START:  XLRN
START:  XLU
START:  XLV
START:  XLY
START:  XYL
START:  YNDX
START:  YORW
START:  YUM
START:  Z
START:  ZBRA
START:  ZEN
START:  ZLAB
START:  ZNGA
START:  ZS
START:  ZTS
START:  ZYXI
==== MACD golden cross ====
None
code: AMP      day: macd + hist + hist_1pre + ,  Week: macd + hist + hist_1pre - , Month: macd + hist + hist_1pre + , 
Trade --> code: AMP    BUY: 2008-01-31   55.31 SELL: 2008-07-31   42.50  macd:   -0.22 macd_count:   6 profit:  0.77
Trade --> code: AMP    BUY: 2010-04-30   46.36 SELL: 2016-02-29   83.95  macd:   -1.14 macd_count:  70 profit:  1.81
Trade --> code: AMP    BUY: 2017-02-28  131.50 SELL: 2019-01-31  126.60  macd:   -0.14 macd_count:  23 profit:  0.96
Trade --> code: AMP    BUY: 2019-04-30  146.77 SELL: 2020-04-30  114.94  macd:   -0.70 macd_count:  12 profit:  0.78
Trade --> code: AMP    BUY: 2020-06-30  150.04 SELL: 2023-01-31  333.25  macd:   23.79 macd_count:  32 profit:  2.22

code: CHKP     day: macd + hist + hist_1pre + ,  Week: macd + hist + hist_1pre - , Month: macd + hist + hist_1pre + , 
Trade --> code: CHKP   BUY: 2005-05-31   22.72 SELL: 2006-06-30   17.60  macd:   -0.13 macd_count:  13 profit:  0.77
Trade --> code: CHKP   BUY: 2006-12-31   21.92 SELL: 2008-12-31   18.99  macd:   -0.25 macd_count:  24 profit:  0.87
Trade --> code: CHKP   BUY: 2009-05-31   23.35 SELL: 2023-01-31  131.72  macd:    2.52 macd_count: 165 profit:  5.64

code: CPRT     day: macd + hist + hist_1pre + ,  Week: macd + hist + hist_1pre - , Month: macd + hist - hist_1pre - , 
Trade --> code: CPRT   BUY: 2005-05-31    3.10 SELL: 2009-01-31    3.01  macd:   -0.01 macd_count:  44 profit:  0.97
Trade --> code: CPRT   BUY: 2009-12-31    4.58 SELL: 2023-01-31   63.48  macd:    1.39 macd_count: 158 profit: 13.87

code: ESE      day: macd + hist + hist_1pre + ,  Week: macd + hist + hist_1pre - , Month: macd + hist + hist_1pre + , 
Trade --> code: ESE    BUY: 2005-05-31   42.38 SELL: 2007-08-31   32.87  macd:   -0.74 macd_count:  27 profit:  0.78
Trade --> code: ESE    BUY: 2008-05-31   51.51 SELL: 2008-11-30   30.58  macd:   -0.73 macd_count:   6 profit:  0.59
Trade --> code: ESE    BUY: 2011-05-31   37.57 SELL: 2011-08-31   30.87  macd:   -0.36 macd_count:   3 profit:  0.82
Trade --> code: ESE    BUY: 2012-07-31   36.01 SELL: 2013-08-31   30.65  macd:   -0.22 macd_count:  13 profit:  0.85
Trade --> code: ESE    BUY: 2014-10-31   38.02 SELL: 2022-02-28   69.57  macd:   -0.91 macd_count:  88 profit:  1.83
Trade --> code: ESE    BUY: 2023-01-31   93.33 SELL: 2023-01-31   93.33  macd:    0.52 macd_count:   1 profit:  1.00

code: FICO     day: macd + hist + hist_1pre + ,  Week: macd + hist + hist_1pre - , Month: macd + hist + hist_1pre + , 
Trade --> code: FICO   BUY: 2005-08-31   40.87 SELL: 2006-09-30   36.57  macd:   -0.08 macd_count:  13 profit:  0.89
Trade --> code: FICO   BUY: 2006-11-30   41.62 SELL: 2007-09-30   36.11  macd:   -0.04 macd_count:  10 profit:  0.87
Trade --> code: FICO   BUY: 2010-09-30   24.66 SELL: 2023-01-31  649.18  macd:   39.49 macd_count: 149 profit: 26.33

code: HLI      day: macd + hist + hist_1pre + ,  Week: macd + hist + hist_1pre - , Month: macd + hist - hist_1pre - , 
Trade --> code: HLI    BUY: 2017-12-31   45.43 SELL: 2023-01-31   97.01  macd:    4.49 macd_count:  62 profit:  2.14

code: HLT      day: macd + hist + hist_1pre + ,  Week: macd + hist + hist_1pre - , Month: macd + hist - hist_1pre - , 
Trade --> code: HLT    BUY: 2016-12-31   55.81 SELL: 2023-01-31  138.72  macd:    5.02 macd_count:  74 profit:  2.49

code: NOVT     day: macd + hist + hist_1pre + ,  Week: macd + hist + hist_1pre - , Month: macd + hist - hist_1pre - , 
Trade --> code: NOVT   BUY: 2005-05-31   23.40 SELL: 2006-08-31   27.00  macd:   -0.12 macd_count:  15 profit:  1.15
Trade --> code: NOVT   BUY: 2007-05-31   32.40 SELL: 2008-01-31   27.54  macd:   -0.10 macd_count:   8 profit:  0.85
Trade --> code: NOVT   BUY: 2011-02-28   12.91 SELL: 2012-10-31    7.77  macd:   -0.03 macd_count:  20 profit:  0.60
Trade --> code: NOVT   BUY: 2013-12-31   11.24 SELL: 2023-01-31  152.97  macd:    5.56 macd_count: 110 profit: 13.61

code: NUAN     day: macd + hist + hist_1pre + ,  Week: macd + hist + hist_1pre - , Month: macd + hist - hist_1pre - , 
Trade --> code: NUAN   BUY: 2005-11-30    5.38 SELL: 2008-11-30    7.94  macd:   -0.14 macd_count:  36 profit:  1.48
Trade --> code: NUAN   BUY: 2009-12-31   13.44 SELL: 2013-05-31   16.44  macd:   -0.10 macd_count:  41 profit:  1.22
Trade --> code: NUAN   BUY: 2015-11-30   18.11 SELL: 2016-07-31   13.90  macd:   -0.05 macd_count:   8 profit:  0.77
Trade --> code: NUAN   BUY: 2017-05-31   16.01 SELL: 2017-09-30   13.60  macd:   -0.04 macd_count:   4 profit:  0.85
Trade --> code: NUAN   BUY: 2019-04-30   14.56 SELL: 2022-03-31   55.99  macd:    7.14 macd_count:  36 profit:  3.85

code: SPSC     day: macd + hist + hist_1pre + ,  Week: macd + hist + hist_1pre - , Month: macd + hist - hist_1pre - , 
Trade --> code: SPSC   BUY: 2012-08-31   17.48 SELL: 2016-04-30   25.47  macd:   -0.21 macd_count:  44 profit:  1.46
Trade --> code: SPSC   BUY: 2016-08-31   32.64 SELL: 2017-05-31   29.08  macd:   -0.08 macd_count:   9 profit:  0.89
Trade --> code: SPSC   BUY: 2017-06-30   31.88 SELL: 2017-07-31   28.90  macd:   -0.12 macd_count:   1 profit:  0.91
Trade --> code: SPSC   BUY: 2018-05-31   37.22 SELL: 2023-01-31  135.99  macd:    8.60 macd_count:  57 profit:  3.65

code: WIRE     day: macd + hist + hist_1pre + ,  Week: macd + hist + hist_1pre - , Month: macd + hist + hist_1pre + , 
Trade --> code: WIRE   BUY: 2005-05-31   11.00 SELL: 2007-11-30   17.10  macd:   -0.11 macd_count:  30 profit:  1.55
Trade --> code: WIRE   BUY: 2010-12-31   25.08 SELL: 2015-02-28   37.29  macd:   -0.00 macd_count:  50 profit:  1.49
Trade --> code: WIRE   BUY: 2015-04-30   45.01 SELL: 2015-08-31   32.47  macd:   -0.35 macd_count:   4 profit:  0.72
Trade --> code: WIRE   BUY: 2015-11-30   43.67 SELL: 2015-12-31   37.09  macd:   -0.15 macd_count:   1 profit:  0.85
Trade --> code: WIRE   BUY: 2016-12-31   43.35 SELL: 2020-04-30   45.78  macd:   -0.02 macd_count:  40 profit:  1.06
Trade --> code: WIRE   BUY: 2020-12-31   60.57 SELL: 2023-01-31  149.67  macd:   15.77 macd_count:  26 profit:  2.47

code: WIX      day: macd + hist + hist_1pre + ,  Week: macd + hist + hist_1pre - , Month: macd - hist + hist_1pre - , 
Trade --> code: WIX    BUY: 2016-04-30   24.72 SELL: 2022-01-31  131.37  macd:   -3.21 macd_count:  69 profit:  5.31

