Thu Apr 14 13:53:32 UTC 2022
arg[0]: scraping/yahoo-finace-api2.py, arg[1]: stock-code-list/buy-list.txt
===========================
scraping
===========================
START:  AAPL
END:    0.414229154586792
-
START:  EL
END:    0.7894237041473389
-
START:  NEE
END:    1.2716245651245117
-
START:  AMD
END:    1.6035149097442627
-
START:  APH
END:    1.969552993774414
-
START:  XLP
END:    2.382814407348633
-
START:  SPXL
END:    2.7010490894317627
-
START:  KEYS
END:    2.874061107635498
-
START:  VDC
END:    3.2019896507263184
-
START:  SPTM
END:    3.6024296283721924
-
START:  SPLG
END:    3.9580845832824707
-
START:  CROX
END:    4.236372947692871
-
START:  AXON
END:    4.568122148513794
-
START:  AWR
END:    4.940127611160278
-
START:  FN
END:    5.164126873016357
-
START:  NXST
END:    5.483463764190674
-
START:  TREX
END:    5.796191215515137
-
START:  RGEN
END:    6.1495397090911865
-
START:  EXPO
END:    6.477032661437988
-
START:  BCPC
END:    6.836370229721069
-
START:  SOXL
END:    7.134779691696167
-
START:  TECL
END:    7.398939371109009
-
START:  NEO
END:    8.726515054702759
-
START:  NVMI
END:    9.116825342178345
-
START:  NVDA
END:    9.488365888595581
-
START:  BBDC
END:    9.76981234550476
-
START:  APPS
END:    10.042025089263916
-
START:  ROK
END:    10.474848508834839
-
START:  NHTC
END:    10.82000184059143
-
START:  ZYXI
END:    11.142529487609863
-
START:  LIT
END:    12.452962875366211
-
START:  LLY
END:    12.905886173248291
-
START:  GTLB
END:    12.969578266143799
-
START:  MCD
END:    14.404682874679565
-
START:  MSI
END:    15.878054857254028
-
START:  HCP
END:    15.942171812057495
-
START:  ON
END:    16.296793937683105
-
===========================
MACD sell
===========================
START:  AAPL
START:  EL
START:  NEE
START:  AMD
START:  APH
START:  XLP
START:  SPXL
START:  KEYS
START:  VDC
START:  SPTM
START:  SPLG
START:  CROX
START:  AXON
START:  AWR
START:  FN
START:  NXST
START:  TREX
START:  RGEN
START:  EXPO
START:  BCPC
START:  SOXL
START:  TECL
START:  NEO
START:  NVMI
START:  NVDA
START:  BBDC
START:  APPS
START:  ROK
START:  NHTC
START:  ZYXI
START:  LIT
START:  LLY
START:  GTLB
START:  MCD
START:  MSI
START:  HCP
START:  ON
==== MACD list ====
code: AAPL     day: macd + hist - ,  Week: macd + hist - , Month: macd + hist + , 
code: EL       day: macd - hist + ,  Week: macd - hist - , Month: macd + hist - , 
code: NEE      day: macd + hist - ,  Week: macd + hist + , Month: macd + hist - , 
code: AMD      day: macd - hist - ,  Week: macd - hist - , Month: macd + hist - , 
code: APH      day: macd - hist - ,  Week: macd - hist - , Month: macd + hist - , 
code: XLP      day: macd + hist + ,  Week: macd + hist + , Month: macd + hist + , 
code: SPXL     day: macd + hist - ,  Week: macd - hist + , Month: macd + hist - , 
code: KEYS     day: macd - hist - ,  Week: macd - hist - , Month: macd + hist - , 
code: VDC      day: macd + hist + ,  Week: macd + hist + , Month: macd + hist + , 
code: SPTM     day: macd + hist - ,  Week: macd - hist + , Month: macd + hist - , 
code: SPLG     day: macd + hist - ,  Week: macd - hist + , Month: macd + hist - , 
code: CROX     day: macd - hist + ,  Week: macd - hist + , Month: macd + hist - , 
code: AXON     day: macd - hist - ,  Week: macd - hist + , Month: macd + hist - , 
code: AWR      day: macd + hist - ,  Week: macd - hist + , Month: macd + hist - , 
code: FN       day: macd - hist - ,  Week: macd - hist - , Month: macd + hist - , 
code: NXST     day: macd - hist - ,  Week: macd + hist - , Month: macd + hist + , 
code: TREX     day: macd - hist + ,  Week: macd - hist - , Month: macd + hist - , 
code: RGEN     day: macd - hist - ,  Week: macd - hist - , Month: macd + hist - , 
code: EXPO     day: macd + hist - ,  Week: macd - hist + , Month: macd + hist - , 
code: BCPC     day: macd - hist - ,  Week: macd - hist - , Month: macd + hist - , 
code: SOXL     day: macd - hist - ,  Week: macd - hist - , Month: macd + hist - , 
code: TECL     day: macd - hist - ,  Week: macd - hist - , Month: macd + hist - , 
code: NEO      day: macd - hist + ,  Week: macd - hist - , Month: macd - hist - , 
code: NVMI     day: macd - hist - ,  Week: macd - hist - , Month: macd + hist - , 
code: NVDA     day: macd - hist - ,  Week: macd - hist - , Month: macd + hist - , 
code: BBDC     day: macd + hist + ,  Week: macd - hist + , Month: macd + hist + , 
code: APPS     day: macd - hist - ,  Week: macd - hist + , Month: macd + hist - , 
code: ROK      day: macd - hist - ,  Week: macd - hist + , Month: macd + hist - , 
code: NHTC     day: macd - hist - ,  Week: macd - hist - , Month: macd - hist + , 
code: ZYXI     day: macd + hist + ,  Week: macd - hist + , Month: macd - hist - , 
code: LIT      day: macd - hist - ,  Week: macd - hist + , Month: macd + hist - , 
code: LLY      day: macd + hist - ,  Week: macd + hist + , Month: macd + hist + , 
code: GTLB     day: macd - hist - ,  Week: macd - hist + , Month: macd + hist + , 
code: MCD      day: macd + hist + ,  Week: macd - hist + , Month: macd + hist - , 
code: MSI      day: macd + hist - ,  Week: macd - hist + , Month: macd + hist - , 
code: HCP      day: macd + hist + ,  Week: macd + hist + , Month: macd + hist + , 
code: ON       day: macd - hist - ,  Week: macd + hist - , Month: macd + hist + , 
==== MACD sell list ====
code: AAPL     day: macd + hist - , 
code: AAPL     day: macd + hist - ,  Week: macd + hist - , 
code: EL       day: macd - hist + ,  Week: macd - hist - , 
code: EL       day: macd - hist + ,  Week: macd - hist - , Month: macd + hist - , 
code: NEE      day: macd + hist - , 
code: NEE      day: macd + hist - ,  Week: macd + hist + , Month: macd + hist - , 
code: AMD      day: macd - hist - , 
code: AMD      day: macd - hist - ,  Week: macd - hist - , 
code: AMD      day: macd - hist - ,  Week: macd - hist - , Month: macd + hist - , 
code: APH      day: macd - hist - , 
code: APH      day: macd - hist - ,  Week: macd - hist - , 
code: APH      day: macd - hist - ,  Week: macd - hist - , Month: macd + hist - , 
code: SPXL     day: macd + hist - , 
code: SPXL     day: macd + hist - ,  Week: macd - hist + , Month: macd + hist - , 
code: KEYS     day: macd - hist - , 
code: KEYS     day: macd - hist - ,  Week: macd - hist - , 
code: KEYS     day: macd - hist - ,  Week: macd - hist - , Month: macd + hist - , 
code: SPTM     day: macd + hist - , 
code: SPTM     day: macd + hist - ,  Week: macd - hist + , Month: macd + hist - , 
code: SPLG     day: macd + hist - , 
code: SPLG     day: macd + hist - ,  Week: macd - hist + , Month: macd + hist - , 
code: CROX     day: macd - hist + ,  Week: macd - hist + , Month: macd + hist - , 
code: AXON     day: macd - hist - , 
code: AXON     day: macd - hist - ,  Week: macd - hist + , Month: macd + hist - , 
code: AWR      day: macd + hist - , 
code: AWR      day: macd + hist - ,  Week: macd - hist + , Month: macd + hist - , 
code: FN       day: macd - hist - , 
code: FN       day: macd - hist - ,  Week: macd - hist - , 
code: FN       day: macd - hist - ,  Week: macd - hist - , Month: macd + hist - , 
code: NXST     day: macd - hist - , 
code: NXST     day: macd - hist - ,  Week: macd + hist - , 
code: TREX     day: macd - hist + ,  Week: macd - hist - , 
code: TREX     day: macd - hist + ,  Week: macd - hist - , Month: macd + hist - , 
code: RGEN     day: macd - hist - , 
code: RGEN     day: macd - hist - ,  Week: macd - hist - , 
code: RGEN     day: macd - hist - ,  Week: macd - hist - , Month: macd + hist - , 
code: EXPO     day: macd + hist - , 
code: EXPO     day: macd + hist - ,  Week: macd - hist + , Month: macd + hist - , 
code: BCPC     day: macd - hist - , 
code: BCPC     day: macd - hist - ,  Week: macd - hist - , 
code: BCPC     day: macd - hist - ,  Week: macd - hist - , Month: macd + hist - , 
code: SOXL     day: macd - hist - , 
code: SOXL     day: macd - hist - ,  Week: macd - hist - , 
code: SOXL     day: macd - hist - ,  Week: macd - hist - , Month: macd + hist - , 
code: TECL     day: macd - hist - , 
code: TECL     day: macd - hist - ,  Week: macd - hist - , 
code: TECL     day: macd - hist - ,  Week: macd - hist - , Month: macd + hist - , 
code: NEO      day: macd - hist + ,  Week: macd - hist - , 
code: NEO      day: macd - hist + ,  Week: macd - hist - , Month: macd - hist - , 
code: NVMI     day: macd - hist - , 
code: NVMI     day: macd - hist - ,  Week: macd - hist - , 
code: NVMI     day: macd - hist - ,  Week: macd - hist - , Month: macd + hist - , 
code: NVDA     day: macd - hist - , 
code: NVDA     day: macd - hist - ,  Week: macd - hist - , 
code: NVDA     day: macd - hist - ,  Week: macd - hist - , Month: macd + hist - , 
code: APPS     day: macd - hist - , 
code: APPS     day: macd - hist - ,  Week: macd - hist + , Month: macd + hist - , 
code: ROK      day: macd - hist - , 
code: ROK      day: macd - hist - ,  Week: macd - hist + , Month: macd + hist - , 
code: NHTC     day: macd - hist - , 
code: NHTC     day: macd - hist - ,  Week: macd - hist - , 
code: ZYXI     day: macd + hist + ,  Week: macd - hist + , Month: macd - hist - , 
code: LIT      day: macd - hist - , 
code: LIT      day: macd - hist - ,  Week: macd - hist + , Month: macd + hist - , 
code: LLY      day: macd + hist - , 
code: GTLB     day: macd - hist - , 
code: MCD      day: macd + hist + ,  Week: macd - hist + , Month: macd + hist - , 
code: MSI      day: macd + hist - , 
code: MSI      day: macd + hist - ,  Week: macd - hist + , Month: macd + hist - , 
code: ON       day: macd - hist - , 
code: ON       day: macd - hist - ,  Week: macd + hist - , 
===========================
profit
===========================
==== plus ====
XLP  , macd +, macd hist +, profit:   [6.43], per:   [8.86], now:  [79.01], buy:  [72.58]
VDC  , macd +, macd hist +, profit:  [14.82], per:   [7.82], now: [204.35], buy: [189.53]
NXST , macd -, macd hist -, profit:   [10.1], per:   [6.22], now:  [172.6], buy:  [162.5]
EXPO , macd +, macd hist -, profit:   [8.27], per:   [8.18], now: [109.38], buy: [101.11]
BBDC , macd +, macd hist +, profit:   [0.06], per:   [0.61], now:  [10.66], buy:   [10.6]
ZYXI , macd +, macd hist +, profit:   [1.01], per:  [15.88], now:   [7.37], buy:   [6.36]
LLY  , macd +, macd hist -, profit:  [30.29], per:  [11.18], now: [301.29], buy:   [271.]
HCP  , macd +, macd hist +, profit:   [1.88], per:   [3.45], now:  [56.17], buy:   [54.3]
-
     plus  len:  8
     profit:  [72.86], per:   [62.2], per/len(p):   [7.77], per/len(p+m):   [1.68]
-
==== minus ====
AAPL , macd +, macd hist -, profit:       [], per:       [], now: [169.44], buy:       []
EL   , macd -, macd hist +, profit: [-72.96], per: [-21.48], now: [266.79], buy: [339.75]
NEE  , macd +, macd hist -, profit:  [-1.74], per:  [-2.04], now:  [83.59], buy:  [85.33]
AMD  , macd -, macd hist -, profit: [-23.84], per: [-19.83], now:  [96.39], buy: [120.23]
APH  , macd -, macd hist -, profit:       [], per:       [], now:  [71.61], buy:       []
SPXL , macd +, macd hist -, profit: [-18.55], per: [-14.24], now: [111.68], buy: [130.23]
KEYS , macd -, macd hist -, profit: [-40.47], per: [-21.75], now: [145.59], buy: [186.06]
SPTM , macd +, macd hist -, profit:  [-2.19], per:  [-3.87], now:  [54.39], buy:  [56.58]
SPLG , macd +, macd hist -, profit:  [-2.02], per:  [-3.74], now:  [51.97], buy:  [53.99]
CROX , macd -, macd hist +, profit: [-104.63], per: [-58.97], now:  [72.79], buy: [177.42]
AXON , macd -, macd hist -, profit: [-14.69], per: [-10.63], now: [123.46], buy: [138.15]
AWR  , macd +, macd hist -, profit:       [], per:       [], now:  [87.69], buy:       []
FN   , macd -, macd hist -, profit: [-18.39], per: [-15.74], now:  [98.47], buy: [116.86]
TREX , macd -, macd hist +, profit:  [-6.74], per:  [-9.63], now:  [63.26], buy:    [70.]
RGEN , macd -, macd hist -, profit: [-22.53], per: [-12.54], now: [157.13], buy: [179.66]
BCPC , macd -, macd hist -, profit:  [-1.67], per:  [-1.22], now: [135.41], buy: [137.08]
SOXL , macd -, macd hist -, profit: [-14.95], per: [-35.52], now:  [27.14], buy:  [42.09]
TECL , macd -, macd hist -, profit: [-10.34], per: [-17.02], now:   [50.4], buy:  [60.74]
NEO  , macd -, macd hist +, profit:  [-5.42], per: [-30.38], now:  [12.42], buy:  [17.84]
NVMI , macd -, macd hist -, profit: [-15.93], per: [-13.89], now:  [98.72], buy: [114.65]
NVDA , macd -, macd hist -, profit:  [-34.7], per: [-13.57], now: [220.97], buy: [255.67]
APPS , macd -, macd hist -, profit:  [-5.56], per: [-12.73], now:  [38.11], buy:  [43.67]
ROK  , macd -, macd hist -, profit: [-78.63], per:   [-23.], now: [263.26], buy: [341.89]
NHTC , macd -, macd hist -, profit:   [-0.1], per:  [-1.39], now:   [7.07], buy:   [7.17]
LIT  , macd -, macd hist -, profit: [-19.25], per: [-20.95], now:  [72.66], buy:  [91.91]
GTLB , macd -, macd hist -, profit:   [-2.8], per:  [-5.31], now:  [49.96], buy:  [52.76]
MCD  , macd +, macd hist +, profit:  [-0.66], per:  [-0.26], now:  [252.8], buy: [253.46]
MSI  , macd +, macd hist -, profit: [-16.43], per:  [-6.54], now: [234.98], buy: [251.41]
ON   , macd -, macd hist -, profit:  [-6.15], per: [-10.27], now:  [53.71], buy:  [59.86]
-
     minus len:  29
     profit:       [], per:       [], per/len(m):       [], per/len(p+m):       []
-
==== total ====
     profit:       [], per:       [], per/len(p+m):       []
arg[0]: scraping/yahoo-finace-api2.py, arg[1]: stock-code-list/up-month.txt
===========================
scraping
===========================
START:  A
END:    0.38865041732788086
-
START:  AAON
END:    0.7393643856048584
-
START:  AAPL
END:    1.1261227130889893
-
START:  ABG
END:    1.45597505569458
-
START:  ABT
END:    1.854968547821045
-
START:  ACLS
END:    2.1956682205200195
-
START:  ACMR
END:    2.362391948699951
-
START:  ACN
END:    2.72751784324646
-
START:  ADBE
END:    3.088550329208374
-
START:  ADI
END:    3.46870493888855
-
START:  ADP
END:    3.8917593955993652
-
START:  ADSK
END:    4.250640153884888
-
START:  ADUS
END:    4.4796552658081055
-
START:  AEE
END:    4.838172435760498
-
START:  AGYS
END:    5.231994152069092
-
START:  AIZ
END:    5.559335231781006
-
START:  AJG
END:    5.97936224937439
-
START:  AJRD
END:    7.3823511600494385
-
START:  ALB
END:    7.769731283187866
-
START:  ALG
END:    9.166959285736084
-
START:  ALGN
END:    9.51685118675232
-
START:  ALLE
END:    9.687905311584473
-
START:  ALTR
END:    9.811824321746826
-
START:  AMAT
END:    11.190128326416016
-
START:  AMBA
END:    11.394667625427246
-
START:  AMD
END:    11.729265213012695
-
START:  AME
END:    12.149873733520508
-
START:  AMED
END:    12.473455905914307
-
START:  AMEH
END:    12.714411973953247
-
START:  AMGN
END:    13.053204536437988
-
START:  AMN
END:    13.401361227035522
-
START:  AMP
END:    13.709112644195557
-
START:  AMRC
END:    13.920884609222412
-
START:  AMSWA
END:    14.33102536201477
-
START:  AMTX
END:    14.59252643585205
-
START:  AMZN
END:    14.918928623199463
-
START:  AN
END:    16.266669750213623
-
START:  ANSS
END:    16.650935173034668
-
START:  ANTM
END:    17.015362977981567
-
START:  AON
END:    18.4400897026062
-
START:  AOSL
END:    18.663426160812378
-
START:  APD
END:    19.057863235473633
-
START:  APH
END:    19.428154468536377
-
START:  APPF
END:    19.58691930770874
-
START:  APPN
END:    19.720709562301636
-
START:  APPS
END:    19.987332820892334
-
START:  AQN
END:    20.22585105895996
-
START:  ARCB
END:    20.62695002555847
-
START:  ARCT
END:    20.802332639694214
-
START:  ARES
END:    21.002801179885864
-
START:  ARGX
END:    21.217321395874023
-
START:  ARWR
END:    21.552945852279663
-
START:  ASML
END:    21.907405614852905
-
START:  ASPN
END:    23.08536410331726
-
START:  ATEC
END:    23.375834226608276
-
START:  ATEN
END:    23.550129175186157
-
START:  ATKR
END:    23.70913076400757
-
START:  ATOM
END:    23.86361861228943
-
START:  ATR
END:    27.26464867591858
-
START:  ATRC
END:    27.56926989555359
-
START:  AUDC
END:    27.89900279045105
-
START:  AUPH
END:    28.06398057937622
-
START:  AVAV
END:    28.331557035446167
-
START:  AVGO
END:    28.572731971740723
-
START:  AVID
END:    28.904207468032837
-
START:  AVNW
END:    30.230951070785522
-
START:  AVXL
END:    30.517802953720093
-
START:  AVY
END:    30.93863797187805
-
START:  AWK
END:    31.211337327957153
-
START:  AWR
END:    31.591521501541138
-
START:  AXON
END:    31.931811571121216
-
START:  AZO
END:    32.25059938430786
-
START:  AZPN
END:    32.63194990158081
-
START:  BAH
END:    32.879968881607056
-
START:  BAM
END:    34.34150719642639
-
START:  BAX
END:    34.72722673416138
-
START:  BBH
END:    35.1099419593811
-
START:  BBQ
END:    35.426950216293335
-
START:  BBY
END:    36.81006693840027
-
START:  BCPC
END:    37.18826937675476
-
START:  BDX
END:    38.61707592010498
-
START:  BEEM
END:    38.83867859840393
-
START:  BFAM
END:    39.03639221191406
-
START:  BFC
END:    39.34470319747925
-
START:  BGFV
END:    39.700836420059204
-
START:  BGNE
END:    39.9164342880249
-
START:  BHVN
END:    40.05190134048462
-
START:  BIO
END:    40.4193069934845
-
START:  BL
END:    40.56631898880005
-
START:  BLD
END:    40.7219021320343
-
START:  BLDP
END:    42.12080502510071
-
START:  BLDR
END:    42.39444947242737
-
START:  BLFS
END:    42.72592306137085
-
START:  BLK
END:    43.08155059814453
-
START:  BLL
END:    43.47745490074158
-
START:  BLNK
END:    43.739434003829956
-
START:  BMI
END:    44.134161710739136
-
START:  BOOT
END:    44.30583357810974
-
START:  BOTZ
END:    44.45481252670288
-
START:  BR
END:    44.735132932662964
-
START:  BRKR
END:    45.08862590789795
-
START:  BRKS
Not Found: No data found, symbol may be delisted
START:  BRO
END:    45.71674156188965
-
START:  BURL
END:    46.95201396942139
-
START:  BX
END:    47.267457723617554
-
START:  CABO
END:    47.44095063209534
-
START:  CACI
END:    47.77268052101135
-
START:  CALX
END:    49.03865838050842
-
START:  CAMT
END:    49.412999629974365
-
START:  CAR
END:    49.7681839466095
-
START:  CBRE
END:    51.11130142211914
-
START:  CBSH
END:    51.550219774246216
-
START:  CBZ
END:    51.86923098564148
-
START:  CCOI
END:    52.22185158729553
-
START:  CCS
END:    52.39427709579468
-
START:  CDMO
END:    53.73906898498535
-
START:  CDNA
END:    53.91372084617615
-
START:  CDNS
END:    54.24499154090881
-
START:  CDW
END:    54.452346086502075
-
START:  CELH
END:    54.72370505332947
-
START:  CGNX
END:    56.11655139923096
-
START:  CHD
END:    56.513378620147705
-
START:  CHDN
END:    56.88705635070801
-
START:  CHE
END:    58.27094268798828
-
START:  CHGG
END:    58.45945191383362
-
START:  CHH
END:    58.892823934555054
-
START:  CHKP
END:    59.21755385398865
-
START:  CHTR
END:    60.45612454414368
-
START:  CIEN
END:    60.78548884391785
-
START:  CLAR
END:    61.111615896224976
-
START:  CLFD
END:    61.430683851242065
-
START:  CLGN
END:    61.55836033821106
-
START:  CLNE
END:    62.85976576805115
-
START:  CLPT
END:    63.052204608917236
-
START:  CLX
END:    63.43405795097351
-
START:  CMCSA
END:    63.81558561325073
-
START:  CMG
END:    64.1723084449768
-
START:  CMS
END:    64.58925747871399
-
START:  CNC
END:    64.90540337562561
-
START:  CNI
END:    65.28004121780396
-
START:  CNMD
END:    65.63174939155579
-
START:  CNS
END:    65.98503613471985
-
START:  CNXN
END:    66.32605314254761
-
START:  COO
END:    67.73032522201538
-
START:  COST
END:    68.12226033210754
-
START:  COUP
END:    68.26496601104736
-
START:  COWN
END:    68.55003023147583
-
START:  CP
END:    69.9923484325409
-
START:  CPK
END:    70.37748217582703
-
START:  CPRT
END:    70.68657755851746
-
START:  CPSH
END:    72.04207754135132
-
START:  CRAI
END:    72.39191389083862
-
START:  CREE
Not Found: No data found, symbol may be delisted
START:  CRL
END:    72.77313685417175
-
START:  CRM
END:    73.08935523033142
-
START:  CRMT
END:    73.41782021522522
-
START:  CROX
END:    74.71481466293335
-
START:  CRSP
END:    74.85980010032654
-
START:  CRVL
END:    75.17126941680908
-
START:  CSGP
END:    75.5168251991272
-
START:  CSL
END:    75.92671465873718
-
START:  CSWI
END:    76.08090543746948
-
START:  CSX
END:    77.54388546943665
-
START:  CTAS
END:    77.92093801498413
-
START:  CTLT
END:    78.0801112651825
-
START:  CTRN
END:    79.39754271507263
-
START:  CURE
END:    79.62905311584473
-
START:  CVCO
END:    79.94693803787231
-
START:  CVNA
END:    81.10455775260925
-
START:  CWST
END:    81.4337968826294
-
START:  CWT
END:    81.8004937171936
-
START:  CXSE
END:    81.9970121383667
-
START:  CYBR
END:    82.16014766693115
-
START:  CYRX
END:    82.43080163002014
-
START:  CYTK
END:    82.71531844139099
-
START:  DAC
END:    83.02059888839722
-
START:  DAR
END:    83.39167857170105
-
START:  DAVA
END:    83.56204342842102
-
START:  DDS
END:    83.9646863937378
-
START:  DE
END:    84.3729522228241
-
START:  DECK
END:    84.70819640159607
-
START:  DELL
END:    84.88906407356262
-
START:  DFIN
END:    86.03069734573364
-
START:  DG
END:    86.31139755249023
-
START:  DGRW
END:    86.5288507938385
-
START:  DHI
END:    86.90065431594849
-
START:  DHR
END:    88.29702281951904
-
START:  DIA
END:    88.6621720790863
-
START:  DIOD
END:    89.01351809501648
-
START:  DIS
END:    90.43735122680664
-
START:  DKS
END:    90.77992057800293
-
START:  DLN
END:    92.12000775337219
-
START:  DNLI
END:    92.24023628234863
-
START:  DOMO
END:    93.39271974563599
-
START:  DOV
END:    93.79454755783081
-
START:  DPZ
END:    94.14552116394043
-
START:  DQ
END:    94.37263536453247
-
START:  DRD
END:    94.72285175323486
-
START:  DRIO
END:    94.9299521446228
-
START:  DRNA
Not Found: No data found, symbol may be delisted
START:  DSGX
END:    95.32469439506531
-
START:  DVAX
END:    95.61386775970459
-
START:  DXCM
END:    95.92802739143372
-
START:  ECL
END:    97.32990407943726
-
START:  EFX
END:    97.71498799324036
-
START:  EGAN
END:    98.03331446647644
-
START:  EHC
END:    98.41080498695374
-
START:  EL
END:    98.80000615119934
-
START:  ENPH
END:    100.0304868221283
-
START:  ENSG
END:    101.33500099182129
-
START:  ENTG
END:    101.67968153953552
-
START:  ENV
END:    101.9027156829834
-
START:  EPAM
END:    102.11720895767212
-
START:  ERIE
END:    102.5758056640625
-
START:  ES
END:    102.99980592727661
-
START:  ESE
END:    104.41945338249207
-
START:  ETN
END:    105.87511038780212
-
START:  ETSY
END:    106.04641509056091
-
START:  EVBG
END:    106.22624135017395
-
START:  EVTC
END:    106.46816229820251
-
START:  EW
END:    106.80190014839172
-
START:  EWT
END:    107.19539427757263
-
START:  EXAS
END:    107.58642148971558
-
START:  EXLS
END:    107.8550591468811
-
START:  EXPD
END:    109.23967337608337
-
START:  EXPI
END:    109.4433524608612
-
START:  EXPO
END:    109.77697801589966
-
START:  FAST
END:    110.17628407478333
-
START:  FATE
END:    110.39737677574158
-
START:  FB
END:    110.60973811149597
-
START:  FCN
END:    110.95218014717102
-
START:  FCX
END:    112.33618998527527
-
START:  FDN
END:    112.6114239692688
-
START:  FDS
END:    113.01569843292236
-
START:  FELE
END:    113.39210748672485
-
START:  FFIN
END:    113.7663185596466
-
START:  FICO
END:    114.1414520740509
-
START:  FINX
END:    114.38628268241882
-
START:  FIS
END:    114.80462455749512
-
START:  FISV
END:    115.14632391929626
-
START:  FIVE
END:    116.40201663970947
-
START:  FIVN
END:    117.5962324142456
-
START:  FLGT
END:    117.72483277320862
-
START:  FLT
END:    117.93204545974731
-
START:  FLWS
END:    119.25460767745972
-
START:  FN
END:    119.47037434577942
-
START:  FND
END:    119.61063408851624
-
START:  FNV
END:    119.87908864021301
-
START:  FORM
END:    120.19063591957092
-
START:  FOXF
END:    120.37330937385559
-
START:  FPX
END:    120.70523166656494
-
START:  FRC
END:    121.96179032325745
-
START:  FRHC
END:    122.08235692977905
-
START:  FRPT
END:    123.30626726150513
-
START:  FSS
END:    124.69686532020569
-
START:  FTNT
END:    125.01358079910278
-
START:  FUV
END:    126.14249444007874
-
START:  GDEN
END:    126.53800082206726
-
START:  GFI
END:    127.92633938789368
-
START:  GGG
END:    128.33315205574036
-
START:  GIB
END:    128.653635263443
-
START:  GLDD
END:    128.92367506027222
-
START:  GLOB
END:    129.09372472763062
-
START:  GMAB
END:    130.34303832054138
-
START:  GME
END:    130.69712662696838
-
START:  GMED
END:    130.91024732589722
-
START:  GNRC
END:    131.15567350387573
-
START:  GNSS
END:    131.50921416282654
-
START:  GNTX
END:    131.86562991142273
-
START:  GOLF
END:    133.04792070388794
-
START:  GOOG
END:    133.3518431186676
-
START:  GOOGL
END:    133.68195414543152
-
START:  GPI
END:    134.03478837013245
-
START:  GPN
END:    134.4122519493103
-
START:  GRBK
END:    134.6590428352356
-
START:  GRMN
END:    135.04355025291443
-
START:  GRVY
END:    135.3142294883728
-
START:  GRWG
END:    135.43051385879517
-
START:  GWRE
END:    135.61785244941711
-
START:  HACK
END:    136.8217692375183
-
START:  HALO
END:    137.10602450370789
-
START:  HCI
END:    137.37450194358826
-
START:  HD
END:    137.74815773963928
-
START:  HEI
END:    138.12284660339355
-
START:  HELE
END:    138.4683814048767
-
START:  HIBB
END:    139.8164918422699
-
START:  HLI
END:    139.98248744010925
-
START:  HLT
END:    140.1804256439209
-
START:  HOLX
END:    140.54671955108643
-
START:  HON
END:    140.99317169189453
-
START:  HOV
END:    141.3060553073883
-
START:  HRC
Not Found: No data found, symbol may be delisted
START:  HRI
END:    144.64374494552612
-
START:  HSKA
END:    144.98091411590576
-
START:  HTHT
END:    145.22174668312073
-
START:  HUBS
END:    145.40324640274048
-
START:  HUM
END:    145.83610820770264
-
START:  HZNP
END:    147.05491304397583
-
START:  IAC
END:    148.4256148338318
-
START:  IBP
END:    148.6168930530548
-
START:  ICE
END:    148.95351338386536
-
START:  ICLN
END:    149.21012926101685
-
START:  ICLR
END:    149.5483536720276
-
START:  IDT
END:    149.88239645957947
-
START:  IDXX
END:    150.2687530517578
-
START:  IESC
END:    150.59717988967896
-
START:  IEX
END:    151.9851667881012
-
START:  ILMN
END:    152.29664301872253
-
START:  INFO
END:    152.6004195213318
-
START:  INOV
Not Found: No data found, symbol may be delisted
START:  INSP
END:    154.78995871543884
-
START:  INTC
END:    155.18477773666382
-
START:  INTU
END:    155.53505206108093
-
START:  INTZ
END:    155.85717368125916
-
START:  INVE
END:    156.17464876174927
-
START:  IOO
END:    156.53099250793457
-
START:  IQV
END:    156.72483658790588
-
START:  IRDM
END:    156.96903324127197
-
START:  IRMD
END:    157.16874885559082
-
START:  ISEE
END:    157.3508698940277
-
START:  ISRG
END:    157.73522806167603
-
START:  IT
END:    158.06944513320923
-
START:  ITT
END:    158.434996843338
-
START:  ITW
END:    158.80664253234863
-
START:  IVOG
END:    159.03852319717407
-
START:  IVV
END:    159.40553975105286
-
START:  IXJ
END:    159.7572786808014
-
START:  IXN
END:    160.09300661087036
-
START:  J
END:    160.42988920211792
-
START:  JBL
END:    160.7901599407196
-
START:  JBSS
END:    162.15763449668884
-
START:  JD
END:    162.38275861740112
-
START:  JKHY
END:    162.8093466758728
-
START:  JKS
END:    163.04589867591858
-
START:  JNJ
END:    163.56848812103271
-
START:  JOE
END:    163.9360122680664
-
START:  JOUT
END:    164.28687739372253
-
START:  JYNT
END:    164.48851704597473
-
START:  KAI
END:    164.8369119167328
-
START:  KBH
END:    166.22054529190063
-
START:  KBR
END:    166.51956129074097
-
START:  KDMN
Not Found: No data found, symbol may be delisted
START:  KEYS
END:    166.754323720932
-
START:  KLAC
END:    167.11293268203735
-
START:  KLIC
END:    167.46183037757874
-
START:  KMX
END:    167.7929401397705
-
START:  KNSL
END:    168.95871686935425
-
START:  KOPN
END:    169.28429293632507
-
START:  KOSS
END:    169.6200737953186
-
START:  KRNT
END:    169.794593334198
-
START:  KSU
Not Found: No data found, symbol may be delisted
START:  KTOS
END:    171.1827712059021
-
START:  LAC
END:    171.43483996391296
-
START:  LAD
END:    171.80681467056274
-
START:  LANC
END:    172.19422507286072
-
START:  LAWS
END:    173.60455417633057
-
START:  LDOS
END:    173.8905577659607
-
START:  LFMD
END:    174.11433219909668
-
START:  LGIH
END:    175.31497526168823
-
START:  LH
END:    175.63483142852783
-
START:  LHCG
END:    175.92601990699768
-
START:  LHX
END:    176.33362197875977
-
START:  LII
END:    176.68342566490173
-
START:  LIN
END:    177.08920550346375
-
START:  LINC
END:    177.37411093711853
-
START:  LIT
END:    177.61113286018372
-
START:  LLY
END:    178.02611112594604
-
START:  LMT
END:    178.39782738685608
-
START:  LNT
END:    178.76861906051636
-
START:  LOB
END:    178.9362645149231
-
START:  LOGI
END:    179.28620147705078
-
START:  LOVE
END:    180.40992665290833
-
START:  LOW
END:    180.78658819198608
-
START:  LPLA
END:    181.05856037139893
-
START:  LPSN
END:    182.4198706150055
-
START:  LQDT
END:    182.7051088809967
-
START:  LRCX
END:    183.04765558242798
-
START:  LSCC
END:    183.36132144927979
-
START:  LSTR
END:    183.72676587104797
-
START:  LULU
END:    184.00301241874695
-
START:  LUNA
END:    184.26564931869507
-
START:  MA
END:    184.57243132591248
-
START:  MANH
END:    184.90436792373657
-
START:  MANT
END:    185.2542440891266
-
START:  MARA
END:    185.4531991481781
-
START:  MASI
END:    185.72776460647583
-
START:  MATX
END:    186.18690872192383
-
START:  MBUU
END:    186.36754703521729
-
START:  MCD
END:    189.81416654586792
-
START:  MCHP
END:    190.20902347564697
-
START:  MCO
END:    190.6509974002838
-
START:  MDB
END:    190.774884223938
-
START:  MDT
END:    191.16634011268616
-
START:  MEDP
END:    191.29628372192383
-
START:  MEDS
END:    191.4526252746582
-
START:  MELI
END:    192.73541283607483
-
START:  MGC
END:    193.00585317611694
-
START:  MGIC
END:    193.40807104110718
-
START:  MGK
END:    193.69659090042114
-
START:  MGNI
END:    193.89673781394958
-
START:  MHO
END:    194.30000925064087
-
START:  MIME
END:    194.44448518753052
-
START:  MITK
END:    194.7734932899475
-
START:  MKC
END:    195.19297003746033
-
START:  MKSI
END:    196.53043818473816
-
START:  MKTX
END:    196.854083776474
-
START:  MLAB
END:    197.209885597229
-
START:  MLR
END:    197.55597949028015
-
START:  MMC
END:    197.932950258255
-
START:  MMS
END:    198.2896773815155
-
START:  MNMD
END:    198.4332616329193
-
START:  MNST
END:    198.78783130645752
-
START:  MODN
END:    198.98074436187744
-
START:  MODV
END:    199.29610395431519
-
START:  MOH
END:    200.62363386154175
-
START:  MORN
END:    202.2684428691864
-
START:  MPWR
END:    205.20661211013794
-
START:  MRTX
END:    206.27119851112366
-
START:  MRVL
END:    208.01549768447876
-
START:  MS
END:    209.7985234260559
-
START:  MSA
END:    211.9766275882721
-
START:  MSCI
END:    213.71359205245972
-
START:  MSEX
END:    216.2201793193817
-
START:  MSFT
END:    217.89440536499023
-
START:  MSI
END:    220.4131565093994
-
START:  MSTR
END:    221.94085216522217
-
START:  MTBC
END:    222.80306601524353
-
START:  MTCH
END:    224.62182927131653
-
START:  MTD
END:    225.73916625976562
-
START:  MTEX
END:    227.60762548446655
-
START:  MTH
END:    229.16760182380676
-
START:  MTLS
END:    230.16668248176575
-
START:  MTSI
END:    231.46842193603516
-
START:  MU
END:    234.13574171066284
-
START:  MUSA
END:    235.15922331809998
-
START:  MVIS
END:    236.56450176239014
-
START:  MXL
END:    236.83235597610474
-
START:  MYRG
END:    237.92573928833008
-
START:  NBIX
END:    238.9849829673767
-
START:  NCBS
END:    240.28994464874268
-
START:  NDAQ
END:    242.36133217811584
-
START:  NDSN
END:    243.63934445381165
-
START:  NEE
END:    245.6907994747162
-
START:  NEO
END:    246.92460703849792
-
START:  NEOG
END:    248.2802233695984
-
START:  NFLX
END:    248.61490726470947
-
START:  NICE
END:    250.32101106643677
-
START:  NISN
END:    251.1168143749237
-
START:  NKE
END:    251.5216770172119
-
START:  NOVT
END:    252.82255387306213
-
START:  NOW
END:    253.68464303016663
-
START:  NSC
END:    257.0236406326294
-
START:  NSIT
END:    258.4609794616699
-
START:  NSSC
END:    261.2295422554016
-
START:  NSTG
END:    262.41216588020325
-
START:  NTLA
END:    263.2741858959198
-
START:  NTRA
END:    263.96444177627563
-
START:  NUAN
END:    265.6745569705963
-
START:  NVCR
END:    266.7689719200134
-
START:  NVDA
END:    268.7843441963196
-
START:  NVMI
END:    270.0595021247864
-
START:  NVO
END:    271.9214813709259
-
START:  NVR
END:    273.37947607040405
-
START:  NXST
END:    273.7137711048126
-
START:  NYT
END:    276.0766570568085
-
START:  OBCI
END:    278.0275065898895
-
START:  ODFL
END:    279.4218327999115
-
START:  OEF
END:    280.96648144721985
-
START:  OFLX
END:    282.5797874927521
-
START:  OLED
END:    284.0125856399536
-
START:  OMCL
END:    285.2833354473114
-
START:  ON
END:    286.59681820869446
-
START:  OOMA
END:    287.72517251968384
-
START:  OPRX
END:    288.7482089996338
-
START:  ORA
END:    289.07451033592224
-
START:  ORCL
END:    290.6297264099121
-
START:  ORLY
END:    291.80292224884033
-
START:  ORMP
END:    294.03299355506897
-
START:  OTEX
END:    295.88505959510803
-
START:  PACB
END:    297.13030457496643
-
START:  PAG
END:    298.90858364105225
-
START:  PANW
END:    300.29389548301697
-
START:  PAR
END:    301.48702335357666
-
START:  PAYC
END:    302.8428108692169
-
START:  PAYX
END:    306.02687335014343
-
START:  PBD
END:    310.3825578689575
-
START:  PCTY
END:    311.34130597114563
-
START:  PEGA
END:    311.7266147136688
-
START:  PEN
END:    313.7716393470764
-
START:  PENN
END:    315.7649869918823
-
START:  PEP
END:    317.23364210128784
-
START:  PERI
END:    318.7376570701599
-
START:  PFSI
END:    320.12883138656616
-
START:  PGR
END:    321.63770484924316
-
START:  PH
END:    322.075208902359
-
START:  PHM
END:    323.6080768108368
-
START:  PKI
END:    325.59982204437256
-
START:  PLL
END:    326.7014045715332
-
START:  PLNT
END:    327.7969126701355
-
START:  PLUG
END:    329.1092686653137
-
START:  PLXS
END:    330.48419523239136
-
START:  PODD
END:    331.71776485443115
-
START:  POOL
END:    332.07594752311707
-
START:  POWI
END:    333.8448340892792
-
START:  PRFT
END:    334.99820828437805
-
START:  PRI
END:    336.36546301841736
-
START:  PRTA
END:    337.4585337638855
-
START:  PRTS
END:    339.7066442966461
-
START:  PTSI
END:    341.450786113739
-
START:  PWR
END:    343.0283405780792
-
START:  PYPL
END:    343.807245016098
-
START:  QADA
Not Found: No data found, symbol may be delisted
START:  QCLN
END:    345.4787881374359
-
START:  QDEL
END:    347.69901633262634
-
START:  QGEN
END:    349.7762064933777
-
START:  QLYS
END:    350.82540488243103
-
START:  QQQ
END:    352.809396982193
-
START:  QRVO
END:    353.84386682510376
-
START:  QTWO
END:    354.9101333618164
-
START:  RADA
END:    356.3959448337555
-
START:  RAMP
END:    357.8337845802307
-
START:  RBA
END:    359.3737449645996
-
START:  RCII
END:    361.43803787231445
-
START:  RCKY
END:    363.1230368614197
-
START:  RDNT
END:    364.21052169799805
-
START:  RDVT
END:    365.21647691726685
-
START:  RDWR
END:    366.858925819397
-
START:  REGI
END:    367.7746241092682
-
START:  RENN
END:    369.15391969680786
-
START:  RGEN
END:    370.6031918525696
-
START:  RH
END:    371.92533588409424
-
START:  RILY
END:    373.6264970302582
-
START:  RIOT
END:    374.84649538993835
-
START:  RLI
END:    376.55518794059753
-
START:  RLMD
END:    377.6868414878845
-
START:  RMD
END:    379.34455132484436
-
START:  RNG
END:    380.51580810546875
-
START:  ROBO
END:    381.76321053504944
-
START:  ROCK
END:    383.165189743042
-
START:  ROK
END:    386.4592697620392
-
START:  ROKU
END:    387.3064420223236
-
START:  ROL
END:    389.3194091320038
-
START:  ROP
END:    392.8323986530304
-
START:  ROST
END:    394.18365359306335
-
START:  RPD
END:    395.18128657341003
-
START:  RPM
END:    396.6931617259979
-
START:  RSG
END:    398.62815046310425
-
START:  RTH
END:    400.8718945980072
-
START:  RUN
END:    402.04091024398804
-
START:  RXI
END:    402.7927882671356
-
START:  SAIA
END:    404.6783504486084
-
START:  SAIC
END:    406.3342514038086
-
START:  SAM
END:    407.89720726013184
-
START:  SAVA
END:    410.17580819129944
-
START:  SCI
END:    410.5594115257263
-
START:  SCL
END:    412.459223985672
-
START:  SE
END:    413.39527463912964
-
START:  SEAS
END:    415.52090525627136
-
START:  SEDG
END:    417.42839670181274
-
START:  SFBS
END:    419.04462814331055
-
START:  SGEN
END:    420.47904562950134
-
START:  SGMS
END:    421.75572896003723
-
START:  SGRY
END:    422.70188069343567
-
START:  SHOP
END:    423.73914098739624
-
START:  SHW
END:    425.543447971344
-
START:  SHYF
END:    427.3778643608093
-
START:  SITE
END:    428.51050424575806
-
START:  SIVB
END:    431.6505160331726
-
START:  SJW
END:    432.9645836353302
-
START:  SKY
END:    435.76486992836
-
START:  SLAB
END:    436.8977253437042
-
START:  SLP
END:    438.6108341217041
-
START:  SMH
END:    440.01818013191223
-
START:  SMTC
END:    441.6045835018158
-
START:  SNAP
END:    442.69986295700073
-
START:  SNPS
END:    444.0243356227875
-
START:  SOCL
END:    445.4736330509186
-
START:  SOXL
END:    446.9789891242981
-
START:  SPGI
END:    448.7727634906769
-
START:  SPLG
END:    450.24485325813293
-
START:  SPLK
END:    450.48289155960083
-
START:  SPNS
END:    452.1580400466919
-
START:  SPSC
END:    453.63838481903076
-
START:  SPTM
END:    455.58178329467773
-
START:  SPWH
END:    456.68463110923767
-
START:  SPWR
END:    457.88002586364746
-
START:  SPXC
END:    460.161869764328
-
START:  SPXL
END:    461.5794823169708
-
START:  SPY
END:    463.5430543422699
-
START:  SPYG
END:    466.6841285228729
-
START:  SQ
END:    467.57746291160583
-
START:  SSD
END:    469.188294172287
-
START:  SSNC
END:    469.41394424438477
-
START:  SSTK
END:    470.49915623664856
-
START:  STAA
END:    471.77201437950134
-
START:  STE
END:    473.3898186683655
-
START:  SUSA
END:    475.13656544685364
-
START:  SYK
END:    477.01844787597656
-
START:  SYNA
END:    478.7097418308258
-
START:  TBBK
END:    479.8485436439514
-
START:  TBK
END:    480.6515040397644
-
START:  TDG
END:    481.96704292297363
-
START:  TDOC
END:    482.1327419281006
-
START:  TDY
END:    482.45776557922363
-
START:  TEAM
END:    483.60165643692017
-
START:  TECH
END:    483.9664075374603
-
START:  TECL
END:    484.23868918418884
-
START:  TER
END:    484.59104180336
-
START:  TFX
END:    484.94846367836
-
START:  TGH
END:    485.2342472076416
-
START:  TGLS
END:    485.43554759025574
-
START:  TGT
END:    486.8885307312012
-
START:  TGTX
END:    487.10102105140686
-
START:  THC
END:    488.6037950515747
-
START:  TJX
END:    489.0026183128357
-
START:  TMO
END:    490.4377725124359
-
START:  TMUS
END:    490.7023730278015
-
START:  TNDM
END:    491.8916976451874
-
START:  TNET
END:    492.0628032684326
-
START:  TPX
END:    493.41837072372437
-
START:  TREX
END:    494.3801565170288
-
START:  TRI
END:    494.72355604171753
-
START:  TRIL
Not Found: No data found, symbol may be delisted
START:  TRMB
END:    495.115740776062
-
START:  TRNS
END:    495.4347174167633
-
START:  TROW
END:    495.8164772987366
-
START:  TRU
END:    496.9965434074402
-
START:  TRUP
END:    497.15483832359314
-
START:  TSCO
END:    497.4834997653961
-
START:  TSLA
END:    497.7177939414978
-
START:  TSM
END:    499.0878436565399
-
START:  TT
END:    499.48661732673645
-
START:  TTC
END:    499.87666392326355
-
START:  TTD
END:    501.04582023620605
-
START:  TTEC
END:    501.39918208122253
-
START:  TTEK
END:    501.76797461509705
-
START:  TTGT
END:    502.75284814834595
-
START:  TTWO
END:    504.1012616157532
-
START:  TWLO
END:    504.2538232803345
-
START:  TXN
END:    504.65034794807434
-
START:  TYL
END:    504.99499344825745
-
START:  UCTT
END:    506.4882779121399
-
START:  UFPI
END:    506.8548710346222
-
START:  UFPT
END:    508.2051742076874
-
START:  UI
END:    508.4211709499359
-
START:  UMC
END:    508.77717995643616
-
START:  UNF
END:    509.19207215309143
-
START:  UNH
END:    509.59414052963257
-
START:  UNP
END:    510.0008342266083
-
START:  UPLD
END:    511.1745879650116
-
START:  URI
END:    511.49008107185364
-
START:  V
END:    512.8064575195312
-
START:  VALU
END:    513.2099466323853
-
START:  VBK
END:    513.5379991531372
-
START:  VCEL
END:    513.8544569015503
-
START:  VCR
END:    514.197544336319
-
START:  VCTR
END:    514.3254528045654
-
START:  VCYT
END:    514.511057138443
-
START:  VDC
END:    514.8463060855865
-
START:  VEEV
END:    515.0379679203033
-
START:  VERU
END:    516.4185192584991
-
START:  VGT
END:    516.7429599761963
-
START:  VHT
END:    517.0803272724152
-
START:  VIAV
END:    518.4668257236481
-
START:  VICR
END:    519.8183608055115
-
START:  VIG
END:    520.1264777183533
-
START:  VO
END:    521.509840965271
-
START:  VONE
END:    521.7489352226257
-
START:  VONG
END:    522.0056381225586
-
START:  VOO
END:    522.2458429336548
-
START:  VOOG
END:    523.5058374404907
-
START:  VOOV
END:    523.7735314369202
-
START:  VOT
END:    524.0896298885345
-
START:  VPU
END:    524.4150605201721
-
START:  VRNS
END:    524.6054630279541
-
START:  VRSK
END:    524.8259375095367
-
START:  VRSN
END:    525.1768445968628
-
START:  VRTV
END:    526.3743917942047
-
START:  VSTO
END:    526.5386366844177
-
START:  VTHR
END:    526.7771410942078
-
START:  VTI
END:    527.1408939361572
-
START:  VTNR
END:    528.4830002784729
-
START:  VTWG
END:    528.7215490341187
-
START:  VUG
END:    529.0690634250641
-
START:  VV
END:    529.4074311256409
-
START:  VXF
END:    530.8374531269073
-
START:  WCN
END:    531.185587644577
-
START:  WD
END:    531.4344618320465
-
START:  WDAY
END:    531.6280229091644
-
START:  WDFC
END:    532.0040149688721
-
START:  WEC
END:    533.4144685268402
-
START:  WEN
END:    533.7946300506592
-
START:  WINA
END:    535.4942488670349
-
START:  WING
END:    535.6758518218994
-
START:  WIRE
END:    536.0313234329224
-
START:  WIX
END:    536.2138288021088
-
START:  WK
END:    536.376528263092
-
START:  WLTW
Not Found: No data found, symbol may be delisted
START:  WM
END:    537.7846705913544
-
START:  WMS
END:    537.9928367137909
-
START:  WNS
END:    538.2543721199036
-
START:  WRB
END:    538.6432716846466
-
START:  WSC
END:    538.8366968631744
-
START:  WSM
END:    539.2281682491302
-
START:  WST
END:    541.0837376117706
-
START:  WTRG
END:    541.5061852931976
-
START:  WTS
END:    541.8682129383087
-
START:  XEL
END:    543.3092396259308
-
START:  XENE
END:    544.4907641410828
-
START:  XLK
END:    544.8679251670837
-
START:  XLNX
END:    545.2366251945496
-
START:  XLP
END:    545.625049829483
-
START:  XLRN
Not Found: No data found, symbol may be delisted
START:  XLU
END:    546.0545885562897
-
START:  XLV
END:    546.4268591403961
-
START:  XLY
END:    549.8444066047668
-
START:  XYL
END:    550.0930998325348
-
START:  YNDX
END:    550.3111369609833
-
START:  YORW
END:    550.6997272968292
-
START:  YUM
END:    551.0737659931183
-
START:  Z
END:    551.2429754734039
-
START:  ZBRA
END:    551.5798425674438
-
START:  ZEN
END:    551.7610549926758
-
START:  ZLAB
END:    551.8976051807404
-
START:  ZNGA
END:    552.1104369163513
-
START:  ZS
END:    552.2787940502167
-
START:  ZTS
END:    552.5271520614624
-
START:  ZYXI
END:    552.8577666282654
-
===========================
MACD golden cross
===========================
START:  code
START:  A
START:  AAON
START:  AAPL
START:  ABG
START:  ABT
START:  ACLS
START:  ACMR
START:  ACN
START:  ADBE
START:  ADI
START:  ADP
START:  ADSK
START:  ADUS
START:  AEE
START:  AGYS
START:  AIZ
START:  AJG
START:  AJRD
START:  ALB
START:  ALG
START:  ALGN
START:  ALLE
START:  ALTR
START:  AMAT
START:  AMBA
START:  AMD
START:  AME
START:  AMED
START:  AMEH
START:  AMGN
START:  AMN
START:  AMP
START:  AMRC
START:  AMSWA
START:  AMTX
START:  AMZN
START:  AN
START:  ANSS
START:  ANTM
START:  AON
START:  AOSL
START:  APD
START:  APH
START:  APPF
START:  APPN
START:  APPS
START:  AQN
START:  ARCB
START:  ARCT
START:  ARES
START:  ARGX
START:  ARWR
START:  ASML
START:  ASPN
START:  ATEC
START:  ATEN
START:  ATKR
START:  ATOM
START:  ATR
START:  ATRC
START:  AUDC
START:  AUPH
START:  AVAV
START:  AVGO
START:  AVID
START:  AVNW
START:  AVXL
START:  AVY
START:  AWK
START:  AWR
START:  AXON
START:  AZO
START:  AZPN
START:  BAH
START:  BAM
START:  BAX
START:  BBH
START:  BBQ
START:  BBY
START:  BCPC
START:  BDX
START:  BEEM
START:  BFAM
START:  BFC
START:  BGFV
START:  BGNE
START:  BHVN
START:  BIO
START:  BL
START:  BLD
START:  BLDP
START:  BLDR
START:  BLFS
START:  BLK
START:  BLL
START:  BLNK
START:  BMI
START:  BOOT
START:  BOTZ
START:  BR
START:  BRKR
START:  BRKS
START:  BRO
START:  BURL
START:  BX
START:  CABO
START:  CACI
START:  CALX
START:  CAMT
START:  CAR
START:  CBRE
START:  CBSH
START:  CBZ
START:  CCOI
START:  CCS
START:  CDMO
START:  CDNA
START:  CDNS
START:  CDW
START:  CELH
START:  CGNX
START:  CHD
START:  CHDN
START:  CHE
START:  CHGG
START:  CHH
START:  CHKP
START:  CHTR
START:  CIEN
START:  CLAR
START:  CLFD
START:  CLGN
START:  CLNE
START:  CLPT
START:  CLX
START:  CMCSA
START:  CMG
START:  CMS
START:  CNC
START:  CNI
START:  CNMD
START:  CNS
START:  CNXN
START:  COO
START:  COST
START:  COUP
START:  COWN
START:  CP
START:  CPK
START:  CPRT
START:  CPSH
START:  CRAI
START:  CREE
START:  CRL
START:  CRM
START:  CRMT
START:  CROX
START:  CRSP
START:  CRVL
START:  CSGP
START:  CSL
START:  CSWI
START:  CSX
START:  CTAS
START:  CTLT
START:  CTRN
START:  CURE
START:  CVCO
START:  CVNA
START:  CWST
START:  CWT
START:  CXSE
START:  CYBR
START:  CYRX
START:  CYTK
START:  DAC
START:  DAR
START:  DAVA
START:  DDS
START:  DE
START:  DECK
START:  DELL
START:  DFIN
START:  DG
START:  DGRW
START:  DHI
START:  DHR
START:  DIA
START:  DIOD
START:  DIS
START:  DKS
START:  DLN
START:  DNLI
START:  DOMO
START:  DOV
START:  DPZ
START:  DQ
START:  DRD
START:  DRIO
START:  DRNA
START:  DSGX
START:  DVAX
START:  DXCM
START:  ECL
START:  EFX
START:  EGAN
START:  EHC
START:  EL
START:  ENPH
START:  ENSG
START:  ENTG
START:  ENV
START:  EPAM
START:  ERIE
START:  ES
START:  ESE
START:  ETN
START:  ETSY
START:  EVBG
START:  EVTC
START:  EW
START:  EWT
START:  EXAS
START:  EXLS
START:  EXPD
START:  EXPI
START:  EXPO
START:  FAST
START:  FATE
START:  FB
START:  FCN
START:  FCX
START:  FDN
START:  FDS
START:  FELE
START:  FFIN
START:  FICO
START:  FINX
START:  FIS
START:  FISV
START:  FIVE
START:  FIVN
START:  FLGT
START:  FLT
START:  FLWS
START:  FN
START:  FND
START:  FNV
START:  FORM
START:  FOXF
START:  FPX
START:  FRC
START:  FRHC
START:  FRPT
START:  FSS
START:  FTNT
START:  FUV
START:  GDEN
START:  GFI
START:  GGG
START:  GIB
START:  GLDD
START:  GLOB
START:  GMAB
START:  GME
START:  GMED
START:  GNRC
START:  GNSS
START:  GNTX
START:  GOLF
START:  GOOG
START:  GOOGL
START:  GPI
START:  GPN
START:  GRBK
START:  GRMN
START:  GRVY
START:  GRWG
START:  GWRE
START:  HACK
START:  HALO
START:  HCI
START:  HD
START:  HEI
START:  HELE
START:  HIBB
START:  HLI
START:  HLT
START:  HOLX
START:  HON
START:  HOV
START:  HRC
START:  HRI
START:  HSKA
START:  HTHT
START:  HUBS
START:  HUM
START:  HZNP
START:  IAC
START:  IBP
START:  ICE
START:  ICLN
START:  ICLR
START:  IDT
START:  IDXX
START:  IESC
START:  IEX
START:  ILMN
START:  INFO
START:  INOV
START:  INSP
START:  INTC
START:  INTU
START:  INTZ
START:  INVE
START:  IOO
START:  IQV
START:  IRDM
START:  IRMD
START:  ISEE
START:  ISRG
START:  IT
START:  ITT
START:  ITW
START:  IVOG
START:  IVV
START:  IXJ
START:  IXN
START:  J
START:  JBL
START:  JBSS
START:  JD
START:  JKHY
START:  JKS
START:  JNJ
START:  JOE
START:  JOUT
START:  JYNT
START:  KAI
START:  KBH
START:  KBR
START:  KDMN
START:  KEYS
START:  KLAC
START:  KLIC
START:  KMX
START:  KNSL
START:  KOPN
START:  KOSS
START:  KRNT
START:  KSU
START:  KTOS
START:  LAC
START:  LAD
START:  LANC
START:  LAWS
START:  LDOS
START:  LFMD
START:  LGIH
START:  LH
START:  LHCG
START:  LHX
START:  LII
START:  LIN
START:  LINC
START:  LIT
START:  LLY
START:  LMT
START:  LNT
START:  LOB
START:  LOGI
START:  LOVE
START:  LOW
START:  LPLA
START:  LPSN
START:  LQDT
START:  LRCX
START:  LSCC
START:  LSTR
START:  LULU
START:  LUNA
START:  MA
START:  MANH
START:  MANT
START:  MARA
START:  MASI
START:  MATX
START:  MBUU
START:  MCD
START:  MCHP
START:  MCO
START:  MDB
START:  MDT
START:  MEDP
START:  MEDS
START:  MELI
START:  MGC
START:  MGIC
START:  MGK
START:  MGNI
START:  MHO
START:  MIME
START:  MITK
START:  MKC
START:  MKSI
START:  MKTX
START:  MLAB
START:  MLR
START:  MMC
START:  MMS
START:  MNMD
START:  MNST
START:  MODN
START:  MODV
START:  MOH
START:  MORN
START:  MPWR
START:  MRTX
START:  MRVL
START:  MS
START:  MSA
START:  MSCI
START:  MSEX
START:  MSFT
START:  MSI
START:  MSTR
START:  MTBC
START:  MTCH
START:  MTD
START:  MTEX
START:  MTH
START:  MTLS
START:  MTSI
START:  MU
START:  MUSA
START:  MVIS
START:  MXL
START:  MYRG
START:  NBIX
START:  NCBS
START:  NDAQ
START:  NDSN
START:  NEE
START:  NEO
START:  NEOG
START:  NFLX
START:  NICE
START:  NISN
START:  NKE
START:  NOVT
START:  NOW
START:  NSC
START:  NSIT
START:  NSSC
START:  NSTG
START:  NTLA
START:  NTRA
START:  NUAN
START:  NVCR
START:  NVDA
START:  NVMI
START:  NVO
START:  NVR
START:  NXST
START:  NYT
START:  OBCI
START:  ODFL
START:  OEF
START:  OFLX
START:  OLED
START:  OMCL
START:  ON
START:  OOMA
START:  OPRX
START:  ORA
START:  ORCL
START:  ORLY
START:  ORMP
START:  OTEX
START:  PACB
START:  PAG
START:  PANW
START:  PAR
START:  PAYC
START:  PAYX
START:  PBD
START:  PCTY
START:  PEGA
START:  PEN
START:  PENN
START:  PEP
START:  PERI
START:  PFSI
START:  PGR
START:  PH
START:  PHM
START:  PKI
START:  PLL
START:  PLNT
START:  PLUG
START:  PLXS
START:  PODD
START:  POOL
START:  POWI
START:  PRFT
START:  PRI
START:  PRTA
START:  PRTS
START:  PTSI
START:  PWR
START:  PYPL
START:  QADA
START:  QCLN
START:  QDEL
START:  QGEN
START:  QLYS
START:  QQQ
START:  QRVO
START:  QTWO
START:  RADA
START:  RAMP
START:  RBA
START:  RCII
START:  RCKY
START:  RDNT
START:  RDVT
START:  RDWR
START:  REGI
START:  RENN
START:  RGEN
START:  RH
START:  RILY
START:  RIOT
START:  RLI
START:  RLMD
START:  RMD
START:  RNG
START:  ROBO
START:  ROCK
START:  ROK
START:  ROKU
START:  ROL
START:  ROP
START:  ROST
START:  RPD
START:  RPM
START:  RSG
START:  RTH
START:  RUN
START:  RXI
START:  SAIA
START:  SAIC
START:  SAM
START:  SAVA
START:  SCI
START:  SCL
START:  SE
START:  SEAS
START:  SEDG
START:  SFBS
START:  SGEN
START:  SGMS
START:  SGRY
START:  SHOP
START:  SHW
START:  SHYF
START:  SITE
START:  SIVB
START:  SJW
START:  SKY
START:  SLAB
START:  SLP
START:  SMH
START:  SMTC
START:  SNAP
START:  SNPS
START:  SOCL
START:  SOXL
START:  SPGI
START:  SPLG
START:  SPLK
START:  SPNS
START:  SPSC
START:  SPTM
START:  SPWH
START:  SPWR
START:  SPXC
START:  SPXL
START:  SPY
START:  SPYG
START:  SQ
START:  SSD
START:  SSNC
START:  SSTK
START:  STAA
START:  STE
START:  SUSA
START:  SYK
START:  SYNA
START:  TBBK
START:  TBK
START:  TDG
START:  TDOC
START:  TDY
START:  TEAM
START:  TECH
START:  TECL
START:  TER
START:  TFX
START:  TGH
START:  TGLS
START:  TGT
START:  TGTX
START:  THC
START:  TJX
START:  TMO
START:  TMUS
START:  TNDM
START:  TNET
START:  TPX
START:  TREX
START:  TRI
START:  TRIL
START:  TRMB
START:  TRNS
START:  TROW
START:  TRU
START:  TRUP
START:  TSCO
START:  TSLA
START:  TSM
START:  TT
START:  TTC
START:  TTD
START:  TTEC
START:  TTEK
START:  TTGT
START:  TTWO
START:  TWLO
START:  TXN
START:  TYL
START:  UCTT
START:  UFPI
START:  UFPT
START:  UI
START:  UMC
START:  UNF
START:  UNH
START:  UNP
START:  UPLD
START:  URI
START:  V
START:  VALU
START:  VBK
START:  VCEL
START:  VCR
START:  VCTR
START:  VCYT
START:  VDC
START:  VEEV
START:  VERU
START:  VGT
START:  VHT
START:  VIAV
START:  VICR
START:  VIG
START:  VO
START:  VONE
START:  VONG
START:  VOO
START:  VOOG
START:  VOOV
START:  VOT
START:  VPU
START:  VRNS
START:  VRSK
START:  VRSN
START:  VRTV
START:  VSTO
START:  VTHR
START:  VTI
START:  VTNR
START:  VTWG
START:  VUG
START:  VV
START:  VXF
START:  WCN
START:  WD
START:  WDAY
START:  WDFC
START:  WEC
START:  WEN
START:  WINA
START:  WING
START:  WIRE
START:  WIX
START:  WK
START:  WLTW
START:  WM
START:  WMS
START:  WNS
START:  WRB
START:  WSC
START:  WSM
START:  WST
START:  WTRG
START:  WTS
START:  XEL
START:  XENE
START:  XLK
START:  XLNX
START:  XLP
START:  XLRN
START:  XLU
START:  XLV
START:  XLY
START:  XYL
START:  YNDX
START:  YORW
START:  YUM
START:  Z
START:  ZBRA
START:  ZEN
START:  ZLAB
START:  ZNGA
START:  ZS
START:  ZTS
START:  ZYXI
==== MACD golden cross ====
None
code: HLT      day: macd + hist + hist_1pre - ,  Week: macd + hist + hist_1pre - , Month: macd + hist + hist_1pre + , 
Trade --> code: HLT    BUY: 2016-12-31   55.81 SELL: 2022-04-30  156.05  macd:   14.08 macd_count:  65 profit:  2.80

code: NUAN     day: macd + hist + hist_1pre + ,  Week: macd + hist + hist_1pre - , Month: macd + hist - hist_1pre - , 
Trade --> code: NUAN   BUY: 2005-11-30    5.38 SELL: 2008-11-30    7.94  macd:   -0.14 macd_count:  36 profit:  1.48
Trade --> code: NUAN   BUY: 2009-12-31   13.44 SELL: 2013-05-31   16.44  macd:   -0.10 macd_count:  41 profit:  1.22
Trade --> code: NUAN   BUY: 2015-11-30   18.11 SELL: 2016-07-31   13.90  macd:   -0.05 macd_count:   8 profit:  0.77
Trade --> code: NUAN   BUY: 2017-05-31   16.01 SELL: 2017-09-30   13.60  macd:   -0.04 macd_count:   4 profit:  0.85
Trade --> code: NUAN   BUY: 2019-04-30   14.56 SELL: 2022-03-31   55.99  macd:    7.14 macd_count:  36 profit:  3.85

code: SEAS     day: macd + hist - hist_1pre - ,  Week: macd + hist + hist_1pre - , Month: macd + hist + hist_1pre + , 
Trade --> code: SEAS   BUY: 2018-07-31   21.30 SELL: 2020-04-30   14.69  macd:   -0.06 macd_count:  21 profit:  0.69
Trade --> code: SEAS   BUY: 2020-12-31   31.59 SELL: 2022-04-30   71.83  macd:   10.05 macd_count:  17 profit:  2.27

code: UFPT     day: macd + hist + hist_1pre + ,  Week: macd + hist + hist_1pre - , Month: macd + hist + hist_1pre + , 
Trade --> code: UFPT   BUY: 2004-08-31    3.14 SELL: 2009-02-28    4.10  macd:   -0.04 macd_count:  54 profit:  1.31
Trade --> code: UFPT   BUY: 2010-01-31    7.00 SELL: 2015-07-31   19.89  macd:   -0.06 macd_count:  66 profit:  2.84
Trade --> code: UFPT   BUY: 2015-09-30   22.85 SELL: 2022-04-30   72.20  macd:    6.63 macd_count:  80 profit:  3.16

code: VERU     day: macd + hist + hist_1pre + ,  Week: macd + hist + hist_1pre - , Month: macd + hist + hist_1pre - , 
Trade --> code: VERU   BUY: 2004-08-31    1.75 SELL: 2005-04-30    1.69  macd:   -0.02 macd_count:   8 profit:  0.97
Trade --> code: VERU   BUY: 2007-03-31    2.23 SELL: 2011-09-30    4.08  macd:   -0.03 macd_count:  54 profit:  1.83
Trade --> code: VERU   BUY: 2012-03-31    5.42 SELL: 2014-07-31    3.91  macd:   -0.23 macd_count:  28 profit:  0.72
Trade --> code: VERU   BUY: 2018-07-31    1.93 SELL: 2018-09-30    1.42  macd:   -0.00 macd_count:   2 profit:  0.74
Trade --> code: VERU   BUY: 2019-06-30    2.13 SELL: 2022-04-30   14.20  macd:    0.93 macd_count:  35 profit:  6.67

