Fri Apr 15 13:51:13 UTC 2022
arg[0]: scraping/yahoo-finace-api2.py, arg[1]: stock-code-list/buy-list.txt
===========================
scraping
===========================
START:  AAPL
END:    0.4615466594696045
-
START:  EL
END:    0.8024125099182129
-
START:  NEE
END:    1.237168788909912
-
START:  AMD
END:    1.5679466724395752
-
START:  APH
END:    1.9844114780426025
-
START:  XLP
END:    2.38675856590271
-
START:  SPXL
END:    2.6736810207366943
-
START:  KEYS
END:    2.8447952270507812
-
START:  VDC
END:    3.202746868133545
-
START:  SPTM
END:    3.6058621406555176
-
START:  SPLG
END:    3.956364393234253
-
START:  CROX
END:    4.347421169281006
-
START:  AXON
END:    4.726014137268066
-
START:  AWR
END:    5.087829113006592
-
START:  FN
END:    5.324661731719971
-
START:  NXST
END:    5.659971475601196
-
START:  TREX
END:    5.9926676750183105
-
START:  RGEN
END:    7.36002254486084
-
START:  EXPO
END:    7.683456897735596
-
START:  BCPC
END:    8.062995672225952
-
START:  SOXL
END:    8.348747491836548
-
START:  TECL
END:    9.650648593902588
-
START:  NEO
END:    9.969517707824707
-
START:  NVMI
END:    10.317274808883667
-
START:  NVDA
END:    10.708944082260132
-
START:  BBDC
END:    11.01946234703064
-
START:  APPS
END:    11.307474136352539
-
START:  ROK
END:    11.738791227340698
-
START:  NHTC
END:    12.06679892539978
-
START:  ZYXI
END:    12.363083362579346
-
START:  LIT
END:    12.593492984771729
-
START:  LLY
END:    13.010678768157959
-
START:  GTLB
END:    14.08954381942749
-
START:  MCD
END:    14.538073778152466
-
START:  MSI
END:    15.018142938613892
-
START:  HCP
END:    15.080110788345337
-
START:  ON
END:    15.411306142807007
-
===========================
MACD sell
===========================
START:  AAPL
START:  EL
START:  NEE
START:  AMD
START:  APH
START:  XLP
START:  SPXL
START:  KEYS
START:  VDC
START:  SPTM
START:  SPLG
START:  CROX
START:  AXON
START:  AWR
START:  FN
START:  NXST
START:  TREX
START:  RGEN
START:  EXPO
START:  BCPC
START:  SOXL
START:  TECL
START:  NEO
START:  NVMI
START:  NVDA
START:  BBDC
START:  APPS
START:  ROK
START:  NHTC
START:  ZYXI
START:  LIT
START:  LLY
START:  GTLB
START:  MCD
START:  MSI
START:  HCP
START:  ON
==== MACD list ====
code: AAPL     day: macd + hist - ,  Week: macd + hist - , Month: macd + hist - , 
code: EL       day: macd - hist - ,  Week: macd - hist - , Month: macd + hist - , 
code: NEE      day: macd + hist - ,  Week: macd + hist + , Month: macd + hist - , 
code: AMD      day: macd - hist - ,  Week: macd - hist - , Month: macd + hist - , 
code: APH      day: macd - hist - ,  Week: macd - hist - , Month: macd + hist - , 
code: XLP      day: macd + hist + ,  Week: macd + hist + , Month: macd + hist + , 
code: SPXL     day: macd - hist - ,  Week: macd - hist + , Month: macd + hist - , 
code: KEYS     day: macd - hist - ,  Week: macd - hist - , Month: macd + hist - , 
code: VDC      day: macd + hist + ,  Week: macd + hist + , Month: macd + hist + , 
code: SPTM     day: macd + hist - ,  Week: macd - hist + , Month: macd + hist - , 
code: SPLG     day: macd + hist - ,  Week: macd - hist + , Month: macd + hist - , 
code: CROX     day: macd - hist + ,  Week: macd - hist + , Month: macd + hist - , 
code: AXON     day: macd - hist - ,  Week: macd - hist + , Month: macd + hist - , 
code: AWR      day: macd + hist - ,  Week: macd - hist + , Month: macd + hist - , 
code: FN       day: macd - hist - ,  Week: macd - hist - , Month: macd + hist - , 
code: NXST     day: macd - hist - ,  Week: macd + hist - , Month: macd + hist + , 
code: TREX     day: macd - hist + ,  Week: macd - hist - , Month: macd + hist - , 
code: RGEN     day: macd - hist - ,  Week: macd - hist - , Month: macd + hist - , 
code: EXPO     day: macd + hist - ,  Week: macd - hist + , Month: macd + hist - , 
code: BCPC     day: macd - hist - ,  Week: macd - hist - , Month: macd + hist - , 
code: SOXL     day: macd - hist - ,  Week: macd - hist - , Month: macd + hist - , 
code: TECL     day: macd - hist - ,  Week: macd - hist - , Month: macd + hist - , 
code: NEO      day: macd - hist + ,  Week: macd - hist - , Month: macd - hist - , 
code: NVMI     day: macd - hist - ,  Week: macd - hist - , Month: macd + hist - , 
code: NVDA     day: macd - hist - ,  Week: macd - hist - , Month: macd + hist - , 
code: BBDC     day: macd + hist + ,  Week: macd - hist + , Month: macd + hist + , 
code: APPS     day: macd - hist - ,  Week: macd - hist + , Month: macd + hist - , 
code: ROK      day: macd - hist - ,  Week: macd - hist + , Month: macd + hist - , 
code: NHTC     day: macd - hist + ,  Week: macd - hist - , Month: macd - hist + , 
code: ZYXI     day: macd + hist + ,  Week: macd - hist + , Month: macd - hist - , 
code: LIT      day: macd - hist - ,  Week: macd - hist + , Month: macd + hist - , 
code: LLY      day: macd + hist - ,  Week: macd + hist + , Month: macd + hist + , 
code: GTLB     day: macd - hist - ,  Week: macd - hist + , Month: macd + hist + , 
code: MCD      day: macd + hist + ,  Week: macd - hist + , Month: macd + hist - , 
code: MSI      day: macd + hist - ,  Week: macd - hist + , Month: macd + hist - , 
code: HCP      day: macd + hist + ,  Week: macd + hist + , Month: macd + hist + , 
code: ON       day: macd - hist - ,  Week: macd - hist - , Month: macd + hist + , 
==== MACD sell list ====
code: AAPL     day: macd + hist - , 
code: AAPL     day: macd + hist - ,  Week: macd + hist - , 
code: AAPL     day: macd + hist - ,  Week: macd + hist - , Month: macd + hist - , 
code: EL       day: macd - hist - , 
code: EL       day: macd - hist - ,  Week: macd - hist - , 
code: EL       day: macd - hist - ,  Week: macd - hist - , Month: macd + hist - , 
code: NEE      day: macd + hist - , 
code: NEE      day: macd + hist - ,  Week: macd + hist + , Month: macd + hist - , 
code: AMD      day: macd - hist - , 
code: AMD      day: macd - hist - ,  Week: macd - hist - , 
code: AMD      day: macd - hist - ,  Week: macd - hist - , Month: macd + hist - , 
code: APH      day: macd - hist - , 
code: APH      day: macd - hist - ,  Week: macd - hist - , 
code: APH      day: macd - hist - ,  Week: macd - hist - , Month: macd + hist - , 
code: SPXL     day: macd - hist - , 
code: SPXL     day: macd - hist - ,  Week: macd - hist + , Month: macd + hist - , 
code: KEYS     day: macd - hist - , 
code: KEYS     day: macd - hist - ,  Week: macd - hist - , 
code: KEYS     day: macd - hist - ,  Week: macd - hist - , Month: macd + hist - , 
code: SPTM     day: macd + hist - , 
code: SPTM     day: macd + hist - ,  Week: macd - hist + , Month: macd + hist - , 
code: SPLG     day: macd + hist - , 
code: SPLG     day: macd + hist - ,  Week: macd - hist + , Month: macd + hist - , 
code: CROX     day: macd - hist + ,  Week: macd - hist + , Month: macd + hist - , 
code: AXON     day: macd - hist - , 
code: AXON     day: macd - hist - ,  Week: macd - hist + , Month: macd + hist - , 
code: AWR      day: macd + hist - , 
code: AWR      day: macd + hist - ,  Week: macd - hist + , Month: macd + hist - , 
code: FN       day: macd - hist - , 
code: FN       day: macd - hist - ,  Week: macd - hist - , 
code: FN       day: macd - hist - ,  Week: macd - hist - , Month: macd + hist - , 
code: NXST     day: macd - hist - , 
code: NXST     day: macd - hist - ,  Week: macd + hist - , 
code: TREX     day: macd - hist + ,  Week: macd - hist - , 
code: TREX     day: macd - hist + ,  Week: macd - hist - , Month: macd + hist - , 
code: RGEN     day: macd - hist - , 
code: RGEN     day: macd - hist - ,  Week: macd - hist - , 
code: RGEN     day: macd - hist - ,  Week: macd - hist - , Month: macd + hist - , 
code: EXPO     day: macd + hist - , 
code: EXPO     day: macd + hist - ,  Week: macd - hist + , Month: macd + hist - , 
code: BCPC     day: macd - hist - , 
code: BCPC     day: macd - hist - ,  Week: macd - hist - , 
code: BCPC     day: macd - hist - ,  Week: macd - hist - , Month: macd + hist - , 
code: SOXL     day: macd - hist - , 
code: SOXL     day: macd - hist - ,  Week: macd - hist - , 
code: SOXL     day: macd - hist - ,  Week: macd - hist - , Month: macd + hist - , 
code: TECL     day: macd - hist - , 
code: TECL     day: macd - hist - ,  Week: macd - hist - , 
code: TECL     day: macd - hist - ,  Week: macd - hist - , Month: macd + hist - , 
code: NEO      day: macd - hist + ,  Week: macd - hist - , 
code: NEO      day: macd - hist + ,  Week: macd - hist - , Month: macd - hist - , 
code: NVMI     day: macd - hist - , 
code: NVMI     day: macd - hist - ,  Week: macd - hist - , 
code: NVMI     day: macd - hist - ,  Week: macd - hist - , Month: macd + hist - , 
code: NVDA     day: macd - hist - , 
code: NVDA     day: macd - hist - ,  Week: macd - hist - , 
code: NVDA     day: macd - hist - ,  Week: macd - hist - , Month: macd + hist - , 
code: APPS     day: macd - hist - , 
code: APPS     day: macd - hist - ,  Week: macd - hist + , Month: macd + hist - , 
code: ROK      day: macd - hist - , 
code: ROK      day: macd - hist - ,  Week: macd - hist + , Month: macd + hist - , 
code: NHTC     day: macd - hist + ,  Week: macd - hist - , 
code: ZYXI     day: macd + hist + ,  Week: macd - hist + , Month: macd - hist - , 
code: LIT      day: macd - hist - , 
code: LIT      day: macd - hist - ,  Week: macd - hist + , Month: macd + hist - , 
code: LLY      day: macd + hist - , 
code: GTLB     day: macd - hist - , 
code: MCD      day: macd + hist + ,  Week: macd - hist + , Month: macd + hist - , 
code: MSI      day: macd + hist - , 
code: MSI      day: macd + hist - ,  Week: macd - hist + , Month: macd + hist - , 
code: ON       day: macd - hist - , 
code: ON       day: macd - hist - ,  Week: macd - hist - , 
===========================
profit
===========================
==== plus ====
XLP  , macd +, macd hist +, profit:   [6.26], per:   [8.62], now:  [78.84], buy:  [72.58]
VDC  , macd +, macd hist +, profit:  [14.32], per:   [7.56], now: [203.85], buy: [189.53]
NXST , macd -, macd hist -, profit:   [7.52], per:   [4.63], now: [170.02], buy:  [162.5]
EXPO , macd +, macd hist -, profit:   [6.75], per:   [6.68], now: [107.86], buy: [101.11]
ZYXI , macd +, macd hist +, profit:   [0.77], per:  [12.11], now:   [7.13], buy:   [6.36]
LLY  , macd +, macd hist -, profit:  [30.86], per:  [11.39], now: [301.86], buy:   [271.]
HCP  , macd +, macd hist +, profit:   [1.77], per:   [3.26], now:  [56.07], buy:   [54.3]
-
     plus  len:  7
     profit:  [68.25], per:  [54.24], per/len(p):   [7.75], per/len(p+m):   [1.47]
-
==== minus ====
AAPL , macd +, macd hist -, profit:       [], per:       [], now: [165.29], buy:       []
EL   , macd -, macd hist -, profit: [-75.88], per: [-22.33], now: [263.87], buy: [339.75]
NEE  , macd +, macd hist -, profit:  [-2.52], per:  [-2.95], now:  [82.81], buy:  [85.33]
AMD  , macd -, macd hist -, profit: [-27.17], per:  [-22.6], now:  [93.06], buy: [120.23]
APH  , macd -, macd hist -, profit:       [], per:       [], now:  [70.38], buy:       []
SPXL , macd -, macd hist -, profit: [-21.58], per: [-16.57], now: [108.65], buy: [130.23]
KEYS , macd -, macd hist -, profit: [-42.13], per: [-22.64], now: [143.93], buy: [186.06]
SPTM , macd +, macd hist -, profit:  [-2.65], per:  [-4.68], now:  [53.93], buy:  [56.58]
SPLG , macd +, macd hist -, profit:  [-2.48], per:  [-4.59], now:  [51.51], buy:  [53.99]
CROX , macd -, macd hist +, profit: [-105.1], per: [-59.24], now:  [72.32], buy: [177.42]
AXON , macd -, macd hist -, profit: [-14.93], per: [-10.81], now: [123.22], buy: [138.15]
AWR  , macd +, macd hist -, profit:       [], per:       [], now:  [85.35], buy:       []
FN   , macd -, macd hist -, profit: [-21.45], per: [-18.36], now:  [95.41], buy: [116.86]
TREX , macd -, macd hist +, profit:  [-9.01], per: [-12.87], now:  [60.99], buy:    [70.]
RGEN , macd -, macd hist -, profit: [-21.99], per: [-12.24], now: [157.67], buy: [179.66]
BCPC , macd -, macd hist -, profit:  [-3.66], per:  [-2.67], now: [133.42], buy: [137.08]
SOXL , macd -, macd hist -, profit: [-16.48], per: [-39.15], now:  [25.61], buy:  [42.09]
TECL , macd -, macd hist -, profit: [-13.15], per: [-21.65], now:  [47.59], buy:  [60.74]
NEO  , macd -, macd hist +, profit:  [-5.53], per:   [-31.], now:  [12.31], buy:  [17.84]
NVMI , macd -, macd hist -, profit: [-17.47], per: [-15.24], now:  [97.18], buy: [114.65]
NVDA , macd -, macd hist -, profit: [-43.09], per: [-16.85], now: [212.58], buy: [255.67]
BBDC , macd +, macd hist +, profit:  [-0.02], per:  [-0.19], now:  [10.58], buy:   [10.6]
APPS , macd -, macd hist -, profit:  [-6.69], per: [-15.32], now:  [36.98], buy:  [43.67]
ROK  , macd -, macd hist -, profit: [-80.23], per: [-23.47], now: [261.66], buy: [341.89]
NHTC , macd -, macd hist +, profit:  [-0.05], per:   [-0.7], now:   [7.12], buy:   [7.17]
LIT  , macd -, macd hist -, profit: [-19.64], per: [-21.37], now:  [72.27], buy:  [91.91]
GTLB , macd -, macd hist -, profit:   [-2.3], per:  [-4.36], now:  [50.46], buy:  [52.76]
MCD  , macd +, macd hist +, profit:  [-2.95], per:  [-1.16], now: [250.51], buy: [253.46]
MSI  , macd +, macd hist -, profit: [-18.22], per:  [-7.25], now: [233.19], buy: [251.41]
ON   , macd -, macd hist -, profit:   [-6.6], per: [-11.03], now:  [53.26], buy:  [59.86]
-
     minus len:  30
     profit:       [], per:       [], per/len(m):       [], per/len(p+m):       []
-
==== total ====
     profit:       [], per:       [], per/len(p+m):       []
arg[0]: scraping/yahoo-finace-api2.py, arg[1]: stock-code-list/up-month.txt
===========================
scraping
===========================
START:  A
END:    0.3953526020050049
-
START:  AAON
END:    0.813615083694458
-
START:  AAPL
END:    1.2191274166107178
-
START:  ABG
END:    1.6650633811950684
-
START:  ABT
END:    2.0774495601654053
-
START:  ACLS
END:    2.418991804122925
-
START:  ACMR
END:    2.54897403717041
-
START:  ACN
END:    2.880403757095337
-
START:  ADBE
END:    3.2588846683502197
-
START:  ADI
END:    3.6854424476623535
-
START:  ADP
END:    4.095319509506226
-
START:  ADSK
END:    4.426063060760498
-
START:  ADUS
END:    4.6348347663879395
-
START:  AEE
END:    5.03007698059082
-
START:  AGYS
END:    5.417720556259155
-
START:  AIZ
END:    5.782199382781982
-
START:  AJG
END:    6.140258312225342
-
START:  AJRD
END:    6.5060014724731445
-
START:  ALB
END:    6.865349769592285
-
START:  ALG
END:    7.231203079223633
-
START:  ALGN
END:    7.58116340637207
-
START:  ALLE
END:    7.768174648284912
-
START:  ALTR
END:    7.913562774658203
-
START:  AMAT
END:    8.356324911117554
-
START:  AMBA
END:    9.593254804611206
-
START:  AMD
END:    9.985873222351074
-
START:  AME
END:    10.376367807388306
-
START:  AMED
END:    10.712016582489014
-
START:  AMEH
END:    10.960832595825195
-
START:  AMGN
END:    11.323904514312744
-
START:  AMN
END:    11.677611827850342
-
START:  AMP
END:    11.992079973220825
-
START:  AMRC
END:    13.261534214019775
-
START:  AMSWA
END:    14.638318300247192
-
START:  AMTX
END:    14.920313358306885
-
START:  AMZN
END:    15.276156425476074
-
START:  AN
END:    16.637007474899292
-
START:  ANSS
END:    16.987857580184937
-
START:  ANTM
END:    17.34743070602417
-
START:  AON
END:    17.744428396224976
-
START:  AOSL
END:    17.965586185455322
-
START:  APD
END:    18.385921478271484
-
START:  APH
END:    18.74523425102234
-
START:  APPF
END:    18.92535924911499
-
START:  APPN
END:    19.06758713722229
-
START:  APPS
END:    19.348597288131714
-
START:  AQN
END:    19.582063674926758
-
START:  ARCB
END:    19.951088905334473
-
START:  ARCT
END:    20.155808687210083
-
START:  ARES
END:    20.34424090385437
-
START:  ARGX
END:    20.4906587600708
-
START:  ARWR
END:    20.820347785949707
-
START:  ASML
END:    21.200159549713135
-
START:  ASPN
END:    21.38865900039673
-
START:  ATEC
END:    21.66940402984619
-
START:  ATEN
END:    21.861125230789185
-
START:  ATKR
END:    22.01194739341736
-
START:  ATOM
END:    22.162166357040405
-
START:  ATR
END:    22.52232050895691
-
START:  ATRC
END:    23.850727796554565
-
START:  AUDC
END:    24.203337907791138
-
START:  AUPH
END:    24.356720685958862
-
START:  AVAV
END:    24.66785979270935
-
START:  AVGO
END:    24.931905269622803
-
START:  AVID
END:    25.24665355682373
-
START:  AVNW
END:    25.61232829093933
-
START:  AVXL
END:    25.870667695999146
-
START:  AVY
END:    26.250000476837158
-
START:  AWK
END:    26.521769523620605
-
START:  AWR
END:    26.951528787612915
-
START:  AXON
END:    27.27864933013916
-
START:  AZO
END:    28.600438594818115
-
START:  AZPN
END:    28.942491054534912
-
START:  BAH
END:    29.189640283584595
-
START:  BAM
END:    29.62226104736328
-
START:  BAX
END:    30.05028200149536
-
START:  BBH
END:    30.425099849700928
-
START:  BBQ
END:    30.746735095977783
-
START:  BBY
END:    31.097398281097412
-
START:  BCPC
END:    31.5111026763916
-
START:  BDX
END:    31.93003273010254
-
START:  BEEM
END:    35.211536169052124
-
START:  BFAM
END:    35.430752754211426
-
START:  BFC
END:    35.72271800041199
-
START:  BGFV
END:    36.16278433799744
-
START:  BGNE
END:    37.33349680900574
-
START:  BHVN
END:    37.45384097099304
-
START:  BIO
END:    37.76742887496948
-
START:  BL
END:    37.913695096969604
-
START:  BLD
END:    38.08923649787903
-
START:  BLDP
END:    38.444830894470215
-
START:  BLDR
END:    38.71963977813721
-
START:  BLFS
END:    39.049447536468506
-
START:  BLK
END:    39.43295860290527
-
START:  BLL
END:    39.833712339401245
-
START:  BLNK
END:    40.06589913368225
-
START:  BMI
END:    40.46768546104431
-
START:  BOOT
END:    40.6684045791626
-
START:  BOTZ
END:    40.831441164016724
-
START:  BR
END:    42.115652561187744
-
START:  BRKR
END:    42.482956886291504
-
START:  BRKS
Not Found: No data found, symbol may be delisted
START:  BRO
END:    42.9239821434021
-
START:  BURL
END:    43.10257816314697
-
START:  BX
END:    44.43655347824097
-
START:  CABO
END:    44.62957549095154
-
START:  CACI
END:    44.9753303527832
-
START:  CALX
END:    45.20547151565552
-
START:  CAMT
END:    45.583497524261475
-
START:  CAR
END:    45.93156409263611
-
START:  CBRE
END:    47.25541973114014
-
START:  CBSH
END:    47.706289291381836
-
START:  CBZ
END:    48.01037240028381
-
START:  CCOI
END:    48.362802028656006
-
START:  CCS
END:    49.54768919944763
-
START:  CDMO
END:    49.88581871986389
-
START:  CDNA
END:    50.05766463279724
-
START:  CDNS
END:    51.38553047180176
-
START:  CDW
END:    51.59642004966736
-
START:  CELH
END:    51.87666583061218
-
START:  CGNX
END:    52.309645891189575
-
START:  CHD
END:    52.67499113082886
-
START:  CHDN
END:    53.11708426475525
-
START:  CHE
END:    53.50891327857971
-
START:  CHGG
END:    54.721717834472656
-
START:  CHH
END:    55.102813959121704
-
START:  CHKP
END:    55.454766511917114
-
START:  CHTR
END:    56.72974371910095
-
START:  CIEN
END:    57.04152059555054
-
START:  CLAR
END:    57.408681869506836
-
START:  CLFD
END:    57.741633892059326
-
START:  CLGN
END:    57.85288596153259
-
START:  CLNE
END:    58.12593197822571
-
START:  CLPT
END:    58.308024883270264
-
START:  CLX
END:    58.712016582489014
-
START:  CMCSA
END:    59.11855101585388
-
START:  CMG
END:    59.42317485809326
-
START:  CMS
END:    59.84498572349548
-
START:  CNC
END:    60.201287508010864
-
START:  CNI
END:    60.563660860061646
-
START:  CNMD
END:    61.958266258239746
-
START:  CNS
END:    62.26273846626282
-
START:  CNXN
END:    63.644853353500366
-
START:  COO
END:    64.0621395111084
-
START:  COST
END:    64.43578886985779
-
START:  COUP
END:    64.58397078514099
-
START:  COWN
END:    64.87014484405518
-
START:  CP
END:    65.27744746208191
-
START:  CPK
END:    65.68703866004944
-
START:  CPRT
END:    66.03026509284973
-
START:  CPSH
END:    66.369309425354
-
START:  CRAI
END:    66.73039293289185
-
START:  CREE
Not Found: No data found, symbol may be delisted
START:  CRL
END:    67.12660813331604
-
START:  CRM
END:    67.43611669540405
-
START:  CRMT
END:    67.76694869995117
-
START:  CROX
END:    68.06637573242188
-
START:  CRSP
END:    69.23147106170654
-
START:  CRVL
END:    69.57217979431152
-
START:  CSGP
END:    69.92420554161072
-
START:  CSL
END:    70.34135675430298
-
START:  CSWI
END:    71.53305268287659
-
START:  CSX
END:    71.95036745071411
-
START:  CTAS
END:    72.36315679550171
-
START:  CTLT
END:    72.55726623535156
-
START:  CTRN
END:    72.87804937362671
-
START:  CURE
END:    74.10603785514832
-
START:  CVCO
END:    74.43772411346436
-
START:  CVNA
END:    74.57804107666016
-
START:  CWST
END:    74.93180871009827
-
START:  CWT
END:    75.29891514778137
-
START:  CXSE
END:    75.52525472640991
-
START:  CYBR
END:    76.73774862289429
-
START:  CYRX
END:    77.04504323005676
-
START:  CYTK
END:    77.36225175857544
-
START:  DAC
END:    78.68720030784607
-
START:  DAR
END:    79.04047083854675
-
START:  DAVA
END:    79.16959524154663
-
START:  DDS
END:    79.57629346847534
-
START:  DE
END:    79.9861068725586
-
START:  DECK
END:    80.36864018440247
-
START:  DELL
END:    81.54216456413269
-
START:  DFIN
END:    81.68786907196045
-
START:  DG
END:    81.93581175804138
-
START:  DGRW
END:    82.17510557174683
-
START:  DHI
END:    82.55914616584778
-
START:  DHR
END:    82.96751046180725
-
START:  DIA
END:    83.36329746246338
-
START:  DIOD
END:    83.69823455810547
-
START:  DIS
END:    84.15038704872131
-
START:  DKS
END:    84.51569724082947
-
START:  DLN
END:    85.84801745414734
-
START:  DNLI
END:    85.98127317428589
-
START:  DOMO
END:    86.09369039535522
-
START:  DOV
END:    86.56631112098694
-
START:  DPZ
END:    86.91491460800171
-
START:  DQ
END:    87.13494110107422
-
START:  DRD
END:    87.50229835510254
-
START:  DRIO
END:    87.63538861274719
-
START:  DRNA
Not Found: No data found, symbol may be delisted
START:  DSGX
END:    88.04373025894165
-
START:  DVAX
END:    91.37054228782654
-
START:  DXCM
END:    91.65429162979126
-
START:  ECL
END:    92.06631398200989
-
START:  EFX
END:    92.48891854286194
-
START:  EGAN
END:    92.82278966903687
-
START:  EHC
END:    93.16227602958679
-
START:  EL
END:    93.6307282447815
-
START:  ENPH
END:    93.8459985256195
-
START:  ENSG
END:    94.1521806716919
-
START:  ENTG
END:    94.50869846343994
-
START:  ENV
END:    94.7479600906372
-
START:  EPAM
END:    94.93906378746033
-
START:  ERIE
END:    95.36730694770813
-
START:  ES
END:    95.80711627006531
-
START:  ESE
END:    96.21085119247437
-
START:  ETN
END:    96.62334322929382
-
START:  ETSY
END:    96.81825542449951
-
START:  EVBG
END:    96.97127032279968
-
START:  EVTC
END:    98.24378633499146
-
START:  EW
END:    99.61102032661438
-
START:  EWT
END:    99.98445415496826
-
START:  EXAS
END:    100.42983913421631
-
START:  EXLS
END:    100.72495532035828
-
START:  EXPD
END:    101.1160340309143
-
START:  EXPI
END:    101.25480318069458
-
START:  EXPO
END:    101.6018373966217
-
START:  FAST
END:    102.0015172958374
-
START:  FATE
END:    102.1845600605011
-
START:  FB
END:    102.40938663482666
-
START:  FCN
END:    102.77340078353882
-
START:  FCX
END:    103.15879964828491
-
START:  FDN
END:    103.44930648803711
-
START:  FDS
END:    103.8224081993103
-
START:  FELE
END:    104.24213790893555
-
START:  FFIN
END:    104.65333199501038
-
START:  FICO
END:    105.04248118400574
-
START:  FINX
END:    105.20641446113586
-
START:  FIS
END:    105.57387208938599
-
START:  FISV
END:    105.906911611557
-
START:  FIVE
END:    106.0833044052124
-
START:  FIVN
END:    106.25853729248047
-
START:  FLGT
END:    106.40547323226929
-
START:  FLT
END:    107.6969542503357
-
START:  FLWS
END:    109.08236908912659
-
START:  FN
END:    110.36285901069641
-
START:  FND
END:    110.49371123313904
-
START:  FNV
END:    110.79458403587341
-
START:  FORM
END:    111.13760328292847
-
START:  FOXF
END:    111.34481739997864
-
START:  FPX
END:    112.65844774246216
-
START:  FRC
END:    112.88079619407654
-
START:  FRHC
END:    112.99499487876892
-
START:  FRPT
END:    113.14781451225281
-
START:  FSS
END:    113.52373194694519
-
START:  FTNT
END:    113.76270079612732
-
START:  FUV
END:    113.89331412315369
-
START:  GDEN
END:    114.2266321182251
-
START:  GFI
END:    114.64512586593628
-
START:  GGG
END:    116.16165137290955
-
START:  GIB
END:    117.50743865966797
-
START:  GLDD
END:    117.8033607006073
-
START:  GLOB
END:    117.99902200698853
-
START:  GMAB
END:    118.24255704879761
-
START:  GME
END:    119.60782217979431
-
START:  GMED
END:    119.83135914802551
-
START:  GNRC
END:    120.13649034500122
-
START:  GNSS
END:    120.47742366790771
-
START:  GNTX
END:    120.86230993270874
-
START:  GOLF
END:    121.02146649360657
-
START:  GOOG
END:    121.36339712142944
-
START:  GOOGL
END:    121.67545199394226
-
START:  GPI
END:    123.07335257530212
-
START:  GPN
END:    124.45701885223389
-
START:  GRBK
END:    124.73548078536987
-
START:  GRMN
END:    125.18757200241089
-
START:  GRVY
END:    125.49086236953735
-
START:  GRWG
END:    125.62784934043884
-
START:  GWRE
END:    125.83384370803833
-
START:  HACK
END:    127.05376839637756
-
START:  HALO
END:    127.36929488182068
-
START:  HCI
END:    127.68372297286987
-
START:  HD
END:    128.07730913162231
-
START:  HEI
END:    128.50691509246826
-
START:  HELE
END:    128.8663523197174
-
START:  HIBB
END:    129.235013961792
-
START:  HLI
END:    129.4199047088623
-
START:  HLT
END:    129.627601146698
-
START:  HOLX
END:    130.0274727344513
-
START:  HON
END:    131.49354338645935
-
START:  HOV
END:    132.8214249610901
-
START:  HRC
Not Found: No data found, symbol may be delisted
START:  HRI
END:    134.18402791023254
-
START:  HSKA
END:    134.54016613960266
-
START:  HTHT
END:    135.77405714988708
-
START:  HUBS
END:    135.96512031555176
-
START:  HUM
END:    136.36523365974426
-
START:  HZNP
END:    136.57537269592285
-
START:  IAC
END:    137.00760698318481
-
START:  IBP
END:    137.20350456237793
-
START:  ICE
END:    137.49632096290588
-
START:  ICLN
END:    137.77383160591125
-
START:  ICLR
END:    138.1751582622528
-
START:  IDT
END:    138.53216242790222
-
START:  IDXX
END:    139.8655505180359
-
START:  IESC
END:    141.24044251441956
-
START:  IEX
END:    141.61952829360962
-
START:  ILMN
END:    143.00720763206482
-
START:  INFO
END:    143.3342137336731
-
START:  INOV
Not Found: No data found, symbol may be delisted
START:  INSP
END:    143.51433157920837
-
START:  INTC
END:    144.95241808891296
-
START:  INTU
END:    145.32312202453613
-
START:  INTZ
END:    145.62453508377075
-
START:  INVE
END:    146.97749972343445
-
START:  IOO
END:    147.3770055770874
-
START:  IQV
END:    148.79944491386414
-
START:  IRDM
END:    149.17238926887512
-
START:  IRMD
END:    150.399156332016
-
START:  ISEE
END:    150.56192278862
-
START:  ISRG
END:    151.94674682617188
-
START:  IT
END:    152.3130750656128
-
START:  ITT
END:    152.68733024597168
-
START:  ITW
END:    154.1276581287384
-
START:  IVOG
END:    154.38937211036682
-
START:  IVV
END:    154.767320394516
-
START:  IXJ
END:    155.2001371383667
-
START:  IXN
END:    155.5757327079773
-
START:  J
END:    155.95269989967346
-
START:  JBL
END:    156.32784414291382
-
START:  JBSS
END:    156.71306610107422
-
START:  JD
END:    156.86835646629333
-
START:  JKHY
END:    157.26409435272217
-
START:  JKS
END:    157.48646783828735
-
START:  JNJ
END:    157.9393012523651
-
START:  JOE
END:    158.34711050987244
-
START:  JOUT
END:    158.72683763504028
-
START:  JYNT
END:    158.9197235107422
-
START:  KAI
END:    159.28538990020752
-
START:  KBH
END:    159.70709919929504
-
START:  KBR
END:    161.0442020893097
-
START:  KDMN
Not Found: No data found, symbol may be delisted
START:  KEYS
END:    162.34460067749023
-
START:  KLAC
END:    162.72257089614868
-
START:  KLIC
END:    164.09399843215942
-
START:  KMX
END:    164.43879771232605
-
START:  KNSL
END:    165.62253189086914
-
START:  KOPN
END:    165.93957662582397
-
START:  KOSS
END:    166.29651045799255
-
START:  KRNT
END:    166.47217965126038
-
START:  KSU
Not Found: No data found, symbol may be delisted
START:  KTOS
END:    167.890127658844
-
START:  LAC
END:    168.14559388160706
-
START:  LAD
END:    168.5601716041565
-
START:  LANC
END:    168.92861127853394
-
START:  LAWS
END:    169.31773781776428
-
START:  LDOS
END:    169.6259822845459
-
START:  LFMD
END:    169.85706758499146
-
START:  LGIH
END:    170.0531096458435
-
START:  LH
END:    170.38811349868774
-
START:  LHCG
END:    170.69049763679504
-
START:  LHX
END:    171.14736652374268
-
START:  LII
END:    171.53482151031494
-
START:  LIN
END:    172.90237760543823
-
START:  LINC
END:    173.20427227020264
-
START:  LIT
END:    173.45528411865234
-
START:  LLY
END:    173.8771891593933
-
START:  LMT
END:    174.2629644870758
-
START:  LNT
END:    175.69095945358276
-
START:  LOB
END:    175.84690523147583
-
START:  LOGI
END:    176.2274854183197
-
START:  LOVE
END:    176.35905528068542
-
START:  LOW
END:    176.76064801216125
-
START:  LPLA
END:    177.0206377506256
-
START:  LPSN
END:    177.34775686264038
-
START:  LQDT
END:    177.6442379951477
-
START:  LRCX
END:    177.98911046981812
-
START:  LSCC
END:    179.42260646820068
-
START:  LSTR
END:    181.3468885421753
-
START:  LULU
END:    182.7493176460266
-
START:  LUNA
END:    185.04282689094543
-
START:  MA
END:    187.94888138771057
-
START:  MANH
END:    189.19861817359924
-
START:  MANT
END:    191.0317006111145
-
START:  MARA
END:    192.33346796035767
-
START:  MASI
END:    193.56152534484863
-
START:  MATX
END:    195.76017546653748
-
START:  MBUU
END:    196.92350006103516
-
START:  MCD
END:    198.99772191047668
-
START:  MCHP
END:    203.05901646614075
-
START:  MCO
END:    205.61837577819824
-
START:  MDB
END:    206.8279218673706
-
START:  MDT
END:    208.6087019443512
-
START:  MEDP
END:    210.46442222595215
-
START:  MEDS
END:    211.7038915157318
-
START:  MELI
END:    213.6371591091156
-
START:  MGC
END:    214.90950655937195
-
START:  MGIC
END:    216.6954140663147
-
START:  MGK
END:    218.77720260620117
-
START:  MGNI
END:    219.7051076889038
-
START:  MHO
END:    221.28172087669373
-
START:  MIME
END:    222.3319058418274
-
START:  MITK
END:    223.48101377487183
-
START:  MKC
END:    225.38575077056885
-
START:  MKSI
END:    227.49428057670593
-
START:  MKTX
END:    229.36510467529297
-
START:  MLAB
END:    231.3374307155609
-
START:  MLR
END:    233.44998621940613
-
START:  MMC
END:    235.49170327186584
-
START:  MMS
END:    237.87264585494995
-
START:  MNMD
END:    238.8845407962799
-
START:  MNST
END:    240.44953393936157
-
START:  MODN
END:    241.57297277450562
-
START:  MODV
END:    242.93186116218567
-
START:  MOH
END:    243.92539191246033
-
START:  MORN
END:    245.66973114013672
-
START:  MPWR
END:    247.3365650177002
-
START:  MRTX
END:    249.53011202812195
-
START:  MRVL
END:    251.85047936439514
-
START:  MS
END:    253.44755697250366
-
START:  MSA
END:    255.4003939628601
-
START:  MSCI
END:    257.6353802680969
-
START:  MSEX
END:    259.68435740470886
-
START:  MSFT
END:    261.2037832736969
-
START:  MSI
END:    263.1721065044403
-
START:  MSTR
END:    265.84942626953125
-
START:  MTBC
END:    266.8658227920532
-
START:  MTCH
END:    269.41361594200134
-
START:  MTD
END:    274.0097744464874
-
START:  MTEX
END:    275.6772372722626
-
START:  MTH
END:    277.4305839538574
-
START:  MTLS
END:    278.2689154148102
-
START:  MTSI
END:    279.51158833503723
-
START:  MU
END:    281.2423264980316
-
START:  MUSA
END:    282.7709560394287
-
START:  MVIS
END:    284.47570872306824
-
START:  MXL
END:    285.33792090415955
-
START:  MYRG
END:    286.4443464279175
-
START:  NBIX
END:    288.52323269844055
-
START:  NCBS
END:    289.5642728805542
-
START:  NDAQ
END:    291.02932500839233
-
START:  NDSN
END:    292.8745765686035
-
START:  NEE
END:    295.49396681785583
-
START:  NEO
END:    297.0936939716339
-
START:  NEOG
END:    298.408727645874
-
START:  NFLX
END:    299.759325504303
-
START:  NICE
END:    301.86383032798767
-
START:  NISN
END:    303.0218594074249
-
START:  NKE
END:    305.40648198127747
-
START:  NOVT
END:    306.7609496116638
-
START:  NOW
END:    308.57340383529663
-
START:  NSC
END:    310.6284170150757
-
START:  NSIT
END:    311.9376549720764
-
START:  NSSC
END:    313.435729265213
-
START:  NSTG
END:    314.4303123950958
-
START:  NTLA
END:    316.33491230010986
-
START:  NTRA
END:    317.2954754829407
-
START:  NUAN
END:    318.792870759964
-
START:  NVCR
END:    319.84102296829224
-
START:  NVDA
END:    321.6280825138092
-
START:  NVMI
END:    323.23009300231934
-
START:  NVO
END:    324.8510973453522
-
START:  NVR
END:    326.7670168876648
-
START:  NXST
END:    328.73750615119934
-
START:  NYT
END:    330.6274297237396
-
START:  OBCI
END:    332.5819466114044
-
START:  ODFL
END:    334.1411724090576
-
START:  OEF
END:    336.168509721756
-
START:  OFLX
END:    338.3877806663513
-
START:  OLED
END:    339.6673216819763
-
START:  OMCL
END:    342.15964102745056
-
START:  ON
END:    344.0696802139282
-
START:  OOMA
END:    344.7376799583435
-
START:  OPRX
END:    345.8601791858673
-
START:  ORA
END:    348.2925970554352
-
START:  ORCL
END:    349.8832473754883
-
START:  ORLY
END:    351.3464548587799
-
START:  ORMP
END:    353.083979845047
-
START:  OTEX
END:    354.46629762649536
-
START:  PACB
END:    355.6095805168152
-
START:  PAG
END:    357.28013586997986
-
START:  PANW
END:    358.1435658931732
-
START:  PAR
END:    359.2148017883301
-
START:  PAYC
END:    360.4529023170471
-
START:  PAYX
END:    362.7989966869354
-
START:  PBD
END:    364.10473895072937
-
START:  PCTY
END:    365.39393520355225
-
START:  PEGA
END:    367.9731376171112
-
START:  PEN
END:    369.2095983028412
-
START:  PENN
END:    370.8670358657837
-
START:  PEP
END:    373.27492117881775
-
START:  PERI
END:    375.1260335445404
-
START:  PFSI
END:    377.5494930744171
-
START:  PGR
END:    379.7471468448639
-
START:  PH
END:    381.3696537017822
-
START:  PHM
END:    383.4147238731384
-
START:  PKI
END:    386.302503824234
-
START:  PLL
END:    387.19410705566406
-
START:  PLNT
END:    388.5050365924835
-
START:  PLUG
END:    389.885457277298
-
START:  PLXS
END:    392.24836111068726
-
START:  PODD
END:    393.5318977832794
-
START:  POOL
END:    395.2128098011017
-
START:  POWI
END:    397.0103647708893
-
START:  PRFT
END:    398.2117166519165
-
START:  PRI
END:    399.9153320789337
-
START:  PRTA
END:    401.130695104599
-
START:  PRTS
END:    403.83477783203125
-
START:  PTSI
END:    406.0237898826599
-
START:  PWR
END:    407.89063477516174
-
START:  PYPL
END:    409.1271300315857
-
START:  QADA
Not Found: No data found, symbol may be delisted
START:  QCLN
END:    409.4424042701721
-
START:  QDEL
END:    409.7657632827759
-
START:  QGEN
END:    410.1444990634918
-
START:  QLYS
END:    410.3369553089142
-
START:  QQQ
END:    410.69068694114685
-
START:  QRVO
END:    410.8406774997711
-
START:  QTWO
END:    410.9988627433777
-
START:  RADA
END:    411.3720324039459
-
START:  RAMP
END:    411.7243037223816
-
START:  RBA
END:    413.15610337257385
-
START:  RCII
END:    413.5166015625
-
START:  RCKY
END:    414.8506190776825
-
START:  RDNT
END:    416.2031202316284
-
START:  RDVT
END:    416.31806445121765
-
START:  RDWR
END:    416.6834166049957
-
START:  REGI
END:    417.9326024055481
-
START:  RENN
END:    418.1686260700226
-
START:  RGEN
END:    418.52054023742676
-
START:  RH
END:    418.7442488670349
-
START:  RILY
END:    420.03721141815186
-
START:  RIOT
END:    420.1977484226227
-
START:  RLI
END:    420.60467195510864
-
START:  RLMD
END:    420.7763702869415
-
START:  RMD
END:    421.1428346633911
-
START:  RNG
END:    421.3879237174988
-
START:  ROBO
END:    421.60841608047485
-
START:  ROCK
END:    422.0806655883789
-
START:  ROK
END:    422.479425907135
-
START:  ROKU
END:    422.6151878833771
-
START:  ROL
END:    423.0306484699249
-
START:  ROP
END:    423.40371203422546
-
START:  ROST
END:    423.8271920681
-
START:  RPD
END:    425.0744512081146
-
START:  RPM
END:    425.4931766986847
-
START:  RSG
END:    425.87501549720764
-
START:  RTH
END:    426.2458519935608
-
START:  RUN
END:    426.4095685482025
-
START:  RXI
END:    426.7168622016907
-
START:  SAIA
END:    427.0426914691925
-
START:  SAIC
END:    428.2677617073059
-
START:  SAM
END:    428.60666704177856
-
START:  SAVA
END:    429.98652601242065
-
START:  SCI
END:    430.4038233757019
-
START:  SCL
END:    430.7745666503906
-
START:  SE
END:    430.9026825428009
-
START:  SEAS
END:    432.12916469573975
-
START:  SEDG
END:    432.27834939956665
-
START:  SFBS
END:    433.49974822998047
-
START:  SGEN
END:    433.8464651107788
-
START:  SGMS
END:    435.2633972167969
-
START:  SGRY
END:    435.4264831542969
-
START:  SHOP
END:    435.56618666648865
-
START:  SHW
END:    437.05082631111145
-
START:  SHYF
END:    437.43734788894653
-
START:  SITE
END:    437.58830285072327
-
START:  SIVB
END:    437.91873145103455
-
START:  SJW
END:    439.34283566474915
-
START:  SKY
END:    439.7203209400177
-
START:  SLAB
END:    440.06953382492065
-
START:  SLP
END:    440.42052388191223
-
START:  SMH
END:    440.7989273071289
-
START:  SMTC
END:    442.1784541606903
-
START:  SNAP
END:    442.3158769607544
-
START:  SNPS
END:    442.6451721191406
-
START:  SOCL
END:    442.87350702285767
-
START:  SOXL
END:    443.12690925598145
-
START:  SPGI
END:    443.56613278388977
-
START:  SPLG
END:    444.95241713523865
-
START:  SPLK
END:    445.172039270401
-
START:  SPNS
END:    445.53103613853455
-
START:  SPSC
END:    445.74084401130676
-
START:  SPTM
END:    446.09160232543945
-
START:  SPWH
END:    446.27378845214844
-
START:  SPWR
END:    447.61032819747925
-
START:  SPXC
END:    448.01114559173584
-
START:  SPXL
END:    448.28974080085754
-
START:  SPY
END:    448.67708921432495
-
START:  SPYG
END:    449.05089044570923
-
START:  SQ
END:    449.2325942516327
-
START:  SSD
END:    449.5856282711029
-
START:  SSNC
END:    449.85471296310425
-
START:  SSTK
END:    450.07957649230957
-
START:  STAA
END:    450.40981221199036
-
START:  STE
END:    450.79525446891785
-
START:  SUSA
END:    451.1373670101166
-
START:  SYK
END:    451.5338807106018
-
START:  SYNA
END:    452.88161277770996
-
START:  TBBK
END:    453.19651198387146
-
START:  TBK
END:    454.3758728504181
-
START:  TDG
END:    454.69211649894714
-
START:  TDOC
END:    454.8551390171051
-
START:  TDY
END:    455.1898374557495
-
START:  TEAM
END:    455.35220670700073
-
START:  TECH
END:    456.7268934249878
-
START:  TECL
END:    458.0640037059784
-
START:  TER
END:    458.40577149391174
-
START:  TFX
END:    458.80883860588074
-
START:  TGH
END:    460.109801530838
-
START:  TGLS
END:    460.33143281936646
-
START:  TGT
END:    461.83178997039795
-
START:  TGTX
END:    462.1108913421631
-
START:  THC
END:    462.5045576095581
-
START:  TJX
END:    462.885703086853
-
START:  TMO
END:    463.2317764759064
-
START:  TMUS
END:    463.5053346157074
-
START:  TNDM
END:    463.6987817287445
-
START:  TNET
END:    464.8891108036041
-
START:  TPX
END:    465.2662329673767
-
START:  TREX
END:    465.62230038642883
-
START:  TRI
END:    465.9683873653412
-
START:  TRIL
Not Found: No data found, symbol may be delisted
START:  TRMB
END:    466.3325135707855
-
START:  TRNS
END:    466.6296694278717
-
START:  TROW
END:    467.0164587497711
-
START:  TRU
END:    467.19878602027893
-
START:  TRUP
END:    467.3844132423401
-
START:  TSCO
END:    468.7905216217041
-
START:  TSLA
END:    469.0303192138672
-
START:  TSM
END:    470.39110112190247
-
START:  TT
END:    470.83140540122986
-
START:  TTC
END:    471.21078610420227
-
START:  TTD
END:    472.3809139728546
-
START:  TTEC
END:    472.70970392227173
-
START:  TTEK
END:    473.0734865665436
-
START:  TTGT
END:    475.39457964897156
-
START:  TTWO
END:    476.92533707618713
-
START:  TWLO
END:    477.78820729255676
-
START:  TXN
END:    480.25202536582947
-
START:  TYL
END:    481.512015581131
-
START:  UCTT
END:    482.8317449092865
-
START:  UFPI
END:    485.5724952220917
-
START:  UFPT
END:    486.94152784347534
-
START:  UI
END:    488.2463083267212
-
START:  UMC
END:    490.17771434783936
-
START:  UNF
END:    492.4087989330292
-
START:  UNH
END:    495.3052852153778
-
START:  UNP
END:    497.0111062526703
-
START:  UPLD
END:    498.45762062072754
-
START:  URI
END:    499.56822657585144
-
START:  V
END:    501.7180473804474
-
START:  VALU
END:    504.02044129371643
-
START:  VBK
END:    505.3746438026428
-
START:  VCEL
END:    507.27918791770935
-
START:  VCR
END:    509.11049604415894
-
START:  VCTR
END:    510.4680368900299
-
START:  VCYT
END:    511.4194438457489
-
START:  VDC
END:    513.1319227218628
-
START:  VEEV
END:    514.2794070243835
-
START:  VERU
END:    515.9896037578583
-
START:  VGT
END:    517.4844553470612
-
START:  VHT
END:    519.293713092804
-
START:  VIAV
END:    520.5669648647308
-
START:  VICR
END:    522.2947494983673
-
START:  VIG
END:    524.1490087509155
-
START:  VO
END:    526.4590344429016
-
START:  VONE
END:    528.1690671443939
-
START:  VONG
END:    529.6666104793549
-
START:  VOO
END:    531.3269710540771
-
START:  VOOG
END:    533.0515162944794
-
START:  VOOV
END:    534.7353513240814
-
START:  VOT
END:    536.0516908168793
-
START:  VPU
END:    538.0165429115295
-
START:  VRNS
END:    539.0941696166992
-
START:  VRSK
END:    540.5628626346588
-
START:  VRSN
END:    542.8307888507843
-
START:  VRTV
END:    543.8940980434418
-
START:  VSTO
END:    545.0603032112122
-
START:  VTHR
END:    546.2827644348145
-
START:  VTI
END:    549.1277284622192
-
START:  VTNR
END:    550.159907579422
-
START:  VTWG
END:    551.9487555027008
-
START:  VUG
END:    554.0117864608765
-
START:  VV
END:    555.6284840106964
-
START:  VXF
END:    557.5867583751678
-
START:  WCN
END:    559.6876237392426
-
START:  WD
END:    561.591954946518
-
START:  WDAY
END:    562.7078897953033
-
START:  WDFC
END:    565.357913017273
-
START:  WEC
END:    567.1231937408447
-
START:  WEN
END:    568.6792089939117
-
START:  WINA
END:    570.4260189533234
-
START:  WING
END:    572.0387241840363
-
START:  WIRE
END:    574.1948776245117
-
START:  WIX
END:    575.0060968399048
-
START:  WK
END:    576.2796564102173
-
START:  WLTW
Not Found: No data found, symbol may be delisted
START:  WM
END:    578.6212267875671
-
START:  WMS
END:    580.296085357666
-
START:  WNS
END:    581.3937594890594
-
START:  WRB
END:    583.4447538852692
-
START:  WSC
END:    584.2992649078369
-
START:  WSM
END:    587.2031950950623
-
START:  WST
END:    589.4753348827362
-
START:  WTRG
END:    591.7863066196442
-
START:  WTS
END:    593.6176455020905
-
START:  XEL
END:    595.2597539424896
-
START:  XENE
END:    596.3488893508911
-
START:  XLK
END:    598.0423183441162
-
START:  XLNX
END:    599.5651247501373
-
START:  XLP
END:    601.316223859787
-
START:  XLRN
Not Found: No data found, symbol may be delisted
START:  XLU
END:    603.7001900672913
-
START:  XLV
END:    606.3862681388855
-
START:  XLY
END:    608.6198222637177
-
START:  XYL
END:    610.2156925201416
-
START:  YNDX
END:    611.3430738449097
-
START:  YORW
END:    613.4304826259613
-
START:  YUM
END:    615.2991383075714
-
START:  Z
END:    616.7566397190094
-
START:  ZBRA
END:    618.3361723423004
-
START:  ZEN
END:    619.3673598766327
-
START:  ZLAB
END:    620.189168214798
-
START:  ZNGA
END:    621.0546770095825
-
START:  ZS
END:    622.9600148200989
-
START:  ZTS
END:    624.476865530014
-
START:  ZYXI
END:    626.1658022403717
-
===========================
MACD golden cross
===========================
START:  code
START:  A
START:  AAON
START:  AAPL
START:  ABG
START:  ABT
START:  ACLS
START:  ACMR
START:  ACN
START:  ADBE
START:  ADI
START:  ADP
START:  ADSK
START:  ADUS
START:  AEE
START:  AGYS
START:  AIZ
START:  AJG
START:  AJRD
START:  ALB
START:  ALG
START:  ALGN
START:  ALLE
START:  ALTR
START:  AMAT
START:  AMBA
START:  AMD
START:  AME
START:  AMED
START:  AMEH
START:  AMGN
START:  AMN
START:  AMP
START:  AMRC
START:  AMSWA
START:  AMTX
START:  AMZN
START:  AN
START:  ANSS
START:  ANTM
START:  AON
START:  AOSL
START:  APD
START:  APH
START:  APPF
START:  APPN
START:  APPS
START:  AQN
START:  ARCB
START:  ARCT
START:  ARES
START:  ARGX
START:  ARWR
START:  ASML
START:  ASPN
START:  ATEC
START:  ATEN
START:  ATKR
START:  ATOM
START:  ATR
START:  ATRC
START:  AUDC
START:  AUPH
START:  AVAV
START:  AVGO
START:  AVID
START:  AVNW
START:  AVXL
START:  AVY
START:  AWK
START:  AWR
START:  AXON
START:  AZO
START:  AZPN
START:  BAH
START:  BAM
START:  BAX
START:  BBH
START:  BBQ
START:  BBY
START:  BCPC
START:  BDX
START:  BEEM
START:  BFAM
START:  BFC
START:  BGFV
START:  BGNE
START:  BHVN
START:  BIO
START:  BL
START:  BLD
START:  BLDP
START:  BLDR
START:  BLFS
START:  BLK
START:  BLL
START:  BLNK
START:  BMI
START:  BOOT
START:  BOTZ
START:  BR
START:  BRKR
START:  BRKS
START:  BRO
START:  BURL
START:  BX
START:  CABO
START:  CACI
START:  CALX
START:  CAMT
START:  CAR
START:  CBRE
START:  CBSH
START:  CBZ
START:  CCOI
START:  CCS
START:  CDMO
START:  CDNA
START:  CDNS
START:  CDW
START:  CELH
START:  CGNX
START:  CHD
START:  CHDN
START:  CHE
START:  CHGG
START:  CHH
START:  CHKP
START:  CHTR
START:  CIEN
START:  CLAR
START:  CLFD
START:  CLGN
START:  CLNE
START:  CLPT
START:  CLX
START:  CMCSA
START:  CMG
START:  CMS
START:  CNC
START:  CNI
START:  CNMD
START:  CNS
START:  CNXN
START:  COO
START:  COST
START:  COUP
START:  COWN
START:  CP
START:  CPK
START:  CPRT
START:  CPSH
START:  CRAI
START:  CREE
START:  CRL
START:  CRM
START:  CRMT
START:  CROX
START:  CRSP
START:  CRVL
START:  CSGP
START:  CSL
START:  CSWI
START:  CSX
START:  CTAS
START:  CTLT
START:  CTRN
START:  CURE
START:  CVCO
START:  CVNA
START:  CWST
START:  CWT
START:  CXSE
START:  CYBR
START:  CYRX
START:  CYTK
START:  DAC
START:  DAR
START:  DAVA
START:  DDS
START:  DE
START:  DECK
START:  DELL
START:  DFIN
START:  DG
START:  DGRW
START:  DHI
START:  DHR
START:  DIA
START:  DIOD
START:  DIS
START:  DKS
START:  DLN
START:  DNLI
START:  DOMO
START:  DOV
START:  DPZ
START:  DQ
START:  DRD
START:  DRIO
START:  DRNA
START:  DSGX
START:  DVAX
START:  DXCM
START:  ECL
START:  EFX
START:  EGAN
START:  EHC
START:  EL
START:  ENPH
START:  ENSG
START:  ENTG
START:  ENV
START:  EPAM
START:  ERIE
START:  ES
START:  ESE
START:  ETN
START:  ETSY
START:  EVBG
START:  EVTC
START:  EW
START:  EWT
START:  EXAS
START:  EXLS
START:  EXPD
START:  EXPI
START:  EXPO
START:  FAST
START:  FATE
START:  FB
START:  FCN
START:  FCX
START:  FDN
START:  FDS
START:  FELE
START:  FFIN
START:  FICO
START:  FINX
START:  FIS
START:  FISV
START:  FIVE
START:  FIVN
START:  FLGT
START:  FLT
START:  FLWS
START:  FN
START:  FND
START:  FNV
START:  FORM
START:  FOXF
START:  FPX
START:  FRC
START:  FRHC
START:  FRPT
START:  FSS
START:  FTNT
START:  FUV
START:  GDEN
START:  GFI
START:  GGG
START:  GIB
START:  GLDD
START:  GLOB
START:  GMAB
START:  GME
START:  GMED
START:  GNRC
START:  GNSS
START:  GNTX
START:  GOLF
START:  GOOG
START:  GOOGL
START:  GPI
START:  GPN
START:  GRBK
START:  GRMN
START:  GRVY
START:  GRWG
START:  GWRE
START:  HACK
START:  HALO
START:  HCI
START:  HD
START:  HEI
START:  HELE
START:  HIBB
START:  HLI
START:  HLT
START:  HOLX
START:  HON
START:  HOV
START:  HRC
START:  HRI
START:  HSKA
START:  HTHT
START:  HUBS
START:  HUM
START:  HZNP
START:  IAC
START:  IBP
START:  ICE
START:  ICLN
START:  ICLR
START:  IDT
START:  IDXX
START:  IESC
START:  IEX
START:  ILMN
START:  INFO
START:  INOV
START:  INSP
START:  INTC
START:  INTU
START:  INTZ
START:  INVE
START:  IOO
START:  IQV
START:  IRDM
START:  IRMD
START:  ISEE
START:  ISRG
START:  IT
START:  ITT
START:  ITW
START:  IVOG
START:  IVV
START:  IXJ
START:  IXN
START:  J
START:  JBL
START:  JBSS
START:  JD
START:  JKHY
START:  JKS
START:  JNJ
START:  JOE
START:  JOUT
START:  JYNT
START:  KAI
START:  KBH
START:  KBR
START:  KDMN
START:  KEYS
START:  KLAC
START:  KLIC
START:  KMX
START:  KNSL
START:  KOPN
START:  KOSS
START:  KRNT
START:  KSU
START:  KTOS
START:  LAC
START:  LAD
START:  LANC
START:  LAWS
START:  LDOS
START:  LFMD
START:  LGIH
START:  LH
START:  LHCG
START:  LHX
START:  LII
START:  LIN
START:  LINC
START:  LIT
START:  LLY
START:  LMT
START:  LNT
START:  LOB
START:  LOGI
START:  LOVE
START:  LOW
START:  LPLA
START:  LPSN
START:  LQDT
START:  LRCX
START:  LSCC
START:  LSTR
START:  LULU
START:  LUNA
START:  MA
START:  MANH
START:  MANT
START:  MARA
START:  MASI
START:  MATX
START:  MBUU
START:  MCD
START:  MCHP
START:  MCO
START:  MDB
START:  MDT
START:  MEDP
START:  MEDS
START:  MELI
START:  MGC
START:  MGIC
START:  MGK
START:  MGNI
START:  MHO
START:  MIME
START:  MITK
START:  MKC
START:  MKSI
START:  MKTX
START:  MLAB
START:  MLR
START:  MMC
START:  MMS
START:  MNMD
START:  MNST
START:  MODN
START:  MODV
START:  MOH
START:  MORN
START:  MPWR
START:  MRTX
START:  MRVL
START:  MS
START:  MSA
START:  MSCI
START:  MSEX
START:  MSFT
START:  MSI
START:  MSTR
START:  MTBC
START:  MTCH
START:  MTD
START:  MTEX
START:  MTH
START:  MTLS
START:  MTSI
START:  MU
START:  MUSA
START:  MVIS
START:  MXL
START:  MYRG
START:  NBIX
START:  NCBS
START:  NDAQ
START:  NDSN
START:  NEE
START:  NEO
START:  NEOG
START:  NFLX
START:  NICE
START:  NISN
START:  NKE
START:  NOVT
START:  NOW
START:  NSC
START:  NSIT
START:  NSSC
START:  NSTG
START:  NTLA
START:  NTRA
START:  NUAN
START:  NVCR
START:  NVDA
START:  NVMI
START:  NVO
START:  NVR
START:  NXST
START:  NYT
START:  OBCI
START:  ODFL
START:  OEF
START:  OFLX
START:  OLED
START:  OMCL
START:  ON
START:  OOMA
START:  OPRX
START:  ORA
START:  ORCL
START:  ORLY
START:  ORMP
START:  OTEX
START:  PACB
START:  PAG
START:  PANW
START:  PAR
START:  PAYC
START:  PAYX
START:  PBD
START:  PCTY
START:  PEGA
START:  PEN
START:  PENN
START:  PEP
START:  PERI
START:  PFSI
START:  PGR
START:  PH
START:  PHM
START:  PKI
START:  PLL
START:  PLNT
START:  PLUG
START:  PLXS
START:  PODD
START:  POOL
START:  POWI
START:  PRFT
START:  PRI
START:  PRTA
START:  PRTS
START:  PTSI
START:  PWR
START:  PYPL
START:  QADA
START:  QCLN
START:  QDEL
START:  QGEN
START:  QLYS
START:  QQQ
START:  QRVO
START:  QTWO
START:  RADA
START:  RAMP
START:  RBA
START:  RCII
START:  RCKY
START:  RDNT
START:  RDVT
START:  RDWR
START:  REGI
START:  RENN
START:  RGEN
START:  RH
START:  RILY
START:  RIOT
START:  RLI
START:  RLMD
START:  RMD
START:  RNG
START:  ROBO
START:  ROCK
START:  ROK
START:  ROKU
START:  ROL
START:  ROP
START:  ROST
START:  RPD
START:  RPM
START:  RSG
START:  RTH
START:  RUN
START:  RXI
START:  SAIA
START:  SAIC
START:  SAM
START:  SAVA
START:  SCI
START:  SCL
START:  SE
START:  SEAS
START:  SEDG
START:  SFBS
START:  SGEN
START:  SGMS
START:  SGRY
START:  SHOP
START:  SHW
START:  SHYF
START:  SITE
START:  SIVB
START:  SJW
START:  SKY
START:  SLAB
START:  SLP
START:  SMH
START:  SMTC
START:  SNAP
START:  SNPS
START:  SOCL
START:  SOXL
START:  SPGI
START:  SPLG
START:  SPLK
START:  SPNS
START:  SPSC
START:  SPTM
START:  SPWH
START:  SPWR
START:  SPXC
START:  SPXL
START:  SPY
START:  SPYG
START:  SQ
START:  SSD
START:  SSNC
START:  SSTK
START:  STAA
START:  STE
START:  SUSA
START:  SYK
START:  SYNA
START:  TBBK
START:  TBK
START:  TDG
START:  TDOC
START:  TDY
START:  TEAM
START:  TECH
START:  TECL
START:  TER
START:  TFX
START:  TGH
START:  TGLS
START:  TGT
START:  TGTX
START:  THC
START:  TJX
START:  TMO
START:  TMUS
START:  TNDM
START:  TNET
START:  TPX
START:  TREX
START:  TRI
START:  TRIL
START:  TRMB
START:  TRNS
START:  TROW
START:  TRU
START:  TRUP
START:  TSCO
START:  TSLA
START:  TSM
START:  TT
START:  TTC
START:  TTD
START:  TTEC
START:  TTEK
START:  TTGT
START:  TTWO
START:  TWLO
START:  TXN
START:  TYL
START:  UCTT
START:  UFPI
START:  UFPT
START:  UI
START:  UMC
START:  UNF
START:  UNH
START:  UNP
START:  UPLD
START:  URI
START:  V
START:  VALU
START:  VBK
START:  VCEL
START:  VCR
START:  VCTR
START:  VCYT
START:  VDC
START:  VEEV
START:  VERU
START:  VGT
START:  VHT
START:  VIAV
START:  VICR
START:  VIG
START:  VO
START:  VONE
START:  VONG
START:  VOO
START:  VOOG
START:  VOOV
START:  VOT
START:  VPU
START:  VRNS
START:  VRSK
START:  VRSN
START:  VRTV
START:  VSTO
START:  VTHR
START:  VTI
START:  VTNR
START:  VTWG
START:  VUG
START:  VV
START:  VXF
START:  WCN
START:  WD
START:  WDAY
START:  WDFC
START:  WEC
START:  WEN
START:  WINA
START:  WING
START:  WIRE
START:  WIX
START:  WK
START:  WLTW
START:  WM
START:  WMS
START:  WNS
START:  WRB
START:  WSC
START:  WSM
START:  WST
START:  WTRG
START:  WTS
START:  XEL
START:  XENE
START:  XLK
START:  XLNX
START:  XLP
START:  XLRN
START:  XLU
START:  XLV
START:  XLY
START:  XYL
START:  YNDX
START:  YORW
START:  YUM
START:  Z
START:  ZBRA
START:  ZEN
START:  ZLAB
START:  ZNGA
START:  ZS
START:  ZTS
START:  ZYXI
==== MACD golden cross ====
None
code: HLT      day: macd + hist + hist_1pre - ,  Week: macd + hist + hist_1pre - , Month: macd + hist + hist_1pre + , 
Trade --> code: HLT    BUY: 2016-12-31   55.81 SELL: 2022-04-30  155.58  macd:   14.04 macd_count:  65 profit:  2.79

code: NUAN     day: macd + hist + hist_1pre + ,  Week: macd + hist + hist_1pre - , Month: macd + hist - hist_1pre - , 
Trade --> code: NUAN   BUY: 2005-11-30    5.38 SELL: 2008-11-30    7.94  macd:   -0.14 macd_count:  36 profit:  1.48
Trade --> code: NUAN   BUY: 2009-12-31   13.44 SELL: 2013-05-31   16.44  macd:   -0.10 macd_count:  41 profit:  1.22
Trade --> code: NUAN   BUY: 2015-11-30   18.11 SELL: 2016-07-31   13.90  macd:   -0.05 macd_count:   8 profit:  0.77
Trade --> code: NUAN   BUY: 2017-05-31   16.01 SELL: 2017-09-30   13.60  macd:   -0.04 macd_count:   4 profit:  0.85
Trade --> code: NUAN   BUY: 2019-04-30   14.56 SELL: 2022-03-31   55.99  macd:    7.14 macd_count:  36 profit:  3.85

code: RENN     day: macd + hist + hist_1pre + ,  Week: macd + hist + hist_1pre - , Month: macd + hist + hist_1pre + , 
Trade --> code: RENN   BUY: 2021-05-31   12.36 SELL: 2022-04-30   26.78  macd:    4.08 macd_count:  12 profit:  2.17

code: SEAS     day: macd + hist - hist_1pre - ,  Week: macd + hist + hist_1pre - , Month: macd + hist + hist_1pre + , 
Trade --> code: SEAS   BUY: 2018-07-31   21.30 SELL: 2020-04-30   14.69  macd:   -0.06 macd_count:  21 profit:  0.69
Trade --> code: SEAS   BUY: 2020-12-31   31.59 SELL: 2022-04-30   73.08  macd:   10.15 macd_count:  17 profit:  2.31

code: UFPT     day: macd + hist + hist_1pre + ,  Week: macd + hist + hist_1pre - , Month: macd + hist + hist_1pre + , 
Trade --> code: UFPT   BUY: 2004-08-31    3.14 SELL: 2009-02-28    4.10  macd:   -0.04 macd_count:  54 profit:  1.31
Trade --> code: UFPT   BUY: 2010-01-31    7.00 SELL: 2015-07-31   19.89  macd:   -0.06 macd_count:  66 profit:  2.84
Trade --> code: UFPT   BUY: 2015-09-30   22.85 SELL: 2022-04-30   72.90  macd:    6.68 macd_count:  80 profit:  3.19

code: VERU     day: macd + hist + hist_1pre + ,  Week: macd + hist + hist_1pre - , Month: macd + hist + hist_1pre - , 
Trade --> code: VERU   BUY: 2004-08-31    1.75 SELL: 2005-04-30    1.69  macd:   -0.02 macd_count:   8 profit:  0.97
Trade --> code: VERU   BUY: 2007-03-31    2.23 SELL: 2011-09-30    4.08  macd:   -0.03 macd_count:  54 profit:  1.83
Trade --> code: VERU   BUY: 2012-03-31    5.42 SELL: 2014-07-31    3.91  macd:   -0.23 macd_count:  28 profit:  0.72
Trade --> code: VERU   BUY: 2018-07-31    1.93 SELL: 2018-09-30    1.42  macd:   -0.00 macd_count:   2 profit:  0.74
Trade --> code: VERU   BUY: 2019-06-30    2.13 SELL: 2022-04-30   14.95  macd:    0.99 macd_count:  35 profit:  7.02

