Wed May 22 13:49:14 UTC 2024
arg[0]: scraping/yahoo-finace-api2.py, arg[1]: stock-code-list/buy-list.txt
===========================
scraping
===========================
START:  AAPL
END:    0.5134034156799316
-
START:  EL
END:    0.9767413139343262
-
START:  NEE
END:    1.4276165962219238
-
START:  AMD
END:    1.8127052783966064
-
START:  APH
END:    2.2115437984466553
-
START:  XLP
END:    2.6346516609191895
-
START:  SPXL
END:    2.940652847290039
-
START:  KEYS
END:    3.1545298099517822
-
START:  VDC
END:    3.6030774116516113
-
START:  SPTM
END:    3.961995840072632
-
START:  SPLG
END:    4.305898904800415
-
START:  CROX
END:    4.613489627838135
-
START:  AXON
END:    4.939358472824097
-
START:  AWR
END:    5.3661534786224365
-
START:  FN
END:    5.63419508934021
-
START:  NXST
END:    5.951300144195557
-
START:  TREX
END:    6.274040699005127
-
START:  RGEN
END:    7.607694387435913
-
START:  EXPO
END:    7.9560441970825195
-
START:  BCPC
END:    8.314669609069824
-
START:  SOXL
END:    8.633764028549194
-
START:  TECL
END:    8.958711862564087
-
START:  NEO
END:    9.24016261100769
-
START:  NVMI
END:    9.556324481964111
-
START:  NVDA
END:    9.89681625366211
-
START:  BBDC
END:    10.242343425750732
-
START:  APPS
END:    10.533068180084229
-
START:  ROK
END:    11.949265718460083
-
START:  NHTC
END:    12.258346557617188
-
START:  ZYXI
END:    12.587670087814331
-
START:  LIT
END:    12.868356466293335
-
START:  LLY
END:    13.226678848266602
-
START:  GTLB
END:    13.377577781677246
-
START:  MCD
END:    13.7655508518219
-
START:  MSI
END:    14.160587549209595
-
START:  HCP
END:    15.338651180267334
-
START:  ON
END:    15.641126155853271
-
===========================
MACD sell
===========================
START:  AAPL
START:  EL
START:  NEE
START:  AMD
START:  APH
START:  XLP
START:  SPXL
START:  KEYS
START:  VDC
START:  SPTM
START:  SPLG
START:  CROX
START:  AXON
START:  AWR
START:  FN
START:  NXST
START:  TREX
START:  RGEN
START:  EXPO
START:  BCPC
START:  SOXL
START:  TECL
START:  NEO
START:  NVMI
START:  NVDA
START:  BBDC
START:  APPS
START:  ROK
START:  NHTC
START:  ZYXI
START:  LIT
START:  LLY
START:  GTLB
START:  MCD
START:  MSI
START:  HCP
START:  ON
==== MACD list ====
code: AAPL     day: macd + hist + ,  Week: macd + hist + , Month: macd + hist - , 
code: EL       day: macd - hist + ,  Week: macd - hist - , Month: macd - hist - , 
code: NEE      day: macd + hist + ,  Week: macd + hist + , Month: macd - hist + , 
code: AMD      day: macd + hist + ,  Week: macd + hist - , Month: macd + hist + , 
code: APH      day: macd + hist + ,  Week: macd + hist + , Month: macd + hist + , 
code: XLP      day: macd + hist + ,  Week: macd + hist + , Month: macd + hist + , 
code: SPXL     day: macd + hist + ,  Week: macd + hist + , Month: macd + hist + , 
code: KEYS     day: macd + hist + ,  Week: macd + hist - , Month: macd - hist + , 
code: VDC      day: macd + hist + ,  Week: macd + hist + , Month: macd + hist + , 
code: SPTM     day: macd + hist + ,  Week: macd + hist + , Month: macd + hist + , 
code: SPLG     day: macd + hist + ,  Week: macd + hist + , Month: macd + hist + , 
code: CROX     day: macd + hist + ,  Week: macd + hist + , Month: macd + hist + , 
code: AXON     day: macd - hist - ,  Week: macd + hist - , Month: macd + hist + , 
code: AWR      day: macd + hist + ,  Week: macd - hist + , Month: macd - hist - , 
code: FN       day: macd + hist + ,  Week: macd + hist + , Month: macd + hist + , 
code: NXST     day: macd + hist - ,  Week: macd + hist - , Month: macd + hist - , 
code: TREX     day: macd - hist - ,  Week: macd + hist - , Month: macd + hist + , 
code: RGEN     day: macd - hist + ,  Week: macd - hist - , Month: macd - hist + , 
code: EXPO     day: macd + hist - ,  Week: macd + hist + , Month: macd - hist + , 
code: BCPC     day: macd + hist + ,  Week: macd + hist + , Month: macd + hist + , 
code: SOXL     day: macd + hist + ,  Week: macd + hist + , Month: macd + hist + , 
code: TECL     day: macd + hist + ,  Week: macd + hist + , Month: macd + hist + , 
code: NEO      day: macd + hist - ,  Week: macd - hist + , Month: macd - hist + , 
code: NVMI     day: macd + hist + ,  Week: macd + hist + , Month: macd + hist + , 
code: NVDA     day: macd + hist + ,  Week: macd + hist - , Month: macd + hist + , 
code: BBDC     day: macd + hist + ,  Week: macd + hist + , Month: macd + hist + , 
code: APPS     day: macd + hist + ,  Week: macd - hist + , Month: macd - hist + , 
code: ROK      day: macd - hist + ,  Week: macd - hist - , Month: macd + hist - , 
code: NHTC     day: macd + hist + ,  Week: macd + hist + , Month: macd + hist + , 
code: ZYXI     day: macd - hist + ,  Week: macd - hist - , Month: macd + hist + , 
code: LIT      day: macd + hist - ,  Week: macd - hist + , Month: macd - hist - , 
code: LLY      day: macd + hist + ,  Week: macd + hist - , Month: macd + hist + , 
code: GTLB     day: macd + hist + ,  Week: macd - hist + , Month: macd - hist + , 
code: MCD      day: macd - hist - ,  Week: macd - hist - , Month: macd + hist - , 
code: MSI      day: macd + hist + ,  Week: macd + hist + , Month: macd + hist + , 
code: HCP      day: macd + hist - ,  Week: macd + hist + , Month: macd - hist + , 
code: ON       day: macd + hist + ,  Week: macd - hist + , Month: macd + hist - , 
==== MACD sell list ====
code: AAPL     day: macd + hist + ,  Week: macd + hist + , Month: macd + hist - , 
code: EL       day: macd - hist + ,  Week: macd - hist - , 
code: EL       day: macd - hist + ,  Week: macd - hist - , Month: macd - hist - , 
code: AMD      day: macd + hist + ,  Week: macd + hist - , 
code: KEYS     day: macd + hist + ,  Week: macd + hist - , 
code: AXON     day: macd - hist - , 
code: AXON     day: macd - hist - ,  Week: macd + hist - , 
code: AWR      day: macd + hist + ,  Week: macd - hist + , Month: macd - hist - , 
code: NXST     day: macd + hist - , 
code: NXST     day: macd + hist - ,  Week: macd + hist - , 
code: NXST     day: macd + hist - ,  Week: macd + hist - , Month: macd + hist - , 
code: TREX     day: macd - hist - , 
code: TREX     day: macd - hist - ,  Week: macd + hist - , 
code: RGEN     day: macd - hist + ,  Week: macd - hist - , 
code: EXPO     day: macd + hist - , 
code: NEO      day: macd + hist - , 
code: NVDA     day: macd + hist + ,  Week: macd + hist - , 
code: ROK      day: macd - hist + ,  Week: macd - hist - , 
code: ROK      day: macd - hist + ,  Week: macd - hist - , Month: macd + hist - , 
code: ZYXI     day: macd - hist + ,  Week: macd - hist - , 
code: LIT      day: macd + hist - , 
code: LIT      day: macd + hist - ,  Week: macd - hist + , Month: macd - hist - , 
code: LLY      day: macd + hist + ,  Week: macd + hist - , 
code: MCD      day: macd - hist - , 
code: MCD      day: macd - hist - ,  Week: macd - hist - , 
code: MCD      day: macd - hist - ,  Week: macd - hist - , Month: macd + hist - , 
code: HCP      day: macd + hist - , 
code: ON       day: macd + hist + ,  Week: macd - hist + , Month: macd + hist - , 
===========================
profit
===========================
==== plus ====
AMD  , macd +, macd hist +, profit:  [47.01], per:   [39.1], now: [167.24], buy: [120.23]
XLP  , macd +, macd hist +, profit:   [5.24], per:   [7.21], now:  [77.82], buy:  [72.58]
SPXL , macd +, macd hist +, profit:   [6.48], per:   [4.98], now: [136.71], buy: [130.23]
VDC  , macd +, macd hist +, profit:  [18.21], per:   [9.61], now: [207.74], buy: [189.53]
SPTM , macd +, macd hist +, profit:   [8.46], per:  [14.94], now:  [65.04], buy:  [56.58]
SPLG , macd +, macd hist +, profit:   [8.47], per:  [15.68], now:  [62.46], buy:  [53.99]
AXON , macd -, macd hist -, profit: [144.85], per: [104.85], now:   [283.], buy: [138.15]
FN   , macd +, macd hist +, profit: [117.74], per: [100.76], now:  [234.6], buy: [116.86]
TREX , macd -, macd hist -, profit:  [18.08], per:  [25.84], now:  [88.08], buy:    [70.]
BCPC , macd +, macd hist +, profit:  [18.34], per:  [13.38], now: [155.42], buy: [137.08]
SOXL , macd +, macd hist +, profit:   [7.22], per:  [17.15], now:  [49.31], buy:  [42.09]
TECL , macd +, macd hist +, profit:  [25.01], per:  [41.18], now:  [85.75], buy:  [60.74]
NVMI , macd +, macd hist +, profit:  [90.81], per:   [79.2], now: [205.46], buy: [114.65]
NVDA , macd +, macd hist +, profit:  [690.9], per: [270.23], now: [946.57], buy: [255.67]
ZYXI , macd -, macd hist +, profit:   [4.24], per:  [66.67], now:   [10.6], buy:   [6.36]
LLY  , macd +, macd hist +, profit: [528.69], per: [195.09], now: [799.69], buy:   [271.]
GTLB , macd +, macd hist +, profit:   [6.45], per:  [12.23], now:  [59.21], buy:  [52.76]
MCD  , macd -, macd hist -, profit:  [12.16], per:    [4.8], now: [265.62], buy: [253.46]
MSI  , macd +, macd hist +, profit: [118.21], per:  [47.02], now: [369.62], buy: [251.41]
ON   , macd +, macd hist +, profit:  [14.82], per:  [24.76], now:  [74.68], buy:  [59.86]
-
     plus  len:  20
     profit: [1891.37], per: [1094.65], per/len(p):  [54.73], per/len(p+m):  [29.59]
-
==== minus ====
AAPL , macd +, macd hist +, profit:       [], per:       [], now: [192.38], buy:       []
EL   , macd -, macd hist +, profit: [-207.93], per:  [-61.2], now: [131.82], buy: [339.75]
NEE  , macd +, macd hist +, profit:  [-8.71], per: [-10.21], now:  [76.62], buy:  [85.33]
APH  , macd +, macd hist +, profit:       [], per:       [], now: [135.23], buy:       []
KEYS , macd +, macd hist +, profit: [-35.17], per:  [-18.9], now: [150.89], buy: [186.06]
CROX , macd +, macd hist +, profit: [-33.51], per: [-18.89], now: [143.91], buy: [177.42]
AWR  , macd +, macd hist +, profit:       [], per:       [], now:  [77.72], buy:       []
NXST , macd +, macd hist -, profit:  [-0.25], per:  [-0.15], now: [162.25], buy:  [162.5]
RGEN , macd -, macd hist +, profit: [-10.83], per:  [-6.03], now: [168.83], buy: [179.66]
EXPO , macd +, macd hist -, profit:  [-4.74], per:  [-4.69], now:  [96.37], buy: [101.11]
NEO  , macd +, macd hist -, profit:  [-3.09], per: [-17.32], now:  [14.75], buy:  [17.84]
BBDC , macd +, macd hist +, profit:  [-0.68], per:  [-6.42], now:   [9.92], buy:   [10.6]
APPS , macd +, macd hist +, profit: [-41.34], per: [-94.66], now:   [2.33], buy:  [43.67]
ROK  , macd -, macd hist +, profit: [-66.82], per: [-19.54], now: [275.07], buy: [341.89]
NHTC , macd +, macd hist +, profit:  [-0.06], per:  [-0.84], now:   [7.11], buy:   [7.17]
LIT  , macd +, macd hist -, profit: [-47.08], per: [-51.22], now:  [44.83], buy:  [91.91]
HCP  , macd +, macd hist -, profit: [-20.92], per: [-38.52], now:  [33.38], buy:   [54.3]
-
     minus len:  17
     profit:       [], per:       [], per/len(m):       [], per/len(p+m):       []
-
==== total ====
     profit:       [], per:       [], per/len(p+m):       []
arg[0]: scraping/yahoo-finace-api2.py, arg[1]: stock-code-list/up-month.txt
===========================
scraping
===========================
START:  A
END:    0.3361208438873291
-
START:  AAON
END:    0.7233998775482178
-
START:  AAPL
END:    1.129807710647583
-
START:  ABG
END:    1.4662716388702393
-
START:  ABT
END:    1.8795373439788818
-
START:  ACLS
END:    2.217510223388672
-
START:  ACMR
END:    2.467775821685791
-
START:  ACN
END:    2.827371835708618
-
START:  ADBE
END:    3.153179407119751
-
START:  ADI
END:    3.516462564468384
-
START:  ADP
END:    3.929392099380493
-
START:  ADSK
END:    4.242416143417358
-
START:  ADUS
END:    4.510026693344116
-
START:  AEE
END:    4.880279064178467
-
START:  AGYS
END:    5.237824440002441
-
START:  AIZ
END:    5.611658573150635
-
START:  AJG
END:    6.042965650558472
-
START:  AJRD
Not Found: No data found, symbol may be delisted
START:  ALB
END:    7.531404256820679
-
START:  ALG
END:    7.878549575805664
-
START:  ALGN
END:    9.23995065689087
-
START:  ALLE
END:    9.486980676651001
-
START:  ALTR
END:    9.677274703979492
-
START:  AMAT
END:    10.048939228057861
-
START:  AMBA
END:    10.272802829742432
-
START:  AMD
END:    10.586654663085938
-
START:  AME
END:    11.013855218887329
-
START:  AMED
END:    11.337966442108154
-
START:  AMEH
Not Found: No data found, symbol may be delisted
START:  AMGN
END:    11.739024877548218
-
START:  AMN
END:    13.059156656265259
-
START:  AMP
END:    14.416956186294556
-
START:  AMRC
END:    14.652713298797607
-
START:  AMSWA
END:    15.011133670806885
-
START:  AMTX
END:    16.308301210403442
-
START:  AMZN
END:    17.667317390441895
-
START:  AN
END:    17.9981586933136
-
START:  ANSS
END:    18.327585220336914
-
START:  ANTM
Not Found: No data found, symbol may be delisted
START:  AON
END:    18.852513074874878
-
START:  AOSL
END:    19.134151458740234
-
START:  APD
END:    19.54274821281433
-
START:  APH
END:    19.912883043289185
-
START:  APPF
END:    20.14943790435791
-
START:  APPN
END:    20.359646797180176
-
START:  APPS
END:    20.643203020095825
-
START:  AQN
END:    20.914254665374756
-
START:  ARCB
END:    21.2775719165802
-
START:  ARCT
END:    21.51488471031189
-
START:  ARES
END:    21.759873390197754
-
START:  ARGX
END:    21.945791006088257
-
START:  ARWR
END:    23.292039394378662
-
START:  ASML
END:    23.63858962059021
-
START:  ASPN
END:    23.84091854095459
-
START:  ATEC
END:    25.128227472305298
-
START:  ATEN
END:    26.39613676071167
-
START:  ATKR
END:    26.589110612869263
-
START:  ATOM
END:    26.788538932800293
-
START:  ATR
END:    28.218992233276367
-
START:  ATRC
END:    28.522948265075684
-
START:  AUDC
END:    28.88049554824829
-
START:  AUPH
END:    30.131516933441162
-
START:  AVAV
END:    30.416298389434814
-
START:  AVGO
END:    30.72907519340515
-
START:  AVID
Not Found: No data found, symbol may be delisted
START:  AVNW
END:    32.20147490501404
-
START:  AVXL
END:    32.49214696884155
-
START:  AVY
END:    33.942155838012695
-
START:  AWK
END:    34.259695053100586
-
START:  AWR
END:    34.72370529174805
-
START:  AXON
END:    35.060609340667725
-
START:  AZO
END:    35.346163272857666
-
START:  AZPN
END:    35.64841628074646
-
START:  BAH
END:    35.95486545562744
-
START:  BAM
END:    36.0956757068634
-
START:  BAX
END:    37.52315092086792
-
START:  BBH
END:    38.88404726982117
-
START:  BBQ
END:    39.20542573928833
-
START:  BBY
END:    39.543598890304565
-
START:  BCPC
END:    40.00030064582825
-
START:  BDX
END:    40.42572093009949
-
START:  BEEM
END:    40.682228565216064
-
START:  BFAM
END:    40.9066846370697
-
START:  BFC
END:    42.25025391578674
-
START:  BGFV
END:    42.61130332946777
-
START:  BGNE
END:    42.835020303726196
-
START:  BHVN
END:    42.946930170059204
-
START:  BIO
END:    43.36074614524841
-
START:  BL
END:    43.57449221611023
-
START:  BLD
END:    43.82130432128906
-
START:  BLDP
END:    44.13780426979065
-
START:  BLDR
END:    44.43319010734558
-
START:  BLFS
END:    44.761088371276855
-
START:  BLK
END:    46.13809633255005
-
START:  BLL
Not Found: No data found, symbol may be delisted
START:  BLNK
END:    47.49667835235596
-
START:  BMI
END:    47.88096785545349
-
START:  BOOT
END:    48.08709239959717
-
START:  BOTZ
END:    49.3416690826416
-
START:  BR
END:    49.64337182044983
-
START:  BRKR
END:    50.06244993209839
-
START:  BRKS
Not Found: No data found, symbol may be delisted
START:  BRO
END:    50.52476143836975
-
START:  BURL
END:    50.763089418411255
-
START:  BX
END:    51.05420708656311
-
START:  CABO
END:    51.29732871055603
-
START:  CACI
END:    51.620445013046265
-
START:  CALX
END:    51.88614010810852
-
START:  CAMT
END:    52.190637826919556
-
START:  CAR
END:    52.565327405929565
-
START:  CBRE
END:    52.91156506538391
-
START:  CBSH
END:    53.26727342605591
-
START:  CBZ
END:    53.58441615104675
-
START:  CCOI
END:    53.89620089530945
-
START:  CCS
END:    54.13851261138916
-
START:  CDMO
END:    54.44697666168213
-
START:  CDNA
END:    54.682504177093506
-
START:  CDNS
END:    55.011810541152954
-
START:  CDW
END:    56.23849630355835
-
START:  CELH
END:    57.559797286987305
-
START:  CGNX
END:    57.9220826625824
-
START:  CHD
END:    58.26331639289856
-
START:  CHDN
END:    59.63701033592224
-
START:  CHE
END:    60.99519419670105
-
START:  CHGG
END:    61.23887610435486
-
START:  CHH
END:    61.606091022491455
-
START:  CHKP
END:    62.132094860076904
-
START:  CHTR
END:    62.36563563346863
-
START:  CIEN
END:    62.690845012664795
-
START:  CLAR
END:    63.03507375717163
-
START:  CLFD
END:    63.347816944122314
-
START:  CLGN
END:    64.55398607254028
-
START:  CLNE
END:    64.83761501312256
-
START:  CLPT
END:    65.08276700973511
-
START:  CLX
END:    65.47532153129578
-
START:  CMCSA
END:    66.86727809906006
-
START:  CMG
END:    68.17855930328369
-
START:  CMS
END:    68.6001546382904
-
START:  CNC
END:    69.00202059745789
-
START:  CNI
END:    69.37416052818298
-
START:  CNMD
END:    69.7311680316925
-
START:  CNS
END:    70.070481300354
-
START:  CNXN
END:    70.3836088180542
-
START:  COO
END:    71.79490542411804
-
START:  COST
END:    72.1629569530487
-
START:  COUP
Not Found: No data found, symbol may be delisted
START:  COWN
Not Found: No data found, symbol may be delisted
START:  CP
END:    72.76109552383423
-
START:  CPK
END:    73.15488028526306
-
START:  CPRT
END:    73.48344564437866
-
START:  CPSH
END:    73.78348278999329
-
START:  CRAI
END:    75.16821813583374
-
START:  CREE
Not Found: No data found, symbol may be delisted
START:  CRL
END:    76.67948031425476
-
START:  CRM
END:    77.01675701141357
-
START:  CRMT
END:    77.3444550037384
-
START:  CROX
END:    78.67133498191833
-
START:  CRSP
END:    78.88712334632874
-
START:  CRVL
END:    79.21684885025024
-
START:  CSGP
END:    80.53983855247498
-
START:  CSL
END:    80.90182280540466
-
START:  CSWI
END:    82.14467072486877
-
START:  CSX
END:    82.4975757598877
-
START:  CTAS
END:    83.9430730342865
-
START:  CTLT
END:    84.1819076538086
-
START:  CTRN
END:    84.53683996200562
-
START:  CURE
END:    85.80865836143494
-
START:  CVCO
END:    86.13846135139465
-
START:  CVNA
END:    86.32989239692688
-
START:  CWST
END:    86.63492798805237
-
START:  CWT
END:    88.03500437736511
-
START:  CXSE
END:    89.33230662345886
-
START:  CYBR
END:    89.56732153892517
-
START:  CYRX
END:    89.85584259033203
-
START:  CYTK
END:    90.2500627040863
-
START:  DAC
END:    91.57692122459412
-
START:  DAR
END:    91.95684504508972
-
START:  DAVA
END:    93.15082216262817
-
START:  DDS
END:    93.54895806312561
-
START:  DE
END:    93.95130658149719
-
START:  DECK
END:    94.28229880332947
-
START:  DELL
END:    94.50348591804504
-
START:  DFIN
END:    94.6945366859436
-
START:  DG
END:    94.9967622756958
-
START:  DGRW
END:    96.30331325531006
-
START:  DHI
END:    96.66796159744263
-
START:  DHR
END:    97.05089259147644
-
START:  DIA
END:    97.43031787872314
-
START:  DIOD
END:    98.73512768745422
-
START:  DIS
END:    99.13093662261963
-
START:  DKS
END:    99.49358487129211
-
START:  DLN
END:    99.818612575531
-
START:  DNLI
END:    100.00394129753113
-
START:  DOMO
END:    101.20225191116333
-
START:  DOV
END:    101.60707998275757
-
START:  DPZ
END:    101.99030804634094
-
START:  DQ
END:    103.2499942779541
-
START:  DRD
END:    103.60505628585815
-
START:  DRIO
END:    103.82007312774658
-
START:  DRNA
Not Found: No data found, symbol may be delisted
START:  DSGX
END:    104.23422145843506
-
START:  DVAX
END:    104.55812048912048
-
START:  DXCM
END:    104.8688895702362
-
START:  ECL
END:    105.24451899528503
-
START:  EFX
END:    105.61594343185425
-
START:  EGAN
END:    105.92375445365906
-
START:  EHC
END:    107.27987957000732
-
START:  EL
END:    107.65230941772461
-
START:  ENPH
END:    107.89436459541321
-
START:  ENSG
END:    108.2331051826477
-
START:  ENTG
END:    108.67039823532104
-
START:  ENV
END:    108.94004702568054
-
START:  EPAM
END:    110.22135853767395
-
START:  ERIE
END:    110.5878701210022
-
START:  ES
END:    111.003835439682
-
START:  ESE
END:    111.33943271636963
-
START:  ETN
END:    112.81550693511963
-
START:  ETSY
END:    113.10614395141602
-
START:  EVBG
END:    113.3018126487732
-
START:  EVTC
END:    113.58073210716248
-
START:  EW
END:    113.87239074707031
-
START:  EWT
END:    114.20429396629333
-
START:  EXAS
END:    114.5326361656189
-
START:  EXLS
END:    115.8467104434967
-
START:  EXPD
END:    117.23975563049316
-
START:  EXPI
END:    117.45161008834839
-
START:  EXPO
END:    117.81703114509583
-
START:  FAST
END:    118.21324753761292
-
START:  FATE
END:    118.45654129981995
-
START:  FB
Not Found: No data found, symbol may be delisted
START:  FCN
END:    119.89848756790161
-
START:  FCX
END:    120.2628185749054
-
START:  FDN
END:    120.581050157547
-
START:  FDS
END:    120.94228839874268
-
START:  FELE
END:    121.3281979560852
-
START:  FFIN
END:    121.68344569206238
-
START:  FICO
END:    122.03056526184082
-
START:  FINX
END:    122.26055860519409
-
START:  FIS
END:    122.61070942878723
-
START:  FISV
END:    122.71855163574219
-
START:  FIVE
END:    122.97287821769714
-
START:  FIVN
END:    123.18487572669983
-
START:  FLGT
END:    123.39991164207458
-
START:  FLT
END:    124.69308090209961
-
START:  FLWS
END:    125.01952195167542
-
START:  FN
END:    125.2752993106842
-
START:  FND
END:    126.48761129379272
-
START:  FNV
END:    126.82314229011536
-
START:  FORM
END:    127.11577725410461
-
START:  FOXF
END:    128.38550806045532
-
START:  FPX
END:    128.69134211540222
-
START:  FRC
Not Found: No data found, symbol may be delisted
START:  FRHC
END:    128.97617053985596
-
START:  FRPT
END:    129.23655772209167
-
START:  FSS
END:    129.62104725837708
-
START:  FTNT
END:    129.9063880443573
-
START:  FUV
END:    130.0997130870819
-
START:  GDEN
END:    130.45663332939148
-
START:  GFI
END:    130.89368200302124
-
START:  GGG
END:    131.24583506584167
-
START:  GIB
END:    131.549076795578
-
START:  GLDD
END:    131.83271765708923
-
START:  GLOB
END:    132.07523560523987
-
START:  GMAB
END:    132.31194639205933
-
START:  GME
END:    133.68202924728394
-
START:  GMED
END:    133.99129819869995
-
START:  GNRC
END:    135.28948736190796
-
START:  GNSS
END:    135.59392380714417
-
START:  GNTX
END:    135.93614625930786
-
START:  GOLF
END:    137.14161109924316
-
START:  GOOG
END:    137.4917447566986
-
START:  GOOGL
END:    137.89300751686096
-
START:  GPI
END:    138.28776693344116
-
START:  GPN
END:    138.66747951507568
-
START:  GRBK
END:    138.94933366775513
-
START:  GRMN
END:    139.3194603919983
-
START:  GRVY
END:    140.67756962776184
-
START:  GRWG
END:    140.9206621646881
-
START:  GWRE
END:    141.1698305606842
-
START:  HACK
END:    142.50577926635742
-
START:  HALO
END:    142.81284523010254
-
START:  HCI
END:    143.13652324676514
-
START:  HD
END:    144.5896337032318
-
START:  HEI
END:    145.0091850757599
-
START:  HELE
END:    145.34820365905762
-
START:  HIBB
END:    145.70725083351135
-
START:  HLI
END:    145.96204328536987
-
START:  HLT
END:    146.22124862670898
-
START:  HOLX
END:    146.5356526374817
-
START:  HON
END:    148.04074239730835
-
START:  HOV
END:    148.36395740509033
-
START:  HRC
Not Found: No data found, symbol may be delisted
START:  HRI
END:    149.81099247932434
-
START:  HSKA
Not Found: No data found, symbol may be delisted
START:  HTHT
END:    150.18580532073975
-
START:  HUBS
END:    151.42990493774414
-
START:  HUM
END:    151.78954911231995
-
START:  HZNP
END:    151.89202785491943
-
START:  IAC
END:    153.27931332588196
-
START:  IBP
END:    153.53450536727905
-
START:  ICE
END:    153.84100794792175
-
START:  ICLN
END:    155.15555548667908
-
START:  ICLR
END:    155.48175358772278
-
START:  IDT
END:    156.8410894870758
-
START:  IDXX
END:    157.14618563652039
-
START:  IESC
END:    157.474045753479
-
START:  IEX
END:    157.89391541481018
-
START:  ILMN
END:    158.22263407707214
-
START:  INFO
Not Found: No data found, symbol may be delisted
START:  INOV
END:    158.4246108531952
-
START:  INSP
END:    158.6348843574524
-
START:  INTC
END:    159.0101923942566
-
START:  INTU
END:    159.33543038368225
-
START:  INTZ
END:    159.63073587417603
-
START:  INVE
END:    159.94206142425537
-
START:  IOO
END:    160.31212091445923
-
START:  IQV
END:    160.54963278770447
-
START:  IRDM
END:    160.92164087295532
-
START:  IRMD
END:    162.18096256256104
-
START:  ISEE
Not Found: No data found, symbol may be delisted
START:  ISRG
END:    162.60857248306274
-
START:  IT
END:    163.96668791770935
-
START:  ITT
END:    165.3419189453125
-
START:  ITW
END:    165.7324993610382
-
START:  IVOG
END:    166.03345656394958
-
START:  IVV
END:    166.40088319778442
-
START:  IXJ
END:    166.7512605190277
-
START:  IXN
END:    167.07946681976318
-
START:  J
END:    167.42057466506958
-
START:  JBL
END:    167.80178332328796
-
START:  JBSS
END:    169.21977376937866
-
START:  JD
END:    169.43415570259094
-
START:  JKHY
END:    169.8724205493927
-
START:  JKS
END:    170.13716769218445
-
START:  JNJ
END:    170.5426697731018
-
START:  JOE
END:    170.8760905265808
-
START:  JOUT
END:    171.19638681411743
-
START:  JYNT
END:    171.44671988487244
-
START:  KAI
END:    171.7995204925537
-
START:  KBH
END:    172.20772552490234
-
START:  KBR
END:    173.53282237052917
-
START:  KDMN
Not Found: No data found, symbol may be delisted
START:  KEYS
END:    173.83156323432922
-
START:  KLAC
END:    174.152987241745
-
START:  KLIC
END:    174.5068600177765
-
START:  KMX
END:    174.7801856994629
-
START:  KNSL
END:    176.028324842453
-
START:  KOPN
END:    177.32575392723083
-
START:  KOSS
END:    177.6272270679474
-
START:  KRNT
END:    178.9060206413269
-
START:  KSU
Not Found: No data found, symbol may be delisted
START:  KTOS
END:    180.31246829032898
-
START:  LAC
END:    180.41640305519104
-
START:  LAD
END:    180.75770092010498
-
START:  LANC
END:    181.16005969047546
-
START:  LAWS
Not Found: No data found, symbol may be delisted
START:  LDOS
END:    181.6157488822937
-
START:  LFMD
END:    182.91191029548645
-
START:  LGIH
END:    184.13031268119812
-
START:  LH
END:    184.49897360801697
-
START:  LHCG
Not Found: No data found, symbol may be delisted
START:  LHX
END:    186.02942156791687
-
START:  LII
END:    187.41005492210388
-
START:  LIN
END:    187.77363300323486
-
START:  LINC
END:    188.05857181549072
-
START:  LIT
END:    188.3697052001953
-
START:  LLY
END:    188.78816676139832
-
START:  LMT
END:    189.1648337841034
-
START:  LNT
END:    189.55497789382935
-
START:  LOB
END:    189.82704710960388
-
START:  LOGI
END:    190.16687607765198
-
START:  LOVE
END:    191.36076164245605
-
START:  LOW
END:    191.72683000564575
-
START:  LPLA
END:    192.00651693344116
-
START:  LPSN
END:    192.27925276756287
-
START:  LQDT
END:    192.58211755752563
-
START:  LRCX
END:    192.92536568641663
-
START:  LSCC
END:    193.2563076019287
-
START:  LSTR
END:    193.57690024375916
-
START:  LULU
END:    193.8433814048767
-
START:  LUNA
END:    194.12601351737976
-
START:  MA
END:    194.48384618759155
-
START:  MANH
END:    194.81600213050842
-
START:  MANT
Not Found: No data found, symbol may be delisted
START:  MARA
END:    196.167498588562
-
START:  MASI
END:    196.48410272598267
-
START:  MATX
END:    196.84678959846497
-
START:  MBUU
END:    197.04805207252502
-
START:  MCD
END:    197.46236324310303
-
START:  MCHP
END:    197.83898282051086
-
START:  MCO
END:    199.19325256347656
-
START:  MDB
END:    199.4124653339386
-
START:  MDT
END:    199.81963324546814
-
START:  MEDP
END:    200.01490664482117
-
START:  MEDS
END:    200.2415406703949
-
START:  MELI
END:    201.57254242897034
-
START:  MGC
END:    201.86042499542236
-
START:  MGIC
END:    203.20255732536316
-
START:  MGK
END:    203.53214526176453
-
START:  MGNI
END:    204.80770063400269
-
START:  MHO
END:    205.14744305610657
-
START:  MIME
Not Found: No data found, symbol may be delisted
START:  MITK
END:    206.53337121009827
-
START:  MKC
END:    206.92592024803162
-
START:  MKSI
END:    207.2336745262146
-
START:  MKTX
END:    207.64063930511475
-
START:  MLAB
END:    209.01279735565186
-
START:  MLR
END:    210.37650084495544
-
START:  MMC
END:    211.79053044319153
-
START:  MMS
END:    212.16346049308777
-
START:  MNMD
END:    213.3617217540741
-
START:  MNST
END:    213.66752004623413
-
START:  MODN
END:    213.9122076034546
-
START:  MODV
END:    214.23696494102478
-
START:  MOH
END:    214.51589393615723
-
START:  MORN
END:    214.82309103012085
-
START:  MPWR
END:    215.16971158981323
-
START:  MRTX
Not Found: No data found, symbol may be delisted
START:  MRVL
END:    215.6271607875824
-
START:  MS
END:    216.00434017181396
-
START:  MSA
END:    217.37291860580444
-
START:  MSCI
END:    217.66701889038086
-
START:  MSEX
END:    219.00863122940063
-
START:  MSFT
END:    220.35590648651123
-
START:  MSI
END:    220.78408885002136
-
START:  MSTR
END:    221.11457991600037
-
START:  MTBC
Not Found: No data found, symbol may be delisted
START:  MTCH
END:    221.535062789917
-
START:  MTD
END:    221.84734511375427
-
START:  MTEX
END:    223.1828169822693
-
START:  MTH
END:    224.5750093460083
-
START:  MTLS
END:    224.77413320541382
-
START:  MTSI
END:    224.9971694946289
-
START:  MU
END:    225.36909317970276
-
START:  MUSA
END:    225.61936950683594
-
START:  MVIS
END:    225.92662835121155
-
START:  MXL
END:    226.1796908378601
-
START:  MYRG
END:    227.4617476463318
-
START:  NBIX
END:    227.76575469970703
-
START:  NCBS
Not Found: No data found, symbol may be delisted
START:  NDAQ
END:    228.19427061080933
-
START:  NDSN
END:    228.6080241203308
-
START:  NEE
END:    229.02379441261292
-
START:  NEO
END:    230.37064719200134
-
START:  NEOG
END:    230.72547698020935
-
START:  NFLX
END:    231.05713438987732
-
START:  NICE
END:    231.4007797241211
-
START:  NISN
END:    232.62637758255005
-
START:  NKE
END:    232.9825472831726
-
START:  NOVT
END:    234.3309395313263
-
START:  NOW
END:    234.55522298812866
-
START:  NSC
END:    234.95121145248413
-
START:  NSIT
END:    235.27060866355896
-
START:  NSSC
END:    235.59618830680847
-
START:  NSTG
END:    235.80380368232727
-
START:  NTLA
END:    235.98948335647583
-
START:  NTRA
END:    236.22451257705688
-
START:  NUAN
Not Found: No data found, symbol may be delisted
START:  NVCR
END:    237.5523238182068
-
START:  NVDA
END:    237.8894498348236
-
START:  NVMI
END:    238.18945837020874
-
START:  NVO
END:    239.6281259059906
-
START:  NVR
END:    239.964919090271
-
START:  NXST
END:    241.3066589832306
-
START:  NYT
END:    241.65806984901428
-
START:  OBCI
Not Found: No data found, symbol may be delisted
START:  ODFL
END:    242.06037139892578
-
START:  OEF
END:    242.42299723625183
-
START:  OFLX
END:    242.7471408843994
-
START:  OLED
END:    243.05330181121826
-
START:  OMCL
END:    243.36696457862854
-
START:  ON
END:    244.81252145767212
-
START:  OOMA
END:    245.03970336914062
-
START:  OPRX
END:    245.318363904953
-
START:  ORA
END:    246.64405846595764
-
START:  ORCL
END:    246.9523983001709
-
START:  ORLY
END:    248.38298106193542
-
START:  ORMP
END:    248.6577033996582
-
START:  OTEX
END:    248.97930359840393
-
START:  PACB
END:    249.25581097602844
-
START:  PAG
END:    249.6100754737854
-
START:  PANW
END:    249.8532898426056
-
START:  PAR
END:    250.1372308731079
-
START:  PAYC
END:    250.37016487121582
-
START:  PAYX
END:    250.71313667297363
-
START:  PBD
END:    252.0591902732849
-
START:  PCTY
END:    252.28232955932617
-
START:  PEGA
END:    253.61296772956848
-
START:  PEN
END:    253.81822967529297
-
START:  PENN
END:    254.14888668060303
-
START:  PEP
END:    255.53204154968262
-
START:  PERI
END:    255.7985451221466
-
START:  PFSI
END:    256.0293507575989
-
START:  PGR
END:    256.3760356903076
-
START:  PH
END:    256.7450830936432
-
START:  PHM
END:    257.1298339366913
-
START:  PKI
Not Found: No data found, symbol may be delisted
START:  PLL
END:    257.472473859787
-
START:  PLNT
END:    257.6734058856964
-
START:  PLUG
END:    257.9859528541565
-
START:  PLXS
END:    258.27656292915344
-
START:  PODD
END:    258.5831847190857
-
START:  POOL
END:    258.9480826854706
-
START:  POWI
END:    259.2907671928406
-
START:  PRFT
END:    260.59378814697266
-
START:  PRI
END:    260.8723249435425
-
START:  PRTA
END:    261.10879015922546
-
START:  PRTS
END:    262.4120042324066
-
START:  PTSI
END:    262.7126512527466
-
START:  PWR
END:    263.06406927108765
-
START:  PYPL
END:    263.2908341884613
-
START:  QADA
Not Found: No data found, symbol may be delisted
START:  QCLN
END:    263.6851828098297
-
START:  QDEL
END:    263.98807644844055
-
START:  QGEN
END:    264.317501783371
-
START:  QLYS
END:    264.55971574783325
-
START:  QQQ
END:    264.90664505958557
-
START:  QRVO
END:    266.19711661338806
-
START:  QTWO
END:    266.4458603858948
-
START:  RADA
Not Found: No data found, symbol may be delisted
START:  RAMP
END:    267.90929675102234
-
START:  RBA
END:    269.3508050441742
-
START:  RCII
Not Found: No data found, symbol may be delisted
START:  RCKY
END:    269.79646730422974
-
START:  RDNT
END:    270.19566464424133
-
START:  RDVT
END:    270.3903458118439
-
START:  RDWR
END:    270.78667068481445
-
START:  REGI
END:    272.04052686691284
-
START:  RENN
Not Found: No data found, symbol may be delisted
START:  RGEN
END:    272.47625637054443
-
START:  RH
END:    272.7030334472656
-
START:  RILY
END:    272.9919557571411
-
START:  RIOT
END:    273.2118031978607
-
START:  RLI
END:    273.60834217071533
-
START:  RLMD
END:    274.8793041706085
-
START:  RMD
END:    275.23726654052734
-
START:  RNG
END:    276.45644640922546
-
START:  ROBO
END:    276.68118047714233
-
START:  ROCK
END:    277.03231978416443
-
START:  ROK
END:    277.41901540756226
-
START:  ROKU
END:    277.60753178596497
-
START:  ROL
END:    277.9949219226837
-
START:  ROP
END:    278.3177680969238
-
START:  ROST
END:    278.6864986419678
-
START:  RPD
END:    278.9897949695587
-
START:  RPM
END:    279.3980510234833
-
START:  RSG
END:    279.74437642097473
-
START:  RTH
END:    280.16331911087036
-
START:  RUN
END:    280.3959686756134
-
START:  RXI
END:    280.7386462688446
-
START:  SAIA
END:    282.1071255207062
-
START:  SAIC
END:    283.3357005119324
-
START:  SAM
END:    283.67427277565
-
START:  SAVA
END:    283.9743058681488
-
START:  SCI
END:    284.3782432079315
-
START:  SCL
END:    284.72807812690735
-
START:  SE
END:    284.93055629730225
-
START:  SEAS
Not Found: No data found, symbol may be delisted
START:  SEDG
END:    285.2487201690674
-
START:  SFBS
END:    285.4732275009155
-
START:  SGEN
Not Found: No data found, symbol may be delisted
START:  SGMS
Not Found: No data found, symbol may be delisted
START:  SGRY
END:    286.94830107688904
-
START:  SHOP
END:    287.1717302799225
-
START:  SHW
END:    287.54823327064514
-
START:  SHYF
END:    287.9127628803253
-
START:  SITE
END:    288.12879753112793
-
START:  SIVB
END:    288.22718572616577
-
START:  SJW
END:    288.632994890213
-
START:  SKY
END:    289.0058431625366
-
START:  SLAB
END:    290.34799695014954
-
START:  SLP
END:    291.90849781036377
-
START:  SMH
END:    292.24593806266785
-
START:  SMTC
END:    292.56933665275574
-
START:  SNAP
END:    292.7638475894928
-
START:  SNPS
END:    293.079758644104
-
START:  SOCL
END:    293.33470153808594
-
START:  SOXL
END:    293.60471773147583
-
START:  SPGI
END:    293.9772644042969
-
START:  SPLG
END:    295.330575466156
-
START:  SPLK
Not Found: No data found, symbol may be delisted
START:  SPNS
END:    295.7365288734436
-
START:  SPSC
END:    296.0008749961853
-
START:  SPTM
END:    296.34744238853455
-
START:  SPWH
END:    296.58473920822144
-
START:  SPWR
END:    296.9103672504425
-
START:  SPXC
END:    297.34520411491394
-
START:  SPXL
END:    297.6669747829437
-
START:  SPY
END:    299.06014466285706
-
START:  SPYG
END:    299.42918062210083
-
START:  SQ
END:    299.6240985393524
-
START:  SSD
END:    299.94886088371277
-
START:  SSNC
END:    300.30698466300964
-
START:  SSTK
END:    300.5719349384308
-
START:  STAA
END:    300.89494013786316
-
START:  STE
END:    301.24491834640503
-
START:  SUSA
END:    301.5912494659424
-
START:  SYK
END:    302.9870593547821
-
START:  SYNA
END:    304.34302520751953
-
START:  TBBK
END:    304.62886357307434
-
START:  TBK
Not Found: No data found, symbol may be delisted
START:  TDG
END:    306.05486488342285
-
START:  TDOC
END:    306.28683257102966
-
START:  TDY
END:    306.6253035068512
-
START:  TEAM
END:    306.85563683509827
-
START:  TECH
END:    308.2437632083893
-
START:  TECL
END:    308.57497000694275
-
START:  TER
END:    308.9473695755005
-
START:  TFX
END:    309.3114449977875
-
START:  TGH
Not Found: No data found, symbol may be delisted
START:  TGLS
END:    309.64562606811523
-
START:  TGT
END:    310.0177044868469
-
START:  TGTX
END:    310.27996850013733
-
START:  THC
END:    310.6900224685669
-
START:  TJX
END:    311.0888442993164
-
START:  TMO
END:    311.44011878967285
-
START:  TMUS
END:    311.7676131725311
-
START:  TNDM
END:    312.007164478302
-
START:  TNET
END:    312.2475869655609
-
START:  TPX
END:    313.62490487098694
-
START:  TREX
END:    313.9474399089813
-
START:  TRI
END:    314.26048016548157
-
START:  TRIL
Not Found: No data found, symbol may be delisted
START:  TRMB
END:    315.69389057159424
-
START:  TRNS
END:    315.9996380805969
-
START:  TROW
END:    316.393461227417
-
START:  TRU
END:    317.65185022354126
-
START:  TRUP
END:    318.9004490375519
-
START:  TSCO
END:    319.2439057826996
-
START:  TSLA
END:    319.5317687988281
-
START:  TSM
END:    319.872145652771
-
START:  TT
END:    321.30770897865295
-
START:  TTC
END:    321.67370891571045
-
START:  TTD
END:    321.858402967453
-
START:  TTEC
END:    322.20767426490784
-
START:  TTEK
END:    322.5679886341095
-
START:  TTGT
END:    322.85470509529114
-
START:  TTWO
END:    323.1896846294403
-
START:  TWLO
END:    324.43338346481323
-
START:  TXN
END:    325.84381103515625
-
START:  TYL
END:    326.19256806373596
-
START:  UCTT
END:    326.57266068458557
-
START:  UFPI
END:    326.9488580226898
-
START:  UFPT
END:    328.2846622467041
-
START:  UI
END:    328.5603063106537
-
START:  UMC
END:    329.94607067108154
-
START:  UNF
END:    330.29728603363037
-
START:  UNH
END:    330.6796073913574
-
START:  UNP
END:    331.04261565208435
-
START:  UPLD
END:    331.2469174861908
-
START:  URI
END:    331.59859251976013
-
START:  V
END:    331.9811086654663
-
START:  VALU
END:    332.34094047546387
-
START:  VBK
END:    332.6672818660736
-
START:  VCEL
END:    332.9789216518402
-
START:  VCR
END:    333.31518936157227
-
START:  VCTR
END:    333.53009152412415
-
START:  VCYT
END:    333.7722520828247
-
START:  VDC
END:    334.1812217235565
-
START:  VEEV
END:    335.390743970871
-
START:  VERU
END:    335.72626280784607
-
START:  VGT
END:    337.0930552482605
-
START:  VHT
END:    337.48134994506836
-
START:  VIAV
END:    337.83731722831726
-
START:  VICR
END:    339.17336440086365
-
START:  VIG
END:    339.46694684028625
-
START:  VO
END:    339.8224837779999
-
START:  VONE
END:    340.11476016044617
-
START:  VONG
END:    340.3958578109741
-
START:  VOO
END:    340.70211029052734
-
START:  VOOG
END:    340.9939069747925
-
START:  VOOV
END:    342.27845001220703
-
START:  VOT
END:    342.62694454193115
-
START:  VPU
END:    342.9848458766937
-
START:  VRNS
END:    343.2290759086609
-
START:  VRSK
END:    343.5926043987274
-
START:  VRSN
END:    344.9498543739319
-
START:  VRTV
Not Found: No data found, symbol may be delisted
START:  VSTO
END:    345.66654777526855
-
START:  VTHR
END:    345.9327962398529
-
START:  VTI
END:    346.28964257240295
-
START:  VTNR
END:    347.60889315605164
-
START:  VTWG
END:    347.91219115257263
-
START:  VUG
END:    348.23254561424255
-
START:  VV
END:    348.58896470069885
-
START:  VXF
END:    349.985276222229
-
START:  WCN
END:    350.3034858703613
-
START:  WD
END:    350.5746922492981
-
START:  WDAY
END:    351.8302526473999
-
START:  WDFC
END:    352.1972920894623
-
START:  WEC
END:    352.56719040870667
-
START:  WEN
END:    352.9083058834076
-
START:  WINA
END:    353.2762539386749
-
START:  WING
END:    353.4933350086212
-
START:  WIRE
END:    353.8687572479248
-
START:  WIX
END:    354.10730934143066
-
START:  WK
END:    355.34792375564575
-
START:  WLTW
Not Found: No data found, symbol may be delisted
START:  WM
END:    355.81938314437866
-
START:  WMS
END:    357.1417508125305
-
START:  WNS
END:    357.43398237228394
-
START:  WRB
END:    357.81116700172424
-
START:  WSC
END:    358.04346919059753
-
START:  WSM
END:    359.43114161491394
-
START:  WST
END:    359.8103575706482
-
START:  WTRG
END:    361.1981084346771
-
START:  WTS
END:    361.55517864227295
-
START:  XEL
END:    361.8974313735962
-
START:  XENE
END:    362.14499521255493
-
START:  XLK
END:    362.47197365760803
-
START:  XLNX
Not Found: No data found, symbol may be delisted
START:  XLP
END:    362.9142141342163
-
START:  XLRN
Not Found: No data found, symbol may be delisted
START:  XLU
END:    364.37669253349304
-
START:  XLV
END:    364.7337152957916
-
START:  XLY
END:    365.1388695240021
-
START:  XYL
END:    366.44365525245667
-
START:  YNDX
END:    366.70968413352966
-
START:  YORW
END:    368.0714545249939
-
START:  YUM
END:    368.41433215141296
-
START:  Z
END:    369.653933763504
-
START:  ZBRA
END:    369.94655990600586
-
START:  ZEN
Not Found: No data found, symbol may be delisted
START:  ZLAB
END:    371.2620973587036
-
START:  ZNGA
Not Found: No data found, symbol may be delisted
START:  ZS
END:    371.5351243019104
-
START:  ZTS
END:    371.7996470928192
-
START:  ZYXI
END:    372.1185095310211
-
===========================
MACD golden cross
===========================
START:  code
START:  A
START:  AAON
START:  AAPL
START:  ABG
START:  ABT
START:  ACLS
START:  ACMR
START:  ACN
START:  ADBE
START:  ADI
START:  ADP
START:  ADSK
START:  ADUS
START:  AEE
START:  AGYS
START:  AIZ
START:  AJG
START:  AJRD
START:  ALB
START:  ALG
START:  ALGN
START:  ALLE
START:  ALTR
START:  AMAT
START:  AMBA
START:  AMD
START:  AME
START:  AMED
START:  AMEH
START:  AMGN
START:  AMN
START:  AMP
START:  AMRC
START:  AMSWA
START:  AMTX
START:  AMZN
START:  AN
START:  ANSS
START:  ANTM
START:  AON
START:  AOSL
START:  APD
START:  APH
START:  APPF
START:  APPN
START:  APPS
START:  AQN
START:  ARCB
START:  ARCT
START:  ARES
START:  ARGX
START:  ARWR
START:  ASML
START:  ASPN
START:  ATEC
START:  ATEN
START:  ATKR
START:  ATOM
START:  ATR
START:  ATRC
START:  AUDC
START:  AUPH
START:  AVAV
START:  AVGO
START:  AVID
START:  AVNW
START:  AVXL
START:  AVY
START:  AWK
START:  AWR
START:  AXON
START:  AZO
START:  AZPN
START:  BAH
START:  BAM
START:  BAX
START:  BBH
START:  BBQ
START:  BBY
START:  BCPC
START:  BDX
START:  BEEM
START:  BFAM
START:  BFC
START:  BGFV
START:  BGNE
START:  BHVN
START:  BIO
START:  BL
START:  BLD
START:  BLDP
START:  BLDR
START:  BLFS
START:  BLK
START:  BLL
START:  BLNK
START:  BMI
START:  BOOT
START:  BOTZ
START:  BR
START:  BRKR
START:  BRKS
START:  BRO
START:  BURL
START:  BX
START:  CABO
START:  CACI
START:  CALX
START:  CAMT
START:  CAR
START:  CBRE
START:  CBSH
START:  CBZ
START:  CCOI
START:  CCS
START:  CDMO
START:  CDNA
START:  CDNS
START:  CDW
START:  CELH
START:  CGNX
START:  CHD
START:  CHDN
START:  CHE
START:  CHGG
START:  CHH
START:  CHKP
START:  CHTR
START:  CIEN
START:  CLAR
START:  CLFD
START:  CLGN
START:  CLNE
START:  CLPT
START:  CLX
START:  CMCSA
START:  CMG
START:  CMS
START:  CNC
START:  CNI
START:  CNMD
START:  CNS
START:  CNXN
START:  COO
START:  COST
START:  COUP
START:  COWN
START:  CP
START:  CPK
START:  CPRT
START:  CPSH
START:  CRAI
START:  CREE
START:  CRL
START:  CRM
START:  CRMT
START:  CROX
START:  CRSP
START:  CRVL
START:  CSGP
START:  CSL
START:  CSWI
START:  CSX
START:  CTAS
START:  CTLT
START:  CTRN
START:  CURE
START:  CVCO
START:  CVNA
START:  CWST
START:  CWT
START:  CXSE
START:  CYBR
START:  CYRX
START:  CYTK
START:  DAC
START:  DAR
START:  DAVA
START:  DDS
START:  DE
START:  DECK
START:  DELL
START:  DFIN
START:  DG
START:  DGRW
START:  DHI
START:  DHR
START:  DIA
START:  DIOD
START:  DIS
START:  DKS
START:  DLN
START:  DNLI
START:  DOMO
START:  DOV
START:  DPZ
START:  DQ
START:  DRD
START:  DRIO
START:  DRNA
START:  DSGX
START:  DVAX
START:  DXCM
START:  ECL
START:  EFX
START:  EGAN
START:  EHC
START:  EL
START:  ENPH
START:  ENSG
START:  ENTG
START:  ENV
START:  EPAM
START:  ERIE
START:  ES
START:  ESE
START:  ETN
START:  ETSY
START:  EVBG
START:  EVTC
START:  EW
START:  EWT
START:  EXAS
START:  EXLS
START:  EXPD
START:  EXPI
START:  EXPO
START:  FAST
START:  FATE
START:  FB
START:  FCN
START:  FCX
START:  FDN
START:  FDS
START:  FELE
START:  FFIN
START:  FICO
START:  FINX
START:  FIS
START:  FISV
START:  FIVE
START:  FIVN
START:  FLGT
START:  FLT
START:  FLWS
START:  FN
START:  FND
START:  FNV
START:  FORM
START:  FOXF
START:  FPX
START:  FRC
START:  FRHC
START:  FRPT
START:  FSS
START:  FTNT
START:  FUV
START:  GDEN
START:  GFI
START:  GGG
START:  GIB
START:  GLDD
START:  GLOB
START:  GMAB
START:  GME
START:  GMED
START:  GNRC
START:  GNSS
START:  GNTX
START:  GOLF
START:  GOOG
START:  GOOGL
START:  GPI
START:  GPN
START:  GRBK
START:  GRMN
START:  GRVY
START:  GRWG
START:  GWRE
START:  HACK
START:  HALO
START:  HCI
START:  HD
START:  HEI
START:  HELE
START:  HIBB
START:  HLI
START:  HLT
START:  HOLX
START:  HON
START:  HOV
START:  HRC
START:  HRI
START:  HSKA
START:  HTHT
START:  HUBS
START:  HUM
START:  HZNP
START:  IAC
START:  IBP
START:  ICE
START:  ICLN
START:  ICLR
START:  IDT
START:  IDXX
START:  IESC
START:  IEX
START:  ILMN
START:  INFO
START:  INOV
START:  INSP
START:  INTC
START:  INTU
START:  INTZ
START:  INVE
START:  IOO
START:  IQV
START:  IRDM
START:  IRMD
START:  ISEE
START:  ISRG
START:  IT
START:  ITT
START:  ITW
START:  IVOG
START:  IVV
START:  IXJ
START:  IXN
START:  J
START:  JBL
START:  JBSS
START:  JD
START:  JKHY
START:  JKS
START:  JNJ
START:  JOE
START:  JOUT
START:  JYNT
START:  KAI
START:  KBH
START:  KBR
START:  KDMN
START:  KEYS
START:  KLAC
START:  KLIC
START:  KMX
START:  KNSL
START:  KOPN
START:  KOSS
START:  KRNT
START:  KSU
START:  KTOS
START:  LAC
START:  LAD
START:  LANC
START:  LAWS
START:  LDOS
START:  LFMD
START:  LGIH
START:  LH
START:  LHCG
START:  LHX
START:  LII
START:  LIN
START:  LINC
START:  LIT
START:  LLY
START:  LMT
START:  LNT
START:  LOB
START:  LOGI
START:  LOVE
START:  LOW
START:  LPLA
START:  LPSN
START:  LQDT
START:  LRCX
START:  LSCC
START:  LSTR
START:  LULU
START:  LUNA
START:  MA
START:  MANH
START:  MANT
START:  MARA
START:  MASI
START:  MATX
START:  MBUU
START:  MCD
START:  MCHP
START:  MCO
START:  MDB
START:  MDT
START:  MEDP
START:  MEDS
START:  MELI
START:  MGC
START:  MGIC
START:  MGK
START:  MGNI
START:  MHO
START:  MIME
START:  MITK
START:  MKC
START:  MKSI
START:  MKTX
START:  MLAB
START:  MLR
START:  MMC
START:  MMS
START:  MNMD
START:  MNST
START:  MODN
START:  MODV
START:  MOH
START:  MORN
START:  MPWR
START:  MRTX
START:  MRVL
START:  MS
START:  MSA
START:  MSCI
START:  MSEX
START:  MSFT
START:  MSI
START:  MSTR
START:  MTBC
START:  MTCH
START:  MTD
START:  MTEX
START:  MTH
START:  MTLS
START:  MTSI
START:  MU
START:  MUSA
START:  MVIS
START:  MXL
START:  MYRG
START:  NBIX
START:  NCBS
START:  NDAQ
START:  NDSN
START:  NEE
START:  NEO
START:  NEOG
START:  NFLX
START:  NICE
START:  NISN
START:  NKE
START:  NOVT
START:  NOW
START:  NSC
START:  NSIT
START:  NSSC
START:  NSTG
START:  NTLA
START:  NTRA
START:  NUAN
START:  NVCR
START:  NVDA
START:  NVMI
START:  NVO
START:  NVR
START:  NXST
START:  NYT
START:  OBCI
START:  ODFL
START:  OEF
START:  OFLX
START:  OLED
START:  OMCL
START:  ON
START:  OOMA
START:  OPRX
START:  ORA
START:  ORCL
START:  ORLY
START:  ORMP
START:  OTEX
START:  PACB
START:  PAG
START:  PANW
START:  PAR
START:  PAYC
START:  PAYX
START:  PBD
START:  PCTY
START:  PEGA
START:  PEN
START:  PENN
START:  PEP
START:  PERI
START:  PFSI
START:  PGR
START:  PH
START:  PHM
START:  PKI
START:  PLL
START:  PLNT
START:  PLUG
START:  PLXS
START:  PODD
START:  POOL
START:  POWI
START:  PRFT
START:  PRI
START:  PRTA
START:  PRTS
START:  PTSI
START:  PWR
START:  PYPL
START:  QADA
START:  QCLN
START:  QDEL
START:  QGEN
START:  QLYS
START:  QQQ
START:  QRVO
START:  QTWO
START:  RADA
START:  RAMP
START:  RBA
START:  RCII
START:  RCKY
START:  RDNT
START:  RDVT
START:  RDWR
START:  REGI
START:  RENN
START:  RGEN
START:  RH
START:  RILY
START:  RIOT
START:  RLI
START:  RLMD
START:  RMD
START:  RNG
START:  ROBO
START:  ROCK
START:  ROK
START:  ROKU
START:  ROL
START:  ROP
START:  ROST
START:  RPD
START:  RPM
START:  RSG
START:  RTH
START:  RUN
START:  RXI
START:  SAIA
START:  SAIC
START:  SAM
START:  SAVA
START:  SCI
START:  SCL
START:  SE
START:  SEAS
START:  SEDG
START:  SFBS
START:  SGEN
START:  SGMS
START:  SGRY
START:  SHOP
START:  SHW
START:  SHYF
START:  SITE
START:  SIVB
START:  SJW
START:  SKY
START:  SLAB
START:  SLP
START:  SMH
START:  SMTC
START:  SNAP
START:  SNPS
START:  SOCL
START:  SOXL
START:  SPGI
START:  SPLG
START:  SPLK
START:  SPNS
START:  SPSC
START:  SPTM
START:  SPWH
START:  SPWR
START:  SPXC
START:  SPXL
START:  SPY
START:  SPYG
START:  SQ
START:  SSD
START:  SSNC
START:  SSTK
START:  STAA
START:  STE
START:  SUSA
START:  SYK
START:  SYNA
START:  TBBK
START:  TBK
START:  TDG
START:  TDOC
START:  TDY
START:  TEAM
START:  TECH
START:  TECL
START:  TER
START:  TFX
START:  TGH
START:  TGLS
START:  TGT
START:  TGTX
START:  THC
START:  TJX
START:  TMO
START:  TMUS
START:  TNDM
START:  TNET
START:  TPX
START:  TREX
START:  TRI
START:  TRIL
START:  TRMB
START:  TRNS
START:  TROW
START:  TRU
START:  TRUP
START:  TSCO
START:  TSLA
START:  TSM
START:  TT
START:  TTC
START:  TTD
START:  TTEC
START:  TTEK
START:  TTGT
START:  TTWO
START:  TWLO
START:  TXN
START:  TYL
START:  UCTT
START:  UFPI
START:  UFPT
START:  UI
START:  UMC
START:  UNF
START:  UNH
START:  UNP
START:  UPLD
START:  URI
START:  V
START:  VALU
START:  VBK
START:  VCEL
START:  VCR
START:  VCTR
START:  VCYT
START:  VDC
START:  VEEV
START:  VERU
START:  VGT
START:  VHT
START:  VIAV
START:  VICR
START:  VIG
START:  VO
START:  VONE
START:  VONG
START:  VOO
START:  VOOG
START:  VOOV
START:  VOT
START:  VPU
START:  VRNS
START:  VRSK
START:  VRSN
START:  VRTV
START:  VSTO
START:  VTHR
START:  VTI
START:  VTNR
START:  VTWG
START:  VUG
START:  VV
START:  VXF
START:  WCN
START:  WD
START:  WDAY
START:  WDFC
START:  WEC
START:  WEN
START:  WINA
START:  WING
START:  WIRE
START:  WIX
START:  WK
START:  WLTW
START:  WM
START:  WMS
START:  WNS
START:  WRB
START:  WSC
START:  WSM
START:  WST
START:  WTRG
START:  WTS
START:  XEL
START:  XENE
START:  XLK
START:  XLNX
START:  XLP
START:  XLRN
START:  XLU
START:  XLV
START:  XLY
START:  XYL
START:  YNDX
START:  YORW
START:  YUM
START:  Z
START:  ZBRA
START:  ZEN
START:  ZLAB
START:  ZNGA
START:  ZS
START:  ZTS
START:  ZYXI
==== MACD golden cross ====
None
code: AMAT     day: macd + hist + hist_1pre + ,  Week: macd + hist + hist_1pre - , Month: macd + hist + hist_1pre + , 
Trade --> code: AMAT   BUY: 2006-09-30   17.73 SELL: 2008-09-30   15.13  macd:   -0.20 macd_count:  24 profit:  0.85
Trade --> code: AMAT   BUY: 2011-02-28   16.43 SELL: 2011-08-31   11.32  macd:   -0.11 macd_count:   6 profit:  0.69
Trade --> code: AMAT   BUY: 2013-04-30   14.51 SELL: 2015-10-31   16.77  macd:   -0.15 macd_count:  30 profit:  1.16
Trade --> code: AMAT   BUY: 2016-03-31   21.18 SELL: 2019-02-28   38.34  macd:   -0.15 macd_count:  35 profit:  1.81
Trade --> code: AMAT   BUY: 2019-04-30   44.07 SELL: 2019-05-31   38.69  macd:   -0.15 macd_count:   1 profit:  0.88
Trade --> code: AMAT   BUY: 2019-06-30   44.91 SELL: 2022-12-31   97.38  macd:   -0.27 macd_count:  42 profit:  2.17
Trade --> code: AMAT   BUY: 2023-01-31  111.49 SELL: 2024-05-31  219.82  macd:   21.98 macd_count:  17 profit:  1.97

code: BX       day: macd + hist + hist_1pre + ,  Week: macd + hist + hist_1pre - , Month: macd + hist + hist_1pre + , 
Trade --> code: BX     BUY: 2011-03-31   17.88 SELL: 2012-05-31   12.04  macd:   -0.12 macd_count:  14 profit:  0.67
Trade --> code: BX     BUY: 2012-12-31   15.59 SELL: 2016-03-31   28.05  macd:   -0.22 macd_count:  39 profit:  1.80
Trade --> code: BX     BUY: 2017-06-30   33.35 SELL: 2023-04-30   89.33  macd:   -0.23 macd_count:  70 profit:  2.68
Trade --> code: BX     BUY: 2023-07-31  104.79 SELL: 2024-05-31  128.01  macd:    7.75 macd_count:  11 profit:  1.22

code: INTU     day: macd + hist + hist_1pre + ,  Week: macd + hist + hist_1pre - , Month: macd + hist + hist_1pre + , 
Trade --> code: INTU   BUY: 2006-09-30   32.09 SELL: 2008-11-30   22.16  macd:   -0.39 macd_count:  26 profit:  0.69
Trade --> code: INTU   BUY: 2009-10-31   29.07 SELL: 2023-02-28  407.18  macd:   -0.87 macd_count: 160 profit: 14.01
Trade --> code: INTU   BUY: 2023-03-31  445.83 SELL: 2024-05-31  672.67  macd:   52.74 macd_count:  15 profit:  1.51

code: ISRG     day: macd + hist + hist_1pre + ,  Week: macd + hist + hist_1pre - , Month: macd + hist + hist_1pre + , 
Trade --> code: ISRG   BUY: 2006-09-30   11.72 SELL: 2009-01-31   11.47  macd:   -0.10 macd_count:  28 profit:  0.98
Trade --> code: ISRG   BUY: 2009-09-30   29.14 SELL: 2013-10-31   41.28  macd:   -0.56 macd_count:  49 profit:  1.42
Trade --> code: ISRG   BUY: 2014-10-31   55.09 SELL: 2022-08-31  205.74  macd:   -2.17 macd_count:  94 profit:  3.73
Trade --> code: ISRG   BUY: 2023-04-30  301.22 SELL: 2024-05-31  406.23  macd:   30.29 macd_count:  14 profit:  1.35

code: IXN      day: macd + hist + hist_1pre + ,  Week: macd + hist + hist_1pre - , Month: macd + hist + hist_1pre + , 
Trade --> code: IXN    BUY: 2006-09-30    9.19 SELL: 2008-09-30    8.11  macd:   -0.05 macd_count:  24 profit:  0.88
Trade --> code: IXN    BUY: 2010-02-28    8.98 SELL: 2022-12-31   44.83  macd:   -0.18 macd_count: 154 profit:  4.99
Trade --> code: IXN    BUY: 2023-03-31   54.36 SELL: 2024-05-31   77.13  macd:    5.50 macd_count:  15 profit:  1.42

code: LSCC     day: macd + hist + hist_1pre + ,  Week: macd + hist + hist_1pre - , Month: macd + hist - hist_1pre - , 
Trade --> code: LSCC   BUY: 2006-09-30    6.82 SELL: 2007-07-31    4.73  macd:   -0.02 macd_count:  10 profit:  0.69
Trade --> code: LSCC   BUY: 2010-04-30    5.26 SELL: 2012-07-31    3.71  macd:   -0.00 macd_count:  27 profit:  0.71
Trade --> code: LSCC   BUY: 2013-11-30    5.57 SELL: 2015-07-31    4.92  macd:   -0.00 macd_count:  20 profit:  0.88
Trade --> code: LSCC   BUY: 2016-09-30    6.49 SELL: 2017-11-30    5.87  macd:   -0.03 macd_count:  14 profit:  0.90
Trade --> code: LSCC   BUY: 2018-07-31    7.69 SELL: 2024-05-31   75.24  macd:    2.69 macd_count:  71 profit:  9.78

code: MARA     day: macd + hist + hist_1pre + ,  Week: macd + hist + hist_1pre - , Month: macd + hist + hist_1pre + , 
Trade --> code: MARA   BUY: 2014-11-30  119.52 SELL: 2015-07-31   48.16  macd:   -2.62 macd_count:   8 profit:  0.40
Trade --> code: MARA   BUY: 2021-01-31   20.74 SELL: 2022-07-31   12.99  macd:   -0.14 macd_count:  18 profit:  0.63
Trade --> code: MARA   BUY: 2024-02-29   25.90 SELL: 2024-05-31   21.72  macd:    1.16 macd_count:   4 profit:  0.84

code: MGC      day: macd + hist + hist_1pre + ,  Week: macd + hist + hist_1pre - , Month: macd + hist + hist_1pre + , 
Trade --> code: MGC    BUY: 2011-01-31   43.96 SELL: 2024-05-31  190.60  macd:   10.33 macd_count: 161 profit:  4.34

code: MGK      day: macd + hist + hist_1pre + ,  Week: macd + hist + hist_1pre - , Month: macd + hist + hist_1pre + , 
Trade --> code: MGK    BUY: 2010-11-30   45.09 SELL: 2022-10-31  180.89  macd:   -0.26 macd_count: 143 profit:  4.01
Trade --> code: MGK    BUY: 2023-05-31  220.75 SELL: 2024-05-31  294.37  macd:   19.30 macd_count:  13 profit:  1.33

code: MHO      day: macd + hist + hist_1pre + ,  Week: macd + hist + hist_1pre - , Month: macd + hist + hist_1pre + , 
Trade --> code: MHO    BUY: 2012-06-30   17.32 SELL: 2016-02-29   17.57  macd:   -0.31 macd_count:  44 profit:  1.01
Trade --> code: MHO    BUY: 2016-11-30   23.36 SELL: 2018-11-30   23.54  macd:   -0.11 macd_count:  24 profit:  1.01
Trade --> code: MHO    BUY: 2019-05-31   27.38 SELL: 2022-08-31   43.24  macd:   -0.25 macd_count:  39 profit:  1.58
Trade --> code: MHO    BUY: 2023-02-28   57.84 SELL: 2024-05-31  127.15  macd:   18.02 macd_count:  16 profit:  2.20

code: MKSI     day: macd + hist + hist_1pre + ,  Week: macd + hist + hist_1pre - , Month: macd + hist + hist_1pre + , 
Trade --> code: MKSI   BUY: 2006-09-30   20.31 SELL: 2008-01-31   18.60  macd:   -0.10 macd_count:  16 profit:  0.92
Trade --> code: MKSI   BUY: 2008-04-30   22.85 SELL: 2008-10-31   18.55  macd:   -0.16 macd_count:   6 profit:  0.81
Trade --> code: MKSI   BUY: 2010-04-30   22.68 SELL: 2022-07-31  118.20  macd:   -1.22 macd_count: 147 profit:  5.21
Trade --> code: MKSI   BUY: 2024-05-31  132.86 SELL: 2024-05-31  132.86  macd:    1.51 macd_count:   1 profit:  1.00

code: MRVL     day: macd + hist + hist_1pre + ,  Week: macd + hist + hist_1pre - , Month: macd + hist + hist_1pre + , 
Trade --> code: MRVL   BUY: 2006-09-30   19.37 SELL: 2007-05-31   15.70  macd:   -0.21 macd_count:   8 profit:  0.81
Trade --> code: MRVL   BUY: 2009-12-31   20.75 SELL: 2011-08-31   13.15  macd:   -0.14 macd_count:  20 profit:  0.63
Trade --> code: MRVL   BUY: 2014-01-31   14.93 SELL: 2015-08-31   11.27  macd:   -0.09 macd_count:  19 profit:  0.75
Trade --> code: MRVL   BUY: 2016-11-30   14.34 SELL: 2022-12-31   37.04  macd:   -0.91 macd_count:  73 profit:  2.58
Trade --> code: MRVL   BUY: 2023-07-31   65.13 SELL: 2024-05-31   73.79  macd:    4.65 macd_count:  11 profit:  1.13

code: MSFT     day: macd + hist + hist_1pre + ,  Week: macd + hist + hist_1pre - , Month: macd + hist + hist_1pre + , 
Trade --> code: MSFT   BUY: 2006-11-30   29.36 SELL: 2008-07-31   25.72  macd:   -0.03 macd_count:  20 profit:  0.88
Trade --> code: MSFT   BUY: 2009-12-31   30.48 SELL: 2010-09-30   24.49  macd:   -0.05 macd_count:   9 profit:  0.80
Trade --> code: MSFT   BUY: 2010-10-31   26.67 SELL: 2010-11-30   25.26  macd:   -0.02 macd_count:   1 profit:  0.95
Trade --> code: MSFT   BUY: 2010-12-31   27.91 SELL: 2024-05-31  431.42  macd:   35.89 macd_count: 162 profit: 15.46

code: MSTR     day: macd + hist + hist_1pre + ,  Week: macd + hist + hist_1pre - , Month: macd + hist + hist_1pre + , 
Trade --> code: MSTR   BUY: 2006-09-30  101.83 SELL: 2008-02-29   66.52  macd:   -0.85 macd_count:  17 profit:  0.65
Trade --> code: MSTR   BUY: 2009-12-31   94.02 SELL: 2012-12-31   93.38  macd:   -0.69 macd_count:  36 profit:  0.99
Trade --> code: MSTR   BUY: 2013-12-31  124.24 SELL: 2017-08-31  129.00  macd:   -1.78 macd_count:  44 profit:  1.04
Trade --> code: MSTR   BUY: 2019-11-30  150.33 SELL: 2019-12-31  142.63  macd:   -0.06 macd_count:   1 profit:  0.95
Trade --> code: MSTR   BUY: 2020-01-31  152.03 SELL: 2020-02-29  135.16  macd:   -0.17 macd_count:   1 profit:  0.89
Trade --> code: MSTR   BUY: 2020-10-31  167.07 SELL: 2022-07-31  286.06  macd:   -9.45 macd_count:  21 profit:  1.71
Trade --> code: MSTR   BUY: 2023-11-30  498.30 SELL: 2024-05-31 1650.00  macd:  225.21 macd_count:   7 profit:  3.31

code: NBIX     day: macd + hist + hist_1pre + ,  Week: macd + hist + hist_1pre - , Month: macd + hist + hist_1pre + , 
Trade --> code: NBIX   BUY: 2010-11-30    7.28 SELL: 2021-11-30   83.25  macd:   -0.60 macd_count: 132 profit: 11.44
Trade --> code: NBIX   BUY: 2022-09-30  106.21 SELL: 2024-05-31  143.41  macd:    9.25 macd_count:  21 profit:  1.35

code: NFLX     day: macd + hist + hist_1pre + ,  Week: macd + hist + hist_1pre - , Month: macd + hist + hist_1pre + , 
Trade --> code: NFLX   BUY: 2006-09-30    3.25 SELL: 2007-08-31    2.50  macd:   -0.03 macd_count:  11 profit:  0.77
Trade --> code: NFLX   BUY: 2007-10-31    3.78 SELL: 2012-02-29   15.82  macd:   -0.05 macd_count:  52 profit:  4.18
Trade --> code: NFLX   BUY: 2013-03-31   27.04 SELL: 2022-04-30  190.36  macd:   -9.76 macd_count: 109 profit:  7.04
Trade --> code: NFLX   BUY: 2023-09-30  377.60 SELL: 2024-05-31  646.61  macd:   53.42 macd_count:   9 profit:  1.71

code: NOW      day: macd + hist + hist_1pre + ,  Week: macd + hist + hist_1pre - , Month: macd + hist + hist_1pre + , 
Trade --> code: NOW    BUY: 2014-10-31   67.93 SELL: 2022-09-30  377.61  macd:   -1.52 macd_count:  95 profit:  5.56
Trade --> code: NOW    BUY: 2023-06-30  561.97 SELL: 2024-05-31  782.20  macd:   65.84 macd_count:  12 profit:  1.39

code: NUAN     day: macd + hist + hist_1pre + ,  Week: macd + hist + hist_1pre - , Month: macd + hist - hist_1pre - , 
Trade --> code: NUAN   BUY: 2005-11-30    5.38 SELL: 2008-11-30    7.94  macd:   -0.14 macd_count:  36 profit:  1.48
Trade --> code: NUAN   BUY: 2009-12-31   13.44 SELL: 2013-05-31   16.44  macd:   -0.10 macd_count:  41 profit:  1.22
Trade --> code: NUAN   BUY: 2015-11-30   18.11 SELL: 2016-07-31   13.90  macd:   -0.05 macd_count:   8 profit:  0.77
Trade --> code: NUAN   BUY: 2017-05-31   16.01 SELL: 2017-09-30   13.60  macd:   -0.04 macd_count:   4 profit:  0.85
Trade --> code: NUAN   BUY: 2019-04-30   14.56 SELL: 2022-03-31   55.99  macd:    7.14 macd_count:  36 profit:  3.85

code: ORCL     day: macd + hist + hist_1pre + ,  Week: macd + hist + hist_1pre - , Month: macd + hist + hist_1pre + , 
Trade --> code: ORCL   BUY: 2006-09-30   17.74 SELL: 2009-02-28   15.54  macd:   -0.15 macd_count:  29 profit:  0.88
Trade --> code: ORCL   BUY: 2009-06-30   21.42 SELL: 2016-02-29   36.78  macd:   -0.12 macd_count:  80 profit:  1.72
Trade --> code: ORCL   BUY: 2016-03-31   40.91 SELL: 2024-05-31  124.34  macd:    9.27 macd_count:  99 profit:  3.04

code: PWR      day: macd + hist + hist_1pre + ,  Week: macd + hist + hist_1pre - , Month: macd + hist + hist_1pre + , 
Trade --> code: PWR    BUY: 2006-09-30   16.86 SELL: 2009-02-28   17.60  macd:   -0.34 macd_count:  29 profit:  1.04
Trade --> code: PWR    BUY: 2012-04-30   22.12 SELL: 2015-07-31   27.62  macd:   -0.14 macd_count:  39 profit:  1.25
Trade --> code: PWR    BUY: 2016-11-30   33.72 SELL: 2024-05-31  272.53  macd:   30.98 macd_count:  91 profit:  8.08

code: QQQ      day: macd + hist + hist_1pre + ,  Week: macd + hist + hist_1pre - , Month: macd + hist + hist_1pre + , 
Trade --> code: QQQ    BUY: 2006-09-30   40.65 SELL: 2008-10-31   32.89  macd:   -0.65 macd_count:  25 profit:  0.81
Trade --> code: QQQ    BUY: 2009-12-31   45.75 SELL: 2022-11-30  293.36  macd:   -0.57 macd_count: 155 profit:  6.41
Trade --> code: QQQ    BUY: 2023-05-31  347.99 SELL: 2024-05-31  456.28  macd:   30.69 macd_count:  13 profit:  1.31

code: RCII     day: macd + hist + hist_1pre + ,  Week: macd + hist + hist_1pre - , Month: macd - hist + hist_1pre + , 
Trade --> code: RCII   BUY: 2006-10-31   28.76 SELL: 2007-07-31   19.41  macd:   -0.10 macd_count:   9 profit:  0.67
Trade --> code: RCII   BUY: 2010-03-31   23.65 SELL: 2014-01-31   24.94  macd:   -0.00 macd_count:  46 profit:  1.05
Trade --> code: RCII   BUY: 2018-12-31   16.19 SELL: 2022-05-31   27.54  macd:   -0.82 macd_count:  41 profit:  1.70

code: ROBO     day: macd + hist + hist_1pre + ,  Week: macd + hist + hist_1pre - , Month: macd + hist + hist_1pre + , 
Trade --> code: ROBO   BUY: 2016-09-30   28.39 SELL: 2022-08-31   46.94  macd:   -0.58 macd_count:  71 profit:  1.65
Trade --> code: ROBO   BUY: 2023-07-31   59.12 SELL: 2023-10-31   46.16  macd:   -0.51 macd_count:   3 profit:  0.78
Trade --> code: ROBO   BUY: 2024-01-31   54.95 SELL: 2024-05-31   56.82  macd:    0.69 macd_count:   5 profit:  1.03

code: SMH      day: macd + hist + hist_1pre + ,  Week: macd + hist + hist_1pre - , Month: macd + hist + hist_1pre + , 
Trade --> code: SMH    BUY: 2006-09-30   17.15 SELL: 2008-01-31   14.07  macd:   -0.20 macd_count:  16 profit:  0.82
Trade --> code: SMH    BUY: 2010-05-31   13.71 SELL: 2010-08-31   12.14  macd:   -0.00 macd_count:   3 profit:  0.89
Trade --> code: SMH    BUY: 2010-09-30   13.85 SELL: 2024-05-31  236.40  macd:   24.39 macd_count: 165 profit: 17.06

code: SNPS     day: macd + hist + hist_1pre + ,  Week: macd + hist + hist_1pre - , Month: macd + hist + hist_1pre + , 
Trade --> code: SNPS   BUY: 2006-10-31   22.51 SELL: 2008-09-30   19.95  macd:   -0.19 macd_count:  23 profit:  0.89
Trade --> code: SNPS   BUY: 2010-04-30   22.66 SELL: 2010-06-30   20.87  macd:   -0.03 macd_count:   2 profit:  0.92
Trade --> code: SNPS   BUY: 2010-08-31   22.86 SELL: 2024-05-31  578.78  macd:   59.56 macd_count: 166 profit: 25.32

code: SOXL     day: macd + hist + hist_1pre + ,  Week: macd + hist + hist_1pre - , Month: macd + hist + hist_1pre + , 
Trade --> code: SOXL   BUY: 2013-05-31    0.80 SELL: 2022-08-31   14.04  macd:   -1.24 macd_count: 111 profit: 17.59
Trade --> code: SOXL   BUY: 2024-01-31   32.10 SELL: 2024-05-31   49.32  macd:    4.35 macd_count:   5 profit:  1.54

code: SPYG     day: macd + hist + hist_1pre + ,  Week: macd + hist + hist_1pre - , Month: macd + hist + hist_1pre + , 
Trade --> code: SPYG   BUY: 2006-09-30   12.64 SELL: 2008-09-30   11.85  macd:   -0.01 macd_count:  24 profit:  0.94
Trade --> code: SPYG   BUY: 2010-03-31   12.92 SELL: 2022-12-31   50.67  macd:   -0.29 macd_count: 153 profit:  3.92
Trade --> code: SPYG   BUY: 2023-06-30   61.01 SELL: 2024-05-31   75.48  macd:    3.75 macd_count:  12 profit:  1.24

code: TECL     day: macd + hist + hist_1pre + ,  Week: macd + hist + hist_1pre - , Month: macd + hist + hist_1pre + , 
Trade --> code: TECL   BUY: 2011-04-30    1.28 SELL: 2022-09-30   21.48  macd:   -0.96 macd_count: 137 profit: 16.76
Trade --> code: TECL   BUY: 2023-07-31   57.46 SELL: 2024-05-31   85.69  macd:    8.76 macd_count:  11 profit:  1.49

code: TROW     day: macd + hist + hist_1pre + ,  Week: macd + hist + hist_1pre - , Month: macd - hist + hist_1pre + , 
Trade --> code: TROW   BUY: 2006-09-30   47.85 SELL: 2008-12-31   35.44  macd:   -0.72 macd_count:  27 profit:  0.74
Trade --> code: TROW   BUY: 2009-12-31   53.25 SELL: 2015-10-31   75.62  macd:   -0.05 macd_count:  70 profit:  1.42
Trade --> code: TROW   BUY: 2017-08-31   84.36 SELL: 2022-06-30  113.61  macd:   -1.87 macd_count:  58 profit:  1.35

code: VCEL     day: macd + hist + hist_1pre + ,  Week: macd + hist + hist_1pre - , Month: macd + hist + hist_1pre + , 
Trade --> code: VCEL   BUY: 2006-09-30  185.60 SELL: 2006-11-30  217.60  macd:   -2.76 macd_count:   2 profit:  1.17
Trade --> code: VCEL   BUY: 2017-11-30    4.45 SELL: 2022-08-31   24.95  macd:   -0.37 macd_count:  57 profit:  5.61
Trade --> code: VCEL   BUY: 2023-08-31   32.83 SELL: 2024-05-31   51.26  macd:    3.82 macd_count:  10 profit:  1.56

code: VHT      day: macd + hist + hist_1pre + ,  Week: macd + hist + hist_1pre - , Month: macd + hist + hist_1pre + , 
Trade --> code: VHT    BUY: 2006-09-30   56.63 SELL: 2008-06-30   53.09  macd:   -0.03 macd_count:  21 profit:  0.94
Trade --> code: VHT    BUY: 2010-02-28   54.71 SELL: 2024-05-31  267.67  macd:    6.41 macd_count: 172 profit:  4.89

code: VO       day: macd + hist + hist_1pre + ,  Week: macd + hist + hist_1pre - , Month: macd + hist + hist_1pre + , 
Trade --> code: VO     BUY: 2006-09-30   68.43 SELL: 2008-09-30   59.36  macd:   -0.74 macd_count:  24 profit:  0.87
Trade --> code: VO     BUY: 2010-04-30   67.48 SELL: 2023-05-31  203.78  macd:   -0.55 macd_count: 157 profit:  3.02
Trade --> code: VO     BUY: 2023-06-30  220.16 SELL: 2023-10-31  198.41  macd:   -0.47 macd_count:   4 profit:  0.90
Trade --> code: VO     BUY: 2023-11-30  218.26 SELL: 2024-05-31  248.71  macd:    7.08 macd_count:   7 profit:  1.14

code: VONE     day: macd + hist + hist_1pre + ,  Week: macd + hist + hist_1pre - , Month: macd + hist + hist_1pre + , 
Trade --> code: VONE   BUY: 2013-01-31   68.84 SELL: 2024-05-31  241.41  macd:   11.86 macd_count: 137 profit:  3.51

code: VONG     day: macd + hist + hist_1pre + ,  Week: macd + hist + hist_1pre - , Month: macd + hist + hist_1pre + , 
Trade --> code: VONG   BUY: 2013-01-31   17.52 SELL: 2022-12-31   55.12  macd:   -0.44 macd_count: 119 profit:  3.15
Trade --> code: VONG   BUY: 2023-05-31   66.45 SELL: 2024-05-31   88.88  macd:    5.60 macd_count:  13 profit:  1.34

code: VOOG     day: macd + hist + hist_1pre + ,  Week: macd + hist + hist_1pre - , Month: macd + hist + hist_1pre + , 
Trade --> code: VOOG   BUY: 2013-01-31   70.40 SELL: 2022-12-31  210.94  macd:   -1.20 macd_count: 119 profit:  3.00
Trade --> code: VOOG   BUY: 2023-06-30  254.09 SELL: 2024-05-31  314.28  macd:   15.63 macd_count:  12 profit:  1.24

code: VOT      day: macd + hist + hist_1pre + ,  Week: macd + hist + hist_1pre - , Month: macd + hist + hist_1pre + , 
Trade --> code: VOT    BUY: 2010-04-30   53.79 SELL: 2022-09-30  170.54  macd:   -1.36 macd_count: 149 profit:  3.17
Trade --> code: VOT    BUY: 2023-08-31  205.67 SELL: 2023-09-30  194.77  macd:   -0.23 macd_count:   1 profit:  0.95
Trade --> code: VOT    BUY: 2023-12-31  219.57 SELL: 2024-05-31  234.80  macd:    7.22 macd_count:   6 profit:  1.07

code: VTHR     day: macd + hist + hist_1pre + ,  Week: macd + hist + hist_1pre - , Month: macd + hist + hist_1pre + , 
Trade --> code: VTHR   BUY: 2013-01-31   69.02 SELL: 2024-05-31  235.74  macd:   11.15 macd_count: 137 profit:  3.42

code: VTI      day: macd + hist + hist_1pre + ,  Week: macd + hist + hist_1pre - , Month: macd + hist + hist_1pre + , 
Trade --> code: VTI    BUY: 2006-09-30   65.72 SELL: 2008-08-31   64.62  macd:   -0.19 macd_count:  23 profit:  0.98
Trade --> code: VTI    BUY: 2010-10-31   60.72 SELL: 2024-05-31  262.98  macd:   12.42 macd_count: 164 profit:  4.33

code: VTWG     day: macd + hist + hist_1pre + ,  Week: macd + hist + hist_1pre - , Month: macd + hist + hist_1pre + , 
Trade --> code: VTWG   BUY: 2013-01-31   73.63 SELL: 2022-06-30  150.02  macd:   -1.56 macd_count: 113 profit:  2.04
Trade --> code: VTWG   BUY: 2024-02-29  191.85 SELL: 2024-05-31  193.75  macd:    3.06 macd_count:   4 profit:  1.01

code: VUG      day: macd + hist + hist_1pre + ,  Week: macd + hist + hist_1pre - , Month: macd + hist + hist_1pre + , 
Trade --> code: VUG    BUY: 2006-09-30   54.83 SELL: 2008-10-31   42.91  macd:   -1.01 macd_count:  25 profit:  0.78
Trade --> code: VUG    BUY: 2010-04-30   56.39 SELL: 2022-10-31  222.74  macd:   -0.92 macd_count: 150 profit:  3.95
Trade --> code: VUG    BUY: 2023-06-30  282.96 SELL: 2024-05-31  353.89  macd:   21.80 macd_count:  12 profit:  1.25

code: VV       day: macd + hist + hist_1pre + ,  Week: macd + hist + hist_1pre - , Month: macd + hist + hist_1pre + , 
Trade --> code: VV     BUY: 2006-09-30   59.25 SELL: 2008-08-31   58.08  macd:   -0.10 macd_count:  23 profit:  0.98
Trade --> code: VV     BUY: 2010-10-31   54.14 SELL: 2024-05-31  243.82  macd:   12.20 macd_count: 164 profit:  4.50

code: VXF      day: macd + hist + hist_1pre + ,  Week: macd + hist + hist_1pre - , Month: macd + hist + hist_1pre + , 
Trade --> code: VXF    BUY: 2006-09-30   47.49 SELL: 2008-09-30   43.97  macd:   -0.24 macd_count:  24 profit:  0.93
Trade --> code: VXF    BUY: 2010-04-30   49.28 SELL: 2022-08-31  141.73  macd:   -0.51 macd_count: 148 profit:  2.88
Trade --> code: VXF    BUY: 2024-01-31  160.38 SELL: 2024-05-31  173.49  macd:    4.73 macd_count:   5 profit:  1.08

code: WIX      day: macd + hist + hist_1pre + ,  Week: macd + hist + hist_1pre - , Month: macd + hist + hist_1pre + , 
Trade --> code: WIX    BUY: 2016-04-30   24.72 SELL: 2022-01-31  131.37  macd:   -3.21 macd_count:  69 profit:  5.31
Trade --> code: WIX    BUY: 2024-05-31  169.29 SELL: 2024-05-31  169.29  macd:    3.39 macd_count:   1 profit:  1.00

code: WMS      day: macd + hist + hist_1pre + ,  Week: macd + hist + hist_1pre - , Month: macd + hist + hist_1pre + , 
Trade --> code: WMS    BUY: 2018-03-31   25.90 SELL: 2023-05-31   96.77  macd:   -0.12 macd_count:  62 profit:  3.74
Trade --> code: WMS    BUY: 2023-06-30  113.78 SELL: 2024-05-31  178.85  macd:   15.51 macd_count:  12 profit:  1.57

code: WSM      day: macd + hist + hist_1pre + ,  Week: macd + hist + hist_1pre - , Month: macd + hist + hist_1pre + , 
Trade --> code: WSM    BUY: 2010-04-30   28.80 SELL: 2016-02-29   52.11  macd:   -0.47 macd_count:  70 profit:  1.81
Trade --> code: WSM    BUY: 2018-07-31   58.49 SELL: 2022-12-31  114.92  macd:   -0.36 macd_count:  53 profit:  1.96
Trade --> code: WSM    BUY: 2023-09-30  155.40 SELL: 2024-05-31  338.70  macd:   38.29 macd_count:   9 profit:  2.18

code: XLK      day: macd + hist + hist_1pre + ,  Week: macd + hist + hist_1pre - , Month: macd + hist + hist_1pre + , 
Trade --> code: XLK    BUY: 2006-09-30   22.00 SELL: 2008-09-30   19.85  macd:   -0.18 macd_count:  24 profit:  0.90
Trade --> code: XLK    BUY: 2010-02-28   21.69 SELL: 2024-05-31  215.54  macd:   16.22 macd_count: 172 profit:  9.94

