Sat May 25 13:49:33 UTC 2024
arg[0]: scraping/yahoo-finace-api2.py, arg[1]: stock-code-list/buy-list.txt
===========================
scraping
===========================
START:  AAPL
END:    0.3277113437652588
-
START:  EL
END:    0.6136245727539062
-
START:  NEE
END:    0.9529521465301514
-
START:  AMD
END:    1.1940677165985107
-
START:  APH
END:    1.4337410926818848
-
START:  XLP
END:    1.676689624786377
-
START:  SPXL
END:    1.8882696628570557
-
START:  KEYS
END:    2.1152687072753906
-
START:  VDC
END:    2.391216993331909
-
START:  SPTM
END:    2.6355185508728027
-
START:  SPLG
END:    2.8818423748016357
-
START:  CROX
END:    3.1151912212371826
-
START:  AXON
END:    3.3123579025268555
-
START:  AWR
END:    3.584716796875
-
START:  FN
END:    3.772559642791748
-
START:  NXST
END:    4.021569728851318
-
START:  TREX
END:    4.235534191131592
-
START:  RGEN
END:    4.4670562744140625
-
START:  EXPO
END:    4.727658987045288
-
START:  BCPC
END:    4.988614082336426
-
START:  SOXL
END:    5.1664276123046875
-
START:  TECL
END:    5.3799028396606445
-
START:  NEO
END:    5.600307941436768
-
START:  NVMI
END:    5.817868232727051
-
START:  NVDA
END:    6.05397629737854
-
START:  BBDC
END:    7.291861534118652
-
START:  APPS
END:    7.491674423217773
-
START:  ROK
END:    8.793675899505615
-
START:  NHTC
END:    9.028082370758057
-
START:  ZYXI
END:    9.251173973083496
-
START:  LIT
END:    9.467166185379028
-
START:  LLY
END:    9.741699457168579
-
START:  GTLB
END:    9.851006269454956
-
START:  MCD
END:    11.194614171981812
-
START:  MSI
END:    11.523464679718018
-
START:  HCP
END:    11.582135915756226
-
START:  ON
END:    11.793604135513306
-
===========================
MACD sell
===========================
START:  AAPL
START:  EL
START:  NEE
START:  AMD
START:  APH
START:  XLP
START:  SPXL
START:  KEYS
START:  VDC
START:  SPTM
START:  SPLG
START:  CROX
START:  AXON
START:  AWR
START:  FN
START:  NXST
START:  TREX
START:  RGEN
START:  EXPO
START:  BCPC
START:  SOXL
START:  TECL
START:  NEO
START:  NVMI
START:  NVDA
START:  BBDC
START:  APPS
START:  ROK
START:  NHTC
START:  ZYXI
START:  LIT
START:  LLY
START:  GTLB
START:  MCD
START:  MSI
START:  HCP
START:  ON
==== MACD list ====
code: AAPL     day: macd + hist + ,  Week: macd + hist + , Month: macd + hist - , 
code: EL       day: macd - hist - ,  Week: macd - hist - , Month: macd - hist - , 
code: NEE      day: macd + hist - ,  Week: macd + hist + , Month: macd - hist + , 
code: AMD      day: macd + hist + ,  Week: macd + hist - , Month: macd + hist + , 
code: APH      day: macd + hist + ,  Week: macd + hist + , Month: macd + hist + , 
code: XLP      day: macd + hist - ,  Week: macd + hist + , Month: macd + hist + , 
code: SPXL     day: macd + hist + ,  Week: macd + hist + , Month: macd + hist + , 
code: KEYS     day: macd - hist - ,  Week: macd - hist - , Month: macd - hist - , 
code: VDC      day: macd + hist - ,  Week: macd + hist + , Month: macd + hist + , 
code: SPTM     day: macd + hist + ,  Week: macd + hist + , Month: macd + hist + , 
code: SPLG     day: macd + hist + ,  Week: macd + hist + , Month: macd + hist + , 
code: CROX     day: macd + hist + ,  Week: macd + hist + , Month: macd + hist + , 
code: AXON     day: macd - hist - ,  Week: macd + hist - , Month: macd + hist + , 
code: AWR      day: macd + hist - ,  Week: macd - hist + , Month: macd - hist - , 
code: FN       day: macd + hist + ,  Week: macd + hist + , Month: macd + hist + , 
code: NXST     day: macd - hist - ,  Week: macd + hist - , Month: macd + hist - , 
code: TREX     day: macd - hist - ,  Week: macd + hist - , Month: macd + hist + , 
code: RGEN     day: macd - hist - ,  Week: macd - hist - , Month: macd - hist + , 
code: EXPO     day: macd + hist - ,  Week: macd + hist + , Month: macd - hist + , 
code: BCPC     day: macd + hist - ,  Week: macd + hist + , Month: macd + hist + , 
code: SOXL     day: macd + hist + ,  Week: macd + hist + , Month: macd + hist + , 
code: TECL     day: macd + hist + ,  Week: macd + hist + , Month: macd + hist + , 
code: NEO      day: macd - hist - ,  Week: macd - hist + , Month: macd - hist + , 
code: NVMI     day: macd + hist + ,  Week: macd + hist + , Month: macd + hist + , 
code: NVDA     day: macd + hist + ,  Week: macd + hist + , Month: macd + hist + , 
code: BBDC     day: macd + hist + ,  Week: macd + hist + , Month: macd + hist + , 
code: APPS     day: macd + hist + ,  Week: macd - hist + , Month: macd - hist + , 
code: ROK      day: macd - hist - ,  Week: macd - hist - , Month: macd + hist - , 
code: NHTC     day: macd + hist - ,  Week: macd + hist + , Month: macd + hist + , 
code: ZYXI     day: macd - hist + ,  Week: macd - hist - , Month: macd + hist + , 
code: LIT      day: macd + hist - ,  Week: macd - hist + , Month: macd - hist - , 
code: LLY      day: macd + hist + ,  Week: macd + hist - , Month: macd + hist + , 
code: GTLB     day: macd + hist + ,  Week: macd - hist - , Month: macd - hist + , 
code: MCD      day: macd - hist - ,  Week: macd - hist - , Month: macd + hist - , 
code: MSI      day: macd + hist + ,  Week: macd + hist + , Month: macd + hist + , 
code: HCP      day: macd + hist - ,  Week: macd + hist + , Month: macd - hist + , 
code: ON       day: macd + hist + ,  Week: macd - hist + , Month: macd + hist - , 
==== MACD sell list ====
code: AAPL     day: macd + hist + ,  Week: macd + hist + , Month: macd + hist - , 
code: EL       day: macd - hist - , 
code: EL       day: macd - hist - ,  Week: macd - hist - , 
code: EL       day: macd - hist - ,  Week: macd - hist - , Month: macd - hist - , 
code: NEE      day: macd + hist - , 
code: AMD      day: macd + hist + ,  Week: macd + hist - , 
code: XLP      day: macd + hist - , 
code: KEYS     day: macd - hist - , 
code: KEYS     day: macd - hist - ,  Week: macd - hist - , 
code: KEYS     day: macd - hist - ,  Week: macd - hist - , Month: macd - hist - , 
code: VDC      day: macd + hist - , 
code: AXON     day: macd - hist - , 
code: AXON     day: macd - hist - ,  Week: macd + hist - , 
code: AWR      day: macd + hist - , 
code: AWR      day: macd + hist - ,  Week: macd - hist + , Month: macd - hist - , 
code: NXST     day: macd - hist - , 
code: NXST     day: macd - hist - ,  Week: macd + hist - , 
code: NXST     day: macd - hist - ,  Week: macd + hist - , Month: macd + hist - , 
code: TREX     day: macd - hist - , 
code: TREX     day: macd - hist - ,  Week: macd + hist - , 
code: RGEN     day: macd - hist - , 
code: RGEN     day: macd - hist - ,  Week: macd - hist - , 
code: EXPO     day: macd + hist - , 
code: BCPC     day: macd + hist - , 
code: NEO      day: macd - hist - , 
code: ROK      day: macd - hist - , 
code: ROK      day: macd - hist - ,  Week: macd - hist - , 
code: ROK      day: macd - hist - ,  Week: macd - hist - , Month: macd + hist - , 
code: NHTC     day: macd + hist - , 
code: ZYXI     day: macd - hist + ,  Week: macd - hist - , 
code: LIT      day: macd + hist - , 
code: LIT      day: macd + hist - ,  Week: macd - hist + , Month: macd - hist - , 
code: LLY      day: macd + hist + ,  Week: macd + hist - , 
code: GTLB     day: macd + hist + ,  Week: macd - hist - , 
code: MCD      day: macd - hist - , 
code: MCD      day: macd - hist - ,  Week: macd - hist - , 
code: MCD      day: macd - hist - ,  Week: macd - hist - , Month: macd + hist - , 
code: HCP      day: macd + hist - , 
code: ON       day: macd + hist + ,  Week: macd - hist + , Month: macd + hist - , 
===========================
profit
===========================
==== plus ====
AMD  , macd +, macd hist +, profit:  [46.13], per:  [38.37], now: [166.36], buy: [120.23]
XLP  , macd +, macd hist -, profit:   [4.52], per:   [6.23], now:   [77.1], buy:  [72.58]
SPXL , macd +, macd hist +, profit:     [5.], per:   [3.84], now: [135.23], buy: [130.23]
VDC  , macd +, macd hist -, profit:   [16.3], per:    [8.6], now: [205.83], buy: [189.53]
SPTM , macd +, macd hist +, profit:   [8.22], per:  [14.53], now:   [64.8], buy:  [56.58]
SPLG , macd +, macd hist +, profit:    [8.3], per:  [15.37], now:  [62.29], buy:  [53.99]
AXON , macd -, macd hist -, profit: [147.48], per: [106.75], now: [285.63], buy: [138.15]
FN   , macd +, macd hist +, profit: [129.21], per: [110.57], now: [246.07], buy: [116.86]
TREX , macd -, macd hist -, profit:   [18.3], per:  [26.14], now:   [88.3], buy:    [70.]
BCPC , macd +, macd hist -, profit:  [15.94], per:  [11.63], now: [153.02], buy: [137.08]
SOXL , macd +, macd hist +, profit:   [9.35], per:  [22.21], now:  [51.44], buy:  [42.09]
TECL , macd +, macd hist +, profit:  [24.33], per:  [40.06], now:  [85.07], buy:  [60.74]
NVMI , macd +, macd hist +, profit:  [98.96], per:  [86.31], now: [213.61], buy: [114.65]
NVDA , macd +, macd hist +, profit: [809.02], per: [316.43], now: [1064.69], buy: [255.67]
ZYXI , macd -, macd hist +, profit:   [4.16], per:  [65.41], now:  [10.52], buy:   [6.36]
LLY  , macd +, macd hist +, profit: [536.43], per: [197.94], now: [807.43], buy:   [271.]
GTLB , macd +, macd hist +, profit:   [2.41], per:   [4.57], now:  [55.17], buy:  [52.76]
MCD  , macd -, macd hist -, profit:   [4.65], per:   [1.83], now: [258.11], buy: [253.46]
MSI  , macd +, macd hist +, profit: [113.19], per:  [45.02], now:  [364.6], buy: [251.41]
ON   , macd +, macd hist +, profit:   [12.7], per:  [21.22], now:  [72.56], buy:  [59.86]
-
     plus  len:  20
     profit: [2014.6], per: [1143.04], per/len(p):  [57.15], per/len(p+m):  [30.89]
-
==== minus ====
AAPL , macd +, macd hist +, profit:       [], per:       [], now: [189.98], buy:       []
EL   , macd -, macd hist -, profit: [-213.69], per:  [-62.9], now: [126.06], buy: [339.75]
NEE  , macd +, macd hist -, profit:  [-8.72], per: [-10.22], now:  [76.61], buy:  [85.33]
APH  , macd +, macd hist +, profit:       [], per:       [], now: [136.24], buy:       []
KEYS , macd -, macd hist -, profit: [-42.01], per: [-22.58], now: [144.05], buy: [186.06]
CROX , macd +, macd hist +, profit:  [-28.5], per: [-16.06], now: [148.92], buy: [177.42]
AWR  , macd +, macd hist -, profit:       [], per:       [], now:  [74.09], buy:       []
NXST , macd -, macd hist -, profit:  [-4.25], per:  [-2.62], now: [158.25], buy:  [162.5]
RGEN , macd -, macd hist -, profit:  [-21.5], per: [-11.97], now: [158.16], buy: [179.66]
EXPO , macd +, macd hist -, profit:  [-4.83], per:  [-4.78], now:  [96.28], buy: [101.11]
NEO  , macd -, macd hist -, profit:   [-3.6], per: [-20.18], now:  [14.24], buy:  [17.84]
BBDC , macd +, macd hist +, profit:  [-0.65], per:  [-6.13], now:   [9.95], buy:   [10.6]
APPS , macd +, macd hist +, profit: [-41.53], per:  [-95.1], now:   [2.14], buy:  [43.67]
ROK  , macd -, macd hist -, profit: [-77.71], per: [-22.73], now: [264.18], buy: [341.89]
NHTC , macd +, macd hist -, profit:  [-0.18], per:  [-2.51], now:   [6.99], buy:   [7.17]
LIT  , macd +, macd hist -, profit: [-47.62], per: [-51.81], now:  [44.29], buy:  [91.91]
HCP  , macd +, macd hist -, profit: [-20.91], per: [-38.51], now:  [33.39], buy:   [54.3]
-
     minus len:  17
     profit:       [], per:       [], per/len(m):       [], per/len(p+m):       []
-
==== total ====
     profit:       [], per:       [], per/len(p+m):       []
arg[0]: scraping/yahoo-finace-api2.py, arg[1]: stock-code-list/up-month.txt
===========================
scraping
===========================
START:  A
END:    0.2931551933288574
-
START:  AAON
END:    0.5789279937744141
-
START:  AAPL
END:    0.8426609039306641
-
START:  ABG
END:    1.0695812702178955
-
START:  ABT
END:    1.3438754081726074
-
START:  ACLS
END:    1.570185661315918
-
START:  ACMR
END:    1.6819164752960205
-
START:  ACN
END:    1.9211854934692383
-
START:  ADBE
END:    2.1822900772094727
-
START:  ADI
END:    2.4805445671081543
-
START:  ADP
END:    2.7840452194213867
-
START:  ADSK
END:    3.0245819091796875
-
START:  ADUS
END:    3.186124801635742
-
START:  AEE
END:    3.442875862121582
-
START:  AGYS
END:    3.665339231491089
-
START:  AIZ
END:    3.9223930835723877
-
START:  AJG
END:    4.194970607757568
-
START:  AJRD
Not Found: No data found, symbol may be delisted
START:  ALB
END:    4.489723205566406
-
START:  ALG
END:    4.745182514190674
-
START:  ALGN
END:    5.02507758140564
-
START:  ALLE
END:    5.168598890304565
-
START:  ALTR
END:    5.27247166633606
-
START:  AMAT
END:    5.539334058761597
-
START:  AMBA
END:    5.697045803070068
-
START:  AMD
END:    5.927313804626465
-
START:  AME
END:    7.261921644210815
-
START:  AMED
END:    7.498826265335083
-
START:  AMEH
Not Found: No data found, symbol may be delisted
START:  AMGN
END:    7.809675455093384
-
START:  AMN
END:    8.025896310806274
-
START:  AMP
END:    8.283021211624146
-
START:  AMRC
END:    8.436423540115356
-
START:  AMSWA
END:    9.704522132873535
-
START:  AMTX
END:    9.971529245376587
-
START:  AMZN
END:    10.189992666244507
-
START:  AN
END:    10.393561124801636
-
START:  ANSS
END:    10.706965446472168
-
START:  ANTM
Not Found: No data found, symbol may be delisted
START:  AON
END:    12.071365356445312
-
START:  AOSL
END:    12.241133213043213
-
START:  APD
END:    12.491232872009277
-
START:  APH
END:    12.788104057312012
-
START:  APPF
END:    12.933401107788086
-
START:  APPN
END:    14.089119911193848
-
START:  APPS
END:    14.286587953567505
-
START:  AQN
END:    14.448125123977661
-
START:  ARCB
END:    14.718827724456787
-
START:  ARCT
END:    14.866036891937256
-
START:  ARES
END:    15.00590443611145
-
START:  ARGX
END:    15.099682807922363
-
START:  ARWR
END:    15.315052032470703
-
START:  ASML
END:    16.59035587310791
-
START:  ASPN
END:    16.715757608413696
-
START:  ATEC
END:    16.917653799057007
-
START:  ATEN
END:    17.048495531082153
-
START:  ATKR
END:    17.182454586029053
-
START:  ATOM
END:    17.2943913936615
-
START:  ATR
END:    17.585588693618774
-
START:  ATRC
END:    18.794332027435303
-
START:  AUDC
END:    19.011600255966187
-
START:  AUPH
END:    19.142776489257812
-
START:  AVAV
END:    19.368932485580444
-
START:  AVGO
END:    19.560707330703735
-
START:  AVID
Not Found: No data found, symbol may be delisted
START:  AVNW
END:    19.810983896255493
-
START:  AVXL
END:    20.014393091201782
-
START:  AVY
END:    21.340484619140625
-
START:  AWK
END:    21.55194330215454
-
START:  AWR
END:    21.806259393692017
-
START:  AXON
END:    22.02773141860962
-
START:  AZO
END:    22.24440836906433
-
START:  AZPN
END:    22.447477340698242
-
START:  BAH
END:    22.643961906433105
-
START:  BAM
END:    22.69644594192505
-
START:  BAX
END:    23.99883008003235
-
START:  BBH
END:    24.25606894493103
-
START:  BBQ
END:    24.491570234298706
-
START:  BBY
END:    24.737180709838867
-
START:  BCPC
END:    25.999605894088745
-
START:  BDX
END:    26.311357498168945
-
START:  BEEM
END:    26.4743754863739
-
START:  BFAM
END:    26.617225885391235
-
START:  BFC
END:    26.857179880142212
-
START:  BGFV
END:    28.14987587928772
-
START:  BGNE
END:    28.29302430152893
-
START:  BHVN
END:    28.353347063064575
-
START:  BIO
END:    28.623291015625
-
START:  BL
END:    28.754095554351807
-
START:  BLD
END:    28.881091356277466
-
START:  BLDP
END:    29.12952971458435
-
START:  BLDR
END:    29.318053483963013
-
START:  BLFS
END:    29.546178102493286
-
START:  BLK
END:    29.772501468658447
-
START:  BLL
Not Found: No data found, symbol may be delisted
START:  BLNK
END:    29.97304368019104
-
START:  BMI
END:    30.25186514854431
-
START:  BOOT
END:    30.396878957748413
-
START:  BOTZ
END:    30.508326053619385
-
START:  BR
END:    30.752061128616333
-
START:  BRKR
END:    30.969427824020386
-
START:  BRKS
Not Found: No data found, symbol may be delisted
START:  BRO
END:    31.243425846099854
-
START:  BURL
END:    31.38223099708557
-
START:  BX
END:    31.59031629562378
-
START:  CABO
END:    32.738999366760254
-
START:  CACI
END:    32.96114492416382
-
START:  CALX
END:    33.12615394592285
-
START:  CAMT
END:    33.361735820770264
-
START:  CAR
END:    33.62982153892517
-
START:  CBRE
END:    33.85831880569458
-
START:  CBSH
END:    34.16484713554382
-
START:  CBZ
END:    35.39321970939636
-
START:  CCOI
END:    35.653361797332764
-
START:  CCS
END:    35.7832887172699
-
START:  CDMO
END:    35.98133325576782
-
START:  CDNA
END:    36.10537886619568
-
START:  CDNS
END:    36.36723065376282
-
START:  CDW
END:    36.52571082115173
-
START:  CELH
END:    36.724398136138916
-
START:  CGNX
END:    36.964797496795654
-
START:  CHD
END:    37.22664999961853
-
START:  CHDN
END:    37.48448586463928
-
START:  CHE
END:    37.74375343322754
-
START:  CHGG
END:    37.87833833694458
-
START:  CHH
END:    38.14730954170227
-
START:  CHKP
END:    38.36452054977417
-
START:  CHTR
END:    38.565366983413696
-
START:  CIEN
END:    38.80985355377197
-
START:  CLAR
END:    39.04316020011902
-
START:  CLFD
END:    40.27181935310364
-
START:  CLGN
END:    40.365805864334106
-
START:  CLNE
END:    40.54128813743591
-
START:  CLPT
END:    40.69541263580322
-
START:  CLX
END:    40.99742913246155
-
START:  CMCSA
END:    42.29181623458862
-
START:  CMG
END:    42.49821972846985
-
START:  CMS
END:    42.74450874328613
-
START:  CNC
END:    42.97304344177246
-
START:  CNI
END:    43.25255227088928
-
START:  CNMD
END:    43.48238706588745
-
START:  CNS
END:    43.697407484054565
-
START:  CNXN
END:    43.935306549072266
-
START:  COO
END:    44.17408895492554
-
START:  COST
END:    44.435659646987915
-
START:  COUP
Not Found: No data found, symbol may be delisted
START:  COWN
Not Found: No data found, symbol may be delisted
START:  CP
END:    44.78411364555359
-
START:  CPK
END:    45.08089780807495
-
START:  CPRT
END:    45.29049777984619
-
START:  CPSH
END:    45.5040967464447
-
START:  CRAI
END:    45.74184489250183
-
START:  CREE
Not Found: No data found, symbol may be delisted
START:  CRL
END:    46.00913047790527
-
START:  CRM
END:    47.25793790817261
-
START:  CRMT
END:    47.4483060836792
-
START:  CROX
END:    47.66000723838806
-
START:  CRSP
END:    47.783448934555054
-
START:  CRVL
END:    49.00491499900818
-
START:  CSGP
END:    49.28367590904236
-
START:  CSL
END:    49.55076050758362
-
START:  CSWI
END:    50.71323370933533
-
START:  CSX
END:    50.96944189071655
-
START:  CTAS
END:    51.22117376327515
-
START:  CTLT
END:    51.340840339660645
-
START:  CTRN
END:    51.53364276885986
-
START:  CURE
END:    51.7214572429657
-
START:  CVCO
END:    51.94506478309631
-
START:  CVNA
END:    52.06123161315918
-
START:  CWST
END:    52.316789627075195
-
START:  CWT
END:    52.60920453071594
-
START:  CXSE
END:    52.7684051990509
-
START:  CYBR
END:    52.90464687347412
-
START:  CYRX
END:    54.13940978050232
-
START:  CYTK
END:    54.36946415901184
-
START:  DAC
END:    54.59515070915222
-
START:  DAR
END:    54.82561159133911
-
START:  DAVA
END:    55.916372776031494
-
START:  DDS
END:    56.1974720954895
-
START:  DE
END:    56.5023398399353
-
START:  DECK
END:    57.79689073562622
-
START:  DELL
END:    57.96689057350159
-
START:  DFIN
END:    58.0986008644104
-
START:  DG
END:    58.28042149543762
-
START:  DGRW
END:    58.434890270233154
-
START:  DHI
END:    58.694679260253906
-
START:  DHR
END:    60.003591537475586
-
START:  DIA
END:    61.300684690475464
-
START:  DIOD
END:    61.5242977142334
-
START:  DIS
END:    61.82366132736206
-
START:  DKS
END:    63.11231184005737
-
START:  DLN
END:    63.35849571228027
-
START:  DNLI
END:    64.48551869392395
-
START:  DOMO
END:    64.59873795509338
-
START:  DOV
END:    64.96249651908875
-
START:  DPZ
END:    65.21505618095398
-
START:  DQ
END:    65.3902759552002
-
START:  DRD
END:    65.62376236915588
-
START:  DRIO
END:    65.7586236000061
-
START:  DRNA
Not Found: No data found, symbol may be delisted
START:  DSGX
END:    66.05681109428406
-
START:  DVAX
END:    66.27168703079224
-
START:  DXCM
END:    66.47507691383362
-
START:  ECL
END:    66.73113989830017
-
START:  EFX
END:    66.99152755737305
-
START:  EGAN
END:    68.23391008377075
-
START:  EHC
END:    68.46645712852478
-
START:  EL
END:    68.72068428993225
-
START:  ENPH
END:    68.8907241821289
-
START:  ENSG
END:    70.14854454994202
-
START:  ENTG
END:    71.40125703811646
-
START:  ENV
END:    71.56305432319641
-
START:  EPAM
END:    71.70306062698364
-
START:  ERIE
END:    71.9922821521759
-
START:  ES
END:    72.28450560569763
-
START:  ESE
END:    72.7121410369873
-
START:  ETN
END:    73.02601885795593
-
START:  ETSY
END:    73.14203786849976
-
START:  EVBG
END:    73.26824021339417
-
START:  EVTC
END:    73.43644380569458
-
START:  EW
END:    73.6684513092041
-
START:  EWT
END:    73.89588499069214
-
START:  EXAS
END:    74.12652111053467
-
START:  EXLS
END:    75.34805345535278
-
START:  EXPD
END:    75.59484362602234
-
START:  EXPI
END:    75.6888153553009
-
START:  EXPO
END:    75.93975305557251
-
START:  FAST
END:    76.18334364891052
-
START:  FATE
END:    76.33201265335083
-
START:  FB
Not Found: No data found, symbol may be delisted
START:  FCN
END:    76.66305446624756
-
START:  FCX
END:    76.96895861625671
-
START:  FDN
END:    78.2017834186554
-
START:  FDS
END:    78.4625256061554
-
START:  FELE
END:    78.72376585006714
-
START:  FFIN
END:    79.00332832336426
-
START:  FICO
END:    79.25266242027283
-
START:  FINX
END:    79.35900831222534
-
START:  FIS
END:    80.61767268180847
-
START:  FISV
END:    80.67626118659973
-
START:  FIVE
END:    80.84142780303955
-
START:  FIVN
END:    80.97667479515076
-
START:  FLGT
END:    82.1051173210144
-
START:  FLT
Not Found: No data found, symbol may be delisted
START:  FLWS
END:    82.34774732589722
-
START:  FN
END:    83.53282499313354
-
START:  FND
END:    83.6369616985321
-
START:  FNV
END:    83.85317802429199
-
START:  FORM
END:    84.05941033363342
-
START:  FOXF
END:    85.22808313369751
-
START:  FPX
END:    85.4604504108429
-
START:  FRC
Not Found: No data found, symbol may be delisted
START:  FRHC
END:    85.5864634513855
-
START:  FRPT
END:    85.70494771003723
-
START:  FSS
END:    85.96423983573914
-
START:  FTNT
END:    86.1384117603302
-
START:  FUV
END:    87.25876212120056
-
START:  GDEN
END:    87.47810792922974
-
START:  GFI
END:    87.74593186378479
-
START:  GGG
END:    87.9952073097229
-
START:  GIB
END:    89.24925518035889
-
START:  GLDD
END:    90.47040319442749
-
START:  GLOB
END:    90.59535670280457
-
START:  GMAB
END:    90.75240397453308
-
START:  GME
END:    90.97064590454102
-
START:  GMED
END:    91.12786769866943
-
START:  GNRC
END:    92.32202863693237
-
START:  GNSS
END:    92.54186248779297
-
START:  GNTX
END:    92.78489089012146
-
START:  GOLF
END:    92.92151546478271
-
START:  GOOG
END:    93.14358258247375
-
START:  GOOGL
END:    93.36647844314575
-
START:  GPI
END:    93.61706686019897
-
START:  GPN
END:    93.87641763687134
-
START:  GRBK
END:    94.06970739364624
-
START:  GRMN
END:    94.3385157585144
-
START:  GRVY
END:    94.5399820804596
-
START:  GRWG
END:    94.64077711105347
-
START:  GWRE
END:    94.80351209640503
-
START:  HACK
END:    95.9516954421997
-
START:  HALO
END:    96.38400721549988
-
START:  HCI
END:    96.61009907722473
-
START:  HD
END:    96.87930345535278
-
START:  HEI
END:    97.17947006225586
-
START:  HELE
END:    97.42210221290588
-
START:  HIBB
END:    97.81952977180481
-
START:  HLI
END:    97.96305131912231
-
START:  HLT
END:    99.14927816390991
-
START:  HOLX
END:    99.37627458572388
-
START:  HON
END:    99.68719816207886
-
START:  HOV
END:    99.93243527412415
-
START:  HRC
Not Found: No data found, symbol may be delisted
START:  HRI
END:    101.16617560386658
-
START:  HSKA
Not Found: No data found, symbol may be delisted
START:  HTHT
END:    101.41420197486877
-
START:  HUBS
END:    101.57363772392273
-
START:  HUM
END:    101.85469317436218
-
START:  HZNP
END:    102.90865278244019
-
START:  IAC
END:    103.13678002357483
-
START:  IBP
END:    103.2904314994812
-
START:  ICE
END:    103.52758932113647
-
START:  ICLN
END:    103.7491946220398
-
START:  ICLR
END:    103.96229767799377
-
START:  IDT
END:    104.20623898506165
-
START:  IDXX
END:    104.42242646217346
-
START:  IESC
END:    104.61719274520874
-
START:  IEX
END:    104.89987540245056
-
START:  ILMN
END:    105.11733603477478
-
START:  INFO
Not Found: No data found, symbol may be delisted
START:  INOV
END:    105.2392909526825
-
START:  INSP
END:    105.35425090789795
-
START:  INTC
END:    105.63515663146973
-
START:  INTU
END:    105.86753749847412
-
START:  INTZ
END:    106.05586433410645
-
START:  INVE
END:    106.25425505638123
-
START:  IOO
END:    106.56289434432983
-
START:  IQV
END:    106.73724031448364
-
START:  IRDM
END:    106.91983079910278
-
START:  IRMD
END:    108.05672121047974
-
START:  ISEE
Not Found: No data found, symbol may be delisted
START:  ISRG
END:    108.33180403709412
-
START:  IT
END:    108.5392210483551
-
START:  ITT
END:    108.81707286834717
-
START:  ITW
END:    110.1803650856018
-
START:  IVOG
END:    110.36205267906189
-
START:  IVV
END:    110.65531134605408
-
START:  IXJ
END:    110.87687540054321
-
START:  IXN
END:    111.12786984443665
-
START:  J
END:    111.36453700065613
-
START:  JBL
END:    112.60779976844788
-
START:  JBSS
END:    112.88396167755127
-
START:  JD
END:    113.01584053039551
-
START:  JKHY
END:    113.30791974067688
-
START:  JKS
END:    113.49631333351135
-
START:  JNJ
END:    113.7744255065918
-
START:  JOE
END:    114.02535796165466
-
START:  JOUT
END:    114.26335597038269
-
START:  JYNT
END:    115.43300604820251
-
START:  KAI
END:    115.70072150230408
-
START:  KBH
END:    117.05620455741882
-
START:  KBR
END:    117.29549407958984
-
START:  KDMN
Not Found: No data found, symbol may be delisted
START:  KEYS
END:    117.4567403793335
-
START:  KLAC
END:    117.71158576011658
-
START:  KLIC
END:    117.92945718765259
-
START:  KMX
END:    118.20344352722168
-
START:  KNSL
END:    119.34456419944763
-
START:  KOPN
END:    119.56169819831848
-
START:  KOSS
END:    119.79375100135803
-
START:  KRNT
END:    119.95664715766907
-
START:  KSU
Not Found: No data found, symbol may be delisted
START:  KTOS
END:    120.23748445510864
-
START:  LAC
END:    120.27927041053772
-
START:  LAD
END:    120.53950953483582
-
START:  LANC
END:    120.81835269927979
-
START:  LAWS
Not Found: No data found, symbol may be delisted
START:  LDOS
END:    121.05259656906128
-
START:  LFMD
END:    121.22389078140259
-
START:  LGIH
END:    122.3599636554718
-
START:  LH
END:    122.60682153701782
-
START:  LHCG
Not Found: No data found, symbol may be delisted
START:  LHX
END:    122.92378783226013
-
START:  LII
END:    124.20441341400146
-
START:  LIN
END:    124.52070617675781
-
START:  LINC
END:    124.73578429222107
-
START:  LIT
END:    124.92599368095398
-
START:  LLY
END:    125.19799709320068
-
START:  LMT
END:    126.49029731750488
-
START:  LNT
END:    126.75797271728516
-
START:  LOB
END:    126.88843297958374
-
START:  LOGI
END:    128.11437511444092
-
START:  LOVE
END:    128.2100818157196
-
START:  LOW
END:    128.4586672782898
-
START:  LPLA
END:    128.64249753952026
-
START:  LPSN
END:    129.87566947937012
-
START:  LQDT
END:    130.1258728504181
-
START:  LRCX
END:    131.3918113708496
-
START:  LSCC
END:    131.60660338401794
-
START:  LSTR
END:    131.85712385177612
-
START:  LULU
END:    132.0800976753235
-
START:  LUNA
END:    132.2696828842163
-
START:  MA
END:    132.51832246780396
-
START:  MANH
END:    132.7338297367096
-
START:  MANT
Not Found: No data found, symbol may be delisted
START:  MARA
END:    132.9168894290924
-
START:  MASI
END:    133.1046552658081
-
START:  MATX
END:    133.36443948745728
-
START:  MBUU
END:    133.49484729766846
-
START:  MCD
END:    133.79209995269775
-
START:  MCHP
END:    134.0209996700287
-
START:  MCO
END:    135.28395676612854
-
START:  MDB
END:    135.39682030677795
-
START:  MDT
END:    135.70313000679016
-
START:  MEDP
END:    135.83424162864685
-
START:  MEDS
END:    136.99597120285034
-
START:  MELI
END:    138.21607398986816
-
START:  MGC
END:    138.45559525489807
-
START:  MGIC
END:    138.6954402923584
-
START:  MGK
END:    139.96736764907837
-
START:  MGNI
END:    140.09847688674927
-
START:  MHO
END:    140.33499002456665
-
START:  MIME
Not Found: No data found, symbol may be delisted
START:  MITK
END:    140.61477613449097
-
START:  MKC
END:    140.89100670814514
-
START:  MKSI
END:    141.10056376457214
-
START:  MKTX
END:    141.36429619789124
-
START:  MLAB
END:    142.6390142440796
-
START:  MLR
END:    142.86968755722046
-
START:  MMC
END:    143.15668368339539
-
START:  MMS
END:    143.40699744224548
-
START:  MNMD
END:    143.5101888179779
-
START:  MNST
END:    143.73186993598938
-
START:  MODN
END:    143.86758399009705
-
START:  MODV
END:    145.13781142234802
-
START:  MOH
END:    145.35139441490173
-
START:  MORN
END:    145.56865978240967
-
START:  MPWR
END:    147.02522611618042
-
START:  MRTX
Not Found: No data found, symbol may be delisted
START:  MRVL
END:    147.29940557479858
-
START:  MS
END:    147.57446122169495
-
START:  MSA
END:    147.85672163963318
-
START:  MSCI
END:    148.05475997924805
-
START:  MSEX
END:    148.30634832382202
-
START:  MSFT
END:    148.551025390625
-
START:  MSI
END:    148.88634037971497
-
START:  MSTR
END:    150.11675596237183
-
START:  MTBC
Not Found: No data found, symbol may be delisted
START:  MTCH
END:    150.38572812080383
-
START:  MTD
END:    150.59976410865784
-
START:  MTEX
END:    150.8551540374756
-
START:  MTH
END:    152.09364128112793
-
START:  MTLS
END:    152.2422513961792
-
START:  MTSI
END:    152.39396691322327
-
START:  MU
END:    152.69513630867004
-
START:  MUSA
END:    152.8433039188385
-
START:  MVIS
END:    154.06359267234802
-
START:  MXL
END:    154.2111451625824
-
START:  MYRG
END:    154.38258719444275
-
START:  NBIX
END:    154.5978844165802
-
START:  NCBS
Not Found: No data found, symbol may be delisted
START:  NDAQ
END:    155.85944986343384
-
START:  NDSN
END:    157.1526951789856
-
START:  NEE
END:    157.4533236026764
-
START:  NEO
END:    157.6500084400177
-
START:  NEOG
END:    157.8756811618805
-
START:  NFLX
END:    159.11699891090393
-
START:  NICE
END:    159.38274812698364
-
START:  NISN
END:    159.49174189567566
-
START:  NKE
END:    159.7720353603363
-
START:  NOVT
END:    161.03719091415405
-
START:  NOW
END:    161.1969723701477
-
START:  NSC
END:    161.5902557373047
-
START:  NSIT
END:    162.8069498538971
-
START:  NSSC
END:    164.0455071926117
-
START:  NSTG
END:    164.17182564735413
-
START:  NTLA
END:    164.28618955612183
-
START:  NTRA
END:    164.4192283153534
-
START:  NUAN
Not Found: No data found, symbol may be delisted
START:  NVCR
END:    164.5989911556244
-
START:  NVDA
END:    164.8471622467041
-
START:  NVMI
END:    166.10573554039001
-
START:  NVO
END:    166.40147805213928
-
START:  NVR
END:    166.62541365623474
-
START:  NXST
END:    166.86786723136902
-
START:  NYT
END:    168.16731786727905
-
START:  OBCI
Not Found: No data found, symbol may be delisted
START:  ODFL
END:    168.42967700958252
-
START:  OEF
END:    169.72432494163513
-
START:  OFLX
END:    169.93283438682556
-
START:  OLED
END:    171.1768491268158
-
START:  OMCL
END:    171.39583730697632
-
START:  ON
END:    171.60341811180115
-
START:  OOMA
END:    171.73517298698425
-
START:  OPRX
END:    171.9128062725067
-
START:  ORA
END:    172.1676983833313
-
START:  ORCL
END:    172.41713094711304
-
START:  ORLY
END:    173.65440845489502
-
START:  ORMP
END:    173.8616008758545
-
START:  OTEX
END:    174.0838565826416
-
START:  PACB
END:    174.2395646572113
-
START:  PAG
END:    175.4840521812439
-
START:  PANW
END:    176.67113757133484
-
START:  PAR
END:    176.93445539474487
-
START:  PAYC
END:    178.1248607635498
-
START:  PAYX
END:    178.3844313621521
-
START:  PBD
END:    178.59074020385742
-
START:  PCTY
END:    178.73028540611267
-
START:  PEGA
END:    178.9823727607727
-
START:  PEN
END:    179.0947630405426
-
START:  PENN
END:    179.3030252456665
-
START:  PEP
END:    180.60798287391663
-
START:  PERI
END:    180.86048793792725
-
START:  PFSI
END:    181.00360941886902
-
START:  PGR
END:    181.2778298854828
-
START:  PH
END:    182.5745143890381
-
START:  PHM
END:    183.93114399909973
-
START:  PKI
Not Found: No data found, symbol may be delisted
START:  PLL
END:    184.07903695106506
-
START:  PLNT
END:    185.24672269821167
-
START:  PLUG
END:    185.4555218219757
-
START:  PLXS
END:    185.69916200637817
-
START:  PODD
END:    185.90414690971375
-
START:  POOL
END:    186.15097284317017
-
START:  POWI
END:    186.40727615356445
-
START:  PRFT
END:    187.6371796131134
-
START:  PRI
END:    187.8743131160736
-
START:  PRTA
END:    188.02770352363586
-
START:  PRTS
END:    188.22339153289795
-
START:  PTSI
END:    189.45300388336182
-
START:  PWR
END:    189.70392203330994
-
START:  PYPL
END:    190.84026288986206
-
START:  QADA
Not Found: No data found, symbol may be delisted
START:  QCLN
END:    192.08232808113098
-
START:  QDEL
END:    192.288959980011
-
START:  QGEN
END:    193.5352907180786
-
START:  QLYS
END:    193.69087600708008
-
START:  QQQ
END:    193.96237802505493
-
START:  QRVO
END:    194.0942668914795
-
START:  QTWO
END:    194.20981454849243
-
START:  RADA
Not Found: No data found, symbol may be delisted
START:  RAMP
END:    194.4515426158905
-
START:  RBA
END:    194.70716285705566
-
START:  RCII
Not Found: No data found, symbol may be delisted
START:  RCKY
END:    195.0593957901001
-
START:  RDNT
END:    195.2787880897522
-
START:  RDVT
END:    196.4258964061737
-
START:  RDWR
END:    197.64898896217346
-
START:  REGI
END:    197.8003649711609
-
START:  RENN
Not Found: No data found, symbol may be delisted
START:  RGEN
END:    199.04069066047668
-
START:  RH
END:    200.20281457901
-
START:  RILY
END:    201.3933379650116
-
START:  RIOT
END:    201.52200841903687
-
START:  RLI
END:    201.79607343673706
-
START:  RLMD
END:    201.92970061302185
-
START:  RMD
END:    202.1805715560913
-
START:  RNG
END:    202.31057405471802
-
START:  ROBO
END:    202.47637248039246
-
START:  ROCK
END:    202.69550442695618
-
START:  ROK
END:    202.97353315353394
-
START:  ROKU
END:    203.06853246688843
-
START:  ROL
END:    203.31760239601135
-
START:  ROP
END:    204.6027295589447
-
START:  ROST
END:    204.85025095939636
-
START:  RPD
END:    204.98587584495544
-
START:  RPM
END:    205.2588653564453
-
START:  RSG
END:    205.5354130268097
-
START:  RTH
END:    205.77867341041565
-
START:  RUN
END:    205.89204692840576
-
START:  RXI
END:    206.16904282569885
-
START:  SAIA
END:    206.39615082740784
-
START:  SAIC
END:    206.55393409729004
-
START:  SAM
END:    206.79333686828613
-
START:  SAVA
END:    207.02526307106018
-
START:  SCI
END:    208.3120472431183
-
START:  SCL
END:    208.59028720855713
-
START:  SE
END:    208.72183918952942
-
START:  SEAS
Not Found: No data found, symbol may be delisted
START:  SEDG
END:    208.8825557231903
-
START:  SFBS
END:    209.02561140060425
-
START:  SGEN
Not Found: No data found, symbol may be delisted
START:  SGMS
Not Found: No data found, symbol may be delisted
START:  SGRY
END:    212.27214527130127
-
START:  SHOP
END:    212.42436289787292
-
START:  SHW
END:    212.70061540603638
-
START:  SHYF
END:    212.98809576034546
-
START:  SITE
END:    213.15513396263123
-
START:  SIVB
END:    213.20414757728577
-
START:  SJW
END:    213.5480444431305
-
START:  SKY
END:    213.81938576698303
-
START:  SLAB
END:    214.06074690818787
-
START:  SLP
END:    215.32138299942017
-
START:  SMH
END:    215.55897903442383
-
START:  SMTC
END:    215.78879928588867
-
START:  SNAP
END:    215.921541929245
-
START:  SNPS
END:    216.11807489395142
-
START:  SOCL
END:    216.2906529903412
-
START:  SOXL
END:    216.48713994026184
-
START:  SPGI
END:    216.75127744674683
-
START:  SPLG
END:    216.9980981349945
-
START:  SPLK
Not Found: No data found, symbol may be delisted
START:  SPNS
END:    219.3405556678772
-
START:  SPSC
END:    219.50824642181396
-
START:  SPTM
END:    219.77162742614746
-
START:  SPWH
END:    219.92301106452942
-
START:  SPWR
END:    220.1199128627777
-
START:  SPXC
END:    220.39204120635986
-
START:  SPXL
END:    220.61195611953735
-
START:  SPY
END:    220.89099407196045
-
START:  SPYG
END:    221.12917757034302
-
START:  SQ
END:    221.24851036071777
-
START:  SSD
END:    221.50007939338684
-
START:  SSNC
END:    221.6659255027771
-
START:  SSTK
END:    221.80197930335999
-
START:  STAA
END:    222.0268156528473
-
START:  STE
END:    222.2652997970581
-
START:  SUSA
END:    223.52317643165588
-
START:  SYK
END:    223.7593777179718
-
START:  SYNA
END:    225.01490187644958
-
START:  TBBK
END:    225.21470665931702
-
START:  TBK
Not Found: No data found, symbol may be delisted
START:  TDG
END:    225.47537207603455
-
START:  TDOC
END:    225.61666345596313
-
START:  TDY
END:    226.8701515197754
-
START:  TEAM
END:    227.00194454193115
-
START:  TECH
END:    227.25885653495789
-
START:  TECL
END:    227.46318745613098
-
START:  TER
END:    227.7042338848114
-
START:  TFX
END:    228.0051498413086
-
START:  TGH
Not Found: No data found, symbol may be delisted
START:  TGLS
END:    228.19557738304138
-
START:  TGT
END:    228.48077511787415
-
START:  TGTX
END:    228.6306610107422
-
START:  THC
END:    228.86736679077148
-
START:  TJX
END:    229.12112092971802
-
START:  TMO
END:    229.36782383918762
-
START:  TMUS
END:    230.598060131073
-
START:  TNDM
END:    230.74178981781006
-
START:  TNET
END:    230.88916778564453
-
START:  TPX
END:    231.12555813789368
-
START:  TREX
END:    231.33126735687256
-
START:  TRI
END:    231.5830421447754
-
START:  TRIL
Not Found: No data found, symbol may be delisted
START:  TRMB
END:    231.8366515636444
-
START:  TRNS
END:    232.0424153804779
-
START:  TROW
END:    232.32348084449768
-
START:  TRU
END:    232.45098543167114
-
START:  TRUP
END:    232.57401943206787
-
START:  TSCO
END:    232.8190290927887
-
START:  TSLA
END:    232.98559856414795
-
START:  TSM
END:    233.21961903572083
-
START:  TT
END:    233.50079870224
-
START:  TTC
END:    233.75753045082092
-
START:  TTD
END:    233.90234756469727
-
START:  TTEC
END:    234.13034510612488
-
START:  TTEK
END:    235.41387677192688
-
START:  TTGT
END:    235.6193175315857
-
START:  TTWO
END:    235.8160696029663
-
START:  TWLO
END:    235.95433378219604
-
START:  TXN
END:    236.2573435306549
-
START:  TYL
END:    236.5038182735443
-
START:  UCTT
END:    236.72032976150513
-
START:  UFPI
END:    237.0004620552063
-
START:  UFPT
END:    238.26991367340088
-
START:  UI
END:    238.42397165298462
-
START:  UMC
END:    238.63776421546936
-
START:  UNF
END:    238.90246629714966
-
START:  UNH
END:    239.18617033958435
-
START:  UNP
END:    239.46837735176086
-
START:  UPLD
END:    239.59630799293518
-
START:  URI
END:    240.85318112373352
-
START:  V
END:    241.07376265525818
-
START:  VALU
END:    241.33944749832153
-
START:  VBK
END:    242.5925052165985
-
START:  VCEL
END:    242.8047800064087
-
START:  VCR
END:    243.04827785491943
-
START:  VCTR
END:    243.1440315246582
-
START:  VCYT
END:    243.26593255996704
-
START:  VDC
END:    243.52268981933594
-
START:  VEEV
END:    243.65569019317627
-
START:  VERU
END:    243.86848092079163
-
START:  VGT
END:    245.10623979568481
-
START:  VHT
END:    245.36911487579346
-
START:  VIAV
END:    245.58520340919495
-
START:  VICR
END:    245.8063976764679
-
START:  VIG
END:    246.0215253829956
-
START:  VO
END:    246.2629156112671
-
START:  VONE
END:    246.44820618629456
-
START:  VONG
END:    247.67483377456665
-
START:  VOO
END:    247.85939168930054
-
START:  VOOG
END:    248.03707337379456
-
START:  VOOV
END:    248.2421157360077
-
START:  VOT
END:    248.46353483200073
-
START:  VPU
END:    248.73006582260132
-
START:  VRNS
END:    248.8636953830719
-
START:  VRSK
END:    250.05274271965027
-
START:  VRSN
END:    250.28426599502563
-
START:  VRTV
Not Found: No data found, symbol may be delisted
START:  VSTO
END:    250.43886375427246
-
START:  VTHR
END:    250.62228965759277
-
START:  VTI
END:    250.88733220100403
-
START:  VTNR
END:    251.0869481563568
-
START:  VTWG
END:    251.2657814025879
-
START:  VUG
END:    251.50913667678833
-
START:  VV
END:    252.79595613479614
-
START:  VXF
END:    253.02081632614136
-
START:  WCN
END:    253.2679259777069
-
START:  WD
END:    253.45333170890808
-
START:  WDAY
END:    253.63961672782898
-
START:  WDFC
END:    254.91131949424744
-
START:  WEC
END:    255.15918016433716
-
START:  WEN
END:    255.3862476348877
-
START:  WINA
END:    255.62539148330688
-
START:  WING
END:    256.772988319397
-
START:  WIRE
END:    258.0681953430176
-
START:  WIX
END:    258.21765398979187
-
START:  WK
END:    258.35500168800354
-
START:  WLTW
Not Found: No data found, symbol may be delisted
START:  WM
END:    258.6329333782196
-
START:  WMS
END:    258.79335379600525
-
START:  WNS
END:    260.0271921157837
-
START:  WRB
END:    260.29825735092163
-
START:  WSC
END:    260.43963861465454
-
START:  WSM
END:    260.7008159160614
-
START:  WST
END:    260.9834804534912
-
START:  WTRG
END:    262.3215551376343
-
START:  WTS
END:    262.6413435935974
-
START:  XEL
END:    263.965993642807
-
START:  XENE
END:    265.1491496562958
-
START:  XLK
END:    265.64724802970886
-
START:  XLNX
Not Found: No data found, symbol may be delisted
START:  XLP
END:    266.0104842185974
-
START:  XLRN
Not Found: No data found, symbol may be delisted
START:  XLU
END:    267.3102560043335
-
START:  XLV
END:    267.6089370250702
-
START:  XLY
END:    267.86838483810425
-
START:  XYL
END:    268.02806663513184
-
START:  YNDX
END:    268.1936192512512
-
START:  YORW
END:    268.44520807266235
-
START:  YUM
END:    268.71688199043274
-
START:  Z
END:    268.82911372184753
-
START:  ZBRA
END:    269.0312511920929
-
START:  ZEN
Not Found: No data found, symbol may be delisted
START:  ZLAB
END:    269.19868874549866
-
START:  ZNGA
Not Found: No data found, symbol may be delisted
START:  ZS
END:    269.3503324985504
-
START:  ZTS
END:    269.55576968193054
-
START:  ZYXI
END:    270.80767154693604
-
===========================
MACD golden cross
===========================
START:  code
START:  A
START:  AAON
START:  AAPL
START:  ABG
START:  ABT
START:  ACLS
START:  ACMR
START:  ACN
START:  ADBE
START:  ADI
START:  ADP
START:  ADSK
START:  ADUS
START:  AEE
START:  AGYS
START:  AIZ
START:  AJG
START:  AJRD
START:  ALB
START:  ALG
START:  ALGN
START:  ALLE
START:  ALTR
START:  AMAT
START:  AMBA
START:  AMD
START:  AME
START:  AMED
START:  AMEH
START:  AMGN
START:  AMN
START:  AMP
START:  AMRC
START:  AMSWA
START:  AMTX
START:  AMZN
START:  AN
START:  ANSS
START:  ANTM
START:  AON
START:  AOSL
START:  APD
START:  APH
START:  APPF
START:  APPN
START:  APPS
START:  AQN
START:  ARCB
START:  ARCT
START:  ARES
START:  ARGX
START:  ARWR
START:  ASML
START:  ASPN
START:  ATEC
START:  ATEN
START:  ATKR
START:  ATOM
START:  ATR
START:  ATRC
START:  AUDC
START:  AUPH
START:  AVAV
START:  AVGO
START:  AVID
START:  AVNW
START:  AVXL
START:  AVY
START:  AWK
START:  AWR
START:  AXON
START:  AZO
START:  AZPN
START:  BAH
START:  BAM
START:  BAX
START:  BBH
START:  BBQ
START:  BBY
START:  BCPC
START:  BDX
START:  BEEM
START:  BFAM
START:  BFC
START:  BGFV
START:  BGNE
START:  BHVN
START:  BIO
START:  BL
START:  BLD
START:  BLDP
START:  BLDR
START:  BLFS
START:  BLK
START:  BLL
START:  BLNK
START:  BMI
START:  BOOT
START:  BOTZ
START:  BR
START:  BRKR
START:  BRKS
START:  BRO
START:  BURL
START:  BX
START:  CABO
START:  CACI
START:  CALX
START:  CAMT
START:  CAR
START:  CBRE
START:  CBSH
START:  CBZ
START:  CCOI
START:  CCS
START:  CDMO
START:  CDNA
START:  CDNS
START:  CDW
START:  CELH
START:  CGNX
START:  CHD
START:  CHDN
START:  CHE
START:  CHGG
START:  CHH
START:  CHKP
START:  CHTR
START:  CIEN
START:  CLAR
START:  CLFD
START:  CLGN
START:  CLNE
START:  CLPT
START:  CLX
START:  CMCSA
START:  CMG
START:  CMS
START:  CNC
START:  CNI
START:  CNMD
START:  CNS
START:  CNXN
START:  COO
START:  COST
START:  COUP
START:  COWN
START:  CP
START:  CPK
START:  CPRT
START:  CPSH
START:  CRAI
START:  CREE
START:  CRL
START:  CRM
START:  CRMT
START:  CROX
START:  CRSP
START:  CRVL
START:  CSGP
START:  CSL
START:  CSWI
START:  CSX
START:  CTAS
START:  CTLT
START:  CTRN
START:  CURE
START:  CVCO
START:  CVNA
START:  CWST
START:  CWT
START:  CXSE
START:  CYBR
START:  CYRX
START:  CYTK
START:  DAC
START:  DAR
START:  DAVA
START:  DDS
START:  DE
START:  DECK
START:  DELL
START:  DFIN
START:  DG
START:  DGRW
START:  DHI
START:  DHR
START:  DIA
START:  DIOD
START:  DIS
START:  DKS
START:  DLN
START:  DNLI
START:  DOMO
START:  DOV
START:  DPZ
START:  DQ
START:  DRD
START:  DRIO
START:  DRNA
START:  DSGX
START:  DVAX
START:  DXCM
START:  ECL
START:  EFX
START:  EGAN
START:  EHC
START:  EL
START:  ENPH
START:  ENSG
START:  ENTG
START:  ENV
START:  EPAM
START:  ERIE
START:  ES
START:  ESE
START:  ETN
START:  ETSY
START:  EVBG
START:  EVTC
START:  EW
START:  EWT
START:  EXAS
START:  EXLS
START:  EXPD
START:  EXPI
START:  EXPO
START:  FAST
START:  FATE
START:  FB
START:  FCN
START:  FCX
START:  FDN
START:  FDS
START:  FELE
START:  FFIN
START:  FICO
START:  FINX
START:  FIS
START:  FISV
START:  FIVE
START:  FIVN
START:  FLGT
START:  FLT
START:  FLWS
START:  FN
START:  FND
START:  FNV
START:  FORM
START:  FOXF
START:  FPX
START:  FRC
START:  FRHC
START:  FRPT
START:  FSS
START:  FTNT
START:  FUV
START:  GDEN
START:  GFI
START:  GGG
START:  GIB
START:  GLDD
START:  GLOB
START:  GMAB
START:  GME
START:  GMED
START:  GNRC
START:  GNSS
START:  GNTX
START:  GOLF
START:  GOOG
START:  GOOGL
START:  GPI
START:  GPN
START:  GRBK
START:  GRMN
START:  GRVY
START:  GRWG
START:  GWRE
START:  HACK
START:  HALO
START:  HCI
START:  HD
START:  HEI
START:  HELE
START:  HIBB
START:  HLI
START:  HLT
START:  HOLX
START:  HON
START:  HOV
START:  HRC
START:  HRI
START:  HSKA
START:  HTHT
START:  HUBS
START:  HUM
START:  HZNP
START:  IAC
START:  IBP
START:  ICE
START:  ICLN
START:  ICLR
START:  IDT
START:  IDXX
START:  IESC
START:  IEX
START:  ILMN
START:  INFO
START:  INOV
START:  INSP
START:  INTC
START:  INTU
START:  INTZ
START:  INVE
START:  IOO
START:  IQV
START:  IRDM
START:  IRMD
START:  ISEE
START:  ISRG
START:  IT
START:  ITT
START:  ITW
START:  IVOG
START:  IVV
START:  IXJ
START:  IXN
START:  J
START:  JBL
START:  JBSS
START:  JD
START:  JKHY
START:  JKS
START:  JNJ
START:  JOE
START:  JOUT
START:  JYNT
START:  KAI
START:  KBH
START:  KBR
START:  KDMN
START:  KEYS
START:  KLAC
START:  KLIC
START:  KMX
START:  KNSL
START:  KOPN
START:  KOSS
START:  KRNT
START:  KSU
START:  KTOS
START:  LAC
START:  LAD
START:  LANC
START:  LAWS
START:  LDOS
START:  LFMD
START:  LGIH
START:  LH
START:  LHCG
START:  LHX
START:  LII
START:  LIN
START:  LINC
START:  LIT
START:  LLY
START:  LMT
START:  LNT
START:  LOB
START:  LOGI
START:  LOVE
START:  LOW
START:  LPLA
START:  LPSN
START:  LQDT
START:  LRCX
START:  LSCC
START:  LSTR
START:  LULU
START:  LUNA
START:  MA
START:  MANH
START:  MANT
START:  MARA
START:  MASI
START:  MATX
START:  MBUU
START:  MCD
START:  MCHP
START:  MCO
START:  MDB
START:  MDT
START:  MEDP
START:  MEDS
START:  MELI
START:  MGC
START:  MGIC
START:  MGK
START:  MGNI
START:  MHO
START:  MIME
START:  MITK
START:  MKC
START:  MKSI
START:  MKTX
START:  MLAB
START:  MLR
START:  MMC
START:  MMS
START:  MNMD
START:  MNST
START:  MODN
START:  MODV
START:  MOH
START:  MORN
START:  MPWR
START:  MRTX
START:  MRVL
START:  MS
START:  MSA
START:  MSCI
START:  MSEX
START:  MSFT
START:  MSI
START:  MSTR
START:  MTBC
START:  MTCH
START:  MTD
START:  MTEX
START:  MTH
START:  MTLS
START:  MTSI
START:  MU
START:  MUSA
START:  MVIS
START:  MXL
START:  MYRG
START:  NBIX
START:  NCBS
START:  NDAQ
START:  NDSN
START:  NEE
START:  NEO
START:  NEOG
START:  NFLX
START:  NICE
START:  NISN
START:  NKE
START:  NOVT
START:  NOW
START:  NSC
START:  NSIT
START:  NSSC
START:  NSTG
START:  NTLA
START:  NTRA
START:  NUAN
START:  NVCR
START:  NVDA
START:  NVMI
START:  NVO
START:  NVR
START:  NXST
START:  NYT
START:  OBCI
START:  ODFL
START:  OEF
START:  OFLX
START:  OLED
START:  OMCL
START:  ON
START:  OOMA
START:  OPRX
START:  ORA
START:  ORCL
START:  ORLY
START:  ORMP
START:  OTEX
START:  PACB
START:  PAG
START:  PANW
START:  PAR
START:  PAYC
START:  PAYX
START:  PBD
START:  PCTY
START:  PEGA
START:  PEN
START:  PENN
START:  PEP
START:  PERI
START:  PFSI
START:  PGR
START:  PH
START:  PHM
START:  PKI
START:  PLL
START:  PLNT
START:  PLUG
START:  PLXS
START:  PODD
START:  POOL
START:  POWI
START:  PRFT
START:  PRI
START:  PRTA
START:  PRTS
START:  PTSI
START:  PWR
START:  PYPL
START:  QADA
START:  QCLN
START:  QDEL
START:  QGEN
START:  QLYS
START:  QQQ
START:  QRVO
START:  QTWO
START:  RADA
START:  RAMP
START:  RBA
START:  RCII
START:  RCKY
START:  RDNT
START:  RDVT
START:  RDWR
START:  REGI
START:  RENN
START:  RGEN
START:  RH
START:  RILY
START:  RIOT
START:  RLI
START:  RLMD
START:  RMD
START:  RNG
START:  ROBO
START:  ROCK
START:  ROK
START:  ROKU
START:  ROL
START:  ROP
START:  ROST
START:  RPD
START:  RPM
START:  RSG
START:  RTH
START:  RUN
START:  RXI
START:  SAIA
START:  SAIC
START:  SAM
START:  SAVA
START:  SCI
START:  SCL
START:  SE
START:  SEAS
START:  SEDG
START:  SFBS
START:  SGEN
START:  SGMS
START:  SGRY
START:  SHOP
START:  SHW
START:  SHYF
START:  SITE
START:  SIVB
START:  SJW
START:  SKY
START:  SLAB
START:  SLP
START:  SMH
START:  SMTC
START:  SNAP
START:  SNPS
START:  SOCL
START:  SOXL
START:  SPGI
START:  SPLG
START:  SPLK
START:  SPNS
START:  SPSC
START:  SPTM
START:  SPWH
START:  SPWR
START:  SPXC
START:  SPXL
START:  SPY
START:  SPYG
START:  SQ
START:  SSD
START:  SSNC
START:  SSTK
START:  STAA
START:  STE
START:  SUSA
START:  SYK
START:  SYNA
START:  TBBK
START:  TBK
START:  TDG
START:  TDOC
START:  TDY
START:  TEAM
START:  TECH
START:  TECL
START:  TER
START:  TFX
START:  TGH
START:  TGLS
START:  TGT
START:  TGTX
START:  THC
START:  TJX
START:  TMO
START:  TMUS
START:  TNDM
START:  TNET
START:  TPX
START:  TREX
START:  TRI
START:  TRIL
START:  TRMB
START:  TRNS
START:  TROW
START:  TRU
START:  TRUP
START:  TSCO
START:  TSLA
START:  TSM
START:  TT
START:  TTC
START:  TTD
START:  TTEC
START:  TTEK
START:  TTGT
START:  TTWO
START:  TWLO
START:  TXN
START:  TYL
START:  UCTT
START:  UFPI
START:  UFPT
START:  UI
START:  UMC
START:  UNF
START:  UNH
START:  UNP
START:  UPLD
START:  URI
START:  V
START:  VALU
START:  VBK
START:  VCEL
START:  VCR
START:  VCTR
START:  VCYT
START:  VDC
START:  VEEV
START:  VERU
START:  VGT
START:  VHT
START:  VIAV
START:  VICR
START:  VIG
START:  VO
START:  VONE
START:  VONG
START:  VOO
START:  VOOG
START:  VOOV
START:  VOT
START:  VPU
START:  VRNS
START:  VRSK
START:  VRSN
START:  VRTV
START:  VSTO
START:  VTHR
START:  VTI
START:  VTNR
START:  VTWG
START:  VUG
START:  VV
START:  VXF
START:  WCN
START:  WD
START:  WDAY
START:  WDFC
START:  WEC
START:  WEN
START:  WINA
START:  WING
START:  WIRE
START:  WIX
START:  WK
START:  WLTW
START:  WM
START:  WMS
START:  WNS
START:  WRB
START:  WSC
START:  WSM
START:  WST
START:  WTRG
START:  WTS
START:  XEL
START:  XENE
START:  XLK
START:  XLNX
START:  XLP
START:  XLRN
START:  XLU
START:  XLV
START:  XLY
START:  XYL
START:  YNDX
START:  YORW
START:  YUM
START:  Z
START:  ZBRA
START:  ZEN
START:  ZLAB
START:  ZNGA
START:  ZS
START:  ZTS
START:  ZYXI
==== MACD golden cross ====
None
code: AMAT     day: macd + hist + hist_1pre + ,  Week: macd + hist + hist_1pre - , Month: macd + hist + hist_1pre + , 
Trade --> code: AMAT   BUY: 2006-10-31   17.39 SELL: 2008-09-30   15.13  macd:   -0.19 macd_count:  23 profit:  0.87
Trade --> code: AMAT   BUY: 2011-02-28   16.43 SELL: 2011-08-31   11.32  macd:   -0.11 macd_count:   6 profit:  0.69
Trade --> code: AMAT   BUY: 2013-04-30   14.51 SELL: 2015-10-31   16.77  macd:   -0.15 macd_count:  30 profit:  1.16
Trade --> code: AMAT   BUY: 2016-03-31   21.18 SELL: 2019-02-28   38.34  macd:   -0.15 macd_count:  35 profit:  1.81
Trade --> code: AMAT   BUY: 2019-04-30   44.07 SELL: 2019-05-31   38.69  macd:   -0.15 macd_count:   1 profit:  0.88
Trade --> code: AMAT   BUY: 2019-06-30   44.91 SELL: 2022-12-31   97.38  macd:   -0.27 macd_count:  42 profit:  2.17
Trade --> code: AMAT   BUY: 2023-01-31  111.49 SELL: 2024-05-31  220.89  macd:   22.05 macd_count:  17 profit:  1.98

code: AMP      day: macd + hist + hist_1pre + ,  Week: macd + hist + hist_1pre - , Month: macd + hist + hist_1pre + , 
Trade --> code: AMP    BUY: 2008-01-31   55.31 SELL: 2008-07-31   42.50  macd:   -0.22 macd_count:   6 profit:  0.77
Trade --> code: AMP    BUY: 2010-04-30   46.36 SELL: 2016-02-29   83.95  macd:   -1.14 macd_count:  70 profit:  1.81
Trade --> code: AMP    BUY: 2017-02-28  131.50 SELL: 2019-01-31  126.60  macd:   -0.14 macd_count:  23 profit:  0.96
Trade --> code: AMP    BUY: 2019-04-30  146.77 SELL: 2020-04-30  114.94  macd:   -0.70 macd_count:  12 profit:  0.78
Trade --> code: AMP    BUY: 2020-06-30  150.04 SELL: 2024-05-31  440.97  macd:   35.51 macd_count:  48 profit:  2.94

code: AVGO     day: macd + hist + hist_1pre + ,  Week: macd + hist + hist_1pre - , Month: macd + hist + hist_1pre + , 
Trade --> code: AVGO   BUY: 2011-12-31   28.86 SELL: 2024-05-31 1407.84  macd:  187.60 macd_count: 150 profit: 48.78

code: CSWI     day: macd + hist + hist_1pre + ,  Week: macd + hist + hist_1pre - , Month: macd + hist + hist_1pre + , 
Trade --> code: CSWI   BUY: 2018-01-31   47.90 SELL: 2024-05-31  261.69  macd:   28.90 macd_count:  77 profit:  5.46

code: DECK     day: macd + hist + hist_1pre + ,  Week: macd + hist + hist_1pre - , Month: macd + hist + hist_1pre + , 
Trade --> code: DECK   BUY: 2006-10-31   17.72 SELL: 2009-01-31   17.41  macd:   -0.13 macd_count:  27 profit:  0.98
Trade --> code: DECK   BUY: 2010-01-31   32.72 SELL: 2012-07-31   41.71  macd:   -1.90 macd_count:  30 profit:  1.27
Trade --> code: DECK   BUY: 2013-11-30   82.64 SELL: 2015-09-30   58.06  macd:   -1.09 macd_count:  22 profit:  0.70
Trade --> code: DECK   BUY: 2017-09-30   68.41 SELL: 2024-05-31 1032.90  macd:  134.74 macd_count:  81 profit: 15.10

code: ISRG     day: macd + hist + hist_1pre + ,  Week: macd + hist + hist_1pre - , Month: macd + hist + hist_1pre + , 
Trade --> code: ISRG   BUY: 2006-10-31   11.02 SELL: 2009-01-31   11.47  macd:   -0.10 macd_count:  27 profit:  1.04
Trade --> code: ISRG   BUY: 2009-09-30   29.14 SELL: 2013-10-31   41.28  macd:   -0.56 macd_count:  49 profit:  1.42
Trade --> code: ISRG   BUY: 2014-10-31   55.09 SELL: 2022-08-31  205.74  macd:   -2.17 macd_count:  94 profit:  3.73
Trade --> code: ISRG   BUY: 2023-04-30  301.22 SELL: 2024-05-31  404.85  macd:   30.19 macd_count:  14 profit:  1.34

code: IXN      day: macd + hist + hist_1pre + ,  Week: macd + hist + hist_1pre - , Month: macd + hist + hist_1pre + , 
Trade --> code: IXN    BUY: 2006-10-31    9.42 SELL: 2008-09-30    8.11  macd:   -0.05 macd_count:  23 profit:  0.86
Trade --> code: IXN    BUY: 2010-02-28    8.98 SELL: 2022-12-31   44.83  macd:   -0.18 macd_count: 154 profit:  4.99
Trade --> code: IXN    BUY: 2023-03-31   54.36 SELL: 2024-05-31   77.89  macd:    5.56 macd_count:  15 profit:  1.43

code: LII      day: macd + hist + hist_1pre + ,  Week: macd + hist + hist_1pre - , Month: macd + hist + hist_1pre + , 
Trade --> code: LII    BUY: 2006-10-31   26.96 SELL: 2009-01-31   28.11  macd:   -0.06 macd_count:  27 profit:  1.04
Trade --> code: LII    BUY: 2009-08-31   35.88 SELL: 2011-09-30   25.78  macd:   -0.49 macd_count:  25 profit:  0.72
Trade --> code: LII    BUY: 2012-06-30   46.63 SELL: 2022-05-31  208.90  macd:   -4.57 macd_count: 119 profit:  4.48
Trade --> code: LII    BUY: 2023-06-30  326.07 SELL: 2024-05-31  503.42  macd:   51.58 macd_count:  12 profit:  1.54

code: LPLA     day: macd + hist + hist_1pre + ,  Week: macd + hist + hist_1pre - , Month: macd + hist + hist_1pre + , 
Trade --> code: LPLA   BUY: 2013-05-31   37.08 SELL: 2016-01-31   30.42  macd:   -0.65 macd_count:  32 profit:  0.82
Trade --> code: LPLA   BUY: 2017-04-30   42.04 SELL: 2024-05-31  284.40  macd:   20.60 macd_count:  86 profit:  6.76

code: LSCC     day: macd + hist + hist_1pre + ,  Week: macd + hist + hist_1pre - , Month: macd + hist - hist_1pre - , 
Trade --> code: LSCC   BUY: 2006-10-31    6.21 SELL: 2007-08-31    4.99  macd:   -0.03 macd_count:  10 profit:  0.80
Trade --> code: LSCC   BUY: 2010-04-30    5.26 SELL: 2012-07-31    3.71  macd:   -0.00 macd_count:  27 profit:  0.71
Trade --> code: LSCC   BUY: 2013-11-30    5.57 SELL: 2015-07-31    4.92  macd:   -0.00 macd_count:  20 profit:  0.88
Trade --> code: LSCC   BUY: 2016-09-30    6.49 SELL: 2017-11-30    5.87  macd:   -0.03 macd_count:  14 profit:  0.90
Trade --> code: LSCC   BUY: 2018-07-31    7.69 SELL: 2024-05-31   76.57  macd:    2.79 macd_count:  71 profit:  9.96

code: MARA     day: macd + hist + hist_1pre + ,  Week: macd + hist + hist_1pre - , Month: macd + hist + hist_1pre + , 
Trade --> code: MARA   BUY: 2014-11-30  119.52 SELL: 2015-07-31   48.16  macd:   -2.62 macd_count:   8 profit:  0.40
Trade --> code: MARA   BUY: 2021-01-31   20.74 SELL: 2022-07-31   12.99  macd:   -0.14 macd_count:  18 profit:  0.63
Trade --> code: MARA   BUY: 2024-02-29   25.90 SELL: 2024-05-31   21.21  macd:    1.12 macd_count:   4 profit:  0.82

code: MGC      day: macd + hist + hist_1pre + ,  Week: macd + hist + hist_1pre - , Month: macd + hist + hist_1pre + , 
Trade --> code: MGC    BUY: 2011-01-31   43.96 SELL: 2024-05-31  190.20  macd:   10.30 macd_count: 161 profit:  4.33

code: MGK      day: macd + hist + hist_1pre + ,  Week: macd + hist + hist_1pre - , Month: macd + hist + hist_1pre + , 
Trade --> code: MGK    BUY: 2010-11-30   45.09 SELL: 2022-10-31  180.89  macd:   -0.26 macd_count: 143 profit:  4.01
Trade --> code: MGK    BUY: 2023-05-31  220.75 SELL: 2024-05-31  295.83  macd:   19.41 macd_count:  13 profit:  1.34

code: MRVL     day: macd + hist + hist_1pre + ,  Week: macd + hist + hist_1pre - , Month: macd + hist + hist_1pre + , 
Trade --> code: MRVL   BUY: 2006-10-31   18.28 SELL: 2007-05-31   15.70  macd:   -0.21 macd_count:   7 profit:  0.86
Trade --> code: MRVL   BUY: 2009-12-31   20.75 SELL: 2011-08-31   13.15  macd:   -0.14 macd_count:  20 profit:  0.63
Trade --> code: MRVL   BUY: 2014-01-31   14.93 SELL: 2015-08-31   11.27  macd:   -0.09 macd_count:  19 profit:  0.75
Trade --> code: MRVL   BUY: 2016-11-30   14.34 SELL: 2022-12-31   37.04  macd:   -0.91 macd_count:  73 profit:  2.58
Trade --> code: MRVL   BUY: 2023-07-31   65.13 SELL: 2024-05-31   76.68  macd:    4.86 macd_count:  11 profit:  1.18

code: MSTR     day: macd + hist + hist_1pre + ,  Week: macd + hist + hist_1pre - , Month: macd + hist + hist_1pre + , 
Trade --> code: MSTR   BUY: 2006-10-31  119.35 SELL: 2008-02-29   66.52  macd:   -0.76 macd_count:  16 profit:  0.56
Trade --> code: MSTR   BUY: 2009-12-31   94.02 SELL: 2012-12-31   93.38  macd:   -0.69 macd_count:  36 profit:  0.99
Trade --> code: MSTR   BUY: 2013-12-31  124.24 SELL: 2017-08-31  129.00  macd:   -1.78 macd_count:  44 profit:  1.04
Trade --> code: MSTR   BUY: 2019-11-30  150.33 SELL: 2019-12-31  142.63  macd:   -0.06 macd_count:   1 profit:  0.95
Trade --> code: MSTR   BUY: 2020-01-31  152.03 SELL: 2020-02-29  135.16  macd:   -0.17 macd_count:   1 profit:  0.89
Trade --> code: MSTR   BUY: 2020-10-31  167.07 SELL: 2022-07-31  286.06  macd:   -9.45 macd_count:  21 profit:  1.71
Trade --> code: MSTR   BUY: 2023-11-30  498.30 SELL: 2024-05-31 1684.84  macd:  227.78 macd_count:   7 profit:  3.38

code: NFLX     day: macd + hist + hist_1pre + ,  Week: macd + hist + hist_1pre - , Month: macd + hist + hist_1pre + , 
Trade --> code: NFLX   BUY: 2006-10-31    3.95 SELL: 2007-09-30    2.96  macd:   -0.00 macd_count:  11 profit:  0.75
Trade --> code: NFLX   BUY: 2007-10-31    3.78 SELL: 2012-02-29   15.82  macd:   -0.05 macd_count:  52 profit:  4.18
Trade --> code: NFLX   BUY: 2013-03-31   27.04 SELL: 2022-04-30  190.36  macd:   -9.76 macd_count: 109 profit:  7.04
Trade --> code: NFLX   BUY: 2023-09-30  377.60 SELL: 2024-05-31  646.75  macd:   53.43 macd_count:   9 profit:  1.71

code: NUAN     day: macd + hist + hist_1pre + ,  Week: macd + hist + hist_1pre - , Month: macd + hist - hist_1pre - , 
Trade --> code: NUAN   BUY: 2005-11-30    5.38 SELL: 2008-11-30    7.94  macd:   -0.14 macd_count:  36 profit:  1.48
Trade --> code: NUAN   BUY: 2009-12-31   13.44 SELL: 2013-05-31   16.44  macd:   -0.10 macd_count:  41 profit:  1.22
Trade --> code: NUAN   BUY: 2015-11-30   18.11 SELL: 2016-07-31   13.90  macd:   -0.05 macd_count:   8 profit:  0.77
Trade --> code: NUAN   BUY: 2017-05-31   16.01 SELL: 2017-09-30   13.60  macd:   -0.04 macd_count:   4 profit:  0.85
Trade --> code: NUAN   BUY: 2019-04-30   14.56 SELL: 2022-03-31   55.99  macd:    7.14 macd_count:  36 profit:  3.85

code: NVDA     day: macd + hist + hist_1pre + ,  Week: macd + hist + hist_1pre - , Month: macd + hist + hist_1pre + , 
Trade --> code: NVDA   BUY: 2006-10-31    5.81 SELL: 2008-08-31    3.16  macd:   -0.14 macd_count:  22 profit:  0.54
Trade --> code: NVDA   BUY: 2011-01-31    5.98 SELL: 2011-12-31    3.46  macd:   -0.01 macd_count:  11 profit:  0.58
Trade --> code: NVDA   BUY: 2013-09-30    3.89 SELL: 2024-05-31 1064.69  macd:  162.93 macd_count: 129 profit: 273.70

code: NVO      day: macd + hist + hist_1pre + ,  Week: macd + hist + hist_1pre - , Month: macd + hist + hist_1pre + , 
Trade --> code: NVO    BUY: 2006-10-31    3.76 SELL: 2009-05-31    5.21  macd:   -0.01 macd_count:  31 profit:  1.39
Trade --> code: NVO    BUY: 2009-06-30    5.45 SELL: 2016-10-31   17.77  macd:   -0.14 macd_count:  88 profit:  3.26
Trade --> code: NVO    BUY: 2017-11-30   25.89 SELL: 2024-05-31  136.04  macd:   17.27 macd_count:  79 profit:  5.26

code: ORCL     day: macd + hist + hist_1pre + ,  Week: macd + hist + hist_1pre - , Month: macd + hist + hist_1pre + , 
Trade --> code: ORCL   BUY: 2006-10-31   18.47 SELL: 2009-02-28   15.54  macd:   -0.15 macd_count:  28 profit:  0.84
Trade --> code: ORCL   BUY: 2009-06-30   21.42 SELL: 2016-02-29   36.78  macd:   -0.12 macd_count:  80 profit:  1.72
Trade --> code: ORCL   BUY: 2016-03-31   40.91 SELL: 2024-05-31  122.91  macd:    9.17 macd_count:  99 profit:  3.00

code: PWR      day: macd + hist + hist_1pre + ,  Week: macd + hist + hist_1pre - , Month: macd + hist + hist_1pre + , 
Trade --> code: PWR    BUY: 2006-10-31   18.30 SELL: 2009-02-28   17.60  macd:   -0.33 macd_count:  28 profit:  0.96
Trade --> code: PWR    BUY: 2012-04-30   22.12 SELL: 2015-07-31   27.62  macd:   -0.14 macd_count:  39 profit:  1.25
Trade --> code: PWR    BUY: 2016-11-30   33.72 SELL: 2024-05-31  283.43  macd:   31.78 macd_count:  91 profit:  8.41

code: QQQ      day: macd + hist + hist_1pre + ,  Week: macd + hist + hist_1pre - , Month: macd + hist + hist_1pre + , 
Trade --> code: QQQ    BUY: 2006-10-31   42.58 SELL: 2008-10-31   32.89  macd:   -0.65 macd_count:  24 profit:  0.77
Trade --> code: QQQ    BUY: 2009-12-31   45.75 SELL: 2022-11-30  293.36  macd:   -0.57 macd_count: 155 profit:  6.41
Trade --> code: QQQ    BUY: 2023-05-31  347.99 SELL: 2024-05-31  457.95  macd:   30.81 macd_count:  13 profit:  1.32

code: RCII     day: macd + hist + hist_1pre + ,  Week: macd + hist + hist_1pre - , Month: macd - hist + hist_1pre + , 
Trade --> code: RCII   BUY: 2006-10-31   28.76 SELL: 2007-07-31   19.41  macd:   -0.10 macd_count:   9 profit:  0.67
Trade --> code: RCII   BUY: 2010-03-31   23.65 SELL: 2014-01-31   24.94  macd:   -0.00 macd_count:  46 profit:  1.05
Trade --> code: RCII   BUY: 2018-12-31   16.19 SELL: 2022-05-31   27.54  macd:   -0.82 macd_count:  41 profit:  1.70

code: ROBO     day: macd + hist + hist_1pre + ,  Week: macd + hist + hist_1pre - , Month: macd + hist + hist_1pre + , 
Trade --> code: ROBO   BUY: 2016-09-30   28.39 SELL: 2022-08-31   46.94  macd:   -0.58 macd_count:  71 profit:  1.65
Trade --> code: ROBO   BUY: 2023-07-31   59.12 SELL: 2023-10-31   46.16  macd:   -0.51 macd_count:   3 profit:  0.78
Trade --> code: ROBO   BUY: 2024-01-31   54.95 SELL: 2024-05-31   56.76  macd:    0.68 macd_count:   5 profit:  1.03

code: SMH      day: macd + hist + hist_1pre + ,  Week: macd + hist + hist_1pre - , Month: macd + hist + hist_1pre + , 
Trade --> code: SMH    BUY: 2006-10-31   17.00 SELL: 2008-01-31   14.07  macd:   -0.18 macd_count:  15 profit:  0.83
Trade --> code: SMH    BUY: 2010-05-31   13.71 SELL: 2024-05-31  244.26  macd:   24.97 macd_count: 169 profit: 17.82

code: SNPS     day: macd + hist + hist_1pre + ,  Week: macd + hist + hist_1pre - , Month: macd + hist + hist_1pre + , 
Trade --> code: SNPS   BUY: 2006-10-31   22.51 SELL: 2008-09-30   19.95  macd:   -0.14 macd_count:  23 profit:  0.89
Trade --> code: SNPS   BUY: 2010-04-30   22.66 SELL: 2010-06-30   20.87  macd:   -0.02 macd_count:   2 profit:  0.92
Trade --> code: SNPS   BUY: 2010-08-31   22.86 SELL: 2024-05-31  587.40  macd:   60.20 macd_count: 166 profit: 25.70

code: SOXL     day: macd + hist + hist_1pre + ,  Week: macd + hist + hist_1pre - , Month: macd + hist + hist_1pre + , 
Trade --> code: SOXL   BUY: 2013-05-31    0.80 SELL: 2022-08-31   14.04  macd:   -1.24 macd_count: 111 profit: 17.59
Trade --> code: SOXL   BUY: 2024-01-31   32.10 SELL: 2024-05-31   51.44  macd:    4.51 macd_count:   5 profit:  1.60

code: SPYG     day: macd + hist + hist_1pre + ,  Week: macd + hist + hist_1pre - , Month: macd + hist + hist_1pre + , 
Trade --> code: SPYG   BUY: 2006-10-31   13.05 SELL: 2008-09-30   11.85  macd:   -0.01 macd_count:  23 profit:  0.91
Trade --> code: SPYG   BUY: 2010-03-31   12.92 SELL: 2022-12-31   50.67  macd:   -0.29 macd_count: 153 profit:  3.92
Trade --> code: SPYG   BUY: 2023-06-30   61.01 SELL: 2024-05-31   75.87  macd:    3.78 macd_count:  12 profit:  1.24

code: TECL     day: macd + hist + hist_1pre + ,  Week: macd + hist + hist_1pre - , Month: macd + hist + hist_1pre + , 
Trade --> code: TECL   BUY: 2011-04-30    1.28 SELL: 2022-09-30   21.48  macd:   -0.96 macd_count: 137 profit: 16.76
Trade --> code: TECL   BUY: 2023-07-31   57.46 SELL: 2024-05-31   85.07  macd:    8.72 macd_count:  11 profit:  1.48

code: TROW     day: macd + hist + hist_1pre + ,  Week: macd + hist + hist_1pre - , Month: macd - hist + hist_1pre + , 
Trade --> code: TROW   BUY: 2006-10-31   47.31 SELL: 2008-12-31   35.44  macd:   -0.72 macd_count:  26 profit:  0.75
Trade --> code: TROW   BUY: 2009-12-31   53.25 SELL: 2015-10-31   75.62  macd:   -0.05 macd_count:  70 profit:  1.42
Trade --> code: TROW   BUY: 2017-08-31   84.36 SELL: 2022-06-30  113.61  macd:   -1.87 macd_count:  58 profit:  1.35

code: VONE     day: macd + hist + hist_1pre + ,  Week: macd + hist + hist_1pre - , Month: macd + hist + hist_1pre + , 
Trade --> code: VONE   BUY: 2013-01-31   68.84 SELL: 2024-05-31  240.33  macd:   11.78 macd_count: 137 profit:  3.49

code: VONG     day: macd + hist + hist_1pre + ,  Week: macd + hist + hist_1pre - , Month: macd + hist + hist_1pre + , 
Trade --> code: VONG   BUY: 2013-01-31   17.52 SELL: 2022-12-31   55.12  macd:   -0.44 macd_count: 119 profit:  3.15
Trade --> code: VONG   BUY: 2023-05-31   66.45 SELL: 2024-05-31   89.06  macd:    5.61 macd_count:  13 profit:  1.34

code: VOOG     day: macd + hist + hist_1pre + ,  Week: macd + hist + hist_1pre - , Month: macd + hist + hist_1pre + , 
Trade --> code: VOOG   BUY: 2013-01-31   70.40 SELL: 2022-12-31  210.94  macd:   -1.20 macd_count: 119 profit:  3.00
Trade --> code: VOOG   BUY: 2023-06-30  254.09 SELL: 2024-05-31  315.94  macd:   15.75 macd_count:  12 profit:  1.24

code: VTHR     day: macd + hist + hist_1pre + ,  Week: macd + hist + hist_1pre - , Month: macd + hist + hist_1pre + , 
Trade --> code: VTHR   BUY: 2013-01-31   69.02 SELL: 2024-05-31  234.67  macd:   11.07 macd_count: 137 profit:  3.40

code: VTI      day: macd + hist + hist_1pre + ,  Week: macd + hist + hist_1pre - , Month: macd + hist + hist_1pre + , 
Trade --> code: VTI    BUY: 2006-10-31   68.04 SELL: 2008-08-31   64.62  macd:   -0.19 macd_count:  22 profit:  0.95
Trade --> code: VTI    BUY: 2010-10-31   60.72 SELL: 2024-05-31  261.87  macd:   12.33 macd_count: 164 profit:  4.31

code: VTWG     day: macd + hist + hist_1pre + ,  Week: macd + hist + hist_1pre - , Month: macd + hist + hist_1pre + , 
Trade --> code: VTWG   BUY: 2013-01-31   73.63 SELL: 2022-06-30  150.02  macd:   -1.56 macd_count: 113 profit:  2.04
Trade --> code: VTWG   BUY: 2024-02-29  191.85 SELL: 2024-05-31  192.48  macd:    2.96 macd_count:   4 profit:  1.00

code: VUG      day: macd + hist + hist_1pre + ,  Week: macd + hist + hist_1pre - , Month: macd + hist + hist_1pre + , 
Trade --> code: VUG    BUY: 2006-10-31   56.65 SELL: 2008-10-31   42.91  macd:   -1.01 macd_count:  24 profit:  0.76
Trade --> code: VUG    BUY: 2010-04-30   56.39 SELL: 2022-10-31  222.74  macd:   -0.92 macd_count: 150 profit:  3.95
Trade --> code: VUG    BUY: 2023-06-30  282.96 SELL: 2024-05-31  355.46  macd:   21.92 macd_count:  12 profit:  1.26

code: VV       day: macd + hist + hist_1pre + ,  Week: macd + hist + hist_1pre - , Month: macd + hist + hist_1pre + , 
Trade --> code: VV     BUY: 2006-10-31   61.17 SELL: 2008-08-31   58.08  macd:   -0.10 macd_count:  22 profit:  0.95
Trade --> code: VV     BUY: 2010-10-31   54.14 SELL: 2024-05-31  243.08  macd:   12.15 macd_count: 164 profit:  4.49

code: WIX      day: macd + hist + hist_1pre + ,  Week: macd + hist + hist_1pre - , Month: macd + hist + hist_1pre + , 
Trade --> code: WIX    BUY: 2016-04-30   24.72 SELL: 2022-01-31  131.37  macd:   -3.21 macd_count:  69 profit:  5.31
Trade --> code: WIX    BUY: 2024-05-31  170.00 SELL: 2024-05-31  170.00  macd:    3.44 macd_count:   1 profit:  1.00

code: XLK      day: macd + hist + hist_1pre + ,  Week: macd + hist + hist_1pre - , Month: macd + hist + hist_1pre + , 
Trade --> code: XLK    BUY: 2006-10-31   22.87 SELL: 2008-09-30   19.85  macd:   -0.18 macd_count:  23 profit:  0.87
Trade --> code: XLK    BUY: 2010-02-28   21.69 SELL: 2024-05-31  215.19  macd:   16.20 macd_count: 172 profit:  9.92

