Sun May 26 13:49:41 UTC 2024
arg[0]: scraping/yahoo-finace-api2.py, arg[1]: stock-code-list/buy-list.txt
===========================
scraping
===========================
START:  AAPL
END:    0.3187520503997803
-
START:  EL
END:    0.6615195274353027
-
START:  NEE
END:    1.009711503982544
-
START:  AMD
END:    1.2617192268371582
-
START:  APH
END:    1.5942926406860352
-
START:  XLP
END:    1.9388706684112549
-
START:  SPXL
END:    2.2077584266662598
-
START:  KEYS
END:    2.3779447078704834
-
START:  VDC
END:    2.6721444129943848
-
START:  SPTM
END:    2.9475951194763184
-
START:  SPLG
END:    3.1993613243103027
-
START:  CROX
END:    3.431178331375122
-
START:  AXON
END:    3.679086446762085
-
START:  AWR
END:    3.9447414875030518
-
START:  FN
END:    4.131694793701172
-
START:  NXST
END:    4.402895927429199
-
START:  TREX
END:    4.6221702098846436
-
START:  RGEN
END:    4.865725994110107
-
START:  EXPO
END:    5.1441755294799805
-
START:  BCPC
END:    5.429776906967163
-
START:  SOXL
END:    5.666162967681885
-
START:  TECL
END:    5.908674955368042
-
START:  NEO
END:    6.134273290634155
-
START:  NVMI
END:    6.384921073913574
-
START:  NVDA
END:    6.657547950744629
-
START:  BBDC
END:    6.919300556182861
-
START:  APPS
END:    7.124077558517456
-
START:  ROK
END:    8.471737623214722
-
START:  NHTC
END:    8.749109506607056
-
START:  ZYXI
END:    8.97149920463562
-
START:  LIT
END:    9.151087045669556
-
START:  LLY
END:    9.45829725265503
-
START:  GTLB
END:    9.530443906784058
-
START:  MCD
END:    10.834361791610718
-
START:  MSI
END:    11.188299179077148
-
START:  HCP
END:    11.294650554656982
-
START:  ON
END:    11.546675205230713
-
===========================
MACD sell
===========================
START:  AAPL
START:  EL
START:  NEE
START:  AMD
START:  APH
START:  XLP
START:  SPXL
START:  KEYS
START:  VDC
START:  SPTM
START:  SPLG
START:  CROX
START:  AXON
START:  AWR
START:  FN
START:  NXST
START:  TREX
START:  RGEN
START:  EXPO
START:  BCPC
START:  SOXL
START:  TECL
START:  NEO
START:  NVMI
START:  NVDA
START:  BBDC
START:  APPS
START:  ROK
START:  NHTC
START:  ZYXI
START:  LIT
START:  LLY
START:  GTLB
START:  MCD
START:  MSI
START:  HCP
START:  ON
==== MACD list ====
code: AAPL     day: macd + hist + ,  Week: macd + hist + , Month: macd + hist - , 
code: EL       day: macd - hist - ,  Week: macd - hist - , Month: macd - hist - , 
code: NEE      day: macd + hist - ,  Week: macd + hist + , Month: macd - hist + , 
code: AMD      day: macd + hist + ,  Week: macd + hist - , Month: macd + hist + , 
code: APH      day: macd + hist + ,  Week: macd + hist + , Month: macd + hist + , 
code: XLP      day: macd + hist - ,  Week: macd + hist + , Month: macd + hist + , 
code: SPXL     day: macd + hist + ,  Week: macd + hist + , Month: macd + hist + , 
code: KEYS     day: macd - hist - ,  Week: macd - hist - , Month: macd - hist - , 
code: VDC      day: macd + hist - ,  Week: macd + hist + , Month: macd + hist + , 
code: SPTM     day: macd + hist + ,  Week: macd + hist + , Month: macd + hist + , 
code: SPLG     day: macd + hist + ,  Week: macd + hist + , Month: macd + hist + , 
code: CROX     day: macd + hist + ,  Week: macd + hist + , Month: macd + hist + , 
code: AXON     day: macd - hist - ,  Week: macd + hist - , Month: macd + hist + , 
code: AWR      day: macd + hist - ,  Week: macd - hist + , Month: macd - hist - , 
code: FN       day: macd + hist + ,  Week: macd + hist + , Month: macd + hist + , 
code: NXST     day: macd - hist - ,  Week: macd + hist - , Month: macd + hist - , 
code: TREX     day: macd - hist - ,  Week: macd + hist - , Month: macd + hist + , 
code: RGEN     day: macd - hist - ,  Week: macd - hist - , Month: macd - hist + , 
code: EXPO     day: macd + hist - ,  Week: macd + hist + , Month: macd - hist + , 
code: BCPC     day: macd + hist - ,  Week: macd + hist + , Month: macd + hist + , 
code: SOXL     day: macd + hist + ,  Week: macd + hist + , Month: macd + hist + , 
code: TECL     day: macd + hist + ,  Week: macd + hist + , Month: macd + hist + , 
code: NEO      day: macd - hist - ,  Week: macd - hist + , Month: macd - hist + , 
code: NVMI     day: macd + hist + ,  Week: macd + hist + , Month: macd + hist + , 
code: NVDA     day: macd + hist + ,  Week: macd + hist + , Month: macd + hist + , 
code: BBDC     day: macd + hist + ,  Week: macd + hist + , Month: macd + hist + , 
code: APPS     day: macd + hist + ,  Week: macd - hist + , Month: macd - hist + , 
code: ROK      day: macd - hist - ,  Week: macd - hist - , Month: macd + hist - , 
code: NHTC     day: macd + hist - ,  Week: macd + hist + , Month: macd + hist + , 
code: ZYXI     day: macd - hist + ,  Week: macd - hist - , Month: macd + hist + , 
code: LIT      day: macd + hist - ,  Week: macd - hist + , Month: macd - hist - , 
code: LLY      day: macd + hist + ,  Week: macd + hist - , Month: macd + hist + , 
code: GTLB     day: macd + hist + ,  Week: macd - hist - , Month: macd - hist + , 
code: MCD      day: macd - hist - ,  Week: macd - hist - , Month: macd + hist - , 
code: MSI      day: macd + hist + ,  Week: macd + hist + , Month: macd + hist + , 
code: HCP      day: macd + hist - ,  Week: macd + hist + , Month: macd - hist + , 
code: ON       day: macd + hist + ,  Week: macd - hist + , Month: macd + hist - , 
==== MACD sell list ====
code: AAPL     day: macd + hist + ,  Week: macd + hist + , Month: macd + hist - , 
code: EL       day: macd - hist - , 
code: EL       day: macd - hist - ,  Week: macd - hist - , 
code: EL       day: macd - hist - ,  Week: macd - hist - , Month: macd - hist - , 
code: NEE      day: macd + hist - , 
code: AMD      day: macd + hist + ,  Week: macd + hist - , 
code: XLP      day: macd + hist - , 
code: KEYS     day: macd - hist - , 
code: KEYS     day: macd - hist - ,  Week: macd - hist - , 
code: KEYS     day: macd - hist - ,  Week: macd - hist - , Month: macd - hist - , 
code: VDC      day: macd + hist - , 
code: AXON     day: macd - hist - , 
code: AXON     day: macd - hist - ,  Week: macd + hist - , 
code: AWR      day: macd + hist - , 
code: AWR      day: macd + hist - ,  Week: macd - hist + , Month: macd - hist - , 
code: NXST     day: macd - hist - , 
code: NXST     day: macd - hist - ,  Week: macd + hist - , 
code: NXST     day: macd - hist - ,  Week: macd + hist - , Month: macd + hist - , 
code: TREX     day: macd - hist - , 
code: TREX     day: macd - hist - ,  Week: macd + hist - , 
code: RGEN     day: macd - hist - , 
code: RGEN     day: macd - hist - ,  Week: macd - hist - , 
code: EXPO     day: macd + hist - , 
code: BCPC     day: macd + hist - , 
code: NEO      day: macd - hist - , 
code: ROK      day: macd - hist - , 
code: ROK      day: macd - hist - ,  Week: macd - hist - , 
code: ROK      day: macd - hist - ,  Week: macd - hist - , Month: macd + hist - , 
code: NHTC     day: macd + hist - , 
code: ZYXI     day: macd - hist + ,  Week: macd - hist - , 
code: LIT      day: macd + hist - , 
code: LIT      day: macd + hist - ,  Week: macd - hist + , Month: macd - hist - , 
code: LLY      day: macd + hist + ,  Week: macd + hist - , 
code: GTLB     day: macd + hist + ,  Week: macd - hist - , 
code: MCD      day: macd - hist - , 
code: MCD      day: macd - hist - ,  Week: macd - hist - , 
code: MCD      day: macd - hist - ,  Week: macd - hist - , Month: macd + hist - , 
code: HCP      day: macd + hist - , 
code: ON       day: macd + hist + ,  Week: macd - hist + , Month: macd + hist - , 
===========================
profit
===========================
==== plus ====
AMD  , macd +, macd hist +, profit:  [46.13], per:  [38.37], now: [166.36], buy: [120.23]
XLP  , macd +, macd hist -, profit:   [4.52], per:   [6.23], now:   [77.1], buy:  [72.58]
SPXL , macd +, macd hist +, profit:     [5.], per:   [3.84], now: [135.23], buy: [130.23]
VDC  , macd +, macd hist -, profit:   [16.3], per:    [8.6], now: [205.83], buy: [189.53]
SPTM , macd +, macd hist +, profit:   [8.22], per:  [14.53], now:   [64.8], buy:  [56.58]
SPLG , macd +, macd hist +, profit:    [8.3], per:  [15.37], now:  [62.29], buy:  [53.99]
AXON , macd -, macd hist -, profit: [147.48], per: [106.75], now: [285.63], buy: [138.15]
FN   , macd +, macd hist +, profit: [129.21], per: [110.57], now: [246.07], buy: [116.86]
TREX , macd -, macd hist -, profit:   [18.3], per:  [26.14], now:   [88.3], buy:    [70.]
BCPC , macd +, macd hist -, profit:  [15.94], per:  [11.63], now: [153.02], buy: [137.08]
SOXL , macd +, macd hist +, profit:   [9.35], per:  [22.21], now:  [51.44], buy:  [42.09]
TECL , macd +, macd hist +, profit:  [24.33], per:  [40.06], now:  [85.07], buy:  [60.74]
NVMI , macd +, macd hist +, profit:  [98.96], per:  [86.31], now: [213.61], buy: [114.65]
NVDA , macd +, macd hist +, profit: [809.02], per: [316.43], now: [1064.69], buy: [255.67]
ZYXI , macd -, macd hist +, profit:   [4.16], per:  [65.41], now:  [10.52], buy:   [6.36]
LLY  , macd +, macd hist +, profit: [536.43], per: [197.94], now: [807.43], buy:   [271.]
GTLB , macd +, macd hist +, profit:   [2.41], per:   [4.57], now:  [55.17], buy:  [52.76]
MCD  , macd -, macd hist -, profit:   [4.65], per:   [1.83], now: [258.11], buy: [253.46]
MSI  , macd +, macd hist +, profit: [113.19], per:  [45.02], now:  [364.6], buy: [251.41]
ON   , macd +, macd hist +, profit:   [12.7], per:  [21.22], now:  [72.56], buy:  [59.86]
-
     plus  len:  20
     profit: [2014.6], per: [1143.04], per/len(p):  [57.15], per/len(p+m):  [30.89]
-
==== minus ====
AAPL , macd +, macd hist +, profit:       [], per:       [], now: [189.98], buy:       []
EL   , macd -, macd hist -, profit: [-213.69], per:  [-62.9], now: [126.06], buy: [339.75]
NEE  , macd +, macd hist -, profit:  [-8.72], per: [-10.22], now:  [76.61], buy:  [85.33]
APH  , macd +, macd hist +, profit:       [], per:       [], now: [136.24], buy:       []
KEYS , macd -, macd hist -, profit: [-42.01], per: [-22.58], now: [144.05], buy: [186.06]
CROX , macd +, macd hist +, profit:  [-28.5], per: [-16.06], now: [148.92], buy: [177.42]
AWR  , macd +, macd hist -, profit:       [], per:       [], now:  [74.09], buy:       []
NXST , macd -, macd hist -, profit:  [-4.25], per:  [-2.62], now: [158.25], buy:  [162.5]
RGEN , macd -, macd hist -, profit:  [-21.5], per: [-11.97], now: [158.16], buy: [179.66]
EXPO , macd +, macd hist -, profit:  [-4.83], per:  [-4.78], now:  [96.28], buy: [101.11]
NEO  , macd -, macd hist -, profit:   [-3.6], per: [-20.18], now:  [14.24], buy:  [17.84]
BBDC , macd +, macd hist +, profit:  [-0.65], per:  [-6.13], now:   [9.95], buy:   [10.6]
APPS , macd +, macd hist +, profit: [-41.53], per:  [-95.1], now:   [2.14], buy:  [43.67]
ROK  , macd -, macd hist -, profit: [-77.71], per: [-22.73], now: [264.18], buy: [341.89]
NHTC , macd +, macd hist -, profit:  [-0.18], per:  [-2.51], now:   [6.99], buy:   [7.17]
LIT  , macd +, macd hist -, profit: [-47.62], per: [-51.81], now:  [44.29], buy:  [91.91]
HCP  , macd +, macd hist -, profit: [-20.91], per: [-38.51], now:  [33.39], buy:   [54.3]
-
     minus len:  17
     profit:       [], per:       [], per/len(m):       [], per/len(p+m):       []
-
==== total ====
     profit:       [], per:       [], per/len(p+m):       []
arg[0]: scraping/yahoo-finace-api2.py, arg[1]: stock-code-list/up-month.txt
===========================
scraping
===========================
START:  A
END:    0.30613112449645996
-
START:  AAON
END:    0.5356204509735107
-
START:  AAPL
END:    0.8325622081756592
-
START:  ABG
END:    1.0693244934082031
-
START:  ABT
END:    1.3719773292541504
-
START:  ACLS
END:    1.5878393650054932
-
START:  ACMR
END:    1.6915016174316406
-
START:  ACN
END:    1.9286816120147705
-
START:  ADBE
END:    2.209550619125366
-
START:  ADI
END:    2.4663493633270264
-
START:  ADP
END:    2.7228939533233643
-
START:  ADSK
END:    2.999601364135742
-
START:  ADUS
END:    3.191732883453369
-
START:  AEE
END:    3.4824912548065186
-
START:  AGYS
END:    3.8012185096740723
-
START:  AIZ
END:    4.0893473625183105
-
START:  AJG
END:    4.3612189292907715
-
START:  AJRD
Not Found: No data found, symbol may be delisted
START:  ALB
END:    4.680808782577515
-
START:  ALG
END:    4.979791641235352
-
START:  ALGN
END:    5.23450231552124
-
START:  ALLE
END:    5.411500692367554
-
START:  ALTR
END:    5.529699802398682
-
START:  AMAT
END:    5.813171863555908
-
START:  AMBA
END:    5.9931066036224365
-
START:  AMD
END:    7.2517735958099365
-
START:  AME
END:    7.561578273773193
-
START:  AMED
END:    7.831677675247192
-
START:  AMEH
Not Found: No data found, symbol may be delisted
START:  AMGN
END:    8.13733172416687
-
START:  AMN
END:    8.384299755096436
-
START:  AMP
END:    8.646271705627441
-
START:  AMRC
END:    8.845346927642822
-
START:  AMSWA
END:    10.13511061668396
-
START:  AMTX
END:    10.377666473388672
-
START:  AMZN
END:    11.650395393371582
-
START:  AN
END:    11.91347885131836
-
START:  ANSS
END:    12.179858922958374
-
START:  ANTM
Not Found: No data found, symbol may be delisted
START:  AON
END:    12.488585472106934
-
START:  AOSL
END:    12.65111517906189
-
START:  APD
END:    12.924648523330688
-
START:  APH
END:    14.282007694244385
-
START:  APPF
END:    14.44968056678772
-
START:  APPN
END:    14.645788431167603
-
START:  APPS
END:    14.862548351287842
-
START:  AQN
END:    15.07021975517273
-
START:  ARCB
END:    15.375524520874023
-
START:  ARCT
END:    15.524222373962402
-
START:  ARES
END:    15.756521701812744
-
START:  ARGX
END:    15.88865876197815
-
START:  ARWR
END:    17.172030687332153
-
START:  ASML
END:    17.452033758163452
-
START:  ASPN
END:    18.621148824691772
-
START:  ATEC
END:    18.84221625328064
-
START:  ATEN
END:    19.015812158584595
-
START:  ATKR
END:    19.163118600845337
-
START:  ATOM
END:    19.30686664581299
-
START:  ATR
END:    19.6214919090271
-
START:  ATRC
END:    19.84138584136963
-
START:  AUDC
END:    21.10191822052002
-
START:  AUPH
END:    21.24514889717102
-
START:  AVAV
END:    21.468424320220947
-
START:  AVGO
END:    21.65817165374756
-
START:  AVID
Not Found: No data found, symbol may be delisted
START:  AVNW
END:    21.953290462493896
-
START:  AVXL
END:    22.16870141029358
-
START:  AVY
END:    22.457392692565918
-
START:  AWK
END:    22.71713662147522
-
START:  AWR
END:    23.997137784957886
-
START:  AXON
END:    24.21768879890442
-
START:  AZO
END:    24.44878315925598
-
START:  AZPN
END:    25.665563106536865
-
START:  BAH
END:    25.899274349212646
-
START:  BAM
END:    25.96016764640808
-
START:  BAX
END:    26.313173055648804
-
START:  BBH
END:    26.593082189559937
-
START:  BBQ
END:    26.856443166732788
-
START:  BBY
END:    27.132009506225586
-
START:  BCPC
END:    27.41328239440918
-
START:  BDX
END:    27.73186469078064
-
START:  BEEM
END:    27.917782068252563
-
START:  BFAM
END:    28.089237928390503
-
START:  BFC
END:    28.33642601966858
-
START:  BGFV
END:    28.63943648338318
-
START:  BGNE
END:    28.776885509490967
-
START:  BHVN
END:    28.83888006210327
-
START:  BIO
END:    29.08801555633545
-
START:  BL
END:    29.21426224708557
-
START:  BLD
END:    29.351946353912354
-
START:  BLDP
END:    29.655961990356445
-
START:  BLDR
END:    29.954654932022095
-
START:  BLFS
END:    30.202712535858154
-
START:  BLK
END:    30.641721963882446
-
START:  BLL
Not Found: No data found, symbol may be delisted
START:  BLNK
END:    30.82876467704773
-
START:  BMI
END:    31.097315073013306
-
START:  BOOT
END:    32.28192949295044
-
START:  BOTZ
END:    32.4432098865509
-
START:  BR
END:    32.66128206253052
-
START:  BRKR
END:    32.96708822250366
-
START:  BRKS
Not Found: No data found, symbol may be delisted
START:  BRO
END:    35.333861351013184
-
START:  BURL
END:    35.48863124847412
-
START:  BX
END:    35.73911094665527
-
START:  CABO
END:    35.9008412361145
-
START:  CACI
END:    36.154757022857666
-
START:  CALX
END:    36.34878873825073
-
START:  CAMT
END:    36.619587659835815
-
START:  CAR
END:    37.90524077415466
-
START:  CBRE
END:    39.207658767700195
-
START:  CBSH
END:    39.547476053237915
-
START:  CBZ
END:    39.84282898902893
-
START:  CCOI
END:    40.107704162597656
-
START:  CCS
END:    40.24442529678345
-
START:  CDMO
END:    40.46210503578186
-
START:  CDNA
END:    40.62286972999573
-
START:  CDNS
END:    40.876110315322876
-
START:  CDW
END:    42.09538698196411
-
START:  CELH
END:    42.32434129714966
-
START:  CGNX
END:    42.6159930229187
-
START:  CHD
END:    42.92392015457153
-
START:  CHDN
END:    43.22503852844238
-
START:  CHE
END:    43.51465630531311
-
START:  CHGG
END:    43.667545795440674
-
START:  CHH
END:    43.947691440582275
-
START:  CHKP
END:    44.151678800582886
-
START:  CHTR
END:    44.363433599472046
-
START:  CIEN
END:    44.60466551780701
-
START:  CLAR
END:    44.86938190460205
-
START:  CLFD
END:    46.12876868247986
-
START:  CLGN
END:    46.28172969818115
-
START:  CLNE
END:    47.506633281707764
-
START:  CLPT
END:    47.66149616241455
-
START:  CLX
END:    49.00291395187378
-
START:  CMCSA
END:    49.25243830680847
-
START:  CMG
END:    50.457942724227905
-
START:  CMS
END:    50.718700885772705
-
START:  CNC
END:    50.9946563243866
-
START:  CNI
END:    51.26769399642944
-
START:  CNMD
END:    51.54067778587341
-
START:  CNS
END:    51.79726004600525
-
START:  CNXN
END:    53.07769560813904
-
START:  COO
END:    53.37830185890198
-
START:  COST
END:    54.68462681770325
-
START:  COUP
Not Found: No data found, symbol may be delisted
START:  COWN
Not Found: No data found, symbol may be delisted
START:  CP
END:    56.1018180847168
-
START:  CPK
END:    57.426801681518555
-
START:  CPRT
END:    57.64646625518799
-
START:  CPSH
END:    57.890459060668945
-
START:  CRAI
END:    58.17324709892273
-
START:  CREE
Not Found: No data found, symbol may be delisted
START:  CRL
END:    58.48682999610901
-
START:  CRM
END:    58.74964118003845
-
START:  CRMT
END:    60.01795029640198
-
START:  CROX
END:    60.21635866165161
-
START:  CRSP
END:    60.351531982421875
-
START:  CRVL
END:    60.56610870361328
-
START:  CSGP
END:    61.829065799713135
-
START:  CSL
END:    62.13219976425171
-
START:  CSWI
END:    62.30155420303345
-
START:  CSX
END:    62.60745358467102
-
START:  CTAS
END:    62.908034563064575
-
START:  CTLT
END:    63.077616691589355
-
START:  CTRN
END:    63.33269190788269
-
START:  CURE
END:    64.53942918777466
-
START:  CVCO
END:    64.80773115158081
-
START:  CVNA
END:    64.91494083404541
-
START:  CWST
END:    65.16091012954712
-
START:  CWT
END:    65.4689531326294
-
START:  CXSE
END:    65.6508731842041
-
START:  CYBR
END:    66.81469225883484
-
START:  CYRX
END:    67.02461886405945
-
START:  CYTK
END:    67.28522825241089
-
START:  DAC
END:    67.50295948982239
-
START:  DAR
END:    68.78511810302734
-
START:  DAVA
END:    69.90869760513306
-
START:  DDS
END:    70.19129133224487
-
START:  DE
END:    71.55725169181824
-
START:  DECK
END:    71.81171131134033
-
START:  DELL
END:    71.961998462677
-
START:  DFIN
END:    72.09048390388489
-
START:  DG
END:    72.31908941268921
-
START:  DGRW
END:    72.52245807647705
-
START:  DHI
END:    73.82027125358582
-
START:  DHR
END:    74.11115574836731
-
START:  DIA
END:    74.42011308670044
-
START:  DIOD
END:    74.67433071136475
-
START:  DIS
END:    76.03498578071594
-
START:  DKS
END:    76.28137826919556
-
START:  DLN
END:    76.52998900413513
-
START:  DNLI
END:    76.66955757141113
-
START:  DOMO
END:    76.7656979560852
-
START:  DOV
END:    77.06591534614563
-
START:  DPZ
END:    77.3687732219696
-
START:  DQ
END:    78.59896039962769
-
START:  DRD
END:    78.86020469665527
-
START:  DRIO
END:    79.01065039634705
-
START:  DRNA
Not Found: No data found, symbol may be delisted
START:  DSGX
END:    79.30779266357422
-
START:  DVAX
END:    79.51419949531555
-
START:  DXCM
END:    80.74758577346802
-
START:  ECL
END:    81.05239152908325
-
START:  EFX
END:    81.40054512023926
-
START:  EGAN
END:    81.60485005378723
-
START:  EHC
END:    82.88882255554199
-
START:  EL
END:    83.15384316444397
-
START:  ENPH
END:    83.33009386062622
-
START:  ENSG
END:    83.56273174285889
-
START:  ENTG
END:    83.89645743370056
-
START:  ENV
END:    84.09817099571228
-
START:  EPAM
END:    85.29685139656067
-
START:  ERIE
END:    85.59109878540039
-
START:  ES
END:    85.86997294425964
-
START:  ESE
END:    86.15531754493713
-
START:  ETN
END:    86.50685262680054
-
START:  ETSY
END:    86.66619992256165
-
START:  EVBG
END:    86.81443190574646
-
START:  EVTC
END:    87.0352029800415
-
START:  EW
END:    87.27275156974792
-
START:  EWT
END:    87.55479049682617
-
START:  EXAS
END:    87.81269073486328
-
START:  EXLS
END:    88.00914478302002
-
START:  EXPD
END:    88.30520820617676
-
START:  EXPI
END:    88.43282103538513
-
START:  EXPO
END:    89.75125432014465
-
START:  FAST
END:    90.0659761428833
-
START:  FATE
END:    90.24073719978333
-
START:  FB
Not Found: No data found, symbol may be delisted
START:  FCN
END:    90.48501181602478
-
START:  FCX
END:    90.74644041061401
-
START:  FDN
END:    90.94940328598022
-
START:  FDS
END:    92.2539119720459
-
START:  FELE
END:    92.54928350448608
-
START:  FFIN
END:    93.8771002292633
-
START:  FICO
END:    94.14124202728271
-
START:  FINX
END:    94.31277012825012
-
START:  FIS
END:    94.5727105140686
-
START:  FISV
END:    94.6290693283081
-
START:  FIVE
END:    94.81749725341797
-
START:  FIVN
END:    94.98303842544556
-
START:  FLGT
END:    95.13081693649292
-
START:  FLT
Not Found: No data found, symbol may be delisted
START:  FLWS
END:    95.40706086158752
-
START:  FN
END:    96.63729691505432
-
START:  FND
END:    96.76104998588562
-
START:  FNV
END:    96.98481059074402
-
START:  FORM
END:    97.25438261032104
-
START:  FOXF
END:    97.43000316619873
-
START:  FPX
END:    97.64105582237244
-
START:  FRC
Not Found: No data found, symbol may be delisted
START:  FRHC
END:    97.8155746459961
-
START:  FRPT
END:    97.93763399124146
-
START:  FSS
END:    98.24686193466187
-
START:  FTNT
END:    98.48074960708618
-
START:  FUV
END:    98.6224639415741
-
START:  GDEN
END:    98.85137915611267
-
START:  GFI
END:    99.12030005455017
-
START:  GGG
END:    99.42614579200745
-
START:  GIB
END:    99.68293070793152
-
START:  GLDD
END:    100.88916349411011
-
START:  GLOB
END:    101.10719275474548
-
START:  GMAB
END:    101.2691376209259
-
START:  GME
END:    101.4990439414978
-
START:  GMED
END:    101.67097282409668
-
START:  GNRC
END:    101.87801718711853
-
START:  GNSS
END:    102.08918762207031
-
START:  GNTX
END:    102.37497735023499
-
START:  GOLF
END:    103.51540899276733
-
START:  GOOG
END:    103.78939771652222
-
START:  GOOGL
END:    104.04992723464966
-
START:  GPI
END:    104.3249499797821
-
START:  GPN
END:    104.60770535469055
-
START:  GRBK
END:    104.83302593231201
-
START:  GRMN
END:    105.07649874687195
-
START:  GRVY
END:    106.33747839927673
-
START:  GRWG
END:    106.48097276687622
-
START:  GWRE
END:    106.66278648376465
-
START:  HACK
END:    107.85349678993225
-
START:  HALO
END:    108.08540630340576
-
START:  HCI
END:    108.32698607444763
-
START:  HD
END:    108.6174795627594
-
START:  HEI
END:    108.920006275177
-
START:  HELE
END:    109.17650485038757
-
START:  HIBB
END:    109.39581394195557
-
START:  HLI
END:    110.57038855552673
-
START:  HLT
END:    110.74331855773926
-
START:  HOLX
END:    110.99091458320618
-
START:  HON
END:    111.3550157546997
-
START:  HOV
END:    111.57518339157104
-
START:  HRC
Not Found: No data found, symbol may be delisted
START:  HRI
END:    111.9163749217987
-
START:  HSKA
Not Found: No data found, symbol may be delisted
START:  HTHT
END:    112.18410134315491
-
START:  HUBS
END:    113.34922003746033
-
START:  HUM
END:    113.63586640357971
-
START:  HZNP
END:    113.68451642990112
-
START:  IAC
END:    113.96595907211304
-
START:  IBP
END:    115.1147871017456
-
START:  ICE
END:    115.41283679008484
-
START:  ICLN
END:    115.63492751121521
-
START:  ICLR
END:    115.85219216346741
-
START:  IDT
END:    116.1373553276062
-
START:  IDXX
END:    117.3680670261383
-
START:  IESC
END:    117.61415410041809
-
START:  IEX
END:    117.89630103111267
-
START:  ILMN
END:    118.14994144439697
-
START:  INFO
Not Found: No data found, symbol may be delisted
START:  INOV
END:    118.24394917488098
-
START:  INSP
END:    118.36084938049316
-
START:  INTC
END:    118.65319895744324
-
START:  INTU
END:    118.92215299606323
-
START:  INTZ
END:    119.15312147140503
-
START:  INVE
END:    120.4023106098175
-
START:  IOO
END:    120.6862723827362
-
START:  IQV
END:    120.83176708221436
-
START:  IRDM
END:    122.06257319450378
-
START:  IRMD
END:    122.22645020484924
-
START:  ISEE
Not Found: No data found, symbol may be delisted
START:  ISRG
END:    122.499751329422
-
START:  IT
END:    122.75715661048889
-
START:  ITT
END:    123.06944870948792
-
START:  ITW
END:    123.35752439498901
-
START:  IVOG
END:    123.57100939750671
-
START:  IVV
END:    123.86385774612427
-
START:  IXJ
END:    124.14576530456543
-
START:  IXN
END:    124.3871591091156
-
START:  J
END:    125.6582202911377
-
START:  JBL
END:    125.92797923088074
-
START:  JBSS
END:    127.23864507675171
-
START:  JD
END:    127.4081392288208
-
START:  JKHY
END:    127.69246196746826
-
START:  JKS
END:    128.86972999572754
-
START:  JNJ
END:    129.23132419586182
-
START:  JOE
END:    129.5108413696289
-
START:  JOUT
END:    129.82838225364685
-
START:  JYNT
END:    129.98321342468262
-
START:  KAI
END:    130.24105429649353
-
START:  KBH
END:    130.51432466506958
-
START:  KBR
END:    130.7582094669342
-
START:  KDMN
Not Found: No data found, symbol may be delisted
START:  KEYS
END:    130.9631371498108
-
START:  KLAC
END:    131.23802709579468
-
START:  KLIC
END:    132.50497913360596
-
START:  KMX
END:    132.7684953212738
-
START:  KNSL
END:    132.98384356498718
-
START:  KOPN
END:    133.23422241210938
-
START:  KOSS
END:    133.54023599624634
-
START:  KRNT
END:    133.67776322364807
-
START:  KSU
Not Found: No data found, symbol may be delisted
START:  KTOS
END:    133.9393539428711
-
START:  LAC
END:    133.99172496795654
-
START:  LAD
END:    134.2746102809906
-
START:  LANC
END:    134.57395815849304
-
START:  LAWS
Not Found: No data found, symbol may be delisted
START:  LDOS
END:    135.8828284740448
-
START:  LFMD
END:    137.0932593345642
-
START:  LGIH
END:    137.26909947395325
-
START:  LH
END:    137.56172966957092
-
START:  LHCG
Not Found: No data found, symbol may be delisted
START:  LHX
END:    137.93901944160461
-
START:  LII
END:    138.20201635360718
-
START:  LIN
END:    139.53123688697815
-
START:  LINC
END:    139.7538619041443
-
START:  LIT
END:    139.95375156402588
-
START:  LLY
END:    140.29609608650208
-
START:  LMT
END:    140.57647967338562
-
START:  LNT
END:    140.8950846195221
-
START:  LOB
END:    141.06685733795166
-
START:  LOGI
END:    141.3319752216339
-
START:  LOVE
END:    141.45237684249878
-
START:  LOW
END:    141.73867917060852
-
START:  LPLA
END:    142.95804286003113
-
START:  LPSN
END:    144.23304224014282
-
START:  LQDT
END:    144.46714663505554
-
START:  LRCX
END:    144.72958660125732
-
START:  LSCC
END:    144.94054913520813
-
START:  LSTR
END:    145.22391057014465
-
START:  LULU
END:    145.45886993408203
-
START:  LUNA
END:    145.68214106559753
-
START:  MA
END:    145.94399762153625
-
START:  MANH
END:    146.18572783470154
-
START:  MANT
Not Found: No data found, symbol may be delisted
START:  MARA
END:    147.41155004501343
-
START:  MASI
END:    147.64027643203735
-
START:  MATX
END:    147.942715883255
-
START:  MBUU
END:    148.10818719863892
-
START:  MCD
END:    148.4562737941742
-
START:  MCHP
END:    148.74638080596924
-
START:  MCO
END:    150.04601788520813
-
START:  MDB
END:    151.20058727264404
-
START:  MDT
END:    151.45883512496948
-
START:  MEDP
END:    151.5849814414978
-
START:  MEDS
END:    152.74525427818298
-
START:  MELI
END:    152.98361825942993
-
START:  MGC
END:    154.24736261367798
-
START:  MGIC
END:    154.53196215629578
-
START:  MGK
END:    154.7820019721985
-
START:  MGNI
END:    154.9603476524353
-
START:  MHO
END:    155.22250628471375
-
START:  MIME
Not Found: No data found, symbol may be delisted
START:  MITK
END:    155.478022813797
-
START:  MKC
END:    155.76623106002808
-
START:  MKSI
END:    157.0550947189331
-
START:  MKTX
END:    158.3383994102478
-
START:  MLAB
END:    159.6042022705078
-
START:  MLR
END:    159.8814423084259
-
START:  MMC
END:    161.21809911727905
-
START:  MMS
END:    161.48428535461426
-
START:  MNMD
END:    162.65162634849548
-
START:  MNST
END:    163.92799377441406
-
START:  MODN
END:    164.07435822486877
-
START:  MODV
END:    164.32775211334229
-
START:  MOH
END:    164.5770149230957
-
START:  MORN
END:    164.80673241615295
-
START:  MPWR
END:    165.06807923316956
-
START:  MRTX
Not Found: No data found, symbol may be delisted
START:  MRVL
END:    166.3885579109192
-
START:  MS
END:    166.67001914978027
-
START:  MSA
END:    167.95057106018066
-
START:  MSCI
END:    168.19434928894043
-
START:  MSEX
END:    169.4893023967743
-
START:  MSFT
END:    169.76642847061157
-
START:  MSI
END:    171.12220788002014
-
START:  MSTR
END:    171.37904810905457
-
START:  MTBC
Not Found: No data found, symbol may be delisted
START:  MTCH
END:    171.66518688201904
-
START:  MTD
END:    171.9187822341919
-
START:  MTEX
END:    172.16265082359314
-
START:  MTH
END:    173.45525550842285
-
START:  MTLS
END:    174.652649641037
-
START:  MTSI
END:    174.84110069274902
-
START:  MU
END:    175.13448023796082
-
START:  MUSA
END:    175.3081214427948
-
START:  MVIS
END:    176.56633019447327
-
START:  MXL
END:    177.76287150382996
-
START:  MYRG
END:    177.94844245910645
-
START:  NBIX
END:    178.19493436813354
-
START:  NCBS
Not Found: No data found, symbol may be delisted
START:  NDAQ
END:    178.52721238136292
-
START:  NDSN
END:    178.82072854042053
-
START:  NEE
END:    179.14888715744019
-
START:  NEO
END:    180.40654253959656
-
START:  NEOG
END:    181.68952107429504
-
START:  NFLX
END:    181.9524793624878
-
START:  NICE
END:    182.21592950820923
-
START:  NISN
END:    183.3533899784088
-
START:  NKE
END:    183.68212819099426
-
START:  NOVT
END:    184.9229907989502
-
START:  NOW
END:    185.07628178596497
-
START:  NSC
END:    185.39560079574585
-
START:  NSIT
END:    185.64490032196045
-
START:  NSSC
END:    185.88809490203857
-
START:  NSTG
END:    186.0564386844635
-
START:  NTLA
END:    186.20341515541077
-
START:  NTRA
END:    187.36825728416443
-
START:  NUAN
Not Found: No data found, symbol may be delisted
START:  NVCR
END:    187.56825494766235
-
START:  NVDA
END:    188.98348999023438
-
START:  NVMI
END:    189.23025798797607
-
START:  NVO
END:    190.50337147712708
-
START:  NVR
END:    191.7591953277588
-
START:  NXST
END:    191.99405598640442
-
START:  NYT
END:    192.30742692947388
-
START:  OBCI
Not Found: No data found, symbol may be delisted
START:  ODFL
END:    192.6236810684204
-
START:  OEF
END:    192.92689561843872
-
START:  OFLX
END:    193.25925469398499
-
START:  OLED
END:    194.51321840286255
-
START:  OMCL
END:    194.74488162994385
-
START:  ON
END:    196.02921509742737
-
START:  OOMA
END:    196.18247175216675
-
START:  OPRX
END:    196.39883542060852
-
START:  ORA
END:    196.63231801986694
-
START:  ORCL
END:    196.91186594963074
-
START:  ORLY
END:    197.13724398612976
-
START:  ORMP
END:    197.3490695953369
-
START:  OTEX
END:    198.62680745124817
-
START:  PACB
END:    198.8147382736206
-
START:  PAG
END:    199.09884810447693
-
START:  PANW
END:    199.2739155292511
-
START:  PAR
END:    199.4872853755951
-
START:  PAYC
END:    199.66076254844666
-
START:  PAYX
END:    199.93685626983643
-
START:  PBD
END:    200.15705370903015
-
START:  PCTY
END:    201.3281373977661
-
START:  PEGA
END:    201.60545802116394
-
START:  PEN
END:    202.76904249191284
-
START:  PENN
END:    203.03049850463867
-
START:  PEP
END:    203.38080167770386
-
START:  PERI
END:    203.6024694442749
-
START:  PFSI
END:    203.78455233573914
-
START:  PGR
END:    204.07059621810913
-
START:  PH
END:    205.39827728271484
-
START:  PHM
END:    205.7138352394104
-
START:  PKI
Not Found: No data found, symbol may be delisted
START:  PLL
END:    205.8832561969757
-
START:  PLNT
END:    206.0384006500244
-
START:  PLUG
END:    206.29701280593872
-
START:  PLXS
END:    206.54987454414368
-
START:  PODD
END:    206.7449586391449
-
START:  POOL
END:    207.02582097053528
-
START:  POWI
END:    208.34131693840027
-
START:  PRFT
END:    208.60131430625916
-
START:  PRI
END:    209.82634019851685
-
START:  PRTA
END:    210.012948513031
-
START:  PRTS
END:    210.224285364151
-
START:  PTSI
END:    210.46340441703796
-
START:  PWR
END:    210.68946743011475
-
START:  PYPL
END:    210.80914855003357
-
START:  QADA
Not Found: No data found, symbol may be delisted
START:  QCLN
END:    211.09325575828552
-
START:  QDEL
END:    211.323716878891
-
START:  QGEN
END:    212.62666058540344
-
START:  QLYS
END:    212.8079435825348
-
START:  QQQ
END:    213.07433915138245
-
START:  QRVO
END:    213.23922729492188
-
START:  QTWO
END:    213.40595149993896
-
START:  RADA
Not Found: No data found, symbol may be delisted
START:  RAMP
END:    213.70525646209717
-
START:  RBA
END:    213.94849610328674
-
START:  RCII
Not Found: No data found, symbol may be delisted
START:  RCKY
END:    215.26383757591248
-
START:  RDNT
END:    215.56237316131592
-
START:  RDVT
END:    216.66425251960754
-
START:  RDWR
END:    216.91501235961914
-
START:  REGI
END:    217.09777903556824
-
START:  RENN
Not Found: No data found, symbol may be delisted
START:  RGEN
END:    217.38911056518555
-
START:  RH
END:    217.56273937225342
-
START:  RILY
END:    217.76690554618835
-
START:  RIOT
END:    217.9195737838745
-
START:  RLI
END:    218.23532891273499
-
START:  RLMD
END:    219.3880491256714
-
START:  RMD
END:    219.65239572525024
-
START:  RNG
END:    219.83017301559448
-
START:  ROBO
END:    219.9833323955536
-
START:  ROCK
END:    220.22665691375732
-
START:  ROK
END:    220.54402208328247
-
START:  ROKU
END:    220.67955780029297
-
START:  ROL
END:    220.99173545837402
-
START:  ROP
END:    222.2951500415802
-
START:  ROST
END:    222.60697436332703
-
START:  RPD
END:    222.76220679283142
-
START:  RPM
END:    223.0640218257904
-
START:  RSG
END:    223.3412787914276
-
START:  RTH
END:    223.61729192733765
-
START:  RUN
END:    224.79279112815857
-
START:  RXI
END:    225.05171251296997
-
START:  SAIA
END:    225.29157710075378
-
START:  SAIC
END:    226.4823808670044
-
START:  SAM
END:    226.7262408733368
-
START:  SAVA
END:    226.9653136730194
-
START:  SCI
END:    227.25862979888916
-
START:  SCL
END:    227.55382776260376
-
START:  SE
END:    227.69470047950745
-
START:  SEAS
Not Found: No data found, symbol may be delisted
START:  SEDG
END:    227.88086533546448
-
START:  SFBS
END:    229.069584608078
-
START:  SGEN
Not Found: No data found, symbol may be delisted
START:  SGMS
Not Found: No data found, symbol may be delisted
START:  SGRY
END:    230.31400871276855
-
START:  SHOP
END:    231.473548412323
-
START:  SHW
END:    231.77728915214539
-
START:  SHYF
END:    232.02583813667297
-
START:  SITE
END:    232.18008184432983
-
START:  SIVB
END:    233.25602960586548
-
START:  SJW
END:    233.62695407867432
-
START:  SKY
END:    233.90972709655762
-
START:  SLAB
END:    234.16895031929016
-
START:  SLP
END:    234.43108224868774
-
START:  SMH
END:    234.67965149879456
-
START:  SMTC
END:    235.95426154136658
-
START:  SNAP
END:    237.12415671348572
-
START:  SNPS
END:    238.38266825675964
-
START:  SOCL
END:    238.55936551094055
-
START:  SOXL
END:    238.78993964195251
-
START:  SPGI
END:    239.12644791603088
-
START:  SPLG
END:    240.40047121047974
-
START:  SPLK
Not Found: No data found, symbol may be delisted
START:  SPNS
END:    240.70291996002197
-
START:  SPSC
END:    240.8780128955841
-
START:  SPTM
END:    241.18362498283386
-
START:  SPWH
END:    241.35089015960693
-
START:  SPWR
END:    241.56833910942078
-
START:  SPXC
END:    241.84161472320557
-
START:  SPXL
END:    243.11871194839478
-
START:  SPY
END:    243.4295608997345
-
START:  SPYG
END:    243.75066757202148
-
START:  SQ
END:    243.88239240646362
-
START:  SSD
END:    244.1667513847351
-
START:  SSNC
END:    244.38860177993774
-
START:  SSTK
END:    244.56699776649475
-
START:  STAA
END:    244.81081652641296
-
START:  STE
END:    245.0931487083435
-
START:  SUSA
END:    245.34000182151794
-
START:  SYK
END:    245.64354300498962
-
START:  SYNA
END:    245.88151454925537
-
START:  TBBK
END:    246.09044337272644
-
START:  TBK
Not Found: No data found, symbol may be delisted
START:  TDG
END:    246.39367127418518
-
START:  TDOC
END:    246.55432152748108
-
START:  TDY
END:    246.7975778579712
-
START:  TEAM
END:    246.9583351612091
-
START:  TECH
END:    247.2853226661682
-
START:  TECL
END:    248.55479907989502
-
START:  TER
END:    248.83146142959595
-
START:  TFX
END:    249.14345812797546
-
START:  TGH
Not Found: No data found, symbol may be delisted
START:  TGLS
END:    249.3686854839325
-
START:  TGT
END:    249.65995502471924
-
START:  TGTX
END:    249.86124897003174
-
START:  THC
END:    251.10806822776794
-
START:  TJX
END:    251.4225811958313
-
START:  TMO
END:    251.72418975830078
-
START:  TMUS
END:    251.96525120735168
-
START:  TNDM
END:    252.13941717147827
-
START:  TNET
END:    252.31648659706116
-
START:  TPX
END:    253.60443496704102
-
START:  TREX
END:    253.86600184440613
-
START:  TRI
END:    254.18230986595154
-
START:  TRIL
Not Found: No data found, symbol may be delisted
START:  TRMB
END:    255.4575560092926
-
START:  TRNS
END:    256.68007040023804
-
START:  TROW
END:    258.00280928611755
-
START:  TRU
END:    258.17114901542664
-
START:  TRUP
END:    258.32735300064087
-
START:  TSCO
END:    258.60600996017456
-
START:  TSLA
END:    258.8216161727905
-
START:  TSM
END:    259.0558571815491
-
START:  TT
END:    259.3722302913666
-
START:  TTC
END:    260.69061613082886
-
START:  TTD
END:    260.83886075019836
-
START:  TTEC
END:    261.10674571990967
-
START:  TTEK
END:    262.4170722961426
-
START:  TTGT
END:    262.6383407115936
-
START:  TTWO
END:    262.88967204093933
-
START:  TWLO
END:    263.04758405685425
-
START:  TXN
END:    263.37746000289917
-
START:  TYL
END:    263.6214556694031
-
START:  UCTT
END:    264.8888199329376
-
START:  UFPI
END:    265.17009711265564
-
START:  UFPT
END:    265.43573546409607
-
START:  UI
END:    265.6252362728119
-
START:  UMC
END:    265.88942217826843
-
START:  UNF
END:    266.198623418808
-
START:  UNH
END:    266.46104097366333
-
START:  UNP
END:    267.8013677597046
-
START:  UPLD
END:    267.9672553539276
-
START:  URI
END:    268.23314452171326
-
START:  V
END:    269.45396971702576
-
START:  VALU
END:    269.767373085022
-
START:  VBK
END:    270.0542163848877
-
START:  VCEL
END:    270.28841161727905
-
START:  VCR
END:    270.5564978122711
-
START:  VCTR
END:    270.65965461730957
-
START:  VCYT
END:    271.84696316719055
-
START:  VDC
END:    272.15187072753906
-
START:  VEEV
END:    273.33776450157166
-
START:  VERU
END:    274.61268854141235
-
START:  VGT
END:    274.8878049850464
-
START:  VHT
END:    275.17332792282104
-
START:  VIAV
END:    275.4338057041168
-
START:  VICR
END:    276.69385147094727
-
START:  VIG
END:    276.9645907878876
-
START:  VO
END:    277.25452518463135
-
START:  VONE
END:    277.49073004722595
-
START:  VONG
END:    278.7379217147827
-
START:  VOO
END:    278.9478018283844
-
START:  VOOG
END:    279.1323142051697
-
START:  VOOV
END:    279.3492934703827
-
START:  VOT
END:    279.6251564025879
-
START:  VPU
END:    279.91072154045105
-
START:  VRNS
END:    280.08974742889404
-
START:  VRSK
END:    280.3278729915619
-
START:  VRSN
END:    280.58855414390564
-
START:  VRTV
Not Found: No data found, symbol may be delisted
START:  VSTO
END:    281.81710481643677
-
START:  VTHR
END:    282.0205216407776
-
START:  VTI
END:    282.3142056465149
-
START:  VTNR
END:    283.5504343509674
-
START:  VTWG
END:    283.76563811302185
-
START:  VUG
END:    284.04514336586
-
START:  VV
END:    284.3274805545807
-
START:  VXF
END:    285.6131076812744
-
START:  WCN
END:    285.8800539970398
-
START:  WD
END:    286.0794188976288
-
START:  WDAY
END:    286.23280692100525
-
START:  WDFC
END:    287.5645639896393
-
START:  WEC
END:    287.880455493927
-
START:  WEN
END:    288.1678388118744
-
START:  WINA
END:    289.4502217769623
-
START:  WING
END:    289.5928337574005
-
START:  WIRE
END:    290.8875963687897
-
START:  WIX
END:    291.05441546440125
-
START:  WK
END:    292.1951177120209
-
START:  WLTW
Not Found: No data found, symbol may be delisted
START:  WM
END:    292.5337278842926
-
START:  WMS
END:    292.68544840812683
-
START:  WNS
END:    292.92230463027954
-
START:  WRB
END:    293.2179911136627
-
START:  WSC
END:    293.3678846359253
-
START:  WSM
END:    294.691499710083
-
START:  WST
END:    294.99372959136963
-
START:  WTRG
END:    296.383670091629
-
START:  WTS
END:    297.70398688316345
-
START:  XEL
END:    297.98807072639465
-
START:  XENE
END:    298.13878178596497
-
START:  XLK
END:    298.4192473888397
-
START:  XLNX
Not Found: No data found, symbol may be delisted
START:  XLP
END:    299.78375339508057
-
START:  XLRN
Not Found: No data found, symbol may be delisted
START:  XLU
END:    300.0627107620239
-
START:  XLV
END:    300.35411643981934
-
START:  XLY
END:    300.6516773700714
-
START:  XYL
END:    300.82975482940674
-
START:  YNDX
END:    302.02521300315857
-
START:  YORW
END:    302.3140194416046
-
START:  YUM
END:    302.59188318252563
-
START:  Z
END:    302.7489297389984
-
START:  ZBRA
END:    303.0085391998291
-
START:  ZEN
Not Found: No data found, symbol may be delisted
START:  ZLAB
END:    303.1883075237274
-
START:  ZNGA
Not Found: No data found, symbol may be delisted
START:  ZS
END:    304.3982524871826
-
START:  ZTS
END:    304.61335492134094
-
START:  ZYXI
END:    304.8540663719177
-
===========================
MACD golden cross
===========================
START:  code
START:  A
START:  AAON
START:  AAPL
START:  ABG
START:  ABT
START:  ACLS
START:  ACMR
START:  ACN
START:  ADBE
START:  ADI
START:  ADP
START:  ADSK
START:  ADUS
START:  AEE
START:  AGYS
START:  AIZ
START:  AJG
START:  AJRD
START:  ALB
START:  ALG
START:  ALGN
START:  ALLE
START:  ALTR
START:  AMAT
START:  AMBA
START:  AMD
START:  AME
START:  AMED
START:  AMEH
START:  AMGN
START:  AMN
START:  AMP
START:  AMRC
START:  AMSWA
START:  AMTX
START:  AMZN
START:  AN
START:  ANSS
START:  ANTM
START:  AON
START:  AOSL
START:  APD
START:  APH
START:  APPF
START:  APPN
START:  APPS
START:  AQN
START:  ARCB
START:  ARCT
START:  ARES
START:  ARGX
START:  ARWR
START:  ASML
START:  ASPN
START:  ATEC
START:  ATEN
START:  ATKR
START:  ATOM
START:  ATR
START:  ATRC
START:  AUDC
START:  AUPH
START:  AVAV
START:  AVGO
START:  AVID
START:  AVNW
START:  AVXL
START:  AVY
START:  AWK
START:  AWR
START:  AXON
START:  AZO
START:  AZPN
START:  BAH
START:  BAM
START:  BAX
START:  BBH
START:  BBQ
START:  BBY
START:  BCPC
START:  BDX
START:  BEEM
START:  BFAM
START:  BFC
START:  BGFV
START:  BGNE
START:  BHVN
START:  BIO
START:  BL
START:  BLD
START:  BLDP
START:  BLDR
START:  BLFS
START:  BLK
START:  BLL
START:  BLNK
START:  BMI
START:  BOOT
START:  BOTZ
START:  BR
START:  BRKR
START:  BRKS
START:  BRO
START:  BURL
START:  BX
START:  CABO
START:  CACI
START:  CALX
START:  CAMT
START:  CAR
START:  CBRE
START:  CBSH
START:  CBZ
START:  CCOI
START:  CCS
START:  CDMO
START:  CDNA
START:  CDNS
START:  CDW
START:  CELH
START:  CGNX
START:  CHD
START:  CHDN
START:  CHE
START:  CHGG
START:  CHH
START:  CHKP
START:  CHTR
START:  CIEN
START:  CLAR
START:  CLFD
START:  CLGN
START:  CLNE
START:  CLPT
START:  CLX
START:  CMCSA
START:  CMG
START:  CMS
START:  CNC
START:  CNI
START:  CNMD
START:  CNS
START:  CNXN
START:  COO
START:  COST
START:  COUP
START:  COWN
START:  CP
START:  CPK
START:  CPRT
START:  CPSH
START:  CRAI
START:  CREE
START:  CRL
START:  CRM
START:  CRMT
START:  CROX
START:  CRSP
START:  CRVL
START:  CSGP
START:  CSL
START:  CSWI
START:  CSX
START:  CTAS
START:  CTLT
START:  CTRN
START:  CURE
START:  CVCO
START:  CVNA
START:  CWST
START:  CWT
START:  CXSE
START:  CYBR
START:  CYRX
START:  CYTK
START:  DAC
START:  DAR
START:  DAVA
START:  DDS
START:  DE
START:  DECK
START:  DELL
START:  DFIN
START:  DG
START:  DGRW
START:  DHI
START:  DHR
START:  DIA
START:  DIOD
START:  DIS
START:  DKS
START:  DLN
START:  DNLI
START:  DOMO
START:  DOV
START:  DPZ
START:  DQ
START:  DRD
START:  DRIO
START:  DRNA
START:  DSGX
START:  DVAX
START:  DXCM
START:  ECL
START:  EFX
START:  EGAN
START:  EHC
START:  EL
START:  ENPH
START:  ENSG
START:  ENTG
START:  ENV
START:  EPAM
START:  ERIE
START:  ES
START:  ESE
START:  ETN
START:  ETSY
START:  EVBG
START:  EVTC
START:  EW
START:  EWT
START:  EXAS
START:  EXLS
START:  EXPD
START:  EXPI
START:  EXPO
START:  FAST
START:  FATE
START:  FB
START:  FCN
START:  FCX
START:  FDN
START:  FDS
START:  FELE
START:  FFIN
START:  FICO
START:  FINX
START:  FIS
START:  FISV
START:  FIVE
START:  FIVN
START:  FLGT
START:  FLT
START:  FLWS
START:  FN
START:  FND
START:  FNV
START:  FORM
START:  FOXF
START:  FPX
START:  FRC
START:  FRHC
START:  FRPT
START:  FSS
START:  FTNT
START:  FUV
START:  GDEN
START:  GFI
START:  GGG
START:  GIB
START:  GLDD
START:  GLOB
START:  GMAB
START:  GME
START:  GMED
START:  GNRC
START:  GNSS
START:  GNTX
START:  GOLF
START:  GOOG
START:  GOOGL
START:  GPI
START:  GPN
START:  GRBK
START:  GRMN
START:  GRVY
START:  GRWG
START:  GWRE
START:  HACK
START:  HALO
START:  HCI
START:  HD
START:  HEI
START:  HELE
START:  HIBB
START:  HLI
START:  HLT
START:  HOLX
START:  HON
START:  HOV
START:  HRC
START:  HRI
START:  HSKA
START:  HTHT
START:  HUBS
START:  HUM
START:  HZNP
START:  IAC
START:  IBP
START:  ICE
START:  ICLN
START:  ICLR
START:  IDT
START:  IDXX
START:  IESC
START:  IEX
START:  ILMN
START:  INFO
START:  INOV
START:  INSP
START:  INTC
START:  INTU
START:  INTZ
START:  INVE
START:  IOO
START:  IQV
START:  IRDM
START:  IRMD
START:  ISEE
START:  ISRG
START:  IT
START:  ITT
START:  ITW
START:  IVOG
START:  IVV
START:  IXJ
START:  IXN
START:  J
START:  JBL
START:  JBSS
START:  JD
START:  JKHY
START:  JKS
START:  JNJ
START:  JOE
START:  JOUT
START:  JYNT
START:  KAI
START:  KBH
START:  KBR
START:  KDMN
START:  KEYS
START:  KLAC
START:  KLIC
START:  KMX
START:  KNSL
START:  KOPN
START:  KOSS
START:  KRNT
START:  KSU
START:  KTOS
START:  LAC
START:  LAD
START:  LANC
START:  LAWS
START:  LDOS
START:  LFMD
START:  LGIH
START:  LH
START:  LHCG
START:  LHX
START:  LII
START:  LIN
START:  LINC
START:  LIT
START:  LLY
START:  LMT
START:  LNT
START:  LOB
START:  LOGI
START:  LOVE
START:  LOW
START:  LPLA
START:  LPSN
START:  LQDT
START:  LRCX
START:  LSCC
START:  LSTR
START:  LULU
START:  LUNA
START:  MA
START:  MANH
START:  MANT
START:  MARA
START:  MASI
START:  MATX
START:  MBUU
START:  MCD
START:  MCHP
START:  MCO
START:  MDB
START:  MDT
START:  MEDP
START:  MEDS
START:  MELI
START:  MGC
START:  MGIC
START:  MGK
START:  MGNI
START:  MHO
START:  MIME
START:  MITK
START:  MKC
START:  MKSI
START:  MKTX
START:  MLAB
START:  MLR
START:  MMC
START:  MMS
START:  MNMD
START:  MNST
START:  MODN
START:  MODV
START:  MOH
START:  MORN
START:  MPWR
START:  MRTX
START:  MRVL
START:  MS
START:  MSA
START:  MSCI
START:  MSEX
START:  MSFT
START:  MSI
START:  MSTR
START:  MTBC
START:  MTCH
START:  MTD
START:  MTEX
START:  MTH
START:  MTLS
START:  MTSI
START:  MU
START:  MUSA
START:  MVIS
START:  MXL
START:  MYRG
START:  NBIX
START:  NCBS
START:  NDAQ
START:  NDSN
START:  NEE
START:  NEO
START:  NEOG
START:  NFLX
START:  NICE
START:  NISN
START:  NKE
START:  NOVT
START:  NOW
START:  NSC
START:  NSIT
START:  NSSC
START:  NSTG
START:  NTLA
START:  NTRA
START:  NUAN
START:  NVCR
START:  NVDA
START:  NVMI
START:  NVO
START:  NVR
START:  NXST
START:  NYT
START:  OBCI
START:  ODFL
START:  OEF
START:  OFLX
START:  OLED
START:  OMCL
START:  ON
START:  OOMA
START:  OPRX
START:  ORA
START:  ORCL
START:  ORLY
START:  ORMP
START:  OTEX
START:  PACB
START:  PAG
START:  PANW
START:  PAR
START:  PAYC
START:  PAYX
START:  PBD
START:  PCTY
START:  PEGA
START:  PEN
START:  PENN
START:  PEP
START:  PERI
START:  PFSI
START:  PGR
START:  PH
START:  PHM
START:  PKI
START:  PLL
START:  PLNT
START:  PLUG
START:  PLXS
START:  PODD
START:  POOL
START:  POWI
START:  PRFT
START:  PRI
START:  PRTA
START:  PRTS
START:  PTSI
START:  PWR
START:  PYPL
START:  QADA
START:  QCLN
START:  QDEL
START:  QGEN
START:  QLYS
START:  QQQ
START:  QRVO
START:  QTWO
START:  RADA
START:  RAMP
START:  RBA
START:  RCII
START:  RCKY
START:  RDNT
START:  RDVT
START:  RDWR
START:  REGI
START:  RENN
START:  RGEN
START:  RH
START:  RILY
START:  RIOT
START:  RLI
START:  RLMD
START:  RMD
START:  RNG
START:  ROBO
START:  ROCK
START:  ROK
START:  ROKU
START:  ROL
START:  ROP
START:  ROST
START:  RPD
START:  RPM
START:  RSG
START:  RTH
START:  RUN
START:  RXI
START:  SAIA
START:  SAIC
START:  SAM
START:  SAVA
START:  SCI
START:  SCL
START:  SE
START:  SEAS
START:  SEDG
START:  SFBS
START:  SGEN
START:  SGMS
START:  SGRY
START:  SHOP
START:  SHW
START:  SHYF
START:  SITE
START:  SIVB
START:  SJW
START:  SKY
START:  SLAB
START:  SLP
START:  SMH
START:  SMTC
START:  SNAP
START:  SNPS
START:  SOCL
START:  SOXL
START:  SPGI
START:  SPLG
START:  SPLK
START:  SPNS
START:  SPSC
START:  SPTM
START:  SPWH
START:  SPWR
START:  SPXC
START:  SPXL
START:  SPY
START:  SPYG
START:  SQ
START:  SSD
START:  SSNC
START:  SSTK
START:  STAA
START:  STE
START:  SUSA
START:  SYK
START:  SYNA
START:  TBBK
START:  TBK
START:  TDG
START:  TDOC
START:  TDY
START:  TEAM
START:  TECH
START:  TECL
START:  TER
START:  TFX
START:  TGH
START:  TGLS
START:  TGT
START:  TGTX
START:  THC
START:  TJX
START:  TMO
START:  TMUS
START:  TNDM
START:  TNET
START:  TPX
START:  TREX
START:  TRI
START:  TRIL
START:  TRMB
START:  TRNS
START:  TROW
START:  TRU
START:  TRUP
START:  TSCO
START:  TSLA
START:  TSM
START:  TT
START:  TTC
START:  TTD
START:  TTEC
START:  TTEK
START:  TTGT
START:  TTWO
START:  TWLO
START:  TXN
START:  TYL
START:  UCTT
START:  UFPI
START:  UFPT
START:  UI
START:  UMC
START:  UNF
START:  UNH
START:  UNP
START:  UPLD
START:  URI
START:  V
START:  VALU
START:  VBK
START:  VCEL
START:  VCR
START:  VCTR
START:  VCYT
START:  VDC
START:  VEEV
START:  VERU
START:  VGT
START:  VHT
START:  VIAV
START:  VICR
START:  VIG
START:  VO
START:  VONE
START:  VONG
START:  VOO
START:  VOOG
START:  VOOV
START:  VOT
START:  VPU
START:  VRNS
START:  VRSK
START:  VRSN
START:  VRTV
START:  VSTO
START:  VTHR
START:  VTI
START:  VTNR
START:  VTWG
START:  VUG
START:  VV
START:  VXF
START:  WCN
START:  WD
START:  WDAY
START:  WDFC
START:  WEC
START:  WEN
START:  WINA
START:  WING
START:  WIRE
START:  WIX
START:  WK
START:  WLTW
START:  WM
START:  WMS
START:  WNS
START:  WRB
START:  WSC
START:  WSM
START:  WST
START:  WTRG
START:  WTS
START:  XEL
START:  XENE
START:  XLK
START:  XLNX
START:  XLP
START:  XLRN
START:  XLU
START:  XLV
START:  XLY
START:  XYL
START:  YNDX
START:  YORW
START:  YUM
START:  Z
START:  ZBRA
START:  ZEN
START:  ZLAB
START:  ZNGA
START:  ZS
START:  ZTS
START:  ZYXI
==== MACD golden cross ====
None
code: AMAT     day: macd + hist + hist_1pre + ,  Week: macd + hist + hist_1pre - , Month: macd + hist + hist_1pre + , 
Trade --> code: AMAT   BUY: 2006-10-31   17.39 SELL: 2008-09-30   15.13  macd:   -0.19 macd_count:  23 profit:  0.87
Trade --> code: AMAT   BUY: 2011-02-28   16.43 SELL: 2011-08-31   11.32  macd:   -0.11 macd_count:   6 profit:  0.69
Trade --> code: AMAT   BUY: 2013-04-30   14.51 SELL: 2015-10-31   16.77  macd:   -0.15 macd_count:  30 profit:  1.16
Trade --> code: AMAT   BUY: 2016-03-31   21.18 SELL: 2019-02-28   38.34  macd:   -0.15 macd_count:  35 profit:  1.81
Trade --> code: AMAT   BUY: 2019-04-30   44.07 SELL: 2019-05-31   38.69  macd:   -0.15 macd_count:   1 profit:  0.88
Trade --> code: AMAT   BUY: 2019-06-30   44.91 SELL: 2022-12-31   97.38  macd:   -0.27 macd_count:  42 profit:  2.17
Trade --> code: AMAT   BUY: 2023-01-31  111.49 SELL: 2024-05-31  220.89  macd:   22.05 macd_count:  17 profit:  1.98

code: AMP      day: macd + hist + hist_1pre + ,  Week: macd + hist + hist_1pre - , Month: macd + hist + hist_1pre + , 
Trade --> code: AMP    BUY: 2008-01-31   55.31 SELL: 2008-07-31   42.50  macd:   -0.22 macd_count:   6 profit:  0.77
Trade --> code: AMP    BUY: 2010-04-30   46.36 SELL: 2016-02-29   83.95  macd:   -1.14 macd_count:  70 profit:  1.81
Trade --> code: AMP    BUY: 2017-02-28  131.50 SELL: 2019-01-31  126.60  macd:   -0.14 macd_count:  23 profit:  0.96
Trade --> code: AMP    BUY: 2019-04-30  146.77 SELL: 2020-04-30  114.94  macd:   -0.70 macd_count:  12 profit:  0.78
Trade --> code: AMP    BUY: 2020-06-30  150.04 SELL: 2024-05-31  440.97  macd:   35.51 macd_count:  48 profit:  2.94

code: AVGO     day: macd + hist + hist_1pre + ,  Week: macd + hist + hist_1pre - , Month: macd + hist + hist_1pre + , 
Trade --> code: AVGO   BUY: 2011-12-31   28.86 SELL: 2024-05-31 1407.84  macd:  187.60 macd_count: 150 profit: 48.78

code: CSWI     day: macd + hist + hist_1pre + ,  Week: macd + hist + hist_1pre - , Month: macd + hist + hist_1pre + , 
Trade --> code: CSWI   BUY: 2018-01-31   47.90 SELL: 2024-05-31  261.69  macd:   28.90 macd_count:  77 profit:  5.46

code: DECK     day: macd + hist + hist_1pre + ,  Week: macd + hist + hist_1pre - , Month: macd + hist + hist_1pre + , 
Trade --> code: DECK   BUY: 2006-10-31   17.72 SELL: 2009-01-31   17.41  macd:   -0.13 macd_count:  27 profit:  0.98
Trade --> code: DECK   BUY: 2010-01-31   32.72 SELL: 2012-07-31   41.71  macd:   -1.90 macd_count:  30 profit:  1.27
Trade --> code: DECK   BUY: 2013-11-30   82.64 SELL: 2015-09-30   58.06  macd:   -1.09 macd_count:  22 profit:  0.70
Trade --> code: DECK   BUY: 2017-09-30   68.41 SELL: 2024-05-31 1032.90  macd:  134.74 macd_count:  81 profit: 15.10

code: ISRG     day: macd + hist + hist_1pre + ,  Week: macd + hist + hist_1pre - , Month: macd + hist + hist_1pre + , 
Trade --> code: ISRG   BUY: 2006-10-31   11.02 SELL: 2009-01-31   11.47  macd:   -0.10 macd_count:  27 profit:  1.04
Trade --> code: ISRG   BUY: 2009-09-30   29.14 SELL: 2013-10-31   41.28  macd:   -0.56 macd_count:  49 profit:  1.42
Trade --> code: ISRG   BUY: 2014-10-31   55.09 SELL: 2022-08-31  205.74  macd:   -2.17 macd_count:  94 profit:  3.73
Trade --> code: ISRG   BUY: 2023-04-30  301.22 SELL: 2024-05-31  404.85  macd:   30.19 macd_count:  14 profit:  1.34

code: IXN      day: macd + hist + hist_1pre + ,  Week: macd + hist + hist_1pre - , Month: macd + hist + hist_1pre + , 
Trade --> code: IXN    BUY: 2006-10-31    9.42 SELL: 2008-09-30    8.11  macd:   -0.05 macd_count:  23 profit:  0.86
Trade --> code: IXN    BUY: 2010-02-28    8.98 SELL: 2022-12-31   44.83  macd:   -0.18 macd_count: 154 profit:  4.99
Trade --> code: IXN    BUY: 2023-03-31   54.36 SELL: 2024-05-31   77.89  macd:    5.56 macd_count:  15 profit:  1.43

code: LII      day: macd + hist + hist_1pre + ,  Week: macd + hist + hist_1pre - , Month: macd + hist + hist_1pre + , 
Trade --> code: LII    BUY: 2006-10-31   26.96 SELL: 2009-01-31   28.11  macd:   -0.06 macd_count:  27 profit:  1.04
Trade --> code: LII    BUY: 2009-08-31   35.88 SELL: 2011-09-30   25.78  macd:   -0.49 macd_count:  25 profit:  0.72
Trade --> code: LII    BUY: 2012-06-30   46.63 SELL: 2022-05-31  208.90  macd:   -4.57 macd_count: 119 profit:  4.48
Trade --> code: LII    BUY: 2023-06-30  326.07 SELL: 2024-05-31  503.42  macd:   51.58 macd_count:  12 profit:  1.54

code: LPLA     day: macd + hist + hist_1pre + ,  Week: macd + hist + hist_1pre - , Month: macd + hist + hist_1pre + , 
Trade --> code: LPLA   BUY: 2013-05-31   37.08 SELL: 2016-01-31   30.42  macd:   -0.65 macd_count:  32 profit:  0.82
Trade --> code: LPLA   BUY: 2017-04-30   42.04 SELL: 2024-05-31  284.40  macd:   20.60 macd_count:  86 profit:  6.76

code: LSCC     day: macd + hist + hist_1pre + ,  Week: macd + hist + hist_1pre - , Month: macd + hist - hist_1pre - , 
Trade --> code: LSCC   BUY: 2006-10-31    6.21 SELL: 2007-08-31    4.99  macd:   -0.03 macd_count:  10 profit:  0.80
Trade --> code: LSCC   BUY: 2010-04-30    5.26 SELL: 2012-07-31    3.71  macd:   -0.00 macd_count:  27 profit:  0.71
Trade --> code: LSCC   BUY: 2013-11-30    5.57 SELL: 2015-07-31    4.92  macd:   -0.00 macd_count:  20 profit:  0.88
Trade --> code: LSCC   BUY: 2016-09-30    6.49 SELL: 2017-11-30    5.87  macd:   -0.03 macd_count:  14 profit:  0.90
Trade --> code: LSCC   BUY: 2018-07-31    7.69 SELL: 2024-05-31   76.57  macd:    2.79 macd_count:  71 profit:  9.96

code: MARA     day: macd + hist + hist_1pre + ,  Week: macd + hist + hist_1pre - , Month: macd + hist + hist_1pre + , 
Trade --> code: MARA   BUY: 2014-11-30  119.52 SELL: 2015-07-31   48.16  macd:   -2.62 macd_count:   8 profit:  0.40
Trade --> code: MARA   BUY: 2021-01-31   20.74 SELL: 2022-07-31   12.99  macd:   -0.14 macd_count:  18 profit:  0.63
Trade --> code: MARA   BUY: 2024-02-29   25.90 SELL: 2024-05-31   21.21  macd:    1.12 macd_count:   4 profit:  0.82

code: MGC      day: macd + hist + hist_1pre + ,  Week: macd + hist + hist_1pre - , Month: macd + hist + hist_1pre + , 
Trade --> code: MGC    BUY: 2011-01-31   43.96 SELL: 2024-05-31  190.20  macd:   10.30 macd_count: 161 profit:  4.33

code: MGK      day: macd + hist + hist_1pre + ,  Week: macd + hist + hist_1pre - , Month: macd + hist + hist_1pre + , 
Trade --> code: MGK    BUY: 2010-11-30   45.09 SELL: 2022-10-31  180.89  macd:   -0.26 macd_count: 143 profit:  4.01
Trade --> code: MGK    BUY: 2023-05-31  220.75 SELL: 2024-05-31  295.83  macd:   19.41 macd_count:  13 profit:  1.34

code: MRVL     day: macd + hist + hist_1pre + ,  Week: macd + hist + hist_1pre - , Month: macd + hist + hist_1pre + , 
Trade --> code: MRVL   BUY: 2006-10-31   18.28 SELL: 2007-05-31   15.70  macd:   -0.21 macd_count:   7 profit:  0.86
Trade --> code: MRVL   BUY: 2009-12-31   20.75 SELL: 2011-08-31   13.15  macd:   -0.14 macd_count:  20 profit:  0.63
Trade --> code: MRVL   BUY: 2014-01-31   14.93 SELL: 2015-08-31   11.27  macd:   -0.09 macd_count:  19 profit:  0.75
Trade --> code: MRVL   BUY: 2016-11-30   14.34 SELL: 2022-12-31   37.04  macd:   -0.91 macd_count:  73 profit:  2.58
Trade --> code: MRVL   BUY: 2023-07-31   65.13 SELL: 2024-05-31   76.68  macd:    4.86 macd_count:  11 profit:  1.18

code: MSTR     day: macd + hist + hist_1pre + ,  Week: macd + hist + hist_1pre - , Month: macd + hist + hist_1pre + , 
Trade --> code: MSTR   BUY: 2006-10-31  119.35 SELL: 2008-02-29   66.52  macd:   -0.76 macd_count:  16 profit:  0.56
Trade --> code: MSTR   BUY: 2009-12-31   94.02 SELL: 2012-12-31   93.38  macd:   -0.69 macd_count:  36 profit:  0.99
Trade --> code: MSTR   BUY: 2013-12-31  124.24 SELL: 2017-08-31  129.00  macd:   -1.78 macd_count:  44 profit:  1.04
Trade --> code: MSTR   BUY: 2019-11-30  150.33 SELL: 2019-12-31  142.63  macd:   -0.06 macd_count:   1 profit:  0.95
Trade --> code: MSTR   BUY: 2020-01-31  152.03 SELL: 2020-02-29  135.16  macd:   -0.17 macd_count:   1 profit:  0.89
Trade --> code: MSTR   BUY: 2020-10-31  167.07 SELL: 2022-07-31  286.06  macd:   -9.45 macd_count:  21 profit:  1.71
Trade --> code: MSTR   BUY: 2023-11-30  498.30 SELL: 2024-05-31 1684.84  macd:  227.78 macd_count:   7 profit:  3.38

code: NFLX     day: macd + hist + hist_1pre + ,  Week: macd + hist + hist_1pre - , Month: macd + hist + hist_1pre + , 
Trade --> code: NFLX   BUY: 2006-10-31    3.95 SELL: 2007-09-30    2.96  macd:   -0.00 macd_count:  11 profit:  0.75
Trade --> code: NFLX   BUY: 2007-10-31    3.78 SELL: 2012-02-29   15.82  macd:   -0.05 macd_count:  52 profit:  4.18
Trade --> code: NFLX   BUY: 2013-03-31   27.04 SELL: 2022-04-30  190.36  macd:   -9.76 macd_count: 109 profit:  7.04
Trade --> code: NFLX   BUY: 2023-09-30  377.60 SELL: 2024-05-31  646.75  macd:   53.43 macd_count:   9 profit:  1.71

code: NUAN     day: macd + hist + hist_1pre + ,  Week: macd + hist + hist_1pre - , Month: macd + hist - hist_1pre - , 
Trade --> code: NUAN   BUY: 2005-11-30    5.38 SELL: 2008-11-30    7.94  macd:   -0.14 macd_count:  36 profit:  1.48
Trade --> code: NUAN   BUY: 2009-12-31   13.44 SELL: 2013-05-31   16.44  macd:   -0.10 macd_count:  41 profit:  1.22
Trade --> code: NUAN   BUY: 2015-11-30   18.11 SELL: 2016-07-31   13.90  macd:   -0.05 macd_count:   8 profit:  0.77
Trade --> code: NUAN   BUY: 2017-05-31   16.01 SELL: 2017-09-30   13.60  macd:   -0.04 macd_count:   4 profit:  0.85
Trade --> code: NUAN   BUY: 2019-04-30   14.56 SELL: 2022-03-31   55.99  macd:    7.14 macd_count:  36 profit:  3.85

code: NVDA     day: macd + hist + hist_1pre + ,  Week: macd + hist + hist_1pre - , Month: macd + hist + hist_1pre + , 
Trade --> code: NVDA   BUY: 2006-10-31    5.81 SELL: 2008-08-31    3.16  macd:   -0.14 macd_count:  22 profit:  0.54
Trade --> code: NVDA   BUY: 2011-01-31    5.98 SELL: 2011-12-31    3.46  macd:   -0.01 macd_count:  11 profit:  0.58
Trade --> code: NVDA   BUY: 2013-09-30    3.89 SELL: 2024-05-31 1064.69  macd:  162.93 macd_count: 129 profit: 273.70

code: NVO      day: macd + hist + hist_1pre + ,  Week: macd + hist + hist_1pre - , Month: macd + hist + hist_1pre + , 
Trade --> code: NVO    BUY: 2006-10-31    3.76 SELL: 2009-05-31    5.21  macd:   -0.01 macd_count:  31 profit:  1.39
Trade --> code: NVO    BUY: 2009-06-30    5.45 SELL: 2016-10-31   17.77  macd:   -0.14 macd_count:  88 profit:  3.26
Trade --> code: NVO    BUY: 2017-11-30   25.89 SELL: 2024-05-31  136.04  macd:   17.27 macd_count:  79 profit:  5.26

code: ORCL     day: macd + hist + hist_1pre + ,  Week: macd + hist + hist_1pre - , Month: macd + hist + hist_1pre + , 
Trade --> code: ORCL   BUY: 2006-10-31   18.47 SELL: 2009-02-28   15.54  macd:   -0.15 macd_count:  28 profit:  0.84
Trade --> code: ORCL   BUY: 2009-06-30   21.42 SELL: 2016-02-29   36.78  macd:   -0.12 macd_count:  80 profit:  1.72
Trade --> code: ORCL   BUY: 2016-03-31   40.91 SELL: 2024-05-31  122.91  macd:    9.17 macd_count:  99 profit:  3.00

code: PWR      day: macd + hist + hist_1pre + ,  Week: macd + hist + hist_1pre - , Month: macd + hist + hist_1pre + , 
Trade --> code: PWR    BUY: 2006-10-31   18.30 SELL: 2009-02-28   17.60  macd:   -0.33 macd_count:  28 profit:  0.96
Trade --> code: PWR    BUY: 2012-04-30   22.12 SELL: 2015-07-31   27.62  macd:   -0.14 macd_count:  39 profit:  1.25
Trade --> code: PWR    BUY: 2016-11-30   33.72 SELL: 2024-05-31  283.43  macd:   31.78 macd_count:  91 profit:  8.41

code: QQQ      day: macd + hist + hist_1pre + ,  Week: macd + hist + hist_1pre - , Month: macd + hist + hist_1pre + , 
Trade --> code: QQQ    BUY: 2006-10-31   42.58 SELL: 2008-10-31   32.89  macd:   -0.65 macd_count:  24 profit:  0.77
Trade --> code: QQQ    BUY: 2009-12-31   45.75 SELL: 2022-11-30  293.36  macd:   -0.57 macd_count: 155 profit:  6.41
Trade --> code: QQQ    BUY: 2023-05-31  347.99 SELL: 2024-05-31  457.95  macd:   30.81 macd_count:  13 profit:  1.32

code: RCII     day: macd + hist + hist_1pre + ,  Week: macd + hist + hist_1pre - , Month: macd - hist + hist_1pre + , 
Trade --> code: RCII   BUY: 2006-10-31   28.76 SELL: 2007-07-31   19.41  macd:   -0.10 macd_count:   9 profit:  0.67
Trade --> code: RCII   BUY: 2010-03-31   23.65 SELL: 2014-01-31   24.94  macd:   -0.00 macd_count:  46 profit:  1.05
Trade --> code: RCII   BUY: 2018-12-31   16.19 SELL: 2022-05-31   27.54  macd:   -0.82 macd_count:  41 profit:  1.70

code: ROBO     day: macd + hist + hist_1pre + ,  Week: macd + hist + hist_1pre - , Month: macd + hist + hist_1pre + , 
Trade --> code: ROBO   BUY: 2016-09-30   28.39 SELL: 2022-08-31   46.94  macd:   -0.58 macd_count:  71 profit:  1.65
Trade --> code: ROBO   BUY: 2023-07-31   59.12 SELL: 2023-10-31   46.16  macd:   -0.51 macd_count:   3 profit:  0.78
Trade --> code: ROBO   BUY: 2024-01-31   54.95 SELL: 2024-05-31   56.76  macd:    0.68 macd_count:   5 profit:  1.03

code: SMH      day: macd + hist + hist_1pre + ,  Week: macd + hist + hist_1pre - , Month: macd + hist + hist_1pre + , 
Trade --> code: SMH    BUY: 2006-10-31   17.00 SELL: 2008-01-31   14.07  macd:   -0.18 macd_count:  15 profit:  0.83
Trade --> code: SMH    BUY: 2010-05-31   13.71 SELL: 2024-05-31  244.26  macd:   24.97 macd_count: 169 profit: 17.82

code: SNPS     day: macd + hist + hist_1pre + ,  Week: macd + hist + hist_1pre - , Month: macd + hist + hist_1pre + , 
Trade --> code: SNPS   BUY: 2006-10-31   22.51 SELL: 2008-09-30   19.95  macd:   -0.14 macd_count:  23 profit:  0.89
Trade --> code: SNPS   BUY: 2010-04-30   22.66 SELL: 2010-06-30   20.87  macd:   -0.02 macd_count:   2 profit:  0.92
Trade --> code: SNPS   BUY: 2010-08-31   22.86 SELL: 2024-05-31  587.40  macd:   60.20 macd_count: 166 profit: 25.70

code: SOXL     day: macd + hist + hist_1pre + ,  Week: macd + hist + hist_1pre - , Month: macd + hist + hist_1pre + , 
Trade --> code: SOXL   BUY: 2013-05-31    0.80 SELL: 2022-08-31   14.04  macd:   -1.24 macd_count: 111 profit: 17.59
Trade --> code: SOXL   BUY: 2024-01-31   32.10 SELL: 2024-05-31   51.44  macd:    4.51 macd_count:   5 profit:  1.60

code: SPYG     day: macd + hist + hist_1pre + ,  Week: macd + hist + hist_1pre - , Month: macd + hist + hist_1pre + , 
Trade --> code: SPYG   BUY: 2006-10-31   13.05 SELL: 2008-09-30   11.85  macd:   -0.01 macd_count:  23 profit:  0.91
Trade --> code: SPYG   BUY: 2010-03-31   12.92 SELL: 2022-12-31   50.67  macd:   -0.29 macd_count: 153 profit:  3.92
Trade --> code: SPYG   BUY: 2023-06-30   61.01 SELL: 2024-05-31   75.87  macd:    3.78 macd_count:  12 profit:  1.24

code: TECL     day: macd + hist + hist_1pre + ,  Week: macd + hist + hist_1pre - , Month: macd + hist + hist_1pre + , 
Trade --> code: TECL   BUY: 2011-04-30    1.28 SELL: 2022-09-30   21.48  macd:   -0.96 macd_count: 137 profit: 16.76
Trade --> code: TECL   BUY: 2023-07-31   57.46 SELL: 2024-05-31   85.07  macd:    8.72 macd_count:  11 profit:  1.48

code: TROW     day: macd + hist + hist_1pre + ,  Week: macd + hist + hist_1pre - , Month: macd - hist + hist_1pre + , 
Trade --> code: TROW   BUY: 2006-10-31   47.31 SELL: 2008-12-31   35.44  macd:   -0.72 macd_count:  26 profit:  0.75
Trade --> code: TROW   BUY: 2009-12-31   53.25 SELL: 2015-10-31   75.62  macd:   -0.05 macd_count:  70 profit:  1.42
Trade --> code: TROW   BUY: 2017-08-31   84.36 SELL: 2022-06-30  113.61  macd:   -1.87 macd_count:  58 profit:  1.35

code: VONE     day: macd + hist + hist_1pre + ,  Week: macd + hist + hist_1pre - , Month: macd + hist + hist_1pre + , 
Trade --> code: VONE   BUY: 2013-01-31   68.84 SELL: 2024-05-31  240.33  macd:   11.78 macd_count: 137 profit:  3.49

code: VONG     day: macd + hist + hist_1pre + ,  Week: macd + hist + hist_1pre - , Month: macd + hist + hist_1pre + , 
Trade --> code: VONG   BUY: 2013-01-31   17.52 SELL: 2022-12-31   55.12  macd:   -0.44 macd_count: 119 profit:  3.15
Trade --> code: VONG   BUY: 2023-05-31   66.45 SELL: 2024-05-31   89.06  macd:    5.61 macd_count:  13 profit:  1.34

code: VOOG     day: macd + hist + hist_1pre + ,  Week: macd + hist + hist_1pre - , Month: macd + hist + hist_1pre + , 
Trade --> code: VOOG   BUY: 2013-01-31   70.40 SELL: 2022-12-31  210.94  macd:   -1.20 macd_count: 119 profit:  3.00
Trade --> code: VOOG   BUY: 2023-06-30  254.09 SELL: 2024-05-31  315.94  macd:   15.75 macd_count:  12 profit:  1.24

code: VTHR     day: macd + hist + hist_1pre + ,  Week: macd + hist + hist_1pre - , Month: macd + hist + hist_1pre + , 
Trade --> code: VTHR   BUY: 2013-01-31   69.02 SELL: 2024-05-31  234.67  macd:   11.07 macd_count: 137 profit:  3.40

code: VTI      day: macd + hist + hist_1pre + ,  Week: macd + hist + hist_1pre - , Month: macd + hist + hist_1pre + , 
Trade --> code: VTI    BUY: 2006-10-31   68.04 SELL: 2008-08-31   64.62  macd:   -0.19 macd_count:  22 profit:  0.95
Trade --> code: VTI    BUY: 2010-10-31   60.72 SELL: 2024-05-31  261.87  macd:   12.33 macd_count: 164 profit:  4.31

code: VTWG     day: macd + hist + hist_1pre + ,  Week: macd + hist + hist_1pre - , Month: macd + hist + hist_1pre + , 
Trade --> code: VTWG   BUY: 2013-01-31   73.63 SELL: 2022-06-30  150.02  macd:   -1.56 macd_count: 113 profit:  2.04
Trade --> code: VTWG   BUY: 2024-02-29  191.85 SELL: 2024-05-31  192.48  macd:    2.96 macd_count:   4 profit:  1.00

code: VUG      day: macd + hist + hist_1pre + ,  Week: macd + hist + hist_1pre - , Month: macd + hist + hist_1pre + , 
Trade --> code: VUG    BUY: 2006-10-31   56.65 SELL: 2008-10-31   42.91  macd:   -1.01 macd_count:  24 profit:  0.76
Trade --> code: VUG    BUY: 2010-04-30   56.39 SELL: 2022-10-31  222.74  macd:   -0.92 macd_count: 150 profit:  3.95
Trade --> code: VUG    BUY: 2023-06-30  282.96 SELL: 2024-05-31  355.46  macd:   21.92 macd_count:  12 profit:  1.26

code: VV       day: macd + hist + hist_1pre + ,  Week: macd + hist + hist_1pre - , Month: macd + hist + hist_1pre + , 
Trade --> code: VV     BUY: 2006-10-31   61.17 SELL: 2008-08-31   58.08  macd:   -0.10 macd_count:  22 profit:  0.95
Trade --> code: VV     BUY: 2010-10-31   54.14 SELL: 2024-05-31  243.08  macd:   12.15 macd_count: 164 profit:  4.49

code: WIX      day: macd + hist + hist_1pre + ,  Week: macd + hist + hist_1pre - , Month: macd + hist + hist_1pre + , 
Trade --> code: WIX    BUY: 2016-04-30   24.72 SELL: 2022-01-31  131.37  macd:   -3.21 macd_count:  69 profit:  5.31
Trade --> code: WIX    BUY: 2024-05-31  170.00 SELL: 2024-05-31  170.00  macd:    3.44 macd_count:   1 profit:  1.00

code: XLK      day: macd + hist + hist_1pre + ,  Week: macd + hist + hist_1pre - , Month: macd + hist + hist_1pre + , 
Trade --> code: XLK    BUY: 2006-10-31   22.87 SELL: 2008-09-30   19.85  macd:   -0.18 macd_count:  23 profit:  0.87
Trade --> code: XLK    BUY: 2010-02-28   21.69 SELL: 2024-05-31  215.19  macd:   16.20 macd_count: 172 profit:  9.92

