Sun Apr 23 13:49:46 UTC 2023
arg[0]: scraping/yahoo-finace-api2.py, arg[1]: stock-code-list/buy-list.txt
===========================
scraping
===========================
START:  AAPL
END:    0.45069026947021484
-
START:  EL
END:    0.7852175235748291
-
START:  NEE
END:    1.1429212093353271
-
START:  AMD
END:    1.4335126876831055
-
START:  APH
END:    1.7591397762298584
-
START:  XLP
END:    2.0677647590637207
-
START:  SPXL
END:    2.316526174545288
-
START:  KEYS
END:    2.5077192783355713
-
START:  VDC
END:    2.7811124324798584
-
START:  SPTM
END:    3.1461098194122314
-
START:  SPLG
END:    3.444744825363159
-
START:  CROX
END:    3.693402051925659
-
START:  AXON
END:    3.976971387863159
-
START:  AWR
END:    4.370724201202393
-
START:  FN
END:    4.572972774505615
-
START:  NXST
END:    4.864992618560791
-
START:  TREX
END:    5.138878345489502
-
START:  RGEN
END:    5.415772199630737
-
START:  EXPO
END:    5.698517560958862
-
START:  BCPC
END:    6.028270959854126
-
START:  SOXL
END:    6.289826393127441
-
START:  TECL
END:    6.553232669830322
-
START:  NEO
END:    6.873489141464233
-
START:  NVMI
END:    7.165258884429932
-
START:  NVDA
END:    7.479673385620117
-
START:  BBDC
END:    7.81827187538147
-
START:  APPS
END:    8.051718950271606
-
START:  ROK
END:    8.378414869308472
-
START:  NHTC
END:    9.691896915435791
-
START:  ZYXI
END:    9.959504127502441
-
START:  LIT
END:    10.23060917854309
-
START:  LLY
END:    10.597071409225464
-
START:  GTLB
END:    10.671396255493164
-
START:  MCD
END:    11.021944046020508
-
START:  MSI
END:    11.427027463912964
-
START:  HCP
END:    11.543643236160278
-
START:  ON
END:    12.826688289642334
-
===========================
MACD sell
===========================
START:  AAPL
START:  EL
START:  NEE
START:  AMD
START:  APH
START:  XLP
START:  SPXL
START:  KEYS
START:  VDC
START:  SPTM
START:  SPLG
START:  CROX
START:  AXON
START:  AWR
START:  FN
START:  NXST
START:  TREX
START:  RGEN
START:  EXPO
START:  BCPC
START:  SOXL
START:  TECL
START:  NEO
START:  NVMI
START:  NVDA
START:  BBDC
START:  APPS
START:  ROK
START:  NHTC
START:  ZYXI
START:  LIT
START:  LLY
START:  GTLB
START:  MCD
START:  MSI
START:  HCP
START:  ON
==== MACD list ====
code: AAPL     day: macd + hist - ,  Week: macd + hist + , Month: macd + hist - , 
code: EL       day: macd + hist + ,  Week: macd + hist + , Month: macd - hist - , 
code: NEE      day: macd + hist + ,  Week: macd - hist + , Month: macd + hist - , 
code: AMD      day: macd - hist - ,  Week: macd + hist - , Month: macd - hist - , 
code: APH      day: macd - hist - ,  Week: macd + hist - , Month: macd + hist - , 
code: XLP      day: macd + hist + ,  Week: macd + hist + , Month: macd + hist - , 
code: SPXL     day: macd + hist + ,  Week: macd + hist + , Month: macd - hist - , 
code: KEYS     day: macd - hist - ,  Week: macd - hist - , Month: macd + hist - , 
code: VDC      day: macd + hist + ,  Week: macd + hist + , Month: macd + hist - , 
code: SPTM     day: macd + hist + ,  Week: macd + hist + , Month: macd + hist - , 
code: SPLG     day: macd + hist + ,  Week: macd + hist + , Month: macd + hist - , 
code: CROX     day: macd + hist + ,  Week: macd + hist + , Month: macd + hist + , 
code: AXON     day: macd + hist - ,  Week: macd + hist - , Month: macd + hist + , 
code: AWR      day: macd + hist - ,  Week: macd - hist + , Month: macd + hist + , 
code: FN       day: macd - hist - ,  Week: macd - hist - , Month: macd + hist - , 
code: NXST     day: macd + hist + ,  Week: macd - hist - , Month: macd + hist - , 
code: TREX     day: macd + hist + ,  Week: macd + hist + , Month: macd - hist - , 
code: RGEN     day: macd - hist + ,  Week: macd - hist - , Month: macd - hist - , 
code: EXPO     day: macd - hist + ,  Week: macd - hist - , Month: macd + hist - , 
code: BCPC     day: macd + hist + ,  Week: macd - hist + , Month: macd + hist - , 
code: SOXL     day: macd - hist - ,  Week: macd + hist - , Month: macd - hist - , 
code: TECL     day: macd + hist - ,  Week: macd + hist + , Month: macd - hist - , 
code: NEO      day: macd - hist - ,  Week: macd + hist - , Month: macd - hist + , 
code: NVMI     day: macd - hist - ,  Week: macd + hist - , Month: macd + hist - , 
code: NVDA     day: macd + hist - ,  Week: macd + hist + , Month: macd + hist + , 
code: BBDC     day: macd - hist + ,  Week: macd - hist - , Month: macd - hist - , 
code: APPS     day: macd + hist + ,  Week: macd - hist + , Month: macd - hist - , 
code: ROK      day: macd - hist - ,  Week: macd + hist - , Month: macd + hist + , 
code: NHTC     day: macd + hist + ,  Week: macd + hist + , Month: macd - hist + , 
code: ZYXI     day: macd + hist + ,  Week: macd - hist - , Month: macd + hist + , 
code: LIT      day: macd - hist - ,  Week: macd - hist - , Month: macd + hist - , 
code: LLY      day: macd + hist + ,  Week: macd + hist + , Month: macd + hist - , 
code: GTLB     day: macd - hist + ,  Week: macd - hist - , Month: macd + hist + , 
code: MCD      day: macd + hist + ,  Week: macd + hist + , Month: macd + hist + , 
code: MSI      day: macd + hist + ,  Week: macd + hist + , Month: macd + hist + , 
code: HCP      day: macd - hist + ,  Week: macd - hist - , Month: macd + hist + , 
code: ON       day: macd - hist - ,  Week: macd + hist - , Month: macd + hist + , 
==== MACD sell list ====
code: AAPL     day: macd + hist - , 
code: AAPL     day: macd + hist - ,  Week: macd + hist + , Month: macd + hist - , 
code: EL       day: macd + hist + ,  Week: macd + hist + , Month: macd - hist - , 
code: NEE      day: macd + hist + ,  Week: macd - hist + , Month: macd + hist - , 
code: AMD      day: macd - hist - , 
code: AMD      day: macd - hist - ,  Week: macd + hist - , 
code: AMD      day: macd - hist - ,  Week: macd + hist - , Month: macd - hist - , 
code: APH      day: macd - hist - , 
code: APH      day: macd - hist - ,  Week: macd + hist - , 
code: APH      day: macd - hist - ,  Week: macd + hist - , Month: macd + hist - , 
code: XLP      day: macd + hist + ,  Week: macd + hist + , Month: macd + hist - , 
code: SPXL     day: macd + hist + ,  Week: macd + hist + , Month: macd - hist - , 
code: KEYS     day: macd - hist - , 
code: KEYS     day: macd - hist - ,  Week: macd - hist - , 
code: KEYS     day: macd - hist - ,  Week: macd - hist - , Month: macd + hist - , 
code: VDC      day: macd + hist + ,  Week: macd + hist + , Month: macd + hist - , 
code: SPTM     day: macd + hist + ,  Week: macd + hist + , Month: macd + hist - , 
code: SPLG     day: macd + hist + ,  Week: macd + hist + , Month: macd + hist - , 
code: AXON     day: macd + hist - , 
code: AXON     day: macd + hist - ,  Week: macd + hist - , 
code: AWR      day: macd + hist - , 
code: FN       day: macd - hist - , 
code: FN       day: macd - hist - ,  Week: macd - hist - , 
code: FN       day: macd - hist - ,  Week: macd - hist - , Month: macd + hist - , 
code: NXST     day: macd + hist + ,  Week: macd - hist - , 
code: NXST     day: macd + hist + ,  Week: macd - hist - , Month: macd + hist - , 
code: TREX     day: macd + hist + ,  Week: macd + hist + , Month: macd - hist - , 
code: RGEN     day: macd - hist + ,  Week: macd - hist - , 
code: RGEN     day: macd - hist + ,  Week: macd - hist - , Month: macd - hist - , 
code: EXPO     day: macd - hist + ,  Week: macd - hist - , 
code: EXPO     day: macd - hist + ,  Week: macd - hist - , Month: macd + hist - , 
code: BCPC     day: macd + hist + ,  Week: macd - hist + , Month: macd + hist - , 
code: SOXL     day: macd - hist - , 
code: SOXL     day: macd - hist - ,  Week: macd + hist - , 
code: SOXL     day: macd - hist - ,  Week: macd + hist - , Month: macd - hist - , 
code: TECL     day: macd + hist - , 
code: TECL     day: macd + hist - ,  Week: macd + hist + , Month: macd - hist - , 
code: NEO      day: macd - hist - , 
code: NEO      day: macd - hist - ,  Week: macd + hist - , 
code: NVMI     day: macd - hist - , 
code: NVMI     day: macd - hist - ,  Week: macd + hist - , 
code: NVMI     day: macd - hist - ,  Week: macd + hist - , Month: macd + hist - , 
code: NVDA     day: macd + hist - , 
code: BBDC     day: macd - hist + ,  Week: macd - hist - , 
code: BBDC     day: macd - hist + ,  Week: macd - hist - , Month: macd - hist - , 
code: APPS     day: macd + hist + ,  Week: macd - hist + , Month: macd - hist - , 
code: ROK      day: macd - hist - , 
code: ROK      day: macd - hist - ,  Week: macd + hist - , 
code: ZYXI     day: macd + hist + ,  Week: macd - hist - , 
code: LIT      day: macd - hist - , 
code: LIT      day: macd - hist - ,  Week: macd - hist - , 
code: LIT      day: macd - hist - ,  Week: macd - hist - , Month: macd + hist - , 
code: LLY      day: macd + hist + ,  Week: macd + hist + , Month: macd + hist - , 
code: GTLB     day: macd - hist + ,  Week: macd - hist - , 
code: HCP      day: macd - hist + ,  Week: macd - hist - , 
code: ON       day: macd - hist - , 
code: ON       day: macd - hist - ,  Week: macd + hist - , 
===========================
profit
===========================
==== plus ====
XLP  , macd +, macd hist +, profit:   [3.99], per:    [5.5], now:  [76.57], buy:  [72.58]
VDC  , macd +, macd hist +, profit:   [8.81], per:   [4.65], now: [198.34], buy: [189.53]
AXON , macd +, macd hist -, profit:  [86.87], per:  [62.88], now: [225.02], buy: [138.15]
NXST , macd +, macd hist +, profit:  [10.21], per:   [6.28], now: [172.71], buy:  [162.5]
NVDA , macd +, macd hist -, profit:  [15.52], per:   [6.07], now: [271.19], buy: [255.67]
ZYXI , macd +, macd hist +, profit:    [5.6], per:  [88.05], now:  [11.96], buy:   [6.36]
LLY  , macd +, macd hist +, profit: [114.24], per:  [42.15], now: [385.24], buy:   [271.]
MCD  , macd +, macd hist +, profit:   [38.6], per:  [15.23], now: [292.06], buy: [253.46]
MSI  , macd +, macd hist +, profit:  [41.34], per:  [16.44], now: [292.75], buy: [251.41]
ON   , macd -, macd hist -, profit:  [13.88], per:  [23.19], now:  [73.74], buy:  [59.86]
-
     plus  len:  10
     profit: [339.06], per: [270.45], per/len(p):  [27.04], per/len(p+m):   [7.31]
-
==== minus ====
AAPL , macd +, macd hist -, profit:       [], per:       [], now: [165.02], buy:       []
EL   , macd +, macd hist +, profit: [-83.52], per: [-24.58], now: [256.23], buy: [339.75]
NEE  , macd +, macd hist +, profit:  [-6.34], per:  [-7.43], now:  [78.99], buy:  [85.33]
AMD  , macd -, macd hist -, profit:  [-31.8], per: [-26.45], now:  [88.43], buy: [120.23]
APH  , macd -, macd hist -, profit:       [], per:       [], now:  [76.84], buy:       []
SPXL , macd +, macd hist +, profit: [-56.11], per: [-43.09], now:  [74.12], buy: [130.23]
KEYS , macd -, macd hist -, profit: [-37.69], per: [-20.26], now: [148.37], buy: [186.06]
SPTM , macd +, macd hist +, profit:  [-5.84], per: [-10.32], now:  [50.74], buy:  [56.58]
SPLG , macd +, macd hist +, profit:  [-5.52], per: [-10.22], now:  [48.47], buy:  [53.99]
CROX , macd +, macd hist +, profit: [-30.24], per: [-17.04], now: [147.18], buy: [177.42]
AWR  , macd +, macd hist -, profit:       [], per:       [], now:  [91.19], buy:       []
FN   , macd -, macd hist -, profit: [-21.47], per: [-18.37], now:  [95.39], buy: [116.86]
TREX , macd +, macd hist +, profit: [-16.34], per: [-23.34], now:  [53.66], buy:    [70.]
RGEN , macd -, macd hist +, profit: [-13.57], per:  [-7.55], now: [166.09], buy: [179.66]
EXPO , macd -, macd hist +, profit:  [-3.02], per:  [-2.99], now:  [98.09], buy: [101.11]
BCPC , macd +, macd hist +, profit:  [-8.41], per:  [-6.14], now: [128.67], buy: [137.08]
SOXL , macd -, macd hist -, profit: [-27.23], per: [-64.69], now:  [14.86], buy:  [42.09]
TECL , macd +, macd hist -, profit: [-26.23], per: [-43.18], now:  [34.51], buy:  [60.74]
NEO  , macd -, macd hist -, profit:  [-1.85], per: [-10.37], now:  [15.99], buy:  [17.84]
NVMI , macd -, macd hist -, profit: [-21.28], per: [-18.56], now:  [93.37], buy: [114.65]
BBDC , macd -, macd hist +, profit:  [-3.06], per: [-28.87], now:   [7.54], buy:   [10.6]
APPS , macd +, macd hist +, profit: [-31.29], per: [-71.65], now:  [12.38], buy:  [43.67]
ROK  , macd -, macd hist -, profit: [-66.44], per: [-19.43], now: [275.45], buy: [341.89]
NHTC , macd +, macd hist +, profit:  [-1.29], per: [-17.99], now:   [5.88], buy:   [7.17]
LIT  , macd -, macd hist -, profit: [-32.37], per: [-35.22], now:  [59.54], buy:  [91.91]
GTLB , macd -, macd hist +, profit: [-19.83], per: [-37.59], now:  [32.93], buy:  [52.76]
HCP  , macd -, macd hist +, profit: [-25.56], per: [-47.07], now:  [28.74], buy:   [54.3]
-
     minus len:  27
     profit:       [], per:       [], per/len(m):       [], per/len(p+m):       []
-
==== total ====
     profit:       [], per:       [], per/len(p+m):       []
arg[0]: scraping/yahoo-finace-api2.py, arg[1]: stock-code-list/up-month.txt
===========================
scraping
===========================
START:  A
END:    0.31902337074279785
-
START:  AAON
END:    0.6255733966827393
-
START:  AAPL
END:    0.9579994678497314
-
START:  ABG
END:    1.2435297966003418
-
START:  ABT
END:    1.6428308486938477
-
START:  ACLS
END:    1.9145689010620117
-
START:  ACMR
END:    2.0450456142425537
-
START:  ACN
END:    2.357107400894165
-
START:  ADBE
END:    2.65128493309021
-
START:  ADI
END:    3.0179266929626465
-
START:  ADP
END:    3.346360206604004
-
START:  ADSK
END:    3.6402790546417236
-
START:  ADUS
END:    3.8351430892944336
-
START:  AEE
END:    4.137759208679199
-
START:  AGYS
END:    4.4974517822265625
-
START:  AIZ
END:    4.812969923019409
-
START:  AJG
END:    5.158447742462158
-
START:  AJRD
END:    5.4770143032073975
-
START:  ALB
END:    5.82130241394043
-
START:  ALG
END:    7.168868064880371
-
START:  ALGN
END:    7.441944122314453
-
START:  ALLE
END:    7.640448570251465
-
START:  ALTR
END:    7.8205506801605225
-
START:  AMAT
END:    8.153800249099731
-
START:  AMBA
END:    9.379088878631592
-
START:  AMD
END:    9.709278345108032
-
START:  AME
END:    10.040194511413574
-
START:  AMED
END:    10.303720474243164
-
START:  AMEH
END:    10.496525287628174
-
START:  AMGN
END:    10.771605491638184
-
START:  AMN
END:    11.030672073364258
-
START:  AMP
END:    12.33693790435791
-
START:  AMRC
END:    12.547307252883911
-
START:  AMSWA
END:    13.883318185806274
-
START:  AMTX
END:    14.109049081802368
-
START:  AMZN
END:    14.393584966659546
-
START:  AN
END:    14.694633483886719
-
START:  ANSS
END:    14.977827072143555
-
START:  ANTM
Not Found: No data found, symbol may be delisted
START:  AON
END:    16.439481019973755
-
START:  AOSL
END:    16.654220819473267
-
START:  APD
END:    16.98299241065979
-
START:  APH
END:    17.279909133911133
-
START:  APPF
END:    17.42942237854004
-
START:  APPN
END:    17.55988883972168
-
START:  APPS
END:    17.784085035324097
-
START:  AQN
END:    19.022444009780884
-
START:  ARCB
END:    19.37735676765442
-
START:  ARCT
END:    20.571855068206787
-
START:  ARES
END:    20.76165008544922
-
START:  ARGX
END:    20.90675163269043
-
START:  ARWR
END:    21.185953855514526
-
START:  ASML
END:    21.483503818511963
-
START:  ASPN
END:    22.648267030715942
-
START:  ATEC
END:    22.88732647895813
-
START:  ATEN
END:    23.046513557434082
-
START:  ATKR
END:    23.232096433639526
-
START:  ATOM
END:    24.405550956726074
-
START:  ATR
END:    25.75011420249939
-
START:  ATRC
END:    26.002424240112305
-
START:  AUDC
END:    26.298397541046143
-
START:  AUPH
END:    27.484454870224
-
START:  AVAV
END:    27.723702669143677
-
START:  AVGO
END:    27.97806143760681
-
START:  AVID
END:    29.24735927581787
-
START:  AVNW
END:    29.508678913116455
-
START:  AVXL
END:    29.750452280044556
-
START:  AVY
END:    30.088500499725342
-
START:  AWK
END:    30.341965198516846
-
START:  AWR
END:    30.676591634750366
-
START:  AXON
END:    30.9431893825531
-
START:  AZO
END:    31.210636854171753
-
START:  AZPN
END:    31.48704719543457
-
START:  BAH
END:    32.73588991165161
-
START:  BAM
END:    32.79744029045105
-
START:  BAX
END:    34.16729426383972
-
START:  BBH
END:    34.45582628250122
-
START:  BBQ
END:    34.722902059555054
-
START:  BBY
END:    36.04023766517639
-
START:  BCPC
END:    36.355690479278564
-
START:  BDX
END:    36.7303032875061
-
START:  BEEM
END:    36.92601490020752
-
START:  BFAM
END:    37.09084749221802
-
START:  BFC
END:    37.378334760665894
-
START:  BGFV
END:    37.66661524772644
-
START:  BGNE
END:    37.82050013542175
-
START:  BHVN
END:    37.89343762397766
-
START:  BIO
END:    38.16500663757324
-
START:  BL
END:    38.29964542388916
-
START:  BLD
END:    39.467190980911255
-
START:  BLDP
END:    40.784128189086914
-
START:  BLDR
END:    41.03430199623108
-
START:  BLFS
END:    41.34101462364197
-
START:  BLK
END:    42.68454623222351
-
START:  BLL
Not Found: No data found, symbol may be delisted
START:  BLNK
END:    43.98529934883118
-
START:  BMI
END:    44.29010343551636
-
START:  BOOT
END:    44.463088274002075
-
START:  BOTZ
END:    44.60597229003906
-
START:  BR
END:    44.876686811447144
-
START:  BRKR
END:    45.18246555328369
-
START:  BRKS
Not Found: No data found, symbol may be delisted
START:  BRO
END:    47.61394953727722
-
START:  BURL
END:    47.795456409454346
-
START:  BX
END:    48.05322813987732
-
START:  CABO
END:    49.24881362915039
-
START:  CACI
END:    49.53687596321106
-
START:  CALX
END:    50.7719931602478
-
START:  CAMT
END:    51.03720235824585
-
START:  CAR
END:    51.33019971847534
-
START:  CBRE
END:    51.63650608062744
-
START:  CBSH
END:    53.02733325958252
-
START:  CBZ
END:    54.300408124923706
-
START:  CCOI
END:    54.5834436416626
-
START:  CCS
END:    55.775880098342896
-
START:  CDMO
END:    56.056503772735596
-
START:  CDNA
END:    56.21198010444641
-
START:  CDNS
END:    56.48536682128906
-
START:  CDW
END:    56.717605113983154
-
START:  CELH
END:    56.955527544021606
-
START:  CGNX
END:    57.26401686668396
-
START:  CHD
END:    57.575568437576294
-
START:  CHDN
END:    57.880008935928345
-
START:  CHE
END:    58.19906449317932
-
START:  CHGG
END:    58.39043855667114
-
START:  CHH
END:    59.77467179298401
-
START:  CHKP
END:    60.05752205848694
-
START:  CHTR
END:    61.28554177284241
-
START:  CIEN
END:    62.57925868034363
-
START:  CLAR
END:    62.87647271156311
-
START:  CLFD
END:    64.17051029205322
-
START:  CLGN
END:    64.29072189331055
-
START:  CLNE
END:    64.54672169685364
-
START:  CLPT
END:    64.71653485298157
-
START:  CLX
END:    65.05617809295654
-
START:  CMCSA
END:    65.44206762313843
-
START:  CMG
END:    66.7229278087616
-
START:  CMS
END:    67.06493997573853
-
START:  CNC
END:    68.39237236976624
-
START:  CNI
END:    69.71540069580078
-
START:  CNMD
END:    71.10481858253479
-
START:  CNS
END:    71.43632650375366
-
START:  CNXN
END:    71.76914954185486
-
START:  COO
END:    72.10606694221497
-
START:  COST
END:    73.41710424423218
-
START:  COUP
END:    73.56021857261658
-
START:  COWN
END:    73.82797980308533
-
START:  CP
END:    74.17320728302002
-
START:  CPK
END:    74.4995665550232
-
START:  CPRT
END:    74.77760601043701
-
START:  CPSH
END:    75.03997683525085
-
START:  CRAI
END:    75.33129954338074
-
START:  CREE
Not Found: No data found, symbol may be delisted
START:  CRL
END:    77.76822853088379
-
START:  CRM
END:    78.08205962181091
-
START:  CRMT
END:    78.37609791755676
-
START:  CROX
END:    78.61185932159424
-
START:  CRSP
END:    78.75580430030823
-
START:  CRVL
END:    79.03086614608765
-
START:  CSGP
END:    80.33731317520142
-
START:  CSL
END:    81.68756222724915
-
START:  CSWI
END:    81.84975337982178
-
START:  CSX
END:    82.18553876876831
-
START:  CTAS
END:    83.51289892196655
-
START:  CTLT
END:    84.70968556404114
-
START:  CTRN
END:    84.96881246566772
-
START:  CURE
END:    85.18384051322937
-
START:  CVCO
END:    85.44627690315247
-
START:  CVNA
END:    85.58637642860413
-
START:  CWST
END:    86.94492650032043
-
START:  CWT
END:    87.27666449546814
-
START:  CXSE
END:    88.52351427078247
-
START:  CYBR
END:    88.73855209350586
-
START:  CYRX
END:    90.00035357475281
-
START:  CYTK
END:    90.27772521972656
-
START:  DAC
END:    91.54666686058044
-
START:  DAR
END:    91.87785243988037
-
START:  DAVA
END:    91.9904408454895
-
START:  DDS
END:    92.35483598709106
-
START:  DE
END:    93.72508549690247
-
START:  DECK
END:    94.00773453712463
-
START:  DELL
END:    94.15733289718628
-
START:  DFIN
END:    95.2933578491211
-
START:  DG
END:    95.52472257614136
-
START:  DGRW
END:    95.70034956932068
-
START:  DHI
END:    96.0182888507843
-
START:  DHR
END:    96.34156632423401
-
START:  DIA
END:    96.7489960193634
-
START:  DIOD
END:    97.0436737537384
-
START:  DIS
END:    97.38052701950073
-
START:  DKS
END:    98.69681024551392
-
START:  DLN
END:    98.97108602523804
-
START:  DNLI
END:    100.12268948554993
-
START:  DOMO
END:    100.2497866153717
-
START:  DOV
END:    100.57135581970215
-
START:  DPZ
END:    100.87732124328613
-
START:  DQ
END:    102.08845376968384
-
START:  DRD
END:    103.41176462173462
-
START:  DRIO
END:    103.59887504577637
-
START:  DRNA
Not Found: No data found, symbol may be delisted
START:  DSGX
END:    103.94082069396973
-
START:  DVAX
END:    104.19551157951355
-
START:  DXCM
END:    105.45906662940979
-
START:  ECL
END:    105.79074811935425
-
START:  EFX
END:    106.14158320426941
-
START:  EGAN
END:    106.41143155097961
-
START:  EHC
END:    106.76740264892578
-
START:  EL
END:    107.09797644615173
-
START:  ENPH
END:    107.26981139183044
-
START:  ENSG
END:    107.53113412857056
-
START:  ENTG
END:    107.80654096603394
-
START:  ENV
END:    109.03573632240295
-
START:  EPAM
END:    110.27271866798401
-
START:  ERIE
END:    110.61897015571594
-
START:  ES
END:    110.97378182411194
-
START:  ESE
END:    112.29816913604736
-
START:  ETN
END:    112.6429660320282
-
START:  ETSY
END:    112.82032179832458
-
START:  EVBG
END:    112.95753622055054
-
START:  EVTC
END:    113.14318346977234
-
START:  EW
END:    114.44684052467346
-
START:  EWT
END:    115.77034449577332
-
START:  EXAS
END:    117.06253623962402
-
START:  EXLS
END:    117.32718348503113
-
START:  EXPD
END:    117.66369557380676
-
START:  EXPI
END:    118.80352449417114
-
START:  EXPO
END:    119.10965967178345
-
START:  FAST
END:    119.47071576118469
-
START:  FATE
END:    119.65162825584412
-
START:  FB
Not Found: No data found, symbol may be delisted
START:  FCN
END:    119.9863452911377
-
START:  FCX
END:    120.31440782546997
-
START:  FDN
END:    120.56994485855103
-
START:  FDS
END:    120.87784600257874
-
START:  FELE
END:    121.230304479599
-
START:  FFIN
END:    121.56175875663757
-
START:  FICO
END:    121.87834167480469
-
START:  FINX
END:    122.04429078102112
-
START:  FIS
END:    122.37422394752502
-
START:  FISV
END:    122.69985699653625
-
START:  FIVE
END:    123.88726544380188
-
START:  FIVN
END:    124.04150581359863
-
START:  FLGT
END:    124.19894790649414
-
START:  FLT
END:    124.39058518409729
-
START:  FLWS
END:    124.66467046737671
-
START:  FN
END:    124.88099384307861
-
START:  FND
END:    126.01595616340637
-
START:  FNV
END:    126.24857997894287
-
START:  FORM
END:    126.51179218292236
-
START:  FOXF
END:    126.67323160171509
-
START:  FPX
END:    126.96266794204712
-
START:  FRC
END:    127.19854044914246
-
START:  FRHC
END:    127.32765698432922
-
START:  FRPT
END:    127.52877497673035
-
START:  FSS
END:    127.84148120880127
-
START:  FTNT
END:    129.0751187801361
-
START:  FUV
END:    129.2074053287506
-
START:  GDEN
END:    130.51101636886597
-
START:  GFI
END:    130.8298134803772
-
START:  GGG
END:    131.1436779499054
-
START:  GIB
END:    131.41325068473816
-
START:  GLDD
END:    132.7391905784607
-
START:  GLOB
END:    132.8982241153717
-
START:  GMAB
END:    133.14634132385254
-
START:  GME
END:    133.46441221237183
-
START:  GMED
END:    133.63307404518127
-
START:  GNRC
END:    133.85824728012085
-
START:  GNSS
END:    134.1402440071106
-
START:  GNTX
END:    134.46205878257751
-
START:  GOLF
END:    135.63188290596008
-
START:  GOOG
END:    135.909747838974
-
START:  GOOGL
END:    136.1892910003662
-
START:  GPI
END:    137.52344012260437
-
START:  GPN
END:    137.85775709152222
-
START:  GRBK
END:    138.08038973808289
-
START:  GRMN
END:    138.41516494750977
-
START:  GRVY
END:    139.69004154205322
-
START:  GRWG
END:    139.8429958820343
-
START:  GWRE
END:    140.0445692539215
-
START:  HACK
END:    140.23091197013855
-
START:  HALO
END:    140.5155520439148
-
START:  HCI
END:    140.76595973968506
-
START:  HD
END:    141.12731909751892
-
START:  HEI
END:    141.4671175479889
-
START:  HELE
END:    142.76010298728943
-
START:  HIBB
END:    143.04819774627686
-
START:  HLI
END:    143.2140736579895
-
START:  HLT
END:    144.40442395210266
-
START:  HOLX
END:    144.67976689338684
-
START:  HON
END:    145.05976557731628
-
START:  HOV
END:    146.33130860328674
-
START:  HRC
Not Found: No data found, symbol may be delisted
START:  HRI
END:    146.65039539337158
-
START:  HSKA
END:    146.9375343322754
-
START:  HTHT
END:    148.18507623672485
-
START:  HUBS
END:    149.38974237442017
-
START:  HUM
END:    149.76581120491028
-
START:  HZNP
END:    149.9454426765442
-
START:  IAC
END:    151.27271485328674
-
START:  IBP
END:    151.4835765361786
-
START:  ICE
END:    151.74612402915955
-
START:  ICLN
END:    153.01746582984924
-
START:  ICLR
END:    153.28107953071594
-
START:  IDT
END:    153.59042358398438
-
START:  IDXX
END:    153.86734461784363
-
START:  IESC
END:    154.1361527442932
-
START:  IEX
END:    154.47356724739075
-
START:  ILMN
END:    154.75883436203003
-
START:  INFO
Not Found: No data found, symbol may be delisted
START:  INOV
Not Found: No data found, symbol may be delisted
START:  INSP
END:    155.00195693969727
-
START:  INTC
END:    156.36900162696838
-
START:  INTU
END:    156.64385318756104
-
START:  INTZ
END:    157.93043732643127
-
START:  INVE
END:    158.21465158462524
-
START:  IOO
END:    158.5291838645935
-
START:  IQV
END:    159.73343753814697
-
START:  IRDM
END:    159.94802260398865
-
START:  IRMD
END:    160.12418293952942
-
START:  ISEE
END:    160.28223156929016
-
START:  ISRG
END:    160.55911946296692
-
START:  IT
END:    160.84160256385803
-
START:  ITT
END:    161.16129422187805
-
START:  ITW
END:    161.50274300575256
-
START:  IVOG
END:    161.71305918693542
-
START:  IVV
END:    162.0146095752716
-
START:  IXJ
END:    162.30880975723267
-
START:  IXN
END:    162.60641050338745
-
START:  J
END:    162.8983325958252
-
START:  JBL
END:    163.2184190750122
-
START:  JBSS
END:    163.55025124549866
-
START:  JD
END:    164.74622106552124
-
START:  JKHY
END:    165.07738399505615
-
START:  JKS
END:    166.2993187904358
-
START:  JNJ
END:    166.7737226486206
-
START:  JOE
END:    167.08291935920715
-
START:  JOUT
END:    167.39350771903992
-
START:  JYNT
END:    167.54368829727173
-
START:  KAI
END:    167.84429121017456
-
START:  KBH
END:    169.18696284294128
-
START:  KBR
END:    169.4679193496704
-
START:  KDMN
Not Found: No data found, symbol may be delisted
START:  KEYS
END:    169.7020778656006
-
START:  KLAC
END:    170.02302837371826
-
START:  KLIC
END:    170.30617213249207
-
START:  KMX
END:    171.5941252708435
-
START:  KNSL
END:    171.73670315742493
-
START:  KOPN
END:    172.01136803627014
-
START:  KOSS
END:    173.32985496520996
-
START:  KRNT
END:    173.48557376861572
-
START:  KSU
Not Found: No data found, symbol may be delisted
START:  KTOS
END:    174.8201813697815
-
START:  LAC
END:    176.04545545578003
-
START:  LAD
END:    176.3658344745636
-
START:  LANC
END:    176.68882536888123
-
START:  LAWS
Not Found: No data found, symbol may be delisted
START:  LDOS
END:    177.0041754245758
-
START:  LFMD
END:    177.24708819389343
-
START:  LGIH
END:    178.44577598571777
-
START:  LH
END:    178.77018857002258
-
START:  LHCG
END:    180.07863354682922
-
START:  LHX
END:    180.4434792995453
-
START:  LII
END:    181.85522508621216
-
START:  LIN
END:    183.21944427490234
-
START:  LINC
END:    183.51550102233887
-
START:  LIT
END:    183.7538707256317
-
START:  LLY
END:    184.08957648277283
-
START:  LMT
END:    185.4661567211151
-
START:  LNT
END:    185.81604552268982
-
START:  LOB
END:    187.02316784858704
-
START:  LOGI
END:    187.31875944137573
-
START:  LOVE
END:    188.48114585876465
-
START:  LOW
END:    188.84125590324402
-
START:  LPLA
END:    190.05215740203857
-
START:  LPSN
END:    190.3325273990631
-
START:  LQDT
END:    190.57204413414001
-
START:  LRCX
END:    190.8667278289795
-
START:  LSCC
END:    192.17679238319397
-
START:  LSTR
END:    192.49432039260864
-
START:  LULU
END:    193.74955940246582
-
START:  LUNA
END:    194.0349462032318
-
START:  MA
END:    195.3283565044403
-
START:  MANH
END:    195.6007661819458
-
START:  MANT
Not Found: No data found, symbol may be delisted
START:  MARA
END:    195.83428311347961
-
START:  MASI
END:    197.09476256370544
-
START:  MATX
END:    197.4293930530548
-
START:  MBUU
END:    198.64571928977966
-
START:  MCD
END:    199.01676630973816
-
START:  MCHP
END:    199.3209433555603
-
START:  MCO
END:    200.68963718414307
-
START:  MDB
END:    200.82220101356506
-
START:  MDT
END:    202.18181586265564
-
START:  MEDP
END:    202.31699776649475
-
START:  MEDS
END:    202.48178601264954
-
START:  MELI
END:    203.7741894721985
-
START:  MGC
END:    204.01888370513916
-
START:  MGIC
END:    205.37216544151306
-
START:  MGK
END:    205.61464667320251
-
START:  MGNI
END:    205.79373574256897
-
START:  MHO
END:    206.09296131134033
-
START:  MIME
Not Found: No data found, symbol may be delisted
START:  MITK
END:    207.42729568481445
-
START:  MKC
END:    208.8001992702484
-
START:  MKSI
END:    209.0806131362915
-
START:  MKTX
END:    209.357435464859
-
START:  MLAB
END:    209.64607095718384
-
START:  MLR
END:    209.93451642990112
-
START:  MMC
END:    210.26117730140686
-
START:  MMS
END:    210.55506825447083
-
START:  MNMD
END:    210.69873905181885
-
START:  MNST
END:    211.98222827911377
-
START:  MODN
END:    212.16778206825256
-
START:  MODV
END:    212.47651624679565
-
START:  MOH
END:    212.73219537734985
-
START:  MORN
END:    214.03714632987976
-
START:  MPWR
END:    215.3346996307373
-
START:  MRTX
END:    215.50409722328186
-
START:  MRVL
END:    215.79527854919434
-
START:  MS
END:    216.10011768341064
-
START:  MSA
END:    216.43161749839783
-
START:  MSCI
END:    217.68765306472778
-
START:  MSEX
END:    218.05656385421753
-
START:  MSFT
END:    219.39647102355957
-
START:  MSI
END:    219.76125073432922
-
START:  MSTR
END:    220.03158044815063
-
START:  MTBC
Not Found: No data found, symbol may be delisted
START:  MTCH
END:    220.41251826286316
-
START:  MTD
END:    220.73154139518738
-
START:  MTEX
END:    222.0318911075592
-
START:  MTH
END:    222.35521125793457
-
START:  MTLS
END:    222.50752925872803
-
START:  MTSI
END:    222.70394849777222
-
START:  MU
END:    223.0045759677887
-
START:  MUSA
END:    223.20109367370605
-
START:  MVIS
END:    223.46125173568726
-
START:  MXL
END:    224.71474266052246
-
START:  MYRG
END:    225.99160289764404
-
START:  NBIX
END:    226.262451171875
-
START:  NCBS
Not Found: No data found, symbol may be delisted
START:  NDAQ
END:    228.64605331420898
-
START:  NDSN
END:    229.18862748146057
-
START:  NEE
END:    229.5227975845337
-
START:  NEO
END:    229.77005457878113
-
START:  NEOG
END:    230.0758662223816
-
START:  NFLX
END:    230.36559200286865
-
START:  NICE
END:    230.65130257606506
-
START:  NISN
END:    230.78253650665283
-
START:  NKE
END:    231.0840198993683
-
START:  NOVT
END:    231.34226083755493
-
START:  NOW
END:    231.52056741714478
-
START:  NSC
END:    231.87472820281982
-
START:  NSIT
END:    233.16059732437134
-
START:  NSSC
END:    233.46871423721313
-
START:  NSTG
END:    233.63560795783997
-
START:  NTLA
END:    233.7910511493683
-
START:  NTRA
END:    233.9587094783783
-
START:  NUAN
Not Found: No data found, symbol may be delisted
START:  NVCR
END:    235.18262791633606
-
START:  NVDA
END:    236.48893356323242
-
START:  NVMI
END:    236.76116633415222
-
START:  NVO
END:    237.11558842658997
-
START:  NVR
END:    237.3957498073578
-
START:  NXST
END:    237.68854188919067
-
START:  NYT
END:    238.0126781463623
-
START:  OBCI
Not Found: No data found, symbol may be delisted
START:  ODFL
END:    238.36546111106873
-
START:  OEF
END:    238.6761622428894
-
START:  OFLX
END:    239.98166346549988
-
START:  OLED
END:    240.26128506660461
-
START:  OMCL
END:    240.52276968955994
-
START:  ON
END:    240.79250693321228
-
START:  OOMA
END:    241.9759702682495
-
START:  OPRX
END:    243.24460625648499
-
START:  ORA
END:    244.5560097694397
-
START:  ORCL
END:    244.849276304245
-
START:  ORLY
END:    245.1576051712036
-
START:  ORMP
END:    245.39102363586426
-
START:  OTEX
END:    245.70033407211304
-
START:  PACB
END:    245.9101526737213
-
START:  PAG
END:    246.2143795490265
-
START:  PANW
END:    247.41877365112305
-
START:  PAR
END:    247.69315266609192
-
START:  PAYC
END:    247.85048604011536
-
START:  PAYX
END:    248.1853370666504
-
START:  PBD
END:    248.44830536842346
-
START:  PCTY
END:    248.60540628433228
-
START:  PEGA
END:    249.95760321617126
-
START:  PEN
END:    250.1049783229828
-
START:  PENN
END:    251.4217987060547
-
START:  PEP
END:    251.8000636100769
-
START:  PERI
END:    252.05876469612122
-
START:  PFSI
END:    252.22698712348938
-
START:  PGR
END:    252.62837624549866
-
START:  PH
END:    252.9612717628479
-
START:  PHM
END:    256.35456705093384
-
START:  PKI
END:    256.6864507198334
-
START:  PLL
END:    257.85343074798584
-
START:  PLNT
END:    259.0248701572418
-
START:  PLUG
END:    259.27978348731995
-
START:  PLXS
END:    259.5741093158722
-
START:  PODD
END:    259.8045196533203
-
START:  POOL
END:    260.1141242980957
-
START:  POWI
END:    260.4065091609955
-
START:  PRFT
END:    260.6742014884949
-
START:  PRI
END:    260.9498426914215
-
START:  PRTA
END:    261.1377284526825
-
START:  PRTS
END:    261.38898229599
-
START:  PTSI
END:    261.7139325141907
-
START:  PWR
END:    262.0806317329407
-
START:  PYPL
END:    263.2612316608429
-
START:  QADA
Not Found: No data found, symbol may be delisted
START:  QCLN
END:    265.6262879371643
-
START:  QDEL
END:    265.88736844062805
-
START:  QGEN
END:    266.18754482269287
-
START:  QLYS
END:    266.3568079471588
-
START:  QQQ
END:    269.7021675109863
-
START:  QRVO
END:    269.90444707870483
-
START:  QTWO
END:    270.0737736225128
-
START:  RADA
Not Found: No data found, symbol may be delisted
START:  RAMP
END:    272.45598340034485
-
START:  RBA
END:    272.913143157959
-
START:  RCII
END:    273.2271363735199
-
START:  RCKY
END:    273.56507444381714
-
START:  RDNT
END:    273.83429408073425
-
START:  RDVT
END:    274.00511956214905
-
START:  RDWR
END:    274.27194261550903
-
START:  REGI
END:    274.4643590450287
-
START:  RENN
END:    274.7068829536438
-
START:  RGEN
END:    274.96977949142456
-
START:  RH
END:    276.1771743297577
-
START:  RILY
END:    276.4058127403259
-
START:  RIOT
END:    276.5396111011505
-
START:  RLI
END:    276.8634469509125
-
START:  RLMD
END:    278.0510983467102
-
START:  RMD
END:    278.35661911964417
-
START:  RNG
END:    278.5376842021942
-
START:  ROBO
END:    278.7113564014435
-
START:  ROCK
END:    280.0319619178772
-
START:  ROK
END:    280.3802306652069
-
START:  ROKU
END:    280.5208811759949
-
START:  ROL
END:    280.84490275382996
-
START:  ROP
END:    281.18072152137756
-
START:  ROST
END:    283.017972946167
-
START:  RPD
END:    283.1819796562195
-
START:  RPM
END:    283.5433986186981
-
START:  RSG
END:    283.9495599269867
-
START:  RTH
END:    285.26401591300964
-
START:  RUN
END:    285.4320225715637
-
START:  RXI
END:    285.67793893814087
-
START:  SAIA
END:    286.94995045661926
-
START:  SAIC
END:    287.16958260536194
-
START:  SAM
END:    287.4437880516052
-
START:  SAVA
END:    287.71076345443726
-
START:  SCI
END:    288.0534965991974
-
START:  SCL
END:    288.3714029788971
-
START:  SE
END:    288.4924726486206
-
START:  SEAS
END:    288.67368245124817
-
START:  SEDG
END:    288.81911730766296
-
START:  SFBS
END:    290.02672600746155
-
START:  SGEN
END:    290.3035001754761
-
START:  SGMS
Not Found: No data found, symbol may be delisted
START:  SGRY
END:    290.51478838920593
-
START:  SHOP
END:    290.6656856536865
-
START:  SHW
END:    291.00109457969666
-
START:  SHYF
END:    291.3156170845032
-
START:  SITE
END:    292.51763677597046
-
START:  SIVB
END:    292.8098363876343
-
START:  SJW
END:    294.18763065338135
-
START:  SKY
END:    294.5760729312897
-
START:  SLAB
END:    297.8710129261017
-
START:  SLP
END:    299.1792688369751
-
START:  SMH
END:    299.46957087516785
-
START:  SMTC
END:    299.74053406715393
-
START:  SNAP
END:    299.86661982536316
-
START:  SNPS
END:    300.1333589553833
-
START:  SOCL
END:    301.3565855026245
-
START:  SOXL
END:    301.58376693725586
-
START:  SPGI
END:    301.98137068748474
-
START:  SPLG
END:    302.25343132019043
-
START:  SPLK
END:    302.66096782684326
-
START:  SPNS
END:    302.9382555484772
-
START:  SPSC
END:    303.2077372074127
-
START:  SPTM
END:    303.51387786865234
-
START:  SPWH
END:    303.7236416339874
-
START:  SPWR
END:    303.9710509777069
-
START:  SPXC
END:    304.2851610183716
-
START:  SPXL
END:    304.5332889556885
-
START:  SPY
END:    304.896502494812
-
START:  SPYG
END:    305.1985294818878
-
START:  SQ
END:    305.39962339401245
-
START:  SSD
END:    305.69575810432434
-
START:  SSNC
END:    305.90291595458984
-
START:  SSTK
END:    306.1437277793884
-
START:  STAA
END:    306.4145174026489
-
START:  STE
END:    306.7666163444519
-
START:  SUSA
END:    308.06930685043335
-
START:  SYK
END:    308.4257791042328
-
START:  SYNA
END:    308.71700286865234
-
START:  TBBK
END:    308.9763457775116
-
START:  TBK
Not Found: No data found, symbol may be delisted
START:  TDG
END:    309.3453013896942
-
START:  TDOC
END:    309.49670147895813
-
START:  TDY
END:    309.7677893638611
-
START:  TEAM
END:    309.91128492355347
-
START:  TECH
END:    310.19854283332825
-
START:  TECL
END:    311.4625861644745
-
START:  TER
END:    312.78544330596924
-
START:  TFX
END:    313.15308260917664
-
START:  TGH
END:    313.41375255584717
-
START:  TGLS
END:    313.620973110199
-
START:  TGT
END:    313.9321734905243
-
START:  TGTX
END:    314.16825580596924
-
START:  THC
END:    315.48320508003235
-
START:  TJX
END:    316.8541133403778
-
START:  TMO
END:    317.1507534980774
-
START:  TMUS
END:    320.4216890335083
-
START:  TNDM
END:    320.5911672115326
-
START:  TNET
END:    320.75179409980774
-
START:  TPX
END:    321.04686975479126
-
START:  TREX
END:    321.34252738952637
-
START:  TRI
END:    321.6539406776428
-
START:  TRIL
Not Found: No data found, symbol may be delisted
START:  TRMB
END:    321.9959011077881
-
START:  TRNS
END:    322.2704153060913
-
START:  TROW
END:    322.6169013977051
-
START:  TRU
END:    322.77516508102417
-
START:  TRUP
END:    322.94195580482483
-
START:  TSCO
END:    323.2426428794861
-
START:  TSLA
END:    323.45356607437134
-
START:  TSM
END:    323.7594723701477
-
START:  TT
END:    324.1128087043762
-
START:  TTC
END:    324.45559000968933
-
START:  TTD
END:    324.5982723236084
-
START:  TTEC
END:    324.8731846809387
-
START:  TTEK
END:    325.1675765514374
-
START:  TTGT
END:    325.42225098609924
-
START:  TTWO
END:    325.70508074760437
-
START:  TWLO
END:    325.8486530780792
-
START:  TXN
END:    329.2692437171936
-
START:  TYL
END:    329.5569932460785
-
START:  UCTT
END:    329.8810040950775
-
START:  UFPI
END:    330.2069511413574
-
START:  UFPT
END:    330.4825270175934
-
START:  UI
END:    330.669885635376
-
START:  UMC
END:    330.95836544036865
-
START:  UNF
END:    331.26635670661926
-
START:  UNH
END:    331.5945427417755
-
START:  UNP
END:    331.9481780529022
-
START:  UPLD
END:    332.1757535934448
-
START:  URI
END:    332.464159488678
-
START:  V
END:    332.70142698287964
-
START:  VALU
END:    333.06864881515503
-
START:  VBK
END:    333.39228320121765
-
START:  VCEL
END:    333.647917509079
-
START:  VCR
END:    333.9597933292389
-
START:  VCTR
END:    334.10217213630676
-
START:  VCYT
END:    334.29429817199707
-
START:  VDC
END:    334.59333086013794
-
START:  VEEV
END:    335.7699406147003
-
START:  VERU
END:    336.05327582359314
-
START:  VGT
END:    336.3425061702728
-
START:  VHT
END:    336.6394422054291
-
START:  VIAV
END:    336.899409532547
-
START:  VICR
END:    338.20218896865845
-
START:  VIG
END:    338.4966151714325
-
START:  VO
END:    338.81158804893494
-
START:  VONE
END:    339.0595600605011
-
START:  VONG
END:    340.29933738708496
-
START:  VOO
END:    340.5477383136749
-
START:  VOOG
END:    340.7711808681488
-
START:  VOOV
END:    340.97588086128235
-
START:  VOT
END:    341.31796622276306
-
START:  VPU
END:    342.637229681015
-
START:  VRNS
END:    342.79895997047424
-
START:  VRSK
END:    343.0036871433258
-
START:  VRSN
END:    343.3011064529419
-
START:  VRTV
END:    343.502836227417
-
START:  VSTO
END:    344.6782433986664
-
START:  VTHR
END:    344.8956422805786
-
START:  VTI
END:    345.1958363056183
-
START:  VTNR
END:    345.4579293727875
-
START:  VTWG
END:    345.6856641769409
-
START:  VUG
END:    345.99805092811584
-
START:  VV
END:    347.2961814403534
-
START:  VXF
END:    347.6245996952057
-
START:  WCN
END:    347.95731353759766
-
START:  WD
END:    349.2036416530609
-
START:  WDAY
===========================
MACD golden cross
===========================
START:  code
START:  A
START:  AAON
START:  AAPL
START:  ABG
START:  ABT
START:  ACLS
START:  ACMR
START:  ACN
START:  ADBE
START:  ADI
START:  ADP
START:  ADSK
START:  ADUS
START:  AEE
START:  AGYS
START:  AIZ
START:  AJG
START:  AJRD
START:  ALB
START:  ALG
START:  ALGN
START:  ALLE
START:  ALTR
START:  AMAT
START:  AMBA
START:  AMD
START:  AME
START:  AMED
START:  AMEH
START:  AMGN
START:  AMN
START:  AMP
START:  AMRC
START:  AMSWA
START:  AMTX
START:  AMZN
START:  AN
START:  ANSS
START:  ANTM
START:  AON
START:  AOSL
START:  APD
START:  APH
START:  APPF
START:  APPN
START:  APPS
START:  AQN
START:  ARCB
START:  ARCT
START:  ARES
START:  ARGX
START:  ARWR
START:  ASML
START:  ASPN
START:  ATEC
START:  ATEN
START:  ATKR
START:  ATOM
START:  ATR
START:  ATRC
START:  AUDC
START:  AUPH
START:  AVAV
START:  AVGO
START:  AVID
START:  AVNW
START:  AVXL
START:  AVY
START:  AWK
START:  AWR
START:  AXON
START:  AZO
START:  AZPN
START:  BAH
START:  BAM
START:  BAX
START:  BBH
START:  BBQ
START:  BBY
START:  BCPC
START:  BDX
START:  BEEM
START:  BFAM
START:  BFC
START:  BGFV
START:  BGNE
START:  BHVN
START:  BIO
START:  BL
START:  BLD
START:  BLDP
START:  BLDR
START:  BLFS
START:  BLK
START:  BLL
START:  BLNK
START:  BMI
START:  BOOT
START:  BOTZ
START:  BR
START:  BRKR
START:  BRKS
START:  BRO
START:  BURL
START:  BX
START:  CABO
START:  CACI
START:  CALX
START:  CAMT
START:  CAR
START:  CBRE
START:  CBSH
START:  CBZ
START:  CCOI
START:  CCS
START:  CDMO
START:  CDNA
START:  CDNS
START:  CDW
START:  CELH
START:  CGNX
START:  CHD
START:  CHDN
START:  CHE
START:  CHGG
START:  CHH
START:  CHKP
START:  CHTR
START:  CIEN
START:  CLAR
START:  CLFD
START:  CLGN
START:  CLNE
START:  CLPT
START:  CLX
START:  CMCSA
START:  CMG
START:  CMS
START:  CNC
START:  CNI
START:  CNMD
START:  CNS
START:  CNXN
START:  COO
START:  COST
START:  COUP
START:  COWN
START:  CP
START:  CPK
START:  CPRT
START:  CPSH
START:  CRAI
START:  CREE
START:  CRL
START:  CRM
START:  CRMT
START:  CROX
START:  CRSP
START:  CRVL
START:  CSGP
START:  CSL
START:  CSWI
START:  CSX
START:  CTAS
START:  CTLT
START:  CTRN
START:  CURE
START:  CVCO
START:  CVNA
START:  CWST
START:  CWT
START:  CXSE
START:  CYBR
START:  CYRX
START:  CYTK
START:  DAC
START:  DAR
START:  DAVA
START:  DDS
START:  DE
START:  DECK
START:  DELL
START:  DFIN
START:  DG
START:  DGRW
START:  DHI
START:  DHR
START:  DIA
START:  DIOD
START:  DIS
START:  DKS
START:  DLN
START:  DNLI
START:  DOMO
START:  DOV
START:  DPZ
START:  DQ
START:  DRD
START:  DRIO
START:  DRNA
START:  DSGX
START:  DVAX
START:  DXCM
START:  ECL
START:  EFX
START:  EGAN
START:  EHC
START:  EL
START:  ENPH
START:  ENSG
START:  ENTG
START:  ENV
START:  EPAM
START:  ERIE
START:  ES
START:  ESE
START:  ETN
START:  ETSY
START:  EVBG
START:  EVTC
START:  EW
START:  EWT
START:  EXAS
START:  EXLS
START:  EXPD
START:  EXPI
START:  EXPO
START:  FAST
START:  FATE
START:  FB
START:  FCN
START:  FCX
START:  FDN
START:  FDS
START:  FELE
START:  FFIN
START:  FICO
START:  FINX
START:  FIS
START:  FISV
START:  FIVE
START:  FIVN
START:  FLGT
START:  FLT
START:  FLWS
START:  FN
START:  FND
START:  FNV
START:  FORM
START:  FOXF
START:  FPX
START:  FRC
START:  FRHC
START:  FRPT
START:  FSS
START:  FTNT
START:  FUV
START:  GDEN
START:  GFI
START:  GGG
START:  GIB
START:  GLDD
START:  GLOB
START:  GMAB
START:  GME
START:  GMED
START:  GNRC
START:  GNSS
START:  GNTX
START:  GOLF
START:  GOOG
START:  GOOGL
START:  GPI
START:  GPN
START:  GRBK
START:  GRMN
START:  GRVY
START:  GRWG
START:  GWRE
START:  HACK
START:  HALO
START:  HCI
START:  HD
START:  HEI
START:  HELE
START:  HIBB
START:  HLI
START:  HLT
START:  HOLX
START:  HON
START:  HOV
START:  HRC
START:  HRI
START:  HSKA
START:  HTHT
START:  HUBS
START:  HUM
START:  HZNP
START:  IAC
START:  IBP
START:  ICE
START:  ICLN
START:  ICLR
START:  IDT
START:  IDXX
START:  IESC
START:  IEX
START:  ILMN
START:  INFO
START:  INOV
START:  INSP
START:  INTC
START:  INTU
START:  INTZ
START:  INVE
START:  IOO
START:  IQV
START:  IRDM
START:  IRMD
START:  ISEE
START:  ISRG
START:  IT
START:  ITT
START:  ITW
START:  IVOG
START:  IVV
START:  IXJ
START:  IXN
START:  J
START:  JBL
START:  JBSS
START:  JD
START:  JKHY
START:  JKS
START:  JNJ
START:  JOE
START:  JOUT
START:  JYNT
START:  KAI
START:  KBH
START:  KBR
START:  KDMN
START:  KEYS
START:  KLAC
START:  KLIC
START:  KMX
START:  KNSL
START:  KOPN
START:  KOSS
START:  KRNT
START:  KSU
START:  KTOS
START:  LAC
START:  LAD
START:  LANC
START:  LAWS
START:  LDOS
START:  LFMD
START:  LGIH
START:  LH
START:  LHCG
START:  LHX
START:  LII
START:  LIN
START:  LINC
START:  LIT
START:  LLY
START:  LMT
START:  LNT
START:  LOB
START:  LOGI
START:  LOVE
START:  LOW
START:  LPLA
START:  LPSN
START:  LQDT
START:  LRCX
START:  LSCC
START:  LSTR
START:  LULU
START:  LUNA
START:  MA
START:  MANH
START:  MANT
START:  MARA
START:  MASI
START:  MATX
START:  MBUU
START:  MCD
START:  MCHP
START:  MCO
START:  MDB
START:  MDT
START:  MEDP
START:  MEDS
START:  MELI
START:  MGC
START:  MGIC
START:  MGK
START:  MGNI
START:  MHO
START:  MIME
START:  MITK
START:  MKC
START:  MKSI
START:  MKTX
START:  MLAB
START:  MLR
START:  MMC
START:  MMS
START:  MNMD
START:  MNST
START:  MODN
START:  MODV
START:  MOH
START:  MORN
START:  MPWR
START:  MRTX
START:  MRVL
START:  MS
START:  MSA
START:  MSCI
START:  MSEX
START:  MSFT
START:  MSI
START:  MSTR
START:  MTBC
START:  MTCH
START:  MTD
START:  MTEX
START:  MTH
START:  MTLS
START:  MTSI
START:  MU
START:  MUSA
START:  MVIS
START:  MXL
START:  MYRG
START:  NBIX
START:  NCBS
START:  NDAQ
START:  NDSN
START:  NEE
START:  NEO
START:  NEOG
START:  NFLX
START:  NICE
START:  NISN
START:  NKE
START:  NOVT
START:  NOW
START:  NSC
START:  NSIT
START:  NSSC
START:  NSTG
START:  NTLA
START:  NTRA
START:  NUAN
START:  NVCR
START:  NVDA
START:  NVMI
START:  NVO
START:  NVR
START:  NXST
START:  NYT
START:  OBCI
START:  ODFL
START:  OEF
START:  OFLX
START:  OLED
START:  OMCL
START:  ON
START:  OOMA
START:  OPRX
START:  ORA
START:  ORCL
START:  ORLY
START:  ORMP
START:  OTEX
START:  PACB
START:  PAG
START:  PANW
START:  PAR
START:  PAYC
START:  PAYX
START:  PBD
START:  PCTY
START:  PEGA
START:  PEN
START:  PENN
START:  PEP
START:  PERI
START:  PFSI
START:  PGR
START:  PH
START:  PHM
START:  PKI
START:  PLL
START:  PLNT
START:  PLUG
START:  PLXS
START:  PODD
START:  POOL
START:  POWI
START:  PRFT
START:  PRI
START:  PRTA
START:  PRTS
START:  PTSI
START:  PWR
START:  PYPL
START:  QADA
START:  QCLN
START:  QDEL
START:  QGEN
START:  QLYS
START:  QQQ
START:  QRVO
START:  QTWO
START:  RADA
START:  RAMP
START:  RBA
START:  RCII
START:  RCKY
START:  RDNT
START:  RDVT
START:  RDWR
START:  REGI
START:  RENN
START:  RGEN
START:  RH
START:  RILY
START:  RIOT
START:  RLI
START:  RLMD
START:  RMD
START:  RNG
START:  ROBO
START:  ROCK
START:  ROK
START:  ROKU
START:  ROL
START:  ROP
START:  ROST
START:  RPD
START:  RPM
START:  RSG
START:  RTH
START:  RUN
START:  RXI
START:  SAIA
START:  SAIC
START:  SAM
START:  SAVA
START:  SCI
START:  SCL
START:  SE
START:  SEAS
START:  SEDG
START:  SFBS
START:  SGEN
START:  SGMS
START:  SGRY
START:  SHOP
START:  SHW
START:  SHYF
START:  SITE
START:  SIVB
START:  SJW
START:  SKY
START:  SLAB
START:  SLP
START:  SMH
START:  SMTC
START:  SNAP
START:  SNPS
START:  SOCL
START:  SOXL
START:  SPGI
START:  SPLG
START:  SPLK
START:  SPNS
START:  SPSC
START:  SPTM
START:  SPWH
START:  SPWR
START:  SPXC
START:  SPXL
START:  SPY
START:  SPYG
START:  SQ
START:  SSD
START:  SSNC
START:  SSTK
START:  STAA
START:  STE
START:  SUSA
START:  SYK
START:  SYNA
START:  TBBK
START:  TBK
START:  TDG
START:  TDOC
START:  TDY
START:  TEAM
START:  TECH
START:  TECL
START:  TER
START:  TFX
START:  TGH
START:  TGLS
START:  TGT
START:  TGTX
START:  THC
START:  TJX
START:  TMO
START:  TMUS
START:  TNDM
START:  TNET
START:  TPX
START:  TREX
START:  TRI
START:  TRIL
START:  TRMB
START:  TRNS
START:  TROW
START:  TRU
START:  TRUP
START:  TSCO
START:  TSLA
START:  TSM
START:  TT
START:  TTC
START:  TTD
START:  TTEC
START:  TTEK
START:  TTGT
START:  TTWO
START:  TWLO
START:  TXN
START:  TYL
START:  UCTT
START:  UFPI
START:  UFPT
START:  UI
START:  UMC
START:  UNF
START:  UNH
START:  UNP
START:  UPLD
START:  URI
START:  V
START:  VALU
START:  VBK
START:  VCEL
START:  VCR
START:  VCTR
START:  VCYT
START:  VDC
START:  VEEV
START:  VERU
START:  VGT
START:  VHT
START:  VIAV
START:  VICR
START:  VIG
START:  VO
START:  VONE
START:  VONG
START:  VOO
START:  VOOG
START:  VOOV
START:  VOT
START:  VPU
START:  VRNS
START:  VRSK
START:  VRSN
START:  VRTV
START:  VSTO
START:  VTHR
START:  VTI
START:  VTNR
START:  VTWG
START:  VUG
START:  VV
START:  VXF
START:  WCN
START:  WD
START:  WDAY
START:  WDFC
START:  WEC
START:  WEN
START:  WINA
START:  WING
START:  WIRE
START:  WIX
START:  WK
START:  WLTW
START:  WM
START:  WMS
START:  WNS
START:  WRB
START:  WSC
START:  WSM
START:  WST
START:  WTRG
START:  WTS
START:  XEL
START:  XENE
START:  XLK
START:  XLNX
START:  XLP
START:  XLRN
START:  XLU
START:  XLV
START:  XLY
START:  XYL
START:  YNDX
START:  YORW
START:  YUM
START:  Z
START:  ZBRA
START:  ZEN
START:  ZLAB
START:  ZNGA
START:  ZS
START:  ZTS
START:  ZYXI
==== MACD golden cross ====
None
code: BLD      day: macd + hist + hist_1pre + ,  Week: macd + hist + hist_1pre - , Month: macd + hist + hist_1pre + , 
Trade --> code: BLD    BUY: 2017-10-31   65.99 SELL: 2022-12-31  156.49  macd:   -1.07 macd_count:  62 profit:  2.37
Trade --> code: BLD    BUY: 2023-01-31  200.06 SELL: 2023-04-30  217.96  macd:    5.21 macd_count:   4 profit:  1.09

code: BMI      day: macd + hist + hist_1pre + ,  Week: macd + hist + hist_1pre - , Month: macd + hist + hist_1pre + , 
Trade --> code: BMI    BUY: 2005-08-31   10.95 SELL: 2009-02-28   12.55  macd:   -0.14 macd_count:  42 profit:  1.15
Trade --> code: BMI    BUY: 2009-05-31   20.31 SELL: 2011-08-31   17.51  macd:   -0.06 macd_count:  27 profit:  0.86
Trade --> code: BMI    BUY: 2012-10-31   21.42 SELL: 2023-04-30  135.64  macd:    9.45 macd_count: 127 profit:  6.33

code: CCS      day: macd + hist + hist_1pre + ,  Week: macd + hist + hist_1pre - , Month: macd + hist + hist_1pre + , 
Trade --> code: CCS    BUY: 2016-10-31   19.70 SELL: 2018-12-31   17.26  macd:   -0.23 macd_count:  26 profit:  0.88
Trade --> code: CCS    BUY: 2019-07-31   27.57 SELL: 2020-04-30   21.42  macd:   -0.27 macd_count:   9 profit:  0.78
Trade --> code: CCS    BUY: 2020-05-31   29.54 SELL: 2022-10-31   44.51  macd:   -0.37 macd_count:  29 profit:  1.51
Trade --> code: CCS    BUY: 2023-01-31   61.20 SELL: 2023-04-30   65.67  macd:    1.94 macd_count:   4 profit:  1.07

code: CROX     day: macd + hist + hist_1pre + ,  Week: macd + hist + hist_1pre - , Month: macd + hist + hist_1pre + , 
Trade --> code: CROX   BUY: 2008-06-30    8.01 SELL: 2008-08-31    4.15  macd:   -1.32 macd_count:   2 profit:  0.52
Trade --> code: CROX   BUY: 2010-09-30   13.00 SELL: 2012-10-31   12.60  macd:   -0.06 macd_count:  25 profit:  0.97
Trade --> code: CROX   BUY: 2018-01-31   13.51 SELL: 2022-09-30   68.66  macd:   -0.30 macd_count:  56 profit:  5.08
Trade --> code: CROX   BUY: 2022-11-30  101.00 SELL: 2023-04-30  147.18  macd:   11.15 macd_count:   6 profit:  1.46

code: DHI      day: macd + hist + hist_1pre + ,  Week: macd + hist + hist_1pre - , Month: macd + hist + hist_1pre + , 
Trade --> code: DHI    BUY: 2005-08-31   36.92 SELL: 2006-08-31   21.93  macd:   -0.02 macd_count:  12 profit:  0.59
Trade --> code: DHI    BUY: 2012-01-31   13.92 SELL: 2023-04-30  106.58  macd:    5.24 macd_count: 136 profit:  7.66

code: DKS      day: macd + hist + hist_1pre + ,  Week: macd + hist + hist_1pre - , Month: macd + hist + hist_1pre + , 
Trade --> code: DKS    BUY: 2005-08-31   15.82 SELL: 2008-07-31   17.55  macd:   -0.13 macd_count:  35 profit:  1.11
Trade --> code: DKS    BUY: 2010-01-31   22.37 SELL: 2014-09-30   43.88  macd:   -0.11 macd_count:  56 profit:  1.96
Trade --> code: DKS    BUY: 2014-12-31   49.65 SELL: 2015-11-30   39.03  macd:   -0.64 macd_count:  11 profit:  0.79
Trade --> code: DKS    BUY: 2016-08-31   58.60 SELL: 2017-06-30   39.83  macd:   -0.65 macd_count:  10 profit:  0.68
Trade --> code: DKS    BUY: 2019-11-30   45.81 SELL: 2020-03-31   21.26  macd:   -0.38 macd_count:   4 profit:  0.46
Trade --> code: DKS    BUY: 2020-07-31   45.62 SELL: 2023-04-30  148.91  macd:   13.59 macd_count:  34 profit:  3.26

code: DXCM     day: macd + hist + hist_1pre + ,  Week: macd + hist + hist_1pre - , Month: macd + hist + hist_1pre + , 
Trade --> code: DXCM   BUY: 2010-01-31    2.27 SELL: 2012-03-31    2.61  macd:   -0.01 macd_count:  26 profit:  1.15
Trade --> code: DXCM   BUY: 2012-06-30    3.24 SELL: 2012-07-31    2.75  macd:   -0.00 macd_count:   1 profit:  0.85
Trade --> code: DXCM   BUY: 2012-08-31    3.33 SELL: 2017-09-30   12.23  macd:   -0.06 macd_count:  61 profit:  3.68
Trade --> code: DXCM   BUY: 2018-05-31   22.00 SELL: 2022-09-30   80.54  macd:   -0.88 macd_count:  52 profit:  3.66
Trade --> code: DXCM   BUY: 2022-10-31  120.78 SELL: 2023-04-30  123.73  macd:    4.69 macd_count:   7 profit:  1.02

code: ESE      day: macd + hist + hist_1pre + ,  Week: macd + hist + hist_1pre - , Month: macd + hist + hist_1pre + , 
Trade --> code: ESE    BUY: 2005-08-31   51.84 SELL: 2007-08-31   32.87  macd:   -0.71 macd_count:  24 profit:  0.63
Trade --> code: ESE    BUY: 2008-05-31   51.51 SELL: 2008-11-30   30.58  macd:   -0.72 macd_count:   6 profit:  0.59
Trade --> code: ESE    BUY: 2011-05-31   37.57 SELL: 2011-08-31   30.87  macd:   -0.36 macd_count:   3 profit:  0.82
Trade --> code: ESE    BUY: 2012-07-31   36.01 SELL: 2013-08-31   30.65  macd:   -0.22 macd_count:  13 profit:  0.85
Trade --> code: ESE    BUY: 2014-10-31   38.02 SELL: 2022-02-28   69.57  macd:   -0.91 macd_count:  88 profit:  1.83
Trade --> code: ESE    BUY: 2023-01-31   98.44 SELL: 2023-04-30   97.76  macd:    2.72 macd_count:   4 profit:  0.99

code: FISV     day: macd + hist + hist_1pre + ,  Week: macd + hist + hist_1pre - , Month: macd + hist + hist_1pre + , 
Trade --> code: FISV   BUY: 2005-08-31   11.23 SELL: 2008-10-31    8.34  macd:   -0.24 macd_count:  38 profit:  0.74
Trade --> code: FISV   BUY: 2009-12-31   12.12 SELL: 2022-04-30   97.92  macd:   -0.15 macd_count: 148 profit:  8.08
Trade --> code: FISV   BUY: 2023-02-28  115.09 SELL: 2023-04-30  116.96  macd:    2.05 macd_count:   3 profit:  1.02

code: GGG      day: macd + hist - hist_1pre - ,  Week: macd + hist + hist_1pre - , Month: macd + hist + hist_1pre + , 
Trade --> code: GGG    BUY: 2005-08-31   12.40 SELL: 2008-01-31   11.41  macd:   -0.04 macd_count:  29 profit:  0.92
Trade --> code: GGG    BUY: 2008-05-31   13.47 SELL: 2008-06-30   12.69  macd:   -0.01 macd_count:   1 profit:  0.94
Trade --> code: GGG    BUY: 2010-09-30   10.58 SELL: 2023-04-30   70.95  macd:    1.25 macd_count: 152 profit:  6.71

code: HLT      day: macd + hist + hist_1pre + ,  Week: macd + hist + hist_1pre - , Month: macd + hist + hist_1pre - , 
Trade --> code: HLT    BUY: 2016-12-31   55.81 SELL: 2023-04-30  148.02  macd:    6.08 macd_count:  77 profit:  2.65

code: IBP      day: macd + hist + hist_1pre + ,  Week: macd + hist + hist_1pre - , Month: macd + hist + hist_1pre + , 
Trade --> code: IBP    BUY: 2016-06-30   36.29 SELL: 2018-11-30   38.73  macd:   -0.40 macd_count:  29 profit:  1.07
Trade --> code: IBP    BUY: 2019-06-30   59.22 SELL: 2022-09-30   80.99  macd:   -0.53 macd_count:  39 profit:  1.37
Trade --> code: IBP    BUY: 2023-02-28  115.38 SELL: 2023-04-30  122.22  macd:    3.38 macd_count:   3 profit:  1.06

code: INSP     day: macd + hist + hist_1pre + ,  Week: macd + hist + hist_1pre - , Month: macd + hist + hist_1pre + , 
Trade --> code: INSP   BUY: 2020-09-30  129.05 SELL: 2023-04-30  274.95  macd:   19.59 macd_count:  32 profit:  2.13

code: IRDM     day: macd + hist + hist_1pre + ,  Week: macd + hist + hist_1pre - , Month: macd + hist + hist_1pre + , 
Trade --> code: IRDM   BUY: 2010-07-31   10.31 SELL: 2010-09-30    8.54  macd:   -0.03 macd_count:   2 profit:  0.83
Trade --> code: IRDM   BUY: 2012-07-31    9.06 SELL: 2012-08-31    7.41  macd:   -0.05 macd_count:   1 profit:  0.82
Trade --> code: IRDM   BUY: 2014-07-31    8.18 SELL: 2016-01-31    6.96  macd:   -0.07 macd_count:  18 profit:  0.85
Trade --> code: IRDM   BUY: 2016-06-30    8.88 SELL: 2023-04-30   67.26  macd:    6.63 macd_count:  83 profit:  7.57

code: IVOG     day: macd + hist + hist_1pre + ,  Week: macd + hist + hist_1pre - , Month: macd + hist - hist_1pre - , 
Trade --> code: IVOG   BUY: 2013-01-31   37.47 SELL: 2022-12-31   84.66  macd:   -0.14 macd_count: 119 profit:  2.26
Trade --> code: IVOG   BUY: 2023-01-31   90.54 SELL: 2023-04-30   88.88  macd:    0.12 macd_count:   4 profit:  0.98

code: LANC     day: macd + hist + hist_1pre - ,  Week: macd + hist + hist_1pre - , Month: macd + hist + hist_1pre + , 
Trade --> code: LANC   BUY: 2005-08-31   45.75 SELL: 2005-12-31   37.05  macd:   -0.22 macd_count:   4 profit:  0.81
Trade --> code: LANC   BUY: 2006-09-30   44.76 SELL: 2007-08-31   40.67  macd:   -0.03 macd_count:  11 profit:  0.91
Trade --> code: LANC   BUY: 2009-05-31   46.07 SELL: 2022-03-31  149.15  macd:   -0.02 macd_count: 154 profit:  3.24
Trade --> code: LANC   BUY: 2022-11-30  207.14 SELL: 2023-04-30  206.67  macd:    9.08 macd_count:   6 profit:  1.00

code: LGIH     day: macd + hist + hist_1pre + ,  Week: macd + hist + hist_1pre - , Month: macd - hist + hist_1pre + , 
Trade --> code: LGIH   BUY: 2016-03-31   24.21 SELL: 2022-06-30   86.90  macd:   -0.29 macd_count:  75 profit:  3.59

code: LII      day: macd + hist + hist_1pre + ,  Week: macd + hist + hist_1pre - , Month: macd - hist + hist_1pre + , 
Trade --> code: LII    BUY: 2005-08-31   24.39 SELL: 2009-01-31   28.11  macd:   -0.15 macd_count:  41 profit:  1.15
Trade --> code: LII    BUY: 2009-08-31   35.88 SELL: 2011-09-30   25.78  macd:   -0.50 macd_count:  25 profit:  0.72
Trade --> code: LII    BUY: 2012-06-30   46.63 SELL: 2022-05-31  208.90  macd:   -4.57 macd_count: 119 profit:  4.48

code: LOW      day: macd + hist + hist_1pre + ,  Week: macd + hist + hist_1pre - , Month: macd + hist - hist_1pre - , 
Trade --> code: LOW    BUY: 2005-08-31   32.15 SELL: 2007-10-31   26.89  macd:   -0.20 macd_count:  26 profit:  0.84
Trade --> code: LOW    BUY: 2010-04-30   27.12 SELL: 2010-06-30   20.42  macd:   -0.04 macd_count:   2 profit:  0.75
Trade --> code: LOW    BUY: 2011-01-31   24.80 SELL: 2011-08-31   19.93  macd:   -0.00 macd_count:   7 profit:  0.80
Trade --> code: LOW    BUY: 2011-12-31   25.38 SELL: 2023-04-30  211.04  macd:    6.79 macd_count: 137 profit:  8.32

code: MCO      day: macd + hist + hist_1pre + ,  Week: macd + hist + hist_1pre - , Month: macd - hist - hist_1pre - , 
Trade --> code: MCO    BUY: 2005-08-31   49.11 SELL: 2007-10-31   43.72  macd:   -0.15 macd_count:  26 profit:  0.89
Trade --> code: MCO    BUY: 2011-04-30   39.14 SELL: 2022-10-31  264.87  macd:   -2.76 macd_count: 138 profit:  6.77

code: MHO      day: macd + hist + hist_1pre + ,  Week: macd + hist + hist_1pre - , Month: macd + hist + hist_1pre + , 
Trade --> code: MHO    BUY: 2005-08-31   56.35 SELL: 2006-05-31   36.00  macd:   -0.63 macd_count:   9 profit:  0.64
Trade --> code: MHO    BUY: 2012-06-30   17.32 SELL: 2016-02-29   17.57  macd:   -0.31 macd_count:  44 profit:  1.01
Trade --> code: MHO    BUY: 2016-11-30   23.36 SELL: 2018-11-30   23.54  macd:   -0.11 macd_count:  24 profit:  1.01
Trade --> code: MHO    BUY: 2019-05-31   27.38 SELL: 2022-08-31   43.24  macd:   -0.25 macd_count:  39 profit:  1.58
Trade --> code: MHO    BUY: 2023-02-28   57.84 SELL: 2023-04-30   65.19  macd:    2.55 macd_count:   3 profit:  1.13

code: NKE      day: macd + hist + hist_1pre + ,  Week: macd + hist + hist_1pre - , Month: macd - hist + hist_1pre + , 
Trade --> code: NKE    BUY: 2005-08-31    9.86 SELL: 2009-02-28   10.38  macd:   -0.20 macd_count:  42 profit:  1.05
Trade --> code: NKE    BUY: 2009-09-30   16.17 SELL: 2022-08-31  106.45  macd:   -0.72 macd_count: 155 profit:  6.58

code: NOVT     day: macd + hist + hist_1pre + ,  Week: macd + hist + hist_1pre - , Month: macd + hist + hist_1pre + , 
Trade --> code: NOVT   BUY: 2005-08-31   30.18 SELL: 2005-10-31   25.92  macd:   -0.16 macd_count:   2 profit:  0.86
Trade --> code: NOVT   BUY: 2006-01-31   39.90 SELL: 2006-06-30   25.77  macd:   -0.02 macd_count:   5 profit:  0.65
Trade --> code: NOVT   BUY: 2007-07-31   32.40 SELL: 2007-12-31   27.72  macd:   -0.10 macd_count:   5 profit:  0.86
Trade --> code: NOVT   BUY: 2011-02-28   12.91 SELL: 2012-10-31    7.77  macd:   -0.03 macd_count:  20 profit:  0.60
Trade --> code: NOVT   BUY: 2013-12-31   11.24 SELL: 2023-04-30  158.89  macd:    7.63 macd_count: 113 profit: 14.14

code: NUAN     day: macd + hist + hist_1pre + ,  Week: macd + hist + hist_1pre - , Month: macd + hist - hist_1pre - , 
Trade --> code: NUAN   BUY: 2005-11-30    5.38 SELL: 2008-11-30    7.94  macd:   -0.14 macd_count:  36 profit:  1.48
Trade --> code: NUAN   BUY: 2009-12-31   13.44 SELL: 2013-05-31   16.44  macd:   -0.10 macd_count:  41 profit:  1.22
Trade --> code: NUAN   BUY: 2015-11-30   18.11 SELL: 2016-07-31   13.90  macd:   -0.05 macd_count:   8 profit:  0.77
Trade --> code: NUAN   BUY: 2017-05-31   16.01 SELL: 2017-09-30   13.60  macd:   -0.04 macd_count:   4 profit:  0.85
Trade --> code: NUAN   BUY: 2019-04-30   14.56 SELL: 2022-03-31   55.99  macd:    7.14 macd_count:  36 profit:  3.85

code: PFSI     day: macd + hist + hist_1pre + ,  Week: macd + hist + hist_1pre - , Month: macd + hist + hist_1pre + , 
Trade --> code: PFSI   BUY: 2017-02-28   17.85 SELL: 2023-04-30   63.60  macd:    2.25 macd_count:  75 profit:  3.56

code: PRI      day: macd + hist + hist_1pre + ,  Week: macd + hist + hist_1pre - , Month: macd + hist + hist_1pre + , 
Trade --> code: PRI    BUY: 2012-08-31   29.16 SELL: 2022-08-31  126.75  macd:   -0.55 macd_count: 120 profit:  4.35
Trade --> code: PRI    BUY: 2022-11-30  149.03 SELL: 2023-04-30  180.47  macd:    8.96 macd_count:   6 profit:  1.21

code: RLI      day: macd + hist + hist_1pre + ,  Week: macd + hist + hist_1pre - , Month: macd + hist + hist_1pre + , 
Trade --> code: RLI    BUY: 2005-08-31   23.05 SELL: 2009-04-30   24.01  macd:   -0.12 macd_count:  44 profit:  1.04
Trade --> code: RLI    BUY: 2010-04-30   29.00 SELL: 2023-04-30  146.87  macd:    9.34 macd_count: 157 profit:  5.06

code: SEDG     day: macd + hist + hist_1pre + ,  Week: macd + hist + hist_1pre - , Month: macd + hist + hist_1pre - , 
Trade --> code: SEDG   BUY: 2017-10-31   32.85 SELL: 2023-04-30  319.20  macd:   17.53 macd_count:  67 profit:  9.72

code: SKY      day: macd + hist + hist_1pre + ,  Week: macd + hist + hist_1pre - , Month: macd + hist + hist_1pre + , 
Trade --> code: SKY    BUY: 2005-08-31   39.37 SELL: 2007-03-31   33.74  macd:   -0.32 macd_count:  19 profit:  0.86
Trade --> code: SKY    BUY: 2016-03-31    9.26 SELL: 2023-04-30   75.24  macd:    5.34 macd_count:  86 profit:  8.13

code: SSD      day: macd + hist + hist_1pre + ,  Week: macd + hist + hist_1pre - , Month: macd + hist + hist_1pre + , 
Trade --> code: SSD    BUY: 2005-08-31   37.23 SELL: 2006-11-30   30.97  macd:   -0.00 macd_count:  15 profit:  0.83
Trade --> code: SSD    BUY: 2007-01-31   32.71 SELL: 2007-03-31   30.84  macd:   -0.05 macd_count:   2 profit:  0.94
Trade --> code: SSD    BUY: 2007-05-31   33.32 SELL: 2007-10-31   29.99  macd:   -0.06 macd_count:   5 profit:  0.90
Trade --> code: SSD    BUY: 2010-04-30   33.99 SELL: 2010-08-31   22.04  macd:   -0.04 macd_count:   4 profit:  0.65
Trade --> code: SSD    BUY: 2010-10-31   26.58 SELL: 2022-10-31   85.48  macd:   -0.41 macd_count: 144 profit:  3.22
Trade --> code: SSD    BUY: 2023-02-28  107.86 SELL: 2023-04-30  113.23  macd:    1.74 macd_count:   3 profit:  1.05

code: TDG      day: macd + hist + hist_1pre + ,  Week: macd + hist + hist_1pre - , Month: macd + hist + hist_1pre + , 
Trade --> code: TDG    BUY: 2008-07-31   36.81 SELL: 2023-04-30  764.47  macd:   39.29 macd_count: 178 profit: 20.77

code: VBK      day: macd + hist + hist_1pre + ,  Week: macd + hist + hist_1pre - , Month: macd - hist - hist_1pre - , 
Trade --> code: VBK    BUY: 2006-05-31   62.29 SELL: 2008-10-31   46.12  macd:   -1.25 macd_count:  29 profit:  0.74
Trade --> code: VBK    BUY: 2010-03-31   65.30 SELL: 2022-06-30  197.03  macd:   -0.02 macd_count: 147 profit:  3.02

code: WEN      day: macd + hist + hist_1pre + ,  Week: macd + hist + hist_1pre - , Month: macd + hist + hist_1pre + , 
Trade --> code: WEN    BUY: 2006-03-31   18.23 SELL: 2006-08-31   15.98  macd:   -0.02 macd_count:   5 profit:  0.88
Trade --> code: WEN    BUY: 2006-09-30   16.59 SELL: 2007-08-31   14.79  macd:   -0.15 macd_count:  11 profit:  0.89
Trade --> code: WEN    BUY: 2013-03-31    5.68 SELL: 2022-06-30   18.88  macd:   -0.09 macd_count: 111 profit:  3.32
Trade --> code: WEN    BUY: 2022-12-31   22.63 SELL: 2023-04-30   22.66  macd:    0.25 macd_count:   5 profit:  1.00

