Fri May 13 14:08:24 UTC 2022
arg[0]: scraping/yahoo-finace-api2.py, arg[1]: stock-code-list/buy-list.txt
===========================
scraping
===========================
START:  AAPL
END:    0.694556474685669
-
START:  EL
END:    1.291001319885254
-
START:  NEE
END:    1.8730566501617432
-
START:  AMD
END:    2.430309772491455
-
START:  APH
END:    2.913121223449707
-
START:  XLP
END:    3.4590582847595215
-
START:  SPXL
END:    3.9692180156707764
-
START:  KEYS
END:    4.4228479862213135
-
START:  VDC
END:    4.960685968399048
-
START:  SPTM
END:    5.665842771530151
-
START:  SPLG
END:    6.1639978885650635
-
START:  CROX
END:    6.953520774841309
-
START:  AXON
END:    7.460952043533325
-
START:  AWR
END:    7.975152492523193
-
START:  FN
END:    8.393270492553711
-
START:  NXST
END:    8.87863278388977
-
START:  TREX
END:    9.547086238861084
-
START:  RGEN
END:    10.065119504928589
-
START:  EXPO
END:    11.231727600097656
-
START:  BCPC
END:    11.961677074432373
-
START:  SOXL
END:    12.37375807762146
-
START:  TECL
END:    12.800823450088501
-
START:  NEO
END:    13.221810579299927
-
START:  NVMI
END:    13.768056869506836
-
START:  NVDA
END:    14.392672538757324
-
START:  BBDC
END:    14.928673267364502
-
START:  APPS
END:    15.401741981506348
-
START:  ROK
END:    15.919914722442627
-
START:  NHTC
END:    16.43285369873047
-
START:  ZYXI
END:    17.03136134147644
-
START:  LIT
END:    17.570460319519043
-
START:  LLY
END:    18.218775033950806
-
START:  GTLB
END:    18.40430450439453
-
START:  MCD
END:    19.057571411132812
-
START:  MSI
END:    19.728237628936768
-
START:  HCP
END:    19.913062810897827
-
START:  ON
END:    20.46339774131775
-
===========================
MACD sell
===========================
START:  AAPL
START:  EL
START:  NEE
START:  AMD
START:  APH
START:  XLP
START:  SPXL
START:  KEYS
START:  VDC
START:  SPTM
START:  SPLG
START:  CROX
START:  AXON
START:  AWR
START:  FN
START:  NXST
START:  TREX
START:  RGEN
START:  EXPO
START:  BCPC
START:  SOXL
START:  TECL
START:  NEO
START:  NVMI
START:  NVDA
START:  BBDC
START:  APPS
START:  ROK
START:  NHTC
START:  ZYXI
START:  LIT
START:  LLY
START:  GTLB
START:  MCD
START:  MSI
START:  HCP
START:  ON
==== MACD list ====
code: AAPL     day: macd - hist - ,  Week: macd - hist - , Month: macd + hist - , 
code: EL       day: macd - hist - ,  Week: macd - hist - , Month: macd + hist - , 
code: NEE      day: macd - hist - ,  Week: macd - hist - , Month: macd + hist - , 
code: AMD      day: macd - hist + ,  Week: macd - hist - , Month: macd + hist - , 
code: APH      day: macd - hist - ,  Week: macd - hist - , Month: macd + hist - , 
code: XLP      day: macd - hist - ,  Week: macd + hist - , Month: macd + hist + , 
code: SPXL     day: macd - hist - ,  Week: macd - hist - , Month: macd + hist - , 
code: KEYS     day: macd - hist - ,  Week: macd - hist - , Month: macd + hist - , 
code: VDC      day: macd - hist - ,  Week: macd + hist - , Month: macd + hist + , 
code: SPTM     day: macd - hist - ,  Week: macd - hist - , Month: macd + hist - , 
code: SPLG     day: macd - hist - ,  Week: macd - hist - , Month: macd + hist - , 
code: CROX     day: macd - hist - ,  Week: macd - hist + , Month: macd + hist - , 
code: AXON     day: macd - hist - ,  Week: macd - hist - , Month: macd + hist - , 
code: AWR      day: macd - hist - ,  Week: macd - hist - , Month: macd + hist - , 
code: FN       day: macd - hist - ,  Week: macd - hist - , Month: macd + hist - , 
code: NXST     day: macd - hist + ,  Week: macd + hist - , Month: macd + hist + , 
code: TREX     day: macd - hist + ,  Week: macd - hist + , Month: macd + hist - , 
code: RGEN     day: macd - hist - ,  Week: macd - hist + , Month: macd + hist - , 
code: EXPO     day: macd - hist - ,  Week: macd - hist - , Month: macd + hist - , 
code: BCPC     day: macd - hist - ,  Week: macd - hist - , Month: macd + hist - , 
code: SOXL     day: macd - hist + ,  Week: macd - hist - , Month: macd + hist - , 
code: TECL     day: macd - hist - ,  Week: macd - hist - , Month: macd + hist - , 
code: NEO      day: macd - hist + ,  Week: macd - hist + , Month: macd - hist - , 
code: NVMI     day: macd - hist + ,  Week: macd - hist - , Month: macd + hist - , 
code: NVDA     day: macd - hist - ,  Week: macd - hist - , Month: macd + hist - , 
code: BBDC     day: macd - hist - ,  Week: macd - hist - , Month: macd + hist - , 
code: APPS     day: macd - hist - ,  Week: macd - hist - , Month: macd + hist - , 
code: ROK      day: macd - hist - ,  Week: macd - hist - , Month: macd + hist - , 
code: NHTC     day: macd - hist - ,  Week: macd - hist - , Month: macd - hist + , 
code: ZYXI     day: macd - hist + ,  Week: macd - hist + , Month: macd - hist - , 
code: LIT      day: macd - hist + ,  Week: macd - hist - , Month: macd + hist - , 
code: LLY      day: macd + hist - ,  Week: macd + hist - , Month: macd + hist + , 
code: GTLB     day: macd - hist - ,  Week: macd - hist + , Month: macd + hist + , 
code: MCD      day: macd - hist - ,  Week: macd - hist + , Month: macd + hist - , 
code: MSI      day: macd - hist - ,  Week: macd - hist - , Month: macd + hist - , 
code: HCP      day: macd - hist - ,  Week: macd - hist + , Month: macd + hist + , 
code: ON       day: macd - hist + ,  Week: macd - hist - , Month: macd + hist - , 
==== MACD sell list ====
code: AAPL     day: macd - hist - , 
code: AAPL     day: macd - hist - ,  Week: macd - hist - , 
code: AAPL     day: macd - hist - ,  Week: macd - hist - , Month: macd + hist - , 
code: EL       day: macd - hist - , 
code: EL       day: macd - hist - ,  Week: macd - hist - , 
code: EL       day: macd - hist - ,  Week: macd - hist - , Month: macd + hist - , 
code: NEE      day: macd - hist - , 
code: NEE      day: macd - hist - ,  Week: macd - hist - , 
code: NEE      day: macd - hist - ,  Week: macd - hist - , Month: macd + hist - , 
code: AMD      day: macd - hist + ,  Week: macd - hist - , 
code: AMD      day: macd - hist + ,  Week: macd - hist - , Month: macd + hist - , 
code: APH      day: macd - hist - , 
code: APH      day: macd - hist - ,  Week: macd - hist - , 
code: APH      day: macd - hist - ,  Week: macd - hist - , Month: macd + hist - , 
code: XLP      day: macd - hist - , 
code: XLP      day: macd - hist - ,  Week: macd + hist - , 
code: SPXL     day: macd - hist - , 
code: SPXL     day: macd - hist - ,  Week: macd - hist - , 
code: SPXL     day: macd - hist - ,  Week: macd - hist - , Month: macd + hist - , 
code: KEYS     day: macd - hist - , 
code: KEYS     day: macd - hist - ,  Week: macd - hist - , 
code: KEYS     day: macd - hist - ,  Week: macd - hist - , Month: macd + hist - , 
code: VDC      day: macd - hist - , 
code: VDC      day: macd - hist - ,  Week: macd + hist - , 
code: SPTM     day: macd - hist - , 
code: SPTM     day: macd - hist - ,  Week: macd - hist - , 
code: SPTM     day: macd - hist - ,  Week: macd - hist - , Month: macd + hist - , 
code: SPLG     day: macd - hist - , 
code: SPLG     day: macd - hist - ,  Week: macd - hist - , 
code: SPLG     day: macd - hist - ,  Week: macd - hist - , Month: macd + hist - , 
code: CROX     day: macd - hist - , 
code: CROX     day: macd - hist - ,  Week: macd - hist + , Month: macd + hist - , 
code: AXON     day: macd - hist - , 
code: AXON     day: macd - hist - ,  Week: macd - hist - , 
code: AXON     day: macd - hist - ,  Week: macd - hist - , Month: macd + hist - , 
code: AWR      day: macd - hist - , 
code: AWR      day: macd - hist - ,  Week: macd - hist - , 
code: AWR      day: macd - hist - ,  Week: macd - hist - , Month: macd + hist - , 
code: FN       day: macd - hist - , 
code: FN       day: macd - hist - ,  Week: macd - hist - , 
code: FN       day: macd - hist - ,  Week: macd - hist - , Month: macd + hist - , 
code: NXST     day: macd - hist + ,  Week: macd + hist - , 
code: TREX     day: macd - hist + ,  Week: macd - hist + , Month: macd + hist - , 
code: RGEN     day: macd - hist - , 
code: RGEN     day: macd - hist - ,  Week: macd - hist + , Month: macd + hist - , 
code: EXPO     day: macd - hist - , 
code: EXPO     day: macd - hist - ,  Week: macd - hist - , 
code: EXPO     day: macd - hist - ,  Week: macd - hist - , Month: macd + hist - , 
code: BCPC     day: macd - hist - , 
code: BCPC     day: macd - hist - ,  Week: macd - hist - , 
code: BCPC     day: macd - hist - ,  Week: macd - hist - , Month: macd + hist - , 
code: SOXL     day: macd - hist + ,  Week: macd - hist - , 
code: SOXL     day: macd - hist + ,  Week: macd - hist - , Month: macd + hist - , 
code: TECL     day: macd - hist - , 
code: TECL     day: macd - hist - ,  Week: macd - hist - , 
code: TECL     day: macd - hist - ,  Week: macd - hist - , Month: macd + hist - , 
code: NEO      day: macd - hist + ,  Week: macd - hist + , Month: macd - hist - , 
code: NVMI     day: macd - hist + ,  Week: macd - hist - , 
code: NVMI     day: macd - hist + ,  Week: macd - hist - , Month: macd + hist - , 
code: NVDA     day: macd - hist - , 
code: NVDA     day: macd - hist - ,  Week: macd - hist - , 
code: NVDA     day: macd - hist - ,  Week: macd - hist - , Month: macd + hist - , 
code: BBDC     day: macd - hist - , 
code: BBDC     day: macd - hist - ,  Week: macd - hist - , 
code: BBDC     day: macd - hist - ,  Week: macd - hist - , Month: macd + hist - , 
code: APPS     day: macd - hist - , 
code: APPS     day: macd - hist - ,  Week: macd - hist - , 
code: APPS     day: macd - hist - ,  Week: macd - hist - , Month: macd + hist - , 
code: ROK      day: macd - hist - , 
code: ROK      day: macd - hist - ,  Week: macd - hist - , 
code: ROK      day: macd - hist - ,  Week: macd - hist - , Month: macd + hist - , 
code: NHTC     day: macd - hist - , 
code: NHTC     day: macd - hist - ,  Week: macd - hist - , 
code: ZYXI     day: macd - hist + ,  Week: macd - hist + , Month: macd - hist - , 
code: LIT      day: macd - hist + ,  Week: macd - hist - , 
code: LIT      day: macd - hist + ,  Week: macd - hist - , Month: macd + hist - , 
code: LLY      day: macd + hist - , 
code: LLY      day: macd + hist - ,  Week: macd + hist - , 
code: GTLB     day: macd - hist - , 
code: MCD      day: macd - hist - , 
code: MCD      day: macd - hist - ,  Week: macd - hist + , Month: macd + hist - , 
code: MSI      day: macd - hist - , 
code: MSI      day: macd - hist - ,  Week: macd - hist - , 
code: MSI      day: macd - hist - ,  Week: macd - hist - , Month: macd + hist - , 
code: HCP      day: macd - hist - , 
code: ON       day: macd - hist + ,  Week: macd - hist - , 
code: ON       day: macd - hist + ,  Week: macd - hist - , Month: macd + hist - , 
===========================
profit
===========================
==== plus ====
XLP  , macd -, macd hist -, profit:   [3.58], per:   [4.93], now:  [76.16], buy:  [72.58]
VDC  , macd -, macd hist -, profit:   [6.59], per:   [3.48], now: [196.12], buy: [189.53]
NXST , macd -, macd hist +, profit:   [6.74], per:   [4.15], now: [169.24], buy:  [162.5]
ZYXI , macd -, macd hist +, profit:    [0.9], per:  [14.15], now:   [7.26], buy:   [6.36]
LLY  , macd +, macd hist -, profit:  [17.95], per:   [6.62], now: [288.95], buy:   [271.]
-
     plus  len:  5
     profit:  [35.76], per:  [33.33], per/len(p):   [6.67], per/len(p+m):    [0.9]
-
==== minus ====
AAPL , macd -, macd hist -, profit:       [], per:       [], now: [145.35], buy:       []
EL   , macd -, macd hist -, profit: [-101.55], per: [-29.89], now:  [238.2], buy: [339.75]
NEE  , macd -, macd hist -, profit: [-16.02], per: [-18.77], now:  [69.31], buy:  [85.33]
AMD  , macd -, macd hist +, profit: [-29.29], per: [-24.36], now:  [90.94], buy: [120.23]
APH  , macd -, macd hist -, profit:       [], per:       [], now:  [70.12], buy:       []
SPXL , macd -, macd hist -, profit: [-50.13], per:  [-38.5], now:   [80.1], buy: [130.23]
KEYS , macd -, macd hist -, profit: [-51.73], per:  [-27.8], now: [134.33], buy: [186.06]
SPTM , macd -, macd hist -, profit:  [-7.37], per: [-13.03], now:  [49.21], buy:  [56.58]
SPLG , macd -, macd hist -, profit:  [-7.05], per: [-13.06], now:  [46.94], buy:  [53.99]
CROX , macd -, macd hist -, profit: [-118.14], per: [-66.59], now:  [59.28], buy: [177.42]
AXON , macd -, macd hist -, profit: [-41.98], per: [-30.39], now:  [96.17], buy: [138.15]
AWR  , macd -, macd hist -, profit:       [], per:       [], now:   [77.4], buy:       []
FN   , macd -, macd hist -, profit: [-28.44], per: [-24.34], now:  [88.42], buy: [116.86]
TREX , macd -, macd hist +, profit:  [-6.57], per:  [-9.39], now:  [63.43], buy:    [70.]
RGEN , macd -, macd hist -, profit:  [-28.9], per: [-16.09], now: [150.76], buy: [179.66]
EXPO , macd -, macd hist -, profit: [-12.99], per: [-12.85], now:  [88.12], buy: [101.11]
BCPC , macd -, macd hist -, profit: [-18.13], per: [-13.23], now: [118.95], buy: [137.08]
SOXL , macd -, macd hist +, profit: [-20.52], per: [-48.75], now:  [21.57], buy:  [42.09]
TECL , macd -, macd hist -, profit: [-25.48], per: [-41.94], now:  [35.26], buy:  [60.74]
NEO  , macd -, macd hist +, profit:  [-8.98], per: [-50.34], now:   [8.86], buy:  [17.84]
NVMI , macd -, macd hist +, profit:  [-15.5], per: [-13.52], now:  [99.15], buy: [114.65]
NVDA , macd -, macd hist -, profit: [-83.06], per: [-32.49], now: [172.61], buy: [255.67]
BBDC , macd -, macd hist -, profit:  [-0.46], per:  [-4.34], now:  [10.14], buy:   [10.6]
APPS , macd -, macd hist -, profit: [-16.22], per: [-37.14], now:  [27.45], buy:  [43.67]
ROK  , macd -, macd hist -, profit: [-135.02], per: [-39.49], now: [206.87], buy: [341.89]
NHTC , macd -, macd hist -, profit:   [-0.1], per:  [-1.39], now:   [7.07], buy:   [7.17]
LIT  , macd -, macd hist +, profit: [-24.85], per: [-27.04], now:  [67.06], buy:  [91.91]
GTLB , macd -, macd hist -, profit:  [-9.17], per: [-17.38], now:  [43.59], buy:  [52.76]
MCD  , macd -, macd hist -, profit:  [-8.95], per:  [-3.53], now: [244.51], buy: [253.46]
MSI  , macd -, macd hist -, profit: [-39.76], per: [-15.81], now: [211.65], buy: [251.41]
HCP  , macd -, macd hist -, profit: [-13.07], per: [-24.07], now:  [41.23], buy:   [54.3]
ON   , macd -, macd hist +, profit:   [-3.8], per:  [-6.35], now:  [56.06], buy:  [59.86]
-
     minus len:  32
     profit:       [], per:       [], per/len(m):       [], per/len(p+m):       []
-
==== total ====
     profit:       [], per:       [], per/len(p+m):       []
arg[0]: scraping/yahoo-finace-api2.py, arg[1]: stock-code-list/up-month.txt
===========================
scraping
===========================
START:  A
END:    0.7603592872619629
-
START:  AAON
END:    1.2747018337249756
-
START:  AAPL
END:    1.8289823532104492
-
START:  ABG
END:    2.4124600887298584
-
START:  ABT
END:    2.949406623840332
-
START:  ACLS
END:    3.4404256343841553
-
START:  ACMR
END:    3.6927826404571533
-
START:  ACN
END:    4.2722556591033936
-
START:  ADBE
END:    4.947678804397583
-
START:  ADI
END:    5.611515998840332
-
START:  ADP
END:    6.2405805587768555
-
START:  ADSK
END:    6.745549917221069
-
START:  ADUS
END:    7.165351867675781
-
START:  AEE
END:    7.896310329437256
-
START:  AGYS
END:    8.432522535324097
-
START:  AIZ
END:    8.952195644378662
-
START:  AJG
END:    9.661347150802612
-
START:  AJRD
END:    10.274507999420166
-
START:  ALB
END:    10.946403503417969
-
START:  ALG
END:    11.44671082496643
-
START:  ALGN
END:    11.939799070358276
-
START:  ALLE
END:    12.423998832702637
-
START:  ALTR
END:    12.74817156791687
-
START:  AMAT
END:    13.255136489868164
-
START:  AMBA
END:    13.656457901000977
-
START:  AMD
END:    14.299704313278198
-
START:  AME
END:    14.972071886062622
-
START:  AMED
END:    15.49624490737915
-
START:  AMEH
END:    16.00208330154419
-
START:  AMGN
END:    16.51742434501648
-
START:  AMN
END:    17.059246301651
-
START:  AMP
END:    17.544121026992798
-
START:  AMRC
END:    17.9018075466156
-
START:  AMSWA
END:    18.44379186630249
-
START:  AMTX
END:    18.88779616355896
-
START:  AMZN
END:    19.390665769577026
-
START:  AN
END:    19.934027671813965
-
START:  ANSS
END:    20.510719060897827
-
START:  ANTM
END:    21.093567848205566
-
START:  AON
END:    21.673041105270386
-
START:  AOSL
END:    22.089624404907227
-
START:  APD
END:    22.696186304092407
-
START:  APH
END:    23.428493976593018
-
START:  APPF
END:    23.792235136032104
-
START:  APPN
END:    24.04137873649597
-
START:  APPS
END:    24.62769889831543
-
START:  AQN
END:    24.987782955169678
-
START:  ARCB
END:    25.52100896835327
-
START:  ARCT
END:    25.830076932907104
-
START:  ARES
END:    26.25167465209961
-
START:  ARGX
END:    26.50072479248047
-
START:  ARWR
END:    27.056073665618896
-
START:  ASML
END:    27.56842875480652
-
START:  ASPN
END:    27.899893522262573
-
START:  ATEC
END:    28.417341232299805
-
START:  ATEN
END:    28.82720446586609
-
START:  ATKR
END:    29.232540607452393
-
START:  ATOM
END:    29.616947650909424
-
START:  ATR
END:    30.134260416030884
-
START:  ATRC
END:    30.631957292556763
-
START:  AUDC
END:    31.171797513961792
-
START:  AUPH
END:    31.554177045822144
-
START:  AVAV
END:    32.03468060493469
-
START:  AVGO
END:    32.43522071838379
-
START:  AVID
END:    32.95876336097717
-
START:  AVNW
END:    33.53137445449829
-
START:  AVXL
END:    33.98280429840088
-
START:  AVY
END:    34.72426438331604
-
START:  AWK
END:    35.21577572822571
-
START:  AWR
END:    35.9280686378479
-
START:  AXON
END:    36.604655265808105
-
START:  AZO
END:    37.1524875164032
-
START:  AZPN
END:    37.684906005859375
-
START:  BAH
END:    38.08461904525757
-
START:  BAM
END:    38.682106494903564
-
START:  BAX
END:    39.35184717178345
-
START:  BBH
END:    39.94611978530884
-
START:  BBQ
END:    40.55996060371399
-
START:  BBY
END:    41.072590827941895
-
START:  BCPC
END:    41.575008153915405
-
START:  BDX
END:    42.14547109603882
-
START:  BEEM
END:    42.5567102432251
-
START:  BFAM
END:    43.01928400993347
-
START:  BFC
END:    43.501205921173096
-
START:  BGFV
END:    44.1005961894989
-
START:  BGNE
END:    44.45175099372864
-
START:  BHVN
END:    44.741830587387085
-
START:  BIO
END:    45.289053201675415
-
START:  BL
END:    45.57778191566467
-
START:  BLD
END:    45.96600341796875
-
START:  BLDP
END:    46.50801634788513
-
START:  BLDR
END:    46.89082956314087
-
START:  BLFS
END:    47.31375241279602
-
START:  BLK
END:    47.88021755218506
-
START:  BLL
END:    48.717326402664185
-
START:  BLNK
END:    49.21768116950989
-
START:  BMI
END:    49.830512285232544
-
START:  BOOT
END:    50.1565260887146
-
START:  BOTZ
END:    50.45732522010803
-
START:  BR
END:    51.10308480262756
-
START:  BRKR
END:    51.674948930740356
-
START:  BRKS
Not Found: No data found, symbol may be delisted
START:  BRO
END:    52.40260291099548
-
START:  BURL
END:    52.804877519607544
-
START:  BX
END:    53.333805084228516
-
START:  CABO
END:    53.6824848651886
-
START:  CACI
END:    54.16912126541138
-
START:  CALX
END:    54.711886405944824
-
START:  CAMT
END:    55.25324082374573
-
START:  CAR
END:    55.83482217788696
-
START:  CBRE
END:    56.310450077056885
-
START:  CBSH
END:    57.02565860748291
-
START:  CBZ
END:    57.503023862838745
-
START:  CCOI
END:    58.335766553878784
-
START:  CCS
END:    58.63392376899719
-
START:  CDMO
END:    59.22921323776245
-
START:  CDNA
END:    59.581374406814575
-
START:  CDNS
END:    60.25890874862671
-
START:  CDW
END:    60.64013934135437
-
START:  CELH
END:    61.04049587249756
-
START:  CGNX
END:    61.60159659385681
-
START:  CHD
END:    62.1222927570343
-
START:  CHDN
END:    62.96637439727783
-
START:  CHE
END:    63.78551506996155
-
START:  CHGG
END:    64.18325281143188
-
START:  CHH
END:    64.7468810081482
-
START:  CHKP
END:    65.43999457359314
-
START:  CHTR
END:    65.96142721176147
-
START:  CIEN
END:    66.66083860397339
-
START:  CLAR
END:    67.17286801338196
-
START:  CLFD
END:    67.71021795272827
-
START:  CLGN
END:    67.99306035041809
-
START:  CLNE
END:    68.4212634563446
-
START:  CLPT
END:    68.77498149871826
-
START:  CLX
END:    69.45061182975769
-
START:  CMCSA
END:    69.97928786277771
-
START:  CMG
END:    70.53651833534241
-
START:  CMS
END:    71.12048649787903
-
START:  CNC
END:    71.6599850654602
-
START:  CNI
END:    72.35217881202698
-
START:  CNMD
END:    72.85615515708923
-
START:  CNS
END:    73.33760976791382
-
START:  CNXN
END:    73.81399869918823
-
START:  COO
END:    74.36318469047546
-
START:  COST
END:    75.01714873313904
-
START:  COUP
END:    75.29149913787842
-
START:  COWN
END:    75.88734269142151
-
START:  CP
END:    76.65398573875427
-
START:  CPK
END:    77.25781273841858
-
START:  CPRT
END:    77.70785570144653
-
START:  CPSH
END:    78.21370315551758
-
START:  CRAI
END:    78.69085836410522
-
START:  CREE
Not Found: No data found, symbol may be delisted
START:  CRL
END:    79.40885066986084
-
START:  CRM
END:    79.88356733322144
-
START:  CRMT
END:    80.37589144706726
-
START:  CROX
END:    80.87463760375977
-
START:  CRSP
END:    81.19039916992188
-
START:  CRVL
END:    81.8992805480957
-
START:  CSGP
END:    82.7901611328125
-
START:  CSL
END:    83.40730500221252
-
START:  CSWI
END:    83.78017258644104
-
START:  CSX
END:    84.30937695503235
-
START:  CTAS
END:    84.83263969421387
-
START:  CTLT
END:    85.36071920394897
-
START:  CTRN
END:    85.94111824035645
-
START:  CURE
END:    86.32604718208313
-
START:  CVCO
END:    86.7670385837555
-
START:  CVNA
END:    87.1288321018219
-
START:  CWST
END:    87.58327841758728
-
START:  CWT
END:    88.13815760612488
-
START:  CXSE
END:    88.51938891410828
-
START:  CYBR
END:    88.84461236000061
-
START:  CYRX
END:    89.254230260849
-
START:  CYTK
END:    89.68973112106323
-
START:  DAC
END:    90.21033549308777
-
START:  DAR
END:    90.66913414001465
-
START:  DAVA
END:    90.93136882781982
-
START:  DDS
END:    91.42618823051453
-
START:  DE
END:    92.06523537635803
-
START:  DECK
END:    92.58042860031128
-
START:  DELL
END:    92.94742918014526
-
START:  DFIN
END:    93.25934195518494
-
START:  DG
END:    93.68158149719238
-
START:  DGRW
END:    94.01179814338684
-
START:  DHI
END:    94.67950224876404
-
START:  DHR
END:    95.20563840866089
-
START:  DIA
END:    95.72832870483398
-
START:  DIOD
END:    96.18993282318115
-
START:  DIS
END:    96.96694350242615
-
START:  DKS
END:    97.50415849685669
-
START:  DLN
END:    98.01124143600464
-
START:  DNLI
END:    98.38145852088928
-
START:  DOMO
END:    98.63872075080872
-
START:  DOV
END:    99.15660786628723
-
START:  DPZ
END:    99.74276995658875
-
START:  DQ
END:    100.11673021316528
-
START:  DRD
END:    100.8847234249115
-
START:  DRIO
END:    101.27247428894043
-
START:  DRNA
Not Found: No data found, symbol may be delisted
START:  DSGX
END:    102.0026125907898
-
START:  DVAX
END:    102.5370090007782
-
START:  DXCM
END:    103.09119200706482
-
START:  ECL
END:    103.79056978225708
-
START:  EFX
END:    104.37320613861084
-
START:  EGAN
END:    104.81668496131897
-
START:  EHC
END:    105.43763780593872
-
START:  EL
END:    106.003182888031
-
START:  ENPH
END:    106.39189648628235
-
START:  ENSG
END:    106.89324879646301
-
START:  ENTG
END:    107.62774419784546
-
START:  ENV
END:    108.0848617553711
-
START:  EPAM
END:    108.48612141609192
-
START:  ERIE
END:    109.1278624534607
-
START:  ES
END:    109.65971541404724
-
START:  ESE
END:    110.3104043006897
-
START:  ETN
END:    111.24485874176025
-
START:  ETSY
END:    111.5531599521637
-
START:  EVBG
END:    111.83831286430359
-
START:  EVTC
END:    112.38869762420654
-
START:  EW
END:    112.8597936630249
-
START:  EWT
END:    113.49450182914734
-
START:  EXAS
END:    113.96591305732727
-
START:  EXLS
END:    114.40655660629272
-
START:  EXPD
END:    114.98707365989685
-
START:  EXPI
END:    115.34762024879456
-
START:  EXPO
END:    115.92435455322266
-
START:  FAST
END:    116.47005200386047
-
START:  FATE
END:    116.87830829620361
-
START:  FB
END:    117.21340227127075
-
START:  FCN
END:    117.70790505409241
-
START:  FCX
END:    118.39038610458374
-
START:  FDN
END:    118.8637363910675
-
START:  FDS
END:    119.44314527511597
-
START:  FELE
END:    120.08299684524536
-
START:  FFIN
END:    120.82527208328247
-
START:  FICO
END:    121.40021324157715
-
START:  FINX
END:    121.82194066047668
-
START:  FIS
END:    122.46284508705139
-
START:  FISV
END:    122.952880859375
-
START:  FIVE
END:    123.36446738243103
-
START:  FIVN
END:    123.75120139122009
-
START:  FLGT
END:    124.0414183139801
-
START:  FLT
END:    124.38681077957153
-
START:  FLWS
END:    124.84445834159851
-
START:  FN
END:    125.26984786987305
-
START:  FND
END:    125.53514266014099
-
START:  FNV
END:    125.9485969543457
-
START:  FORM
END:    126.4680688381195
-
START:  FOXF
END:    126.79845929145813
-
START:  FPX
END:    127.32775664329529
-
START:  FRC
END:    127.77938938140869
-
START:  FRHC
END:    128.01905941963196
-
START:  FRPT
END:    128.31916618347168
-
START:  FSS
END:    128.95408177375793
-
START:  FTNT
END:    129.39563298225403
-
START:  FUV
END:    129.654620885849
-
START:  GDEN
END:    130.31861209869385
-
START:  GFI
END:    130.89167642593384
-
START:  GGG
END:    131.42317938804626
-
START:  GIB
END:    131.93358850479126
-
START:  GLDD
END:    132.48329544067383
-
START:  GLOB
END:    132.832195520401
-
START:  GMAB
END:    133.25963377952576
-
START:  GME
END:    133.79954051971436
-
START:  GMED
END:    134.13683652877808
-
START:  GNRC
END:    134.67393493652344
-
START:  GNSS
END:    135.12299275398254
-
START:  GNTX
END:    135.6217794418335
-
START:  GOLF
END:    135.96328330039978
-
START:  GOOG
END:    136.45240998268127
-
START:  GOOGL
END:    136.9817636013031
-
START:  GPI
END:    137.45792531967163
-
START:  GPN
END:    137.96572828292847
-
START:  GRBK
END:    138.5008556842804
-
START:  GRMN
END:    139.0840711593628
-
START:  GRVY
END:    139.48254776000977
-
START:  GRWG
END:    139.8369779586792
-
START:  GWRE
END:    140.20404028892517
-
START:  HACK
END:    140.50952672958374
-
START:  HALO
END:    140.94491744041443
-
START:  HCI
END:    141.34487295150757
-
START:  HD
END:    141.99653100967407
-
START:  HEI
END:    142.55633211135864
-
START:  HELE
END:    143.13931393623352
-
START:  HIBB
END:    143.62026286125183
-
START:  HLI
END:    144.00222778320312
-
START:  HLT
END:    144.38672947883606
-
START:  HOLX
END:    144.82030200958252
-
START:  HON
END:    145.40027260780334
-
START:  HOV
END:    145.8397078514099
-
START:  HRC
Not Found: No data found, symbol may be delisted
START:  HRI
END:    146.60060715675354
-
START:  HSKA
END:    147.12265276908875
-
START:  HTHT
END:    147.62081789970398
-
START:  HUBS
END:    148.00598549842834
-
START:  HUM
END:    148.64836525917053
-
START:  HZNP
END:    149.043771982193
-
START:  IAC
END:    149.58137345314026
-
START:  IBP
END:    149.97710394859314
-
START:  ICE
END:    150.48520755767822
-
START:  ICLN
END:    151.02423620224
-
START:  ICLR
END:    151.70515656471252
-
START:  IDT
END:    152.19910097122192
-
START:  IDXX
END:    152.7646095752716
-
START:  IESC
END:    153.25191974639893
-
START:  IEX
END:    153.9769721031189
-
START:  ILMN
END:    154.52824187278748
-
START:  INFO
Not Found: No data found, symbol may be delisted
START:  INOV
Not Found: No data found, symbol may be delisted
START:  INSP
END:    155.21427488327026
-
START:  INTC
END:    155.75737118721008
-
START:  INTU
END:    156.31105399131775
-
START:  INTZ
END:    156.93675255775452
-
START:  INVE
END:    157.52007222175598
-
START:  IOO
END:    158.04086780548096
-
START:  IQV
END:    158.40371894836426
-
START:  IRDM
END:    158.89570021629333
-
START:  IRMD
END:    159.29033207893372
-
START:  ISEE
END:    159.68072748184204
-
START:  ISRG
END:    160.17859745025635
-
START:  IT
END:    161.4639356136322
-
START:  ITT
END:    162.18667078018188
-
START:  ITW
END:    162.782297372818
-
START:  IVOG
END:    163.27738046646118
-
START:  IVV
END:    163.94719457626343
-
START:  IXJ
END:    164.5002281665802
-
START:  IXN
END:    165.07906985282898
-
START:  J
END:    165.7710521221161
-
START:  JBL
END:    166.28247356414795
-
START:  JBSS
END:    166.827139377594
-
START:  JD
END:    167.11911392211914
-
START:  JKHY
END:    167.70350074768066
-
START:  JKS
END:    168.06732726097107
-
START:  JNJ
END:    168.7542610168457
-
START:  JOE
END:    169.37524151802063
-
START:  JOUT
END:    169.94907331466675
-
START:  JYNT
END:    170.3070638179779
-
START:  KAI
END:    170.8130967617035
-
START:  KBH
END:    171.38466501235962
-
START:  KBR
END:    171.83325004577637
-
START:  KDMN
Not Found: No data found, symbol may be delisted
START:  KEYS
END:    172.4769787788391
-
START:  KLAC
END:    173.02182364463806
-
START:  KLIC
END:    173.56913709640503
-
START:  KMX
END:    174.0823290348053
-
START:  KNSL
END:    174.41729021072388
-
START:  KOPN
END:    175.03567600250244
-
START:  KOSS
END:    175.56107115745544
-
START:  KRNT
END:    175.91657495498657
-
START:  KSU
Not Found: No data found, symbol may be delisted
START:  KTOS
END:    176.71875715255737
-
START:  LAC
END:    177.12009525299072
-
START:  LAD
END:    177.73015141487122
-
START:  LANC
END:    178.39841532707214
-
START:  LAWS
END:    178.94437432289124
-
START:  LDOS
END:    179.4774990081787
-
START:  LFMD
END:    179.93709444999695
-
START:  LGIH
END:    180.25487875938416
-
START:  LH
END:    180.71548295021057
-
START:  LHCG
END:    181.14500498771667
-
START:  LHX
END:    181.72494530677795
-
START:  LII
END:    182.22582077980042
-
START:  LIN
END:    182.73782420158386
-
START:  LINC
END:    183.22453784942627
-
START:  LIT
END:    183.6743574142456
-
START:  LLY
END:    184.24185395240784
-
START:  LMT
END:    184.9329013824463
-
START:  LNT
END:    185.50336861610413
-
START:  LOB
END:    185.8493583202362
-
START:  LOGI
END:    186.54096102714539
-
START:  LOVE
END:    186.79477334022522
-
START:  LOW
END:    187.51396346092224
-
START:  LPLA
END:    187.9430637359619
-
START:  LPSN
END:    188.58124995231628
-
START:  LQDT
END:    189.06131839752197
-
START:  LRCX
END:    189.53505110740662
-
START:  LSCC
END:    190.10905861854553
-
START:  LSTR
END:    190.71997594833374
-
START:  LULU
END:    192.04790711402893
-
START:  LUNA
END:    193.33328533172607
-
START:  MA
END:    195.118426322937
-
START:  MANH
END:    196.43030428886414
-
START:  MANT
END:    197.9500026702881
-
START:  MARA
END:    200.19002175331116
-
START:  MASI
END:    201.52548050880432
-
START:  MATX
END:    204.04633164405823
-
START:  MBUU
END:    205.06127309799194
-
START:  MCD
END:    209.41074633598328
-
START:  MCHP
END:    211.2643120288849
-
START:  MCO
END:    213.21203660964966
-
START:  MDB
END:    214.6299605369568
-
START:  MDT
END:    216.6161744594574
-
START:  MEDP
END:    217.75097751617432
-
START:  MEDS
END:    219.68727707862854
-
START:  MELI
END:    221.4043951034546
-
START:  MGC
END:    223.80903315544128
-
START:  MGIC
END:    225.74727702140808
-
START:  MGK
END:    229.31775665283203
-
START:  MGNI
END:    230.70371794700623
-
START:  MHO
END:    234.0720853805542
-
START:  MIME
END:    234.89547777175903
-
START:  MITK
END:    238.06519722938538
-
START:  MKC
END:    240.27670407295227
-
START:  MKSI
END:    244.03700184822083
-
START:  MKTX
END:    245.90673542022705
-
START:  MLAB
END:    247.7206153869629
-
START:  MLR
END:    249.25396537780762
-
START:  MMC
END:    250.92180275917053
-
START:  MMS
END:    252.6303470134735
-
START:  MNMD
END:    253.8188591003418
-
START:  MNST
END:    255.69693565368652
-
START:  MODN
END:    256.63961482048035
-
START:  MODV
END:    257.99112701416016
-
START:  MOH
END:    259.21227526664734
-
START:  MORN
END:    260.7436373233795
-
START:  MPWR
END:    264.0613646507263
-
START:  MRTX
END:    265.278201341629
-
START:  MRVL
END:    269.4159996509552
-
START:  MS
END:    271.1699981689453
-
START:  MSA
END:    274.8644323348999
-
START:  MSCI
END:    277.09740805625916
-
START:  MSEX
END:    279.22938680648804
-
START:  MSFT
END:    281.07770133018494
-
START:  MSI
END:    282.6183331012726
-
START:  MSTR
END:    284.01626896858215
-
START:  MTBC
END:    285.0262260437012
-
START:  MTCH
END:    286.76872158050537
-
START:  MTD
END:    287.79401659965515
-
START:  MTEX
END:    290.77958965301514
-
START:  MTH
END:    292.16813111305237
-
START:  MTLS
END:    293.225946187973
-
START:  MTSI
END:    294.9936463832855
-
START:  MU
END:    296.69154930114746
-
START:  MUSA
END:    297.7636339664459
-
START:  MVIS
END:    299.0716426372528
-
START:  MXL
END:    300.0839400291443
-
START:  MYRG
END:    301.3676824569702
-
START:  NBIX
END:    303.39772963523865
-
START:  NCBS
END:    305.2091398239136
-
START:  NDAQ
END:    308.2356734275818
-
START:  NDSN
END:    312.02454376220703
-
START:  NEE
END:    314.79964804649353
-
START:  NEO
END:    316.24232625961304
-
START:  NEOG
END:    317.6518831253052
-
START:  NFLX
END:    320.3485269546509
-
START:  NICE
END:    322.1092140674591
-
START:  NISN
END:    322.87042760849
-
START:  NKE
END:    326.4367821216583
-
START:  NOVT
END:    327.81001353263855
-
START:  NOW
END:    328.9670534133911
-
START:  NSC
END:    330.8608455657959
-
START:  NSIT
END:    332.18296098709106
-
START:  NSSC
END:    333.5780699253082
-
START:  NSTG
END:    334.52959990501404
-
START:  NTLA
END:    335.5941789150238
-
START:  NTRA
END:    336.5114703178406
-
START:  NUAN
END:    338.1766800880432
-
START:  NVCR
END:    339.14810609817505
-
START:  NVDA
END:    341.2460434436798
-
START:  NVMI
END:    342.6415596008301
-
START:  NVO
END:    344.21578907966614
-
START:  NVR
END:    346.81890988349915
-
START:  NXST
END:    348.6470823287964
-
START:  NYT
END:    350.3190264701843
-
START:  OBCI
END:    352.126501083374
-
START:  ODFL
END:    353.6303117275238
-
START:  OEF
END:    355.74475359916687
-
START:  OFLX
END:    357.3924322128296
-
START:  OLED
END:    358.95142817497253
-
START:  OMCL
END:    360.25622296333313
-
START:  ON
END:    361.39474964141846
-
START:  OOMA
END:    362.42471170425415
-
START:  OPRX
END:    364.58274722099304
-
START:  ORA
END:    366.1802713871002
-
START:  ORCL
END:    367.81465101242065
-
START:  ORLY
END:    369.3037078380585
-
START:  ORMP
END:    370.4229962825775
-
START:  OTEX
END:    372.196816444397
-
START:  PACB
END:    373.6212844848633
-
START:  PAG
END:    377.2907531261444
-
START:  PANW
END:    378.3889982700348
-
START:  PAR
END:    379.7808458805084
-
START:  PAYC
END:    380.771874666214
-
START:  PAYX
END:    382.3397901058197
-
START:  PBD
END:    384.12163829803467
-
START:  PCTY
END:    385.30098032951355
-
START:  PEGA
END:    387.419673204422
-
START:  PEN
END:    388.6484742164612
-
START:  PENN
END:    392.6345474720001
-
START:  PEP
END:    394.0317780971527
-
START:  PERI
END:    395.6361265182495
-
START:  PFSI
END:    396.7813467979431
-
START:  PGR
END:    398.94011759757996
-
START:  PH
END:    400.7547206878662
-
START:  PHM
END:    404.9212415218353
-
START:  PKI
END:    407.03692984580994
-
START:  PLL
END:    407.33471512794495
-
START:  PLNT
END:    407.63576340675354
-
START:  PLUG
END:    408.25972604751587
-
START:  PLXS
END:    408.7098515033722
-
START:  PODD
END:    409.1131749153137
-
START:  POOL
END:    409.6424434185028
-
START:  POWI
END:    410.22926568984985
-
START:  PRFT
END:    410.7310426235199
-
START:  PRI
END:    411.10002613067627
-
START:  PRTA
END:    411.52681612968445
-
START:  PRTS
END:    411.99550318717957
-
START:  PTSI
END:    412.6169526576996
-
START:  PWR
END:    413.1445610523224
-
START:  PYPL
END:    413.40779852867126
-
START:  QADA
Not Found: No data found, symbol may be delisted
START:  QCLN
END:    414.15316891670227
-
START:  QDEL
END:    414.65542435646057
-
START:  QGEN
END:    415.33294701576233
-
START:  QLYS
END:    415.72124218940735
-
START:  QQQ
END:    416.30188751220703
-
START:  QRVO
END:    416.61694073677063
-
START:  QTWO
END:    416.93970108032227
-
START:  RADA
END:    417.3776922225952
-
START:  RAMP
END:    417.8976604938507
-
START:  RBA
END:    418.52098846435547
-
START:  RCII
END:    419.19416189193726
-
START:  RCKY
END:    419.7818388938904
-
START:  RDNT
END:    420.28706884384155
-
START:  RDVT
END:    420.5596351623535
-
START:  RDWR
END:    421.29406690597534
-
START:  REGI
END:    421.64397072792053
-
START:  RENN
END:    422.01693892478943
-
START:  RGEN
END:    422.59306836128235
-
START:  RH
END:    423.0270321369171
-
START:  RILY
END:    423.50006222724915
-
START:  RIOT
END:    423.76874709129333
-
START:  RLI
END:    424.32718205451965
-
START:  RLMD
END:    424.64415287971497
-
START:  RMD
END:    425.2805781364441
-
START:  RNG
END:    425.66646027565
-
START:  ROBO
END:    426.0874238014221
-
START:  ROCK
END:    426.6332268714905
-
START:  ROK
END:    427.36989307403564
-
START:  ROKU
END:    427.6850748062134
-
START:  ROL
END:    428.21879053115845
-
START:  ROP
END:    428.8083403110504
-
START:  ROST
END:    429.4650173187256
-
START:  RPD
END:    429.8189136981964
-
START:  RPM
END:    430.4449121952057
-
START:  RSG
END:    431.00619649887085
-
START:  RTH
END:    431.63295459747314
-
START:  RUN
END:    432.0453562736511
-
START:  RXI
END:    432.559978723526
-
START:  SAIA
END:    433.1192100048065
-
START:  SAIC
END:    433.43250703811646
-
START:  SAM
END:    434.1159498691559
-
START:  SAVA
END:    434.58695101737976
-
START:  SCI
END:    435.1168432235718
-
START:  SCL
END:    435.69022011756897
-
START:  SE
END:    435.99254417419434
-
START:  SEAS
END:    436.395711183548
-
START:  SEDG
END:    436.6792356967926
-
START:  SFBS
END:    437.0021221637726
-
START:  SGEN
END:    437.5316352844238
-
START:  SGMS
END:    438.12187600135803
-
START:  SGRY
END:    438.4078769683838
-
START:  SHOP
END:    438.7169499397278
-
START:  SHW
END:    439.3233358860016
-
START:  SHYF
END:    439.9303386211395
-
START:  SITE
END:    440.30551266670227
-
START:  SIVB
END:    441.27992010116577
-
START:  SJW
END:    441.8801701068878
-
START:  SKY
END:    442.4270889759064
-
START:  SLAB
END:    443.0479769706726
-
START:  SLP
END:    443.633912563324
-
START:  SMH
END:    444.1649603843689
-
START:  SMTC
END:    444.6128578186035
-
START:  SNAP
END:    444.94160437583923
-
START:  SNPS
END:    445.42824602127075
-
START:  SOCL
END:    445.78777527809143
-
START:  SOXL
END:    446.38328075408936
-
START:  SPGI
END:    446.9896171092987
-
START:  SPLG
END:    447.4535994529724
-
START:  SPLK
END:    447.95125007629395
-
START:  SPNS
END:    448.4708061218262
-
START:  SPSC
END:    448.89857745170593
-
START:  SPTM
END:    449.495805978775
-
START:  SPWH
END:    449.8748662471771
-
START:  SPWR
END:    450.3307523727417
-
START:  SPXC
END:    450.9622871875763
-
START:  SPXL
END:    451.4095981121063
-
START:  SPY
END:    452.16368675231934
-
START:  SPYG
END:    452.72817373275757
-
START:  SQ
END:    453.0669527053833
-
START:  SSD
END:    453.6074249744415
-
START:  SSNC
END:    454.06060886383057
-
START:  SSTK
END:    454.37204098701477
-
START:  STAA
END:    454.8616359233856
-
START:  STE
END:    455.3805160522461
-
START:  SUSA
END:    455.8288848400116
-
START:  SYK
END:    456.5640199184418
-
START:  SYNA
END:    457.0418815612793
-
START:  TBBK
END:    457.4970226287842
-
START:  TBK
END:    457.82568764686584
-
START:  TDG
END:    458.34010338783264
-
START:  TDOC
END:    458.6413791179657
-
START:  TDY
END:    459.1924228668213
-
START:  TEAM
END:    459.45902705192566
-
START:  TECH
END:    459.962219953537
-
START:  TECL
END:    460.4444348812103
-
START:  TER
END:    460.9545292854309
-
START:  TFX
END:    461.6574983596802
-
START:  TGH
END:    462.1077389717102
-
START:  TGLS
END:    462.5236105918884
-
START:  TGT
END:    463.4367322921753
-
START:  TGTX
END:    463.7653977870941
-
START:  THC
END:    464.5126669406891
-
START:  TJX
END:    465.1737701892853
-
START:  TMO
END:    465.80943179130554
-
START:  TMUS
END:    466.27777767181396
-
START:  TNDM
END:    466.597891330719
-
START:  TNET
END:    466.9591348171234
-
START:  TPX
END:    467.6818063259125
-
START:  TREX
END:    468.3497722148895
-
START:  TRI
END:    469.07869482040405
-
START:  TRIL
Not Found: No data found, symbol may be delisted
START:  TRMB
END:    470.9148247241974
-
START:  TRNS
END:    472.3112053871155
-
START:  TROW
END:    473.8983881473541
-
START:  TRU
END:    475.05760502815247
-
START:  TRUP
END:    476.1524965763092
-
START:  TSCO
END:    477.7773656845093
-
START:  TSLA
END:    478.90716099739075
-
START:  TSM
END:    480.6555178165436
-
START:  TT
END:    482.4400062561035
-
START:  TTC
END:    483.7751135826111
-
START:  TTD
END:    485.84201645851135
-
START:  TTEC
END:    487.4911677837372
-
START:  TTEK
END:    489.09233021736145
-
START:  TTGT
END:    491.83404183387756
-
START:  TTWO
END:    494.4286012649536
-
START:  TWLO
END:    495.51298475265503
-
START:  TXN
END:    497.1382520198822
-
START:  TYL
END:    498.8394401073456
-
START:  UCTT
END:    500.38152170181274
-
START:  UFPI
END:    502.11518263816833
-
START:  UFPT
END:    504.28236746788025
-
START:  UI
END:    506.4123876094818
-
START:  UMC
END:    507.7814836502075
-
START:  UNF
END:    509.94905948638916
-
START:  UNH
END:    512.0005276203156
-
START:  UNP
END:    513.6469142436981
-
START:  UPLD
END:    515.589745759964
-
START:  URI
END:    517.0585994720459
-
START:  V
END:    519.166081905365
-
START:  VALU
END:    522.283716917038
-
START:  VBK
END:    525.3573696613312
-
START:  VCEL
END:    526.4253826141357
-
START:  VCR
END:    530.0063223838806
-
START:  VCTR
END:    530.79332280159
-
START:  VCYT
END:    531.7949588298798
-
START:  VDC
END:    533.3188426494598
-
START:  VEEV
END:    535.2633683681488
-
START:  VERU
END:    537.1472387313843
-
START:  VGT
END:    539.1488664150238
-
START:  VHT
END:    543.56578540802
-
START:  VIAV
END:    545.1500647068024
-
START:  VICR
END:    546.8050737380981
-
START:  VIG
END:    550.8452198505402
-
START:  VO
END:    553.965886592865
-
START:  VONE
END:    555.291020154953
-
START:  VONG
END:    557.0296010971069
-
START:  VOO
END:    561.1405937671661
-
START:  VOOG
END:    564.0482332706451
-
START:  VOOV
END:    565.3310372829437
-
START:  VOT
END:    566.9977786540985
-
START:  VPU
END:    568.6025154590607
-
START:  VRNS
END:    569.9587159156799
-
START:  VRSK
END:    571.226753950119
-
START:  VRSN
END:    572.8157222270966
-
START:  VRTV
END:    574.0158441066742
-
START:  VSTO
END:    575.0910792350769
-
START:  VTHR
END:    577.9507639408112
-
START:  VTI
END:    579.9435579776764
-
START:  VTNR
END:    580.9525911808014
-
START:  VTWG
END:    582.1991219520569
-
START:  VUG
END:    583.8959927558899
-
START:  VV
END:    585.738778591156
-
START:  VXF
END:    587.2245683670044
-
START:  WCN
END:    589.3794252872467
-
START:  WD
END:    591.5511333942413
-
START:  WDAY
END:    593.7413439750671
-
START:  WDFC
END:    595.1557338237762
-
START:  WEC
END:    596.5110137462616
-
START:  WEN
END:    597.7176086902618
-
START:  WINA
END:    599.6833009719849
-
START:  WING
END:    602.308269739151
-
START:  WIRE
END:    603.6843168735504
-
START:  WIX
END:    605.5265946388245
-
START:  WK
END:    606.5046184062958
-
START:  WLTW
Not Found: No data found, symbol may be delisted
START:  WM
END:    608.7822463512421
-
START:  WMS
END:    610.3029901981354
-
START:  WNS
END:    611.5911273956299
-
START:  WRB
END:    613.4654533863068
-
START:  WSC
END:    614.2424149513245
-
START:  WSM
END:    616.2587003707886
-
START:  WST
END:    620.5784502029419
-
START:  WTRG
END:    622.5937719345093
-
START:  WTS
END:    625.6874611377716
-
START:  XEL
END:    627.8414053916931
-
START:  XENE
END:    629.0323255062103
-
START:  XLK
END:    632.7041945457458
-
START:  XLNX
Not Found: No data found, symbol may be delisted
START:  XLP
END:    635.015472650528
-
START:  XLRN
Not Found: No data found, symbol may be delisted
START:  XLU
END:    638.5872328281403
-
START:  XLV
END:    640.7050085067749
-
START:  XLY
END:    642.5290534496307
-
START:  XYL
END:    643.9424178600311
-
START:  YNDX
END:    645.767391204834
-
START:  YORW
END:    647.3871865272522
-
START:  YUM
END:    648.652722120285
-
START:  Z
END:    649.5400235652924
-
START:  ZBRA
END:    650.5752322673798
-
START:  ZEN
END:    651.3900165557861
-
START:  ZLAB
END:    652.352778673172
-
START:  ZNGA
END:    653.4548285007477
-
START:  ZS
END:    654.375821352005
-
START:  ZTS
END:    655.4548299312592
-
START:  ZYXI
END:    657.0444588661194
-
===========================
MACD golden cross
===========================
START:  code
START:  A
START:  AAON
START:  AAPL
START:  ABG
START:  ABT
START:  ACLS
START:  ACMR
START:  ACN
START:  ADBE
START:  ADI
START:  ADP
START:  ADSK
START:  ADUS
START:  AEE
START:  AGYS
START:  AIZ
START:  AJG
START:  AJRD
START:  ALB
START:  ALG
START:  ALGN
START:  ALLE
START:  ALTR
START:  AMAT
START:  AMBA
START:  AMD
START:  AME
START:  AMED
START:  AMEH
START:  AMGN
START:  AMN
START:  AMP
START:  AMRC
START:  AMSWA
START:  AMTX
START:  AMZN
START:  AN
START:  ANSS
START:  ANTM
START:  AON
START:  AOSL
START:  APD
START:  APH
START:  APPF
START:  APPN
START:  APPS
START:  AQN
START:  ARCB
START:  ARCT
START:  ARES
START:  ARGX
START:  ARWR
START:  ASML
START:  ASPN
START:  ATEC
START:  ATEN
START:  ATKR
START:  ATOM
START:  ATR
START:  ATRC
START:  AUDC
START:  AUPH
START:  AVAV
START:  AVGO
START:  AVID
START:  AVNW
START:  AVXL
START:  AVY
START:  AWK
START:  AWR
START:  AXON
START:  AZO
START:  AZPN
START:  BAH
START:  BAM
START:  BAX
START:  BBH
START:  BBQ
START:  BBY
START:  BCPC
START:  BDX
START:  BEEM
START:  BFAM
START:  BFC
START:  BGFV
START:  BGNE
START:  BHVN
START:  BIO
START:  BL
START:  BLD
START:  BLDP
START:  BLDR
START:  BLFS
START:  BLK
START:  BLL
START:  BLNK
START:  BMI
START:  BOOT
START:  BOTZ
START:  BR
START:  BRKR
START:  BRKS
START:  BRO
START:  BURL
START:  BX
START:  CABO
START:  CACI
START:  CALX
START:  CAMT
START:  CAR
START:  CBRE
START:  CBSH
START:  CBZ
START:  CCOI
START:  CCS
START:  CDMO
START:  CDNA
START:  CDNS
START:  CDW
START:  CELH
START:  CGNX
START:  CHD
START:  CHDN
START:  CHE
START:  CHGG
START:  CHH
START:  CHKP
START:  CHTR
START:  CIEN
START:  CLAR
START:  CLFD
START:  CLGN
START:  CLNE
START:  CLPT
START:  CLX
START:  CMCSA
START:  CMG
START:  CMS
START:  CNC
START:  CNI
START:  CNMD
START:  CNS
START:  CNXN
START:  COO
START:  COST
START:  COUP
START:  COWN
START:  CP
START:  CPK
START:  CPRT
START:  CPSH
START:  CRAI
START:  CREE
START:  CRL
START:  CRM
START:  CRMT
START:  CROX
START:  CRSP
START:  CRVL
START:  CSGP
START:  CSL
START:  CSWI
START:  CSX
START:  CTAS
START:  CTLT
START:  CTRN
START:  CURE
START:  CVCO
START:  CVNA
START:  CWST
START:  CWT
START:  CXSE
START:  CYBR
START:  CYRX
START:  CYTK
START:  DAC
START:  DAR
START:  DAVA
START:  DDS
START:  DE
START:  DECK
START:  DELL
START:  DFIN
START:  DG
START:  DGRW
START:  DHI
START:  DHR
START:  DIA
START:  DIOD
START:  DIS
START:  DKS
START:  DLN
START:  DNLI
START:  DOMO
START:  DOV
START:  DPZ
START:  DQ
START:  DRD
START:  DRIO
START:  DRNA
START:  DSGX
START:  DVAX
START:  DXCM
START:  ECL
START:  EFX
START:  EGAN
START:  EHC
START:  EL
START:  ENPH
START:  ENSG
START:  ENTG
START:  ENV
START:  EPAM
START:  ERIE
START:  ES
START:  ESE
START:  ETN
START:  ETSY
START:  EVBG
START:  EVTC
START:  EW
START:  EWT
START:  EXAS
START:  EXLS
START:  EXPD
START:  EXPI
START:  EXPO
START:  FAST
START:  FATE
START:  FB
START:  FCN
START:  FCX
START:  FDN
START:  FDS
START:  FELE
START:  FFIN
START:  FICO
START:  FINX
START:  FIS
START:  FISV
START:  FIVE
START:  FIVN
START:  FLGT
START:  FLT
START:  FLWS
START:  FN
START:  FND
START:  FNV
START:  FORM
START:  FOXF
START:  FPX
START:  FRC
START:  FRHC
START:  FRPT
START:  FSS
START:  FTNT
START:  FUV
START:  GDEN
START:  GFI
START:  GGG
START:  GIB
START:  GLDD
START:  GLOB
START:  GMAB
START:  GME
START:  GMED
START:  GNRC
START:  GNSS
START:  GNTX
START:  GOLF
START:  GOOG
START:  GOOGL
START:  GPI
START:  GPN
START:  GRBK
START:  GRMN
START:  GRVY
START:  GRWG
START:  GWRE
START:  HACK
START:  HALO
START:  HCI
START:  HD
START:  HEI
START:  HELE
START:  HIBB
START:  HLI
START:  HLT
START:  HOLX
START:  HON
START:  HOV
START:  HRC
START:  HRI
START:  HSKA
START:  HTHT
START:  HUBS
START:  HUM
START:  HZNP
START:  IAC
START:  IBP
START:  ICE
START:  ICLN
START:  ICLR
START:  IDT
START:  IDXX
START:  IESC
START:  IEX
START:  ILMN
START:  INFO
START:  INOV
START:  INSP
START:  INTC
START:  INTU
START:  INTZ
START:  INVE
START:  IOO
START:  IQV
START:  IRDM
START:  IRMD
START:  ISEE
START:  ISRG
START:  IT
START:  ITT
START:  ITW
START:  IVOG
START:  IVV
START:  IXJ
START:  IXN
START:  J
START:  JBL
START:  JBSS
START:  JD
START:  JKHY
START:  JKS
START:  JNJ
START:  JOE
START:  JOUT
START:  JYNT
START:  KAI
START:  KBH
START:  KBR
START:  KDMN
START:  KEYS
START:  KLAC
START:  KLIC
START:  KMX
START:  KNSL
START:  KOPN
START:  KOSS
START:  KRNT
START:  KSU
START:  KTOS
START:  LAC
START:  LAD
START:  LANC
START:  LAWS
START:  LDOS
START:  LFMD
START:  LGIH
START:  LH
START:  LHCG
START:  LHX
START:  LII
START:  LIN
START:  LINC
START:  LIT
START:  LLY
START:  LMT
START:  LNT
START:  LOB
START:  LOGI
START:  LOVE
START:  LOW
START:  LPLA
START:  LPSN
START:  LQDT
START:  LRCX
START:  LSCC
START:  LSTR
START:  LULU
START:  LUNA
START:  MA
START:  MANH
START:  MANT
START:  MARA
START:  MASI
START:  MATX
START:  MBUU
START:  MCD
START:  MCHP
START:  MCO
START:  MDB
START:  MDT
START:  MEDP
START:  MEDS
START:  MELI
START:  MGC
START:  MGIC
START:  MGK
START:  MGNI
START:  MHO
START:  MIME
START:  MITK
START:  MKC
START:  MKSI
START:  MKTX
START:  MLAB
START:  MLR
START:  MMC
START:  MMS
START:  MNMD
START:  MNST
START:  MODN
START:  MODV
START:  MOH
START:  MORN
START:  MPWR
START:  MRTX
START:  MRVL
START:  MS
START:  MSA
START:  MSCI
START:  MSEX
START:  MSFT
START:  MSI
START:  MSTR
START:  MTBC
START:  MTCH
START:  MTD
START:  MTEX
START:  MTH
START:  MTLS
START:  MTSI
START:  MU
START:  MUSA
START:  MVIS
START:  MXL
START:  MYRG
START:  NBIX
START:  NCBS
START:  NDAQ
START:  NDSN
START:  NEE
START:  NEO
START:  NEOG
START:  NFLX
START:  NICE
START:  NISN
START:  NKE
START:  NOVT
START:  NOW
START:  NSC
START:  NSIT
START:  NSSC
START:  NSTG
START:  NTLA
START:  NTRA
START:  NUAN
START:  NVCR
START:  NVDA
START:  NVMI
START:  NVO
START:  NVR
START:  NXST
START:  NYT
START:  OBCI
START:  ODFL
START:  OEF
START:  OFLX
START:  OLED
START:  OMCL
START:  ON
START:  OOMA
START:  OPRX
START:  ORA
START:  ORCL
START:  ORLY
START:  ORMP
START:  OTEX
START:  PACB
START:  PAG
START:  PANW
START:  PAR
START:  PAYC
START:  PAYX
START:  PBD
START:  PCTY
START:  PEGA
START:  PEN
START:  PENN
START:  PEP
START:  PERI
START:  PFSI
START:  PGR
START:  PH
START:  PHM
START:  PKI
START:  PLL
START:  PLNT
START:  PLUG
START:  PLXS
START:  PODD
START:  POOL
START:  POWI
START:  PRFT
START:  PRI
START:  PRTA
START:  PRTS
START:  PTSI
START:  PWR
START:  PYPL
START:  QADA
START:  QCLN
START:  QDEL
START:  QGEN
START:  QLYS
START:  QQQ
START:  QRVO
START:  QTWO
START:  RADA
START:  RAMP
START:  RBA
START:  RCII
START:  RCKY
START:  RDNT
START:  RDVT
START:  RDWR
START:  REGI
START:  RENN
START:  RGEN
START:  RH
START:  RILY
START:  RIOT
START:  RLI
START:  RLMD
START:  RMD
START:  RNG
START:  ROBO
START:  ROCK
START:  ROK
START:  ROKU
START:  ROL
START:  ROP
START:  ROST
START:  RPD
START:  RPM
START:  RSG
START:  RTH
START:  RUN
START:  RXI
START:  SAIA
START:  SAIC
START:  SAM
START:  SAVA
START:  SCI
START:  SCL
START:  SE
START:  SEAS
START:  SEDG
START:  SFBS
START:  SGEN
START:  SGMS
START:  SGRY
START:  SHOP
START:  SHW
START:  SHYF
START:  SITE
START:  SIVB
START:  SJW
START:  SKY
START:  SLAB
START:  SLP
START:  SMH
START:  SMTC
START:  SNAP
START:  SNPS
START:  SOCL
START:  SOXL
START:  SPGI
START:  SPLG
START:  SPLK
START:  SPNS
START:  SPSC
START:  SPTM
START:  SPWH
START:  SPWR
START:  SPXC
START:  SPXL
START:  SPY
START:  SPYG
START:  SQ
START:  SSD
START:  SSNC
START:  SSTK
START:  STAA
START:  STE
START:  SUSA
START:  SYK
START:  SYNA
START:  TBBK
START:  TBK
START:  TDG
START:  TDOC
START:  TDY
START:  TEAM
START:  TECH
START:  TECL
START:  TER
START:  TFX
START:  TGH
START:  TGLS
START:  TGT
START:  TGTX
START:  THC
START:  TJX
START:  TMO
START:  TMUS
START:  TNDM
START:  TNET
START:  TPX
START:  TREX
START:  TRI
START:  TRIL
START:  TRMB
START:  TRNS
START:  TROW
START:  TRU
START:  TRUP
START:  TSCO
START:  TSLA
START:  TSM
START:  TT
START:  TTC
START:  TTD
START:  TTEC
START:  TTEK
START:  TTGT
START:  TTWO
START:  TWLO
START:  TXN
START:  TYL
START:  UCTT
START:  UFPI
START:  UFPT
START:  UI
START:  UMC
START:  UNF
START:  UNH
START:  UNP
START:  UPLD
START:  URI
START:  V
START:  VALU
START:  VBK
START:  VCEL
START:  VCR
START:  VCTR
START:  VCYT
START:  VDC
START:  VEEV
START:  VERU
START:  VGT
START:  VHT
START:  VIAV
START:  VICR
START:  VIG
START:  VO
START:  VONE
START:  VONG
START:  VOO
START:  VOOG
START:  VOOV
START:  VOT
START:  VPU
START:  VRNS
START:  VRSK
START:  VRSN
START:  VRTV
START:  VSTO
START:  VTHR
START:  VTI
START:  VTNR
START:  VTWG
START:  VUG
START:  VV
START:  VXF
START:  WCN
START:  WD
START:  WDAY
START:  WDFC
START:  WEC
START:  WEN
START:  WINA
START:  WING
START:  WIRE
START:  WIX
START:  WK
START:  WLTW
START:  WM
START:  WMS
START:  WNS
START:  WRB
START:  WSC
START:  WSM
START:  WST
START:  WTRG
START:  WTS
START:  XEL
START:  XENE
START:  XLK
START:  XLNX
START:  XLP
START:  XLRN
START:  XLU
START:  XLV
START:  XLY
START:  XYL
START:  YNDX
START:  YORW
START:  YUM
START:  Z
START:  ZBRA
START:  ZEN
START:  ZLAB
START:  ZNGA
START:  ZS
START:  ZTS
START:  ZYXI
==== MACD golden cross ====
None
code: CYTK     day: macd + hist + hist_1pre - ,  Week: macd + hist + hist_1pre - , Month: macd + hist + hist_1pre + , 
Trade --> code: CYTK   BUY: 2013-08-31   10.47 SELL: 2013-10-31    6.01  macd:   -0.06 macd_count:   2 profit:  0.57
Trade --> code: CYTK   BUY: 2014-02-28    9.85 SELL: 2014-04-30    4.55  macd:   -0.15 macd_count:   2 profit:  0.46
Trade --> code: CYTK   BUY: 2015-10-31    8.61 SELL: 2018-03-31    7.20  macd:   -0.17 macd_count:  29 profit:  0.84
Trade --> code: CYTK   BUY: 2019-07-31   12.19 SELL: 2022-05-31   39.93  macd:    5.40 macd_count:  35 profit:  3.28

code: NUAN     day: macd + hist + hist_1pre + ,  Week: macd + hist + hist_1pre - , Month: macd + hist - hist_1pre - , 
Trade --> code: NUAN   BUY: 2005-11-30    5.38 SELL: 2008-11-30    7.94  macd:   -0.14 macd_count:  36 profit:  1.48
Trade --> code: NUAN   BUY: 2009-12-31   13.44 SELL: 2013-05-31   16.44  macd:   -0.10 macd_count:  41 profit:  1.22
Trade --> code: NUAN   BUY: 2015-11-30   18.11 SELL: 2016-07-31   13.90  macd:   -0.05 macd_count:   8 profit:  0.77
Trade --> code: NUAN   BUY: 2017-05-31   16.01 SELL: 2017-09-30   13.60  macd:   -0.04 macd_count:   4 profit:  0.85
Trade --> code: NUAN   BUY: 2019-04-30   14.56 SELL: 2022-03-31   55.99  macd:    7.14 macd_count:  36 profit:  3.85

