Sat May 28 13:53:28 UTC 2022
arg[0]: scraping/yahoo-finace-api2.py, arg[1]: stock-code-list/buy-list.txt
===========================
scraping
===========================
START:  AAPL
END:    0.5446186065673828
-
START:  EL
END:    0.979708194732666
-
START:  NEE
END:    1.4761838912963867
-
START:  AMD
END:    1.9755029678344727
-
START:  APH
END:    2.382052183151245
-
START:  XLP
END:    2.8407278060913086
-
START:  SPXL
END:    3.1558761596679688
-
START:  KEYS
END:    3.3719589710235596
-
START:  VDC
END:    3.7867202758789062
-
START:  SPTM
END:    4.22359824180603
-
START:  SPLG
END:    4.606467008590698
-
START:  CROX
END:    4.935961008071899
-
START:  AXON
END:    5.344561815261841
-
START:  AWR
END:    5.828599452972412
-
START:  FN
END:    7.14637565612793
-
START:  NXST
END:    7.581338167190552
-
START:  TREX
END:    7.965184926986694
-
START:  RGEN
END:    8.370885133743286
-
START:  EXPO
END:    8.786294937133789
-
START:  BCPC
END:    9.208277702331543
-
START:  SOXL
END:    9.51943564414978
-
START:  TECL
END:    9.84530520439148
-
START:  NEO
END:    10.22125244140625
-
START:  NVMI
END:    10.61756682395935
-
START:  NVDA
END:    11.061646461486816
-
START:  BBDC
END:    11.377578020095825
-
START:  APPS
END:    11.71830153465271
-
START:  ROK
END:    12.166072845458984
-
START:  NHTC
END:    12.54250454902649
-
START:  ZYXI
END:    12.91884708404541
-
START:  LIT
END:    14.194677114486694
-
START:  LLY
END:    14.627338409423828
-
START:  GTLB
END:    14.693997621536255
-
START:  MCD
END:    16.194429397583008
-
START:  MSI
END:    16.722503185272217
-
START:  HCP
END:    16.787676334381104
-
START:  ON
END:    17.19384527206421
-
===========================
MACD sell
===========================
START:  AAPL
START:  EL
START:  NEE
START:  AMD
START:  APH
START:  XLP
START:  SPXL
START:  KEYS
START:  VDC
START:  SPTM
START:  SPLG
START:  CROX
START:  AXON
START:  AWR
START:  FN
START:  NXST
START:  TREX
START:  RGEN
START:  EXPO
START:  BCPC
START:  SOXL
START:  TECL
START:  NEO
START:  NVMI
START:  NVDA
START:  BBDC
START:  APPS
START:  ROK
START:  NHTC
START:  ZYXI
START:  LIT
START:  LLY
START:  GTLB
START:  MCD
START:  MSI
START:  HCP
START:  ON
==== MACD list ====
code: AAPL     day: macd - hist + ,  Week: macd - hist - , Month: macd + hist - , 
code: EL       day: macd - hist + ,  Week: macd - hist + , Month: macd + hist - , 
code: NEE      day: macd - hist + ,  Week: macd - hist - , Month: macd + hist - , 
code: AMD      day: macd + hist + ,  Week: macd - hist + , Month: macd + hist - , 
code: APH      day: macd - hist + ,  Week: macd - hist + , Month: macd + hist - , 
code: XLP      day: macd - hist - ,  Week: macd + hist - , Month: macd + hist + , 
code: SPXL     day: macd - hist + ,  Week: macd - hist - , Month: macd + hist - , 
code: KEYS     day: macd - hist + ,  Week: macd - hist + , Month: macd + hist - , 
code: VDC      day: macd - hist - ,  Week: macd - hist - , Month: macd + hist - , 
code: SPTM     day: macd - hist + ,  Week: macd - hist - , Month: macd + hist - , 
code: SPLG     day: macd - hist + ,  Week: macd - hist - , Month: macd + hist - , 
code: CROX     day: macd - hist + ,  Week: macd - hist + , Month: macd + hist - , 
code: AXON     day: macd - hist + ,  Week: macd - hist - , Month: macd + hist - , 
code: AWR      day: macd - hist + ,  Week: macd - hist - , Month: macd + hist - , 
code: FN       day: macd - hist + ,  Week: macd - hist - , Month: macd + hist - , 
code: NXST     day: macd + hist + ,  Week: macd + hist - , Month: macd + hist + , 
code: TREX     day: macd + hist + ,  Week: macd - hist + , Month: macd + hist - , 
code: RGEN     day: macd - hist + ,  Week: macd - hist + , Month: macd + hist - , 
code: EXPO     day: macd - hist + ,  Week: macd - hist - , Month: macd + hist - , 
code: BCPC     day: macd - hist + ,  Week: macd - hist + , Month: macd + hist - , 
code: SOXL     day: macd - hist + ,  Week: macd - hist + , Month: macd + hist - , 
code: TECL     day: macd - hist + ,  Week: macd - hist - , Month: macd + hist - , 
code: NEO      day: macd - hist + ,  Week: macd - hist + , Month: macd - hist - , 
code: NVMI     day: macd + hist + ,  Week: macd - hist + , Month: macd + hist - , 
code: NVDA     day: macd - hist + ,  Week: macd - hist - , Month: macd + hist - , 
code: BBDC     day: macd - hist + ,  Week: macd - hist + , Month: macd + hist - , 
code: APPS     day: macd - hist + ,  Week: macd - hist - , Month: macd + hist - , 
code: ROK      day: macd - hist + ,  Week: macd - hist - , Month: macd + hist - , 
code: NHTC     day: macd - hist - ,  Week: macd - hist - , Month: macd - hist + , 
code: ZYXI     day: macd + hist + ,  Week: macd - hist + , Month: macd - hist - , 
code: LIT      day: macd + hist + ,  Week: macd - hist + , Month: macd + hist - , 
code: LLY      day: macd + hist + ,  Week: macd + hist + , Month: macd + hist + , 
code: GTLB     day: macd - hist + ,  Week: macd - hist + , Month: macd + hist + , 
code: MCD      day: macd - hist + ,  Week: macd - hist + , Month: macd + hist - , 
code: MSI      day: macd - hist + ,  Week: macd - hist - , Month: macd + hist - , 
code: HCP      day: macd - hist + ,  Week: macd - hist + , Month: macd + hist + , 
code: ON       day: macd + hist + ,  Week: macd - hist + , Month: macd + hist + , 
==== MACD sell list ====
code: AAPL     day: macd - hist + ,  Week: macd - hist - , 
code: AAPL     day: macd - hist + ,  Week: macd - hist - , Month: macd + hist - , 
code: EL       day: macd - hist + ,  Week: macd - hist + , Month: macd + hist - , 
code: NEE      day: macd - hist + ,  Week: macd - hist - , 
code: NEE      day: macd - hist + ,  Week: macd - hist - , Month: macd + hist - , 
code: AMD      day: macd + hist + ,  Week: macd - hist + , Month: macd + hist - , 
code: APH      day: macd - hist + ,  Week: macd - hist + , Month: macd + hist - , 
code: XLP      day: macd - hist - , 
code: XLP      day: macd - hist - ,  Week: macd + hist - , 
code: SPXL     day: macd - hist + ,  Week: macd - hist - , 
code: SPXL     day: macd - hist + ,  Week: macd - hist - , Month: macd + hist - , 
code: KEYS     day: macd - hist + ,  Week: macd - hist + , Month: macd + hist - , 
code: VDC      day: macd - hist - , 
code: VDC      day: macd - hist - ,  Week: macd - hist - , 
code: VDC      day: macd - hist - ,  Week: macd - hist - , Month: macd + hist - , 
code: SPTM     day: macd - hist + ,  Week: macd - hist - , 
code: SPTM     day: macd - hist + ,  Week: macd - hist - , Month: macd + hist - , 
code: SPLG     day: macd - hist + ,  Week: macd - hist - , 
code: SPLG     day: macd - hist + ,  Week: macd - hist - , Month: macd + hist - , 
code: CROX     day: macd - hist + ,  Week: macd - hist + , Month: macd + hist - , 
code: AXON     day: macd - hist + ,  Week: macd - hist - , 
code: AXON     day: macd - hist + ,  Week: macd - hist - , Month: macd + hist - , 
code: AWR      day: macd - hist + ,  Week: macd - hist - , 
code: AWR      day: macd - hist + ,  Week: macd - hist - , Month: macd + hist - , 
code: FN       day: macd - hist + ,  Week: macd - hist - , 
code: FN       day: macd - hist + ,  Week: macd - hist - , Month: macd + hist - , 
code: NXST     day: macd + hist + ,  Week: macd + hist - , 
code: TREX     day: macd + hist + ,  Week: macd - hist + , Month: macd + hist - , 
code: RGEN     day: macd - hist + ,  Week: macd - hist + , Month: macd + hist - , 
code: EXPO     day: macd - hist + ,  Week: macd - hist - , 
code: EXPO     day: macd - hist + ,  Week: macd - hist - , Month: macd + hist - , 
code: BCPC     day: macd - hist + ,  Week: macd - hist + , Month: macd + hist - , 
code: SOXL     day: macd - hist + ,  Week: macd - hist + , Month: macd + hist - , 
code: TECL     day: macd - hist + ,  Week: macd - hist - , 
code: TECL     day: macd - hist + ,  Week: macd - hist - , Month: macd + hist - , 
code: NEO      day: macd - hist + ,  Week: macd - hist + , Month: macd - hist - , 
code: NVMI     day: macd + hist + ,  Week: macd - hist + , Month: macd + hist - , 
code: NVDA     day: macd - hist + ,  Week: macd - hist - , 
code: NVDA     day: macd - hist + ,  Week: macd - hist - , Month: macd + hist - , 
code: BBDC     day: macd - hist + ,  Week: macd - hist + , Month: macd + hist - , 
code: APPS     day: macd - hist + ,  Week: macd - hist - , 
code: APPS     day: macd - hist + ,  Week: macd - hist - , Month: macd + hist - , 
code: ROK      day: macd - hist + ,  Week: macd - hist - , 
code: ROK      day: macd - hist + ,  Week: macd - hist - , Month: macd + hist - , 
code: NHTC     day: macd - hist - , 
code: NHTC     day: macd - hist - ,  Week: macd - hist - , 
code: ZYXI     day: macd + hist + ,  Week: macd - hist + , Month: macd - hist - , 
code: LIT      day: macd + hist + ,  Week: macd - hist + , Month: macd + hist - , 
code: MCD      day: macd - hist + ,  Week: macd - hist + , Month: macd + hist - , 
code: MSI      day: macd - hist + ,  Week: macd - hist - , 
code: MSI      day: macd - hist + ,  Week: macd - hist - , Month: macd + hist - , 
===========================
profit
===========================
==== plus ====
XLP  , macd -, macd hist -, profit:   [2.42], per:   [3.33], now:    [75.], buy:  [72.58]
VDC  , macd -, macd hist -, profit:   [3.31], per:   [1.75], now: [192.84], buy: [189.53]
NXST , macd +, macd hist +, profit:   [14.2], per:   [8.74], now:  [176.7], buy:  [162.5]
ZYXI , macd +, macd hist +, profit:    [1.2], per:  [18.87], now:   [7.56], buy:   [6.36]
LLY  , macd +, macd hist +, profit:  [52.48], per:  [19.37], now: [323.48], buy:   [271.]
ON   , macd +, macd hist +, profit:   [1.28], per:   [2.14], now:  [61.14], buy:  [59.86]
-
     plus  len:  6
     profit:  [74.89], per:  [54.19], per/len(p):   [9.03], per/len(p+m):   [1.46]
-
==== minus ====
AAPL , macd -, macd hist +, profit:       [], per:       [], now: [149.64], buy:       []
EL   , macd -, macd hist +, profit: [-87.89], per: [-25.87], now: [251.86], buy: [339.75]
NEE  , macd -, macd hist +, profit:   [-7.9], per:  [-9.26], now:  [77.43], buy:  [85.33]
AMD  , macd +, macd hist +, profit: [-17.97], per: [-14.95], now: [102.26], buy: [120.23]
APH  , macd -, macd hist +, profit:       [], per:       [], now:  [71.33], buy:       []
SPXL , macd -, macd hist +, profit: [-41.22], per: [-31.65], now:  [89.01], buy: [130.23]
KEYS , macd -, macd hist +, profit: [-40.83], per: [-21.94], now: [145.23], buy: [186.06]
SPTM , macd -, macd hist +, profit:  [-5.36], per:  [-9.47], now:  [51.22], buy:  [56.58]
SPLG , macd -, macd hist +, profit:  [-5.13], per:   [-9.5], now:  [48.86], buy:  [53.99]
CROX , macd -, macd hist +, profit: [-121.28], per: [-68.36], now:  [56.14], buy: [177.42]
AXON , macd -, macd hist +, profit: [-35.63], per: [-25.79], now: [102.52], buy: [138.15]
AWR  , macd -, macd hist +, profit:       [], per:       [], now:  [79.69], buy:       []
FN   , macd -, macd hist +, profit: [-29.19], per: [-24.98], now:  [87.67], buy: [116.86]
TREX , macd +, macd hist +, profit:  [-4.28], per:  [-6.11], now:  [65.72], buy:    [70.]
RGEN , macd -, macd hist +, profit:  [-9.62], per:  [-5.35], now: [170.04], buy: [179.66]
EXPO , macd -, macd hist +, profit: [-10.23], per: [-10.12], now:  [90.88], buy: [101.11]
BCPC , macd -, macd hist +, profit: [-10.19], per:  [-7.43], now: [126.89], buy: [137.08]
SOXL , macd -, macd hist +, profit: [-16.83], per: [-39.99], now:  [25.26], buy:  [42.09]
TECL , macd -, macd hist +, profit:  [-20.8], per: [-34.24], now:  [39.94], buy:  [60.74]
NEO  , macd -, macd hist +, profit:  [-8.95], per: [-50.17], now:   [8.89], buy:  [17.84]
NVMI , macd +, macd hist +, profit:  [-5.94], per:  [-5.18], now: [108.71], buy: [114.65]
NVDA , macd -, macd hist +, profit: [-67.56], per: [-26.42], now: [188.11], buy: [255.67]
BBDC , macd -, macd hist +, profit:  [-0.15], per:  [-1.42], now:  [10.45], buy:   [10.6]
APPS , macd -, macd hist +, profit: [-17.01], per: [-38.95], now:  [26.66], buy:  [43.67]
ROK  , macd -, macd hist +, profit: [-130.87], per: [-38.28], now: [211.02], buy: [341.89]
NHTC , macd -, macd hist -, profit:  [-0.37], per:  [-5.16], now:    [6.8], buy:   [7.17]
LIT  , macd +, macd hist +, profit: [-17.56], per: [-19.11], now:  [74.35], buy:  [91.91]
GTLB , macd -, macd hist +, profit:  [-9.82], per: [-18.61], now:  [42.94], buy:  [52.76]
MCD  , macd -, macd hist +, profit:  [-1.59], per:  [-0.63], now: [251.87], buy: [253.46]
MSI  , macd -, macd hist +, profit:  [-28.4], per:  [-11.3], now: [223.01], buy: [251.41]
HCP  , macd -, macd hist +, profit: [-17.35], per: [-31.95], now:  [36.95], buy:   [54.3]
-
     minus len:  31
     profit:       [], per:       [], per/len(m):       [], per/len(p+m):       []
-
==== total ====
     profit:       [], per:       [], per/len(p+m):       []
arg[0]: scraping/yahoo-finace-api2.py, arg[1]: stock-code-list/up-month.txt
===========================
scraping
===========================
START:  A
END:    0.5191681385040283
-
START:  AAON
END:    0.9445676803588867
-
START:  AAPL
END:    1.410156011581421
-
START:  ABG
END:    1.773629903793335
-
START:  ABT
END:    2.205850601196289
-
START:  ACLS
END:    2.6029722690582275
-
START:  ACMR
END:    2.754772424697876
-
START:  ACN
END:    3.2045705318450928
-
START:  ADBE
END:    3.6084280014038086
-
START:  ADI
END:    4.053899526596069
-
START:  ADP
END:    4.519240140914917
-
START:  ADSK
END:    4.952675104141235
-
START:  ADUS
END:    5.205228567123413
-
START:  AEE
END:    5.6515209674835205
-
START:  AGYS
END:    7.08734917640686
-
START:  AIZ
END:    8.507359266281128
-
START:  AJG
END:    8.99533224105835
-
START:  AJRD
END:    9.43547773361206
-
START:  ALB
END:    10.899742126464844
-
START:  ALG
END:    11.337342023849487
-
START:  ALGN
END:    11.757884740829468
-
START:  ALLE
END:    11.983144283294678
-
START:  ALTR
END:    12.133904457092285
-
START:  AMAT
END:    12.579058170318604
-
START:  AMBA
END:    12.845357418060303
-
START:  AMD
END:    13.217893600463867
-
START:  AME
END:    13.657319068908691
-
START:  AMED
END:    14.069578409194946
-
START:  AMEH
END:    15.36861538887024
-
START:  AMGN
END:    15.802165746688843
-
START:  AMN
END:    16.195854902267456
-
START:  AMP
END:    16.59651231765747
-
START:  AMRC
END:    16.881471395492554
-
START:  AMSWA
END:    17.32083487510681
-
START:  AMTX
END:    17.662869215011597
-
START:  AMZN
END:    18.079986810684204
-
START:  AN
END:    18.520862579345703
-
START:  ANSS
END:    19.92327332496643
-
START:  ANTM
END:    20.370537281036377
-
START:  AON
END:    20.847059726715088
-
START:  AOSL
END:    21.131985664367676
-
START:  APD
END:    22.654258251190186
-
START:  APH
END:    23.095369338989258
-
START:  APPF
END:    23.28647518157959
-
START:  APPN
END:    23.453533411026
-
START:  APPS
END:    24.7951979637146
-
START:  AQN
END:    25.087133169174194
-
START:  ARCB
END:    25.539392232894897
-
START:  ARCT
END:    26.779653549194336
-
START:  ARES
END:    27.008585214614868
-
START:  ARGX
END:    27.16549825668335
-
START:  ARWR
END:    27.56320548057556
-
START:  ASML
END:    27.997156381607056
-
START:  ASPN
END:    29.222436666488647
-
START:  ATEC
END:    29.545416831970215
-
START:  ATEN
END:    29.75079369544983
-
START:  ATKR
END:    29.933507680892944
-
START:  ATOM
END:    30.096208333969116
-
START:  ATR
END:    31.557404279708862
-
START:  ATRC
END:    31.90394687652588
-
START:  AUDC
END:    32.294198513031006
-
START:  AUPH
END:    33.51422476768494
-
START:  AVAV
END:    33.842427492141724
-
START:  AVGO
END:    34.15189576148987
-
START:  AVID
END:    34.52805209159851
-
START:  AVNW
END:    34.92122459411621
-
START:  AVXL
END:    36.260876417160034
-
START:  AVY
END:    36.69954562187195
-
START:  AWK
END:    37.07812571525574
-
START:  AWR
END:    38.58751654624939
-
START:  AXON
END:    38.98615837097168
-
START:  AZO
END:    40.40432143211365
-
START:  AZPN
END:    41.80497622489929
-
START:  BAH
END:    43.11573052406311
-
START:  BAM
END:    43.60302209854126
-
START:  BAX
END:    44.052812576293945
-
START:  BBH
END:    44.45598387718201
-
START:  BBQ
END:    44.84965372085571
-
START:  BBY
END:    45.2867796421051
-
START:  BCPC
END:    45.7278470993042
-
START:  BDX
END:    47.231688022613525
-
START:  BEEM
END:    47.501771688461304
-
START:  BFAM
END:    47.72008991241455
-
START:  BFC
END:    48.079612255096436
-
START:  BGFV
END:    48.526578426361084
-
START:  BGNE
END:    49.73906755447388
-
START:  BHVN
END:    49.891539573669434
-
START:  BIO
END:    50.28192591667175
-
START:  BL
END:    50.45528602600098
-
START:  BLD
END:    51.641446352005005
-
START:  BLDP
END:    52.00878667831421
-
START:  BLDR
END:    52.347267866134644
-
START:  BLFS
END:    52.72404599189758
-
START:  BLK
END:    53.150938272476196
-
START:  BLL
END:    53.629703521728516
-
START:  BLNK
END:    54.93512153625488
-
START:  BMI
END:    55.39424681663513
-
START:  BOOT
END:    56.670701026916504
-
START:  BOTZ
END:    56.85573768615723
-
START:  BR
END:    57.200977087020874
-
START:  BRKR
END:    58.63142371177673
-
START:  BRKS
Not Found: No data found, symbol may be delisted
START:  BRO
END:    60.163564920425415
-
START:  BURL
END:    61.42356300354004
-
START:  BX
END:    61.73912453651428
-
START:  CABO
END:    61.985063791275024
-
START:  CACI
END:    62.37927055358887
-
START:  CALX
END:    63.68291902542114
-
START:  CAMT
END:    64.07840776443481
-
START:  CAR
END:    64.50072240829468
-
START:  CBRE
END:    64.87912368774414
-
START:  CBSH
END:    65.33936548233032
-
START:  CBZ
END:    65.77177262306213
-
START:  CCOI
END:    66.18751001358032
-
START:  CCS
END:    66.40416121482849
-
START:  CDMO
END:    66.79397010803223
-
START:  CDNA
END:    67.9962592124939
-
START:  CDNS
END:    68.41454887390137
-
START:  CDW
END:    68.6147072315216
-
START:  CELH
END:    68.99514317512512
-
START:  CGNX
END:    69.4404604434967
-
START:  CHD
END:    69.89885997772217
-
START:  CHDN
END:    71.3284854888916
-
START:  CHE
END:    71.81703495979309
-
START:  CHGG
END:    72.04248142242432
-
START:  CHH
END:    72.57735180854797
-
START:  CHKP
END:    72.9821617603302
-
START:  CHTR
END:    73.3592517375946
-
START:  CIEN
END:    74.76037669181824
-
START:  CLAR
END:    75.16738533973694
-
START:  CLFD
END:    75.55292391777039
-
START:  CLGN
END:    75.70204210281372
-
START:  CLNE
END:    76.03014135360718
-
START:  CLPT
END:    76.28497505187988
-
START:  CLX
END:    76.73266124725342
-
START:  CMCSA
END:    78.30457735061646
-
START:  CMG
END:    78.64315938949585
-
START:  CMS
END:    80.19644474983215
-
START:  CNC
END:    80.66001009941101
-
START:  CNI
END:    81.11761593818665
-
START:  CNMD
END:    81.55331206321716
-
START:  CNS
END:    81.96266222000122
-
START:  CNXN
END:    82.39984393119812
-
START:  COO
END:    82.84686064720154
-
START:  COST
END:    83.29039669036865
-
START:  COUP
END:    83.45011162757874
-
START:  COWN
END:    84.80009865760803
-
START:  CP
END:    85.2962441444397
-
START:  CPK
END:    86.77743291854858
-
START:  CPRT
END:    88.22586631774902
-
START:  CPSH
END:    88.62305474281311
-
START:  CRAI
END:    89.04154539108276
-
START:  CREE
Not Found: No data found, symbol may be delisted
START:  CRL
END:    89.49887204170227
-
START:  CRM
END:    89.89237523078918
-
START:  CRMT
END:    90.36284899711609
-
START:  CROX
END:    90.67544317245483
-
START:  CRSP
END:    90.84102773666382
-
START:  CRVL
END:    91.2443540096283
-
START:  CSGP
END:    91.65846157073975
-
START:  CSL
END:    92.1425609588623
-
START:  CSWI
END:    93.34268021583557
-
START:  CSX
END:    94.8478569984436
-
START:  CTAS
END:    95.33684778213501
-
START:  CTLT
END:    95.55172896385193
-
START:  CTRN
END:    96.95478081703186
-
START:  CURE
END:    98.2488284111023
-
START:  CVCO
END:    98.61359286308289
-
START:  CVNA
END:    98.76733374595642
-
START:  CWST
END:    100.1711835861206
-
START:  CWT
END:    101.66717863082886
-
START:  CXSE
END:    101.90628933906555
-
START:  CYBR
END:    102.09528803825378
-
START:  CYRX
END:    103.4422025680542
-
START:  CYTK
END:    103.76385354995728
-
START:  DAC
END:    105.13608741760254
-
START:  DAR
END:    105.5372622013092
-
START:  DAVA
END:    106.69771003723145
-
START:  DDS
END:    108.20641422271729
-
START:  DE
END:    108.70312356948853
-
START:  DECK
END:    109.1205518245697
-
START:  DELL
END:    109.31431937217712
-
START:  DFIN
END:    109.48732137680054
-
START:  DG
END:    109.75207042694092
-
START:  DGRW
END:    109.99545669555664
-
START:  DHI
END:    110.43321704864502
-
START:  DHR
END:    110.87302613258362
-
START:  DIA
END:    112.27788949012756
-
START:  DIOD
END:    113.68790245056152
-
START:  DIS
END:    114.14603972434998
-
START:  DKS
END:    115.61466789245605
-
START:  DLN
END:    115.99206376075745
-
START:  DNLI
END:    116.15135145187378
-
START:  DOMO
END:    117.28778147697449
-
START:  DOV
END:    117.80424213409424
-
START:  DPZ
END:    118.23161149024963
-
START:  DQ
END:    118.49887442588806
-
START:  DRD
END:    118.88313674926758
-
START:  DRIO
END:    119.05223941802979
-
START:  DRNA
Not Found: No data found, symbol may be delisted
START:  DSGX
END:    119.50118923187256
-
START:  DVAX
END:    119.82919716835022
-
START:  DXCM
END:    123.21751189231873
-
START:  ECL
END:    123.67921113967896
-
START:  EFX
END:    124.17390894889832
-
START:  EGAN
END:    124.5226731300354
-
START:  EHC
END:    124.89105701446533
-
START:  EL
END:    125.26798915863037
-
START:  ENPH
END:    125.52144050598145
-
START:  ENSG
END:    126.86026096343994
-
START:  ENTG
END:    127.24822854995728
-
START:  ENV
END:    127.52717018127441
-
START:  EPAM
END:    127.79190373420715
-
START:  ERIE
END:    128.22533249855042
-
START:  ES
END:    128.70471119880676
-
START:  ESE
END:    129.1211769580841
-
START:  ETN
END:    129.56347727775574
-
START:  ETSY
END:    129.7536551952362
-
START:  EVBG
END:    130.9163315296173
-
START:  EVTC
END:    131.14803528785706
-
START:  EW
END:    131.58535861968994
-
START:  EWT
END:    132.01293849945068
-
START:  EXAS
END:    132.3912000656128
-
START:  EXLS
END:    133.71217703819275
-
START:  EXPD
END:    134.1571807861328
-
START:  EXPI
END:    137.33128428459167
-
START:  EXPO
END:    137.73701310157776
-
START:  FAST
END:    138.1763951778412
-
START:  FATE
END:    138.4415946006775
-
START:  FB
END:    138.7033815383911
-
START:  FCN
END:    139.10040307044983
-
START:  FCX
END:    139.5286853313446
-
START:  FDN
END:    139.86519765853882
-
START:  FDS
END:    140.27017283439636
-
START:  FELE
END:    140.74694538116455
-
START:  FFIN
END:    141.2077181339264
-
START:  FICO
END:    141.6639792919159
-
START:  FINX
END:    141.83732771873474
-
START:  FIS
END:    142.25183868408203
-
START:  FISV
END:    142.65267324447632
-
START:  FIVE
END:    143.9039225578308
-
START:  FIVN
END:    144.12077593803406
-
START:  FLGT
END:    144.28558778762817
-
START:  FLT
END:    144.56720733642578
-
START:  FLWS
END:    144.9751808643341
-
START:  FN
END:    148.24994683265686
-
START:  FND
END:    148.4068741798401
-
START:  FNV
END:    148.80315685272217
-
START:  FORM
END:    149.17498660087585
-
START:  FOXF
END:    149.3991940021515
-
START:  FPX
END:    150.7602825164795
-
START:  FRC
END:    151.02376794815063
-
START:  FRHC
END:    151.17428827285767
-
START:  FRPT
END:    151.37581634521484
-
START:  FSS
END:    151.86041641235352
-
START:  FTNT
END:    152.13727831840515
-
START:  FUV
END:    152.2853343486786
-
START:  GDEN
END:    152.66144609451294
-
START:  GFI
END:    153.13942170143127
-
START:  GGG
END:    153.5604751110077
-
START:  GIB
END:    153.94332814216614
-
START:  GLDD
END:    155.3175985813141
-
START:  GLOB
END:    155.50955486297607
-
START:  GMAB
END:    155.8763358592987
-
START:  GME
END:    156.28349208831787
-
START:  GMED
END:    157.55783247947693
-
START:  GNRC
END:    158.83745312690735
-
START:  GNSS
END:    159.22910046577454
-
START:  GNTX
END:    159.6485152244568
-
START:  GOLF
END:    159.81566095352173
-
START:  GOOG
END:    160.1720962524414
-
START:  GOOGL
END:    160.52213644981384
-
START:  GPI
END:    160.89834094047546
-
START:  GPN
END:    162.33361291885376
-
START:  GRBK
END:    162.65302920341492
-
START:  GRMN
END:    163.0599296092987
-
START:  GRVY
END:    164.39821195602417
-
START:  GRWG
END:    165.53806900978088
-
START:  GWRE
END:    165.78130221366882
-
START:  HACK
END:    166.0279519557953
-
START:  HALO
END:    166.38936567306519
-
START:  HCI
END:    166.69649744033813
-
START:  HD
END:    167.14058136940002
-
START:  HEI
END:    167.5986409187317
-
START:  HELE
END:    167.99503421783447
-
START:  HIBB
END:    169.43314409255981
-
START:  HLI
END:    169.6430106163025
-
START:  HLT
END:    169.85604524612427
-
START:  HOLX
END:    171.2868447303772
-
START:  HON
END:    172.8130021095276
-
START:  HOV
END:    173.24286246299744
-
START:  HRC
Not Found: No data found, symbol may be delisted
START:  HRI
END:    173.66019105911255
-
START:  HSKA
END:    174.05084466934204
-
START:  HTHT
END:    174.32330012321472
-
START:  HUBS
END:    174.54144287109375
-
START:  HUM
END:    174.9771444797516
-
START:  HZNP
END:    176.35592818260193
-
START:  IAC
END:    176.8179657459259
-
START:  IBP
END:    178.05434465408325
-
START:  ICE
END:    179.4380486011505
-
START:  ICLN
END:    179.76432728767395
-
START:  ICLR
END:    180.12761116027832
-
START:  IDT
END:    180.60280776023865
-
START:  IDXX
END:    180.9941439628601
-
START:  IESC
END:    181.39929103851318
-
START:  IEX
END:    181.9018964767456
-
START:  ILMN
END:    183.3354663848877
-
START:  INFO
Not Found: No data found, symbol may be delisted
START:  INOV
Not Found: No data found, symbol may be delisted
START:  INSP
END:    184.59671568870544
-
START:  INTC
END:    185.06106972694397
-
START:  INTU
END:    186.4922800064087
-
START:  INTZ
END:    186.84071445465088
-
START:  INVE
END:    187.21285247802734
-
START:  IOO
END:    187.65761160850525
-
START:  IQV
END:    187.89828300476074
-
START:  IRDM
END:    188.1745285987854
-
START:  IRMD
END:    188.35285258293152
-
START:  ISEE
END:    188.57717084884644
-
START:  ISRG
END:    188.97782349586487
-
START:  IT
END:    190.3621335029602
-
START:  ITT
END:    190.7807788848877
-
START:  ITW
END:    191.25219321250916
-
START:  IVOG
END:    191.54748272895813
-
START:  IVV
END:    191.98545026779175
-
START:  IXJ
END:    195.43197417259216
-
START:  IXN
END:    195.86640763282776
-
START:  J
END:    196.28881001472473
-
START:  JBL
END:    196.70127987861633
-
START:  JBSS
END:    197.13710117340088
-
START:  JD
END:    197.335444688797
-
START:  JKHY
END:    197.7964482307434
-
START:  JKS
END:    198.07582879066467
-
START:  JNJ
END:    198.62963151931763
-
START:  JOE
END:    199.05402493476868
-
START:  JOUT
END:    199.47064113616943
-
START:  JYNT
END:    199.65887355804443
-
START:  KAI
END:    200.07469582557678
-
START:  KBH
END:    200.52362251281738
-
START:  KBR
END:    200.8355836868286
-
START:  KDMN
Not Found: No data found, symbol may be delisted
START:  KEYS
END:    201.0917775630951
-
START:  KLAC
END:    202.52742195129395
-
START:  KLIC
END:    202.94830107688904
-
START:  KMX
END:    204.38896131515503
-
START:  KNSL
END:    204.58646702766418
-
START:  KOPN
END:    205.99010515213013
-
START:  KOSS
END:    206.39403820037842
-
START:  KRNT
END:    206.59034490585327
-
START:  KSU
Not Found: No data found, symbol may be delisted
START:  KTOS
END:    207.05938363075256
-
START:  LAC
END:    207.36049818992615
-
START:  LAD
END:    207.77950739860535
-
START:  LANC
END:    209.241055727005
-
START:  LAWS
END:    209.70193934440613
-
START:  LDOS
END:    211.13556551933289
-
START:  LFMD
END:    211.43254208564758
-
START:  LGIH
END:    211.62190866470337
-
START:  LH
END:    212.06559371948242
-
START:  LHCG
END:    213.42296147346497
-
START:  LHX
END:    214.90385222434998
-
START:  LII
END:    215.3670482635498
-
START:  LIN
END:    216.83528852462769
-
START:  LINC
END:    218.20992469787598
-
START:  LIT
END:    218.4853367805481
-
START:  LLY
END:    219.02561569213867
-
START:  LMT
END:    220.4594531059265
-
START:  LNT
END:    220.92884469032288
-
START:  LOB
END:    222.14302945137024
-
START:  LOGI
END:    223.57469201087952
-
START:  LOVE
END:    224.71890139579773
-
START:  LOW
END:    225.22972059249878
-
START:  LPLA
END:    225.50184988975525
-
START:  LPSN
END:    225.95244455337524
-
START:  LQDT
END:    227.30547428131104
-
START:  LRCX
END:    227.7284071445465
-
START:  LSCC
END:    228.13608360290527
-
START:  LSTR
END:    228.5730288028717
-
START:  LULU
END:    228.86071944236755
-
START:  LUNA
END:    230.21607875823975
-
START:  MA
END:    231.5824830532074
-
START:  MANH
END:    231.96238660812378
-
START:  MANT
END:    232.36280941963196
-
START:  MARA
END:    232.5847988128662
-
START:  MASI
END:    232.9121232032776
-
START:  MATX
END:    233.37543749809265
-
START:  MBUU
END:    233.56775975227356
-
START:  MCD
END:    234.02397775650024
-
START:  MCHP
END:    234.46358466148376
-
START:  MCO
END:    234.85491609573364
-
START:  MDB
END:    235.00989437103271
-
START:  MDT
END:    235.43499302864075
-
START:  MEDP
END:    236.6058373451233
-
START:  MEDS
END:    236.84533166885376
-
START:  MELI
END:    237.17332768440247
-
START:  MGC
END:    238.49312901496887
-
START:  MGIC
END:    238.908376455307
-
START:  MGK
END:    239.23536348342896
-
START:  MGNI
END:    240.4690637588501
-
START:  MHO
END:    241.8676974773407
-
START:  MIME
END:    242.03821325302124
-
START:  MITK
END:    242.40457582473755
-
START:  MKC
END:    243.84812879562378
-
START:  MKSI
END:    245.2774305343628
-
START:  MKTX
END:    245.6399290561676
-
START:  MLAB
END:    246.04339241981506
-
START:  MLR
END:    247.4886794090271
-
START:  MMC
END:    248.96553945541382
-
START:  MMS
END:    249.37882614135742
-
START:  MNMD
END:    249.54258060455322
-
START:  MNST
END:    249.9627501964569
-
START:  MODN
END:    250.20125317573547
-
START:  MODV
END:    250.62557554244995
-
START:  MOH
END:    251.0777177810669
-
START:  MORN
END:    251.45699739456177
-
START:  MPWR
END:    251.82870221138
-
START:  MRTX
END:    252.05965161323547
-
START:  MRVL
END:    252.5091416835785
-
START:  MS
END:    252.96371340751648
-
START:  MSA
END:    254.43211698532104
-
START:  MSCI
END:    254.75671410560608
-
START:  MSEX
END:    255.19662952423096
-
START:  MSFT
END:    255.5936508178711
-
START:  MSI
END:    257.1157314777374
-
START:  MSTR
END:    258.55812430381775
-
START:  MTBC
END:    259.79897379875183
-
START:  MTCH
END:    260.2127261161804
-
START:  MTD
END:    260.5979151725769
-
START:  MTEX
END:    261.0055377483368
-
START:  MTH
END:    261.4449806213379
-
START:  MTLS
END:    261.6716091632843
-
START:  MTSI
END:    262.7927005290985
-
START:  MU
END:    264.6069846153259
-
START:  MUSA
END:    265.6103150844574
-
START:  MVIS
END:    266.94866394996643
-
START:  MXL
END:    268.0035858154297
-
START:  MYRG
END:    269.12559175491333
-
START:  NBIX
END:    270.6869170665741
-
START:  NCBS
END:    271.91681385040283
-
START:  NDAQ
END:    273.42670226097107
-
START:  NDSN
END:    275.1142027378082
-
START:  NEE
END:    277.24742007255554
-
START:  NEO
END:    278.60916447639465
-
START:  NEOG
END:    279.95399045944214
-
START:  NFLX
END:    281.53738713264465
-
START:  NICE
END:    283.7415864467621
-
START:  NISN
END:    284.88454699516296
-
START:  NKE
END:    286.9510178565979
-
START:  NOVT
END:    289.01354241371155
-
START:  NOW
END:    291.47105145454407
-
START:  NSC
END:    293.3272280693054
-
START:  NSIT
END:    295.0373549461365
-
START:  NSSC
END:    296.8081066608429
-
START:  NSTG
END:    299.22226119041443
-
START:  NTLA
END:    300.1560323238373
-
START:  NTRA
END:    301.26884174346924
-
START:  NUAN
END:    302.5750992298126
-
START:  NVCR
END:    303.81453704833984
-
START:  NVDA
END:    305.3920798301697
-
START:  NVMI
END:    306.6532835960388
-
START:  NVO
END:    308.63143968582153
-
START:  NVR
END:    310.34193420410156
-
START:  NXST
END:    312.2605004310608
-
START:  NYT
END:    314.16459441185
-
START:  OBCI
END:    315.90847277641296
-
START:  ODFL
END:    317.60585021972656
-
START:  OEF
END:    320.32936692237854
-
START:  OFLX
END:    322.1411817073822
-
START:  OLED
END:    323.786926984787
-
START:  OMCL
END:    325.41356015205383
-
START:  ON
END:    327.20261240005493
-
START:  OOMA
END:    328.3342740535736
-
START:  OPRX
END:    329.58310437202454
-
START:  ORA
END:    331.55609369277954
-
START:  ORCL
END:    333.5441493988037
-
START:  ORLY
END:    334.75652718544006
-
START:  ORMP
END:    335.95470809936523
-
START:  OTEX
END:    337.22144865989685
-
START:  PACB
END:    339.53466153144836
-
START:  PAG
END:    341.2115671634674
-
START:  PANW
END:    342.3516345024109
-
START:  PAR
END:    344.5713391304016
-
START:  PAYC
END:    345.5836112499237
-
START:  PAYX
END:    347.67226696014404
-
START:  PBD
END:    350.23898673057556
-
START:  PCTY
END:    352.4427316188812
-
START:  PEGA
END:    354.50318455696106
-
START:  PEN
END:    355.5060839653015
-
START:  PENN
END:    357.16695284843445
-
START:  PEP
END:    359.5427384376526
-
START:  PERI
END:    361.1642060279846
-
START:  PFSI
END:    363.0097134113312
-
START:  PGR
END:    365.227769613266
-
START:  PH
END:    367.18462562561035
-
START:  PHM
END:    369.3828206062317
-
START:  PKI
END:    371.67448472976685
-
START:  PLL
END:    372.67505073547363
-
START:  PLNT
END:    374.8919291496277
-
START:  PLUG
END:    377.22294902801514
-
START:  PLXS
END:    379.69226121902466
-
START:  PODD
END:    381.1588945388794
-
START:  POOL
END:    382.91054129600525
-
START:  POWI
END:    384.7133152484894
-
START:  PRFT
END:    386.0585587024689
-
START:  PRI
END:    387.6050419807434
-
START:  PRTA
END:    388.9678792953491
-
START:  PRTS
END:    390.072678565979
-
START:  PTSI
END:    391.91463470458984
-
START:  PWR
END:    393.96898770332336
-
START:  PYPL
END:    394.8895139694214
-
START:  QADA
Not Found: No data found, symbol may be delisted
START:  QCLN
END:    397.15554785728455
-
START:  QDEL
END:    399.9082443714142
-
START:  QGEN
END:    401.60678029060364
-
START:  QLYS
END:    402.83202505111694
-
START:  QQQ
END:    404.8067669868469
-
START:  QRVO
END:    406.16950511932373
-
START:  QTWO
END:    407.5298902988434
-
START:  RADA
END:    408.7925901412964
-
START:  RAMP
END:    410.44325590133667
-
START:  RBA
END:    413.05261516571045
-
START:  RCII
END:    415.2647268772125
-
START:  RCKY
END:    417.2215111255646
-
START:  RDNT
END:    418.75611782073975
-
START:  RDVT
END:    420.9333539009094
-
START:  RDWR
END:    423.80407762527466
-
START:  REGI
END:    425.01241540908813
-
START:  RENN
END:    426.2917535305023
-
START:  RGEN
END:    427.82452511787415
-
START:  RH
END:    429.1712188720703
-
START:  RILY
END:    431.5454971790314
-
START:  RIOT
END:    432.8623323440552
-
START:  RLI
END:    434.8919105529785
-
START:  RLMD
END:    436.14672327041626
-
START:  RMD
END:    438.12267327308655
-
START:  RNG
END:    439.2861840724945
-
START:  ROBO
END:    440.8090879917145
-
START:  ROCK
END:    442.5521168708801
-
START:  ROK
END:    444.76239228248596
-
START:  ROKU
END:    445.7641592025757
-
START:  ROL
END:    447.80517077445984
-
START:  ROP
END:    451.0750515460968
-
START:  ROST
END:    453.0152704715729
-
START:  RPD
END:    454.0687117576599
-
START:  RPM
END:    455.96386337280273
-
START:  RSG
END:    457.76026821136475
-
START:  RTH
END:    459.81173038482666
-
START:  RUN
END:    460.82222843170166
-
START:  RXI
END:    462.65474700927734
-
START:  SAIA
END:    464.19789242744446
-
START:  SAIC
END:    465.41620993614197
-
START:  SAM
END:    468.0003299713135
-
START:  SAVA
END:    470.4269688129425
-
START:  SCI
END:    472.18857073783875
-
START:  SCL
END:    474.15675950050354
-
START:  SE
END:    475.12647128105164
-
START:  SEAS
END:    476.55854964256287
-
START:  SEDG
END:    477.7874493598938
-
START:  SFBS
END:    479.4053702354431
-
START:  SGEN
END:    480.8583607673645
-
START:  SGMS
END:    482.17566990852356
-
START:  SGRY
END:    482.9242160320282
-
START:  SHOP
END:    484.0549805164337
-
START:  SHW
END:    485.6997148990631
-
START:  SHYF
END:    487.94494223594666
-
START:  SITE
END:    489.09118270874023
-
START:  SIVB
END:    490.8767509460449
-
START:  SJW
END:    493.15893054008484
-
START:  SKY
END:    494.57663583755493
-
START:  SLAB
END:    495.98327136039734
-
START:  SLP
END:    497.5179603099823
-
START:  SMH
END:    499.3277835845947
-
START:  SMTC
END:    500.8396866321564
-
START:  SNAP
END:    501.9381470680237
-
START:  SNPS
END:    503.7538547515869
-
START:  SOCL
END:    505.5389904975891
-
START:  SOXL
END:    505.85493087768555
-
START:  SPGI
END:    506.3203339576721
-
START:  SPLG
END:    506.70062923431396
-
START:  SPLK
END:    506.96764731407166
-
START:  SPNS
END:    507.371737241745
-
START:  SPSC
END:    508.6744313240051
-
START:  SPTM
END:    509.0921423435211
-
START:  SPWH
END:    510.31245589256287
-
START:  SPWR
END:    514.135374546051
-
START:  SPXC
END:    514.5581669807434
-
START:  SPXL
END:    514.9031226634979
-
START:  SPY
END:    515.3673343658447
-
START:  SPYG
END:    515.820814371109
-
START:  SQ
END:    516.0040028095245
-
START:  SSD
END:    516.4790716171265
-
START:  SSNC
END:    516.8084115982056
-
START:  SSTK
END:    517.0360646247864
-
START:  STAA
END:    517.413122177124
-
START:  STE
END:    517.8585486412048
-
START:  SUSA
END:    518.2323122024536
-
START:  SYK
END:    518.6952080726624
-
START:  SYNA
END:    519.080806016922
-
START:  TBBK
END:    519.4275798797607
-
START:  TBK
END:    520.6708602905273
-
START:  TDG
END:    522.0511343479156
-
START:  TDOC
END:    522.252610206604
-
START:  TDY
END:    522.6429722309113
-
START:  TEAM
END:    522.8903167247772
-
START:  TECH
END:    523.3336050510406
-
START:  TECL
END:    523.6682469844818
-
START:  TER
END:    524.1033053398132
-
START:  TFX
END:    524.5173909664154
-
START:  TGH
END:    524.8419511318207
-
START:  TGLS
END:    525.1048138141632
-
START:  TGT
END:    528.6099388599396
-
START:  TGTX
END:    528.8900344371796
-
START:  THC
END:    529.3085498809814
-
START:  TJX
END:    529.7650120258331
-
START:  TMO
END:    531.2295997142792
-
START:  TMUS
END:    531.5488674640656
-
START:  TNDM
END:    531.7579145431519
-
START:  TNET
END:    531.9623260498047
-
START:  TPX
END:    532.3366975784302
-
START:  TREX
END:    532.7383968830109
-
START:  TRI
END:    533.1632452011108
-
START:  TRIL
Not Found: No data found, symbol may be delisted
START:  TRMB
END:    533.5856683254242
-
START:  TRNS
END:    533.9864137172699
-
START:  TROW
END:    534.585729598999
-
START:  TRU
END:    534.8342473506927
-
START:  TRUP
END:    535.0280678272247
-
START:  TSCO
END:    536.4910552501678
-
START:  TSLA
END:    536.7635765075684
-
START:  TSM
END:    537.1658222675323
-
START:  TT
END:    537.6292381286621
-
START:  TTC
END:    538.1229054927826
-
START:  TTD
END:    538.3132877349854
-
START:  TTEC
END:    538.7027175426483
-
START:  TTEK
END:    539.1209218502045
-
START:  TTGT
END:    539.4848420619965
-
START:  TTWO
END:    539.8575692176819
-
START:  TWLO
END:    540.0298984050751
-
START:  TXN
END:    540.4796886444092
-
START:  TYL
END:    541.9126148223877
-
START:  UCTT
END:    542.246170759201
-
START:  UFPI
END:    542.7422311306
-
START:  UFPT
END:    543.1031193733215
-
START:  UI
END:    543.3725287914276
-
START:  UMC
END:    543.7974276542664
-
START:  UNF
END:    544.2523121833801
-
START:  UNH
END:    544.6876151561737
-
START:  UNP
END:    545.1653699874878
-
START:  UPLD
END:    545.3691215515137
-
START:  URI
END:    545.7405846118927
-
START:  V
END:    547.0906903743744
-
START:  VALU
END:    548.5723176002502
-
START:  VBK
END:    548.971667766571
-
START:  VCEL
END:    549.3749198913574
-
START:  VCR
END:    549.7818074226379
-
START:  VCTR
END:    549.9343719482422
-
START:  VCYT
END:    551.1746988296509
-
START:  VDC
END:    551.5640275478363
-
START:  VEEV
END:    551.7519142627716
-
START:  VERU
END:    552.1681025028229
-
START:  VGT
END:    552.5839407444
-
START:  VHT
END:    552.9734146595001
-
START:  VIAV
END:    553.344958782196
-
START:  VICR
END:    553.7922921180725
-
START:  VIG
END:    554.1552345752716
-
START:  VO
END:    555.563066482544
-
START:  VONE
END:    555.8565721511841
-
START:  VONG
END:    556.135899066925
-
START:  VOO
END:    556.4086682796478
-
START:  VOOG
END:    556.6846902370453
-
START:  VOOV
END:    557.9600989818573
-
START:  VOT
END:    558.3171365261078
-
START:  VPU
END:    558.7243700027466
-
START:  VRNS
END:    558.9479467868805
-
START:  VRSK
END:    559.240541934967
-
START:  VRSN
END:    559.6423976421356
-
START:  VRTV
END:    559.839723110199
-
START:  VSTO
END:    560.0503344535828
-
START:  VTHR
END:    560.3139288425446
-
START:  VTI
END:    560.7439658641815
-
START:  VTNR
END:    561.1250429153442
-
START:  VTWG
END:    562.4436619281769
-
START:  VUG
END:    562.9120087623596
-
START:  VV
END:    563.3468599319458
-
START:  VXF
END:    564.8447663784027
-
START:  WCN
END:    565.2738418579102
-
START:  WD
END:    565.5572566986084
-
START:  WDAY
END:    565.7823951244354
-
START:  WDFC
END:    566.241847038269
-
START:  WEC
END:    566.702733039856
-
START:  WEN
END:    567.133065700531
-
START:  WINA
END:    567.6260004043579
-
START:  WING
END:    567.856294631958
-
START:  WIRE
END:    568.3122317790985
-
START:  WIX
END:    568.5407254695892
-
START:  WK
END:    569.7631649971008
-
START:  WLTW
Not Found: No data found, symbol may be delisted
START:  WM
END:    570.276118516922
-
START:  WMS
END:    571.5150852203369
-
START:  WNS
END:    571.8715002536774
-
START:  WRB
END:    573.3808770179749
-
START:  WSC
END:    573.5610806941986
-
START:  WSM
END:    573.9838273525238
-
START:  WST
END:    574.4917562007904
-
START:  WTRG
END:    574.946756362915
-
START:  WTS
END:    577.2201662063599
-
START:  XEL
END:    579.1238601207733
-
START:  XENE
END:    580.5414502620697
-
START:  XLK
END:    582.1142883300781
-
START:  XLNX
Not Found: No data found, symbol may be delisted
START:  XLP
END:    584.5041677951813
-
START:  XLRN
Not Found: No data found, symbol may be delisted
START:  XLU
END:    587.548502445221
-
START:  XLV
END:    590.2806630134583
-
START:  XLY
END:    592.526624917984
-
START:  XYL
END:    594.3508489131927
-
START:  YNDX
END:    595.5230078697205
-
START:  YORW
END:    597.5691063404083
-
START:  YUM
END:    599.4450676441193
-
START:  Z
END:    600.2898781299591
-
START:  ZBRA
END:    602.2570879459381
-
START:  ZEN
END:    603.492335319519
-
START:  ZLAB
END:    604.6410865783691
-
START:  ZNGA
END:    606.9699177742004
-
START:  ZS
END:    607.9442400932312
-
START:  ZTS
END:    609.7099850177765
-
START:  ZYXI
END:    611.2311844825745
-
===========================
MACD golden cross
===========================
START:  code
START:  A
START:  AAON
START:  AAPL
START:  ABG
START:  ABT
START:  ACLS
START:  ACMR
START:  ACN
START:  ADBE
START:  ADI
START:  ADP
START:  ADSK
START:  ADUS
START:  AEE
START:  AGYS
START:  AIZ
START:  AJG
START:  AJRD
START:  ALB
START:  ALG
START:  ALGN
START:  ALLE
START:  ALTR
START:  AMAT
START:  AMBA
START:  AMD
START:  AME
START:  AMED
START:  AMEH
START:  AMGN
START:  AMN
START:  AMP
START:  AMRC
START:  AMSWA
START:  AMTX
START:  AMZN
START:  AN
START:  ANSS
START:  ANTM
START:  AON
START:  AOSL
START:  APD
START:  APH
START:  APPF
START:  APPN
START:  APPS
START:  AQN
START:  ARCB
START:  ARCT
START:  ARES
START:  ARGX
START:  ARWR
START:  ASML
START:  ASPN
START:  ATEC
START:  ATEN
START:  ATKR
START:  ATOM
START:  ATR
START:  ATRC
START:  AUDC
START:  AUPH
START:  AVAV
START:  AVGO
START:  AVID
START:  AVNW
START:  AVXL
START:  AVY
START:  AWK
START:  AWR
START:  AXON
START:  AZO
START:  AZPN
START:  BAH
START:  BAM
START:  BAX
START:  BBH
START:  BBQ
START:  BBY
START:  BCPC
START:  BDX
START:  BEEM
START:  BFAM
START:  BFC
START:  BGFV
START:  BGNE
START:  BHVN
START:  BIO
START:  BL
START:  BLD
START:  BLDP
START:  BLDR
START:  BLFS
START:  BLK
START:  BLL
START:  BLNK
START:  BMI
START:  BOOT
START:  BOTZ
START:  BR
START:  BRKR
START:  BRKS
START:  BRO
START:  BURL
START:  BX
START:  CABO
START:  CACI
START:  CALX
START:  CAMT
START:  CAR
START:  CBRE
START:  CBSH
START:  CBZ
START:  CCOI
START:  CCS
START:  CDMO
START:  CDNA
START:  CDNS
START:  CDW
START:  CELH
START:  CGNX
START:  CHD
START:  CHDN
START:  CHE
START:  CHGG
START:  CHH
START:  CHKP
START:  CHTR
START:  CIEN
START:  CLAR
START:  CLFD
START:  CLGN
START:  CLNE
START:  CLPT
START:  CLX
START:  CMCSA
START:  CMG
START:  CMS
START:  CNC
START:  CNI
START:  CNMD
START:  CNS
START:  CNXN
START:  COO
START:  COST
START:  COUP
START:  COWN
START:  CP
START:  CPK
START:  CPRT
START:  CPSH
START:  CRAI
START:  CREE
START:  CRL
START:  CRM
START:  CRMT
START:  CROX
START:  CRSP
START:  CRVL
START:  CSGP
START:  CSL
START:  CSWI
START:  CSX
START:  CTAS
START:  CTLT
START:  CTRN
START:  CURE
START:  CVCO
START:  CVNA
START:  CWST
START:  CWT
START:  CXSE
START:  CYBR
START:  CYRX
START:  CYTK
START:  DAC
START:  DAR
START:  DAVA
START:  DDS
START:  DE
START:  DECK
START:  DELL
START:  DFIN
START:  DG
START:  DGRW
START:  DHI
START:  DHR
START:  DIA
START:  DIOD
START:  DIS
START:  DKS
START:  DLN
START:  DNLI
START:  DOMO
START:  DOV
START:  DPZ
START:  DQ
START:  DRD
START:  DRIO
START:  DRNA
START:  DSGX
START:  DVAX
START:  DXCM
START:  ECL
START:  EFX
START:  EGAN
START:  EHC
START:  EL
START:  ENPH
START:  ENSG
START:  ENTG
START:  ENV
START:  EPAM
START:  ERIE
START:  ES
START:  ESE
START:  ETN
START:  ETSY
START:  EVBG
START:  EVTC
START:  EW
START:  EWT
START:  EXAS
START:  EXLS
START:  EXPD
START:  EXPI
START:  EXPO
START:  FAST
START:  FATE
START:  FB
START:  FCN
START:  FCX
START:  FDN
START:  FDS
START:  FELE
START:  FFIN
START:  FICO
START:  FINX
START:  FIS
START:  FISV
START:  FIVE
START:  FIVN
START:  FLGT
START:  FLT
START:  FLWS
START:  FN
START:  FND
START:  FNV
START:  FORM
START:  FOXF
START:  FPX
START:  FRC
START:  FRHC
START:  FRPT
START:  FSS
START:  FTNT
START:  FUV
START:  GDEN
START:  GFI
START:  GGG
START:  GIB
START:  GLDD
START:  GLOB
START:  GMAB
START:  GME
START:  GMED
START:  GNRC
START:  GNSS
START:  GNTX
START:  GOLF
START:  GOOG
START:  GOOGL
START:  GPI
START:  GPN
START:  GRBK
START:  GRMN
START:  GRVY
START:  GRWG
START:  GWRE
START:  HACK
START:  HALO
START:  HCI
START:  HD
START:  HEI
START:  HELE
START:  HIBB
START:  HLI
START:  HLT
START:  HOLX
START:  HON
START:  HOV
START:  HRC
START:  HRI
START:  HSKA
START:  HTHT
START:  HUBS
START:  HUM
START:  HZNP
START:  IAC
START:  IBP
START:  ICE
START:  ICLN
START:  ICLR
START:  IDT
START:  IDXX
START:  IESC
START:  IEX
START:  ILMN
START:  INFO
START:  INOV
START:  INSP
START:  INTC
START:  INTU
START:  INTZ
START:  INVE
START:  IOO
START:  IQV
START:  IRDM
START:  IRMD
START:  ISEE
START:  ISRG
START:  IT
START:  ITT
START:  ITW
START:  IVOG
START:  IVV
START:  IXJ
START:  IXN
START:  J
START:  JBL
START:  JBSS
START:  JD
START:  JKHY
START:  JKS
START:  JNJ
START:  JOE
START:  JOUT
START:  JYNT
START:  KAI
START:  KBH
START:  KBR
START:  KDMN
START:  KEYS
START:  KLAC
START:  KLIC
START:  KMX
START:  KNSL
START:  KOPN
START:  KOSS
START:  KRNT
START:  KSU
START:  KTOS
START:  LAC
START:  LAD
START:  LANC
START:  LAWS
START:  LDOS
START:  LFMD
START:  LGIH
START:  LH
START:  LHCG
START:  LHX
START:  LII
START:  LIN
START:  LINC
START:  LIT
START:  LLY
START:  LMT
START:  LNT
START:  LOB
START:  LOGI
START:  LOVE
START:  LOW
START:  LPLA
START:  LPSN
START:  LQDT
START:  LRCX
START:  LSCC
START:  LSTR
START:  LULU
START:  LUNA
START:  MA
START:  MANH
START:  MANT
START:  MARA
START:  MASI
START:  MATX
START:  MBUU
START:  MCD
START:  MCHP
START:  MCO
START:  MDB
START:  MDT
START:  MEDP
START:  MEDS
START:  MELI
START:  MGC
START:  MGIC
START:  MGK
START:  MGNI
START:  MHO
START:  MIME
START:  MITK
START:  MKC
START:  MKSI
START:  MKTX
START:  MLAB
START:  MLR
START:  MMC
START:  MMS
START:  MNMD
START:  MNST
START:  MODN
START:  MODV
START:  MOH
START:  MORN
START:  MPWR
START:  MRTX
START:  MRVL
START:  MS
START:  MSA
START:  MSCI
START:  MSEX
START:  MSFT
START:  MSI
START:  MSTR
START:  MTBC
START:  MTCH
START:  MTD
START:  MTEX
START:  MTH
START:  MTLS
START:  MTSI
START:  MU
START:  MUSA
START:  MVIS
START:  MXL
START:  MYRG
START:  NBIX
START:  NCBS
START:  NDAQ
START:  NDSN
START:  NEE
START:  NEO
START:  NEOG
START:  NFLX
START:  NICE
START:  NISN
START:  NKE
START:  NOVT
START:  NOW
START:  NSC
START:  NSIT
START:  NSSC
START:  NSTG
START:  NTLA
START:  NTRA
START:  NUAN
START:  NVCR
START:  NVDA
START:  NVMI
START:  NVO
START:  NVR
START:  NXST
START:  NYT
START:  OBCI
START:  ODFL
START:  OEF
START:  OFLX
START:  OLED
START:  OMCL
START:  ON
START:  OOMA
START:  OPRX
START:  ORA
START:  ORCL
START:  ORLY
START:  ORMP
START:  OTEX
START:  PACB
START:  PAG
START:  PANW
START:  PAR
START:  PAYC
START:  PAYX
START:  PBD
START:  PCTY
START:  PEGA
START:  PEN
START:  PENN
START:  PEP
START:  PERI
START:  PFSI
START:  PGR
START:  PH
START:  PHM
START:  PKI
START:  PLL
START:  PLNT
START:  PLUG
START:  PLXS
START:  PODD
START:  POOL
START:  POWI
START:  PRFT
START:  PRI
START:  PRTA
START:  PRTS
START:  PTSI
START:  PWR
START:  PYPL
START:  QADA
START:  QCLN
START:  QDEL
START:  QGEN
START:  QLYS
START:  QQQ
START:  QRVO
START:  QTWO
START:  RADA
START:  RAMP
START:  RBA
START:  RCII
START:  RCKY
START:  RDNT
START:  RDVT
START:  RDWR
START:  REGI
START:  RENN
START:  RGEN
START:  RH
START:  RILY
START:  RIOT
START:  RLI
START:  RLMD
START:  RMD
START:  RNG
START:  ROBO
START:  ROCK
START:  ROK
START:  ROKU
START:  ROL
START:  ROP
START:  ROST
START:  RPD
START:  RPM
START:  RSG
START:  RTH
START:  RUN
START:  RXI
START:  SAIA
START:  SAIC
START:  SAM
START:  SAVA
START:  SCI
START:  SCL
START:  SE
START:  SEAS
START:  SEDG
START:  SFBS
START:  SGEN
START:  SGMS
START:  SGRY
START:  SHOP
START:  SHW
START:  SHYF
START:  SITE
START:  SIVB
START:  SJW
START:  SKY
START:  SLAB
START:  SLP
START:  SMH
START:  SMTC
START:  SNAP
START:  SNPS
START:  SOCL
START:  SOXL
START:  SPGI
START:  SPLG
START:  SPLK
START:  SPNS
START:  SPSC
START:  SPTM
START:  SPWH
START:  SPWR
START:  SPXC
START:  SPXL
START:  SPY
START:  SPYG
START:  SQ
START:  SSD
START:  SSNC
START:  SSTK
START:  STAA
START:  STE
START:  SUSA
START:  SYK
START:  SYNA
START:  TBBK
START:  TBK
START:  TDG
START:  TDOC
START:  TDY
START:  TEAM
START:  TECH
START:  TECL
START:  TER
START:  TFX
START:  TGH
START:  TGLS
START:  TGT
START:  TGTX
START:  THC
START:  TJX
START:  TMO
START:  TMUS
START:  TNDM
START:  TNET
START:  TPX
START:  TREX
START:  TRI
START:  TRIL
START:  TRMB
START:  TRNS
START:  TROW
START:  TRU
START:  TRUP
START:  TSCO
START:  TSLA
START:  TSM
START:  TT
START:  TTC
START:  TTD
START:  TTEC
START:  TTEK
START:  TTGT
START:  TTWO
START:  TWLO
START:  TXN
START:  TYL
START:  UCTT
START:  UFPI
START:  UFPT
START:  UI
START:  UMC
START:  UNF
START:  UNH
START:  UNP
START:  UPLD
START:  URI
START:  V
START:  VALU
START:  VBK
START:  VCEL
START:  VCR
START:  VCTR
START:  VCYT
START:  VDC
START:  VEEV
START:  VERU
START:  VGT
START:  VHT
START:  VIAV
START:  VICR
START:  VIG
START:  VO
START:  VONE
START:  VONG
START:  VOO
START:  VOOG
START:  VOOV
START:  VOT
START:  VPU
START:  VRNS
START:  VRSK
START:  VRSN
START:  VRTV
START:  VSTO
START:  VTHR
START:  VTI
START:  VTNR
START:  VTWG
START:  VUG
START:  VV
START:  VXF
START:  WCN
START:  WD
START:  WDAY
START:  WDFC
START:  WEC
START:  WEN
START:  WINA
START:  WING
START:  WIRE
START:  WIX
START:  WK
START:  WLTW
START:  WM
START:  WMS
START:  WNS
START:  WRB
START:  WSC
START:  WSM
START:  WST
START:  WTRG
START:  WTS
START:  XEL
START:  XENE
START:  XLK
START:  XLNX
START:  XLP
START:  XLRN
START:  XLU
START:  XLV
START:  XLY
START:  XYL
START:  YNDX
START:  YORW
START:  YUM
START:  Z
START:  ZBRA
START:  ZEN
START:  ZLAB
START:  ZNGA
START:  ZS
START:  ZTS
START:  ZYXI
==== MACD golden cross ====
None
code: AMGN     day: macd + hist + hist_1pre + ,  Week: macd + hist + hist_1pre - , Month: macd + hist + hist_1pre + , 
Trade --> code: AMGN   BUY: 2004-10-31   56.80 SELL: 2007-03-31   55.88  macd:   -0.22 macd_count:  29 profit:  0.98
Trade --> code: AMGN   BUY: 2009-09-30   60.23 SELL: 2009-10-31   53.62  macd:   -0.06 macd_count:   1 profit:  0.89
Trade --> code: AMGN   BUY: 2009-11-30   56.35 SELL: 2010-06-30   52.60  macd:   -0.13 macd_count:   7 profit:  0.93
Trade --> code: AMGN   BUY: 2011-05-31   60.54 SELL: 2022-05-31  255.26  macd:    4.33 macd_count: 133 profit:  4.22

code: AVAV     day: macd + hist + hist_1pre + ,  Week: macd + hist + hist_1pre - , Month: macd + hist - hist_1pre - , 
Trade --> code: AVAV   BUY: 2009-05-31   27.92 SELL: 2010-06-30   21.73  macd:   -0.19 macd_count:  13 profit:  0.78
Trade --> code: AVAV   BUY: 2011-03-31   34.97 SELL: 2012-05-31   22.28  macd:   -0.36 macd_count:  14 profit:  0.64
Trade --> code: AVAV   BUY: 2013-12-31   29.14 SELL: 2015-05-31   25.85  macd:   -0.10 macd_count:  17 profit:  0.89
Trade --> code: AVAV   BUY: 2016-05-31   28.81 SELL: 2016-08-31   24.74  macd:   -0.00 macd_count:   3 profit:  0.86
Trade --> code: AVAV   BUY: 2017-03-31   28.03 SELL: 2022-02-28   71.05  macd:   -0.43 macd_count:  59 profit:  2.53
Trade --> code: AVAV   BUY: 2022-03-31   94.14 SELL: 2022-05-31   95.99  macd:    1.23 macd_count:   3 profit:  1.02

code: DAR      day: macd + hist + hist_1pre + ,  Week: macd + hist + hist_1pre - , Month: macd + hist - hist_1pre - , 
Trade --> code: DAR    BUY: 2004-10-31    3.91 SELL: 2009-01-31    4.59  macd:   -0.08 macd_count:  51 profit:  1.17
Trade --> code: DAR    BUY: 2010-10-31   10.01 SELL: 2015-02-28   17.42  macd:   -0.03 macd_count:  52 profit:  1.74
Trade --> code: DAR    BUY: 2017-06-30   15.74 SELL: 2022-05-31   81.66  macd:    9.39 macd_count:  60 profit:  5.19

code: ENPH     day: macd + hist + hist_1pre + ,  Week: macd + hist + hist_1pre - , Month: macd + hist - hist_1pre - , 
Trade --> code: ENPH   BUY: 2014-07-31   10.30 SELL: 2015-09-30    3.70  macd:   -0.34 macd_count:  14 profit:  0.36
Trade --> code: ENPH   BUY: 2018-05-31    5.73 SELL: 2022-05-31  188.95  macd:   24.67 macd_count:  49 profit: 32.98

code: HUM      day: macd + hist + hist_1pre + ,  Week: macd + hist + hist_1pre - , Month: macd + hist - hist_1pre - , 
Trade --> code: HUM    BUY: 2004-10-31   19.15 SELL: 2008-07-31   43.91  macd:   -0.99 macd_count:  45 profit:  2.29
Trade --> code: HUM    BUY: 2010-05-31   46.05 SELL: 2022-05-31  461.21  macd:   20.37 macd_count: 145 profit: 10.02

code: LLY      day: macd + hist + hist_1pre + ,  Week: macd + hist + hist_1pre - , Month: macd + hist + hist_1pre + , 
Trade --> code: LLY    BUY: 2004-10-31   54.91 SELL: 2004-12-31   56.75  macd:   -0.19 macd_count:   2 profit:  1.03
Trade --> code: LLY    BUY: 2011-11-30   37.85 SELL: 2022-05-31  323.48  macd:   34.44 macd_count: 127 profit:  8.55

code: LNT      day: macd + hist + hist_1pre + ,  Week: macd + hist + hist_1pre - , Month: macd + hist + hist_1pre + , 
Trade --> code: LNT    BUY: 2004-10-31   13.19 SELL: 2008-08-31   17.48  macd:   -0.02 macd_count:  46 profit:  1.32
Trade --> code: LNT    BUY: 2010-06-30   15.87 SELL: 2022-05-31   63.78  macd:    2.53 macd_count: 144 profit:  4.02

code: NUAN     day: macd + hist + hist_1pre + ,  Week: macd + hist + hist_1pre - , Month: macd + hist - hist_1pre - , 
Trade --> code: NUAN   BUY: 2005-11-30    5.38 SELL: 2008-11-30    7.94  macd:   -0.13 macd_count:  36 profit:  1.48
Trade --> code: NUAN   BUY: 2009-12-31   13.44 SELL: 2013-05-31   16.44  macd:   -0.10 macd_count:  41 profit:  1.22
Trade --> code: NUAN   BUY: 2015-11-30   18.11 SELL: 2016-07-31   13.90  macd:   -0.05 macd_count:   8 profit:  0.77
Trade --> code: NUAN   BUY: 2017-05-31   16.01 SELL: 2017-09-30   13.60  macd:   -0.04 macd_count:   4 profit:  0.85
Trade --> code: NUAN   BUY: 2019-04-30   14.56 SELL: 2022-03-31   55.99  macd:    7.14 macd_count:  36 profit:  3.85

code: ORA      day: macd + hist + hist_1pre + ,  Week: macd + hist + hist_1pre - , Month: macd + hist + hist_1pre + , 
Trade --> code: ORA    BUY: 2007-03-31   41.96 SELL: 2008-12-31   31.87  macd:   -0.42 macd_count:  21 profit:  0.76
Trade --> code: ORA    BUY: 2009-11-30   41.17 SELL: 2010-01-31   34.42  macd:   -0.25 macd_count:   2 profit:  0.84
Trade --> code: ORA    BUY: 2013-08-31   25.07 SELL: 2022-05-31   84.52  macd:    2.09 macd_count: 106 profit:  3.37

code: PGR      day: macd + hist + hist_1pre + ,  Week: macd + hist + hist_1pre - , Month: macd + hist + hist_1pre + , 
Trade --> code: PGR    BUY: 2004-10-31   23.39 SELL: 2007-03-31   21.82  macd:   -0.04 macd_count:  29 profit:  0.93
Trade --> code: PGR    BUY: 2010-04-30   20.09 SELL: 2022-05-31  120.34  macd:    7.32 macd_count: 146 profit:  5.99

code: RSG      day: macd + hist + hist_1pre + ,  Week: macd + hist + hist_1pre - , Month: macd + hist + hist_1pre + , 
Trade --> code: RSG    BUY: 2004-10-31   20.53 SELL: 2008-11-30   24.00  macd:   -0.04 macd_count:  49 profit:  1.17
Trade --> code: RSG    BUY: 2010-03-31   29.02 SELL: 2012-05-31   26.36  macd:   -0.17 macd_count:  26 profit:  0.91
Trade --> code: RSG    BUY: 2013-01-31   31.89 SELL: 2022-05-31  136.87  macd:   10.90 macd_count: 113 profit:  4.29

code: SLP      day: macd - hist + hist_1pre + ,  Week: macd + hist + hist_1pre - , Month: macd - hist - hist_1pre - , 
Trade --> code: SLP    BUY: 2004-10-31    1.15 SELL: 2008-06-30    1.70  macd:   -0.09 macd_count:  44 profit:  1.48
Trade --> code: SLP    BUY: 2010-06-30    2.42 SELL: 2022-02-28   39.39  macd:   -0.27 macd_count: 140 profit: 16.28

code: TMUS     day: macd + hist + hist_1pre + ,  Week: macd + hist + hist_1pre - , Month: macd + hist - hist_1pre - , 
Trade --> code: TMUS   BUY: 2011-04-30   33.66 SELL: 2011-10-31   17.00  macd:   -0.48 macd_count:   6 profit:  0.51
Trade --> code: TMUS   BUY: 2013-06-30   24.81 SELL: 2022-05-31  134.11  macd:    5.75 macd_count: 108 profit:  5.41

