Wed Nov 22 13:49:24 UTC 2023
arg[0]: scraping/yahoo-finace-api2.py, arg[1]: stock-code-list/buy-list.txt
===========================
scraping
===========================
START:  AAPL
END:    0.3598766326904297
-
START:  EL
END:    0.6609194278717041
-
START:  NEE
END:    0.9896464347839355
-
START:  AMD
END:    1.2891359329223633
-
START:  APH
END:    1.5803296566009521
-
START:  XLP
END:    1.873708963394165
-
START:  SPXL
END:    2.0918102264404297
-
START:  KEYS
END:    2.270981550216675
-
START:  VDC
END:    2.559152364730835
-
START:  SPTM
END:    2.8580524921417236
-
START:  SPLG
END:    3.159853458404541
-
START:  CROX
END:    3.38275408744812
-
START:  AXON
END:    3.6623589992523193
-
START:  AWR
END:    3.9516727924346924
-
START:  FN
END:    4.135373830795288
-
START:  NXST
END:    4.431906700134277
-
START:  TREX
END:    4.6919615268707275
-
START:  RGEN
END:    4.931731700897217
-
START:  EXPO
END:    5.188385248184204
-
START:  BCPC
END:    5.499653339385986
-
START:  SOXL
END:    5.774931907653809
-
START:  TECL
END:    6.017407417297363
-
START:  NEO
END:    7.290132284164429
-
START:  NVMI
END:    7.553928375244141
-
START:  NVDA
END:    7.8374924659729
-
START:  BBDC
END:    8.096412181854248
-
START:  APPS
END:    8.31636643409729
-
START:  ROK
END:    8.691969633102417
-
START:  NHTC
END:    8.974276542663574
-
START:  ZYXI
END:    9.229808807373047
-
START:  LIT
END:    10.54366159439087
-
START:  LLY
END:    10.90110731124878
-
START:  GTLB
END:    11.002788066864014
-
START:  MCD
END:    11.361170530319214
-
START:  MSI
END:    11.72789978981018
-
START:  HCP
END:    11.827358722686768
-
START:  ON
END:    12.072294473648071
-
===========================
MACD sell
===========================
START:  AAPL
START:  EL
START:  NEE
START:  AMD
START:  APH
START:  XLP
START:  SPXL
START:  KEYS
START:  VDC
START:  SPTM
START:  SPLG
START:  CROX
START:  AXON
START:  AWR
START:  FN
START:  NXST
START:  TREX
START:  RGEN
START:  EXPO
START:  BCPC
START:  SOXL
START:  TECL
START:  NEO
START:  NVMI
START:  NVDA
START:  BBDC
START:  APPS
START:  ROK
START:  NHTC
START:  ZYXI
START:  LIT
START:  LLY
START:  GTLB
START:  MCD
START:  MSI
START:  HCP
START:  ON
==== MACD list ====
code: AAPL     day: macd + hist + ,  Week: macd + hist + , Month: macd + hist + , 
code: EL       day: macd - hist + ,  Week: macd - hist + , Month: macd - hist - , 
code: NEE      day: macd + hist + ,  Week: macd - hist + , Month: macd - hist - , 
code: AMD      day: macd + hist + ,  Week: macd + hist + , Month: macd + hist + , 
code: APH      day: macd + hist + ,  Week: macd + hist + , Month: macd + hist + , 
code: XLP      day: macd + hist + ,  Week: macd - hist + , Month: macd + hist - , 
code: SPXL     day: macd + hist + ,  Week: macd + hist + , Month: macd - hist + , 
code: KEYS     day: macd + hist + ,  Week: macd - hist + , Month: macd - hist - , 
code: VDC      day: macd + hist + ,  Week: macd - hist + , Month: macd + hist - , 
code: SPTM     day: macd + hist + ,  Week: macd + hist + , Month: macd + hist + , 
code: SPLG     day: macd + hist + ,  Week: macd + hist + , Month: macd + hist + , 
code: CROX     day: macd + hist + ,  Week: macd - hist + , Month: macd + hist - , 
code: AXON     day: macd + hist + ,  Week: macd + hist + , Month: macd + hist + , 
code: AWR      day: macd + hist + ,  Week: macd - hist + , Month: macd - hist - , 
code: FN       day: macd + hist + ,  Week: macd + hist - , Month: macd + hist + , 
code: NXST     day: macd + hist + ,  Week: macd - hist + , Month: macd + hist - , 
code: TREX     day: macd + hist + ,  Week: macd + hist + , Month: macd - hist + , 
code: RGEN     day: macd + hist + ,  Week: macd - hist + , Month: macd - hist - , 
code: EXPO     day: macd - hist + ,  Week: macd - hist - , Month: macd - hist - , 
code: BCPC     day: macd - hist + ,  Week: macd - hist - , Month: macd - hist - , 
code: SOXL     day: macd + hist + ,  Week: macd + hist + , Month: macd - hist + , 
code: TECL     day: macd + hist + ,  Week: macd + hist + , Month: macd + hist + , 
code: NEO      day: macd + hist + ,  Week: macd + hist + , Month: macd - hist + , 
code: NVMI     day: macd + hist + ,  Week: macd + hist + , Month: macd + hist + , 
code: NVDA     day: macd + hist + ,  Week: macd + hist + , Month: macd + hist + , 
code: BBDC     day: macd + hist - ,  Week: macd + hist - , Month: macd - hist + , 
code: APPS     day: macd - hist + ,  Week: macd - hist + , Month: macd - hist - , 
code: ROK      day: macd - hist + ,  Week: macd - hist - , Month: macd + hist - , 
code: NHTC     day: macd - hist - ,  Week: macd + hist - , Month: macd - hist + , 
code: ZYXI     day: macd + hist - ,  Week: macd - hist + , Month: macd - hist - , 
code: LIT      day: macd - hist + ,  Week: macd - hist + , Month: macd - hist - , 
code: LLY      day: macd + hist - ,  Week: macd + hist - , Month: macd + hist + , 
code: GTLB     day: macd + hist + ,  Week: macd + hist + , Month: macd + hist + , 
code: MCD      day: macd + hist + ,  Week: macd - hist + , Month: macd + hist - , 
code: MSI      day: macd + hist + ,  Week: macd + hist + , Month: macd + hist + , 
code: HCP      day: macd - hist + ,  Week: macd - hist + , Month: macd + hist + , 
code: ON       day: macd - hist + ,  Week: macd - hist - , Month: macd + hist - , 
==== MACD sell list ====
code: EL       day: macd - hist + ,  Week: macd - hist + , Month: macd - hist - , 
code: NEE      day: macd + hist + ,  Week: macd - hist + , Month: macd - hist - , 
code: XLP      day: macd + hist + ,  Week: macd - hist + , Month: macd + hist - , 
code: KEYS     day: macd + hist + ,  Week: macd - hist + , Month: macd - hist - , 
code: VDC      day: macd + hist + ,  Week: macd - hist + , Month: macd + hist - , 
code: CROX     day: macd + hist + ,  Week: macd - hist + , Month: macd + hist - , 
code: AWR      day: macd + hist + ,  Week: macd - hist + , Month: macd - hist - , 
code: FN       day: macd + hist + ,  Week: macd + hist - , 
code: NXST     day: macd + hist + ,  Week: macd - hist + , Month: macd + hist - , 
code: RGEN     day: macd + hist + ,  Week: macd - hist + , Month: macd - hist - , 
code: EXPO     day: macd - hist + ,  Week: macd - hist - , 
code: EXPO     day: macd - hist + ,  Week: macd - hist - , Month: macd - hist - , 
code: BCPC     day: macd - hist + ,  Week: macd - hist - , 
code: BCPC     day: macd - hist + ,  Week: macd - hist - , Month: macd - hist - , 
code: BBDC     day: macd + hist - , 
code: BBDC     day: macd + hist - ,  Week: macd + hist - , 
code: APPS     day: macd - hist + ,  Week: macd - hist + , Month: macd - hist - , 
code: ROK      day: macd - hist + ,  Week: macd - hist - , 
code: ROK      day: macd - hist + ,  Week: macd - hist - , Month: macd + hist - , 
code: NHTC     day: macd - hist - , 
code: NHTC     day: macd - hist - ,  Week: macd + hist - , 
code: ZYXI     day: macd + hist - , 
code: ZYXI     day: macd + hist - ,  Week: macd - hist + , Month: macd - hist - , 
code: LIT      day: macd - hist + ,  Week: macd - hist + , Month: macd - hist - , 
code: LLY      day: macd + hist - , 
code: LLY      day: macd + hist - ,  Week: macd + hist - , 
code: MCD      day: macd + hist + ,  Week: macd - hist + , Month: macd + hist - , 
code: ON       day: macd - hist + ,  Week: macd - hist - , 
code: ON       day: macd - hist + ,  Week: macd - hist - , Month: macd + hist - , 
===========================
profit
===========================
==== plus ====
AXON , macd +, macd hist +, profit:  [90.27], per:  [65.34], now: [228.42], buy: [138.15]
FN   , macd +, macd hist +, profit:  [48.82], per:  [41.78], now: [165.68], buy: [116.86]
NEO  , macd +, macd hist +, profit:   [1.34], per:   [7.51], now:  [19.18], buy:  [17.84]
NVMI , macd +, macd hist +, profit:   [8.22], per:   [7.17], now: [122.87], buy: [114.65]
NVDA , macd +, macd hist +, profit: [243.77], per:  [95.35], now: [499.44], buy: [255.67]
ZYXI , macd +, macd hist -, profit:   [2.58], per:  [40.57], now:   [8.94], buy:   [6.36]
LLY  , macd +, macd hist -, profit:  [321.6], per: [118.67], now:  [592.6], buy:   [271.]
MCD  , macd +, macd hist +, profit:  [27.01], per:  [10.66], now: [280.47], buy: [253.46]
MSI  , macd +, macd hist +, profit:  [68.58], per:  [27.28], now: [319.99], buy: [251.41]
ON   , macd -, macd hist +, profit:   [8.53], per:  [14.25], now:  [68.39], buy:  [59.86]
-
     plus  len:  10
     profit: [820.72], per: [428.57], per/len(p):  [42.86], per/len(p+m):  [11.58]
-
==== minus ====
AAPL , macd +, macd hist +, profit:       [], per:       [], now: [190.64], buy:       []
EL   , macd -, macd hist +, profit: [-219.6], per: [-64.64], now: [120.15], buy: [339.75]
NEE  , macd +, macd hist +, profit: [-27.35], per: [-32.05], now:  [57.98], buy:  [85.33]
AMD  , macd +, macd hist +, profit:  [-1.07], per:  [-0.89], now: [119.16], buy: [120.23]
APH  , macd +, macd hist +, profit:       [], per:       [], now:  [89.67], buy:       []
XLP  , macd +, macd hist +, profit:  [-2.93], per:  [-4.04], now:  [69.65], buy:  [72.58]
SPXL , macd +, macd hist +, profit: [-39.49], per: [-30.32], now:  [90.74], buy: [130.23]
KEYS , macd +, macd hist +, profit:  [-51.5], per: [-27.68], now: [134.56], buy: [186.06]
VDC  , macd +, macd hist +, profit:  [-5.45], per:  [-2.88], now: [184.08], buy: [189.53]
SPTM , macd +, macd hist +, profit:   [-1.1], per:  [-1.94], now:  [55.48], buy:  [56.58]
SPLG , macd +, macd hist +, profit:  [-0.67], per:  [-1.24], now:  [53.32], buy:  [53.99]
CROX , macd +, macd hist +, profit: [-84.82], per: [-47.81], now:   [92.6], buy: [177.42]
AWR  , macd +, macd hist +, profit:       [], per:       [], now:  [79.21], buy:       []
NXST , macd +, macd hist +, profit: [-12.86], per:  [-7.91], now: [149.64], buy:  [162.5]
TREX , macd +, macd hist +, profit:  [-2.42], per:  [-3.46], now:  [67.58], buy:    [70.]
RGEN , macd +, macd hist +, profit: [-22.66], per: [-12.61], now:   [157.], buy: [179.66]
EXPO , macd -, macd hist +, profit: [-22.66], per: [-22.41], now:  [78.45], buy: [101.11]
BCPC , macd -, macd hist +, profit: [-14.87], per: [-10.85], now: [122.21], buy: [137.08]
SOXL , macd +, macd hist +, profit: [-19.25], per: [-45.74], now:  [22.84], buy:  [42.09]
TECL , macd +, macd hist +, profit:  [-1.82], per:    [-3.], now:  [58.92], buy:  [60.74]
BBDC , macd +, macd hist -, profit:  [-1.65], per: [-15.57], now:   [8.95], buy:   [10.6]
APPS , macd -, macd hist +, profit: [-38.66], per: [-88.53], now:   [5.01], buy:  [43.67]
ROK  , macd -, macd hist +, profit:  [-72.5], per: [-21.21], now: [269.39], buy: [341.89]
NHTC , macd -, macd hist -, profit:  [-1.81], per: [-25.24], now:   [5.36], buy:   [7.17]
LIT  , macd -, macd hist +, profit: [-42.47], per: [-46.21], now:  [49.44], buy:  [91.91]
GTLB , macd +, macd hist +, profit:  [-6.61], per: [-12.53], now:  [46.15], buy:  [52.76]
HCP  , macd -, macd hist +, profit: [-33.13], per: [-61.01], now:  [21.17], buy:   [54.3]
-
     minus len:  27
     profit:       [], per:       [], per/len(m):       [], per/len(p+m):       []
-
==== total ====
     profit:       [], per:       [], per/len(p+m):       []
arg[0]: scraping/yahoo-finace-api2.py, arg[1]: stock-code-list/up-month.txt
===========================
scraping
===========================
START:  A
END:    0.29924488067626953
-
START:  AAON
END:    0.6017799377441406
-
START:  AAPL
END:    0.9634544849395752
-
START:  ABG
END:    1.2071998119354248
-
START:  ABT
END:    1.559680700302124
-
START:  ACLS
END:    1.8807618618011475
-
START:  ACMR
END:    2.031062364578247
-
START:  ACN
END:    2.3210229873657227
-
START:  ADBE
END:    2.611640214920044
-
START:  ADI
END:    2.8795788288116455
-
START:  ADP
END:    3.215965986251831
-
START:  ADSK
END:    3.5045716762542725
-
START:  ADUS
END:    3.7524523735046387
-
START:  AEE
END:    4.067384958267212
-
START:  AGYS
END:    4.347985744476318
-
START:  AIZ
END:    4.633818626403809
-
START:  AJG
END:    4.978883743286133
-
START:  AJRD
Not Found: No data found, symbol may be delisted
START:  ALB
END:    5.374035120010376
-
START:  ALG
END:    5.664941787719727
-
START:  ALGN
END:    5.904421806335449
-
START:  ALLE
END:    6.09183931350708
-
START:  ALTR
END:    7.265244722366333
-
START:  AMAT
END:    7.545823574066162
-
START:  AMBA
END:    7.737294912338257
-
START:  AMD
END:    7.998284816741943
-
START:  AME
END:    9.32780122756958
-
START:  AMED
END:    9.565783977508545
-
START:  AMEH
END:    9.768662929534912
-
START:  AMGN
END:    10.112803936004639
-
START:  AMN
END:    10.404560327529907
-
START:  AMP
END:    10.649999141693115
-
START:  AMRC
END:    10.855442523956299
-
START:  AMSWA
END:    11.181288480758667
-
START:  AMTX
END:    11.40952730178833
-
START:  AMZN
END:    12.78070592880249
-
START:  AN
END:    13.022384643554688
-
START:  ANSS
END:    14.291268587112427
-
START:  ANTM
Not Found: No data found, symbol may be delisted
START:  AON
END:    14.700214624404907
-
START:  AOSL
END:    14.904599905014038
-
START:  APD
END:    15.231051683425903
-
START:  APH
END:    15.52007269859314
-
START:  APPF
END:    16.70479965209961
-
START:  APPN
END:    16.848581314086914
-
START:  APPS
END:    18.10637640953064
-
START:  AQN
END:    18.333147525787354
-
START:  ARCB
END:    18.72010612487793
-
START:  ARCT
END:    18.96407699584961
-
START:  ARES
END:    19.126362562179565
-
START:  ARGX
END:    19.322675704956055
-
START:  ARWR
END:    19.56417489051819
-
START:  ASML
END:    19.858105421066284
-
START:  ASPN
END:    20.037163019180298
-
START:  ATEC
END:    21.26846408843994
-
START:  ATEN
END:    21.44117760658264
-
START:  ATKR
END:    21.605721473693848
-
START:  ATOM
END:    21.75990581512451
-
START:  ATR
END:    22.1011381149292
-
START:  ATRC
END:    22.347543478012085
-
START:  AUDC
END:    22.611541271209717
-
START:  AUPH
END:    23.86850357055664
-
START:  AVAV
END:    24.094862937927246
-
START:  AVGO
END:    24.315969228744507
-
START:  AVID
END:    24.57635474205017
-
START:  AVNW
END:    25.82356858253479
-
START:  AVXL
END:    26.090529680252075
-
START:  AVY
END:    26.397777557373047
-
START:  AWK
END:    26.64892554283142
-
START:  AWR
END:    27.020545721054077
-
START:  AXON
END:    27.259070873260498
-
START:  AZO
END:    28.541033029556274
-
START:  AZPN
END:    28.786067724227905
-
START:  BAH
END:    28.982767581939697
-
START:  BAM
END:    29.069973945617676
-
START:  BAX
END:    29.402878284454346
-
START:  BBH
END:    29.67926049232483
-
START:  BBQ
END:    30.984559774398804
-
START:  BBY
END:    31.268472909927368
-
START:  BCPC
END:    31.62231707572937
-
START:  BDX
END:    31.96021819114685
-
START:  BEEM
END:    32.1530179977417
-
START:  BFAM
END:    32.31740856170654
-
START:  BFC
END:    32.62105059623718
-
START:  BGFV
END:    32.89487552642822
-
START:  BGNE
END:    33.046937227249146
-
START:  BHVN
END:    33.132447719573975
-
START:  BIO
END:    33.39254665374756
-
START:  BL
END:    33.545151710510254
-
START:  BLD
END:    33.74890851974487
-
START:  BLDP
END:    34.00376749038696
-
START:  BLDR
END:    34.24435496330261
-
START:  BLFS
END:    35.55827879905701
-
START:  BLK
END:    35.862810373306274
-
START:  BLL
Not Found: No data found, symbol may be delisted
START:  BLNK
END:    36.160053968429565
-
START:  BMI
END:    36.46664333343506
-
START:  BOOT
END:    36.65003299713135
-
START:  BOTZ
END:    36.831419229507446
-
START:  BR
END:    38.09612059593201
-
START:  BRKR
END:    38.351465463638306
-
START:  BRKS
Not Found: No data found, symbol may be delisted
START:  BRO
END:    39.76721787452698
-
START:  BURL
END:    39.9459707736969
-
START:  BX
END:    40.20507884025574
-
START:  CABO
END:    40.38902306556702
-
START:  CACI
END:    40.65094327926636
-
START:  CALX
END:    40.88928270339966
-
START:  CAMT
END:    41.151665687561035
-
START:  CAR
END:    41.44921159744263
-
START:  CBRE
END:    41.73756647109985
-
START:  CBSH
END:    42.05100989341736
-
START:  CBZ
END:    42.297826051712036
-
START:  CCOI
END:    43.58765769004822
-
START:  CCS
END:    43.76055955886841
-
START:  CDMO
END:    44.02603220939636
-
START:  CDNA
END:    44.20136499404907
-
START:  CDNS
END:    44.47301244735718
-
START:  CDW
END:    44.68364644050598
-
START:  CELH
END:    44.89479327201843
-
START:  CGNX
END:    45.15300512313843
-
START:  CHD
END:    45.46982455253601
-
START:  CHDN
END:    45.77662754058838
-
START:  CHE
END:    47.12821435928345
-
START:  CHGG
END:    47.320626735687256
-
START:  CHH
END:    47.60296893119812
-
START:  CHKP
END:    48.88625454902649
-
START:  CHTR
END:    49.09359431266785
-
START:  CIEN
END:    49.35285830497742
-
START:  CLAR
END:    49.66341686248779
-
START:  CLFD
END:    50.91165471076965
-
START:  CLGN
END:    51.04833126068115
-
START:  CLNE
END:    51.26198720932007
-
START:  CLPT
END:    51.43349575996399
-
START:  CLX
END:    51.77171349525452
-
START:  CMCSA
END:    52.1299262046814
-
START:  CMG
END:    52.38713574409485
-
START:  CMS
END:    52.73123240470886
-
START:  CNC
END:    54.033318758010864
-
START:  CNI
END:    54.3831992149353
-
START:  CNMD
END:    54.63723015785217
-
START:  CNS
END:    55.93713927268982
-
START:  CNXN
END:    56.22154784202576
-
START:  COO
END:    56.55079174041748
-
START:  COST
END:    56.84998035430908
-
START:  COUP
Not Found: No data found, symbol may be delisted
START:  COWN
Not Found: No data found, symbol may be delisted
START:  CP
END:    58.421122789382935
-
START:  CPK
END:    58.719423055648804
-
START:  CPRT
END:    58.98470067977905
-
START:  CPSH
END:    59.26825761795044
-
START:  CRAI
END:    59.540101766586304
-
START:  CREE
Not Found: No data found, symbol may be delisted
START:  CRL
END:    60.912625312805176
-
START:  CRM
END:    61.17234706878662
-
START:  CRMT
END:    61.410210371017456
-
START:  CROX
END:    61.62703824043274
-
START:  CRSP
END:    62.82911491394043
-
START:  CRVL
END:    63.10732436180115
-
START:  CSGP
END:    63.35024380683899
-
START:  CSL
END:    63.66676092147827
-
START:  CSWI
END:    64.86301302909851
-
START:  CSX
END:    65.17880725860596
-
START:  CTAS
END:    65.4912211894989
-
START:  CTLT
END:    65.66846561431885
-
START:  CTRN
END:    69.82550811767578
-
START:  CURE
END:    70.03347682952881
-
START:  CVCO
END:    70.27171921730042
-
START:  CVNA
END:    70.51067733764648
-
START:  CWST
END:    70.75821566581726
-
START:  CWT
END:    72.09535264968872
-
START:  CXSE
END:    72.30845832824707
-
START:  CYBR
END:    72.49213075637817
-
START:  CYRX
END:    72.72725582122803
-
START:  CYTK
END:    72.95495891571045
-
START:  DAC
END:    73.22271466255188
-
START:  DAR
END:    73.48323202133179
-
START:  DAVA
END:    73.60397028923035
-
START:  DDS
END:    73.89278411865234
-
START:  DE
END:    74.20708298683167
-
START:  DECK
END:    74.52203106880188
-
START:  DELL
END:    74.69262981414795
-
START:  DFIN
END:    74.85247993469238
-
START:  DG
END:    75.07622122764587
-
START:  DGRW
END:    75.26860117912292
-
START:  DHI
END:    75.59439420700073
-
START:  DHR
END:    76.91683053970337
-
START:  DIA
END:    77.25357031822205
-
START:  DIOD
END:    77.59782981872559
-
START:  DIS
END:    77.96619868278503
-
START:  DKS
END:    79.2873010635376
-
START:  DLN
END:    79.59899687767029
-
START:  DNLI
END:    79.74587321281433
-
START:  DOMO
END:    80.88153386116028
-
START:  DOV
END:    81.25754189491272
-
START:  DPZ
END:    81.53831887245178
-
START:  DQ
END:    81.7282018661499
-
START:  DRD
END:    81.98302793502808
-
START:  DRIO
END:    82.18349289894104
-
START:  DRNA
Not Found: No data found, symbol may be delisted
START:  DSGX
END:    82.49085903167725
-
START:  DVAX
END:    82.75716423988342
-
START:  DXCM
END:    84.02940583229065
-
START:  ECL
END:    84.37006044387817
-
START:  EFX
END:    84.69579911231995
-
START:  EGAN
END:    84.99127221107483
-
START:  EHC
END:    85.42560029029846
-
START:  EL
END:    86.7287974357605
-
START:  ENPH
END:    86.89593029022217
-
START:  ENSG
END:    88.186439037323
-
START:  ENTG
END:    88.45613074302673
-
START:  ENV
END:    88.66574192047119
-
START:  EPAM
END:    88.84003162384033
-
START:  ERIE
END:    89.14173412322998
-
START:  ES
END:    89.53056383132935
-
START:  ESE
END:    90.56100225448608
-
START:  ETN
END:    90.89589619636536
-
START:  ETSY
END:    91.06223487854004
-
START:  EVBG
END:    91.22165536880493
-
START:  EVTC
END:    91.4212293624878
-
START:  EW
END:    91.69004368782043
-
START:  EWT
END:    91.99061107635498
-
START:  EXAS
END:    92.25316762924194
-
START:  EXLS
END:    93.5069739818573
-
START:  EXPD
END:    93.78779697418213
-
START:  EXPI
END:    93.92631363868713
-
START:  EXPO
END:    95.21477270126343
-
START:  FAST
END:    95.52097249031067
-
START:  FATE
END:    95.68408584594727
-
START:  FB
Not Found: No data found, symbol may be delisted
START:  FCN
END:    96.02525687217712
-
START:  FCX
END:    96.32013702392578
-
START:  FDN
END:    97.5699553489685
-
START:  FDS
END:    97.8473424911499
-
START:  FELE
END:    98.23534560203552
-
START:  FFIN
END:    98.54033493995667
-
START:  FICO
END:    98.86461782455444
-
START:  FINX
END:    99.02669548988342
-
START:  FIS
END:    99.32374429702759
-
START:  FISV
Not Found: No data found, symbol may be delisted
START:  FIVE
END:    100.62115836143494
-
START:  FIVN
END:    100.79262685775757
-
START:  FLGT
END:    101.97460317611694
-
START:  FLT
END:    102.19894123077393
-
START:  FLWS
END:    102.44641494750977
-
START:  FN
END:    102.63521480560303
-
START:  FND
END:    102.79913067817688
-
START:  FNV
END:    103.08720755577087
-
START:  FORM
END:    103.35236597061157
-
START:  FOXF
END:    104.56751346588135
-
START:  FPX
END:    104.83359265327454
-
START:  FRC
Not Found: No data found, symbol may be delisted
START:  FRHC
END:    105.03663992881775
-
START:  FRPT
END:    106.2123875617981
-
START:  FSS
END:    106.60305094718933
-
START:  FTNT
END:    107.83651304244995
-
START:  FUV
END:    108.05529475212097
-
START:  GDEN
END:    108.31625771522522
-
START:  GFI
END:    108.6793920993805
-
START:  GGG
END:    110.01908016204834
-
START:  GIB
END:    110.30896663665771
-
START:  GLDD
END:    110.54477906227112
-
START:  GLOB
END:    110.72033023834229
-
START:  GMAB
END:    111.94440984725952
-
START:  GME
END:    113.23081755638123
-
START:  GMED
END:    113.42071866989136
-
START:  GNRC
END:    113.61274099349976
-
START:  GNSS
END:    114.902996301651
-
START:  GNTX
END:    115.20223379135132
-
START:  GOLF
END:    115.35735201835632
-
START:  GOOG
END:    115.61976146697998
-
START:  GOOGL
END:    115.86221265792847
-
START:  GPI
END:    117.17774891853333
-
START:  GPN
END:    117.48106837272644
-
START:  GRBK
END:    117.699942111969
-
START:  GRMN
END:    118.12135720252991
-
START:  GRVY
END:    118.36549639701843
-
START:  GRWG
END:    118.49682068824768
-
START:  GWRE
END:    118.72318649291992
-
START:  HACK
END:    118.91065430641174
-
START:  HALO
END:    119.16478419303894
-
START:  HCI
END:    120.39707088470459
-
START:  HD
END:    120.72665071487427
-
START:  HEI
END:    121.0559298992157
-
START:  HELE
END:    121.30862283706665
-
START:  HIBB
END:    121.57530999183655
-
START:  HLI
END:    121.7379219532013
-
START:  HLT
END:    121.9307472705841
-
START:  HOLX
END:    122.19950914382935
-
START:  HON
END:    122.56445479393005
-
START:  HOV
END:    122.78236413002014
-
START:  HRC
Not Found: No data found, symbol may be delisted
START:  HRI
END:    124.10067439079285
-
START:  HSKA
Not Found: No data found, symbol may be delisted
START:  HTHT
END:    124.42991256713867
-
START:  HUBS
END:    124.60461759567261
-
START:  HUM
END:    124.90502309799194
-
START:  HZNP
END:    125.09780216217041
-
START:  IAC
END:    125.36394882202148
-
START:  IBP
END:    125.53172183036804
-
START:  ICE
END:    125.77175235748291
-
START:  ICLN
END:    126.00912380218506
-
START:  ICLR
END:    126.25648379325867
-
START:  IDT
END:    127.5786964893341
-
START:  IDXX
END:    127.8133773803711
-
START:  IESC
END:    128.07671070098877
-
START:  IEX
END:    128.3596704006195
-
START:  ILMN
END:    128.6070909500122
-
START:  INFO
Not Found: No data found, symbol may be delisted
START:  INOV
END:    128.76025819778442
-
START:  INSP
END:    128.90464401245117
-
START:  INTC
END:    129.2100863456726
-
START:  INTU
END:    129.47344040870667
-
START:  INTZ
END:    129.72035455703735
-
START:  INVE
END:    129.95578908920288
-
START:  IOO
END:    130.23748540878296
-
START:  IQV
END:    130.43095421791077
-
START:  IRDM
END:    130.71005702018738
-
START:  IRMD
END:    131.89119672775269
-
START:  ISEE
Not Found: No data found, symbol may be delisted
START:  ISRG
END:    132.23322582244873
-
START:  IT
END:    132.49911379814148
-
START:  ITT
END:    132.80189204216003
-
START:  ITW
END:    133.10543966293335
-
START:  IVOG
END:    134.33391213417053
-
START:  IVV
END:    134.62048864364624
-
START:  IXJ
END:    134.9312388896942
-
START:  IXN
END:    135.2127251625061
-
START:  J
END:    135.53519082069397
-
START:  JBL
END:    135.8093774318695
-
START:  JBSS
END:    136.11497449874878
-
START:  JD
END:    137.3291974067688
-
START:  JKHY
END:    137.6124587059021
-
START:  JKS
END:    138.8220751285553
-
START:  JNJ
END:    139.20504713058472
-
START:  JOE
END:    139.51823568344116
-
START:  JOUT
END:    139.79562783241272
-
START:  JYNT
END:    139.9701042175293
-
START:  KAI
END:    140.27015233039856
-
START:  KBH
END:    140.55840635299683
-
START:  KBR
END:    140.8278350830078
-
START:  KDMN
Not Found: No data found, symbol may be delisted
START:  KEYS
END:    142.1212227344513
-
START:  KLAC
END:    142.41069865226746
-
START:  KLIC
END:    142.67232704162598
-
START:  KMX
END:    142.9691903591156
-
START:  KNSL
END:    144.14696335792542
-
START:  KOPN
END:    144.4110972881317
-
START:  KOSS
END:    144.69074869155884
-
START:  KRNT
END:    144.85928320884705
-
START:  KSU
Not Found: No data found, symbol may be delisted
START:  KTOS
END:    146.31997346878052
-
START:  LAC
END:    147.43956327438354
-
START:  LAD
END:    147.77604293823242
-
START:  LANC
END:    149.13074707984924
-
START:  LAWS
Not Found: No data found, symbol may be delisted
START:  LDOS
END:    149.44934272766113
-
START:  LFMD
END:    149.64682054519653
-
START:  LGIH
END:    149.81196236610413
-
START:  LH
END:    151.13180899620056
-
START:  LHCG
Not Found: No data found, symbol may be delisted
START:  LHX
END:    151.5334861278534
-
START:  LII
END:    151.80934381484985
-
START:  LIN
END:    153.12678360939026
-
START:  LINC
END:    154.40457344055176
-
START:  LIT
END:    154.60127902030945
-
START:  LLY
END:    154.98765969276428
-
START:  LMT
END:    156.30423951148987
-
START:  LNT
END:    156.62283372879028
-
START:  LOB
END:    156.79975056648254
-
START:  LOGI
END:    157.04968881607056
-
START:  LOVE
END:    157.18391489982605
-
START:  LOW
END:    158.5146918296814
-
START:  LPLA
END:    158.72382164001465
-
START:  LPSN
END:    158.95311784744263
-
START:  LQDT
END:    159.22010898590088
-
START:  LRCX
END:    159.50244545936584
-
START:  LSCC
END:    159.75689101219177
-
START:  LSTR
END:    160.0230085849762
-
START:  LULU
END:    161.27813339233398
-
START:  LUNA
END:    161.52478432655334
-
START:  MA
END:    161.78670144081116
-
START:  MANH
END:    162.03908157348633
-
START:  MANT
Not Found: No data found, symbol may be delisted
START:  MARA
END:    163.323899269104
-
START:  MASI
END:    163.54746055603027
-
START:  MATX
END:    163.88527631759644
-
START:  MBUU
END:    164.0663547515869
-
START:  MCD
END:    164.44133019447327
-
START:  MCHP
END:    164.73570013046265
-
START:  MCO
END:    165.10580611228943
-
START:  MDB
END:    165.2386176586151
-
START:  MDT
END:    165.57688903808594
-
START:  MEDP
END:    165.73059129714966
-
START:  MEDS
END:    165.89292407035828
-
START:  MELI
END:    166.1396381855011
-
START:  MGC
END:    166.40819907188416
-
START:  MGIC
END:    166.75867533683777
-
START:  MGK
END:    167.03710627555847
-
START:  MGNI
END:    168.22113466262817
-
START:  MHO
END:    168.4945366382599
-
START:  MIME
Not Found: No data found, symbol may be delisted
START:  MITK
END:    168.81918931007385
-
START:  MKC
END:    170.1715443134308
-
START:  MKSI
END:    170.43882989883423
-
START:  MKTX
END:    170.69104862213135
-
START:  MLAB
END:    172.05999994277954
-
START:  MLR
END:    172.34641242027283
-
START:  MMC
END:    172.66085958480835
-
START:  MMS
END:    172.94767308235168
-
START:  MNMD
END:    173.08324432373047
-
START:  MNST
END:    173.34417963027954
-
START:  MODN
END:    173.53650164604187
-
START:  MODV
END:    173.78266978263855
-
START:  MOH
END:    174.03173804283142
-
START:  MORN
END:    175.3145134449005
-
START:  MPWR
END:    175.60606694221497
-
START:  MRTX
END:    175.82746052742004
-
START:  MRVL
END:    177.10945749282837
-
START:  MS
END:    177.3946876525879
-
START:  MSA
END:    177.78110575675964
-
START:  MSCI
END:    178.00683450698853
-
START:  MSEX
END:    178.35602569580078
-
START:  MSFT
END:    178.63686752319336
-
START:  MSI
END:    180.03120684623718
-
START:  MSTR
END:    180.29318475723267
-
START:  MTBC
Not Found: No data found, symbol may be delisted
START:  MTCH
END:    180.64080452919006
-
START:  MTD
END:    180.92125535011292
-
START:  MTEX
END:    182.20621180534363
-
START:  MTH
END:    182.501620054245
-
START:  MTLS
END:    182.72213292121887
-
START:  MTSI
END:    183.9035608768463
-
START:  MU
END:    185.2132966518402
-
START:  MUSA
END:    185.4025046825409
-
START:  MVIS
END:    185.64144372940063
-
START:  MXL
END:    185.82846879959106
-
START:  MYRG
END:    187.03701257705688
-
START:  NBIX
END:    187.29123520851135
-
START:  NCBS
Not Found: No data found, symbol may be delisted
START:  NDAQ
END:    187.64170742034912
-
START:  NDSN
END:    187.9492609500885
-
START:  NEE
END:    189.31206345558167
-
START:  NEO
END:    189.56659150123596
-
START:  NEOG
END:    190.9003632068634
-
START:  NFLX
END:    192.20048069953918
-
START:  NICE
END:    192.46829199790955
-
START:  NISN
END:    192.60978078842163
-
START:  NKE
END:    193.92533683776855
-
START:  NOVT
END:    194.18680691719055
-
START:  NOW
END:    194.37226510047913
-
START:  NSC
END:    194.6963608264923
-
START:  NSIT
END:    194.956152677536
-
START:  NSSC
END:    195.19597673416138
-
START:  NSTG
END:    196.42840218544006
-
START:  NTLA
END:    196.6362795829773
-
START:  NTRA
END:    196.80712795257568
-
START:  NUAN
Not Found: No data found, symbol may be delisted
START:  NVCR
END:    197.03947520256042
-
START:  NVDA
END:    197.30816674232483
-
START:  NVMI
END:    197.5677890777588
-
START:  NVO
END:    197.8857250213623
-
START:  NVR
END:    198.1666510105133
-
START:  NXST
END:    199.45174264907837
-
START:  NYT
END:    199.7418668270111
-
START:  OBCI
Not Found: No data found, symbol may be delisted
START:  ODFL
END:    201.1195809841156
-
START:  OEF
END:    201.41822695732117
-
START:  OFLX
END:    201.68846821784973
-
START:  OLED
END:    201.93419551849365
-
START:  OMCL
END:    202.19574522972107
-
START:  ON
END:    203.4805040359497
-
START:  OOMA
END:    203.65029382705688
-
START:  OPRX
END:    203.8711130619049
-
START:  ORA
END:    204.13031649589539
-
START:  ORCL
END:    204.45448184013367
-
START:  ORLY
END:    204.71950435638428
-
START:  ORMP
END:    204.9371519088745
-
START:  OTEX
END:    205.23071718215942
-
START:  PACB
END:    205.48351621627808
-
START:  PAG
END:    205.76694416999817
-
START:  PANW
END:    205.94361209869385
-
START:  PAR
END:    206.2187557220459
-
START:  PAYC
END:    206.3940646648407
-
START:  PAYX
END:    206.71398425102234
-
START:  PBD
END:    206.97099137306213
-
START:  PCTY
END:    208.17548513412476
-
START:  PEGA
END:    208.47248196601868
-
START:  PEN
END:    208.64554452896118
-
START:  PENN
END:    208.91745257377625
-
START:  PEP
END:    209.29585242271423
-
START:  PERI
END:    210.55898571014404
-
START:  PFSI
END:    210.75907802581787
-
START:  PGR
END:    211.0917146205902
-
START:  PH
END:    211.43747639656067
-
START:  PHM
END:    212.78458380699158
-
START:  PKI
Not Found: No data found, symbol may be delisted
START:  PLL
END:    212.99109435081482
-
START:  PLNT
END:    213.1410984992981
-
START:  PLUG
END:    213.3919792175293
-
START:  PLXS
END:    213.6315643787384
-
START:  PODD
END:    213.9345784187317
-
START:  POOL
END:    214.22504925727844
-
START:  POWI
END:    214.507404088974
-
START:  PRFT
END:    214.7756781578064
-
START:  PRI
END:    214.99754548072815
-
START:  PRTA
END:    216.2260458469391
-
START:  PRTS
END:    217.44370484352112
-
START:  PTSI
END:    217.69572353363037
-
START:  PWR
END:    218.00589776039124
-
START:  PYPL
END:    218.1549015045166
-
START:  QADA
Not Found: No data found, symbol may be delisted
START:  QCLN
END:    218.47714042663574
-
START:  QDEL
END:    218.74841928482056
-
START:  QGEN
END:    219.0467131137848
-
START:  QLYS
END:    219.21206879615784
-
START:  QQQ
END:    219.4945628643036
-
START:  QRVO
END:    219.70054507255554
-
START:  QTWO
END:    219.86429738998413
-
START:  RADA
Not Found: No data found, symbol may be delisted
START:  RAMP
END:    220.1917064189911
-
START:  RBA
END:    220.5849735736847
-
START:  RCII
Not Found: No data found, symbol may be delisted
START:  RCKY
END:    220.9594280719757
-
START:  RDNT
END:    221.21706628799438
-
START:  RDVT
END:    221.36569619178772
-
START:  RDWR
END:    221.6607687473297
-
START:  REGI
END:    221.83199977874756
-
START:  RENN
Not Found: No data found, symbol may be delisted
START:  RGEN
END:    222.14707136154175
-
START:  RH
END:    223.32912921905518
-
START:  RILY
END:    224.57849097251892
-
START:  RIOT
END:    224.73733115196228
-
START:  RLI
END:    225.05909132957458
-
START:  RLMD
END:    225.2200140953064
-
START:  RMD
END:    225.48105216026306
-
START:  RNG
END:    225.66913747787476
-
START:  ROBO
END:    225.88871049880981
-
START:  ROCK
END:    226.16165852546692
-
START:  ROK
END:    226.46846532821655
-
START:  ROKU
END:    226.6323058605194
-
START:  ROL
END:    228.0643196105957
-
START:  ROP
END:    228.35978817939758
-
START:  ROST
END:    228.64876174926758
-
START:  RPD
END:    228.8543758392334
-
START:  RPM
END:    229.22407603263855
-
START:  RSG
END:    229.5239613056183
-
START:  RTH
END:    229.8505413532257
-
START:  RUN
END:    230.01360726356506
-
START:  RXI
END:    230.26819109916687
-
START:  SAIA
END:    231.54312181472778
-
START:  SAIC
END:    231.73909211158752
-
START:  SAM
END:    232.00614953041077
-
START:  SAVA
END:    232.27821040153503
-
START:  SCI
END:    232.60469961166382
-
START:  SCL
END:    232.8900763988495
-
START:  SE
END:    233.0289466381073
-
START:  SEAS
END:    233.19901609420776
-
START:  SEDG
END:    233.3486533164978
-
START:  SFBS
END:    233.52990698814392
-
START:  SGEN
END:    233.7739052772522
-
START:  SGMS
Not Found: No data found, symbol may be delisted
START:  SGRY
END:    235.05313563346863
-
START:  SHOP
END:    236.2083556652069
-
START:  SHW
END:    236.56389045715332
-
START:  SHYF
END:    236.85434651374817
-
START:  SITE
END:    236.99449706077576
-
START:  SIVB
Not Found: No data found, symbol may be delisted
START:  SJW
END:    237.38902378082275
-
START:  SKY
END:    238.74725818634033
-
START:  SLAB
END:    240.00061011314392
-
START:  SLP
END:    240.28557085990906
-
START:  SMH
END:    240.5380687713623
-
START:  SMTC
END:    241.84052443504333
-
START:  SNAP
END:    241.97809028625488
-
START:  SNPS
END:    243.29524040222168
-
START:  SOCL
END:    243.51378846168518
-
START:  SOXL
END:    243.7392771244049
-
START:  SPGI
END:    244.06216406822205
-
START:  SPLG
END:    244.31659173965454
-
START:  SPLK
END:    245.50745344161987
-
START:  SPNS
END:    245.76050686836243
-
START:  SPSC
END:    245.95991206169128
-
START:  SPTM
END:    246.24996948242188
-
START:  SPWH
END:    247.4283163547516
-
START:  SPWR
END:    247.71439456939697
-
START:  SPXC
END:    249.00742888450623
-
START:  SPXL
END:    249.2622082233429
-
START:  SPY
END:    250.6092619895935
-
START:  SPYG
END:    250.9085099697113
-
START:  SQ
END:    251.0723168849945
-
START:  SSD
END:    251.33955311775208
-
START:  SSNC
END:    251.56046605110168
-
START:  SSTK
END:    251.76268458366394
-
START:  STAA
END:    253.0454456806183
-
START:  STE
END:    254.36963272094727
-
START:  SUSA
END:    254.65079140663147
-
START:  SYK
END:    254.93438911437988
-
START:  SYNA
END:    256.196576833725
-
START:  TBBK
END:    256.4483337402344
-
START:  TBK
Not Found: No data found, symbol may be delisted
START:  TDG
END:    257.79971075057983
-
START:  TDOC
END:    257.9519908428192
-
START:  TDY
END:    258.21120953559875
-
START:  TEAM
END:    258.3621165752411
-
START:  TECH
END:    258.6245107650757
-
START:  TECL
END:    259.87032103538513
-
START:  TER
END:    261.186320066452
-
START:  TFX
END:    261.50780630111694
-
START:  TGH
END:    261.75656604766846
-
START:  TGLS
END:    261.963791847229
-
START:  TGT
END:    263.2983093261719
-
START:  TGTX
END:    263.50496339797974
-
START:  THC
END:    264.82034707069397
-
START:  TJX
END:    265.136661529541
-
START:  TMO
END:    265.4401123523712
-
START:  TMUS
END:    265.7073292732239
-
START:  TNDM
END:    265.8915538787842
-
START:  TNET
END:    266.06637930870056
-
START:  TPX
END:    266.36093163490295
-
START:  TREX
END:    266.63156151771545
-
START:  TRI
END:    266.95292353630066
-
START:  TRIL
Not Found: No data found, symbol may be delisted
START:  TRMB
END:    268.2993857860565
-
START:  TRNS
END:    268.5378658771515
-
START:  TROW
END:    268.907354593277
-
START:  TRU
END:    270.0930461883545
-
START:  TRUP
END:    270.24676966667175
-
START:  TSCO
END:    270.5040512084961
-
START:  TSLA
END:    271.7026960849762
-
START:  TSM
END:    272.03799962997437
-
START:  TT
END:    272.34321117401123
-
START:  TTC
END:    272.66514348983765
-
START:  TTD
END:    273.82977771759033
-
START:  TTEC
END:    274.0787272453308
-
START:  TTEK
END:    275.35275745391846
-
START:  TTGT
END:    275.5884618759155
-
START:  TTWO
END:    275.8322696685791
-
START:  TWLO
END:    275.9898736476898
-
START:  TXN
END:    277.3825228214264
-
START:  TYL
END:    277.63877034187317
-
START:  UCTT
END:    277.90120482444763
-
START:  UFPI
END:    279.23977422714233
-
START:  UFPT
END:    279.502320766449
-
START:  UI
END:    279.7206919193268
-
START:  UMC
END:    280.012811422348
-
START:  UNF
END:    280.38738799095154
-
START:  UNH
END:    280.7091586589813
-
START:  UNP
END:    281.0363323688507
-
START:  UPLD
END:    281.20523858070374
-
START:  URI
END:    282.47950434684753
-
START:  V
END:    282.72811579704285
-
START:  VALU
END:    283.0162706375122
-
START:  VBK
END:    283.2841544151306
-
START:  VCEL
END:    283.5275583267212
-
START:  VCR
END:    284.8036572933197
-
START:  VCTR
END:    284.943785905838
-
START:  VCYT
END:    285.14684653282166
-
START:  VDC
END:    285.4239385128021
-
START:  VEEV
END:    285.6251320838928
-
START:  VERU
END:    285.8894281387329
-
START:  VGT
END:    287.18391013145447
-
START:  VHT
END:    287.4685769081116
-
START:  VIAV
END:    287.71822214126587
-
START:  VICR
END:    287.9753119945526
-
START:  VIG
END:    288.2161338329315
-
START:  VO
END:    288.471962928772
-
START:  VONE
END:    288.6946814060211
-
START:  VONG
END:    288.95105028152466
-
START:  VOO
END:    290.1903326511383
-
START:  VOOG
END:    290.4326751232147
-
START:  VOOV
END:    291.67009806632996
-
START:  VOT
END:    291.93187618255615
-
START:  VPU
END:    292.2034447193146
-
START:  VRNS
END:    292.3596954345703
-
START:  VRSK
END:    292.59130334854126
-
START:  VRSN
END:    292.94582295417786
-
START:  VRTV
END:    294.16254591941833
-
START:  VSTO
END:    294.33285999298096
-
START:  VTHR
END:    294.5525186061859
-
START:  VTI
END:    294.8601679801941
-
START:  VTNR
END:    295.113737821579
-
START:  VTWG
END:    295.3205714225769
-
START:  VUG
END:    295.6079387664795
-
START:  VV
END:    295.9066708087921
-
START:  VXF
END:    296.1757056713104
-
START:  WCN
END:    296.4768943786621
-
START:  WD
END:    296.66979789733887
-
START:  WDAY
END:    296.8473479747772
-
START:  WDFC
END:    297.16791009902954
-
START:  WEC
END:    298.50713658332825
-
START:  WEN
END:    298.7784368991852
-
START:  WINA
END:    299.0600700378418
-
START:  WING
END:    299.2437083721161
-
START:  WIRE
END:    299.5071704387665
-
START:  WIX
END:    299.6693203449249
-
START:  WK
END:    299.82748579978943
-
START:  WLTW
Not Found: No data found, symbol may be delisted
START:  WM
END:    300.1962239742279
-
START:  WMS
END:    301.37231612205505
-
START:  WNS
END:    301.64298963546753
-
START:  WRB
END:    302.1368296146393
-
START:  WSC
END:    302.2988040447235
-
START:  WSM
END:    302.57076239585876
-
START:  WST
END:    302.8776514530182
-
START:  WTRG
END:    303.1989049911499
-
START:  WTS
END:    303.5035321712494
-
START:  XEL
END:    303.81517243385315
-
START:  XENE
END:    303.97901821136475
-
START:  XLK
END:    304.29643154144287
-
START:  XLNX
Not Found: No data found, symbol may be delisted
START:  XLP
END:    305.7143964767456
-
START:  XLRN
Not Found: No data found, symbol may be delisted
START:  XLU
END:    306.1520166397095
-
START:  XLV
END:    306.44350266456604
-
START:  XLY
END:    306.79455041885376
-
START:  XYL
END:    306.9860665798187
-
START:  YNDX
END:    307.21609473228455
-
START:  YORW
END:    308.52243757247925
-
START:  YUM
END:    308.8037602901459
-
START:  Z
END:    308.9760937690735
-
START:  ZBRA
END:    310.2874665260315
-
START:  ZEN
Not Found: No data found, symbol may be delisted
START:  ZLAB
END:    310.6530783176422
-
START:  ZNGA
Not Found: No data found, symbol may be delisted
START:  ZS
END:    310.9198839664459
-
START:  ZTS
END:    311.1211016178131
-
START:  ZYXI
END:    311.35482573509216
-
===========================
MACD golden cross
===========================
START:  code
START:  A
START:  AAON
START:  AAPL
START:  ABG
START:  ABT
START:  ACLS
START:  ACMR
START:  ACN
START:  ADBE
START:  ADI
START:  ADP
START:  ADSK
START:  ADUS
START:  AEE
START:  AGYS
START:  AIZ
START:  AJG
START:  AJRD
START:  ALB
START:  ALG
START:  ALGN
START:  ALLE
START:  ALTR
START:  AMAT
START:  AMBA
START:  AMD
START:  AME
START:  AMED
START:  AMEH
START:  AMGN
START:  AMN
START:  AMP
START:  AMRC
START:  AMSWA
START:  AMTX
START:  AMZN
START:  AN
START:  ANSS
START:  ANTM
START:  AON
START:  AOSL
START:  APD
START:  APH
START:  APPF
START:  APPN
START:  APPS
START:  AQN
START:  ARCB
START:  ARCT
START:  ARES
START:  ARGX
START:  ARWR
START:  ASML
START:  ASPN
START:  ATEC
START:  ATEN
START:  ATKR
START:  ATOM
START:  ATR
START:  ATRC
START:  AUDC
START:  AUPH
START:  AVAV
START:  AVGO
START:  AVID
START:  AVNW
START:  AVXL
START:  AVY
START:  AWK
START:  AWR
START:  AXON
START:  AZO
START:  AZPN
START:  BAH
START:  BAM
START:  BAX
START:  BBH
START:  BBQ
START:  BBY
START:  BCPC
START:  BDX
START:  BEEM
START:  BFAM
START:  BFC
START:  BGFV
START:  BGNE
START:  BHVN
START:  BIO
START:  BL
START:  BLD
START:  BLDP
START:  BLDR
START:  BLFS
START:  BLK
START:  BLL
START:  BLNK
START:  BMI
START:  BOOT
START:  BOTZ
START:  BR
START:  BRKR
START:  BRKS
START:  BRO
START:  BURL
START:  BX
START:  CABO
START:  CACI
START:  CALX
START:  CAMT
START:  CAR
START:  CBRE
START:  CBSH
START:  CBZ
START:  CCOI
START:  CCS
START:  CDMO
START:  CDNA
START:  CDNS
START:  CDW
START:  CELH
START:  CGNX
START:  CHD
START:  CHDN
START:  CHE
START:  CHGG
START:  CHH
START:  CHKP
START:  CHTR
START:  CIEN
START:  CLAR
START:  CLFD
START:  CLGN
START:  CLNE
START:  CLPT
START:  CLX
START:  CMCSA
START:  CMG
START:  CMS
START:  CNC
START:  CNI
START:  CNMD
START:  CNS
START:  CNXN
START:  COO
START:  COST
START:  COUP
START:  COWN
START:  CP
START:  CPK
START:  CPRT
START:  CPSH
START:  CRAI
START:  CREE
START:  CRL
START:  CRM
START:  CRMT
START:  CROX
START:  CRSP
START:  CRVL
START:  CSGP
START:  CSL
START:  CSWI
START:  CSX
START:  CTAS
START:  CTLT
START:  CTRN
START:  CURE
START:  CVCO
START:  CVNA
START:  CWST
START:  CWT
START:  CXSE
START:  CYBR
START:  CYRX
START:  CYTK
START:  DAC
START:  DAR
START:  DAVA
START:  DDS
START:  DE
START:  DECK
START:  DELL
START:  DFIN
START:  DG
START:  DGRW
START:  DHI
START:  DHR
START:  DIA
START:  DIOD
START:  DIS
START:  DKS
START:  DLN
START:  DNLI
START:  DOMO
START:  DOV
START:  DPZ
START:  DQ
START:  DRD
START:  DRIO
START:  DRNA
START:  DSGX
START:  DVAX
START:  DXCM
START:  ECL
START:  EFX
START:  EGAN
START:  EHC
START:  EL
START:  ENPH
START:  ENSG
START:  ENTG
START:  ENV
START:  EPAM
START:  ERIE
START:  ES
START:  ESE
START:  ETN
START:  ETSY
START:  EVBG
START:  EVTC
START:  EW
START:  EWT
START:  EXAS
START:  EXLS
START:  EXPD
START:  EXPI
START:  EXPO
START:  FAST
START:  FATE
START:  FB
START:  FCN
START:  FCX
START:  FDN
START:  FDS
START:  FELE
START:  FFIN
START:  FICO
START:  FINX
START:  FIS
START:  FISV
START:  FIVE
START:  FIVN
START:  FLGT
START:  FLT
START:  FLWS
START:  FN
START:  FND
START:  FNV
START:  FORM
START:  FOXF
START:  FPX
START:  FRC
START:  FRHC
START:  FRPT
START:  FSS
START:  FTNT
START:  FUV
START:  GDEN
START:  GFI
START:  GGG
START:  GIB
START:  GLDD
START:  GLOB
START:  GMAB
START:  GME
START:  GMED
START:  GNRC
START:  GNSS
START:  GNTX
START:  GOLF
START:  GOOG
START:  GOOGL
START:  GPI
START:  GPN
START:  GRBK
START:  GRMN
START:  GRVY
START:  GRWG
START:  GWRE
START:  HACK
START:  HALO
START:  HCI
START:  HD
START:  HEI
START:  HELE
START:  HIBB
START:  HLI
START:  HLT
START:  HOLX
START:  HON
START:  HOV
START:  HRC
START:  HRI
START:  HSKA
START:  HTHT
START:  HUBS
START:  HUM
START:  HZNP
START:  IAC
START:  IBP
START:  ICE
START:  ICLN
START:  ICLR
START:  IDT
START:  IDXX
START:  IESC
START:  IEX
START:  ILMN
START:  INFO
START:  INOV
START:  INSP
START:  INTC
START:  INTU
START:  INTZ
START:  INVE
START:  IOO
START:  IQV
START:  IRDM
START:  IRMD
START:  ISEE
START:  ISRG
START:  IT
START:  ITT
START:  ITW
START:  IVOG
START:  IVV
START:  IXJ
START:  IXN
START:  J
START:  JBL
START:  JBSS
START:  JD
START:  JKHY
START:  JKS
START:  JNJ
START:  JOE
START:  JOUT
START:  JYNT
START:  KAI
START:  KBH
START:  KBR
START:  KDMN
START:  KEYS
START:  KLAC
START:  KLIC
START:  KMX
START:  KNSL
START:  KOPN
START:  KOSS
START:  KRNT
START:  KSU
START:  KTOS
START:  LAC
START:  LAD
START:  LANC
START:  LAWS
START:  LDOS
START:  LFMD
START:  LGIH
START:  LH
START:  LHCG
START:  LHX
START:  LII
START:  LIN
START:  LINC
START:  LIT
START:  LLY
START:  LMT
START:  LNT
START:  LOB
START:  LOGI
START:  LOVE
START:  LOW
START:  LPLA
START:  LPSN
START:  LQDT
START:  LRCX
START:  LSCC
START:  LSTR
START:  LULU
START:  LUNA
START:  MA
START:  MANH
START:  MANT
START:  MARA
START:  MASI
START:  MATX
START:  MBUU
START:  MCD
START:  MCHP
START:  MCO
START:  MDB
START:  MDT
START:  MEDP
START:  MEDS
START:  MELI
START:  MGC
START:  MGIC
START:  MGK
START:  MGNI
START:  MHO
START:  MIME
START:  MITK
START:  MKC
START:  MKSI
START:  MKTX
START:  MLAB
START:  MLR
START:  MMC
START:  MMS
START:  MNMD
START:  MNST
START:  MODN
START:  MODV
START:  MOH
START:  MORN
START:  MPWR
START:  MRTX
START:  MRVL
START:  MS
START:  MSA
START:  MSCI
START:  MSEX
START:  MSFT
START:  MSI
START:  MSTR
START:  MTBC
START:  MTCH
START:  MTD
START:  MTEX
START:  MTH
START:  MTLS
START:  MTSI
START:  MU
START:  MUSA
START:  MVIS
START:  MXL
START:  MYRG
START:  NBIX
START:  NCBS
START:  NDAQ
START:  NDSN
START:  NEE
START:  NEO
START:  NEOG
START:  NFLX
START:  NICE
START:  NISN
START:  NKE
START:  NOVT
START:  NOW
START:  NSC
START:  NSIT
START:  NSSC
START:  NSTG
START:  NTLA
START:  NTRA
START:  NUAN
START:  NVCR
START:  NVDA
START:  NVMI
START:  NVO
START:  NVR
START:  NXST
START:  NYT
START:  OBCI
START:  ODFL
START:  OEF
START:  OFLX
START:  OLED
START:  OMCL
START:  ON
START:  OOMA
START:  OPRX
START:  ORA
START:  ORCL
START:  ORLY
START:  ORMP
START:  OTEX
START:  PACB
START:  PAG
START:  PANW
START:  PAR
START:  PAYC
START:  PAYX
START:  PBD
START:  PCTY
START:  PEGA
START:  PEN
START:  PENN
START:  PEP
START:  PERI
START:  PFSI
START:  PGR
START:  PH
START:  PHM
START:  PKI
START:  PLL
START:  PLNT
START:  PLUG
START:  PLXS
START:  PODD
START:  POOL
START:  POWI
START:  PRFT
START:  PRI
START:  PRTA
START:  PRTS
START:  PTSI
START:  PWR
START:  PYPL
START:  QADA
START:  QCLN
START:  QDEL
START:  QGEN
START:  QLYS
START:  QQQ
START:  QRVO
START:  QTWO
START:  RADA
START:  RAMP
START:  RBA
START:  RCII
START:  RCKY
START:  RDNT
START:  RDVT
START:  RDWR
START:  REGI
START:  RENN
START:  RGEN
START:  RH
START:  RILY
START:  RIOT
START:  RLI
START:  RLMD
START:  RMD
START:  RNG
START:  ROBO
START:  ROCK
START:  ROK
START:  ROKU
START:  ROL
START:  ROP
START:  ROST
START:  RPD
START:  RPM
START:  RSG
START:  RTH
START:  RUN
START:  RXI
START:  SAIA
START:  SAIC
START:  SAM
START:  SAVA
START:  SCI
START:  SCL
START:  SE
START:  SEAS
START:  SEDG
START:  SFBS
START:  SGEN
START:  SGMS
START:  SGRY
START:  SHOP
START:  SHW
START:  SHYF
START:  SITE
START:  SIVB
START:  SJW
START:  SKY
START:  SLAB
START:  SLP
START:  SMH
START:  SMTC
START:  SNAP
START:  SNPS
START:  SOCL
START:  SOXL
START:  SPGI
START:  SPLG
START:  SPLK
START:  SPNS
START:  SPSC
START:  SPTM
START:  SPWH
START:  SPWR
START:  SPXC
START:  SPXL
START:  SPY
START:  SPYG
START:  SQ
START:  SSD
START:  SSNC
START:  SSTK
START:  STAA
START:  STE
START:  SUSA
START:  SYK
START:  SYNA
START:  TBBK
START:  TBK
START:  TDG
START:  TDOC
START:  TDY
START:  TEAM
START:  TECH
START:  TECL
START:  TER
START:  TFX
START:  TGH
START:  TGLS
START:  TGT
START:  TGTX
START:  THC
START:  TJX
START:  TMO
START:  TMUS
START:  TNDM
START:  TNET
START:  TPX
START:  TREX
START:  TRI
START:  TRIL
START:  TRMB
START:  TRNS
START:  TROW
START:  TRU
START:  TRUP
START:  TSCO
START:  TSLA
START:  TSM
START:  TT
START:  TTC
START:  TTD
START:  TTEC
START:  TTEK
START:  TTGT
START:  TTWO
START:  TWLO
START:  TXN
START:  TYL
START:  UCTT
START:  UFPI
START:  UFPT
START:  UI
START:  UMC
START:  UNF
START:  UNH
START:  UNP
START:  UPLD
START:  URI
START:  V
START:  VALU
START:  VBK
START:  VCEL
START:  VCR
START:  VCTR
START:  VCYT
START:  VDC
START:  VEEV
START:  VERU
START:  VGT
START:  VHT
START:  VIAV
START:  VICR
START:  VIG
START:  VO
START:  VONE
START:  VONG
START:  VOO
START:  VOOG
START:  VOOV
START:  VOT
START:  VPU
START:  VRNS
START:  VRSK
START:  VRSN
START:  VRTV
START:  VSTO
START:  VTHR
START:  VTI
START:  VTNR
START:  VTWG
START:  VUG
START:  VV
START:  VXF
START:  WCN
START:  WD
START:  WDAY
START:  WDFC
START:  WEC
START:  WEN
START:  WINA
START:  WING
START:  WIRE
START:  WIX
START:  WK
START:  WLTW
START:  WM
START:  WMS
START:  WNS
START:  WRB
START:  WSC
START:  WSM
START:  WST
START:  WTRG
START:  WTS
START:  XEL
START:  XENE
START:  XLK
START:  XLNX
START:  XLP
START:  XLRN
START:  XLU
START:  XLV
START:  XLY
START:  XYL
START:  YNDX
START:  YORW
START:  YUM
START:  Z
START:  ZBRA
START:  ZEN
START:  ZLAB
START:  ZNGA
START:  ZS
START:  ZTS
START:  ZYXI
==== MACD golden cross ====
None
code: BR       day: macd + hist + hist_1pre + ,  Week: macd + hist + hist_1pre - , Month: macd + hist + hist_1pre + , 
Trade --> code: BR     BUY: 2009-11-30   21.98 SELL: 2023-02-28  140.78  macd:   -0.18 macd_count: 159 profit:  6.40
Trade --> code: BR     BUY: 2023-06-30  165.63 SELL: 2023-11-30  185.25  macd:    6.82 macd_count:   6 profit:  1.12

code: BX       day: macd + hist + hist_1pre + ,  Week: macd + hist + hist_1pre - , Month: macd + hist + hist_1pre + , 
Trade --> code: BX     BUY: 2011-03-31   17.88 SELL: 2012-05-31   12.04  macd:   -0.12 macd_count:  14 profit:  0.67
Trade --> code: BX     BUY: 2012-12-31   15.59 SELL: 2016-03-31   28.05  macd:   -0.22 macd_count:  39 profit:  1.80
Trade --> code: BX     BUY: 2017-06-30   33.35 SELL: 2023-04-30   89.33  macd:   -0.23 macd_count:  70 profit:  2.68
Trade --> code: BX     BUY: 2023-07-31  104.79 SELL: 2023-11-30  105.78  macd:    1.88 macd_count:   5 profit:  1.01

code: CAMT     day: macd + hist + hist_1pre + ,  Week: macd + hist + hist_1pre - , Month: macd + hist + hist_1pre + , 
Trade --> code: CAMT   BUY: 2006-04-30    5.86 SELL: 2007-04-30    3.97  macd:   -0.04 macd_count:  12 profit:  0.68
Trade --> code: CAMT   BUY: 2010-02-28    2.98 SELL: 2011-12-31    1.75  macd:   -0.02 macd_count:  22 profit:  0.59
Trade --> code: CAMT   BUY: 2013-11-30    4.11 SELL: 2015-09-30    2.58  macd:   -0.02 macd_count:  22 profit:  0.63
Trade --> code: CAMT   BUY: 2016-12-31    3.29 SELL: 2022-12-31   21.96  macd:   -0.33 macd_count:  72 profit:  6.67
Trade --> code: CAMT   BUY: 2023-06-30   35.63 SELL: 2023-11-30   64.30  macd:    7.14 macd_count:   6 profit:  1.80

code: DAC      day: macd + hist + hist_1pre + ,  Week: macd + hist + hist_1pre - , Month: macd + hist + hist_1pre - , 
Trade --> code: DAC    BUY: 2014-01-31   96.46 SELL: 2016-03-31   53.20  macd:   -1.47 macd_count:  26 profit:  0.55
Trade --> code: DAC    BUY: 2021-01-31   26.44 SELL: 2023-11-30   69.25  macd:    2.33 macd_count:  35 profit:  2.62

code: GRVY     day: macd + hist + hist_1pre + ,  Week: macd + hist + hist_1pre - , Month: macd - hist + hist_1pre + , 
Trade --> code: GRVY   BUY: 2012-03-31   11.00 SELL: 2012-09-30    5.28  macd:   -0.13 macd_count:   6 profit:  0.48
Trade --> code: GRVY   BUY: 2016-10-31    5.32 SELL: 2022-02-28   51.64  macd:   -1.03 macd_count:  64 profit:  9.70

code: HUM      day: macd + hist + hist_1pre + ,  Week: macd + hist + hist_1pre - , Month: macd + hist - hist_1pre - , 
Trade --> code: HUM    BUY: 2006-03-31   52.65 SELL: 2008-07-31   43.91  macd:   -0.85 macd_count:  28 profit:  0.83
Trade --> code: HUM    BUY: 2010-05-31   46.05 SELL: 2023-11-30  507.07  macd:   14.69 macd_count: 163 profit: 11.01

code: MA       day: macd + hist + hist_1pre + ,  Week: macd + hist + hist_1pre - , Month: macd + hist + hist_1pre + , 
Trade --> code: MA     BUY: 2008-09-30   17.73 SELL: 2023-11-30  408.95  macd:   15.43 macd_count: 183 profit: 23.06

code: MTSI     day: macd + hist + hist_1pre + ,  Week: macd + hist + hist_1pre - , Month: macd + hist + hist_1pre + , 
Trade --> code: MTSI   BUY: 2014-07-31   19.90 SELL: 2018-01-31   31.10  macd:   -0.01 macd_count:  42 profit:  1.56
Trade --> code: MTSI   BUY: 2020-05-31   31.75 SELL: 2023-11-30   82.79  macd:    5.60 macd_count:  43 profit:  2.61

code: NSIT     day: macd + hist + hist_1pre + ,  Week: macd + hist + hist_1pre - , Month: macd + hist + hist_1pre + , 
Trade --> code: NSIT   BUY: 2006-03-31   22.01 SELL: 2008-03-31   17.50  macd:   -0.20 macd_count:  24 profit:  0.80
Trade --> code: NSIT   BUY: 2010-05-31   14.54 SELL: 2023-11-30  149.85  macd:   14.62 macd_count: 163 profit: 10.31

code: NUAN     day: macd + hist + hist_1pre + ,  Week: macd + hist + hist_1pre - , Month: macd + hist - hist_1pre - , 
Trade --> code: NUAN   BUY: 2005-11-30    5.38 SELL: 2008-11-30    7.94  macd:   -0.14 macd_count:  36 profit:  1.48
Trade --> code: NUAN   BUY: 2009-12-31   13.44 SELL: 2013-05-31   16.44  macd:   -0.10 macd_count:  41 profit:  1.22
Trade --> code: NUAN   BUY: 2015-11-30   18.11 SELL: 2016-07-31   13.90  macd:   -0.05 macd_count:   8 profit:  0.77
Trade --> code: NUAN   BUY: 2017-05-31   16.01 SELL: 2017-09-30   13.60  macd:   -0.04 macd_count:   4 profit:  0.85
Trade --> code: NUAN   BUY: 2019-04-30   14.56 SELL: 2022-03-31   55.99  macd:    7.14 macd_count:  36 profit:  3.85

code: PANW     day: macd + hist + hist_1pre + ,  Week: macd + hist + hist_1pre - , Month: macd + hist + hist_1pre + , 
Trade --> code: PANW   BUY: 2014-11-30   41.00 SELL: 2017-04-30   36.14  macd:   -0.18 macd_count:  29 profit:  0.88
Trade --> code: PANW   BUY: 2017-10-31   49.07 SELL: 2023-11-30  264.03  macd:   25.27 macd_count:  74 profit:  5.38

code: RCII     day: macd + hist + hist_1pre + ,  Week: macd + hist + hist_1pre - , Month: macd - hist + hist_1pre + , 
Trade --> code: RCII   BUY: 2006-10-31   28.76 SELL: 2007-07-31   19.41  macd:   -0.10 macd_count:   9 profit:  0.67
Trade --> code: RCII   BUY: 2010-03-31   23.65 SELL: 2014-01-31   24.94  macd:   -0.00 macd_count:  46 profit:  1.05
Trade --> code: RCII   BUY: 2018-12-31   16.19 SELL: 2022-05-31   27.54  macd:   -0.82 macd_count:  41 profit:  1.70

code: RLI      day: macd - hist + hist_1pre + ,  Week: macd + hist + hist_1pre - , Month: macd + hist - hist_1pre - , 
Trade --> code: RLI    BUY: 2006-03-31   28.65 SELL: 2009-04-30   24.01  macd:   -0.11 macd_count:  37 profit:  0.84
Trade --> code: RLI    BUY: 2010-04-30   29.00 SELL: 2023-11-30  137.22  macd:    6.91 macd_count: 164 profit:  4.73

code: ROCK     day: macd + hist + hist_1pre + ,  Week: macd + hist + hist_1pre - , Month: macd + hist + hist_1pre + , 
Trade --> code: ROCK   BUY: 2006-03-31   29.46 SELL: 2007-06-30   22.15  macd:   -0.05 macd_count:  15 profit:  0.75
Trade --> code: ROCK   BUY: 2012-01-31   15.67 SELL: 2012-07-31    9.52  macd:   -0.08 macd_count:   6 profit:  0.61
Trade --> code: ROCK   BUY: 2012-10-31   12.46 SELL: 2022-03-31   42.95  macd:   -0.57 macd_count: 113 profit:  3.45
Trade --> code: ROCK   BUY: 2023-08-31   75.03 SELL: 2023-11-30   69.44  macd:    2.66 macd_count:   4 profit:  0.93

code: SAIA     day: macd + hist + hist_1pre + ,  Week: macd + hist + hist_1pre - , Month: macd + hist + hist_1pre + , 
Trade --> code: SAIA   BUY: 2006-03-31   19.41 SELL: 2007-09-30   11.02  macd:   -0.37 macd_count:  18 profit:  0.57
Trade --> code: SAIA   BUY: 2011-03-31   10.93 SELL: 2011-08-31    7.98  macd:   -0.03 macd_count:   5 profit:  0.73
Trade --> code: SAIA   BUY: 2012-04-30   12.52 SELL: 2015-11-30   24.51  macd:   -0.82 macd_count:  43 profit:  1.96
Trade --> code: SAIA   BUY: 2016-12-31   44.15 SELL: 2023-11-30  422.57  macd:   45.70 macd_count:  84 profit:  9.57

code: WMS      day: macd + hist + hist_1pre + ,  Week: macd + hist + hist_1pre - , Month: macd + hist + hist_1pre + , 
Trade --> code: WMS    BUY: 2018-03-31   25.90 SELL: 2023-05-31   96.77  macd:   -0.12 macd_count:  62 profit:  3.74
Trade --> code: WMS    BUY: 2023-06-30  113.78 SELL: 2023-11-30  117.92  macd:    4.18 macd_count:   6 profit:  1.04

