Mon Mar 13 13:49:57 UTC 2023
arg[0]: scraping/yahoo-finace-api2.py, arg[1]: stock-code-list/buy-list.txt
===========================
scraping
===========================
START:  AAPL
END:    0.37428760528564453
-
START:  EL
END:    0.716637134552002
-
START:  NEE
END:    1.0929155349731445
-
START:  AMD
END:    1.3785066604614258
-
START:  APH
END:    1.7394235134124756
-
START:  XLP
END:    2.1043925285339355
-
START:  SPXL
END:    2.373167037963867
-
START:  KEYS
END:    2.535444736480713
-
START:  VDC
END:    2.932797908782959
-
START:  SPTM
END:    3.3145499229431152
-
START:  SPLG
END:    3.612175941467285
-
START:  CROX
END:    3.939490795135498
-
START:  AXON
END:    4.238951206207275
-
START:  AWR
END:    4.636538982391357
-
START:  FN
END:    4.832941770553589
-
START:  NXST
END:    5.143121004104614
-
START:  TREX
END:    5.4343202114105225
-
START:  RGEN
END:    6.771526098251343
-
START:  EXPO
END:    7.0694944858551025
-
START:  BCPC
END:    7.417589426040649
-
START:  SOXL
END:    7.68057107925415
-
START:  TECL
END:    8.976125240325928
-
START:  NEO
END:    9.261080265045166
-
START:  NVMI
END:    9.606113910675049
-
START:  NVDA
END:    10.970432043075562
-
START:  BBDC
END:    11.244778871536255
-
START:  APPS
END:    12.549469232559204
-
START:  ROK
END:    12.979044914245605
-
START:  NHTC
END:    13.295531749725342
-
START:  ZYXI
END:    14.649229764938354
-
START:  LIT
END:    15.905669927597046
-
START:  LLY
END:    16.35774850845337
-
START:  GTLB
END:    16.443896532058716
-
START:  MCD
END:    17.871549606323242
-
START:  MSI
END:    18.342783451080322
-
START:  HCP
END:    18.423394203186035
-
START:  ON
END:    18.69906973838806
-
===========================
MACD sell
===========================
START:  AAPL
START:  EL
START:  NEE
START:  AMD
START:  APH
START:  XLP
START:  SPXL
START:  KEYS
START:  VDC
START:  SPTM
START:  SPLG
START:  CROX
START:  AXON
START:  AWR
START:  FN
START:  NXST
START:  TREX
START:  RGEN
START:  EXPO
START:  BCPC
START:  SOXL
START:  TECL
START:  NEO
START:  NVMI
START:  NVDA
START:  BBDC
START:  APPS
START:  ROK
START:  NHTC
START:  ZYXI
START:  LIT
START:  LLY
START:  GTLB
START:  MCD
START:  MSI
START:  HCP
START:  ON
==== MACD list ====
code: AAPL     day: macd + hist - ,  Week: macd + hist + , Month: macd + hist - , 
code: EL       day: macd - hist - ,  Week: macd - hist - , Month: macd - hist - , 
code: NEE      day: macd - hist + ,  Week: macd - hist - , Month: macd + hist - , 
code: AMD      day: macd + hist - ,  Week: macd + hist + , Month: macd - hist - , 
code: APH      day: macd - hist - ,  Week: macd + hist - , Month: macd + hist - , 
code: XLP      day: macd - hist - ,  Week: macd - hist - , Month: macd + hist - , 
code: SPXL     day: macd - hist - ,  Week: macd - hist - , Month: macd - hist - , 
code: KEYS     day: macd - hist - ,  Week: macd - hist - , Month: macd + hist - , 
code: VDC      day: macd - hist - ,  Week: macd - hist - , Month: macd + hist - , 
code: SPTM     day: macd - hist - ,  Week: macd + hist - , Month: macd + hist - , 
code: SPLG     day: macd - hist - ,  Week: macd - hist - , Month: macd + hist - , 
code: CROX     day: macd - hist - ,  Week: macd + hist - , Month: macd + hist + , 
code: AXON     day: macd + hist + ,  Week: macd + hist + , Month: macd + hist + , 
code: AWR      day: macd - hist - ,  Week: macd - hist - , Month: macd + hist - , 
code: FN       day: macd - hist - ,  Week: macd + hist - , Month: macd + hist + , 
code: NXST     day: macd - hist - ,  Week: macd - hist - , Month: macd + hist - , 
code: TREX     day: macd - hist - ,  Week: macd + hist - , Month: macd - hist - , 
code: RGEN     day: macd - hist - ,  Week: macd - hist - , Month: macd - hist - , 
code: EXPO     day: macd - hist - ,  Week: macd + hist - , Month: macd + hist - , 
code: BCPC     day: macd - hist - ,  Week: macd - hist - , Month: macd + hist - , 
code: SOXL     day: macd - hist - ,  Week: macd + hist - , Month: macd - hist - , 
code: TECL     day: macd - hist - ,  Week: macd + hist + , Month: macd - hist - , 
code: NEO      day: macd + hist - ,  Week: macd + hist + , Month: macd - hist + , 
code: NVMI     day: macd + hist + ,  Week: macd + hist + , Month: macd + hist - , 
code: NVDA     day: macd + hist - ,  Week: macd + hist + , Month: macd + hist + , 
code: BBDC     day: macd - hist - ,  Week: macd - hist - , Month: macd - hist - , 
code: APPS     day: macd - hist - ,  Week: macd - hist - , Month: macd - hist - , 
code: ROK      day: macd + hist - ,  Week: macd + hist - , Month: macd + hist + , 
code: NHTC     day: macd + hist - ,  Week: macd + hist + , Month: macd - hist + , 
code: ZYXI     day: macd - hist - ,  Week: macd - hist - , Month: macd + hist + , 
code: LIT      day: macd - hist - ,  Week: macd - hist - , Month: macd + hist - , 
code: LLY      day: macd - hist + ,  Week: macd - hist - , Month: macd + hist - , 
code: GTLB     day: macd - hist - ,  Week: macd - hist - , Month: macd + hist + , 
code: MCD      day: macd - hist - ,  Week: macd + hist - , Month: macd + hist - , 
code: MSI      day: macd + hist - ,  Week: macd + hist - , Month: macd + hist + , 
code: HCP      day: macd - hist - ,  Week: macd - hist - , Month: macd + hist + , 
code: ON       day: macd + hist - ,  Week: macd + hist - , Month: macd + hist + , 
==== MACD sell list ====
code: AAPL     day: macd + hist - , 
code: AAPL     day: macd + hist - ,  Week: macd + hist + , Month: macd + hist - , 
code: EL       day: macd - hist - , 
code: EL       day: macd - hist - ,  Week: macd - hist - , 
code: EL       day: macd - hist - ,  Week: macd - hist - , Month: macd - hist - , 
code: NEE      day: macd - hist + ,  Week: macd - hist - , 
code: NEE      day: macd - hist + ,  Week: macd - hist - , Month: macd + hist - , 
code: AMD      day: macd + hist - , 
code: AMD      day: macd + hist - ,  Week: macd + hist + , Month: macd - hist - , 
code: APH      day: macd - hist - , 
code: APH      day: macd - hist - ,  Week: macd + hist - , 
code: APH      day: macd - hist - ,  Week: macd + hist - , Month: macd + hist - , 
code: XLP      day: macd - hist - , 
code: XLP      day: macd - hist - ,  Week: macd - hist - , 
code: XLP      day: macd - hist - ,  Week: macd - hist - , Month: macd + hist - , 
code: SPXL     day: macd - hist - , 
code: SPXL     day: macd - hist - ,  Week: macd - hist - , 
code: SPXL     day: macd - hist - ,  Week: macd - hist - , Month: macd - hist - , 
code: KEYS     day: macd - hist - , 
code: KEYS     day: macd - hist - ,  Week: macd - hist - , 
code: KEYS     day: macd - hist - ,  Week: macd - hist - , Month: macd + hist - , 
code: VDC      day: macd - hist - , 
code: VDC      day: macd - hist - ,  Week: macd - hist - , 
code: VDC      day: macd - hist - ,  Week: macd - hist - , Month: macd + hist - , 
code: SPTM     day: macd - hist - , 
code: SPTM     day: macd - hist - ,  Week: macd + hist - , 
code: SPTM     day: macd - hist - ,  Week: macd + hist - , Month: macd + hist - , 
code: SPLG     day: macd - hist - , 
code: SPLG     day: macd - hist - ,  Week: macd - hist - , 
code: SPLG     day: macd - hist - ,  Week: macd - hist - , Month: macd + hist - , 
code: CROX     day: macd - hist - , 
code: CROX     day: macd - hist - ,  Week: macd + hist - , 
code: AWR      day: macd - hist - , 
code: AWR      day: macd - hist - ,  Week: macd - hist - , 
code: AWR      day: macd - hist - ,  Week: macd - hist - , Month: macd + hist - , 
code: FN       day: macd - hist - , 
code: FN       day: macd - hist - ,  Week: macd + hist - , 
code: NXST     day: macd - hist - , 
code: NXST     day: macd - hist - ,  Week: macd - hist - , 
code: NXST     day: macd - hist - ,  Week: macd - hist - , Month: macd + hist - , 
code: TREX     day: macd - hist - , 
code: TREX     day: macd - hist - ,  Week: macd + hist - , 
code: TREX     day: macd - hist - ,  Week: macd + hist - , Month: macd - hist - , 
code: RGEN     day: macd - hist - , 
code: RGEN     day: macd - hist - ,  Week: macd - hist - , 
code: RGEN     day: macd - hist - ,  Week: macd - hist - , Month: macd - hist - , 
code: EXPO     day: macd - hist - , 
code: EXPO     day: macd - hist - ,  Week: macd + hist - , 
code: EXPO     day: macd - hist - ,  Week: macd + hist - , Month: macd + hist - , 
code: BCPC     day: macd - hist - , 
code: BCPC     day: macd - hist - ,  Week: macd - hist - , 
code: BCPC     day: macd - hist - ,  Week: macd - hist - , Month: macd + hist - , 
code: SOXL     day: macd - hist - , 
code: SOXL     day: macd - hist - ,  Week: macd + hist - , 
code: SOXL     day: macd - hist - ,  Week: macd + hist - , Month: macd - hist - , 
code: TECL     day: macd - hist - , 
code: TECL     day: macd - hist - ,  Week: macd + hist + , Month: macd - hist - , 
code: NEO      day: macd + hist - , 
code: NVMI     day: macd + hist + ,  Week: macd + hist + , Month: macd + hist - , 
code: NVDA     day: macd + hist - , 
code: BBDC     day: macd - hist - , 
code: BBDC     day: macd - hist - ,  Week: macd - hist - , 
code: BBDC     day: macd - hist - ,  Week: macd - hist - , Month: macd - hist - , 
code: APPS     day: macd - hist - , 
code: APPS     day: macd - hist - ,  Week: macd - hist - , 
code: APPS     day: macd - hist - ,  Week: macd - hist - , Month: macd - hist - , 
code: ROK      day: macd + hist - , 
code: ROK      day: macd + hist - ,  Week: macd + hist - , 
code: NHTC     day: macd + hist - , 
code: ZYXI     day: macd - hist - , 
code: ZYXI     day: macd - hist - ,  Week: macd - hist - , 
code: LIT      day: macd - hist - , 
code: LIT      day: macd - hist - ,  Week: macd - hist - , 
code: LIT      day: macd - hist - ,  Week: macd - hist - , Month: macd + hist - , 
code: LLY      day: macd - hist + ,  Week: macd - hist - , 
code: LLY      day: macd - hist + ,  Week: macd - hist - , Month: macd + hist - , 
code: GTLB     day: macd - hist - , 
code: GTLB     day: macd - hist - ,  Week: macd - hist - , 
code: MCD      day: macd - hist - , 
code: MCD      day: macd - hist - ,  Week: macd + hist - , 
code: MCD      day: macd - hist - ,  Week: macd + hist - , Month: macd + hist - , 
code: MSI      day: macd + hist - , 
code: MSI      day: macd + hist - ,  Week: macd + hist - , 
code: HCP      day: macd - hist - , 
code: HCP      day: macd - hist - ,  Week: macd - hist - , 
code: ON       day: macd + hist - , 
code: ON       day: macd + hist - ,  Week: macd + hist - , 
===========================
profit
===========================
==== plus ====
AXON , macd +, macd hist +, profit:  [71.94], per:  [52.07], now: [210.09], buy: [138.15]
NXST , macd -, macd hist -, profit:   [6.73], per:   [4.14], now: [169.23], buy:  [162.5]
ZYXI , macd -, macd hist -, profit:   [4.41], per:  [69.34], now:  [10.77], buy:   [6.36]
LLY  , macd -, macd hist +, profit:  [54.18], per:  [19.99], now: [325.18], buy:   [271.]
MCD  , macd -, macd hist -, profit:  [13.49], per:   [5.32], now: [266.95], buy: [253.46]
MSI  , macd +, macd hist -, profit:   [9.39], per:   [3.73], now:  [260.8], buy: [251.41]
ON   , macd +, macd hist -, profit:  [17.96], per:    [30.], now:  [77.82], buy:  [59.86]
-
     plus  len:  7
     profit:  [178.1], per: [184.61], per/len(p):  [26.37], per/len(p+m):   [4.99]
-
==== minus ====
AAPL , macd +, macd hist -, profit:       [], per:       [], now: [150.13], buy:       []
EL   , macd -, macd hist -, profit: [-104.05], per: [-30.63], now:  [235.7], buy: [339.75]
NEE  , macd -, macd hist +, profit: [-11.11], per: [-13.01], now:  [74.22], buy:  [85.33]
AMD  , macd +, macd hist -, profit: [-40.41], per: [-33.61], now:  [79.82], buy: [120.23]
APH  , macd -, macd hist -, profit:       [], per:       [], now:  [75.82], buy:       []
XLP  , macd -, macd hist -, profit:  [-0.61], per:  [-0.84], now:  [71.97], buy:  [72.58]
SPXL , macd -, macd hist -, profit: [-69.48], per: [-53.35], now:  [60.75], buy: [130.23]
KEYS , macd -, macd hist -, profit: [-32.56], per:  [-17.5], now:  [153.5], buy: [186.06]
VDC  , macd -, macd hist -, profit:  [-3.93], per:  [-2.08], now:  [185.6], buy: [189.53]
SPTM , macd -, macd hist -, profit:  [-9.09], per: [-16.07], now:  [47.49], buy:  [56.58]
SPLG , macd -, macd hist -, profit:  [-8.82], per: [-16.34], now:  [45.17], buy:  [53.99]
CROX , macd -, macd hist -, profit: [-65.58], per: [-36.96], now: [111.84], buy: [177.42]
AWR  , macd -, macd hist -, profit:       [], per:       [], now:  [85.44], buy:       []
FN   , macd -, macd hist -, profit:  [-0.22], per:  [-0.19], now: [116.64], buy: [116.86]
TREX , macd -, macd hist -, profit: [-21.78], per: [-31.12], now:  [48.22], buy:    [70.]
RGEN , macd -, macd hist -, profit: [-14.13], per:  [-7.86], now: [165.53], buy: [179.66]
EXPO , macd -, macd hist -, profit:  [-1.21], per:   [-1.2], now:   [99.9], buy: [101.11]
BCPC , macd -, macd hist -, profit: [-14.08], per: [-10.28], now:   [123.], buy: [137.08]
SOXL , macd -, macd hist -, profit: [-28.37], per:  [-67.4], now:  [13.72], buy:  [42.09]
TECL , macd -, macd hist -, profit:  [-33.5], per: [-55.15], now:  [27.24], buy:  [60.74]
NEO  , macd +, macd hist -, profit:  [-0.98], per:  [-5.49], now:  [16.86], buy:  [17.84]
NVMI , macd +, macd hist +, profit: [-20.51], per: [-17.89], now:  [94.14], buy: [114.65]
NVDA , macd +, macd hist -, profit: [-27.48], per: [-10.75], now: [228.19], buy: [255.67]
BBDC , macd -, macd hist -, profit:  [-3.06], per: [-28.82], now:   [7.55], buy:   [10.6]
APPS , macd -, macd hist -, profit: [-34.27], per: [-78.47], now:    [9.4], buy:  [43.67]
ROK  , macd +, macd hist -, profit: [-55.61], per: [-16.27], now: [286.28], buy: [341.89]
NHTC , macd +, macd hist -, profit:  [-2.06], per: [-28.73], now:   [5.11], buy:   [7.17]
LIT  , macd -, macd hist -, profit: [-32.09], per: [-34.91], now:  [59.83], buy:  [91.91]
GTLB , macd -, macd hist -, profit:  [-9.79], per: [-18.56], now:  [42.97], buy:  [52.76]
HCP  , macd -, macd hist -, profit:   [-27.], per: [-49.72], now:   [27.3], buy:   [54.3]
-
     minus len:  30
     profit:       [], per:       [], per/len(m):       [], per/len(p+m):       []
-
==== total ====
     profit:       [], per:       [], per/len(p+m):       []
arg[0]: scraping/yahoo-finace-api2.py, arg[1]: stock-code-list/up-month.txt
===========================
scraping
===========================
START:  A
END:    0.3922393321990967
-
START:  AAON
END:    0.7411544322967529
-
START:  AAPL
END:    1.1055188179016113
-
START:  ABG
END:    1.4158525466918945
-
START:  ABT
END:    1.8425135612487793
-
START:  ACLS
END:    2.1392664909362793
-
START:  ACMR
END:    2.2890520095825195
-
START:  ACN
END:    2.6366114616394043
-
START:  ADBE
END:    3.004357099533081
-
START:  ADI
END:    3.339414596557617
-
START:  ADP
END:    3.7359530925750732
-
START:  ADSK
END:    4.095353841781616
-
START:  ADUS
END:    4.321578025817871
-
START:  AEE
END:    4.6915507316589355
-
START:  AGYS
END:    5.019508123397827
-
START:  AIZ
END:    5.394495248794556
-
START:  AJG
END:    5.746748685836792
-
START:  AJRD
END:    6.158697128295898
-
START:  ALB
END:    7.532703876495361
-
START:  ALG
END:    7.87448263168335
-
START:  ALGN
END:    8.302448511123657
-
START:  ALLE
END:    8.504576444625854
-
START:  ALTR
END:    8.632022619247437
-
START:  AMAT
END:    8.997942924499512
-
START:  AMBA
END:    9.22742772102356
-
START:  AMD
END:    9.512219190597534
-
START:  AME
END:    9.860651016235352
-
START:  AMED
END:    10.162559747695923
-
START:  AMEH
END:    11.403720140457153
-
START:  AMGN
END:    11.717397451400757
-
START:  AMN
END:    12.016834497451782
-
START:  AMP
END:    12.316332817077637
-
START:  AMRC
END:    12.55250334739685
-
START:  AMSWA
END:    12.90169906616211
-
START:  AMTX
END:    13.1889066696167
-
START:  AMZN
END:    13.50336241722107
-
START:  AN
END:    13.836992979049683
-
START:  ANSS
END:    14.14282774925232
-
START:  ANTM
Not Found: No data found, symbol may be delisted
START:  AON
END:    14.554160594940186
-
START:  AOSL
END:    14.770792245864868
-
START:  APD
END:    15.175191402435303
-
START:  APH
END:    15.520223617553711
-
START:  APPF
END:    15.716505765914917
-
START:  APPN
END:    15.859299898147583
-
START:  APPS
END:    16.116616249084473
-
START:  AQN
END:    16.37400984764099
-
START:  ARCB
END:    16.75239872932434
-
START:  ARCT
END:    16.94684338569641
-
START:  ARES
END:    17.138360023498535
-
START:  ARGX
END:    17.278541803359985
-
START:  ARWR
END:    17.559638738632202
-
START:  ASML
END:    17.922043800354004
-
START:  ASPN
END:    18.10584044456482
-
START:  ATEC
END:    18.372501134872437
-
START:  ATEN
END:    18.568856477737427
-
START:  ATKR
END:    18.715166091918945
-
START:  ATOM
END:    19.859469413757324
-
START:  ATR
END:    21.236474990844727
-
START:  ATRC
END:    21.589718341827393
-
START:  AUDC
END:    21.903608322143555
-
START:  AUPH
END:    22.08513855934143
-
START:  AVAV
END:    22.34798550605774
-
START:  AVGO
END:    22.581902503967285
-
START:  AVID
END:    22.867541551589966
-
START:  AVNW
END:    23.165777921676636
-
START:  AVXL
END:    23.429452180862427
-
START:  AVY
END:    24.824941873550415
-
START:  AWK
END:    25.114745140075684
-
START:  AWR
END:    25.564100742340088
-
START:  AXON
END:    25.838541984558105
-
START:  AZO
END:    26.124502420425415
-
START:  AZPN
END:    26.41447114944458
-
START:  BAH
END:    26.653823375701904
-
START:  BAM
END:    27.72721266746521
-
START:  BAX
END:    28.104700326919556
-
START:  BBH
END:    28.473069190979004
-
START:  BBQ
END:    28.827402353286743
-
START:  BBY
END:    29.271905660629272
-
START:  BCPC
END:    29.627838611602783
-
START:  BDX
END:    30.004557132720947
-
START:  BEEM
END:    30.219183444976807
-
START:  BFAM
END:    30.408536911010742
-
START:  BFC
END:    30.71226453781128
-
START:  BGFV
END:    31.035425901412964
-
START:  BGNE
END:    31.19065809249878
-
START:  BHVN
END:    32.28010296821594
-
START:  BIO
END:    32.56853747367859
-
START:  BL
END:    32.715734243392944
-
START:  BLD
END:    32.89997696876526
-
START:  BLDP
END:    34.21343946456909
-
START:  BLDR
END:    34.47227120399475
-
START:  BLFS
END:    35.80220818519592
-
START:  BLK
END:    36.10974192619324
-
START:  BLL
Not Found: No data found, symbol may be delisted
START:  BLNK
END:    36.39406704902649
-
START:  BMI
END:    37.78255915641785
-
START:  BOOT
END:    37.961546897888184
-
START:  BOTZ
END:    38.12887763977051
-
START:  BR
END:    39.401057958602905
-
START:  BRKR
END:    39.737220287323
-
START:  BRKS
Not Found: No data found, symbol may be delisted
START:  BRO
END:    41.15870475769043
-
START:  BURL
END:    42.37949991226196
-
START:  BX
END:    42.63787341117859
-
START:  CABO
END:    42.85097122192383
-
START:  CACI
END:    44.16836500167847
-
START:  CALX
END:    44.40249466896057
-
START:  CAMT
END:    44.67993140220642
-
START:  CAR
END:    46.03973460197449
-
START:  CBRE
END:    47.34188485145569
-
START:  CBSH
END:    47.733718395233154
-
START:  CBZ
END:    48.037803649902344
-
START:  CCOI
END:    48.360507011413574
-
START:  CCS
END:    48.548399925231934
-
START:  CDMO
END:    48.852510929107666
-
START:  CDNA
END:    49.03726100921631
-
START:  CDNS
END:    49.38543748855591
-
START:  CDW
END:    49.59357762336731
-
START:  CELH
END:    50.850600719451904
-
START:  CGNX
END:    51.19302201271057
-
START:  CHD
END:    51.6817672252655
-
START:  CHDN
END:    52.04849147796631
-
START:  CHE
END:    52.432156562805176
-
START:  CHGG
END:    52.60551404953003
-
START:  CHH
END:    52.92659282684326
-
START:  CHKP
END:    53.24322438240051
-
START:  CHTR
END:    56.47385835647583
-
START:  CIEN
END:    56.81452465057373
-
START:  CLAR
END:    57.13570022583008
-
START:  CLFD
END:    57.436564445495605
-
START:  CLGN
END:    57.575732946395874
-
START:  CLNE
END:    57.87840270996094
-
START:  CLPT
END:    58.0980863571167
-
START:  CLX
END:    58.520575284957886
-
START:  CMCSA
END:    58.892327547073364
-
START:  CMG
END:    59.152672290802
-
START:  CMS
END:    59.574986696243286
-
START:  CNC
END:    59.86067819595337
-
START:  CNI
END:    60.320223331451416
-
START:  CNMD
END:    60.66024947166443
-
START:  CNS
END:    60.98263621330261
-
START:  CNXN
END:    61.288694620132446
-
START:  COO
END:    61.66323113441467
-
START:  COST
END:    62.03854966163635
-
START:  COUP
END:    62.182565689086914
-
START:  COWN
END:    63.478410482406616
-
START:  CP
END:    63.86941599845886
-
START:  CPK
END:    64.22509384155273
-
START:  CPRT
END:    64.52705574035645
-
START:  CPSH
END:    64.81824398040771
-
START:  CRAI
END:    65.15763854980469
-
START:  CREE
Not Found: No data found, symbol may be delisted
START:  CRL
END:    65.5062849521637
-
START:  CRM
END:    66.82499551773071
-
START:  CRMT
END:    68.17416071891785
-
START:  CROX
END:    68.44180130958557
-
START:  CRSP
END:    68.6161801815033
-
START:  CRVL
END:    68.9062283039093
-
START:  CSGP
END:    69.20271420478821
-
START:  CSL
END:    70.59736037254333
-
START:  CSWI
END:    70.77242183685303
-
START:  CSX
END:    71.12589526176453
-
START:  CTAS
END:    71.49698448181152
-
START:  CTLT
END:    71.67513847351074
-
START:  CTRN
END:    71.96116161346436
-
START:  CURE
END:    72.17183065414429
-
START:  CVCO
END:    72.44899654388428
-
START:  CVNA
END:    73.65838265419006
-
START:  CWST
END:    73.95376992225647
-
START:  CWT
END:    74.32013082504272
-
START:  CXSE
END:    75.57503986358643
-
START:  CYBR
END:    75.72895216941833
-
START:  CYRX
END:    75.98489356040955
-
START:  CYTK
END:    76.26513147354126
-
START:  DAC
END:    77.55476570129395
-
START:  DAR
END:    77.84420704841614
-
START:  DAVA
END:    77.98046469688416
-
START:  DDS
END:    78.313960313797
-
START:  DE
END:    78.67439866065979
-
START:  DECK
END:    79.01764369010925
-
START:  DELL
END:    79.19788789749146
-
START:  DFIN
END:    80.38675045967102
-
START:  DG
END:    80.64381814002991
-
START:  DGRW
END:    80.86055946350098
-
START:  DHI
END:    81.20574855804443
-
START:  DHR
END:    81.63627696037292
-
START:  DIA
END:    81.98000979423523
-
START:  DIOD
END:    82.28175687789917
-
START:  DIS
END:    82.68289113044739
-
START:  DKS
END:    83.01323437690735
-
START:  DLN
END:    83.35207986831665
-
START:  DNLI
END:    84.49103283882141
-
START:  DOMO
END:    84.622225522995
-
START:  DOV
END:    86.0667576789856
-
START:  DPZ
END:    86.3790135383606
-
START:  DQ
END:    86.57375931739807
-
START:  DRD
END:    86.88246893882751
-
START:  DRIO
END:    87.03396606445312
-
START:  DRNA
Not Found: No data found, symbol may be delisted
START:  DSGX
END:    87.39297866821289
-
START:  DVAX
END:    87.65931177139282
-
START:  DXCM
END:    87.9658145904541
-
START:  ECL
END:    88.36300992965698
-
START:  EFX
END:    89.77189826965332
-
START:  EGAN
END:    90.09462237358093
-
START:  EHC
END:    90.41961097717285
-
START:  EL
END:    91.79822182655334
-
START:  ENPH
END:    92.01187634468079
-
START:  ENSG
END:    92.33418130874634
-
START:  ENTG
END:    92.63635635375977
-
START:  ENV
END:    92.84402060508728
-
START:  EPAM
END:    93.06204771995544
-
START:  ERIE
END:    94.43791007995605
-
START:  ES
END:    94.82550954818726
-
START:  ESE
END:    95.18482089042664
-
START:  ETN
END:    95.58413910865784
-
START:  ETSY
END:    96.77581977844238
-
START:  EVBG
END:    96.97194409370422
-
START:  EVTC
END:    98.19998002052307
-
START:  EW
END:    98.53148055076599
-
START:  EWT
END:    98.97572112083435
-
START:  EXAS
END:    99.27772426605225
-
START:  EXLS
END:    99.5524525642395
-
START:  EXPD
END:    99.87212562561035
-
START:  EXPI
END:    100.05923318862915
-
START:  EXPO
END:    100.37760663032532
-
START:  FAST
END:    100.73253297805786
-
START:  FATE
END:    100.9351224899292
-
START:  FB
Not Found: No data found, symbol may be delisted
START:  FCN
END:    101.30671834945679
-
START:  FCX
END:    101.65669345855713
-
START:  FDN
END:    101.90134406089783
-
START:  FDS
END:    102.24681663513184
-
START:  FELE
END:    102.64571952819824
-
START:  FFIN
END:    103.00610065460205
-
START:  FICO
END:    103.37353587150574
-
START:  FINX
END:    103.53858423233032
-
START:  FIS
END:    103.88305044174194
-
START:  FISV
END:    104.16615033149719
-
START:  FIVE
END:    104.35419297218323
-
START:  FIVN
END:    104.58950161933899
-
START:  FLGT
END:    104.74159693717957
-
START:  FLT
END:    105.98732018470764
-
START:  FLWS
END:    107.31803154945374
-
START:  FN
END:    107.54097533226013
-
START:  FND
END:    107.67964196205139
-
START:  FNV
END:    108.9753885269165
-
START:  FORM
END:    112.31287574768066
-
START:  FOXF
END:    112.48326206207275
-
START:  FPX
END:    112.75503301620483
-
START:  FRC
END:    114.02763199806213
-
START:  FRHC
END:    114.17011904716492
-
START:  FRPT
END:    114.35900473594666
-
START:  FSS
END:    114.6783664226532
-
START:  FTNT
END:    114.9154462814331
-
START:  FUV
END:    115.03209805488586
-
START:  GDEN
END:    115.3381040096283
-
START:  GFI
END:    115.73726058006287
-
START:  GGG
END:    116.11366558074951
-
START:  GIB
END:    116.43406915664673
-
START:  GLDD
END:    116.70045208930969
-
START:  GLOB
END:    116.8761899471283
-
START:  GMAB
END:    117.10726571083069
-
START:  GME
END:    117.42551064491272
-
START:  GMED
END:    117.61713075637817
-
START:  GNRC
END:    117.82180070877075
-
START:  GNSS
END:    119.11102509498596
-
START:  GNTX
END:    119.45953226089478
-
START:  GOLF
END:    119.61521220207214
-
START:  GOOG
END:    119.91092324256897
-
START:  GOOGL
END:    121.2511351108551
-
START:  GPI
END:    122.66734504699707
-
START:  GPN
END:    122.97995162010193
-
START:  GRBK
END:    123.24225902557373
-
START:  GRMN
END:    123.60829138755798
-
START:  GRVY
END:    123.91534757614136
-
START:  GRWG
END:    124.05644583702087
-
START:  GWRE
END:    124.2372350692749
-
START:  HACK
END:    124.44180130958557
-
START:  HALO
END:    125.75636553764343
-
START:  HCI
END:    126.07957005500793
-
START:  HD
END:    126.44679713249207
-
START:  HEI
END:    126.8303804397583
-
START:  HELE
END:    128.163959980011
-
START:  HIBB
END:    128.52739691734314
-
START:  HLI
END:    128.69717502593994
-
START:  HLT
END:    128.89290237426758
-
START:  HOLX
END:    130.1964943408966
-
START:  HON
END:    130.62428283691406
-
START:  HOV
END:    130.89880800247192
-
START:  HRC
Not Found: No data found, symbol may be delisted
START:  HRI
END:    133.23986506462097
-
START:  HSKA
END:    133.5300042629242
-
START:  HTHT
END:    134.79134392738342
-
START:  HUBS
END:    134.97006750106812
-
START:  HUM
END:    135.35542488098145
-
START:  HZNP
END:    135.56859850883484
-
START:  IAC
END:    135.90955185890198
-
START:  IBP
END:    137.12560319900513
-
START:  ICE
END:    137.39766716957092
-
START:  ICLN
END:    137.66308641433716
-
START:  ICLR
END:    137.97777223587036
-
START:  IDT
END:    138.30904364585876
-
START:  IDXX
END:    138.62904238700867
-
START:  IESC
END:    138.91892766952515
-
START:  IEX
END:    140.30539870262146
-
START:  ILMN
END:    141.62723231315613
-
START:  INFO
Not Found: No data found, symbol may be delisted
START:  INOV
Not Found: No data found, symbol may be delisted
START:  INSP
END:    142.87548971176147
-
START:  INTC
END:    143.22764992713928
-
START:  INTU
END:    143.58968544006348
-
START:  INTZ
END:    143.87635445594788
-
START:  INVE
END:    144.15743279457092
-
START:  IOO
END:    145.5753481388092
-
START:  IQV
END:    145.78717947006226
-
START:  IRDM
END:    146.018568277359
-
START:  IRMD
END:    149.2289867401123
-
START:  ISEE
END:    149.4126570224762
-
START:  ISRG
END:    149.70045495033264
-
START:  IT
END:    151.0351197719574
-
START:  ITT
END:    152.43177008628845
-
START:  ITW
END:    152.80643343925476
-
START:  IVOG
END:    153.03168201446533
-
START:  IVV
END:    153.38912987709045
-
START:  IXJ
END:    153.7377941608429
-
START:  IXN
END:    154.06139540672302
-
START:  J
END:    154.39887952804565
-
START:  JBL
END:    154.71384739875793
-
START:  JBSS
END:    156.03677701950073
-
START:  JD
END:    156.21738815307617
-
START:  JKHY
END:    156.6421504020691
-
START:  JKS
END:    157.88511085510254
-
START:  JNJ
END:    158.29365730285645
-
START:  JOE
END:    159.64797401428223
-
START:  JOUT
END:    159.9752790927887
-
START:  JYNT
END:    160.14529085159302
-
START:  KAI
END:    160.4518542289734
-
START:  KBH
END:    160.79895687103271
-
START:  KBR
END:    161.07595348358154
-
START:  KDMN
Not Found: No data found, symbol may be delisted
START:  KEYS
END:    161.31074404716492
-
START:  KLAC
END:    162.6439504623413
-
START:  KLIC
END:    162.9574999809265
-
START:  KMX
END:    163.27199506759644
-
START:  KNSL
END:    163.42710161209106
-
START:  KOPN
END:    164.76225519180298
-
START:  KOSS
END:    165.0886995792389
-
START:  KRNT
END:    165.27934551239014
-
START:  KSU
Not Found: No data found, symbol may be delisted
START:  KTOS
END:    167.72539520263672
-
START:  LAC
END:    167.94568061828613
-
START:  LAD
END:    168.29010319709778
-
START:  LANC
END:    169.72294878959656
-
START:  LAWS
Not Found: No data found, symbol may be delisted
START:  LDOS
END:    170.0819127559662
-
START:  LFMD
END:    170.31366276741028
-
START:  LGIH
END:    170.4971673488617
-
START:  LH
END:    170.80805134773254
-
START:  LHCG
END:    171.10023975372314
-
START:  LHX
END:    171.49299144744873
-
START:  LII
END:    171.82838439941406
-
START:  LIN
END:    172.16234374046326
-
START:  LINC
END:    172.46253061294556
-
START:  LIT
END:    172.70276427268982
-
START:  LLY
END:    173.14720630645752
-
START:  LMT
END:    173.50154852867126
-
START:  LNT
END:    174.88611841201782
-
START:  LOB
END:    175.0709090232849
-
START:  LOGI
END:    175.3679358959198
-
START:  LOVE
END:    176.5363733768463
-
START:  LOW
END:    176.89162516593933
-
START:  LPLA
END:    177.1069962978363
-
START:  LPSN
END:    177.40851759910583
-
START:  LQDT
END:    177.6774036884308
-
START:  LRCX
END:    177.99962306022644
-
START:  LSCC
END:    179.31599688529968
-
START:  LSTR
END:    179.63342308998108
-
START:  LULU
END:    179.90301370620728
-
START:  LUNA
END:    180.15946125984192
-
START:  MA
END:    180.50064206123352
-
START:  MANH
END:    181.8105776309967
-
START:  MANT
Not Found: No data found, symbol may be delisted
START:  MARA
END:    183.08799386024475
-
START:  MASI
END:    183.35375356674194
-
START:  MATX
END:    183.6925072669983
-
START:  MBUU
END:    186.92655396461487
-
START:  MCD
END:    187.32821011543274
-
START:  MCHP
END:    187.64849305152893
-
START:  MCO
END:    188.0549440383911
-
START:  MDB
END:    188.18297481536865
-
START:  MDT
END:    188.574533700943
-
START:  MEDP
END:    188.72889399528503
-
START:  MEDS
END:    188.89110851287842
-
START:  MELI
END:    190.2364466190338
-
START:  MGC
END:    190.53266310691833
-
START:  MGIC
END:    190.85508513450623
-
START:  MGK
END:    191.16009879112244
-
START:  MGNI
END:    191.36149525642395
-
START:  MHO
END:    191.6999328136444
-
START:  MIME
Not Found: No data found, symbol may be delisted
START:  MITK
END:    192.04769134521484
-
START:  MKC
END:    192.4249291419983
-
START:  MKSI
END:    192.74822688102722
-
START:  MKTX
END:    194.06214237213135
-
START:  MLAB
END:    195.41640186309814
-
START:  MLR
END:    195.72589993476868
-
START:  MMC
END:    197.11673045158386
-
START:  MMS
END:    197.45738077163696
-
START:  MNMD
END:    197.60932731628418
-
START:  MNST
END:    197.9194405078888
-
START:  MODN
END:    198.09491419792175
-
START:  MODV
END:    198.37285161018372
-
START:  MOH
END:    198.6737403869629
-
START:  MORN
END:    198.978928565979
-
START:  MPWR
END:    199.27551674842834
-
START:  MRTX
END:    199.46758198738098
-
START:  MRVL
END:    199.89107584953308
-
START:  MS
END:    200.2203013896942
-
START:  MSA
END:    200.57723736763
-
START:  MSCI
END:    200.85344696044922
-
START:  MSEX
END:    202.23231506347656
-
START:  MSFT
END:    202.54608511924744
-
START:  MSI
END:    202.96915578842163
-
START:  MSTR
END:    204.27015280723572
-
START:  MTBC
END:    204.4377634525299
-
START:  MTCH
END:    204.8037166595459
-
START:  MTD
END:    205.10377860069275
-
START:  MTEX
END:    205.4168140888214
-
START:  MTH
END:    205.81319165229797
-
START:  MTLS
END:    207.00293850898743
-
START:  MTSI
END:    207.21250796318054
-
START:  MU
END:    207.5368971824646
-
START:  MUSA
END:    207.73168897628784
-
START:  MVIS
END:    209.08983278274536
-
START:  MXL
END:    209.3474678993225
-
START:  MYRG
END:    209.577490568161
-
START:  NBIX
END:    210.92177939414978
-
START:  NCBS
Not Found: No data found, symbol may be delisted
START:  NDAQ
END:    212.42081880569458
-
START:  NDSN
END:    213.87557172775269
-
START:  NEE
END:    214.24760818481445
-
START:  NEO
END:    214.54534602165222
-
START:  NEOG
END:    214.8651819229126
-
START:  NFLX
END:    218.1824221611023
-
START:  NICE
END:    218.53014302253723
-
START:  NISN
END:    218.671377658844
-
START:  NKE
END:    219.02244400978088
-
START:  NOVT
END:    219.34394311904907
-
START:  NOW
END:    219.5898609161377
-
START:  NSC
END:    220.98490643501282
-
START:  NSIT
END:    221.2859230041504
-
START:  NSSC
END:    221.59621167182922
-
START:  NSTG
END:    221.79835438728333
-
START:  NTLA
END:    221.93311047554016
-
START:  NTRA
END:    222.08958530426025
-
START:  NUAN
Not Found: No data found, symbol may be delisted
START:  NVCR
END:    222.33484077453613
-
START:  NVDA
END:    222.68246269226074
-
START:  NVMI
END:    222.9753806591034
-
START:  NVO
END:    223.34725642204285
-
START:  NVR
END:    223.66117191314697
-
START:  NXST
END:    224.03096437454224
-
START:  NYT
END:    224.38333439826965
-
START:  OBCI
Not Found: No data found, symbol may be delisted
START:  ODFL
END:    225.7542986869812
-
START:  OEF
END:    226.08130145072937
-
START:  OFLX
END:    226.40077424049377
-
START:  OLED
END:    226.71862030029297
-
START:  OMCL
END:    227.07298874855042
-
START:  ON
END:    227.3800265789032
-
START:  OOMA
END:    227.5294201374054
-
START:  OPRX
END:    227.77928614616394
-
START:  ORA
END:    229.16346430778503
-
START:  ORCL
END:    229.49166131019592
-
START:  ORLY
END:    230.8137993812561
-
START:  ORMP
END:    231.05413556098938
-
START:  OTEX
END:    232.40892267227173
-
START:  PACB
END:    232.63762521743774
-
START:  PAG
END:    233.0396373271942
-
START:  PANW
END:    234.26950073242188
-
START:  PAR
END:    234.58518934249878
-
START:  PAYC
END:    235.7791075706482
-
START:  PAYX
END:    236.1199595928192
-
START:  PBD
END:    237.41464376449585
-
START:  PCTY
END:    237.59424209594727
-
START:  PEGA
END:    237.95680570602417
-
START:  PEN
END:    238.13555192947388
-
START:  PENN
END:    239.4266550540924
-
START:  PEP
END:    239.9016191959381
-
START:  PERI
END:    240.1434404850006
-
START:  PFSI
END:    241.34666109085083
-
START:  PGR
END:    241.7224383354187
-
START:  PH
END:    242.0821442604065
-
START:  PHM
END:    242.4317750930786
-
START:  PKI
END:    242.78438544273376
-
START:  PLL
END:    242.90781044960022
-
START:  PLNT
END:    243.06612348556519
-
START:  PLUG
END:    243.35181283950806
-
START:  PLXS
END:    244.65275287628174
-
START:  PODD
END:    244.91048216819763
-
START:  POOL
END:    245.2499053478241
-
START:  POWI
END:    246.59787917137146
-
START:  PRFT
END:    246.88877892494202
-
START:  PRI
END:    247.13746976852417
-
START:  PRTA
END:    247.3317596912384
-
START:  PRTS
END:    247.58968925476074
-
START:  PTSI
END:    247.9014813899994
-
START:  PWR
END:    248.2346818447113
-
START:  PYPL
END:    249.45967626571655
-
START:  QADA
Not Found: No data found, symbol may be delisted
START:  QCLN
END:    249.78724575042725
-
START:  QDEL
END:    250.08591437339783
-
START:  QGEN
END:    250.39373993873596
-
START:  QLYS
END:    251.59201455116272
-
START:  QQQ
END:    251.9669075012207
-
START:  QRVO
END:    252.14576768875122
-
START:  QTWO
END:    252.3122684955597
-
START:  RADA
Not Found: No data found, symbol may be delisted
START:  RAMP
END:    253.68073439598083
-
START:  RBA
END:    254.01343774795532
-
START:  RCII
END:    254.35771918296814
-
START:  RCKY
END:    254.65817546844482
-
START:  RDNT
END:    254.9375228881836
-
START:  RDVT
END:    255.1150770187378
-
START:  RDWR
END:    256.43321442604065
-
START:  REGI
END:    256.64539766311646
-
START:  RENN
END:    256.87802505493164
-
START:  RGEN
END:    257.16011333465576
-
START:  RH
END:    257.3608214855194
-
START:  RILY
END:    258.688223361969
-
START:  RIOT
END:    258.8864998817444
-
START:  RLI
END:    260.3555312156677
-
START:  RLMD
END:    260.5215480327606
-
START:  RMD
END:    260.92161798477173
-
START:  RNG
END:    261.10447883605957
-
START:  ROBO
END:    261.30158734321594
-
START:  ROCK
END:    261.6823308467865
-
START:  ROK
END:    263.03880310058594
-
START:  ROKU
END:    263.1742820739746
-
START:  ROL
END:    263.53705644607544
-
START:  ROP
END:    263.8751468658447
-
START:  ROST
END:    264.2473530769348
-
START:  RPD
END:    265.4272243976593
-
START:  RPM
END:    265.8139548301697
-
START:  RSG
END:    267.13824367523193
-
START:  RTH
END:    267.45333790779114
-
START:  RUN
END:    267.6300609111786
-
START:  RXI
END:    267.88546919822693
-
START:  SAIA
END:    268.21442914009094
-
START:  SAIC
END:    269.43081855773926
-
START:  SAM
END:    269.7383692264557
-
START:  SAVA
END:    270.02487087249756
-
START:  SCI
END:    270.4162735939026
-
START:  SCL
END:    270.8146207332611
-
START:  SE
END:    270.972439289093
-
START:  SEAS
END:    271.1697521209717
-
START:  SEDG
END:    272.3793354034424
-
START:  SFBS
END:    272.6011321544647
-
START:  SGEN
END:    272.9105932712555
-
START:  SGMS
Not Found: No data found, symbol may be delisted
START:  SGRY
END:    274.1425302028656
-
START:  SHOP
END:    274.3559715747833
-
START:  SHW
END:    274.7482912540436
-
START:  SHYF
END:    276.1045832633972
-
START:  SITE
END:    276.2473249435425
-
START:  SIVB
END:    276.54168725013733
-
START:  SJW
END:    276.91993403434753
-
START:  SKY
END:    277.2981445789337
-
START:  SLAB
END:    277.6016778945923
-
START:  SLP
END:    277.9226725101471
-
START:  SMH
END:    278.26095485687256
-
START:  SMTC
END:    279.58115220069885
-
START:  SNAP
END:    279.80382204055786
-
START:  SNPS
END:    281.1130087375641
-
START:  SOCL
END:    281.3324990272522
-
START:  SOXL
END:    281.56432342529297
-
START:  SPGI
END:    281.9033246040344
-
START:  SPLG
END:    283.20992279052734
-
START:  SPLK
END:    283.4158561229706
-
START:  SPNS
END:    283.7294931411743
-
START:  SPSC
END:    283.96925258636475
-
START:  SPTM
END:    284.3186106681824
-
START:  SPWH
END:    284.48170137405396
-
START:  SPWR
END:    284.77740383148193
-
START:  SPXC
END:    285.1330711841583
-
START:  SPXL
END:    286.4262614250183
-
START:  SPY
END:    286.7938861846924
-
START:  SPYG
END:    288.154536485672
-
START:  SQ
END:    288.3021388053894
-
START:  SSD
END:    288.6397030353546
-
START:  SSNC
END:    288.9037115573883
-
START:  SSTK
END:    290.14071893692017
-
START:  STAA
END:    290.44593501091003
-
START:  STE
END:    290.77801752090454
-
START:  SUSA
END:    291.0895416736603
-
START:  SYK
END:    291.4512982368469
-
START:  SYNA
END:    291.7856707572937
-
START:  TBBK
END:    292.0964367389679
-
START:  TBK
Not Found: No data found, symbol may be delisted
START:  TDG
END:    293.5116124153137
-
START:  TDOC
END:    293.6827805042267
-
START:  TDY
END:    294.9978675842285
-
START:  TEAM
END:    295.1522271633148
-
START:  TECH
END:    295.4664623737335
-
START:  TECL
END:    295.7734944820404
-
START:  TER
END:    297.1447014808655
-
START:  TFX
END:    298.5390727519989
-
START:  TGH
END:    298.80706429481506
-
START:  TGLS
END:    299.0152521133423
-
START:  TGT
END:    299.37602949142456
-
START:  TGTX
END:    300.6009855270386
-
START:  THC
END:    300.9072506427765
-
START:  TJX
END:    301.2738108634949
-
START:  TMO
END:    301.6121914386749
-
START:  TMUS
END:    301.8689467906952
-
START:  TNDM
END:    302.057147026062
-
START:  TNET
END:    302.2352294921875
-
START:  TPX
END:    302.5504765510559
-
START:  TREX
END:    303.85641598701477
-
START:  TRI
END:    304.16557478904724
-
START:  TRIL
Not Found: No data found, symbol may be delisted
START:  TRMB
END:    304.54011154174805
-
START:  TRNS
END:    304.8397195339203
-
START:  TROW
END:    305.3004083633423
-
START:  TRU
END:    305.48121070861816
-
START:  TRUP
END:    305.66145420074463
-
START:  TSCO
END:    305.99380707740784
-
START:  TSLA
END:    307.2487132549286
-
START:  TSM
END:    308.5820257663727
-
START:  TT
END:    308.9812695980072
-
START:  TTC
END:    309.3495910167694
-
START:  TTD
END:    309.5138690471649
-
START:  TTEC
END:    310.8471415042877
-
START:  TTEK
END:    311.165043592453
-
START:  TTGT
END:    312.3997321128845
-
START:  TTWO
END:    312.7376449108124
-
START:  TWLO
END:    312.8920555114746
-
START:  TXN
END:    313.2838201522827
-
START:  TYL
END:    313.5888328552246
-
START:  UCTT
END:    313.879757642746
-
START:  UFPI
END:    315.20813822746277
-
START:  UFPT
END:    315.4955370426178
-
START:  UI
END:    315.69618248939514
-
START:  UMC
END:    316.03268480300903
-
START:  UNF
END:    317.4137077331543
-
START:  UNH
END:    317.7461094856262
-
START:  UNP
END:    318.0786271095276
-
START:  UPLD
END:    318.2594702243805
-
START:  URI
END:    319.58952045440674
-
START:  V
END:    319.85566782951355
-
START:  VALU
END:    320.23843455314636
-
START:  VBK
END:    320.55064129829407
-
START:  VCEL
END:    320.8407039642334
-
START:  VCR
END:    321.1323940753937
-
START:  VCTR
END:    321.3294801712036
-
START:  VCYT
END:    321.50553011894226
-
START:  VDC
END:    321.8202726840973
-
START:  VEEV
END:    322.0016186237335
-
START:  VERU
END:    322.3164608478546
-
START:  VGT
END:    322.6820774078369
-
START:  VHT
END:    322.99671721458435
-
START:  VIAV
END:    323.31105732917786
-
START:  VICR
END:    323.6658637523651
-
START:  VIG
END:    323.9445250034332
-
START:  VO
END:    325.30530977249146
-
START:  VONE
END:    326.54734992980957
-
START:  VONG
END:    327.7751579284668
-
START:  VOO
END:    329.0275275707245
-
START:  VOOG
END:    329.24535870552063
-
START:  VOOV
END:    329.4843821525574
-
START:  VOT
END:    329.8086349964142
-
START:  VPU
END:    330.13303875923157
-
START:  VRNS
END:    330.3166744709015
-
START:  VRSK
END:    330.55985832214355
-
START:  VRSN
END:    331.8724739551544
-
START:  VRTV
END:    332.0653326511383
-
START:  VSTO
END:    332.23090624809265
-
START:  VTHR
END:    332.5750427246094
-
START:  VTI
END:    332.9095208644867
-
START:  VTNR
END:    333.2086458206177
-
START:  VTWG
END:    333.43116641044617
-
START:  VUG
END:    333.76401233673096
-
START:  VV
END:    334.05971789360046
-
START:  VXF
END:    334.39597034454346
-
START:  WCN
END:    337.72997403144836
-
START:  WD
END:    337.9504745006561
-
START:  WDAY
END:    338.15107679367065
-
START:  WDFC
END:    338.5406994819641
-
START:  WEC
END:    338.9074454307556
-
START:  WEN
END:    340.2763934135437
-
START:  WINA
END:    340.62224769592285
-
START:  WING
END:    340.80798745155334
-
START:  WIRE
END:    341.13576102256775
-
START:  WIX
END:    341.32929039001465
-
START:  WK
END:    341.4981937408447
-
START:  WLTW
Not Found: No data found, symbol may be delisted
START:  WM
END:    341.9430413246155
-
START:  WMS
END:    342.1381974220276
-
START:  WNS
END:    342.4413433074951
-
START:  WRB
END:    342.80773544311523
-
START:  WSC
END:    343.04664731025696
-
START:  WSM
END:    343.40385222435
-
START:  WST
END:    344.7847990989685
-
START:  WTRG
END:    345.13955950737
-
START:  WTS
END:    345.5061717033386
-
START:  XEL
END:    345.9179117679596
-
START:  XENE
END:    349.10898876190186
-
START:  XLK
END:    349.4787425994873
-
START:  XLNX
Not Found: No data found, symbol may be delisted
START:  XLP
END:    349.8916566371918
-
START:  XLRN
Not Found: No data found, symbol may be delisted
START:  XLU
END:    350.26824975013733
-
START:  XLV
END:    350.6662073135376
-
START:  XLY
END:    352.03711462020874
-
START:  XYL
END:    352.27493119239807
-
START:  YNDX
END:    352.4594612121582
-
START:  YORW
END:    352.7741107940674
-
START:  YUM
END:    353.1151440143585
-
START:  Z
END:    353.28744769096375
-
START:  ZBRA
END:    353.61893010139465
-
START:  ZEN
Not Found: No data found, symbol may be delisted
START:  ZLAB
END:    353.8151202201843
-
START:  ZNGA
Not Found: No data found, symbol may be delisted
START:  ZS
END:    353.99915528297424
-
START:  ZTS
END:    354.2162251472473
-
START:  ZYXI
END:    354.52332735061646
-
===========================
MACD golden cross
===========================
START:  code
START:  A
START:  AAON
START:  AAPL
START:  ABG
START:  ABT
START:  ACLS
START:  ACMR
START:  ACN
START:  ADBE
START:  ADI
START:  ADP
START:  ADSK
START:  ADUS
START:  AEE
START:  AGYS
START:  AIZ
START:  AJG
START:  AJRD
START:  ALB
START:  ALG
START:  ALGN
START:  ALLE
START:  ALTR
START:  AMAT
START:  AMBA
START:  AMD
START:  AME
START:  AMED
START:  AMEH
START:  AMGN
START:  AMN
START:  AMP
START:  AMRC
START:  AMSWA
START:  AMTX
START:  AMZN
START:  AN
START:  ANSS
START:  ANTM
START:  AON
START:  AOSL
START:  APD
START:  APH
START:  APPF
START:  APPN
START:  APPS
START:  AQN
START:  ARCB
START:  ARCT
START:  ARES
START:  ARGX
START:  ARWR
START:  ASML
START:  ASPN
START:  ATEC
START:  ATEN
START:  ATKR
START:  ATOM
START:  ATR
START:  ATRC
START:  AUDC
START:  AUPH
START:  AVAV
START:  AVGO
START:  AVID
START:  AVNW
START:  AVXL
START:  AVY
START:  AWK
START:  AWR
START:  AXON
START:  AZO
START:  AZPN
START:  BAH
START:  BAM
START:  BAX
START:  BBH
START:  BBQ
START:  BBY
START:  BCPC
START:  BDX
START:  BEEM
START:  BFAM
START:  BFC
START:  BGFV
START:  BGNE
START:  BHVN
START:  BIO
START:  BL
START:  BLD
START:  BLDP
START:  BLDR
START:  BLFS
START:  BLK
START:  BLL
START:  BLNK
START:  BMI
START:  BOOT
START:  BOTZ
START:  BR
START:  BRKR
START:  BRKS
START:  BRO
START:  BURL
START:  BX
START:  CABO
START:  CACI
START:  CALX
START:  CAMT
START:  CAR
START:  CBRE
START:  CBSH
START:  CBZ
START:  CCOI
START:  CCS
START:  CDMO
START:  CDNA
START:  CDNS
START:  CDW
START:  CELH
START:  CGNX
START:  CHD
START:  CHDN
START:  CHE
START:  CHGG
START:  CHH
START:  CHKP
START:  CHTR
START:  CIEN
START:  CLAR
START:  CLFD
START:  CLGN
START:  CLNE
START:  CLPT
START:  CLX
START:  CMCSA
START:  CMG
START:  CMS
START:  CNC
START:  CNI
START:  CNMD
START:  CNS
START:  CNXN
START:  COO
START:  COST
START:  COUP
START:  COWN
START:  CP
START:  CPK
START:  CPRT
START:  CPSH
START:  CRAI
START:  CREE
START:  CRL
START:  CRM
START:  CRMT
START:  CROX
START:  CRSP
START:  CRVL
START:  CSGP
START:  CSL
START:  CSWI
START:  CSX
START:  CTAS
START:  CTLT
START:  CTRN
START:  CURE
START:  CVCO
START:  CVNA
START:  CWST
START:  CWT
START:  CXSE
START:  CYBR
START:  CYRX
START:  CYTK
START:  DAC
START:  DAR
START:  DAVA
START:  DDS
START:  DE
START:  DECK
START:  DELL
START:  DFIN
START:  DG
START:  DGRW
START:  DHI
START:  DHR
START:  DIA
START:  DIOD
START:  DIS
START:  DKS
START:  DLN
START:  DNLI
START:  DOMO
START:  DOV
START:  DPZ
START:  DQ
START:  DRD
START:  DRIO
START:  DRNA
START:  DSGX
START:  DVAX
START:  DXCM
START:  ECL
START:  EFX
START:  EGAN
START:  EHC
START:  EL
START:  ENPH
START:  ENSG
START:  ENTG
START:  ENV
START:  EPAM
START:  ERIE
START:  ES
START:  ESE
START:  ETN
START:  ETSY
START:  EVBG
START:  EVTC
START:  EW
START:  EWT
START:  EXAS
START:  EXLS
START:  EXPD
START:  EXPI
START:  EXPO
START:  FAST
START:  FATE
START:  FB
START:  FCN
START:  FCX
START:  FDN
START:  FDS
START:  FELE
START:  FFIN
START:  FICO
START:  FINX
START:  FIS
START:  FISV
START:  FIVE
START:  FIVN
START:  FLGT
START:  FLT
START:  FLWS
START:  FN
START:  FND
START:  FNV
START:  FORM
START:  FOXF
START:  FPX
START:  FRC
START:  FRHC
START:  FRPT
START:  FSS
START:  FTNT
START:  FUV
START:  GDEN
START:  GFI
START:  GGG
START:  GIB
START:  GLDD
START:  GLOB
START:  GMAB
START:  GME
START:  GMED
START:  GNRC
START:  GNSS
START:  GNTX
START:  GOLF
START:  GOOG
START:  GOOGL
START:  GPI
START:  GPN
START:  GRBK
START:  GRMN
START:  GRVY
START:  GRWG
START:  GWRE
START:  HACK
START:  HALO
START:  HCI
START:  HD
START:  HEI
START:  HELE
START:  HIBB
START:  HLI
START:  HLT
START:  HOLX
START:  HON
START:  HOV
START:  HRC
START:  HRI
START:  HSKA
START:  HTHT
START:  HUBS
START:  HUM
START:  HZNP
START:  IAC
START:  IBP
START:  ICE
START:  ICLN
START:  ICLR
START:  IDT
START:  IDXX
START:  IESC
START:  IEX
START:  ILMN
START:  INFO
START:  INOV
START:  INSP
START:  INTC
START:  INTU
START:  INTZ
START:  INVE
START:  IOO
START:  IQV
START:  IRDM
START:  IRMD
START:  ISEE
START:  ISRG
START:  IT
START:  ITT
START:  ITW
START:  IVOG
START:  IVV
START:  IXJ
START:  IXN
START:  J
START:  JBL
START:  JBSS
START:  JD
START:  JKHY
START:  JKS
START:  JNJ
START:  JOE
START:  JOUT
START:  JYNT
START:  KAI
START:  KBH
START:  KBR
START:  KDMN
START:  KEYS
START:  KLAC
START:  KLIC
START:  KMX
START:  KNSL
START:  KOPN
START:  KOSS
START:  KRNT
START:  KSU
START:  KTOS
START:  LAC
START:  LAD
START:  LANC
START:  LAWS
START:  LDOS
START:  LFMD
START:  LGIH
START:  LH
START:  LHCG
START:  LHX
START:  LII
START:  LIN
START:  LINC
START:  LIT
START:  LLY
START:  LMT
START:  LNT
START:  LOB
START:  LOGI
START:  LOVE
START:  LOW
START:  LPLA
START:  LPSN
START:  LQDT
START:  LRCX
START:  LSCC
START:  LSTR
START:  LULU
START:  LUNA
START:  MA
START:  MANH
START:  MANT
START:  MARA
START:  MASI
START:  MATX
START:  MBUU
START:  MCD
START:  MCHP
START:  MCO
START:  MDB
START:  MDT
START:  MEDP
START:  MEDS
START:  MELI
START:  MGC
START:  MGIC
START:  MGK
START:  MGNI
START:  MHO
START:  MIME
START:  MITK
START:  MKC
START:  MKSI
START:  MKTX
START:  MLAB
START:  MLR
START:  MMC
START:  MMS
START:  MNMD
START:  MNST
START:  MODN
START:  MODV
START:  MOH
START:  MORN
START:  MPWR
START:  MRTX
START:  MRVL
START:  MS
START:  MSA
START:  MSCI
START:  MSEX
START:  MSFT
START:  MSI
START:  MSTR
START:  MTBC
START:  MTCH
START:  MTD
START:  MTEX
START:  MTH
START:  MTLS
START:  MTSI
START:  MU
START:  MUSA
START:  MVIS
START:  MXL
START:  MYRG
START:  NBIX
START:  NCBS
START:  NDAQ
START:  NDSN
START:  NEE
START:  NEO
START:  NEOG
START:  NFLX
START:  NICE
START:  NISN
START:  NKE
START:  NOVT
START:  NOW
START:  NSC
START:  NSIT
START:  NSSC
START:  NSTG
START:  NTLA
START:  NTRA
START:  NUAN
START:  NVCR
START:  NVDA
START:  NVMI
START:  NVO
START:  NVR
START:  NXST
START:  NYT
START:  OBCI
START:  ODFL
START:  OEF
START:  OFLX
START:  OLED
START:  OMCL
START:  ON
START:  OOMA
START:  OPRX
START:  ORA
START:  ORCL
START:  ORLY
START:  ORMP
START:  OTEX
START:  PACB
START:  PAG
START:  PANW
START:  PAR
START:  PAYC
START:  PAYX
START:  PBD
START:  PCTY
START:  PEGA
START:  PEN
START:  PENN
START:  PEP
START:  PERI
START:  PFSI
START:  PGR
START:  PH
START:  PHM
START:  PKI
START:  PLL
START:  PLNT
START:  PLUG
START:  PLXS
START:  PODD
START:  POOL
START:  POWI
START:  PRFT
START:  PRI
START:  PRTA
START:  PRTS
START:  PTSI
START:  PWR
START:  PYPL
START:  QADA
START:  QCLN
START:  QDEL
START:  QGEN
START:  QLYS
START:  QQQ
START:  QRVO
START:  QTWO
START:  RADA
START:  RAMP
START:  RBA
START:  RCII
START:  RCKY
START:  RDNT
START:  RDVT
START:  RDWR
START:  REGI
START:  RENN
START:  RGEN
START:  RH
START:  RILY
START:  RIOT
START:  RLI
START:  RLMD
START:  RMD
START:  RNG
START:  ROBO
START:  ROCK
START:  ROK
START:  ROKU
START:  ROL
START:  ROP
START:  ROST
START:  RPD
START:  RPM
START:  RSG
START:  RTH
START:  RUN
START:  RXI
START:  SAIA
START:  SAIC
START:  SAM
START:  SAVA
START:  SCI
START:  SCL
START:  SE
START:  SEAS
START:  SEDG
START:  SFBS
START:  SGEN
START:  SGMS
START:  SGRY
START:  SHOP
START:  SHW
START:  SHYF
START:  SITE
START:  SIVB
START:  SJW
START:  SKY
START:  SLAB
START:  SLP
START:  SMH
START:  SMTC
START:  SNAP
START:  SNPS
START:  SOCL
START:  SOXL
START:  SPGI
START:  SPLG
START:  SPLK
START:  SPNS
START:  SPSC
START:  SPTM
START:  SPWH
START:  SPWR
START:  SPXC
START:  SPXL
START:  SPY
START:  SPYG
START:  SQ
START:  SSD
START:  SSNC
START:  SSTK
START:  STAA
START:  STE
START:  SUSA
START:  SYK
START:  SYNA
START:  TBBK
START:  TBK
START:  TDG
START:  TDOC
START:  TDY
START:  TEAM
START:  TECH
START:  TECL
START:  TER
START:  TFX
START:  TGH
START:  TGLS
START:  TGT
START:  TGTX
START:  THC
START:  TJX
START:  TMO
START:  TMUS
START:  TNDM
START:  TNET
START:  TPX
START:  TREX
START:  TRI
START:  TRIL
START:  TRMB
START:  TRNS
START:  TROW
START:  TRU
START:  TRUP
START:  TSCO
START:  TSLA
START:  TSM
START:  TT
START:  TTC
START:  TTD
START:  TTEC
START:  TTEK
START:  TTGT
START:  TTWO
START:  TWLO
START:  TXN
START:  TYL
START:  UCTT
START:  UFPI
START:  UFPT
START:  UI
START:  UMC
START:  UNF
START:  UNH
START:  UNP
START:  UPLD
START:  URI
START:  V
START:  VALU
START:  VBK
START:  VCEL
START:  VCR
START:  VCTR
START:  VCYT
START:  VDC
START:  VEEV
START:  VERU
START:  VGT
START:  VHT
START:  VIAV
START:  VICR
START:  VIG
START:  VO
START:  VONE
START:  VONG
START:  VOO
START:  VOOG
START:  VOOV
START:  VOT
START:  VPU
START:  VRNS
START:  VRSK
START:  VRSN
START:  VRTV
START:  VSTO
START:  VTHR
START:  VTI
START:  VTNR
START:  VTWG
START:  VUG
START:  VV
START:  VXF
START:  WCN
START:  WD
START:  WDAY
START:  WDFC
START:  WEC
START:  WEN
START:  WINA
START:  WING
START:  WIRE
START:  WIX
START:  WK
START:  WLTW
START:  WM
START:  WMS
START:  WNS
START:  WRB
START:  WSC
START:  WSM
START:  WST
START:  WTRG
START:  WTS
START:  XEL
START:  XENE
START:  XLK
START:  XLNX
START:  XLP
START:  XLRN
START:  XLU
START:  XLV
START:  XLY
START:  XYL
START:  YNDX
START:  YORW
START:  YUM
START:  Z
START:  ZBRA
START:  ZEN
START:  ZLAB
START:  ZNGA
START:  ZS
START:  ZTS
START:  ZYXI
==== MACD golden cross ====
None
code: NUAN     day: macd + hist + hist_1pre + ,  Week: macd + hist + hist_1pre - , Month: macd + hist - hist_1pre - , 
Trade --> code: NUAN   BUY: 2005-11-30    5.38 SELL: 2008-11-30    7.94  macd:   -0.14 macd_count:  36 profit:  1.48
Trade --> code: NUAN   BUY: 2009-12-31   13.44 SELL: 2013-05-31   16.44  macd:   -0.10 macd_count:  41 profit:  1.22
Trade --> code: NUAN   BUY: 2015-11-30   18.11 SELL: 2016-07-31   13.90  macd:   -0.05 macd_count:   8 profit:  0.77
Trade --> code: NUAN   BUY: 2017-05-31   16.01 SELL: 2017-09-30   13.60  macd:   -0.04 macd_count:   4 profit:  0.85
Trade --> code: NUAN   BUY: 2019-04-30   14.56 SELL: 2022-03-31   55.99  macd:    7.14 macd_count:  36 profit:  3.85

