Thu Mar 30 13:51:24 UTC 2023
arg[0]: scraping/yahoo-finace-api2.py, arg[1]: stock-code-list/buy-list.txt
===========================
scraping
===========================
START:  AAPL
END:    0.544276237487793
-
START:  EL
END:    0.9656307697296143
-
START:  NEE
END:    1.3974812030792236
-
START:  AMD
END:    1.7757537364959717
-
START:  APH
END:    2.2068283557891846
-
START:  XLP
END:    2.6245412826538086
-
START:  SPXL
END:    2.928192377090454
-
START:  KEYS
END:    3.125877857208252
-
START:  VDC
END:    3.5190861225128174
-
START:  SPTM
END:    3.938839912414551
-
START:  SPLG
END:    4.276642322540283
-
START:  CROX
END:    4.595765590667725
-
START:  AXON
END:    4.975875616073608
-
START:  AWR
END:    5.375614881515503
-
START:  FN
END:    5.651668548583984
-
START:  NXST
END:    6.047735691070557
-
START:  TREX
END:    6.415273666381836
-
START:  RGEN
END:    6.749051094055176
-
START:  EXPO
END:    7.103713750839233
-
START:  BCPC
END:    7.5446882247924805
-
START:  SOXL
END:    7.847054719924927
-
START:  TECL
END:    8.21800947189331
-
START:  NEO
END:    9.580018043518066
-
START:  NVMI
END:    9.955810785293579
-
START:  NVDA
END:    10.385583400726318
-
START:  BBDC
END:    10.738309621810913
-
START:  APPS
END:    11.035922765731812
-
START:  ROK
END:    11.435592412948608
-
START:  NHTC
END:    11.8283212184906
-
START:  ZYXI
END:    12.1935396194458
-
START:  LIT
END:    12.480696201324463
-
START:  LLY
END:    12.912342071533203
-
START:  GTLB
END:    12.996440172195435
-
START:  MCD
END:    13.414299249649048
-
START:  MSI
END:    13.870726108551025
-
START:  HCP
END:    13.948421955108643
-
START:  ON
END:    17.342520236968994
-
===========================
MACD sell
===========================
START:  AAPL
START:  EL
START:  NEE
START:  AMD
START:  APH
START:  XLP
START:  SPXL
START:  KEYS
START:  VDC
START:  SPTM
START:  SPLG
START:  CROX
START:  AXON
START:  AWR
START:  FN
START:  NXST
START:  TREX
START:  RGEN
START:  EXPO
START:  BCPC
START:  SOXL
START:  TECL
START:  NEO
START:  NVMI
START:  NVDA
START:  BBDC
START:  APPS
START:  ROK
START:  NHTC
START:  ZYXI
START:  LIT
START:  LLY
START:  GTLB
START:  MCD
START:  MSI
START:  HCP
START:  ON
==== MACD list ====
code: AAPL     day: macd + hist + ,  Week: macd + hist + , Month: macd + hist - , 
code: EL       day: macd - hist + ,  Week: macd - hist - , Month: macd - hist - , 
code: NEE      day: macd + hist + ,  Week: macd - hist + , Month: macd + hist - , 
code: AMD      day: macd + hist + ,  Week: macd + hist + , Month: macd - hist - , 
code: APH      day: macd + hist + ,  Week: macd + hist - , Month: macd + hist - , 
code: XLP      day: macd + hist + ,  Week: macd - hist + , Month: macd + hist - , 
code: SPXL     day: macd - hist + ,  Week: macd - hist + , Month: macd - hist - , 
code: KEYS     day: macd - hist + ,  Week: macd - hist - , Month: macd + hist - , 
code: VDC      day: macd + hist + ,  Week: macd - hist + , Month: macd + hist - , 
code: SPTM     day: macd - hist + ,  Week: macd + hist - , Month: macd + hist - , 
code: SPLG     day: macd - hist + ,  Week: macd + hist - , Month: macd + hist - , 
code: CROX     day: macd - hist + ,  Week: macd + hist - , Month: macd + hist + , 
code: AXON     day: macd + hist - ,  Week: macd + hist + , Month: macd + hist + , 
code: AWR      day: macd - hist + ,  Week: macd - hist - , Month: macd + hist - , 
code: FN       day: macd - hist + ,  Week: macd - hist - , Month: macd + hist + , 
code: NXST     day: macd - hist + ,  Week: macd - hist - , Month: macd + hist - , 
code: TREX     day: macd - hist - ,  Week: macd - hist - , Month: macd - hist - , 
code: RGEN     day: macd - hist + ,  Week: macd - hist - , Month: macd - hist - , 
code: EXPO     day: macd - hist - ,  Week: macd - hist - , Month: macd + hist - , 
code: BCPC     day: macd - hist + ,  Week: macd - hist - , Month: macd + hist - , 
code: SOXL     day: macd + hist + ,  Week: macd + hist + , Month: macd - hist - , 
code: TECL     day: macd + hist + ,  Week: macd + hist + , Month: macd - hist - , 
code: NEO      day: macd + hist - ,  Week: macd + hist + , Month: macd - hist + , 
code: NVMI     day: macd + hist + ,  Week: macd + hist + , Month: macd + hist - , 
code: NVDA     day: macd + hist + ,  Week: macd + hist + , Month: macd + hist + , 
code: BBDC     day: macd - hist + ,  Week: macd - hist - , Month: macd - hist - , 
code: APPS     day: macd - hist + ,  Week: macd - hist + , Month: macd - hist - , 
code: ROK      day: macd - hist - ,  Week: macd + hist - , Month: macd + hist + , 
code: NHTC     day: macd - hist - ,  Week: macd + hist - , Month: macd - hist + , 
code: ZYXI     day: macd - hist + ,  Week: macd - hist - , Month: macd + hist + , 
code: LIT      day: macd - hist + ,  Week: macd - hist - , Month: macd + hist - , 
code: LLY      day: macd + hist + ,  Week: macd - hist + , Month: macd + hist - , 
code: GTLB     day: macd - hist - ,  Week: macd - hist - , Month: macd + hist + , 
code: MCD      day: macd + hist + ,  Week: macd + hist + , Month: macd + hist + , 
code: MSI      day: macd + hist + ,  Week: macd + hist + , Month: macd + hist + , 
code: HCP      day: macd - hist - ,  Week: macd - hist - , Month: macd + hist + , 
code: ON       day: macd + hist - ,  Week: macd + hist + , Month: macd + hist + , 
==== MACD sell list ====
code: AAPL     day: macd + hist + ,  Week: macd + hist + , Month: macd + hist - , 
code: EL       day: macd - hist + ,  Week: macd - hist - , 
code: EL       day: macd - hist + ,  Week: macd - hist - , Month: macd - hist - , 
code: NEE      day: macd + hist + ,  Week: macd - hist + , Month: macd + hist - , 
code: AMD      day: macd + hist + ,  Week: macd + hist + , Month: macd - hist - , 
code: APH      day: macd + hist + ,  Week: macd + hist - , 
code: APH      day: macd + hist + ,  Week: macd + hist - , Month: macd + hist - , 
code: XLP      day: macd + hist + ,  Week: macd - hist + , Month: macd + hist - , 
code: SPXL     day: macd - hist + ,  Week: macd - hist + , Month: macd - hist - , 
code: KEYS     day: macd - hist + ,  Week: macd - hist - , 
code: KEYS     day: macd - hist + ,  Week: macd - hist - , Month: macd + hist - , 
code: VDC      day: macd + hist + ,  Week: macd - hist + , Month: macd + hist - , 
code: SPTM     day: macd - hist + ,  Week: macd + hist - , 
code: SPTM     day: macd - hist + ,  Week: macd + hist - , Month: macd + hist - , 
code: SPLG     day: macd - hist + ,  Week: macd + hist - , 
code: SPLG     day: macd - hist + ,  Week: macd + hist - , Month: macd + hist - , 
code: CROX     day: macd - hist + ,  Week: macd + hist - , 
code: AXON     day: macd + hist - , 
code: AWR      day: macd - hist + ,  Week: macd - hist - , 
code: AWR      day: macd - hist + ,  Week: macd - hist - , Month: macd + hist - , 
code: FN       day: macd - hist + ,  Week: macd - hist - , 
code: NXST     day: macd - hist + ,  Week: macd - hist - , 
code: NXST     day: macd - hist + ,  Week: macd - hist - , Month: macd + hist - , 
code: TREX     day: macd - hist - , 
code: TREX     day: macd - hist - ,  Week: macd - hist - , 
code: TREX     day: macd - hist - ,  Week: macd - hist - , Month: macd - hist - , 
code: RGEN     day: macd - hist + ,  Week: macd - hist - , 
code: RGEN     day: macd - hist + ,  Week: macd - hist - , Month: macd - hist - , 
code: EXPO     day: macd - hist - , 
code: EXPO     day: macd - hist - ,  Week: macd - hist - , 
code: EXPO     day: macd - hist - ,  Week: macd - hist - , Month: macd + hist - , 
code: BCPC     day: macd - hist + ,  Week: macd - hist - , 
code: BCPC     day: macd - hist + ,  Week: macd - hist - , Month: macd + hist - , 
code: SOXL     day: macd + hist + ,  Week: macd + hist + , Month: macd - hist - , 
code: TECL     day: macd + hist + ,  Week: macd + hist + , Month: macd - hist - , 
code: NEO      day: macd + hist - , 
code: NVMI     day: macd + hist + ,  Week: macd + hist + , Month: macd + hist - , 
code: BBDC     day: macd - hist + ,  Week: macd - hist - , 
code: BBDC     day: macd - hist + ,  Week: macd - hist - , Month: macd - hist - , 
code: APPS     day: macd - hist + ,  Week: macd - hist + , Month: macd - hist - , 
code: ROK      day: macd - hist - , 
code: ROK      day: macd - hist - ,  Week: macd + hist - , 
code: NHTC     day: macd - hist - , 
code: NHTC     day: macd - hist - ,  Week: macd + hist - , 
code: ZYXI     day: macd - hist + ,  Week: macd - hist - , 
code: LIT      day: macd - hist + ,  Week: macd - hist - , 
code: LIT      day: macd - hist + ,  Week: macd - hist - , Month: macd + hist - , 
code: LLY      day: macd + hist + ,  Week: macd - hist + , Month: macd + hist - , 
code: GTLB     day: macd - hist - , 
code: GTLB     day: macd - hist - ,  Week: macd - hist - , 
code: HCP      day: macd - hist - , 
code: HCP      day: macd - hist - ,  Week: macd - hist - , 
code: ON       day: macd + hist - , 
===========================
profit
===========================
==== plus ====
XLP  , macd +, macd hist +, profit:   [1.67], per:    [2.3], now:  [74.25], buy:  [72.58]
VDC  , macd +, macd hist +, profit:   [2.98], per:   [1.57], now: [192.51], buy: [189.53]
AXON , macd +, macd hist -, profit:  [79.73], per:  [57.71], now: [217.88], buy: [138.15]
NXST , macd -, macd hist +, profit:   [9.07], per:   [5.58], now: [171.57], buy:  [162.5]
NVDA , macd +, macd hist +, profit:  [16.69], per:   [6.53], now: [272.36], buy: [255.67]
ZYXI , macd -, macd hist +, profit:   [5.28], per:  [82.94], now:  [11.64], buy:   [6.36]
LLY  , macd +, macd hist +, profit:  [67.73], per:  [24.99], now: [338.73], buy:   [271.]
MCD  , macd +, macd hist +, profit:  [24.12], per:   [9.51], now: [277.58], buy: [253.46]
MSI  , macd +, macd hist +, profit:  [29.73], per:  [11.82], now: [281.14], buy: [251.41]
ON   , macd +, macd hist -, profit:  [21.66], per:  [36.18], now:  [81.52], buy:  [59.86]
-
     plus  len:  10
     profit: [258.64], per: [239.14], per/len(p):  [23.91], per/len(p+m):   [6.46]
-
==== minus ====
AAPL , macd +, macd hist +, profit:       [], per:       [], now:  [161.5], buy:       []
EL   , macd -, macd hist +, profit: [-92.91], per: [-27.35], now: [246.84], buy: [339.75]
NEE  , macd +, macd hist +, profit:  [-8.78], per: [-10.29], now:  [76.55], buy:  [85.33]
AMD  , macd +, macd hist +, profit: [-21.23], per: [-17.66], now:    [99.], buy: [120.23]
APH  , macd +, macd hist +, profit:       [], per:       [], now:  [80.46], buy:       []
SPXL , macd -, macd hist +, profit: [-59.91], per:   [-46.], now:  [70.32], buy: [130.23]
KEYS , macd -, macd hist +, profit: [-27.42], per: [-14.74], now: [158.64], buy: [186.06]
SPTM , macd -, macd hist +, profit:  [-6.79], per:   [-12.], now:  [49.79], buy:  [56.58]
SPLG , macd -, macd hist +, profit:  [-6.51], per: [-12.07], now:  [47.48], buy:  [53.99]
CROX , macd -, macd hist +, profit: [-53.44], per: [-30.12], now: [123.98], buy: [177.42]
AWR  , macd -, macd hist +, profit:       [], per:       [], now:  [87.91], buy:       []
FN   , macd -, macd hist +, profit:  [-1.88], per:   [-1.6], now: [114.99], buy: [116.86]
TREX , macd -, macd hist -, profit: [-22.67], per: [-32.39], now:  [47.33], buy:    [70.]
RGEN , macd -, macd hist +, profit:  [-9.26], per:  [-5.15], now:  [170.4], buy: [179.66]
EXPO , macd -, macd hist -, profit:  [-3.21], per:  [-3.17], now:   [97.9], buy: [101.11]
BCPC , macd -, macd hist +, profit: [-11.15], per:  [-8.13], now: [125.93], buy: [137.08]
SOXL , macd +, macd hist +, profit: [-24.18], per: [-57.45], now:  [17.91], buy:  [42.09]
TECL , macd +, macd hist +, profit: [-25.39], per:  [-41.8], now:  [35.35], buy:  [60.74]
NEO  , macd +, macd hist -, profit:  [-0.07], per:  [-0.39], now:  [17.77], buy:  [17.84]
NVMI , macd +, macd hist +, profit: [-11.81], per:  [-10.3], now: [102.85], buy: [114.65]
BBDC , macd -, macd hist +, profit:  [-2.73], per: [-25.75], now:   [7.87], buy:   [10.6]
APPS , macd -, macd hist +, profit: [-31.31], per:  [-71.7], now:  [12.36], buy:  [43.67]
ROK  , macd -, macd hist -, profit: [-54.67], per: [-15.99], now: [287.22], buy: [341.89]
NHTC , macd -, macd hist -, profit:  [-2.25], per: [-31.38], now:   [4.92], buy:   [7.17]
LIT  , macd -, macd hist +, profit: [-28.51], per: [-31.02], now:   [63.4], buy:  [91.91]
GTLB , macd -, macd hist -, profit: [-19.34], per: [-36.66], now:  [33.42], buy:  [52.76]
HCP  , macd -, macd hist -, profit: [-26.13], per: [-48.12], now:  [28.17], buy:   [54.3]
-
     minus len:  27
     profit:       [], per:       [], per/len(m):       [], per/len(p+m):       []
-
==== total ====
     profit:       [], per:       [], per/len(p+m):       []
arg[0]: scraping/yahoo-finace-api2.py, arg[1]: stock-code-list/up-month.txt
===========================
scraping
===========================
START:  A
END:    0.3878626823425293
-
START:  AAON
END:    0.7793989181518555
-
START:  AAPL
END:    1.2140607833862305
-
START:  ABG
END:    1.5539073944091797
-
START:  ABT
END:    1.9574687480926514
-
START:  ACLS
END:    2.308058977127075
-
START:  ACMR
END:    2.455281972885132
-
START:  ACN
END:    2.8406572341918945
-
START:  ADBE
END:    3.2721519470214844
-
START:  ADI
END:    3.7036869525909424
-
START:  ADP
END:    4.153126955032349
-
START:  ADSK
END:    4.564899682998657
-
START:  ADUS
END:    4.8429741859436035
-
START:  AEE
END:    5.2961204051971436
-
START:  AGYS
END:    5.711010456085205
-
START:  AIZ
END:    7.101600646972656
-
START:  AJG
END:    7.544135808944702
-
START:  AJRD
END:    7.961962938308716
-
START:  ALB
END:    8.375786542892456
-
START:  ALG
END:    8.797945737838745
-
START:  ALGN
END:    9.18923544883728
-
START:  ALLE
END:    9.413132667541504
-
START:  ALTR
END:    9.548314571380615
-
START:  AMAT
END:    10.971389055252075
-
START:  AMBA
END:    11.178457498550415
-
START:  AMD
END:    11.569384574890137
-
START:  AME
END:    12.064467430114746
-
START:  AMED
END:    12.430812120437622
-
START:  AMEH
END:    12.698171138763428
-
START:  AMGN
END:    13.124058485031128
-
START:  AMN
END:    13.509047746658325
-
START:  AMP
END:    14.88573932647705
-
START:  AMRC
END:    15.138229370117188
-
START:  AMSWA
END:    16.554285764694214
-
START:  AMTX
END:    16.905290365219116
-
START:  AMZN
END:    18.285229444503784
-
START:  AN
END:    18.681426763534546
-
START:  ANSS
END:    19.107795238494873
-
START:  ANTM
Not Found: No data found, symbol may be delisted
START:  AON
END:    20.652076721191406
-
START:  AOSL
END:    21.9269278049469
-
START:  APD
END:    22.383346796035767
-
START:  APH
END:    22.784759283065796
-
START:  APPF
END:    22.995949029922485
-
START:  APPN
END:    23.167949676513672
-
START:  APPS
END:    23.55792498588562
-
START:  AQN
END:    23.858997583389282
-
START:  ARCB
END:    25.312349557876587
-
START:  ARCT
END:    25.51940608024597
-
START:  ARES
END:    25.727253198623657
-
START:  ARGX
END:    25.896549463272095
-
START:  ARWR
END:    27.252251863479614
-
START:  ASML
END:    27.64639377593994
-
START:  ASPN
END:    28.871985912322998
-
START:  ATEC
END:    30.194583892822266
-
START:  ATEN
END:    30.408395528793335
-
START:  ATKR
END:    30.577133655548096
-
START:  ATOM
END:    30.76368236541748
-
START:  ATR
END:    31.184549570083618
-
START:  ATRC
END:    31.53862714767456
-
START:  AUDC
END:    31.9624981880188
-
START:  AUPH
END:    32.15593719482422
-
START:  AVAV
END:    32.46722364425659
-
START:  AVGO
END:    32.771761894226074
-
START:  AVID
END:    34.16732096672058
-
START:  AVNW
END:    34.56175351142883
-
START:  AVXL
END:    34.93200373649597
-
START:  AVY
END:    35.3638482093811
-
START:  AWK
END:    35.69894027709961
-
START:  AWR
END:    36.181138038635254
-
START:  AXON
END:    36.562564849853516
-
START:  AZO
END:    36.931206703186035
-
START:  AZPN
END:    37.27520275115967
-
START:  BAH
END:    38.56753134727478
-
START:  BAM
END:    38.63493490219116
-
START:  BAX
END:    39.06995105743408
-
START:  BBH
END:    39.4583899974823
-
START:  BBQ
END:    39.8350932598114
-
START:  BBY
END:    41.26301312446594
-
START:  BCPC
END:    41.681312084198
-
START:  BDX
END:    42.096582889556885
-
START:  BEEM
END:    42.36340641975403
-
START:  BFAM
END:    43.63205432891846
-
START:  BFC
END:    43.95305371284485
-
START:  BGFV
END:    45.36756992340088
-
START:  BGNE
END:    45.56620979309082
-
START:  BHVN
END:    45.63625383377075
-
START:  BIO
END:    45.992892265319824
-
START:  BL
END:    46.18013644218445
-
START:  BLD
END:    46.385634899139404
-
START:  BLDP
END:    46.723087310791016
-
START:  BLDR
END:    48.070817947387695
-
START:  BLFS
END:    48.41554093360901
-
START:  BLK
END:    48.80595588684082
-
START:  BLL
Not Found: No data found, symbol may be delisted
START:  BLNK
END:    49.12004804611206
-
START:  BMI
END:    49.537434577941895
-
START:  BOOT
END:    49.774441957473755
-
START:  BOTZ
END:    49.947312116622925
-
START:  BR
END:    50.31150507926941
-
START:  BRKR
END:    50.67635655403137
-
START:  BRKS
Not Found: No data found, symbol may be delisted
START:  BRO
END:    51.22223091125488
-
START:  BURL
END:    52.50439643859863
-
START:  BX
END:    52.91332244873047
-
START:  CABO
END:    53.12270379066467
-
START:  CACI
END:    53.50117611885071
-
START:  CALX
END:    53.75397706031799
-
START:  CAMT
END:    54.09710955619812
-
START:  CAR
END:    54.44348096847534
-
START:  CBRE
END:    55.79832434654236
-
START:  CBSH
END:    57.26630783081055
-
START:  CBZ
END:    57.58131170272827
-
START:  CCOI
END:    57.961045265197754
-
START:  CCS
END:    59.15888071060181
-
START:  CDMO
END:    59.573153257369995
-
START:  CDNA
END:    59.7913281917572
-
START:  CDNS
END:    61.1194531917572
-
START:  CDW
END:    62.377785205841064
-
START:  CELH
END:    62.729639768600464
-
START:  CGNX
END:    63.12886381149292
-
START:  CHD
END:    63.524137020111084
-
START:  CHDN
END:    63.92407011985779
-
START:  CHE
END:    64.3252215385437
-
START:  CHGG
END:    64.52742791175842
-
START:  CHH
END:    64.96259236335754
-
START:  CHKP
END:    66.34522557258606
-
START:  CHTR
END:    66.65318846702576
-
START:  CIEN
END:    68.05838465690613
-
START:  CLAR
END:    68.44630670547485
-
START:  CLFD
END:    68.82803583145142
-
START:  CLGN
END:    68.95823955535889
-
START:  CLNE
END:    69.28025984764099
-
START:  CLPT
END:    69.48002576828003
-
START:  CLX
END:    69.91545534133911
-
START:  CMCSA
END:    71.370530128479
-
START:  CMG
END:    71.68150568008423
-
START:  CMS
END:    72.20250272750854
-
START:  CNC
END:    72.6081805229187
-
START:  CNI
END:    73.05053353309631
-
START:  CNMD
END:    73.42781090736389
-
START:  CNS
END:    73.8220865726471
-
START:  CNXN
END:    74.18812775611877
-
START:  COO
END:    74.62704682350159
-
START:  COST
END:    76.02373957633972
-
START:  COUP
END:    76.19631671905518
-
START:  COWN
END:    76.52858185768127
-
START:  CP
END:    76.98523235321045
-
START:  CPK
END:    78.43804121017456
-
START:  CPRT
END:    78.81282186508179
-
START:  CPSH
END:    79.16231179237366
-
START:  CRAI
END:    79.6059787273407
-
START:  CREE
Not Found: No data found, symbol may be delisted
START:  CRL
END:    80.07181882858276
-
START:  CRM
END:    80.42709684371948
-
START:  CRMT
END:    80.79556012153625
-
START:  CROX
END:    81.11561012268066
-
START:  CRSP
END:    81.32111716270447
-
START:  CRVL
END:    81.68769955635071
-
START:  CSGP
END:    83.14157509803772
-
START:  CSL
END:    83.55491828918457
-
START:  CSWI
END:    83.75841856002808
-
START:  CSX
END:    84.1820318698883
-
START:  CTAS
END:    84.56194233894348
-
START:  CTLT
END:    87.82347059249878
-
START:  CTRN
END:    88.15580630302429
-
START:  CURE
END:    88.41317391395569
-
START:  CVCO
END:    89.79104018211365
-
START:  CVNA
END:    90.98100638389587
-
START:  CWST
END:    91.35949420928955
-
START:  CWT
END:    91.7890625
-
START:  CXSE
END:    92.06486964225769
-
START:  CYBR
END:    92.27750134468079
-
START:  CYRX
END:    92.59233903884888
-
START:  CYTK
END:    92.94362044334412
-
START:  DAC
END:    93.30924963951111
-
START:  DAR
END:    93.67657136917114
-
START:  DAVA
END:    94.82267022132874
-
START:  DDS
END:    95.25590014457703
-
START:  DE
END:    96.7401692867279
-
START:  DECK
END:    98.16511964797974
-
START:  DELL
END:    98.3583607673645
-
START:  DFIN
END:    98.52043461799622
-
START:  DG
END:    98.80324125289917
-
START:  DGRW
END:    100.06850337982178
-
START:  DHI
END:    100.49327373504639
-
START:  DHR
END:    100.90567922592163
-
START:  DIA
END:    101.3057587146759
-
START:  DIOD
END:    101.7040147781372
-
START:  DIS
END:    102.13964772224426
-
START:  DKS
END:    103.5288074016571
-
START:  DLN
END:    104.88496804237366
-
START:  DNLI
END:    105.0337483882904
-
START:  DOMO
END:    105.17933320999146
-
START:  DOV
END:    105.6723198890686
-
START:  DPZ
END:    106.04860496520996
-
START:  DQ
END:    109.40081477165222
-
START:  DRD
END:    109.78449821472168
-
START:  DRIO
END:    109.96370458602905
-
START:  DRNA
Not Found: No data found, symbol may be delisted
START:  DSGX
END:    110.35292029380798
-
START:  DVAX
END:    110.70845317840576
-
START:  DXCM
END:    112.07536888122559
-
START:  ECL
END:    112.52018070220947
-
START:  EFX
END:    112.96252799034119
-
START:  EGAN
END:    113.299241065979
-
START:  EHC
END:    113.6741394996643
-
START:  EL
END:    114.07859444618225
-
START:  ENPH
END:    114.34528493881226
-
START:  ENSG
END:    114.66826105117798
-
START:  ENTG
END:    115.05480098724365
-
START:  ENV
END:    116.3059754371643
-
START:  EPAM
END:    116.55356502532959
-
START:  ERIE
END:    116.95579242706299
-
START:  ES
END:    117.40686869621277
-
START:  ESE
END:    118.84156537055969
-
START:  ETN
END:    120.31690645217896
-
START:  ETSY
END:    120.5684597492218
-
START:  EVBG
END:    120.73900198936462
-
START:  EVTC
END:    121.00468397140503
-
START:  EW
END:    121.37492799758911
-
START:  EWT
END:    121.82542109489441
-
START:  EXAS
END:    123.18996334075928
-
START:  EXLS
END:    123.50116872787476
-
START:  EXPD
END:    123.90017223358154
-
START:  EXPI
END:    124.04056477546692
-
START:  EXPO
END:    124.40241813659668
-
START:  FAST
END:    125.8353214263916
-
START:  FATE
END:    127.07271599769592
-
START:  FB
Not Found: No data found, symbol may be delisted
START:  FCN
END:    127.49694561958313
-
START:  FCX
END:    127.91583442687988
-
START:  FDN
END:    128.27365136146545
-
START:  FDS
END:    128.72497606277466
-
START:  FELE
END:    130.18777632713318
-
START:  FFIN
END:    130.64428114891052
-
START:  FICO
END:    131.1222321987152
-
START:  FINX
END:    131.3122637271881
-
START:  FIS
END:    132.7545621395111
-
START:  FISV
END:    133.12991857528687
-
START:  FIVE
END:    133.37257838249207
-
START:  FIVN
END:    133.58976817131042
-
START:  FLGT
END:    133.77146315574646
-
START:  FLT
END:    134.03368067741394
-
START:  FLWS
END:    134.3960030078888
-
START:  FN
END:    134.6653208732605
-
START:  FND
END:    134.82848620414734
-
START:  FNV
END:    135.12817096710205
-
START:  FORM
END:    135.48140406608582
-
START:  FOXF
END:    135.7098331451416
-
START:  FPX
END:    136.061274766922
-
START:  FRC
END:    136.34280705451965
-
START:  FRHC
END:    137.52154994010925
-
START:  FRPT
END:    137.72158122062683
-
START:  FSS
END:    138.12307906150818
-
START:  FTNT
END:    139.4357295036316
-
START:  FUV
END:    140.61819887161255
-
START:  GDEN
END:    141.02150106430054
-
START:  GFI
END:    141.43096923828125
-
START:  GGG
END:    141.87924003601074
-
START:  GIB
END:    142.21985960006714
-
START:  GLDD
END:    142.56115436553955
-
START:  GLOB
END:    142.7684028148651
-
START:  GMAB
END:    143.0474717617035
-
START:  GME
END:    144.449236869812
-
START:  GMED
END:    144.68793630599976
-
START:  GNRC
END:    144.9810471534729
-
START:  GNSS
END:    145.35472083091736
-
START:  GNTX
END:    145.75233459472656
-
START:  GOLF
END:    145.94709968566895
-
START:  GOOG
END:    146.30963373184204
-
START:  GOOGL
END:    147.72395849227905
-
START:  GPI
END:    148.11859345436096
-
START:  GPN
END:    148.5568449497223
-
START:  GRBK
END:    148.86693143844604
-
START:  GRMN
END:    149.26990747451782
-
START:  GRVY
END:    149.65923428535461
-
START:  GRWG
END:    149.8094687461853
-
START:  GWRE
END:    151.0638222694397
-
START:  HACK
END:    151.30379438400269
-
START:  HALO
END:    152.66913843154907
-
START:  HCI
END:    152.96569323539734
-
START:  HD
END:    154.39051151275635
-
START:  HEI
END:    154.84724307060242
-
START:  HELE
END:    155.20304536819458
-
START:  HIBB
END:    155.60131192207336
-
START:  HLI
END:    155.80603790283203
-
START:  HLT
END:    156.0201714038849
-
START:  HOLX
END:    156.39535307884216
-
START:  HON
END:    156.95672416687012
-
START:  HOV
END:    157.36906147003174
-
START:  HRC
Not Found: No data found, symbol may be delisted
START:  HRI
END:    157.7813470363617
-
START:  HSKA
END:    158.14294242858887
-
START:  HTHT
END:    159.45311617851257
-
START:  HUBS
END:    159.66993069648743
-
START:  HUM
END:    160.10169768333435
-
START:  HZNP
END:    160.32420778274536
-
START:  IAC
END:    160.73353266716003
-
START:  IBP
END:    160.99201798439026
-
START:  ICE
END:    161.35849022865295
-
START:  ICLN
END:    161.6557285785675
-
START:  ICLR
END:    163.04315066337585
-
START:  IDT
END:    163.45576930046082
-
START:  IDXX
END:    163.8768138885498
-
START:  IESC
END:    164.2477412223816
-
START:  IEX
END:    164.70952320098877
-
START:  ILMN
END:    165.09125757217407
-
START:  INFO
Not Found: No data found, symbol may be delisted
START:  INOV
Not Found: No data found, symbol may be delisted
START:  INSP
END:    167.39514136314392
-
START:  INTC
END:    167.8351535797119
-
START:  INTU
END:    168.24332094192505
-
START:  INTZ
END:    168.5859043598175
-
START:  INVE
END:    168.95767211914062
-
START:  IOO
END:    169.35278844833374
-
START:  IQV
END:    169.55792093276978
-
START:  IRDM
END:    170.86634159088135
-
START:  IRMD
END:    171.07918047904968
-
START:  ISEE
END:    171.2986295223236
-
START:  ISRG
END:    171.75064277648926
-
START:  IT
END:    173.10963702201843
-
START:  ITT
END:    174.5593659877777
-
START:  ITW
END:    175.02374577522278
-
START:  IVOG
END:    175.29701042175293
-
START:  IVV
END:    176.6877429485321
-
START:  IXJ
END:    177.17162609100342
-
START:  IXN
END:    177.58055520057678
-
START:  J
END:    177.96718645095825
-
START:  JBL
END:    178.36256647109985
-
START:  JBSS
END:    178.77678751945496
-
START:  JD
END:    180.0191080570221
-
START:  JKHY
END:    180.41406154632568
-
START:  JKS
END:    180.70037579536438
-
START:  JNJ
END:    181.16829657554626
-
START:  JOE
END:    181.62404036521912
-
START:  JOUT
END:    182.00199270248413
-
START:  JYNT
END:    182.21252393722534
-
START:  KAI
END:    182.61377215385437
-
START:  KBH
END:    183.02192759513855
-
START:  KBR
END:    183.36189985275269
-
START:  KDMN
Not Found: No data found, symbol may be delisted
START:  KEYS
END:    184.6611089706421
-
START:  KLAC
END:    185.08349227905273
-
START:  KLIC
END:    185.47067832946777
-
START:  KMX
END:    185.89769840240479
-
START:  KNSL
END:    187.11042141914368
-
START:  KOPN
END:    187.4889223575592
-
START:  KOSS
END:    187.9122245311737
-
START:  KRNT
END:    189.11253142356873
-
START:  KSU
Not Found: No data found, symbol may be delisted
START:  KTOS
END:    189.56989431381226
-
START:  LAC
END:    189.87203168869019
-
START:  LAD
END:    190.26605987548828
-
START:  LANC
END:    191.72053718566895
-
START:  LAWS
Not Found: No data found, symbol may be delisted
START:  LDOS
END:    192.13485836982727
-
START:  LFMD
END:    192.45619297027588
-
START:  LGIH
END:    192.65531373023987
-
START:  LH
END:    194.168377161026
-
START:  LHCG
END:    194.52766370773315
-
START:  LHX
END:    195.03476977348328
-
START:  LII
END:    195.45066690444946
-
START:  LIN
END:    195.88719367980957
-
START:  LINC
END:    196.25483918190002
-
START:  LIT
END:    196.5225760936737
-
START:  LLY
END:    197.0250883102417
-
START:  LMT
END:    198.4469690322876
-
START:  LNT
END:    198.8956458568573
-
START:  LOB
END:    199.08769822120667
-
START:  LOGI
END:    199.50383353233337
-
START:  LOVE
END:    200.68464398384094
-
START:  LOW
END:    201.0931043624878
-
START:  LPLA
END:    201.3779697418213
-
START:  LPSN
END:    201.73833227157593
-
START:  LQDT
END:    202.1359362602234
-
START:  LRCX
END:    202.53631210327148
-
START:  LSCC
END:    202.94844961166382
-
START:  LSTR
END:    203.36978244781494
-
START:  LULU
END:    203.6687216758728
-
START:  LUNA
END:    203.9758815765381
-
START:  MA
END:    205.39980292320251
-
START:  MANH
END:    205.82200622558594
-
START:  MANT
Not Found: No data found, symbol may be delisted
START:  MARA
END:    206.1144998073578
-
START:  MASI
END:    206.40244698524475
-
START:  MATX
END:    207.85222506523132
-
START:  MBUU
END:    208.0744285583496
-
START:  MCD
END:    209.53793096542358
-
START:  MCHP
END:    209.95190405845642
-
START:  MCO
END:    210.35418224334717
-
START:  MDB
END:    210.4996519088745
-
START:  MDT
END:    210.96878457069397
-
START:  MEDP
END:    211.15089797973633
-
START:  MEDS
END:    212.34277248382568
-
START:  MELI
END:    212.66532111167908
-
START:  MGC
END:    213.05420088768005
-
START:  MGIC
END:    213.48183345794678
-
START:  MGK
END:    213.83579802513123
-
START:  MGNI
END:    214.02663731575012
-
START:  MHO
END:    214.43848037719727
-
START:  MIME
Not Found: No data found, symbol may be delisted
START:  MITK
END:    214.89285230636597
-
START:  MKC
END:    215.28600645065308
-
START:  MKSI
END:    216.6758885383606
-
START:  MKTX
END:    218.06177854537964
-
START:  MLAB
END:    219.47245740890503
-
START:  MLR
END:    219.89700055122375
-
START:  MMC
END:    221.42367243766785
-
START:  MMS
END:    221.83576679229736
-
START:  MNMD
END:    222.0085792541504
-
START:  MNST
END:    222.400817155838
-
START:  MODN
END:    222.64903855323792
-
START:  MODV
END:    223.01870679855347
-
START:  MOH
END:    223.38604545593262
-
START:  MORN
END:    223.7661509513855
-
START:  MPWR
END:    224.16405773162842
-
START:  MRTX
END:    224.39807319641113
-
START:  MRVL
END:    224.78349828720093
-
START:  MS
END:    225.22943305969238
-
START:  MSA
END:    226.6861448287964
-
START:  MSCI
END:    227.0139410495758
-
START:  MSEX
END:    227.4619517326355
-
START:  MSFT
END:    227.8718283176422
-
START:  MSI
END:    228.3214728832245
-
START:  MSTR
END:    228.75535821914673
-
START:  MTBC
Not Found: No data found, symbol may be delisted
START:  MTCH
END:    229.2313096523285
-
START:  MTD
END:    229.6146719455719
-
START:  MTEX
END:    230.02521085739136
-
START:  MTH
END:    230.51049637794495
-
START:  MTLS
END:    231.72673201560974
-
START:  MTSI
END:    231.96668672561646
-
START:  MU
END:    232.39628505706787
-
START:  MUSA
END:    233.62384843826294
-
START:  MVIS
END:    233.9891414642334
-
START:  MXL
END:    234.26582288742065
-
START:  MYRG
END:    234.5773138999939
-
START:  NBIX
END:    234.9356665611267
-
START:  NCBS
Not Found: No data found, symbol may be delisted
START:  NDAQ
END:    236.4093632698059
-
START:  NDSN
END:    236.83869767189026
-
START:  NEE
END:    237.3553855419159
-
START:  NEO
END:    237.71961498260498
-
START:  NEOG
END:    238.11028003692627
-
START:  NFLX
END:    241.59883213043213
-
START:  NICE
END:    242.99706196784973
-
START:  NISN
END:    243.173424243927
-
START:  NKE
END:    243.64824676513672
-
START:  NOVT
END:    245.07965183258057
-
START:  NOW
END:    245.31750798225403
-
START:  NSC
END:    245.76453137397766
-
START:  NSIT
END:    246.1193265914917
-
START:  NSSC
END:    246.51795291900635
-
START:  NSTG
END:    246.75763988494873
-
START:  NTLA
END:    246.95606017112732
-
START:  NTRA
END:    248.15967679023743
-
START:  NUAN
Not Found: No data found, symbol may be delisted
START:  NVCR
END:    248.41686916351318
-
START:  NVDA
END:    248.8086965084076
-
START:  NVMI
END:    250.20181488990784
-
START:  NVO
END:    250.64576983451843
-
START:  NVR
END:    251.0410590171814
-
START:  NXST
END:    251.42552638053894
-
START:  NYT
END:    251.85715413093567
-
START:  OBCI
Not Found: No data found, symbol may be delisted
START:  ODFL
END:    252.30420470237732
-
START:  OEF
END:    252.738023519516
-
START:  OFLX
END:    253.14336395263672
-
START:  OLED
END:    253.5753207206726
-
START:  OMCL
END:    254.9466700553894
-
START:  ON
END:    255.37133955955505
-
START:  OOMA
END:    255.57790112495422
-
START:  OPRX
END:    255.89317989349365
-
START:  ORA
END:    257.34537744522095
-
START:  ORCL
END:    257.7673761844635
-
START:  ORLY
END:    258.14232087135315
-
START:  ORMP
END:    258.4625244140625
-
START:  OTEX
END:    258.83287596702576
-
START:  PACB
END:    259.1050968170166
-
START:  PAG
END:    260.5606315135956
-
START:  PANW
END:    261.8355116844177
-
START:  PAR
END:    262.20207142829895
-
START:  PAYC
END:    262.40636706352234
-
START:  PAYX
END:    262.88448762893677
-
START:  PBD
END:    263.2085509300232
-
START:  PCTY
END:    263.460675239563
-
START:  PEGA
END:    264.8758659362793
-
START:  PEN
END:    265.0496380329132
-
START:  PENN
END:    265.4305555820465
-
START:  PEP
END:    265.9144797325134
-
START:  PERI
END:    266.25545620918274
-
START:  PFSI
END:    266.5019211769104
-
START:  PGR
END:    266.99016642570496
-
START:  PH
END:    267.4582395553589
-
START:  PHM
END:    267.9849908351898
-
START:  PKI
END:    268.5091619491577
-
START:  PLL
END:    269.66847586631775
-
START:  PLNT
END:    269.8972227573395
-
START:  PLUG
END:    270.266934633255
-
START:  PLXS
END:    270.6474814414978
-
START:  PODD
END:    270.957576751709
-
START:  POOL
END:    271.33115124702454
-
START:  POWI
END:    271.7158296108246
-
START:  PRFT
END:    272.08590602874756
-
START:  PRI
END:    272.41639494895935
-
START:  PRTA
END:    272.651549577713
-
START:  PRTS
END:    272.95740389823914
-
START:  PTSI
END:    273.333988904953
-
START:  PWR
END:    273.7803854942322
-
START:  PYPL
END:    274.0310950279236
-
START:  QADA
Not Found: No data found, symbol may be delisted
START:  QCLN
END:    274.43546175956726
-
START:  QDEL
END:    274.8237838745117
-
START:  QGEN
END:    275.25151777267456
-
START:  QLYS
END:    275.4980182647705
-
START:  QQQ
END:    276.9119791984558
-
START:  QRVO
END:    277.12751150131226
-
START:  QTWO
END:    277.341534614563
-
START:  RADA
Not Found: No data found, symbol may be delisted
START:  RAMP
END:    278.81955122947693
-
START:  RBA
END:    279.21181631088257
-
START:  RCII
END:    279.581707239151
-
START:  RCKY
END:    279.99431014060974
-
START:  RDNT
END:    280.3309042453766
-
START:  RDVT
END:    280.4835147857666
-
START:  RDWR
END:    280.8443446159363
-
START:  REGI
END:    282.1101655960083
-
START:  RENN
END:    282.35927510261536
-
START:  RGEN
END:    282.7718870639801
-
START:  RH
END:    282.99688172340393
-
START:  RILY
END:    284.34685158729553
-
START:  RIOT
END:    285.55525827407837
-
START:  RLI
END:    285.99240899086
-
START:  RLMD
END:    286.21375012397766
-
START:  RMD
END:    286.6357922554016
-
START:  RNG
END:    286.86590480804443
-
START:  ROBO
END:    287.0915250778198
-
START:  ROCK
END:    287.45721197128296
-
START:  ROK
END:    287.88059997558594
-
START:  ROKU
END:    288.04083585739136
-
START:  ROL
END:    288.51891350746155
-
START:  ROP
END:    288.9590365886688
-
START:  ROST
END:    289.360582113266
-
START:  RPD
END:    289.5704278945923
-
START:  RPM
END:    290.0281376838684
-
START:  RSG
END:    291.46655011177063
-
START:  RTH
END:    292.85082364082336
-
START:  RUN
END:    293.0547125339508
-
START:  RXI
END:    293.4116451740265
-
START:  SAIA
END:    293.78526997566223
-
START:  SAIC
END:    294.0179007053375
-
START:  SAM
END:    294.39909386634827
-
START:  SAVA
END:    294.7830731868744
-
START:  SCI
END:    295.2032446861267
-
START:  SCL
END:    295.66164445877075
-
START:  SE
END:    295.8139593601227
-
START:  SEAS
END:    296.0443298816681
-
START:  SEDG
END:    296.2530038356781
-
START:  SFBS
END:    296.468275308609
-
START:  SGEN
END:    296.83210945129395
-
START:  SGMS
Not Found: No data found, symbol may be delisted
START:  SGRY
END:    298.13780760765076
-
START:  SHOP
END:    299.3472909927368
-
START:  SHW
END:    299.79969811439514
-
START:  SHYF
END:    300.23667192459106
-
START:  SITE
END:    300.4306185245514
-
START:  SIVB
END:    300.8167293071747
-
START:  SJW
END:    301.284610748291
-
START:  SKY
END:    301.7736773490906
-
START:  SLAB
END:    303.16567277908325
-
START:  SLP
END:    303.5423185825348
-
START:  SMH
END:    303.927118062973
-
START:  SMTC
END:    305.31152987480164
-
START:  SNAP
END:    305.4733340740204
-
START:  SNPS
END:    305.8399066925049
-
START:  SOCL
END:    307.0941162109375
-
START:  SOXL
END:    307.4750452041626
-
START:  SPGI
END:    307.8987412452698
-
START:  SPLG
END:    308.2558629512787
-
START:  SPLK
END:    308.47417545318604
-
START:  SPNS
END:    309.8786840438843
-
START:  SPSC
END:    310.16805696487427
-
START:  SPTM
END:    310.58511185646057
-
START:  SPWH
END:    310.7974214553833
-
START:  SPWR
END:    312.1248514652252
-
START:  SPXC
END:    312.59507727622986
-
START:  SPXL
END:    313.97650170326233
-
START:  SPY
END:    315.4416079521179
-
START:  SPYG
END:    316.9025847911835
-
START:  SQ
END:    317.08148193359375
-
START:  SSD
END:    317.49980330467224
-
START:  SSNC
END:    318.819326877594
-
START:  SSTK
END:    319.06211018562317
-
START:  STAA
END:    319.46947622299194
-
START:  STE
END:    319.86886072158813
-
START:  SUSA
END:    320.27745366096497
-
START:  SYK
END:    320.7792935371399
-
START:  SYNA
END:    322.12111473083496
-
START:  TBBK
END:    322.46206188201904
-
START:  TBK
Not Found: No data found, symbol may be delisted
START:  TDG
END:    322.89284896850586
-
START:  TDOC
END:    323.08640217781067
-
START:  TDY
END:    323.43198442459106
-
START:  TEAM
END:    323.6171751022339
-
START:  TECH
END:    324.001127243042
-
START:  TECL
END:    324.34555172920227
-
START:  TER
END:    325.7460501194
-
START:  TFX
END:    327.1998269557953
-
START:  TGH
END:    327.5470588207245
-
START:  TGLS
END:    327.84093713760376
-
START:  TGT
END:    328.29498052597046
-
START:  TGTX
END:    328.56145572662354
-
START:  THC
END:    328.9960708618164
-
START:  TJX
END:    330.4299213886261
-
START:  TMO
END:    330.8425409793854
-
START:  TMUS
END:    331.21139430999756
-
START:  TNDM
END:    332.41930198669434
-
START:  TNET
END:    333.64085245132446
-
START:  TPX
END:    335.03422355651855
-
START:  TREX
END:    335.41522884368896
-
START:  TRI
END:    335.79070258140564
-
START:  TRIL
Not Found: No data found, symbol may be delisted
START:  TRMB
END:    337.2026517391205
-
START:  TRNS
END:    337.5593144893646
-
START:  TROW
END:    338.00338220596313
-
START:  TRU
END:    338.24635434150696
-
START:  TRUP
END:    339.44997453689575
-
START:  TSCO
END:    339.825040102005
-
START:  TSLA
END:    340.0947217941284
-
START:  TSM
END:    340.5064694881439
-
START:  TT
END:    342.01342964172363
-
START:  TTC
END:    342.46930146217346
-
START:  TTD
END:    342.6361174583435
-
START:  TTEC
END:    343.05021047592163
-
START:  TTEK
END:    344.4669964313507
-
START:  TTGT
END:    344.7981643676758
-
START:  TTWO
END:    345.23116731643677
-
START:  TWLO
END:    345.4460332393646
-
START:  TXN
END:    345.98008370399475
-
START:  TYL
END:    346.34952664375305
-
START:  UCTT
END:    346.6751410961151
-
START:  UFPI
END:    347.1049807071686
-
START:  UFPT
END:    347.4580719470978
-
START:  UI
END:    347.76656103134155
-
START:  UMC
END:    348.1686170101166
-
START:  UNF
END:    348.57279205322266
-
START:  UNH
END:    350.0133738517761
-
START:  UNP
END:    351.6065068244934
-
START:  UPLD
END:    351.8056151866913
-
START:  URI
END:    352.2537896633148
-
START:  V
END:    352.58500933647156
-
START:  VALU
END:    353.0699007511139
-
START:  VBK
END:    353.4355478286743
-
START:  VCEL
END:    353.7840733528137
-
START:  VCR
END:    354.27270436286926
-
START:  VCTR
END:    355.4492962360382
-
START:  VCYT
END:    355.6412172317505
-
START:  VDC
END:    356.0272889137268
-
START:  VEEV
END:    356.2464270591736
-
START:  VERU
END:    356.60379457473755
-
START:  VGT
END:    356.9719748497009
-
START:  VHT
END:    360.37799072265625
-
START:  VIAV
END:    360.78569889068604
-
START:  VICR
END:    361.15864610671997
-
START:  VIG
END:    362.5747957229614
-
START:  VO
END:    362.97653341293335
-
START:  VONE
END:    363.281804561615
-
START:  VONG
END:    363.55943489074707
-
START:  VOO
END:    363.8462710380554
-
START:  VOOG
END:    364.112012386322
-
START:  VOOV
END:    364.37503957748413
-
START:  VOT
END:    364.69692945480347
-
START:  VPU
END:    365.05615735054016
-
START:  VRNS
END:    365.25317454338074
-
START:  VRSK
END:    365.6070432662964
-
START:  VRSN
END:    367.0030093193054
-
START:  VRTV
END:    367.1909692287445
-
START:  VSTO
END:    367.39210271835327
-
START:  VTHR
END:    367.662309885025
-
START:  VTI
END:    368.0646131038666
-
START:  VTNR
END:    369.443199634552
-
START:  VTWG
END:    369.77412581443787
-
START:  VUG
END:    370.1751112937927
-
START:  VV
END:    370.59250926971436
-
START:  VXF
END:    371.00252413749695
-
START:  WCN
END:    371.418496131897
-
START:  WD
END:    371.6693534851074
-
START:  WDAY
END:    371.895090341568
-
START:  WDFC
END:    372.287663936615
-
START:  WEC
END:    372.7436361312866
-
START:  WEN
END:    374.17132472991943
-
START:  WINA
END:    374.5686128139496
-
START:  WING
END:    374.78487491607666
-
START:  WIRE
END:    376.1913571357727
-
START:  WIX
END:    376.4081118106842
-
START:  WK
END:    376.60821413993835
-
START:  WLTW
Not Found: No data found, symbol may be delisted
START:  WM
END:    377.0810663700104
-
START:  WMS
END:    378.3415615558624
-
START:  WNS
END:    378.6691129207611
-
START:  WRB
END:    379.1030054092407
-
START:  WSC
END:    379.26305055618286
-
START:  WSM
END:    379.64968514442444
-
START:  WST
END:    381.08302187919617
-
START:  WTRG
END:    381.5414478778839
-
START:  WTS
END:    382.9518532752991
-
START:  XEL
END:    383.4632430076599
-
START:  XENE
END:    383.66733956336975
-
START:  XLK
END:    384.0736825466156
-
START:  XLNX
Not Found: No data found, symbol may be delisted
START:  XLP
END:    385.57075333595276
-
START:  XLRN
Not Found: No data found, symbol may be delisted
START:  XLU
END:    386.02691769599915
-
START:  XLV
END:    386.4237504005432
-
START:  XLY
END:    387.9103834629059
-
START:  XYL
END:    388.16556668281555
-
START:  YNDX
END:    388.39871764183044
-
START:  YORW
END:    388.85460233688354
-
START:  YUM
END:    390.32940006256104
-
START:  Z
END:    390.52014565467834
-
START:  ZBRA
END:    390.93897247314453
-
START:  ZEN
Not Found: No data found, symbol may be delisted
START:  ZLAB
END:    392.1576943397522
-
START:  ZNGA
Not Found: No data found, symbol may be delisted
START:  ZS
END:    393.3823034763336
-
START:  ZTS
END:    393.6402208805084
-
START:  ZYXI
END:    395.06226539611816
-
===========================
MACD golden cross
===========================
START:  code
START:  A
START:  AAON
START:  AAPL
START:  ABG
START:  ABT
START:  ACLS
START:  ACMR
START:  ACN
START:  ADBE
START:  ADI
START:  ADP
START:  ADSK
START:  ADUS
START:  AEE
START:  AGYS
START:  AIZ
START:  AJG
START:  AJRD
START:  ALB
START:  ALG
START:  ALGN
START:  ALLE
START:  ALTR
START:  AMAT
START:  AMBA
START:  AMD
START:  AME
START:  AMED
START:  AMEH
START:  AMGN
START:  AMN
START:  AMP
START:  AMRC
START:  AMSWA
START:  AMTX
START:  AMZN
START:  AN
START:  ANSS
START:  ANTM
START:  AON
START:  AOSL
START:  APD
START:  APH
START:  APPF
START:  APPN
START:  APPS
START:  AQN
START:  ARCB
START:  ARCT
START:  ARES
START:  ARGX
START:  ARWR
START:  ASML
START:  ASPN
START:  ATEC
START:  ATEN
START:  ATKR
START:  ATOM
START:  ATR
START:  ATRC
START:  AUDC
START:  AUPH
START:  AVAV
START:  AVGO
START:  AVID
START:  AVNW
START:  AVXL
START:  AVY
START:  AWK
START:  AWR
START:  AXON
START:  AZO
START:  AZPN
START:  BAH
START:  BAM
START:  BAX
START:  BBH
START:  BBQ
START:  BBY
START:  BCPC
START:  BDX
START:  BEEM
START:  BFAM
START:  BFC
START:  BGFV
START:  BGNE
START:  BHVN
START:  BIO
START:  BL
START:  BLD
START:  BLDP
START:  BLDR
START:  BLFS
START:  BLK
START:  BLL
START:  BLNK
START:  BMI
START:  BOOT
START:  BOTZ
START:  BR
START:  BRKR
START:  BRKS
START:  BRO
START:  BURL
START:  BX
START:  CABO
START:  CACI
START:  CALX
START:  CAMT
START:  CAR
START:  CBRE
START:  CBSH
START:  CBZ
START:  CCOI
START:  CCS
START:  CDMO
START:  CDNA
START:  CDNS
START:  CDW
START:  CELH
START:  CGNX
START:  CHD
START:  CHDN
START:  CHE
START:  CHGG
START:  CHH
START:  CHKP
START:  CHTR
START:  CIEN
START:  CLAR
START:  CLFD
START:  CLGN
START:  CLNE
START:  CLPT
START:  CLX
START:  CMCSA
START:  CMG
START:  CMS
START:  CNC
START:  CNI
START:  CNMD
START:  CNS
START:  CNXN
START:  COO
START:  COST
START:  COUP
START:  COWN
START:  CP
START:  CPK
START:  CPRT
START:  CPSH
START:  CRAI
START:  CREE
START:  CRL
START:  CRM
START:  CRMT
START:  CROX
START:  CRSP
START:  CRVL
START:  CSGP
START:  CSL
START:  CSWI
START:  CSX
START:  CTAS
START:  CTLT
START:  CTRN
START:  CURE
START:  CVCO
START:  CVNA
START:  CWST
START:  CWT
START:  CXSE
START:  CYBR
START:  CYRX
START:  CYTK
START:  DAC
START:  DAR
START:  DAVA
START:  DDS
START:  DE
START:  DECK
START:  DELL
START:  DFIN
START:  DG
START:  DGRW
START:  DHI
START:  DHR
START:  DIA
START:  DIOD
START:  DIS
START:  DKS
START:  DLN
START:  DNLI
START:  DOMO
START:  DOV
START:  DPZ
START:  DQ
START:  DRD
START:  DRIO
START:  DRNA
START:  DSGX
START:  DVAX
START:  DXCM
START:  ECL
START:  EFX
START:  EGAN
START:  EHC
START:  EL
START:  ENPH
START:  ENSG
START:  ENTG
START:  ENV
START:  EPAM
START:  ERIE
START:  ES
START:  ESE
START:  ETN
START:  ETSY
START:  EVBG
START:  EVTC
START:  EW
START:  EWT
START:  EXAS
START:  EXLS
START:  EXPD
START:  EXPI
START:  EXPO
START:  FAST
START:  FATE
START:  FB
START:  FCN
START:  FCX
START:  FDN
START:  FDS
START:  FELE
START:  FFIN
START:  FICO
START:  FINX
START:  FIS
START:  FISV
START:  FIVE
START:  FIVN
START:  FLGT
START:  FLT
START:  FLWS
START:  FN
START:  FND
START:  FNV
START:  FORM
START:  FOXF
START:  FPX
START:  FRC
START:  FRHC
START:  FRPT
START:  FSS
START:  FTNT
START:  FUV
START:  GDEN
START:  GFI
START:  GGG
START:  GIB
START:  GLDD
START:  GLOB
START:  GMAB
START:  GME
START:  GMED
START:  GNRC
START:  GNSS
START:  GNTX
START:  GOLF
START:  GOOG
START:  GOOGL
START:  GPI
START:  GPN
START:  GRBK
START:  GRMN
START:  GRVY
START:  GRWG
START:  GWRE
START:  HACK
START:  HALO
START:  HCI
START:  HD
START:  HEI
START:  HELE
START:  HIBB
START:  HLI
START:  HLT
START:  HOLX
START:  HON
START:  HOV
START:  HRC
START:  HRI
START:  HSKA
START:  HTHT
START:  HUBS
START:  HUM
START:  HZNP
START:  IAC
START:  IBP
START:  ICE
START:  ICLN
START:  ICLR
START:  IDT
START:  IDXX
START:  IESC
START:  IEX
START:  ILMN
START:  INFO
START:  INOV
START:  INSP
START:  INTC
START:  INTU
START:  INTZ
START:  INVE
START:  IOO
START:  IQV
START:  IRDM
START:  IRMD
START:  ISEE
START:  ISRG
START:  IT
START:  ITT
START:  ITW
START:  IVOG
START:  IVV
START:  IXJ
START:  IXN
START:  J
START:  JBL
START:  JBSS
START:  JD
START:  JKHY
START:  JKS
START:  JNJ
START:  JOE
START:  JOUT
START:  JYNT
START:  KAI
START:  KBH
START:  KBR
START:  KDMN
START:  KEYS
START:  KLAC
START:  KLIC
START:  KMX
START:  KNSL
START:  KOPN
START:  KOSS
START:  KRNT
START:  KSU
START:  KTOS
START:  LAC
START:  LAD
START:  LANC
START:  LAWS
START:  LDOS
START:  LFMD
START:  LGIH
START:  LH
START:  LHCG
START:  LHX
START:  LII
START:  LIN
START:  LINC
START:  LIT
START:  LLY
START:  LMT
START:  LNT
START:  LOB
START:  LOGI
START:  LOVE
START:  LOW
START:  LPLA
START:  LPSN
START:  LQDT
START:  LRCX
START:  LSCC
START:  LSTR
START:  LULU
START:  LUNA
START:  MA
START:  MANH
START:  MANT
START:  MARA
START:  MASI
START:  MATX
START:  MBUU
START:  MCD
START:  MCHP
START:  MCO
START:  MDB
START:  MDT
START:  MEDP
START:  MEDS
START:  MELI
START:  MGC
START:  MGIC
START:  MGK
START:  MGNI
START:  MHO
START:  MIME
START:  MITK
START:  MKC
START:  MKSI
START:  MKTX
START:  MLAB
START:  MLR
START:  MMC
START:  MMS
START:  MNMD
START:  MNST
START:  MODN
START:  MODV
START:  MOH
START:  MORN
START:  MPWR
START:  MRTX
START:  MRVL
START:  MS
START:  MSA
START:  MSCI
START:  MSEX
START:  MSFT
START:  MSI
START:  MSTR
START:  MTBC
START:  MTCH
START:  MTD
START:  MTEX
START:  MTH
START:  MTLS
START:  MTSI
START:  MU
START:  MUSA
START:  MVIS
START:  MXL
START:  MYRG
START:  NBIX
START:  NCBS
START:  NDAQ
START:  NDSN
START:  NEE
START:  NEO
START:  NEOG
START:  NFLX
START:  NICE
START:  NISN
START:  NKE
START:  NOVT
START:  NOW
START:  NSC
START:  NSIT
START:  NSSC
START:  NSTG
START:  NTLA
START:  NTRA
START:  NUAN
START:  NVCR
START:  NVDA
START:  NVMI
START:  NVO
START:  NVR
START:  NXST
START:  NYT
START:  OBCI
START:  ODFL
START:  OEF
START:  OFLX
START:  OLED
START:  OMCL
START:  ON
START:  OOMA
START:  OPRX
START:  ORA
START:  ORCL
START:  ORLY
START:  ORMP
START:  OTEX
START:  PACB
START:  PAG
START:  PANW
START:  PAR
START:  PAYC
START:  PAYX
START:  PBD
START:  PCTY
START:  PEGA
START:  PEN
START:  PENN
START:  PEP
START:  PERI
START:  PFSI
START:  PGR
START:  PH
START:  PHM
START:  PKI
START:  PLL
START:  PLNT
START:  PLUG
START:  PLXS
START:  PODD
START:  POOL
START:  POWI
START:  PRFT
START:  PRI
START:  PRTA
START:  PRTS
START:  PTSI
START:  PWR
START:  PYPL
START:  QADA
START:  QCLN
START:  QDEL
START:  QGEN
START:  QLYS
START:  QQQ
START:  QRVO
START:  QTWO
START:  RADA
START:  RAMP
START:  RBA
START:  RCII
START:  RCKY
START:  RDNT
START:  RDVT
START:  RDWR
START:  REGI
START:  RENN
START:  RGEN
START:  RH
START:  RILY
START:  RIOT
START:  RLI
START:  RLMD
START:  RMD
START:  RNG
START:  ROBO
START:  ROCK
START:  ROK
START:  ROKU
START:  ROL
START:  ROP
START:  ROST
START:  RPD
START:  RPM
START:  RSG
START:  RTH
START:  RUN
START:  RXI
START:  SAIA
START:  SAIC
START:  SAM
START:  SAVA
START:  SCI
START:  SCL
START:  SE
START:  SEAS
START:  SEDG
START:  SFBS
START:  SGEN
START:  SGMS
START:  SGRY
START:  SHOP
START:  SHW
START:  SHYF
START:  SITE
START:  SIVB
START:  SJW
START:  SKY
START:  SLAB
START:  SLP
START:  SMH
START:  SMTC
START:  SNAP
START:  SNPS
START:  SOCL
START:  SOXL
START:  SPGI
START:  SPLG
START:  SPLK
START:  SPNS
START:  SPSC
START:  SPTM
START:  SPWH
START:  SPWR
START:  SPXC
START:  SPXL
START:  SPY
START:  SPYG
START:  SQ
START:  SSD
START:  SSNC
START:  SSTK
START:  STAA
START:  STE
START:  SUSA
START:  SYK
START:  SYNA
START:  TBBK
START:  TBK
START:  TDG
START:  TDOC
START:  TDY
START:  TEAM
START:  TECH
START:  TECL
START:  TER
START:  TFX
START:  TGH
START:  TGLS
START:  TGT
START:  TGTX
START:  THC
START:  TJX
START:  TMO
START:  TMUS
START:  TNDM
START:  TNET
START:  TPX
START:  TREX
START:  TRI
START:  TRIL
START:  TRMB
START:  TRNS
START:  TROW
START:  TRU
START:  TRUP
START:  TSCO
START:  TSLA
START:  TSM
START:  TT
START:  TTC
START:  TTD
START:  TTEC
START:  TTEK
START:  TTGT
START:  TTWO
START:  TWLO
START:  TXN
START:  TYL
START:  UCTT
START:  UFPI
START:  UFPT
START:  UI
START:  UMC
START:  UNF
START:  UNH
START:  UNP
START:  UPLD
START:  URI
START:  V
START:  VALU
START:  VBK
START:  VCEL
START:  VCR
START:  VCTR
START:  VCYT
START:  VDC
START:  VEEV
START:  VERU
START:  VGT
START:  VHT
START:  VIAV
START:  VICR
START:  VIG
START:  VO
START:  VONE
START:  VONG
START:  VOO
START:  VOOG
START:  VOOV
START:  VOT
START:  VPU
START:  VRNS
START:  VRSK
START:  VRSN
START:  VRTV
START:  VSTO
START:  VTHR
START:  VTI
START:  VTNR
START:  VTWG
START:  VUG
START:  VV
START:  VXF
START:  WCN
START:  WD
START:  WDAY
START:  WDFC
START:  WEC
START:  WEN
START:  WINA
START:  WING
START:  WIRE
START:  WIX
START:  WK
START:  WLTW
START:  WM
START:  WMS
START:  WNS
START:  WRB
START:  WSC
START:  WSM
START:  WST
START:  WTRG
START:  WTS
START:  XEL
START:  XENE
START:  XLK
START:  XLNX
START:  XLP
START:  XLRN
START:  XLU
START:  XLV
START:  XLY
START:  XYL
START:  YNDX
START:  YORW
START:  YUM
START:  Z
START:  ZBRA
START:  ZEN
START:  ZLAB
START:  ZNGA
START:  ZS
START:  ZTS
START:  ZYXI
==== MACD golden cross ====
None
code: ACLS     day: macd + hist - hist_1pre - ,  Week: macd + hist + hist_1pre - , Month: macd + hist + hist_1pre + , 
Trade --> code: ACLS   BUY: 2011-01-31   13.88 SELL: 2011-06-30    6.56  macd:   -0.03 macd_count:   5 profit:  0.47
Trade --> code: ACLS   BUY: 2013-07-31    8.72 SELL: 2019-05-31   14.83  macd:   -0.17 macd_count:  70 profit:  1.70
Trade --> code: ACLS   BUY: 2019-12-31   24.10 SELL: 2023-03-31  134.77  macd:   17.18 macd_count:  40 profit:  5.59

code: AVID     day: macd + hist + hist_1pre + ,  Week: macd + hist + hist_1pre - , Month: macd + hist - hist_1pre - , 
Trade --> code: AVID   BUY: 2005-08-31   37.34 SELL: 2006-04-30   38.55  macd:   -0.61 macd_count:   8 profit:  1.03
Trade --> code: AVID   BUY: 2011-03-31   22.30 SELL: 2011-08-31    9.84  macd:   -0.26 macd_count:   5 profit:  0.44
Trade --> code: AVID   BUY: 2014-10-31   10.05 SELL: 2015-12-31    7.29  macd:   -0.14 macd_count:  14 profit:  0.73
Trade --> code: AVID   BUY: 2019-04-30    7.60 SELL: 2023-03-31   30.68  macd:    1.91 macd_count:  48 profit:  4.04

code: BLDR     day: macd + hist + hist_1pre + ,  Week: macd + hist + hist_1pre - , Month: macd + hist + hist_1pre + , 
Trade --> code: BLDR   BUY: 2012-05-31    3.96 SELL: 2018-12-31   10.91  macd:   -0.12 macd_count:  79 profit:  2.76
Trade --> code: BLDR   BUY: 2019-08-31   19.45 SELL: 2023-03-31   87.75  macd:    8.40 macd_count:  44 profit:  4.51

code: CIEN     day: macd + hist + hist_1pre + ,  Week: macd + hist + hist_1pre - , Month: macd - hist - hist_1pre - , 
Trade --> code: CIEN   BUY: 2007-01-31   28.09 SELL: 2008-07-31   20.67  macd:   -0.70 macd_count:  18 profit:  0.74
Trade --> code: CIEN   BUY: 2011-01-31   22.03 SELL: 2011-10-31   13.18  macd:   -0.26 macd_count:   9 profit:  0.60
Trade --> code: CIEN   BUY: 2013-06-30   19.43 SELL: 2015-01-31   18.52  macd:   -0.00 macd_count:  19 profit:  0.95
Trade --> code: CIEN   BUY: 2015-02-28   20.92 SELL: 2016-04-30   16.83  macd:   -0.12 macd_count:  14 profit:  0.80
Trade --> code: CIEN   BUY: 2016-12-31   24.41 SELL: 2022-10-31   47.90  macd:   -0.30 macd_count:  70 profit:  1.96

code: CNMD     day: macd + hist + hist_1pre + ,  Week: macd + hist + hist_1pre - , Month: macd - hist - hist_1pre - , 
Trade --> code: CNMD   BUY: 2005-08-31   29.26 SELL: 2006-02-28   19.36  macd:   -0.15 macd_count:   6 profit:  0.66
Trade --> code: CNMD   BUY: 2007-03-31   29.23 SELL: 2009-01-31   15.65  macd:   -0.61 macd_count:  22 profit:  0.54
Trade --> code: CNMD   BUY: 2010-12-31   26.43 SELL: 2016-05-31   39.82  macd:   -0.24 macd_count:  65 profit:  1.51
Trade --> code: CNMD   BUY: 2016-06-30   47.73 SELL: 2016-07-31   40.64  macd:   -0.13 macd_count:   1 profit:  0.85
Trade --> code: CNMD   BUY: 2017-04-30   49.16 SELL: 2022-09-30   80.17  macd:   -2.21 macd_count:  65 profit:  1.63

code: CTAS     day: macd + hist + hist_1pre + ,  Week: macd + hist + hist_1pre - , Month: macd + hist + hist_1pre - , 
Trade --> code: CTAS   BUY: 2005-08-31   41.25 SELL: 2005-10-31   40.54  macd:   -0.04 macd_count:   2 profit:  0.98
Trade --> code: CTAS   BUY: 2005-11-30   44.72 SELL: 2006-06-30   39.76  macd:   -0.09 macd_count:   7 profit:  0.89
Trade --> code: CTAS   BUY: 2011-03-31   30.28 SELL: 2023-03-31  466.20  macd:   27.10 macd_count: 145 profit: 15.40

code: ENTG     day: macd - hist - hist_1pre - ,  Week: macd + hist + hist_1pre - , Month: macd - hist - hist_1pre - , 
Trade --> code: ENTG   BUY: 2007-02-28   11.14 SELL: 2007-09-30    8.68  macd:   -0.12 macd_count:   7 profit:  0.78
Trade --> code: ENTG   BUY: 2010-11-30    6.50 SELL: 2022-11-30   77.29  macd:   -0.70 macd_count: 144 profit: 11.89

code: FLT      day: macd + hist + hist_1pre + ,  Week: macd + hist + hist_1pre - , Month: macd - hist + hist_1pre - , 
Trade --> code: FLT    BUY: 2013-04-30   76.90 SELL: 2021-11-30  207.13  macd:   -0.54 macd_count: 103 profit:  2.69

code: FLWS     day: macd + hist + hist_1pre + ,  Week: macd + hist + hist_1pre - , Month: macd - hist + hist_1pre - , 
Trade --> code: FLWS   BUY: 2007-05-31    8.87 SELL: 2008-07-31    5.51  macd:   -0.09 macd_count:  14 profit:  0.62
Trade --> code: FLWS   BUY: 2012-06-30    3.49 SELL: 2022-03-31   12.76  macd:   -0.46 macd_count: 117 profit:  3.66

code: FND      day: macd + hist + hist_1pre + ,  Week: macd + hist + hist_1pre - , Month: macd - hist + hist_1pre - , 
Trade --> code: FND    BUY: 2019-08-31   49.22 SELL: 2022-09-30   70.26  macd:   -1.03 macd_count:  37 profit:  1.43

code: FRPT     day: macd + hist + hist_1pre + ,  Week: macd + hist + hist_1pre - , Month: macd - hist - hist_1pre - , 
Trade --> code: FRPT   BUY: 2017-09-30   15.65 SELL: 2022-05-31   71.97  macd:   -1.35 macd_count:  56 profit:  4.60

code: GGG      day: macd + hist + hist_1pre + ,  Week: macd + hist + hist_1pre - , Month: macd + hist + hist_1pre - , 
Trade --> code: GGG    BUY: 2005-08-31   12.40 SELL: 2008-01-31   11.41  macd:   -0.04 macd_count:  29 profit:  0.92
Trade --> code: GGG    BUY: 2008-05-31   13.47 SELL: 2008-06-30   12.69  macd:   -0.01 macd_count:   1 profit:  0.94
Trade --> code: GGG    BUY: 2010-09-30   10.58 SELL: 2023-03-31   71.93  macd:    1.08 macd_count: 151 profit:  6.80

code: GIB      day: macd + hist + hist_1pre + ,  Week: macd + hist + hist_1pre - , Month: macd + hist + hist_1pre + , 
Trade --> code: GIB    BUY: 2005-08-31    7.10 SELL: 2008-12-31    7.80  macd:   -0.05 macd_count:  40 profit:  1.10
Trade --> code: GIB    BUY: 2009-08-31   10.33 SELL: 2023-03-31   94.07  macd:    2.39 macd_count: 164 profit:  9.11

code: HACK     day: macd + hist + hist_1pre + ,  Week: macd + hist + hist_1pre - , Month: macd - hist - hist_1pre - , 
Trade --> code: HACK   BUY: 2017-05-31   30.33 SELL: 2022-08-31   47.65  macd:   -0.09 macd_count:  63 profit:  1.57

code: IOO      day: macd + hist + hist_1pre + ,  Week: macd + hist + hist_1pre - , Month: macd + hist - hist_1pre - , 
Trade --> code: IOO    BUY: 2005-08-31   31.17 SELL: 2008-09-30   31.06  macd:   -0.39 macd_count:  37 profit:  1.00
Trade --> code: IOO    BUY: 2011-01-31   32.19 SELL: 2011-12-31   28.97  macd:   -0.03 macd_count:  11 profit:  0.90
Trade --> code: IOO    BUY: 2012-02-29   31.42 SELL: 2012-06-30   29.45  macd:   -0.02 macd_count:   4 profit:  0.94
Trade --> code: IOO    BUY: 2012-09-30   31.20 SELL: 2016-01-31   34.46  macd:   -0.13 macd_count:  40 profit:  1.10
Trade --> code: IOO    BUY: 2016-11-30   37.43 SELL: 2023-03-31   69.14  macd:    0.61 macd_count:  77 profit:  1.85

code: LGIH     day: macd + hist + hist_1pre + ,  Week: macd + hist + hist_1pre - , Month: macd - hist + hist_1pre - , 
Trade --> code: LGIH   BUY: 2016-03-31   24.21 SELL: 2022-06-30   86.90  macd:   -0.29 macd_count:  75 profit:  3.59

code: LIN      day: macd + hist + hist_1pre + ,  Week: macd + hist + hist_1pre - , Month: macd + hist + hist_1pre + , 
Trade --> code: LIN    BUY: 2005-08-31   48.30 SELL: 2009-01-31   62.26  macd:   -0.09 macd_count:  41 profit:  1.29
Trade --> code: LIN    BUY: 2009-08-31   76.62 SELL: 2015-08-31  105.75  macd:   -0.96 macd_count:  72 profit:  1.38
Trade --> code: LIN    BUY: 2016-11-30  120.30 SELL: 2023-03-31  350.09  macd:   17.57 macd_count:  77 profit:  2.91

code: LOVE     day: macd - hist + hist_1pre + ,  Week: macd + hist + hist_1pre - , Month: macd - hist - hist_1pre - , 
Trade --> code: LOVE   BUY: 2020-11-30   31.88 SELL: 2022-07-31   31.16  macd:   -0.74 macd_count:  20 profit:  0.98

code: LULU     day: macd + hist + hist_1pre + ,  Week: macd + hist + hist_1pre - , Month: macd + hist - hist_1pre - , 
Trade --> code: LULU   BUY: 2010-04-30   18.81 SELL: 2014-03-31   52.59  macd:   -0.51 macd_count:  47 profit:  2.80
Trade --> code: LULU   BUY: 2015-03-31   64.02 SELL: 2015-11-30   47.82  macd:   -0.52 macd_count:   8 profit:  0.75
Trade --> code: LULU   BUY: 2016-02-29   62.73 SELL: 2017-04-30   52.00  macd:   -0.16 macd_count:  14 profit:  0.83
Trade --> code: LULU   BUY: 2017-11-30   66.96 SELL: 2023-02-28  309.20  macd:   -0.06 macd_count:  63 profit:  4.62
Trade --> code: LULU   BUY: 2023-03-31  364.36 SELL: 2023-03-31  364.36  macd:    2.89 macd_count:   1 profit:  1.00

code: MASI     day: macd + hist - hist_1pre - ,  Week: macd + hist + hist_1pre - , Month: macd - hist + hist_1pre + , 
Trade --> code: MASI   BUY: 2011-02-28   30.14 SELL: 2011-09-30   21.63  macd:   -0.43 macd_count:   7 profit:  0.72
Trade --> code: MASI   BUY: 2013-10-31   25.62 SELL: 2014-09-30   21.28  macd:   -0.05 macd_count:  11 profit:  0.83
Trade --> code: MASI   BUY: 2014-10-31   25.24 SELL: 2022-04-30  112.97  macd:   -4.85 macd_count:  90 profit:  4.48

code: MGC      day: macd + hist + hist_1pre + ,  Week: macd + hist + hist_1pre - , Month: macd + hist - hist_1pre - , 
Trade --> code: MGC    BUY: 2011-01-31   43.96 SELL: 2023-03-31  141.24  macd:    0.55 macd_count: 147 profit:  3.21

code: MSCI     day: macd + hist + hist_1pre + ,  Week: macd + hist + hist_1pre - , Month: macd + hist + hist_1pre - , 
Trade --> code: MSCI   BUY: 2010-04-30   34.65 SELL: 2012-10-31   26.94  macd:   -0.02 macd_count:  30 profit:  0.78
Trade --> code: MSCI   BUY: 2013-05-31   35.24 SELL: 2023-03-31  554.22  macd:   19.36 macd_count: 119 profit: 15.73

code: MSI      day: macd + hist + hist_1pre + ,  Week: macd + hist + hist_1pre - , Month: macd + hist + hist_1pre + , 
Trade --> code: MSI    BUY: 2005-08-31   88.45 SELL: 2007-06-30   71.55  macd:   -0.32 macd_count:  22 profit:  0.81
Trade --> code: MSI    BUY: 2011-02-28   38.64 SELL: 2023-03-31  281.07  macd:   17.62 macd_count: 146 profit:  7.27

code: MTH      day: macd + hist + hist_1pre + ,  Week: macd + hist + hist_1pre - , Month: macd + hist + hist_1pre + , 
Trade --> code: MTH    BUY: 2005-08-31   78.29 SELL: 2006-09-30   41.61  macd:   -0.48 macd_count:  13 profit:  0.53
Trade --> code: MTH    BUY: 2011-02-28   25.81 SELL: 2011-09-30   15.14  macd:   -0.11 macd_count:   7 profit:  0.59
Trade --> code: MTH    BUY: 2011-12-31   23.19 SELL: 2015-01-31   36.41  macd:   -0.13 macd_count:  37 profit:  1.57
Trade --> code: MTH    BUY: 2015-02-28   44.51 SELL: 2015-11-30   37.31  macd:   -0.14 macd_count:   9 profit:  0.84
Trade --> code: MTH    BUY: 2017-06-30   42.20 SELL: 2018-12-31   36.72  macd:   -0.34 macd_count:  18 profit:  0.87
Trade --> code: MTH    BUY: 2019-02-28   43.85 SELL: 2022-09-30   70.27  macd:   -1.08 macd_count:  43 profit:  1.60
Trade --> code: MTH    BUY: 2023-01-31  107.69 SELL: 2023-03-31  116.01  macd:    3.84 macd_count:   3 profit:  1.08

code: NICE     day: macd + hist + hist_1pre + ,  Week: macd + hist + hist_1pre - , Month: macd - hist - hist_1pre - , 
Trade --> code: NICE   BUY: 2005-08-31   21.62 SELL: 2008-10-31   22.36  macd:   -0.31 macd_count:  38 profit:  1.03
Trade --> code: NICE   BUY: 2009-12-31   31.04 SELL: 2022-09-30  188.24  macd:   -1.98 macd_count: 153 profit:  6.06

code: NUAN     day: macd + hist + hist_1pre + ,  Week: macd + hist + hist_1pre - , Month: macd + hist - hist_1pre - , 
Trade --> code: NUAN   BUY: 2005-11-30    5.38 SELL: 2008-11-30    7.94  macd:   -0.14 macd_count:  36 profit:  1.48
Trade --> code: NUAN   BUY: 2009-12-31   13.44 SELL: 2013-05-31   16.44  macd:   -0.10 macd_count:  41 profit:  1.22
Trade --> code: NUAN   BUY: 2015-11-30   18.11 SELL: 2016-07-31   13.90  macd:   -0.05 macd_count:   8 profit:  0.77
Trade --> code: NUAN   BUY: 2017-05-31   16.01 SELL: 2017-09-30   13.60  macd:   -0.04 macd_count:   4 profit:  0.85
Trade --> code: NUAN   BUY: 2019-04-30   14.56 SELL: 2022-03-31   55.99  macd:    7.14 macd_count:  36 profit:  3.85

code: ON       day: macd + hist - hist_1pre - ,  Week: macd + hist + hist_1pre - , Month: macd + hist + hist_1pre + , 
Trade --> code: ON     BUY: 2005-09-30    5.15 SELL: 2008-10-31    5.11  macd:   -0.11 macd_count:  37 profit:  0.99
Trade --> code: ON     BUY: 2009-12-31    8.82 SELL: 2010-08-31    6.18  macd:   -0.03 macd_count:   8 profit:  0.70
Trade --> code: ON     BUY: 2010-10-31    7.67 SELL: 2012-05-31    6.74  macd:   -0.03 macd_count:  19 profit:  0.88
Trade --> code: ON     BUY: 2013-07-31    8.24 SELL: 2013-08-31    7.24  macd:   -0.02 macd_count:   1 profit:  0.88
Trade --> code: ON     BUY: 2014-01-31    8.36 SELL: 2016-06-30    8.82  macd:   -0.04 macd_count:  29 profit:  1.06
Trade --> code: ON     BUY: 2016-08-31   10.80 SELL: 2020-04-30   16.05  macd:   -0.24 macd_count:  44 profit:  1.49
Trade --> code: ON     BUY: 2020-08-31   21.37 SELL: 2023-03-31   81.75  macd:    8.88 macd_count:  32 profit:  3.83

code: ROP      day: macd + hist + hist_1pre + ,  Week: macd + hist + hist_1pre - , Month: macd + hist - hist_1pre - , 
Trade --> code: ROP    BUY: 2005-08-31   38.52 SELL: 2008-12-31   43.41  macd:   -0.40 macd_count:  40 profit:  1.13
Trade --> code: ROP    BUY: 2010-03-31   57.84 SELL: 2023-03-31  438.35  macd:    2.68 macd_count: 157 profit:  7.58

code: SHOP     day: macd + hist + hist_1pre + ,  Week: macd + hist + hist_1pre - , Month: macd - hist + hist_1pre - , 
Trade --> code: SHOP   BUY: 2017-09-30   11.65 SELL: 2022-05-31   37.51  macd:   -3.26 macd_count:  56 profit:  3.22

code: SOCL     day: macd + hist + hist_1pre + ,  Week: macd + hist + hist_1pre - , Month: macd - hist + hist_1pre - , 
Trade --> code: SOCL   BUY: 2014-03-31   19.49 SELL: 2022-04-30   38.06  macd:   -0.19 macd_count:  97 profit:  1.95

code: SPNS     day: macd + hist + hist_1pre + ,  Week: macd + hist + hist_1pre - , Month: macd - hist - hist_1pre - , 
Trade --> code: SPNS   BUY: 2007-07-31    2.54 SELL: 2007-10-31    1.52  macd:   -0.00 macd_count:   3 profit:  0.60
Trade --> code: SPNS   BUY: 2008-09-30    2.35 SELL: 2009-01-31    1.08  macd:   -0.02 macd_count:   4 profit:  0.46
Trade --> code: SPNS   BUY: 2010-03-31    2.13 SELL: 2018-03-31    8.53  macd:   -0.17 macd_count:  96 profit:  4.00
Trade --> code: SPNS   BUY: 2019-01-31   12.20 SELL: 2022-08-31   22.12  macd:   -0.30 macd_count:  43 profit:  1.81

code: TFX      day: macd + hist + hist_1pre + ,  Week: macd + hist + hist_1pre - , Month: macd - hist + hist_1pre - , 
Trade --> code: TFX    BUY: 2005-08-31   68.85 SELL: 2008-03-31   47.71  macd:   -0.88 macd_count:  31 profit:  0.69
Trade --> code: TFX    BUY: 2010-03-31   64.07 SELL: 2010-08-31   48.06  macd:   -0.12 macd_count:   5 profit:  0.75
Trade --> code: TFX    BUY: 2010-09-30   56.78 SELL: 2010-11-30   49.94  macd:   -0.24 macd_count:   2 profit:  0.88
Trade --> code: TFX    BUY: 2011-01-31   57.32 SELL: 2022-01-31  310.19  macd:   -0.32 macd_count: 132 profit:  5.41

code: TGLS     day: macd + hist - hist_1pre - ,  Week: macd + hist + hist_1pre - , Month: macd + hist + hist_1pre + , 
Trade --> code: TGLS   BUY: 2014-09-30   10.95 SELL: 2017-04-30   10.83  macd:   -0.06 macd_count:  31 profit:  0.99
Trade --> code: TGLS   BUY: 2021-03-31   12.02 SELL: 2023-03-31   41.34  macd:    4.84 macd_count:  25 profit:  3.44

code: TSM      day: macd + hist + hist_1pre + ,  Week: macd + hist + hist_1pre - , Month: macd - hist - hist_1pre - , 
Trade --> code: TSM    BUY: 2005-11-30    9.25 SELL: 2008-10-31    8.22  macd:   -0.09 macd_count:  35 profit:  0.89
Trade --> code: TSM    BUY: 2009-08-31   10.70 SELL: 2022-09-30   68.56  macd:   -0.82 macd_count: 157 profit:  6.41

code: VCR      day: macd - hist + hist_1pre + ,  Week: macd + hist + hist_1pre - , Month: macd - hist - hist_1pre - , 
Trade --> code: VCR    BUY: 2006-05-31   53.54 SELL: 2008-02-29   49.52  macd:   -0.25 macd_count:  21 profit:  0.92
Trade --> code: VCR    BUY: 2010-03-31   52.35 SELL: 2022-10-31  240.68  macd:   -1.00 macd_count: 151 profit:  4.60

