Fri Feb 17 13:49:49 UTC 2023
arg[0]: scraping/yahoo-finace-api2.py, arg[1]: stock-code-list/buy-list.txt
===========================
scraping
===========================
START:  AAPL
END:    0.3805379867553711
-
START:  EL
END:    0.7041075229644775
-
START:  NEE
END:    1.0929539203643799
-
START:  AMD
END:    1.3826665878295898
-
START:  APH
END:    1.7149977684020996
-
START:  XLP
END:    2.061671018600464
-
START:  SPXL
END:    2.3228557109832764
-
START:  KEYS
END:    2.4778120517730713
-
START:  VDC
END:    2.7986185550689697
-
START:  SPTM
END:    3.1560230255126953
-
START:  SPLG
END:    3.4223551750183105
-
START:  CROX
END:    3.6775481700897217
-
START:  AXON
END:    3.976533889770508
-
START:  AWR
END:    4.354486465454102
-
START:  FN
END:    4.5796144008636475
-
START:  NXST
END:    4.888989210128784
-
START:  TREX
END:    5.196477890014648
-
START:  RGEN
END:    5.531939506530762
-
START:  EXPO
END:    5.850155830383301
-
START:  BCPC
END:    6.192806243896484
-
START:  SOXL
END:    6.460693120956421
-
START:  TECL
END:    6.724668025970459
-
START:  NEO
END:    7.011233806610107
-
START:  NVMI
END:    8.413511991500854
-
START:  NVDA
END:    8.759739637374878
-
START:  BBDC
END:    9.080297231674194
-
START:  APPS
END:    9.313432693481445
-
START:  ROK
END:    9.692069292068481
-
START:  NHTC
END:    10.028361797332764
-
START:  ZYXI
END:    10.361478567123413
-
START:  LIT
END:    10.636323928833008
-
START:  LLY
END:    10.987256526947021
-
START:  GTLB
END:    11.064552068710327
-
START:  MCD
END:    11.430071830749512
-
START:  MSI
END:    11.88104772567749
-
START:  HCP
END:    12.988791465759277
-
START:  ON
END:    13.268978118896484
-
===========================
MACD sell
===========================
START:  AAPL
START:  EL
START:  NEE
START:  AMD
START:  APH
START:  XLP
START:  SPXL
START:  KEYS
START:  VDC
START:  SPTM
START:  SPLG
START:  CROX
START:  AXON
START:  AWR
START:  FN
START:  NXST
START:  TREX
START:  RGEN
START:  EXPO
START:  BCPC
START:  SOXL
START:  TECL
START:  NEO
START:  NVMI
START:  NVDA
START:  BBDC
START:  APPS
START:  ROK
START:  NHTC
START:  ZYXI
START:  LIT
START:  LLY
START:  GTLB
START:  MCD
START:  MSI
START:  HCP
START:  ON
==== MACD list ====
code: AAPL     day: macd + hist + ,  Week: macd + hist + , Month: macd + hist - , 
code: EL       day: macd - hist - ,  Week: macd + hist - , Month: macd - hist - , 
code: NEE      day: macd - hist + ,  Week: macd - hist - , Month: macd + hist - , 
code: AMD      day: macd + hist - ,  Week: macd + hist + , Month: macd - hist - , 
code: APH      day: macd + hist - ,  Week: macd + hist + , Month: macd + hist + , 
code: XLP      day: macd - hist + ,  Week: macd - hist - , Month: macd + hist - , 
code: SPXL     day: macd + hist - ,  Week: macd + hist + , Month: macd - hist - , 
code: KEYS     day: macd + hist + ,  Week: macd + hist + , Month: macd + hist + , 
code: VDC      day: macd - hist + ,  Week: macd + hist - , Month: macd + hist - , 
code: SPTM     day: macd + hist - ,  Week: macd + hist + , Month: macd + hist - , 
code: SPLG     day: macd + hist - ,  Week: macd + hist + , Month: macd + hist - , 
code: CROX     day: macd + hist + ,  Week: macd + hist + , Month: macd + hist + , 
code: AXON     day: macd + hist - ,  Week: macd + hist - , Month: macd + hist + , 
code: AWR      day: macd - hist - ,  Week: macd + hist - , Month: macd + hist + , 
code: FN       day: macd - hist - ,  Week: macd + hist - , Month: macd + hist + , 
code: NXST     day: macd + hist - ,  Week: macd + hist + , Month: macd + hist + , 
code: TREX     day: macd + hist - ,  Week: macd + hist + , Month: macd - hist - , 
code: RGEN     day: macd + hist + ,  Week: macd + hist + , Month: macd + hist - , 
code: EXPO     day: macd + hist - ,  Week: macd + hist + , Month: macd + hist - , 
code: BCPC     day: macd + hist - ,  Week: macd + hist + , Month: macd + hist - , 
code: SOXL     day: macd + hist - ,  Week: macd + hist + , Month: macd - hist - , 
code: TECL     day: macd + hist + ,  Week: macd + hist + , Month: macd - hist - , 
code: NEO      day: macd + hist + ,  Week: macd + hist + , Month: macd - hist + , 
code: NVMI     day: macd + hist - ,  Week: macd + hist + , Month: macd + hist - , 
code: NVDA     day: macd + hist + ,  Week: macd + hist + , Month: macd + hist - , 
code: BBDC     day: macd + hist - ,  Week: macd - hist + , Month: macd - hist - , 
code: APPS     day: macd - hist - ,  Week: macd - hist - , Month: macd - hist - , 
code: ROK      day: macd + hist + ,  Week: macd + hist + , Month: macd + hist + , 
code: NHTC     day: macd + hist + ,  Week: macd + hist + , Month: macd - hist + , 
code: ZYXI     day: macd - hist - ,  Week: macd + hist - , Month: macd + hist + , 
code: LIT      day: macd + hist - ,  Week: macd - hist + , Month: macd + hist - , 
code: LLY      day: macd - hist - ,  Week: macd + hist - , Month: macd + hist - , 
code: GTLB     day: macd + hist - ,  Week: macd - hist + , Month: macd + hist + , 
code: MCD      day: macd - hist - ,  Week: macd + hist - , Month: macd + hist - , 
code: MSI      day: macd + hist + ,  Week: macd + hist + , Month: macd + hist + , 
code: HCP      day: macd + hist - ,  Week: macd - hist + , Month: macd + hist + , 
code: ON       day: macd + hist + ,  Week: macd + hist + , Month: macd + hist + , 
==== MACD sell list ====
code: AAPL     day: macd + hist + ,  Week: macd + hist + , Month: macd + hist - , 
code: EL       day: macd - hist - , 
code: EL       day: macd - hist - ,  Week: macd + hist - , 
code: EL       day: macd - hist - ,  Week: macd + hist - , Month: macd - hist - , 
code: NEE      day: macd - hist + ,  Week: macd - hist - , 
code: NEE      day: macd - hist + ,  Week: macd - hist - , Month: macd + hist - , 
code: AMD      day: macd + hist - , 
code: AMD      day: macd + hist - ,  Week: macd + hist + , Month: macd - hist - , 
code: APH      day: macd + hist - , 
code: XLP      day: macd - hist + ,  Week: macd - hist - , 
code: XLP      day: macd - hist + ,  Week: macd - hist - , Month: macd + hist - , 
code: SPXL     day: macd + hist - , 
code: SPXL     day: macd + hist - ,  Week: macd + hist + , Month: macd - hist - , 
code: VDC      day: macd - hist + ,  Week: macd + hist - , 
code: VDC      day: macd - hist + ,  Week: macd + hist - , Month: macd + hist - , 
code: SPTM     day: macd + hist - , 
code: SPTM     day: macd + hist - ,  Week: macd + hist + , Month: macd + hist - , 
code: SPLG     day: macd + hist - , 
code: SPLG     day: macd + hist - ,  Week: macd + hist + , Month: macd + hist - , 
code: AXON     day: macd + hist - , 
code: AXON     day: macd + hist - ,  Week: macd + hist - , 
code: AWR      day: macd - hist - , 
code: AWR      day: macd - hist - ,  Week: macd + hist - , 
code: FN       day: macd - hist - , 
code: FN       day: macd - hist - ,  Week: macd + hist - , 
code: NXST     day: macd + hist - , 
code: TREX     day: macd + hist - , 
code: TREX     day: macd + hist - ,  Week: macd + hist + , Month: macd - hist - , 
code: RGEN     day: macd + hist + ,  Week: macd + hist + , Month: macd + hist - , 
code: EXPO     day: macd + hist - , 
code: EXPO     day: macd + hist - ,  Week: macd + hist + , Month: macd + hist - , 
code: BCPC     day: macd + hist - , 
code: BCPC     day: macd + hist - ,  Week: macd + hist + , Month: macd + hist - , 
code: SOXL     day: macd + hist - , 
code: SOXL     day: macd + hist - ,  Week: macd + hist + , Month: macd - hist - , 
code: TECL     day: macd + hist + ,  Week: macd + hist + , Month: macd - hist - , 
code: NVMI     day: macd + hist - , 
code: NVMI     day: macd + hist - ,  Week: macd + hist + , Month: macd + hist - , 
code: NVDA     day: macd + hist + ,  Week: macd + hist + , Month: macd + hist - , 
code: BBDC     day: macd + hist - , 
code: BBDC     day: macd + hist - ,  Week: macd - hist + , Month: macd - hist - , 
code: APPS     day: macd - hist - , 
code: APPS     day: macd - hist - ,  Week: macd - hist - , 
code: APPS     day: macd - hist - ,  Week: macd - hist - , Month: macd - hist - , 
code: ZYXI     day: macd - hist - , 
code: ZYXI     day: macd - hist - ,  Week: macd + hist - , 
code: LIT      day: macd + hist - , 
code: LIT      day: macd + hist - ,  Week: macd - hist + , Month: macd + hist - , 
code: LLY      day: macd - hist - , 
code: LLY      day: macd - hist - ,  Week: macd + hist - , 
code: LLY      day: macd - hist - ,  Week: macd + hist - , Month: macd + hist - , 
code: GTLB     day: macd + hist - , 
code: MCD      day: macd - hist - , 
code: MCD      day: macd - hist - ,  Week: macd + hist - , 
code: MCD      day: macd - hist - ,  Week: macd + hist - , Month: macd + hist - , 
code: HCP      day: macd + hist - , 
===========================
profit
===========================
==== plus ====
XLP  , macd -, macd hist +, profit:   [0.16], per:   [0.22], now:  [72.74], buy:  [72.58]
KEYS , macd +, macd hist +, profit:   [0.91], per:   [0.49], now: [186.97], buy: [186.06]
AXON , macd +, macd hist -, profit:   [57.9], per:  [41.91], now: [196.05], buy: [138.15]
FN   , macd -, macd hist -, profit:   [6.19], per:    [5.3], now: [123.05], buy: [116.86]
NXST , macd +, macd hist -, profit:  [37.03], per:  [22.79], now: [199.53], buy:  [162.5]
RGEN , macd +, macd hist +, profit:  [18.44], per:  [10.26], now:  [198.1], buy: [179.66]
EXPO , macd +, macd hist -, profit:   [4.74], per:   [4.69], now: [105.85], buy: [101.11]
ZYXI , macd -, macd hist -, profit:   [6.53], per: [102.67], now:  [12.89], buy:   [6.36]
LLY  , macd -, macd hist -, profit:  [55.07], per:  [20.32], now: [326.07], buy:   [271.]
MCD  , macd -, macd hist -, profit:  [12.37], per:   [4.88], now: [265.83], buy: [253.46]
MSI  , macd +, macd hist +, profit:  [15.95], per:   [6.34], now: [267.36], buy: [251.41]
ON   , macd +, macd hist +, profit:  [24.27], per:  [40.54], now:  [84.13], buy:  [59.86]
-
     plus  len:  12
     profit: [239.56], per: [260.42], per/len(p):   [21.7], per/len(p+m):   [7.04]
-
==== minus ====
AAPL , macd +, macd hist +, profit:       [], per:       [], now: [153.71], buy:       []
EL   , macd -, macd hist -, profit: [-90.22], per: [-26.55], now: [249.53], buy: [339.75]
NEE  , macd -, macd hist +, profit:  [-9.64], per:  [-11.3], now:  [75.69], buy:  [85.33]
AMD  , macd +, macd hist -, profit: [-40.15], per: [-33.39], now:  [80.08], buy: [120.23]
APH  , macd +, macd hist -, profit:       [], per:       [], now:  [81.36], buy:       []
SPXL , macd +, macd hist -, profit: [-56.38], per: [-43.29], now:  [73.85], buy: [130.23]
VDC  , macd -, macd hist +, profit:  [-0.29], per:  [-0.15], now: [189.24], buy: [189.53]
SPTM , macd +, macd hist -, profit:  [-5.97], per: [-10.55], now:  [50.61], buy:  [56.58]
SPLG , macd +, macd hist -, profit:  [-5.99], per: [-11.09], now:    [48.], buy:  [53.99]
CROX , macd +, macd hist +, profit: [-46.22], per: [-26.05], now:  [131.2], buy: [177.42]
AWR  , macd -, macd hist -, profit:       [], per:       [], now:  [92.61], buy:       []
TREX , macd +, macd hist -, profit: [-14.34], per: [-20.49], now:  [55.66], buy:    [70.]
BCPC , macd +, macd hist -, profit:  [-2.29], per:  [-1.67], now: [134.79], buy: [137.08]
SOXL , macd +, macd hist -, profit: [-25.81], per: [-61.32], now:  [16.28], buy:  [42.09]
TECL , macd +, macd hist +, profit: [-29.32], per: [-48.27], now:  [31.42], buy:  [60.74]
NEO  , macd +, macd hist +, profit:  [-3.77], per: [-21.13], now:  [14.07], buy:  [17.84]
NVMI , macd +, macd hist -, profit: [-22.79], per: [-19.88], now:  [91.86], buy: [114.65]
NVDA , macd +, macd hist +, profit: [-35.65], per: [-13.94], now: [220.02], buy: [255.67]
BBDC , macd +, macd hist -, profit:  [-1.94], per:  [-18.3], now:   [8.66], buy:   [10.6]
APPS , macd -, macd hist -, profit: [-30.84], per: [-70.62], now:  [12.83], buy:  [43.67]
ROK  , macd +, macd hist +, profit: [-46.01], per: [-13.46], now: [295.88], buy: [341.89]
NHTC , macd +, macd hist +, profit:  [-0.28], per:  [-3.91], now:   [6.89], buy:   [7.17]
LIT  , macd +, macd hist -, profit:  [-23.3], per: [-25.35], now:  [68.61], buy:  [91.91]
GTLB , macd +, macd hist -, profit:  [-5.51], per: [-10.44], now:  [47.25], buy:  [52.76]
HCP  , macd +, macd hist -, profit: [-21.87], per: [-40.28], now:  [32.43], buy:   [54.3]
-
     minus len:  25
     profit:       [], per:       [], per/len(m):       [], per/len(p+m):       []
-
==== total ====
     profit:       [], per:       [], per/len(p+m):       []
arg[0]: scraping/yahoo-finace-api2.py, arg[1]: stock-code-list/up-month.txt
===========================
scraping
===========================
START:  A
END:    0.36060452461242676
-
START:  AAON
END:    0.687584638595581
-
START:  AAPL
END:    1.0447607040405273
-
START:  ABG
END:    1.3430635929107666
-
START:  ABT
END:    1.699660301208496
-
START:  ACLS
END:    1.9737756252288818
-
START:  ACMR
END:    2.102569341659546
-
START:  ACN
END:    2.4294424057006836
-
START:  ADBE
END:    2.761270523071289
-
START:  ADI
END:    3.0819623470306396
-
START:  ADP
END:    3.435678720474243
-
START:  ADSK
END:    3.772808790206909
-
START:  ADUS
END:    4.023755311965942
-
START:  AEE
END:    4.345031976699829
-
START:  AGYS
END:    4.654141664505005
-
START:  AIZ
END:    4.961731433868408
-
START:  AJG
END:    5.284550189971924
-
START:  AJRD
END:    5.60196852684021
-
START:  ALB
END:    6.956273078918457
-
START:  ALG
END:    7.296048402786255
-
START:  ALGN
END:    7.5710413455963135
-
START:  ALLE
END:    7.765392303466797
-
START:  ALTR
END:    7.902482509613037
-
START:  AMAT
END:    8.205904483795166
-
START:  AMBA
END:    9.407739400863647
-
START:  AMD
END:    9.705074310302734
-
START:  AME
END:    10.160018920898438
-
START:  AMED
END:    10.456084489822388
-
START:  AMEH
END:    10.664875745773315
-
START:  AMGN
END:    11.995090007781982
-
START:  AMN
END:    12.300567626953125
-
START:  AMP
END:    12.653081893920898
-
START:  AMRC
END:    13.930158615112305
-
START:  AMSWA
END:    14.250548601150513
-
START:  AMTX
END:    14.4968740940094
-
START:  AMZN
END:    14.80592679977417
-
START:  AN
END:    16.109142303466797
-
START:  ANSS
END:    16.40653133392334
-
START:  ANTM
Not Found: No data found, symbol may be delisted
START:  AON
END:    16.822850942611694
-
START:  AOSL
END:    17.04454493522644
-
START:  APD
END:    17.423506498336792
-
START:  APH
END:    17.751136779785156
-
START:  APPF
END:    17.91889715194702
-
START:  APPN
END:    18.05174231529236
-
START:  APPS
END:    18.327231407165527
-
START:  AQN
END:    18.62099051475525
-
START:  ARCB
END:    18.996612310409546
-
START:  ARCT
END:    19.182974815368652
-
START:  ARES
END:    19.375069856643677
-
START:  ARGX
END:    19.510677099227905
-
START:  ARWR
END:    20.815934896469116
-
START:  ASML
END:    21.14333176612854
-
START:  ASPN
END:    21.352786779403687
-
START:  ATEC
END:    21.607781171798706
-
START:  ATEN
END:    22.790386199951172
-
START:  ATKR
END:    23.004091024398804
-
START:  ATOM
END:    23.166378259658813
-
START:  ATR
END:    23.518752336502075
-
START:  ATRC
END:    23.7891366481781
-
START:  AUDC
END:    24.078292846679688
-
START:  AUPH
END:    24.242499589920044
-
START:  AVAV
END:    24.48611354827881
-
START:  AVGO
END:    24.72275996208191
-
START:  AVID
END:    26.031037092208862
-
START:  AVNW
END:    26.34422278404236
-
START:  AVXL
END:    26.599984407424927
-
START:  AVY
END:    26.95552110671997
-
START:  AWK
END:    28.230175256729126
-
START:  AWR
END:    28.554306745529175
-
START:  AXON
END:    28.888660192489624
-
START:  AZO
END:    29.170562267303467
-
START:  AZPN
END:    29.469078540802002
-
START:  BAH
END:    29.691064596176147
-
START:  BAM
END:    29.761809825897217
-
START:  BAX
END:    31.12893772125244
-
START:  BBH
END:    31.455535411834717
-
START:  BBQ
END:    31.835338830947876
-
START:  BBY
END:    33.20009446144104
-
START:  BCPC
END:    33.53287172317505
-
START:  BDX
END:    33.92292547225952
-
START:  BEEM
END:    35.16543650627136
-
START:  BFAM
END:    35.36353135108948
-
START:  BFC
END:    35.625239610672
-
START:  BGFV
END:    35.97457242012024
-
START:  BGNE
END:    36.12639045715332
-
START:  BHVN
END:    36.24879026412964
-
START:  BIO
END:    36.57875037193298
-
START:  BL
END:    37.74393129348755
-
START:  BLD
END:    37.909743547439575
-
START:  BLDP
END:    38.195953369140625
-
START:  BLDR
END:    38.46173644065857
-
START:  BLFS
END:    38.74575066566467
-
START:  BLK
END:    39.08625817298889
-
START:  BLL
Not Found: No data found, symbol may be delisted
START:  BLNK
END:    40.40457797050476
-
START:  BMI
END:    40.74203658103943
-
START:  BOOT
END:    40.9091157913208
-
START:  BOTZ
END:    41.05572819709778
-
START:  BR
END:    42.37055540084839
-
START:  BRKR
END:    42.70393085479736
-
START:  BRKS
Not Found: No data found, symbol may be delisted
START:  BRO
END:    43.15093207359314
-
START:  BURL
END:    43.38654327392578
-
START:  BX
END:    44.69722938537598
-
START:  CABO
END:    44.86259579658508
-
START:  CACI
END:    45.142624616622925
-
START:  CALX
END:    45.34944725036621
-
START:  CAMT
END:    45.67329692840576
-
START:  CAR
END:    46.052878856658936
-
START:  CBRE
END:    47.35250186920166
-
START:  CBSH
END:    47.75003981590271
-
START:  CBZ
END:    48.039716958999634
-
START:  CCOI
END:    48.33174991607666
-
START:  CCS
END:    48.519320487976074
-
START:  CDMO
END:    48.809890031814575
-
START:  CDNA
END:    48.97465538978577
-
START:  CDNS
END:    50.28029131889343
-
START:  CDW
END:    50.466325998306274
-
START:  CELH
END:    50.721620321273804
-
START:  CGNX
END:    52.09045100212097
-
START:  CHD
END:    52.451393842697144
-
START:  CHDN
END:    52.78475737571716
-
START:  CHE
END:    53.116917848587036
-
START:  CHGG
END:    53.29387807846069
-
START:  CHH
END:    56.682984352111816
-
START:  CHKP
END:    57.00812840461731
-
START:  CHTR
END:    57.22828793525696
-
START:  CIEN
END:    57.53397178649902
-
START:  CLAR
END:    57.90244460105896
-
START:  CLFD
END:    59.21416759490967
-
START:  CLGN
END:    59.352689266204834
-
START:  CLNE
END:    59.631852865219116
-
START:  CLPT
END:    59.823376178741455
-
START:  CLX
END:    60.17164874076843
-
START:  CMCSA
END:    60.556925773620605
-
START:  CMG
END:    60.843059062957764
-
START:  CMS
END:    61.2797737121582
-
START:  CNC
END:    61.56133842468262
-
START:  CNI
END:    61.89691758155823
-
START:  CNMD
END:    62.192662954330444
-
START:  CNS
END:    62.559520959854126
-
START:  CNXN
END:    62.87641429901123
-
START:  COO
END:    63.236547231674194
-
START:  COST
END:    63.54615640640259
-
START:  COUP
END:    64.68423843383789
-
START:  COWN
END:    64.94457650184631
-
START:  CP
END:    65.33077502250671
-
START:  CPK
END:    65.65960955619812
-
START:  CPRT
END:    65.94786643981934
-
START:  CPSH
END:    66.23861885070801
-
START:  CRAI
END:    66.53544855117798
-
START:  CREE
Not Found: No data found, symbol may be delisted
START:  CRL
END:    66.9037082195282
-
START:  CRM
END:    67.22236442565918
-
START:  CRMT
END:    67.51870703697205
-
START:  CROX
END:    67.76978778839111
-
START:  CRSP
END:    68.96310663223267
-
START:  CRVL
END:    69.24777054786682
-
START:  CSGP
END:    69.5337176322937
-
START:  CSL
END:    69.86453986167908
-
START:  CSWI
END:    70.02698731422424
-
START:  CSX
END:    71.41123390197754
-
START:  CTAS
END:    71.81637787818909
-
START:  CTLT
END:    71.99965143203735
-
START:  CTRN
END:    72.2907919883728
-
START:  CURE
END:    72.51013207435608
-
START:  CVCO
END:    73.82720899581909
-
START:  CVNA
END:    73.96955728530884
-
START:  CWST
END:    74.24701023101807
-
START:  CWT
END:    74.59650897979736
-
START:  CXSE
END:    74.8030846118927
-
START:  CYBR
END:    74.98442697525024
-
START:  CYRX
END:    75.24795365333557
-
START:  CYTK
END:    75.52353882789612
-
START:  DAC
END:    76.820228099823
-
START:  DAR
END:    77.2316644191742
-
START:  DAVA
END:    77.36558437347412
-
START:  DDS
END:    77.78622341156006
-
START:  DE
END:    78.19623446464539
-
START:  DECK
END:    78.5357735157013
-
START:  DELL
END:    78.68224501609802
-
START:  DFIN
END:    78.81798958778381
-
START:  DG
END:    79.06139779090881
-
START:  DGRW
END:    79.26063680648804
-
START:  DHI
END:    79.59601211547852
-
START:  DHR
END:    79.92584943771362
-
START:  DIA
END:    81.28243207931519
-
START:  DIOD
END:    81.58472776412964
-
START:  DIS
END:    82.1604073047638
-
START:  DKS
END:    82.47301363945007
-
START:  DLN
END:    82.78159284591675
-
START:  DNLI
END:    82.9198055267334
-
START:  DOMO
END:    83.03789377212524
-
START:  DOV
END:    83.3990409374237
-
START:  DPZ
END:    83.73990654945374
-
START:  DQ
END:    84.99711871147156
-
START:  DRD
END:    85.33100509643555
-
START:  DRIO
END:    85.47228384017944
-
START:  DRNA
Not Found: No data found, symbol may be delisted
START:  DSGX
END:    86.83474612236023
-
START:  DVAX
END:    88.13339614868164
-
START:  DXCM
END:    88.40844082832336
-
START:  ECL
END:    89.78592348098755
-
START:  EFX
END:    90.15029740333557
-
START:  EGAN
END:    90.43604373931885
-
START:  EHC
END:    90.7355546951294
-
START:  EL
END:    92.06715440750122
-
START:  ENPH
END:    92.25535821914673
-
START:  ENSG
END:    92.55000424385071
-
START:  ENTG
END:    92.86642146110535
-
START:  ENV
END:    93.0919816493988
-
START:  EPAM
END:    93.29176831245422
-
START:  ERIE
END:    93.63982701301575
-
START:  ES
END:    94.99504375457764
-
START:  ESE
END:    95.34603524208069
-
START:  ETN
END:    95.76902985572815
-
START:  ETSY
END:    95.92825412750244
-
START:  EVBG
END:    96.07799363136292
-
START:  EVTC
END:    96.28103256225586
-
START:  EW
END:    96.56462359428406
-
START:  EWT
END:    96.89692783355713
-
START:  EXAS
END:    97.16128587722778
-
START:  EXLS
END:    97.45361876487732
-
START:  EXPD
END:    98.79860854148865
-
START:  EXPI
END:    98.94107484817505
-
START:  EXPO
END:    100.26025366783142
-
START:  FAST
END:    100.63211226463318
-
START:  FATE
END:    101.83150815963745
-
START:  FB
Not Found: No data found, symbol may be delisted
START:  FCN
END:    102.19195890426636
-
START:  FCX
END:    102.56518745422363
-
START:  FDN
END:    103.83351063728333
-
START:  FDS
END:    104.1728515625
-
START:  FELE
END:    104.66765856742859
-
START:  FFIN
END:    106.03571128845215
-
START:  FICO
END:    106.34516954421997
-
START:  FINX
END:    106.50865125656128
-
START:  FIS
END:    106.83516311645508
-
START:  FISV
END:    107.14746332168579
-
START:  FIVE
END:    107.38650870323181
-
START:  FIVN
END:    107.5610237121582
-
START:  FLGT
END:    107.73871088027954
-
START:  FLT
END:    108.96767139434814
-
START:  FLWS
END:    109.25303268432617
-
START:  FN
END:    109.45800876617432
-
START:  FND
END:    109.63769435882568
-
START:  FNV
END:    109.89507389068604
-
START:  FORM
END:    110.18540024757385
-
START:  FOXF
END:    110.35874271392822
-
START:  FPX
END:    110.64045834541321
-
START:  FRC
END:    110.869295835495
-
START:  FRHC
END:    110.9946756362915
-
START:  FRPT
END:    111.17226958274841
-
START:  FSS
END:    111.51435160636902
-
START:  FTNT
END:    111.75093245506287
-
START:  FUV
END:    111.88676524162292
-
START:  GDEN
END:    112.22011375427246
-
START:  GFI
END:    113.6270854473114
-
START:  GGG
END:    113.99641609191895
-
START:  GIB
END:    114.29924631118774
-
START:  GLDD
END:    115.54925227165222
-
START:  GLOB
END:    115.7359721660614
-
START:  GMAB
END:    115.96830701828003
-
START:  GME
END:    116.27198195457458
-
START:  GMED
END:    116.45065426826477
-
START:  GNRC
END:    117.69737362861633
-
START:  GNSS
END:    117.99551010131836
-
START:  GNTX
END:    118.29589200019836
-
START:  GOLF
END:    118.4343101978302
-
START:  GOOG
END:    118.72244715690613
-
START:  GOOGL
END:    119.02992391586304
-
START:  GPI
END:    119.33674645423889
-
START:  GPN
END:    120.75138187408447
-
START:  GRBK
END:    120.98634219169617
-
START:  GRMN
END:    121.32021236419678
-
START:  GRVY
END:    122.66744995117188
-
START:  GRWG
END:    122.82782697677612
-
START:  GWRE
END:    123.0253643989563
-
START:  HACK
END:    123.1868646144867
-
START:  HALO
END:    123.45705199241638
-
START:  HCI
END:    123.71845030784607
-
START:  HD
END:    124.1301953792572
-
START:  HEI
END:    124.47476363182068
-
START:  HELE
END:    125.76183104515076
-
START:  HIBB
END:    126.12391781806946
-
START:  HLI
END:    126.29376912117004
-
START:  HLT
END:    126.49779605865479
-
START:  HOLX
END:    127.80023407936096
-
START:  HON
END:    128.2121398448944
-
START:  HOV
END:    128.50040245056152
-
START:  HRC
Not Found: No data found, symbol may be delisted
START:  HRI
END:    129.82118320465088
-
START:  HSKA
END:    130.10041499137878
-
START:  HTHT
END:    130.31646490097046
-
START:  HUBS
END:    130.49999070167542
-
START:  HUM
END:    130.87870693206787
-
START:  HZNP
END:    131.07295489311218
-
START:  IAC
END:    131.40111184120178
-
START:  IBP
END:    131.56450176239014
-
START:  ICE
END:    132.87353372573853
-
START:  ICLN
END:    133.155109167099
-
START:  ICLR
END:    133.43248510360718
-
START:  IDT
END:    133.74331712722778
-
START:  IDXX
END:    134.03806066513062
-
START:  IESC
END:    134.33907675743103
-
START:  IEX
END:    134.66466569900513
-
START:  ILMN
END:    134.94584703445435
-
START:  INFO
Not Found: No data found, symbol may be delisted
START:  INOV
Not Found: No data found, symbol may be delisted
START:  INSP
END:    135.199077129364
-
START:  INTC
END:    136.58037614822388
-
START:  INTU
END:    136.89856243133545
-
START:  INTZ
END:    138.20363664627075
-
START:  INVE
END:    138.4792926311493
-
START:  IOO
END:    138.799072265625
-
START:  IQV
END:    139.9980480670929
-
START:  IRDM
END:    140.24651551246643
-
START:  IRMD
END:    140.4127814769745
-
START:  ISEE
END:    140.59842991828918
-
START:  ISRG
END:    140.9164011478424
-
START:  IT
END:    141.201673746109
-
START:  ITT
END:    141.52787351608276
-
START:  ITW
END:    141.8879144191742
-
START:  IVOG
END:    142.1109743118286
-
START:  IVV
END:    143.46082997322083
-
START:  IXJ
END:    143.88515281677246
-
START:  IXN
END:    145.19857025146484
-
START:  J
END:    145.49301290512085
-
START:  JBL
END:    146.8222644329071
-
START:  JBSS
END:    147.22635507583618
-
START:  JD
END:    147.41764664649963
-
START:  JKHY
END:    147.7573812007904
-
START:  JKS
END:    147.97215604782104
-
START:  JNJ
END:    148.4047679901123
-
START:  JOE
END:    148.76744985580444
-
START:  JOUT
END:    149.0749111175537
-
START:  JYNT
END:    150.2334382534027
-
START:  KAI
END:    150.566499710083
-
START:  KBH
END:    151.93597841262817
-
START:  KBR
END:    152.26440906524658
-
START:  KDMN
Not Found: No data found, symbol may be delisted
START:  KEYS
END:    153.51701068878174
-
START:  KLAC
END:    154.86494779586792
-
START:  KLIC
END:    155.1540184020996
-
START:  KMX
END:    155.43851733207703
-
START:  KNSL
END:    155.5880036354065
-
START:  KOPN
END:    155.8985505104065
-
START:  KOSS
END:    156.19041395187378
-
START:  KRNT
END:    156.39900612831116
-
START:  KSU
Not Found: No data found, symbol may be delisted
START:  KTOS
END:    156.79231357574463
-
START:  LAC
END:    157.02415108680725
-
START:  LAD
END:    157.38020753860474
-
START:  LANC
END:    157.7418601512909
-
START:  LAWS
Not Found: No data found, symbol may be delisted
START:  LDOS
END:    158.06288027763367
-
START:  LFMD
END:    158.33134698867798
-
START:  LGIH
END:    158.5216929912567
-
START:  LH
END:    158.85074090957642
-
START:  LHCG
END:    160.1308994293213
-
START:  LHX
END:    160.47567486763
-
START:  LII
END:    161.81769728660583
-
START:  LIN
END:    162.1863715648651
-
START:  LINC
END:    162.45236992835999
-
START:  LIT
END:    162.6847128868103
-
START:  LLY
END:    163.07771396636963
-
START:  LMT
END:    163.50728011131287
-
START:  LNT
END:    163.89978575706482
-
START:  LOB
END:    165.11091542243958
-
START:  LOGI
END:    165.44420385360718
-
START:  LOVE
END:    165.57846975326538
-
START:  LOW
END:    167.0309875011444
-
START:  LPLA
END:    167.2788646221161
-
START:  LPSN
END:    168.59260320663452
-
START:  LQDT
END:    168.8310513496399
-
START:  LRCX
END:    169.14801168441772
-
START:  LSCC
END:    169.44416499137878
-
START:  LSTR
END:    169.80692601203918
-
START:  LULU
END:    170.0477933883667
-
START:  LUNA
END:    170.29983496665955
-
START:  MA
END:    170.58517289161682
-
START:  MANH
END:    170.87835431098938
-
START:  MANT
Not Found: No data found, symbol may be delisted
START:  MARA
END:    172.178893327713
-
START:  MASI
END:    172.4421627521515
-
START:  MATX
END:    173.81670570373535
-
START:  MBUU
END:    173.99136114120483
-
START:  MCD
END:    174.3539490699768
-
START:  MCHP
END:    174.69091653823853
-
START:  MCO
END:    176.06485843658447
-
START:  MDB
END:    176.19775891304016
-
START:  MDT
END:    176.55262303352356
-
START:  MEDP
END:    176.69878911972046
-
START:  MEDS
END:    176.85964441299438
-
START:  MELI
END:    177.1219391822815
-
START:  MGC
END:    177.40396571159363
-
START:  MGIC
END:    177.7353057861328
-
START:  MGK
END:    179.01393127441406
-
START:  MGNI
END:    179.19040656089783
-
START:  MHO
END:    179.51252031326294
-
START:  MIME
Not Found: No data found, symbol may be delisted
START:  MITK
END:    180.90743947029114
-
START:  MKC
END:    181.2584846019745
-
START:  MKSI
END:    181.5634036064148
-
START:  MKTX
END:    181.9032289981842
-
START:  MLAB
END:    183.27258586883545
-
START:  MLR
END:    183.59006667137146
-
START:  MMC
END:    183.94003772735596
-
START:  MMS
END:    184.26524424552917
-
START:  MNMD
END:    184.41462588310242
-
START:  MNST
END:    184.71948289871216
-
START:  MODN
END:    185.91861844062805
-
START:  MODV
END:    186.19599986076355
-
START:  MOH
END:    186.59943079948425
-
START:  MORN
END:    186.88533306121826
-
START:  MPWR
END:    188.18568921089172
-
START:  MRTX
END:    188.36557149887085
-
START:  MRVL
END:    188.67095398902893
-
START:  MS
END:    190.0732491016388
-
START:  MSA
END:    190.42165160179138
-
START:  MSCI
END:    190.68960785865784
-
START:  MSEX
END:    191.12234139442444
-
START:  MSFT
END:    191.4441282749176
-
START:  MSI
END:    191.86009788513184
-
START:  MSTR
END:    192.16137599945068
-
START:  MTBC
END:    192.33764052391052
-
START:  MTCH
END:    192.72305870056152
-
START:  MTD
END:    193.02336239814758
-
START:  MTEX
END:    193.3409481048584
-
START:  MTH
END:    193.6399004459381
-
START:  MTLS
END:    193.8199622631073
-
START:  MTSI
END:    195.02950429916382
-
START:  MU
END:    195.34433341026306
-
START:  MUSA
END:    195.5378987789154
-
START:  MVIS
END:    195.8131582736969
-
START:  MXL
END:    196.03465008735657
-
START:  MYRG
END:    196.26948046684265
-
START:  NBIX
END:    196.5461540222168
-
START:  NCBS
Not Found: No data found, symbol may be delisted
START:  NDAQ
END:    197.96018648147583
-
START:  NDSN
END:    199.3529508113861
-
START:  NEE
END:    199.77771472930908
-
START:  NEO
END:    200.07445693016052
-
START:  NEOG
END:    200.41361045837402
-
START:  NFLX
END:    200.7065634727478
-
START:  NICE
END:    201.0052387714386
-
START:  NISN
END:    201.1653470993042
-
START:  NKE
END:    201.52569246292114
-
START:  NOVT
END:    201.82246232032776
-
START:  NOW
END:    202.01632285118103
-
START:  NSC
END:    202.34334921836853
-
START:  NSIT
END:    202.63263630867004
-
START:  NSSC
END:    202.93685841560364
-
START:  NSTG
END:    203.11990094184875
-
START:  NTLA
END:    203.2628529071808
-
START:  NTRA
END:    204.45285844802856
-
START:  NUAN
Not Found: No data found, symbol may be delisted
START:  NVCR
END:    204.7043297290802
-
START:  NVDA
END:    205.02687883377075
-
START:  NVMI
END:    205.31646466255188
-
START:  NVO
END:    205.68989896774292
-
START:  NVR
END:    205.9855387210846
-
START:  NXST
END:    206.27518820762634
-
START:  NYT
END:    206.6512315273285
-
START:  OBCI
Not Found: No data found, symbol may be delisted
START:  ODFL
END:    208.03045964241028
-
START:  OEF
END:    208.39392280578613
-
START:  OFLX
END:    208.6733832359314
-
START:  OLED
END:    208.9765338897705
-
START:  OMCL
END:    210.27193117141724
-
START:  ON
END:    213.59501266479492
-
START:  OOMA
END:    213.75225973129272
-
START:  OPRX
END:    213.97493076324463
-
START:  ORA
END:    215.29790210723877
-
START:  ORCL
END:    215.60456538200378
-
START:  ORLY
END:    215.89259505271912
-
START:  ORMP
END:    216.1371886730194
-
START:  OTEX
END:    216.4613585472107
-
START:  PACB
END:    216.65270495414734
-
START:  PAG
END:    216.99505972862244
-
START:  PANW
END:    217.17756628990173
-
START:  PAR
END:    217.47711491584778
-
START:  PAYC
END:    217.65605187416077
-
START:  PAYX
END:    218.00287890434265
-
START:  PBD
END:    218.2621726989746
-
START:  PCTY
END:    218.4321506023407
-
START:  PEGA
END:    218.74317240715027
-
START:  PEN
END:    218.8986964225769
-
START:  PENN
END:    219.2065167427063
-
START:  PEP
END:    220.60936522483826
-
START:  PERI
END:    220.86054587364197
-
START:  PFSI
END:    221.0564625263214
-
START:  PGR
END:    222.4043583869934
-
START:  PH
END:    223.81076431274414
-
START:  PHM
END:    224.22311973571777
-
START:  PKI
END:    224.59843587875366
-
START:  PLL
END:    224.7286093235016
-
START:  PLNT
END:    224.88852214813232
-
START:  PLUG
END:    225.19431972503662
-
START:  PLXS
END:    225.4892201423645
-
START:  PODD
END:    225.73023438453674
-
START:  POOL
END:    226.04819416999817
-
START:  POWI
END:    226.41663360595703
-
START:  PRFT
END:    227.71010637283325
-
START:  PRI
END:    227.95084381103516
-
START:  PRTA
END:    229.15899801254272
-
START:  PRTS
END:    229.38902401924133
-
START:  PTSI
END:    230.6816418170929
-
START:  PWR
END:    232.00367856025696
-
START:  PYPL
END:    232.1482982635498
-
START:  QADA
Not Found: No data found, symbol may be delisted
START:  QCLN
END:    232.4717743396759
-
START:  QDEL
END:    232.77824473381042
-
START:  QGEN
END:    233.11888003349304
-
START:  QLYS
END:    233.31270027160645
-
START:  QQQ
END:    233.67559576034546
-
START:  QRVO
END:    233.84805250167847
-
START:  QTWO
END:    234.02570056915283
-
START:  RADA
Not Found: No data found, symbol may be delisted
START:  RAMP
END:    234.43264389038086
-
START:  RBA
END:    234.77271580696106
-
START:  RCII
END:    236.10999131202698
-
START:  RCKY
END:    236.4155399799347
-
START:  RDNT
END:    236.6843922138214
-
START:  RDVT
END:    236.81034994125366
-
START:  RDWR
END:    237.14620852470398
-
START:  REGI
END:    237.35997557640076
-
START:  RENN
END:    237.56451034545898
-
START:  RGEN
END:    238.9022355079651
-
START:  RH
END:    239.08791732788086
-
START:  RILY
END:    239.3383297920227
-
START:  RIOT
END:    239.48314809799194
-
START:  RLI
END:    240.8399157524109
-
START:  RLMD
END:    241.00488781929016
-
START:  RMD
END:    241.4788579940796
-
START:  RNG
END:    241.6833393573761
-
START:  ROBO
END:    241.8609926700592
-
START:  ROCK
END:    242.20673322677612
-
START:  ROK
END:    242.56358361244202
-
START:  ROKU
END:    242.71080827713013
-
START:  ROL
END:    243.08094882965088
-
START:  ROP
END:    243.44263696670532
-
START:  ROST
END:    243.7971634864807
-
START:  RPD
END:    243.95246934890747
-
START:  RPM
END:    244.3117847442627
-
START:  RSG
END:    244.63649797439575
-
START:  RTH
END:    245.97383761405945
-
START:  RUN
END:    246.130131483078
-
START:  RXI
END:    246.40583682060242
-
START:  SAIA
END:    246.72561836242676
-
START:  SAIC
END:    246.90367817878723
-
START:  SAM
END:    248.1949644088745
-
START:  SAVA
END:    248.49326872825623
-
START:  SCI
END:    248.834228515625
-
START:  SCL
END:    249.19811081886292
-
START:  SE
END:    250.36624002456665
-
START:  SEAS
END:    250.54624152183533
-
START:  SEDG
END:    250.70991849899292
-
START:  SFBS
END:    250.91177916526794
-
START:  SGEN
END:    251.19652199745178
-
START:  SGMS
Not Found: No data found, symbol may be delisted
START:  SGRY
END:    251.40290880203247
-
START:  SHOP
END:    251.55453205108643
-
START:  SHW
END:    252.93808889389038
-
START:  SHYF
END:    253.28697037696838
-
START:  SITE
END:    253.46889424324036
-
START:  SIVB
END:    253.7832145690918
-
START:  SJW
END:    255.26665806770325
-
START:  SKY
END:    255.62262988090515
-
START:  SLAB
END:    255.92225432395935
-
START:  SLP
END:    256.2201633453369
-
START:  SMH
END:    257.5800533294678
-
START:  SMTC
END:    257.8911771774292
-
START:  SNAP
END:    258.0325152873993
-
START:  SNPS
END:    258.3410472869873
-
START:  SOCL
END:    258.55405259132385
-
START:  SOXL
END:    259.87159299850464
-
START:  SPGI
END:    260.24345350265503
-
START:  SPLG
END:    260.5502414703369
-
START:  SPLK
END:    260.78881645202637
-
START:  SPNS
END:    261.08429288864136
-
START:  SPSC
END:    262.3296694755554
-
START:  SPTM
END:    262.82680892944336
-
START:  SPWH
END:    262.9878125190735
-
START:  SPWR
END:    263.27306294441223
-
START:  SPXC
END:    264.64593720436096
-
START:  SPXL
END:    264.91652250289917
-
START:  SPY
END:    265.2530241012573
-
START:  SPYG
END:    265.58452463150024
-
START:  SQ
END:    266.74085760116577
-
START:  SSD
END:    267.07136607170105
-
START:  SSNC
END:    267.28500032424927
-
START:  SSTK
END:    267.4880385398865
-
START:  STAA
END:    267.75513458251953
-
START:  STE
END:    268.0869836807251
-
START:  SUSA
END:    268.38396644592285
-
START:  SYK
END:    268.70378708839417
-
START:  SYNA
END:    270.0130965709686
-
START:  TBBK
END:    270.3265872001648
-
START:  TBK
Not Found: No data found, symbol may be delisted
START:  TDG
END:    271.68482971191406
-
START:  TDOC
END:    271.84666562080383
-
START:  TDY
END:    272.118777513504
-
START:  TEAM
END:    272.2711637020111
-
START:  TECH
END:    272.6010949611664
-
START:  TECL
END:    272.8652181625366
-
START:  TER
END:    273.1780261993408
-
START:  TFX
END:    273.578106880188
-
START:  TGH
END:    273.84719729423523
-
START:  TGLS
END:    275.0509583950043
-
START:  TGT
END:    275.3969740867615
-
START:  TGTX
END:    275.59961318969727
-
START:  THC
END:    275.91870188713074
-
START:  TJX
END:    276.2827112674713
-
START:  TMO
END:    276.6330978870392
-
START:  TMUS
END:    276.8778715133667
-
START:  TNDM
END:    277.05616331100464
-
START:  TNET
END:    277.24661469459534
-
START:  TPX
END:    277.60043716430664
-
START:  TREX
END:    277.90188121795654
-
START:  TRI
END:    278.22207164764404
-
START:  TRIL
Not Found: No data found, symbol may be delisted
START:  TRMB
END:    281.68155455589294
-
START:  TRNS
END:    282.0003044605255
-
START:  TROW
END:    282.385703086853
-
START:  TRU
END:    283.59677267074585
-
START:  TRUP
END:    283.76262307167053
-
START:  TSCO
END:    284.09208488464355
-
START:  TSLA
END:    284.3244287967682
-
START:  TSM
END:    284.6339702606201
-
START:  TT
END:    284.98028326034546
-
START:  TTC
END:    285.3706765174866
-
START:  TTD
END:    285.5030589103699
-
START:  TTEC
END:    285.80534195899963
-
START:  TTEK
END:    286.1052188873291
-
START:  TTGT
END:    286.33352279663086
-
START:  TTWO
END:    286.62762784957886
-
START:  TWLO
END:    286.766574382782
-
START:  TXN
END:    287.1289403438568
-
START:  TYL
END:    287.430184841156
-
START:  UCTT
END:    287.72439193725586
-
START:  UFPI
END:    289.0688374042511
-
START:  UFPT
END:    289.4220128059387
-
START:  UI
END:    289.62979555130005
-
START:  UMC
END:    289.9293932914734
-
START:  UNF
END:    290.28697204589844
-
START:  UNH
END:    290.6501715183258
-
START:  UNP
END:    291.0094313621521
-
START:  UPLD
END:    291.1797149181366
-
START:  URI
END:    291.47924971580505
-
START:  V
END:    291.73051023483276
-
START:  VALU
END:    292.05742716789246
-
START:  VBK
END:    293.40503334999084
-
START:  VCEL
END:    293.7082841396332
-
START:  VCR
END:    293.9999129772186
-
START:  VCTR
END:    294.15029311180115
-
START:  VCYT
END:    294.33357334136963
-
START:  VDC
END:    294.64085721969604
-
START:  VEEV
END:    295.82330894470215
-
START:  VERU
END:    296.1127791404724
-
START:  VGT
END:    296.4376337528229
-
START:  VHT
END:    296.7437071800232
-
START:  VIAV
END:    297.03287625312805
-
START:  VICR
END:    298.3530888557434
-
START:  VIG
END:    298.62824153900146
-
START:  VO
END:    298.931941986084
-
START:  VONE
END:    299.1401150226593
-
START:  VONG
END:    299.38958525657654
-
START:  VOO
END:    299.6711103916168
-
START:  VOOG
END:    299.9140844345093
-
START:  VOOV
END:    300.12095737457275
-
START:  VOT
END:    300.44919538497925
-
START:  VPU
END:    300.81090235710144
-
START:  VRNS
END:    301.04466438293457
-
START:  VRSK
END:    301.2767744064331
-
START:  VRSN
END:    301.5636930465698
-
START:  VRTV
END:    301.73620223999023
-
START:  VSTO
END:    302.90866136550903
-
START:  VTHR
END:    303.1813039779663
-
START:  VTI
END:    303.5208489894867
-
START:  VTNR
END:    303.84656262397766
-
START:  VTWG
END:    304.07205057144165
-
START:  VUG
END:    304.4028103351593
-
START:  VV
END:    304.7318344116211
-
START:  VXF
END:    306.11818408966064
-
START:  WCN
END:    306.43201208114624
-
START:  WD
END:    306.6607406139374
-
START:  WDAY
END:    306.86019825935364
-
START:  WDFC
END:    308.2558009624481
-
START:  WEC
END:    308.606831073761
-
START:  WEN
END:    308.9118814468384
-
START:  WINA
END:    309.2211740016937
-
START:  WING
END:    310.41207909584045
-
START:  WIRE
END:    311.73821473121643
-
START:  WIX
END:    311.9220235347748
-
START:  WK
END:    312.09712171554565
-
START:  WLTW
Not Found: No data found, symbol may be delisted
START:  WM
END:    313.48246216773987
-
START:  WMS
END:    313.66026282310486
-
START:  WNS
END:    313.9121208190918
-
START:  WRB
END:    314.2834930419922
-
START:  WSC
END:    314.43300771713257
-
START:  WSM
END:    314.75499844551086
-
START:  WST
END:    315.09587574005127
-
START:  WTRG
END:    315.4582939147949
-
START:  WTS
END:    315.80401253700256
-
START:  XEL
END:    316.1888360977173
-
START:  XENE
END:    316.34671783447266
-
START:  XLK
END:    316.66401720046997
-
START:  XLNX
Not Found: No data found, symbol may be delisted
START:  XLP
END:    317.0615940093994
-
START:  XLRN
Not Found: No data found, symbol may be delisted
START:  XLU
END:    318.4638431072235
-
START:  XLV
END:    318.83259415626526
-
START:  XLY
END:    319.1875283718109
-
START:  XYL
END:    319.40888690948486
-
START:  YNDX
END:    319.62848114967346
-
START:  YORW
END:    319.9410774707794
-
START:  YUM
END:    320.2726216316223
-
START:  Z
END:    320.4682569503784
-
START:  ZBRA
END:    320.7751338481903
-
START:  ZEN
Not Found: No data found, symbol may be delisted
START:  ZLAB
END:    321.99782156944275
-
START:  ZNGA
Not Found: No data found, symbol may be delisted
START:  ZS
END:    322.18591475486755
-
START:  ZTS
END:    322.44736886024475
-
START:  ZYXI
END:    322.75538420677185
-
===========================
MACD golden cross
===========================
START:  code
START:  A
START:  AAON
START:  AAPL
START:  ABG
START:  ABT
START:  ACLS
START:  ACMR
START:  ACN
START:  ADBE
START:  ADI
START:  ADP
START:  ADSK
START:  ADUS
START:  AEE
START:  AGYS
START:  AIZ
START:  AJG
START:  AJRD
START:  ALB
START:  ALG
START:  ALGN
START:  ALLE
START:  ALTR
START:  AMAT
START:  AMBA
START:  AMD
START:  AME
START:  AMED
START:  AMEH
START:  AMGN
START:  AMN
START:  AMP
START:  AMRC
START:  AMSWA
START:  AMTX
START:  AMZN
START:  AN
START:  ANSS
START:  ANTM
START:  AON
START:  AOSL
START:  APD
START:  APH
START:  APPF
START:  APPN
START:  APPS
START:  AQN
START:  ARCB
START:  ARCT
START:  ARES
START:  ARGX
START:  ARWR
START:  ASML
START:  ASPN
START:  ATEC
START:  ATEN
START:  ATKR
START:  ATOM
START:  ATR
START:  ATRC
START:  AUDC
START:  AUPH
START:  AVAV
START:  AVGO
START:  AVID
START:  AVNW
START:  AVXL
START:  AVY
START:  AWK
START:  AWR
START:  AXON
START:  AZO
START:  AZPN
START:  BAH
START:  BAM
START:  BAX
START:  BBH
START:  BBQ
START:  BBY
START:  BCPC
START:  BDX
START:  BEEM
START:  BFAM
START:  BFC
START:  BGFV
START:  BGNE
START:  BHVN
START:  BIO
START:  BL
START:  BLD
START:  BLDP
START:  BLDR
START:  BLFS
START:  BLK
START:  BLL
START:  BLNK
START:  BMI
START:  BOOT
START:  BOTZ
START:  BR
START:  BRKR
START:  BRKS
START:  BRO
START:  BURL
START:  BX
START:  CABO
START:  CACI
START:  CALX
START:  CAMT
START:  CAR
START:  CBRE
START:  CBSH
START:  CBZ
START:  CCOI
START:  CCS
START:  CDMO
START:  CDNA
START:  CDNS
START:  CDW
START:  CELH
START:  CGNX
START:  CHD
START:  CHDN
START:  CHE
START:  CHGG
START:  CHH
START:  CHKP
START:  CHTR
START:  CIEN
START:  CLAR
START:  CLFD
START:  CLGN
START:  CLNE
START:  CLPT
START:  CLX
START:  CMCSA
START:  CMG
START:  CMS
START:  CNC
START:  CNI
START:  CNMD
START:  CNS
START:  CNXN
START:  COO
START:  COST
START:  COUP
START:  COWN
START:  CP
START:  CPK
START:  CPRT
START:  CPSH
START:  CRAI
START:  CREE
START:  CRL
START:  CRM
START:  CRMT
START:  CROX
START:  CRSP
START:  CRVL
START:  CSGP
START:  CSL
START:  CSWI
START:  CSX
START:  CTAS
START:  CTLT
START:  CTRN
START:  CURE
START:  CVCO
START:  CVNA
START:  CWST
START:  CWT
START:  CXSE
START:  CYBR
START:  CYRX
START:  CYTK
START:  DAC
START:  DAR
START:  DAVA
START:  DDS
START:  DE
START:  DECK
START:  DELL
START:  DFIN
START:  DG
START:  DGRW
START:  DHI
START:  DHR
START:  DIA
START:  DIOD
START:  DIS
START:  DKS
START:  DLN
START:  DNLI
START:  DOMO
START:  DOV
START:  DPZ
START:  DQ
START:  DRD
START:  DRIO
START:  DRNA
START:  DSGX
START:  DVAX
START:  DXCM
START:  ECL
START:  EFX
START:  EGAN
START:  EHC
START:  EL
START:  ENPH
START:  ENSG
START:  ENTG
START:  ENV
START:  EPAM
START:  ERIE
START:  ES
START:  ESE
START:  ETN
START:  ETSY
START:  EVBG
START:  EVTC
START:  EW
START:  EWT
START:  EXAS
START:  EXLS
START:  EXPD
START:  EXPI
START:  EXPO
START:  FAST
START:  FATE
START:  FB
START:  FCN
START:  FCX
START:  FDN
START:  FDS
START:  FELE
START:  FFIN
START:  FICO
START:  FINX
START:  FIS
START:  FISV
START:  FIVE
START:  FIVN
START:  FLGT
START:  FLT
START:  FLWS
START:  FN
START:  FND
START:  FNV
START:  FORM
START:  FOXF
START:  FPX
START:  FRC
START:  FRHC
START:  FRPT
START:  FSS
START:  FTNT
START:  FUV
START:  GDEN
START:  GFI
START:  GGG
START:  GIB
START:  GLDD
START:  GLOB
START:  GMAB
START:  GME
START:  GMED
START:  GNRC
START:  GNSS
START:  GNTX
START:  GOLF
START:  GOOG
START:  GOOGL
START:  GPI
START:  GPN
START:  GRBK
START:  GRMN
START:  GRVY
START:  GRWG
START:  GWRE
START:  HACK
START:  HALO
START:  HCI
START:  HD
START:  HEI
START:  HELE
START:  HIBB
START:  HLI
START:  HLT
START:  HOLX
START:  HON
START:  HOV
START:  HRC
START:  HRI
START:  HSKA
START:  HTHT
START:  HUBS
START:  HUM
START:  HZNP
START:  IAC
START:  IBP
START:  ICE
START:  ICLN
START:  ICLR
START:  IDT
START:  IDXX
START:  IESC
START:  IEX
START:  ILMN
START:  INFO
START:  INOV
START:  INSP
START:  INTC
START:  INTU
START:  INTZ
START:  INVE
START:  IOO
START:  IQV
START:  IRDM
START:  IRMD
START:  ISEE
START:  ISRG
START:  IT
START:  ITT
START:  ITW
START:  IVOG
START:  IVV
START:  IXJ
START:  IXN
START:  J
START:  JBL
START:  JBSS
START:  JD
START:  JKHY
START:  JKS
START:  JNJ
START:  JOE
START:  JOUT
START:  JYNT
START:  KAI
START:  KBH
START:  KBR
START:  KDMN
START:  KEYS
START:  KLAC
START:  KLIC
START:  KMX
START:  KNSL
START:  KOPN
START:  KOSS
START:  KRNT
START:  KSU
START:  KTOS
START:  LAC
START:  LAD
START:  LANC
START:  LAWS
START:  LDOS
START:  LFMD
START:  LGIH
START:  LH
START:  LHCG
START:  LHX
START:  LII
START:  LIN
START:  LINC
START:  LIT
START:  LLY
START:  LMT
START:  LNT
START:  LOB
START:  LOGI
START:  LOVE
START:  LOW
START:  LPLA
START:  LPSN
START:  LQDT
START:  LRCX
START:  LSCC
START:  LSTR
START:  LULU
START:  LUNA
START:  MA
START:  MANH
START:  MANT
START:  MARA
START:  MASI
START:  MATX
START:  MBUU
START:  MCD
START:  MCHP
START:  MCO
START:  MDB
START:  MDT
START:  MEDP
START:  MEDS
START:  MELI
START:  MGC
START:  MGIC
START:  MGK
START:  MGNI
START:  MHO
START:  MIME
START:  MITK
START:  MKC
START:  MKSI
START:  MKTX
START:  MLAB
START:  MLR
START:  MMC
START:  MMS
START:  MNMD
START:  MNST
START:  MODN
START:  MODV
START:  MOH
START:  MORN
START:  MPWR
START:  MRTX
START:  MRVL
START:  MS
START:  MSA
START:  MSCI
START:  MSEX
START:  MSFT
START:  MSI
START:  MSTR
START:  MTBC
START:  MTCH
START:  MTD
START:  MTEX
START:  MTH
START:  MTLS
START:  MTSI
START:  MU
START:  MUSA
START:  MVIS
START:  MXL
START:  MYRG
START:  NBIX
START:  NCBS
START:  NDAQ
START:  NDSN
START:  NEE
START:  NEO
START:  NEOG
START:  NFLX
START:  NICE
START:  NISN
START:  NKE
START:  NOVT
START:  NOW
START:  NSC
START:  NSIT
START:  NSSC
START:  NSTG
START:  NTLA
START:  NTRA
START:  NUAN
START:  NVCR
START:  NVDA
START:  NVMI
START:  NVO
START:  NVR
START:  NXST
START:  NYT
START:  OBCI
START:  ODFL
START:  OEF
START:  OFLX
START:  OLED
START:  OMCL
START:  ON
START:  OOMA
START:  OPRX
START:  ORA
START:  ORCL
START:  ORLY
START:  ORMP
START:  OTEX
START:  PACB
START:  PAG
START:  PANW
START:  PAR
START:  PAYC
START:  PAYX
START:  PBD
START:  PCTY
START:  PEGA
START:  PEN
START:  PENN
START:  PEP
START:  PERI
START:  PFSI
START:  PGR
START:  PH
START:  PHM
START:  PKI
START:  PLL
START:  PLNT
START:  PLUG
START:  PLXS
START:  PODD
START:  POOL
START:  POWI
START:  PRFT
START:  PRI
START:  PRTA
START:  PRTS
START:  PTSI
START:  PWR
START:  PYPL
START:  QADA
START:  QCLN
START:  QDEL
START:  QGEN
START:  QLYS
START:  QQQ
START:  QRVO
START:  QTWO
START:  RADA
START:  RAMP
START:  RBA
START:  RCII
START:  RCKY
START:  RDNT
START:  RDVT
START:  RDWR
START:  REGI
START:  RENN
START:  RGEN
START:  RH
START:  RILY
START:  RIOT
START:  RLI
START:  RLMD
START:  RMD
START:  RNG
START:  ROBO
START:  ROCK
START:  ROK
START:  ROKU
START:  ROL
START:  ROP
START:  ROST
START:  RPD
START:  RPM
START:  RSG
START:  RTH
START:  RUN
START:  RXI
START:  SAIA
START:  SAIC
START:  SAM
START:  SAVA
START:  SCI
START:  SCL
START:  SE
START:  SEAS
START:  SEDG
START:  SFBS
START:  SGEN
START:  SGMS
START:  SGRY
START:  SHOP
START:  SHW
START:  SHYF
START:  SITE
START:  SIVB
START:  SJW
START:  SKY
START:  SLAB
START:  SLP
START:  SMH
START:  SMTC
START:  SNAP
START:  SNPS
START:  SOCL
START:  SOXL
START:  SPGI
START:  SPLG
START:  SPLK
START:  SPNS
START:  SPSC
START:  SPTM
START:  SPWH
START:  SPWR
START:  SPXC
START:  SPXL
START:  SPY
START:  SPYG
START:  SQ
START:  SSD
START:  SSNC
START:  SSTK
START:  STAA
START:  STE
START:  SUSA
START:  SYK
START:  SYNA
START:  TBBK
START:  TBK
START:  TDG
START:  TDOC
START:  TDY
START:  TEAM
START:  TECH
START:  TECL
START:  TER
START:  TFX
START:  TGH
START:  TGLS
START:  TGT
START:  TGTX
START:  THC
START:  TJX
START:  TMO
START:  TMUS
START:  TNDM
START:  TNET
START:  TPX
START:  TREX
START:  TRI
START:  TRIL
START:  TRMB
START:  TRNS
START:  TROW
START:  TRU
START:  TRUP
START:  TSCO
START:  TSLA
START:  TSM
START:  TT
START:  TTC
START:  TTD
START:  TTEC
START:  TTEK
START:  TTGT
START:  TTWO
START:  TWLO
START:  TXN
START:  TYL
START:  UCTT
START:  UFPI
START:  UFPT
START:  UI
START:  UMC
START:  UNF
START:  UNH
START:  UNP
START:  UPLD
START:  URI
START:  V
START:  VALU
START:  VBK
START:  VCEL
START:  VCR
START:  VCTR
START:  VCYT
START:  VDC
START:  VEEV
START:  VERU
START:  VGT
START:  VHT
START:  VIAV
START:  VICR
START:  VIG
START:  VO
START:  VONE
START:  VONG
START:  VOO
START:  VOOG
START:  VOOV
START:  VOT
START:  VPU
START:  VRNS
START:  VRSK
START:  VRSN
START:  VRTV
START:  VSTO
START:  VTHR
START:  VTI
START:  VTNR
START:  VTWG
START:  VUG
START:  VV
START:  VXF
START:  WCN
START:  WD
START:  WDAY
START:  WDFC
START:  WEC
START:  WEN
START:  WINA
START:  WING
START:  WIRE
START:  WIX
START:  WK
START:  WLTW
START:  WM
START:  WMS
START:  WNS
START:  WRB
START:  WSC
START:  WSM
START:  WST
START:  WTRG
START:  WTS
START:  XEL
START:  XENE
START:  XLK
START:  XLNX
START:  XLP
START:  XLRN
START:  XLU
START:  XLV
START:  XLY
START:  XYL
START:  YNDX
START:  YORW
START:  YUM
START:  Z
START:  ZBRA
START:  ZEN
START:  ZLAB
START:  ZNGA
START:  ZS
START:  ZTS
START:  ZYXI
==== MACD golden cross ====
None
code: AZO      day: macd + hist + hist_1pre + ,  Week: macd + hist + hist_1pre - , Month: macd + hist + hist_1pre + , 
Trade --> code: AZO    BUY: 2005-06-30   92.46 SELL: 2017-06-30  570.46  macd:   -2.90 macd_count: 144 profit:  6.17
Trade --> code: AZO    BUY: 2018-08-31  766.88 SELL: 2023-02-28 2571.35  macd:  265.06 macd_count:  55 profit:  3.35

code: CROX     day: macd + hist + hist_1pre - ,  Week: macd + hist + hist_1pre - , Month: macd + hist + hist_1pre + , 
Trade --> code: CROX   BUY: 2008-06-30    8.01 SELL: 2008-08-31    4.15  macd:   -1.32 macd_count:   2 profit:  0.52
Trade --> code: CROX   BUY: 2010-09-30   13.00 SELL: 2012-10-31   12.60  macd:   -0.06 macd_count:  25 profit:  0.97
Trade --> code: CROX   BUY: 2018-01-31   13.51 SELL: 2022-09-30   68.66  macd:   -0.30 macd_count:  56 profit:  5.08
Trade --> code: CROX   BUY: 2022-11-30  101.00 SELL: 2023-02-28  131.20  macd:    7.45 macd_count:   4 profit:  1.30

code: DXCM     day: macd + hist + hist_1pre + ,  Week: macd + hist + hist_1pre - , Month: macd + hist + hist_1pre + , 
Trade --> code: DXCM   BUY: 2010-01-31    2.27 SELL: 2012-03-31    2.61  macd:   -0.01 macd_count:  26 profit:  1.15
Trade --> code: DXCM   BUY: 2012-06-30    3.24 SELL: 2012-07-31    2.75  macd:   -0.00 macd_count:   1 profit:  0.85
Trade --> code: DXCM   BUY: 2012-08-31    3.33 SELL: 2017-09-30   12.23  macd:   -0.06 macd_count:  61 profit:  3.68
Trade --> code: DXCM   BUY: 2018-05-31   22.00 SELL: 2022-09-30   80.54  macd:   -0.88 macd_count:  52 profit:  3.66
Trade --> code: DXCM   BUY: 2022-10-31  120.78 SELL: 2023-02-28  117.26  macd:    3.66 macd_count:   5 profit:  0.97

code: GNSS     day: macd + hist + hist_1pre + ,  Week: macd + hist + hist_1pre - , Month: macd - hist + hist_1pre + , 
Trade --> code: GNSS   BUY: 2005-06-30    5.75 SELL: 2005-11-30    4.31  macd:   -0.04 macd_count:   5 profit:  0.75
Trade --> code: GNSS   BUY: 2010-12-31    2.69 SELL: 2012-01-31    1.45  macd:   -0.02 macd_count:  13 profit:  0.54
Trade --> code: GNSS   BUY: 2013-12-31    1.88 SELL: 2015-10-31    1.60  macd:   -0.02 macd_count:  22 profit:  0.85
Trade --> code: GNSS   BUY: 2017-11-30    2.14 SELL: 2022-02-28    3.24  macd:   -0.10 macd_count:  51 profit:  1.51

code: INSP     day: macd + hist + hist_1pre + ,  Week: macd + hist + hist_1pre - , Month: macd + hist + hist_1pre + , 
Trade --> code: INSP   BUY: 2020-09-30  129.05 SELL: 2023-02-28  269.98  macd:   19.10 macd_count:  30 profit:  2.09

code: MSI      day: macd + hist + hist_1pre + ,  Week: macd + hist + hist_1pre - , Month: macd + hist + hist_1pre + , 
Trade --> code: MSI    BUY: 2005-06-30   73.82 SELL: 2007-06-30   71.55  macd:   -0.20 macd_count:  24 profit:  0.97
Trade --> code: MSI    BUY: 2011-02-28   38.64 SELL: 2023-02-28  267.36  macd:   16.66 macd_count: 145 profit:  6.92

code: NUAN     day: macd + hist + hist_1pre + ,  Week: macd + hist + hist_1pre - , Month: macd + hist - hist_1pre - , 
Trade --> code: NUAN   BUY: 2005-11-30    5.38 SELL: 2008-11-30    7.94  macd:   -0.14 macd_count:  36 profit:  1.48
Trade --> code: NUAN   BUY: 2009-12-31   13.44 SELL: 2013-05-31   16.44  macd:   -0.10 macd_count:  41 profit:  1.22
Trade --> code: NUAN   BUY: 2015-11-30   18.11 SELL: 2016-07-31   13.90  macd:   -0.05 macd_count:   8 profit:  0.77
Trade --> code: NUAN   BUY: 2017-05-31   16.01 SELL: 2017-09-30   13.60  macd:   -0.04 macd_count:   4 profit:  0.85
Trade --> code: NUAN   BUY: 2019-04-30   14.56 SELL: 2022-03-31   55.99  macd:    7.14 macd_count:  36 profit:  3.85

code: ORLY     day: macd + hist + hist_1pre + ,  Week: macd + hist + hist_1pre - , Month: macd + hist + hist_1pre + , 
Trade --> code: ORLY   BUY: 2005-06-30   29.83 SELL: 2008-03-31   28.52  macd:   -0.05 macd_count:  33 profit:  0.96
Trade --> code: ORLY   BUY: 2009-03-31   35.01 SELL: 2017-08-31  196.13  macd:   -1.41 macd_count: 101 profit:  5.60
Trade --> code: ORLY   BUY: 2018-03-31  247.38 SELL: 2023-02-28  862.00  macd:   78.03 macd_count:  60 profit:  3.48

code: SEDG     day: macd + hist + hist_1pre + ,  Week: macd + hist + hist_1pre - , Month: macd + hist - hist_1pre - , 
Trade --> code: SEDG   BUY: 2017-10-31   32.85 SELL: 2023-02-28  314.94  macd:   16.91 macd_count:  65 profit:  9.59

code: SPWH     day: macd + hist + hist_1pre + ,  Week: macd + hist + hist_1pre - , Month: macd - hist - hist_1pre - , 
Trade --> code: SPWH   BUY: 2016-08-31   10.25 SELL: 2017-02-28    4.85  macd:   -0.17 macd_count:   6 profit:  0.47
Trade --> code: SPWH   BUY: 2019-12-31    8.03 SELL: 2022-05-31    9.46  macd:   -0.25 macd_count:  29 profit:  1.18

