Sat Jul 15 13:50:22 UTC 2023
arg[0]: scraping/yahoo-finace-api2.py, arg[1]: stock-code-list/buy-list.txt
===========================
scraping
===========================
START:  AAPL
END:    0.4057300090789795
-
START:  EL
END:    0.7868175506591797
-
START:  NEE
END:    1.180445671081543
-
START:  AMD
END:    1.486267328262329
-
START:  APH
END:    1.9100170135498047
-
START:  XLP
END:    2.2540276050567627
-
START:  SPXL
END:    2.560987949371338
-
START:  KEYS
END:    2.750729560852051
-
START:  VDC
END:    3.0798428058624268
-
START:  SPTM
END:    3.4724104404449463
-
START:  SPLG
END:    3.782552480697632
-
START:  CROX
END:    4.043071269989014
-
START:  AXON
END:    4.359627723693848
-
START:  AWR
END:    4.707482099533081
-
START:  FN
END:    4.963001489639282
-
START:  NXST
END:    5.262816429138184
-
START:  TREX
END:    5.581540822982788
-
START:  RGEN
END:    5.884716749191284
-
START:  EXPO
END:    7.205981254577637
-
START:  BCPC
END:    7.5428221225738525
-
START:  SOXL
END:    7.7960288524627686
-
START:  TECL
END:    8.069295644760132
-
START:  NEO
END:    8.359100341796875
-
START:  NVMI
END:    9.70777702331543
-
START:  NVDA
END:    10.038594007492065
-
START:  BBDC
END:    10.32584834098816
-
START:  APPS
END:    10.582552909851074
-
START:  ROK
END:    10.93735146522522
-
START:  NHTC
END:    11.243286848068237
-
START:  ZYXI
END:    11.532882928848267
-
START:  LIT
END:    11.76085638999939
-
START:  LLY
END:    12.12227201461792
-
START:  GTLB
END:    12.216642618179321
-
START:  MCD
END:    12.574725151062012
-
START:  MSI
END:    12.955443859100342
-
START:  HCP
END:    14.058722496032715
-
START:  ON
END:    14.374380111694336
-
===========================
MACD sell
===========================
START:  AAPL
START:  EL
START:  NEE
START:  AMD
START:  APH
START:  XLP
START:  SPXL
START:  KEYS
START:  VDC
START:  SPTM
START:  SPLG
START:  CROX
START:  AXON
START:  AWR
START:  FN
START:  NXST
START:  TREX
START:  RGEN
START:  EXPO
START:  BCPC
START:  SOXL
START:  TECL
START:  NEO
START:  NVMI
START:  NVDA
START:  BBDC
START:  APPS
START:  ROK
START:  NHTC
START:  ZYXI
START:  LIT
START:  LLY
START:  GTLB
START:  MCD
START:  MSI
START:  HCP
START:  ON
==== MACD list ====
code: AAPL     day: macd + hist - ,  Week: macd + hist + , Month: macd + hist + , 
code: EL       day: macd - hist + ,  Week: macd - hist + , Month: macd - hist - , 
code: NEE      day: macd - hist - ,  Week: macd - hist - , Month: macd - hist - , 
code: AMD      day: macd + hist - ,  Week: macd + hist - , Month: macd + hist + , 
code: APH      day: macd + hist + ,  Week: macd + hist + , Month: macd + hist + , 
code: XLP      day: macd - hist + ,  Week: macd - hist - , Month: macd + hist - , 
code: SPXL     day: macd + hist + ,  Week: macd + hist + , Month: macd - hist + , 
code: KEYS     day: macd + hist + ,  Week: macd + hist + , Month: macd + hist - , 
code: VDC      day: macd - hist + ,  Week: macd + hist - , Month: macd + hist - , 
code: SPTM     day: macd + hist + ,  Week: macd + hist + , Month: macd + hist + , 
code: SPLG     day: macd + hist + ,  Week: macd + hist + , Month: macd + hist + , 
code: CROX     day: macd + hist + ,  Week: macd + hist + , Month: macd + hist + , 
code: AXON     day: macd - hist + ,  Week: macd - hist - , Month: macd + hist + , 
code: AWR      day: macd - hist + ,  Week: macd - hist - , Month: macd + hist - , 
code: FN       day: macd + hist - ,  Week: macd + hist + , Month: macd + hist + , 
code: NXST     day: macd + hist + ,  Week: macd - hist + , Month: macd + hist - , 
code: TREX     day: macd + hist + ,  Week: macd + hist + , Month: macd - hist + , 
code: RGEN     day: macd - hist + ,  Week: macd - hist - , Month: macd - hist - , 
code: EXPO     day: macd - hist + ,  Week: macd - hist + , Month: macd + hist - , 
code: BCPC     day: macd + hist - ,  Week: macd + hist + , Month: macd + hist - , 
code: SOXL     day: macd + hist + ,  Week: macd + hist + , Month: macd - hist + , 
code: TECL     day: macd + hist - ,  Week: macd + hist + , Month: macd + hist + , 
code: NEO      day: macd + hist + ,  Week: macd + hist - , Month: macd - hist + , 
code: NVMI     day: macd + hist - ,  Week: macd + hist + , Month: macd + hist + , 
code: NVDA     day: macd + hist + ,  Week: macd + hist + , Month: macd + hist + , 
code: BBDC     day: macd + hist + ,  Week: macd - hist + , Month: macd - hist - , 
code: APPS     day: macd + hist + ,  Week: macd - hist + , Month: macd - hist - , 
code: ROK      day: macd + hist + ,  Week: macd + hist + , Month: macd + hist + , 
code: NHTC     day: macd + hist + ,  Week: macd + hist - , Month: macd - hist + , 
code: ZYXI     day: macd - hist + ,  Week: macd - hist + , Month: macd - hist - , 
code: LIT      day: macd + hist + ,  Week: macd + hist + , Month: macd + hist - , 
code: LLY      day: macd + hist - ,  Week: macd + hist - , Month: macd + hist + , 
code: GTLB     day: macd + hist - ,  Week: macd + hist + , Month: macd + hist + , 
code: MCD      day: macd + hist + ,  Week: macd + hist - , Month: macd + hist + , 
code: MSI      day: macd + hist + ,  Week: macd + hist - , Month: macd + hist + , 
code: HCP      day: macd - hist + ,  Week: macd - hist - , Month: macd + hist + , 
code: ON       day: macd + hist + ,  Week: macd + hist + , Month: macd + hist + , 
==== MACD sell list ====
code: AAPL     day: macd + hist - , 
code: EL       day: macd - hist + ,  Week: macd - hist + , Month: macd - hist - , 
code: NEE      day: macd - hist - , 
code: NEE      day: macd - hist - ,  Week: macd - hist - , 
code: NEE      day: macd - hist - ,  Week: macd - hist - , Month: macd - hist - , 
code: AMD      day: macd + hist - , 
code: AMD      day: macd + hist - ,  Week: macd + hist - , 
code: XLP      day: macd - hist + ,  Week: macd - hist - , 
code: XLP      day: macd - hist + ,  Week: macd - hist - , Month: macd + hist - , 
code: KEYS     day: macd + hist + ,  Week: macd + hist + , Month: macd + hist - , 
code: VDC      day: macd - hist + ,  Week: macd + hist - , 
code: VDC      day: macd - hist + ,  Week: macd + hist - , Month: macd + hist - , 
code: AXON     day: macd - hist + ,  Week: macd - hist - , 
code: AWR      day: macd - hist + ,  Week: macd - hist - , 
code: AWR      day: macd - hist + ,  Week: macd - hist - , Month: macd + hist - , 
code: FN       day: macd + hist - , 
code: NXST     day: macd + hist + ,  Week: macd - hist + , Month: macd + hist - , 
code: RGEN     day: macd - hist + ,  Week: macd - hist - , 
code: RGEN     day: macd - hist + ,  Week: macd - hist - , Month: macd - hist - , 
code: EXPO     day: macd - hist + ,  Week: macd - hist + , Month: macd + hist - , 
code: BCPC     day: macd + hist - , 
code: BCPC     day: macd + hist - ,  Week: macd + hist + , Month: macd + hist - , 
code: TECL     day: macd + hist - , 
code: NEO      day: macd + hist + ,  Week: macd + hist - , 
code: NVMI     day: macd + hist - , 
code: BBDC     day: macd + hist + ,  Week: macd - hist + , Month: macd - hist - , 
code: APPS     day: macd + hist + ,  Week: macd - hist + , Month: macd - hist - , 
code: NHTC     day: macd + hist + ,  Week: macd + hist - , 
code: ZYXI     day: macd - hist + ,  Week: macd - hist + , Month: macd - hist - , 
code: LIT      day: macd + hist + ,  Week: macd + hist + , Month: macd + hist - , 
code: LLY      day: macd + hist - , 
code: LLY      day: macd + hist - ,  Week: macd + hist - , 
code: GTLB     day: macd + hist - , 
code: MCD      day: macd + hist + ,  Week: macd + hist - , 
code: MSI      day: macd + hist + ,  Week: macd + hist - , 
code: HCP      day: macd - hist + ,  Week: macd - hist - , 
===========================
profit
===========================
==== plus ====
XLP  , macd -, macd hist +, profit:    [1.7], per:   [2.34], now:  [74.28], buy:  [72.58]
VDC  , macd -, macd hist +, profit:    [5.3], per:    [2.8], now: [194.83], buy: [189.53]
AXON , macd -, macd hist +, profit:  [54.09], per:  [39.15], now: [192.24], buy: [138.15]
FN   , macd +, macd hist -, profit:   [14.1], per:  [12.07], now: [130.96], buy: [116.86]
NXST , macd +, macd hist +, profit:   [12.5], per:   [7.69], now:   [175.], buy:  [162.5]
NVMI , macd +, macd hist -, profit:   [1.18], per:   [1.03], now: [115.83], buy: [114.65]
NVDA , macd +, macd hist +, profit: [199.02], per:  [77.84], now: [454.69], buy: [255.67]
ZYXI , macd -, macd hist +, profit:   [2.95], per:  [46.38], now:   [9.31], buy:   [6.36]
LLY  , macd +, macd hist -, profit: [178.46], per:  [65.85], now: [449.46], buy:   [271.]
MCD  , macd +, macd hist +, profit:  [41.48], per:  [16.37], now: [294.94], buy: [253.46]
MSI  , macd +, macd hist +, profit:  [39.65], per:  [15.77], now: [291.06], buy: [251.41]
ON   , macd +, macd hist +, profit:  [39.82], per:  [66.52], now:  [99.68], buy:  [59.86]
-
     plus  len:  12
     profit: [590.25], per: [353.82], per/len(p):  [29.48], per/len(p+m):   [9.56]
-
==== minus ====
AAPL , macd +, macd hist -, profit:       [], per:       [], now: [190.69], buy:       []
EL   , macd -, macd hist +, profit: [-146.12], per: [-43.01], now: [193.63], buy: [339.75]
NEE  , macd -, macd hist -, profit: [-12.13], per: [-14.22], now:   [73.2], buy:  [85.33]
AMD  , macd +, macd hist -, profit:  [-4.29], per:  [-3.57], now: [115.94], buy: [120.23]
APH  , macd +, macd hist +, profit:       [], per:       [], now:  [84.61], buy:       []
SPXL , macd +, macd hist +, profit: [-37.06], per: [-28.46], now:  [93.17], buy: [130.23]
KEYS , macd +, macd hist +, profit: [-19.05], per: [-10.24], now: [167.01], buy: [186.06]
SPTM , macd +, macd hist +, profit:  [-1.35], per:  [-2.39], now:  [55.23], buy:  [56.58]
SPLG , macd +, macd hist +, profit:  [-1.18], per:  [-2.19], now:  [52.81], buy:  [53.99]
CROX , macd +, macd hist +, profit: [-53.38], per: [-30.09], now: [124.04], buy: [177.42]
AWR  , macd -, macd hist +, profit:       [], per:       [], now:  [86.73], buy:       []
TREX , macd +, macd hist +, profit:  [-0.11], per:  [-0.16], now:  [69.89], buy:    [70.]
RGEN , macd -, macd hist +, profit: [-29.17], per: [-16.24], now: [150.49], buy: [179.66]
EXPO , macd -, macd hist +, profit:  [-5.61], per:  [-5.55], now:   [95.5], buy: [101.11]
BCPC , macd +, macd hist -, profit:  [-6.32], per:  [-4.61], now: [130.76], buy: [137.08]
SOXL , macd +, macd hist +, profit: [-15.86], per: [-37.68], now:  [26.23], buy:  [42.09]
TECL , macd +, macd hist -, profit:  [-5.07], per:  [-8.35], now:  [55.67], buy:  [60.74]
NEO  , macd +, macd hist +, profit:  [-0.58], per:  [-3.25], now:  [17.26], buy:  [17.84]
BBDC , macd +, macd hist +, profit:   [-2.7], per: [-25.47], now:    [7.9], buy:   [10.6]
APPS , macd +, macd hist +, profit: [-32.89], per: [-75.31], now:  [10.78], buy:  [43.67]
ROK  , macd +, macd hist +, profit:  [-0.66], per:  [-0.19], now: [341.23], buy: [341.89]
NHTC , macd +, macd hist +, profit:  [-1.84], per: [-25.66], now:   [5.33], buy:   [7.17]
LIT  , macd +, macd hist +, profit: [-23.97], per: [-26.08], now:  [67.94], buy:  [91.91]
GTLB , macd +, macd hist -, profit:  [-0.67], per:  [-1.27], now:  [52.09], buy:  [52.76]
HCP  , macd -, macd hist +, profit: [-26.52], per: [-48.84], now:  [27.78], buy:   [54.3]
-
     minus len:  25
     profit:       [], per:       [], per/len(m):       [], per/len(p+m):       []
-
==== total ====
     profit:       [], per:       [], per/len(p+m):       []
arg[0]: scraping/yahoo-finace-api2.py, arg[1]: stock-code-list/up-month.txt
===========================
scraping
===========================
START:  A
END:    0.420926570892334
-
START:  AAON
END:    0.7607436180114746
-
START:  AAPL
END:    1.1118102073669434
-
START:  ABG
END:    1.4085829257965088
-
START:  ABT
END:    1.82132887840271
-
START:  ACLS
END:    2.1115810871124268
-
START:  ACMR
END:    2.2598109245300293
-
START:  ACN
END:    2.598318099975586
-
START:  ADBE
END:    2.954246759414673
-
START:  ADI
END:    3.2702393531799316
-
START:  ADP
END:    3.6394665241241455
-
START:  ADSK
END:    3.963867425918579
-
START:  ADUS
END:    4.207624197006226
-
START:  AEE
END:    4.540020704269409
-
START:  AGYS
END:    4.875811576843262
-
START:  AIZ
END:    5.183104038238525
-
START:  AJG
END:    5.53378438949585
-
START:  AJRD
END:    5.907001733779907
-
START:  ALB
END:    7.335528612136841
-
START:  ALG
END:    7.66210150718689
-
START:  ALGN
END:    7.954434394836426
-
START:  ALLE
END:    8.142417192459106
-
START:  ALTR
END:    8.309850454330444
-
START:  AMAT
END:    8.626885890960693
-
START:  AMBA
END:    8.849027872085571
-
START:  AMD
END:    9.143775224685669
-
START:  AME
END:    9.492064952850342
-
START:  AMED
END:    10.8197922706604
-
START:  AMEH
END:    11.046869277954102
-
START:  AMGN
END:    11.377028226852417
-
START:  AMN
END:    11.688990592956543
-
START:  AMP
END:    11.978004932403564
-
START:  AMRC
END:    12.188221216201782
-
START:  AMSWA
END:    12.535454750061035
-
START:  AMTX
END:    12.780582904815674
-
START:  AMZN
END:    14.087778806686401
-
START:  AN
END:    14.411550998687744
-
START:  ANSS
END:    14.717419147491455
-
START:  ANTM
Not Found: No data found, symbol may be delisted
START:  AON
END:    15.163965225219727
-
START:  AOSL
END:    15.396981954574585
-
START:  APD
END:    15.783740758895874
-
START:  APH
END:    16.104210376739502
-
START:  APPF
END:    17.277405500411987
-
START:  APPN
END:    18.502139806747437
-
START:  APPS
END:    18.76818561553955
-
START:  AQN
END:    19.066656827926636
-
START:  ARCB
END:    19.44608187675476
-
START:  ARCT
END:    20.66991925239563
-
START:  ARES
END:    20.85775589942932
-
START:  ARGX
END:    21.018376350402832
-
START:  ARWR
END:    21.32272219657898
-
START:  ASML
END:    21.657776355743408
-
START:  ASPN
END:    22.875502824783325
-
START:  ATEC
END:    24.17050075531006
-
START:  ATEN
END:    25.365989685058594
-
START:  ATKR
END:    25.533352375030518
-
START:  ATOM
END:    25.705048322677612
-
START:  ATR
END:    26.05804753303528
-
START:  ATRC
END:    26.33352279663086
-
START:  AUDC
END:    27.650777101516724
-
START:  AUPH
END:    27.818219661712646
-
START:  AVAV
END:    28.08032727241516
-
START:  AVGO
END:    28.351598739624023
-
START:  AVID
END:    28.639416933059692
-
START:  AVNW
END:    28.938222408294678
-
START:  AVXL
END:    29.194961071014404
-
START:  AVY
END:    29.5485737323761
-
START:  AWK
END:    30.847254037857056
-
START:  AWR
END:    32.20261836051941
-
START:  AXON
END:    32.53738331794739
-
START:  AZO
END:    32.84122276306152
-
START:  AZPN
END:    33.17359709739685
-
START:  BAH
END:    33.41492033004761
-
START:  BAM
END:    33.499412536621094
-
START:  BAX
END:    33.85253596305847
-
START:  BBH
END:    34.167601346969604
-
START:  BBQ
END:    35.51420998573303
-
START:  BBY
END:    35.85498642921448
-
START:  BCPC
END:    36.21500635147095
-
START:  BDX
END:    36.698157787323
-
START:  BEEM
END:    36.930262327194214
-
START:  BFAM
END:    37.1381402015686
-
START:  BFC
END:    37.44231390953064
-
START:  BGFV
END:    37.78481984138489
-
START:  BGNE
END:    38.96745491027832
-
START:  BHVN
END:    39.08920454978943
-
START:  BIO
END:    40.41832160949707
-
START:  BL
END:    40.64329767227173
-
START:  BLD
END:    40.821001052856445
-
START:  BLDP
END:    42.147995471954346
-
START:  BLDR
END:    42.40882134437561
-
START:  BLFS
END:    42.70063829421997
-
START:  BLK
END:    44.08620357513428
-
START:  BLL
Not Found: No data found, symbol may be delisted
START:  BLNK
END:    44.385212898254395
-
START:  BMI
END:    44.79024696350098
-
START:  BOOT
END:    45.98707389831543
-
START:  BOTZ
END:    47.17547345161438
-
START:  BR
END:    47.4708833694458
-
START:  BRKR
END:    48.85738205909729
-
START:  BRKS
Not Found: No data found, symbol may be delisted
START:  BRO
END:    49.268935680389404
-
START:  BURL
END:    49.45739674568176
-
START:  BX
END:    50.7330117225647
-
START:  CABO
END:    50.95985412597656
-
START:  CACI
END:    51.28192949295044
-
START:  CALX
END:    51.51468229293823
-
START:  CAMT
END:    52.85580825805664
-
START:  CAR
END:    54.196332931518555
-
START:  CBRE
END:    54.541237354278564
-
START:  CBSH
END:    54.90360403060913
-
START:  CBZ
END:    56.23086190223694
-
START:  CCOI
END:    56.54476523399353
-
START:  CCS
END:    57.76910710334778
-
START:  CDMO
END:    58.06343102455139
-
START:  CDNA
END:    58.26668095588684
-
START:  CDNS
END:    59.60186457633972
-
START:  CDW
END:    59.808111906051636
-
START:  CELH
END:    60.07319402694702
-
START:  CGNX
END:    60.438708782196045
-
START:  CHD
END:    61.828285455703735
-
START:  CHDN
END:    62.20214891433716
-
START:  CHE
END:    62.577940225601196
-
START:  CHGG
END:    62.75666618347168
-
START:  CHH
END:    63.08647656440735
-
START:  CHKP
END:    63.389816761016846
-
START:  CHTR
END:    64.6313328742981
-
START:  CIEN
END:    64.94195771217346
-
START:  CLAR
END:    65.26819038391113
-
START:  CLFD
END:    66.5945782661438
-
START:  CLGN
END:    66.79823350906372
-
START:  CLNE
END:    67.03774976730347
-
START:  CLPT
END:    67.22704219818115
-
START:  CLX
END:    67.6335015296936
-
START:  CMCSA
END:    69.00415706634521
-
START:  CMG
END:    69.27160668373108
-
START:  CMS
END:    69.6983482837677
-
START:  CNC
END:    69.99745416641235
-
START:  CNI
END:    71.36260771751404
-
START:  CNMD
END:    71.69448947906494
-
START:  CNS
END:    72.02207040786743
-
START:  CNXN
END:    72.34927368164062
-
START:  COO
END:    73.69602155685425
-
START:  COST
END:    74.05538392066956
-
START:  COUP
Not Found: No data found, symbol may be delisted
START:  COWN
Not Found: No data found, symbol may be delisted
START:  CP
END:    74.55666279792786
-
START:  CPK
END:    75.93448090553284
-
START:  CPRT
END:    76.22113919258118
-
START:  CPSH
END:    76.49693250656128
-
START:  CRAI
END:    76.80376124382019
-
START:  CREE
Not Found: No data found, symbol may be delisted
START:  CRL
END:    77.22002625465393
-
START:  CRM
END:    77.52238416671753
-
START:  CRMT
END:    78.91382479667664
-
START:  CROX
END:    79.17940735816956
-
START:  CRSP
END:    79.34714245796204
-
START:  CRVL
END:    79.63334822654724
-
START:  CSGP
END:    80.96075963973999
-
START:  CSL
END:    81.32348823547363
-
START:  CSWI
END:    81.51715731620789
-
START:  CSX
END:    82.9091329574585
-
START:  CTAS
END:    83.30427670478821
-
START:  CTLT
END:    83.48401856422424
-
START:  CTRN
END:    83.78934025764465
-
START:  CURE
END:    84.03024768829346
-
START:  CVCO
END:    84.32960057258606
-
START:  CVNA
END:    84.46927237510681
-
START:  CWST
END:    85.79539966583252
-
START:  CWT
END:    86.18964719772339
-
START:  CXSE
END:    86.39137125015259
-
START:  CYBR
END:    86.55721974372864
-
START:  CYRX
END:    86.83290767669678
-
START:  CYTK
END:    87.13731265068054
-
START:  DAC
END:    87.42490029335022
-
START:  DAR
END:    87.7293689250946
-
START:  DAVA
END:    87.88331842422485
-
START:  DDS
END:    88.2853353023529
-
START:  DE
END:    89.67893099784851
-
START:  DECK
END:    89.98325514793396
-
START:  DELL
END:    90.20235323905945
-
START:  DFIN
END:    90.36783480644226
-
START:  DG
END:    90.63121175765991
-
START:  DGRW
END:    90.87905597686768
-
START:  DHI
END:    91.22981095314026
-
START:  DHR
END:    91.56895780563354
-
START:  DIA
END:    92.91629219055176
-
START:  DIOD
END:    93.22041296958923
-
START:  DIS
END:    94.62134861946106
-
START:  DKS
END:    94.98264598846436
-
START:  DLN
END:    95.28378224372864
-
START:  DNLI
END:    96.47156977653503
-
START:  DOMO
END:    96.66034722328186
-
START:  DOV
END:    97.04980063438416
-
START:  DPZ
END:    98.39357900619507
-
START:  DQ
END:    98.61664986610413
-
START:  DRD
END:    99.95302820205688
-
START:  DRIO
END:    100.12403154373169
-
START:  DRNA
Not Found: No data found, symbol may be delisted
START:  DSGX
END:    100.51327347755432
-
START:  DVAX
END:    100.79403257369995
-
START:  DXCM
END:    101.07339024543762
-
START:  ECL
END:    101.41120147705078
-
START:  EFX
END:    101.77373170852661
-
START:  EGAN
END:    102.05714392662048
-
START:  EHC
END:    102.37386012077332
-
START:  EL
END:    103.75061964988708
-
START:  ENPH
END:    103.97345972061157
-
START:  ENSG
END:    105.27227640151978
-
START:  ENTG
END:    105.60314631462097
-
START:  ENV
END:    105.83278822898865
-
START:  EPAM
END:    106.04975748062134
-
START:  ERIE
END:    106.41488027572632
-
START:  ES
END:    107.8185043334961
-
START:  ESE
END:    108.18987607955933
-
START:  ETN
END:    108.5529203414917
-
START:  ETSY
END:    108.71553874015808
-
START:  EVBG
END:    108.86127400398254
-
START:  EVTC
END:    109.09205961227417
-
START:  EW
END:    110.42930960655212
-
START:  EWT
END:    110.78045678138733
-
START:  EXAS
END:    112.09824585914612
-
START:  EXLS
END:    112.38066673278809
-
START:  EXPD
END:    112.71126794815063
-
START:  EXPI
END:    112.84631180763245
-
START:  EXPO
END:    113.15924739837646
-
START:  FAST
END:    113.51360702514648
-
START:  FATE
END:    114.69551181793213
-
START:  FB
Not Found: No data found, symbol may be delisted
START:  FCN
END:    115.1006486415863
-
START:  FCX
END:    115.44593930244446
-
START:  FDN
END:    115.70769166946411
-
START:  FDS
END:    117.10915184020996
-
START:  FELE
END:    117.47745704650879
-
START:  FFIN
END:    117.83599042892456
-
START:  FICO
END:    119.2297101020813
-
START:  FINX
END:    119.40604972839355
-
START:  FIS
END:    119.74657082557678
-
START:  FISV
END:    119.82576656341553
-
START:  FIVE
END:    120.04956793785095
-
START:  FIVN
END:    120.25713777542114
-
START:  FLGT
END:    121.4222719669342
-
START:  FLT
END:    121.65029263496399
-
START:  FLWS
END:    121.96860837936401
-
START:  FN
END:    122.20535206794739
-
START:  FND
END:    122.34787917137146
-
START:  FNV
END:    122.63017249107361
-
START:  FORM
END:    122.91428279876709
-
START:  FOXF
END:    124.13832926750183
-
START:  FPX
END:    124.43491625785828
-
START:  FRC
Not Found: No data found, symbol may be delisted
START:  FRHC
END:    125.6600410938263
-
START:  FRPT
END:    125.85208511352539
-
START:  FSS
END:    127.23437857627869
-
START:  FTNT
END:    128.48710131645203
-
START:  FUV
END:    128.64741015434265
-
START:  GDEN
END:    128.93800902366638
-
START:  GFI
END:    129.28344559669495
-
START:  GGG
END:    129.62530994415283
-
START:  GIB
END:    129.96423196792603
-
START:  GLDD
END:    131.22151374816895
-
START:  GLOB
END:    132.4511911869049
-
START:  GMAB
END:    132.68722820281982
-
START:  GME
END:    133.02662348747253
-
START:  GMED
END:    134.269615650177
-
START:  GNRC
END:    135.51981568336487
-
START:  GNSS
END:    135.8083245754242
-
START:  GNTX
END:    136.127281665802
-
START:  GOLF
END:    136.27581572532654
-
START:  GOOG
END:    136.5911786556244
-
START:  GOOGL
END:    136.9181740283966
-
START:  GPI
END:    137.23883819580078
-
START:  GPN
END:    137.64468383789062
-
START:  GRBK
END:    137.90542578697205
-
START:  GRMN
END:    138.23853754997253
-
START:  GRVY
END:    139.55843949317932
-
START:  GRWG
END:    140.69773054122925
-
START:  GWRE
END:    140.90532636642456
-
START:  HACK
END:    141.0987527370453
-
START:  HALO
END:    141.36986708641052
-
START:  HCI
END:    142.670179605484
-
START:  HD
END:    143.07887148857117
-
START:  HEI
END:    143.4750635623932
-
START:  HELE
END:    143.8094596862793
-
START:  HIBB
END:    145.1449010372162
-
START:  HLI
END:    146.33630228042603
-
START:  HLT
END:    147.57252669334412
-
START:  HOLX
END:    147.87337684631348
-
START:  HON
END:    148.29458498954773
-
START:  HOV
END:    149.593501329422
-
START:  HRC
Not Found: No data found, symbol may be delisted
START:  HRI
END:    149.9435431957245
-
START:  HSKA
END:    150.22653007507324
-
START:  HTHT
END:    150.45298218727112
-
START:  HUBS
END:    151.66091060638428
-
START:  HUM
END:    152.03056573867798
-
START:  HZNP
END:    153.27593898773193
-
START:  IAC
END:    153.59121918678284
-
START:  IBP
END:    154.8339548110962
-
START:  ICE
END:    155.111093044281
-
START:  ICLN
END:    156.36869621276855
-
START:  ICLR
END:    156.68190264701843
-
START:  IDT
END:    156.986093044281
-
START:  IDXX
END:    158.3303301334381
-
START:  IESC
END:    158.6845405101776
-
START:  IEX
END:    159.0293688774109
-
START:  ILMN
END:    160.37266659736633
-
START:  INFO
Not Found: No data found, symbol may be delisted
START:  INOV
Not Found: No data found, symbol may be delisted
START:  INSP
END:    161.66813778877258
-
START:  INTC
END:    162.00818920135498
-
START:  INTU
END:    163.35458302497864
-
START:  INTZ
END:    163.66673588752747
-
START:  INVE
END:    163.97842526435852
-
START:  IOO
END:    164.3076045513153
-
START:  IQV
END:    164.50054788589478
-
START:  IRDM
END:    165.76801919937134
-
START:  IRMD
END:    166.9842357635498
-
START:  ISEE
END:    168.19098377227783
-
START:  ISRG
END:    168.5137062072754
-
START:  IT
END:    168.82926893234253
-
START:  ITT
END:    169.19844841957092
-
START:  ITW
END:    170.5507092475891
-
START:  IVOG
END:    170.83674502372742
-
START:  IVV
END:    171.18698477745056
-
START:  IXJ
END:    171.52452516555786
-
START:  IXN
END:    171.86632871627808
-
START:  J
END:    172.16650652885437
-
START:  JBL
END:    172.50057220458984
-
START:  JBSS
END:    172.83620929718018
-
START:  JD
END:    174.04084467887878
-
START:  JKHY
END:    175.43858814239502
-
START:  JKS
END:    175.6637020111084
-
START:  JNJ
END:    176.07501530647278
-
START:  JOE
END:    177.43858170509338
-
START:  JOUT
END:    177.77385234832764
-
START:  JYNT
END:    177.96116662025452
-
START:  KAI
END:    178.32857060432434
-
START:  KBH
END:    178.6670310497284
-
START:  KBR
END:    178.95131731033325
-
START:  KDMN
Not Found: No data found, symbol may be delisted
START:  KEYS
END:    179.248961687088
-
START:  KLAC
END:    179.61306071281433
-
START:  KLIC
END:    179.91349172592163
-
START:  KMX
END:    181.23971438407898
-
START:  KNSL
END:    182.4581274986267
-
START:  KOPN
END:    182.76635146141052
-
START:  KOSS
END:    184.07479238510132
-
START:  KRNT
END:    184.25573134422302
-
START:  KSU
Not Found: No data found, symbol may be delisted
START:  KTOS
END:    185.641028881073
-
START:  LAC
END:    185.89027881622314
-
START:  LAD
END:    186.26584911346436
-
START:  LANC
END:    186.60837531089783
-
START:  LAWS
Not Found: No data found, symbol may be delisted
START:  LDOS
END:    187.97779035568237
-
START:  LFMD
END:    189.22992610931396
-
START:  LGIH
END:    189.42932033538818
-
START:  LH
END:    190.8063132762909
-
START:  LHCG
Not Found: No data found, symbol may be delisted
START:  LHX
END:    191.24727416038513
-
START:  LII
END:    192.60699892044067
-
START:  LIN
END:    193.00877952575684
-
START:  LINC
END:    193.28848099708557
-
START:  LIT
END:    193.57437324523926
-
START:  LLY
END:    194.97980451583862
-
START:  LMT
END:    195.32518315315247
-
START:  LNT
END:    195.69518852233887
-
START:  LOB
END:    195.86620163917542
-
START:  LOGI
END:    196.17191195487976
-
START:  LOVE
END:    197.30726861953735
-
START:  LOW
END:    197.6677601337433
-
START:  LPLA
END:    197.90123677253723
-
START:  LPSN
END:    198.19747948646545
-
START:  LQDT
END:    199.48360228538513
-
START:  LRCX
END:    199.81367707252502
-
START:  LSCC
END:    200.12571096420288
-
START:  LSTR
END:    200.4827423095703
-
START:  LULU
END:    200.76124453544617
-
START:  LUNA
END:    202.06067276000977
-
START:  MA
END:    202.34343910217285
-
START:  MANH
END:    202.63983583450317
-
START:  MANT
Not Found: No data found, symbol may be delisted
START:  MARA
END:    203.96328210830688
-
START:  MASI
END:    204.2464690208435
-
START:  MATX
END:    204.62692213058472
-
START:  MBUU
END:    204.8206763267517
-
START:  MCD
END:    206.2294991016388
-
START:  MCHP
END:    206.5703685283661
-
START:  MCO
END:    206.9030315876007
-
START:  MDB
END:    207.06004309654236
-
START:  MDT
END:    207.40610694885254
-
START:  MEDP
END:    208.58413553237915
-
START:  MEDS
END:    208.79426765441895
-
START:  MELI
END:    209.0520212650299
-
START:  MGC
END:    209.32667684555054
-
START:  MGIC
END:    209.64879322052002
-
START:  MGK
END:    209.9035198688507
-
START:  MGNI
END:    211.11540055274963
-
START:  MHO
END:    211.4232783317566
-
START:  MIME
Not Found: No data found, symbol may be delisted
START:  MITK
END:    212.81614995002747
-
START:  MKC
END:    213.16324830055237
-
START:  MKSI
END:    213.4645926952362
-
START:  MKTX
END:    213.75344038009644
-
START:  MLAB
END:    214.1092987060547
-
START:  MLR
END:    214.41761302947998
-
START:  MMC
END:    215.79620337486267
-
START:  MMS
END:    216.18251395225525
-
START:  MNMD
END:    216.33088040351868
-
START:  MNST
END:    216.62718629837036
-
START:  MODN
END:    216.80672073364258
-
START:  MODV
END:    218.19406247138977
-
START:  MOH
END:    218.4871006011963
-
START:  MORN
END:    218.798273563385
-
START:  MPWR
END:    219.08902430534363
-
START:  MRTX
END:    219.26985430717468
-
START:  MRVL
END:    220.59607338905334
-
START:  MS
END:    220.92814755439758
-
START:  MSA
END:    221.29393410682678
-
START:  MSCI
END:    221.5782425403595
-
START:  MSEX
END:    221.98673605918884
-
START:  MSFT
END:    222.36512780189514
-
START:  MSI
END:    223.77494525909424
-
START:  MSTR
END:    225.10500240325928
-
START:  MTBC
Not Found: No data found, symbol may be delisted
START:  MTCH
END:    225.49651408195496
-
START:  MTD
END:    225.78262424468994
-
START:  MTEX
END:    226.1128067970276
-
START:  MTH
END:    227.47344398498535
-
START:  MTLS
END:    227.66297841072083
-
START:  MTSI
END:    228.86083555221558
-
START:  MU
END:    229.17654252052307
-
START:  MUSA
END:    230.44279193878174
-
START:  MVIS
END:    230.7396433353424
-
START:  MXL
END:    231.99298477172852
-
START:  MYRG
END:    232.2338240146637
-
START:  NBIX
END:    232.5413932800293
-
START:  NCBS
Not Found: No data found, symbol may be delisted
START:  NDAQ
END:    232.9282567501068
-
START:  NDSN
END:    233.29258275032043
-
START:  NEE
END:    234.6506712436676
-
START:  NEO
END:    235.9576427936554
-
START:  NEOG
END:    236.29453659057617
-
START:  NFLX
END:    236.60854935646057
-
START:  NICE
END:    236.92159485816956
-
START:  NISN
END:    237.07045030593872
-
START:  NKE
END:    237.42943596839905
-
START:  NOVT
END:    237.73182797431946
-
START:  NOW
END:    238.94032979011536
-
START:  NSC
END:    239.33725023269653
-
START:  NSIT
END:    239.63389420509338
-
START:  NSSC
END:    239.92508029937744
-
START:  NSTG
END:    241.1961932182312
-
START:  NTLA
END:    241.3437328338623
-
START:  NTRA
END:    242.53782320022583
-
START:  NUAN
Not Found: No data found, symbol may be delisted
START:  NVCR
END:    243.80660557746887
-
START:  NVDA
END:    244.13537430763245
-
START:  NVMI
END:    244.44413232803345
-
START:  NVO
END:    244.79101133346558
-
START:  NVR
END:    246.1189260482788
-
START:  NXST
END:    246.4506130218506
-
START:  NYT
END:    246.80240154266357
-
START:  OBCI
Not Found: No data found, symbol may be delisted
START:  ODFL
END:    248.2169439792633
-
START:  OEF
END:    248.57886958122253
-
START:  OFLX
END:    248.90728282928467
-
START:  OLED
END:    249.20754551887512
-
START:  OMCL
END:    249.51279950141907
-
START:  ON
END:    250.82080745697021
-
START:  OOMA
END:    251.01122164726257
-
START:  OPRX
END:    251.2870228290558
-
START:  ORA
END:    251.58448886871338
-
START:  ORCL
END:    251.9268000125885
-
START:  ORLY
END:    252.24190187454224
-
START:  ORMP
END:    252.49416184425354
-
START:  OTEX
END:    253.83076572418213
-
START:  PACB
END:    255.064546585083
-
START:  PAG
END:    255.41992354393005
-
START:  PANW
END:    255.61417412757874
-
START:  PAR
END:    255.9412658214569
-
START:  PAYC
END:    256.1368007659912
-
START:  PAYX
END:    256.47015476226807
-
START:  PBD
END:    256.7469425201416
-
START:  PCTY
END:    256.9421343803406
-
START:  PEGA
END:    257.27470779418945
-
START:  PEN
END:    257.43460273742676
-
START:  PENN
END:    257.7501130104065
-
START:  PEP
END:    258.16743421554565
-
START:  PERI
END:    258.43232107162476
-
START:  PFSI
END:    258.63101863861084
-
START:  PGR
END:    258.961386680603
-
START:  PH
END:    259.31479692459106
-
START:  PHM
END:    260.7020950317383
-
START:  PKI
END:    261.0666129589081
-
START:  PLL
END:    262.227130651474
-
START:  PLNT
END:    262.4073750972748
-
START:  PLUG
END:    262.7027099132538
-
START:  PLXS
END:    262.98583030700684
-
START:  PODD
END:    263.26594519615173
-
START:  POOL
END:    263.61412477493286
-
START:  POWI
END:    263.9319038391113
-
START:  PRFT
END:    265.24487948417664
-
START:  PRI
END:    265.51154041290283
-
START:  PRTA
END:    265.70128321647644
-
START:  PRTS
END:    265.95707535743713
-
START:  PTSI
END:    266.2642295360565
-
START:  PWR
END:    266.5820710659027
-
START:  PYPL
END:    266.7702286243439
-
START:  QADA
Not Found: No data found, symbol may be delisted
START:  QCLN
END:    267.14075660705566
-
START:  QDEL
END:    267.4419300556183
-
START:  QGEN
END:    268.1258885860443
-
START:  QLYS
END:    269.37099957466125
-
START:  QQQ
END:    269.6909463405609
-
START:  QRVO
END:    270.97625708580017
-
START:  QTWO
END:    271.16974115371704
-
START:  RADA
Not Found: No data found, symbol may be delisted
START:  RAMP
END:    271.5442497730255
-
START:  RBA
END:    271.8949885368347
-
START:  RCII
Not Found: No data found, symbol may be delisted
START:  RCKY
END:    272.2792966365814
-
START:  RDNT
END:    273.5975387096405
-
START:  RDVT
END:    274.764044046402
-
START:  RDWR
END:    275.043297290802
-
START:  REGI
END:    276.2798709869385
-
START:  RENN
END:    277.5460596084595
-
START:  RGEN
END:    277.83315563201904
-
START:  RH
END:    278.0215871334076
-
START:  RILY
END:    278.285404920578
-
START:  RIOT
END:    278.4375820159912
-
START:  RLI
END:    278.7877504825592
-
START:  RLMD
END:    278.9626393318176
-
START:  RMD
END:    279.2725555896759
-
START:  RNG
END:    279.481422662735
-
START:  ROBO
END:    279.6884787082672
-
START:  ROCK
END:    280.0144114494324
-
START:  ROK
END:    280.40208172798157
-
START:  ROKU
END:    281.5988483428955
-
START:  ROL
END:    281.9714183807373
-
START:  ROP
END:    283.3470811843872
-
START:  ROST
END:    284.71624541282654
-
START:  RPD
END:    284.87742257118225
-
START:  RPM
END:    286.28504633903503
-
START:  RSG
END:    286.626784324646
-
START:  RTH
END:    286.94081807136536
-
START:  RUN
END:    288.1283733844757
-
START:  RXI
END:    288.4330303668976
-
START:  SAIA
END:    288.75691390037537
-
START:  SAIC
END:    289.9990940093994
-
START:  SAM
END:    290.2957601547241
-
START:  SAVA
END:    291.6254324913025
-
START:  SCI
END:    291.97822427749634
-
START:  SCL
END:    293.33668541908264
-
START:  SE
END:    293.48677015304565
-
START:  SEAS
END:    294.6840000152588
-
START:  SEDG
END:    294.87333607673645
-
START:  SFBS
END:    295.07977628707886
-
START:  SGEN
END:    295.3661599159241
-
START:  SGMS
Not Found: No data found, symbol may be delisted
START:  SGRY
END:    296.62342619895935
-
START:  SHOP
END:    296.7865238189697
-
START:  SHW
END:    297.197393655777
-
START:  SHYF
END:    297.5337381362915
-
START:  SITE
END:    297.6782591342926
-
START:  SIVB
Not Found: No data found, symbol may be delisted
START:  SJW
END:    299.121217250824
-
START:  SKY
END:    300.5101864337921
-
START:  SLAB
END:    301.8531265258789
-
START:  SLP
END:    303.3651385307312
-
START:  SMH
END:    304.69199109077454
-
START:  SMTC
END:    304.99052715301514
-
START:  SNAP
END:    305.13917899131775
-
START:  SNPS
END:    305.44226598739624
-
START:  SOCL
END:    305.6819553375244
-
START:  SOXL
END:    305.94957518577576
-
START:  SPGI
END:    306.29961347579956
-
START:  SPLG
END:    306.6081807613373
-
START:  SPLK
END:    306.8004641532898
-
START:  SPNS
END:    307.12370467185974
-
START:  SPSC
END:    308.3776967525482
-
START:  SPTM
END:    308.76059460639954
-
START:  SPWH
END:    308.9316155910492
-
START:  SPWR
END:    310.23383235931396
-
START:  SPXC
END:    311.63172721862793
-
START:  SPXL
END:    311.91094279289246
-
START:  SPY
END:    312.2506742477417
-
START:  SPYG
END:    312.6300792694092
-
START:  SQ
END:    313.82244205474854
-
START:  SSD
END:    315.1644914150238
-
START:  SSNC
END:    315.4074504375458
-
START:  SSTK
END:    315.62146377563477
-
START:  STAA
END:    316.92648220062256
-
START:  STE
END:    318.284286737442
-
START:  SUSA
END:    318.61598682403564
-
START:  SYK
END:    319.0991322994232
-
START:  SYNA
END:    319.40209770202637
-
START:  TBBK
END:    319.69619703292847
-
START:  TBK
Not Found: No data found, symbol may be delisted
START:  TDG
END:    320.0391480922699
-
START:  TDOC
END:    320.2296214103699
-
START:  TDY
END:    320.5700089931488
-
START:  TEAM
END:    320.7507860660553
-
START:  TECH
END:    322.0792622566223
-
START:  TECL
END:    322.3937337398529
-
START:  TER
END:    322.7193748950958
-
START:  TFX
END:    324.0998258590698
-
START:  TGH
END:    325.39872217178345
-
START:  TGLS
END:    325.6030480861664
-
START:  TGT
END:    326.9712266921997
-
START:  TGTX
END:    327.244992017746
-
START:  THC
END:    327.5493474006653
-
START:  TJX
END:    328.92076420783997
-
START:  TMO
END:    329.2509174346924
-
START:  TMUS
END:    329.52712965011597
-
START:  TNDM
END:    329.7275984287262
-
START:  TNET
END:    330.91760206222534
-
START:  TPX
END:    332.2517001628876
-
START:  TREX
END:    332.5594644546509
-
START:  TRI
END:    333.90722465515137
-
START:  TRIL
Not Found: No data found, symbol may be delisted
START:  TRMB
END:    334.2754023075104
-
START:  TRNS
END:    334.56860089302063
-
START:  TROW
END:    335.9204189777374
-
START:  TRU
END:    336.0875310897827
-
START:  TRUP
END:    336.25647616386414
-
START:  TSCO
END:    336.5816481113434
-
START:  TSLA
END:    337.8409321308136
-
START:  TSM
END:    339.222225189209
-
START:  TT
END:    339.5872938632965
-
START:  TTC
END:    340.9858705997467
-
START:  TTD
END:    341.16666197776794
-
START:  TTEC
END:    341.5346586704254
-
START:  TTEK
END:    342.8625316619873
-
START:  TTGT
END:    343.12850737571716
-
START:  TTWO
END:    343.53099155426025
-
START:  TWLO
END:    343.7094919681549
-
START:  TXN
END:    344.1082184314728
-
START:  TYL
END:    344.4260859489441
-
START:  UCTT
END:    344.71865224838257
-
START:  UFPI
END:    346.04415249824524
-
START:  UFPT
END:    346.3307616710663
-
START:  UI
END:    347.56735849380493
-
START:  UMC
END:    347.9034860134125
-
START:  UNF
END:    348.26000809669495
-
START:  UNH
END:    349.62411069869995
-
START:  UNP
END:    350.0147581100464
-
START:  UPLD
END:    351.22787046432495
-
START:  URI
END:    351.5467269420624
-
START:  V
END:    352.83707642555237
-
START:  VALU
END:    353.16517210006714
-
START:  VBK
END:    353.4959833621979
-
START:  VCEL
END:    353.79223132133484
-
START:  VCR
END:    354.12150287628174
-
START:  VCTR
END:    354.2632865905762
-
START:  VCYT
END:    354.4519064426422
-
START:  VDC
END:    354.7567677497864
-
START:  VEEV
END:    354.9455120563507
-
START:  VERU
END:    355.26784229278564
-
START:  VGT
END:    355.6314661502838
-
START:  VHT
END:    355.92941188812256
-
START:  VIAV
END:    356.2507724761963
-
START:  VICR
END:    356.58558440208435
-
START:  VIG
END:    356.8798403739929
-
START:  VO
END:    358.2113618850708
-
START:  VONE
END:    359.4688415527344
-
START:  VONG
END:    359.70386838912964
-
START:  VOO
END:    360.97965812683105
-
START:  VOOG
END:    361.2332875728607
-
START:  VOOV
END:    361.4583399295807
-
START:  VOT
END:    361.7674210071564
-
START:  VPU
END:    363.08443999290466
-
START:  VRNS
END:    363.26161336898804
-
START:  VRSK
END:    363.5076551437378
-
START:  VRSN
END:    364.8660283088684
-
START:  VRTV
END:    366.10662055015564
-
START:  VSTO
END:    366.2957954406738
-
START:  VTHR
END:    367.5507273674011
-
START:  VTI
END:    367.9318368434906
-
START:  VTNR
END:    368.2293417453766
-
START:  VTWG
END:    368.4790823459625
-
START:  VUG
END:    368.7927541732788
-
START:  VV
END:    370.16164445877075
-
START:  VXF
END:    370.49399495124817
-
START:  WCN
END:    370.82377910614014
-
START:  WD
END:    371.0512261390686
-
START:  WDAY
END:    371.24528193473816
-
START:  WDFC
END:    371.59356594085693
-
START:  WEC
END:    371.9685950279236
-
START:  WEN
END:    373.32078194618225
-
START:  WINA
END:    373.6542720794678
-
START:  WING
END:    373.881224155426
-
START:  WIRE
END:    374.2378921508789
-
START:  WIX
END:    374.4378356933594
-
START:  WK
END:    374.6209394931793
-
START:  WLTW
Not Found: No data found, symbol may be delisted
START:  WM
END:    375.08382630348206
-
START:  WMS
END:    375.26063418388367
-
START:  WNS
END:    375.52174401283264
-
START:  WRB
END:    375.8987150192261
-
START:  WSC
END:    377.13013315200806
-
START:  WSM
END:    377.4609112739563
-
START:  WST
END:    377.81954193115234
-
START:  WTRG
END:    378.1971802711487
-
START:  WTS
END:    378.56644773483276
-
START:  XEL
END:    378.91011595726013
-
START:  XENE
END:    380.1604595184326
-
START:  XLK
END:    380.49498653411865
-
START:  XLNX
Not Found: No data found, symbol may be delisted
START:  XLP
END:    381.90104031562805
-
START:  XLRN
Not Found: No data found, symbol may be delisted
START:  XLU
END:    382.3199107646942
-
START:  XLV
END:    382.7058415412903
-
START:  XLY
END:    383.0604283809662
-
START:  XYL
END:    383.3533821105957
-
START:  YNDX
END:    383.5769684314728
-
START:  YORW
END:    383.913649559021
-
START:  YUM
END:    384.2506606578827
-
START:  Z
END:    384.4329981803894
-
START:  ZBRA
END:    384.73449754714966
-
START:  ZEN
Not Found: No data found, symbol may be delisted
START:  ZLAB
END:    387.0282199382782
-
START:  ZNGA
Not Found: No data found, symbol may be delisted
START:  ZS
END:    388.2614781856537
-
START:  ZTS
END:    388.4962179660797
-
START:  ZYXI
END:    388.8356955051422
-
===========================
MACD golden cross
===========================
START:  code
START:  A
START:  AAON
START:  AAPL
START:  ABG
START:  ABT
START:  ACLS
START:  ACMR
START:  ACN
START:  ADBE
START:  ADI
START:  ADP
START:  ADSK
START:  ADUS
START:  AEE
START:  AGYS
START:  AIZ
START:  AJG
START:  AJRD
START:  ALB
START:  ALG
START:  ALGN
START:  ALLE
START:  ALTR
START:  AMAT
START:  AMBA
START:  AMD
START:  AME
START:  AMED
START:  AMEH
START:  AMGN
START:  AMN
START:  AMP
START:  AMRC
START:  AMSWA
START:  AMTX
START:  AMZN
START:  AN
START:  ANSS
START:  ANTM
START:  AON
START:  AOSL
START:  APD
START:  APH
START:  APPF
START:  APPN
START:  APPS
START:  AQN
START:  ARCB
START:  ARCT
START:  ARES
START:  ARGX
START:  ARWR
START:  ASML
START:  ASPN
START:  ATEC
START:  ATEN
START:  ATKR
START:  ATOM
START:  ATR
START:  ATRC
START:  AUDC
START:  AUPH
START:  AVAV
START:  AVGO
START:  AVID
START:  AVNW
START:  AVXL
START:  AVY
START:  AWK
START:  AWR
START:  AXON
START:  AZO
START:  AZPN
START:  BAH
START:  BAM
START:  BAX
START:  BBH
START:  BBQ
START:  BBY
START:  BCPC
START:  BDX
START:  BEEM
START:  BFAM
START:  BFC
START:  BGFV
START:  BGNE
START:  BHVN
START:  BIO
START:  BL
START:  BLD
START:  BLDP
START:  BLDR
START:  BLFS
START:  BLK
START:  BLL
START:  BLNK
START:  BMI
START:  BOOT
START:  BOTZ
START:  BR
START:  BRKR
START:  BRKS
START:  BRO
START:  BURL
START:  BX
START:  CABO
START:  CACI
START:  CALX
START:  CAMT
START:  CAR
START:  CBRE
START:  CBSH
START:  CBZ
START:  CCOI
START:  CCS
START:  CDMO
START:  CDNA
START:  CDNS
START:  CDW
START:  CELH
START:  CGNX
START:  CHD
START:  CHDN
START:  CHE
START:  CHGG
START:  CHH
START:  CHKP
START:  CHTR
START:  CIEN
START:  CLAR
START:  CLFD
START:  CLGN
START:  CLNE
START:  CLPT
START:  CLX
START:  CMCSA
START:  CMG
START:  CMS
START:  CNC
START:  CNI
START:  CNMD
START:  CNS
START:  CNXN
START:  COO
START:  COST
START:  COUP
START:  COWN
START:  CP
START:  CPK
START:  CPRT
START:  CPSH
START:  CRAI
START:  CREE
START:  CRL
START:  CRM
START:  CRMT
START:  CROX
START:  CRSP
START:  CRVL
START:  CSGP
START:  CSL
START:  CSWI
START:  CSX
START:  CTAS
START:  CTLT
START:  CTRN
START:  CURE
START:  CVCO
START:  CVNA
START:  CWST
START:  CWT
START:  CXSE
START:  CYBR
START:  CYRX
START:  CYTK
START:  DAC
START:  DAR
START:  DAVA
START:  DDS
START:  DE
START:  DECK
START:  DELL
START:  DFIN
START:  DG
START:  DGRW
START:  DHI
START:  DHR
START:  DIA
START:  DIOD
START:  DIS
START:  DKS
START:  DLN
START:  DNLI
START:  DOMO
START:  DOV
START:  DPZ
START:  DQ
START:  DRD
START:  DRIO
START:  DRNA
START:  DSGX
START:  DVAX
START:  DXCM
START:  ECL
START:  EFX
START:  EGAN
START:  EHC
START:  EL
START:  ENPH
START:  ENSG
START:  ENTG
START:  ENV
START:  EPAM
START:  ERIE
START:  ES
START:  ESE
START:  ETN
START:  ETSY
START:  EVBG
START:  EVTC
START:  EW
START:  EWT
START:  EXAS
START:  EXLS
START:  EXPD
START:  EXPI
START:  EXPO
START:  FAST
START:  FATE
START:  FB
START:  FCN
START:  FCX
START:  FDN
START:  FDS
START:  FELE
START:  FFIN
START:  FICO
START:  FINX
START:  FIS
START:  FISV
START:  FIVE
START:  FIVN
START:  FLGT
START:  FLT
START:  FLWS
START:  FN
START:  FND
START:  FNV
START:  FORM
START:  FOXF
START:  FPX
START:  FRC
START:  FRHC
START:  FRPT
START:  FSS
START:  FTNT
START:  FUV
START:  GDEN
START:  GFI
START:  GGG
START:  GIB
START:  GLDD
START:  GLOB
START:  GMAB
START:  GME
START:  GMED
START:  GNRC
START:  GNSS
START:  GNTX
START:  GOLF
START:  GOOG
START:  GOOGL
START:  GPI
START:  GPN
START:  GRBK
START:  GRMN
START:  GRVY
START:  GRWG
START:  GWRE
START:  HACK
START:  HALO
START:  HCI
START:  HD
START:  HEI
START:  HELE
START:  HIBB
START:  HLI
START:  HLT
START:  HOLX
START:  HON
START:  HOV
START:  HRC
START:  HRI
START:  HSKA
START:  HTHT
START:  HUBS
START:  HUM
START:  HZNP
START:  IAC
START:  IBP
START:  ICE
START:  ICLN
START:  ICLR
START:  IDT
START:  IDXX
START:  IESC
START:  IEX
START:  ILMN
START:  INFO
START:  INOV
START:  INSP
START:  INTC
START:  INTU
START:  INTZ
START:  INVE
START:  IOO
START:  IQV
START:  IRDM
START:  IRMD
START:  ISEE
START:  ISRG
START:  IT
START:  ITT
START:  ITW
START:  IVOG
START:  IVV
START:  IXJ
START:  IXN
START:  J
START:  JBL
START:  JBSS
START:  JD
START:  JKHY
START:  JKS
START:  JNJ
START:  JOE
START:  JOUT
START:  JYNT
START:  KAI
START:  KBH
START:  KBR
START:  KDMN
START:  KEYS
START:  KLAC
START:  KLIC
START:  KMX
START:  KNSL
START:  KOPN
START:  KOSS
START:  KRNT
START:  KSU
START:  KTOS
START:  LAC
START:  LAD
START:  LANC
START:  LAWS
START:  LDOS
START:  LFMD
START:  LGIH
START:  LH
START:  LHCG
START:  LHX
START:  LII
START:  LIN
START:  LINC
START:  LIT
START:  LLY
START:  LMT
START:  LNT
START:  LOB
START:  LOGI
START:  LOVE
START:  LOW
START:  LPLA
START:  LPSN
START:  LQDT
START:  LRCX
START:  LSCC
START:  LSTR
START:  LULU
START:  LUNA
START:  MA
START:  MANH
START:  MANT
START:  MARA
START:  MASI
START:  MATX
START:  MBUU
START:  MCD
START:  MCHP
START:  MCO
START:  MDB
START:  MDT
START:  MEDP
START:  MEDS
START:  MELI
START:  MGC
START:  MGIC
START:  MGK
START:  MGNI
START:  MHO
START:  MIME
START:  MITK
START:  MKC
START:  MKSI
START:  MKTX
START:  MLAB
START:  MLR
START:  MMC
START:  MMS
START:  MNMD
START:  MNST
START:  MODN
START:  MODV
START:  MOH
START:  MORN
START:  MPWR
START:  MRTX
START:  MRVL
START:  MS
START:  MSA
START:  MSCI
START:  MSEX
START:  MSFT
START:  MSI
START:  MSTR
START:  MTBC
START:  MTCH
START:  MTD
START:  MTEX
START:  MTH
START:  MTLS
START:  MTSI
START:  MU
START:  MUSA
START:  MVIS
START:  MXL
START:  MYRG
START:  NBIX
START:  NCBS
START:  NDAQ
START:  NDSN
START:  NEE
START:  NEO
START:  NEOG
START:  NFLX
START:  NICE
START:  NISN
START:  NKE
START:  NOVT
START:  NOW
START:  NSC
START:  NSIT
START:  NSSC
START:  NSTG
START:  NTLA
START:  NTRA
START:  NUAN
START:  NVCR
START:  NVDA
START:  NVMI
START:  NVO
START:  NVR
START:  NXST
START:  NYT
START:  OBCI
START:  ODFL
START:  OEF
START:  OFLX
START:  OLED
START:  OMCL
START:  ON
START:  OOMA
START:  OPRX
START:  ORA
START:  ORCL
START:  ORLY
START:  ORMP
START:  OTEX
START:  PACB
START:  PAG
START:  PANW
START:  PAR
START:  PAYC
START:  PAYX
START:  PBD
START:  PCTY
START:  PEGA
START:  PEN
START:  PENN
START:  PEP
START:  PERI
START:  PFSI
START:  PGR
START:  PH
START:  PHM
START:  PKI
START:  PLL
START:  PLNT
START:  PLUG
START:  PLXS
START:  PODD
START:  POOL
START:  POWI
START:  PRFT
START:  PRI
START:  PRTA
START:  PRTS
START:  PTSI
START:  PWR
START:  PYPL
START:  QADA
START:  QCLN
START:  QDEL
START:  QGEN
START:  QLYS
START:  QQQ
START:  QRVO
START:  QTWO
START:  RADA
START:  RAMP
START:  RBA
START:  RCII
START:  RCKY
START:  RDNT
START:  RDVT
START:  RDWR
START:  REGI
START:  RENN
START:  RGEN
START:  RH
START:  RILY
START:  RIOT
START:  RLI
START:  RLMD
START:  RMD
START:  RNG
START:  ROBO
START:  ROCK
START:  ROK
START:  ROKU
START:  ROL
START:  ROP
START:  ROST
START:  RPD
START:  RPM
START:  RSG
START:  RTH
START:  RUN
START:  RXI
START:  SAIA
START:  SAIC
START:  SAM
START:  SAVA
START:  SCI
START:  SCL
START:  SE
START:  SEAS
START:  SEDG
START:  SFBS
START:  SGEN
START:  SGMS
START:  SGRY
START:  SHOP
START:  SHW
START:  SHYF
START:  SITE
START:  SIVB
START:  SJW
START:  SKY
START:  SLAB
START:  SLP
START:  SMH
START:  SMTC
START:  SNAP
START:  SNPS
START:  SOCL
START:  SOXL
START:  SPGI
START:  SPLG
START:  SPLK
START:  SPNS
START:  SPSC
START:  SPTM
START:  SPWH
START:  SPWR
START:  SPXC
START:  SPXL
START:  SPY
START:  SPYG
START:  SQ
START:  SSD
START:  SSNC
START:  SSTK
START:  STAA
START:  STE
START:  SUSA
START:  SYK
START:  SYNA
START:  TBBK
START:  TBK
START:  TDG
START:  TDOC
START:  TDY
START:  TEAM
START:  TECH
START:  TECL
START:  TER
START:  TFX
START:  TGH
START:  TGLS
START:  TGT
START:  TGTX
START:  THC
START:  TJX
START:  TMO
START:  TMUS
START:  TNDM
START:  TNET
START:  TPX
START:  TREX
START:  TRI
START:  TRIL
START:  TRMB
START:  TRNS
START:  TROW
START:  TRU
START:  TRUP
START:  TSCO
START:  TSLA
START:  TSM
START:  TT
START:  TTC
START:  TTD
START:  TTEC
START:  TTEK
START:  TTGT
START:  TTWO
START:  TWLO
START:  TXN
START:  TYL
START:  UCTT
START:  UFPI
START:  UFPT
START:  UI
START:  UMC
START:  UNF
START:  UNH
START:  UNP
START:  UPLD
START:  URI
START:  V
START:  VALU
START:  VBK
START:  VCEL
START:  VCR
START:  VCTR
START:  VCYT
START:  VDC
START:  VEEV
START:  VERU
START:  VGT
START:  VHT
START:  VIAV
START:  VICR
START:  VIG
START:  VO
START:  VONE
START:  VONG
START:  VOO
START:  VOOG
START:  VOOV
START:  VOT
START:  VPU
START:  VRNS
START:  VRSK
START:  VRSN
START:  VRTV
START:  VSTO
START:  VTHR
START:  VTI
START:  VTNR
START:  VTWG
START:  VUG
START:  VV
START:  VXF
START:  WCN
START:  WD
START:  WDAY
START:  WDFC
START:  WEC
START:  WEN
START:  WINA
START:  WING
START:  WIRE
START:  WIX
START:  WK
START:  WLTW
START:  WM
START:  WMS
START:  WNS
START:  WRB
START:  WSC
START:  WSM
START:  WST
START:  WTRG
START:  WTS
START:  XEL
START:  XENE
START:  XLK
START:  XLNX
START:  XLP
START:  XLRN
START:  XLU
START:  XLV
START:  XLY
START:  XYL
START:  YNDX
START:  YORW
START:  YUM
START:  Z
START:  ZBRA
START:  ZEN
START:  ZLAB
START:  ZNGA
START:  ZS
START:  ZTS
START:  ZYXI
==== MACD golden cross ====
None
code: AJRD     day: macd + hist + hist_1pre + ,  Week: macd + hist + hist_1pre - , Month: macd + hist + hist_1pre + , 
Trade --> code: AJRD   BUY: 2005-11-30   18.26 SELL: 2006-11-30   13.81  macd:   -0.11 macd_count:  12 profit:  0.76
Trade --> code: AJRD   BUY: 2012-03-31    7.10 SELL: 2022-02-28   38.75  macd:   -0.01 macd_count: 119 profit:  5.46
Trade --> code: AJRD   BUY: 2022-10-31   48.45 SELL: 2023-07-31   55.93  macd:    3.21 macd_count:  10 profit:  1.15

code: ALG      day: macd + hist + hist_1pre + ,  Week: macd + hist + hist_1pre - , Month: macd + hist + hist_1pre + , 
Trade --> code: ALG    BUY: 2005-11-30   21.10 SELL: 2008-01-31   18.84  macd:   -0.22 macd_count:  26 profit:  0.89
Trade --> code: ALG    BUY: 2010-04-30   23.56 SELL: 2022-09-30  122.27  macd:   -0.16 macd_count: 149 profit:  5.19
Trade --> code: ALG    BUY: 2022-10-31  152.08 SELL: 2023-07-31  191.20  macd:   12.27 macd_count:  10 profit:  1.26

code: ANSS     day: macd + hist + hist_1pre + ,  Week: macd + hist + hist_1pre - , Month: macd + hist + hist_1pre + , 
Trade --> code: ANSS   BUY: 2005-11-30   21.01 SELL: 2009-02-28   20.17  macd:   -0.32 macd_count:  39 profit:  0.96
Trade --> code: ANSS   BUY: 2009-09-30   37.42 SELL: 2022-06-30  239.29  macd:   -0.71 macd_count: 153 profit:  6.39
Trade --> code: ANSS   BUY: 2023-06-30  330.27 SELL: 2023-07-31  344.25  macd:    5.24 macd_count:   2 profit:  1.04

code: ARCT     day: macd + hist + hist_1pre + ,  Week: macd + hist + hist_1pre - , Month: macd - hist + hist_1pre + , 
Trade --> code: ARCT   BUY: 2020-03-31   13.59 SELL: 2022-03-31   26.96  macd:   -0.27 macd_count:  24 profit:  1.98

code: ASML     day: macd + hist + hist_1pre + ,  Week: macd + hist + hist_1pre - , Month: macd + hist + hist_1pre + , 
Trade --> code: ASML   BUY: 2005-12-31   22.59 SELL: 2008-08-31   23.65  macd:   -0.22 macd_count:  32 profit:  1.05
Trade --> code: ASML   BUY: 2009-10-31   26.94 SELL: 2023-07-31  754.02  macd:   38.43 macd_count: 166 profit: 27.99

code: ATOM     day: macd + hist + hist_1pre + ,  Week: macd + hist + hist_1pre - , Month: macd - hist + hist_1pre - , 
Trade --> code: ATOM   BUY: 2020-05-31    8.68 SELL: 2022-07-31   11.68  macd:   -0.19 macd_count:  26 profit:  1.35

code: AUPH     day: macd + hist + hist_1pre + ,  Week: macd + hist + hist_1pre - , Month: macd - hist + hist_1pre + , 
Trade --> code: AUPH   BUY: 2017-03-31    7.34 SELL: 2022-06-30   10.05  macd:   -0.24 macd_count:  63 profit:  1.37

code: AZO      day: macd + hist + hist_1pre + ,  Week: macd + hist + hist_1pre - , Month: macd + hist - hist_1pre - , 
Trade --> code: AZO    BUY: 2006-01-31   97.75 SELL: 2017-06-30  570.46  macd:   -2.90 macd_count: 137 profit:  5.84
Trade --> code: AZO    BUY: 2018-08-31  766.88 SELL: 2023-07-31 2556.59  macd:  225.57 macd_count:  60 profit:  3.33

code: BAM      day: macd + hist + hist_1pre - ,  Week: macd + hist + hist_1pre - , Month: macd + hist + hist_1pre + , 

code: BOTZ     day: macd + hist + hist_1pre + ,  Week: macd + hist + hist_1pre - , Month: macd - hist + hist_1pre + , 
Trade --> code: BOTZ   BUY: 2019-01-31   18.46 SELL: 2022-06-30   20.32  macd:   -0.48 macd_count:  41 profit:  1.10

code: CDNS     day: macd + hist + hist_1pre + ,  Week: macd + hist + hist_1pre - , Month: macd + hist + hist_1pre + , 
Trade --> code: CDNS   BUY: 2005-11-30   17.12 SELL: 2008-01-31   10.15  macd:   -0.16 macd_count:  26 profit:  0.59
Trade --> code: CDNS   BUY: 2011-02-28    9.95 SELL: 2023-07-31  240.74  macd:   22.39 macd_count: 150 profit: 24.19

code: COO      day: macd + hist + hist_1pre + ,  Week: macd + hist + hist_1pre - , Month: macd + hist + hist_1pre + , 
Trade --> code: COO    BUY: 2005-11-30   54.80 SELL: 2006-06-30   44.29  macd:   -0.91 macd_count:   7 profit:  0.81
Trade --> code: COO    BUY: 2010-03-31   38.88 SELL: 2022-08-31  287.44  macd:   -3.14 macd_count: 149 profit:  7.39
Trade --> code: COO    BUY: 2023-06-30  383.43 SELL: 2023-07-31  397.36  macd:    5.38 macd_count:   2 profit:  1.04

code: CP       day: macd + hist + hist_1pre - ,  Week: macd + hist + hist_1pre - , Month: macd + hist - hist_1pre - , 
Trade --> code: CP     BUY: 2005-11-30    8.63 SELL: 2008-11-30    6.44  macd:   -0.32 macd_count:  36 profit:  0.75
Trade --> code: CP     BUY: 2010-04-30   11.77 SELL: 2015-12-31   25.52  macd:   -0.29 macd_count:  68 profit:  2.17
Trade --> code: CP     BUY: 2017-05-31   31.65 SELL: 2023-07-31   80.58  macd:    2.98 macd_count:  75 profit:  2.55

code: CPRT     day: macd + hist + hist_1pre - ,  Week: macd + hist + hist_1pre - , Month: macd + hist + hist_1pre + , 
Trade --> code: CPRT   BUY: 2005-11-30    3.15 SELL: 2009-01-31    3.01  macd:   -0.01 macd_count:  38 profit:  0.96
Trade --> code: CPRT   BUY: 2009-12-31    4.58 SELL: 2023-07-31   93.64  macd:    7.02 macd_count: 164 profit: 20.46

code: CRM      day: macd + hist + hist_1pre + ,  Week: macd + hist + hist_1pre - , Month: macd + hist + hist_1pre + , 
Trade --> code: CRM    BUY: 2006-10-31    9.76 SELL: 2009-01-31    6.65  macd:   -0.36 macd_count:  27 profit:  0.68
Trade --> code: CRM    BUY: 2009-09-30   14.23 SELL: 2022-06-30  165.04  macd:   -3.15 macd_count: 153 profit: 11.60
Trade --> code: CRM    BUY: 2023-07-31  229.33 SELL: 2023-07-31  229.33  macd:    0.28 macd_count:   1 profit:  1.00

code: CROX     day: macd + hist + hist_1pre + ,  Week: macd + hist + hist_1pre - , Month: macd + hist + hist_1pre + , 
Trade --> code: CROX   BUY: 2008-06-30    8.01 SELL: 2008-08-31    4.15  macd:   -1.32 macd_count:   2 profit:  0.52
Trade --> code: CROX   BUY: 2010-09-30   13.00 SELL: 2012-10-31   12.60  macd:   -0.06 macd_count:  25 profit:  0.97
Trade --> code: CROX   BUY: 2018-01-31   13.51 SELL: 2022-09-30   68.66  macd:   -0.30 macd_count:  56 profit:  5.08
Trade --> code: CROX   BUY: 2022-11-30  101.00 SELL: 2023-07-31  124.04  macd:    9.54 macd_count:   9 profit:  1.23

code: CTAS     day: macd + hist + hist_1pre - ,  Week: macd + hist + hist_1pre - , Month: macd + hist + hist_1pre + , 
Trade --> code: CTAS   BUY: 2011-03-31   30.28 SELL: 2023-07-31  496.36  macd:   30.62 macd_count: 149 profit: 16.39

code: CVCO     day: macd + hist + hist_1pre + ,  Week: macd + hist + hist_1pre - , Month: macd + hist + hist_1pre + , 
Trade --> code: CVCO   BUY: 2005-11-30   39.26 SELL: 2008-11-30   30.26  macd:   -0.23 macd_count:  36 profit:  0.77
Trade --> code: CVCO   BUY: 2009-12-31   35.92 SELL: 2023-07-31  298.73  macd:   16.29 macd_count: 164 profit:  8.32

code: DFIN     day: macd + hist + hist_1pre + ,  Week: macd + hist + hist_1pre - , Month: macd + hist + hist_1pre + , 
Trade --> code: DFIN   BUY: 2021-01-31   17.89 SELL: 2023-07-31   47.51  macd:    4.20 macd_count:  31 profit:  2.66

code: DIOD     day: macd + hist + hist_1pre + ,  Week: macd + hist + hist_1pre - , Month: macd + hist + hist_1pre + , 
Trade --> code: DIOD   BUY: 2005-11-30   17.94 SELL: 2008-10-31    9.88  macd:   -1.09 macd_count:  35 profit:  0.55
Trade --> code: DIOD   BUY: 2010-04-30   21.47 SELL: 2010-06-30   15.87  macd:   -0.04 macd_count:   2 profit:  0.74
Trade --> code: DIOD   BUY: 2010-11-30   24.70 SELL: 2012-06-30   18.77  macd:   -0.19 macd_count:  19 profit:  0.76
Trade --> code: DIOD   BUY: 2013-06-30   25.97 SELL: 2015-08-31   19.69  macd:   -0.03 macd_count:  26 profit:  0.76
Trade --> code: DIOD   BUY: 2017-02-28   23.87 SELL: 2023-07-31   93.66  macd:    4.11 macd_count:  78 profit:  3.92

code: DSGX     day: macd + hist + hist_1pre + ,  Week: macd + hist + hist_1pre - , Month: macd + hist + hist_1pre + , 
Trade --> code: DSGX   BUY: 2006-01-31    3.39 SELL: 2008-08-31    3.36  macd:   -0.01 macd_count:  31 profit:  0.99
Trade --> code: DSGX   BUY: 2009-08-31    4.46 SELL: 2023-07-31   79.51  macd:    3.89 macd_count: 168 profit: 17.83

code: EWT      day: macd + hist + hist_1pre + ,  Week: macd + hist + hist_1pre - , Month: macd - hist + hist_1pre - , 
Trade --> code: EWT    BUY: 2005-11-30   23.74 SELL: 2008-09-30   21.60  macd:   -0.30 macd_count:  34 profit:  0.91
Trade --> code: EWT    BUY: 2010-04-30   25.42 SELL: 2010-05-31   22.72  macd:   -0.03 macd_count:   1 profit:  0.89
Trade --> code: EWT    BUY: 2010-07-31   24.82 SELL: 2012-01-31   25.50  macd:   -0.00 macd_count:  18 profit:  1.03
Trade --> code: EWT    BUY: 2012-02-29   27.22 SELL: 2012-04-30   25.62  macd:   -0.03 macd_count:   2 profit:  0.94
Trade --> code: EWT    BUY: 2013-01-31   26.80 SELL: 2015-10-31   27.80  macd:   -0.07 macd_count:  33 profit:  1.04
Trade --> code: EWT    BUY: 2016-09-30   31.40 SELL: 2022-10-31   41.66  macd:   -0.88 macd_count:  73 profit:  1.33

code: FLGT     day: macd + hist + hist_1pre + ,  Week: macd + hist + hist_1pre - , Month: macd - hist - hist_1pre - , 
Trade --> code: FLGT   BUY: 2019-08-31   11.41 SELL: 2022-09-30   38.12  macd:   -0.47 macd_count:  37 profit:  3.34

code: FRPT     day: macd + hist + hist_1pre + ,  Week: macd + hist + hist_1pre - , Month: macd - hist + hist_1pre + , 
Trade --> code: FRPT   BUY: 2017-09-30   15.65 SELL: 2022-05-31   71.97  macd:   -1.35 macd_count:  56 profit:  4.60

code: GWRE     day: macd + hist + hist_1pre + ,  Week: macd + hist + hist_1pre - , Month: macd - hist + hist_1pre + , 
Trade --> code: GWRE   BUY: 2014-05-31   37.77 SELL: 2022-03-31   94.62  macd:   -0.41 macd_count:  94 profit:  2.51

code: HOV      day: macd + hist + hist_1pre + ,  Week: macd + hist + hist_1pre - , Month: macd + hist + hist_1pre + , 
Trade --> code: HOV    BUY: 2005-11-30 1246.00 SELL: 2006-06-30  752.00  macd:  -23.36 macd_count:   7 profit:  0.60
Trade --> code: HOV    BUY: 2012-12-31  175.00 SELL: 2014-09-30   91.75  macd:   -0.84 macd_count:  21 profit:  0.52
Trade --> code: HOV    BUY: 2017-12-31   83.75 SELL: 2018-02-28   54.50  macd:   -0.38 macd_count:   2 profit:  0.65
Trade --> code: HOV    BUY: 2020-11-30   39.93 SELL: 2022-08-31   40.09  macd:   -1.84 macd_count:  21 profit:  1.00
Trade --> code: HOV    BUY: 2023-05-31   83.96 SELL: 2023-07-31  109.19  macd:    5.94 macd_count:   3 profit:  1.30

code: HUBS     day: macd + hist + hist_1pre + ,  Week: macd + hist + hist_1pre - , Month: macd + hist + hist_1pre + , 
Trade --> code: HUBS   BUY: 2017-02-28   59.50 SELL: 2022-08-31  337.04  macd:   -1.56 macd_count:  66 profit:  5.66
Trade --> code: HUBS   BUY: 2023-06-30  532.09 SELL: 2023-07-31  555.36  macd:   17.43 macd_count:   2 profit:  1.04

code: IOO      day: macd + hist + hist_1pre + ,  Week: macd + hist + hist_1pre - , Month: macd + hist + hist_1pre + , 
Trade --> code: IOO    BUY: 2005-11-30   31.67 SELL: 2008-09-30   31.06  macd:   -0.40 macd_count:  34 profit:  0.98
Trade --> code: IOO    BUY: 2011-01-31   32.19 SELL: 2011-12-31   28.97  macd:   -0.03 macd_count:  11 profit:  0.90
Trade --> code: IOO    BUY: 2012-02-29   31.42 SELL: 2012-06-30   29.45  macd:   -0.02 macd_count:   4 profit:  0.94
Trade --> code: IOO    BUY: 2012-09-30   31.20 SELL: 2016-01-31   34.46  macd:   -0.13 macd_count:  40 profit:  1.10
Trade --> code: IOO    BUY: 2016-11-30   37.43 SELL: 2023-07-31   76.76  macd:    2.06 macd_count:  81 profit:  2.05

code: KBH      day: macd + hist + hist_1pre - ,  Week: macd + hist + hist_1pre - , Month: macd + hist + hist_1pre + , 
Trade --> code: KBH    BUY: 2005-11-30   69.77 SELL: 2006-10-31   44.94  macd:   -0.47 macd_count:  11 profit:  0.64
Trade --> code: KBH    BUY: 2012-11-30   14.36 SELL: 2015-01-31   12.46  macd:   -0.10 macd_count:  26 profit:  0.87
Trade --> code: KBH    BUY: 2016-11-30   15.84 SELL: 2022-06-30   28.46  macd:   -0.24 macd_count:  67 profit:  1.80
Trade --> code: KBH    BUY: 2023-04-30   43.82 SELL: 2023-07-31   54.54  macd:    2.90 macd_count:   4 profit:  1.24

code: LGIH     day: macd + hist + hist_1pre - ,  Week: macd + hist + hist_1pre - , Month: macd + hist + hist_1pre + , 
Trade --> code: LGIH   BUY: 2016-03-31   24.21 SELL: 2022-06-30   86.90  macd:   -0.29 macd_count:  75 profit:  3.59
Trade --> code: LGIH   BUY: 2023-06-30  134.89 SELL: 2023-07-31  137.78  macd:    2.57 macd_count:   2 profit:  1.02

code: MDT      day: macd + hist + hist_1pre + ,  Week: macd + hist + hist_1pre - , Month: macd - hist + hist_1pre + , 
Trade --> code: MDT    BUY: 2005-11-30   55.57 SELL: 2006-08-31   46.90  macd:   -0.23 macd_count:   9 profit:  0.84
Trade --> code: MDT    BUY: 2007-01-31   53.45 SELL: 2007-02-28   50.36  macd:   -0.02 macd_count:   1 profit:  0.94
Trade --> code: MDT    BUY: 2007-04-30   52.93 SELL: 2007-12-31   50.27  macd:   -0.03 macd_count:   8 profit:  0.95
Trade --> code: MDT    BUY: 2008-08-31   54.60 SELL: 2008-10-31   40.33  macd:   -0.71 macd_count:   2 profit:  0.74
Trade --> code: MDT    BUY: 2012-08-31   40.66 SELL: 2022-05-31  100.15  macd:   -0.38 macd_count: 117 profit:  2.46

code: MMS      day: macd + hist + hist_1pre + ,  Week: macd + hist + hist_1pre - , Month: macd + hist + hist_1pre + , 
Trade --> code: MMS    BUY: 2006-01-31    9.78 SELL: 2006-05-31    7.95  macd:   -0.01 macd_count:   4 profit:  0.81
Trade --> code: MMS    BUY: 2007-05-31   10.81 SELL: 2008-11-30    7.85  macd:   -0.09 macd_count:  18 profit:  0.73
Trade --> code: MMS    BUY: 2009-03-31    9.97 SELL: 2022-05-31   64.89  macd:   -0.43 macd_count: 158 profit:  6.51
Trade --> code: MMS    BUY: 2023-04-30   83.65 SELL: 2023-07-31   86.72  macd:    2.05 macd_count:   4 profit:  1.04

code: MYRG     day: macd + hist + hist_1pre + ,  Week: macd + hist + hist_1pre - , Month: macd + hist + hist_1pre + , 
Trade --> code: MYRG   BUY: 2010-12-31   21.00 SELL: 2012-05-31   15.21  macd:   -0.12 macd_count:  17 profit:  0.72
Trade --> code: MYRG   BUY: 2012-10-31   21.16 SELL: 2015-12-31   20.61  macd:   -0.04 macd_count:  38 profit:  0.97
Trade --> code: MYRG   BUY: 2016-08-31   29.00 SELL: 2020-01-31   28.72  macd:   -0.14 macd_count:  41 profit:  0.99
Trade --> code: MYRG   BUY: 2020-08-31   38.81 SELL: 2023-07-31  144.55  macd:   14.36 macd_count:  36 profit:  3.72

code: NTLA     day: macd + hist + hist_1pre + ,  Week: macd + hist + hist_1pre - , Month: macd - hist - hist_1pre - , 
Trade --> code: NTLA   BUY: 2018-09-30   28.62 SELL: 2019-02-28   15.23  macd:   -0.29 macd_count:   5 profit:  0.53
Trade --> code: NTLA   BUY: 2020-09-30   19.88 SELL: 2022-09-30   55.96  macd:   -0.17 macd_count:  24 profit:  2.81

code: NUAN     day: macd + hist + hist_1pre + ,  Week: macd + hist + hist_1pre - , Month: macd + hist - hist_1pre - , 
Trade --> code: NUAN   BUY: 2005-11-30    5.38 SELL: 2008-11-30    7.94  macd:   -0.14 macd_count:  36 profit:  1.48
Trade --> code: NUAN   BUY: 2009-12-31   13.44 SELL: 2013-05-31   16.44  macd:   -0.10 macd_count:  41 profit:  1.22
Trade --> code: NUAN   BUY: 2015-11-30   18.11 SELL: 2016-07-31   13.90  macd:   -0.05 macd_count:   8 profit:  0.77
Trade --> code: NUAN   BUY: 2017-05-31   16.01 SELL: 2017-09-30   13.60  macd:   -0.04 macd_count:   4 profit:  0.85
Trade --> code: NUAN   BUY: 2019-04-30   14.56 SELL: 2022-03-31   55.99  macd:    7.14 macd_count:  36 profit:  3.85

code: ORLY     day: macd + hist + hist_1pre + ,  Week: macd + hist + hist_1pre - , Month: macd + hist + hist_1pre + , 
Trade --> code: ORLY   BUY: 2005-11-30   30.45 SELL: 2008-03-31   28.52  macd:   -0.05 macd_count:  28 profit:  0.94
Trade --> code: ORLY   BUY: 2009-03-31   35.01 SELL: 2017-08-31  196.13  macd:   -1.41 macd_count: 101 profit:  5.60
Trade --> code: ORLY   BUY: 2018-03-31  247.38 SELL: 2023-07-31  961.41  macd:   90.21 macd_count:  65 profit:  3.89

code: PERI     day: macd + hist + hist_1pre + ,  Week: macd + hist + hist_1pre - , Month: macd + hist + hist_1pre + , 
Trade --> code: PERI   BUY: 2009-08-31   31.68 SELL: 2010-08-31   13.68  macd:   -0.10 macd_count:  12 profit:  0.43
Trade --> code: PERI   BUY: 2010-10-31   19.95 SELL: 2011-10-31   16.62  macd:   -0.11 macd_count:  12 profit:  0.83
Trade --> code: PERI   BUY: 2012-10-31   22.23 SELL: 2014-09-30   16.68  macd:   -0.51 macd_count:  23 profit:  0.75
Trade --> code: PERI   BUY: 2019-10-31    5.35 SELL: 2023-07-31   34.54  macd:    4.19 macd_count:  46 profit:  6.46

code: RCII     day: macd + hist + hist_1pre + ,  Week: macd + hist + hist_1pre - , Month: macd - hist + hist_1pre + , 
Trade --> code: RCII   BUY: 2006-10-31   28.76 SELL: 2007-07-31   19.41  macd:   -0.10 macd_count:   9 profit:  0.67
Trade --> code: RCII   BUY: 2010-03-31   23.65 SELL: 2014-01-31   24.94  macd:   -0.00 macd_count:  46 profit:  1.05
Trade --> code: RCII   BUY: 2018-12-31   16.19 SELL: 2022-05-31   27.54  macd:   -0.82 macd_count:  41 profit:  1.70

code: SHOP     day: macd + hist + hist_1pre + ,  Week: macd + hist + hist_1pre - , Month: macd - hist + hist_1pre + , 
Trade --> code: SHOP   BUY: 2017-09-30   11.65 SELL: 2022-05-31   37.51  macd:   -3.26 macd_count:  56 profit:  3.22

code: SLP      day: macd + hist + hist_1pre + ,  Week: macd + hist + hist_1pre - , Month: macd - hist + hist_1pre - , 
Trade --> code: SLP    BUY: 2006-07-31    1.32 SELL: 2008-06-30    1.70  macd:   -0.10 macd_count:  23 profit:  1.29
Trade --> code: SLP    BUY: 2010-06-30    2.42 SELL: 2022-02-28   39.39  macd:   -0.27 macd_count: 140 profit: 16.28
Trade --> code: SLP    BUY: 2022-07-31   64.15 SELL: 2022-11-30   40.59  macd:   -0.35 macd_count:   4 profit:  0.63

code: SNPS     day: macd + hist + hist_1pre + ,  Week: macd + hist + hist_1pre - , Month: macd + hist + hist_1pre + , 
Trade --> code: SNPS   BUY: 2007-01-31   26.60 SELL: 2008-08-31   21.53  macd:   -0.11 macd_count:  19 profit:  0.81
Trade --> code: SNPS   BUY: 2010-04-30   22.66 SELL: 2010-05-31   21.42  macd:   -0.01 macd_count:   1 profit:  0.95
Trade --> code: SNPS   BUY: 2010-08-31   22.86 SELL: 2023-07-31  454.11  macd:   39.02 macd_count: 156 profit: 19.86

code: TBBK     day: macd + hist + hist_1pre + ,  Week: macd + hist + hist_1pre - , Month: macd + hist + hist_1pre + , 
Trade --> code: TBBK   BUY: 2006-06-30   25.01 SELL: 2007-10-31   17.95  macd:   -0.25 macd_count:  16 profit:  0.72
Trade --> code: TBBK   BUY: 2011-02-28    8.48 SELL: 2011-12-31    7.23  macd:   -0.07 macd_count:  10 profit:  0.85
Trade --> code: TBBK   BUY: 2012-03-31   10.04 SELL: 2014-09-30    8.59  macd:   -0.20 macd_count:  30 profit:  0.86
Trade --> code: TBBK   BUY: 2017-11-30    9.67 SELL: 2020-05-31    8.80  macd:   -0.02 macd_count:  30 profit:  0.91
Trade --> code: TBBK   BUY: 2020-06-30    9.80 SELL: 2020-08-31    9.50  macd:   -0.00 macd_count:   2 profit:  0.97
Trade --> code: TBBK   BUY: 2020-11-30   11.80 SELL: 2023-07-31   35.49  macd:    3.07 macd_count:  33 profit:  3.01

code: TECH     day: macd + hist + hist_1pre + ,  Week: macd + hist + hist_1pre - , Month: macd - hist - hist_1pre - , 
Trade --> code: TECH   BUY: 2005-11-30   13.81 SELL: 2009-03-31   13.68  macd:   -0.06 macd_count:  40 profit:  0.99
Trade --> code: TECH   BUY: 2009-11-30   16.97 SELL: 2010-06-30   14.36  macd:   -0.07 macd_count:   7 profit:  0.85
Trade --> code: TECH   BUY: 2011-01-31   17.24 SELL: 2013-04-30   16.03  macd:   -0.06 macd_count:  27 profit:  0.93
Trade --> code: TECH   BUY: 2013-07-31   18.43 SELL: 2022-10-31   74.07  macd:   -0.08 macd_count: 111 profit:  4.02

code: VCTR     day: macd + hist + hist_1pre + ,  Week: macd + hist + hist_1pre - , Month: macd + hist + hist_1pre + , 
Trade --> code: VCTR   BUY: 2020-06-30   17.19 SELL: 2023-07-31   33.66  macd:    1.35 macd_count:  38 profit:  1.96

code: VCYT     day: macd + hist + hist_1pre + ,  Week: macd + hist + hist_1pre - , Month: macd - hist + hist_1pre + , 
Trade --> code: VCYT   BUY: 2018-07-31   10.83 SELL: 2022-04-30   20.47  macd:   -0.91 macd_count:  45 profit:  1.89

code: VSTO     day: macd + hist + hist_1pre + ,  Week: macd + hist + hist_1pre - , Month: macd - hist - hist_1pre - , 
Trade --> code: VSTO   BUY: 2020-09-30   20.18 SELL: 2022-12-31   24.37  macd:   -0.18 macd_count:  27 profit:  1.21

code: WCN      day: macd + hist + hist_1pre + ,  Week: macd + hist + hist_1pre - , Month: macd + hist - hist_1pre - , 
Trade --> code: WCN    BUY: 2005-11-30   10.32 SELL: 2009-03-31   11.42  macd:   -0.07 macd_count:  40 profit:  1.11
Trade --> code: WCN    BUY: 2009-12-31   14.82 SELL: 2023-07-31  141.42  macd:    5.60 macd_count: 164 profit:  9.54

code: WDFC     day: macd + hist + hist_1pre + ,  Week: macd + hist + hist_1pre - , Month: macd - hist + hist_1pre + , 
Trade --> code: WDFC   BUY: 2006-06-30   33.57 SELL: 2008-10-31   29.10  macd:   -0.06 macd_count:  28 profit:  0.87
Trade --> code: WDFC   BUY: 2010-03-31   32.83 SELL: 2022-04-30  183.98  macd:   -1.66 macd_count: 145 profit:  5.60

code: WK       day: macd + hist + hist_1pre + ,  Week: macd + hist + hist_1pre - , Month: macd + hist + hist_1pre + , 
Trade --> code: WK     BUY: 2017-04-30   16.80 SELL: 2022-09-30   77.80  macd:   -0.84 macd_count:  65 profit:  4.63
Trade --> code: WK     BUY: 2023-04-30   93.42 SELL: 2023-07-31  104.24  macd:    2.20 macd_count:   4 profit:  1.12

code: WST      day: macd + hist + hist_1pre + ,  Week: macd + hist + hist_1pre - , Month: macd + hist + hist_1pre + , 
Trade --> code: WST    BUY: 2005-11-30   12.48 SELL: 2009-01-31   16.61  macd:   -0.13 macd_count:  38 profit:  1.33
Trade --> code: WST    BUY: 2010-04-30   20.92 SELL: 2010-06-30   18.25  macd:   -0.04 macd_count:   2 profit:  0.87
Trade --> code: WST    BUY: 2011-02-28   20.56 SELL: 2022-10-31  230.10  macd:   -0.00 macd_count: 140 profit: 11.19
Trade --> code: WST    BUY: 2023-04-30  361.24 SELL: 2023-07-31  385.13  macd:   11.11 macd_count:   4 profit:  1.07

