Fri Jul 28 13:50:13 UTC 2023
arg[0]: scraping/yahoo-finace-api2.py, arg[1]: stock-code-list/buy-list.txt
===========================
scraping
===========================
START:  AAPL
END:    0.40320396423339844
-
START:  EL
END:    0.7519283294677734
-
START:  NEE
END:    1.1799209117889404
-
START:  AMD
END:    1.537552833557129
-
START:  APH
END:    1.92753005027771
-
START:  XLP
END:    2.3572499752044678
-
START:  SPXL
END:    2.661240339279175
-
START:  KEYS
END:    2.8984127044677734
-
START:  VDC
END:    3.2311370372772217
-
START:  SPTM
END:    3.5844497680664062
-
START:  SPLG
END:    3.9198720455169678
-
START:  CROX
END:    4.202553033828735
-
START:  AXON
END:    4.5133514404296875
-
START:  AWR
END:    4.8660056591033936
-
START:  FN
END:    5.159266710281372
-
START:  NXST
END:    5.503109931945801
-
START:  TREX
END:    5.889939785003662
-
START:  RGEN
END:    7.282172679901123
-
START:  EXPO
END:    7.648993015289307
-
START:  BCPC
END:    8.001054286956787
-
START:  SOXL
END:    9.284925937652588
-
START:  TECL
END:    9.599801540374756
-
START:  NEO
END:    9.91940426826477
-
START:  NVMI
END:    10.239282608032227
-
START:  NVDA
END:    10.56916880607605
-
START:  BBDC
END:    10.88714337348938
-
START:  APPS
END:    11.152916193008423
-
START:  ROK
END:    11.509111881256104
-
START:  NHTC
END:    11.932551860809326
-
START:  ZYXI
END:    12.24197006225586
-
START:  LIT
END:    12.502249002456665
-
START:  LLY
END:    13.90132999420166
-
START:  GTLB
END:    14.00926685333252
-
START:  MCD
END:    14.421981811523438
-
START:  MSI
END:    14.921698331832886
-
START:  HCP
END:    15.068934917449951
-
START:  ON
END:    16.435307025909424
-
===========================
MACD sell
===========================
START:  AAPL
START:  EL
START:  NEE
START:  AMD
START:  APH
START:  XLP
START:  SPXL
START:  KEYS
START:  VDC
START:  SPTM
START:  SPLG
START:  CROX
START:  AXON
START:  AWR
START:  FN
START:  NXST
START:  TREX
START:  RGEN
START:  EXPO
START:  BCPC
START:  SOXL
START:  TECL
START:  NEO
START:  NVMI
START:  NVDA
START:  BBDC
START:  APPS
START:  ROK
START:  NHTC
START:  ZYXI
START:  LIT
START:  LLY
START:  GTLB
START:  MCD
START:  MSI
START:  HCP
START:  ON
==== MACD list ====
code: AAPL     day: macd + hist - ,  Week: macd + hist + , Month: macd + hist + , 
code: EL       day: macd - hist - ,  Week: macd - hist - , Month: macd - hist - , 
code: NEE      day: macd + hist + ,  Week: macd - hist + , Month: macd - hist - , 
code: AMD      day: macd - hist - ,  Week: macd + hist - , Month: macd + hist + , 
code: APH      day: macd + hist + ,  Week: macd + hist + , Month: macd + hist + , 
code: XLP      day: macd + hist + ,  Week: macd + hist + , Month: macd + hist - , 
code: SPXL     day: macd + hist - ,  Week: macd + hist + , Month: macd - hist + , 
code: KEYS     day: macd + hist - ,  Week: macd + hist + , Month: macd + hist - , 
code: VDC      day: macd + hist + ,  Week: macd + hist + , Month: macd + hist - , 
code: SPTM     day: macd + hist - ,  Week: macd + hist + , Month: macd + hist + , 
code: SPLG     day: macd + hist - ,  Week: macd + hist + , Month: macd + hist + , 
code: CROX     day: macd - hist - ,  Week: macd - hist - , Month: macd + hist + , 
code: AXON     day: macd - hist - ,  Week: macd - hist - , Month: macd + hist + , 
code: AWR      day: macd + hist + ,  Week: macd - hist + , Month: macd + hist - , 
code: FN       day: macd + hist - ,  Week: macd + hist + , Month: macd + hist - , 
code: NXST     day: macd + hist + ,  Week: macd + hist + , Month: macd + hist - , 
code: TREX     day: macd + hist - ,  Week: macd + hist + , Month: macd - hist + , 
code: RGEN     day: macd + hist + ,  Week: macd - hist + , Month: macd - hist - , 
code: EXPO     day: macd - hist - ,  Week: macd - hist - , Month: macd + hist - , 
code: BCPC     day: macd - hist - ,  Week: macd + hist - , Month: macd + hist - , 
code: SOXL     day: macd + hist - ,  Week: macd + hist + , Month: macd - hist + , 
code: TECL     day: macd + hist - ,  Week: macd + hist + , Month: macd + hist + , 
code: NEO      day: macd + hist - ,  Week: macd + hist - , Month: macd - hist + , 
code: NVMI     day: macd + hist + ,  Week: macd + hist + , Month: macd + hist + , 
code: NVDA     day: macd + hist - ,  Week: macd + hist + , Month: macd + hist + , 
code: BBDC     day: macd + hist + ,  Week: macd - hist + , Month: macd - hist - , 
code: APPS     day: macd + hist + ,  Week: macd - hist + , Month: macd - hist - , 
code: ROK      day: macd + hist - ,  Week: macd + hist + , Month: macd + hist + , 
code: NHTC     day: macd + hist + ,  Week: macd + hist + , Month: macd - hist + , 
code: ZYXI     day: macd + hist + ,  Week: macd - hist + , Month: macd + hist - , 
code: LIT      day: macd + hist - ,  Week: macd + hist + , Month: macd - hist - , 
code: LLY      day: macd + hist - ,  Week: macd + hist - , Month: macd + hist + , 
code: GTLB     day: macd + hist - ,  Week: macd + hist + , Month: macd + hist + , 
code: MCD      day: macd + hist - ,  Week: macd + hist - , Month: macd + hist + , 
code: MSI      day: macd + hist - ,  Week: macd + hist + , Month: macd + hist + , 
code: HCP      day: macd + hist + ,  Week: macd - hist + , Month: macd + hist + , 
code: ON       day: macd + hist - ,  Week: macd + hist + , Month: macd + hist + , 
==== MACD sell list ====
code: AAPL     day: macd + hist - , 
code: EL       day: macd - hist - , 
code: EL       day: macd - hist - ,  Week: macd - hist - , 
code: EL       day: macd - hist - ,  Week: macd - hist - , Month: macd - hist - , 
code: NEE      day: macd + hist + ,  Week: macd - hist + , Month: macd - hist - , 
code: AMD      day: macd - hist - , 
code: AMD      day: macd - hist - ,  Week: macd + hist - , 
code: XLP      day: macd + hist + ,  Week: macd + hist + , Month: macd + hist - , 
code: SPXL     day: macd + hist - , 
code: KEYS     day: macd + hist - , 
code: KEYS     day: macd + hist - ,  Week: macd + hist + , Month: macd + hist - , 
code: VDC      day: macd + hist + ,  Week: macd + hist + , Month: macd + hist - , 
code: SPTM     day: macd + hist - , 
code: SPLG     day: macd + hist - , 
code: CROX     day: macd - hist - , 
code: CROX     day: macd - hist - ,  Week: macd - hist - , 
code: AXON     day: macd - hist - , 
code: AXON     day: macd - hist - ,  Week: macd - hist - , 
code: AWR      day: macd + hist + ,  Week: macd - hist + , Month: macd + hist - , 
code: FN       day: macd + hist - , 
code: FN       day: macd + hist - ,  Week: macd + hist + , Month: macd + hist - , 
code: NXST     day: macd + hist + ,  Week: macd + hist + , Month: macd + hist - , 
code: TREX     day: macd + hist - , 
code: RGEN     day: macd + hist + ,  Week: macd - hist + , Month: macd - hist - , 
code: EXPO     day: macd - hist - , 
code: EXPO     day: macd - hist - ,  Week: macd - hist - , 
code: EXPO     day: macd - hist - ,  Week: macd - hist - , Month: macd + hist - , 
code: BCPC     day: macd - hist - , 
code: BCPC     day: macd - hist - ,  Week: macd + hist - , 
code: BCPC     day: macd - hist - ,  Week: macd + hist - , Month: macd + hist - , 
code: SOXL     day: macd + hist - , 
code: TECL     day: macd + hist - , 
code: NEO      day: macd + hist - , 
code: NEO      day: macd + hist - ,  Week: macd + hist - , 
code: NVDA     day: macd + hist - , 
code: BBDC     day: macd + hist + ,  Week: macd - hist + , Month: macd - hist - , 
code: APPS     day: macd + hist + ,  Week: macd - hist + , Month: macd - hist - , 
code: ROK      day: macd + hist - , 
code: ZYXI     day: macd + hist + ,  Week: macd - hist + , Month: macd + hist - , 
code: LIT      day: macd + hist - , 
code: LIT      day: macd + hist - ,  Week: macd + hist + , Month: macd - hist - , 
code: LLY      day: macd + hist - , 
code: LLY      day: macd + hist - ,  Week: macd + hist - , 
code: GTLB     day: macd + hist - , 
code: MCD      day: macd + hist - , 
code: MCD      day: macd + hist - ,  Week: macd + hist - , 
code: MSI      day: macd + hist - , 
code: ON       day: macd + hist - , 
===========================
profit
===========================
==== plus ====
XLP  , macd +, macd hist +, profit:   [3.67], per:   [5.05], now:  [76.25], buy:  [72.58]
VDC  , macd +, macd hist +, profit:   [10.3], per:   [5.43], now: [199.83], buy: [189.53]
AXON , macd -, macd hist -, profit:  [47.85], per:  [34.64], now:   [186.], buy: [138.15]
FN   , macd +, macd hist -, profit:   [8.85], per:   [7.57], now: [125.71], buy: [116.86]
NXST , macd +, macd hist +, profit:  [19.96], per:  [12.29], now: [182.46], buy:  [162.5]
TREX , macd +, macd hist -, profit:   [0.25], per:   [0.36], now:  [70.25], buy:    [70.]
NVMI , macd +, macd hist +, profit:   [6.35], per:   [5.54], now:   [121.], buy: [114.65]
NVDA , macd +, macd hist -, profit: [208.99], per:  [81.74], now: [464.66], buy: [255.67]
ZYXI , macd +, macd hist +, profit:   [3.69], per:  [58.02], now:  [10.05], buy:   [6.36]
LLY  , macd +, macd hist -, profit: [183.11], per:  [67.57], now: [454.11], buy:   [271.]
MCD  , macd +, macd hist -, profit:  [43.37], per:  [17.11], now: [296.83], buy: [253.46]
MSI  , macd +, macd hist -, profit:  [41.65], per:  [16.57], now: [293.06], buy: [251.41]
ON   , macd +, macd hist -, profit:  [43.45], per:  [72.59], now: [103.31], buy:  [59.86]
-
     plus  len:  13
     profit: [621.49], per: [384.47], per/len(p):  [29.57], per/len(p+m):  [10.39]
-
==== minus ====
AAPL , macd +, macd hist -, profit:       [], per:       [], now: [195.81], buy:       []
EL   , macd -, macd hist -, profit: [-161.6], per: [-47.56], now: [178.15], buy: [339.75]
NEE  , macd +, macd hist +, profit:  [-11.3], per: [-13.24], now:  [74.03], buy:  [85.33]
AMD  , macd -, macd hist -, profit:  [-6.89], per:  [-5.73], now: [113.34], buy: [120.23]
APH  , macd +, macd hist +, profit:       [], per:       [], now:  [88.68], buy:       []
SPXL , macd +, macd hist -, profit: [-33.02], per: [-25.36], now:  [97.21], buy: [130.23]
KEYS , macd +, macd hist -, profit: [-21.08], per: [-11.33], now: [164.98], buy: [186.06]
SPTM , macd +, macd hist -, profit:  [-0.51], per:  [-0.91], now:  [56.07], buy:  [56.58]
SPLG , macd +, macd hist -, profit:  [-0.31], per:  [-0.57], now:  [53.68], buy:  [53.99]
CROX , macd -, macd hist -, profit: [-71.95], per: [-40.55], now: [105.47], buy: [177.42]
AWR  , macd +, macd hist +, profit:       [], per:       [], now:  [86.38], buy:       []
RGEN , macd +, macd hist +, profit:  [-8.65], per:  [-4.81], now: [171.01], buy: [179.66]
EXPO , macd -, macd hist -, profit:  [-9.65], per:  [-9.55], now:  [91.46], buy: [101.11]
BCPC , macd -, macd hist -, profit:  [-6.35], per:  [-4.63], now: [130.74], buy: [137.08]
SOXL , macd +, macd hist -, profit: [-14.51], per: [-34.47], now:  [27.58], buy:  [42.09]
TECL , macd +, macd hist -, profit:    [-4.], per:  [-6.59], now:  [56.74], buy:  [60.74]
NEO  , macd +, macd hist -, profit:  [-0.79], per:  [-4.43], now:  [17.05], buy:  [17.84]
BBDC , macd +, macd hist +, profit:  [-2.31], per:  [-21.8], now:   [8.29], buy:   [10.6]
APPS , macd +, macd hist +, profit: [-32.81], per: [-75.13], now:  [10.86], buy:  [43.67]
ROK  , macd +, macd hist -, profit:   [-9.1], per:  [-2.66], now:  [332.8], buy: [341.89]
NHTC , macd +, macd hist +, profit:  [-1.34], per: [-18.69], now:   [5.83], buy:   [7.17]
LIT  , macd +, macd hist -, profit: [-26.03], per: [-28.32], now:  [65.88], buy:  [91.91]
GTLB , macd +, macd hist -, profit:  [-3.69], per:  [-6.99], now:  [49.07], buy:  [52.76]
HCP  , macd +, macd hist +, profit: [-24.67], per: [-45.43], now:  [29.63], buy:   [54.3]
-
     minus len:  24
     profit:       [], per:       [], per/len(m):       [], per/len(p+m):       []
-
==== total ====
     profit:       [], per:       [], per/len(p+m):       []
arg[0]: scraping/yahoo-finace-api2.py, arg[1]: stock-code-list/up-month.txt
===========================
scraping
===========================
START:  A
END:    0.3746616840362549
-
START:  AAON
END:    0.7285428047180176
-
START:  AAPL
END:    1.1510014533996582
-
START:  ABG
END:    1.4730360507965088
-
START:  ABT
END:    1.8513422012329102
-
START:  ACLS
END:    2.18007493019104
-
START:  ACMR
END:    2.4605329036712646
-
START:  ACN
END:    2.8011372089385986
-
START:  ADBE
END:    3.159426689147949
-
START:  ADI
END:    3.5042617321014404
-
START:  ADP
END:    3.928819417953491
-
START:  ADSK
END:    4.278047561645508
-
START:  ADUS
END:    4.513538360595703
-
START:  AEE
END:    4.8518288135528564
-
START:  AGYS
END:    5.263157606124878
-
START:  AIZ
END:    5.605900287628174
-
START:  AJG
END:    5.966661691665649
-
START:  AJRD
END:    6.28996729850769
-
START:  ALB
END:    6.627681732177734
-
START:  ALG
END:    7.0100929737091064
-
START:  ALGN
END:    7.357506990432739
-
START:  ALLE
END:    7.580590486526489
-
START:  ALTR
END:    7.797603607177734
-
START:  AMAT
END:    9.240364789962769
-
START:  AMBA
END:    9.455416440963745
-
START:  AMD
END:    9.778001070022583
-
START:  AME
END:    11.177048206329346
-
START:  AMED
END:    11.50126338005066
-
START:  AMEH
END:    11.77385401725769
-
START:  AMGN
END:    12.1168212890625
-
START:  AMN
END:    12.441543817520142
-
START:  AMP
END:    12.77845025062561
-
START:  AMRC
END:    13.009625434875488
-
START:  AMSWA
END:    13.372134923934937
-
START:  AMTX
END:    13.645462274551392
-
START:  AMZN
END:    13.962753295898438
-
START:  AN
END:    14.287227392196655
-
START:  ANSS
END:    14.600815057754517
-
START:  ANTM
Not Found: No data found, symbol may be delisted
START:  AON
END:    16.168601751327515
-
START:  AOSL
END:    16.411153316497803
-
START:  APD
END:    16.791613578796387
-
START:  APH
END:    17.146329879760742
-
START:  APPF
END:    17.3453266620636
-
START:  APPN
END:    18.527277946472168
-
START:  APPS
END:    18.800212860107422
-
START:  AQN
END:    20.094884872436523
-
START:  ARCB
END:    20.467931985855103
-
START:  ARCT
END:    20.6859929561615
-
START:  ARES
END:    20.912501573562622
-
START:  ARGX
END:    21.072215795516968
-
START:  ARWR
END:    22.41579008102417
-
START:  ASML
END:    22.79333186149597
-
START:  ASPN
END:    23.000744581222534
-
START:  ATEC
END:    23.278863668441772
-
START:  ATEN
END:    23.483095407485962
-
START:  ATKR
END:    23.667003631591797
-
START:  ATOM
END:    23.844866037368774
-
START:  ATR
END:    24.673378944396973
-
START:  ATRC
END:    24.96969985961914
-
START:  AUDC
END:    25.281594276428223
-
START:  AUPH
END:    25.480235815048218
-
START:  AVAV
END:    25.743099451065063
-
START:  AVGO
END:    27.06303381919861
-
START:  AVID
END:    27.377014636993408
-
START:  AVNW
END:    27.68538999557495
-
START:  AVXL
END:    27.96798348426819
-
START:  AVY
END:    28.388723134994507
-
START:  AWK
END:    28.67601227760315
-
START:  AWR
END:    30.039348602294922
-
START:  AXON
END:    31.375966787338257
-
START:  AZO
END:    31.72011971473694
-
START:  AZPN
END:    32.052576780319214
-
START:  BAH
END:    32.315624475479126
-
START:  BAM
END:    33.427839279174805
-
START:  BAX
END:    33.83407282829285
-
START:  BBH
END:    35.23343086242676
-
START:  BBQ
END:    35.590678691864014
-
START:  BBY
END:    35.9775915145874
-
START:  BCPC
END:    36.33683896064758
-
START:  BDX
END:    36.74997138977051
-
START:  BEEM
END:    36.982319355010986
-
START:  BFAM
END:    37.19457006454468
-
START:  BFC
END:    37.515629053115845
-
START:  BGFV
END:    38.92597246170044
-
START:  BGNE
END:    40.15097713470459
-
START:  BHVN
END:    40.25649833679199
-
START:  BIO
END:    40.58637762069702
-
START:  BL
END:    41.791845083236694
-
START:  BLD
END:    41.98302340507507
-
START:  BLDP
END:    42.3161461353302
-
START:  BLDR
END:    42.62128281593323
-
START:  BLFS
END:    43.93764615058899
-
START:  BLK
END:    44.28793430328369
-
START:  BLL
Not Found: No data found, symbol may be delisted
START:  BLNK
END:    44.59978127479553
-
START:  BMI
END:    44.9791419506073
-
START:  BOOT
END:    45.21774363517761
-
START:  BOTZ
END:    45.44558095932007
-
START:  BR
END:    45.75366830825806
-
START:  BRKR
END:    47.10208749771118
-
START:  BRKS
Not Found: No data found, symbol may be delisted
START:  BRO
END:    48.5820586681366
-
START:  BURL
END:    48.868425130844116
-
START:  BX
END:    49.15992832183838
-
START:  CABO
END:    49.360419034957886
-
START:  CACI
END:    49.69002628326416
-
START:  CALX
END:    49.92483472824097
-
START:  CAMT
END:    50.2386417388916
-
START:  CAR
END:    50.592172622680664
-
START:  CBRE
END:    50.9079954624176
-
START:  CBSH
END:    51.2713942527771
-
START:  CBZ
END:    51.571579933166504
-
START:  CCOI
END:    51.903154611587524
-
START:  CCS
END:    52.12048673629761
-
START:  CDMO
END:    52.47938132286072
-
START:  CDNA
END:    52.674450159072876
-
START:  CDNS
END:    54.00469160079956
-
START:  CDW
END:    55.269036293029785
-
START:  CELH
END:    55.569923400878906
-
START:  CGNX
END:    56.97857642173767
-
START:  CHD
END:    57.33501434326172
-
START:  CHDN
END:    57.74645185470581
-
START:  CHE
END:    58.1530327796936
-
START:  CHGG
END:    58.37567186355591
-
START:  CHH
END:    58.74824810028076
-
START:  CHKP
END:    59.062676668167114
-
START:  CHTR
END:    59.32217025756836
-
START:  CIEN
END:    59.70854067802429
-
START:  CLAR
END:    60.0239360332489
-
START:  CLFD
END:    60.33661222457886
-
START:  CLGN
END:    60.51888465881348
-
START:  CLNE
END:    60.7963125705719
-
START:  CLPT
END:    61.00879120826721
-
START:  CLX
END:    62.462646484375
-
START:  CMCSA
END:    63.82352113723755
-
START:  CMG
END:    65.12154459953308
-
START:  CMS
END:    65.67949151992798
-
START:  CNC
END:    65.99581813812256
-
START:  CNI
END:    66.34609341621399
-
START:  CNMD
END:    66.68143224716187
-
START:  CNS
END:    67.00783061981201
-
START:  CNXN
END:    67.33234214782715
-
START:  COO
END:    67.71775078773499
-
START:  COST
END:    68.06364607810974
-
START:  COUP
Not Found: No data found, symbol may be delisted
START:  COWN
Not Found: No data found, symbol may be delisted
START:  CP
END:    70.65383768081665
-
START:  CPK
END:    71.24189615249634
-
START:  CPRT
END:    71.58959770202637
-
START:  CPSH
END:    72.89179921150208
-
START:  CRAI
END:    73.22536301612854
-
START:  CREE
Not Found: No data found, symbol may be delisted
START:  CRL
END:    73.61794257164001
-
START:  CRM
END:    73.91203689575195
-
START:  CRMT
END:    74.2285041809082
-
START:  CROX
END:    74.51825785636902
-
START:  CRSP
END:    74.69861888885498
-
START:  CRVL
END:    75.09833645820618
-
START:  CSGP
END:    75.43103504180908
-
START:  CSL
END:    75.79912233352661
-
START:  CSWI
END:    76.01304745674133
-
START:  CSX
END:    77.42282676696777
-
START:  CTAS
END:    77.82523655891418
-
START:  CTLT
END:    78.06747698783875
-
START:  CTRN
END:    78.37737274169922
-
START:  CURE
END:    79.71820855140686
-
START:  CVCO
END:    81.0237467288971
-
START:  CVNA
END:    81.25392413139343
-
START:  CWST
END:    82.56257224082947
-
START:  CWT
END:    82.97717571258545
-
START:  CXSE
END:    83.22126460075378
-
START:  CYBR
END:    83.53969192504883
-
START:  CYRX
END:    83.82749128341675
-
START:  CYTK
END:    84.11968564987183
-
START:  DAC
END:    84.58439898490906
-
START:  DAR
END:    84.89589071273804
-
START:  DAVA
END:    85.0565128326416
-
START:  DDS
END:    86.50835752487183
-
START:  DE
END:    86.87623381614685
-
START:  DECK
END:    87.20041990280151
-
START:  DELL
END:    87.42400407791138
-
START:  DFIN
END:    87.63910460472107
-
START:  DG
END:    87.90920042991638
-
START:  DGRW
END:    88.15373730659485
-
START:  DHI
END:    89.54620599746704
-
START:  DHR
END:    89.9318311214447
-
START:  DIA
END:    90.28895545005798
-
START:  DIOD
END:    90.63338947296143
-
START:  DIS
END:    91.00864744186401
-
START:  DKS
END:    91.3398449420929
-
START:  DLN
END:    91.67732739448547
-
START:  DNLI
END:    91.87339353561401
-
START:  DOMO
END:    93.0531713962555
-
START:  DOV
END:    93.42813634872437
-
START:  DPZ
END:    93.75748920440674
-
START:  DQ
END:    94.00575256347656
-
START:  DRD
END:    94.34539008140564
-
START:  DRIO
END:    94.53929257392883
-
START:  DRNA
Not Found: No data found, symbol may be delisted
START:  DSGX
END:    94.95156693458557
-
START:  DVAX
END:    95.23827528953552
-
START:  DXCM
END:    96.54249501228333
-
START:  ECL
END:    97.93230032920837
-
START:  EFX
END:    98.37778353691101
-
START:  EGAN
END:    98.70112323760986
-
START:  EHC
END:    99.05998826026917
-
START:  EL
END:    99.4533338546753
-
START:  ENPH
END:    100.71890902519226
-
START:  ENSG
END:    101.03703927993774
-
START:  ENTG
END:    101.37411546707153
-
START:  ENV
END:    101.6819577217102
-
START:  EPAM
END:    101.90652012825012
-
START:  ERIE
END:    103.29793882369995
-
START:  ES
END:    103.68387961387634
-
START:  ESE
END:    105.07941508293152
-
START:  ETN
END:    105.4867615699768
-
START:  ETSY
END:    105.68237090110779
-
START:  EVBG
END:    105.85880255699158
-
START:  EVTC
END:    106.10582232475281
-
START:  EW
END:    106.412362575531
-
START:  EWT
END:    107.82691431045532
-
START:  EXAS
END:    108.14797234535217
-
START:  EXLS
END:    108.42996525764465
-
START:  EXPD
END:    108.79959440231323
-
START:  EXPI
END:    108.96814918518066
-
START:  EXPO
END:    109.34921407699585
-
START:  FAST
END:    110.74576115608215
-
START:  FATE
END:    110.99771285057068
-
START:  FB
Not Found: No data found, symbol may be delisted
START:  FCN
END:    112.447833776474
-
START:  FCX
END:    112.8040063381195
-
START:  FDN
END:    113.13901233673096
-
START:  FDS
END:    114.54300951957703
-
START:  FELE
END:    114.91663694381714
-
START:  FFIN
END:    115.27502775192261
-
START:  FICO
END:    115.64017486572266
-
START:  FINX
END:    115.83064770698547
-
START:  FIS
END:    116.23664808273315
-
START:  FISV
END:    116.36632800102234
-
START:  FIVE
END:    117.5974771976471
-
START:  FIVN
END:    118.8192994594574
-
START:  FLGT
END:    118.9859185218811
-
START:  FLT
END:    119.2676477432251
-
START:  FLWS
END:    119.58980393409729
-
START:  FN
END:    119.84419012069702
-
START:  FND
END:    120.01170110702515
-
START:  FNV
END:    120.30859899520874
-
START:  FORM
END:    120.63776659965515
-
START:  FOXF
END:    120.87517714500427
-
START:  FPX
END:    122.18637657165527
-
START:  FRC
Not Found: No data found, symbol may be delisted
START:  FRHC
END:    122.43523955345154
-
START:  FRPT
END:    122.68617606163025
-
START:  FSS
END:    123.06515645980835
-
START:  FTNT
END:    124.34177756309509
-
START:  FUV
END:    125.5688910484314
-
START:  GDEN
END:    125.89233160018921
-
START:  GFI
END:    126.2963285446167
-
START:  GGG
END:    126.66076159477234
-
START:  GIB
END:    126.97210383415222
-
START:  GLDD
END:    127.257164478302
-
START:  GLOB
END:    127.4516134262085
-
START:  GMAB
END:    128.7089467048645
-
START:  GME
END:    130.02849578857422
-
START:  GMED
END:    130.25298166275024
-
START:  GNRC
END:    130.5142526626587
-
START:  GNSS
END:    130.8219757080078
-
START:  GNTX
END:    131.19526648521423
-
START:  GOLF
END:    131.37555480003357
-
START:  GOOG
END:    131.69766497612
-
START:  GOOGL
END:    132.00496244430542
-
START:  GPI
END:    133.36494994163513
-
START:  GPN
END:    133.72889184951782
-
START:  GRBK
END:    134.03753113746643
-
START:  GRMN
END:    134.3940110206604
-
START:  GRVY
END:    134.68792033195496
-
START:  GRWG
END:    134.8880045413971
-
START:  GWRE
END:    135.11498713493347
-
START:  HACK
END:    135.31375932693481
-
START:  HALO
END:    135.61998867988586
-
START:  HCI
END:    135.91764736175537
-
START:  HD
END:    136.270592212677
-
START:  HEI
END:    136.6711401939392
-
START:  HELE
END:    137.00682139396667
-
START:  HIBB
END:    137.3431122303009
-
START:  HLI
END:    137.5842616558075
-
START:  HLT
END:    137.79610776901245
-
START:  HOLX
END:    138.1132469177246
-
START:  HON
END:    138.56340622901917
-
START:  HOV
END:    138.85790157318115
-
START:  HRC
Not Found: No data found, symbol may be delisted
START:  HRI
END:    140.2895896434784
-
START:  HSKA
END:    140.6201629638672
-
START:  HTHT
END:    140.87300205230713
-
START:  HUBS
END:    141.084303855896
-
START:  HUM
END:    141.51923203468323
-
START:  HZNP
END:    142.7728705406189
-
START:  IAC
END:    143.12251806259155
-
START:  IBP
END:    143.31701231002808
-
START:  ICE
END:    143.658362865448
-
START:  ICLN
END:    144.98427891731262
-
START:  ICLR
END:    145.308673620224
-
START:  IDT
END:    145.64435291290283
-
START:  IDXX
END:    145.97927021980286
-
START:  IESC
END:    146.29804134368896
-
START:  IEX
END:    146.7171971797943
-
START:  ILMN
END:    147.03032565116882
-
START:  INFO
Not Found: No data found, symbol may be delisted
START:  INOV
Not Found: No data found, symbol may be delisted
START:  INSP
END:    148.403968334198
-
START:  INTC
END:    148.79581236839294
-
START:  INTU
END:    149.1406478881836
-
START:  INTZ
END:    149.47624945640564
-
START:  INVE
END:    149.78487610816956
-
START:  IOO
END:    150.13533806800842
-
START:  IQV
END:    150.35664987564087
-
START:  IRDM
END:    150.6196324825287
-
START:  IRMD
END:    150.83140873908997
-
START:  ISEE
END:    152.0766580104828
-
START:  ISRG
END:    152.4535210132599
-
START:  IT
END:    152.76404929161072
-
START:  ITT
END:    154.17751836776733
-
START:  ITW
END:    154.58261394500732
-
START:  IVOG
END:    154.8183867931366
-
START:  IVV
END:    155.19535398483276
-
START:  IXJ
END:    155.51258969306946
-
START:  IXN
END:    156.8784418106079
-
START:  J
END:    157.27995467185974
-
START:  JBL
END:    157.6309814453125
-
START:  JBSS
END:    158.99370193481445
-
START:  JD
END:    159.26512837409973
-
START:  JKHY
END:    159.6530876159668
-
START:  JKS
END:    159.90480017662048
-
START:  JNJ
END:    161.33600521087646
-
START:  JOE
END:    161.6896092891693
-
START:  JOUT
END:    162.02435564994812
-
START:  JYNT
END:    162.21957182884216
-
START:  KAI
END:    162.55642986297607
-
START:  KBH
END:    163.9530062675476
-
START:  KBR
END:    164.2415533065796
-
START:  KDMN
Not Found: No data found, symbol may be delisted
START:  KEYS
END:    165.53462195396423
-
START:  KLAC
END:    166.88719129562378
-
START:  KLIC
END:    167.2511682510376
-
START:  KMX
END:    167.57101726531982
-
START:  KNSL
END:    167.7664225101471
-
START:  KOPN
END:    169.08500957489014
-
START:  KOSS
END:    169.41931581497192
-
START:  KRNT
END:    169.62087631225586
-
START:  KSU
Not Found: No data found, symbol may be delisted
START:  KTOS
END:    171.04273915290833
-
START:  LAC
END:    172.3248143196106
-
START:  LAD
END:    173.67254066467285
-
START:  LANC
END:    174.10760116577148
-
START:  LAWS
Not Found: No data found, symbol may be delisted
START:  LDOS
END:    174.5535569190979
-
START:  LFMD
END:    174.88712239265442
-
START:  LGIH
END:    175.09825348854065
-
START:  LH
END:    175.45494437217712
-
START:  LHCG
Not Found: No data found, symbol may be delisted
START:  LHX
END:    175.9538984298706
-
START:  LII
END:    176.29535293579102
-
START:  LIN
END:    176.7057523727417
-
START:  LINC
END:    178.01929140090942
-
START:  LIT
END:    179.28219199180603
-
START:  LLY
END:    179.66878867149353
-
START:  LMT
END:    181.03009629249573
-
START:  LNT
END:    181.401358127594
-
START:  LOB
END:    181.59542107582092
-
START:  LOGI
END:    181.91516041755676
-
START:  LOVE
END:    183.08661246299744
-
START:  LOW
END:    183.45053482055664
-
START:  LPLA
END:    183.7244851589203
-
START:  LPSN
END:    185.07075929641724
-
START:  LQDT
END:    185.41491174697876
-
START:  LRCX
END:    185.7930657863617
-
START:  LSCC
END:    186.09430742263794
-
START:  LSTR
END:    186.4632110595703
-
START:  LULU
END:    186.7466721534729
-
START:  LUNA
END:    188.04563879966736
-
START:  MA
END:    188.35460543632507
-
START:  MANH
END:    188.67791724205017
-
START:  MANT
Not Found: No data found, symbol may be delisted
START:  MARA
END:    188.98710370063782
-
START:  MASI
END:    190.28892016410828
-
START:  MATX
END:    190.68625664710999
-
START:  MBUU
END:    191.91508316993713
-
START:  MCD
END:    192.30156993865967
-
START:  MCHP
END:    192.6363389492035
-
START:  MCO
END:    192.99089002609253
-
START:  MDB
END:    193.15748238563538
-
START:  MDT
END:    193.5421781539917
-
START:  MEDP
END:    193.7785620689392
-
START:  MEDS
END:    194.9861032962799
-
START:  MELI
END:    195.26379990577698
-
START:  MGC
END:    195.56629371643066
-
START:  MGIC
END:    195.9028444290161
-
START:  MGK
END:    196.21236634254456
-
START:  MGNI
END:    197.42065715789795
-
START:  MHO
END:    198.75404024124146
-
START:  MIME
Not Found: No data found, symbol may be delisted
START:  MITK
END:    199.14151525497437
-
START:  MKC
END:    200.56563520431519
-
START:  MKSI
END:    200.90602588653564
-
START:  MKTX
END:    201.236980676651
-
START:  MLAB
END:    202.6131842136383
-
START:  MLR
END:    202.94719624519348
-
START:  MMC
END:    203.3722321987152
-
START:  MMS
END:    203.73362708091736
-
START:  MNMD
END:    203.9101710319519
-
START:  MNST
END:    204.24818778038025
-
START:  MODN
END:    205.48850059509277
-
START:  MODV
END:    205.79634881019592
-
START:  MOH
END:    206.15746593475342
-
START:  MORN
END:    206.46404671669006
-
START:  MPWR
END:    206.82813572883606
-
START:  MRTX
END:    207.0474669933319
-
START:  MRVL
END:    208.45640206336975
-
START:  MS
END:    209.90219712257385
-
START:  MSA
END:    210.28680968284607
-
START:  MSCI
END:    210.55128622055054
-
START:  MSEX
END:    211.0045940876007
-
START:  MSFT
END:    211.35903453826904
-
START:  MSI
END:    212.81003713607788
-
START:  MSTR
END:    213.1484498977661
-
START:  MTBC
Not Found: No data found, symbol may be delisted
START:  MTCH
END:    213.56480598449707
-
START:  MTD
END:    213.87097024917603
-
START:  MTEX
END:    214.20698761940002
-
START:  MTH
END:    215.5626802444458
-
START:  MTLS
END:    216.79917550086975
-
START:  MTSI
END:    217.04130458831787
-
START:  MU
END:    217.3913857936859
-
START:  MUSA
END:    217.6266462802887
-
START:  MVIS
END:    217.9366970062256
-
START:  MXL
END:    218.1707468032837
-
START:  MYRG
END:    219.43929362297058
-
START:  NBIX
END:    219.752592086792
-
START:  NCBS
Not Found: No data found, symbol may be delisted
START:  NDAQ
END:    220.17877745628357
-
START:  NDSN
END:    220.56803798675537
-
START:  NEE
END:    220.97035789489746
-
START:  NEO
END:    221.27483248710632
-
START:  NEOG
END:    221.60794711112976
-
START:  NFLX
END:    221.9233536720276
-
START:  NICE
END:    222.23060417175293
-
START:  NISN
END:    222.4055278301239
-
START:  NKE
END:    223.782484292984
-
START:  NOVT
END:    224.09568333625793
-
START:  NOW
END:    224.3336522579193
-
START:  NSC
END:    224.7485408782959
-
START:  NSIT
END:    225.04334235191345
-
START:  NSSC
END:    225.4571042060852
-
START:  NSTG
END:    227.07039666175842
-
START:  NTLA
END:    227.25713777542114
-
START:  NTRA
END:    227.4321846961975
-
START:  NUAN
Not Found: No data found, symbol may be delisted
START:  NVCR
END:    227.71343851089478
-
START:  NVDA
END:    228.071781873703
-
START:  NVMI
END:    228.39163494110107
-
START:  NVO
END:    228.80787825584412
-
START:  NVR
END:    229.10574579238892
-
START:  NXST
END:    229.4705572128296
-
START:  NYT
END:    230.82825112342834
-
START:  OBCI
Not Found: No data found, symbol may be delisted
START:  ODFL
END:    231.29337906837463
-
START:  OEF
END:    231.66492462158203
-
START:  OFLX
END:    231.95977783203125
-
START:  OLED
END:    232.31430768966675
-
START:  OMCL
END:    232.63980150222778
-
START:  ON
END:    233.95584058761597
-
START:  OOMA
END:    234.14337301254272
-
START:  OPRX
END:    234.4370584487915
-
START:  ORA
END:    235.75953459739685
-
START:  ORCL
END:    236.08650732040405
-
START:  ORLY
END:    237.41132998466492
-
START:  ORMP
END:    237.75120067596436
-
START:  OTEX
END:    238.09623503684998
-
START:  PACB
END:    238.34438705444336
-
START:  PAG
END:    238.68790698051453
-
START:  PANW
END:    238.91206908226013
-
START:  PAR
END:    239.2272551059723
-
START:  PAYC
END:    240.45371961593628
-
START:  PAYX
END:    240.85257959365845
-
START:  PBD
END:    241.18044662475586
-
START:  PCTY
END:    242.40685033798218
-
START:  PEGA
END:    242.77739238739014
-
START:  PEN
END:    243.98867321014404
-
START:  PENN
END:    245.36365628242493
-
START:  PEP
END:    245.74239540100098
-
START:  PERI
END:    246.02895998954773
-
START:  PFSI
END:    247.3325710296631
-
START:  PGR
END:    247.7371380329132
-
START:  PH
END:    249.1230480670929
-
START:  PHM
END:    249.5824534893036
-
START:  PKI
Not Found: No data found, symbol may be delisted
START:  PLL
END:    250.86346411705017
-
START:  PLNT
END:    252.08094835281372
-
START:  PLUG
END:    252.40957260131836
-
START:  PLXS
END:    252.71730613708496
-
START:  PODD
END:    253.9990108013153
-
START:  POOL
END:    254.35413551330566
-
START:  POWI
END:    255.7160074710846
-
START:  PRFT
END:    256.021315574646
-
START:  PRI
END:    256.29174041748047
-
START:  PRTA
END:    256.5253119468689
-
START:  PRTS
END:    256.7904031276703
-
START:  PTSI
END:    257.11184072494507
-
START:  PWR
END:    257.4543809890747
-
START:  PYPL
END:    258.6785535812378
-
START:  QADA
Not Found: No data found, symbol may be delisted
START:  QCLN
END:    259.0609347820282
-
START:  QDEL
END:    259.3684468269348
-
START:  QGEN
END:    260.7175598144531
-
START:  QLYS
END:    260.9394054412842
-
START:  QQQ
END:    261.2858421802521
-
START:  QRVO
END:    261.5115211009979
-
START:  QTWO
END:    262.75000762939453
-
START:  RADA
Not Found: No data found, symbol may be delisted
START:  RAMP
END:    264.18023657798767
-
START:  RBA
END:    265.548463344574
-
START:  RCII
Not Found: No data found, symbol may be delisted
START:  RCKY
END:    265.9703712463379
-
START:  RDNT
END:    267.3668441772461
-
START:  RDVT
END:    267.52948808670044
-
START:  RDWR
END:    267.8503637313843
-
START:  REGI
END:    268.0724296569824
-
START:  RENN
END:    269.3544807434082
-
START:  RGEN
END:    270.71490025520325
-
START:  RH
END:    271.94298100471497
-
START:  RILY
END:    272.2321147918701
-
START:  RIOT
END:    272.464937210083
-
START:  RLI
END:    272.8199505805969
-
START:  RLMD
END:    274.0435905456543
-
START:  RMD
END:    274.39534616470337
-
START:  RNG
END:    274.59680938720703
-
START:  ROBO
END:    274.826007604599
-
START:  ROCK
END:    275.19840908050537
-
START:  ROK
END:    276.5719406604767
-
START:  ROKU
END:    276.74112582206726
-
START:  ROL
END:    277.1146800518036
-
START:  ROP
END:    277.4764473438263
-
START:  ROST
END:    278.82277178764343
-
START:  RPD
END:    279.0230145454407
-
START:  RPM
END:    279.3782501220703
-
START:  RSG
END:    279.7148973941803
-
START:  RTH
END:    281.08107924461365
-
START:  RUN
END:    281.28805589675903
-
START:  RXI
END:    281.60553073883057
-
START:  SAIA
END:    281.9158651828766
-
START:  SAIC
END:    282.16929483413696
-
START:  SAM
END:    283.4970917701721
-
START:  SAVA
END:    283.81526494026184
-
START:  SCI
END:    284.2047324180603
-
START:  SCL
END:    284.5761880874634
-
START:  SE
END:    285.78545331954956
-
START:  SEAS
END:    286.0110101699829
-
START:  SEDG
END:    286.19822096824646
-
START:  SFBS
END:    286.4274253845215
-
START:  SGEN
END:    286.7387115955353
-
START:  SGMS
Not Found: No data found, symbol may be delisted
START:  SGRY
END:    289.0408458709717
-
START:  SHOP
END:    290.26077342033386
-
START:  SHW
END:    291.682781457901
-
START:  SHYF
END:    293.0777928829193
-
START:  SITE
END:    293.2684414386749
-
START:  SIVB
Not Found: No data found, symbol may be delisted
START:  SJW
END:    294.78437089920044
-
START:  SKY
END:    295.14122200012207
-
START:  SLAB
END:    295.44991064071655
-
START:  SLP
END:    295.7756905555725
-
START:  SMH
END:    297.11735796928406
-
START:  SMTC
END:    297.4634528160095
-
START:  SNAP
END:    297.68546867370605
-
START:  SNPS
END:    298.00277161598206
-
START:  SOCL
END:    298.2505798339844
-
START:  SOXL
END:    298.5231673717499
-
START:  SPGI
END:    298.8787043094635
-
START:  SPLG
END:    300.2113764286041
-
START:  SPLK
END:    300.4446175098419
-
START:  SPNS
END:    301.76815366744995
-
START:  SPSC
END:    302.01573610305786
-
START:  SPTM
END:    302.38438987731934
-
START:  SPWH
END:    303.6109802722931
-
START:  SPWR
END:    303.906836271286
-
START:  SPXC
END:    304.2814817428589
-
START:  SPXL
END:    304.57451725006104
-
START:  SPY
END:    304.92493510246277
-
START:  SPYG
END:    305.2818284034729
-
START:  SQ
END:    305.4603850841522
-
START:  SSD
END:    306.7979168891907
-
START:  SSNC
END:    307.06741166114807
-
START:  SSTK
END:    308.31558179855347
-
START:  STAA
END:    308.64440870285034
-
START:  STE
END:    309.47783184051514
-
START:  SUSA
END:    310.8282630443573
-
START:  SYK
END:    311.2213270664215
-
START:  SYNA
END:    311.5268349647522
-
START:  TBBK
END:    311.83966541290283
-
START:  TBK
Not Found: No data found, symbol may be delisted
START:  TDG
END:    312.24610209465027
-
START:  TDOC
END:    313.4783375263214
-
START:  TDY
END:    313.80070066452026
-
START:  TEAM
END:    313.987185716629
-
START:  TECH
END:    315.35199451446533
-
START:  TECL
END:    315.6453835964203
-
START:  TER
END:    315.9630928039551
-
START:  TFX
END:    316.4032588005066
-
START:  TGH
END:    316.7199845314026
-
START:  TGLS
END:    316.967698097229
-
START:  TGT
END:    317.3285665512085
-
START:  TGTX
END:    317.5655047893524
-
START:  THC
END:    318.89257049560547
-
START:  TJX
END:    319.28131079673767
-
START:  TMO
END:    320.6607539653778
-
START:  TMUS
END:    321.9566342830658
-
START:  TNDM
END:    322.1527681350708
-
START:  TNET
END:    322.3771812915802
-
START:  TPX
END:    322.74876642227173
-
START:  TREX
END:    323.10036754608154
-
START:  TRI
END:    323.4438695907593
-
START:  TRIL
Not Found: No data found, symbol may be delisted
START:  TRMB
END:    323.8623380661011
-
START:  TRNS
END:    324.19618034362793
-
START:  TROW
END:    324.5961968898773
-
START:  TRU
END:    325.8238730430603
-
START:  TRUP
END:    326.0446071624756
-
START:  TSCO
END:    326.4073085784912
-
START:  TSLA
END:    327.7380619049072
-
START:  TSM
END:    329.0994961261749
-
START:  TT
END:    330.5010712146759
-
START:  TTC
END:    330.89012932777405
-
START:  TTD
END:    331.07328844070435
-
START:  TTEC
END:    331.40768551826477
-
START:  TTEK
END:    332.76602935791016
-
START:  TTGT
END:    333.0470943450928
-
START:  TTWO
END:    333.3716826438904
-
START:  TWLO
END:    333.58849239349365
-
START:  TXN
END:    333.9723892211914
-
START:  TYL
END:    334.29445576667786
-
START:  UCTT
END:    334.6163685321808
-
START:  UFPI
END:    336.0022716522217
-
START:  UFPT
END:    337.35643339157104
-
START:  UI
END:    337.5984356403351
-
START:  UMC
END:    337.9531455039978
-
START:  UNF
END:    338.3516068458557
-
START:  UNH
END:    339.7261064052582
-
START:  UNP
END:    340.13085198402405
-
START:  UPLD
END:    340.3153877258301
-
START:  URI
END:    340.6760013103485
-
START:  V
END:    341.00268959999084
-
START:  VALU
END:    341.42962193489075
-
START:  VBK
END:    341.7905898094177
-
START:  VCEL
END:    343.11534667015076
-
START:  VCR
END:    343.47046875953674
-
START:  VCTR
END:    343.6293246746063
-
START:  VCYT
END:    343.8501515388489
-
START:  VDC
END:    345.23517322540283
-
START:  VEEV
END:    345.47636008262634
-
START:  VERU
END:    346.8805503845215
-
START:  VGT
END:    347.2096610069275
-
START:  VHT
END:    347.59022402763367
-
START:  VIAV
END:    347.9564859867096
-
START:  VICR
END:    348.28708267211914
-
START:  VIG
END:    348.6143264770508
-
START:  VO
END:    349.9484338760376
-
START:  VONE
END:    350.2118892669678
-
START:  VONG
END:    350.4783217906952
-
START:  VOO
END:    351.75397777557373
-
START:  VOOG
END:    352.0029876232147
-
START:  VOOV
END:    352.2703790664673
-
START:  VOT
END:    352.5941812992096
-
START:  VPU
END:    353.9727144241333
-
START:  VRNS
END:    354.16756939888
-
START:  VRSK
END:    354.4321115016937
-
START:  VRSN
END:    354.756468296051
-
START:  VRTV
END:    354.9515061378479
-
START:  VSTO
END:    355.1616163253784
-
START:  VTHR
END:    355.45676708221436
-
START:  VTI
END:    356.83800077438354
-
START:  VTNR
END:    357.15522503852844
-
START:  VTWG
END:    357.42490124702454
-
START:  VUG
END:    358.7883903980255
-
START:  VV
END:    359.12467217445374
-
START:  VXF
END:    359.4899833202362
-
START:  WCN
END:    360.860387802124
-
START:  WD
END:    361.0988976955414
-
START:  WDAY
END:    361.3520531654358
-
START:  WDFC
END:    361.7909882068634
-
START:  WEC
END:    362.14463233947754
-
START:  WEN
END:    362.4982283115387
-
START:  WINA
END:    363.8673965930939
-
START:  WING
END:    364.06688928604126
-
START:  WIRE
END:    364.40272879600525
-
START:  WIX
END:    365.64040517807007
-
START:  WK
END:    365.8445496559143
-
START:  WLTW
Not Found: No data found, symbol may be delisted
START:  WM
END:    366.2862112522125
-
START:  WMS
END:    366.51625537872314
-
START:  WNS
END:    367.87975788116455
-
START:  WRB
END:    368.2561147212982
-
START:  WSC
END:    368.43037581443787
-
START:  WSM
END:    368.8079743385315
-
START:  WST
END:    369.1899964809418
-
START:  WTRG
END:    370.57686138153076
-
START:  WTS
END:    371.06351709365845
-
START:  XEL
END:    371.5121955871582
-
START:  XENE
END:    372.72769951820374
-
START:  XLK
END:    373.1320376396179
-
START:  XLNX
Not Found: No data found, symbol may be delisted
START:  XLP
END:    374.67582416534424
-
START:  XLRN
Not Found: No data found, symbol may be delisted
START:  XLU
END:    376.2111532688141
-
START:  XLV
END:    376.58428144454956
-
START:  XLY
END:    377.0044240951538
-
START:  XYL
END:    377.25569581985474
-
START:  YNDX
END:    377.4760458469391
-
START:  YORW
END:    377.8282697200775
-
START:  YUM
END:    378.18358850479126
-
START:  Z
END:    378.36578607559204
-
START:  ZBRA
END:    378.789128780365
-
START:  ZEN
Not Found: No data found, symbol may be delisted
START:  ZLAB
END:    379.03488874435425
-
START:  ZNGA
Not Found: No data found, symbol may be delisted
START:  ZS
END:    379.3117837905884
-
START:  ZTS
END:    379.5398545265198
-
START:  ZYXI
END:    379.87446117401123
-
===========================
MACD golden cross
===========================
START:  code
START:  A
START:  AAON
START:  AAPL
START:  ABG
START:  ABT
START:  ACLS
START:  ACMR
START:  ACN
START:  ADBE
START:  ADI
START:  ADP
START:  ADSK
START:  ADUS
START:  AEE
START:  AGYS
START:  AIZ
START:  AJG
START:  AJRD
START:  ALB
START:  ALG
START:  ALGN
START:  ALLE
START:  ALTR
START:  AMAT
START:  AMBA
START:  AMD
START:  AME
START:  AMED
START:  AMEH
START:  AMGN
START:  AMN
START:  AMP
START:  AMRC
START:  AMSWA
START:  AMTX
START:  AMZN
START:  AN
START:  ANSS
START:  ANTM
START:  AON
START:  AOSL
START:  APD
START:  APH
START:  APPF
START:  APPN
START:  APPS
START:  AQN
START:  ARCB
START:  ARCT
START:  ARES
START:  ARGX
START:  ARWR
START:  ASML
START:  ASPN
START:  ATEC
START:  ATEN
START:  ATKR
START:  ATOM
START:  ATR
START:  ATRC
START:  AUDC
START:  AUPH
START:  AVAV
START:  AVGO
START:  AVID
START:  AVNW
START:  AVXL
START:  AVY
START:  AWK
START:  AWR
START:  AXON
START:  AZO
START:  AZPN
START:  BAH
START:  BAM
START:  BAX
START:  BBH
START:  BBQ
START:  BBY
START:  BCPC
START:  BDX
START:  BEEM
START:  BFAM
START:  BFC
START:  BGFV
START:  BGNE
START:  BHVN
START:  BIO
START:  BL
START:  BLD
START:  BLDP
START:  BLDR
START:  BLFS
START:  BLK
START:  BLL
START:  BLNK
START:  BMI
START:  BOOT
START:  BOTZ
START:  BR
START:  BRKR
START:  BRKS
START:  BRO
START:  BURL
START:  BX
START:  CABO
START:  CACI
START:  CALX
START:  CAMT
START:  CAR
START:  CBRE
START:  CBSH
START:  CBZ
START:  CCOI
START:  CCS
START:  CDMO
START:  CDNA
START:  CDNS
START:  CDW
START:  CELH
START:  CGNX
START:  CHD
START:  CHDN
START:  CHE
START:  CHGG
START:  CHH
START:  CHKP
START:  CHTR
START:  CIEN
START:  CLAR
START:  CLFD
START:  CLGN
START:  CLNE
START:  CLPT
START:  CLX
START:  CMCSA
START:  CMG
START:  CMS
START:  CNC
START:  CNI
START:  CNMD
START:  CNS
START:  CNXN
START:  COO
START:  COST
START:  COUP
START:  COWN
START:  CP
START:  CPK
START:  CPRT
START:  CPSH
START:  CRAI
START:  CREE
START:  CRL
START:  CRM
START:  CRMT
START:  CROX
START:  CRSP
START:  CRVL
START:  CSGP
START:  CSL
START:  CSWI
START:  CSX
START:  CTAS
START:  CTLT
START:  CTRN
START:  CURE
START:  CVCO
START:  CVNA
START:  CWST
START:  CWT
START:  CXSE
START:  CYBR
START:  CYRX
START:  CYTK
START:  DAC
START:  DAR
START:  DAVA
START:  DDS
START:  DE
START:  DECK
START:  DELL
START:  DFIN
START:  DG
START:  DGRW
START:  DHI
START:  DHR
START:  DIA
START:  DIOD
START:  DIS
START:  DKS
START:  DLN
START:  DNLI
START:  DOMO
START:  DOV
START:  DPZ
START:  DQ
START:  DRD
START:  DRIO
START:  DRNA
START:  DSGX
START:  DVAX
START:  DXCM
START:  ECL
START:  EFX
START:  EGAN
START:  EHC
START:  EL
START:  ENPH
START:  ENSG
START:  ENTG
START:  ENV
START:  EPAM
START:  ERIE
START:  ES
START:  ESE
START:  ETN
START:  ETSY
START:  EVBG
START:  EVTC
START:  EW
START:  EWT
START:  EXAS
START:  EXLS
START:  EXPD
START:  EXPI
START:  EXPO
START:  FAST
START:  FATE
START:  FB
START:  FCN
START:  FCX
START:  FDN
START:  FDS
START:  FELE
START:  FFIN
START:  FICO
START:  FINX
START:  FIS
START:  FISV
START:  FIVE
START:  FIVN
START:  FLGT
START:  FLT
START:  FLWS
START:  FN
START:  FND
START:  FNV
START:  FORM
START:  FOXF
START:  FPX
START:  FRC
START:  FRHC
START:  FRPT
START:  FSS
START:  FTNT
START:  FUV
START:  GDEN
START:  GFI
START:  GGG
START:  GIB
START:  GLDD
START:  GLOB
START:  GMAB
START:  GME
START:  GMED
START:  GNRC
START:  GNSS
START:  GNTX
START:  GOLF
START:  GOOG
START:  GOOGL
START:  GPI
START:  GPN
START:  GRBK
START:  GRMN
START:  GRVY
START:  GRWG
START:  GWRE
START:  HACK
START:  HALO
START:  HCI
START:  HD
START:  HEI
START:  HELE
START:  HIBB
START:  HLI
START:  HLT
START:  HOLX
START:  HON
START:  HOV
START:  HRC
START:  HRI
START:  HSKA
START:  HTHT
START:  HUBS
START:  HUM
START:  HZNP
START:  IAC
START:  IBP
START:  ICE
START:  ICLN
START:  ICLR
START:  IDT
START:  IDXX
START:  IESC
START:  IEX
START:  ILMN
START:  INFO
START:  INOV
START:  INSP
START:  INTC
START:  INTU
START:  INTZ
START:  INVE
START:  IOO
START:  IQV
START:  IRDM
START:  IRMD
START:  ISEE
START:  ISRG
START:  IT
START:  ITT
START:  ITW
START:  IVOG
START:  IVV
START:  IXJ
START:  IXN
START:  J
START:  JBL
START:  JBSS
START:  JD
START:  JKHY
START:  JKS
START:  JNJ
START:  JOE
START:  JOUT
START:  JYNT
START:  KAI
START:  KBH
START:  KBR
START:  KDMN
START:  KEYS
START:  KLAC
START:  KLIC
START:  KMX
START:  KNSL
START:  KOPN
START:  KOSS
START:  KRNT
START:  KSU
START:  KTOS
START:  LAC
START:  LAD
START:  LANC
START:  LAWS
START:  LDOS
START:  LFMD
START:  LGIH
START:  LH
START:  LHCG
START:  LHX
START:  LII
START:  LIN
START:  LINC
START:  LIT
START:  LLY
START:  LMT
START:  LNT
START:  LOB
START:  LOGI
START:  LOVE
START:  LOW
START:  LPLA
START:  LPSN
START:  LQDT
START:  LRCX
START:  LSCC
START:  LSTR
START:  LULU
START:  LUNA
START:  MA
START:  MANH
START:  MANT
START:  MARA
START:  MASI
START:  MATX
START:  MBUU
START:  MCD
START:  MCHP
START:  MCO
START:  MDB
START:  MDT
START:  MEDP
START:  MEDS
START:  MELI
START:  MGC
START:  MGIC
START:  MGK
START:  MGNI
START:  MHO
START:  MIME
START:  MITK
START:  MKC
START:  MKSI
START:  MKTX
START:  MLAB
START:  MLR
START:  MMC
START:  MMS
START:  MNMD
START:  MNST
START:  MODN
START:  MODV
START:  MOH
START:  MORN
START:  MPWR
START:  MRTX
START:  MRVL
START:  MS
START:  MSA
START:  MSCI
START:  MSEX
START:  MSFT
START:  MSI
START:  MSTR
START:  MTBC
START:  MTCH
START:  MTD
START:  MTEX
START:  MTH
START:  MTLS
START:  MTSI
START:  MU
START:  MUSA
START:  MVIS
START:  MXL
START:  MYRG
START:  NBIX
START:  NCBS
START:  NDAQ
START:  NDSN
START:  NEE
START:  NEO
START:  NEOG
START:  NFLX
START:  NICE
START:  NISN
START:  NKE
START:  NOVT
START:  NOW
START:  NSC
START:  NSIT
START:  NSSC
START:  NSTG
START:  NTLA
START:  NTRA
START:  NUAN
START:  NVCR
START:  NVDA
START:  NVMI
START:  NVO
START:  NVR
START:  NXST
START:  NYT
START:  OBCI
START:  ODFL
START:  OEF
START:  OFLX
START:  OLED
START:  OMCL
START:  ON
START:  OOMA
START:  OPRX
START:  ORA
START:  ORCL
START:  ORLY
START:  ORMP
START:  OTEX
START:  PACB
START:  PAG
START:  PANW
START:  PAR
START:  PAYC
START:  PAYX
START:  PBD
START:  PCTY
START:  PEGA
START:  PEN
START:  PENN
START:  PEP
START:  PERI
START:  PFSI
START:  PGR
START:  PH
START:  PHM
START:  PKI
START:  PLL
START:  PLNT
START:  PLUG
START:  PLXS
START:  PODD
START:  POOL
START:  POWI
START:  PRFT
START:  PRI
START:  PRTA
START:  PRTS
START:  PTSI
START:  PWR
START:  PYPL
START:  QADA
START:  QCLN
START:  QDEL
START:  QGEN
START:  QLYS
START:  QQQ
START:  QRVO
START:  QTWO
START:  RADA
START:  RAMP
START:  RBA
START:  RCII
START:  RCKY
START:  RDNT
START:  RDVT
START:  RDWR
START:  REGI
START:  RENN
START:  RGEN
START:  RH
START:  RILY
START:  RIOT
START:  RLI
START:  RLMD
START:  RMD
START:  RNG
START:  ROBO
START:  ROCK
START:  ROK
START:  ROKU
START:  ROL
START:  ROP
START:  ROST
START:  RPD
START:  RPM
START:  RSG
START:  RTH
START:  RUN
START:  RXI
START:  SAIA
START:  SAIC
START:  SAM
START:  SAVA
START:  SCI
START:  SCL
START:  SE
START:  SEAS
START:  SEDG
START:  SFBS
START:  SGEN
START:  SGMS
START:  SGRY
START:  SHOP
START:  SHW
START:  SHYF
START:  SITE
START:  SIVB
START:  SJW
START:  SKY
START:  SLAB
START:  SLP
START:  SMH
START:  SMTC
START:  SNAP
START:  SNPS
START:  SOCL
START:  SOXL
START:  SPGI
START:  SPLG
START:  SPLK
START:  SPNS
START:  SPSC
START:  SPTM
START:  SPWH
START:  SPWR
START:  SPXC
START:  SPXL
START:  SPY
START:  SPYG
START:  SQ
START:  SSD
START:  SSNC
START:  SSTK
START:  STAA
START:  STE
START:  SUSA
START:  SYK
START:  SYNA
START:  TBBK
START:  TBK
START:  TDG
START:  TDOC
START:  TDY
START:  TEAM
START:  TECH
START:  TECL
START:  TER
START:  TFX
START:  TGH
START:  TGLS
START:  TGT
START:  TGTX
START:  THC
START:  TJX
START:  TMO
START:  TMUS
START:  TNDM
START:  TNET
START:  TPX
START:  TREX
START:  TRI
START:  TRIL
START:  TRMB
START:  TRNS
START:  TROW
START:  TRU
START:  TRUP
START:  TSCO
START:  TSLA
START:  TSM
START:  TT
START:  TTC
START:  TTD
START:  TTEC
START:  TTEK
START:  TTGT
START:  TTWO
START:  TWLO
START:  TXN
START:  TYL
START:  UCTT
START:  UFPI
START:  UFPT
START:  UI
START:  UMC
START:  UNF
START:  UNH
START:  UNP
START:  UPLD
START:  URI
START:  V
START:  VALU
START:  VBK
START:  VCEL
START:  VCR
START:  VCTR
START:  VCYT
START:  VDC
START:  VEEV
START:  VERU
START:  VGT
START:  VHT
START:  VIAV
START:  VICR
START:  VIG
START:  VO
START:  VONE
START:  VONG
START:  VOO
START:  VOOG
START:  VOOV
START:  VOT
START:  VPU
START:  VRNS
START:  VRSK
START:  VRSN
START:  VRTV
START:  VSTO
START:  VTHR
START:  VTI
START:  VTNR
START:  VTWG
START:  VUG
START:  VV
START:  VXF
START:  WCN
START:  WD
START:  WDAY
START:  WDFC
START:  WEC
START:  WEN
START:  WINA
START:  WING
START:  WIRE
START:  WIX
START:  WK
START:  WLTW
START:  WM
START:  WMS
START:  WNS
START:  WRB
START:  WSC
START:  WSM
START:  WST
START:  WTRG
START:  WTS
START:  XEL
START:  XENE
START:  XLK
START:  XLNX
START:  XLP
START:  XLRN
START:  XLU
START:  XLV
START:  XLY
START:  XYL
START:  YNDX
START:  YORW
START:  YUM
START:  Z
START:  ZBRA
START:  ZEN
START:  ZLAB
START:  ZNGA
START:  ZS
START:  ZTS
START:  ZYXI
==== MACD golden cross ====
None
code: ACLS     day: macd + hist - hist_1pre - ,  Week: macd + hist + hist_1pre - , Month: macd + hist + hist_1pre + , 
Trade --> code: ACLS   BUY: 2011-01-31   13.88 SELL: 2011-06-30    6.56  macd:   -0.04 macd_count:   5 profit:  0.47
Trade --> code: ACLS   BUY: 2013-07-31    8.72 SELL: 2019-05-31   14.83  macd:   -0.17 macd_count:  70 profit:  1.70
Trade --> code: ACLS   BUY: 2019-12-31   24.10 SELL: 2023-07-31  187.48  macd:   28.63 macd_count:  44 profit:  7.78

code: AJG      day: macd + hist + hist_1pre + ,  Week: macd + hist + hist_1pre - , Month: macd + hist + hist_1pre + , 
Trade --> code: AJG    BUY: 2010-07-31   25.42 SELL: 2015-12-31   40.94  macd:   -0.01 macd_count:  65 profit:  1.61
Trade --> code: AJG    BUY: 2016-05-31   48.33 SELL: 2023-07-31  218.99  macd:   17.45 macd_count:  87 profit:  4.53

code: AMAT     day: macd + hist + hist_1pre - ,  Week: macd + hist + hist_1pre - , Month: macd + hist + hist_1pre + , 
Trade --> code: AMAT   BUY: 2007-04-30   19.22 SELL: 2008-08-31   17.92  macd:   -0.02 macd_count:  16 profit:  0.93
Trade --> code: AMAT   BUY: 2011-02-28   16.43 SELL: 2011-08-31   11.32  macd:   -0.12 macd_count:   6 profit:  0.69
Trade --> code: AMAT   BUY: 2013-04-30   14.51 SELL: 2015-10-31   16.77  macd:   -0.15 macd_count:  30 profit:  1.16
Trade --> code: AMAT   BUY: 2016-03-31   21.18 SELL: 2019-02-28   38.34  macd:   -0.15 macd_count:  35 profit:  1.81
Trade --> code: AMAT   BUY: 2019-04-30   44.07 SELL: 2019-05-31   38.69  macd:   -0.15 macd_count:   1 profit:  0.88
Trade --> code: AMAT   BUY: 2019-06-30   44.91 SELL: 2022-12-31   97.38  macd:   -0.27 macd_count:  42 profit:  2.17
Trade --> code: AMAT   BUY: 2023-01-31  111.49 SELL: 2023-07-31  149.76  macd:    7.30 macd_count:   7 profit:  1.34

code: ARWR     day: macd + hist + hist_1pre + ,  Week: macd + hist + hist_1pre - , Month: macd - hist + hist_1pre + , 
Trade --> code: ARWR   BUY: 2006-01-31   51.00 SELL: 2007-12-31   37.80  macd:   -0.11 macd_count:  23 profit:  0.74
Trade --> code: ARWR   BUY: 2013-11-30    8.23 SELL: 2015-04-30    6.90  macd:   -0.05 macd_count:  17 profit:  0.84
Trade --> code: ARWR   BUY: 2018-03-31    7.21 SELL: 2022-05-31   33.36  macd:   -0.87 macd_count:  50 profit:  4.63

code: DIOD     day: macd + hist + hist_1pre - ,  Week: macd + hist + hist_1pre - , Month: macd + hist + hist_1pre + , 
Trade --> code: DIOD   BUY: 2005-12-31   20.70 SELL: 2008-10-31    9.88  macd:   -1.09 macd_count:  34 profit:  0.48
Trade --> code: DIOD   BUY: 2010-04-30   21.47 SELL: 2010-06-30   15.87  macd:   -0.04 macd_count:   2 profit:  0.74
Trade --> code: DIOD   BUY: 2010-11-30   24.70 SELL: 2012-06-30   18.77  macd:   -0.19 macd_count:  19 profit:  0.76
Trade --> code: DIOD   BUY: 2013-06-30   25.97 SELL: 2015-08-31   19.69  macd:   -0.03 macd_count:  26 profit:  0.76
Trade --> code: DIOD   BUY: 2017-02-28   23.87 SELL: 2023-07-31   93.80  macd:    4.12 macd_count:  78 profit:  3.93

code: FRPT     day: macd + hist + hist_1pre + ,  Week: macd + hist + hist_1pre - , Month: macd - hist + hist_1pre + , 
Trade --> code: FRPT   BUY: 2017-09-30   15.65 SELL: 2022-05-31   71.97  macd:   -1.35 macd_count:  56 profit:  4.60

code: GOOG     day: macd + hist + hist_1pre + ,  Week: macd + hist + hist_1pre - , Month: macd + hist + hist_1pre + , 
Trade --> code: GOOG   BUY: 2006-12-31   11.47 SELL: 2008-11-30    7.30  macd:   -0.30 macd_count:  23 profit:  0.64
Trade --> code: GOOG   BUY: 2009-10-31   13.35 SELL: 2022-12-31   88.73  macd:   -0.56 macd_count: 158 profit:  6.64
Trade --> code: GOOG   BUY: 2023-06-30  120.97 SELL: 2023-07-31  133.05  macd:    2.54 macd_count:   2 profit:  1.10

code: GOOGL    day: macd + hist + hist_1pre + ,  Week: macd + hist + hist_1pre - , Month: macd + hist + hist_1pre + , 
Trade --> code: GOOGL  BUY: 2006-12-31   11.52 SELL: 2008-11-30    7.33  macd:   -0.30 macd_count:  23 profit:  0.64
Trade --> code: GOOGL  BUY: 2009-10-31   13.42 SELL: 2022-12-31   88.23  macd:   -0.56 macd_count: 158 profit:  6.58
Trade --> code: GOOGL  BUY: 2023-06-30  119.70 SELL: 2023-07-31  132.70  macd:    2.49 macd_count:   2 profit:  1.11

code: HCI      day: macd + hist + hist_1pre + ,  Week: macd + hist + hist_1pre - , Month: macd - hist + hist_1pre + , 
Trade --> code: HCI    BUY: 2011-01-31    8.35 SELL: 2016-02-29   35.14  macd:   -0.07 macd_count:  61 profit:  4.21
Trade --> code: HCI    BUY: 2017-02-28   49.30 SELL: 2017-12-31   29.90  macd:   -0.46 macd_count:  10 profit:  0.61
Trade --> code: HCI    BUY: 2018-05-31   41.46 SELL: 2022-08-31   47.79  macd:   -0.04 macd_count:  51 profit:  1.15

code: HUBS     day: macd + hist - hist_1pre - ,  Week: macd + hist + hist_1pre - , Month: macd + hist + hist_1pre + , 
Trade --> code: HUBS   BUY: 2017-02-28   59.50 SELL: 2022-08-31  337.04  macd:   -1.56 macd_count:  66 profit:  5.66
Trade --> code: HUBS   BUY: 2023-06-30  532.09 SELL: 2023-07-31  558.59  macd:   17.67 macd_count:   2 profit:  1.05

code: KLAC     day: macd + hist + hist_1pre - ,  Week: macd + hist + hist_1pre - , Month: macd + hist + hist_1pre + , 
Trade --> code: KLAC   BUY: 2007-02-28   51.74 SELL: 2008-02-29   42.01  macd:   -0.60 macd_count:  12 profit:  0.81
Trade --> code: KLAC   BUY: 2010-12-31   38.64 SELL: 2015-07-31   53.05  macd:   -0.35 macd_count:  55 profit:  1.37
Trade --> code: KLAC   BUY: 2015-12-31   69.35 SELL: 2023-07-31  500.70  macd:   38.29 macd_count:  92 profit:  7.22

code: KTOS     day: macd + hist + hist_1pre + ,  Week: macd + hist + hist_1pre - , Month: macd - hist + hist_1pre + , 
Trade --> code: KTOS   BUY: 2014-02-28    7.80 SELL: 2014-11-30    5.14  macd:   -0.13 macd_count:   9 profit:  0.66
Trade --> code: KTOS   BUY: 2016-11-30    7.32 SELL: 2022-04-30   15.17  macd:   -0.30 macd_count:  65 profit:  2.07

code: LINC     day: macd + hist + hist_1pre + ,  Week: macd + hist + hist_1pre - , Month: macd + hist + hist_1pre - , 
Trade --> code: LINC   BUY: 2009-03-31   18.32 SELL: 2010-10-31   12.46  macd:   -0.19 macd_count:  19 profit:  0.68
Trade --> code: LINC   BUY: 2017-06-30    3.10 SELL: 2017-12-31    2.02  macd:   -0.03 macd_count:   6 profit:  0.65
Trade --> code: LINC   BUY: 2018-12-31    3.20 SELL: 2019-09-30    2.08  macd:   -0.01 macd_count:   9 profit:  0.65
Trade --> code: LINC   BUY: 2020-02-29    2.95 SELL: 2023-07-31    7.29  macd:    0.14 macd_count:  42 profit:  2.47

code: LRCX     day: macd + hist + hist_1pre + ,  Week: macd + hist + hist_1pre - , Month: macd + hist + hist_1pre + , 
Trade --> code: LRCX   BUY: 2005-12-31   35.68 SELL: 2008-04-30   40.84  macd:   -0.07 macd_count:  28 profit:  1.14
Trade --> code: LRCX   BUY: 2010-04-30   40.54 SELL: 2012-06-30   37.74  macd:   -0.22 macd_count:  26 profit:  0.93
Trade --> code: LRCX   BUY: 2013-04-30   46.22 SELL: 2022-10-31  404.78  macd:   -2.26 macd_count: 114 profit:  8.76
Trade --> code: LRCX   BUY: 2023-03-31  530.12 SELL: 2023-07-31  711.75  macd:   33.68 macd_count:   5 profit:  1.34

code: MU       day: macd + hist + hist_1pre + ,  Week: macd + hist + hist_1pre - , Month: macd - hist + hist_1pre + , 
Trade --> code: MU     BUY: 2006-04-30   16.97 SELL: 2007-02-28   11.86  macd:   -0.00 macd_count:  10 profit:  0.70
Trade --> code: MU     BUY: 2010-01-31    8.72 SELL: 2011-09-30    5.04  macd:   -0.15 macd_count:  20 profit:  0.58
Trade --> code: MU     BUY: 2013-03-31    9.98 SELL: 2015-09-30   14.98  macd:   -0.07 macd_count:  30 profit:  1.50
Trade --> code: MU     BUY: 2017-02-28   23.44 SELL: 2022-09-30   50.10  macd:   -1.01 macd_count:  67 profit:  2.14

code: NUAN     day: macd + hist + hist_1pre + ,  Week: macd + hist + hist_1pre - , Month: macd + hist - hist_1pre - , 
Trade --> code: NUAN   BUY: 2005-11-30    5.38 SELL: 2008-11-30    7.94  macd:   -0.14 macd_count:  36 profit:  1.48
Trade --> code: NUAN   BUY: 2009-12-31   13.44 SELL: 2013-05-31   16.44  macd:   -0.10 macd_count:  41 profit:  1.22
Trade --> code: NUAN   BUY: 2015-11-30   18.11 SELL: 2016-07-31   13.90  macd:   -0.05 macd_count:   8 profit:  0.77
Trade --> code: NUAN   BUY: 2017-05-31   16.01 SELL: 2017-09-30   13.60  macd:   -0.04 macd_count:   4 profit:  0.85
Trade --> code: NUAN   BUY: 2019-04-30   14.56 SELL: 2022-03-31   55.99  macd:    7.14 macd_count:  36 profit:  3.85

code: NVMI     day: macd + hist + hist_1pre + ,  Week: macd + hist + hist_1pre - , Month: macd + hist + hist_1pre + , 
Trade --> code: NVMI   BUY: 2009-11-30    3.92 SELL: 2023-07-31  121.00  macd:    5.83 macd_count: 165 profit: 30.87

code: RCII     day: macd + hist + hist_1pre + ,  Week: macd + hist + hist_1pre - , Month: macd - hist + hist_1pre + , 
Trade --> code: RCII   BUY: 2006-10-31   28.76 SELL: 2007-07-31   19.41  macd:   -0.10 macd_count:   9 profit:  0.67
Trade --> code: RCII   BUY: 2010-03-31   23.65 SELL: 2014-01-31   24.94  macd:   -0.00 macd_count:  46 profit:  1.05
Trade --> code: RCII   BUY: 2018-12-31   16.19 SELL: 2022-05-31   27.54  macd:   -0.82 macd_count:  41 profit:  1.70

code: WINA     day: macd + hist + hist_1pre + ,  Week: macd + hist + hist_1pre - , Month: macd + hist + hist_1pre + , 
Trade --> code: WINA   BUY: 2006-01-31   22.37 SELL: 2007-01-31   18.45  macd:   -0.31 macd_count:  12 profit:  0.82
Trade --> code: WINA   BUY: 2009-10-31   21.13 SELL: 2023-07-31  370.00  macd:   34.36 macd_count: 166 profit: 17.51

