Mon Aug  9 16:38:18 UTC 2021
===========================
scraping
===========================
START:  A
END:    0.25728774070739746
-
START:  ANAT
END:    0.49017977714538574
-
START:  BBDC
END:    0.6884856224060059
-
START:  BRBR
END:    0.8246641159057617
-
START:  BURL
END:    1.0209779739379883
-
START:  CUTR
END:    1.2153379917144775
-
START:  DAVA
END:    1.436316967010498
-
START:  ERII
END:    1.6232571601867676
-
START:  EXLS
END:    1.7998592853546143
-
START:  FIVE
END:    1.9967882633209229
-
START:  GPI
END:    2.1732590198516846
-
START:  HCI
END:    2.3364832401275635
-
START:  IR
END:    2.502368211746216
-
START:  KAI
END:    2.6802830696105957
-
START:  LIT
END:    2.847461223602295
-
START:  MOH
END:    3.0205023288726807
-
START:  MXIM
END:    3.1864376068115234
-
START:  NCR
END:    3.3238325119018555
-
START:  NTAP
END:    3.500816822052002
-
START:  NVMI
END:    3.6526002883911133
-
START:  PFF
END:    3.8127241134643555
-
START:  PFFD
END:    3.964320659637451
-
START:  RDNT
END:    4.1165690422058105
-
START:  SEE
END:    4.325281381607056
-
START:  SWAV
END:    4.462690591812134
-
START:  TRNS
END:    4.649530410766602
-
START:  TTC
END:    4.866083145141602
-
START:  TU
END:    5.075520992279053
-
START:  TXN
END:    5.303895711898804
-
START:  VSTO
END:    5.458189249038696
-
START:  VVV
END:    5.673050165176392
-
===========================
MACD minus
===========================
START:  A
START:  ANAT
START:  BBDC
START:  BRBR
HIT: ------------------------>  BRBR
START:  BURL
START:  CUTR
START:  DAVA
HIT: ------------------------>  DAVA
START:  ERII
HIT: ------------------------>  ERII
START:  EXLS
START:  FIVE
START:  GPI
HIT: ------------------------>  GPI
START:  HCI
START:  IR
START:  KAI
START:  LIT
START:  MOH
START:  MXIM
START:  NCR
HIT: ------------------------>  NCR
START:  NTAP
START:  NVMI
START:  PFF
START:  PFFD
START:  RDNT
START:  SEE
START:  SWAV
START:  TRNS
START:  TTC
START:  TU
START:  TXN
START:  VSTO
START:  VVV
==== MACD minus list ====
BRBR
DAVA
ERII
GPI
NCR
===========================
profit
===========================
==== plus ====
A    profit:   [3.01], per:   [1.97], buy: [156.08], now: [153.07]
ANAT profit:  [22.88], per:  [13.94], buy: [187.05], now: [164.17]
BBDC profit:   [0.31], per:    [2.9], buy:  [10.91], now:   [10.6]
BURL profit:   [3.07], per:   [0.93], buy: [333.68], now: [330.61]
CUTR profit:   [0.15], per:   [0.28], buy:  [53.76], now:  [53.61]
DAVA profit:   [1.17], per:   [0.93], buy: [127.55], now: [126.38]
EXLS profit:   [2.58], per:   [2.25], buy: [117.08], now:  [114.5]
FIVE profit:  [15.91], per:    [8.2], buy: [209.95], now: [194.04]
HCI  profit:   [9.36], per:   [9.16], buy: [111.65], now: [102.29]
IR   profit:   [1.21], per:    [2.5], buy:  [49.58], now:  [48.37]
KAI  profit:  [19.28], per:  [10.87], buy: [196.63], now: [177.35]
LIT  profit:   [2.19], per:   [2.63], buy:  [85.57], now:  [83.38]
MXIM profit:   [0.91], per:   [0.91], buy: [100.62], now:  [99.71]
NTAP profit:   [2.43], per:   [3.03], buy:  [82.56], now:  [80.13]
NVMI profit:   [3.73], per:   [3.82], buy: [101.48], now:  [97.75]
PFF  profit:   [0.07], per:   [0.17], buy:  [39.38], now:  [39.31]
SEE  profit:   [2.35], per:   [4.17], buy:  [58.66], now:  [56.31]
SWAV profit:  [24.57], per:   [14.4], buy: [195.21], now: [170.64]
TTC  profit:   [1.56], per:   [1.38], buy: [114.71], now: [113.15]
TU   profit:   [0.42], per:    [1.9], buy:  [22.49], now:  [22.07]
TXN  profit:   [0.57], per:    [0.3], buy: [191.29], now: [190.72]
VSTO profit:    [2.3], per:   [5.58], buy:  [43.59], now:  [41.29]
-
     profit: [120.03], per:  [92.21], per/len(p):   [4.19], per/len(p+m):   [2.97]
-
==== minus ====
BRBR profit:  [-3.56], per: [-10.93], buy:  [29.02], now:  [32.58]
ERII profit:  [-0.69], per:  [-3.45], buy:   [19.3], now:  [19.99]
GPI  profit:  [-3.26], per:   [-1.9], buy: [168.15], now: [171.41]
MOH  profit: [-12.34], per:   [-4.5], buy: [261.91], now: [274.25]
NCR  profit:  [-3.64], per:   [-8.2], buy:  [40.73], now:  [44.37]
PFFD profit:   [-0.1], per:  [-0.37], buy:  [26.06], now:  [26.16]
RDNT profit:  [-0.94], per:  [-2.57], buy:  [35.65], now:  [36.59]
TRNS profit:  [-0.48], per:  [-0.73], buy:  [64.79], now:  [65.27]
VVV  profit:  [-0.43], per:  [-1.39], buy:  [30.47], now:   [30.9]
-
     profit: [-25.43], per: [-34.04], per/len(m):  [-3.78], per/len(p+m):   [-1.1]
-
==== total ====
     profit:   [94.6], per:  [58.17], per/len(p+m):   [1.88]
