Tue Aug 10 20:30:33 UTC 2021
===========================
scraping
===========================
START:  A
END:    0.2534677982330322
-
START:  ANAT
END:    0.430985689163208
-
START:  BBDC
END:    0.5844290256500244
-
START:  BRBR
END:    0.7127039432525635
-
START:  BURL
END:    0.8495054244995117
-
START:  CUTR
END:    0.9803426265716553
-
START:  DAVA
END:    1.11751127243042
-
START:  ERII
END:    1.2704250812530518
-
START:  EXLS
END:    1.4072320461273193
-
START:  FIVE
END:    1.5412330627441406
-
START:  GPI
END:    1.6957423686981201
-
START:  HCI
END:    1.8447301387786865
-
START:  IR
END:    1.9763214588165283
-
START:  KAI
END:    2.12410569190979
-
START:  LIT
END:    2.2669641971588135
-
START:  MOH
END:    2.40437912940979
-
START:  MXIM
END:    2.560347318649292
-
START:  NCR
END:    2.6895103454589844
-
START:  NTAP
END:    2.8358447551727295
-
START:  NVMI
END:    2.9678688049316406
-
START:  PFF
END:    3.280533790588379
-
START:  PFFD
END:    3.589414596557617
-
START:  RDNT
END:    3.723992109298706
-
START:  SEE
END:    3.9074840545654297
-
START:  SWAV
END:    4.049914121627808
-
START:  TRNS
END:    4.184961557388306
-
START:  TTC
END:    4.3611695766448975
-
START:  TU
END:    4.519454479217529
-
START:  TXN
END:    4.729315519332886
-
START:  VSTO
END:    4.861318826675415
-
START:  VVV
END:    5.002803802490234
-
===========================
MACD minus
===========================
START:  A
START:  ANAT
START:  BBDC
START:  BRBR
HIT: ------------------------>  BRBR
START:  BURL
START:  CUTR
START:  DAVA
HIT: ------------------------>  DAVA
START:  ERII
HIT: ------------------------>  ERII
START:  EXLS
START:  FIVE
START:  GPI
HIT: ------------------------>  GPI
START:  HCI
START:  IR
START:  KAI
START:  LIT
START:  MOH
HIT: ------------------------>  MOH
START:  MXIM
START:  NCR
HIT: ------------------------>  NCR
START:  NTAP
START:  NVMI
START:  PFF
HIT: ------------------------>  PFF
START:  PFFD
HIT: ------------------------>  PFFD
START:  RDNT
HIT: ------------------------>  RDNT
START:  SEE
START:  SWAV
START:  TRNS
START:  TTC
START:  TU
START:  TXN
START:  VSTO
START:  VVV
==== MACD minus list ====
BRBR
DAVA
ERII
GPI
MOH
NCR
PFF
PFFD
RDNT
===========================
profit
===========================
==== plus ====
A    profit:   [3.45], per:   [2.25], buy: [156.52], now: [153.07]
ANAT profit:   [26.8], per:  [16.32], buy: [190.97], now: [164.17]
BBDC profit:   [0.37], per:   [3.49], buy:  [10.97], now:   [10.6]
BURL profit:  [21.59], per:   [6.53], buy:  [352.2], now: [330.61]
DAVA profit:   [1.99], per:   [1.57], buy: [128.37], now: [126.38]
EXLS profit:    [3.8], per:   [3.32], buy:  [118.3], now:  [114.5]
FIVE profit:  [23.88], per:  [12.31], buy: [217.92], now: [194.04]
GPI  profit:   [0.25], per:   [0.15], buy: [171.66], now: [171.41]
HCI  profit:  [12.13], per:  [11.86], buy: [114.42], now: [102.29]
IR   profit:   [2.69], per:   [5.56], buy:  [51.06], now:  [48.37]
KAI  profit:  [27.17], per:  [15.32], buy: [204.52], now: [177.35]
LIT  profit:   [2.23], per:   [2.67], buy:  [85.61], now:  [83.38]
MXIM profit:   [0.39], per:   [0.39], buy:  [100.1], now:  [99.71]
NTAP profit:   [2.45], per:   [3.06], buy:  [82.58], now:  [80.13]
SEE  profit:   [3.78], per:   [6.71], buy:  [60.09], now:  [56.31]
SWAV profit:   [1.54], per:    [0.9], buy: [172.18], now: [170.64]
TRNS profit:   [0.31], per:   [0.47], buy:  [65.58], now:  [65.27]
TTC  profit:   [1.55], per:   [1.37], buy:  [114.7], now: [113.15]
TU   profit:   [0.57], per:   [2.58], buy:  [22.64], now:  [22.07]
VSTO profit:    [3.3], per:   [7.99], buy:  [44.59], now:  [41.29]
-
     profit: [140.24], per: [104.84], per/len(p):   [5.24], per/len(p+m):   [3.38]
-
==== minus ====
BRBR profit:  [-2.41], per:   [-7.4], buy:  [30.17], now:  [32.58]
CUTR profit:   [-0.3], per:  [-0.56], buy:  [53.31], now:  [53.61]
ERII profit:  [-0.98], per:   [-4.9], buy:  [19.01], now:  [19.99]
MOH  profit: [-18.21], per:  [-6.64], buy: [256.04], now: [274.25]
NCR  profit:  [-2.42], per:  [-5.45], buy:  [41.95], now:  [44.37]
NVMI profit:  [-0.21], per:  [-0.21], buy:  [97.54], now:  [97.75]
PFF  profit:  [-0.25], per:  [-0.64], buy:  [39.06], now:  [39.31]
PFFD profit:   [-0.3], per:  [-1.15], buy:  [25.86], now:  [26.16]
RDNT profit:  [-2.92], per:  [-7.98], buy:  [33.67], now:  [36.59]
TXN  profit:  [-1.07], per:  [-0.56], buy: [189.65], now: [190.72]
VVV  profit:  [-0.59], per:  [-1.91], buy:  [30.31], now:   [30.9]
-
     profit: [-29.66], per:  [-37.4], per/len(m):   [-3.4], per/len(p+m):  [-1.21]
-
==== total ====
     profit: [110.58], per:  [67.44], per/len(p+m):   [2.18]
