Wed Aug 11 13:08:51 UTC 2021
===========================
scraping
===========================
START:  A
END:    0.2953341007232666
-
START:  ANAT
END:    0.460446834564209
-
START:  BBDC
END:    0.6088409423828125
-
START:  BRBR
END:    0.7448654174804688
-
START:  BURL
END:    0.8831210136413574
-
START:  CUTR
END:    1.0275373458862305
-
START:  DAVA
END:    1.1606793403625488
-
START:  ERII
END:    1.2973685264587402
-
START:  EXLS
END:    1.431065320968628
-
START:  FIVE
END:    1.5681979656219482
-
START:  GPI
END:    1.7394311428070068
-
START:  HCI
END:    1.8931999206542969
-
START:  IR
END:    2.0240912437438965
-
START:  KAI
END:    2.1665494441986084
-
START:  LIT
END:    2.3166615962982178
-
START:  MOH
END:    2.4499099254608154
-
START:  MXIM
END:    2.610793113708496
-
START:  NCR
END:    2.749802589416504
-
START:  NTAP
END:    2.902381420135498
-
START:  NVMI
END:    3.037271738052368
-
START:  PFF
END:    3.190347194671631
-
START:  PFFD
END:    3.330700159072876
-
START:  RDNT
END:    3.4692556858062744
-
START:  SEE
END:    3.6368017196655273
-
START:  SWAV
END:    3.771789073944092
-
START:  TRNS
END:    3.9067676067352295
-
START:  TTC
END:    4.074172019958496
-
START:  TU
END:    4.229833364486694
-
START:  TXN
END:    4.4258873462677
-
START:  VSTO
END:    4.557021141052246
-
START:  VVV
END:    4.7009546756744385
-
===========================
MACD sell
===========================
START:  A
START:  ANAT
START:  BBDC
START:  BRBR
HIT: ------------------------>  BRBR
START:  BURL
START:  CUTR
START:  DAVA
HIT: ------------------------>  DAVA
START:  ERII
HIT: ------------------------>  ERII
START:  EXLS
START:  FIVE
START:  GPI
HIT: ------------------------>  GPI
START:  HCI
START:  IR
START:  KAI
START:  LIT
START:  MOH
HIT: ------------------------>  MOH
START:  MXIM
START:  NCR
HIT: ------------------------>  NCR
START:  NTAP
START:  NVMI
START:  PFF
HIT: ------------------------>  PFF
START:  PFFD
HIT: ------------------------>  PFFD
START:  RDNT
HIT: ------------------------>  RDNT
START:  SEE
START:  SWAV
START:  TRNS
START:  TTC
START:  TU
START:  TXN
START:  VSTO
START:  VVV
==== MACD sell list ====
BRBR: macd -, macd hist -
DAVA: macd +, macd hist -
ERII: macd -, macd hist -
GPI : macd +, macd hist -
MOH : macd +, macd hist -
NCR : macd -, macd hist -
PFF : macd +, macd hist -
PFFD: macd +, macd hist -
RDNT: macd +, macd hist -
===========================
profit
===========================
==== plus ====
A    profit:   [3.45], per:   [2.25], now: [156.52], buy: [153.07]
ANAT profit:   [26.8], per:  [16.32], now: [190.97], buy: [164.17]
BBDC profit:   [0.37], per:   [3.49], now:  [10.97], buy:   [10.6]
BURL profit:  [21.59], per:   [6.53], now:  [352.2], buy: [330.61]
DAVA profit:   [1.99], per:   [1.57], now: [128.37], buy: [126.38]
EXLS profit:    [3.8], per:   [3.32], now:  [118.3], buy:  [114.5]
FIVE profit:  [23.88], per:  [12.31], now: [217.92], buy: [194.04]
GPI  profit:   [0.25], per:   [0.15], now: [171.66], buy: [171.41]
HCI  profit:  [12.13], per:  [11.86], now: [114.42], buy: [102.29]
IR   profit:   [2.69], per:   [5.56], now:  [51.06], buy:  [48.37]
KAI  profit:  [27.17], per:  [15.32], now: [204.52], buy: [177.35]
LIT  profit:   [2.23], per:   [2.67], now:  [85.61], buy:  [83.38]
MXIM profit:   [0.39], per:   [0.39], now:  [100.1], buy:  [99.71]
NTAP profit:   [2.45], per:   [3.06], now:  [82.58], buy:  [80.13]
SEE  profit:   [3.78], per:   [6.71], now:  [60.09], buy:  [56.31]
SWAV profit:   [1.54], per:    [0.9], now: [172.18], buy: [170.64]
TRNS profit:   [0.31], per:   [0.47], now:  [65.58], buy:  [65.27]
TTC  profit:   [1.55], per:   [1.37], now:  [114.7], buy: [113.15]
TU   profit:   [0.57], per:   [2.58], now:  [22.64], buy:  [22.07]
VSTO profit:    [3.3], per:   [7.99], now:  [44.59], buy:  [41.29]
-
     profit: [140.24], per: [104.84], per/len(p):   [5.24], per/len(p+m):   [3.38]
-
==== minus ====
BRBR profit:  [-2.41], per:   [-7.4], now:  [30.17], buy:  [32.58]
CUTR profit:   [-0.3], per:  [-0.56], now:  [53.31], buy:  [53.61]
ERII profit:  [-0.98], per:   [-4.9], now:  [19.01], buy:  [19.99]
MOH  profit: [-18.21], per:  [-6.64], now: [256.04], buy: [274.25]
NCR  profit:  [-2.42], per:  [-5.45], now:  [41.95], buy:  [44.37]
NVMI profit:  [-0.21], per:  [-0.21], now:  [97.54], buy:  [97.75]
PFF  profit:  [-0.25], per:  [-0.64], now:  [39.06], buy:  [39.31]
PFFD profit:   [-0.3], per:  [-1.15], now:  [25.86], buy:  [26.16]
RDNT profit:  [-2.92], per:  [-7.98], now:  [33.67], buy:  [36.59]
TXN  profit:  [-1.07], per:  [-0.56], now: [189.65], buy: [190.72]
VVV  profit:  [-0.59], per:  [-1.91], now:  [30.31], buy:   [30.9]
-
     profit: [-29.66], per:  [-37.4], per/len(m):   [-3.4], per/len(p+m):  [-1.21]
-
==== total ====
     profit: [110.58], per:  [67.44], per/len(p+m):   [2.18]
