Thu Aug 12 13:48:57 UTC 2021
===========================
scraping
===========================
START:  A
END:    0.16092824935913086
-
START:  ANAT
END:    0.28987812995910645
-
START:  BBDC
END:    0.383777379989624
-
START:  BRBR
END:    0.4815242290496826
-
START:  BURL
END:    0.6037650108337402
-
START:  CUTR
END:    0.6862843036651611
-
START:  DAVA
END:    0.7737674713134766
-
START:  ERII
END:    0.8681771755218506
-
START:  EXLS
END:    0.9513347148895264
-
START:  FIVE
END:    1.0347509384155273
-
START:  GPI
END:    1.1433217525482178
-
START:  HCI
END:    1.2379708290100098
-
START:  IR
END:    1.3238983154296875
-
START:  KAI
END:    1.4172275066375732
-
START:  LIT
END:    1.5185692310333252
-
START:  MOH
END:    1.6000559329986572
-
START:  MXIM
END:    1.7018311023712158
-
START:  NCR
END:    1.7837860584259033
-
START:  NTAP
END:    1.8844189643859863
-
START:  NVMI
END:    1.977754831314087
-
START:  PFF
END:    2.0885345935821533
-
START:  PFFD
END:    2.190277338027954
-
START:  RDNT
END:    2.272158622741699
-
START:  SEE
END:    2.392352819442749
-
START:  SWAV
END:    2.475468635559082
-
START:  TRNS
END:    2.5651142597198486
-
START:  TTC
END:    2.698260545730591
-
START:  TU
END:    2.8283607959747314
-
START:  TXN
END:    3.024625301361084
-
START:  VSTO
END:    3.112370729446411
-
START:  VVV
END:    3.206332206726074
-
===========================
MACD sell
===========================
START:  A
START:  ANAT
START:  BBDC
START:  BRBR
HIT: ------------------------>  BRBR
START:  BURL
START:  CUTR
HIT: ------------------------>  CUTR
START:  DAVA
HIT: ------------------------>  DAVA
START:  ERII
HIT: ------------------------>  ERII
START:  EXLS
START:  FIVE
START:  GPI
START:  HCI
START:  IR
START:  KAI
START:  LIT
START:  MOH
HIT: ------------------------>  MOH
START:  MXIM
START:  NCR
START:  NTAP
START:  NVMI
START:  PFF
HIT: ------------------------>  PFF
START:  PFFD
HIT: ------------------------>  PFFD
START:  RDNT
HIT: ------------------------>  RDNT
START:  SEE
START:  SWAV
START:  TRNS
START:  TTC
START:  TU
START:  TXN
HIT: ------------------------>  TXN
START:  VSTO
START:  VVV
==== MACD sell list ====
BRBR: macd -, macd hist -
CUTR: macd +, macd hist -
DAVA: macd +, macd hist -
ERII: macd -, macd hist -
MOH : macd +, macd hist -
PFF : macd +, macd hist -
PFFD: macd -, macd hist -
RDNT: macd +, macd hist -
TXN : macd +, macd hist -
===========================
profit
===========================
==== plus ====
A    profit:   [3.54], per:   [2.31], now: [156.61], buy: [153.07]
ANAT profit:  [27.37], per:  [16.67], now: [191.54], buy: [164.17]
BBDC profit:   [0.37], per:   [3.49], now:  [10.97], buy:   [10.6]
BURL profit:  [22.18], per:   [6.71], now: [352.79], buy: [330.61]
DAVA profit:   [3.07], per:   [2.43], now: [129.45], buy: [126.38]
EXLS profit:    [5.6], per:   [4.89], now:  [120.1], buy:  [114.5]
FIVE profit:  [29.78], per:  [15.35], now: [223.82], buy: [194.04]
GPI  profit:   [2.24], per:   [1.31], now: [173.65], buy: [171.41]
HCI  profit:  [12.99], per:   [12.7], now: [115.28], buy: [102.29]
IR   profit:    [3.5], per:   [7.24], now:  [51.87], buy:  [48.37]
KAI  profit:  [27.65], per:  [15.59], now:   [205.], buy: [177.35]
LIT  profit:    [2.7], per:   [3.24], now:  [86.08], buy:  [83.38]
NCR  profit:   [0.14], per:   [0.32], now:  [44.51], buy:  [44.37]
NTAP profit:   [2.39], per:   [2.98], now:  [82.52], buy:  [80.13]
SEE  profit:   [4.27], per:   [7.58], now:  [60.58], buy:  [56.31]
SWAV profit:   [6.53], per:   [3.83], now: [177.17], buy: [170.64]
TRNS profit:   [1.65], per:   [2.53], now:  [66.92], buy:  [65.27]
TTC  profit:   [1.66], per:   [1.47], now: [114.81], buy: [113.15]
TU   profit:   [0.57], per:   [2.58], now:  [22.64], buy:  [22.07]
VSTO profit:    [4.2], per:  [10.18], now:  [45.49], buy:  [41.29]
VVV  profit:   [0.37], per:    [1.2], now:  [31.27], buy:   [30.9]
-
     profit: [162.77], per: [124.59], per/len(p):   [5.93], per/len(p+m):   [4.02]
-
==== minus ====
BRBR profit:   [-1.3], per:  [-3.97], now:  [31.28], buy:  [32.58]
CUTR profit:  [-1.31], per:  [-2.44], now:   [52.3], buy:  [53.61]
ERII profit:  [-0.72], per:   [-3.6], now:  [19.27], buy:  [19.99]
MOH  profit:  [-23.4], per:  [-8.53], now: [250.85], buy: [274.25]
MXIM profit:  [-1.95], per:  [-1.96], now:  [97.76], buy:  [99.71]
NVMI profit:  [-1.37], per:   [-1.4], now:  [96.38], buy:  [97.75]
PFF  profit:  [-0.08], per:   [-0.2], now:  [39.23], buy:  [39.31]
PFFD profit:  [-0.19], per:  [-0.71], now:  [25.97], buy:  [26.16]
RDNT profit:  [-3.91], per: [-10.69], now:  [32.68], buy:  [36.59]
TXN  profit:  [-3.22], per:  [-1.69], now:  [187.5], buy: [190.72]
-
     profit: [-37.44], per:  [-35.2], per/len(m):  [-3.52], per/len(p+m):  [-1.14]
-
==== total ====
     profit: [125.33], per:  [89.39], per/len(p+m):   [2.88]
