Fri Aug 13 05:05:06 UTC 2021
===========================
scraping
===========================
START:  A
END:    0.17355036735534668
-
START:  ANAT
END:    0.376359224319458
-
START:  BBDC
END:    0.5650544166564941
-
START:  BRBR
END:    0.6974689960479736
-
START:  BURL
END:    0.8950963020324707
-
START:  CUTR
END:    1.0263283252716064
-
START:  DAVA
END:    1.155435562133789
-
START:  ERII
END:    1.288172960281372
-
START:  EXLS
END:    1.4212303161621094
-
START:  FIVE
END:    1.5590417385101318
-
START:  GPI
END:    1.7048614025115967
-
START:  HCI
END:    1.8461153507232666
-
START:  IR
END:    1.9831316471099854
-
START:  KAI
END:    2.152251958847046
-
START:  LIT
END:    2.3044369220733643
-
START:  MOH
END:    2.4448680877685547
-
START:  MXIM
END:    2.5991671085357666
-
START:  NCR
END:    2.729027032852173
-
START:  NTAP
END:    2.876891613006592
-
START:  NVMI
END:    3.0139081478118896
-
START:  PFF
END:    3.172029972076416
-
START:  PFFD
END:    3.3076722621917725
-
START:  RDNT
END:    3.44366192817688
-
START:  SEE
END:    3.606492519378662
-
START:  SWAV
END:    3.741642475128174
-
START:  TRNS
END:    3.872955799102783
-
START:  TTC
END:    4.045658111572266
-
START:  TU
END:    4.199504613876343
-
START:  TXN
END:    4.402390241622925
-
START:  VSTO
END:    4.5411529541015625
-
START:  VVV
END:    4.685863018035889
-
===========================
MACD sell
===========================
START:  A
START:  ANAT
START:  BBDC
START:  BRBR
HIT: ------------------------>  BRBR
START:  BURL
START:  CUTR
HIT: ------------------------>  CUTR
START:  DAVA
START:  ERII
HIT: ------------------------>  ERII
START:  EXLS
START:  FIVE
START:  GPI
START:  HCI
START:  IR
START:  KAI
START:  LIT
START:  MOH
HIT: ------------------------>  MOH
START:  MXIM
START:  NCR
START:  NTAP
START:  NVMI
START:  PFF
HIT: ------------------------>  PFF
START:  PFFD
HIT: ------------------------>  PFFD
START:  RDNT
HIT: ------------------------>  RDNT
START:  SEE
START:  SWAV
START:  TRNS
START:  TTC
START:  TU
START:  TXN
HIT: ------------------------>  TXN
START:  VSTO
START:  VVV
==== MACD sell list ====
BRBR: macd -, macd hist -
CUTR: macd +, macd hist -
ERII: macd -, macd hist -
MOH : macd +, macd hist -
PFF : macd +, macd hist -
PFFD: macd -, macd hist -
RDNT: macd +, macd hist -
TXN : macd +, macd hist -
===========================
profit
===========================
==== plus ====
A    profit:   [5.08], per:   [3.32], now: [158.15], buy: [153.07]
ANAT profit:   [28.1], per:  [17.12], now: [192.27], buy: [164.17]
BBDC profit:   [0.41], per:   [3.87], now:  [11.01], buy:   [10.6]
BURL profit:  [15.39], per:   [4.66], now:   [346.], buy: [330.61]
DAVA profit:   [9.62], per:   [7.61], now:   [136.], buy: [126.38]
EXLS profit:   [5.22], per:   [4.56], now: [119.72], buy:  [114.5]
FIVE profit:  [28.06], per:  [14.46], now:  [222.1], buy: [194.04]
GPI  profit:   [3.84], per:   [2.24], now: [175.25], buy: [171.41]
HCI  profit:  [11.66], per:   [11.4], now: [113.95], buy: [102.29]
IR   profit:   [3.64], per:   [7.53], now:  [52.01], buy:  [48.37]
KAI  profit:  [27.02], per:  [15.24], now: [204.37], buy: [177.35]
LIT  profit:   [3.48], per:   [4.17], now:  [86.86], buy:  [83.38]
NTAP profit:   [2.93], per:   [3.66], now:  [83.06], buy:  [80.13]
SEE  profit:   [4.01], per:   [7.12], now:  [60.32], buy:  [56.31]
SWAV profit:  [14.36], per:   [8.42], now:   [185.], buy: [170.64]
TRNS profit:   [2.64], per:   [4.04], now:  [67.91], buy:  [65.27]
TTC  profit:   [0.88], per:   [0.78], now: [114.03], buy: [113.15]
TU   profit:   [0.62], per:   [2.81], now:  [22.69], buy:  [22.07]
VSTO profit:   [3.47], per:    [8.4], now:  [44.76], buy:  [41.29]
VVV  profit:   [0.05], per:   [0.16], now:  [30.95], buy:   [30.9]
-
     profit: [170.48], per: [131.55], per/len(p):   [6.58], per/len(p+m):   [4.24]
-
==== minus ====
BRBR profit:  [-1.38], per:  [-4.24], now:   [31.2], buy:  [32.58]
CUTR profit:  [-3.23], per:  [-6.02], now:  [50.38], buy:  [53.61]
ERII profit:  [-0.48], per:   [-2.4], now:  [19.51], buy:  [19.99]
MOH  profit: [-26.71], per:  [-9.74], now: [247.54], buy: [274.25]
MXIM profit:  [-1.25], per:  [-1.25], now:  [98.46], buy:  [99.71]
NCR  profit:  [-0.39], per:  [-0.88], now:  [43.98], buy:  [44.37]
NVMI profit:  [-2.71], per:  [-2.77], now:  [95.04], buy:  [97.75]
PFF  profit:     [0.], per:     [0.], now:  [39.31], buy:  [39.31]
PFFD profit:  [-0.18], per:  [-0.69], now:  [25.98], buy:  [26.16]
RDNT profit:  [-4.68], per: [-12.79], now:  [31.91], buy:  [36.59]
TXN  profit:  [-2.85], per:  [-1.49], now: [187.87], buy: [190.72]
-
     profit: [-43.86], per: [-42.28], per/len(m):  [-3.84], per/len(p+m):  [-1.36]
-
==== total ====
     profit: [126.62], per:  [89.28], per/len(p+m):   [2.88]
