Sat Aug 14 13:49:07 UTC 2021
===========================
scraping
===========================
START:  A
END:    0.17458128929138184
-
START:  ANAT
END:    0.29637980461120605
-
START:  BBDC
END:    0.4205169677734375
-
START:  BRBR
END:    0.5014421939849854
-
START:  BURL
END:    0.5822255611419678
-
START:  CUTR
END:    0.6669614315032959
-
START:  DAVA
END:    0.7514171600341797
-
START:  ERII
END:    0.8730208873748779
-
START:  EXLS
END:    0.9576594829559326
-
START:  FIVE
END:    1.0426137447357178
-
START:  GPI
END:    1.134483814239502
-
START:  HCI
END:    1.2194163799285889
-
START:  IR
END:    1.2998952865600586
-
START:  KAI
END:    1.4288716316223145
-
START:  LIT
END:    1.5338187217712402
-
START:  MOH
END:    1.6210904121398926
-
START:  MXIM
END:    1.7146422863006592
-
START:  NCR
END:    1.7934184074401855
-
START:  NTAP
END:    1.8854739665985107
-
START:  NVMI
END:    1.963362455368042
-
START:  PFF
END:    2.3323135375976562
-
START:  PFFD
END:    2.416949510574341
-
START:  RDNT
END:    2.4924190044403076
-
START:  SEE
END:    2.63584041595459
-
START:  SWAV
END:    2.710371732711792
-
START:  TRNS
END:    2.8150668144226074
-
START:  TTC
END:    2.9327375888824463
-
START:  TU
END:    3.0340685844421387
-
START:  TXN
END:    3.19814133644104
-
START:  VSTO
END:    3.3057267665863037
-
START:  VVV
END:    3.3821051120758057
-
===========================
MACD sell
===========================
START:  A
START:  ANAT
START:  BBDC
START:  BRBR
HIT: ------------------------>  BRBR
START:  BURL
START:  CUTR
HIT: ------------------------>  CUTR
START:  DAVA
START:  ERII
HIT: ------------------------>  ERII
START:  EXLS
START:  FIVE
START:  GPI
START:  HCI
START:  IR
START:  KAI
START:  LIT
HIT: ------------------------>  LIT
START:  MOH
HIT: ------------------------>  MOH
START:  MXIM
START:  NCR
START:  NTAP
START:  NVMI
HIT: ------------------------>  NVMI
START:  PFF
HIT: ------------------------>  PFF
START:  PFFD
HIT: ------------------------>  PFFD
START:  RDNT
HIT: ------------------------>  RDNT
START:  SEE
START:  SWAV
START:  TRNS
START:  TTC
HIT: ------------------------>  TTC
START:  TU
START:  TXN
HIT: ------------------------>  TXN
START:  VSTO
START:  VVV
==== MACD sell list ====
BRBR: macd -, macd hist -
CUTR: macd +, macd hist -
ERII: macd -, macd hist -
LIT : macd +, macd hist -
MOH : macd -, macd hist -
NVMI: macd -, macd hist -
PFF : macd +, macd hist -
PFFD: macd +, macd hist -
RDNT: macd -, macd hist -
TTC : macd +, macd hist -
TXN : macd +, macd hist -
===========================
profit
===========================
==== plus ====
A    , macd +, macd hist +, profit:   [6.16], per:   [4.02], now: [159.23], buy: [153.07]
ANAT , macd +, macd hist +, profit:  [27.52], per:  [16.76], now: [191.69], buy: [164.17]
BBDC , macd +, macd hist +, profit:   [0.43], per:   [4.06], now:  [11.03], buy:   [10.6]
BURL , macd +, macd hist +, profit:  [12.24], per:    [3.7], now: [342.85], buy: [330.61]
DAVA , macd +, macd hist +, profit:  [11.93], per:   [9.44], now: [138.31], buy: [126.38]
EXLS , macd +, macd hist +, profit:   [5.63], per:   [4.92], now: [120.13], buy:  [114.5]
FIVE , macd +, macd hist +, profit:  [27.58], per:  [14.21], now: [221.62], buy: [194.04]
HCI  , macd +, macd hist +, profit:   [9.98], per:   [9.76], now: [112.27], buy: [102.29]
IR   , macd +, macd hist +, profit:   [4.06], per:   [8.39], now:  [52.43], buy:  [48.37]
KAI  , macd +, macd hist +, profit:  [25.62], per:  [14.45], now: [202.97], buy: [177.35]
LIT  , macd +, macd hist -, profit:   [2.68], per:   [3.21], now:  [86.06], buy:  [83.38]
MXIM , macd -, macd hist +, profit:   [0.02], per:   [0.02], now:  [99.73], buy:  [99.71]
NTAP , macd +, macd hist +, profit:   [2.15], per:   [2.68], now:  [82.28], buy:  [80.13]
PFF  , macd +, macd hist -, profit:   [0.08], per:    [0.2], now:  [39.39], buy:  [39.31]
SEE  , macd +, macd hist +, profit:   [4.11], per:    [7.3], now:  [60.42], buy:  [56.31]
SWAV , macd +, macd hist +, profit:  [16.29], per:   [9.55], now: [186.93], buy: [170.64]
TRNS , macd +, macd hist +, profit:   [2.68], per:   [4.11], now:  [67.95], buy:  [65.27]
TTC  , macd +, macd hist -, profit:   [0.75], per:   [0.66], now:  [113.9], buy: [113.15]
TU   , macd +, macd hist +, profit:   [0.74], per:   [3.35], now:  [22.81], buy:  [22.07]
VSTO , macd +, macd hist +, profit:   [1.73], per:   [4.19], now:  [43.02], buy:  [41.29]
-
     profit: [162.38], per: [124.99], per/len(p):   [6.25], per/len(p+m):   [4.03]
-
==== minus ====
BRBR , macd -, macd hist -, profit:  [-0.56], per:  [-1.72], now:  [32.02], buy:  [32.58]
CUTR , macd +, macd hist -, profit:  [-3.89], per:  [-7.26], now:  [49.72], buy:  [53.61]
ERII , macd -, macd hist -, profit:  [-0.91], per:  [-4.55], now:  [19.08], buy:  [19.99]
GPI  , macd +, macd hist +, profit:  [-0.47], per:  [-0.27], now: [170.94], buy: [171.41]
MOH  , macd -, macd hist -, profit: [-25.97], per:  [-9.47], now: [248.28], buy: [274.25]
NCR  , macd -, macd hist +, profit:  [-0.92], per:  [-2.07], now:  [43.45], buy:  [44.37]
NVMI , macd -, macd hist -, profit:  [-2.86], per:  [-2.93], now:  [94.89], buy:  [97.75]
PFFD , macd +, macd hist -, profit:  [-0.11], per:  [-0.42], now:  [26.05], buy:  [26.16]
RDNT , macd -, macd hist -, profit:  [-6.03], per: [-16.48], now:  [30.56], buy:  [36.59]
TXN  , macd +, macd hist -, profit:  [-2.02], per:  [-1.06], now:  [188.7], buy: [190.72]
VVV  , macd -, macd hist +, profit:   [-0.2], per:  [-0.65], now:   [30.7], buy:   [30.9]
-
     profit: [-43.94], per: [-46.88], per/len(m):  [-4.26], per/len(p+m):  [-1.51]
-
==== total ====
     profit: [118.44], per:  [78.11], per/len(p+m):   [2.52]
