Mon Aug 16 14:15:58 UTC 2021
===========================
scraping
===========================
START:  A
END:    0.13255786895751953
-
START:  ANAT
END:    0.2966458797454834
-
START:  BBDC
END:    0.41936373710632324
-
START:  BRBR
END:    0.5229549407958984
-
START:  BURL
END:    0.606290340423584
-
START:  CUTR
END:    0.6966361999511719
-
START:  DAVA
END:    0.7841274738311768
-
START:  ERII
END:    0.9063940048217773
-
START:  EXLS
END:    1.0274178981781006
-
START:  FIVE
END:    1.1139869689941406
-
START:  GPI
END:    1.2136070728302002
-
START:  HCI
END:    1.3226044178009033
-
START:  IR
END:    1.4159736633300781
-
START:  KAI
END:    1.5122098922729492
-
START:  LIT
END:    1.6140058040618896
-
START:  MXIM
END:    1.7248191833496094
-
START:  NTAP
END:    1.8590176105499268
-
START:  NVMI
END:    1.9478833675384521
-
START:  PFF
END:    2.070047616958618
-
START:  PFFD
END:    2.1597437858581543
-
START:  SEE
END:    2.292370319366455
-
START:  SWAV
END:    2.3820583820343018
-
START:  TRNS
END:    2.465541124343872
-
START:  TTC
END:    2.594099998474121
-
START:  TU
END:    2.698819160461426
-
START:  TXN
END:    2.841296434402466
-
START:  VSTO
END:    2.929918050765991
-
START:  VVV
END:    3.0201690196990967
-
START:  JJG
END:    3.1050989627838135
-
START:  SEAS
END:    3.1971447467803955
-
===========================
MACD sell
===========================
START:  A
START:  ANAT
START:  BBDC
START:  BRBR
HIT: ------------------------>  BRBR
START:  BURL
START:  CUTR
HIT: ------------------------>  CUTR
START:  DAVA
START:  ERII
HIT: ------------------------>  ERII
START:  EXLS
START:  FIVE
START:  GPI
HIT: ------------------------>  GPI
START:  HCI
START:  IR
START:  KAI
START:  LIT
HIT: ------------------------>  LIT
START:  MXIM
START:  NTAP
START:  NVMI
HIT: ------------------------>  NVMI
START:  PFF
HIT: ------------------------>  PFF
START:  PFFD
HIT: ------------------------>  PFFD
START:  SEE
START:  SWAV
START:  TRNS
START:  TTC
HIT: ------------------------>  TTC
START:  TU
START:  TXN
HIT: ------------------------>  TXN
START:  VSTO
START:  VVV
START:  JJG
START:  SEAS
==== MACD sell list ====
BRBR: macd +, macd hist -
CUTR: macd +, macd hist -
ERII: macd -, macd hist -
GPI : macd +, macd hist -
LIT : macd +, macd hist -
NVMI: macd -, macd hist -
PFF : macd +, macd hist -
PFFD: macd +, macd hist -
TTC : macd +, macd hist -
TXN : macd +, macd hist -
===========================
profit
===========================
==== plus ====
A    , macd +, macd hist +, profit:   [6.69], per:   [4.37], now: [159.76], buy: [153.07]
ANAT , macd +, macd hist +, profit:  [27.34], per:  [16.65], now: [191.51], buy: [164.17]
BBDC , macd +, macd hist +, profit:   [0.45], per:   [4.25], now:  [11.05], buy:   [10.6]
BURL , macd +, macd hist +, profit:  [12.16], per:   [3.68], now: [342.77], buy: [330.61]
DAVA , macd +, macd hist +, profit:  [11.41], per:   [9.03], now: [137.79], buy: [126.38]
EXLS , macd +, macd hist +, profit:   [5.22], per:   [4.56], now: [119.72], buy:  [114.5]
FIVE , macd +, macd hist +, profit:  [29.77], per:  [15.34], now: [223.81], buy: [194.04]
HCI  , macd +, macd hist +, profit:  [10.18], per:   [9.95], now: [112.47], buy: [102.29]
IR   , macd +, macd hist +, profit:   [3.94], per:   [8.16], now:  [52.31], buy:  [48.37]
KAI  , macd +, macd hist +, profit:  [22.96], per:  [12.95], now: [200.31], buy: [177.35]
MXIM , macd -, macd hist +, profit:   [0.14], per:   [0.14], now:  [99.85], buy:  [99.71]
NTAP , macd +, macd hist +, profit:     [2.], per:    [2.5], now:  [82.13], buy:  [80.13]
PFF  , macd +, macd hist -, profit:   [0.06], per:   [0.17], now:  [39.38], buy:  [39.31]
SEE  , macd +, macd hist +, profit:   [4.06], per:   [7.21], now:  [60.37], buy:  [56.31]
SWAV , macd +, macd hist +, profit:   [12.1], per:   [7.09], now: [182.74], buy: [170.64]
TRNS , macd +, macd hist +, profit:   [1.17], per:    [1.8], now:  [66.44], buy:  [65.27]
TTC  , macd +, macd hist -, profit:    [0.6], per:   [0.53], now: [113.75], buy: [113.15]
TU   , macd +, macd hist +, profit:   [0.76], per:   [3.44], now:  [22.83], buy:  [22.07]
VSTO , macd +, macd hist +, profit:   [0.97], per:   [2.34], now:  [42.26], buy:  [41.29]
-
     plus  len:  19
     profit: [151.97], per: [114.13], per/len(p):   [6.01], per/len(p+m):    [3.8]
-
==== minus ====
BRBR , macd +, macd hist -, profit:  [-0.44], per:  [-1.35], now:  [32.14], buy:  [32.58]
CUTR , macd +, macd hist -, profit:  [-4.37], per:  [-8.15], now:  [49.24], buy:  [53.61]
ERII , macd -, macd hist -, profit:  [-1.18], per:   [-5.9], now:  [18.81], buy:  [19.99]
GPI  , macd +, macd hist -, profit:  [-1.43], per:  [-0.83], now: [169.98], buy: [171.41]
LIT  , macd +, macd hist -, profit:  [-1.49], per:  [-1.79], now:  [81.89], buy:  [83.38]
NVMI , macd -, macd hist -, profit:  [-2.37], per:  [-2.42], now:  [95.38], buy:  [97.75]
PFFD , macd +, macd hist -, profit:   [-0.1], per:   [-0.4], now:  [26.06], buy:  [26.16]
TXN  , macd +, macd hist -, profit:  [-1.55], per:  [-0.81], now: [189.17], buy: [190.72]
VVV  , macd -, macd hist +, profit:     [0.], per:     [0.], now:   [30.9], buy:   [30.9]
JJG  , macd +, macd hist +, profit:     [0.], per:     [0.], now:  [66.49], buy:  [66.49]
SEAS , macd +, macd hist +, profit:  [-0.37], per:   [-0.7], now:   [52.6], buy:  [52.97]
-
     minus len:  11
     profit: [-13.31], per: [-22.36], per/len(m):  [-2.03], per/len(p+m):  [-0.75]
-
==== total ====
     profit: [138.67], per:  [91.77], per/len(p+m):   [3.06]
