Tue Aug 17 13:49:31 UTC 2021
===========================
scraping
===========================
START:  A
END:    0.21315598487854004
-
START:  ANAT
END:    0.39554810523986816
-
START:  BBDC
END:    0.5575523376464844
-
START:  BURL
END:    0.6636590957641602
-
START:  DAVA
END:    0.7877440452575684
-
START:  EXLS
END:    0.923743724822998
-
START:  FIVE
END:    1.0897397994995117
-
START:  GPI
END:    1.2418618202209473
-
START:  HCI
END:    1.4205527305603027
-
START:  IR
END:    1.5118935108184814
-
START:  KAI
END:    1.6298389434814453
-
START:  LIT
END:    1.8244507312774658
-
START:  MXIM
END:    1.9460601806640625
-
START:  NTAP
END:    2.058717966079712
-
START:  PFF
END:    2.2610409259796143
-
START:  PFFD
END:    2.4206976890563965
-
START:  SEE
END:    2.557788848876953
-
START:  SWAV
END:    2.729550361633301
-
START:  TRNS
END:    2.8457465171813965
-
START:  TTC
END:    2.963402032852173
-
START:  TU
END:    3.1663780212402344
-
START:  TXN
END:    3.3937158584594727
-
START:  VSTO
END:    3.5677566528320312
-
START:  VVV
END:    3.7628870010375977
-
START:  JJG
END:    3.944462776184082
-
START:  SEAS
END:    4.0453104972839355
-
START:  ALLE
END:    4.164056777954102
-
START:  ARW
END:    4.275272607803345
-
START:  FIBK
END:    4.398303985595703
-
START:  MHO
END:    4.507992744445801
-
===========================
MACD sell
===========================
START:  A
START:  ANAT
START:  BBDC
START:  BURL
START:  DAVA
START:  EXLS
START:  FIVE
START:  GPI
START:  HCI
START:  IR
START:  KAI
START:  LIT
HIT: ------------------------>  LIT
START:  MXIM
START:  NTAP
START:  PFF
HIT: ------------------------>  PFF
START:  PFFD
HIT: ------------------------>  PFFD
START:  SEE
START:  SWAV
START:  TRNS
START:  TTC
HIT: ------------------------>  TTC
START:  TU
START:  TXN
HIT: ------------------------>  TXN
START:  VSTO
START:  VVV
START:  JJG
START:  SEAS
START:  ALLE
START:  ARW
HIT: ------------------------>  ARW
START:  FIBK
START:  MHO
==== MACD sell list ====
LIT : macd +, macd hist -
PFF : macd +, macd hist -
PFFD: macd +, macd hist -
TTC : macd +, macd hist -
TXN : macd +, macd hist -
ARW : macd +, macd hist -
===========================
profit
===========================
==== plus ====
A    , macd +, macd hist +, profit:     [9.], per:   [5.88], now: [162.07], buy: [153.07]
ANAT , macd +, macd hist +, profit:  [27.82], per:  [16.95], now: [191.99], buy: [164.17]
BBDC , macd +, macd hist +, profit:   [0.39], per:   [3.68], now:  [10.99], buy:   [10.6]
BURL , macd +, macd hist +, profit:  [10.19], per:   [3.08], now:  [340.8], buy: [330.61]
DAVA , macd +, macd hist +, profit:  [13.01], per:  [10.29], now: [139.39], buy: [126.38]
EXLS , macd +, macd hist +, profit:   [6.87], per:     [6.], now: [121.37], buy:  [114.5]
FIVE , macd +, macd hist +, profit:  [33.78], per:  [17.41], now: [227.82], buy: [194.04]
GPI  , macd +, macd hist +, profit:   [3.86], per:   [2.25], now: [175.27], buy: [171.41]
HCI  , macd +, macd hist +, profit:   [8.59], per:    [8.4], now: [110.88], buy: [102.29]
IR   , macd +, macd hist +, profit:   [3.93], per:   [8.12], now:   [52.3], buy:  [48.37]
KAI  , macd +, macd hist +, profit:  [24.67], per:  [13.91], now: [202.02], buy: [177.35]
MXIM , macd -, macd hist +, profit:    [0.3], per:    [0.3], now: [100.01], buy:  [99.71]
NTAP , macd +, macd hist +, profit:   [1.67], per:   [2.08], now:   [81.8], buy:  [80.13]
PFF  , macd +, macd hist -, profit:   [0.06], per:   [0.15], now:  [39.37], buy:  [39.31]
SEE  , macd +, macd hist +, profit:   [4.15], per:   [7.37], now:  [60.46], buy:  [56.31]
SWAV , macd +, macd hist +, profit:  [19.69], per:  [11.54], now: [190.33], buy: [170.64]
TRNS , macd +, macd hist +, profit:   [0.43], per:   [0.66], now:   [65.7], buy:  [65.27]
TTC  , macd +, macd hist -, profit:   [1.61], per:   [1.42], now: [114.76], buy: [113.15]
TU   , macd +, macd hist +, profit:   [0.79], per:   [3.58], now:  [22.86], buy:  [22.07]
VSTO , macd +, macd hist +, profit:   [1.24], per:     [3.], now:  [42.53], buy:  [41.29]
VVV  , macd -, macd hist +, profit:    [0.1], per:   [0.32], now:    [31.], buy:   [30.9]
ALLE , macd +, macd hist +, profit:     [0.], per:     [0.], now: [139.97], buy: [139.97]
ARW  , macd +, macd hist -, profit:     [0.], per:     [0.], now: [117.68], buy: [117.68]
FIBK , macd +, macd hist +, profit:     [0.], per:     [0.], now:  [45.07], buy:  [45.07]
MHO  , macd +, macd hist +, profit:     [0.], per:     [0.], now:  [64.79], buy:  [64.79]
-
     plus  len:  25
     profit: [172.15], per: [126.41], per/len(p):   [5.06], per/len(p+m):   [4.21]
-
==== minus ====
LIT  , macd +, macd hist -, profit:  [-1.37], per:  [-1.64], now:  [82.01], buy:  [83.38]
PFFD , macd +, macd hist -, profit:  [-0.12], per:  [-0.46], now:  [26.04], buy:  [26.16]
TXN  , macd +, macd hist -, profit:  [-0.87], per:  [-0.46], now: [189.85], buy: [190.72]
JJG  , macd +, macd hist +, profit:   [-0.6], per:   [-0.9], now:  [65.89], buy:  [66.49]
SEAS , macd +, macd hist +, profit:  [-1.76], per:  [-3.32], now:  [51.21], buy:  [52.97]
-
     minus len:  5
     profit:  [-4.72], per:  [-6.78], per/len(m):  [-1.36], per/len(p+m):  [-0.23]
-
==== total ====
     profit: [167.43], per: [119.63], per/len(p+m):   [3.99]
