Wed Aug 18 13:49:00 UTC 2021
===========================
scraping
===========================
START:  A
END:    0.20473313331604004
-
START:  ANAT
END:    0.4321458339691162
-
START:  BBDC
END:    0.6904275417327881
-
START:  BURL
END:    0.8352181911468506
-
START:  DAVA
END:    0.993706464767456
-
START:  EXLS
END:    1.2485365867614746
-
START:  FIVE
END:    1.396075963973999
-
START:  GPI
END:    1.6660614013671875
-
START:  HCI
END:    1.807131290435791
-
START:  IR
END:    2.006179094314575
-
START:  KAI
END:    2.2054851055145264
-
START:  LIT
END:    2.34555721282959
-
START:  MXIM
END:    2.5206139087677
-
START:  NTAP
END:    2.706247329711914
-
START:  PFF
END:    2.9207918643951416
-
START:  PFFD
END:    3.0774660110473633
-
START:  SEE
END:    3.3126327991485596
-
START:  SWAV
END:    3.4330434799194336
-
START:  TRNS
END:    3.6123006343841553
-
START:  TTC
END:    3.8410520553588867
-
START:  TU
END:    4.024662256240845
-
START:  TXN
END:    4.2869179248809814
-
START:  VSTO
END:    4.451598167419434
-
START:  VVV
END:    4.606002330780029
-
START:  JJG
END:    4.735150098800659
-
START:  SEAS
END:    4.914632797241211
-
START:  ALLE
END:    5.081267595291138
-
START:  ARW
END:    5.22847843170166
-
START:  FIBK
END:    5.366092920303345
-
START:  MHO
END:    5.536265134811401
-
===========================
MACD sell
===========================
START:  A
START:  ANAT
START:  BBDC
START:  BURL
HIT: ------------------------>  BURL
START:  DAVA
START:  EXLS
START:  FIVE
START:  GPI
HIT: ------------------------>  GPI
START:  HCI
START:  IR
START:  KAI
START:  LIT
HIT: ------------------------>  LIT
START:  MXIM
HIT: ------------------------>  MXIM
START:  NTAP
HIT: ------------------------>  NTAP
START:  PFF
HIT: ------------------------>  PFF
START:  PFFD
HIT: ------------------------>  PFFD
START:  SEE
START:  SWAV
START:  TRNS
HIT: ------------------------>  TRNS
START:  TTC
HIT: ------------------------>  TTC
START:  TU
START:  TXN
HIT: ------------------------>  TXN
START:  VSTO
HIT: ------------------------>  VSTO
START:  VVV
START:  JJG
START:  SEAS
START:  ALLE
START:  ARW
HIT: ------------------------>  ARW
START:  FIBK
START:  MHO
==== MACD sell list ====
BURL: macd +, macd hist -
GPI : macd +, macd hist -
LIT : macd +, macd hist -
MXIM: macd -, macd hist -
NTAP: macd +, macd hist -
PFF : macd +, macd hist -
PFFD: macd -, macd hist -
TRNS: macd +, macd hist -
TTC : macd +, macd hist -
TXN : macd -, macd hist -
VSTO: macd +, macd hist -
ARW : macd +, macd hist -
===========================
profit
===========================
==== plus ====
A    , macd +, macd hist +, profit:   [9.84], per:   [6.43], now: [162.91], buy: [153.07]
ANAT , macd +, macd hist +, profit:  [26.75], per:  [16.29], now: [190.92], buy: [164.17]
BBDC , macd +, macd hist +, profit:   [0.47], per:   [4.48], now:  [11.07], buy:   [10.6]
BURL , macd +, macd hist -, profit:    [2.7], per:   [0.82], now: [333.31], buy: [330.61]
DAVA , macd +, macd hist +, profit:  [12.39], per:    [9.8], now: [138.77], buy: [126.38]
EXLS , macd +, macd hist +, profit:   [5.67], per:   [4.95], now: [120.17], buy:  [114.5]
FIVE , macd +, macd hist +, profit:  [27.12], per:  [13.97], now: [221.15], buy: [194.04]
HCI  , macd +, macd hist +, profit:   [7.68], per:   [7.51], now: [109.97], buy: [102.29]
IR   , macd +, macd hist +, profit:   [2.28], per:   [4.71], now:  [50.65], buy:  [48.37]
KAI  , macd +, macd hist +, profit:   [23.2], per:  [13.08], now: [200.55], buy: [177.35]
NTAP , macd +, macd hist -, profit:   [0.33], per:   [0.41], now:  [80.46], buy:  [80.13]
SEE  , macd +, macd hist +, profit:   [3.17], per:   [5.63], now:  [59.48], buy:  [56.31]
SWAV , macd +, macd hist +, profit:  [13.94], per:   [8.17], now: [184.58], buy: [170.64]
TU   , macd +, macd hist +, profit:   [0.78], per:   [3.56], now:  [22.85], buy:  [22.07]
VSTO , macd +, macd hist -, profit:    [0.3], per:   [0.73], now:  [41.59], buy:  [41.29]
ALLE , macd +, macd hist +, profit:   [1.09], per:   [0.78], now: [141.06], buy: [139.97]
-
     plus  len:  16
     profit: [137.72], per: [101.33], per/len(p):   [6.33], per/len(p+m):   [3.38]
-
==== minus ====
GPI  , macd +, macd hist -, profit:  [-5.29], per:  [-3.08], now: [166.12], buy: [171.41]
LIT  , macd +, macd hist -, profit:  [-2.44], per:  [-2.93], now:  [80.94], buy:  [83.38]
MXIM , macd -, macd hist -, profit:  [-1.38], per:  [-1.38], now:  [98.33], buy:  [99.71]
PFF  , macd +, macd hist -, profit:  [-0.15], per:  [-0.37], now:  [39.17], buy:  [39.31]
PFFD , macd -, macd hist -, profit:  [-0.24], per:  [-0.92], now:  [25.92], buy:  [26.16]
TRNS , macd +, macd hist -, profit:  [-0.96], per:  [-1.47], now:  [64.31], buy:  [65.27]
TTC  , macd +, macd hist -, profit:  [-1.75], per:  [-1.55], now:  [111.4], buy: [113.15]
TXN  , macd -, macd hist -, profit:  [-5.36], per:  [-2.81], now: [185.36], buy: [190.72]
VVV  , macd -, macd hist +, profit:  [-0.48], per:  [-1.55], now:  [30.42], buy:   [30.9]
JJG  , macd +, macd hist +, profit:  [-1.28], per:  [-1.93], now:  [65.21], buy:  [66.49]
SEAS , macd +, macd hist +, profit:  [-5.03], per:  [-9.49], now:  [47.94], buy:  [52.97]
ARW  , macd +, macd hist -, profit:  [-0.44], per:  [-0.37], now: [117.24], buy: [117.68]
FIBK , macd +, macd hist +, profit:  [-0.66], per:  [-1.46], now:  [44.41], buy:  [45.07]
MHO  , macd +, macd hist +, profit:  [-2.87], per:  [-4.42], now:  [61.92], buy:  [64.79]
-
     minus len:  14
     profit: [-28.31], per: [-33.74], per/len(m):  [-2.41], per/len(p+m):  [-1.12]
-
==== total ====
     profit: [109.41], per:  [67.59], per/len(p+m):   [2.25]
