Thu Aug 19 13:49:33 UTC 2021
===========================
scraping
===========================
START:  A
END:    0.15987396240234375
-
START:  ANAT
END:    0.3367595672607422
-
START:  BBDC
END:    0.46077680587768555
-
START:  BURL
END:    0.589148998260498
-
START:  DAVA
END:    0.7278907299041748
-
START:  EXLS
END:    0.8291988372802734
-
START:  FIVE
END:    0.9484679698944092
-
START:  GPI
END:    1.2047786712646484
-
START:  HCI
END:    1.3225526809692383
-
START:  IR
END:    1.4177730083465576
-
START:  KAI
END:    1.5561463832855225
-
START:  LIT
END:    1.6557388305664062
-
START:  MXIM
END:    1.8012890815734863
-
START:  NTAP
END:    1.9827117919921875
-
START:  PFF
END:    2.186638593673706
-
START:  PFFD
END:    2.3434157371520996
-
START:  SEE
END:    2.5151407718658447
-
START:  SWAV
END:    2.6079282760620117
-
START:  TRNS
END:    2.7566561698913574
-
START:  TTC
END:    2.9592764377593994
-
START:  TU
END:    3.077017068862915
-
START:  TXN
END:    3.340520143508911
-
START:  VSTO
END:    3.503755807876587
-
START:  VVV
END:    3.6249330043792725
-
START:  JJG
END:    3.7423229217529297
-
START:  SEAS
END:    3.8433055877685547
-
START:  ALLE
END:    3.9387764930725098
-
START:  ARW
END:    4.088369369506836
-
START:  FIBK
END:    4.2115678787231445
-
START:  MHO
END:    4.414822340011597
-
===========================
MACD sell
===========================
START:  A
START:  ANAT
START:  BBDC
START:  BURL
START:  DAVA
START:  EXLS
START:  FIVE
START:  GPI
START:  HCI
START:  IR
START:  KAI
START:  LIT
START:  MXIM
START:  NTAP
START:  PFF
START:  PFFD
HIT: ------------------------>  PFFD
START:  SEE
START:  SWAV
START:  TRNS
START:  TTC
START:  TU
START:  TXN
HIT: ------------------------>  TXN
START:  VSTO
START:  VVV
HIT: ------------------------>  VVV
START:  JJG
START:  SEAS
START:  ALLE
START:  ARW
START:  FIBK
START:  MHO
==== MACD sell list ====
PFFD: macd -, macd hist -
TXN : macd -, macd hist -
VVV : macd -, macd hist -
===========================
profit
===========================
==== plus ====
A    , macd +, macd hist +, profit:  [11.47], per:   [7.49], now: [164.54], buy: [153.07]
ANAT , macd +, macd hist +, profit:  [27.09], per:   [16.5], now: [191.26], buy: [164.17]
BBDC , macd +, macd hist +, profit:   [0.28], per:   [2.64], now:  [10.88], buy:   [10.6]
BURL , macd +, macd hist -, profit:   [5.97], per:   [1.81], now: [336.58], buy: [330.61]
DAVA , macd +, macd hist +, profit:  [14.17], per:  [11.22], now: [140.55], buy: [126.38]
EXLS , macd +, macd hist +, profit:   [6.07], per:    [5.3], now: [120.57], buy:  [114.5]
FIVE , macd +, macd hist +, profit:  [26.68], per:  [13.75], now: [220.72], buy: [194.04]
HCI  , macd +, macd hist -, profit:    [7.2], per:   [7.04], now: [109.49], buy: [102.29]
IR   , macd +, macd hist -, profit:   [1.67], per:   [3.46], now:  [50.04], buy:  [48.37]
KAI  , macd +, macd hist +, profit:   [20.7], per:  [11.67], now: [198.05], buy: [177.35]
SEE  , macd +, macd hist +, profit:   [2.52], per:   [4.48], now:  [58.83], buy:  [56.31]
SWAV , macd +, macd hist +, profit:  [14.98], per:   [8.78], now: [185.62], buy: [170.64]
TU   , macd +, macd hist +, profit:   [0.43], per:   [1.95], now:   [22.5], buy:  [22.07]
-
     plus  len:  13
     profit: [139.24], per:  [96.09], per/len(p):   [7.39], per/len(p+m):    [3.2]
-
==== minus ====
GPI  , macd +, macd hist -, profit:   [-9.2], per:  [-5.37], now: [162.21], buy: [171.41]
LIT  , macd +, macd hist -, profit:  [-1.69], per:  [-2.03], now:  [81.69], buy:  [83.38]
MXIM , macd +, macd hist +, profit:  [-0.11], per:  [-0.11], now:   [99.6], buy:  [99.71]
NTAP , macd +, macd hist -, profit:  [-1.89], per:  [-2.36], now:  [78.24], buy:  [80.13]
PFF  , macd +, macd hist -, profit:  [-0.24], per:  [-0.61], now:  [39.07], buy:  [39.31]
PFFD , macd -, macd hist -, profit:  [-0.29], per:  [-1.11], now:  [25.87], buy:  [26.16]
TRNS , macd +, macd hist -, profit:  [-1.34], per:  [-2.05], now:  [63.93], buy:  [65.27]
TTC  , macd +, macd hist -, profit:  [-3.65], per:  [-3.23], now:  [109.5], buy: [113.15]
TXN  , macd -, macd hist -, profit:  [-8.48], per:  [-4.45], now: [182.24], buy: [190.72]
VSTO , macd +, macd hist -, profit:  [-0.91], per:   [-2.2], now:  [40.38], buy:  [41.29]
VVV  , macd -, macd hist -, profit:   [-0.9], per:  [-2.91], now:    [30.], buy:   [30.9]
JJG  , macd +, macd hist +, profit:  [-2.29], per:  [-3.44], now:   [64.2], buy:  [66.49]
SEAS , macd +, macd hist -, profit:  [-5.03], per:   [-9.5], now:  [47.94], buy:  [52.97]
ALLE , macd +, macd hist +, profit:  [-0.14], per:   [-0.1], now: [139.83], buy: [139.97]
ARW  , macd +, macd hist -, profit:   [-1.8], per:  [-1.53], now: [115.88], buy: [117.68]
FIBK , macd +, macd hist +, profit:  [-0.15], per:  [-0.33], now:  [44.92], buy:  [45.07]
MHO  , macd +, macd hist -, profit:  [-2.77], per:  [-4.27], now:  [62.02], buy:  [64.79]
-
     minus len:  17
     profit: [-40.87], per: [-45.59], per/len(m):  [-2.68], per/len(p+m):  [-1.52]
-
==== total ====
     profit:  [98.37], per:   [50.5], per/len(p+m):   [1.68]
