Sat Aug 21 13:49:33 UTC 2021
arg[0]: scraping/yahoo-finace-api2.py, arg[1]: stock-code-list/buy-list.txt
===========================
scraping
===========================
START:  A
END:    0.17086195945739746
-
START:  ANAT
END:    0.3238217830657959
-
START:  BBDC
END:    0.5235507488250732
-
START:  BURL
END:    0.6246309280395508
-
START:  DAVA
END:    0.8233904838562012
-
START:  EXLS
END:    0.9385273456573486
-
START:  FIVE
END:    1.0657336711883545
-
START:  GPI
END:    1.2650902271270752
-
START:  HCI
END:    2.3462581634521484
-
START:  IR
END:    2.5096495151519775
-
START:  KAI
END:    2.708664655685425
-
START:  LIT
END:    2.874998092651367
-
START:  MXIM
END:    3.0265438556671143
-
START:  NTAP
END:    3.180161714553833
-
START:  PFF
END:    3.302835464477539
-
START:  SEE
END:    3.467024564743042
-
START:  SWAV
END:    3.574262857437134
-
START:  TRNS
END:    3.708449602127075
-
START:  TTC
END:    3.895951747894287
-
START:  TU
END:    4.0445990562438965
-
START:  VSTO
END:    4.141412258148193
-
START:  JJG
END:    4.259473085403442
-
START:  SEAS
END:    4.4080891609191895
-
START:  ALLE
END:    4.505447864532471
-
START:  ARW
END:    4.675145387649536
-
START:  FIBK
END:    4.859087944030762
-
START:  MHO
END:    5.016820907592773
-
===========================
MACD sell
===========================
START:  A
START:  ANAT
START:  BBDC
START:  BURL
START:  DAVA
START:  EXLS
START:  FIVE
START:  GPI
HIT: ------------------------>  GPI
START:  HCI
START:  IR
START:  KAI
START:  LIT
START:  MXIM
START:  NTAP
START:  PFF
START:  SEE
START:  SWAV
START:  TRNS
START:  TTC
HIT: ------------------------>  TTC
START:  TU
START:  VSTO
START:  JJG
START:  SEAS
START:  ALLE
START:  ARW
START:  FIBK
START:  MHO
==== MACD sell list ====
GPI : macd -, macd hist -
TTC : macd -, macd hist -
===========================
profit
===========================
==== plus ====
A    , macd +, macd hist +, profit:  [15.06], per:   [9.84], now: [168.13], buy: [153.07]
ANAT , macd +, macd hist +, profit:  [27.18], per:  [16.56], now: [191.35], buy: [164.17]
BBDC , macd +, macd hist -, profit:   [0.26], per:   [2.45], now:  [10.86], buy:   [10.6]
BURL , macd +, macd hist +, profit:  [16.91], per:   [5.11], now: [347.52], buy: [330.61]
DAVA , macd +, macd hist +, profit:  [11.04], per:   [8.74], now: [137.42], buy: [126.38]
EXLS , macd +, macd hist +, profit:   [5.34], per:   [4.66], now: [119.84], buy:  [114.5]
FIVE , macd +, macd hist +, profit:  [31.07], per:  [16.01], now: [225.11], buy: [194.04]
HCI  , macd +, macd hist -, profit:   [0.41], per:    [0.4], now:  [102.7], buy: [102.29]
IR   , macd +, macd hist -, profit:   [1.71], per:   [3.54], now:  [50.08], buy:  [48.37]
KAI  , macd +, macd hist -, profit:  [18.81], per:  [10.61], now: [196.16], buy: [177.35]
MXIM , macd +, macd hist +, profit:   [1.94], per:   [1.95], now: [101.65], buy:  [99.71]
NTAP , macd +, macd hist -, profit:   [0.54], per:   [0.67], now:  [80.67], buy:  [80.13]
SEE  , macd +, macd hist +, profit:   [3.05], per:   [5.42], now:  [59.36], buy:  [56.31]
SWAV , macd +, macd hist +, profit:   [21.3], per:  [12.48], now: [191.94], buy: [170.64]
TU   , macd +, macd hist +, profit:   [0.55], per:   [2.49], now:  [22.62], buy:  [22.07]
ARW  , macd +, macd hist -, profit:   [0.86], per:   [0.73], now: [118.54], buy: [117.68]
FIBK , macd +, macd hist +, profit:   [0.41], per:   [0.91], now:  [45.48], buy:  [45.07]
-
     plus  len:  17
     profit: [156.44], per: [102.57], per/len(p):   [6.03], per/len(p+m):    [3.8]
-
==== minus ====
GPI  , macd -, macd hist -, profit:  [-12.4], per:  [-7.23], now: [159.01], buy: [171.41]
LIT  , macd +, macd hist -, profit:   [-1.5], per:   [-1.8], now:  [81.88], buy:  [83.38]
PFF  , macd +, macd hist -, profit:  [-0.13], per:  [-0.33], now:  [39.18], buy:  [39.31]
TRNS , macd +, macd hist -, profit:   [-0.3], per:  [-0.46], now:  [64.97], buy:  [65.27]
TTC  , macd -, macd hist -, profit:  [-3.84], per:  [-3.39], now: [109.31], buy: [113.15]
VSTO , macd +, macd hist -, profit:  [-0.74], per:  [-1.79], now:  [40.55], buy:  [41.29]
JJG  , macd +, macd hist -, profit:    [-4.], per:  [-6.01], now:  [62.49], buy:  [66.49]
SEAS , macd +, macd hist -, profit:  [-3.63], per:  [-6.85], now:  [49.34], buy:  [52.97]
ALLE , macd +, macd hist +, profit:  [-1.39], per:  [-0.99], now: [138.58], buy: [139.97]
MHO  , macd +, macd hist -, profit:  [-1.39], per:  [-2.15], now:   [63.4], buy:  [64.79]
-
     minus len:  10
     profit: [-29.32], per: [-31.01], per/len(m):   [-3.1], per/len(p+m):  [-1.15]
-
==== total ====
     profit: [127.12], per:  [71.55], per/len(p+m):   [2.65]
