Tue Aug 24 13:49:00 UTC 2021
arg[0]: scraping/yahoo-finace-api2.py, arg[1]: stock-code-list/buy-list.txt
===========================
scraping
===========================
START:  A
END:    0.11867332458496094
-
START:  ANAT
END:    0.2424173355102539
-
START:  BBDC
END:    0.33051204681396484
-
START:  BURL
END:    0.3956477642059326
-
START:  DAVA
END:    0.46241331100463867
-
START:  EXLS
END:    0.528372049331665
-
START:  FIVE
END:    0.5984663963317871
-
START:  HCI
END:    0.6710653305053711
-
START:  IR
END:    0.7371912002563477
-
START:  KAI
END:    0.8475503921508789
-
START:  LIT
END:    0.9216713905334473
-
START:  MXIM
END:    1.021402359008789
-
START:  NTAP
END:    1.1025447845458984
-
START:  PFF
END:    1.1980173587799072
-
START:  SEE
END:    1.3143796920776367
-
START:  SWAV
END:    1.3795247077941895
-
START:  TRNS
END:    1.4942123889923096
-
START:  TU
END:    1.6072819232940674
-
START:  VSTO
END:    1.6697413921356201
-
START:  JJG
END:    1.7393648624420166
-
START:  SEAS
END:    1.8078877925872803
-
START:  ALLE
END:    1.879129409790039
-
START:  ARW
END:    1.9537649154663086
-
START:  FIBK
END:    2.0256407260894775
-
START:  MHO
END:    2.0975706577301025
-
START:  XLI
END:    2.2095489501953125
-
START:  TTEC
END:    2.2770116329193115
-
START:  SF
END:    2.3710379600524902
-
START:  SDY
END:    2.4557576179504395
-
START:  MLI
END:    2.5395705699920654
-
START:  MAN
END:    2.6330325603485107
-
===========================
MACD sell
===========================
START:  A
START:  ANAT
START:  BBDC
START:  BURL
START:  DAVA
START:  EXLS
START:  FIVE
START:  HCI
START:  IR
START:  KAI
START:  LIT
START:  MXIM
START:  NTAP
START:  PFF
START:  SEE
START:  SWAV
START:  TRNS
START:  TU
START:  VSTO
HIT: ------------------------>  VSTO
START:  JJG
START:  SEAS
START:  ALLE
START:  ARW
START:  FIBK
START:  MHO
START:  XLI
START:  TTEC
START:  SF
START:  SDY
START:  MLI
START:  MAN
==== MACD sell list ====
VSTO: macd -, macd hist -
===========================
profit
===========================
==== plus ====
A    , macd +, macd hist +, profit:  [16.92], per:  [11.05], now: [169.99], buy: [153.07]
ANAT , macd +, macd hist -, profit:  [27.48], per:  [16.74], now: [191.65], buy: [164.17]
BBDC , macd +, macd hist -, profit:   [0.27], per:   [2.57], now:  [10.87], buy:   [10.6]
BURL , macd +, macd hist -, profit:  [12.73], per:   [3.85], now: [343.34], buy: [330.61]
DAVA , macd +, macd hist +, profit:  [11.74], per:   [9.29], now: [138.12], buy: [126.38]
EXLS , macd +, macd hist -, profit:   [5.64], per:   [4.92], now: [120.14], buy:  [114.5]
FIVE , macd +, macd hist +, profit:  [35.74], per:  [18.42], now: [229.78], buy: [194.04]
HCI  , macd +, macd hist -, profit:   [3.52], per:   [3.44], now: [105.81], buy: [102.29]
IR   , macd +, macd hist -, profit:   [3.14], per:   [6.48], now:  [51.51], buy:  [48.37]
KAI  , macd +, macd hist -, profit:  [24.52], per:  [13.83], now: [201.87], buy: [177.35]
LIT  , macd +, macd hist -, profit:   [1.36], per:   [1.63], now:  [84.74], buy:  [83.38]
MXIM , macd +, macd hist +, profit:   [6.69], per:   [6.71], now:  [106.4], buy:  [99.71]
NTAP , macd +, macd hist -, profit:   [0.19], per:   [0.24], now:  [80.32], buy:  [80.13]
SEE  , macd +, macd hist +, profit:   [3.74], per:   [6.64], now:  [60.05], buy:  [56.31]
SWAV , macd +, macd hist +, profit:  [23.51], per:  [13.78], now: [194.15], buy: [170.64]
TRNS , macd +, macd hist -, profit:    [1.5], per:   [2.29], now:  [66.76], buy:  [65.27]
TU   , macd +, macd hist +, profit:   [0.72], per:   [3.24], now:  [22.78], buy:  [22.07]
ARW  , macd +, macd hist +, profit:   [1.87], per:   [1.59], now: [119.55], buy: [117.68]
FIBK , macd +, macd hist +, profit:   [0.23], per:   [0.51], now:   [45.3], buy:  [45.07]
XLI  , macd +, macd hist -, profit:    [1.5], per:   [1.46], now: [104.13], buy: [102.63]
TTEC , macd +, macd hist +, profit:   [0.74], per:   [0.71], now: [105.06], buy: [104.32]
SF   , macd +, macd hist -, profit:   [2.05], per:   [3.08], now:  [68.69], buy:  [66.64]
SDY  , macd +, macd hist -, profit:   [0.14], per:   [0.11], now: [124.13], buy: [123.99]
MLI  , macd +, macd hist +, profit:   [0.77], per:   [1.74], now:  [44.99], buy:  [44.22]
MAN  , macd +, macd hist +, profit:   [2.59], per:   [2.17], now: [121.98], buy: [119.39]
-
     plus  len:  25
     profit: [189.28], per: [136.49], per/len(p):   [5.46], per/len(p+m):    [4.4]
-
==== minus ====
PFF  , macd +, macd hist -, profit:  [-0.05], per:  [-0.13], now:  [39.26], buy:  [39.31]
VSTO , macd -, macd hist -, profit:  [-0.23], per:  [-0.56], now:  [41.06], buy:  [41.29]
JJG  , macd +, macd hist -, profit:  [-3.76], per:  [-5.65], now:  [62.73], buy:  [66.49]
SEAS , macd +, macd hist +, profit:  [-1.24], per:  [-2.34], now:  [51.73], buy:  [52.97]
ALLE , macd +, macd hist +, profit:   [-0.3], per:  [-0.21], now: [139.67], buy: [139.97]
MHO  , macd +, macd hist -, profit:  [-0.71], per:  [-1.09], now:  [64.08], buy:  [64.79]
-
     minus len:  6
     profit:  [-6.28], per:  [-9.98], per/len(m):  [-1.66], per/len(p+m):  [-0.32]
-
==== total ====
     profit:   [183.], per:  [126.5], per/len(p+m):   [4.08]
