Wed Aug 25 13:49:25 UTC 2021
arg[0]: scraping/yahoo-finace-api2.py, arg[1]: stock-code-list/buy-list.txt
===========================
scraping
===========================
START:  A
END:    0.14324617385864258
-
START:  ANAT
END:    0.25493669509887695
-
START:  BBDC
END:    0.3398451805114746
-
START:  BURL
END:    0.4101533889770508
-
START:  DAVA
END:    0.5096738338470459
-
START:  EXLS
END:    0.6073634624481201
-
START:  FIVE
END:    0.6786739826202393
-
START:  HCI
END:    0.7609429359436035
-
START:  IR
END:    0.8310885429382324
-
START:  KAI
END:    0.9134366512298584
-
START:  LIT
END:    1.0282270908355713
-
START:  MXIM
END:    1.1209716796875
-
START:  NTAP
END:    1.2028400897979736
-
START:  PFF
END:    1.309117078781128
-
START:  SEE
END:    1.4114470481872559
-
START:  SWAV
END:    1.4822628498077393
-
START:  TRNS
END:    1.5508944988250732
-
START:  TU
END:    1.6495764255523682
-
START:  VSTO
END:    1.7206544876098633
-
START:  JJG
END:    1.7928247451782227
-
START:  SEAS
END:    1.8672773838043213
-
START:  ALLE
END:    1.9501240253448486
-
START:  ARW
END:    2.030794382095337
-
START:  FIBK
END:    2.113778591156006
-
START:  MHO
END:    2.2349395751953125
-
START:  XLI
END:    2.3662068843841553
-
START:  TTEC
END:    2.44586443901062
-
START:  SF
END:    2.557767152786255
-
START:  SDY
END:    2.6564626693725586
-
START:  MLI
END:    2.798689842224121
-
START:  MAN
END:    2.9433341026306152
-
===========================
MACD sell
===========================
START:  A
START:  ANAT
START:  BBDC
START:  BURL
START:  DAVA
START:  EXLS
START:  FIVE
START:  HCI
START:  IR
START:  KAI
START:  LIT
START:  MXIM
START:  NTAP
START:  PFF
START:  SEE
START:  SWAV
START:  TRNS
START:  TU
START:  VSTO
HIT: ------------------------>  VSTO
START:  JJG
HIT: ------------------------>  JJG
START:  SEAS
START:  ALLE
START:  ARW
START:  FIBK
START:  MHO
START:  XLI
START:  TTEC
START:  SF
START:  SDY
START:  MLI
START:  MAN
==== MACD sell list ====
VSTO: macd -, macd hist -
JJG : macd -, macd hist -
===========================
profit
===========================
==== plus ====
A    , macd +, macd hist +, profit:  [18.15], per:  [11.86], now: [171.22], buy: [153.07]
ANAT , macd +, macd hist -, profit:  [27.78], per:  [16.92], now: [191.95], buy: [164.17]
BBDC , macd +, macd hist -, profit:   [0.32], per:   [3.02], now:  [10.92], buy:   [10.6]
BURL , macd +, macd hist -, profit:  [15.59], per:   [4.72], now:  [346.2], buy: [330.61]
DAVA , macd +, macd hist -, profit:  [10.49], per:    [8.3], now: [136.87], buy: [126.38]
EXLS , macd +, macd hist -, profit:   [3.74], per:   [3.26], now: [118.24], buy:  [114.5]
FIVE , macd +, macd hist +, profit:  [43.37], per:  [22.35], now: [237.41], buy: [194.04]
HCI  , macd +, macd hist -, profit:   [2.56], per:    [2.5], now: [104.85], buy: [102.29]
IR   , macd +, macd hist +, profit:   [3.47], per:   [7.17], now:  [51.84], buy:  [48.37]
KAI  , macd +, macd hist -, profit:  [26.01], per:  [14.67], now: [203.36], buy: [177.35]
LIT  , macd +, macd hist -, profit:   [1.38], per:   [1.66], now:  [84.76], buy:  [83.38]
MXIM , macd +, macd hist +, profit:   [4.82], per:   [4.83], now: [104.53], buy:  [99.71]
NTAP , macd +, macd hist -, profit:   [1.15], per:   [1.44], now:  [81.28], buy:  [80.13]
PFF  , macd +, macd hist -, profit:   [0.02], per:   [0.05], now:  [39.33], buy:  [39.31]
SEE  , macd +, macd hist -, profit:   [3.41], per:   [6.06], now:  [59.72], buy:  [56.31]
SWAV , macd +, macd hist +, profit:  [39.84], per:  [23.35], now: [210.48], buy: [170.64]
TRNS , macd +, macd hist -, profit:   [0.94], per:   [1.44], now:  [66.21], buy:  [65.27]
TU   , macd +, macd hist +, profit:   [0.81], per:   [3.67], now:  [22.88], buy:  [22.07]
ALLE , macd +, macd hist +, profit:   [0.71], per:    [0.5], now: [140.68], buy: [139.97]
ARW  , macd +, macd hist +, profit:   [2.38], per:   [2.02], now: [120.06], buy: [117.68]
XLI  , macd +, macd hist -, profit:   [1.42], per:   [1.38], now: [104.05], buy: [102.63]
TTEC , macd +, macd hist +, profit:   [1.04], per:     [1.], now: [105.36], buy: [104.32]
SF   , macd +, macd hist +, profit:   [2.48], per:   [3.72], now:  [69.12], buy:  [66.64]
MLI  , macd +, macd hist +, profit:   [0.51], per:   [1.15], now:  [44.73], buy:  [44.22]
MAN  , macd +, macd hist +, profit:   [1.85], per:   [1.55], now: [121.24], buy: [119.39]
-
     plus  len:  25
     profit: [214.22], per: [148.58], per/len(p):   [5.94], per/len(p+m):   [4.79]
-
==== minus ====
VSTO , macd -, macd hist -, profit:  [-0.09], per:  [-0.22], now:   [41.2], buy:  [41.29]
JJG  , macd -, macd hist -, profit:  [-3.48], per:  [-5.23], now:  [63.01], buy:  [66.49]
SEAS , macd +, macd hist +, profit:  [-1.65], per:  [-3.11], now:  [51.32], buy:  [52.97]
FIBK , macd +, macd hist +, profit:  [-0.59], per:  [-1.31], now:  [44.48], buy:  [45.07]
MHO  , macd +, macd hist +, profit:  [-0.08], per:  [-0.12], now:  [64.71], buy:  [64.79]
SDY  , macd +, macd hist -, profit:  [-0.06], per:  [-0.05], now: [123.93], buy: [123.99]
-
     minus len:  6
     profit:  [-5.94], per: [-10.04], per/len(m):  [-1.67], per/len(p+m):  [-0.32]
-
==== total ====
     profit: [208.28], per: [138.54], per/len(p+m):   [4.47]
