Thu Aug 26 13:48:57 UTC 2021
arg[0]: scraping/yahoo-finace-api2.py, arg[1]: stock-code-list/buy-list.txt
===========================
scraping
===========================
START:  A
END:    0.1396491527557373
-
START:  ANAT
END:    0.30482029914855957
-
START:  BBDC
END:    0.4321575164794922
-
START:  BURL
END:    0.6321523189544678
-
START:  DAVA
END:    0.8142600059509277
-
START:  EXLS
END:    0.9871373176574707
-
START:  FIVE
END:    1.1087276935577393
-
START:  HCI
END:    1.2309398651123047
-
START:  IR
END:    1.3201558589935303
-
START:  KAI
END:    1.425459623336792
-
START:  LIT
END:    1.5609855651855469
-
START:  MXIM
END:    1.7549622058868408
-
START:  NTAP
END:    1.8928585052490234
-
START:  PFF
END:    1.9972467422485352
-
START:  SEE
END:    2.2493607997894287
-
START:  SWAV
END:    2.3978140354156494
-
START:  TRNS
END:    2.5552573204040527
-
START:  TU
END:    2.745587110519409
-
START:  VSTO
END:    2.8771097660064697
-
START:  JJG
END:    3.0561437606811523
-
START:  SEAS
END:    3.2147316932678223
-
START:  ALLE
END:    3.3624281883239746
-
START:  ARW
END:    3.4569947719573975
-
START:  FIBK
END:    3.562201738357544
-
START:  MHO
END:    3.7138917446136475
-
START:  XLI
END:    3.8673017024993896
-
START:  TTEC
END:    4.024941921234131
-
START:  SF
END:    4.187822103500366
-
START:  SDY
END:    4.445885181427002
-
START:  MLI
END:    4.6110618114471436
-
START:  MAN
END:    4.799456834793091
-
===========================
MACD sell
===========================
START:  A
START:  ANAT
START:  BBDC
START:  BURL
START:  DAVA
START:  EXLS
START:  FIVE
START:  HCI
START:  IR
START:  KAI
START:  LIT
START:  MXIM
START:  NTAP
START:  PFF
START:  SEE
START:  SWAV
START:  TRNS
START:  TU
START:  VSTO
HIT: ------------------------>  VSTO
START:  JJG
HIT: ------------------------>  JJG
START:  SEAS
START:  ALLE
START:  ARW
START:  FIBK
START:  MHO
START:  XLI
START:  TTEC
START:  SF
START:  SDY
START:  MLI
START:  MAN
==== MACD sell list ====
VSTO: macd -, macd hist -
JJG : macd -, macd hist -
===========================
profit
===========================
==== plus ====
A    , macd +, macd hist +, profit:  [19.61], per:  [12.81], now: [172.68], buy: [153.07]
ANAT , macd +, macd hist -, profit:  [28.39], per:  [17.29], now: [192.56], buy: [164.17]
BBDC , macd +, macd hist -, profit:   [0.35], per:    [3.3], now:  [10.95], buy:   [10.6]
DAVA , macd +, macd hist -, profit:   [8.98], per:   [7.11], now: [135.36], buy: [126.38]
EXLS , macd +, macd hist -, profit:   [5.87], per:   [5.13], now: [120.37], buy:  [114.5]
FIVE , macd +, macd hist +, profit:  [32.23], per:  [16.61], now: [226.26], buy: [194.04]
HCI  , macd +, macd hist -, profit:     [3.], per:   [2.93], now: [105.29], buy: [102.29]
IR   , macd +, macd hist +, profit:   [3.44], per:   [7.11], now:  [51.81], buy:  [48.37]
KAI  , macd +, macd hist -, profit:  [28.61], per:  [16.13], now: [205.96], buy: [177.35]
LIT  , macd +, macd hist -, profit:   [0.68], per:   [0.82], now:  [84.06], buy:  [83.38]
MXIM , macd +, macd hist +, profit:   [3.43], per:   [3.44], now: [103.14], buy:  [99.71]
NTAP , macd +, macd hist +, profit:   [7.44], per:   [9.28], now:  [87.57], buy:  [80.13]
SEE  , macd +, macd hist +, profit:   [4.75], per:   [8.44], now:  [61.06], buy:  [56.31]
SWAV , macd +, macd hist +, profit:  [43.09], per:  [25.25], now: [213.73], buy: [170.64]
TRNS , macd +, macd hist -, profit:   [1.58], per:   [2.42], now:  [66.85], buy:  [65.27]
TU   , macd +, macd hist +, profit:   [0.93], per:   [4.19], now:    [23.], buy:  [22.07]
ALLE , macd +, macd hist +, profit:   [0.95], per:   [0.68], now: [140.92], buy: [139.97]
ARW  , macd +, macd hist +, profit:    [2.8], per:   [2.38], now: [120.48], buy: [117.68]
XLI  , macd +, macd hist -, profit:   [1.81], per:   [1.76], now: [104.44], buy: [102.63]
TTEC , macd +, macd hist +, profit:   [0.86], per:   [0.82], now: [105.18], buy: [104.32]
SF   , macd +, macd hist +, profit:   [2.81], per:   [4.22], now:  [69.45], buy:  [66.64]
SDY  , macd +, macd hist -, profit:   [0.19], per:   [0.15], now: [124.18], buy: [123.99]
MLI  , macd +, macd hist +, profit:   [0.01], per:   [0.02], now:  [44.23], buy:  [44.22]
MAN  , macd +, macd hist +, profit:   [2.46], per:   [2.06], now: [121.85], buy: [119.39]
-
     plus  len:  24
     profit: [204.27], per: [154.37], per/len(p):   [6.43], per/len(p+m):   [4.98]
-
==== minus ====
BURL , macd +, macd hist -, profit:  [-14.9], per:  [-4.51], now: [315.71], buy: [330.61]
PFF  , macd +, macd hist -, profit:  [-0.03], per:  [-0.09], now:  [39.28], buy:  [39.31]
VSTO , macd -, macd hist -, profit:  [-0.29], per:   [-0.7], now:    [41.], buy:  [41.29]
JJG  , macd -, macd hist -, profit:  [-2.92], per:  [-4.39], now:  [63.57], buy:  [66.49]
SEAS , macd +, macd hist +, profit:  [-0.83], per:  [-1.57], now:  [52.14], buy:  [52.97]
FIBK , macd +, macd hist -, profit:   [-0.9], per:    [-2.], now:  [44.17], buy:  [45.07]
MHO  , macd +, macd hist +, profit:  [-0.57], per:  [-0.88], now:  [64.22], buy:  [64.79]
-
     minus len:  7
     profit: [-20.44], per: [-14.13], per/len(m):  [-2.02], per/len(p+m):  [-0.46]
-
==== total ====
     profit: [183.82], per: [140.24], per/len(p+m):   [4.52]
