Fri Aug 27 13:49:14 UTC 2021
arg[0]: scraping/yahoo-finace-api2.py, arg[1]: stock-code-list/buy-list.txt
===========================
scraping
===========================
START:  A
END:    0.27342820167541504
-
START:  ANAT
END:    0.48957085609436035
-
START:  BBDC
END:    0.6313178539276123
-
START:  BURL
END:    0.8007311820983887
-
START:  DAVA
END:    0.9449012279510498
-
START:  EXLS
END:    1.0465190410614014
-
START:  FIVE
END:    1.205761432647705
-
START:  HCI
END:    1.3139212131500244
-
START:  IR
END:    1.4564530849456787
-
START:  KAI
END:    1.570976972579956
-
START:  LIT
END:    1.7009787559509277
-
START:  MXIM
END:    1.8636271953582764
-
START:  NTAP
END:    2.08192777633667
-
START:  PFF
END:    2.1991617679595947
-
START:  SEE
END:    2.363772392272949
-
START:  SWAV
END:    2.4672420024871826
-
START:  TRNS
END:    2.6275346279144287
-
START:  TU
END:    2.792889356613159
-
START:  VSTO
END:    2.928788900375366
-
START:  JJG
END:    3.1033029556274414
-
START:  SEAS
END:    3.213015079498291
-
START:  ALLE
END:    3.3322465419769287
-
START:  ARW
END:    3.4911553859710693
-
START:  FIBK
END:    3.6279489994049072
-
START:  MHO
END:    3.7780258655548096
-
START:  XLI
END:    3.9750239849090576
-
START:  TTEC
END:    4.085934162139893
-
START:  SF
END:    4.219416379928589
-
START:  SDY
END:    4.363667249679565
-
START:  MLI
END:    4.530027866363525
-
START:  MAN
END:    4.766737222671509
-
===========================
MACD sell
===========================
START:  A
START:  ANAT
START:  BBDC
START:  BURL
START:  DAVA
START:  EXLS
START:  FIVE
START:  HCI
START:  IR
START:  KAI
START:  LIT
START:  MXIM
START:  NTAP
START:  PFF
START:  SEE
START:  SWAV
START:  TRNS
START:  TU
START:  VSTO
HIT: ------------------------>  VSTO
START:  JJG
HIT: ------------------------>  JJG
START:  SEAS
START:  ALLE
START:  ARW
START:  FIBK
START:  MHO
START:  XLI
START:  TTEC
START:  SF
START:  SDY
START:  MLI
START:  MAN
==== MACD sell list ====
VSTO: macd -, macd hist -
JJG : macd -, macd hist -
===========================
profit
===========================
==== plus ====
A    , macd +, macd hist +, profit:  [20.48], per:  [13.38], now: [173.55], buy: [153.07]
ANAT , macd +, macd hist -, profit:  [28.43], per:  [17.32], now:  [192.6], buy: [164.17]
BBDC , macd +, macd hist -, profit:    [0.3], per:   [2.83], now:   [10.9], buy:   [10.6]
DAVA , macd +, macd hist -, profit:  [10.54], per:   [8.34], now: [136.92], buy: [126.38]
EXLS , macd +, macd hist -, profit:   [5.18], per:   [4.52], now: [119.68], buy:  [114.5]
FIVE , macd +, macd hist -, profit:  [23.92], per:  [12.33], now: [217.96], buy: [194.04]
HCI  , macd +, macd hist -, profit:   [4.06], per:   [3.97], now: [106.35], buy: [102.29]
IR   , macd +, macd hist +, profit:   [3.84], per:   [7.93], now:  [52.21], buy:  [48.37]
KAI  , macd +, macd hist -, profit:  [26.59], per:  [14.99], now: [203.94], buy: [177.35]
LIT  , macd +, macd hist -, profit:   [0.78], per:   [0.94], now:  [84.16], buy:  [83.38]
MXIM , macd +, macd hist +, profit:   [3.43], per:   [3.44], now: [103.14], buy:  [99.71]
NTAP , macd +, macd hist +, profit:   [5.43], per:   [6.78], now:  [85.56], buy:  [80.13]
SEE  , macd +, macd hist +, profit:   [4.46], per:   [7.92], now:  [60.77], buy:  [56.31]
SWAV , macd +, macd hist +, profit:  [40.97], per:  [24.01], now: [211.61], buy: [170.64]
TRNS , macd +, macd hist -, profit:   [1.37], per:    [2.1], now:  [66.64], buy:  [65.27]
TU   , macd +, macd hist +, profit:   [0.85], per:   [3.85], now:  [22.92], buy:  [22.07]
ALLE , macd +, macd hist +, profit:   [1.87], per:   [1.34], now: [141.84], buy: [139.97]
ARW  , macd +, macd hist +, profit:   [3.88], per:    [3.3], now: [121.56], buy: [117.68]
MHO  , macd +, macd hist +, profit:     [0.], per:     [0.], now:  [64.79], buy:  [64.79]
XLI  , macd +, macd hist +, profit:   [2.29], per:   [2.23], now: [104.92], buy: [102.63]
TTEC , macd +, macd hist +, profit:   [0.67], per:   [0.64], now: [104.99], buy: [104.32]
SF   , macd +, macd hist +, profit:   [2.56], per:   [3.84], now:   [69.2], buy:  [66.64]
SDY  , macd +, macd hist -, profit:   [0.27], per:   [0.22], now: [124.26], buy: [123.99]
MAN  , macd +, macd hist -, profit:   [1.85], per:   [1.55], now: [121.24], buy: [119.39]
-
     plus  len:  24
     profit: [194.01], per: [147.75], per/len(p):   [6.16], per/len(p+m):   [4.77]
-
==== minus ====
BURL , macd +, macd hist -, profit: [-14.66], per:  [-4.43], now: [315.95], buy: [330.61]
PFF  , macd +, macd hist -, profit:  [-0.13], per:  [-0.33], now:  [39.18], buy:  [39.31]
VSTO , macd -, macd hist -, profit:  [-0.14], per:  [-0.34], now:  [41.15], buy:  [41.29]
JJG  , macd -, macd hist -, profit:  [-2.58], per:  [-3.88], now:  [63.91], buy:  [66.49]
SEAS , macd +, macd hist +, profit:  [-1.62], per:  [-3.05], now:  [51.35], buy:  [52.97]
FIBK , macd +, macd hist -, profit:  [-0.72], per:   [-1.6], now:  [44.35], buy:  [45.07]
MLI  , macd +, macd hist -, profit:  [-0.17], per:  [-0.38], now:  [44.05], buy:  [44.22]
-
     minus len:  7
     profit: [-20.01], per: [-14.01], per/len(m):    [-2.], per/len(p+m):  [-0.45]
-
==== total ====
     profit:   [174.], per: [133.74], per/len(p+m):   [4.31]
