Sun Aug 29 13:49:40 UTC 2021
arg[0]: scraping/yahoo-finace-api2.py, arg[1]: stock-code-list/buy-list.txt
===========================
scraping
===========================
START:  A
END:    0.14979767799377441
-
START:  ANAT
END:    0.34812355041503906
-
START:  BBDC
END:    0.533599853515625
-
START:  BURL
END:    0.6424322128295898
-
START:  DAVA
END:    0.8000266551971436
-
START:  EXLS
END:    0.9155690670013428
-
START:  FIVE
END:    1.0898897647857666
-
START:  HCI
END:    1.2702093124389648
-
START:  IR
END:    1.367582082748413
-
START:  KAI
END:    1.5496125221252441
-
START:  LIT
END:    1.6609759330749512
-
START:  MXIM
END:    1.8081724643707275
-
START:  NTAP
END:    1.9570410251617432
-
START:  PFF
END:    2.0647504329681396
-
START:  SEE
END:    2.2067573070526123
-
START:  SWAV
END:    2.315965414047241
-
START:  TRNS
END:    2.5089306831359863
-
START:  TU
END:    2.71267032623291
-
START:  SEAS
END:    2.8259735107421875
-
START:  ALLE
END:    3.0212841033935547
-
START:  ARW
END:    3.1913840770721436
-
START:  FIBK
END:    3.3195960521698
-
START:  MHO
END:    3.5179054737091064
-
START:  XLI
END:    3.7232351303100586
-
START:  TTEC
END:    3.909700870513916
-
START:  SF
END:    4.023845195770264
-
START:  SDY
END:    4.141031265258789
-
START:  MLI
END:    4.294900894165039
-
START:  MAN
END:    4.48287296295166
-
START:  SLX
END:    4.726076602935791
-
START:  CMA
END:    4.92835259437561
-
START:  ACHC
END:    5.111063241958618
-
===========================
MACD sell
===========================
START:  A
START:  ANAT
START:  BBDC
START:  BURL
START:  DAVA
START:  EXLS
START:  FIVE
START:  HCI
START:  IR
START:  KAI
START:  LIT
START:  MXIM
START:  NTAP
START:  PFF
START:  SEE
START:  SWAV
START:  TRNS
START:  TU
START:  SEAS
START:  ALLE
START:  ARW
START:  FIBK
START:  MHO
START:  XLI
START:  TTEC
START:  SF
START:  SDY
START:  MLI
START:  MAN
START:  SLX
HIT: ------------------------>  SLX
START:  CMA
START:  ACHC
==== MACD sell list ====
SLX : macd -, macd hist -
===========================
profit
===========================
==== plus ====
A    , macd +, macd hist +, profit:  [20.74], per:  [13.55], now: [173.81], buy: [153.07]
ANAT , macd +, macd hist -, profit:  [28.63], per:  [17.44], now:  [192.8], buy: [164.17]
BBDC , macd +, macd hist -, profit:   [0.25], per:   [2.36], now:  [10.85], buy:   [10.6]
DAVA , macd +, macd hist -, profit:   [7.64], per:   [6.05], now: [134.02], buy: [126.38]
EXLS , macd +, macd hist -, profit:   [5.98], per:   [5.22], now: [120.48], buy:  [114.5]
FIVE , macd +, macd hist -, profit:  [20.62], per:  [10.63], now: [214.66], buy: [194.04]
HCI  , macd +, macd hist -, profit:   [8.16], per:   [7.98], now: [110.45], buy: [102.29]
IR   , macd +, macd hist +, profit:   [4.48], per:   [9.26], now:  [52.85], buy:  [48.37]
KAI  , macd +, macd hist -, profit:  [29.32], per:  [16.53], now: [206.67], buy: [177.35]
LIT  , macd +, macd hist -, profit:   [1.66], per:   [1.99], now:  [85.04], buy:  [83.38]
MXIM , macd +, macd hist +, profit:   [3.43], per:   [3.44], now: [103.14], buy:  [99.71]
NTAP , macd +, macd hist +, profit:   [6.93], per:   [8.65], now:  [87.06], buy:  [80.13]
PFF  , macd +, macd hist -, profit:   [0.09], per:   [0.23], now:   [39.4], buy:  [39.31]
SEE  , macd +, macd hist +, profit:   [4.76], per:   [8.45], now:  [61.07], buy:  [56.31]
SWAV , macd +, macd hist +, profit:   [40.3], per:  [23.62], now: [210.94], buy: [170.64]
TRNS , macd +, macd hist -, profit:   [1.38], per:   [2.11], now:  [66.65], buy:  [65.27]
TU   , macd +, macd hist +, profit:   [0.97], per:    [4.4], now:  [23.04], buy:  [22.07]
ALLE , macd +, macd hist +, profit:   [1.52], per:   [1.09], now: [141.49], buy: [139.97]
ARW  , macd +, macd hist +, profit:     [5.], per:   [4.25], now: [122.68], buy: [117.68]
FIBK , macd +, macd hist -, profit:   [0.32], per:   [0.71], now:  [45.39], buy:  [45.07]
MHO  , macd +, macd hist +, profit:   [0.88], per:   [1.36], now:  [65.67], buy:  [64.79]
XLI  , macd +, macd hist +, profit:   [2.29], per:   [2.23], now: [104.92], buy: [102.63]
TTEC , macd +, macd hist +, profit:   [3.66], per:   [3.51], now: [107.98], buy: [104.32]
SF   , macd +, macd hist +, profit:   [4.14], per:   [6.21], now:  [70.78], buy:  [66.64]
SDY  , macd +, macd hist -, profit:   [0.69], per:   [0.56], now: [124.68], buy: [123.99]
MLI  , macd +, macd hist +, profit:   [1.02], per:   [2.31], now:  [45.24], buy:  [44.22]
MAN  , macd +, macd hist +, profit:   [1.96], per:   [1.64], now: [121.35], buy: [119.39]
SLX  , macd -, macd hist -, profit:   [1.84], per:   [2.97], now:  [63.78], buy:  [61.94]
CMA  , macd +, macd hist +, profit:   [1.56], per:   [2.11], now:  [75.63], buy:  [74.07]
ACHC , macd +, macd hist +, profit:   [1.82], per:   [2.83], now:  [66.08], buy:  [64.26]
-
     plus  len:  30
     profit: [212.04], per: [173.67], per/len(p):   [5.79], per/len(p+m):   [5.43]
-
==== minus ====
BURL , macd +, macd hist -, profit: [-21.08], per:  [-6.38], now: [309.53], buy: [330.61]
SEAS , macd +, macd hist +, profit:  [-2.13], per:  [-4.02], now:  [50.84], buy:  [52.97]
-
     minus len:  2
     profit: [-23.21], per:  [-10.4], per/len(m):   [-5.2], per/len(p+m):  [-0.32]
-
==== total ====
     profit: [188.83], per: [163.27], per/len(p+m):    [5.1]
