Mon Aug 30 13:49:05 UTC 2021
arg[0]: scraping/yahoo-finace-api2.py, arg[1]: stock-code-list/buy-list.txt
===========================
scraping
===========================
START:  A
END:    0.1100318431854248
-
START:  ANAT
END:    0.21812939643859863
-
START:  BBDC
END:    0.3591337203979492
-
START:  BURL
END:    0.48346567153930664
-
START:  DAVA
END:    0.6212708950042725
-
START:  EXLS
END:    0.6816387176513672
-
START:  FIVE
END:    0.7453207969665527
-
START:  HCI
END:    0.8218436241149902
-
START:  IR
END:    0.884666919708252
-
START:  KAI
END:    1.0222737789154053
-
START:  LIT
END:    1.0942363739013672
-
START:  MXIM
END:    1.2426061630249023
-
START:  NTAP
END:    1.3226056098937988
-
START:  PFF
END:    1.4075651168823242
-
START:  SEE
END:    1.5901482105255127
-
START:  SWAV
END:    1.6531031131744385
-
START:  TRNS
END:    1.7241995334625244
-
START:  TU
END:    1.8166840076446533
-
START:  SEAS
END:    1.8995683193206787
-
START:  ALLE
END:    1.9805576801300049
-
START:  ARW
END:    2.052072048187256
-
START:  FIBK
END:    2.1351678371429443
-
START:  MHO
END:    2.213775873184204
-
START:  XLI
END:    2.3077902793884277
-
START:  TTEC
END:    2.383124828338623
-
START:  SF
END:    2.489893913269043
-
START:  SDY
END:    2.5763490200042725
-
START:  MLI
END:    2.6640074253082275
-
START:  MAN
END:    2.7861528396606445
-
START:  SLX
END:    2.870569944381714
-
START:  CMA
END:    2.9828782081604004
-
START:  ACHC
END:    3.05019474029541
-
===========================
MACD sell
===========================
START:  A
START:  ANAT
START:  BBDC
START:  BURL
HIT: ------------------------>  BURL
START:  DAVA
START:  EXLS
START:  FIVE
START:  HCI
START:  IR
START:  KAI
START:  LIT
START:  MXIM
START:  NTAP
START:  PFF
START:  SEE
START:  SWAV
START:  TRNS
START:  TU
START:  SEAS
START:  ALLE
START:  ARW
START:  FIBK
START:  MHO
START:  XLI
START:  TTEC
START:  SF
START:  SDY
START:  MLI
START:  MAN
START:  SLX
HIT: ------------------------>  SLX
START:  CMA
START:  ACHC
==== MACD sell list ====
BURL: macd -, macd hist -
SLX : macd -, macd hist -
===========================
profit
===========================
==== plus ====
A    , macd +, macd hist +, profit:  [22.08], per:  [14.42], now: [175.15], buy: [153.07]
ANAT , macd +, macd hist -, profit:  [28.82], per:  [17.55], now: [192.99], buy: [164.17]
BBDC , macd +, macd hist -, profit:   [0.21], per:   [2.03], now:  [10.81], buy:   [10.6]
DAVA , macd +, macd hist -, profit:   [8.53], per:   [6.75], now: [134.91], buy: [126.38]
EXLS , macd +, macd hist -, profit:   [6.84], per:   [5.97], now: [121.34], buy:  [114.5]
FIVE , macd +, macd hist -, profit:  [20.38], per:   [10.5], now: [214.41], buy: [194.04]
HCI  , macd +, macd hist -, profit:   [7.39], per:   [7.22], now: [109.68], buy: [102.29]
IR   , macd +, macd hist +, profit:   [4.27], per:   [8.83], now:  [52.64], buy:  [48.37]
KAI  , macd +, macd hist -, profit:  [30.41], per:  [17.15], now: [207.76], buy: [177.35]
LIT  , macd +, macd hist -, profit:   [2.11], per:   [2.53], now:  [85.49], buy:  [83.38]
MXIM , macd +, macd hist +, profit:   [3.43], per:   [3.44], now: [103.14], buy:  [99.71]
NTAP , macd +, macd hist +, profit:   [7.42], per:   [9.26], now:  [87.55], buy:  [80.13]
PFF  , macd +, macd hist +, profit:   [0.08], per:    [0.2], now:  [39.39], buy:  [39.31]
SEE  , macd +, macd hist +, profit:   [4.63], per:   [8.22], now:  [60.94], buy:  [56.31]
SWAV , macd +, macd hist +, profit:  [40.04], per:  [23.46], now: [210.68], buy: [170.64]
TRNS , macd +, macd hist -, profit:   [1.43], per:   [2.19], now:   [66.7], buy:  [65.27]
TU   , macd +, macd hist +, profit:   [1.02], per:   [4.64], now:  [23.09], buy:  [22.07]
ALLE , macd +, macd hist +, profit:   [1.52], per:   [1.09], now: [141.49], buy: [139.97]
ARW  , macd +, macd hist +, profit:   [5.25], per:   [4.46], now: [122.93], buy: [117.68]
FIBK , macd +, macd hist -, profit:   [0.02], per:   [0.04], now:  [45.09], buy:  [45.07]
MHO  , macd +, macd hist +, profit:   [0.27], per:   [0.42], now:  [65.06], buy:  [64.79]
XLI  , macd +, macd hist +, profit:   [2.12], per:   [2.07], now: [104.75], buy: [102.63]
TTEC , macd +, macd hist +, profit:   [3.87], per:   [3.71], now: [108.19], buy: [104.32]
SF   , macd +, macd hist +, profit:    [3.4], per:    [5.1], now:  [70.04], buy:  [66.64]
SDY  , macd +, macd hist -, profit:   [0.57], per:   [0.46], now: [124.56], buy: [123.99]
MLI  , macd +, macd hist +, profit:   [1.02], per:   [2.31], now:  [45.24], buy:  [44.22]
MAN  , macd +, macd hist -, profit:   [1.25], per:   [1.04], now: [120.64], buy: [119.39]
SLX  , macd -, macd hist -, profit:    [1.6], per:   [2.58], now:  [63.54], buy:  [61.94]
CMA  , macd +, macd hist +, profit:   [0.24], per:   [0.32], now:  [74.31], buy:  [74.07]
ACHC , macd +, macd hist +, profit:   [1.83], per:   [2.85], now:  [66.09], buy:  [64.26]
-
     plus  len:  30
     profit: [212.05], per: [170.83], per/len(p):   [5.69], per/len(p+m):   [5.34]
-
==== minus ====
BURL , macd -, macd hist -, profit: [-25.77], per:   [-7.8], now: [304.83], buy: [330.61]
SEAS , macd +, macd hist +, profit:  [-3.33], per:  [-6.29], now:  [49.64], buy:  [52.97]
-
     minus len:  2
     profit:  [-29.1], per: [-14.08], per/len(m):  [-7.04], per/len(p+m):  [-0.44]
-
==== total ====
     profit: [182.94], per: [156.75], per/len(p+m):    [4.9]
