Tue Aug 31 13:49:14 UTC 2021
arg[0]: scraping/yahoo-finace-api2.py, arg[1]: stock-code-list/buy-list.txt
===========================
scraping
===========================
START:  A
END:    0.17389965057373047
-
START:  ANAT
END:    0.35570549964904785
-
START:  BBDC
END:    0.5219359397888184
-
START:  BURL
END:    0.6458020210266113
-
START:  DAVA
END:    0.8153126239776611
-
START:  EXLS
END:    0.9581778049468994
-
START:  FIVE
END:    1.1239609718322754
-
START:  HCI
END:    1.297025442123413
-
START:  IR
END:    1.4407479763031006
-
START:  KAI
END:    1.612246036529541
-
START:  LIT
END:    1.7691011428833008
-
START:  MXIM
END:    1.9637680053710938
-
START:  NTAP
END:    2.253255844116211
-
START:  PFF
END:    2.4193131923675537
-
START:  SEE
END:    2.5922985076904297
-
START:  SWAV
END:    2.730600595474243
-
START:  TRNS
END:    2.8415920734405518
-
START:  TU
END:    2.9843313694000244
-
START:  SEAS
END:    3.0853993892669678
-
START:  ALLE
END:    3.192828416824341
-
START:  ARW
END:    3.3515000343322754
-
START:  FIBK
END:    3.4649739265441895
-
START:  MHO
END:    3.5893898010253906
-
START:  XLI
END:    3.708940029144287
-
START:  TTEC
END:    3.909039258956909
-
START:  SF
END:    4.075334072113037
-
START:  SDY
END:    4.248833894729614
-
START:  MLI
END:    4.4341535568237305
-
START:  MAN
END:    4.625290155410767
-
START:  SLX
END:    4.847287178039551
-
START:  CMA
END:    5.027078151702881
-
START:  ACHC
END:    5.152728796005249
-
===========================
MACD sell
===========================
START:  A
START:  ANAT
START:  BBDC
START:  BURL
HIT: ------------------------>  BURL
START:  DAVA
START:  EXLS
START:  FIVE
START:  HCI
START:  IR
START:  KAI
START:  LIT
START:  MXIM
START:  NTAP
START:  PFF
START:  SEE
START:  SWAV
START:  TRNS
START:  TU
START:  SEAS
START:  ALLE
START:  ARW
START:  FIBK
START:  MHO
START:  XLI
START:  TTEC
START:  SF
START:  SDY
START:  MLI
START:  MAN
START:  SLX
HIT: ------------------------>  SLX
START:  CMA
START:  ACHC
==== MACD sell list ====
BURL: macd -, macd hist -
SLX : macd -, macd hist -
===========================
profit
===========================
==== plus ====
A    , macd +, macd hist +, profit:  [23.33], per:  [15.24], now:  [176.4], buy: [153.07]
ANAT , macd +, macd hist -, profit:  [28.33], per:  [17.26], now:  [192.5], buy: [164.17]
BBDC , macd +, macd hist -, profit:   [0.19], per:   [1.79], now:  [10.79], buy:   [10.6]
DAVA , macd +, macd hist -, profit:   [8.86], per:   [7.01], now: [135.24], buy: [126.38]
EXLS , macd +, macd hist -, profit:   [8.34], per:   [7.28], now: [122.84], buy:  [114.5]
FIVE , macd +, macd hist -, profit:  [16.89], per:    [8.7], now: [210.93], buy: [194.04]
HCI  , macd +, macd hist -, profit:   [8.21], per:   [8.03], now:  [110.5], buy: [102.29]
IR   , macd +, macd hist +, profit:   [4.53], per:   [9.35], now:   [52.9], buy:  [48.37]
KAI  , macd +, macd hist +, profit:  [31.51], per:  [17.77], now: [208.86], buy: [177.35]
LIT  , macd +, macd hist -, profit:    [1.8], per:   [2.16], now:  [85.18], buy:  [83.38]
MXIM , macd +, macd hist +, profit:   [3.43], per:   [3.44], now: [103.14], buy:  [99.71]
NTAP , macd +, macd hist +, profit:   [8.52], per:  [10.63], now:  [88.65], buy:  [80.13]
PFF  , macd +, macd hist +, profit:   [0.04], per:   [0.11], now:  [39.35], buy:  [39.31]
SEE  , macd +, macd hist +, profit:   [5.23], per:   [9.29], now:  [61.54], buy:  [56.31]
SWAV , macd +, macd hist +, profit:  [42.71], per:  [25.03], now: [213.35], buy: [170.64]
TRNS , macd +, macd hist -, profit:   [1.82], per:   [2.79], now:  [67.09], buy:  [65.27]
TU   , macd +, macd hist +, profit:   [1.14], per:   [5.17], now:  [23.21], buy:  [22.07]
ALLE , macd +, macd hist +, profit:   [2.93], per:   [2.09], now:  [142.9], buy: [139.97]
ARW  , macd +, macd hist +, profit:   [4.68], per:   [3.98], now: [122.36], buy: [117.68]
MHO  , macd +, macd hist +, profit:   [0.82], per:   [1.27], now:  [65.61], buy:  [64.79]
XLI  , macd +, macd hist +, profit:   [1.84], per:   [1.79], now: [104.47], buy: [102.63]
TTEC , macd +, macd hist +, profit:   [3.05], per:   [2.92], now: [107.37], buy: [104.32]
SF   , macd +, macd hist +, profit:   [2.08], per:   [3.12], now:  [68.72], buy:  [66.64]
SDY  , macd +, macd hist -, profit:   [0.64], per:   [0.52], now: [124.63], buy: [123.99]
MLI  , macd +, macd hist +, profit:   [0.64], per:   [1.45], now:  [44.86], buy:  [44.22]
MAN  , macd +, macd hist +, profit:   [3.61], per:   [3.02], now:   [123.], buy: [119.39]
SLX  , macd -, macd hist -, profit:   [0.64], per:   [1.03], now:  [62.58], buy:  [61.94]
ACHC , macd +, macd hist +, profit:    [1.8], per:    [2.8], now:  [66.06], buy:  [64.26]
-
     plus  len:  28
     profit:  [217.6], per: [175.05], per/len(p):   [6.25], per/len(p+m):   [5.47]
-
==== minus ====
BURL , macd -, macd hist -, profit: [-29.61], per:  [-8.96], now:   [301.], buy: [330.61]
SEAS , macd +, macd hist -, profit:  [-3.58], per:  [-6.76], now:  [49.39], buy:  [52.97]
FIBK , macd +, macd hist -, profit:  [-1.42], per:  [-3.14], now:  [43.65], buy:  [45.07]
CMA  , macd +, macd hist +, profit:  [-0.18], per:  [-0.24], now:  [73.89], buy:  [74.07]
-
     minus len:  4
     profit: [-34.78], per:  [-19.1], per/len(m):  [-4.77], per/len(p+m):   [-0.6]
-
==== total ====
     profit: [182.82], per: [155.95], per/len(p+m):   [4.87]
