Thu Dec 14 13:49:23 UTC 2023
arg[0]: scraping/yahoo-finace-api2.py, arg[1]: stock-code-list/buy-list.txt
===========================
scraping
===========================
START:  AAPL
END:    0.3289327621459961
-
START:  EL
END:    0.6035420894622803
-
START:  NEE
END:    1.2862982749938965
-
START:  AMD
END:    1.787902593612671
-
START:  APH
END:    2.155416965484619
-
START:  XLP
END:    2.455732583999634
-
START:  SPXL
END:    2.888871431350708
-
START:  KEYS
END:    3.2227823734283447
-
START:  VDC
END:    3.4761030673980713
-
START:  SPTM
END:    3.763092279434204
-
START:  SPLG
END:    4.28124737739563
-
START:  CROX
END:    4.562374830245972
-
START:  AXON
END:    4.899312496185303
-
START:  AWR
END:    5.237799167633057
-
START:  FN
END:    5.464323282241821
-
START:  NXST
END:    5.725985050201416
-
START:  TREX
END:    5.9679059982299805
-
START:  RGEN
END:    6.455851078033447
-
START:  EXPO
END:    6.9262449741363525
-
START:  BCPC
END:    7.209620475769043
-
START:  SOXL
END:    7.5268778800964355
-
START:  TECL
END:    7.918206453323364
-
START:  NEO
END:    8.144302368164062
-
START:  NVMI
END:    8.367381811141968
-
START:  NVDA
END:    8.612046718597412
-
START:  BBDC
END:    8.861785173416138
-
START:  APPS
END:    9.194228887557983
-
START:  ROK
END:    9.489445924758911
-
START:  NHTC
END:    9.746160507202148
-
START:  ZYXI
END:    10.180303812026978
-
START:  LIT
END:    10.388862609863281
-
START:  LLY
END:    10.788070917129517
-
START:  GTLB
END:    10.88472032546997
-
START:  MCD
END:    11.543102979660034
-
START:  MSI
END:    11.890060186386108
-
START:  HCP
END:    11.99500846862793
-
START:  ON
END:    12.47497820854187
-
===========================
MACD sell
===========================
START:  AAPL
START:  EL
START:  NEE
START:  AMD
START:  APH
START:  XLP
START:  SPXL
START:  KEYS
START:  VDC
START:  SPTM
START:  SPLG
START:  CROX
START:  AXON
START:  AWR
START:  FN
START:  NXST
START:  TREX
START:  RGEN
START:  EXPO
START:  BCPC
START:  SOXL
START:  TECL
START:  NEO
START:  NVMI
START:  NVDA
START:  BBDC
START:  APPS
START:  ROK
START:  NHTC
START:  ZYXI
START:  LIT
START:  LLY
START:  GTLB
START:  MCD
START:  MSI
START:  HCP
START:  ON
==== MACD list ====
code: AAPL     day: macd + hist + ,  Week: macd + hist + , Month: macd + hist + , 
code: EL       day: macd + hist + ,  Week: macd - hist + , Month: macd - hist - , 
code: NEE      day: macd + hist + ,  Week: macd - hist + , Month: macd - hist - , 
code: AMD      day: macd + hist + ,  Week: macd + hist + , Month: macd + hist + , 
code: APH      day: macd + hist + ,  Week: macd + hist + , Month: macd + hist + , 
code: XLP      day: macd + hist + ,  Week: macd - hist + , Month: macd + hist - , 
code: SPXL     day: macd + hist + ,  Week: macd + hist + , Month: macd + hist + , 
code: KEYS     day: macd + hist + ,  Week: macd - hist + , Month: macd - hist - , 
code: VDC      day: macd + hist + ,  Week: macd - hist + , Month: macd + hist - , 
code: SPTM     day: macd + hist + ,  Week: macd + hist + , Month: macd + hist + , 
code: SPLG     day: macd + hist + ,  Week: macd + hist + , Month: macd + hist + , 
code: CROX     day: macd + hist + ,  Week: macd + hist + , Month: macd + hist - , 
code: AXON     day: macd + hist + ,  Week: macd + hist + , Month: macd + hist + , 
code: AWR      day: macd + hist + ,  Week: macd - hist + , Month: macd - hist - , 
code: FN       day: macd + hist + ,  Week: macd + hist - , Month: macd + hist + , 
code: NXST     day: macd + hist + ,  Week: macd - hist + , Month: macd - hist - , 
code: TREX     day: macd + hist + ,  Week: macd + hist + , Month: macd - hist + , 
code: RGEN     day: macd + hist + ,  Week: macd + hist + , Month: macd - hist - , 
code: EXPO     day: macd + hist + ,  Week: macd - hist + , Month: macd - hist - , 
code: BCPC     day: macd + hist + ,  Week: macd + hist + , Month: macd + hist - , 
code: SOXL     day: macd + hist + ,  Week: macd + hist + , Month: macd - hist + , 
code: TECL     day: macd + hist + ,  Week: macd + hist + , Month: macd + hist + , 
code: NEO      day: macd + hist - ,  Week: macd + hist + , Month: macd - hist + , 
code: NVMI     day: macd + hist - ,  Week: macd + hist + , Month: macd + hist + , 
code: NVDA     day: macd + hist - ,  Week: macd + hist - , Month: macd + hist + , 
code: BBDC     day: macd - hist - ,  Week: macd + hist - , Month: macd - hist + , 
code: APPS     day: macd + hist + ,  Week: macd - hist + , Month: macd - hist + , 
code: ROK      day: macd + hist + ,  Week: macd - hist + , Month: macd + hist - , 
code: NHTC     day: macd + hist + ,  Week: macd + hist + , Month: macd - hist + , 
code: ZYXI     day: macd + hist + ,  Week: macd + hist + , Month: macd - hist - , 
code: LIT      day: macd - hist + ,  Week: macd - hist + , Month: macd - hist - , 
code: LLY      day: macd + hist - ,  Week: macd + hist - , Month: macd + hist + , 
code: GTLB     day: macd + hist + ,  Week: macd + hist + , Month: macd + hist + , 
code: MCD      day: macd + hist + ,  Week: macd + hist + , Month: macd + hist - , 
code: MSI      day: macd + hist - ,  Week: macd + hist + , Month: macd + hist + , 
code: HCP      day: macd + hist - ,  Week: macd - hist + , Month: macd + hist + , 
code: ON       day: macd + hist + ,  Week: macd - hist + , Month: macd + hist - , 
==== MACD sell list ====
code: EL       day: macd + hist + ,  Week: macd - hist + , Month: macd - hist - , 
code: NEE      day: macd + hist + ,  Week: macd - hist + , Month: macd - hist - , 
code: XLP      day: macd + hist + ,  Week: macd - hist + , Month: macd + hist - , 
code: KEYS     day: macd + hist + ,  Week: macd - hist + , Month: macd - hist - , 
code: VDC      day: macd + hist + ,  Week: macd - hist + , Month: macd + hist - , 
code: CROX     day: macd + hist + ,  Week: macd + hist + , Month: macd + hist - , 
code: AWR      day: macd + hist + ,  Week: macd - hist + , Month: macd - hist - , 
code: FN       day: macd + hist + ,  Week: macd + hist - , 
code: NXST     day: macd + hist + ,  Week: macd - hist + , Month: macd - hist - , 
code: RGEN     day: macd + hist + ,  Week: macd + hist + , Month: macd - hist - , 
code: EXPO     day: macd + hist + ,  Week: macd - hist + , Month: macd - hist - , 
code: BCPC     day: macd + hist + ,  Week: macd + hist + , Month: macd + hist - , 
code: NEO      day: macd + hist - , 
code: NVMI     day: macd + hist - , 
code: NVDA     day: macd + hist - , 
code: NVDA     day: macd + hist - ,  Week: macd + hist - , 
code: BBDC     day: macd - hist - , 
code: BBDC     day: macd - hist - ,  Week: macd + hist - , 
code: ROK      day: macd + hist + ,  Week: macd - hist + , Month: macd + hist - , 
code: ZYXI     day: macd + hist + ,  Week: macd + hist + , Month: macd - hist - , 
code: LIT      day: macd - hist + ,  Week: macd - hist + , Month: macd - hist - , 
code: LLY      day: macd + hist - , 
code: LLY      day: macd + hist - ,  Week: macd + hist - , 
code: MCD      day: macd + hist + ,  Week: macd + hist + , Month: macd + hist - , 
code: MSI      day: macd + hist - , 
code: HCP      day: macd + hist - , 
code: ON       day: macd + hist + ,  Week: macd - hist + , Month: macd + hist - , 
===========================
profit
===========================
==== plus ====
AMD  , macd +, macd hist +, profit:  [17.96], per:  [14.94], now: [138.19], buy: [120.23]
VDC  , macd +, macd hist +, profit:   [2.46], per:    [1.3], now: [191.99], buy: [189.53]
SPTM , macd +, macd hist +, profit:   [1.17], per:   [2.07], now:  [57.75], buy:  [56.58]
SPLG , macd +, macd hist +, profit:   [1.34], per:   [2.48], now:  [55.33], buy:  [53.99]
AXON , macd +, macd hist +, profit: [109.91], per:  [79.56], now: [248.06], buy: [138.15]
FN   , macd +, macd hist +, profit:  [59.31], per:  [50.75], now: [176.17], buy: [116.86]
TREX , macd +, macd hist +, profit:   [5.45], per:   [7.79], now:  [75.45], buy:    [70.]
BCPC , macd +, macd hist +, profit:   [3.05], per:   [2.22], now: [140.13], buy: [137.08]
TECL , macd +, macd hist +, profit:   [4.83], per:   [7.95], now:  [65.57], buy:  [60.74]
NEO  , macd +, macd hist -, profit:   [1.18], per:   [6.61], now:  [19.02], buy:  [17.84]
NVMI , macd +, macd hist -, profit:  [16.03], per:  [13.98], now: [130.68], buy: [114.65]
NVDA , macd +, macd hist -, profit: [225.21], per:  [88.09], now: [480.88], buy: [255.67]
ZYXI , macd +, macd hist +, profit:   [3.14], per:  [49.37], now:    [9.5], buy:   [6.36]
LLY  , macd +, macd hist -, profit:  [326.5], per: [120.48], now:  [597.5], buy:   [271.]
GTLB , macd +, macd hist +, profit:  [11.96], per:  [22.67], now:  [64.72], buy:  [52.76]
MCD  , macd +, macd hist +, profit:  [42.47], per:  [16.76], now: [295.93], buy: [253.46]
MSI  , macd +, macd hist -, profit:  [75.53], per:  [30.04], now: [326.94], buy: [251.41]
ON   , macd +, macd hist +, profit:   [21.2], per:  [35.42], now:  [81.06], buy:  [59.86]
-
     plus  len:  18
     profit:  [928.7], per: [552.48], per/len(p):  [30.69], per/len(p+m):  [14.93]
-
==== minus ====
AAPL , macd +, macd hist +, profit:       [], per:       [], now: [197.96], buy:       []
EL   , macd +, macd hist +, profit: [-196.72], per:  [-57.9], now: [143.03], buy: [339.75]
NEE  , macd +, macd hist +, profit: [-22.82], per: [-26.74], now:  [62.51], buy:  [85.33]
APH  , macd +, macd hist +, profit:       [], per:       [], now:  [96.13], buy:       []
XLP  , macd +, macd hist +, profit:  [-0.28], per:  [-0.39], now:   [72.3], buy:  [72.58]
SPXL , macd +, macd hist +, profit: [-29.57], per: [-22.71], now: [100.66], buy: [130.23]
KEYS , macd +, macd hist +, profit: [-33.75], per: [-18.14], now: [152.31], buy: [186.06]
CROX , macd +, macd hist +, profit: [-70.62], per:  [-39.8], now:  [106.8], buy: [177.42]
AWR  , macd +, macd hist +, profit:       [], per:       [], now:  [84.19], buy:       []
NXST , macd +, macd hist +, profit: [-11.06], per:  [-6.81], now: [151.44], buy:  [162.5]
RGEN , macd +, macd hist +, profit:  [-4.74], per:  [-2.64], now: [174.92], buy: [179.66]
EXPO , macd +, macd hist +, profit: [-17.41], per: [-17.22], now:   [83.7], buy: [101.11]
SOXL , macd +, macd hist +, profit: [-14.17], per: [-33.67], now:  [27.92], buy:  [42.09]
BBDC , macd -, macd hist -, profit:  [-1.78], per: [-16.79], now:   [8.82], buy:   [10.6]
APPS , macd +, macd hist +, profit: [-36.88], per: [-84.45], now:   [6.79], buy:  [43.67]
ROK  , macd +, macd hist +, profit: [-50.92], per: [-14.89], now: [290.97], buy: [341.89]
NHTC , macd +, macd hist +, profit:  [-1.58], per: [-22.04], now:   [5.59], buy:   [7.17]
LIT  , macd -, macd hist +, profit: [-43.62], per: [-47.46], now:  [48.29], buy:  [91.91]
HCP  , macd +, macd hist -, profit: [-32.56], per: [-59.96], now:  [21.74], buy:   [54.3]
-
     minus len:  19
     profit:       [], per:       [], per/len(m):       [], per/len(p+m):       []
-
==== total ====
     profit:       [], per:       [], per/len(p+m):       []
arg[0]: scraping/yahoo-finace-api2.py, arg[1]: stock-code-list/up-month.txt
===========================
scraping
===========================
START:  A
END:    0.2769489288330078
-
START:  AAON
END:    0.8964691162109375
-
START:  AAPL
END:    1.4430639743804932
-
START:  ABG
END:    1.704911470413208
-
START:  ABT
END:    1.9908607006072998
-
START:  ACLS
END:    2.227184772491455
-
START:  ACMR
END:    2.598457098007202
-
START:  ACN
END:    3.0340607166290283
-
START:  ADBE
END:    3.3072667121887207
-
START:  ADI
END:    3.628606081008911
-
START:  ADP
END:    4.273525238037109
-
START:  ADSK
END:    4.543770790100098
-
START:  ADUS
END:    5.021300315856934
-
START:  AEE
END:    5.6441357135772705
-
START:  AGYS
END:    6.31026816368103
-
START:  AIZ
END:    6.9685378074646
-
START:  AJG
END:    7.4053778648376465
-
START:  AJRD
Not Found: No data found, symbol may be delisted
START:  ALB
END:    8.016824722290039
-
START:  ALG
END:    8.572097301483154
-
START:  ALGN
END:    8.914144039154053
-
START:  ALLE
END:    9.254507780075073
-
START:  ALTR
END:    9.519259214401245
-
START:  AMAT
END:    10.046140193939209
-
START:  AMBA
END:    10.260501384735107
-
START:  AMD
END:    10.574477672576904
-
START:  AME
END:    10.969269275665283
-
START:  AMED
END:    11.315365552902222
-
START:  AMEH
END:    11.766239166259766
-
START:  AMGN
END:    12.054202795028687
-
START:  AMN
END:    12.670563697814941
-
START:  AMP
END:    13.289810419082642
-
START:  AMRC
END:    13.503684997558594
-
START:  AMSWA
END:    13.8675057888031
-
START:  AMTX
END:    14.391359567642212
-
START:  AMZN
END:    14.627663850784302
-
START:  AN
END:    14.88338041305542
-
START:  ANSS
END:    15.103627681732178
-
START:  ANTM
Not Found: No data found, symbol may be delisted
START:  AON
END:    15.54400086402893
-
START:  AOSL
END:    15.924648523330688
-
START:  APD
END:    16.40053081512451
-
START:  APH
END:    16.6491277217865
-
START:  APPF
END:    16.797159433364868
-
START:  APPN
END:    16.989734411239624
-
START:  APPS
END:    17.200394868850708
-
START:  AQN
END:    17.40715479850769
-
START:  ARCB
END:    18.088682651519775
-
START:  ARCT
END:    18.23387050628662
-
START:  ARES
END:    18.70796537399292
-
START:  ARGX
END:    18.90977931022644
-
START:  ARWR
END:    19.134147882461548
-
START:  ASML
END:    19.748218059539795
-
START:  ASPN
END:    20.088613748550415
-
START:  ATEC
END:    20.499265432357788
-
START:  ATEN
END:    20.68103837966919
-
START:  ATKR
END:    20.806360244750977
-
START:  ATOM
END:    21.073408842086792
-
START:  ATR
END:    21.722782135009766
-
START:  ATRC
END:    21.954719066619873
-
START:  AUDC
END:    22.430764198303223
-
START:  AUPH
END:    22.760830640792847
-
START:  AVAV
END:    22.96330189704895
-
START:  AVGO
END:    23.188572883605957
-
START:  AVID
END:    23.580461025238037
-
START:  AVNW
END:    24.115681886672974
-
START:  AVXL
END:    24.43229579925537
-
START:  AVY
END:    25.09825897216797
-
START:  AWK
END:    25.309069395065308
-
START:  AWR
END:    25.58220624923706
-
START:  AXON
END:    25.85265278816223
-
START:  AZO
END:    26.087469339370728
-
START:  AZPN
END:    26.41329550743103
-
START:  BAH
END:    26.785909175872803
-
START:  BAM
END:    26.855100870132446
-
START:  BAX
END:    27.279123067855835
-
START:  BBH
END:    27.72101902961731
-
START:  BBQ
END:    27.9971604347229
-
START:  BBY
END:    28.27500057220459
-
START:  BCPC
END:    28.920922994613647
-
START:  BDX
END:    29.475690126419067
-
START:  BEEM
END:    29.94006037712097
-
START:  BFAM
END:    30.298572778701782
-
START:  BFC
END:    30.534306526184082
-
START:  BGFV
END:    30.9055016040802
-
START:  BGNE
END:    31.050129652023315
-
START:  BHVN
END:    31.119338274002075
-
START:  BIO
END:    31.566534519195557
-
START:  BL
END:    31.764932870864868
-
START:  BLD
END:    31.910869598388672
-
START:  BLDP
END:    32.23233914375305
-
START:  BLDR
END:    32.73094916343689
-
START:  BLFS
END:    32.9588987827301
-
START:  BLK
END:    33.327110052108765
-
START:  BLL
Not Found: No data found, symbol may be delisted
START:  BLNK
END:    33.63943290710449
-
START:  BMI
END:    33.935035943984985
-
START:  BOOT
END:    34.262622594833374
-
START:  BOTZ
END:    34.585166692733765
-
START:  BR
END:    34.92219400405884
-
START:  BRKR
END:    35.61576247215271
-
START:  BRKS
Not Found: No data found, symbol may be delisted
START:  BRO
END:    36.03509569168091
-
START:  BURL
END:    36.4082088470459
-
START:  BX
END:    36.63841462135315
-
START:  CABO
END:    37.09377956390381
-
START:  CACI
END:    37.48176121711731
-
START:  CALX
END:    37.6694073677063
-
START:  CAMT
END:    37.89174437522888
-
START:  CAR
END:    38.15510821342468
-
START:  CBRE
END:    38.36788034439087
-
START:  CBSH
END:    38.77409815788269
-
START:  CBZ
END:    39.09864568710327
-
START:  CCOI
END:    39.396255016326904
-
START:  CCS
END:    39.572176456451416
-
START:  CDMO
END:    39.970136880874634
-
START:  CDNA
END:    40.10381054878235
-
START:  CDNS
END:    40.32783913612366
-
START:  CDW
END:    40.67890238761902
-
START:  CELH
END:    41.05624961853027
-
START:  CGNX
END:    41.31118178367615
-
START:  CHD
END:    41.587891578674316
-
START:  CHDN
END:    41.877625703811646
-
START:  CHE
END:    42.54336094856262
-
START:  CHGG
END:    42.88741588592529
-
START:  CHH
END:    43.41633677482605
-
START:  CHKP
END:    43.805498123168945
-
START:  CHTR
END:    43.99504804611206
-
START:  CIEN
END:    44.235254526138306
-
START:  CLAR
END:    44.496108055114746
-
START:  CLFD
END:    44.71739721298218
-
START:  CLGN
END:    45.028218507766724
-
START:  CLNE
END:    45.42049598693848
-
START:  CLPT
END:    45.61682081222534
-
START:  CLX
END:    46.19280290603638
-
START:  CMCSA
END:    46.72737979888916
-
START:  CMG
END:    47.12457537651062
-
START:  CMS
END:    47.52713584899902
-
START:  CNC
END:    47.763893842697144
-
START:  CNI
END:    48.03442358970642
-
START:  CNMD
END:    48.275376081466675
-
START:  CNS
END:    48.54850482940674
-
START:  CNXN
END:    48.83536648750305
-
START:  COO
END:    49.20653176307678
-
START:  COST
END:    49.489755392074585
-
START:  COUP
Not Found: No data found, symbol may be delisted
START:  COWN
Not Found: No data found, symbol may be delisted
START:  CP
END:    49.953510761260986
-
START:  CPK
END:    50.60711717605591
-
START:  CPRT
END:    50.908118724823
-
START:  CPSH
END:    51.21451020240784
-
START:  CRAI
END:    51.680190324783325
-
START:  CREE
Not Found: No data found, symbol may be delisted
START:  CRL
END:    52.07974720001221
-
START:  CRM
END:    52.38742423057556
-
START:  CRMT
END:    52.60864734649658
-
START:  CROX
END:    53.11643719673157
-
START:  CRSP
END:    53.4646213054657
-
START:  CRVL
END:    53.80945420265198
-
START:  CSGP
END:    54.17154383659363
-
START:  CSL
END:    54.441633462905884
-
START:  CSWI
END:    54.67565441131592
-
START:  CSX
END:    55.01907682418823
-
START:  CTAS
END:    55.390663862228394
-
START:  CTLT
END:    55.550495862960815
-
START:  CTRN
END:    55.77921271324158
-
START:  CURE
END:    56.25701308250427
-
START:  CVCO
END:    56.58693265914917
-
START:  CVNA
END:    56.72734475135803
-
START:  CWST
END:    57.24990963935852
-
START:  CWT
END:    57.50948452949524
-
START:  CXSE
END:    57.785439014434814
-
START:  CYBR
END:    58.1074116230011
-
START:  CYRX
END:    58.4060275554657
-
START:  CYTK
END:    58.719741106033325
-
START:  DAC
END:    58.92718958854675
-
START:  DAR
END:    59.404462814331055
-
START:  DAVA
END:    59.52055644989014
-
START:  DDS
END:    60.07512855529785
-
START:  DE
END:    60.420026540756226
-
START:  DECK
END:    60.712778091430664
-
START:  DELL
END:    61.129539012908936
-
START:  DFIN
END:    61.4011116027832
-
START:  DG
END:    61.77399396896362
-
START:  DGRW
END:    61.94692277908325
-
START:  DHI
END:    62.21409058570862
-
START:  DHR
END:    62.49631190299988
-
START:  DIA
END:    63.02642297744751
-
START:  DIOD
END:    63.508082151412964
-
START:  DIS
END:    64.13018918037415
-
START:  DKS
END:    64.62035393714905
-
START:  DLN
END:    64.86084032058716
-
START:  DNLI
END:    65.04324913024902
-
START:  DOMO
END:    65.16201138496399
-
START:  DOV
END:    65.81272339820862
-
START:  DPZ
END:    66.17213249206543
-
START:  DQ
END:    66.35048389434814
-
START:  DRD
END:    66.72956442832947
-
START:  DRIO
END:    67.05560159683228
-
START:  DRNA
Not Found: No data found, symbol may be delisted
START:  DSGX
END:    67.6224856376648
-
START:  DVAX
END:    67.85068869590759
-
START:  DXCM
END:    68.07812738418579
-
START:  ECL
END:    68.6211793422699
-
START:  EFX
END:    68.98869729042053
-
START:  EGAN
END:    69.3972098827362
-
START:  EHC
END:    69.67601108551025
-
START:  EL
END:    69.93183732032776
-
START:  ENPH
END:    70.1080002784729
-
START:  ENSG
END:    70.34006237983704
-
START:  ENTG
END:    70.58728528022766
-
START:  ENV
END:    70.7657721042633
-
START:  EPAM
END:    71.12692046165466
-
START:  ERIE
END:    71.6466269493103
-
START:  ES
END:    71.95340251922607
-
START:  ESE
END:    72.3879075050354
-
START:  ETN
END:    72.95497369766235
-
START:  ETSY
END:    73.10248565673828
-
START:  EVBG
END:    73.3186514377594
-
START:  EVTC
END:    73.48973178863525
-
START:  EW
END:    73.89132308959961
-
START:  EWT
END:    74.3968014717102
-
START:  EXAS
END:    74.69203209877014
-
START:  EXLS
END:    74.93878078460693
-
START:  EXPD
END:    75.2031934261322
-
START:  EXPI
END:    75.33866286277771
-
START:  EXPO
END:    75.83456254005432
-
START:  FAST
END:    76.20391488075256
-
START:  FATE
END:    76.64660573005676
-
START:  FB
Not Found: No data found, symbol may be delisted
START:  FCN
END:    77.19559216499329
-
START:  FCX
END:    77.70571184158325
-
START:  FDN
END:    77.92730116844177
-
START:  FDS
END:    78.1907217502594
-
START:  FELE
END:    78.82195782661438
-
START:  FFIN
END:    79.09589695930481
-
START:  FICO
END:    79.60559415817261
-
START:  FINX
END:    79.93277096748352
-
START:  FIS
END:    80.45643973350525
-
START:  FISV
Not Found: No data found, symbol may be delisted
START:  FIVE
END:    80.85716271400452
-
START:  FIVN
END:    81.02235293388367
-
START:  FLGT
END:    81.34391164779663
-
START:  FLT
END:    81.52530717849731
-
START:  FLWS
END:    81.82613182067871
-
START:  FN
END:    82.15768051147461
-
START:  FND
END:    82.49906468391418
-
START:  FNV
END:    83.08123111724854
-
START:  FORM
END:    83.34083223342896
-
START:  FOXF
END:    83.68120288848877
-
START:  FPX
END:    84.1716079711914
-
START:  FRC
Not Found: No data found, symbol may be delisted
START:  FRHC
END:    84.51181197166443
-
START:  FRPT
END:    84.67323303222656
-
START:  FSS
END:    84.95521569252014
-
START:  FTNT
END:    85.3214898109436
-
START:  FUV
END:    85.4468674659729
-
START:  GDEN
END:    85.77604174613953
-
START:  GFI
END:    86.07829999923706
-
START:  GGG
END:    86.39638161659241
-
START:  GIB
END:    86.62251925468445
-
START:  GLDD
END:    86.83168292045593
-
START:  GLOB
END:    87.15886354446411
-
START:  GMAB
END:    87.4328122138977
-
START:  GME
END:    87.68455386161804
-
START:  GMED
END:    87.92953753471375
-
START:  GNRC
END:    88.1228837966919
-
START:  GNSS
END:    88.39449071884155
-
START:  GNTX
END:    88.64706444740295
-
START:  GOLF
END:    89.01005673408508
-
START:  GOOG
END:    89.25371170043945
-
START:  GOOGL
END:    89.90312314033508
-
START:  GPI
END:    90.16130042076111
-
START:  GPN
END:    90.43277859687805
-
START:  GRBK
END:    90.65481925010681
-
START:  GRMN
END:    91.00230550765991
-
START:  GRVY
END:    91.24922227859497
-
START:  GRWG
END:    91.39487266540527
-
START:  GWRE
END:    91.55258226394653
-
START:  HACK
END:    91.89001274108887
-
START:  HALO
END:    92.19382190704346
-
START:  HCI
END:    92.68667006492615
-
START:  HD
END:    93.00791215896606
-
START:  HEI
END:    93.35839605331421
-
START:  HELE
END:    93.58890748023987
-
START:  HIBB
END:    93.93104434013367
-
START:  HLI
END:    94.3078179359436
-
START:  HLT
END:    94.47586345672607
-
START:  HOLX
END:    94.86947321891785
-
START:  HON
END:    95.46549487113953
-
START:  HOV
END:    95.9607880115509
-
START:  HRC
Not Found: No data found, symbol may be delisted
START:  HRI
END:    96.25181484222412
-
START:  HSKA
Not Found: No data found, symbol may be delisted
START:  HTHT
END:    96.60106110572815
-
START:  HUBS
END:    96.93768525123596
-
START:  HUM
END:    97.21690368652344
-
START:  HZNP
Not Found: No data found, symbol may be delisted
START:  IAC
END:    97.8743348121643
-
START:  IBP
END:    98.11170601844788
-
START:  ICE
END:    98.34419322013855
-
START:  ICLN
END:    98.86692881584167
-
START:  ICLR
END:    99.27909255027771
-
START:  IDT
END:    99.51814270019531
-
START:  IDXX
END:    99.79721522331238
-
START:  IESC
END:    100.19711303710938
-
START:  IEX
END:    100.48778414726257
-
START:  ILMN
END:    100.72907876968384
-
START:  INFO
Not Found: No data found, symbol may be delisted
START:  INOV
END:    100.85092806816101
-
START:  INSP
END:    100.99599051475525
-
START:  INTC
END:    101.52834296226501
-
START:  INTU
END:    101.78793597221375
-
START:  INTZ
END:    102.01558947563171
-
START:  INVE
END:    102.32876634597778
-
START:  IOO
END:    102.85462236404419
-
START:  IQV
END:    103.2791919708252
-
START:  IRDM
END:    103.77583694458008
-
START:  IRMD
END:    104.11666560173035
-
START:  ISEE
Not Found: No data found, symbol may be delisted
START:  ISRG
END:    104.486093044281
-
START:  IT
END:    104.95038914680481
-
START:  ITT
END:    105.23478937149048
-
START:  ITW
END:    105.76109051704407
-
START:  IVOG
END:    105.96169996261597
-
START:  IVV
END:    106.26640009880066
-
START:  IXJ
END:    106.79197978973389
-
START:  IXN
END:    107.06083917617798
-
START:  J
END:    107.53665804862976
-
START:  JBL
END:    107.79406523704529
-
START:  JBSS
END:    108.21006441116333
-
START:  JD
END:    108.48871731758118
-
START:  JKHY
END:    108.76550602912903
-
START:  JKS
END:    109.14268159866333
-
START:  JNJ
END:    109.66822791099548
-
START:  JOE
END:    109.92614483833313
-
START:  JOUT
END:    110.17856478691101
-
START:  JYNT
END:    110.32640147209167
-
START:  KAI
END:    110.5817642211914
-
START:  KBH
END:    110.95222640037537
-
START:  KBR
END:    111.54334950447083
-
START:  KDMN
Not Found: No data found, symbol may be delisted
START:  KEYS
END:    111.8696801662445
-
START:  KLAC
END:    112.12115955352783
-
START:  KLIC
END:    112.59342432022095
-
START:  KMX
END:    112.83912968635559
-
START:  KNSL
END:    112.99731802940369
-
START:  KOPN
END:    113.44144892692566
-
START:  KOSS
END:    113.97908544540405
-
START:  KRNT
END:    114.40754389762878
-
START:  KSU
Not Found: No data found, symbol may be delisted
START:  KTOS
END:    114.93825268745422
-
START:  LAC
END:    115.1014244556427
-
START:  LAD
END:    115.57190012931824
-
START:  LANC
END:    115.9098117351532
-
START:  LAWS
Not Found: No data found, symbol may be delisted
START:  LDOS
END:    116.413254737854
-
START:  LFMD
END:    116.79365348815918
-
START:  LGIH
END:    117.27888059616089
-
START:  LH
END:    117.53846311569214
-
START:  LHCG
Not Found: No data found, symbol may be delisted
START:  LHX
END:    118.20432710647583
-
START:  LII
END:    118.48084354400635
-
START:  LIN
END:    118.85686469078064
-
START:  LINC
END:    119.085364818573
-
START:  LIT
END:    119.57512378692627
-
START:  LLY
END:    119.87647557258606
-
START:  LMT
END:    120.19615697860718
-
START:  LNT
END:    120.557382106781
-
START:  LOB
END:    120.90074062347412
-
START:  LOGI
END:    121.18751502037048
-
START:  LOVE
END:    121.28683185577393
-
START:  LOW
END:    121.5678038597107
-
START:  LPLA
END:    121.9561722278595
-
START:  LPSN
END:    122.36609125137329
-
START:  LQDT
END:    122.74405264854431
-
START:  LRCX
END:    123.3393201828003
-
START:  LSCC
END:    123.60001611709595
-
START:  LSTR
END:    124.26047778129578
-
START:  LULU
END:    124.56999397277832
-
START:  LUNA
END:    124.97388124465942
-
START:  MA
END:    125.21719932556152
-
START:  MANH
END:    125.68359208106995
-
START:  MANT
Not Found: No data found, symbol may be delisted
START:  MARA
END:    126.1927981376648
-
START:  MASI
END:    126.39050364494324
-
START:  MATX
END:    126.91493678092957
-
START:  MBUU
END:    127.1928391456604
-
START:  MCD
END:    127.49084138870239
-
START:  MCHP
END:    127.77064609527588
-
START:  MCO
END:    128.17995381355286
-
START:  MDB
END:    128.36095881462097
-
START:  MDT
END:    128.69985604286194
-
START:  MEDP
END:    128.8661551475525
-
START:  MEDS
END:    129.00489211082458
-
START:  MELI
END:    129.40467166900635
-
START:  MGC
END:    130.16988039016724
-
START:  MGIC
END:    130.67924308776855
-
START:  MGK
END:    131.00052571296692
-
START:  MGNI
END:    131.3411135673523
-
START:  MHO
END:    131.7262749671936
-
START:  MIME
Not Found: No data found, symbol may be delisted
START:  MITK
END:    132.38970851898193
-
START:  MKC
END:    132.90751886367798
-
START:  MKSI
END:    133.27947640419006
-
START:  MKTX
END:    133.63801217079163
-
START:  MLAB
END:    134.28624939918518
-
START:  MLR
END:    134.90886211395264
-
START:  MMC
END:    135.39958500862122
-
START:  MMS
END:    135.88091588020325
-
START:  MNMD
END:    136.21054077148438
-
START:  MNST
END:    136.44535303115845
-
START:  MODN
END:    136.7821707725525
-
START:  MODV
END:    137.04835772514343
-
START:  MOH
END:    137.35558891296387
-
START:  MORN
END:    137.59986877441406
-
START:  MPWR
END:    138.12382125854492
-
START:  MRTX
END:    138.56412053108215
-
START:  MRVL
END:    139.05596661567688
-
START:  MS
END:    139.44229578971863
-
START:  MSA
END:    140.0955274105072
-
START:  MSCI
END:    140.47903871536255
-
START:  MSEX
END:    140.77339887619019
-
START:  MSFT
END:    141.25287914276123
-
START:  MSI
END:    141.60978436470032
-
START:  MSTR
END:    142.20571851730347
-
START:  MTBC
Not Found: No data found, symbol may be delisted
START:  MTCH
END:    142.50882959365845
-
START:  MTD
END:    142.73634219169617
-
START:  MTEX
END:    142.98969149589539
-
START:  MTH
END:    143.2639036178589
-
START:  MTLS
END:    143.44014525413513
-
START:  MTSI
END:    143.61501622200012
-
START:  MU
END:    143.87973427772522
-
START:  MUSA
END:    144.3529233932495
-
START:  MVIS
END:    144.8577103614807
-
START:  MXL
END:    145.21737432479858
-
START:  MYRG
END:    145.5455985069275
-
START:  NBIX
END:    145.76935172080994
-
START:  NCBS
Not Found: No data found, symbol may be delisted
START:  NDAQ
END:    146.46711945533752
-
START:  NDSN
END:    146.7670500278473
-
START:  NEE
END:    147.30228352546692
-
START:  NEO
END:    147.72115802764893
-
START:  NEOG
END:    147.97391414642334
-
START:  NFLX
END:    148.45503401756287
-
START:  NICE
END:    148.80076456069946
-
START:  NISN
END:    149.06451797485352
-
START:  NKE
END:    149.46478271484375
-
START:  NOVT
END:    150.07779240608215
-
START:  NOW
END:    150.24448776245117
-
START:  NSC
END:    150.65237402915955
-
START:  NSIT
END:    150.8816258907318
-
START:  NSSC
END:    151.13341283798218
-
START:  NSTG
END:    151.40665435791016
-
START:  NTLA
END:    151.5471556186676
-
START:  NTRA
END:    151.69506549835205
-
START:  NUAN
Not Found: No data found, symbol may be delisted
START:  NVCR
END:    152.0490801334381
-
START:  NVDA
END:    152.40478706359863
-
START:  NVMI
END:    152.6409945487976
-
START:  NVO
END:    153.0062656402588
-
START:  NVR
END:    153.24560713768005
-
START:  NXST
END:    153.5075945854187
-
START:  NYT
END:    154.0682990550995
-
START:  OBCI
Not Found: No data found, symbol may be delisted
START:  ODFL
END:    154.36823415756226
-
START:  OEF
END:    155.0676236152649
-
START:  OFLX
END:    155.29965686798096
-
START:  OLED
END:    155.54795360565186
-
START:  OMCL
END:    156.01659417152405
-
START:  ON
END:    156.25877976417542
-
START:  OOMA
END:    156.52846574783325
-
START:  OPRX
END:    156.720801115036
-
START:  ORA
END:    157.20078921318054
-
START:  ORCL
END:    157.63037085533142
-
START:  ORLY
END:    157.8724491596222
-
START:  ORMP
END:    158.26581287384033
-
START:  OTEX
END:    158.62998414039612
-
START:  PACB
END:    158.89562487602234
-
START:  PAG
END:    159.1791365146637
-
START:  PANW
END:    159.4495882987976
-
START:  PAR
END:    159.8499641418457
-
START:  PAYC
END:    160.0653121471405
-
START:  PAYX
END:    160.41389513015747
-
START:  PBD
END:    160.78868651390076
-
START:  PCTY
END:    161.13740301132202
-
START:  PEGA
END:    161.64537644386292
-
START:  PEN
END:    161.79030895233154
-
START:  PENN
END:    162.25233221054077
-
START:  PEP
END:    162.6951036453247
-
START:  PERI
END:    162.91072177886963
-
START:  PFSI
END:    163.09307837486267
-
START:  PGR
END:    163.37646317481995
-
START:  PH
END:    163.6703064441681
-
START:  PHM
END:    164.06207942962646
-
START:  PKI
Not Found: No data found, symbol may be delisted
START:  PLL
END:    164.50335359573364
-
START:  PLNT
END:    164.85347414016724
-
START:  PLUG
END:    165.07622003555298
-
START:  PLXS
END:    165.31445145606995
-
START:  PODD
END:    165.51929092407227
-
START:  POOL
END:    165.7945625782013
-
START:  POWI
END:    166.05362010002136
-
START:  PRFT
END:    166.28654217720032
-
START:  PRI
END:    166.57144713401794
-
START:  PRTA
END:    166.7652711868286
-
START:  PRTS
END:    166.97032284736633
-
START:  PTSI
END:    167.4584231376648
-
START:  PWR
END:    168.0446252822876
-
START:  PYPL
END:    168.31185340881348
-
START:  QADA
Not Found: No data found, symbol may be delisted
START:  QCLN
END:    168.82706117630005
-
START:  QDEL
END:    169.4289984703064
-
START:  QGEN
END:    169.66744875907898
-
START:  QLYS
END:    170.00410199165344
-
START:  QQQ
END:    170.26676082611084
-
START:  QRVO
END:    170.41880702972412
-
START:  QTWO
END:    170.5752112865448
-
START:  RADA
Not Found: No data found, symbol may be delisted
START:  RAMP
END:    170.8685963153839
-
START:  RBA
END:    171.37460708618164
-
START:  RCII
Not Found: No data found, symbol may be delisted
START:  RCKY
END:    171.74196815490723
-
START:  RDNT
END:    172.16785049438477
-
START:  RDVT
END:    172.28312993049622
-
START:  RDWR
END:    172.54067158699036
-
START:  REGI
END:    172.71630954742432
-
START:  RENN
Not Found: No data found, symbol may be delisted
START:  RGEN
END:    173.18816375732422
-
START:  RH
END:    173.437096118927
-
START:  RILY
END:    173.63476300239563
-
START:  RIOT
END:    173.80189967155457
-
START:  RLI
END:    174.10488152503967
-
START:  RLMD
END:    174.45626187324524
-
START:  RMD
END:    174.8903841972351
-
START:  RNG
END:    175.23700499534607
-
START:  ROBO
END:    175.5290789604187
-
START:  ROCK
END:    175.8731484413147
-
START:  ROK
END:    176.1541702747345
-
START:  ROKU
END:    176.2764012813568
-
START:  ROL
END:    176.5847635269165
-
START:  ROP
END:    177.2269937992096
-
START:  ROST
END:    177.73401999473572
-
START:  RPD
END:    177.87580490112305
-
START:  RPM
END:    178.16831016540527
-
START:  RSG
END:    178.43073892593384
-
START:  RTH
END:    178.68807721138
-
START:  RUN
END:    179.02037811279297
-
START:  RXI
END:    179.25154542922974
-
START:  SAIA
END:    179.50928592681885
-
START:  SAIC
END:    179.6741235256195
-
START:  SAM
END:    180.00933408737183
-
START:  SAVA
END:    180.2498495578766
-
START:  SCI
END:    180.53219985961914
-
START:  SCL
END:    181.2027244567871
-
START:  SE
END:    181.32242465019226
-
START:  SEAS
END:    181.58022093772888
-
START:  SEDG
END:    181.80721712112427
-
START:  SFBS
END:    181.9950258731842
-
START:  SGEN
END:    182.25316977500916
-
START:  SGMS
Not Found: No data found, symbol may be delisted
START:  SGRY
END:    182.61785340309143
-
START:  SHOP
END:    182.9527404308319
-
START:  SHW
END:    183.27877020835876
-
START:  SHYF
END:    183.55276799201965
-
START:  SITE
END:    183.8750524520874
-
START:  SIVB
Not Found: No data found, symbol may be delisted
START:  SJW
END:    184.2955195903778
-
START:  SKY
END:    184.55662441253662
-
START:  SLAB
END:    184.98693704605103
-
START:  SLP
END:    185.2483422756195
-
START:  SMH
END:    185.48638248443604
-
START:  SMTC
END:    185.70860815048218
-
START:  SNAP
END:    185.97778367996216
-
START:  SNPS
END:    186.19995164871216
-
START:  SOCL
END:    186.57941913604736
-
START:  SOXL
END:    187.0175952911377
-
START:  SPGI
END:    187.34940814971924
-
START:  SPLG
END:    187.64520502090454
-
START:  SPLK
END:    187.9094717502594
-
START:  SPNS
END:    188.201721906662
-
START:  SPSC
END:    188.47438955307007
-
START:  SPTM
END:    188.9602813720703
-
START:  SPWH
END:    189.15717554092407
-
START:  SPWR
END:    189.74423623085022
-
START:  SPXC
END:    190.01625752449036
-
START:  SPXL
END:    190.26951241493225
-
START:  SPY
END:    190.55312752723694
-
START:  SPYG
END:    190.85203337669373
-
START:  SQ
END:    191.10220670700073
-
START:  SSD
END:    191.58824801445007
-
START:  SSNC
END:    191.9337513446808
-
START:  SSTK
END:    192.10765671730042
-
START:  STAA
END:    192.38831853866577
-
START:  STE
END:    192.668940782547
-
START:  SUSA
END:    193.19686126708984
-
START:  SYK
END:    193.70859265327454
-
START:  SYNA
END:    194.10971593856812
-
START:  TBBK
END:    194.50305938720703
-
START:  TBK
Not Found: No data found, symbol may be delisted
START:  TDG
END:    195.04213333129883
-
START:  TDOC
END:    195.18935704231262
-
START:  TDY
END:    195.4215452671051
-
START:  TEAM
END:    195.60807156562805
-
START:  TECH
END:    195.86977410316467
-
START:  TECL
END:    196.34333658218384
-
START:  TER
END:    196.59171056747437
-
START:  TFX
END:    196.86537337303162
-
START:  TGH
END:    197.18014812469482
-
START:  TGLS
END:    197.64158296585083
-
START:  TGT
END:    197.96772837638855
-
START:  TGTX
END:    198.33852767944336
-
START:  THC
END:    198.82887649536133
-
START:  TJX
END:    199.2814109325409
-
START:  TMO
END:    199.92306756973267
-
START:  TMUS
END:    200.3136818408966
-
START:  TNDM
END:    200.52805542945862
-
START:  TNET
END:    200.87019062042236
-
START:  TPX
END:    201.51127886772156
-
START:  TREX
END:    201.74051547050476
-
START:  TRI
END:    201.9879972934723
-
START:  TRIL
Not Found: No data found, symbol may be delisted
START:  TRMB
END:    202.53101563453674
-
START:  TRNS
END:    202.75639462471008
-
START:  TROW
END:    203.08108234405518
-
START:  TRU
END:    203.2433259487152
-
START:  TRUP
END:    203.39886260032654
-
START:  TSCO
END:    203.642258644104
-
START:  TSLA
END:    203.93098640441895
-
START:  TSM
END:    204.42000603675842
-
START:  TT
END:    205.09022784233093
-
START:  TTC
END:    205.38513326644897
-
START:  TTD
END:    205.51582551002502
-
START:  TTEC
END:    205.99308967590332
-
START:  TTEK
END:    206.2375316619873
-
START:  TTGT
END:    206.62038946151733
-
START:  TTWO
END:    206.9665243625641
-
START:  TWLO
END:    207.3010425567627
-
START:  TXN
END:    207.62644219398499
-
START:  TYL
END:    208.09561014175415
-
START:  UCTT
END:    208.51356554031372
-
START:  UFPI
END:    208.8968915939331
-
START:  UFPT
END:    209.1358199119568
-
START:  UI
END:    209.51916933059692
-
START:  UMC
END:    210.1152195930481
-
START:  UNF
END:    210.47332382202148
-
START:  UNH
END:    210.99172568321228
-
START:  UNP
END:    211.55699729919434
-
START:  UPLD
END:    211.70723938941956
-
START:  URI
END:    212.04355549812317
-
START:  V
END:    212.58097076416016
-
START:  VALU
END:    213.10866808891296
-
START:  VBK
END:    213.36426973342896
-
START:  VCEL
END:    213.90633058547974
-
START:  VCR
END:    214.21926593780518
-
START:  VCTR
END:    214.40972256660461
-
START:  VCYT
END:    214.78142166137695
-
START:  VDC
END:    215.26807069778442
-
START:  VEEV
END:    215.4311158657074
-
START:  VERU
END:    215.6703028678894
-
START:  VGT
END:    215.933931350708
-
START:  VHT
END:    216.19575476646423
-
START:  VIAV
END:    216.43915438652039
-
START:  VICR
END:    217.0321102142334
-
START:  VIG
END:    217.2570812702179
-
START:  VO
END:    217.76817846298218
-
START:  VONE
END:    217.96401739120483
-
START:  VONG
END:    218.16910004615784
-
START:  VOO
END:    218.44480562210083
-
START:  VOOG
END:    218.83891534805298
-
START:  VOOV
END:    219.23349905014038
-
START:  VOT
END:    219.4556052684784
-
START:  VPU
END:    219.74226140975952
-
START:  VRNS
END:    219.88624334335327
-
START:  VRSK
END:    220.12177300453186
-
START:  VRSN
END:    220.6016139984131
-
START:  VRTV
END:    220.7834861278534
-
START:  VSTO
END:    220.96687817573547
-
START:  VTHR
END:    221.365793466568
-
START:  VTI
END:    221.8924651145935
-
START:  VTNR
END:    222.3085641860962
-
START:  VTWG
END:    222.6121470928192
-
START:  VUG
END:    222.86806225776672
-
START:  VV
END:    223.51127171516418
-
START:  VXF
END:    223.84465718269348
-
START:  WCN
END:    224.36924505233765
-
START:  WD
END:    224.72559189796448
-
START:  WDAY
END:    224.90530371665955
-
START:  WDFC
END:    225.54541301727295
-
START:  WEC
END:    226.21473050117493
-
START:  WEN
END:    226.50526642799377
-
START:  WINA
END:    227.13876271247864
-
START:  WING
END:    227.5109097957611
-
START:  WIRE
END:    227.83290243148804
-
START:  WIX
END:    228.0050036907196
-
START:  WK
END:    228.15500712394714
-
START:  WLTW
Not Found: No data found, symbol may be delisted
START:  WM
END:    228.4813747406006
-
START:  WMS
END:    228.63861298561096
-
START:  WNS
END:    229.14692521095276
-
START:  WRB
END:    229.72052574157715
-
START:  WSC
END:    230.18366241455078
-
START:  WSM
END:    230.44096541404724
-
START:  WST
END:    230.99842238426208
-
START:  WTRG
END:    231.2919886112213
-
START:  WTS
END:    231.67572045326233
-
START:  XEL
END:    231.98466610908508
-
START:  XENE
END:    232.12589073181152
-
START:  XLK
END:    232.51090359687805
-
START:  XLNX
Not Found: No data found, symbol may be delisted
START:  XLP
END:    232.95387530326843
-
START:  XLRN
Not Found: No data found, symbol may be delisted
START:  XLU
END:    233.2796597480774
-
START:  XLV
END:    233.92944073677063
-
START:  XLY
END:    234.24286484718323
-
START:  XYL
END:    234.69474959373474
-
START:  YNDX
END:    234.86409735679626
-
START:  YORW
END:    235.126624584198
-
START:  YUM
END:    235.39519786834717
-
START:  Z
END:    235.538747549057
-
START:  ZBRA
END:    235.76982402801514
-
START:  ZEN
Not Found: No data found, symbol may be delisted
START:  ZLAB
END:    236.0737862586975
-
START:  ZNGA
Not Found: No data found, symbol may be delisted
START:  ZS
END:    236.25439643859863
-
START:  ZTS
END:    236.64388346672058
-
START:  ZYXI
END:    236.87291955947876
-
===========================
MACD golden cross
===========================
START:  code
START:  A
START:  AAON
START:  AAPL
START:  ABG
START:  ABT
START:  ACLS
START:  ACMR
START:  ACN
START:  ADBE
START:  ADI
START:  ADP
START:  ADSK
START:  ADUS
START:  AEE
START:  AGYS
START:  AIZ
START:  AJG
START:  AJRD
START:  ALB
START:  ALG
START:  ALGN
START:  ALLE
START:  ALTR
START:  AMAT
START:  AMBA
START:  AMD
START:  AME
START:  AMED
START:  AMEH
START:  AMGN
START:  AMN
START:  AMP
START:  AMRC
START:  AMSWA
START:  AMTX
START:  AMZN
START:  AN
START:  ANSS
START:  ANTM
START:  AON
START:  AOSL
START:  APD
START:  APH
START:  APPF
START:  APPN
START:  APPS
START:  AQN
START:  ARCB
START:  ARCT
START:  ARES
START:  ARGX
START:  ARWR
START:  ASML
START:  ASPN
START:  ATEC
START:  ATEN
START:  ATKR
START:  ATOM
START:  ATR
START:  ATRC
START:  AUDC
START:  AUPH
START:  AVAV
START:  AVGO
START:  AVID
START:  AVNW
START:  AVXL
START:  AVY
START:  AWK
START:  AWR
START:  AXON
START:  AZO
START:  AZPN
START:  BAH
START:  BAM
START:  BAX
START:  BBH
START:  BBQ
START:  BBY
START:  BCPC
START:  BDX
START:  BEEM
START:  BFAM
START:  BFC
START:  BGFV
START:  BGNE
START:  BHVN
START:  BIO
START:  BL
START:  BLD
START:  BLDP
START:  BLDR
START:  BLFS
START:  BLK
START:  BLL
START:  BLNK
START:  BMI
START:  BOOT
START:  BOTZ
START:  BR
START:  BRKR
START:  BRKS
START:  BRO
START:  BURL
START:  BX
START:  CABO
START:  CACI
START:  CALX
START:  CAMT
START:  CAR
START:  CBRE
START:  CBSH
START:  CBZ
START:  CCOI
START:  CCS
START:  CDMO
START:  CDNA
START:  CDNS
START:  CDW
START:  CELH
START:  CGNX
START:  CHD
START:  CHDN
START:  CHE
START:  CHGG
START:  CHH
START:  CHKP
START:  CHTR
START:  CIEN
START:  CLAR
START:  CLFD
START:  CLGN
START:  CLNE
START:  CLPT
START:  CLX
START:  CMCSA
START:  CMG
START:  CMS
START:  CNC
START:  CNI
START:  CNMD
START:  CNS
START:  CNXN
START:  COO
START:  COST
START:  COUP
START:  COWN
START:  CP
START:  CPK
START:  CPRT
START:  CPSH
START:  CRAI
START:  CREE
START:  CRL
START:  CRM
START:  CRMT
START:  CROX
START:  CRSP
START:  CRVL
START:  CSGP
START:  CSL
START:  CSWI
START:  CSX
START:  CTAS
START:  CTLT
START:  CTRN
START:  CURE
START:  CVCO
START:  CVNA
START:  CWST
START:  CWT
START:  CXSE
START:  CYBR
START:  CYRX
START:  CYTK
START:  DAC
START:  DAR
START:  DAVA
START:  DDS
START:  DE
START:  DECK
START:  DELL
START:  DFIN
START:  DG
START:  DGRW
START:  DHI
START:  DHR
START:  DIA
START:  DIOD
START:  DIS
START:  DKS
START:  DLN
START:  DNLI
START:  DOMO
START:  DOV
START:  DPZ
START:  DQ
START:  DRD
START:  DRIO
START:  DRNA
START:  DSGX
START:  DVAX
START:  DXCM
START:  ECL
START:  EFX
START:  EGAN
START:  EHC
START:  EL
START:  ENPH
START:  ENSG
START:  ENTG
START:  ENV
START:  EPAM
START:  ERIE
START:  ES
START:  ESE
START:  ETN
START:  ETSY
START:  EVBG
START:  EVTC
START:  EW
START:  EWT
START:  EXAS
START:  EXLS
START:  EXPD
START:  EXPI
START:  EXPO
START:  FAST
START:  FATE
START:  FB
START:  FCN
START:  FCX
START:  FDN
START:  FDS
START:  FELE
START:  FFIN
START:  FICO
START:  FINX
START:  FIS
START:  FISV
START:  FIVE
START:  FIVN
START:  FLGT
START:  FLT
START:  FLWS
START:  FN
START:  FND
START:  FNV
START:  FORM
START:  FOXF
START:  FPX
START:  FRC
START:  FRHC
START:  FRPT
START:  FSS
START:  FTNT
START:  FUV
START:  GDEN
START:  GFI
START:  GGG
START:  GIB
START:  GLDD
START:  GLOB
START:  GMAB
START:  GME
START:  GMED
START:  GNRC
START:  GNSS
START:  GNTX
START:  GOLF
START:  GOOG
START:  GOOGL
START:  GPI
START:  GPN
START:  GRBK
START:  GRMN
START:  GRVY
START:  GRWG
START:  GWRE
START:  HACK
START:  HALO
START:  HCI
START:  HD
START:  HEI
START:  HELE
START:  HIBB
START:  HLI
START:  HLT
START:  HOLX
START:  HON
START:  HOV
START:  HRC
START:  HRI
START:  HSKA
START:  HTHT
START:  HUBS
START:  HUM
START:  HZNP
START:  IAC
START:  IBP
START:  ICE
START:  ICLN
START:  ICLR
START:  IDT
START:  IDXX
START:  IESC
START:  IEX
START:  ILMN
START:  INFO
START:  INOV
START:  INSP
START:  INTC
START:  INTU
START:  INTZ
START:  INVE
START:  IOO
START:  IQV
START:  IRDM
START:  IRMD
START:  ISEE
START:  ISRG
START:  IT
START:  ITT
START:  ITW
START:  IVOG
START:  IVV
START:  IXJ
START:  IXN
START:  J
START:  JBL
START:  JBSS
START:  JD
START:  JKHY
START:  JKS
START:  JNJ
START:  JOE
START:  JOUT
START:  JYNT
START:  KAI
START:  KBH
START:  KBR
START:  KDMN
START:  KEYS
START:  KLAC
START:  KLIC
START:  KMX
START:  KNSL
START:  KOPN
START:  KOSS
START:  KRNT
START:  KSU
START:  KTOS
START:  LAC
START:  LAD
START:  LANC
START:  LAWS
START:  LDOS
START:  LFMD
START:  LGIH
START:  LH
START:  LHCG
START:  LHX
START:  LII
START:  LIN
START:  LINC
START:  LIT
START:  LLY
START:  LMT
START:  LNT
START:  LOB
START:  LOGI
START:  LOVE
START:  LOW
START:  LPLA
START:  LPSN
START:  LQDT
START:  LRCX
START:  LSCC
START:  LSTR
START:  LULU
START:  LUNA
START:  MA
START:  MANH
START:  MANT
START:  MARA
START:  MASI
START:  MATX
START:  MBUU
START:  MCD
START:  MCHP
START:  MCO
START:  MDB
START:  MDT
START:  MEDP
START:  MEDS
START:  MELI
START:  MGC
START:  MGIC
START:  MGK
START:  MGNI
START:  MHO
START:  MIME
START:  MITK
START:  MKC
START:  MKSI
START:  MKTX
START:  MLAB
START:  MLR
START:  MMC
START:  MMS
START:  MNMD
START:  MNST
START:  MODN
START:  MODV
START:  MOH
START:  MORN
START:  MPWR
START:  MRTX
START:  MRVL
START:  MS
START:  MSA
START:  MSCI
START:  MSEX
START:  MSFT
START:  MSI
START:  MSTR
START:  MTBC
START:  MTCH
START:  MTD
START:  MTEX
START:  MTH
START:  MTLS
START:  MTSI
START:  MU
START:  MUSA
START:  MVIS
START:  MXL
START:  MYRG
START:  NBIX
START:  NCBS
START:  NDAQ
START:  NDSN
START:  NEE
START:  NEO
START:  NEOG
START:  NFLX
START:  NICE
START:  NISN
START:  NKE
START:  NOVT
START:  NOW
START:  NSC
START:  NSIT
START:  NSSC
START:  NSTG
START:  NTLA
START:  NTRA
START:  NUAN
START:  NVCR
START:  NVDA
START:  NVMI
START:  NVO
START:  NVR
START:  NXST
START:  NYT
START:  OBCI
START:  ODFL
START:  OEF
START:  OFLX
START:  OLED
START:  OMCL
START:  ON
START:  OOMA
START:  OPRX
START:  ORA
START:  ORCL
START:  ORLY
START:  ORMP
START:  OTEX
START:  PACB
START:  PAG
START:  PANW
START:  PAR
START:  PAYC
START:  PAYX
START:  PBD
START:  PCTY
START:  PEGA
START:  PEN
START:  PENN
START:  PEP
START:  PERI
START:  PFSI
START:  PGR
START:  PH
START:  PHM
START:  PKI
START:  PLL
START:  PLNT
START:  PLUG
START:  PLXS
START:  PODD
START:  POOL
START:  POWI
START:  PRFT
START:  PRI
START:  PRTA
START:  PRTS
START:  PTSI
START:  PWR
START:  PYPL
START:  QADA
START:  QCLN
START:  QDEL
START:  QGEN
START:  QLYS
START:  QQQ
START:  QRVO
START:  QTWO
START:  RADA
START:  RAMP
START:  RBA
START:  RCII
START:  RCKY
START:  RDNT
START:  RDVT
START:  RDWR
START:  REGI
START:  RENN
START:  RGEN
START:  RH
START:  RILY
START:  RIOT
START:  RLI
START:  RLMD
START:  RMD
START:  RNG
START:  ROBO
START:  ROCK
START:  ROK
START:  ROKU
START:  ROL
START:  ROP
START:  ROST
START:  RPD
START:  RPM
START:  RSG
START:  RTH
START:  RUN
START:  RXI
START:  SAIA
START:  SAIC
START:  SAM
START:  SAVA
START:  SCI
START:  SCL
START:  SE
START:  SEAS
START:  SEDG
START:  SFBS
START:  SGEN
START:  SGMS
START:  SGRY
START:  SHOP
START:  SHW
START:  SHYF
START:  SITE
START:  SIVB
START:  SJW
START:  SKY
START:  SLAB
START:  SLP
START:  SMH
START:  SMTC
START:  SNAP
START:  SNPS
START:  SOCL
START:  SOXL
START:  SPGI
START:  SPLG
START:  SPLK
START:  SPNS
START:  SPSC
START:  SPTM
START:  SPWH
START:  SPWR
START:  SPXC
START:  SPXL
START:  SPY
START:  SPYG
START:  SQ
START:  SSD
START:  SSNC
START:  SSTK
START:  STAA
START:  STE
START:  SUSA
START:  SYK
START:  SYNA
START:  TBBK
START:  TBK
START:  TDG
START:  TDOC
START:  TDY
START:  TEAM
START:  TECH
START:  TECL
START:  TER
START:  TFX
START:  TGH
START:  TGLS
START:  TGT
START:  TGTX
START:  THC
START:  TJX
START:  TMO
START:  TMUS
START:  TNDM
START:  TNET
START:  TPX
START:  TREX
START:  TRI
START:  TRIL
START:  TRMB
START:  TRNS
START:  TROW
START:  TRU
START:  TRUP
START:  TSCO
START:  TSLA
START:  TSM
START:  TT
START:  TTC
START:  TTD
START:  TTEC
START:  TTEK
START:  TTGT
START:  TTWO
START:  TWLO
START:  TXN
START:  TYL
START:  UCTT
START:  UFPI
START:  UFPT
START:  UI
START:  UMC
START:  UNF
START:  UNH
START:  UNP
START:  UPLD
START:  URI
START:  V
START:  VALU
START:  VBK
START:  VCEL
START:  VCR
START:  VCTR
START:  VCYT
START:  VDC
START:  VEEV
START:  VERU
START:  VGT
START:  VHT
START:  VIAV
START:  VICR
START:  VIG
START:  VO
START:  VONE
START:  VONG
START:  VOO
START:  VOOG
START:  VOOV
START:  VOT
START:  VPU
START:  VRNS
START:  VRSK
START:  VRSN
START:  VRTV
START:  VSTO
START:  VTHR
START:  VTI
START:  VTNR
START:  VTWG
START:  VUG
START:  VV
START:  VXF
START:  WCN
START:  WD
START:  WDAY
START:  WDFC
START:  WEC
START:  WEN
START:  WINA
START:  WING
START:  WIRE
START:  WIX
START:  WK
START:  WLTW
START:  WM
START:  WMS
START:  WNS
START:  WRB
START:  WSC
START:  WSM
START:  WST
START:  WTRG
START:  WTS
START:  XEL
START:  XENE
START:  XLK
START:  XLNX
START:  XLP
START:  XLRN
START:  XLU
START:  XLV
START:  XLY
START:  XYL
START:  YNDX
START:  YORW
START:  YUM
START:  Z
START:  ZBRA
START:  ZEN
START:  ZLAB
START:  ZNGA
START:  ZS
START:  ZTS
START:  ZYXI
==== MACD golden cross ====
None
code: AMED     day: macd + hist + hist_1pre + ,  Week: macd + hist + hist_1pre - , Month: macd - hist + hist_1pre + , 
Trade --> code: AMED   BUY: 2006-04-30   24.87 SELL: 2009-04-30   33.54  macd:   -0.31 macd_count:  36 profit:  1.35
Trade --> code: AMED   BUY: 2009-09-30   43.63 SELL: 2009-11-30   37.04  macd:   -0.23 macd_count:   2 profit:  0.85
Trade --> code: AMED   BUY: 2009-12-31   48.60 SELL: 2010-08-31   23.15  macd:   -0.83 macd_count:   8 profit:  0.48
Trade --> code: AMED   BUY: 2014-08-31   20.92 SELL: 2021-12-31  161.88  macd:   -1.30 macd_count:  88 profit:  7.74

code: AMGN     day: macd + hist + hist_1pre + ,  Week: macd + hist + hist_1pre - , Month: macd + hist + hist_1pre + , 
Trade --> code: AMGN   BUY: 2006-04-30   67.70 SELL: 2007-04-30   64.14  macd:   -0.11 macd_count:  12 profit:  0.95
Trade --> code: AMGN   BUY: 2009-09-30   60.23 SELL: 2009-10-31   53.62  macd:   -0.02 macd_count:   1 profit:  0.89
Trade --> code: AMGN   BUY: 2009-11-30   56.35 SELL: 2010-06-30   52.60  macd:   -0.11 macd_count:   7 profit:  0.93
Trade --> code: AMGN   BUY: 2011-05-31   60.54 SELL: 2023-12-31  281.62  macd:    7.56 macd_count: 152 profit:  4.65

code: AON      day: macd + hist + hist_1pre + ,  Week: macd + hist + hist_1pre - , Month: macd + hist - hist_1pre - , 
Trade --> code: AON    BUY: 2006-04-30   41.91 SELL: 2009-05-31   36.00  macd:   -0.08 macd_count:  37 profit:  0.86
Trade --> code: AON    BUY: 2010-12-31   46.01 SELL: 2023-12-31  335.32  macd:   15.36 macd_count: 157 profit:  7.29

code: BAH      day: macd + hist - hist_1pre - ,  Week: macd + hist + hist_1pre - , Month: macd + hist + hist_1pre + , 
Trade --> code: BAH    BUY: 2013-08-31   20.23 SELL: 2023-12-31  128.98  macd:    8.83 macd_count: 125 profit:  6.38

code: CACI     day: macd + hist + hist_1pre + ,  Week: macd + hist + hist_1pre - , Month: macd + hist - hist_1pre - , 
Trade --> code: CACI   BUY: 2006-04-30   62.54 SELL: 2007-02-28   46.50  macd:   -0.27 macd_count:  10 profit:  0.74
Trade --> code: CACI   BUY: 2010-02-28   49.56 SELL: 2010-06-30   42.48  macd:   -0.11 macd_count:   4 profit:  0.86
Trade --> code: CACI   BUY: 2010-11-30   50.33 SELL: 2012-11-30   51.15  macd:   -0.16 macd_count:  24 profit:  1.02
Trade --> code: CACI   BUY: 2013-03-31   57.87 SELL: 2023-12-31  328.69  macd:   14.98 macd_count: 130 profit:  5.68

code: CDW      day: macd + hist + hist_1pre - ,  Week: macd + hist + hist_1pre - , Month: macd + hist + hist_1pre + , 
Trade --> code: CDW    BUY: 2015-10-31   44.69 SELL: 2023-12-31  218.02  macd:   10.58 macd_count:  99 profit:  4.88

code: FDS      day: macd + hist - hist_1pre - ,  Week: macd + hist + hist_1pre - , Month: macd + hist + hist_1pre + , 
Trade --> code: FDS    BUY: 2006-04-30   44.14 SELL: 2008-11-30   40.00  macd:   -0.98 macd_count:  31 profit:  0.91
Trade --> code: FDS    BUY: 2009-09-30   66.24 SELL: 2023-12-31  458.98  macd:   15.50 macd_count: 172 profit:  6.93

code: MMC      day: macd + hist + hist_1pre - ,  Week: macd + hist + hist_1pre - , Month: macd + hist + hist_1pre + , 
Trade --> code: MMC    BUY: 2010-12-31   27.34 SELL: 2023-12-31  201.86  macd:   12.22 macd_count: 157 profit:  7.38

code: NUAN     day: macd + hist + hist_1pre + ,  Week: macd + hist + hist_1pre - , Month: macd + hist - hist_1pre - , 
Trade --> code: NUAN   BUY: 2005-11-30    5.38 SELL: 2008-11-30    7.94  macd:   -0.14 macd_count:  36 profit:  1.48
Trade --> code: NUAN   BUY: 2009-12-31   13.44 SELL: 2013-05-31   16.44  macd:   -0.10 macd_count:  41 profit:  1.22
Trade --> code: NUAN   BUY: 2015-11-30   18.11 SELL: 2016-07-31   13.90  macd:   -0.05 macd_count:   8 profit:  0.77
Trade --> code: NUAN   BUY: 2017-05-31   16.01 SELL: 2017-09-30   13.60  macd:   -0.04 macd_count:   4 profit:  0.85
Trade --> code: NUAN   BUY: 2019-04-30   14.56 SELL: 2022-03-31   55.99  macd:    7.14 macd_count:  36 profit:  3.85

code: RCII     day: macd + hist + hist_1pre + ,  Week: macd + hist + hist_1pre - , Month: macd - hist + hist_1pre + , 
Trade --> code: RCII   BUY: 2006-10-31   28.76 SELL: 2007-07-31   19.41  macd:   -0.10 macd_count:   9 profit:  0.67
Trade --> code: RCII   BUY: 2010-03-31   23.65 SELL: 2014-01-31   24.94  macd:   -0.00 macd_count:  46 profit:  1.05
Trade --> code: RCII   BUY: 2018-12-31   16.19 SELL: 2022-05-31   27.54  macd:   -0.82 macd_count:  41 profit:  1.70

code: SAM      day: macd + hist + hist_1pre + ,  Week: macd + hist + hist_1pre - , Month: macd - hist + hist_1pre + , 
Trade --> code: SAM    BUY: 2006-04-30   26.98 SELL: 2009-01-31   25.24  macd:   -0.48 macd_count:  33 profit:  0.94
Trade --> code: SAM    BUY: 2009-11-30   42.09 SELL: 2016-01-31  179.25  macd:   -1.57 macd_count:  74 profit:  4.26
Trade --> code: SAM    BUY: 2018-04-30  224.15 SELL: 2021-12-31  505.10  macd:   -0.44 macd_count:  44 profit:  2.25

code: SGEN     day: macd + hist + hist_1pre + ,  Week: macd + hist + hist_1pre - , Month: macd + hist + hist_1pre + , 
Trade --> code: SGEN   BUY: 2007-03-31    8.19 SELL: 2016-04-30   35.48  macd:   -0.09 macd_count: 109 profit:  4.33
Trade --> code: SGEN   BUY: 2016-05-31   40.43 SELL: 2022-11-30  121.39  macd:   -0.53 macd_count:  78 profit:  3.00
Trade --> code: SGEN   BUY: 2023-02-28  179.69 SELL: 2023-12-31  228.74  macd:   17.27 macd_count:  11 profit:  1.27

code: TNET     day: macd + hist + hist_1pre + ,  Week: macd + hist + hist_1pre - , Month: macd + hist + hist_1pre + , 
Trade --> code: TNET   BUY: 2017-03-31   28.90 SELL: 2022-12-31   67.80  macd:   -0.54 macd_count:  69 profit:  2.35
Trade --> code: TNET   BUY: 2023-03-31   80.61 SELL: 2023-12-31  121.18  macd:    8.82 macd_count:  10 profit:  1.50

code: VCEL     day: macd - hist - hist_1pre - ,  Week: macd + hist + hist_1pre - , Month: macd + hist + hist_1pre + , 
Trade --> code: VCEL   BUY: 2006-04-30  240.00 SELL: 2006-09-30  185.60  macd:   -0.82 macd_count:   5 profit:  0.77
Trade --> code: VCEL   BUY: 2017-11-30    4.45 SELL: 2022-08-31   24.95  macd:   -0.37 macd_count:  57 profit:  5.61
Trade --> code: VCEL   BUY: 2023-08-31   32.83 SELL: 2023-12-31   35.59  macd:    0.68 macd_count:   5 profit:  1.08

code: VRSK     day: macd + hist + hist_1pre - ,  Week: macd + hist + hist_1pre - , Month: macd + hist + hist_1pre + , 
Trade --> code: VRSK   BUY: 2012-02-29   43.50 SELL: 2023-02-28  171.11  macd:   -0.57 macd_count: 132 profit:  3.93
Trade --> code: VRSK   BUY: 2023-03-31  191.86 SELL: 2023-12-31  247.23  macd:   13.78 macd_count:  10 profit:  1.29

