Wed Dec 27 13:49:33 UTC 2023
arg[0]: scraping/yahoo-finace-api2.py, arg[1]: stock-code-list/buy-list.txt
===========================
scraping
===========================
START:  AAPL
END:    0.34270763397216797
-
START:  EL
END:    0.7912354469299316
-
START:  NEE
END:    1.2560110092163086
-
START:  AMD
END:    1.5210411548614502
-
START:  APH
END:    1.783639907836914
-
START:  XLP
END:    2.103437900543213
-
START:  SPXL
END:    2.3754498958587646
-
START:  KEYS
END:    2.568296194076538
-
START:  VDC
END:    2.859544277191162
-
START:  SPTM
END:    3.2285361289978027
-
START:  SPLG
END:    3.5145864486694336
-
START:  CROX
END:    3.764209747314453
-
START:  AXON
END:    4.036909580230713
-
START:  AWR
END:    4.42193865776062
-
START:  FN
END:    4.636657238006592
-
START:  NXST
END:    4.908787488937378
-
START:  TREX
END:    5.190761089324951
-
START:  RGEN
END:    5.517606258392334
-
START:  EXPO
END:    5.7944536209106445
-
START:  BCPC
END:    6.112340211868286
-
START:  SOXL
END:    7.397771120071411
-
START:  TECL
END:    7.673080921173096
-
START:  NEO
END:    7.944890022277832
-
START:  NVMI
END:    9.254666328430176
-
START:  NVDA
END:    9.541489601135254
-
START:  BBDC
END:    9.796890497207642
-
START:  APPS
END:    10.029059410095215
-
START:  ROK
END:    10.393380641937256
-
START:  NHTC
END:    10.681884765625
-
START:  ZYXI
END:    10.964809656143188
-
START:  LIT
END:    11.206829071044922
-
START:  LLY
END:    11.551422595977783
-
START:  GTLB
END:    11.636111497879028
-
START:  MCD
END:    11.976895809173584
-
START:  MSI
END:    12.353318691253662
-
START:  HCP
END:    12.463302373886108
-
START:  ON
END:    12.734471797943115
-
===========================
MACD sell
===========================
START:  AAPL
START:  EL
START:  NEE
START:  AMD
START:  APH
START:  XLP
START:  SPXL
START:  KEYS
START:  VDC
START:  SPTM
START:  SPLG
START:  CROX
START:  AXON
START:  AWR
START:  FN
START:  NXST
START:  TREX
START:  RGEN
START:  EXPO
START:  BCPC
START:  SOXL
START:  TECL
START:  NEO
START:  NVMI
START:  NVDA
START:  BBDC
START:  APPS
START:  ROK
START:  NHTC
START:  ZYXI
START:  LIT
START:  LLY
START:  GTLB
START:  MCD
START:  MSI
START:  HCP
START:  ON
==== MACD list ====
code: AAPL     day: macd + hist - ,  Week: macd + hist + , Month: macd + hist + , 
code: EL       day: macd + hist + ,  Week: macd - hist + , Month: macd - hist - , 
code: NEE      day: macd + hist - ,  Week: macd - hist + , Month: macd - hist - , 
code: AMD      day: macd + hist + ,  Week: macd + hist + , Month: macd + hist + , 
code: APH      day: macd + hist + ,  Week: macd + hist + , Month: macd + hist + , 
code: XLP      day: macd + hist - ,  Week: macd - hist + , Month: macd + hist - , 
code: SPXL     day: macd + hist + ,  Week: macd + hist + , Month: macd + hist + , 
code: KEYS     day: macd + hist + ,  Week: macd + hist + , Month: macd - hist - , 
code: VDC      day: macd + hist - ,  Week: macd - hist + , Month: macd + hist - , 
code: SPTM     day: macd + hist + ,  Week: macd + hist + , Month: macd + hist + , 
code: SPLG     day: macd + hist + ,  Week: macd + hist + , Month: macd + hist + , 
code: CROX     day: macd + hist - ,  Week: macd + hist + , Month: macd + hist - , 
code: AXON     day: macd + hist + ,  Week: macd + hist + , Month: macd + hist + , 
code: AWR      day: macd + hist - ,  Week: macd - hist + , Month: macd - hist - , 
code: FN       day: macd + hist + ,  Week: macd + hist + , Month: macd + hist + , 
code: NXST     day: macd + hist + ,  Week: macd - hist + , Month: macd - hist - , 
code: TREX     day: macd + hist + ,  Week: macd + hist + , Month: macd - hist + , 
code: RGEN     day: macd + hist + ,  Week: macd + hist + , Month: macd - hist + , 
code: EXPO     day: macd + hist + ,  Week: macd - hist + , Month: macd - hist - , 
code: BCPC     day: macd + hist + ,  Week: macd + hist + , Month: macd + hist + , 
code: SOXL     day: macd + hist + ,  Week: macd + hist + , Month: macd - hist + , 
code: TECL     day: macd + hist - ,  Week: macd + hist + , Month: macd + hist + , 
code: NEO      day: macd + hist + ,  Week: macd + hist + , Month: macd - hist + , 
code: NVMI     day: macd + hist - ,  Week: macd + hist + , Month: macd + hist + , 
code: NVDA     day: macd + hist + ,  Week: macd + hist + , Month: macd + hist + , 
code: BBDC     day: macd - hist - ,  Week: macd + hist - , Month: macd - hist + , 
code: APPS     day: macd + hist + ,  Week: macd - hist + , Month: macd - hist + , 
code: ROK      day: macd + hist + ,  Week: macd + hist + , Month: macd + hist - , 
code: NHTC     day: macd + hist + ,  Week: macd + hist + , Month: macd - hist + , 
code: ZYXI     day: macd + hist + ,  Week: macd + hist + , Month: macd - hist - , 
code: LIT      day: macd + hist + ,  Week: macd - hist + , Month: macd - hist - , 
code: LLY      day: macd - hist - ,  Week: macd + hist - , Month: macd + hist + , 
code: GTLB     day: macd + hist - ,  Week: macd + hist + , Month: macd + hist + , 
code: MCD      day: macd + hist - ,  Week: macd + hist + , Month: macd + hist - , 
code: MSI      day: macd + hist - ,  Week: macd + hist - , Month: macd + hist + , 
code: HCP      day: macd + hist + ,  Week: macd - hist + , Month: macd + hist + , 
code: ON       day: macd + hist + ,  Week: macd - hist + , Month: macd + hist - , 
==== MACD sell list ====
code: AAPL     day: macd + hist - , 
code: EL       day: macd + hist + ,  Week: macd - hist + , Month: macd - hist - , 
code: NEE      day: macd + hist - , 
code: NEE      day: macd + hist - ,  Week: macd - hist + , Month: macd - hist - , 
code: XLP      day: macd + hist - , 
code: XLP      day: macd + hist - ,  Week: macd - hist + , Month: macd + hist - , 
code: KEYS     day: macd + hist + ,  Week: macd + hist + , Month: macd - hist - , 
code: VDC      day: macd + hist - , 
code: VDC      day: macd + hist - ,  Week: macd - hist + , Month: macd + hist - , 
code: CROX     day: macd + hist - , 
code: CROX     day: macd + hist - ,  Week: macd + hist + , Month: macd + hist - , 
code: AWR      day: macd + hist - , 
code: AWR      day: macd + hist - ,  Week: macd - hist + , Month: macd - hist - , 
code: NXST     day: macd + hist + ,  Week: macd - hist + , Month: macd - hist - , 
code: EXPO     day: macd + hist + ,  Week: macd - hist + , Month: macd - hist - , 
code: TECL     day: macd + hist - , 
code: NVMI     day: macd + hist - , 
code: BBDC     day: macd - hist - , 
code: BBDC     day: macd - hist - ,  Week: macd + hist - , 
code: ROK      day: macd + hist + ,  Week: macd + hist + , Month: macd + hist - , 
code: ZYXI     day: macd + hist + ,  Week: macd + hist + , Month: macd - hist - , 
code: LIT      day: macd + hist + ,  Week: macd - hist + , Month: macd - hist - , 
code: LLY      day: macd - hist - , 
code: LLY      day: macd - hist - ,  Week: macd + hist - , 
code: GTLB     day: macd + hist - , 
code: MCD      day: macd + hist - , 
code: MCD      day: macd + hist - ,  Week: macd + hist + , Month: macd + hist - , 
code: MSI      day: macd + hist - , 
code: MSI      day: macd + hist - ,  Week: macd + hist - , 
code: ON       day: macd + hist + ,  Week: macd - hist + , Month: macd + hist - , 
===========================
profit
===========================
==== plus ====
AMD  , macd +, macd hist +, profit:  [23.18], per:  [19.28], now: [143.41], buy: [120.23]
VDC  , macd +, macd hist -, profit:   [0.43], per:   [0.23], now: [189.96], buy: [189.53]
SPTM , macd +, macd hist +, profit:   [1.92], per:   [3.39], now:   [58.5], buy:  [56.58]
SPLG , macd +, macd hist +, profit:   [1.94], per:   [3.59], now:  [55.93], buy:  [53.99]
AXON , macd +, macd hist +, profit: [119.96], per:  [86.83], now: [258.11], buy: [138.15]
FN   , macd +, macd hist +, profit:  [79.44], per:  [67.98], now:  [196.3], buy: [116.86]
TREX , macd +, macd hist +, profit:  [13.43], per:  [19.19], now:  [83.43], buy:    [70.]
RGEN , macd +, macd hist +, profit:   [3.97], per:   [2.21], now: [183.63], buy: [179.66]
BCPC , macd +, macd hist +, profit:  [11.17], per:   [8.15], now: [148.25], buy: [137.08]
TECL , macd +, macd hist -, profit:   [6.53], per:  [10.75], now:  [67.27], buy:  [60.74]
NEO  , macd +, macd hist +, profit:   [2.75], per:  [15.41], now:  [20.59], buy:  [17.84]
NVMI , macd +, macd hist -, profit:  [21.32], per:   [18.6], now: [135.97], buy: [114.65]
NVDA , macd +, macd hist +, profit: [237.12], per:  [92.74], now: [492.79], buy: [255.67]
ZYXI , macd +, macd hist +, profit:   [4.35], per:   [68.4], now:  [10.71], buy:   [6.36]
LLY  , macd -, macd hist -, profit: [299.67], per: [110.58], now: [570.67], buy:   [271.]
GTLB , macd +, macd hist -, profit:  [11.71], per:  [22.19], now:  [64.47], buy:  [52.76]
MCD  , macd +, macd hist -, profit:   [39.4], per:  [15.54], now: [292.86], buy: [253.46]
MSI  , macd +, macd hist -, profit:  [58.59], per:   [23.3], now:   [310.], buy: [251.41]
ON   , macd +, macd hist +, profit:  [25.61], per:  [42.78], now:  [85.47], buy:  [59.86]
-
     plus  len:  19
     profit: [962.49], per: [631.16], per/len(p):  [33.22], per/len(p+m):  [17.06]
-
==== minus ====
AAPL , macd +, macd hist -, profit:       [], per:       [], now: [193.05], buy:       []
EL   , macd +, macd hist +, profit: [-194.74], per: [-57.32], now: [145.01], buy: [339.75]
NEE  , macd +, macd hist -, profit: [-25.12], per: [-29.44], now:  [60.21], buy:  [85.33]
APH  , macd +, macd hist +, profit:       [], per:       [], now:  [99.49], buy:       []
XLP  , macd +, macd hist -, profit:  [-1.06], per:  [-1.46], now:  [71.52], buy:  [72.58]
SPXL , macd +, macd hist +, profit: [-25.87], per: [-19.86], now: [104.36], buy: [130.23]
KEYS , macd +, macd hist +, profit: [-26.06], per: [-14.01], now:   [160.], buy: [186.06]
CROX , macd +, macd hist -, profit: [-80.72], per:  [-45.5], now:   [96.7], buy: [177.42]
AWR  , macd +, macd hist -, profit:       [], per:       [], now:  [81.77], buy:       []
NXST , macd +, macd hist +, profit:  [-4.19], per:  [-2.58], now: [158.31], buy:  [162.5]
EXPO , macd +, macd hist +, profit:  [-10.8], per: [-10.68], now:  [90.31], buy: [101.11]
SOXL , macd +, macd hist +, profit:  [-9.93], per: [-23.59], now:  [32.16], buy:  [42.09]
BBDC , macd -, macd hist -, profit:  [-1.91], per: [-18.02], now:   [8.69], buy:   [10.6]
APPS , macd +, macd hist +, profit:  [-36.7], per: [-84.04], now:   [6.97], buy:  [43.67]
ROK  , macd +, macd hist +, profit: [-30.85], per:  [-9.02], now: [311.04], buy: [341.89]
NHTC , macd +, macd hist +, profit:  [-1.43], per: [-19.94], now:   [5.74], buy:   [7.17]
LIT  , macd +, macd hist +, profit: [-41.24], per: [-44.87], now:  [50.67], buy:  [91.91]
HCP  , macd +, macd hist +, profit: [-30.04], per: [-55.32], now:  [24.26], buy:   [54.3]
-
     minus len:  18
     profit:       [], per:       [], per/len(m):       [], per/len(p+m):       []
-
==== total ====
     profit:       [], per:       [], per/len(p+m):       []
arg[0]: scraping/yahoo-finace-api2.py, arg[1]: stock-code-list/up-month.txt
===========================
scraping
===========================
START:  A
END:    0.31189966201782227
-
START:  AAON
END:    0.6271159648895264
-
START:  AAPL
END:    0.948601245880127
-
START:  ABG
END:    1.213947057723999
-
START:  ABT
END:    1.5766489505767822
-
START:  ACLS
END:    1.8507294654846191
-
START:  ACMR
END:    2.0075201988220215
-
START:  ACN
END:    2.2741522789001465
-
START:  ADBE
END:    2.5667672157287598
-
START:  ADI
END:    2.8781139850616455
-
START:  ADP
END:    3.2501778602600098
-
START:  ADSK
END:    3.53853702545166
-
START:  ADUS
END:    3.746262788772583
-
START:  AEE
END:    4.048115253448486
-
START:  AGYS
END:    4.348471403121948
-
START:  AIZ
END:    4.612831354141235
-
START:  AJG
END:    4.952048063278198
-
START:  AJRD
Not Found: No data found, symbol may be delisted
START:  ALB
END:    5.341775894165039
-
START:  ALG
END:    5.68277382850647
-
START:  ALGN
END:    5.961768627166748
-
START:  ALLE
END:    6.219704866409302
-
START:  ALTR
END:    6.3396546840667725
-
START:  AMAT
END:    7.683326959609985
-
START:  AMBA
END:    7.883329629898071
-
START:  AMD
END:    9.17932415008545
-
START:  AME
END:    9.481480598449707
-
START:  AMED
END:    9.736549139022827
-
START:  AMEH
END:    9.949511528015137
-
START:  AMGN
END:    10.25417184829712
-
START:  AMN
END:    11.559555530548096
-
START:  AMP
END:    11.818080425262451
-
START:  AMRC
END:    13.063829898834229
-
START:  AMSWA
END:    13.42044186592102
-
START:  AMTX
END:    13.677927017211914
-
START:  AMZN
END:    13.955711603164673
-
START:  AN
END:    14.23517918586731
-
START:  ANSS
END:    14.504386901855469
-
START:  ANTM
Not Found: No data found, symbol may be delisted
START:  AON
END:    14.892641305923462
-
START:  AOSL
END:    16.11811399459839
-
START:  APD
END:    16.48767590522766
-
START:  APH
END:    16.808271646499634
-
START:  APPF
END:    17.001978158950806
-
START:  APPN
END:    18.196110010147095
-
START:  APPS
END:    18.43059802055359
-
START:  AQN
END:    18.65830111503601
-
START:  ARCB
END:    19.001503229141235
-
START:  ARCT
END:    19.198928833007812
-
START:  ARES
END:    20.41030526161194
-
START:  ARGX
END:    20.622419357299805
-
START:  ARWR
END:    20.897942304611206
-
START:  ASML
END:    21.19645929336548
-
START:  ASPN
END:    21.37661600112915
-
START:  ATEC
END:    21.59004783630371
-
START:  ATEN
END:    21.78289294242859
-
START:  ATKR
END:    22.964877128601074
-
START:  ATOM
END:    23.096585750579834
-
START:  ATR
END:    23.42725419998169
-
START:  ATRC
END:    23.69121289253235
-
START:  AUDC
END:    24.0185227394104
-
START:  AUPH
END:    24.198787450790405
-
START:  AVAV
END:    24.438304901123047
-
START:  AVGO
END:    25.68592143058777
-
START:  AVID
END:    25.967771530151367
-
START:  AVNW
END:    27.221378326416016
-
START:  AVXL
END:    27.454344034194946
-
START:  AVY
END:    27.76390767097473
-
START:  AWK
END:    28.000630855560303
-
START:  AWR
END:    28.28152632713318
-
START:  AXON
END:    28.55258536338806
-
START:  AZO
END:    28.787909746170044
-
START:  AZPN
END:    30.077409029006958
-
START:  BAH
END:    30.306931734085083
-
START:  BAM
END:    30.388793230056763
-
START:  BAX
END:    30.748023986816406
-
START:  BBH
END:    31.17016887664795
-
START:  BBQ
END:    31.45448088645935
-
START:  BBY
END:    31.75491952896118
-
START:  BCPC
END:    32.07616996765137
-
START:  BDX
END:    32.47644543647766
-
START:  BEEM
END:    32.66796517372131
-
START:  BFAM
END:    32.825013399124146
-
START:  BFC
END:    34.11272668838501
-
START:  BGFV
END:    34.437806844711304
-
START:  BGNE
END:    34.57934379577637
-
START:  BHVN
END:    34.66040396690369
-
START:  BIO
END:    34.92151069641113
-
START:  BL
END:    35.08709144592285
-
START:  BLD
END:    35.26361584663391
-
START:  BLDP
END:    35.52172517776489
-
START:  BLDR
END:    35.76886343955994
-
START:  BLFS
END:    36.040380239486694
-
START:  BLK
END:    36.369479179382324
-
START:  BLL
Not Found: No data found, symbol may be delisted
START:  BLNK
END:    36.642898082733154
-
START:  BMI
END:    36.94770097732544
-
START:  BOOT
END:    37.09209871292114
-
START:  BOTZ
END:    37.26981568336487
-
START:  BR
END:    37.514480113983154
-
START:  BRKR
END:    37.79033708572388
-
START:  BRKS
Not Found: No data found, symbol may be delisted
START:  BRO
END:    39.183390855789185
-
START:  BURL
END:    39.38459229469299
-
START:  BX
END:    39.66154599189758
-
START:  CABO
END:    39.86088442802429
-
START:  CACI
END:    40.142489194869995
-
START:  CALX
END:    41.3870005607605
-
START:  CAMT
END:    41.62150859832764
-
START:  CAR
END:    41.94650650024414
-
START:  CBRE
END:    42.232001066207886
-
START:  CBSH
END:    42.5875678062439
-
START:  CBZ
END:    42.85764813423157
-
START:  CCOI
END:    43.135420083999634
-
START:  CCS
END:    43.334078788757324
-
START:  CDMO
END:    43.620224952697754
-
START:  CDNA
END:    43.791632413864136
-
START:  CDNS
END:    44.07302522659302
-
START:  CDW
END:    44.285463094711304
-
START:  CELH
END:    44.54486894607544
-
START:  CGNX
END:    44.860326528549194
-
START:  CHD
END:    45.22014021873474
-
START:  CHDN
END:    45.57451820373535
-
START:  CHE
END:    45.90588188171387
-
START:  CHGG
END:    46.0824875831604
-
START:  CHH
END:    46.36587119102478
-
START:  CHKP
END:    46.649192810058594
-
START:  CHTR
END:    46.86985778808594
-
START:  CIEN
END:    47.14765405654907
-
START:  CLAR
END:    48.50085234642029
-
START:  CLFD
END:    48.86019015312195
-
START:  CLGN
END:    49.9957537651062
-
START:  CLNE
END:    50.23054838180542
-
START:  CLPT
END:    50.44861149787903
-
START:  CLX
END:    50.77911424636841
-
START:  CMCSA
END:    51.11761808395386
-
START:  CMG
END:    51.38918948173523
-
START:  CMS
END:    51.763158559799194
-
START:  CNC
END:    52.03712773323059
-
START:  CNI
END:    52.33760952949524
-
START:  CNMD
END:    52.649935722351074
-
START:  CNS
END:    52.92284321784973
-
START:  CNXN
END:    53.19882607460022
-
START:  COO
END:    53.50424647331238
-
START:  COST
END:    53.81758642196655
-
START:  COUP
Not Found: No data found, symbol may be delisted
START:  COWN
Not Found: No data found, symbol may be delisted
START:  CP
END:    54.36385202407837
-
START:  CPK
END:    54.729883670806885
-
START:  CPRT
END:    56.03912806510925
-
START:  CPSH
END:    56.27494215965271
-
START:  CRAI
END:    56.56126689910889
-
START:  CREE
Not Found: No data found, symbol may be delisted
START:  CRL
END:    57.92347288131714
-
START:  CRM
END:    58.190552711486816
-
START:  CRMT
END:    58.47290396690369
-
START:  CROX
END:    58.6991126537323
-
START:  CRSP
END:    58.865843057632446
-
START:  CRVL
END:    59.12781620025635
-
START:  CSGP
END:    59.41445016860962
-
START:  CSL
END:    59.74772548675537
-
START:  CSWI
END:    59.939430952072144
-
START:  CSX
END:    60.28205847740173
-
START:  CTAS
END:    60.640141248703
-
START:  CTLT
END:    60.831888914108276
-
START:  CTRN
END:    61.09670615196228
-
START:  CURE
END:    61.323254346847534
-
START:  CVCO
END:    61.60109066963196
-
START:  CVNA
END:    62.76477789878845
-
START:  CWST
END:    63.02394938468933
-
START:  CWT
END:    63.40117573738098
-
START:  CXSE
END:    63.65809655189514
-
START:  CYBR
END:    63.84613537788391
-
START:  CYRX
END:    65.12648296356201
-
START:  CYTK
END:    65.4019672870636
-
START:  DAC
END:    65.67570638656616
-
START:  DAR
END:    65.95379877090454
-
START:  DAVA
END:    66.09702205657959
-
START:  DDS
END:    66.44525194168091
-
START:  DE
END:    67.82021641731262
-
START:  DECK
END:    68.06200766563416
-
START:  DELL
END:    68.2908034324646
-
START:  DFIN
END:    69.46409916877747
-
START:  DG
END:    69.67314648628235
-
START:  DGRW
END:    70.89171767234802
-
START:  DHI
END:    71.215322971344
-
START:  DHR
END:    71.577565908432
-
START:  DIA
END:    72.93401074409485
-
START:  DIOD
END:    73.21304297447205
-
START:  DIS
END:    73.60897207260132
-
START:  DKS
END:    73.9097056388855
-
START:  DLN
END:    75.25160670280457
-
START:  DNLI
END:    76.41194605827332
-
START:  DOMO
END:    76.55082559585571
-
START:  DOV
END:    76.89709782600403
-
START:  DPZ
END:    77.15731239318848
-
START:  DQ
END:    77.34133005142212
-
START:  DRD
END:    77.62884378433228
-
START:  DRIO
END:    77.78176283836365
-
START:  DRNA
Not Found: No data found, symbol may be delisted
START:  DSGX
END:    78.10856795310974
-
START:  DVAX
END:    78.35808181762695
-
START:  DXCM
END:    78.61546421051025
-
START:  ECL
END:    78.98246431350708
-
START:  EFX
END:    79.31847071647644
-
START:  EGAN
END:    79.55950593948364
-
START:  EHC
END:    80.89880585670471
-
START:  EL
END:    82.207932472229
-
START:  ENPH
END:    83.41719937324524
-
START:  ENSG
END:    83.66807293891907
-
START:  ENTG
END:    83.96864771842957
-
START:  ENV
END:    85.22814965248108
-
START:  EPAM
END:    85.43507122993469
-
START:  ERIE
END:    85.76693153381348
-
START:  ES
END:    86.13983941078186
-
START:  ESE
END:    86.42625641822815
-
START:  ETN
END:    86.777747631073
-
START:  ETSY
END:    86.9379870891571
-
START:  EVBG
END:    87.07145857810974
-
START:  EVTC
END:    87.23476362228394
-
START:  EW
END:    87.51724481582642
-
START:  EWT
END:    87.83312249183655
-
START:  EXAS
END:    88.10487914085388
-
START:  EXLS
END:    88.36655282974243
-
START:  EXPD
END:    88.70976877212524
-
START:  EXPI
END:    88.8812563419342
-
START:  EXPO
END:    89.1650083065033
-
START:  FAST
END:    89.49800539016724
-
START:  FATE
END:    89.6868097782135
-
START:  FB
Not Found: No data found, symbol may be delisted
START:  FCN
END:    90.02791333198547
-
START:  FCX
END:    90.34809732437134
-
START:  FDN
END:    90.61484384536743
-
START:  FDS
END:    90.90181016921997
-
START:  FELE
END:    92.23341917991638
-
START:  FFIN
END:    92.5492103099823
-
START:  FICO
END:    92.90447235107422
-
START:  FINX
END:    93.08416724205017
-
START:  FIS
END:    94.38205981254578
-
START:  FISV
Not Found: No data found, symbol may be delisted
START:  FIVE
END:    94.66758847236633
-
START:  FIVN
END:    95.88561964035034
-
START:  FLGT
END:    97.07046008110046
-
START:  FLT
END:    97.26046061515808
-
START:  FLWS
END:    97.51857447624207
-
START:  FN
END:    97.74014854431152
-
START:  FND
END:    97.88146662712097
-
START:  FNV
END:    98.14526867866516
-
START:  FORM
END:    99.4026288986206
-
START:  FOXF
END:    99.5989580154419
-
START:  FPX
END:    99.87525367736816
-
START:  FRC
Not Found: No data found, symbol may be delisted
START:  FRHC
END:    101.1251482963562
-
START:  FRPT
END:    101.28474712371826
-
START:  FSS
END:    101.6279399394989
-
START:  FTNT
END:    102.89095902442932
-
START:  FUV
END:    103.03251028060913
-
START:  GDEN
END:    103.30020022392273
-
START:  GFI
END:    104.65883088111877
-
START:  GGG
END:    105.00102519989014
-
START:  GIB
END:    106.30059480667114
-
START:  GLDD
END:    106.5487859249115
-
START:  GLOB
END:    106.79104495048523
-
START:  GMAB
END:    106.9908607006073
-
START:  GME
END:    108.30501174926758
-
START:  GMED
END:    108.49584126472473
-
START:  GNRC
END:    108.71451306343079
-
START:  GNSS
END:    108.9714002609253
-
START:  GNTX
END:    109.28793358802795
-
START:  GOLF
END:    109.46539258956909
-
START:  GOOG
END:    109.76071500778198
-
START:  GOOGL
END:    110.01366209983826
-
START:  GPI
END:    110.31176972389221
-
START:  GPN
END:    111.66372895240784
-
START:  GRBK
END:    111.91439199447632
-
START:  GRMN
END:    113.24291110038757
-
START:  GRVY
END:    113.4939775466919
-
START:  GRWG
END:    113.64234042167664
-
START:  GWRE
END:    113.84563732147217
-
START:  HACK
END:    114.03711938858032
-
START:  HALO
END:    114.3158700466156
-
START:  HCI
END:    114.56738662719727
-
START:  HD
END:    114.89852809906006
-
START:  HEI
END:    115.26660418510437
-
START:  HELE
END:    115.54285049438477
-
START:  HIBB
END:    115.82933974266052
-
START:  HLI
END:    116.01948881149292
-
START:  HLT
END:    117.22573161125183
-
START:  HOLX
END:    117.4745135307312
-
START:  HON
END:    118.84087610244751
-
START:  HOV
END:    120.10761737823486
-
START:  HRC
Not Found: No data found, symbol may be delisted
START:  HRI
END:    120.42987489700317
-
START:  HSKA
Not Found: No data found, symbol may be delisted
START:  HTHT
END:    120.69881319999695
-
START:  HUBS
END:    121.89226341247559
-
START:  HUM
END:    123.26966428756714
-
START:  HZNP
Not Found: No data found, symbol may be delisted
START:  IAC
END:    123.65614724159241
-
START:  IBP
END:    123.85866022109985
-
START:  ICE
END:    124.16568422317505
-
START:  ICLN
END:    124.42566347122192
-
START:  ICLR
END:    125.73119378089905
-
START:  IDT
END:    126.99075317382812
-
START:  IDXX
END:    127.27021884918213
-
START:  IESC
END:    127.54293274879456
-
START:  IEX
END:    127.86671185493469
-
START:  ILMN
END:    128.1436800956726
-
START:  INFO
Not Found: No data found, symbol may be delisted
START:  INOV
END:    128.35443663597107
-
START:  INSP
END:    128.49446082115173
-
START:  INTC
END:    128.76459407806396
-
START:  INTU
END:    129.06926918029785
-
START:  INTZ
END:    130.3463671207428
-
START:  INVE
END:    130.617360830307
-
START:  IOO
END:    130.93505692481995
-
START:  IQV
END:    131.11200404167175
-
START:  IRDM
END:    131.34040021896362
-
START:  IRMD
END:    132.55886697769165
-
START:  ISEE
Not Found: No data found, symbol may be delisted
START:  ISRG
END:    133.9352469444275
-
START:  IT
END:    135.22535705566406
-
START:  ITT
END:    135.5681984424591
-
START:  ITW
END:    135.90254759788513
-
START:  IVOG
END:    136.13883352279663
-
START:  IVV
END:    136.48635983467102
-
START:  IXJ
END:    136.80781507492065
-
START:  IXN
END:    137.10837960243225
-
START:  J
END:    137.37145614624023
-
START:  JBL
END:    137.68012475967407
-
START:  JBSS
END:    137.9831051826477
-
START:  JD
END:    138.1928472518921
-
START:  JKHY
END:    138.52077293395996
-
START:  JKS
END:    138.73568677902222
-
START:  JNJ
END:    139.09795951843262
-
START:  JOE
END:    139.3898205757141
-
START:  JOUT
END:    139.6885805130005
-
START:  JYNT
END:    139.92010378837585
-
START:  KAI
END:    140.25172877311707
-
START:  KBH
END:    140.5654492378235
-
START:  KBR
END:    140.84756708145142
-
START:  KDMN
Not Found: No data found, symbol may be delisted
START:  KEYS
END:    141.07837653160095
-
START:  KLAC
END:    142.40043687820435
-
START:  KLIC
END:    142.68178272247314
-
START:  KMX
END:    142.9672336578369
-
START:  KNSL
END:    144.16791009902954
-
START:  KOPN
END:    144.42881274223328
-
START:  KOSS
END:    144.7045018672943
-
START:  KRNT
END:    145.90690112113953
-
START:  KSU
Not Found: No data found, symbol may be delisted
START:  KTOS
END:    146.23198771476746
-
START:  LAC
END:    146.30737924575806
-
START:  LAD
END:    147.6166934967041
-
START:  LANC
END:    147.93521237373352
-
START:  LAWS
Not Found: No data found, symbol may be delisted
START:  LDOS
END:    149.2756109237671
-
START:  LFMD
END:    149.50837111473083
-
START:  LGIH
END:    149.6621503829956
-
START:  LH
END:    149.965074300766
-
START:  LHCG
Not Found: No data found, symbol may be delisted
START:  LHX
END:    151.37599849700928
-
START:  LII
END:    151.6882565021515
-
START:  LIN
END:    152.02670240402222
-
START:  LINC
END:    152.352854013443
-
START:  LIT
END:    152.56230688095093
-
START:  LLY
END:    152.9054605960846
-
START:  LMT
END:    153.23526740074158
-
START:  LNT
END:    153.5827283859253
-
START:  LOB
END:    153.7826690673828
-
START:  LOGI
END:    154.0742962360382
-
START:  LOVE
END:    154.2101879119873
-
START:  LOW
END:    154.54432487487793
-
START:  LPLA
END:    154.76940274238586
-
START:  LPSN
END:    156.06533002853394
-
START:  LQDT
END:    156.30053567886353
-
START:  LRCX
END:    156.57444548606873
-
START:  LSCC
END:    156.82959389686584
-
START:  LSTR
END:    157.10980701446533
-
START:  LULU
END:    157.31999158859253
-
START:  LUNA
END:    157.5358076095581
-
START:  MA
END:    157.8154878616333
-
START:  MANH
END:    159.1055450439453
-
START:  MANT
Not Found: No data found, symbol may be delisted
START:  MARA
END:    160.3667438030243
-
START:  MASI
END:    160.62619876861572
-
START:  MATX
END:    160.9480390548706
-
START:  MBUU
END:    161.14135313034058
-
START:  MCD
END:    161.47999835014343
-
START:  MCHP
END:    161.80428671836853
-
START:  MCO
END:    163.1319591999054
-
START:  MDB
END:    163.29388546943665
-
START:  MDT
END:    164.6463611125946
-
START:  MEDP
END:    164.82157373428345
-
START:  MEDS
END:    164.9855694770813
-
START:  MELI
END:    166.22010970115662
-
START:  MGC
END:    166.48403573036194
-
START:  MGIC
END:    166.7804832458496
-
START:  MGK
END:    167.02752828598022
-
START:  MGNI
END:    168.23465991020203
-
START:  MHO
END:    168.5252969264984
-
START:  MIME
Not Found: No data found, symbol may be delisted
START:  MITK
END:    169.8517565727234
-
START:  MKC
END:    170.17515349388123
-
START:  MKSI
END:    170.51382613182068
-
START:  MKTX
END:    170.8330056667328
-
START:  MLAB
END:    171.13959550857544
-
START:  MLR
END:    171.44925355911255
-
START:  MMC
END:    171.78422784805298
-
START:  MMS
END:    172.1182610988617
-
START:  MNMD
END:    173.28351020812988
-
START:  MNST
END:    173.56598138809204
-
START:  MODN
END:    173.7620813846588
-
START:  MODV
END:    174.00486278533936
-
START:  MOH
END:    174.29632782936096
-
START:  MORN
END:    174.61277079582214
-
START:  MPWR
END:    174.90460085868835
-
START:  MRTX
END:    175.15214490890503
-
START:  MRVL
END:    175.4927361011505
-
START:  MS
END:    175.84942364692688
-
START:  MSA
END:    177.16767501831055
-
START:  MSCI
END:    177.4203658103943
-
START:  MSEX
END:    177.82315683364868
-
START:  MSFT
END:    178.10785245895386
-
START:  MSI
END:    178.47161269187927
-
START:  MSTR
END:    178.71348404884338
-
START:  MTBC
Not Found: No data found, symbol may be delisted
START:  MTCH
END:    179.0699598789215
-
START:  MTD
END:    180.35309767723083
-
START:  MTEX
END:    180.64753580093384
-
START:  MTH
END:    180.96588039398193
-
START:  MTLS
END:    181.15757298469543
-
START:  MTSI
END:    181.3577938079834
-
START:  MU
END:    181.66641569137573
-
START:  MUSA
END:    181.8392767906189
-
START:  MVIS
END:    182.13783955574036
-
START:  MXL
END:    182.3493151664734
-
START:  MYRG
END:    182.57379388809204
-
START:  NBIX
END:    182.88996267318726
-
START:  NCBS
Not Found: No data found, symbol may be delisted
START:  NDAQ
END:    184.31201791763306
-
START:  NDSN
END:    184.64481258392334
-
START:  NEE
END:    184.99855089187622
-
START:  NEO
END:    185.27100086212158
-
START:  NEOG
END:    185.55209183692932
-
START:  NFLX
END:    185.84345412254333
-
START:  NICE
END:    186.12544870376587
-
START:  NISN
END:    187.30231046676636
-
START:  NKE
END:    187.64772152900696
-
START:  NOVT
END:    187.9162256717682
-
START:  NOW
END:    188.1160728931427
-
START:  NSC
END:    188.4672553539276
-
START:  NSIT
END:    189.76801562309265
-
START:  NSSC
END:    191.074392080307
-
START:  NSTG
END:    191.27208352088928
-
START:  NTLA
END:    191.4452874660492
-
START:  NTRA
END:    191.60616874694824
-
START:  NUAN
Not Found: No data found, symbol may be delisted
START:  NVCR
END:    191.84509181976318
-
START:  NVDA
END:    192.13188982009888
-
START:  NVMI
END:    192.38398504257202
-
START:  NVO
END:    192.75918674468994
-
START:  NVR
END:    193.03519487380981
-
START:  NXST
END:    193.3152027130127
-
START:  NYT
END:    194.64105534553528
-
START:  OBCI
Not Found: No data found, symbol may be delisted
START:  ODFL
END:    195.04280304908752
-
START:  OEF
END:    195.3589220046997
-
START:  OFLX
END:    196.65005946159363
-
START:  OLED
END:    196.9240963459015
-
START:  OMCL
END:    198.20452880859375
-
START:  ON
END:    198.47565698623657
-
START:  OOMA
END:    198.64916276931763
-
START:  OPRX
END:    198.89151263237
-
START:  ORA
END:    199.18128776550293
-
START:  ORCL
END:    199.46129393577576
-
START:  ORLY
END:    199.7416648864746
-
START:  ORMP
END:    199.97353959083557
-
START:  OTEX
END:    200.27415299415588
-
START:  PACB
END:    200.4962134361267
-
START:  PAG
END:    201.778555393219
-
START:  PANW
END:    201.98040103912354
-
START:  PAR
END:    202.26030468940735
-
START:  PAYC
END:    202.45022702217102
-
START:  PAYX
END:    202.77697730064392
-
START:  PBD
END:    204.05534744262695
-
START:  PCTY
END:    205.25841689109802
-
START:  PEGA
END:    205.65234398841858
-
START:  PEN
END:    205.80783915519714
-
START:  PENN
END:    206.08695101737976
-
START:  PEP
END:    206.40124940872192
-
START:  PERI
END:    206.66528391838074
-
START:  PFSI
END:    206.94498467445374
-
START:  PGR
END:    207.26454639434814
-
START:  PH
END:    207.5758147239685
-
START:  PHM
END:    208.92382788658142
-
START:  PKI
Not Found: No data found, symbol may be delisted
START:  PLL
END:    209.13392305374146
-
START:  PLNT
END:    209.3111653327942
-
START:  PLUG
END:    209.5658392906189
-
START:  PLXS
END:    209.83987283706665
-
START:  PODD
END:    210.07710027694702
-
START:  POOL
END:    210.39560294151306
-
START:  POWI
END:    210.6973466873169
-
START:  PRFT
END:    210.96952295303345
-
START:  PRI
END:    211.20132875442505
-
START:  PRTA
END:    211.37541604042053
-
START:  PRTS
END:    212.63258981704712
-
START:  PTSI
END:    212.9073941707611
-
START:  PWR
END:    213.1693136692047
-
START:  PYPL
END:    213.35511350631714
-
START:  QADA
Not Found: No data found, symbol may be delisted
START:  QCLN
END:    213.6833577156067
-
START:  QDEL
END:    213.96425986289978
-
START:  QGEN
END:    214.25977158546448
-
START:  QLYS
END:    214.46872520446777
-
START:  QQQ
END:    214.77493476867676
-
START:  QRVO
END:    215.9565052986145
-
START:  QTWO
END:    216.13867163658142
-
START:  RADA
Not Found: No data found, symbol may be delisted
START:  RAMP
END:    216.4895317554474
-
START:  RBA
END:    216.7952024936676
-
START:  RCII
Not Found: No data found, symbol may be delisted
START:  RCKY
END:    217.15279173851013
-
START:  RDNT
END:    217.4510395526886
-
START:  RDVT
END:    217.5705008506775
-
START:  RDWR
END:    217.81987690925598
-
START:  REGI
END:    218.02609705924988
-
START:  RENN
Not Found: No data found, symbol may be delisted
START:  RGEN
END:    218.36322259902954
-
START:  RH
END:    219.57908129692078
-
START:  RILY
END:    219.82680797576904
-
START:  RIOT
END:    221.00814747810364
-
START:  RLI
END:    221.33710169792175
-
START:  RLMD
END:    221.5165855884552
-
START:  RMD
END:    221.8080141544342
-
START:  RNG
END:    223.02823948860168
-
START:  ROBO
END:    223.22756266593933
-
START:  ROCK
END:    223.51381635665894
-
START:  ROK
END:    223.84319806098938
-
START:  ROKU
END:    223.96832156181335
-
START:  ROL
END:    224.31621479988098
-
START:  ROP
END:    224.63833379745483
-
START:  ROST
END:    224.95592427253723
-
START:  RPD
END:    225.1369276046753
-
START:  RPM
END:    226.4858705997467
-
START:  RSG
END:    226.77443552017212
-
START:  RTH
END:    227.07526898384094
-
START:  RUN
END:    227.2475938796997
-
START:  RXI
END:    227.5222930908203
-
START:  SAIA
END:    227.7593288421631
-
START:  SAIC
END:    227.97977900505066
-
START:  SAM
END:    228.23596143722534
-
START:  SAVA
END:    228.51017236709595
-
START:  SCI
END:    228.86695408821106
-
START:  SCL
END:    230.20448803901672
-
START:  SE
END:    230.34632873535156
-
START:  SEAS
END:    230.60868859291077
-
START:  SEDG
END:    230.79107809066772
-
START:  SFBS
END:    232.0277223587036
-
START:  SGEN
END:    233.341304063797
-
START:  SGMS
Not Found: No data found, symbol may be delisted
START:  SGRY
END:    234.61832308769226
-
START:  SHOP
END:    234.79936933517456
-
START:  SHW
END:    235.12525248527527
-
START:  SHYF
END:    235.40231776237488
-
START:  SITE
END:    235.5733938217163
-
START:  SIVB
Not Found: No data found, symbol may be delisted
START:  SJW
END:    236.01116180419922
-
START:  SKY
END:    237.3931748867035
-
START:  SLAB
END:    237.66802501678467
-
START:  SLP
END:    237.96054935455322
-
START:  SMH
END:    238.28569674491882
-
START:  SMTC
END:    238.5608205795288
-
START:  SNAP
END:    238.72353315353394
-
START:  SNPS
END:    239.03618001937866
-
START:  SOCL
END:    239.2383942604065
-
START:  SOXL
END:    239.49415493011475
-
START:  SPGI
END:    239.84187150001526
-
START:  SPLG
END:    240.12230587005615
-
START:  SPLK
END:    240.29580521583557
-
START:  SPNS
END:    241.61681127548218
-
START:  SPSC
END:    241.84134078025818
-
START:  SPTM
END:    242.14673590660095
-
START:  SPWH
END:    242.33887147903442
-
START:  SPWR
END:    242.61537671089172
-
START:  SPXC
END:    242.96769070625305
-
START:  SPXL
END:    243.28106784820557
-
START:  SPY
END:    244.63947224617004
-
START:  SPYG
END:    244.95634412765503
-
START:  SQ
END:    245.13897943496704
-
START:  SSD
END:    245.449068069458
-
START:  SSNC
END:    245.68824768066406
-
START:  SSTK
END:    246.9074227809906
-
START:  STAA
END:    247.1814558506012
-
START:  STE
END:    248.50041437149048
-
START:  SUSA
END:    248.7886745929718
-
START:  SYK
END:    249.1190207004547
-
START:  SYNA
END:    249.3872950077057
-
START:  TBBK
END:    249.65923738479614
-
START:  TBK
Not Found: No data found, symbol may be delisted
START:  TDG
END:    250.00646042823792
-
START:  TDOC
END:    250.19539523124695
-
START:  TDY
END:    251.48632192611694
-
START:  TEAM
END:    251.6762981414795
-
START:  TECH
END:    251.96635961532593
-
START:  TECL
END:    252.23119854927063
-
START:  TER
END:    252.54440832138062
-
START:  TFX
END:    253.90873336791992
-
START:  TGH
END:    254.17491793632507
-
START:  TGLS
END:    254.3823480606079
-
START:  TGT
END:    255.80974507331848
-
START:  TGTX
END:    256.03939151763916
-
START:  THC
END:    256.3418593406677
-
START:  TJX
END:    256.71533942222595
-
START:  TMO
END:    257.047771692276
-
START:  TMUS
END:    257.27429032325745
-
START:  TNDM
END:    258.47080874443054
-
START:  TNET
END:    258.65115666389465
-
START:  TPX
END:    258.9853994846344
-
START:  TREX
END:    259.26281785964966
-
START:  TRI
END:    259.5663697719574
-
START:  TRIL
Not Found: No data found, symbol may be delisted
START:  TRMB
END:    260.9215495586395
-
START:  TRNS
END:    261.1995153427124
-
START:  TROW
END:    261.5410141944885
-
START:  TRU
END:    261.74140429496765
-
START:  TRUP
END:    261.9359142780304
-
START:  TSCO
END:    262.23475646972656
-
START:  TSLA
END:    262.4450137615204
-
START:  TSM
END:    262.7766101360321
-
START:  TT
END:    264.10319900512695
-
START:  TTC
END:    264.4156677722931
-
START:  TTD
END:    264.5894105434418
-
START:  TTEC
END:    265.9072594642639
-
START:  TTEK
END:    266.212340593338
-
START:  TTGT
END:    266.4586851596832
-
START:  TTWO
END:    267.73899602890015
-
START:  TWLO
END:    267.93071579933167
-
START:  TXN
END:    269.34236669540405
-
START:  TYL
END:    269.6552884578705
-
START:  UCTT
END:    269.92683458328247
-
START:  UFPI
END:    271.3293843269348
-
START:  UFPT
END:    271.603276014328
-
START:  UI
END:    271.83074951171875
-
START:  UMC
END:    272.14523434638977
-
START:  UNF
END:    272.47992515563965
-
START:  UNH
END:    272.8021557331085
-
START:  UNP
END:    273.1885850429535
-
START:  UPLD
END:    273.37585496902466
-
START:  URI
END:    274.64439582824707
-
START:  V
END:    274.9134991168976
-
START:  VALU
END:    275.28435492515564
-
START:  VBK
END:    276.61529898643494
-
START:  VCEL
END:    276.8776304721832
-
START:  VCR
END:    277.1689772605896
-
START:  VCTR
END:    278.3986859321594
-
START:  VCYT
END:    278.5895595550537
-
START:  VDC
END:    278.90032744407654
-
START:  VEEV
END:    279.10720658302307
-
START:  VERU
END:    279.4166784286499
-
START:  VGT
END:    279.7243094444275
-
START:  VHT
END:    280.013783454895
-
START:  VIAV
END:    280.29548358917236
-
START:  VICR
END:    280.5613706111908
-
START:  VIG
END:    281.82986855506897
-
START:  VO
END:    282.13592314720154
-
START:  VONE
END:    282.3708531856537
-
START:  VONG
END:    282.6059184074402
-
START:  VOO
END:    282.85304260253906
-
START:  VOOG
END:    283.0845546722412
-
START:  VOOV
END:    283.30823159217834
-
START:  VOT
END:    283.5723879337311
-
START:  VPU
END:    283.87934398651123
-
START:  VRNS
END:    284.06912899017334
-
START:  VRSK
END:    285.3338243961334
-
START:  VRSN
END:    285.6252303123474
-
START:  VRTV
END:    286.84374260902405
-
START:  VSTO
END:    287.02665662765503
-
START:  VTHR
END:    287.2479479312897
-
START:  VTI
END:    287.57199263572693
-
START:  VTNR
END:    288.851601600647
-
START:  VTWG
END:    289.09358954429626
-
START:  VUG
END:    289.4185297489166
-
START:  VV
END:    289.70717310905457
-
START:  VXF
END:    290.02023005485535
-
START:  WCN
END:    290.34418177604675
-
START:  WD
END:    290.5619637966156
-
START:  WDAY
END:    290.76725029945374
-
START:  WDFC
END:    292.1176302433014
-
START:  WEC
END:    292.4571874141693
-
START:  WEN
END:    293.80755162239075
-
START:  WINA
END:    294.1119740009308
-
START:  WING
END:    294.3550250530243
-
START:  WIRE
END:    294.65372490882874
-
START:  WIX
END:    294.8486466407776
-
START:  WK
END:    295.04564595222473
-
START:  WLTW
Not Found: No data found, symbol may be delisted
START:  WM
END:    296.43120646476746
-
START:  WMS
END:    296.62932777404785
-
START:  WNS
END:    296.8713171482086
-
START:  WRB
END:    297.22641015052795
-
START:  WSC
END:    297.38141441345215
-
START:  WSM
END:    297.732962846756
-
START:  WST
END:    298.0379502773285
-
START:  WTRG
END:    298.35112953186035
-
START:  WTS
END:    298.6789085865021
-
START:  XEL
END:    299.0325322151184
-
START:  XENE
END:    299.21746158599854
-
START:  XLK
END:    299.55036997795105
-
START:  XLNX
Not Found: No data found, symbol may be delisted
START:  XLP
END:    301.919908285141
-
START:  XLRN
Not Found: No data found, symbol may be delisted
START:  XLU
END:    302.3157970905304
-
START:  XLV
END:    303.6519317626953
-
START:  XLY
END:    303.977974653244
-
START:  XYL
END:    305.22723364830017
-
START:  YNDX
END:    305.44422936439514
-
START:  YORW
END:    305.7533724308014
-
START:  YUM
END:    306.080313205719
-
START:  Z
END:    306.2646975517273
-
START:  ZBRA
END:    306.55698561668396
-
START:  ZEN
Not Found: No data found, symbol may be delisted
START:  ZLAB
END:    308.79507422447205
-
START:  ZNGA
Not Found: No data found, symbol may be delisted
START:  ZS
END:    309.0290651321411
-
START:  ZTS
END:    309.2472321987152
-
START:  ZYXI
END:    309.5179080963135
-
===========================
MACD golden cross
===========================
START:  code
START:  A
START:  AAON
START:  AAPL
START:  ABG
START:  ABT
START:  ACLS
START:  ACMR
START:  ACN
START:  ADBE
START:  ADI
START:  ADP
START:  ADSK
START:  ADUS
START:  AEE
START:  AGYS
START:  AIZ
START:  AJG
START:  AJRD
START:  ALB
START:  ALG
START:  ALGN
START:  ALLE
START:  ALTR
START:  AMAT
START:  AMBA
START:  AMD
START:  AME
START:  AMED
START:  AMEH
START:  AMGN
START:  AMN
START:  AMP
START:  AMRC
START:  AMSWA
START:  AMTX
START:  AMZN
START:  AN
START:  ANSS
START:  ANTM
START:  AON
START:  AOSL
START:  APD
START:  APH
START:  APPF
START:  APPN
START:  APPS
START:  AQN
START:  ARCB
START:  ARCT
START:  ARES
START:  ARGX
START:  ARWR
START:  ASML
START:  ASPN
START:  ATEC
START:  ATEN
START:  ATKR
START:  ATOM
START:  ATR
START:  ATRC
START:  AUDC
START:  AUPH
START:  AVAV
START:  AVGO
START:  AVID
START:  AVNW
START:  AVXL
START:  AVY
START:  AWK
START:  AWR
START:  AXON
START:  AZO
START:  AZPN
START:  BAH
START:  BAM
START:  BAX
START:  BBH
START:  BBQ
START:  BBY
START:  BCPC
START:  BDX
START:  BEEM
START:  BFAM
START:  BFC
START:  BGFV
START:  BGNE
START:  BHVN
START:  BIO
START:  BL
START:  BLD
START:  BLDP
START:  BLDR
START:  BLFS
START:  BLK
START:  BLL
START:  BLNK
START:  BMI
START:  BOOT
START:  BOTZ
START:  BR
START:  BRKR
START:  BRKS
START:  BRO
START:  BURL
START:  BX
START:  CABO
START:  CACI
START:  CALX
START:  CAMT
START:  CAR
START:  CBRE
START:  CBSH
START:  CBZ
START:  CCOI
START:  CCS
START:  CDMO
START:  CDNA
START:  CDNS
START:  CDW
START:  CELH
START:  CGNX
START:  CHD
START:  CHDN
START:  CHE
START:  CHGG
START:  CHH
START:  CHKP
START:  CHTR
START:  CIEN
START:  CLAR
START:  CLFD
START:  CLGN
START:  CLNE
START:  CLPT
START:  CLX
START:  CMCSA
START:  CMG
START:  CMS
START:  CNC
START:  CNI
START:  CNMD
START:  CNS
START:  CNXN
START:  COO
START:  COST
START:  COUP
START:  COWN
START:  CP
START:  CPK
START:  CPRT
START:  CPSH
START:  CRAI
START:  CREE
START:  CRL
START:  CRM
START:  CRMT
START:  CROX
START:  CRSP
START:  CRVL
START:  CSGP
START:  CSL
START:  CSWI
START:  CSX
START:  CTAS
START:  CTLT
START:  CTRN
START:  CURE
START:  CVCO
START:  CVNA
START:  CWST
START:  CWT
START:  CXSE
START:  CYBR
START:  CYRX
START:  CYTK
START:  DAC
START:  DAR
START:  DAVA
START:  DDS
START:  DE
START:  DECK
START:  DELL
START:  DFIN
START:  DG
START:  DGRW
START:  DHI
START:  DHR
START:  DIA
START:  DIOD
START:  DIS
START:  DKS
START:  DLN
START:  DNLI
START:  DOMO
START:  DOV
START:  DPZ
START:  DQ
START:  DRD
START:  DRIO
START:  DRNA
START:  DSGX
START:  DVAX
START:  DXCM
START:  ECL
START:  EFX
START:  EGAN
START:  EHC
START:  EL
START:  ENPH
START:  ENSG
START:  ENTG
START:  ENV
START:  EPAM
START:  ERIE
START:  ES
START:  ESE
START:  ETN
START:  ETSY
START:  EVBG
START:  EVTC
START:  EW
START:  EWT
START:  EXAS
START:  EXLS
START:  EXPD
START:  EXPI
START:  EXPO
START:  FAST
START:  FATE
START:  FB
START:  FCN
START:  FCX
START:  FDN
START:  FDS
START:  FELE
START:  FFIN
START:  FICO
START:  FINX
START:  FIS
START:  FISV
START:  FIVE
START:  FIVN
START:  FLGT
START:  FLT
START:  FLWS
START:  FN
START:  FND
START:  FNV
START:  FORM
START:  FOXF
START:  FPX
START:  FRC
START:  FRHC
START:  FRPT
START:  FSS
START:  FTNT
START:  FUV
START:  GDEN
START:  GFI
START:  GGG
START:  GIB
START:  GLDD
START:  GLOB
START:  GMAB
START:  GME
START:  GMED
START:  GNRC
START:  GNSS
START:  GNTX
START:  GOLF
START:  GOOG
START:  GOOGL
START:  GPI
START:  GPN
START:  GRBK
START:  GRMN
START:  GRVY
START:  GRWG
START:  GWRE
START:  HACK
START:  HALO
START:  HCI
START:  HD
START:  HEI
START:  HELE
START:  HIBB
START:  HLI
START:  HLT
START:  HOLX
START:  HON
START:  HOV
START:  HRC
START:  HRI
START:  HSKA
START:  HTHT
START:  HUBS
START:  HUM
START:  HZNP
START:  IAC
START:  IBP
START:  ICE
START:  ICLN
START:  ICLR
START:  IDT
START:  IDXX
START:  IESC
START:  IEX
START:  ILMN
START:  INFO
START:  INOV
START:  INSP
START:  INTC
START:  INTU
START:  INTZ
START:  INVE
START:  IOO
START:  IQV
START:  IRDM
START:  IRMD
START:  ISEE
START:  ISRG
START:  IT
START:  ITT
START:  ITW
START:  IVOG
START:  IVV
START:  IXJ
START:  IXN
START:  J
START:  JBL
START:  JBSS
START:  JD
START:  JKHY
START:  JKS
START:  JNJ
START:  JOE
START:  JOUT
START:  JYNT
START:  KAI
START:  KBH
START:  KBR
START:  KDMN
START:  KEYS
START:  KLAC
START:  KLIC
START:  KMX
START:  KNSL
START:  KOPN
START:  KOSS
START:  KRNT
START:  KSU
START:  KTOS
START:  LAC
START:  LAD
START:  LANC
START:  LAWS
START:  LDOS
START:  LFMD
START:  LGIH
START:  LH
START:  LHCG
START:  LHX
START:  LII
START:  LIN
START:  LINC
START:  LIT
START:  LLY
START:  LMT
START:  LNT
START:  LOB
START:  LOGI
START:  LOVE
START:  LOW
START:  LPLA
START:  LPSN
START:  LQDT
START:  LRCX
START:  LSCC
START:  LSTR
START:  LULU
START:  LUNA
START:  MA
START:  MANH
START:  MANT
START:  MARA
START:  MASI
START:  MATX
START:  MBUU
START:  MCD
START:  MCHP
START:  MCO
START:  MDB
START:  MDT
START:  MEDP
START:  MEDS
START:  MELI
START:  MGC
START:  MGIC
START:  MGK
START:  MGNI
START:  MHO
START:  MIME
START:  MITK
START:  MKC
START:  MKSI
START:  MKTX
START:  MLAB
START:  MLR
START:  MMC
START:  MMS
START:  MNMD
START:  MNST
START:  MODN
START:  MODV
START:  MOH
START:  MORN
START:  MPWR
START:  MRTX
START:  MRVL
START:  MS
START:  MSA
START:  MSCI
START:  MSEX
START:  MSFT
START:  MSI
START:  MSTR
START:  MTBC
START:  MTCH
START:  MTD
START:  MTEX
START:  MTH
START:  MTLS
START:  MTSI
START:  MU
START:  MUSA
START:  MVIS
START:  MXL
START:  MYRG
START:  NBIX
START:  NCBS
START:  NDAQ
START:  NDSN
START:  NEE
START:  NEO
START:  NEOG
START:  NFLX
START:  NICE
START:  NISN
START:  NKE
START:  NOVT
START:  NOW
START:  NSC
START:  NSIT
START:  NSSC
START:  NSTG
START:  NTLA
START:  NTRA
START:  NUAN
START:  NVCR
START:  NVDA
START:  NVMI
START:  NVO
START:  NVR
START:  NXST
START:  NYT
START:  OBCI
START:  ODFL
START:  OEF
START:  OFLX
START:  OLED
START:  OMCL
START:  ON
START:  OOMA
START:  OPRX
START:  ORA
START:  ORCL
START:  ORLY
START:  ORMP
START:  OTEX
START:  PACB
START:  PAG
START:  PANW
START:  PAR
START:  PAYC
START:  PAYX
START:  PBD
START:  PCTY
START:  PEGA
START:  PEN
START:  PENN
START:  PEP
START:  PERI
START:  PFSI
START:  PGR
START:  PH
START:  PHM
START:  PKI
START:  PLL
START:  PLNT
START:  PLUG
START:  PLXS
START:  PODD
START:  POOL
START:  POWI
START:  PRFT
START:  PRI
START:  PRTA
START:  PRTS
START:  PTSI
START:  PWR
START:  PYPL
START:  QADA
START:  QCLN
START:  QDEL
START:  QGEN
START:  QLYS
START:  QQQ
START:  QRVO
START:  QTWO
START:  RADA
START:  RAMP
START:  RBA
START:  RCII
START:  RCKY
START:  RDNT
START:  RDVT
START:  RDWR
START:  REGI
START:  RENN
START:  RGEN
START:  RH
START:  RILY
START:  RIOT
START:  RLI
START:  RLMD
START:  RMD
START:  RNG
START:  ROBO
START:  ROCK
START:  ROK
START:  ROKU
START:  ROL
START:  ROP
START:  ROST
START:  RPD
START:  RPM
START:  RSG
START:  RTH
START:  RUN
START:  RXI
START:  SAIA
START:  SAIC
START:  SAM
START:  SAVA
START:  SCI
START:  SCL
START:  SE
START:  SEAS
START:  SEDG
START:  SFBS
START:  SGEN
START:  SGMS
START:  SGRY
START:  SHOP
START:  SHW
START:  SHYF
START:  SITE
START:  SIVB
START:  SJW
START:  SKY
START:  SLAB
START:  SLP
START:  SMH
START:  SMTC
START:  SNAP
START:  SNPS
START:  SOCL
START:  SOXL
START:  SPGI
START:  SPLG
START:  SPLK
START:  SPNS
START:  SPSC
START:  SPTM
START:  SPWH
START:  SPWR
START:  SPXC
START:  SPXL
START:  SPY
START:  SPYG
START:  SQ
START:  SSD
START:  SSNC
START:  SSTK
START:  STAA
START:  STE
START:  SUSA
START:  SYK
START:  SYNA
START:  TBBK
START:  TBK
START:  TDG
START:  TDOC
START:  TDY
START:  TEAM
START:  TECH
START:  TECL
START:  TER
START:  TFX
START:  TGH
START:  TGLS
START:  TGT
START:  TGTX
START:  THC
START:  TJX
START:  TMO
START:  TMUS
START:  TNDM
START:  TNET
START:  TPX
START:  TREX
START:  TRI
START:  TRIL
START:  TRMB
START:  TRNS
START:  TROW
START:  TRU
START:  TRUP
START:  TSCO
START:  TSLA
START:  TSM
START:  TT
START:  TTC
START:  TTD
START:  TTEC
START:  TTEK
START:  TTGT
START:  TTWO
START:  TWLO
START:  TXN
START:  TYL
START:  UCTT
START:  UFPI
START:  UFPT
START:  UI
START:  UMC
START:  UNF
START:  UNH
START:  UNP
START:  UPLD
START:  URI
START:  V
START:  VALU
START:  VBK
START:  VCEL
START:  VCR
START:  VCTR
START:  VCYT
START:  VDC
START:  VEEV
START:  VERU
START:  VGT
START:  VHT
START:  VIAV
START:  VICR
START:  VIG
START:  VO
START:  VONE
START:  VONG
START:  VOO
START:  VOOG
START:  VOOV
START:  VOT
START:  VPU
START:  VRNS
START:  VRSK
START:  VRSN
START:  VRTV
START:  VSTO
START:  VTHR
START:  VTI
START:  VTNR
START:  VTWG
START:  VUG
START:  VV
START:  VXF
START:  WCN
START:  WD
START:  WDAY
START:  WDFC
START:  WEC
START:  WEN
START:  WINA
START:  WING
START:  WIRE
START:  WIX
START:  WK
START:  WLTW
START:  WM
START:  WMS
START:  WNS
START:  WRB
START:  WSC
START:  WSM
START:  WST
START:  WTRG
START:  WTS
START:  XEL
START:  XENE
START:  XLK
START:  XLNX
START:  XLP
START:  XLRN
START:  XLU
START:  XLV
START:  XLY
START:  XYL
START:  YNDX
START:  YORW
START:  YUM
START:  Z
START:  ZBRA
START:  ZEN
START:  ZLAB
START:  ZNGA
START:  ZS
START:  ZTS
START:  ZYXI
==== MACD golden cross ====
None
code: ARCB     day: macd + hist + hist_1pre + ,  Week: macd + hist + hist_1pre - , Month: macd + hist + hist_1pre + , 
Trade --> code: ARCB   BUY: 2006-05-31   41.21 SELL: 2007-08-31   35.90  macd:   -0.12 macd_count:  15 profit:  0.87
Trade --> code: ARCB   BUY: 2013-08-31   24.88 SELL: 2015-11-30   24.08  macd:   -0.56 macd_count:  27 profit:  0.97
Trade --> code: ARCB   BUY: 2017-09-30   33.45 SELL: 2019-06-30   28.11  macd:   -0.41 macd_count:  21 profit:  0.84
Trade --> code: ARCB   BUY: 2020-11-30   41.91 SELL: 2023-12-31  122.15  macd:   10.73 macd_count:  38 profit:  2.91

code: DELL     day: macd + hist + hist_1pre + ,  Week: macd + hist + hist_1pre - , Month: macd + hist + hist_1pre + , 
Trade --> code: DELL   BUY: 2018-12-31   24.77 SELL: 2020-04-30   21.64  macd:   -0.09 macd_count:  16 profit:  0.87
Trade --> code: DELL   BUY: 2020-06-30   27.85 SELL: 2023-02-28   40.64  macd:   -0.18 macd_count:  32 profit:  1.46
Trade --> code: DELL   BUY: 2023-06-30   54.11 SELL: 2023-12-31   77.00  macd:    6.70 macd_count:   7 profit:  1.42

code: LINC     day: macd + hist + hist_1pre + ,  Week: macd + hist + hist_1pre - , Month: macd + hist + hist_1pre + , 
Trade --> code: LINC   BUY: 2009-03-31   18.32 SELL: 2010-10-31   12.46  macd:   -0.19 macd_count:  19 profit:  0.68
Trade --> code: LINC   BUY: 2017-06-30    3.10 SELL: 2017-12-31    2.02  macd:   -0.03 macd_count:   6 profit:  0.65
Trade --> code: LINC   BUY: 2018-12-31    3.20 SELL: 2019-09-30    2.08  macd:   -0.01 macd_count:   9 profit:  0.65
Trade --> code: LINC   BUY: 2020-02-29    2.95 SELL: 2023-12-31    9.94  macd:    0.71 macd_count:  47 profit:  3.37

code: NUAN     day: macd + hist + hist_1pre + ,  Week: macd + hist + hist_1pre - , Month: macd + hist - hist_1pre - , 
Trade --> code: NUAN   BUY: 2005-11-30    5.38 SELL: 2008-11-30    7.94  macd:   -0.14 macd_count:  36 profit:  1.48
Trade --> code: NUAN   BUY: 2009-12-31   13.44 SELL: 2013-05-31   16.44  macd:   -0.10 macd_count:  41 profit:  1.22
Trade --> code: NUAN   BUY: 2015-11-30   18.11 SELL: 2016-07-31   13.90  macd:   -0.05 macd_count:   8 profit:  0.77
Trade --> code: NUAN   BUY: 2017-05-31   16.01 SELL: 2017-09-30   13.60  macd:   -0.04 macd_count:   4 profit:  0.85
Trade --> code: NUAN   BUY: 2019-04-30   14.56 SELL: 2022-03-31   55.99  macd:    7.14 macd_count:  36 profit:  3.85

code: RCII     day: macd + hist + hist_1pre + ,  Week: macd + hist + hist_1pre - , Month: macd - hist + hist_1pre + , 
Trade --> code: RCII   BUY: 2006-10-31   28.76 SELL: 2007-07-31   19.41  macd:   -0.10 macd_count:   9 profit:  0.67
Trade --> code: RCII   BUY: 2010-03-31   23.65 SELL: 2014-01-31   24.94  macd:   -0.00 macd_count:  46 profit:  1.05
Trade --> code: RCII   BUY: 2018-12-31   16.19 SELL: 2022-05-31   27.54  macd:   -0.82 macd_count:  41 profit:  1.70

code: TJX      day: macd + hist + hist_1pre + ,  Week: macd + hist + hist_1pre - , Month: macd + hist + hist_1pre + , 
Trade --> code: TJX    BUY: 2006-05-31    5.93 SELL: 2006-06-30    5.72  macd:   -0.00 macd_count:   1 profit:  0.96
Trade --> code: TJX    BUY: 2006-07-31    6.09 SELL: 2008-12-31    5.14  macd:   -0.07 macd_count:  29 profit:  0.84
Trade --> code: TJX    BUY: 2009-07-31    9.06 SELL: 2023-12-31   92.79  macd:    6.03 macd_count: 174 profit: 10.24

code: VCEL     day: macd + hist + hist_1pre - ,  Week: macd + hist + hist_1pre - , Month: macd + hist + hist_1pre + , 
Trade --> code: VCEL   BUY: 2006-05-31  206.40 SELL: 2006-11-30  217.60  macd:   -2.14 macd_count:   6 profit:  1.05
Trade --> code: VCEL   BUY: 2017-11-30    4.45 SELL: 2022-08-31   24.95  macd:   -0.37 macd_count:  57 profit:  5.61
Trade --> code: VCEL   BUY: 2023-08-31   32.83 SELL: 2023-12-31   36.31  macd:    0.74 macd_count:   5 profit:  1.11

