Sun Dec 31 13:49:18 UTC 2023
arg[0]: scraping/yahoo-finace-api2.py, arg[1]: stock-code-list/buy-list.txt
===========================
scraping
===========================
START:  AAPL
END:    0.3223292827606201
-
START:  EL
END:    0.6283674240112305
-
START:  NEE
END:    1.0524373054504395
-
START:  AMD
END:    1.5776541233062744
-
START:  APH
END:    1.8432285785675049
-
START:  XLP
END:    2.2279677391052246
-
START:  SPXL
END:    2.4289019107818604
-
START:  KEYS
END:    2.5829994678497314
-
START:  VDC
END:    2.875605821609497
-
START:  SPTM
END:    3.173949718475342
-
START:  SPLG
END:    3.659315586090088
-
START:  CROX
END:    3.890681028366089
-
START:  AXON
END:    4.127926826477051
-
START:  AWR
END:    4.4255006313323975
-
START:  FN
END:    4.987107753753662
-
START:  NXST
END:    5.268942356109619
-
START:  TREX
END:    5.634631633758545
-
START:  RGEN
END:    6.101994752883911
-
START:  EXPO
END:    6.337345838546753
-
START:  BCPC
END:    6.776392221450806
-
START:  SOXL
END:    6.988420248031616
-
START:  TECL
END:    7.554052829742432
-
START:  NEO
END:    8.040773391723633
-
START:  NVMI
END:    8.543472051620483
-
START:  NVDA
END:    9.16785216331482
-
START:  BBDC
END:    9.522092342376709
-
START:  APPS
END:    10.098769426345825
-
START:  ROK
END:    10.731188535690308
-
START:  NHTC
END:    11.439631938934326
-
START:  ZYXI
END:    11.769923210144043
-
START:  LIT
END:    11.981631517410278
-
START:  LLY
END:    12.39564061164856
-
START:  GTLB
END:    12.50936508178711
-
START:  MCD
END:    13.058009386062622
-
START:  MSI
END:    13.3729887008667
-
START:  HCP
END:    13.491814374923706
-
START:  ON
END:    13.952926874160767
-
===========================
MACD sell
===========================
START:  AAPL
START:  EL
START:  NEE
START:  AMD
START:  APH
START:  XLP
START:  SPXL
START:  KEYS
START:  VDC
START:  SPTM
START:  SPLG
START:  CROX
START:  AXON
START:  AWR
START:  FN
START:  NXST
START:  TREX
START:  RGEN
START:  EXPO
START:  BCPC
START:  SOXL
START:  TECL
START:  NEO
START:  NVMI
START:  NVDA
START:  BBDC
START:  APPS
START:  ROK
START:  NHTC
START:  ZYXI
START:  LIT
START:  LLY
START:  GTLB
START:  MCD
START:  MSI
START:  HCP
START:  ON
==== MACD list ====
code: AAPL     day: macd + hist - ,  Week: macd + hist + , Month: macd + hist + , 
code: EL       day: macd + hist + ,  Week: macd - hist + , Month: macd - hist - , 
code: NEE      day: macd + hist - ,  Week: macd - hist + , Month: macd - hist - , 
code: AMD      day: macd + hist + ,  Week: macd + hist + , Month: macd + hist + , 
code: APH      day: macd + hist - ,  Week: macd + hist + , Month: macd + hist + , 
code: XLP      day: macd + hist + ,  Week: macd - hist + , Month: macd + hist - , 
code: SPXL     day: macd + hist - ,  Week: macd + hist + , Month: macd + hist + , 
code: KEYS     day: macd + hist - ,  Week: macd + hist + , Month: macd - hist - , 
code: VDC      day: macd + hist + ,  Week: macd + hist + , Month: macd + hist - , 
code: SPTM     day: macd + hist - ,  Week: macd + hist + , Month: macd + hist + , 
code: SPLG     day: macd + hist - ,  Week: macd + hist + , Month: macd + hist + , 
code: CROX     day: macd + hist - ,  Week: macd - hist + , Month: macd + hist - , 
code: AXON     day: macd + hist + ,  Week: macd + hist + , Month: macd + hist + , 
code: AWR      day: macd + hist - ,  Week: macd - hist + , Month: macd - hist - , 
code: FN       day: macd + hist + ,  Week: macd + hist + , Month: macd + hist + , 
code: NXST     day: macd + hist + ,  Week: macd - hist + , Month: macd - hist - , 
code: TREX     day: macd + hist + ,  Week: macd + hist + , Month: macd - hist + , 
code: RGEN     day: macd + hist + ,  Week: macd + hist + , Month: macd - hist + , 
code: EXPO     day: macd + hist + ,  Week: macd - hist + , Month: macd - hist - , 
code: BCPC     day: macd + hist + ,  Week: macd + hist + , Month: macd + hist + , 
code: SOXL     day: macd + hist + ,  Week: macd + hist + , Month: macd - hist + , 
code: TECL     day: macd + hist - ,  Week: macd + hist + , Month: macd + hist + , 
code: NEO      day: macd + hist - ,  Week: macd + hist - , Month: macd - hist + , 
code: NVMI     day: macd + hist - ,  Week: macd + hist + , Month: macd + hist + , 
code: NVDA     day: macd + hist + ,  Week: macd + hist + , Month: macd + hist + , 
code: BBDC     day: macd - hist - ,  Week: macd + hist - , Month: macd - hist + , 
code: APPS     day: macd + hist + ,  Week: macd - hist + , Month: macd - hist + , 
code: ROK      day: macd + hist + ,  Week: macd + hist + , Month: macd + hist - , 
code: NHTC     day: macd + hist + ,  Week: macd + hist + , Month: macd - hist + , 
code: ZYXI     day: macd + hist + ,  Week: macd + hist + , Month: macd - hist - , 
code: LIT      day: macd + hist + ,  Week: macd - hist + , Month: macd - hist - , 
code: LLY      day: macd - hist + ,  Week: macd + hist - , Month: macd + hist + , 
code: GTLB     day: macd + hist - ,  Week: macd + hist + , Month: macd + hist + , 
code: MCD      day: macd + hist - ,  Week: macd + hist + , Month: macd + hist - , 
code: MSI      day: macd - hist - ,  Week: macd + hist - , Month: macd + hist + , 
code: HCP      day: macd + hist + ,  Week: macd - hist + , Month: macd + hist + , 
code: ON       day: macd + hist + ,  Week: macd - hist + , Month: macd + hist - , 
==== MACD sell list ====
code: AAPL     day: macd + hist - , 
code: EL       day: macd + hist + ,  Week: macd - hist + , Month: macd - hist - , 
code: NEE      day: macd + hist - , 
code: NEE      day: macd + hist - ,  Week: macd - hist + , Month: macd - hist - , 
code: APH      day: macd + hist - , 
code: XLP      day: macd + hist + ,  Week: macd - hist + , Month: macd + hist - , 
code: SPXL     day: macd + hist - , 
code: KEYS     day: macd + hist - , 
code: KEYS     day: macd + hist - ,  Week: macd + hist + , Month: macd - hist - , 
code: VDC      day: macd + hist + ,  Week: macd + hist + , Month: macd + hist - , 
code: SPTM     day: macd + hist - , 
code: SPLG     day: macd + hist - , 
code: CROX     day: macd + hist - , 
code: CROX     day: macd + hist - ,  Week: macd - hist + , Month: macd + hist - , 
code: AWR      day: macd + hist - , 
code: AWR      day: macd + hist - ,  Week: macd - hist + , Month: macd - hist - , 
code: NXST     day: macd + hist + ,  Week: macd - hist + , Month: macd - hist - , 
code: EXPO     day: macd + hist + ,  Week: macd - hist + , Month: macd - hist - , 
code: TECL     day: macd + hist - , 
code: NEO      day: macd + hist - , 
code: NEO      day: macd + hist - ,  Week: macd + hist - , 
code: NVMI     day: macd + hist - , 
code: BBDC     day: macd - hist - , 
code: BBDC     day: macd - hist - ,  Week: macd + hist - , 
code: ROK      day: macd + hist + ,  Week: macd + hist + , Month: macd + hist - , 
code: ZYXI     day: macd + hist + ,  Week: macd + hist + , Month: macd - hist - , 
code: LIT      day: macd + hist + ,  Week: macd - hist + , Month: macd - hist - , 
code: LLY      day: macd - hist + ,  Week: macd + hist - , 
code: GTLB     day: macd + hist - , 
code: MCD      day: macd + hist - , 
code: MCD      day: macd + hist - ,  Week: macd + hist + , Month: macd + hist - , 
code: MSI      day: macd - hist - , 
code: MSI      day: macd - hist - ,  Week: macd + hist - , 
code: ON       day: macd + hist + ,  Week: macd - hist + , Month: macd + hist - , 
===========================
profit
===========================
==== plus ====
AMD  , macd +, macd hist +, profit:  [27.18], per:  [22.61], now: [147.41], buy: [120.23]
VDC  , macd +, macd hist +, profit:   [1.43], per:   [0.75], now: [190.96], buy: [189.53]
SPTM , macd +, macd hist -, profit:   [1.87], per:   [3.31], now:  [58.45], buy:  [56.58]
SPLG , macd +, macd hist -, profit:   [1.91], per:   [3.54], now:   [55.9], buy:  [53.99]
AXON , macd +, macd hist +, profit: [120.18], per:  [86.99], now: [258.33], buy: [138.15]
FN   , macd +, macd hist +, profit:  [73.47], per:  [62.87], now: [190.33], buy: [116.86]
TREX , macd +, macd hist +, profit:  [12.79], per:  [18.27], now:  [82.79], buy:    [70.]
RGEN , macd +, macd hist +, profit:   [0.14], per:   [0.08], now:  [179.8], buy: [179.66]
BCPC , macd +, macd hist +, profit:  [11.67], per:   [8.51], now: [148.75], buy: [137.08]
TECL , macd +, macd hist -, profit:   [5.97], per:   [9.83], now:  [66.71], buy:  [60.74]
NVMI , macd +, macd hist -, profit:  [22.74], per:  [19.83], now: [137.39], buy: [114.65]
NVDA , macd +, macd hist +, profit: [239.55], per:  [93.69], now: [495.22], buy: [255.67]
ZYXI , macd +, macd hist +, profit:   [4.53], per:  [71.23], now:  [10.89], buy:   [6.36]
LLY  , macd -, macd hist +, profit: [311.92], per:  [115.1], now: [582.92], buy:   [271.]
GTLB , macd +, macd hist -, profit:   [10.2], per:  [19.33], now:  [62.96], buy:  [52.76]
MCD  , macd +, macd hist -, profit:  [43.05], per:  [16.98], now: [296.51], buy: [253.46]
MSI  , macd -, macd hist -, profit:  [61.68], per:  [24.53], now: [313.09], buy: [251.41]
ON   , macd +, macd hist +, profit:  [23.67], per:  [39.54], now:  [83.53], buy:  [59.86]
-
     plus  len:  18
     profit: [973.95], per: [617.01], per/len(p):  [34.28], per/len(p+m):  [16.68]
-
==== minus ====
AAPL , macd +, macd hist -, profit:       [], per:       [], now: [192.53], buy:       []
EL   , macd +, macd hist +, profit: [-193.5], per: [-56.95], now: [146.25], buy: [339.75]
NEE  , macd +, macd hist -, profit: [-24.59], per: [-28.82], now:  [60.74], buy:  [85.33]
APH  , macd +, macd hist -, profit:       [], per:       [], now:  [99.13], buy:       []
XLP  , macd +, macd hist +, profit:  [-0.55], per:  [-0.76], now:  [72.03], buy:  [72.58]
SPXL , macd +, macd hist -, profit: [-26.24], per: [-20.15], now: [103.99], buy: [130.23]
KEYS , macd +, macd hist -, profit: [-26.97], per:  [-14.5], now: [159.09], buy: [186.06]
CROX , macd +, macd hist -, profit: [-84.01], per: [-47.35], now:  [93.41], buy: [177.42]
AWR  , macd +, macd hist -, profit:       [], per:       [], now:  [80.42], buy:       []
NXST , macd +, macd hist +, profit:  [-5.75], per:  [-3.54], now: [156.75], buy:  [162.5]
EXPO , macd +, macd hist +, profit: [-13.07], per: [-12.93], now:  [88.04], buy: [101.11]
SOXL , macd +, macd hist +, profit: [-10.69], per:  [-25.4], now:   [31.4], buy:  [42.09]
NEO  , macd +, macd hist -, profit:  [-1.66], per:   [-9.3], now:  [16.18], buy:  [17.84]
BBDC , macd -, macd hist -, profit:  [-2.02], per: [-19.06], now:   [8.58], buy:   [10.6]
APPS , macd +, macd hist +, profit: [-36.81], per: [-84.29], now:   [6.86], buy:  [43.67]
ROK  , macd +, macd hist +, profit: [-31.41], per:  [-9.19], now: [310.48], buy: [341.89]
NHTC , macd +, macd hist +, profit:  [-1.31], per: [-18.27], now:   [5.86], buy:   [7.17]
LIT  , macd +, macd hist +, profit: [-40.97], per: [-44.58], now:  [50.94], buy:  [91.91]
HCP  , macd +, macd hist +, profit: [-30.66], per: [-56.46], now:  [23.64], buy:   [54.3]
-
     minus len:  19
     profit:       [], per:       [], per/len(m):       [], per/len(p+m):       []
-
==== total ====
     profit:       [], per:       [], per/len(p+m):       []
arg[0]: scraping/yahoo-finace-api2.py, arg[1]: stock-code-list/up-month.txt
===========================
scraping
===========================
START:  A
END:    0.27869343757629395
-
START:  AAON
END:    0.5369694232940674
-
START:  AAPL
END:    1.2019891738891602
-
START:  ABG
END:    1.4266126155853271
-
START:  ABT
END:    1.9795637130737305
-
START:  ACLS
END:    2.2124440670013428
-
START:  ACMR
END:    2.3392603397369385
-
START:  ACN
END:    2.6998558044433594
-
START:  ADBE
END:    3.125242233276367
-
START:  ADI
END:    3.7191996574401855
-
START:  ADP
END:    4.044973611831665
-
START:  ADSK
END:    4.331172943115234
-
START:  ADUS
END:    4.605855941772461
-
START:  AEE
END:    5.0316972732543945
-
START:  AGYS
END:    5.654937267303467
-
START:  AIZ
END:    5.965121746063232
-
START:  AJG
END:    6.245287656784058
-
START:  AJRD
Not Found: No data found, symbol may be delisted
START:  ALB
END:    6.815038681030273
-
START:  ALG
END:    7.087035894393921
-
START:  ALGN
END:    7.3571555614471436
-
START:  ALLE
END:    7.7233405113220215
-
START:  ALTR
END:    7.83722996711731
-
START:  AMAT
END:    8.357358455657959
-
START:  AMBA
END:    8.637784481048584
-
START:  AMD
END:    8.974365472793579
-
START:  AME
END:    9.370833158493042
-
START:  AMED
END:    9.598543167114258
-
START:  AMEH
END:    9.863801956176758
-
START:  AMGN
END:    10.344615459442139
-
START:  AMN
END:    10.796528816223145
-
START:  AMP
END:    11.064482688903809
-
START:  AMRC
END:    11.237733840942383
-
START:  AMSWA
END:    11.88607120513916
-
START:  AMTX
END:    12.310356140136719
-
START:  AMZN
END:    12.562622308731079
-
START:  AN
END:    12.80391001701355
-
START:  ANSS
END:    13.049572706222534
-
START:  ANTM
Not Found: No data found, symbol may be delisted
START:  AON
END:    13.398906946182251
-
START:  AOSL
END:    13.58122205734253
-
START:  APD
END:    13.889364004135132
-
START:  APH
END:    14.148256301879883
-
START:  APPF
END:    14.28800630569458
-
START:  APPN
END:    14.557262182235718
-
START:  APPS
END:    14.843695402145386
-
START:  AQN
END:    15.214818477630615
-
START:  ARCB
END:    15.485312461853027
-
START:  ARCT
END:    15.833688020706177
-
START:  ARES
END:    15.986093521118164
-
START:  ARGX
END:    16.11051058769226
-
START:  ARWR
END:    16.442192316055298
-
START:  ASML
END:    16.92254066467285
-
START:  ASPN
END:    17.38559317588806
-
START:  ATEC
END:    17.727823495864868
-
START:  ATEN
END:    18.0715970993042
-
START:  ATKR
END:    18.204535484313965
-
START:  ATOM
END:    18.46386480331421
-
START:  ATR
END:    18.876758098602295
-
START:  ATRC
END:    19.277079105377197
-
START:  AUDC
END:    19.596689701080322
-
START:  AUPH
END:    19.742631196975708
-
START:  AVAV
END:    19.943527936935425
-
START:  AVGO
END:    20.545495748519897
-
START:  AVID
END:    20.793449640274048
-
START:  AVNW
END:    21.01174235343933
-
START:  AVXL
END:    21.219195127487183
-
START:  AVY
END:    21.721389293670654
-
START:  AWK
END:    21.93387269973755
-
START:  AWR
END:    22.530288457870483
-
START:  AXON
END:    22.94237494468689
-
START:  AZO
END:    23.277220726013184
-
START:  AZPN
END:    23.599701642990112
-
START:  BAH
END:    23.807400703430176
-
START:  BAM
END:    23.94592785835266
-
START:  BAX
END:    24.336862325668335
-
START:  BBH
END:    24.623435258865356
-
START:  BBQ
END:    24.955538272857666
-
START:  BBY
END:    25.5799560546875
-
START:  BCPC
END:    26.227153301239014
-
START:  BDX
END:    26.639997243881226
-
START:  BEEM
END:    26.942450046539307
-
START:  BFAM
END:    27.215237855911255
-
START:  BFC
END:    27.451039791107178
-
START:  BGFV
END:    27.812127351760864
-
START:  BGNE
END:    27.95165252685547
-
START:  BHVN
END:    28.09706687927246
-
START:  BIO
END:    28.630032539367676
-
START:  BL
END:    28.766666412353516
-
START:  BLD
END:    28.953519105911255
-
START:  BLDP
END:    29.37213397026062
-
START:  BLDR
END:    29.772133111953735
-
START:  BLFS
END:    30.189445972442627
-
START:  BLK
END:    30.673652410507202
-
START:  BLL
Not Found: No data found, symbol may be delisted
START:  BLNK
END:    30.95633101463318
-
START:  BMI
END:    31.45418119430542
-
START:  BOOT
END:    31.647507667541504
-
START:  BOTZ
END:    31.794243812561035
-
START:  BR
END:    32.28060603141785
-
START:  BRKR
END:    32.78551411628723
-
START:  BRKS
Not Found: No data found, symbol may be delisted
START:  BRO
END:    33.23351454734802
-
START:  BURL
END:    33.39184904098511
-
START:  BX
END:    33.99743866920471
-
START:  CABO
END:    34.436253786087036
-
START:  CACI
END:    34.74258255958557
-
START:  CALX
END:    34.95656943321228
-
START:  CAMT
END:    35.18996047973633
-
START:  CAR
END:    35.472020864486694
-
START:  CBRE
END:    36.09258842468262
-
START:  CBSH
END:    36.451239347457886
-
START:  CBZ
END:    36.947351694107056
-
START:  CCOI
END:    37.19865155220032
-
START:  CCS
END:    37.38308024406433
-
START:  CDMO
END:    37.63971948623657
-
START:  CDNA
END:    37.988614082336426
-
START:  CDNS
END:    38.610050439834595
-
START:  CDW
END:    38.96558594703674
-
START:  CELH
END:    39.2893488407135
-
START:  CGNX
END:    39.82696795463562
-
START:  CHD
END:    40.3607714176178
-
START:  CHDN
END:    40.85966467857361
-
START:  CHE
END:    41.19092082977295
-
START:  CHGG
END:    41.47358584403992
-
START:  CHH
END:    41.73425602912903
-
START:  CHKP
END:    41.981069564819336
-
START:  CHTR
END:    42.173917293548584
-
START:  CIEN
END:    42.40908694267273
-
START:  CLAR
END:    42.636844635009766
-
START:  CLFD
END:    42.87366962432861
-
START:  CLGN
END:    43.180121660232544
-
START:  CLNE
END:    43.39050507545471
-
START:  CLPT
END:    43.62918210029602
-
START:  CLX
END:    44.189345359802246
-
START:  CMCSA
END:    44.47936272621155
-
START:  CMG
END:    45.0465886592865
-
START:  CMS
END:    45.431309938430786
-
START:  CNC
END:    45.66060996055603
-
START:  CNI
END:    45.9266722202301
-
START:  CNMD
END:    46.411571741104126
-
START:  CNS
END:    46.92797660827637
-
START:  CNXN
END:    47.523483753204346
-
START:  COO
END:    48.03359889984131
-
START:  COST
END:    48.65785098075867
-
START:  COUP
Not Found: No data found, symbol may be delisted
START:  COWN
Not Found: No data found, symbol may be delisted
START:  CP
END:    49.23394727706909
-
START:  CPK
END:    49.53243923187256
-
START:  CPRT
END:    49.91734027862549
-
START:  CPSH
END:    50.221731185913086
-
START:  CRAI
END:    50.72323036193848
-
START:  CREE
Not Found: No data found, symbol may be delisted
START:  CRL
END:    51.37793803215027
-
START:  CRM
END:    51.71623754501343
-
START:  CRMT
END:    52.18160128593445
-
START:  CROX
END:    52.570342779159546
-
START:  CRSP
END:    52.821016788482666
-
START:  CRVL
END:    53.07390069961548
-
START:  CSGP
END:    53.660696029663086
-
START:  CSL
END:    54.160972118377686
-
START:  CSWI
END:    54.48587679862976
-
START:  CSX
END:    54.956799030303955
-
START:  CTAS
END:    55.256486892700195
-
START:  CTLT
END:    55.59508204460144
-
START:  CTRN
END:    56.118622064590454
-
START:  CURE
END:    56.348530530929565
-
START:  CVCO
END:    56.64181184768677
-
START:  CVNA
END:    56.88993215560913
-
START:  CWST
END:    57.217005014419556
-
START:  CWT
END:    57.784958839416504
-
START:  CXSE
END:    58.05229949951172
-
START:  CYBR
END:    58.20414400100708
-
START:  CYRX
END:    58.68467116355896
-
START:  CYTK
END:    58.98463988304138
-
START:  DAC
END:    59.579749584198
-
START:  DAR
END:    59.808764934539795
-
START:  DAVA
END:    60.05594348907471
-
START:  DDS
END:    60.52153253555298
-
START:  DE
END:    60.92174983024597
-
START:  DECK
END:    61.418315172195435
-
START:  DELL
END:    61.7449471950531
-
START:  DFIN
END:    62.105863094329834
-
START:  DG
END:    62.309184074401855
-
START:  DGRW
END:    62.58358860015869
-
START:  DHI
END:    62.865581035614014
-
START:  DHR
END:    63.53178691864014
-
START:  DIA
END:    64.0229229927063
-
START:  DIOD
END:    64.31817150115967
-
START:  DIS
END:    64.7224018573761
-
START:  DKS
END:    65.2165858745575
-
START:  DLN
END:    65.46799373626709
-
START:  DNLI
END:    65.58632230758667
-
START:  DOMO
END:    65.70140862464905
-
START:  DOV
END:    66.22254514694214
-
START:  DPZ
END:    66.69784784317017
-
START:  DQ
END:    67.05282378196716
-
START:  DRD
END:    67.3091688156128
-
START:  DRIO
END:    67.48541045188904
-
START:  DRNA
Not Found: No data found, symbol may be delisted
START:  DSGX
END:    67.80065584182739
-
START:  DVAX
END:    68.0582869052887
-
START:  DXCM
END:    68.52794766426086
-
START:  ECL
END:    68.82422518730164
-
START:  EFX
END:    69.34931564331055
-
START:  EGAN
END:    69.5757462978363
-
START:  EHC
END:    70.06303143501282
-
START:  EL
END:    70.34052753448486
-
START:  ENPH
END:    70.80330967903137
-
START:  ENSG
END:    71.30457496643066
-
START:  ENTG
END:    71.71571707725525
-
START:  ENV
END:    72.08791708946228
-
START:  EPAM
END:    72.2597005367279
-
START:  ERIE
END:    72.65731310844421
-
START:  ES
END:    73.4875636100769
-
START:  ESE
END:    73.77761220932007
-
START:  ETN
END:    74.0914077758789
-
START:  ETSY
END:    74.41166758537292
-
START:  EVBG
END:    74.61705017089844
-
START:  EVTC
END:    74.7951717376709
-
START:  EW
END:    75.03305840492249
-
START:  EWT
END:    75.29787039756775
-
START:  EXAS
END:    75.60599088668823
-
START:  EXLS
END:    75.92144751548767
-
START:  EXPD
END:    76.46824479103088
-
START:  EXPI
END:    76.73055362701416
-
START:  EXPO
END:    77.09020042419434
-
START:  FAST
END:    77.59666466712952
-
START:  FATE
END:    77.9596655368805
-
START:  FB
Not Found: No data found, symbol may be delisted
START:  FCN
END:    78.70256304740906
-
START:  FCX
END:    79.34624290466309
-
START:  FDN
END:    79.6743700504303
-
START:  FDS
END:    79.94876861572266
-
START:  FELE
END:    80.34619140625
-
START:  FFIN
END:    80.64540243148804
-
START:  FICO
END:    81.27648305892944
-
START:  FINX
END:    81.410977602005
-
START:  FIS
END:    81.66876459121704
-
START:  FISV
Not Found: No data found, symbol may be delisted
START:  FIVE
END:    81.94109320640564
-
START:  FIVN
END:    82.09682011604309
-
START:  FLGT
END:    82.23412370681763
-
START:  FLT
END:    82.59418511390686
-
START:  FLWS
END:    82.98547053337097
-
START:  FN
END:    83.25491952896118
-
START:  FND
END:    83.42088341712952
-
START:  FNV
END:    83.79129362106323
-
START:  FORM
END:    84.1114604473114
-
START:  FOXF
END:    84.27308106422424
-
START:  FPX
END:    84.87871813774109
-
START:  FRC
Not Found: No data found, symbol may be delisted
START:  FRHC
END:    85.23502206802368
-
START:  FRPT
END:    85.43063879013062
-
START:  FSS
END:    85.71774196624756
-
START:  FTNT
END:    86.17471957206726
-
START:  FUV
END:    86.29306030273438
-
START:  GDEN
END:    86.63628959655762
-
START:  GFI
END:    87.03017258644104
-
START:  GGG
END:    87.67625331878662
-
START:  GIB
END:    88.07796382904053
-
START:  GLDD
END:    88.28758525848389
-
START:  GLOB
END:    88.43750524520874
-
START:  GMAB
END:    88.82307481765747
-
START:  GME
END:    89.31738781929016
-
START:  GMED
END:    89.67381167411804
-
START:  GNRC
END:    89.86689162254333
-
START:  GNSS
END:    90.37825989723206
-
START:  GNTX
END:    90.66578364372253
-
START:  GOLF
END:    90.8179657459259
-
START:  GOOG
END:    91.31524205207825
-
START:  GOOGL
END:    91.90064024925232
-
START:  GPI
END:    92.41115808486938
-
START:  GPN
END:    92.68692088127136
-
START:  GRBK
END:    93.12373971939087
-
START:  GRMN
END:    93.38789176940918
-
START:  GRVY
END:    93.60219526290894
-
START:  GRWG
END:    93.7627956867218
-
START:  GWRE
END:    94.13101243972778
-
START:  HACK
END:    94.29367661476135
-
START:  HALO
END:    94.78827023506165
-
START:  HCI
END:    95.02510643005371
-
START:  HD
END:    95.34133958816528
-
START:  HEI
END:    95.84717583656311
-
START:  HELE
END:    96.17439699172974
-
START:  HIBB
END:    96.45671439170837
-
START:  HLI
END:    96.6218090057373
-
START:  HLT
END:    96.7919192314148
-
START:  HOLX
END:    97.32663154602051
-
START:  HON
END:    97.77531099319458
-
START:  HOV
END:    98.09643268585205
-
START:  HRC
Not Found: No data found, symbol may be delisted
START:  HRI
END:    98.546302318573
-
START:  HSKA
Not Found: No data found, symbol may be delisted
START:  HTHT
END:    99.00513887405396
-
START:  HUBS
END:    99.17123818397522
-
START:  HUM
END:    99.6779158115387
-
START:  HZNP
Not Found: No data found, symbol may be delisted
START:  IAC
END:    100.0522255897522
-
START:  IBP
END:    100.3870165348053
-
START:  ICE
END:    100.62087893486023
-
START:  ICLN
END:    100.83740901947021
-
START:  ICLR
END:    101.0581305027008
-
START:  IDT
END:    101.54174971580505
-
START:  IDXX
END:    102.02856111526489
-
START:  IESC
END:    102.3503246307373
-
START:  IEX
END:    102.63325428962708
-
START:  ILMN
END:    102.88557291030884
-
START:  INFO
Not Found: No data found, symbol may be delisted
START:  INOV
END:    103.21133804321289
-
START:  INSP
END:    103.33662247657776
-
START:  INTC
END:    103.61556601524353
-
START:  INTU
END:    103.95967507362366
-
START:  INTZ
END:    104.18678188323975
-
START:  INVE
END:    104.49461054801941
-
START:  IOO
END:    104.76360988616943
-
START:  IQV
END:    104.90623807907104
-
START:  IRDM
END:    105.15737581253052
-
START:  IRMD
END:    105.4891767501831
-
START:  ISEE
Not Found: No data found, symbol may be delisted
START:  ISRG
END:    106.18396615982056
-
START:  IT
END:    106.42223334312439
-
START:  ITT
END:    106.69954371452332
-
START:  ITW
END:    107.29173040390015
-
START:  IVOG
END:    107.48293566703796
-
START:  IVV
END:    107.9871780872345
-
START:  IXJ
END:    108.4977695941925
-
START:  IXN
END:    109.02116179466248
-
START:  J
END:    109.27395486831665
-
START:  JBL
END:    109.87990856170654
-
START:  JBSS
END:    110.1602942943573
-
START:  JD
END:    110.49220418930054
-
START:  JKHY
END:    110.87475609779358
-
START:  JKS
END:    111.06198000907898
-
START:  JNJ
END:    111.37569904327393
-
START:  JOE
END:    111.70963859558105
-
START:  JOUT
END:    112.18505620956421
-
START:  JYNT
END:    112.38651871681213
-
START:  KAI
END:    112.63070964813232
-
START:  KBH
END:    113.18626546859741
-
START:  KBR
END:    113.6086003780365
-
START:  KDMN
Not Found: No data found, symbol may be delisted
START:  KEYS
END:    113.8211498260498
-
START:  KLAC
END:    114.14526605606079
-
START:  KLIC
END:    114.4069607257843
-
START:  KMX
END:    114.645836353302
-
START:  KNSL
END:    114.9196662902832
-
START:  KOPN
END:    115.15072226524353
-
START:  KOSS
END:    115.40808773040771
-
START:  KRNT
END:    115.56488156318665
-
START:  KSU
Not Found: No data found, symbol may be delisted
START:  KTOS
END:    115.9199607372284
-
START:  LAC
END:    115.97981810569763
-
START:  LAD
END:    116.30085039138794
-
START:  LANC
END:    116.59647989273071
-
START:  LAWS
Not Found: No data found, symbol may be delisted
START:  LDOS
END:    117.179443359375
-
START:  LFMD
END:    117.48031401634216
-
START:  LGIH
END:    117.9077959060669
-
START:  LH
END:    118.20757412910461
-
START:  LHCG
Not Found: No data found, symbol may be delisted
START:  LHX
END:    118.84786558151245
-
START:  LII
END:    119.1297070980072
-
START:  LIN
END:    119.48507118225098
-
START:  LINC
END:    119.70971894264221
-
START:  LIT
END:    120.01318311691284
-
START:  LLY
END:    120.42223072052002
-
START:  LMT
END:    120.92738819122314
-
START:  LNT
END:    121.19288682937622
-
START:  LOB
END:    121.3806562423706
-
START:  LOGI
END:    121.98818731307983
-
START:  LOVE
END:    122.10902976989746
-
START:  LOW
END:    122.68880224227905
-
START:  LPLA
END:    122.8966417312622
-
START:  LPSN
END:    123.1313226222992
-
START:  LQDT
END:    123.56879138946533
-
START:  LRCX
END:    124.07136845588684
-
START:  LSCC
END:    124.46555638313293
-
START:  LSTR
END:    124.75301623344421
-
START:  LULU
END:    124.96581983566284
-
START:  LUNA
END:    125.17640519142151
-
START:  MA
END:    125.65125823020935
-
START:  MANH
END:    125.90735149383545
-
START:  MANT
Not Found: No data found, symbol may be delisted
START:  MARA
END:    126.40569686889648
-
START:  MASI
END:    126.68468284606934
-
START:  MATX
END:    127.5654149055481
-
START:  MBUU
END:    127.84050273895264
-
START:  MCD
END:    128.32723665237427
-
START:  MCHP
END:    128.5893359184265
-
START:  MCO
END:    129.1104290485382
-
START:  MDB
END:    129.37935090065002
-
START:  MDT
END:    129.73815608024597
-
START:  MEDP
END:    129.96004247665405
-
START:  MEDS
END:    130.1009361743927
-
START:  MELI
END:    130.76891708374023
-
START:  MGC
END:    131.2197391986847
-
START:  MGIC
END:    131.46905255317688
-
START:  MGK
END:    132.07782411575317
-
START:  MGNI
END:    132.22366333007812
-
START:  MHO
END:    132.63611245155334
-
START:  MIME
Not Found: No data found, symbol may be delisted
START:  MITK
END:    133.066330909729
-
START:  MKC
END:    133.59047174453735
-
START:  MKSI
END:    134.11678266525269
-
START:  MKTX
END:    134.54417943954468
-
START:  MLAB
END:    134.80826115608215
-
START:  MLR
END:    135.06462144851685
-
START:  MMC
END:    135.63837695121765
-
START:  MMS
END:    136.13720989227295
-
START:  MNMD
END:    136.3975510597229
-
START:  MNST
END:    136.66746163368225
-
START:  MODN
END:    136.8220992088318
-
START:  MODV
END:    137.40863919258118
-
START:  MOH
END:    137.81004405021667
-
START:  MORN
END:    138.27483344078064
-
START:  MPWR
END:    138.75701904296875
-
START:  MRTX
END:    139.0870623588562
-
START:  MRVL
END:    139.35524487495422
-
START:  MS
END:    139.63579654693604
-
START:  MSA
END:    139.936270236969
-
START:  MSCI
END:    140.14833331108093
-
START:  MSEX
END:    140.64393758773804
-
START:  MSFT
END:    140.91203689575195
-
START:  MSI
END:    141.7142837047577
-
START:  MSTR
END:    142.29728198051453
-
START:  MTBC
Not Found: No data found, symbol may be delisted
START:  MTCH
END:    142.6057631969452
-
START:  MTD
END:    142.82456469535828
-
START:  MTEX
END:    143.18595504760742
-
START:  MTH
END:    143.48760533332825
-
START:  MTLS
END:    143.7226049900055
-
START:  MTSI
END:    143.89245772361755
-
START:  MU
END:    144.2696762084961
-
START:  MUSA
END:    144.62115931510925
-
START:  MVIS
END:    145.04308438301086
-
START:  MXL
END:    145.33997106552124
-
START:  MYRG
END:    145.83050560951233
-
START:  NBIX
END:    146.29498934745789
-
START:  NCBS
Not Found: No data found, symbol may be delisted
START:  NDAQ
END:    146.77610969543457
-
START:  NDSN
END:    147.49101424217224
-
START:  NEE
END:    148.07579517364502
-
START:  NEO
END:    148.38572549819946
-
START:  NEOG
END:    149.15852975845337
-
START:  NFLX
END:    149.55375742912292
-
START:  NICE
END:    149.80234122276306
-
START:  NISN
END:    149.9873194694519
-
START:  NKE
END:    150.32790732383728
-
START:  NOVT
END:    150.80377507209778
-
START:  NOW
END:    151.26180505752563
-
START:  NSC
END:    151.65678763389587
-
START:  NSIT
END:    152.15631484985352
-
START:  NSSC
END:    152.63915181159973
-
START:  NSTG
END:    152.80418276786804
-
START:  NTLA
END:    152.9504942893982
-
START:  NTRA
END:    153.1059970855713
-
START:  NUAN
Not Found: No data found, symbol may be delisted
START:  NVCR
END:    153.54222702980042
-
START:  NVDA
END:    153.79936599731445
-
START:  NVMI
END:    154.19310355186462
-
START:  NVO
END:    154.4812207221985
-
START:  NVR
END:    155.08223009109497
-
START:  NXST
END:    155.42809581756592
-
START:  NYT
END:    155.96873927116394
-
START:  OBCI
Not Found: No data found, symbol may be delisted
START:  ODFL
END:    156.27111291885376
-
START:  OEF
END:    156.89616632461548
-
START:  OFLX
END:    157.37654662132263
-
START:  OLED
END:    157.87019562721252
-
START:  OMCL
END:    158.10127758979797
-
START:  ON
END:    158.3385865688324
-
START:  OOMA
END:    158.66800236701965
-
START:  OPRX
END:    159.0359468460083
-
START:  ORA
END:    159.29970335960388
-
START:  ORCL
END:    159.55964851379395
-
START:  ORLY
END:    159.90094590187073
-
START:  ORMP
END:    160.2947974205017
-
START:  OTEX
END:    160.5520043373108
-
START:  PACB
END:    160.72015357017517
-
START:  PAG
END:    160.98352646827698
-
START:  PANW
END:    161.14792323112488
-
START:  PAR
END:    161.59132766723633
-
START:  PAYC
END:    162.02901315689087
-
START:  PAYX
END:    162.54429173469543
-
START:  PBD
END:    162.95336842536926
-
START:  PCTY
END:    163.22684383392334
-
START:  PEGA
END:    163.51616311073303
-
START:  PEN
END:    163.7735333442688
-
START:  PENN
END:    164.04701328277588
-
START:  PEP
END:    164.56963801383972
-
START:  PERI
END:    164.8032305240631
-
START:  PFSI
END:    165.0074782371521
-
START:  PGR
END:    165.34206867218018
-
START:  PH
END:    165.8884632587433
-
START:  PHM
END:    166.2079131603241
-
START:  PKI
Not Found: No data found, symbol may be delisted
START:  PLL
END:    166.463960647583
-
START:  PLNT
END:    166.7785985469818
-
START:  PLUG
END:    167.20942664146423
-
START:  PLXS
END:    167.66417145729065
-
START:  PODD
END:    167.87206292152405
-
START:  POOL
END:    168.41757583618164
-
START:  POWI
END:    168.6852993965149
-
START:  PRFT
END:    169.17443418502808
-
START:  PRI
END:    169.3897249698639
-
START:  PRTA
END:    169.55976128578186
-
START:  PRTS
END:    169.81468510627747
-
START:  PTSI
END:    170.2027566432953
-
START:  PWR
END:    170.64149570465088
-
START:  PYPL
END:    170.84677815437317
-
START:  QADA
Not Found: No data found, symbol may be delisted
START:  QCLN
END:    171.3350694179535
-
START:  QDEL
END:    171.56778502464294
-
START:  QGEN
END:    172.02445125579834
-
START:  QLYS
END:    172.45839500427246
-
START:  QQQ
END:    172.9349226951599
-
START:  QRVO
END:    173.15993642807007
-
START:  QTWO
END:    173.31992173194885
-
START:  RADA
Not Found: No data found, symbol may be delisted
START:  RAMP
END:    173.79366946220398
-
START:  RBA
END:    174.22380828857422
-
START:  RCII
Not Found: No data found, symbol may be delisted
START:  RCKY
END:    174.58492255210876
-
START:  RDNT
END:    174.8933334350586
-
START:  RDVT
END:    175.18252420425415
-
START:  RDWR
END:    175.64124584197998
-
START:  REGI
END:    175.97865772247314
-
START:  RENN
Not Found: No data found, symbol may be delisted
START:  RGEN
END:    176.6389639377594
-
START:  RH
END:    176.8032898902893
-
START:  RILY
END:    177.2060477733612
-
START:  RIOT
END:    177.5260832309723
-
START:  RLI
END:    177.86111211776733
-
START:  RLMD
END:    178.28029108047485
-
START:  RMD
END:    178.8969304561615
-
START:  RNG
END:    179.35163116455078
-
START:  ROBO
END:    179.69056749343872
-
START:  ROCK
END:    180.03586149215698
-
START:  ROK
END:    180.5684266090393
-
START:  ROKU
END:    180.8334984779358
-
START:  ROL
END:    181.14025354385376
-
START:  ROP
END:    181.44038891792297
-
START:  ROST
END:    181.91311597824097
-
START:  RPD
END:    182.0931990146637
-
START:  RPM
END:    182.4488070011139
-
START:  RSG
END:    182.94415760040283
-
START:  RTH
END:    183.77744245529175
-
START:  RUN
END:    183.92241978645325
-
START:  RXI
END:    184.25315690040588
-
START:  SAIA
END:    184.84779834747314
-
START:  SAIC
END:    185.2886130809784
-
START:  SAM
END:    185.53320407867432
-
START:  SAVA
END:    186.00261306762695
-
START:  SCI
END:    186.6613414287567
-
START:  SCL
END:    187.26360297203064
-
START:  SE
END:    187.5864610671997
-
START:  SEAS
END:    187.76856327056885
-
START:  SEDG
END:    188.18896508216858
-
START:  SFBS
END:    188.55745673179626
-
START:  SGEN
END:    188.7924816608429
-
START:  SGMS
Not Found: No data found, symbol may be delisted
START:  SGRY
END:    189.17711901664734
-
START:  SHOP
END:    189.52425456047058
-
START:  SHW
END:    189.8831307888031
-
START:  SHYF
END:    190.3946831226349
-
START:  SITE
END:    190.65131187438965
-
START:  SIVB
Not Found: No data found, symbol may be delisted
START:  SJW
END:    191.3457601070404
-
START:  SKY
END:    191.69457745552063
-
START:  SLAB
END:    192.04225873947144
-
START:  SLP
END:    192.664564371109
-
START:  SMH
END:    192.94899010658264
-
START:  SMTC
END:    193.18330430984497
-
START:  SNAP
END:    193.31260752677917
-
START:  SNPS
END:    193.551575422287
-
START:  SOCL
END:    193.82734441757202
-
START:  SOXL
END:    194.03333139419556
-
START:  SPGI
END:    194.35576915740967
-
START:  SPLG
END:    194.82310914993286
-
START:  SPLK
END:    195.07228302955627
-
START:  SPNS
END:    195.55253911018372
-
START:  SPSC
END:    195.83966946601868
-
START:  SPTM
END:    196.12415218353271
-
START:  SPWH
END:    196.2653784751892
-
START:  SPWR
END:    196.66309714317322
-
START:  SPXC
END:    196.95901894569397
-
START:  SPXL
END:    197.29685974121094
-
START:  SPY
END:    197.94658064842224
-
START:  SPYG
END:    198.33725786209106
-
START:  SQ
END:    198.56416273117065
-
START:  SSD
END:    198.92896962165833
-
START:  SSNC
END:    199.29455184936523
-
START:  SSTK
END:    199.7568006515503
-
START:  STAA
END:    200.3478488922119
-
START:  STE
END:    200.8551709651947
-
START:  SUSA
END:    201.3460373878479
-
START:  SYK
END:    201.78701090812683
-
START:  SYNA
END:    202.27780294418335
-
START:  TBBK
END:    202.6784269809723
-
START:  TBK
Not Found: No data found, symbol may be delisted
START:  TDG
END:    202.97176027297974
-
START:  TDOC
END:    203.1047031879425
-
START:  TDY
END:    203.34471321105957
-
START:  TEAM
END:    203.75548720359802
-
START:  TECH
END:    204.01611304283142
-
START:  TECL
END:    204.68136429786682
-
START:  TER
END:    204.95860505104065
-
START:  TFX
END:    205.4260311126709
-
START:  TGH
END:    205.7234706878662
-
START:  TGLS
END:    205.91170978546143
-
START:  TGT
END:    206.43415236473083
-
START:  TGTX
END:    206.89339876174927
-
START:  THC
END:    207.14790081977844
-
START:  TJX
END:    207.4630365371704
-
START:  TMO
END:    207.975200176239
-
START:  TMUS
END:    208.33347272872925
-
START:  TNDM
END:    208.68068981170654
-
START:  TNET
END:    208.94763708114624
-
START:  TPX
END:    209.3189058303833
-
START:  TREX
END:    209.56385827064514
-
START:  TRI
END:    210.06545567512512
-
START:  TRIL
Not Found: No data found, symbol may be delisted
START:  TRMB
END:    210.35492181777954
-
START:  TRNS
END:    210.68714499473572
-
START:  TROW
END:    211.04610753059387
-
START:  TRU
END:    211.2748086452484
-
START:  TRUP
END:    211.4297480583191
-
START:  TSCO
END:    211.68173480033875
-
START:  TSLA
END:    212.16256833076477
-
START:  TSM
END:    212.85663557052612
-
START:  TT
END:    213.5242235660553
-
START:  TTC
END:    213.81565809249878
-
START:  TTD
END:    214.03672790527344
-
START:  TTEC
END:    214.51985907554626
-
START:  TTEK
END:    214.87303233146667
-
START:  TTGT
END:    215.4604823589325
-
START:  TTWO
END:    215.8514425754547
-
START:  TWLO
END:    216.16137051582336
-
START:  TXN
END:    216.57608652114868
-
START:  TYL
END:    216.899747133255
-
START:  UCTT
END:    217.2933235168457
-
START:  UFPI
END:    217.66738104820251
-
START:  UFPT
END:    218.18828320503235
-
START:  UI
END:    218.57220268249512
-
START:  UMC
END:    218.9358048439026
-
START:  UNF
END:    219.21652936935425
-
START:  UNH
END:    219.71674513816833
-
START:  UNP
END:    220.05038714408875
-
START:  UPLD
END:    220.19325256347656
-
START:  URI
END:    220.51737904548645
-
START:  V
END:    220.74985790252686
-
START:  VALU
END:    221.0256826877594
-
START:  VBK
END:    221.64808201789856
-
START:  VCEL
END:    221.87832927703857
-
START:  VCR
END:    222.24166750907898
-
START:  VCTR
END:    222.36917853355408
-
START:  VCYT
END:    222.54347825050354
-
START:  VDC
END:    222.82504677772522
-
START:  VEEV
END:    223.07308840751648
-
START:  VERU
END:    223.31008434295654
-
START:  VGT
END:    223.59452390670776
-
START:  VHT
END:    223.94515466690063
-
START:  VIAV
END:    224.62552428245544
-
START:  VICR
END:    225.10138177871704
-
START:  VIG
END:    225.3431875705719
-
START:  VO
END:    225.97862696647644
-
START:  VONE
END:    226.47338843345642
-
START:  VONG
END:    226.86403441429138
-
START:  VOO
END:    227.09665369987488
-
START:  VOOG
END:    227.58394384384155
-
START:  VOOV
END:    227.79480981826782
-
START:  VOT
END:    228.037358045578
-
START:  VPU
END:    228.2983853816986
-
START:  VRNS
END:    228.45416927337646
-
START:  VRSK
END:    228.6654942035675
-
START:  VRSN
END:    228.89154028892517
-
START:  VRTV
END:    229.044527053833
-
START:  VSTO
END:    229.40061330795288
-
START:  VTHR
END:    229.60358119010925
-
START:  VTI
END:    230.22988605499268
-
START:  VTNR
END:    230.45346570014954
-
START:  VTWG
END:    230.97214579582214
-
START:  VUG
END:    231.21638798713684
-
START:  VV
END:    231.48906993865967
-
START:  VXF
END:    231.93702244758606
-
START:  WCN
END:    232.54246377944946
-
START:  WD
END:    232.72644233703613
-
START:  WDAY
END:    232.8958878517151
-
START:  WDFC
END:    233.18511414527893
-
START:  WEC
END:    233.47761821746826
-
START:  WEN
END:    234.11427068710327
-
START:  WINA
END:    234.628098487854
-
START:  WING
END:    235.0864942073822
-
START:  WIRE
END:    235.71845960617065
-
START:  WIX
END:    235.87651801109314
-
START:  WK
END:    236.03209161758423
-
START:  WLTW
Not Found: No data found, symbol may be delisted
START:  WM
END:    236.8955237865448
-
START:  WMS
END:    237.244286775589
-
START:  WNS
END:    237.6799499988556
-
START:  WRB
END:    237.99676299095154
-
START:  WSC
END:    238.1379451751709
-
START:  WSM
END:    238.68066906929016
-
START:  WST
END:    239.23070073127747
-
START:  WTRG
END:    239.61884188652039
-
START:  WTS
END:    240.12995266914368
-
START:  XEL
END:    240.4395306110382
-
START:  XENE
END:    240.58254742622375
-
START:  XLK
END:    240.8824028968811
-
START:  XLNX
Not Found: No data found, symbol may be delisted
START:  XLP
END:    241.45604801177979
-
START:  XLRN
Not Found: No data found, symbol may be delisted
START:  XLU
END:    241.85057735443115
-
START:  XLV
END:    242.35598802566528
-
START:  XLY
END:    242.63641786575317
-
START:  XYL
END:    243.0009274482727
-
START:  YNDX
END:    243.44915008544922
-
START:  YORW
END:    243.71304059028625
-
START:  YUM
END:    243.99905800819397
-
START:  Z
END:    244.31339979171753
-
START:  ZBRA
END:    244.9130985736847
-
START:  ZEN
Not Found: No data found, symbol may be delisted
START:  ZLAB
END:    245.3887164592743
-
START:  ZNGA
Not Found: No data found, symbol may be delisted
START:  ZS
END:    245.5658369064331
-
START:  ZTS
END:    245.72338199615479
-
START:  ZYXI
END:    246.03878211975098
-
===========================
MACD golden cross
===========================
START:  code
START:  A
START:  AAON
START:  AAPL
START:  ABG
START:  ABT
START:  ACLS
START:  ACMR
START:  ACN
START:  ADBE
START:  ADI
START:  ADP
START:  ADSK
START:  ADUS
START:  AEE
START:  AGYS
START:  AIZ
START:  AJG
START:  AJRD
START:  ALB
START:  ALG
START:  ALGN
START:  ALLE
START:  ALTR
START:  AMAT
START:  AMBA
START:  AMD
START:  AME
START:  AMED
START:  AMEH
START:  AMGN
START:  AMN
START:  AMP
START:  AMRC
START:  AMSWA
START:  AMTX
START:  AMZN
START:  AN
START:  ANSS
START:  ANTM
START:  AON
START:  AOSL
START:  APD
START:  APH
START:  APPF
START:  APPN
START:  APPS
START:  AQN
START:  ARCB
START:  ARCT
START:  ARES
START:  ARGX
START:  ARWR
START:  ASML
START:  ASPN
START:  ATEC
START:  ATEN
START:  ATKR
START:  ATOM
START:  ATR
START:  ATRC
START:  AUDC
START:  AUPH
START:  AVAV
START:  AVGO
START:  AVID
START:  AVNW
START:  AVXL
START:  AVY
START:  AWK
START:  AWR
START:  AXON
START:  AZO
START:  AZPN
START:  BAH
START:  BAM
START:  BAX
START:  BBH
START:  BBQ
START:  BBY
START:  BCPC
START:  BDX
START:  BEEM
START:  BFAM
START:  BFC
START:  BGFV
START:  BGNE
START:  BHVN
START:  BIO
START:  BL
START:  BLD
START:  BLDP
START:  BLDR
START:  BLFS
START:  BLK
START:  BLL
START:  BLNK
START:  BMI
START:  BOOT
START:  BOTZ
START:  BR
START:  BRKR
START:  BRKS
START:  BRO
START:  BURL
START:  BX
START:  CABO
START:  CACI
START:  CALX
START:  CAMT
START:  CAR
START:  CBRE
START:  CBSH
START:  CBZ
START:  CCOI
START:  CCS
START:  CDMO
START:  CDNA
START:  CDNS
START:  CDW
START:  CELH
START:  CGNX
START:  CHD
START:  CHDN
START:  CHE
START:  CHGG
START:  CHH
START:  CHKP
START:  CHTR
START:  CIEN
START:  CLAR
START:  CLFD
START:  CLGN
START:  CLNE
START:  CLPT
START:  CLX
START:  CMCSA
START:  CMG
START:  CMS
START:  CNC
START:  CNI
START:  CNMD
START:  CNS
START:  CNXN
START:  COO
START:  COST
START:  COUP
START:  COWN
START:  CP
START:  CPK
START:  CPRT
START:  CPSH
START:  CRAI
START:  CREE
START:  CRL
START:  CRM
START:  CRMT
START:  CROX
START:  CRSP
START:  CRVL
START:  CSGP
START:  CSL
START:  CSWI
START:  CSX
START:  CTAS
START:  CTLT
START:  CTRN
START:  CURE
START:  CVCO
START:  CVNA
START:  CWST
START:  CWT
START:  CXSE
START:  CYBR
START:  CYRX
START:  CYTK
START:  DAC
START:  DAR
START:  DAVA
START:  DDS
START:  DE
START:  DECK
START:  DELL
START:  DFIN
START:  DG
START:  DGRW
START:  DHI
START:  DHR
START:  DIA
START:  DIOD
START:  DIS
START:  DKS
START:  DLN
START:  DNLI
START:  DOMO
START:  DOV
START:  DPZ
START:  DQ
START:  DRD
START:  DRIO
START:  DRNA
START:  DSGX
START:  DVAX
START:  DXCM
START:  ECL
START:  EFX
START:  EGAN
START:  EHC
START:  EL
START:  ENPH
START:  ENSG
START:  ENTG
START:  ENV
START:  EPAM
START:  ERIE
START:  ES
START:  ESE
START:  ETN
START:  ETSY
START:  EVBG
START:  EVTC
START:  EW
START:  EWT
START:  EXAS
START:  EXLS
START:  EXPD
START:  EXPI
START:  EXPO
START:  FAST
START:  FATE
START:  FB
START:  FCN
START:  FCX
START:  FDN
START:  FDS
START:  FELE
START:  FFIN
START:  FICO
START:  FINX
START:  FIS
START:  FISV
START:  FIVE
START:  FIVN
START:  FLGT
START:  FLT
START:  FLWS
START:  FN
START:  FND
START:  FNV
START:  FORM
START:  FOXF
START:  FPX
START:  FRC
START:  FRHC
START:  FRPT
START:  FSS
START:  FTNT
START:  FUV
START:  GDEN
START:  GFI
START:  GGG
START:  GIB
START:  GLDD
START:  GLOB
START:  GMAB
START:  GME
START:  GMED
START:  GNRC
START:  GNSS
START:  GNTX
START:  GOLF
START:  GOOG
START:  GOOGL
START:  GPI
START:  GPN
START:  GRBK
START:  GRMN
START:  GRVY
START:  GRWG
START:  GWRE
START:  HACK
START:  HALO
START:  HCI
START:  HD
START:  HEI
START:  HELE
START:  HIBB
START:  HLI
START:  HLT
START:  HOLX
START:  HON
START:  HOV
START:  HRC
START:  HRI
START:  HSKA
START:  HTHT
START:  HUBS
START:  HUM
START:  HZNP
START:  IAC
START:  IBP
START:  ICE
START:  ICLN
START:  ICLR
START:  IDT
START:  IDXX
START:  IESC
START:  IEX
START:  ILMN
START:  INFO
START:  INOV
START:  INSP
START:  INTC
START:  INTU
START:  INTZ
START:  INVE
START:  IOO
START:  IQV
START:  IRDM
START:  IRMD
START:  ISEE
START:  ISRG
START:  IT
START:  ITT
START:  ITW
START:  IVOG
START:  IVV
START:  IXJ
START:  IXN
START:  J
START:  JBL
START:  JBSS
START:  JD
START:  JKHY
START:  JKS
START:  JNJ
START:  JOE
START:  JOUT
START:  JYNT
START:  KAI
START:  KBH
START:  KBR
START:  KDMN
START:  KEYS
START:  KLAC
START:  KLIC
START:  KMX
START:  KNSL
START:  KOPN
START:  KOSS
START:  KRNT
START:  KSU
START:  KTOS
START:  LAC
START:  LAD
START:  LANC
START:  LAWS
START:  LDOS
START:  LFMD
START:  LGIH
START:  LH
START:  LHCG
START:  LHX
START:  LII
START:  LIN
START:  LINC
START:  LIT
START:  LLY
START:  LMT
START:  LNT
START:  LOB
START:  LOGI
START:  LOVE
START:  LOW
START:  LPLA
START:  LPSN
START:  LQDT
START:  LRCX
START:  LSCC
START:  LSTR
START:  LULU
START:  LUNA
START:  MA
START:  MANH
START:  MANT
START:  MARA
START:  MASI
START:  MATX
START:  MBUU
START:  MCD
START:  MCHP
START:  MCO
START:  MDB
START:  MDT
START:  MEDP
START:  MEDS
START:  MELI
START:  MGC
START:  MGIC
START:  MGK
START:  MGNI
START:  MHO
START:  MIME
START:  MITK
START:  MKC
START:  MKSI
START:  MKTX
START:  MLAB
START:  MLR
START:  MMC
START:  MMS
START:  MNMD
START:  MNST
START:  MODN
START:  MODV
START:  MOH
START:  MORN
START:  MPWR
START:  MRTX
START:  MRVL
START:  MS
START:  MSA
START:  MSCI
START:  MSEX
START:  MSFT
START:  MSI
START:  MSTR
START:  MTBC
START:  MTCH
START:  MTD
START:  MTEX
START:  MTH
START:  MTLS
START:  MTSI
START:  MU
START:  MUSA
START:  MVIS
START:  MXL
START:  MYRG
START:  NBIX
START:  NCBS
START:  NDAQ
START:  NDSN
START:  NEE
START:  NEO
START:  NEOG
START:  NFLX
START:  NICE
START:  NISN
START:  NKE
START:  NOVT
START:  NOW
START:  NSC
START:  NSIT
START:  NSSC
START:  NSTG
START:  NTLA
START:  NTRA
START:  NUAN
START:  NVCR
START:  NVDA
START:  NVMI
START:  NVO
START:  NVR
START:  NXST
START:  NYT
START:  OBCI
START:  ODFL
START:  OEF
START:  OFLX
START:  OLED
START:  OMCL
START:  ON
START:  OOMA
START:  OPRX
START:  ORA
START:  ORCL
START:  ORLY
START:  ORMP
START:  OTEX
START:  PACB
START:  PAG
START:  PANW
START:  PAR
START:  PAYC
START:  PAYX
START:  PBD
START:  PCTY
START:  PEGA
START:  PEN
START:  PENN
START:  PEP
START:  PERI
START:  PFSI
START:  PGR
START:  PH
START:  PHM
START:  PKI
START:  PLL
START:  PLNT
START:  PLUG
START:  PLXS
START:  PODD
START:  POOL
START:  POWI
START:  PRFT
START:  PRI
START:  PRTA
START:  PRTS
START:  PTSI
START:  PWR
START:  PYPL
START:  QADA
START:  QCLN
START:  QDEL
START:  QGEN
START:  QLYS
START:  QQQ
START:  QRVO
START:  QTWO
START:  RADA
START:  RAMP
START:  RBA
START:  RCII
START:  RCKY
START:  RDNT
START:  RDVT
START:  RDWR
START:  REGI
START:  RENN
START:  RGEN
START:  RH
START:  RILY
START:  RIOT
START:  RLI
START:  RLMD
START:  RMD
START:  RNG
START:  ROBO
START:  ROCK
START:  ROK
START:  ROKU
START:  ROL
START:  ROP
START:  ROST
START:  RPD
START:  RPM
START:  RSG
START:  RTH
START:  RUN
START:  RXI
START:  SAIA
START:  SAIC
START:  SAM
START:  SAVA
START:  SCI
START:  SCL
START:  SE
START:  SEAS
START:  SEDG
START:  SFBS
START:  SGEN
START:  SGMS
START:  SGRY
START:  SHOP
START:  SHW
START:  SHYF
START:  SITE
START:  SIVB
START:  SJW
START:  SKY
START:  SLAB
START:  SLP
START:  SMH
START:  SMTC
START:  SNAP
START:  SNPS
START:  SOCL
START:  SOXL
START:  SPGI
START:  SPLG
START:  SPLK
START:  SPNS
START:  SPSC
START:  SPTM
START:  SPWH
START:  SPWR
START:  SPXC
START:  SPXL
START:  SPY
START:  SPYG
START:  SQ
START:  SSD
START:  SSNC
START:  SSTK
START:  STAA
START:  STE
START:  SUSA
START:  SYK
START:  SYNA
START:  TBBK
START:  TBK
START:  TDG
START:  TDOC
START:  TDY
START:  TEAM
START:  TECH
START:  TECL
START:  TER
START:  TFX
START:  TGH
START:  TGLS
START:  TGT
START:  TGTX
START:  THC
START:  TJX
START:  TMO
START:  TMUS
START:  TNDM
START:  TNET
START:  TPX
START:  TREX
START:  TRI
START:  TRIL
START:  TRMB
START:  TRNS
START:  TROW
START:  TRU
START:  TRUP
START:  TSCO
START:  TSLA
START:  TSM
START:  TT
START:  TTC
START:  TTD
START:  TTEC
START:  TTEK
START:  TTGT
START:  TTWO
START:  TWLO
START:  TXN
START:  TYL
START:  UCTT
START:  UFPI
START:  UFPT
START:  UI
START:  UMC
START:  UNF
START:  UNH
START:  UNP
START:  UPLD
START:  URI
START:  V
START:  VALU
START:  VBK
START:  VCEL
START:  VCR
START:  VCTR
START:  VCYT
START:  VDC
START:  VEEV
START:  VERU
START:  VGT
START:  VHT
START:  VIAV
START:  VICR
START:  VIG
START:  VO
START:  VONE
START:  VONG
START:  VOO
START:  VOOG
START:  VOOV
START:  VOT
START:  VPU
START:  VRNS
START:  VRSK
START:  VRSN
START:  VRTV
START:  VSTO
START:  VTHR
START:  VTI
START:  VTNR
START:  VTWG
START:  VUG
START:  VV
START:  VXF
START:  WCN
START:  WD
START:  WDAY
START:  WDFC
START:  WEC
START:  WEN
START:  WINA
START:  WING
START:  WIRE
START:  WIX
START:  WK
START:  WLTW
START:  WM
START:  WMS
START:  WNS
START:  WRB
START:  WSC
START:  WSM
START:  WST
START:  WTRG
START:  WTS
START:  XEL
START:  XENE
START:  XLK
START:  XLNX
START:  XLP
START:  XLRN
START:  XLU
START:  XLV
START:  XLY
START:  XYL
START:  YNDX
START:  YORW
START:  YUM
START:  Z
START:  ZBRA
START:  ZEN
START:  ZLAB
START:  ZNGA
START:  ZS
START:  ZTS
START:  ZYXI
==== MACD golden cross ====
None
code: ARCB     day: macd + hist + hist_1pre + ,  Week: macd + hist + hist_1pre - , Month: macd + hist + hist_1pre + , 
Trade --> code: ARCB   BUY: 2006-05-31   41.21 SELL: 2007-08-31   35.90  macd:   -0.12 macd_count:  15 profit:  0.87
Trade --> code: ARCB   BUY: 2013-08-31   24.88 SELL: 2015-11-30   24.08  macd:   -0.56 macd_count:  27 profit:  0.97
Trade --> code: ARCB   BUY: 2017-09-30   33.45 SELL: 2019-06-30   28.11  macd:   -0.41 macd_count:  21 profit:  0.84
Trade --> code: ARCB   BUY: 2020-11-30   41.91 SELL: 2023-12-31  120.21  macd:   10.58 macd_count:  38 profit:  2.87

code: CIEN     day: macd - hist + hist_1pre + ,  Week: macd + hist + hist_1pre - , Month: macd - hist - hist_1pre - , 
Trade --> code: CIEN   BUY: 2006-05-31   30.10 SELL: 2008-07-31   20.67  macd:   -0.53 macd_count:  26 profit:  0.69
Trade --> code: CIEN   BUY: 2011-01-31   22.03 SELL: 2011-10-31   13.18  macd:   -0.25 macd_count:   9 profit:  0.60
Trade --> code: CIEN   BUY: 2013-06-30   19.43 SELL: 2015-01-31   18.52  macd:   -0.00 macd_count:  19 profit:  0.95
Trade --> code: CIEN   BUY: 2015-02-28   20.92 SELL: 2016-04-30   16.83  macd:   -0.12 macd_count:  14 profit:  0.80
Trade --> code: CIEN   BUY: 2016-12-31   24.41 SELL: 2022-10-31   47.90  macd:   -0.30 macd_count:  70 profit:  1.96

code: LINC     day: macd + hist + hist_1pre + ,  Week: macd + hist + hist_1pre - , Month: macd + hist + hist_1pre + , 
Trade --> code: LINC   BUY: 2009-03-31   18.32 SELL: 2010-10-31   12.46  macd:   -0.19 macd_count:  19 profit:  0.68
Trade --> code: LINC   BUY: 2017-06-30    3.10 SELL: 2017-12-31    2.02  macd:   -0.03 macd_count:   6 profit:  0.65
Trade --> code: LINC   BUY: 2018-12-31    3.20 SELL: 2019-09-30    2.08  macd:   -0.01 macd_count:   9 profit:  0.65
Trade --> code: LINC   BUY: 2020-02-29    2.95 SELL: 2023-12-31   10.04  macd:    0.72 macd_count:  47 profit:  3.40

code: NUAN     day: macd + hist + hist_1pre + ,  Week: macd + hist + hist_1pre - , Month: macd + hist - hist_1pre - , 
Trade --> code: NUAN   BUY: 2005-11-30    5.38 SELL: 2008-11-30    7.94  macd:   -0.14 macd_count:  36 profit:  1.48
Trade --> code: NUAN   BUY: 2009-12-31   13.44 SELL: 2013-05-31   16.44  macd:   -0.10 macd_count:  41 profit:  1.22
Trade --> code: NUAN   BUY: 2015-11-30   18.11 SELL: 2016-07-31   13.90  macd:   -0.05 macd_count:   8 profit:  0.77
Trade --> code: NUAN   BUY: 2017-05-31   16.01 SELL: 2017-09-30   13.60  macd:   -0.04 macd_count:   4 profit:  0.85
Trade --> code: NUAN   BUY: 2019-04-30   14.56 SELL: 2022-03-31   55.99  macd:    7.14 macd_count:  36 profit:  3.85

code: RCII     day: macd + hist + hist_1pre + ,  Week: macd + hist + hist_1pre - , Month: macd - hist + hist_1pre + , 
Trade --> code: RCII   BUY: 2006-10-31   28.76 SELL: 2007-07-31   19.41  macd:   -0.10 macd_count:   9 profit:  0.67
Trade --> code: RCII   BUY: 2010-03-31   23.65 SELL: 2014-01-31   24.94  macd:   -0.00 macd_count:  46 profit:  1.05
Trade --> code: RCII   BUY: 2018-12-31   16.19 SELL: 2022-05-31   27.54  macd:   -0.82 macd_count:  41 profit:  1.70

code: TJX      day: macd + hist + hist_1pre + ,  Week: macd + hist + hist_1pre - , Month: macd + hist + hist_1pre + , 
Trade --> code: TJX    BUY: 2006-05-31    5.93 SELL: 2006-06-30    5.72  macd:   -0.00 macd_count:   1 profit:  0.96
Trade --> code: TJX    BUY: 2006-07-31    6.09 SELL: 2008-12-31    5.14  macd:   -0.07 macd_count:  29 profit:  0.84
Trade --> code: TJX    BUY: 2009-07-31    9.06 SELL: 2023-12-31   93.81  macd:    6.11 macd_count: 174 profit: 10.36

code: VCEL     day: macd + hist + hist_1pre + ,  Week: macd + hist + hist_1pre - , Month: macd + hist + hist_1pre + , 
Trade --> code: VCEL   BUY: 2006-05-31  206.40 SELL: 2006-11-30  217.60  macd:   -2.14 macd_count:   6 profit:  1.05
Trade --> code: VCEL   BUY: 2017-11-30    4.45 SELL: 2022-08-31   24.95  macd:   -0.37 macd_count:  57 profit:  5.61
Trade --> code: VCEL   BUY: 2023-08-31   32.83 SELL: 2023-12-31   35.61  macd:    0.68 macd_count:   5 profit:  1.08

