Tue Mar  1 13:50:47 UTC 2022
arg[0]: scraping/yahoo-finace-api2.py, arg[1]: stock-code-list/buy-list.txt
===========================
scraping
===========================
START:  TOK
END:    0.38117480278015137
-
START:  AAPL
END:    0.8537325859069824
-
START:  EL
END:    1.2906363010406494
-
START:  NEE
END:    1.7703258991241455
-
START:  AMD
END:    2.1797807216644287
-
START:  APH
END:    2.6308321952819824
-
START:  XLP
END:    3.0601656436920166
-
START:  SPXL
END:    3.3712868690490723
-
START:  KEYS
END:    3.5492913722991943
-
START:  VDC
END:    3.9553260803222656
-
START:  CMA
END:    4.5922675132751465
-
START:  AVY
END:    5.048061370849609
-
START:  SPTM
END:    5.473078966140747
-
START:  SPLG
END:    5.817489147186279
-
START:  CROX
END:    7.169533729553223
-
START:  DAVA
END:    10.327797651290894
-
START:  AWR
END:    10.831533908843994
-
START:  FN
END:    11.083715438842773
-
START:  NXST
END:    11.474165678024292
-
START:  BMI
END:    11.959794521331787
-
START:  GLOB
END:    12.145101547241211
-
START:  ARES
END:    13.357789993286133
-
START:  SJW
END:    13.80133581161499
-
START:  NVDA
END:    14.218749284744263
-
START:  BBDC
END:    14.573880910873413
-
START:  CELH
END:    14.8935866355896
-
START:  RDNT
END:    15.351219654083252
-
START:  ROK
END:    15.847470045089722
-
START:  AVXL
END:    17.182042837142944
-
START:  HCI
END:    17.542961359024048
-
START:  LIT
END:    17.83248209953308
-
START:  LLY
END:    18.357563018798828
-
START:  MCD
END:    18.88399314880371
-
START:  MSI
END:    20.43743586540222
-
START:  ON
END:    21.85275888442993
-
START:  ISRG
END:    22.26803469657898
-
START:  GME
END:    22.68037486076355
-
START:  WNS
END:    24.014672994613647
-
===========================
MACD sell
===========================
START:  TOK
START:  AAPL
START:  EL
START:  NEE
START:  AMD
START:  APH
START:  XLP
START:  SPXL
START:  KEYS
START:  VDC
START:  CMA
START:  AVY
START:  SPTM
START:  SPLG
START:  CROX
START:  DAVA
START:  AWR
START:  FN
START:  NXST
START:  BMI
START:  GLOB
START:  ARES
START:  SJW
START:  NVDA
START:  BBDC
START:  CELH
START:  RDNT
START:  ROK
START:  AVXL
START:  HCI
START:  LIT
START:  LLY
START:  MCD
START:  MSI
START:  ON
START:  ISRG
START:  GME
START:  WNS
==== MACD list ====
code: TOK      day: macd - hist - ,  Week: macd - hist - , Month: macd + hist - , 
code: AAPL     day: macd - hist - ,  Week: macd + hist - , Month: macd + hist + , 
code: EL       day: macd - hist + ,  Week: macd - hist - , Month: macd + hist - , 
code: NEE      day: macd - hist + ,  Week: macd - hist - , Month: macd + hist - , 
code: AMD      day: macd - hist + ,  Week: macd - hist - , Month: macd + hist + , 
code: APH      day: macd - hist + ,  Week: macd - hist - , Month: macd + hist + , 
code: XLP      day: macd - hist - ,  Week: macd + hist - , Month: macd + hist + , 
code: SPXL     day: macd - hist - ,  Week: macd - hist - , Month: macd + hist + , 
code: KEYS     day: macd - hist - ,  Week: macd - hist - , Month: macd + hist - , 
code: VDC      day: macd - hist - ,  Week: macd + hist - , Month: macd + hist + , 
code: CMA      day: macd + hist - ,  Week: macd + hist - , Month: macd + hist + , 
code: AVY      day: macd - hist - ,  Week: macd - hist - , Month: macd + hist - , 
code: SPTM     day: macd - hist - ,  Week: macd - hist - , Month: macd + hist - , 
code: SPLG     day: macd - hist - ,  Week: macd - hist - , Month: macd + hist - , 
code: CROX     day: macd - hist - ,  Week: macd - hist - , Month: macd + hist - , 
code: DAVA     day: macd + hist + ,  Week: macd - hist + , Month: macd + hist - , 
code: AWR      day: macd - hist + ,  Week: macd - hist - , Month: macd + hist + , 
code: FN       day: macd - hist + ,  Week: macd - hist - , Month: macd + hist + , 
code: NXST     day: macd + hist - ,  Week: macd + hist + , Month: macd + hist + , 
code: BMI      day: macd + hist - ,  Week: macd - hist + , Month: macd + hist - , 
code: GLOB     day: macd + hist + ,  Week: macd - hist + , Month: macd + hist - , 
code: ARES     day: macd + hist - ,  Week: macd + hist + , Month: macd + hist + , 
code: SJW      day: macd - hist + ,  Week: macd - hist - , Month: macd + hist - , 
code: NVDA     day: macd - hist + ,  Week: macd - hist - , Month: macd + hist + , 
code: BBDC     day: macd - hist - ,  Week: macd - hist - , Month: macd + hist + , 
code: CELH     day: macd + hist + ,  Week: macd - hist + , Month: macd + hist - , 
code: RDNT     day: macd - hist + ,  Week: macd - hist - , Month: macd + hist - , 
code: ROK      day: macd - hist + ,  Week: macd - hist - , Month: macd + hist - , 
code: AVXL     day: macd - hist + ,  Week: macd - hist - , Month: macd + hist - , 
code: HCI      day: macd - hist + ,  Week: macd - hist - , Month: macd + hist - , 
code: LIT      day: macd - hist + ,  Week: macd - hist - , Month: macd + hist - , 
code: LLY      day: macd - hist + ,  Week: macd - hist - , Month: macd + hist + , 
code: MCD      day: macd - hist - ,  Week: macd + hist - , Month: macd + hist + , 
code: MSI      day: macd - hist + ,  Week: macd - hist - , Month: macd + hist - , 
code: ON       day: macd + hist + ,  Week: macd + hist - , Month: macd + hist + , 
code: ISRG     day: macd - hist + ,  Week: macd - hist - , Month: macd + hist - , 
code: GME      day: macd + hist + ,  Week: macd - hist + , Month: macd + hist - , 
code: WNS      day: macd - hist - ,  Week: macd - hist - , Month: macd + hist - , 
==== MACD sell list ====
code: TOK      day: macd - hist - , 
code: TOK      day: macd - hist - ,  Week: macd - hist - , 
code: TOK      day: macd - hist - ,  Week: macd - hist - , Month: macd + hist - , 
code: AAPL     day: macd - hist - , 
code: AAPL     day: macd - hist - ,  Week: macd + hist - , 
code: EL       day: macd - hist + ,  Week: macd - hist - , 
code: EL       day: macd - hist + ,  Week: macd - hist - , Month: macd + hist - , 
code: NEE      day: macd - hist + ,  Week: macd - hist - , 
code: NEE      day: macd - hist + ,  Week: macd - hist - , Month: macd + hist - , 
code: AMD      day: macd - hist + ,  Week: macd - hist - , 
code: APH      day: macd - hist + ,  Week: macd - hist - , 
code: XLP      day: macd - hist - , 
code: XLP      day: macd - hist - ,  Week: macd + hist - , 
code: SPXL     day: macd - hist - , 
code: SPXL     day: macd - hist - ,  Week: macd - hist - , 
code: KEYS     day: macd - hist - , 
code: KEYS     day: macd - hist - ,  Week: macd - hist - , 
code: KEYS     day: macd - hist - ,  Week: macd - hist - , Month: macd + hist - , 
code: VDC      day: macd - hist - , 
code: VDC      day: macd - hist - ,  Week: macd + hist - , 
code: CMA      day: macd + hist - , 
code: CMA      day: macd + hist - ,  Week: macd + hist - , 
code: AVY      day: macd - hist - , 
code: AVY      day: macd - hist - ,  Week: macd - hist - , 
code: AVY      day: macd - hist - ,  Week: macd - hist - , Month: macd + hist - , 
code: SPTM     day: macd - hist - , 
code: SPTM     day: macd - hist - ,  Week: macd - hist - , 
code: SPTM     day: macd - hist - ,  Week: macd - hist - , Month: macd + hist - , 
code: SPLG     day: macd - hist - , 
code: SPLG     day: macd - hist - ,  Week: macd - hist - , 
code: SPLG     day: macd - hist - ,  Week: macd - hist - , Month: macd + hist - , 
code: CROX     day: macd - hist - , 
code: CROX     day: macd - hist - ,  Week: macd - hist - , 
code: CROX     day: macd - hist - ,  Week: macd - hist - , Month: macd + hist - , 
code: DAVA     day: macd + hist + ,  Week: macd - hist + , Month: macd + hist - , 
code: AWR      day: macd - hist + ,  Week: macd - hist - , 
code: FN       day: macd - hist + ,  Week: macd - hist - , 
code: NXST     day: macd + hist - , 
code: BMI      day: macd + hist - , 
code: BMI      day: macd + hist - ,  Week: macd - hist + , Month: macd + hist - , 
code: GLOB     day: macd + hist + ,  Week: macd - hist + , Month: macd + hist - , 
code: ARES     day: macd + hist - , 
code: SJW      day: macd - hist + ,  Week: macd - hist - , 
code: SJW      day: macd - hist + ,  Week: macd - hist - , Month: macd + hist - , 
code: NVDA     day: macd - hist + ,  Week: macd - hist - , 
code: BBDC     day: macd - hist - , 
code: BBDC     day: macd - hist - ,  Week: macd - hist - , 
code: CELH     day: macd + hist + ,  Week: macd - hist + , Month: macd + hist - , 
code: RDNT     day: macd - hist + ,  Week: macd - hist - , 
code: RDNT     day: macd - hist + ,  Week: macd - hist - , Month: macd + hist - , 
code: ROK      day: macd - hist + ,  Week: macd - hist - , 
code: ROK      day: macd - hist + ,  Week: macd - hist - , Month: macd + hist - , 
code: AVXL     day: macd - hist + ,  Week: macd - hist - , 
code: AVXL     day: macd - hist + ,  Week: macd - hist - , Month: macd + hist - , 
code: HCI      day: macd - hist + ,  Week: macd - hist - , 
code: HCI      day: macd - hist + ,  Week: macd - hist - , Month: macd + hist - , 
code: LIT      day: macd - hist + ,  Week: macd - hist - , 
code: LIT      day: macd - hist + ,  Week: macd - hist - , Month: macd + hist - , 
code: LLY      day: macd - hist + ,  Week: macd - hist - , 
code: MCD      day: macd - hist - , 
code: MCD      day: macd - hist - ,  Week: macd + hist - , 
code: MSI      day: macd - hist + ,  Week: macd - hist - , 
code: MSI      day: macd - hist + ,  Week: macd - hist - , Month: macd + hist - , 
code: ON       day: macd + hist + ,  Week: macd + hist - , 
code: ISRG     day: macd - hist + ,  Week: macd - hist - , 
code: ISRG     day: macd - hist + ,  Week: macd - hist - , Month: macd + hist - , 
code: GME      day: macd + hist + ,  Week: macd - hist + , Month: macd + hist - , 
code: WNS      day: macd - hist - , 
code: WNS      day: macd - hist - ,  Week: macd - hist - , 
code: WNS      day: macd - hist - ,  Week: macd - hist - , Month: macd + hist - , 
===========================
profit
===========================
arg[0]: scraping/yahoo-finace-api2.py, arg[1]: stock-code-list/up-month.txt
===========================
scraping
===========================
START:  A
END:    0.5230209827423096
-
START:  AAON
END:    0.9861471652984619
-
START:  AAPL
END:    1.4524846076965332
-
START:  ABG
END:    1.896132230758667
-
START:  ABT
END:    2.3289387226104736
-
START:  ACLS
END:    2.720597505569458
-
START:  ACMR
END:    2.8561782836914062
-
START:  ACN
END:    3.323608636856079
-
START:  ADBE
END:    3.7316184043884277
-
START:  ADI
END:    4.164717435836792
-
START:  ADP
END:    4.602843999862671
-
START:  ADSK
END:    5.013910531997681
-
START:  ADUS
END:    5.3038671016693115
-
START:  AEE
END:    5.722569227218628
-
START:  AGYS
END:    7.134336471557617
-
START:  AIZ
END:    7.587111711502075
-
START:  AJG
END:    9.055876016616821
-
START:  AJRD
END:    9.540852546691895
-
START:  ALB
END:    10.002721786499023
-
START:  ALG
END:    10.438161373138428
-
START:  ALGN
END:    10.82827377319336
-
START:  ALLE
END:    11.053162574768066
-
START:  ALTR
END:    11.197862148284912
-
START:  AMAT
END:    11.627450466156006
-
START:  AMBA
END:    11.84969711303711
-
START:  AMD
END:    12.257320404052734
-
START:  AME
END:    12.736371040344238
-
START:  AMED
END:    14.141078233718872
-
START:  AMEH
END:    15.421910762786865
-
START:  AMGN
END:    16.873615980148315
-
START:  AMN
END:    17.289106130599976
-
START:  AMP
END:    18.653661251068115
-
START:  AMRC
END:    18.928192138671875
-
START:  AMSWA
END:    19.363399505615234
-
START:  AMTX
END:    19.665427446365356
-
START:  AMZN
END:    21.069215774536133
-
START:  AN
END:    22.51490592956543
-
START:  ANSS
END:    23.90512752532959
-
START:  ANTM
END:    24.33775568008423
-
START:  AON
END:    25.797428131103516
-
START:  AOSL
END:    26.05802583694458
-
START:  APD
END:    27.545620441436768
-
START:  APH
END:    27.986296892166138
-
START:  APPF
END:    29.172629833221436
-
START:  APPN
END:    29.324920654296875
-
START:  APPS
END:    30.655025959014893
-
START:  AQN
END:    30.941383123397827
-
START:  ARCB
END:    31.377531051635742
-
START:  ARCT
END:    32.58019709587097
-
START:  ARES
END:    32.808748960494995
-
START:  ARGX
END:    32.9599711894989
-
START:  ARWR
END:    34.38060545921326
-
START:  ASML
END:    34.787840366363525
-
START:  ASPN
END:    38.00217318534851
-
START:  ATEC
END:    38.31858801841736
-
START:  ATEN
END:    38.548763036727905
-
START:  ATKR
END:    38.71027207374573
-
START:  ATOM
END:    38.87037801742554
-
START:  ATR
END:    39.27431535720825
-
START:  ATRC
END:    40.59942817687988
-
START:  AUDC
END:    40.98053431510925
-
START:  AUPH
END:    41.165313482284546
-
START:  AVAV
END:    41.472092628479004
-
START:  AVGO
END:    41.789750814437866
-
START:  AVID
END:    42.23508262634277
-
START:  AVNW
END:    42.65947866439819
-
START:  AVXL
END:    42.98386311531067
-
START:  AVY
END:    43.57608366012573
-
START:  AWK
END:    44.873225688934326
-
START:  AWR
END:    45.30628824234009
-
START:  AXON
END:    45.685357093811035
-
START:  AZO
END:    47.08460450172424
-
START:  AZPN
END:    47.49644088745117
-
START:  BAH
END:    47.76743721961975
-
START:  BAM
END:    49.192792654037476
-
START:  BAX
END:    49.67267179489136
-
START:  BBH
END:    50.09853768348694
-
START:  BBQ
END:    50.45964527130127
-
START:  BBY
END:    51.90555191040039
-
START:  BCPC
END:    52.32815361022949
-
START:  BDX
END:    53.8968939781189
-
START:  BEEM
END:    54.14444875717163
-
START:  BFAM
END:    54.344573974609375
-
START:  BFC
END:    54.73866319656372
-
START:  BGFV
END:    56.143085956573486
-
START:  BGNE
END:    57.34685707092285
-
START:  BHVN
END:    58.526238203048706
-
START:  BIO
END:    58.916125774383545
-
START:  BL
END:    59.075955867767334
-
START:  BLD
END:    59.26151394844055
-
START:  BLDP
END:    60.71447825431824
-
START:  BLDR
END:    61.04877686500549
-
START:  BLFS
END:    62.44121551513672
-
START:  BLK
END:    63.893444776535034
-
START:  BLL
END:    65.37702441215515
-
START:  BLNK
END:    65.6294150352478
-
START:  BMI
END:    66.13474655151367
-
START:  BOOT
END:    67.32828426361084
-
START:  BOTZ
END:    67.53080487251282
-
START:  BR
END:    67.85930919647217
-
START:  BRKR
END:    71.28916239738464
-
START:  BRKS
Not Found: No data found, symbol may be delisted
START:  BRO
END:    71.78258967399597
-
START:  BURL
END:    71.98216509819031
-
START:  BX
END:    72.40867114067078
-
START:  CABO
END:    73.60048151016235
-
START:  CACI
END:    74.00937509536743
-
START:  CALX
END:    74.30916357040405
-
START:  CAMT
END:    74.7385983467102
-
START:  CAR
END:    75.20443868637085
-
START:  CBRE
END:    75.54807591438293
-
START:  CBSH
END:    76.00973391532898
-
START:  CBZ
END:    76.43762755393982
-
START:  CCOI
END:    76.9137167930603
-
START:  CCS
END:    78.111825466156
-
START:  CDMO
END:    78.51379418373108
-
START:  CDNA
END:    78.70311760902405
-
START:  CDNS
END:    79.08963060379028
-
START:  CDW
END:    80.3069360256195
-
START:  CELH
END:    80.60795760154724
-
START:  CGNX
END:    81.04271292686462
-
START:  CHD
END:    81.52660870552063
-
START:  CHDN
END:    81.95035696029663
-
START:  CHE
END:    82.3833737373352
-
START:  CHGG
END:    82.61971068382263
-
START:  CHH
END:    83.04684257507324
-
START:  CHKP
END:    83.45025897026062
-
START:  CHTR
END:    84.71883153915405
-
START:  CIEN
END:    85.11183190345764
-
START:  CLAR
END:    85.55784106254578
-
START:  CLFD
END:    86.99269509315491
-
START:  CLGN
END:    87.12936735153198
-
START:  CLNE
END:    88.46077632904053
-
START:  CLPT
END:    89.6953911781311
-
START:  CLX
END:    91.20084190368652
-
START:  CMCSA
END:    91.67422604560852
-
START:  CMG
END:    92.04802632331848
-
START:  CMS
END:    92.49623441696167
-
START:  CNC
END:    93.87792205810547
-
START:  CNI
END:    95.33382987976074
-
START:  CNMD
END:    95.73329472541809
-
START:  CNS
END:    96.15908670425415
-
START:  CNXN
END:    97.57559561729431
-
START:  COO
END:    98.02844524383545
-
START:  COST
END:    98.45540761947632
-
START:  COUP
END:    98.60809540748596
-
START:  COWN
END:    98.97632718086243
-
START:  CP
END:    100.4960994720459
-
START:  CPK
END:    101.96952247619629
-
START:  CPRT
END:    102.37954545021057
-
START:  CPSH
END:    102.76575493812561
-
START:  CRAI
END:    103.15104913711548
-
START:  CREE
Not Found: No data found, symbol may be delisted
START:  CRL
END:    104.58945536613464
-
START:  CRM
END:    104.99198722839355
-
START:  CRMT
END:    105.38771939277649
-
START:  CROX
END:    105.72124576568604
-
START:  CRSP
END:    105.86958050727844
-
START:  CRVL
END:    107.26624155044556
-
START:  CSGP
END:    108.71679472923279
-
START:  CSL
END:    109.17858672142029
-
START:  CSWI
END:    109.34505105018616
-
START:  CSX
END:    109.8045244216919
-
START:  CTAS
END:    111.24225568771362
-
START:  CTLT
END:    111.42844533920288
-
START:  CTRN
END:    111.77164387702942
-
START:  CURE
END:    112.03819274902344
-
START:  CVCO
END:    112.37308692932129
-
START:  CVNA
END:    113.52134156227112
-
START:  CWST
END:    113.89860033988953
-
START:  CWT
END:    115.36305403709412
-
START:  CXSE
END:    115.60649800300598
-
START:  CYBR
END:    115.80014228820801
-
START:  CYRX
END:    116.0943386554718
-
START:  CYTK
END:    116.41127610206604
-
START:  DAC
END:    117.77274298667908
-
START:  DAR
END:    118.13185477256775
-
START:  DAVA
END:    118.25402736663818
-
START:  DDS
END:    118.69659399986267
-
START:  DE
END:    120.23468470573425
-
START:  DECK
END:    121.63581895828247
-
START:  DELL
END:    121.81182932853699
-
START:  DFIN
END:    121.9655544757843
-
START:  DG
END:    122.25527286529541
-
START:  DGRW
END:    122.48206543922424
-
START:  DHI
END:    122.9189965724945
-
START:  DHR
END:    123.35384488105774
-
START:  DIA
END:    124.8488404750824
-
START:  DIOD
END:    125.29401779174805
-
START:  DIS
END:    125.8225085735321
-
START:  DKS
END:    126.2034022808075
-
START:  DLN
END:    126.55236530303955
-
START:  DNLI
END:    126.68293571472168
-
START:  DOMO
END:    126.80410552024841
-
START:  DOV
END:    127.24751734733582
-
START:  DPZ
END:    128.63332223892212
-
START:  DQ
END:    128.8808455467224
-
START:  DRD
END:    129.30474209785461
-
START:  DRIO
END:    129.46328043937683
-
START:  DRNA
END:    129.66463565826416
-
START:  DSGX
END:    130.0392906665802
-
START:  DVAX
END:    130.3914122581482
-
START:  DXCM
END:    131.72329139709473
-
START:  ECL
END:    132.16878819465637
-
START:  EFX
END:    133.61954379081726
-
START:  EGAN
END:    135.0064299106598
-
START:  EHC
END:    135.4169521331787
-
START:  EL
END:    135.8683409690857
-
START:  ENPH
END:    136.09408235549927
-
START:  ENSG
END:    136.4234037399292
-
START:  ENTG
END:    136.82976841926575
-
START:  ENV
END:    137.07954597473145
-
START:  EPAM
END:    138.31804251670837
-
START:  ERIE
END:    138.76780033111572
-
START:  ES
END:    139.211665391922
-
START:  ESE
END:    139.6452009677887
-
START:  ETN
END:    140.13952589035034
-
START:  ETSY
END:    140.329838514328
-
START:  EVBG
END:    140.46959471702576
-
START:  EVTC
END:    141.69760155677795
-
START:  EW
END:    143.11427545547485
-
START:  EWT
END:    143.54738688468933
-
START:  EXAS
END:    144.95222926139832
-
START:  EXLS
END:    145.28699398040771
-
START:  EXPD
END:    145.70342302322388
-
START:  EXPI
END:    145.82347083091736
-
START:  EXPO
END:    147.27032256126404
-
START:  FAST
END:    147.7112376689911
-
START:  FATE
END:    147.9044589996338
-
START:  FB
END:    148.14428901672363
-
START:  FCN
END:    149.60187435150146
-
START:  FCX
END:    150.04978799819946
-
START:  FDN
END:    150.37414407730103
-
START:  FDS
END:    151.8153953552246
-
START:  FELE
END:    152.30223441123962
-
START:  FFIN
END:    152.73950576782227
-
START:  FICO
END:    154.23210263252258
-
START:  FINX
END:    154.39021277427673
-
START:  FIS
END:    154.85802102088928
-
START:  FISV
END:    155.23070526123047
-
START:  FIVE
END:    156.49379682540894
-
START:  FIVN
END:    156.6940677165985
-
START:  FLGT
END:    156.84909439086914
-
START:  FLT
END:    158.1360318660736
-
START:  FLWS
END:    158.5175004005432
-
START:  FN
END:    158.7740921974182
-
START:  FND
END:    158.92326498031616
-
START:  FNV
END:    159.23889303207397
-
START:  FORM
END:    160.62090468406677
-
START:  FOXF
END:    160.8216712474823
-
START:  FPX
END:    161.1654155254364
-
START:  FRC
END:    161.43811440467834
-
START:  FRHC
END:    161.56427097320557
-
START:  FRPT
END:    162.81118869781494
-
START:  FSS
END:    163.254629611969
-
START:  FTNT
END:    163.49625039100647
-
START:  FUV
END:    164.65310502052307
-
START:  GDEN
END:    165.02445268630981
-
START:  GFI
END:    165.47706270217896
-
START:  GGG
END:    166.92390322685242
-
START:  GIB
END:    168.35716032981873
-
START:  GLDD
END:    169.68470358848572
-
START:  GLOB
END:    169.90550565719604
-
START:  GMAB
END:    171.15045952796936
-
START:  GME
END:    174.5593810081482
-
START:  GMED
END:    174.76651668548584
-
START:  GNRC
END:    175.0187656879425
-
START:  GNSS
END:    176.45247054100037
-
START:  GNTX
END:    176.8707423210144
-
START:  GOLF
END:    177.0412437915802
-
START:  GOOG
END:    177.44970703125
-
START:  GOOGL
END:    177.83884406089783
-
START:  GPI
END:    178.24473094940186
-
START:  GPN
END:    178.6972873210907
-
START:  GRBK
END:    179.01742720603943
-
START:  GRMN
END:    179.43999195098877
-
START:  GRVY
END:    179.77946043014526
-
START:  GRWG
END:    180.9631268978119
-
START:  GWRE
END:    181.20086407661438
-
START:  HACK
END:    181.4025502204895
-
START:  HALO
END:    181.7371323108673
-
START:  HCI
END:    182.0319721698761
-
START:  HD
END:    183.493834733963
-
START:  HEI
END:    183.93178033828735
-
START:  HELE
END:    184.31484985351562
-
START:  HIBB
END:    184.72344183921814
-
START:  HLI
END:    184.92290806770325
-
START:  HLT
END:    185.14583539962769
-
START:  HOLX
END:    185.5673863887787
-
START:  HON
END:    186.08768510818481
-
START:  HOV
END:    186.46469044685364
-
START:  HRC
Not Found: No data found, symbol may be delisted
START:  HRI
END:    187.89292168617249
-
START:  HSKA
END:    188.32730674743652
-
START:  HTHT
END:    188.61289525032043
-
START:  HUBS
END:    188.81368112564087
-
START:  HUM
END:    190.32246565818787
-
START:  HZNP
END:    190.5991506576538
-
START:  IAC
END:    191.0469045639038
-
START:  IBP
END:    191.29147911071777
-
START:  ICE
END:    191.6948959827423
-
START:  ICLN
END:    192.03138089179993
-
START:  ICLR
END:    195.5552408695221
-
START:  IDT
END:    197.054185628891
-
START:  IDXX
END:    197.4712357521057
-
START:  IESC
END:    197.86406326293945
-
START:  IEX
END:    198.29907178878784
-
START:  ILMN
END:    198.68991446495056
-
START:  INFO
END:    199.06970620155334
-
START:  INOV
Not Found: No data found, symbol may be delisted
START:  INSP
END:    199.28370642662048
-
START:  INTC
END:    199.73931860923767
-
START:  INTU
END:    200.22149562835693
-
START:  INTZ
END:    200.5952432155609
-
START:  INVE
END:    200.97647643089294
-
START:  IOO
END:    201.43065309524536
-
START:  IQV
END:    201.64380931854248
-
START:  IRDM
END:    201.96877121925354
-
START:  IRMD
END:    205.20385909080505
-
START:  ISEE
END:    205.4081735610962
-
START:  ISRG
END:    205.84528040885925
-
START:  IT
END:    206.2267541885376
-
START:  ITT
END:    206.68025255203247
-
START:  ITW
END:    208.17347145080566
-
START:  IVOG
END:    208.4614028930664
-
START:  IVV
END:    208.91173458099365
-
START:  IXJ
END:    209.344792842865
-
START:  IXN
END:    209.79553484916687
-
START:  J
END:    210.2153811454773
-
START:  JBL
END:    211.6459357738495
-
START:  JBSS
END:    213.1147964000702
-
START:  JD
END:    213.31250286102295
-
START:  JKHY
END:    213.73744201660156
-
START:  JKS
END:    214.00349974632263
-
START:  JNJ
END:    214.5517659187317
-
START:  JOE
END:    215.0539128780365
-
START:  JOUT
END:    215.46918559074402
-
START:  JYNT
END:    215.648841381073
-
START:  KAI
END:    216.07782340049744
-
START:  KBH
END:    216.54005098342896
-
START:  KBR
END:    216.9252483844757
-
START:  KDMN
Not Found: No data found, symbol may be delisted
START:  KEYS
END:    217.1749906539917
-
START:  KLAC
END:    218.59262537956238
-
START:  KLIC
END:    220.03347826004028
-
START:  KMX
END:    220.47443151474
-
START:  KNSL
END:    220.65625834465027
-
START:  KOPN
END:    221.0363519191742
-
START:  KOSS
END:    221.48640251159668
-
START:  KRNT
END:    222.70321083068848
-
START:  KSU
Not Found: No data found, symbol may be delisted
START:  KTOS
END:    223.11654210090637
-
START:  LAC
END:    223.42466926574707
-
START:  LAD
END:    224.85052728652954
-
START:  LANC
END:    225.30278658866882
-
START:  LAWS
END:    226.80479407310486
-
START:  LDOS
END:    227.1631236076355
-
START:  LFMD
END:    227.44657588005066
-
START:  LGIH
END:    227.63456654548645
-
START:  LH
END:    228.0947823524475
-
START:  LHCG
END:    229.50443124771118
-
START:  LHX
END:    229.95794010162354
-
START:  LII
END:    230.40378046035767
-
START:  LIN
END:    231.87545442581177
-
START:  LINC
END:    232.22198271751404
-
START:  LIT
END:    232.5005624294281
-
START:  LLY
END:    233.99915146827698
-
START:  LMT
END:    234.43322706222534
-
START:  LNT
END:    234.9156391620636
-
START:  LOB
END:    235.11043429374695
-
START:  LOGI
END:    235.54743242263794
-
START:  LOVE
END:    235.6544258594513
-
START:  LOW
END:    236.10204005241394
-
START:  LPLA
END:    236.41078972816467
-
START:  LPSN
END:    236.819650888443
-
START:  LQDT
END:    238.1451654434204
-
START:  LRCX
END:    239.59533095359802
-
START:  LSCC
END:    240.98079872131348
-
START:  LSTR
END:    241.4279978275299
-
START:  LULU
END:    241.71776819229126
-
START:  LUNA
END:    242.02396821975708
-
START:  MA
END:    243.39036583900452
-
START:  MANH
END:    244.80055165290833
-
START:  MANT
END:    246.2309467792511
-
START:  MARA
END:    246.45280718803406
-
START:  MASI
END:    247.7538239955902
-
START:  MATX
END:    248.18670225143433
-
START:  MBUU
END:    248.98240876197815
-
START:  MCD
END:    249.46955156326294
-
START:  MCHP
END:    249.88997840881348
-
START:  MCO
END:    250.30509400367737
-
START:  MDB
END:    250.4398386478424
-
START:  MDT
END:    251.91596937179565
-
START:  MEDP
END:    252.05795407295227
-
START:  MEDS
END:    252.23704409599304
-
START:  MELI
END:    253.55632662773132
-
START:  MGC
END:    253.879944562912
-
START:  MGIC
END:    254.29911398887634
-
START:  MGK
END:    255.65636920928955
-
START:  MGNI
END:    255.854421377182
-
START:  MHO
END:    257.2753264904022
-
START:  MIME
END:    257.4523184299469
-
START:  MITK
END:    258.8846809864044
-
START:  MKC
END:    259.35801458358765
-
START:  MKSI
END:    260.9387755393982
-
START:  MKTX
END:    262.335223197937
-
START:  MLAB
END:    262.74276304244995
-
START:  MLR
END:    263.12569856643677
-
START:  MMC
END:    263.6018364429474
-
START:  MMS
END:    264.034184217453
-
START:  MNMD
END:    265.218905210495
-
START:  MNST
END:    265.6348445415497
-
START:  MODN
END:    265.8341748714447
-
START:  MODV
END:    267.20651507377625
-
START:  MOH
END:    267.5820572376251
-
START:  MORN
END:    268.98104214668274
-
START:  MPWR
END:    269.3603196144104
-
START:  MRTX
END:    270.5944881439209
-
START:  MRVL
END:    272.02542901039124
-
START:  MS
END:    273.47702980041504
-
START:  MSA
END:    273.9560327529907
-
START:  MSCI
END:    274.36585903167725
-
START:  MSEX
END:    275.8882441520691
-
START:  MSFT
END:    276.3429596424103
-
START:  MSI
END:    276.83122515678406
-
START:  MSTR
END:    277.2578160762787
-
START:  MTBC
END:    277.53740906715393
-
START:  MTCH
END:    278.964252948761
-
START:  MTD
END:    279.34192180633545
-
START:  MTEX
END:    279.77923798561096
-
START:  MTH
END:    280.15582156181335
-
START:  MTLS
END:    280.3369462490082
-
START:  MTSI
END:    280.5702311992645
-
START:  MU
END:    281.0168991088867
-
START:  MUSA
END:    281.2351698875427
-
START:  MVIS
END:    281.629745721817
-
START:  MXL
END:    282.99714493751526
-
START:  MYRG
END:    283.33241629600525
-
START:  NBIX
END:    283.7522575855255
-
START:  NCBS
END:    283.96941232681274
-
START:  NDAQ
END:    284.42346477508545
-
START:  NDSN
END:    285.9159789085388
-
START:  NEE
END:    286.3813614845276
-
START:  NEO
END:    286.7304906845093
-
START:  NEOG
END:    287.1417932510376
-
START:  NFLX
END:    287.54590249061584
-
START:  NICE
END:    288.01317596435547
-
START:  NISN
END:    288.17556405067444
-
START:  NKE
END:    289.62489223480225
-
START:  NOVT
END:    290.0062129497528
-
START:  NOW
END:    290.2528989315033
-
START:  NSC
END:    290.7488420009613
-
START:  NSIT
END:    291.10166025161743
-
START:  NSSC
END:    292.5227632522583
-
START:  NSTG
END:    292.7403917312622
-
START:  NTLA
END:    293.9310977458954
-
START:  NTRA
END:    294.1017587184906
-
START:  NUAN
END:    294.5263514518738
-
START:  NVCR
END:    294.7029302120209
-
START:  NVDA
END:    295.14920926094055
-
START:  NVMI
END:    296.54802417755127
-
START:  NVO
END:    297.0103054046631
-
START:  NVR
END:    297.4442870616913
-
START:  NXST
END:    297.8163101673126
-
START:  NYT
END:    299.31258964538574
-
START:  OBCI
END:    300.7284605503082
-
START:  ODFL
END:    301.1462399959564
-
START:  OEF
END:    301.58764028549194
-
START:  OFLX
END:    301.94095754623413
-
START:  OLED
END:    303.38164353370667
-
START:  OMCL
END:    303.76492643356323
-
START:  ON
END:    304.14085245132446
-
START:  OOMA
END:    304.29760551452637
-
START:  OPRX
END:    305.2863624095917
-
START:  ORA
END:    306.9650835990906
-
START:  ORCL
END:    308.9215626716614
-
START:  ORLY
END:    310.45215344429016
-
START:  ORMP
END:    311.5880477428436
-
START:  OTEX
END:    313.19258189201355
-
START:  PACB
END:    314.3474404811859
-
START:  PAG
END:    316.35283303260803
-
START:  PANW
END:    317.48202419281006
-
START:  PAR
END:    318.5961766242981
-
START:  PAYC
END:    319.79360270500183
-
START:  PAYX
END:    321.6299629211426
-
START:  PBD
END:    324.3709628582001
-
START:  PCTY
END:    325.3845782279968
-
START:  PEGA
END:    327.11729621887207
-
START:  PEN
END:    328.0400159358978
-
START:  PENN
END:    329.44288539886475
-
START:  PEP
END:    331.0981550216675
-
START:  PERI
END:    333.7434461116791
-
START:  PFSI
END:    335.34525966644287
-
START:  PGR
END:    337.2658567428589
-
START:  PH
END:    337.75836086273193
-
START:  PHM
END:    339.2363250255585
-
START:  PKI
END:    342.1426999568939
-
START:  PLL
END:    342.88756823539734
-
START:  PLNT
END:    345.0857026576996
-
START:  PLUG
END:    346.46220421791077
-
START:  PLXS
END:    347.99396896362305
-
START:  PODD
END:    349.15804719924927
-
START:  POOL
END:    351.2870726585388
-
START:  POWI
END:    352.8817627429962
-
START:  PRFT
END:    354.45534801483154
-
START:  PRI
END:    356.8353841304779
-
START:  PRTA
END:    358.1140875816345
-
START:  PRTS
END:    359.2099096775055
-
START:  PTSI
END:    360.59798884391785
-
START:  PWR
END:    362.3349633216858
-
START:  PYPL
END:    364.36784195899963
-
START:  QADA
Not Found: No data found, symbol may be delisted
START:  QCLN
END:    366.4451541900635
-
START:  QDEL
END:    367.6603510379791
-
START:  QGEN
END:    369.41529631614685
-
START:  QLYS
END:    371.6821434497833
-
START:  QQQ
END:    374.8151602745056
-
START:  QRVO
END:    375.9174621105194
-
START:  QTWO
END:    376.92931294441223
-
START:  RADA
END:    379.13405752182007
-
START:  RAMP
END:    380.5897879600525
-
START:  RBA
END:    382.31224250793457
-
START:  RCII
END:    383.9859893321991
-
START:  RCKY
END:    386.6327362060547
-
START:  RDNT
END:    388.04472374916077
-
START:  RDVT
END:    388.88986682891846
-
START:  RDWR
END:    390.0627615451813
-
START:  REGI
END:    391.0140130519867
-
START:  RENN
END:    392.0574278831482
-
START:  RGEN
END:    394.6241431236267
-
START:  RH
END:    396.66364312171936
-
START:  RILY
END:    399.2892897129059
-
START:  RIOT
END:    400.3856039047241
-
START:  RLI
END:    402.01726174354553
-
START:  RLMD
END:    404.1661412715912
-
START:  RMD
END:    406.2074534893036
-
START:  RNG
END:    408.4178886413574
-
START:  ROBO
END:    409.94026136398315
-
START:  ROCK
END:    412.7573425769806
-
START:  ROK
END:    415.1657643318176
-
START:  ROKU
END:    416.1670455932617
-
START:  ROL
END:    417.9713897705078
-
START:  ROP
END:    419.89728713035583
-
START:  ROST
END:    422.1501884460449
-
START:  RPD
END:    423.2055196762085
-
START:  RPM
END:    425.2041583061218
-
START:  RSG
END:    426.95639514923096
-
START:  RTH
END:    429.7631821632385
-
START:  RUN
END:    430.85138273239136
-
START:  RXI
END:    432.26500129699707
-
START:  SAIA
END:    433.77366065979004
-
START:  SAIC
END:    433.99780225753784
-
START:  SAM
END:    435.3636724948883
-
START:  SAVA
END:    437.3653461933136
-
START:  SCI
END:    439.1776444911957
-
START:  SCL
END:    441.9055619239807
-
START:  SE
END:    442.7148892879486
-
START:  SEAS
END:    445.1653108596802
-
START:  SEDG
END:    446.28860330581665
-
START:  SFBS
END:    447.72536444664
-
START:  SGEN
END:    448.1232135295868
-
START:  SGMS
END:    449.4112296104431
-
START:  SGRY
END:    450.30215406417847
-
START:  SHOP
END:    451.71369552612305
-
START:  SHW
END:    454.8460376262665
-
START:  SHYF
END:    456.5595588684082
-
START:  SITE
END:    457.51929688453674
-
START:  SIVB
END:    460.3893373012543
-
START:  SJW
END:    462.2272346019745
-
START:  SKY
END:    462.6923568248749
-
START:  SLAB
END:    463.91306591033936
-
START:  SLP
END:    465.41017508506775
-
START:  SMH
END:    468.1868393421173
-
START:  SMTC
END:    469.59242582321167
-
START:  SNAP
END:    470.3985598087311
-
START:  SNPS
END:    471.59640407562256
-
START:  SOCL
END:    472.8473746776581
-
START:  SOXL
END:    473.1571021080017
-
START:  SPGI
END:    475.1154565811157
-
START:  SPLG
END:    476.8157260417938
-
START:  SPLK
END:    478.0720753669739
-
START:  SPNS
END:    479.9448661804199
-
START:  SPSC
END:    481.1757493019104
-
START:  SPTM
END:    483.00772619247437
-
START:  SPWH
END:    484.1332082748413
-
START:  SPWR
END:    484.48633456230164
-
START:  SPXC
END:    486.2952437400818
-
START:  SPXL
END:    488.06922125816345
-
START:  SPY
END:    489.93528604507446
-
START:  SPYG
END:    493.1868679523468
-
START:  SQ
END:    495.3326961994171
-
START:  SSD
END:    497.48501801490784
-
START:  SSNC
END:    499.2352843284607
-
START:  SSTK
END:    500.7282557487488
-
START:  STAA
END:    502.3008487224579
-
START:  STE
END:    503.99701595306396
-
START:  SUSA
END:    506.1775212287903
-
START:  SYK
END:    507.8325128555298
-
START:  SYNA
END:    509.2030408382416
-
START:  TBBK
END:    511.32669138908386
-
START:  TBK
END:    512.1033809185028
-
START:  TDG
END:    513.7064805030823
-
START:  TDOC
END:    514.8684875965118
-
START:  TDY
END:    517.354953289032
-
START:  TEAM
END:    518.305967092514
-
START:  TECH
END:    520.2599794864655
-
START:  TECL
END:    521.7725880146027
-
START:  TER
END:    523.5032978057861
-
START:  TFX
END:    526.4268651008606
-
START:  TGH
END:    527.9211084842682
-
START:  TGLS
END:    529.4387769699097
-
START:  TGT
END:    530.8406889438629
-
START:  TGTX
END:    531.1011066436768
-
START:  THC
END:    533.2124993801117
-
START:  TJX
END:    535.1831016540527
-
START:  TMO
END:    537.2997133731842
-
START:  TMUS
END:    539.1703433990479
-
START:  TNDM
END:    540.265127658844
-
START:  TNET
END:    541.3272309303284
-
START:  TPX
END:    543.331449508667
-
START:  TREX
END:    544.976565361023
-
START:  TRI
END:    545.3903770446777
-
START:  TRIL
Not Found: No data found, symbol may be delisted
START:  TRMB
END:    545.8602554798126
-
START:  TRNS
END:    549.341215133667
-
START:  TROW
END:    549.7797801494598
-
START:  TRU
END:    549.9736547470093
-
START:  TRUP
END:    551.1695485115051
-
START:  TSCO
END:    552.6158571243286
-
START:  TSLA
END:    552.878000497818
-
START:  TSM
END:    553.3334872722626
-
START:  TT
END:    553.8173768520355
-
START:  TTC
END:    554.261679649353
-
START:  TTD
END:    555.1919631958008
-
START:  TTEC
END:    555.616384267807
-
START:  TTEK
END:    556.0531561374664
-
START:  TTGT
END:    556.3896079063416
-
START:  TTWO
END:    556.778558254242
-
START:  TWLO
END:    556.9357378482819
-
START:  TXN
END:    558.4432625770569
-
START:  TYL
END:    558.8830907344818
-
START:  UCTT
END:    560.2482213973999
-
START:  UFPI
END:    560.670167684555
-
START:  UFPT
END:    562.0983397960663
-
START:  UI
END:    562.3272252082825
-
START:  UMC
END:    562.7827546596527
-
START:  UNF
END:    563.2578670978546
-
START:  UNH
END:    564.7063653469086
-
START:  UNP
END:    565.1380069255829
-
START:  UPLD
END:    565.3185994625092
-
START:  URI
END:    566.7796292304993
-
START:  V
END:    567.089426279068
-
START:  VALU
END:    568.5866236686707
-
START:  VBK
END:    569.0301604270935
-
START:  VCEL
END:    569.4298338890076
-
START:  VCR
END:    569.8109209537506
-
START:  VCTR
END:    570.9526572227478
-
START:  VCYT
END:    571.1543588638306
-
START:  VDC
END:    572.5753879547119
-
START:  VEEV
END:    572.7795476913452
-
START:  VERU
END:    576.1942541599274
-
START:  VGT
END:    576.6008851528168
-
START:  VHT
END:    576.9807505607605
-
START:  VIAV
END:    577.4076488018036
-
START:  VICR
END:    578.8961553573608
-
START:  VIG
END:    579.2437283992767
-
START:  VO
END:    579.6371719837189
-
START:  VONE
END:    579.9100015163422
-
START:  VONG
END:    580.1855623722076
-
START:  VOO
END:    580.5070638656616
-
START:  VOOG
END:    580.7822685241699
-
START:  VOOV
END:    581.0684971809387
-
START:  VOT
END:    582.4707288742065
-
START:  VPU
END:    582.8704648017883
-
START:  VRNS
END:    583.0512881278992
-
START:  VRSK
END:    583.3279390335083
-
START:  VRSN
END:    583.7575132846832
-
START:  VRTV
END:    585.0140221118927
-
START:  VSTO
END:    586.2123095989227
-
START:  VTHR
END:    587.5134599208832
-
START:  VTI
END:    587.9525711536407
-
START:  VTNR
END:    588.338748216629
-
START:  VTWG
END:    588.6185421943665
-
START:  VUG
END:    590.0162918567657
-
START:  VV
END:    590.4103903770447
-
START:  VXF
END:    591.858916759491
-
START:  WCN
END:    593.3028824329376
-
START:  WD
END:    593.7045574188232
-
START:  WDAY
END:    594.9501407146454
-
START:  WDFC
END:    595.4372456073761
-
START:  WEC
END:    596.9263925552368
-
START:  WEN
END:    598.3059077262878
-
START:  WINA
END:    598.7036113739014
-
START:  WING
END:    598.8891923427582
-
START:  WIRE
END:    600.2968380451202
-
START:  WIX
END:    600.497631072998
-
START:  WK
END:    600.6752080917358
-
START:  WLTW
END:    601.107174873352
-
START:  WM
END:    602.5643281936646
-
START:  WMS
END:    602.7694020271301
-
START:  WNS
END:    603.1015787124634
-
START:  WRB
END:    603.5371923446655
-
START:  WSC
END:    603.6994869709015
-
START:  WSM
END:    605.1515030860901
-
START:  WST
END:    605.6086134910583
-
START:  WTRG
END:    607.1093013286591
-
START:  WTS
END:    608.9019000530243
-
START:  XEL
END:    609.3824372291565
-
START:  XENE
END:    609.565455198288
-
START:  XLK
END:    610.0366253852844
-
START:  XLNX
END:    611.4633486270905
-
START:  XLP
END:    611.8938126564026
-
START:  XLRN
Not Found: No data found, symbol may be delisted
START:  XLU
END:    613.3881106376648
-
START:  XLV
END:    613.822566986084
-
START:  XLY
END:    614.3154637813568
-
START:  XYL
END:    617.6000301837921
-
START:  YNDX
END:    617.8828206062317
-
START:  YORW
END:    618.3243401050568
-
START:  YUM
END:    619.781013250351
-
START:  Z
END:    619.9636538028717
-
START:  ZBRA
END:    620.3499953746796
-
START:  ZEN
END:    620.5477929115295
-
START:  ZLAB
END:    620.6906814575195
-
START:  ZNGA
END:    620.9238631725311
-
START:  ZS
END:    621.0745205879211
-
START:  ZTS
END:    621.3090534210205
-
START:  ZYXI
END:    621.6924006938934
-
===========================
MACD golden cross
===========================
START:  code
START:  A
START:  AAON
START:  AAPL
START:  ABG
START:  ABT
START:  ACLS
START:  ACMR
START:  ACN
START:  ADBE
START:  ADI
START:  ADP
START:  ADSK
START:  ADUS
START:  AEE
START:  AGYS
START:  AIZ
START:  AJG
START:  AJRD
START:  ALB
START:  ALG
START:  ALGN
START:  ALLE
START:  ALTR
START:  AMAT
START:  AMBA
START:  AMD
START:  AME
START:  AMED
START:  AMEH
START:  AMGN
START:  AMN
START:  AMP
START:  AMRC
START:  AMSWA
START:  AMTX
START:  AMZN
START:  AN
START:  ANSS
START:  ANTM
START:  AON
START:  AOSL
START:  APD
START:  APH
START:  APPF
START:  APPN
START:  APPS
START:  AQN
START:  ARCB
START:  ARCT
START:  ARES
START:  ARGX
START:  ARWR
START:  ASML
START:  ASPN
START:  ATEC
START:  ATEN
START:  ATKR
START:  ATOM
START:  ATR
START:  ATRC
START:  AUDC
START:  AUPH
START:  AVAV
START:  AVGO
START:  AVID
START:  AVNW
START:  AVXL
START:  AVY
START:  AWK
START:  AWR
START:  AXON
START:  AZO
START:  AZPN
START:  BAH
START:  BAM
START:  BAX
START:  BBH
START:  BBQ
START:  BBY
START:  BCPC
START:  BDX
START:  BEEM
START:  BFAM
START:  BFC
START:  BGFV
START:  BGNE
START:  BHVN
START:  BIO
START:  BL
START:  BLD
START:  BLDP
START:  BLDR
START:  BLFS
START:  BLK
START:  BLL
START:  BLNK
START:  BMI
START:  BOOT
START:  BOTZ
START:  BR
START:  BRKR
START:  BRKS
START:  BRO
START:  BURL
START:  BX
START:  CABO
START:  CACI
START:  CALX
START:  CAMT
START:  CAR
START:  CBRE
START:  CBSH
START:  CBZ
START:  CCOI
START:  CCS
START:  CDMO
START:  CDNA
START:  CDNS
START:  CDW
START:  CELH
START:  CGNX
START:  CHD
START:  CHDN
START:  CHE
START:  CHGG
START:  CHH
START:  CHKP
START:  CHTR
START:  CIEN
START:  CLAR
START:  CLFD
START:  CLGN
START:  CLNE
START:  CLPT
START:  CLX
START:  CMCSA
START:  CMG
START:  CMS
START:  CNC
START:  CNI
START:  CNMD
START:  CNS
START:  CNXN
START:  COO
START:  COST
START:  COUP
START:  COWN
START:  CP
START:  CPK
START:  CPRT
START:  CPSH
START:  CRAI
START:  CREE
START:  CRL
START:  CRM
START:  CRMT
START:  CROX
START:  CRSP
START:  CRVL
START:  CSGP
START:  CSL
START:  CSWI
START:  CSX
START:  CTAS
START:  CTLT
START:  CTRN
START:  CURE
START:  CVCO
START:  CVNA
START:  CWST
START:  CWT
START:  CXSE
START:  CYBR
START:  CYRX
START:  CYTK
START:  DAC
START:  DAR
START:  DAVA
START:  DDS
START:  DE
START:  DECK
START:  DELL
START:  DFIN
START:  DG
START:  DGRW
START:  DHI
START:  DHR
START:  DIA
START:  DIOD
START:  DIS
START:  DKS
START:  DLN
START:  DNLI
START:  DOMO
START:  DOV
START:  DPZ
START:  DQ
START:  DRD
START:  DRIO
START:  DRNA
START:  DSGX
START:  DVAX
START:  DXCM
START:  ECL
START:  EFX
START:  EGAN
START:  EHC
START:  EL
START:  ENPH
START:  ENSG
START:  ENTG
START:  ENV
START:  EPAM
START:  ERIE
START:  ES
START:  ESE
START:  ETN
START:  ETSY
START:  EVBG
START:  EVTC
START:  EW
START:  EWT
START:  EXAS
START:  EXLS
START:  EXPD
START:  EXPI
START:  EXPO
START:  FAST
START:  FATE
START:  FB
START:  FCN
START:  FCX
START:  FDN
START:  FDS
START:  FELE
START:  FFIN
START:  FICO
START:  FINX
START:  FIS
START:  FISV
START:  FIVE
START:  FIVN
START:  FLGT
START:  FLT
START:  FLWS
START:  FN
START:  FND
START:  FNV
START:  FORM
START:  FOXF
START:  FPX
START:  FRC
START:  FRHC
START:  FRPT
START:  FSS
START:  FTNT
START:  FUV
START:  GDEN
START:  GFI
START:  GGG
START:  GIB
START:  GLDD
START:  GLOB
START:  GMAB
START:  GME
START:  GMED
START:  GNRC
START:  GNSS
START:  GNTX
START:  GOLF
START:  GOOG
START:  GOOGL
START:  GPI
START:  GPN
START:  GRBK
START:  GRMN
START:  GRVY
START:  GRWG
START:  GWRE
START:  HACK
START:  HALO
START:  HCI
START:  HD
START:  HEI
START:  HELE
START:  HIBB
START:  HLI
START:  HLT
START:  HOLX
START:  HON
START:  HOV
START:  HRC
START:  HRI
START:  HSKA
START:  HTHT
START:  HUBS
START:  HUM
START:  HZNP
START:  IAC
START:  IBP
START:  ICE
START:  ICLN
START:  ICLR
START:  IDT
START:  IDXX
START:  IESC
START:  IEX
START:  ILMN
START:  INFO
START:  INOV
START:  INSP
START:  INTC
START:  INTU
START:  INTZ
START:  INVE
START:  IOO
START:  IQV
START:  IRDM
START:  IRMD
START:  ISEE
START:  ISRG
START:  IT
START:  ITT
START:  ITW
START:  IVOG
START:  IVV
START:  IXJ
START:  IXN
START:  J
START:  JBL
START:  JBSS
START:  JD
START:  JKHY
START:  JKS
START:  JNJ
START:  JOE
START:  JOUT
START:  JYNT
START:  KAI
START:  KBH
START:  KBR
START:  KDMN
START:  KEYS
START:  KLAC
START:  KLIC
START:  KMX
START:  KNSL
START:  KOPN
START:  KOSS
START:  KRNT
START:  KSU
START:  KTOS
START:  LAC
START:  LAD
START:  LANC
START:  LAWS
START:  LDOS
START:  LFMD
START:  LGIH
START:  LH
START:  LHCG
START:  LHX
START:  LII
START:  LIN
START:  LINC
START:  LIT
START:  LLY
START:  LMT
START:  LNT
START:  LOB
START:  LOGI
START:  LOVE
START:  LOW
START:  LPLA
START:  LPSN
START:  LQDT
START:  LRCX
START:  LSCC
START:  LSTR
START:  LULU
START:  LUNA
START:  MA
START:  MANH
START:  MANT
START:  MARA
START:  MASI
START:  MATX
START:  MBUU
START:  MCD
START:  MCHP
START:  MCO
START:  MDB
START:  MDT
START:  MEDP
START:  MEDS
START:  MELI
START:  MGC
START:  MGIC
START:  MGK
START:  MGNI
START:  MHO
START:  MIME
START:  MITK
START:  MKC
START:  MKSI
START:  MKTX
START:  MLAB
START:  MLR
START:  MMC
START:  MMS
START:  MNMD
START:  MNST
START:  MODN
START:  MODV
START:  MOH
START:  MORN
START:  MPWR
START:  MRTX
START:  MRVL
START:  MS
START:  MSA
START:  MSCI
START:  MSEX
START:  MSFT
START:  MSI
START:  MSTR
START:  MTBC
START:  MTCH
START:  MTD
START:  MTEX
START:  MTH
START:  MTLS
START:  MTSI
START:  MU
START:  MUSA
START:  MVIS
START:  MXL
START:  MYRG
START:  NBIX
START:  NCBS
START:  NDAQ
START:  NDSN
START:  NEE
START:  NEO
START:  NEOG
START:  NFLX
START:  NICE
START:  NISN
START:  NKE
START:  NOVT
START:  NOW
START:  NSC
START:  NSIT
START:  NSSC
START:  NSTG
START:  NTLA
START:  NTRA
START:  NUAN
START:  NVCR
START:  NVDA
START:  NVMI
START:  NVO
START:  NVR
START:  NXST
START:  NYT
START:  OBCI
START:  ODFL
START:  OEF
START:  OFLX
START:  OLED
START:  OMCL
START:  ON
START:  OOMA
START:  OPRX
START:  ORA
START:  ORCL
START:  ORLY
START:  ORMP
START:  OTEX
START:  PACB
START:  PAG
START:  PANW
START:  PAR
START:  PAYC
START:  PAYX
START:  PBD
START:  PCTY
START:  PEGA
START:  PEN
START:  PENN
START:  PEP
START:  PERI
START:  PFSI
START:  PGR
START:  PH
START:  PHM
START:  PKI
START:  PLL
START:  PLNT
START:  PLUG
START:  PLXS
START:  PODD
START:  POOL
START:  POWI
START:  PRFT
START:  PRI
START:  PRTA
START:  PRTS
START:  PTSI
START:  PWR
START:  PYPL
START:  QADA
START:  QCLN
START:  QDEL
START:  QGEN
START:  QLYS
START:  QQQ
START:  QRVO
START:  QTWO
START:  RADA
START:  RAMP
START:  RBA
START:  RCII
START:  RCKY
START:  RDNT
START:  RDVT
START:  RDWR
START:  REGI
START:  RENN
START:  RGEN
START:  RH
START:  RILY
START:  RIOT
START:  RLI
START:  RLMD
START:  RMD
START:  RNG
START:  ROBO
START:  ROCK
START:  ROK
START:  ROKU
START:  ROL
START:  ROP
START:  ROST
START:  RPD
START:  RPM
START:  RSG
START:  RTH
START:  RUN
START:  RXI
START:  SAIA
START:  SAIC
START:  SAM
START:  SAVA
START:  SCI
START:  SCL
START:  SE
START:  SEAS
START:  SEDG
START:  SFBS
START:  SGEN
START:  SGMS
START:  SGRY
START:  SHOP
START:  SHW
START:  SHYF
START:  SITE
START:  SIVB
START:  SJW
START:  SKY
START:  SLAB
START:  SLP
START:  SMH
START:  SMTC
START:  SNAP
START:  SNPS
START:  SOCL
START:  SOXL
START:  SPGI
START:  SPLG
START:  SPLK
START:  SPNS
START:  SPSC
START:  SPTM
START:  SPWH
START:  SPWR
START:  SPXC
START:  SPXL
START:  SPY
START:  SPYG
START:  SQ
START:  SSD
START:  SSNC
START:  SSTK
START:  STAA
START:  STE
START:  SUSA
START:  SYK
START:  SYNA
START:  TBBK
START:  TBK
START:  TDG
START:  TDOC
START:  TDY
START:  TEAM
START:  TECH
START:  TECL
START:  TER
START:  TFX
START:  TGH
START:  TGLS
START:  TGT
START:  TGTX
START:  THC
START:  TJX
START:  TMO
START:  TMUS
START:  TNDM
START:  TNET
START:  TPX
START:  TREX
START:  TRI
START:  TRIL
START:  TRMB
START:  TRNS
START:  TROW
START:  TRU
START:  TRUP
START:  TSCO
START:  TSLA
START:  TSM
START:  TT
START:  TTC
START:  TTD
START:  TTEC
START:  TTEK
START:  TTGT
START:  TTWO
START:  TWLO
START:  TXN
START:  TYL
START:  UCTT
START:  UFPI
START:  UFPT
START:  UI
START:  UMC
START:  UNF
START:  UNH
START:  UNP
START:  UPLD
START:  URI
START:  V
START:  VALU
START:  VBK
START:  VCEL
START:  VCR
START:  VCTR
START:  VCYT
START:  VDC
START:  VEEV
START:  VERU
START:  VGT
START:  VHT
START:  VIAV
START:  VICR
START:  VIG
START:  VO
START:  VONE
START:  VONG
START:  VOO
START:  VOOG
START:  VOOV
START:  VOT
START:  VPU
START:  VRNS
START:  VRSK
START:  VRSN
START:  VRTV
START:  VSTO
START:  VTHR
START:  VTI
START:  VTNR
START:  VTWG
START:  VUG
START:  VV
START:  VXF
START:  WCN
START:  WD
START:  WDAY
START:  WDFC
START:  WEC
START:  WEN
START:  WINA
START:  WING
START:  WIRE
START:  WIX
START:  WK
START:  WLTW
START:  WM
START:  WMS
START:  WNS
START:  WRB
START:  WSC
START:  WSM
START:  WST
START:  WTRG
START:  WTS
START:  XEL
START:  XENE
START:  XLK
START:  XLNX
START:  XLP
START:  XLRN
START:  XLU
START:  XLV
START:  XLY
START:  XYL
START:  YNDX
START:  YORW
START:  YUM
START:  Z
START:  ZBRA
START:  ZEN
START:  ZLAB
START:  ZNGA
START:  ZS
START:  ZTS
START:  ZYXI
==== MACD golden cross ====
None
code: AOSL     day: macd + hist + hist_1pre + ,  Week: macd + hist + hist_1pre - , Month: macd + hist + hist_1pre + , 
Trade --> code: AOSL   BUY: 2014-12-31    8.85 SELL: 2015-05-31    8.20  macd:   -0.03 macd_count:   5 profit:  0.93
Trade --> code: AOSL   BUY: 2015-11-30    9.74 SELL: 2018-07-31   13.36  macd:   -0.09 macd_count:  32 profit:  1.37
Trade --> code: AOSL   BUY: 2020-10-31   15.86 SELL: 2022-02-28   53.77  macd:    8.10 macd_count:  17 profit:  3.39

code: AZPN     day: macd - hist + hist_1pre + ,  Week: macd + hist + hist_1pre - , Month: macd + hist + hist_1pre + , 
Trade --> code: AZPN   BUY: 2005-12-31    7.85 SELL: 2008-11-30    6.95  macd:   -0.31 macd_count:  35 profit:  0.89
Trade --> code: AZPN   BUY: 2010-06-30   10.89 SELL: 2016-03-31   36.13  macd:   -0.07 macd_count:  69 profit:  3.32
Trade --> code: AZPN   BUY: 2016-06-30   40.24 SELL: 2022-02-28  152.41  macd:    8.99 macd_count:  69 profit:  3.79

code: CSL      day: macd + hist + hist_1pre + ,  Week: macd + hist + hist_1pre - , Month: macd + hist + hist_1pre + , 
Trade --> code: CSL    BUY: 2004-07-31   31.75 SELL: 2008-03-31   33.44  macd:   -0.31 macd_count:  44 profit:  1.05
Trade --> code: CSL    BUY: 2010-02-28   34.30 SELL: 2022-02-28  237.40  macd:   23.84 macd_count: 145 profit:  6.92

code: FTNT     day: macd + hist + hist_1pre + ,  Week: macd + hist + hist_1pre - , Month: macd + hist + hist_1pre + , 
Trade --> code: FTNT   BUY: 2012-03-31   27.65 SELL: 2013-11-30   17.10  macd:   -0.12 macd_count:  20 profit:  0.62
Trade --> code: FTNT   BUY: 2014-02-28   23.15 SELL: 2022-02-28  344.52  macd:   54.58 macd_count:  97 profit: 14.88

code: HEI      day: macd + hist + hist_1pre + ,  Week: macd + hist + hist_1pre - , Month: macd + hist + hist_1pre - , 
Trade --> code: HEI    BUY: 2004-07-31    3.68 SELL: 2008-11-30    6.74  macd:   -0.02 macd_count:  52 profit:  1.83
Trade --> code: HEI    BUY: 2009-12-31    9.30 SELL: 2022-02-28  147.51  macd:    8.77 macd_count: 147 profit: 15.87

code: STE      day: macd + hist + hist_1pre + ,  Week: macd + hist + hist_1pre - , Month: macd + hist + hist_1pre + , 
Trade --> code: STE    BUY: 2005-02-28   24.75 SELL: 2006-07-31   23.17  macd:   -0.03 macd_count:  17 profit:  0.94
Trade --> code: STE    BUY: 2006-10-31   24.37 SELL: 2009-03-31   23.28  macd:   -0.20 macd_count:  29 profit:  0.96
Trade --> code: STE    BUY: 2009-09-30   30.45 SELL: 2012-01-31   30.08  macd:   -0.07 macd_count:  28 profit:  0.99
Trade --> code: STE    BUY: 2012-09-30   35.47 SELL: 2022-02-28  240.00  macd:   19.83 macd_count: 114 profit:  6.77

code: UFPI     day: macd + hist + hist_1pre + ,  Week: macd + hist + hist_1pre - , Month: macd + hist + hist_1pre + , 
Trade --> code: UFPI   BUY: 2004-07-31   10.21 SELL: 2007-07-31   13.19  macd:   -0.22 macd_count:  36 profit:  1.29
Trade --> code: UFPI   BUY: 2009-09-30   13.15 SELL: 2010-08-31    8.64  macd:   -0.20 macd_count:  11 profit:  0.66
Trade --> code: UFPI   BUY: 2011-03-31   12.22 SELL: 2011-04-30   10.76  macd:   -0.01 macd_count:   1 profit:  0.88
Trade --> code: UFPI   BUY: 2012-05-31   12.55 SELL: 2019-01-31   30.82  macd:   -0.02 macd_count:  80 profit:  2.46
Trade --> code: UFPI   BUY: 2019-04-30   36.95 SELL: 2022-02-28   85.75  macd:    8.96 macd_count:  35 profit:  2.32

