Sun Mar 13 13:49:34 UTC 2022
arg[0]: scraping/yahoo-finace-api2.py, arg[1]: stock-code-list/buy-list.txt
===========================
scraping
===========================
START:  TOK
END:    0.6323089599609375
-
START:  AAPL
END:    1.6934230327606201
-
START:  EL
END:    2.382361888885498
-
START:  NEE
END:    2.9714536666870117
-
START:  AMD
END:    3.703378438949585
-
START:  APH
END:    4.232614278793335
-
START:  XLP
END:    4.917342185974121
-
START:  SPXL
END:    5.330546140670776
-
START:  KEYS
END:    5.806607484817505
-
START:  VDC
END:    6.5853729248046875
-
START:  CMA
END:    7.295941352844238
-
START:  AVY
END:    7.875902414321899
-
START:  SPTM
END:    8.58452320098877
-
START:  SPLG
END:    9.188066482543945
-
START:  CROX
END:    9.57198166847229
-
START:  DAVA
END:    9.885855436325073
-
START:  AWR
END:    10.518138885498047
-
START:  FN
END:    11.091665983200073
-
START:  NXST
END:    11.706957340240479
-
START:  BMI
END:    12.506143808364868
-
START:  GLOB
END:    12.955131769180298
-
START:  ARES
END:    13.320724487304688
-
START:  SJW
END:    14.021291255950928
-
START:  NVDA
END:    14.679778575897217
-
START:  BBDC
END:    15.183195352554321
-
START:  CELH
END:    15.605837345123291
-
START:  RDNT
END:    16.279733419418335
-
START:  ROK
END:    17.02902364730835
-
START:  AVXL
END:    17.52026677131653
-
START:  HCI
END:    18.09510850906372
-
START:  LIT
END:    18.601737022399902
-
START:  LLY
END:    19.29666042327881
-
START:  MCD
END:    19.935365200042725
-
START:  MSI
END:    20.788330078125
-
START:  ON
END:    21.60997724533081
-
START:  ISRG
END:    22.24201536178589
-
START:  GME
END:    22.87131142616272
-
START:  WNS
END:    23.31430959701538
-
===========================
MACD sell
===========================
START:  TOK
START:  AAPL
START:  EL
START:  NEE
START:  AMD
START:  APH
START:  XLP
START:  SPXL
START:  KEYS
START:  VDC
START:  CMA
START:  AVY
START:  SPTM
START:  SPLG
START:  CROX
START:  DAVA
START:  AWR
START:  FN
START:  NXST
START:  BMI
START:  GLOB
START:  ARES
START:  SJW
START:  NVDA
START:  BBDC
START:  CELH
START:  RDNT
START:  ROK
START:  AVXL
START:  HCI
START:  LIT
START:  LLY
START:  MCD
START:  MSI
START:  ON
START:  ISRG
START:  GME
START:  WNS
==== MACD list ====
code: TOK      day: macd - hist - ,  Week: macd - hist - , Month: macd + hist - , 
code: AAPL     day: macd - hist - ,  Week: macd + hist - , Month: macd + hist - , 
code: EL       day: macd - hist - ,  Week: macd - hist - , Month: macd + hist - , 
code: NEE      day: macd + hist + ,  Week: macd - hist + , Month: macd + hist - , 
code: AMD      day: macd - hist - ,  Week: macd - hist - , Month: macd + hist - , 
code: APH      day: macd - hist - ,  Week: macd - hist - , Month: macd + hist - , 
code: XLP      day: macd - hist - ,  Week: macd + hist - , Month: macd + hist - , 
code: SPXL     day: macd - hist - ,  Week: macd - hist - , Month: macd + hist - , 
code: KEYS     day: macd - hist - ,  Week: macd - hist - , Month: macd + hist - , 
code: VDC      day: macd - hist - ,  Week: macd + hist - , Month: macd + hist - , 
code: CMA      day: macd - hist - ,  Week: macd + hist - , Month: macd + hist + , 
code: AVY      day: macd - hist - ,  Week: macd - hist - , Month: macd + hist - , 
code: SPTM     day: macd - hist - ,  Week: macd - hist - , Month: macd + hist - , 
code: SPLG     day: macd - hist - ,  Week: macd - hist - , Month: macd + hist - , 
code: CROX     day: macd - hist + ,  Week: macd - hist - , Month: macd + hist - , 
code: DAVA     day: macd - hist - ,  Week: macd - hist - , Month: macd + hist - , 
code: AWR      day: macd - hist + ,  Week: macd - hist - , Month: macd + hist - , 
code: FN       day: macd - hist + ,  Week: macd - hist - , Month: macd + hist - , 
code: NXST     day: macd + hist - ,  Week: macd + hist + , Month: macd + hist + , 
code: BMI      day: macd - hist - ,  Week: macd - hist - , Month: macd + hist - , 
code: GLOB     day: macd - hist - ,  Week: macd - hist - , Month: macd + hist - , 
code: ARES     day: macd - hist - ,  Week: macd - hist - , Month: macd + hist - , 
code: SJW      day: macd + hist + ,  Week: macd - hist - , Month: macd + hist - , 
code: NVDA     day: macd - hist - ,  Week: macd - hist - , Month: macd + hist - , 
code: BBDC     day: macd - hist - ,  Week: macd - hist - , Month: macd + hist + , 
code: CELH     day: macd - hist - ,  Week: macd - hist + , Month: macd + hist - , 
code: RDNT     day: macd - hist - ,  Week: macd - hist - , Month: macd + hist - , 
code: ROK      day: macd - hist + ,  Week: macd - hist - , Month: macd + hist - , 
code: AVXL     day: macd - hist + ,  Week: macd - hist - , Month: macd + hist - , 
code: HCI      day: macd - hist + ,  Week: macd - hist + , Month: macd + hist - , 
code: LIT      day: macd - hist - ,  Week: macd - hist - , Month: macd + hist - , 
code: LLY      day: macd + hist + ,  Week: macd + hist + , Month: macd + hist + , 
code: MCD      day: macd - hist - ,  Week: macd - hist - , Month: macd + hist - , 
code: MSI      day: macd - hist + ,  Week: macd - hist - , Month: macd + hist - , 
code: ON       day: macd - hist - ,  Week: macd + hist - , Month: macd + hist + , 
code: ISRG     day: macd - hist - ,  Week: macd - hist - , Month: macd + hist - , 
code: GME      day: macd - hist - ,  Week: macd - hist - , Month: macd + hist - , 
code: WNS      day: macd - hist + ,  Week: macd - hist - , Month: macd + hist - , 
==== MACD sell list ====
code: TOK      day: macd - hist - , 
code: TOK      day: macd - hist - ,  Week: macd - hist - , 
code: TOK      day: macd - hist - ,  Week: macd - hist - , Month: macd + hist - , 
code: AAPL     day: macd - hist - , 
code: AAPL     day: macd - hist - ,  Week: macd + hist - , 
code: AAPL     day: macd - hist - ,  Week: macd + hist - , Month: macd + hist - , 
code: EL       day: macd - hist - , 
code: EL       day: macd - hist - ,  Week: macd - hist - , 
code: EL       day: macd - hist - ,  Week: macd - hist - , Month: macd + hist - , 
code: NEE      day: macd + hist + ,  Week: macd - hist + , Month: macd + hist - , 
code: AMD      day: macd - hist - , 
code: AMD      day: macd - hist - ,  Week: macd - hist - , 
code: AMD      day: macd - hist - ,  Week: macd - hist - , Month: macd + hist - , 
code: APH      day: macd - hist - , 
code: APH      day: macd - hist - ,  Week: macd - hist - , 
code: APH      day: macd - hist - ,  Week: macd - hist - , Month: macd + hist - , 
code: XLP      day: macd - hist - , 
code: XLP      day: macd - hist - ,  Week: macd + hist - , 
code: XLP      day: macd - hist - ,  Week: macd + hist - , Month: macd + hist - , 
code: SPXL     day: macd - hist - , 
code: SPXL     day: macd - hist - ,  Week: macd - hist - , 
code: SPXL     day: macd - hist - ,  Week: macd - hist - , Month: macd + hist - , 
code: KEYS     day: macd - hist - , 
code: KEYS     day: macd - hist - ,  Week: macd - hist - , 
code: KEYS     day: macd - hist - ,  Week: macd - hist - , Month: macd + hist - , 
code: VDC      day: macd - hist - , 
code: VDC      day: macd - hist - ,  Week: macd + hist - , 
code: VDC      day: macd - hist - ,  Week: macd + hist - , Month: macd + hist - , 
code: CMA      day: macd - hist - , 
code: CMA      day: macd - hist - ,  Week: macd + hist - , 
code: AVY      day: macd - hist - , 
code: AVY      day: macd - hist - ,  Week: macd - hist - , 
code: AVY      day: macd - hist - ,  Week: macd - hist - , Month: macd + hist - , 
code: SPTM     day: macd - hist - , 
code: SPTM     day: macd - hist - ,  Week: macd - hist - , 
code: SPTM     day: macd - hist - ,  Week: macd - hist - , Month: macd + hist - , 
code: SPLG     day: macd - hist - , 
code: SPLG     day: macd - hist - ,  Week: macd - hist - , 
code: SPLG     day: macd - hist - ,  Week: macd - hist - , Month: macd + hist - , 
code: CROX     day: macd - hist + ,  Week: macd - hist - , 
code: CROX     day: macd - hist + ,  Week: macd - hist - , Month: macd + hist - , 
code: DAVA     day: macd - hist - , 
code: DAVA     day: macd - hist - ,  Week: macd - hist - , 
code: DAVA     day: macd - hist - ,  Week: macd - hist - , Month: macd + hist - , 
code: AWR      day: macd - hist + ,  Week: macd - hist - , 
code: AWR      day: macd - hist + ,  Week: macd - hist - , Month: macd + hist - , 
code: FN       day: macd - hist + ,  Week: macd - hist - , 
code: FN       day: macd - hist + ,  Week: macd - hist - , Month: macd + hist - , 
code: NXST     day: macd + hist - , 
code: BMI      day: macd - hist - , 
code: BMI      day: macd - hist - ,  Week: macd - hist - , 
code: BMI      day: macd - hist - ,  Week: macd - hist - , Month: macd + hist - , 
code: GLOB     day: macd - hist - , 
code: GLOB     day: macd - hist - ,  Week: macd - hist - , 
code: GLOB     day: macd - hist - ,  Week: macd - hist - , Month: macd + hist - , 
code: ARES     day: macd - hist - , 
code: ARES     day: macd - hist - ,  Week: macd - hist - , 
code: ARES     day: macd - hist - ,  Week: macd - hist - , Month: macd + hist - , 
code: SJW      day: macd + hist + ,  Week: macd - hist - , 
code: SJW      day: macd + hist + ,  Week: macd - hist - , Month: macd + hist - , 
code: NVDA     day: macd - hist - , 
code: NVDA     day: macd - hist - ,  Week: macd - hist - , 
code: NVDA     day: macd - hist - ,  Week: macd - hist - , Month: macd + hist - , 
code: BBDC     day: macd - hist - , 
code: BBDC     day: macd - hist - ,  Week: macd - hist - , 
code: CELH     day: macd - hist - , 
code: CELH     day: macd - hist - ,  Week: macd - hist + , Month: macd + hist - , 
code: RDNT     day: macd - hist - , 
code: RDNT     day: macd - hist - ,  Week: macd - hist - , 
code: RDNT     day: macd - hist - ,  Week: macd - hist - , Month: macd + hist - , 
code: ROK      day: macd - hist + ,  Week: macd - hist - , 
code: ROK      day: macd - hist + ,  Week: macd - hist - , Month: macd + hist - , 
code: AVXL     day: macd - hist + ,  Week: macd - hist - , 
code: AVXL     day: macd - hist + ,  Week: macd - hist - , Month: macd + hist - , 
code: HCI      day: macd - hist + ,  Week: macd - hist + , Month: macd + hist - , 
code: LIT      day: macd - hist - , 
code: LIT      day: macd - hist - ,  Week: macd - hist - , 
code: LIT      day: macd - hist - ,  Week: macd - hist - , Month: macd + hist - , 
code: MCD      day: macd - hist - , 
code: MCD      day: macd - hist - ,  Week: macd - hist - , 
code: MCD      day: macd - hist - ,  Week: macd - hist - , Month: macd + hist - , 
code: MSI      day: macd - hist + ,  Week: macd - hist - , 
code: MSI      day: macd - hist + ,  Week: macd - hist - , Month: macd + hist - , 
code: ON       day: macd - hist - , 
code: ON       day: macd - hist - ,  Week: macd + hist - , 
code: ISRG     day: macd - hist - , 
code: ISRG     day: macd - hist - ,  Week: macd - hist - , 
code: ISRG     day: macd - hist - ,  Week: macd - hist - , Month: macd + hist - , 
code: GME      day: macd - hist - , 
code: GME      day: macd - hist - ,  Week: macd - hist - , 
code: GME      day: macd - hist - ,  Week: macd - hist - , Month: macd + hist - , 
code: WNS      day: macd - hist + ,  Week: macd - hist - , 
code: WNS      day: macd - hist + ,  Week: macd - hist - , Month: macd + hist - , 
===========================
profit
===========================
arg[0]: scraping/yahoo-finace-api2.py, arg[1]: stock-code-list/up-month.txt
===========================
scraping
===========================
START:  A
END:    0.746105432510376
-
START:  AAON
END:    1.3706328868865967
-
START:  AAPL
END:    2.154677629470825
-
START:  ABG
END:    2.693571090698242
-
START:  ABT
END:    3.4243743419647217
-
START:  ACLS
END:    3.927855968475342
-
START:  ACMR
END:    4.172892093658447
-
START:  ACN
END:    4.823312759399414
-
START:  ADBE
END:    5.453723907470703
-
START:  ADI
END:    6.046221494674683
-
START:  ADP
END:    6.880310297012329
-
START:  ADSK
END:    7.542919158935547
-
START:  ADUS
END:    8.104788303375244
-
START:  AEE
END:    8.645238399505615
-
START:  AGYS
END:    9.306445360183716
-
START:  AIZ
END:    10.0479736328125
-
START:  AJG
END:    10.712767601013184
-
START:  AJRD
END:    11.302788019180298
-
START:  ALB
END:    11.846065282821655
-
START:  ALG
END:    12.54471206665039
-
START:  ALGN
END:    13.300259113311768
-
START:  ALLE
END:    13.764440298080444
-
START:  ALTR
END:    14.073554515838623
-
START:  AMAT
END:    14.877062320709229
-
START:  AMBA
END:    15.414692640304565
-
START:  AMD
END:    15.969034671783447
-
START:  AME
END:    16.625350952148438
-
START:  AMED
END:    17.262330770492554
-
START:  AMEH
END:    17.766570568084717
-
START:  AMGN
END:    18.289926767349243
-
START:  AMN
END:    18.778762102127075
-
START:  AMP
END:    19.32958221435547
-
START:  AMRC
END:    19.898258924484253
-
START:  AMSWA
END:    20.662312269210815
-
START:  AMTX
END:    21.287400722503662
-
START:  AMZN
END:    21.912024974822998
-
START:  AN
END:    22.708946704864502
-
START:  ANSS
END:    23.65436100959778
-
START:  ANTM
END:    24.259759664535522
-
START:  AON
END:    25.059305906295776
-
START:  AOSL
END:    25.514168739318848
-
START:  APD
END:    26.09349799156189
-
START:  APH
END:    26.736093282699585
-
START:  APPF
END:    27.076884269714355
-
START:  APPN
END:    27.455929040908813
-
START:  APPS
END:    27.942410230636597
-
START:  AQN
END:    28.433715343475342
-
START:  ARCB
END:    29.138046264648438
-
START:  ARCT
END:    29.48566699028015
-
START:  ARES
END:    29.877069234848022
-
START:  ARGX
END:    30.232737064361572
-
START:  ARWR
END:    30.77591562271118
-
START:  ASML
END:    31.419912576675415
-
START:  ASPN
END:    31.789384603500366
-
START:  ATEC
END:    32.217583417892456
-
START:  ATEN
END:    32.51507019996643
-
START:  ATKR
END:    32.88010811805725
-
START:  ATOM
END:    33.309993267059326
-
START:  ATR
END:    33.9889771938324
-
START:  ATRC
END:    34.46096658706665
-
START:  AUDC
END:    35.11339616775513
-
START:  AUPH
END:    35.48666596412659
-
START:  AVAV
END:    36.12558555603027
-
START:  AVGO
END:    36.639233350753784
-
START:  AVID
END:    37.30814790725708
-
START:  AVNW
END:    37.804665327072144
-
START:  AVXL
END:    38.38661980628967
-
START:  AVY
END:    39.08835697174072
-
START:  AWK
END:    39.66032266616821
-
START:  AWR
END:    40.38461661338806
-
START:  AXON
END:    41.13769030570984
-
START:  AZO
END:    41.78049111366272
-
START:  AZPN
END:    42.47064971923828
-
START:  BAH
END:    42.84783625602722
-
START:  BAM
END:    43.433773040771484
-
START:  BAX
END:    44.06328320503235
-
START:  BBH
END:    44.816394567489624
-
START:  BBQ
END:    45.406893730163574
-
START:  BBY
END:    46.1668336391449
-
START:  BCPC
END:    46.85519289970398
-
START:  BDX
END:    47.55223250389099
-
START:  BEEM
END:    48.0944607257843
-
START:  BFAM
END:    48.465638637542725
-
START:  BFC
END:    48.920501708984375
-
START:  BGFV
END:    49.449090242385864
-
START:  BGNE
END:    49.79967737197876
-
START:  BHVN
END:    50.1988685131073
-
START:  BIO
END:    50.65891933441162
-
START:  BL
END:    51.080793380737305
-
START:  BLD
END:    51.36226797103882
-
START:  BLDP
END:    51.96876549720764
-
START:  BLDR
END:    52.53138184547424
-
START:  BLFS
END:    53.06617832183838
-
START:  BLK
END:    53.707536697387695
-
START:  BLL
END:    54.37851405143738
-
START:  BLNK
END:    54.837849140167236
-
START:  BMI
END:    55.39539623260498
-
START:  BOOT
END:    55.80312967300415
-
START:  BOTZ
END:    56.12027978897095
-
START:  BR
END:    56.70048260688782
-
START:  BRKR
END:    57.47430229187012
-
START:  BRKS
Not Found: No data found, symbol may be delisted
START:  BRO
END:    58.190829038619995
-
START:  BURL
END:    58.57307147979736
-
START:  BX
END:    59.125014543533325
-
START:  CABO
END:    59.64581918716431
-
START:  CACI
END:    60.13212180137634
-
START:  CALX
END:    60.688299894332886
-
START:  CAMT
END:    61.360528230667114
-
START:  CAR
END:    61.89478373527527
-
START:  CBRE
END:    62.60975408554077
-
START:  CBSH
END:    63.163899183273315
-
START:  CBZ
END:    63.60240912437439
-
START:  CCOI
END:    64.04427766799927
-
START:  CCS
END:    64.48013949394226
-
START:  CDMO
END:    64.94769477844238
-
START:  CDNA
END:    65.33322429656982
-
START:  CDNS
END:    65.95264410972595
-
START:  CDW
END:    66.34990620613098
-
START:  CELH
END:    66.78823065757751
-
START:  CGNX
END:    67.47871685028076
-
START:  CHD
END:    68.15498971939087
-
START:  CHDN
END:    68.66787338256836
-
START:  CHE
END:    69.25261235237122
-
START:  CHGG
END:    69.576336145401
-
START:  CHH
END:    70.20381021499634
-
START:  CHKP
END:    70.8441960811615
-
START:  CHTR
END:    71.33733916282654
-
START:  CIEN
END:    71.94604134559631
-
START:  CLAR
END:    72.57569003105164
-
START:  CLFD
END:    73.2661190032959
-
START:  CLGN
END:    73.60744857788086
-
START:  CLNE
END:    74.10243391990662
-
START:  CLPT
END:    74.52978730201721
-
START:  CLX
END:    75.10459518432617
-
START:  CMCSA
END:    75.91161823272705
-
START:  CMG
END:    76.61255836486816
-
START:  CMS
END:    77.13865375518799
-
START:  CNC
END:    77.71849608421326
-
START:  CNI
END:    78.51434779167175
-
START:  CNMD
END:    79.21262407302856
-
START:  CNS
END:    79.8346757888794
-
START:  CNXN
END:    80.47417140007019
-
START:  COO
END:    81.29220843315125
-
START:  COST
END:    81.9864673614502
-
START:  COUP
END:    82.27591824531555
-
START:  COWN
END:    82.91579079627991
-
START:  CP
END:    83.71297264099121
-
START:  CPK
END:    84.39070677757263
-
START:  CPRT
END:    85.01402592658997
-
START:  CPSH
END:    85.49530863761902
-
START:  CRAI
END:    86.13633441925049
-
START:  CREE
Not Found: No data found, symbol may be delisted
START:  CRL
END:    87.00647258758545
-
START:  CRM
END:    87.64287567138672
-
START:  CRMT
END:    88.38726925849915
-
START:  CROX
END:    88.92646384239197
-
START:  CRSP
END:    89.29703092575073
-
START:  CRVL
END:    89.84242272377014
-
START:  CSGP
END:    90.36211943626404
-
START:  CSL
END:    90.92396283149719
-
START:  CSWI
END:    91.36311316490173
-
START:  CSX
END:    91.96830606460571
-
START:  CTAS
END:    92.62295746803284
-
START:  CTLT
END:    92.97393846511841
-
START:  CTRN
END:    93.56350231170654
-
START:  CURE
END:    94.0552933216095
-
START:  CVCO
END:    94.67123460769653
-
START:  CVNA
END:    95.07442688941956
-
START:  CWST
END:    95.730477809906
-
START:  CWT
END:    96.41916680335999
-
START:  CXSE
END:    96.96934509277344
-
START:  CYBR
END:    97.39091539382935
-
START:  CYRX
END:    98.03610062599182
-
START:  CYTK
END:    98.68648600578308
-
START:  DAC
END:    99.15393400192261
-
START:  DAR
END:    99.62434434890747
-
START:  DAVA
END:    99.95552492141724
-
START:  DDS
END:    100.50439453125
-
START:  DE
END:    101.13283371925354
-
START:  DECK
END:    101.75277423858643
-
START:  DELL
END:    102.19470429420471
-
START:  DFIN
END:    102.47984194755554
-
START:  DG
END:    102.98315334320068
-
START:  DGRW
END:    103.42359137535095
-
START:  DHI
END:    103.97662663459778
-
START:  DHR
END:    104.54195141792297
-
START:  DIA
END:    105.27734565734863
-
START:  DIOD
END:    105.93514919281006
-
START:  DIS
END:    106.69319152832031
-
START:  DKS
END:    107.23768067359924
-
START:  DLN
END:    107.9824104309082
-
START:  DNLI
END:    108.28885865211487
-
START:  DOMO
END:    108.61596155166626
-
START:  DOV
END:    109.16278147697449
-
START:  DPZ
END:    109.81438279151917
-
START:  DQ
END:    110.28790307044983
-
START:  DRD
END:    110.81405854225159
-
START:  DRIO
END:    111.11064028739929
-
START:  DRNA
Not Found: No data found, symbol may be delisted
START:  DSGX
END:    111.79431319236755
-
START:  DVAX
END:    112.26833462715149
-
START:  DXCM
END:    112.69933247566223
-
START:  ECL
END:    113.25921964645386
-
START:  EFX
END:    113.85598993301392
-
START:  EGAN
END:    114.36175155639648
-
START:  EHC
END:    115.13426470756531
-
START:  EL
END:    115.92520594596863
-
START:  ENPH
END:    116.35139417648315
-
START:  ENSG
END:    116.81084752082825
-
START:  ENTG
END:    117.43499040603638
-
START:  ENV
END:    117.903391122818
-
START:  EPAM
END:    118.44915533065796
-
START:  ERIE
END:    118.99991822242737
-
START:  ES
END:    119.64171600341797
-
START:  ESE
END:    120.30675315856934
-
START:  ETN
END:    120.84086346626282
-
START:  ETSY
END:    121.24837303161621
-
START:  EVBG
END:    121.6707329750061
-
START:  EVTC
END:    122.19663572311401
-
START:  EW
END:    122.70018243789673
-
START:  EWT
END:    123.41390991210938
-
START:  EXAS
END:    124.16439270973206
-
START:  EXLS
END:    124.606520652771
-
START:  EXPD
END:    125.17632031440735
-
START:  EXPI
END:    125.51383805274963
-
START:  EXPO
END:    126.28431344032288
-
START:  FAST
END:    126.96229410171509
-
START:  FATE
END:    127.50245928764343
-
START:  FB
END:    127.94005918502808
-
START:  FCN
END:    128.4540138244629
-
START:  FCX
END:    129.00375056266785
-
START:  FDN
END:    129.53357529640198
-
START:  FDS
END:    130.21905088424683
-
START:  FELE
END:    130.9054102897644
-
START:  FFIN
END:    131.5858473777771
-
START:  FICO
END:    132.17834663391113
-
START:  FINX
END:    132.5395143032074
-
START:  FIS
END:    133.0947403907776
-
START:  FISV
END:    133.7243208885193
-
START:  FIVE
END:    134.16842484474182
-
START:  FIVN
END:    134.6714255809784
-
START:  FLGT
END:    134.99760246276855
-
START:  FLT
END:    135.4911937713623
-
START:  FLWS
END:    136.23851108551025
-
START:  FN
END:    136.70300364494324
-
START:  FND
END:    137.03555488586426
-
START:  FNV
END:    137.452730178833
-
START:  FORM
END:    138.18070220947266
-
START:  FOXF
END:    138.61403584480286
-
START:  FPX
END:    139.1342692375183
-
START:  FRC
END:    139.57455801963806
-
START:  FRHC
END:    139.8823721408844
-
START:  FRPT
END:    140.31487131118774
-
START:  FSS
END:    141.03782391548157
-
START:  FTNT
END:    141.44850277900696
-
START:  FUV
END:    141.72881984710693
-
START:  GDEN
END:    142.25418496131897
-
START:  GFI
END:    142.88841366767883
-
START:  GGG
END:    143.43891739845276
-
START:  GIB
END:    143.90901970863342
-
START:  GLDD
END:    144.41369009017944
-
START:  GLOB
END:    144.88890838623047
-
START:  GMAB
END:    145.46437215805054
-
START:  GME
END:    146.02378249168396
-
START:  GMED
END:    146.44781374931335
-
START:  GNRC
END:    146.83373880386353
-
START:  GNSS
END:    147.32214736938477
-
START:  GNTX
END:    147.95964670181274
-
START:  GOLF
END:    148.2470691204071
-
START:  GOOG
END:    148.82813596725464
-
START:  GOOGL
END:    149.47695779800415
-
START:  GPI
END:    150.04316449165344
-
START:  GPN
END:    150.75933694839478
-
START:  GRBK
END:    151.412823677063
-
START:  GRMN
END:    152.19699668884277
-
START:  GRVY
END:    152.67050862312317
-
START:  GRWG
END:    152.99921536445618
-
START:  GWRE
END:    153.45497679710388
-
START:  HACK
END:    153.80813336372375
-
START:  HALO
END:    154.41514778137207
-
START:  HCI
END:    154.9625859260559
-
START:  HD
END:    155.69348406791687
-
START:  HEI
END:    156.51334428787231
-
START:  HELE
END:    157.26911163330078
-
START:  HIBB
END:    157.90227031707764
-
START:  HLI
END:    158.2671182155609
-
START:  HLT
END:    158.71857333183289
-
START:  HOLX
END:    159.22334909439087
-
START:  HON
END:    160.08118391036987
-
START:  HOV
END:    160.63649678230286
-
START:  HRC
Not Found: No data found, symbol may be delisted
START:  HRI
END:    161.46817326545715
-
START:  HSKA
END:    161.92003917694092
-
START:  HTHT
END:    162.29659032821655
-
START:  HUBS
END:    162.7342405319214
-
START:  HUM
END:    163.46539306640625
-
START:  HZNP
END:    163.8452808856964
-
START:  IAC
END:    164.53182339668274
-
START:  IBP
END:    164.97609305381775
-
START:  ICE
END:    165.43590116500854
-
START:  ICLN
END:    166.03094005584717
-
START:  ICLR
END:    166.53795647621155
-
START:  IDT
END:    167.01147079467773
-
START:  IDXX
END:    167.76545882225037
-
START:  IESC
END:    168.38794040679932
-
START:  IEX
END:    169.0824909210205
-
START:  ILMN
END:    169.72361278533936
-
START:  INFO
END:    170.4539177417755
-
START:  INOV
Not Found: No data found, symbol may be delisted
START:  INSP
END:    170.9859116077423
-
START:  INTC
END:    171.58117938041687
-
START:  INTU
END:    172.15294885635376
-
START:  INTZ
END:    172.64541339874268
-
START:  INVE
END:    173.26184821128845
-
START:  IOO
END:    174.05351948738098
-
START:  IQV
END:    174.49433016777039
-
START:  IRDM
END:    174.92995309829712
-
START:  IRMD
END:    175.29929637908936
-
START:  ISEE
END:    175.8233368396759
-
START:  ISRG
END:    176.5869903564453
-
START:  IT
END:    177.33753275871277
-
START:  ITT
END:    178.1616508960724
-
START:  ITW
END:    178.72064971923828
-
START:  IVOG
END:    179.1666181087494
-
START:  IVV
END:    179.77296590805054
-
START:  IXJ
END:    180.43810510635376
-
START:  IXN
END:    181.221040725708
-
START:  J
END:    181.98444199562073
-
START:  JBL
END:    182.75848126411438
-
START:  JBSS
END:    183.54499340057373
-
START:  JD
END:    184.04872345924377
-
START:  JKHY
END:    184.5956847667694
-
START:  JKS
END:    185.06239795684814
-
START:  JNJ
END:    185.85812497138977
-
START:  JOE
END:    186.46978449821472
-
START:  JOUT
END:    186.99895024299622
-
START:  JYNT
END:    187.40731811523438
-
START:  KAI
END:    188.04358649253845
-
START:  KBH
END:    188.8045220375061
-
START:  KBR
END:    189.29036593437195
-
START:  KDMN
Not Found: No data found, symbol may be delisted
START:  KEYS
END:    189.9276463985443
-
START:  KLAC
END:    190.58125567436218
-
START:  KLIC
END:    191.3229570388794
-
START:  KMX
END:    191.97275948524475
-
START:  KNSL
END:    192.42247581481934
-
START:  KOPN
END:    192.99769806861877
-
START:  KOSS
END:    193.6259024143219
-
START:  KRNT
END:    193.95865893363953
-
START:  KSU
Not Found: No data found, symbol may be delisted
START:  KTOS
END:    194.82689499855042
-
START:  LAC
END:    195.3354754447937
-
START:  LAD
END:    196.04870462417603
-
START:  LANC
END:    196.73819780349731
-
START:  LAWS
END:    197.2839879989624
-
START:  LDOS
END:    197.7700605392456
-
START:  LFMD
END:    198.18745589256287
-
START:  LGIH
END:    198.54111099243164
-
START:  LH
END:    199.1244707107544
-
START:  LHCG
END:    199.54837822914124
-
START:  LHX
END:    200.13937187194824
-
START:  LII
END:    200.80505633354187
-
START:  LIN
END:    201.50960111618042
-
START:  LINC
END:    202.0431785583496
-
START:  LIT
END:    202.62739825248718
-
START:  LLY
END:    203.199205160141
-
START:  LMT
END:    203.78524684906006
-
START:  LNT
END:    204.3280508518219
-
START:  LOB
END:    204.67367243766785
-
START:  LOGI
END:    205.31805038452148
-
START:  LOVE
END:    205.60941529273987
-
START:  LOW
END:    206.32804131507874
-
START:  LPLA
END:    206.81209683418274
-
START:  LPSN
END:    207.30789732933044
-
START:  LQDT
END:    207.85487699508667
-
START:  LRCX
END:    208.54298996925354
-
START:  LSCC
END:    209.0436737537384
-
START:  LSTR
END:    209.6889510154724
-
START:  LULU
END:    210.2747504711151
-
START:  LUNA
END:    210.68200421333313
-
START:  MA
END:    211.28755855560303
-
START:  MANH
END:    212.04327583312988
-
START:  MANT
END:    212.5607442855835
-
START:  MARA
END:    213.08244800567627
-
START:  MASI
END:    213.52024793624878
-
START:  MATX
END:    214.2021679878235
-
START:  MBUU
END:    214.6222367286682
-
START:  MCD
END:    215.20885610580444
-
START:  MCHP
END:    215.74948358535767
-
START:  MCO
END:    216.42575526237488
-
START:  MDB
END:    216.76584577560425
-
START:  MDT
END:    217.54808282852173
-
START:  MEDP
END:    217.96718287467957
-
START:  MEDS
END:    218.3524317741394
-
START:  MELI
END:    218.92297744750977
-
START:  MGC
END:    219.44854187965393
-
START:  MGIC
END:    220.10602712631226
-
START:  MGK
END:    221.9525067806244
-
START:  MGNI
END:    223.19967985153198
-
START:  MHO
END:    225.080664396286
-
START:  MIME
END:    226.03350019454956
-
START:  MITK
END:    227.2381432056427
-
START:  MKC
END:    228.9556999206543
-
START:  MKSI
END:    230.3302195072174
-
START:  MKTX
END:    231.9290063381195
-
START:  MLAB
END:    233.5032238960266
-
START:  MLR
END:    235.22040510177612
-
START:  MMC
END:    237.04493713378906
-
START:  MMS
END:    239.11042261123657
-
START:  MNMD
END:    240.2246174812317
-
START:  MNST
END:    241.54310822486877
-
START:  MODN
END:    242.53945350646973
-
START:  MODV
END:    244.0223627090454
-
START:  MOH
END:    245.51437044143677
-
START:  MORN
END:    247.02372932434082
-
START:  MPWR
END:    248.52858591079712
-
START:  MRTX
END:    249.3412744998932
-
START:  MRVL
END:    250.84043836593628
-
START:  MS
END:    252.62244415283203
-
START:  MSA
END:    254.02407336235046
-
START:  MSCI
END:    255.26774382591248
-
START:  MSEX
END:    257.16029810905457
-
START:  MSFT
END:    258.6795551776886
-
START:  MSI
END:    260.79607582092285
-
START:  MSTR
END:    262.2455496788025
-
START:  MTBC
END:    263.25370836257935
-
START:  MTCH
END:    264.6116819381714
-
START:  MTD
END:    265.9562771320343
-
START:  MTEX
END:    267.48430943489075
-
START:  MTH
END:    269.4532821178436
-
START:  MTLS
END:    270.39973616600037
-
START:  MTSI
END:    271.3812747001648
-
START:  MU
END:    272.76879239082336
-
START:  MUSA
END:    274.1507887840271
-
START:  MVIS
END:    275.50792241096497
-
START:  MXL
END:    276.75709414482117
-
START:  MYRG
END:    277.6402864456177
-
START:  NBIX
END:    279.0799198150635
-
START:  NCBS
END:    280.2186231613159
-
START:  NDAQ
END:    281.8671832084656
-
START:  NDSN
END:    283.4599950313568
-
START:  NEE
END:    285.4825322628021
-
START:  NEO
END:    286.85613918304443
-
START:  NEOG
END:    288.2284309864044
-
START:  NFLX
END:    289.29549622535706
-
START:  NICE
END:    290.84938955307007
-
START:  NISN
END:    291.8224973678589
-
START:  NKE
END:    293.30094146728516
-
START:  NOVT
END:    294.3495066165924
-
START:  NOW
END:    295.50101685523987
-
START:  NSC
END:    297.0602240562439
-
START:  NSIT
END:    298.56568336486816
-
START:  NSSC
END:    299.7467722892761
-
START:  NSTG
END:    300.6741349697113
-
START:  NTLA
END:    301.6188759803772
-
START:  NTRA
END:    302.7600462436676
-
START:  NUAN
END:    304.4289228916168
-
START:  NVCR
END:    305.550213098526
-
START:  NVDA
END:    307.06691122055054
-
START:  NVMI
END:    308.10929131507874
-
START:  NVO
END:    309.6171896457672
-
START:  NVR
END:    311.13927721977234
-
START:  NXST
END:    312.4045376777649
-
START:  NYT
END:    314.2304344177246
-
START:  OBCI
END:    315.6515498161316
-
START:  ODFL
END:    317.15678429603577
-
START:  OEF
END:    319.2765817642212
-
START:  OFLX
END:    321.0390295982361
-
START:  OLED
END:    322.7295150756836
-
START:  OMCL
END:    323.86415362358093
-
START:  ON
END:    325.17737460136414
-
START:  OOMA
END:    326.032591342926
-
START:  OPRX
END:    327.2664113044739
-
START:  ORA
END:    329.14698100090027
-
START:  ORCL
END:    330.39044284820557
-
START:  ORLY
END:    331.8493046760559
-
START:  ORMP
END:    333.00279474258423
-
START:  OTEX
END:    334.62922406196594
-
START:  PACB
END:    335.75873041152954
-
START:  PAG
END:    337.2813937664032
-
START:  PANW
END:    338.2813787460327
-
START:  PAR
END:    339.65237307548523
-
START:  PAYC
END:    340.860782623291
-
START:  PAYX
END:    342.2573080062866
-
START:  PBD
END:    344.1042733192444
-
START:  PCTY
END:    345.19788217544556
-
START:  PEGA
END:    346.69674706459045
-
START:  PEN
END:    347.5710666179657
-
START:  PENN
END:    349.15599060058594
-
START:  PEP
END:    351.5808198451996
-
START:  PERI
END:    352.95326113700867
-
START:  PFSI
END:    354.21017503738403
-
START:  PGR
END:    355.98217725753784
-
START:  PH
END:    358.21320819854736
-
START:  PHM
END:    360.2518672943115
-
START:  PKI
END:    362.1957817077637
-
START:  PLL
END:    363.16272592544556
-
START:  PLNT
END:    364.1951401233673
-
START:  PLUG
END:    365.5624496936798
-
START:  PLXS
END:    366.7000787258148
-
START:  PODD
END:    367.90903997421265
-
START:  POOL
END:    370.0364863872528
-
START:  POWI
END:    371.506929397583
-
START:  PRFT
END:    372.64642572402954
-
START:  PRI
END:    374.2752778530121
-
START:  PRTA
END:    375.47270679473877
-
START:  PRTS
END:    376.56617283821106
-
START:  PTSI
END:    377.78478598594666
-
START:  PWR
END:    379.25242948532104
-
START:  PYPL
END:    380.54758477211
-
START:  QADA
Not Found: No data found, symbol may be delisted
START:  QCLN
END:    382.0097031593323
-
START:  QDEL
END:    383.16673254966736
-
START:  QGEN
END:    384.8938479423523
-
START:  QLYS
END:    385.8760004043579
-
START:  QQQ
END:    387.9260883331299
-
START:  QRVO
END:    388.896648645401
-
START:  QTWO
END:    390.0118181705475
-
START:  RADA
END:    391.1187834739685
-
START:  RAMP
END:    392.26263403892517
-
START:  RBA
END:    393.9601159095764
-
START:  RCII
END:    395.3409299850464
-
START:  RCKY
END:    397.06344628334045
-
START:  RDNT
END:    398.1569929122925
-
START:  RDVT
END:    399.0520658493042
-
START:  RDWR
END:    400.3046717643738
-
START:  REGI
END:    401.70609426498413
-
START:  RENN
END:    402.84691309928894
-
START:  RGEN
END:    404.30073070526123
-
START:  RH
END:    405.2440643310547
-
START:  RILY
END:    406.49054980278015
-
START:  RIOT
END:    407.86862778663635
-
START:  RLI
END:    409.4683620929718
-
START:  RLMD
END:    410.07443380355835
-
START:  RMD
END:    411.5489196777344
-
START:  RNG
END:    412.48110151290894
-
START:  ROBO
END:    414.02485275268555
-
START:  ROCK
END:    415.5068988800049
-
START:  ROK
END:    417.4005172252655
-
START:  ROKU
END:    418.32870149612427
-
START:  ROL
END:    420.2018139362335
-
START:  ROP
END:    422.17916321754456
-
START:  ROST
END:    423.633593082428
-
START:  RPD
END:    424.7487487792969
-
START:  RPM
END:    426.53431463241577
-
START:  RSG
END:    428.0681223869324
-
START:  RTH
END:    429.7431330680847
-
START:  RUN
END:    430.8654556274414
-
START:  RXI
END:    432.17811703681946
-
START:  SAIA
END:    433.6310200691223
-
START:  SAIC
END:    434.9923667907715
-
START:  SAM
END:    436.27630257606506
-
START:  SAVA
END:    440.8416750431061
-
START:  SCI
END:    442.620742559433
-
START:  SCL
END:    444.54829120635986
-
START:  SE
END:    445.2633593082428
-
START:  SEAS
END:    446.26032185554504
-
START:  SEDG
END:    447.38455629348755
-
START:  SFBS
END:    448.97444105148315
-
START:  SGEN
END:    450.20082783699036
-
START:  SGMS
END:    451.2545621395111
-
START:  SGRY
END:    452.21981549263
-
START:  SHOP
END:    453.22705912590027
-
START:  SHW
END:    455.1316411495209
-
START:  SHYF
END:    456.9172296524048
-
START:  SITE
END:    457.77186584472656
-
START:  SIVB
END:    459.3733899593353
-
START:  SJW
END:    461.28444051742554
-
START:  SKY
END:    463.3041989803314
-
START:  SLAB
END:    464.51809191703796
-
START:  SLP
END:    466.5325138568878
-
START:  SMH
END:    467.8578860759735
-
START:  SMTC
END:    469.4144501686096
-
START:  SNAP
END:    470.26088309288025
-
START:  SNPS
END:    471.52267718315125
-
START:  SOCL
END:    472.83201146125793
-
START:  SOXL
END:    474.30682730674744
-
START:  SPGI
END:    476.0072157382965
-
START:  SPLG
END:    477.59179615974426
-
START:  SPLK
END:    478.79484009742737
-
START:  SPNS
END:    480.2806625366211
-
START:  SPSC
END:    481.1650068759918
-
START:  SPTM
END:    483.1726710796356
-
START:  SPWH
END:    484.239639043808
-
START:  SPWR
END:    485.41073989868164
-
START:  SPXC
END:    487.1621563434601
-
START:  SPXL
END:    488.74677443504333
-
START:  SPY
END:    490.4273052215576
-
START:  SPYG
END:    492.00140953063965
-
START:  SQ
END:    492.7999851703644
-
START:  SSD
END:    494.30136466026306
-
START:  SSNC
END:    495.8075692653656
-
START:  SSTK
END:    497.2333571910858
-
START:  STAA
END:    498.5304160118103
-
START:  STE
END:    500.33287239074707
-
START:  SUSA
END:    502.4199047088623
-
START:  SYK
END:    503.9048652648926
-
START:  SYNA
END:    505.1946761608124
-
START:  TBBK
END:    506.252947807312
-
START:  TBK
END:    507.4382643699646
-
START:  TDG
END:    509.03737449645996
-
START:  TDOC
END:    509.9172878265381
-
START:  TDY
END:    511.23513197898865
-
START:  TEAM
END:    512.0499923229218
-
START:  TECH
END:    513.6579558849335
-
START:  TECL
END:    515.0952658653259
-
START:  TER
END:    516.5549521446228
-
START:  TFX
END:    519.1002857685089
-
START:  TGH
END:    520.457278251648
-
START:  TGLS
END:    521.8448369503021
-
START:  TGT
END:    523.5908401012421
-
START:  TGTX
END:    524.5754580497742
-
START:  THC
END:    526.3426206111908
-
START:  TJX
END:    528.2773337364197
-
START:  TMO
END:    530.0063469409943
-
START:  TMUS
END:    531.3633799552917
-
START:  TNDM
END:    532.566802740097
-
START:  TNET
END:    533.5611019134521
-
START:  TPX
END:    534.7881324291229
-
START:  TREX
END:    536.2147352695465
-
START:  TRI
END:    537.6308138370514
-
START:  TRIL
Not Found: No data found, symbol may be delisted
START:  TRMB
END:    539.0867881774902
-
START:  TRNS
END:    540.0625216960907
-
START:  TROW
END:    541.9379098415375
-
START:  TRU
END:    543.3274712562561
-
START:  TRUP
END:    544.15278673172
-
START:  TSCO
END:    545.8432865142822
-
START:  TSLA
END:    546.871376991272
-
START:  TSM
END:    548.7224504947662
-
START:  TT
END:    550.3491661548615
-
START:  TTC
END:    551.7427294254303
-
START:  TTD
END:    552.6240921020508
-
START:  TTEC
END:    554.1489706039429
-
START:  TTEK
END:    555.9467227458954
-
START:  TTGT
END:    557.1686191558838
-
START:  TTWO
END:    558.6502611637115
-
START:  TWLO
END:    559.5525104999542
-
START:  TXN
END:    561.6196596622467
-
START:  TYL
END:    563.1285843849182
-
START:  UCTT
END:    564.3065044879913
-
START:  UFPI
END:    565.7253613471985
-
START:  UFPT
END:    566.8419861793518
-
START:  UI
END:    568.0055553913116
-
START:  UMC
END:    569.6312930583954
-
START:  UNF
END:    571.2731292247772
-
START:  UNH
END:    573.2080342769623
-
START:  UNP
END:    574.613956451416
-
START:  UPLD
END:    575.5360918045044
-
START:  URI
END:    576.7362177371979
-
START:  V
END:    578.5995869636536
-
START:  VALU
END:    580.6185040473938
-
START:  VBK
END:    582.5068073272705
-
START:  VCEL
END:    583.4859149456024
-
START:  VCR
END:    585.0568692684174
-
START:  VCTR
END:    586.2425754070282
-
START:  VCYT
END:    587.2172882556915
-
START:  VDC
END:    588.8975400924683
-
START:  VEEV
END:    589.826544046402
-
START:  VERU
END:    591.6427471637726
-
START:  VGT
END:    593.1879694461823
-
START:  VHT
END:    594.712156534195
-
START:  VIAV
END:    595.9233119487762
-
START:  VICR
END:    597.1553335189819
-
START:  VIG
END:    598.6880402565002
-
START:  VO
END:    600.2689230442047
-
START:  VONE
END:    601.8468196392059
-
START:  VONG
END:    603.4751045703888
-
START:  VOO
END:    604.6276528835297
-
START:  VOOG
END:    606.3347663879395
-
START:  VOOV
END:    608.1873762607574
-
START:  VOT
END:    609.9830455780029
-
START:  VPU
END:    611.4299540519714
-
START:  VRNS
END:    612.4215445518494
-
START:  VRSK
END:    613.5842270851135
-
START:  VRSN
END:    614.9552855491638
-
START:  VRTV
END:    616.0022008419037
-
START:  VSTO
END:    617.074503660202
-
START:  VTHR
END:    618.4041569232941
-
START:  VTI
END:    619.7825908660889
-
START:  VTNR
END:    625.1937515735626
-
START:  VTWG
END:    625.6158657073975
-
START:  VUG
END:    626.1241796016693
-
START:  VV
END:    626.8675949573517
-
START:  VXF
END:    627.6359803676605
-
START:  WCN
END:    628.3173530101776
-
START:  WD
END:    628.8023846149445
-
START:  WDAY
END:    629.3747763633728
-
START:  WDFC
END:    629.9430871009827
-
START:  WEC
END:    630.5400950908661
-
START:  WEN
END:    631.3707911968231
-
START:  WINA
END:    631.8582575321198
-
START:  WING
END:    632.184713602066
-
START:  WIRE
END:    632.6878407001495
-
START:  WIX
END:    633.0756776332855
-
START:  WK
END:    633.4038090705872
-
START:  WLTW
Not Found: No data found, symbol may be delisted
START:  WM
END:    634.2244141101837
-
START:  WMS
END:    634.6482284069061
-
START:  WNS
END:    635.0801932811737
-
START:  WRB
END:    635.6426742076874
-
START:  WSC
END:    635.9206397533417
-
START:  WSM
END:    636.7011995315552
-
START:  WST
END:    637.3657591342926
-
START:  WTRG
END:    638.1809170246124
-
START:  WTS
END:    639.011869430542
-
START:  XEL
END:    639.5586588382721
-
START:  XENE
END:    639.8813533782959
-
START:  XLK
END:    640.5414083003998
-
START:  XLNX
END:    641.1686234474182
-
START:  XLP
END:    641.867000579834
-
START:  XLRN
Not Found: No data found, symbol may be delisted
START:  XLU
END:    642.8786313533783
-
START:  XLV
END:    643.4248127937317
-
START:  XLY
END:    644.0755968093872
-
START:  XYL
END:    644.4666917324066
-
START:  YNDX
END:    644.8476302623749
-
START:  YORW
END:    645.4036169052124
-
START:  YUM
END:    646.1280291080475
-
START:  Z
END:    646.467244386673
-
START:  ZBRA
END:    646.9529318809509
-
START:  ZEN
END:    647.4685735702515
-
START:  ZLAB
END:    647.7762324810028
-
START:  ZNGA
END:    648.1599764823914
-
START:  ZS
END:    648.4761443138123
-
START:  ZTS
END:    648.9356672763824
-
START:  ZYXI
END:    649.6256103515625
-
===========================
MACD golden cross
===========================
START:  code
START:  A
START:  AAON
START:  AAPL
START:  ABG
START:  ABT
START:  ACLS
START:  ACMR
START:  ACN
START:  ADBE
START:  ADI
START:  ADP
START:  ADSK
START:  ADUS
START:  AEE
START:  AGYS
START:  AIZ
START:  AJG
START:  AJRD
START:  ALB
START:  ALG
START:  ALGN
START:  ALLE
START:  ALTR
START:  AMAT
START:  AMBA
START:  AMD
START:  AME
START:  AMED
START:  AMEH
START:  AMGN
START:  AMN
START:  AMP
START:  AMRC
START:  AMSWA
START:  AMTX
START:  AMZN
START:  AN
START:  ANSS
START:  ANTM
START:  AON
START:  AOSL
START:  APD
START:  APH
START:  APPF
START:  APPN
START:  APPS
START:  AQN
START:  ARCB
START:  ARCT
START:  ARES
START:  ARGX
START:  ARWR
START:  ASML
START:  ASPN
START:  ATEC
START:  ATEN
START:  ATKR
START:  ATOM
START:  ATR
START:  ATRC
START:  AUDC
START:  AUPH
START:  AVAV
START:  AVGO
START:  AVID
START:  AVNW
START:  AVXL
START:  AVY
START:  AWK
START:  AWR
START:  AXON
START:  AZO
START:  AZPN
START:  BAH
START:  BAM
START:  BAX
START:  BBH
START:  BBQ
START:  BBY
START:  BCPC
START:  BDX
START:  BEEM
START:  BFAM
START:  BFC
START:  BGFV
START:  BGNE
START:  BHVN
START:  BIO
START:  BL
START:  BLD
START:  BLDP
START:  BLDR
START:  BLFS
START:  BLK
START:  BLL
START:  BLNK
START:  BMI
START:  BOOT
START:  BOTZ
START:  BR
START:  BRKR
START:  BRKS
START:  BRO
START:  BURL
START:  BX
START:  CABO
START:  CACI
START:  CALX
START:  CAMT
START:  CAR
START:  CBRE
START:  CBSH
START:  CBZ
START:  CCOI
START:  CCS
START:  CDMO
START:  CDNA
START:  CDNS
START:  CDW
START:  CELH
START:  CGNX
START:  CHD
START:  CHDN
START:  CHE
START:  CHGG
START:  CHH
START:  CHKP
START:  CHTR
START:  CIEN
START:  CLAR
START:  CLFD
START:  CLGN
START:  CLNE
START:  CLPT
START:  CLX
START:  CMCSA
START:  CMG
START:  CMS
START:  CNC
START:  CNI
START:  CNMD
START:  CNS
START:  CNXN
START:  COO
START:  COST
START:  COUP
START:  COWN
START:  CP
START:  CPK
START:  CPRT
START:  CPSH
START:  CRAI
START:  CREE
START:  CRL
START:  CRM
START:  CRMT
START:  CROX
START:  CRSP
START:  CRVL
START:  CSGP
START:  CSL
START:  CSWI
START:  CSX
START:  CTAS
START:  CTLT
START:  CTRN
START:  CURE
START:  CVCO
START:  CVNA
START:  CWST
START:  CWT
START:  CXSE
START:  CYBR
START:  CYRX
START:  CYTK
START:  DAC
START:  DAR
START:  DAVA
START:  DDS
START:  DE
START:  DECK
START:  DELL
START:  DFIN
START:  DG
START:  DGRW
START:  DHI
START:  DHR
START:  DIA
START:  DIOD
START:  DIS
START:  DKS
START:  DLN
START:  DNLI
START:  DOMO
START:  DOV
START:  DPZ
START:  DQ
START:  DRD
START:  DRIO
START:  DRNA
START:  DSGX
START:  DVAX
START:  DXCM
START:  ECL
START:  EFX
START:  EGAN
START:  EHC
START:  EL
START:  ENPH
START:  ENSG
START:  ENTG
START:  ENV
START:  EPAM
START:  ERIE
START:  ES
START:  ESE
START:  ETN
START:  ETSY
START:  EVBG
START:  EVTC
START:  EW
START:  EWT
START:  EXAS
START:  EXLS
START:  EXPD
START:  EXPI
START:  EXPO
START:  FAST
START:  FATE
START:  FB
START:  FCN
START:  FCX
START:  FDN
START:  FDS
START:  FELE
START:  FFIN
START:  FICO
START:  FINX
START:  FIS
START:  FISV
START:  FIVE
START:  FIVN
START:  FLGT
START:  FLT
START:  FLWS
START:  FN
START:  FND
START:  FNV
START:  FORM
START:  FOXF
START:  FPX
START:  FRC
START:  FRHC
START:  FRPT
START:  FSS
START:  FTNT
START:  FUV
START:  GDEN
START:  GFI
START:  GGG
START:  GIB
START:  GLDD
START:  GLOB
START:  GMAB
START:  GME
START:  GMED
START:  GNRC
START:  GNSS
START:  GNTX
START:  GOLF
START:  GOOG
START:  GOOGL
START:  GPI
START:  GPN
START:  GRBK
START:  GRMN
START:  GRVY
START:  GRWG
START:  GWRE
START:  HACK
START:  HALO
START:  HCI
START:  HD
START:  HEI
START:  HELE
START:  HIBB
START:  HLI
START:  HLT
START:  HOLX
START:  HON
START:  HOV
START:  HRC
START:  HRI
START:  HSKA
START:  HTHT
START:  HUBS
START:  HUM
START:  HZNP
START:  IAC
START:  IBP
START:  ICE
START:  ICLN
START:  ICLR
START:  IDT
START:  IDXX
START:  IESC
START:  IEX
START:  ILMN
START:  INFO
START:  INOV
START:  INSP
START:  INTC
START:  INTU
START:  INTZ
START:  INVE
START:  IOO
START:  IQV
START:  IRDM
START:  IRMD
START:  ISEE
START:  ISRG
START:  IT
START:  ITT
START:  ITW
START:  IVOG
START:  IVV
START:  IXJ
START:  IXN
START:  J
START:  JBL
START:  JBSS
START:  JD
START:  JKHY
START:  JKS
START:  JNJ
START:  JOE
START:  JOUT
START:  JYNT
START:  KAI
START:  KBH
START:  KBR
START:  KDMN
START:  KEYS
START:  KLAC
START:  KLIC
START:  KMX
START:  KNSL
START:  KOPN
START:  KOSS
START:  KRNT
START:  KSU
START:  KTOS
START:  LAC
START:  LAD
START:  LANC
START:  LAWS
START:  LDOS
START:  LFMD
START:  LGIH
START:  LH
START:  LHCG
START:  LHX
START:  LII
START:  LIN
START:  LINC
START:  LIT
START:  LLY
START:  LMT
START:  LNT
START:  LOB
START:  LOGI
START:  LOVE
START:  LOW
START:  LPLA
START:  LPSN
START:  LQDT
START:  LRCX
START:  LSCC
START:  LSTR
START:  LULU
START:  LUNA
START:  MA
START:  MANH
START:  MANT
START:  MARA
START:  MASI
START:  MATX
START:  MBUU
START:  MCD
START:  MCHP
START:  MCO
START:  MDB
START:  MDT
START:  MEDP
START:  MEDS
START:  MELI
START:  MGC
START:  MGIC
START:  MGK
START:  MGNI
START:  MHO
START:  MIME
START:  MITK
START:  MKC
START:  MKSI
START:  MKTX
START:  MLAB
START:  MLR
START:  MMC
START:  MMS
START:  MNMD
START:  MNST
START:  MODN
START:  MODV
START:  MOH
START:  MORN
START:  MPWR
START:  MRTX
START:  MRVL
START:  MS
START:  MSA
START:  MSCI
START:  MSEX
START:  MSFT
START:  MSI
START:  MSTR
START:  MTBC
START:  MTCH
START:  MTD
START:  MTEX
START:  MTH
START:  MTLS
START:  MTSI
START:  MU
START:  MUSA
START:  MVIS
START:  MXL
START:  MYRG
START:  NBIX
START:  NCBS
START:  NDAQ
START:  NDSN
START:  NEE
START:  NEO
START:  NEOG
START:  NFLX
START:  NICE
START:  NISN
START:  NKE
START:  NOVT
START:  NOW
START:  NSC
START:  NSIT
START:  NSSC
START:  NSTG
START:  NTLA
START:  NTRA
START:  NUAN
START:  NVCR
START:  NVDA
START:  NVMI
START:  NVO
START:  NVR
START:  NXST
START:  NYT
START:  OBCI
START:  ODFL
START:  OEF
START:  OFLX
START:  OLED
START:  OMCL
START:  ON
START:  OOMA
START:  OPRX
START:  ORA
START:  ORCL
START:  ORLY
START:  ORMP
START:  OTEX
START:  PACB
START:  PAG
START:  PANW
START:  PAR
START:  PAYC
START:  PAYX
START:  PBD
START:  PCTY
START:  PEGA
START:  PEN
START:  PENN
START:  PEP
START:  PERI
START:  PFSI
START:  PGR
START:  PH
START:  PHM
START:  PKI
START:  PLL
START:  PLNT
START:  PLUG
START:  PLXS
START:  PODD
START:  POOL
START:  POWI
START:  PRFT
START:  PRI
START:  PRTA
START:  PRTS
START:  PTSI
START:  PWR
START:  PYPL
START:  QADA
START:  QCLN
START:  QDEL
START:  QGEN
START:  QLYS
START:  QQQ
START:  QRVO
START:  QTWO
START:  RADA
START:  RAMP
START:  RBA
START:  RCII
START:  RCKY
START:  RDNT
START:  RDVT
START:  RDWR
START:  REGI
START:  RENN
START:  RGEN
START:  RH
START:  RILY
START:  RIOT
START:  RLI
START:  RLMD
START:  RMD
START:  RNG
START:  ROBO
START:  ROCK
START:  ROK
START:  ROKU
START:  ROL
START:  ROP
START:  ROST
START:  RPD
START:  RPM
START:  RSG
START:  RTH
START:  RUN
START:  RXI
START:  SAIA
START:  SAIC
START:  SAM
START:  SAVA
START:  SCI
START:  SCL
START:  SE
START:  SEAS
START:  SEDG
START:  SFBS
START:  SGEN
START:  SGMS
START:  SGRY
START:  SHOP
START:  SHW
START:  SHYF
START:  SITE
START:  SIVB
START:  SJW
START:  SKY
START:  SLAB
START:  SLP
START:  SMH
START:  SMTC
START:  SNAP
START:  SNPS
START:  SOCL
START:  SOXL
START:  SPGI
START:  SPLG
START:  SPLK
START:  SPNS
START:  SPSC
START:  SPTM
START:  SPWH
START:  SPWR
START:  SPXC
START:  SPXL
START:  SPY
START:  SPYG
START:  SQ
START:  SSD
START:  SSNC
START:  SSTK
START:  STAA
START:  STE
START:  SUSA
START:  SYK
START:  SYNA
START:  TBBK
START:  TBK
START:  TDG
START:  TDOC
START:  TDY
START:  TEAM
START:  TECH
START:  TECL
START:  TER
START:  TFX
START:  TGH
START:  TGLS
START:  TGT
START:  TGTX
START:  THC
START:  TJX
START:  TMO
START:  TMUS
START:  TNDM
START:  TNET
START:  TPX
START:  TREX
START:  TRI
START:  TRIL
START:  TRMB
START:  TRNS
START:  TROW
START:  TRU
START:  TRUP
START:  TSCO
START:  TSLA
START:  TSM
START:  TT
START:  TTC
START:  TTD
START:  TTEC
START:  TTEK
START:  TTGT
START:  TTWO
START:  TWLO
START:  TXN
START:  TYL
START:  UCTT
START:  UFPI
START:  UFPT
START:  UI
START:  UMC
START:  UNF
START:  UNH
START:  UNP
START:  UPLD
START:  URI
START:  V
START:  VALU
START:  VBK
START:  VCEL
START:  VCR
START:  VCTR
START:  VCYT
START:  VDC
START:  VEEV
START:  VERU
START:  VGT
START:  VHT
START:  VIAV
START:  VICR
START:  VIG
START:  VO
START:  VONE
START:  VONG
START:  VOO
START:  VOOG
START:  VOOV
START:  VOT
START:  VPU
START:  VRNS
START:  VRSK
START:  VRSN
START:  VRTV
START:  VSTO
START:  VTHR
START:  VTI
START:  VTNR
START:  VTWG
START:  VUG
START:  VV
START:  VXF
START:  WCN
START:  WD
START:  WDAY
START:  WDFC
START:  WEC
START:  WEN
START:  WINA
START:  WING
START:  WIRE
START:  WIX
START:  WK
START:  WLTW
START:  WM
START:  WMS
START:  WNS
START:  WRB
START:  WSC
START:  WSM
START:  WST
START:  WTRG
START:  WTS
START:  XEL
START:  XENE
START:  XLK
START:  XLNX
START:  XLP
START:  XLRN
START:  XLU
START:  XLV
START:  XLY
START:  XYL
START:  YNDX
START:  YORW
START:  YUM
START:  Z
START:  ZBRA
START:  ZEN
START:  ZLAB
START:  ZNGA
START:  ZS
START:  ZTS
START:  ZYXI
==== MACD golden cross ====
None
code: CYTK     day: macd + hist + hist_1pre + ,  Week: macd + hist + hist_1pre - , Month: macd + hist + hist_1pre + , 
Trade --> code: CYTK   BUY: 2013-08-31   10.47 SELL: 2013-10-31    6.01  macd:   -0.06 macd_count:   2 profit:  0.57
Trade --> code: CYTK   BUY: 2014-02-28    9.85 SELL: 2014-04-30    4.55  macd:   -0.15 macd_count:   2 profit:  0.46
Trade --> code: CYTK   BUY: 2015-10-31    8.61 SELL: 2018-03-31    7.20  macd:   -0.17 macd_count:  29 profit:  0.84
Trade --> code: CYTK   BUY: 2019-07-31   12.19 SELL: 2022-03-31   37.50  macd:    5.35 macd_count:  33 profit:  3.08

code: DDS      day: macd + hist + hist_1pre + ,  Week: macd + hist + hist_1pre - , Month: macd + hist + hist_1pre + , 
Trade --> code: DDS    BUY: 2004-11-30   25.18 SELL: 2007-11-30   20.39  macd:   -0.47 macd_count:  36 profit:  0.81
Trade --> code: DDS    BUY: 2010-03-31   23.60 SELL: 2015-11-30   75.00  macd:   -0.69 macd_count:  68 profit:  3.18
Trade --> code: DDS    BUY: 2018-05-31   81.43 SELL: 2019-01-31   66.79  macd:   -0.12 macd_count:   8 profit:  0.82
Trade --> code: DDS    BUY: 2019-02-28   78.54 SELL: 2019-05-31   56.66  macd:   -1.02 macd_count:   3 profit:  0.72
Trade --> code: DDS    BUY: 2021-02-28   79.70 SELL: 2022-03-31  269.73  macd:   47.84 macd_count:  14 profit:  3.38

code: JNJ      day: macd + hist + hist_1pre + ,  Week: macd + hist + hist_1pre - , Month: macd + hist - hist_1pre - , 
Trade --> code: JNJ    BUY: 2004-10-31   58.38 SELL: 2008-12-31   59.83  macd:   -0.09 macd_count:  50 profit:  1.02
Trade --> code: JNJ    BUY: 2010-02-28   63.00 SELL: 2010-06-30   59.06  macd:   -0.03 macd_count:   4 profit:  0.94
Trade --> code: JNJ    BUY: 2010-12-31   61.85 SELL: 2011-01-31   59.77  macd:   -0.05 macd_count:   1 profit:  0.97
Trade --> code: JNJ    BUY: 2011-04-30   65.72 SELL: 2022-03-31  169.35  macd:    5.82 macd_count: 132 profit:  2.58

code: NUAN     day: macd + hist + hist_1pre + ,  Week: macd + hist + hist_1pre - , Month: macd + hist - hist_1pre - , 
Trade --> code: NUAN   BUY: 2005-11-30    5.38 SELL: 2008-11-30    7.94  macd:   -0.14 macd_count:  36 profit:  1.48
Trade --> code: NUAN   BUY: 2009-12-31   13.44 SELL: 2013-05-31   16.44  macd:   -0.10 macd_count:  41 profit:  1.22
Trade --> code: NUAN   BUY: 2015-11-30   18.11 SELL: 2016-07-31   13.90  macd:   -0.05 macd_count:   8 profit:  0.77
Trade --> code: NUAN   BUY: 2017-05-31   16.01 SELL: 2017-09-30   13.60  macd:   -0.04 macd_count:   4 profit:  0.85
Trade --> code: NUAN   BUY: 2019-04-30   14.56 SELL: 2022-03-31   55.99  macd:    7.14 macd_count:  36 profit:  3.85

code: QLYS     day: macd + hist + hist_1pre + ,  Week: macd + hist + hist_1pre - , Month: macd + hist + hist_1pre + , 
Trade --> code: QLYS   BUY: 2015-01-31   38.02 SELL: 2022-03-31  127.48  macd:    8.56 macd_count:  87 profit:  3.35

code: RENN     day: macd + hist - hist_1pre - ,  Week: macd + hist + hist_1pre - , Month: macd + hist + hist_1pre + , 
Trade --> code: RENN   BUY: 2021-05-31   12.36 SELL: 2022-03-31   22.06  macd:    3.69 macd_count:  11 profit:  1.78

code: TSCO     day: macd + hist + hist_1pre + ,  Week: macd + hist + hist_1pre - , Month: macd + hist + hist_1pre + , 
Trade --> code: TSCO   BUY: 2004-07-31    9.08 SELL: 2007-10-31   10.36  macd:   -0.01 macd_count:  39 profit:  1.14
Trade --> code: TSCO   BUY: 2009-08-31   11.77 SELL: 2016-12-31   75.81  macd:   -0.31 macd_count:  88 profit:  6.44
Trade --> code: TSCO   BUY: 2018-08-31   88.28 SELL: 2022-03-31  226.52  macd:   25.03 macd_count:  44 profit:  2.57

code: UFPI     day: macd + hist + hist_1pre + ,  Week: macd + hist + hist_1pre - , Month: macd + hist + hist_1pre + , 
Trade --> code: UFPI   BUY: 2004-07-31   10.21 SELL: 2007-07-31   13.19  macd:   -0.22 macd_count:  36 profit:  1.29
Trade --> code: UFPI   BUY: 2009-09-30   13.15 SELL: 2010-08-31    8.64  macd:   -0.20 macd_count:  11 profit:  0.66
Trade --> code: UFPI   BUY: 2011-03-31   12.22 SELL: 2011-04-30   10.76  macd:   -0.01 macd_count:   1 profit:  0.88
Trade --> code: UFPI   BUY: 2012-05-31   12.55 SELL: 2019-01-31   30.82  macd:   -0.02 macd_count:  80 profit:  2.46
Trade --> code: UFPI   BUY: 2019-04-30   36.95 SELL: 2022-03-31   84.26  macd:    8.75 macd_count:  36 profit:  2.28

