Wed Mar 16 13:49:51 UTC 2022
arg[0]: scraping/yahoo-finace-api2.py, arg[1]: stock-code-list/buy-list.txt
===========================
scraping
===========================
START:  TOK
END:    0.328399658203125
-
START:  AAPL
END:    0.7185676097869873
-
START:  EL
END:    1.0907292366027832
-
START:  NEE
END:    1.4778411388397217
-
START:  AMD
END:    1.792679786682129
-
START:  APH
END:    2.1577394008636475
-
START:  XLP
END:    2.529052495956421
-
START:  SPXL
END:    2.7679057121276855
-
START:  KEYS
END:    2.930671453475952
-
START:  VDC
END:    3.2643754482269287
-
START:  CMA
END:    3.666405439376831
-
START:  AVY
END:    4.08370041847229
-
START:  SPTM
END:    4.453237771987915
-
START:  SPLG
END:    4.80912446975708
-
START:  CROX
END:    5.083555698394775
-
START:  DAVA
END:    5.176812648773193
-
START:  AWR
END:    5.598396062850952
-
START:  FN
END:    5.8367860317230225
-
START:  NXST
END:    6.153439998626709
-
START:  BMI
END:    6.600103855133057
-
START:  GLOB
END:    6.766617774963379
-
START:  ARES
END:    6.9402852058410645
-
START:  SJW
END:    7.3343188762664795
-
START:  NVDA
END:    7.675767421722412
-
START:  BBDC
END:    7.94567608833313
-
START:  CELH
END:    8.231675624847412
-
START:  RDNT
END:    8.588671922683716
-
START:  ROK
END:    9.030767917633057
-
START:  AVXL
END:    9.364667415618896
-
START:  HCI
END:    9.627206802368164
-
START:  LIT
END:    9.865926742553711
-
START:  LLY
END:    10.311418771743774
-
START:  MCD
END:    10.786243438720703
-
START:  MSI
END:    11.23891282081604
-
START:  ON
END:    11.567754745483398
-
START:  ISRG
END:    11.922505617141724
-
START:  GME
END:    12.274075508117676
-
START:  WNS
END:    12.632410526275635
-
===========================
MACD sell
===========================
START:  TOK
START:  AAPL
START:  EL
START:  NEE
START:  AMD
START:  APH
START:  XLP
START:  SPXL
START:  KEYS
START:  VDC
START:  CMA
START:  AVY
START:  SPTM
START:  SPLG
START:  CROX
START:  DAVA
START:  AWR
START:  FN
START:  NXST
START:  BMI
START:  GLOB
START:  ARES
START:  SJW
START:  NVDA
START:  BBDC
START:  CELH
START:  RDNT
START:  ROK
START:  AVXL
START:  HCI
START:  LIT
START:  LLY
START:  MCD
START:  MSI
START:  ON
START:  ISRG
START:  GME
START:  WNS
==== MACD list ====
code: TOK      day: macd - hist - ,  Week: macd - hist - , Month: macd + hist - , 
code: AAPL     day: macd - hist - ,  Week: macd + hist - , Month: macd + hist - , 
code: EL       day: macd - hist - ,  Week: macd - hist - , Month: macd + hist - , 
code: NEE      day: macd + hist + ,  Week: macd - hist + , Month: macd + hist - , 
code: AMD      day: macd - hist - ,  Week: macd - hist - , Month: macd + hist - , 
code: APH      day: macd - hist + ,  Week: macd - hist - , Month: macd + hist - , 
code: XLP      day: macd - hist - ,  Week: macd + hist - , Month: macd + hist + , 
code: SPXL     day: macd - hist + ,  Week: macd - hist - , Month: macd + hist - , 
code: KEYS     day: macd - hist + ,  Week: macd - hist - , Month: macd + hist - , 
code: VDC      day: macd - hist - ,  Week: macd + hist - , Month: macd + hist + , 
code: CMA      day: macd - hist + ,  Week: macd + hist - , Month: macd + hist + , 
code: AVY      day: macd - hist + ,  Week: macd - hist - , Month: macd + hist - , 
code: SPTM     day: macd - hist + ,  Week: macd - hist - , Month: macd + hist - , 
code: SPLG     day: macd - hist + ,  Week: macd - hist - , Month: macd + hist - , 
code: CROX     day: macd - hist + ,  Week: macd - hist - , Month: macd + hist - , 
code: DAVA     day: macd - hist - ,  Week: macd - hist - , Month: macd + hist - , 
code: AWR      day: macd - hist + ,  Week: macd - hist - , Month: macd + hist - , 
code: FN       day: macd - hist + ,  Week: macd - hist - , Month: macd + hist - , 
code: NXST     day: macd + hist - ,  Week: macd + hist + , Month: macd + hist + , 
code: BMI      day: macd - hist - ,  Week: macd - hist - , Month: macd + hist - , 
code: GLOB     day: macd - hist - ,  Week: macd - hist - , Month: macd + hist - , 
code: ARES     day: macd - hist - ,  Week: macd - hist - , Month: macd + hist - , 
code: SJW      day: macd + hist + ,  Week: macd - hist + , Month: macd + hist - , 
code: NVDA     day: macd - hist + ,  Week: macd - hist - , Month: macd + hist - , 
code: BBDC     day: macd - hist - ,  Week: macd - hist - , Month: macd + hist + , 
code: CELH     day: macd - hist - ,  Week: macd - hist - , Month: macd + hist - , 
code: RDNT     day: macd - hist - ,  Week: macd - hist - , Month: macd + hist - , 
code: ROK      day: macd - hist + ,  Week: macd - hist - , Month: macd + hist - , 
code: AVXL     day: macd - hist + ,  Week: macd - hist + , Month: macd + hist - , 
code: HCI      day: macd - hist + ,  Week: macd - hist + , Month: macd + hist - , 
code: LIT      day: macd - hist - ,  Week: macd - hist - , Month: macd + hist - , 
code: LLY      day: macd + hist + ,  Week: macd + hist + , Month: macd + hist + , 
code: MCD      day: macd - hist - ,  Week: macd - hist - , Month: macd + hist - , 
code: MSI      day: macd - hist + ,  Week: macd - hist - , Month: macd + hist - , 
code: ON       day: macd - hist - ,  Week: macd + hist - , Month: macd + hist + , 
code: ISRG     day: macd - hist - ,  Week: macd - hist - , Month: macd + hist - , 
code: GME      day: macd - hist - ,  Week: macd - hist - , Month: macd + hist - , 
code: WNS      day: macd - hist + ,  Week: macd - hist - , Month: macd + hist - , 
==== MACD sell list ====
code: TOK      day: macd - hist - , 
code: TOK      day: macd - hist - ,  Week: macd - hist - , 
code: TOK      day: macd - hist - ,  Week: macd - hist - , Month: macd + hist - , 
code: AAPL     day: macd - hist - , 
code: AAPL     day: macd - hist - ,  Week: macd + hist - , 
code: AAPL     day: macd - hist - ,  Week: macd + hist - , Month: macd + hist - , 
code: EL       day: macd - hist - , 
code: EL       day: macd - hist - ,  Week: macd - hist - , 
code: EL       day: macd - hist - ,  Week: macd - hist - , Month: macd + hist - , 
code: NEE      day: macd + hist + ,  Week: macd - hist + , Month: macd + hist - , 
code: AMD      day: macd - hist - , 
code: AMD      day: macd - hist - ,  Week: macd - hist - , 
code: AMD      day: macd - hist - ,  Week: macd - hist - , Month: macd + hist - , 
code: APH      day: macd - hist + ,  Week: macd - hist - , 
code: APH      day: macd - hist + ,  Week: macd - hist - , Month: macd + hist - , 
code: XLP      day: macd - hist - , 
code: XLP      day: macd - hist - ,  Week: macd + hist - , 
code: SPXL     day: macd - hist + ,  Week: macd - hist - , 
code: SPXL     day: macd - hist + ,  Week: macd - hist - , Month: macd + hist - , 
code: KEYS     day: macd - hist + ,  Week: macd - hist - , 
code: KEYS     day: macd - hist + ,  Week: macd - hist - , Month: macd + hist - , 
code: VDC      day: macd - hist - , 
code: VDC      day: macd - hist - ,  Week: macd + hist - , 
code: CMA      day: macd - hist + ,  Week: macd + hist - , 
code: AVY      day: macd - hist + ,  Week: macd - hist - , 
code: AVY      day: macd - hist + ,  Week: macd - hist - , Month: macd + hist - , 
code: SPTM     day: macd - hist + ,  Week: macd - hist - , 
code: SPTM     day: macd - hist + ,  Week: macd - hist - , Month: macd + hist - , 
code: SPLG     day: macd - hist + ,  Week: macd - hist - , 
code: SPLG     day: macd - hist + ,  Week: macd - hist - , Month: macd + hist - , 
code: CROX     day: macd - hist + ,  Week: macd - hist - , 
code: CROX     day: macd - hist + ,  Week: macd - hist - , Month: macd + hist - , 
code: DAVA     day: macd - hist - , 
code: DAVA     day: macd - hist - ,  Week: macd - hist - , 
code: DAVA     day: macd - hist - ,  Week: macd - hist - , Month: macd + hist - , 
code: AWR      day: macd - hist + ,  Week: macd - hist - , 
code: AWR      day: macd - hist + ,  Week: macd - hist - , Month: macd + hist - , 
code: FN       day: macd - hist + ,  Week: macd - hist - , 
code: FN       day: macd - hist + ,  Week: macd - hist - , Month: macd + hist - , 
code: NXST     day: macd + hist - , 
code: BMI      day: macd - hist - , 
code: BMI      day: macd - hist - ,  Week: macd - hist - , 
code: BMI      day: macd - hist - ,  Week: macd - hist - , Month: macd + hist - , 
code: GLOB     day: macd - hist - , 
code: GLOB     day: macd - hist - ,  Week: macd - hist - , 
code: GLOB     day: macd - hist - ,  Week: macd - hist - , Month: macd + hist - , 
code: ARES     day: macd - hist - , 
code: ARES     day: macd - hist - ,  Week: macd - hist - , 
code: ARES     day: macd - hist - ,  Week: macd - hist - , Month: macd + hist - , 
code: SJW      day: macd + hist + ,  Week: macd - hist + , Month: macd + hist - , 
code: NVDA     day: macd - hist + ,  Week: macd - hist - , 
code: NVDA     day: macd - hist + ,  Week: macd - hist - , Month: macd + hist - , 
code: BBDC     day: macd - hist - , 
code: BBDC     day: macd - hist - ,  Week: macd - hist - , 
code: CELH     day: macd - hist - , 
code: CELH     day: macd - hist - ,  Week: macd - hist - , 
code: CELH     day: macd - hist - ,  Week: macd - hist - , Month: macd + hist - , 
code: RDNT     day: macd - hist - , 
code: RDNT     day: macd - hist - ,  Week: macd - hist - , 
code: RDNT     day: macd - hist - ,  Week: macd - hist - , Month: macd + hist - , 
code: ROK      day: macd - hist + ,  Week: macd - hist - , 
code: ROK      day: macd - hist + ,  Week: macd - hist - , Month: macd + hist - , 
code: AVXL     day: macd - hist + ,  Week: macd - hist + , Month: macd + hist - , 
code: HCI      day: macd - hist + ,  Week: macd - hist + , Month: macd + hist - , 
code: LIT      day: macd - hist - , 
code: LIT      day: macd - hist - ,  Week: macd - hist - , 
code: LIT      day: macd - hist - ,  Week: macd - hist - , Month: macd + hist - , 
code: MCD      day: macd - hist - , 
code: MCD      day: macd - hist - ,  Week: macd - hist - , 
code: MCD      day: macd - hist - ,  Week: macd - hist - , Month: macd + hist - , 
code: MSI      day: macd - hist + ,  Week: macd - hist - , 
code: MSI      day: macd - hist + ,  Week: macd - hist - , Month: macd + hist - , 
code: ON       day: macd - hist - , 
code: ON       day: macd - hist - ,  Week: macd + hist - , 
code: ISRG     day: macd - hist - , 
code: ISRG     day: macd - hist - ,  Week: macd - hist - , 
code: ISRG     day: macd - hist - ,  Week: macd - hist - , Month: macd + hist - , 
code: GME      day: macd - hist - , 
code: GME      day: macd - hist - ,  Week: macd - hist - , 
code: GME      day: macd - hist - ,  Week: macd - hist - , Month: macd + hist - , 
code: WNS      day: macd - hist + ,  Week: macd - hist - , 
code: WNS      day: macd - hist + ,  Week: macd - hist - , Month: macd + hist - , 
===========================
profit
===========================
arg[0]: scraping/yahoo-finace-api2.py, arg[1]: stock-code-list/up-month.txt
===========================
scraping
===========================
START:  A
END:    0.40343141555786133
-
START:  AAON
END:    0.8892366886138916
-
START:  AAPL
END:    1.3300485610961914
-
START:  ABG
END:    1.6802794933319092
-
START:  ABT
END:    2.087834358215332
-
START:  ACLS
END:    2.405029535293579
-
START:  ACMR
END:    2.515841484069824
-
START:  ACN
END:    2.8579399585723877
-
START:  ADBE
END:    3.2177271842956543
-
START:  ADI
END:    3.640752077102661
-
START:  ADP
END:    4.020749568939209
-
START:  ADSK
END:    4.390446662902832
-
START:  ADUS
END:    4.618270397186279
-
START:  AEE
END:    4.974614381790161
-
START:  AGYS
END:    5.310534954071045
-
START:  AIZ
END:    5.670961141586304
-
START:  AJG
END:    6.083535671234131
-
START:  AJRD
END:    6.476648330688477
-
START:  ALB
END:    6.925250768661499
-
START:  ALG
END:    7.3299901485443115
-
START:  ALGN
END:    7.660928249359131
-
START:  ALLE
END:    7.844388246536255
-
START:  ALTR
END:    7.986088514328003
-
START:  AMAT
END:    8.374921083450317
-
START:  AMBA
END:    8.629350423812866
-
START:  AMD
END:    9.067523956298828
-
START:  AME
END:    9.477161884307861
-
START:  AMED
END:    9.810107707977295
-
START:  AMEH
END:    10.040922164916992
-
START:  AMGN
END:    10.392377614974976
-
START:  AMN
END:    10.732252836227417
-
START:  AMP
END:    11.072739362716675
-
START:  AMRC
END:    11.361162424087524
-
START:  AMSWA
END:    11.74188494682312
-
START:  AMTX
END:    12.020176649093628
-
START:  AMZN
END:    12.390947580337524
-
START:  AN
END:    12.756968259811401
-
START:  ANSS
END:    13.083574533462524
-
START:  ANTM
END:    13.434396743774414
-
START:  AON
END:    13.85598087310791
-
START:  AOSL
END:    14.090112447738647
-
START:  APD
END:    14.475663185119629
-
START:  APH
END:    14.841257095336914
-
START:  APPF
END:    15.025648832321167
-
START:  APPN
END:    15.228593587875366
-
START:  APPS
END:    15.500924825668335
-
START:  AQN
END:    15.754963397979736
-
START:  ARCB
END:    16.148723363876343
-
START:  ARCT
END:    16.3443124294281
-
START:  ARES
END:    16.54391098022461
-
START:  ARGX
END:    16.686749696731567
-
START:  ARWR
END:    17.014684438705444
-
START:  ASML
END:    17.400726318359375
-
START:  ASPN
END:    17.580493927001953
-
START:  ATEC
END:    17.850172758102417
-
START:  ATEN
END:    18.02940845489502
-
START:  ATKR
END:    18.168485403060913
-
START:  ATOM
END:    18.300459384918213
-
START:  ATR
END:    18.681284189224243
-
START:  ATRC
END:    18.972680807113647
-
START:  AUDC
END:    19.3067946434021
-
START:  AUPH
END:    19.526223182678223
-
START:  AVAV
END:    19.793423414230347
-
START:  AVGO
END:    20.051459789276123
-
START:  AVID
END:    20.37445878982544
-
START:  AVNW
END:    20.770233631134033
-
START:  AVXL
END:    21.033705234527588
-
START:  AVY
END:    21.43593978881836
-
START:  AWK
END:    21.718495845794678
-
START:  AWR
END:    22.101375341415405
-
START:  AXON
END:    22.449261903762817
-
START:  AZO
END:    22.791400909423828
-
START:  AZPN
END:    23.11894392967224
-
START:  BAH
END:    23.383504152297974
-
START:  BAM
END:    23.805902004241943
-
START:  BAX
END:    24.2374050617218
-
START:  BBH
END:    24.644730806350708
-
START:  BBQ
END:    24.979878902435303
-
START:  BBY
END:    25.345255851745605
-
START:  BCPC
END:    25.77955937385559
-
START:  BDX
END:    26.163592100143433
-
START:  BEEM
END:    26.3817138671875
-
START:  BFAM
END:    26.557462453842163
-
START:  BFC
END:    26.84921669960022
-
START:  BGFV
END:    27.195713996887207
-
START:  BGNE
END:    27.365765810012817
-
START:  BHVN
END:    27.498339653015137
-
START:  BIO
END:    27.835103750228882
-
START:  BL
END:    27.959792137145996
-
START:  BLD
END:    28.167852878570557
-
START:  BLDP
END:    28.538161516189575
-
START:  BLDR
END:    28.869990587234497
-
START:  BLFS
END:    29.19840669631958
-
START:  BLK
END:    29.576319932937622
-
START:  BLL
END:    29.99638319015503
-
START:  BLNK
END:    30.210784435272217
-
START:  BMI
END:    30.599403142929077
-
START:  BOOT
END:    30.76325488090515
-
START:  BOTZ
END:    30.921306371688843
-
START:  BR
END:    31.25246572494507
-
START:  BRKR
END:    31.589481592178345
-
START:  BRKS
Not Found: No data found, symbol may be delisted
START:  BRO
END:    32.026724338531494
-
START:  BURL
END:    32.20221781730652
-
START:  BX
END:    32.486833572387695
-
START:  CABO
END:    32.646461725234985
-
START:  CACI
END:    33.022433280944824
-
START:  CALX
END:    33.25003099441528
-
START:  CAMT
END:    33.595956563949585
-
START:  CAR
END:    33.93944215774536
-
START:  CBRE
END:    34.265828371047974
-
START:  CBSH
END:    34.66400599479675
-
START:  CBZ
END:    34.99642729759216
-
START:  CCOI
END:    35.350342750549316
-
START:  CCS
END:    35.52523112297058
-
START:  CDMO
END:    35.867552280426025
-
START:  CDNA
END:    36.03784132003784
-
START:  CDNS
END:    36.392664432525635
-
START:  CDW
END:    36.58325958251953
-
START:  CELH
END:    36.85985207557678
-
START:  CGNX
END:    37.23727369308472
-
START:  CHD
END:    37.635504484176636
-
START:  CHDN
END:    38.05116629600525
-
START:  CHE
END:    38.4279203414917
-
START:  CHGG
END:    38.6042263507843
-
START:  CHH
END:    39.00257158279419
-
START:  CHKP
END:    39.325443744659424
-
START:  CHTR
END:    39.55747699737549
-
START:  CIEN
END:    39.87815451622009
-
START:  CLAR
END:    40.21745753288269
-
START:  CLFD
END:    40.572829484939575
-
START:  CLGN
END:    40.679136514663696
-
START:  CLNE
END:    40.94306039810181
-
START:  CLPT
END:    41.135762453079224
-
START:  CLX
END:    41.56278109550476
-
START:  CMCSA
END:    41.948654890060425
-
START:  CMG
END:    42.22640061378479
-
START:  CMS
END:    42.67328691482544
-
START:  CNC
END:    42.998948097229004
-
START:  CNI
END:    43.36127710342407
-
START:  CNMD
END:    43.699440717697144
-
START:  CNS
END:    44.07154154777527
-
START:  CNXN
END:    44.423598527908325
-
START:  COO
END:    44.85856652259827
-
START:  COST
END:    45.23151922225952
-
START:  COUP
END:    45.37792706489563
-
START:  COWN
END:    45.6629364490509
-
START:  CP
END:    46.0633111000061
-
START:  CPK
END:    46.45841312408447
-
START:  CPRT
END:    46.783347606658936
-
START:  CPSH
END:    47.10314464569092
-
START:  CRAI
END:    47.455995082855225
-
START:  CREE
Not Found: No data found, symbol may be delisted
START:  CRL
END:    47.8548846244812
-
START:  CRM
END:    48.16899538040161
-
START:  CRMT
END:    48.505154848098755
-
START:  CROX
END:    48.79237341880798
-
START:  CRSP
END:    48.93155121803284
-
START:  CRVL
END:    49.255322217941284
-
START:  CSGP
END:    49.60214686393738
-
START:  CSL
END:    50.0535192489624
-
START:  CSWI
END:    50.22741413116455
-
START:  CSX
END:    50.62517714500427
-
START:  CTAS
END:    51.05750322341919
-
START:  CTLT
END:    51.22934365272522
-
START:  CTRN
END:    51.5436065196991
-
START:  CURE
END:    51.77656054496765
-
START:  CVCO
END:    52.081916093826294
-
START:  CVNA
END:    52.199206590652466
-
START:  CWST
END:    52.54846167564392
-
START:  CWT
END:    52.9434769153595
-
START:  CXSE
END:    53.19963264465332
-
START:  CYBR
END:    53.34582757949829
-
START:  CYRX
END:    53.71441125869751
-
START:  CYTK
END:    54.035133600234985
-
START:  DAC
END:    54.32675337791443
-
START:  DAR
END:    54.65526723861694
-
START:  DAVA
END:    54.784568309783936
-
START:  DDS
END:    55.14821004867554
-
START:  DE
END:    55.60136842727661
-
START:  DECK
END:    55.960466623306274
-
START:  DELL
END:    56.110963106155396
-
START:  DFIN
END:    56.24547553062439
-
START:  DG
END:    56.48492383956909
-
START:  DGRW
END:    56.66151142120361
-
START:  DHI
END:    57.042301654815674
-
START:  DHR
END:    57.45099186897278
-
START:  DIA
END:    57.85606598854065
-
START:  DIOD
END:    58.17206692695618
-
START:  DIS
END:    58.66217374801636
-
START:  DKS
END:    59.02267837524414
-
START:  DLN
END:    59.32704973220825
-
START:  DNLI
END:    59.46360754966736
-
START:  DOMO
END:    59.563084840774536
-
START:  DOV
END:    60.00209283828735
-
START:  DPZ
END:    60.315242528915405
-
START:  DQ
END:    60.52584218978882
-
START:  DRD
END:    60.92579650878906
-
START:  DRIO
END:    61.06265139579773
-
START:  DRNA
Not Found: No data found, symbol may be delisted
START:  DSGX
END:    61.44175958633423
-
START:  DVAX
END:    61.72745609283447
-
START:  DXCM
END:    62.030433177948
-
START:  ECL
END:    62.42113161087036
-
START:  EFX
END:    62.828962087631226
-
START:  EGAN
END:    63.16750359535217
-
START:  EHC
END:    63.52435517311096
-
START:  EL
END:    63.908336877822876
-
START:  ENPH
END:    64.09639954566956
-
START:  ENSG
END:    64.38860440254211
-
START:  ENTG
END:    64.75997567176819
-
START:  ENV
END:    64.99148869514465
-
START:  EPAM
END:    65.19680213928223
-
START:  ERIE
END:    65.66288805007935
-
START:  ES
END:    66.08253335952759
-
START:  ESE
END:    66.4735381603241
-
START:  ETN
END:    66.89283609390259
-
START:  ETSY
END:    67.05988216400146
-
START:  EVBG
END:    67.20603585243225
-
START:  EVTC
END:    67.38465809822083
-
START:  EW
END:    67.71838068962097
-
START:  EWT
END:    68.08903050422668
-
START:  EXAS
END:    68.42926239967346
-
START:  EXLS
END:    68.69740891456604
-
START:  EXPD
END:    69.06819796562195
-
START:  EXPI
END:    69.1891131401062
-
START:  EXPO
END:    69.53516030311584
-
START:  FAST
END:    69.92711544036865
-
START:  FATE
END:    70.08220219612122
-
START:  FB
END:    70.30630993843079
-
START:  FCN
END:    70.67364263534546
-
START:  FCX
END:    71.06717348098755
-
START:  FDN
END:    71.35120511054993
-
START:  FDS
END:    71.75224614143372
-
START:  FELE
END:    72.14247822761536
-
START:  FFIN
END:    72.52856469154358
-
START:  FICO
END:    72.88425779342651
-
START:  FINX
END:    73.02892112731934
-
START:  FIS
END:    73.38282656669617
-
START:  FISV
END:    73.72639966011047
-
START:  FIVE
END:    73.94071531295776
-
START:  FIVN
END:    74.13322639465332
-
START:  FLGT
END:    74.28203964233398
-
START:  FLT
END:    74.50495171546936
-
START:  FLWS
END:    74.84140181541443
-
START:  FN
END:    75.04612421989441
-
START:  FND
END:    75.18481040000916
-
START:  FNV
END:    75.47737860679626
-
START:  FORM
END:    75.78500008583069
-
START:  FOXF
END:    76.05158638954163
-
START:  FPX
END:    76.34897875785828
-
START:  FRC
END:    76.58788204193115
-
START:  FRHC
END:    76.70837998390198
-
START:  FRPT
END:    76.88697123527527
-
START:  FSS
END:    77.2582356929779
-
START:  FTNT
END:    77.48583126068115
-
START:  FUV
END:    77.61491823196411
-
START:  GDEN
END:    77.95214295387268
-
START:  GFI
END:    78.31665539741516
-
START:  GGG
END:    78.72822666168213
-
START:  GIB
END:    79.04368591308594
-
START:  GLDD
END:    79.31872701644897
-
START:  GLOB
END:    79.49723887443542
-
START:  GMAB
END:    79.74335026741028
-
START:  GME
END:    80.10650563240051
-
START:  GMED
END:    80.30764102935791
-
START:  GNRC
END:    80.54035234451294
-
START:  GNSS
END:    80.90360569953918
-
START:  GNTX
END:    81.24227547645569
-
START:  GOLF
END:    81.39790177345276
-
START:  GOOG
END:    81.71308612823486
-
START:  GOOGL
END:    82.02842307090759
-
START:  GPI
END:    82.4007658958435
-
START:  GPN
END:    82.78272199630737
-
START:  GRBK
END:    83.04272770881653
-
START:  GRMN
END:    83.39790749549866
-
START:  GRVY
END:    83.7050724029541
-
START:  GRWG
END:    83.827712059021
-
START:  GWRE
END:    84.03614068031311
-
START:  HACK
END:    84.20775413513184
-
START:  HALO
END:    84.52840209007263
-
START:  HCI
END:    84.77914428710938
-
START:  HD
END:    85.1743950843811
-
START:  HEI
END:    85.56141328811646
-
START:  HELE
END:    85.87968945503235
-
START:  HIBB
END:    86.2128279209137
-
START:  HLI
END:    86.37508940696716
-
START:  HLT
END:    86.56659936904907
-
START:  HOLX
END:    86.90926885604858
-
START:  HON
END:    87.34931135177612
-
START:  HOV
END:    87.67176914215088
-
START:  HRC
Not Found: No data found, symbol may be delisted
START:  HRI
END:    87.98369359970093
-
START:  HSKA
END:    88.30612754821777
-
START:  HTHT
END:    88.55343818664551
-
START:  HUBS
END:    88.70951652526855
-
START:  HUM
END:    89.0873339176178
-
START:  HZNP
END:    89.30441808700562
-
START:  IAC
END:    89.683837890625
-
START:  IBP
END:    89.90622591972351
-
START:  ICE
END:    90.20248627662659
-
START:  ICLN
END:    90.47732949256897
-
START:  ICLR
END:    90.80624747276306
-
START:  IDT
END:    91.163094997406
-
START:  IDXX
END:    91.50393414497375
-
START:  IESC
END:    91.83994054794312
-
START:  IEX
END:    92.19362092018127
-
START:  ILMN
END:    92.53184366226196
-
START:  INFO
END:    92.86630606651306
-
START:  INOV
Not Found: No data found, symbol may be delisted
START:  INSP
END:    93.02127861976624
-
START:  INTC
END:    93.4119861125946
-
START:  INTU
END:    93.79776573181152
-
START:  INTZ
END:    94.12149739265442
-
START:  INVE
END:    94.45308494567871
-
START:  IOO
END:    94.79459404945374
-
START:  IQV
END:    94.9859631061554
-
START:  IRDM
END:    95.24129390716553
-
START:  IRMD
END:    95.41130232810974
-
START:  ISEE
END:    95.59907674789429
-
START:  ISRG
END:    95.9353039264679
-
START:  IT
END:    96.2923321723938
-
START:  ITT
END:    96.67769002914429
-
START:  ITW
END:    97.10145831108093
-
START:  IVOG
END:    97.37447357177734
-
START:  IVV
END:    97.75253796577454
-
START:  IXJ
END:    98.11947846412659
-
START:  IXN
END:    98.47825384140015
-
START:  J
END:    98.86435103416443
-
START:  JBL
END:    99.24411678314209
-
START:  JBSS
END:    99.61414861679077
-
START:  JD
END:    99.7952389717102
-
START:  JKHY
END:    100.1735532283783
-
START:  JKS
END:    100.38808798789978
-
START:  JNJ
END:    100.82823204994202
-
START:  JOE
END:    101.19926619529724
-
START:  JOUT
END:    101.5545392036438
-
START:  JYNT
END:    102.66239428520203
-
START:  KAI
END:    104.35760736465454
-
START:  KBH
END:    105.70459723472595
-
START:  KBR
END:    107.50582528114319
-
START:  KDMN
Not Found: No data found, symbol may be delisted
START:  KEYS
END:    108.99279046058655
-
START:  KLAC
END:    110.8764545917511
-
START:  KLIC
END:    118.57342886924744
-
START:  KMX
END:    120.20376133918762
-
START:  KNSL
END:    121.4389660358429
-
START:  KOPN
END:    122.81207418441772
-
START:  KOSS
END:    123.21845960617065
-
START:  KRNT
END:    124.23588728904724
-
START:  KSU
Not Found: No data found, symbol may be delisted
START:  KTOS
END:    126.04216170310974
-
START:  LAC
END:    126.89943289756775
-
START:  LAD
END:    129.2728190422058
-
START:  LANC
END:    135.42147016525269
-
START:  LAWS
END:    137.08357071876526
-
START:  LDOS
END:    138.6126639842987
-
START:  LFMD
END:    139.48905730247498
-
START:  LGIH
END:    140.84167098999023
-
START:  LH
END:    142.68528199195862
-
START:  LHCG
END:    146.25764679908752
-
START:  LHX
END:    154.7848072052002
-
START:  LII
END:    156.50456500053406
-
START:  LIN
END:    158.58074307441711
-
START:  LINC
END:    162.07239770889282
-
START:  LIT
END:    163.45950198173523
-
START:  LLY
END:    165.17546558380127
-
START:  LMT
END:    167.36819553375244
-
START:  LNT
END:    169.43068408966064
-
START:  LOB
END:    170.61312532424927
-
START:  LOGI
END:    172.77562642097473
-
START:  LOVE
END:    173.7004508972168
-
START:  LOW
END:    175.4785966873169
-
START:  LPLA
END:    177.10731673240662
-
START:  LPSN
END:    178.45686554908752
-
START:  LQDT
END:    179.7533097267151
-
START:  LRCX
END:    181.51692819595337
-
START:  LSCC
END:    182.7646996974945
-
START:  LSTR
END:    193.64680337905884
-
START:  LULU
END:    195.0572190284729
-
START:  LUNA
END:    196.47147464752197
-
START:  MA
END:    198.03509998321533
-
START:  MANH
END:    199.36947536468506
-
START:  MANT
END:    201.0470700263977
-
START:  MARA
END:    202.36939096450806
-
START:  MASI
END:    203.90360713005066
-
START:  MATX
END:    206.31193113327026
-
START:  MBUU
END:    207.65844821929932
-
START:  MCD
END:    209.3107705116272
-
START:  MCHP
END:    211.2013599872589
-
START:  MCO
END:    213.40274572372437
-
START:  MDB
END:    214.3744990825653
-
START:  MDT
END:    216.06665349006653
-
START:  MEDP
END:    216.83066177368164
-
START:  MEDS
END:    217.89942455291748
-
START:  MELI
END:    219.8972795009613
-
START:  MGC
END:    221.1201958656311
-
START:  MGIC
END:    222.72052931785583
-
START:  MGK
END:    224.49307918548584
-
START:  MGNI
END:    225.4584517478943
-
START:  MHO
END:    227.31474089622498
-
START:  MIME
END:    228.22543835639954
-
START:  MITK
END:    229.55793833732605
-
START:  MKC
END:    232.11358189582825
-
START:  MKSI
END:    233.44433903694153
-
START:  MKTX
END:    234.60132551193237
-
START:  MLAB
END:    236.50392961502075
-
START:  MLR
END:    236.85881114006042
-
START:  MMC
END:    238.71867322921753
-
START:  MMS
END:    240.46532702445984
-
START:  MNMD
END:    241.42420101165771
-
START:  MNST
END:    243.35850715637207
-
START:  MODN
END:    244.61107730865479
-
START:  MODV
END:    246.21079301834106
-
START:  MOH
END:    247.67571187019348
-
START:  MORN
END:    249.26515579223633
-
START:  MPWR
END:    250.82066798210144
-
START:  MRTX
END:    254.53444147109985
-
START:  MRVL
END:    256.5261151790619
-
START:  MS
END:    258.2177367210388
-
START:  MSA
END:    260.61625361442566
-
START:  MSCI
END:    262.1415627002716
-
START:  MSEX
END:    264.2941040992737
-
START:  MSFT
END:    266.2846465110779
-
START:  MSI
END:    268.1283781528473
-
START:  MSTR
END:    269.1453146934509
-
START:  MTBC
END:    270.29281067848206
-
START:  MTCH
END:    271.7697458267212
-
START:  MTD
END:    273.06527185440063
-
START:  MTEX
END:    274.82828736305237
-
START:  MTH
END:    276.6722102165222
-
START:  MTLS
END:    277.79774832725525
-
START:  MTSI
END:    278.77529668807983
-
START:  MU
END:    280.15768480300903
-
START:  MUSA
END:    281.3228256702423
-
START:  MVIS
END:    282.6478843688965
-
START:  MXL
END:    283.7167308330536
-
START:  MYRG
END:    284.71811056137085
-
START:  NBIX
END:    286.17893266677856
-
START:  NCBS
END:    287.33270025253296
-
START:  NDAQ
END:    289.4923529624939
-
START:  NDSN
END:    291.33885192871094
-
START:  NEE
END:    293.1607873439789
-
START:  NEO
END:    294.2968292236328
-
START:  NEOG
END:    295.7383189201355
-
START:  NFLX
END:    296.9610757827759
-
START:  NICE
END:    298.86873149871826
-
START:  NISN
END:    299.6954257488251
-
START:  NKE
END:    301.28717732429504
-
START:  NOVT
END:    301.61116456985474
-
START:  NOW
END:    301.80111742019653
-
START:  NSC
END:    302.2286841869354
-
START:  NSIT
END:    302.5965163707733
-
START:  NSSC
END:    302.9204902648926
-
START:  NSTG
END:    303.1091380119324
-
START:  NTLA
END:    303.28686237335205
-
START:  NTRA
END:    303.4518702030182
-
START:  NUAN
END:    303.7901873588562
-
START:  NVCR
END:    303.9533905982971
-
START:  NVDA
END:    304.3780391216278
-
START:  NVMI
END:    304.7038495540619
-
START:  NVO
END:    305.1855137348175
-
START:  NVR
END:    305.5194613933563
-
START:  NXST
END:    305.82712745666504
-
START:  NYT
END:    306.24814677238464
-
START:  OBCI
END:    308.39369320869446
-
START:  ODFL
END:    308.7399671077728
-
START:  OEF
END:    309.1033833026886
-
START:  OFLX
END:    309.3992931842804
-
START:  OLED
END:    309.73717427253723
-
START:  OMCL
END:    310.0743000507355
-
START:  ON
END:    310.3931794166565
-
START:  OOMA
END:    311.54863142967224
-
START:  OPRX
END:    311.7863907814026
-
START:  ORA
END:    312.08022689819336
-
START:  ORCL
END:    312.4687337875366
-
START:  ORLY
END:    312.80679631233215
-
START:  ORMP
END:    313.0519165992737
-
START:  OTEX
END:    313.3998644351959
-
START:  PACB
END:    313.59361815452576
-
START:  PAG
END:    313.94792222976685
-
START:  PANW
END:    314.13616013526917
-
START:  PAR
END:    314.48174834251404
-
START:  PAYC
END:    314.69638204574585
-
START:  PAYX
END:    315.0707976818085
-
START:  PBD
END:    315.34077286720276
-
START:  PCTY
END:    315.5189814567566
-
START:  PEGA
END:    315.87981486320496
-
START:  PEN
END:    316.0334577560425
-
START:  PENN
END:    316.37888264656067
-
START:  PEP
END:    316.80649280548096
-
START:  PERI
END:    317.0835690498352
-
START:  PFSI
END:    317.2523903846741
-
START:  PGR
END:    317.6635093688965
-
START:  PH
END:    318.09577083587646
-
START:  PHM
END:    318.5194721221924
-
START:  PKI
END:    318.9192862510681
-
START:  PLL
END:    319.0374393463135
-
START:  PLNT
END:    319.18473720550537
-
START:  PLUG
END:    319.49820947647095
-
START:  PLXS
END:    319.8636598587036
-
START:  PODD
END:    320.1568925380707
-
START:  POOL
END:    320.54874086380005
-
START:  POWI
END:    322.08851742744446
-
START:  PRFT
END:    322.4476041793823
-
START:  PRI
END:    322.7014100551605
-
START:  PRTA
END:    322.88546109199524
-
START:  PRTS
END:    323.13961577415466
-
START:  PTSI
END:    323.4665415287018
-
START:  PWR
END:    323.83730912208557
-
START:  PYPL
END:    323.9791452884674
-
START:  QADA
Not Found: No data found, symbol may be delisted
START:  QCLN
END:    324.31298422813416
-
START:  QDEL
END:    324.6523611545563
-
START:  QGEN
END:    325.02219820022583
-
START:  QLYS
END:    325.2315366268158
-
START:  QQQ
END:    325.6058406829834
-
START:  QRVO
END:    325.8068482875824
-
START:  QTWO
END:    325.99332666397095
-
START:  RADA
END:    326.32607340812683
-
START:  RAMP
END:    326.6722402572632
-
START:  RBA
END:    327.05003452301025
-
START:  RCII
END:    327.40062046051025
-
START:  RCKY
END:    327.74190187454224
-
START:  RDNT
END:    328.0850613117218
-
START:  RDVT
END:    328.21254539489746
-
START:  RDWR
END:    328.5301868915558
-
START:  REGI
END:    328.72650122642517
-
START:  RENN
END:    328.9343638420105
-
START:  RGEN
END:    329.2759253978729
-
START:  RH
END:    329.4719274044037
-
START:  RILY
END:    329.78393483161926
-
START:  RIOT
END:    329.93672800064087
-
START:  RLI
END:    330.31699228286743
-
START:  RLMD
END:    330.4974219799042
-
START:  RMD
END:    330.8923411369324
-
START:  RNG
END:    331.10965156555176
-
START:  ROBO
END:    331.3115906715393
-
START:  ROCK
END:    331.6649522781372
-
START:  ROK
END:    333.7154815196991
-
START:  ROKU
END:    333.8492913246155
-
START:  ROL
END:    334.27788853645325
-
START:  ROP
END:    334.7209348678589
-
START:  ROST
END:    335.1335823535919
-
START:  RPD
END:    335.3197388648987
-
START:  RPM
END:    335.7581241130829
-
START:  RSG
END:    336.1193859577179
-
START:  RTH
END:    336.4711709022522
-
START:  RUN
END:    336.6591749191284
-
START:  RXI
END:    336.93551778793335
-
START:  SAIA
END:    337.2416968345642
-
START:  SAIC
END:    337.4713821411133
-
START:  SAM
END:    337.87123918533325
-
START:  SAVA
END:    338.2067241668701
-
START:  SCI
END:    338.5934867858887
-
START:  SCL
END:    340.53393483161926
-
START:  SE
END:    341.2453875541687
-
START:  SEAS
END:    342.82776379585266
-
START:  SEDG
END:    343.7997078895569
-
START:  SFBS
END:    345.2200753688812
-
START:  SGEN
END:    346.3328318595886
-
START:  SGMS
END:    347.6237144470215
-
START:  SGRY
END:    352.3875901699066
-
START:  SHOP
END:    353.25503635406494
-
START:  SHW
END:    355.4009485244751
-
START:  SHYF
END:    357.0779130458832
-
START:  SITE
END:    358.0553433895111
-
START:  SIVB
END:    359.7463712692261
-
START:  SJW
END:    361.3661711215973
-
START:  SKY
END:    362.7948763370514
-
START:  SLAB
END:    364.0241620540619
-
START:  SLP
END:    365.4736394882202
-
START:  SMH
END:    367.3087434768677
-
START:  SMTC
END:    368.4958264827728
-
START:  SNAP
END:    371.8508815765381
-
START:  SNPS
END:    374.86932373046875
-
START:  SOCL
END:    376.13806343078613
-
START:  SOXL
END:    377.54026341438293
-
START:  SPGI
END:    384.9900712966919
-
START:  SPLG
END:    386.98414754867554
-
START:  SPLK
END:    388.10858821868896
-
START:  SPNS
END:    390.33354926109314
-
START:  SPSC
END:    391.57024240493774
-
START:  SPTM
END:    393.5733103752136
-
START:  SPWH
END:    397.2623989582062
-
START:  SPWR
END:    398.85799050331116
-
START:  SPXC
END:    400.4892430305481
-
START:  SPXL
END:    402.0782563686371
-
START:  SPY
END:    403.7407717704773
-
START:  SPYG
END:    405.8589527606964
-
START:  SQ
END:    407.02734565734863
-
START:  SSD
END:    411.107816696167
-
START:  SSNC
END:    412.68738770484924
-
START:  SSTK
END:    414.205894947052
-
START:  STAA
END:    415.3481922149658
-
START:  STE
END:    421.0274302959442
-
START:  SUSA
END:    422.680504322052
-
START:  SYK
END:    424.90776538848877
-
START:  SYNA
END:    426.274938583374
-
START:  TBBK
END:    427.67360830307007
-
START:  TBK
END:    427.8305778503418
-
START:  TDG
END:    429.4915807247162
-
START:  TDOC
END:    429.64561343193054
-
START:  TDY
END:    437.2738182544708
-
START:  TEAM
END:    438.5116813182831
-
START:  TECH
END:    439.98532366752625
-
START:  TECL
END:    441.7831265926361
-
START:  TER
END:    443.6394896507263
-
START:  TFX
END:    445.5001344680786
-
START:  TGH
END:    446.88426446914673
-
START:  TGLS
END:    448.3719415664673
-
START:  TGT
END:    450.39400362968445
-
START:  TGTX
END:    451.6752598285675
-
START:  THC
END:    453.65897703170776
-
START:  TJX
END:    455.16602063179016
-
START:  TMO
END:    455.5698456764221
-
START:  TMUS
END:    457.42632508277893
-
START:  TNDM
END:    458.3501489162445
-
START:  TNET
END:    459.5644598007202
-
START:  TPX
END:    461.52102160453796
-
START:  TREX
END:    461.8765535354614
-
START:  TRI
END:    463.3285300731659
-
START:  TRIL
Not Found: No data found, symbol may be delisted
START:  TRMB
END:    465.2530961036682
-
START:  TRNS
END:    466.5006012916565
-
START:  TROW
END:    468.2686870098114
-
START:  TRU
END:    469.45765113830566
-
START:  TRUP
END:    470.4998414516449
-
START:  TSCO
END:    472.0405194759369
-
START:  TSLA
END:    473.11225175857544
-
START:  TSM
END:    474.9693500995636
-
START:  TT
END:    476.65666341781616
-
START:  TTC
END:    478.1148684024811
-
START:  TTD
END:    479.1531183719635
-
START:  TTEC
END:    480.623566865921
-
START:  TTEK
END:    482.2683138847351
-
START:  TTGT
END:    482.51001811027527
-
START:  TTWO
END:    484.12381958961487
-
START:  TWLO
END:    485.0623996257782
-
START:  TXN
END:    487.01085662841797
-
START:  TYL
END:    488.74667406082153
-
START:  UCTT
END:    490.31019282341003
-
START:  UFPI
END:    490.6907629966736
-
START:  UFPT
END:    492.126238822937
-
START:  UI
END:    492.35922932624817
-
START:  UMC
END:    492.71011233329773
-
START:  UNF
END:    494.94222927093506
-
START:  UNH
END:    502.7976517677307
-
START:  UNP
END:    504.581915140152
-
START:  UPLD
END:    504.7487359046936
-
START:  URI
END:    505.75420212745667
-
START:  V
END:    507.77554845809937
-
START:  VALU
END:    509.45326232910156
-
START:  VBK
END:    511.18242478370667
-
START:  VCEL
END:    512.5766847133636
-
START:  VCR
END:    512.9315323829651
-
START:  VCTR
END:    513.9207518100739
-
START:  VCYT
END:    514.1066405773163
-
START:  VDC
END:    515.6685917377472
-
START:  VEEV
END:    520.9321360588074
-
START:  VERU
END:    522.4213619232178
-
START:  VGT
END:    524.2033154964447
-
START:  VHT
END:    526.3299045562744
-
START:  VIAV
END:    527.6507797241211
-
START:  VICR
END:    528.9672615528107
-
START:  VIG
END:    531.2430689334869
-
START:  VO
END:    533.1744012832642
-
START:  VONE
END:    534.7225241661072
-
START:  VONG
END:    536.4289484024048
-
START:  VOO
END:    538.6017713546753
-
START:  VOOG
END:    540.1755089759827
-
START:  VOOV
END:    541.8832747936249
-
START:  VOT
END:    543.6700322628021
-
START:  VPU
END:    545.7301685810089
-
START:  VRNS
END:    546.9480946063995
-
START:  VRSK
END:    548.4041168689728
-
START:  VRSN
END:    549.8059957027435
-
START:  VRTV
END:    550.0038561820984
-
START:  VSTO
END:    551.2323775291443
-
START:  VTHR
END:    552.805383682251
-
START:  VTI
END:    558.0277352333069
-
START:  VTNR
END:    559.4290118217468
-
START:  VTWG
END:    561.1841104030609
-
START:  VUG
END:    561.5292041301727
-
START:  VV
END:    561.8918557167053
-
START:  VXF
END:    562.2496540546417
-
START:  WCN
END:    562.5907733440399
-
START:  WD
END:    562.8004715442657
-
START:  WDAY
END:    562.9973294734955
-
START:  WDFC
END:    563.3696403503418
-
START:  WEC
END:    563.7711548805237
-
START:  WEN
END:    564.1538503170013
-
START:  WINA
END:    564.4978399276733
-
START:  WING
END:    564.6765451431274
-
START:  WIRE
END:    565.0381639003754
-
START:  WIX
END:    566.0712814331055
-
START:  WK
END:    566.2408318519592
-
START:  WLTW
Not Found: No data found, symbol may be delisted
START:  WM
END:    566.6548783779144
-
START:  WMS
END:    566.8883099555969
-
START:  WNS
END:    567.1883282661438
-
START:  WRB
END:    567.5909340381622
-
START:  WSC
END:    567.7422986030579
-
START:  WSM
END:    568.1149549484253
-
START:  WST
END:    568.4845306873322
-
START:  WTRG
END:    568.9323437213898
-
START:  WTS
END:    569.35644698143
-
START:  XEL
END:    569.767463684082
-
START:  XENE
END:    569.9149487018585
-
START:  XLK
END:    570.3092119693756
-
START:  XLNX
END:    572.4035329818726
-
START:  XLP
END:    572.7572708129883
-
START:  XLRN
Not Found: No data found, symbol may be delisted
START:  XLU
END:    573.2388880252838
-
START:  XLV
END:    573.6076083183289
-
START:  XLY
END:    579.0498774051666
-
START:  XYL
END:    579.2586190700531
-
START:  YNDX
END:    579.4791076183319
-
START:  YORW
END:    579.8462488651276
-
START:  YUM
END:    580.2056028842926
-
START:  Z
END:    580.3677730560303
-
START:  ZBRA
END:    580.7122540473938
-
START:  ZEN
END:    580.8978352546692
-
START:  ZLAB
END:    581.0050947666168
-
START:  ZNGA
END:    581.1876142024994
-
START:  ZS
END:    581.3145222663879
-
START:  ZTS
END:    581.504736661911
-
START:  ZYXI
END:    581.8181474208832
-
===========================
MACD golden cross
===========================
START:  code
START:  A
START:  AAON
START:  AAPL
START:  ABG
START:  ABT
START:  ACLS
START:  ACMR
START:  ACN
START:  ADBE
START:  ADI
START:  ADP
START:  ADSK
START:  ADUS
START:  AEE
START:  AGYS
START:  AIZ
START:  AJG
START:  AJRD
START:  ALB
START:  ALG
START:  ALGN
START:  ALLE
START:  ALTR
START:  AMAT
START:  AMBA
START:  AMD
START:  AME
START:  AMED
START:  AMEH
START:  AMGN
START:  AMN
START:  AMP
START:  AMRC
START:  AMSWA
START:  AMTX
START:  AMZN
START:  AN
START:  ANSS
START:  ANTM
START:  AON
START:  AOSL
START:  APD
START:  APH
START:  APPF
START:  APPN
START:  APPS
START:  AQN
START:  ARCB
START:  ARCT
START:  ARES
START:  ARGX
START:  ARWR
START:  ASML
START:  ASPN
START:  ATEC
START:  ATEN
START:  ATKR
START:  ATOM
START:  ATR
START:  ATRC
START:  AUDC
START:  AUPH
START:  AVAV
START:  AVGO
START:  AVID
START:  AVNW
START:  AVXL
START:  AVY
START:  AWK
START:  AWR
START:  AXON
START:  AZO
START:  AZPN
START:  BAH
START:  BAM
START:  BAX
START:  BBH
START:  BBQ
START:  BBY
START:  BCPC
START:  BDX
START:  BEEM
START:  BFAM
START:  BFC
START:  BGFV
START:  BGNE
START:  BHVN
START:  BIO
START:  BL
START:  BLD
START:  BLDP
START:  BLDR
START:  BLFS
START:  BLK
START:  BLL
START:  BLNK
START:  BMI
START:  BOOT
START:  BOTZ
START:  BR
START:  BRKR
START:  BRKS
START:  BRO
START:  BURL
START:  BX
START:  CABO
START:  CACI
START:  CALX
START:  CAMT
START:  CAR
START:  CBRE
START:  CBSH
START:  CBZ
START:  CCOI
START:  CCS
START:  CDMO
START:  CDNA
START:  CDNS
START:  CDW
START:  CELH
START:  CGNX
START:  CHD
START:  CHDN
START:  CHE
START:  CHGG
START:  CHH
START:  CHKP
START:  CHTR
START:  CIEN
START:  CLAR
START:  CLFD
START:  CLGN
START:  CLNE
START:  CLPT
START:  CLX
START:  CMCSA
START:  CMG
START:  CMS
START:  CNC
START:  CNI
START:  CNMD
START:  CNS
START:  CNXN
START:  COO
START:  COST
START:  COUP
START:  COWN
START:  CP
START:  CPK
START:  CPRT
START:  CPSH
START:  CRAI
START:  CREE
START:  CRL
START:  CRM
START:  CRMT
START:  CROX
START:  CRSP
START:  CRVL
START:  CSGP
START:  CSL
START:  CSWI
START:  CSX
START:  CTAS
START:  CTLT
START:  CTRN
START:  CURE
START:  CVCO
START:  CVNA
START:  CWST
START:  CWT
START:  CXSE
START:  CYBR
START:  CYRX
START:  CYTK
START:  DAC
START:  DAR
START:  DAVA
START:  DDS
START:  DE
START:  DECK
START:  DELL
START:  DFIN
START:  DG
START:  DGRW
START:  DHI
START:  DHR
START:  DIA
START:  DIOD
START:  DIS
START:  DKS
START:  DLN
START:  DNLI
START:  DOMO
START:  DOV
START:  DPZ
START:  DQ
START:  DRD
START:  DRIO
START:  DRNA
START:  DSGX
START:  DVAX
START:  DXCM
START:  ECL
START:  EFX
START:  EGAN
START:  EHC
START:  EL
START:  ENPH
START:  ENSG
START:  ENTG
START:  ENV
START:  EPAM
START:  ERIE
START:  ES
START:  ESE
START:  ETN
START:  ETSY
START:  EVBG
START:  EVTC
START:  EW
START:  EWT
START:  EXAS
START:  EXLS
START:  EXPD
START:  EXPI
START:  EXPO
START:  FAST
START:  FATE
START:  FB
START:  FCN
START:  FCX
START:  FDN
START:  FDS
START:  FELE
START:  FFIN
START:  FICO
START:  FINX
START:  FIS
START:  FISV
START:  FIVE
START:  FIVN
START:  FLGT
START:  FLT
START:  FLWS
START:  FN
START:  FND
START:  FNV
START:  FORM
START:  FOXF
START:  FPX
START:  FRC
START:  FRHC
START:  FRPT
START:  FSS
START:  FTNT
START:  FUV
START:  GDEN
START:  GFI
START:  GGG
START:  GIB
START:  GLDD
START:  GLOB
START:  GMAB
START:  GME
START:  GMED
START:  GNRC
START:  GNSS
START:  GNTX
START:  GOLF
START:  GOOG
START:  GOOGL
START:  GPI
START:  GPN
START:  GRBK
START:  GRMN
START:  GRVY
START:  GRWG
START:  GWRE
START:  HACK
START:  HALO
START:  HCI
START:  HD
START:  HEI
START:  HELE
START:  HIBB
START:  HLI
START:  HLT
START:  HOLX
START:  HON
START:  HOV
START:  HRC
START:  HRI
START:  HSKA
START:  HTHT
START:  HUBS
START:  HUM
START:  HZNP
START:  IAC
START:  IBP
START:  ICE
START:  ICLN
START:  ICLR
START:  IDT
START:  IDXX
START:  IESC
START:  IEX
START:  ILMN
START:  INFO
START:  INOV
START:  INSP
START:  INTC
START:  INTU
START:  INTZ
START:  INVE
START:  IOO
START:  IQV
START:  IRDM
START:  IRMD
START:  ISEE
START:  ISRG
START:  IT
START:  ITT
START:  ITW
START:  IVOG
START:  IVV
START:  IXJ
START:  IXN
START:  J
START:  JBL
START:  JBSS
START:  JD
START:  JKHY
START:  JKS
START:  JNJ
START:  JOE
START:  JOUT
START:  JYNT
START:  KAI
START:  KBH
START:  KBR
START:  KDMN
START:  KEYS
START:  KLAC
START:  KLIC
START:  KMX
START:  KNSL
START:  KOPN
START:  KOSS
START:  KRNT
START:  KSU
START:  KTOS
START:  LAC
START:  LAD
START:  LANC
START:  LAWS
START:  LDOS
START:  LFMD
START:  LGIH
START:  LH
START:  LHCG
START:  LHX
START:  LII
START:  LIN
START:  LINC
START:  LIT
START:  LLY
START:  LMT
START:  LNT
START:  LOB
START:  LOGI
START:  LOVE
START:  LOW
START:  LPLA
START:  LPSN
START:  LQDT
START:  LRCX
START:  LSCC
START:  LSTR
START:  LULU
START:  LUNA
START:  MA
START:  MANH
START:  MANT
START:  MARA
START:  MASI
START:  MATX
START:  MBUU
START:  MCD
START:  MCHP
START:  MCO
START:  MDB
START:  MDT
START:  MEDP
START:  MEDS
START:  MELI
START:  MGC
START:  MGIC
START:  MGK
START:  MGNI
START:  MHO
START:  MIME
START:  MITK
START:  MKC
START:  MKSI
START:  MKTX
START:  MLAB
START:  MLR
START:  MMC
START:  MMS
START:  MNMD
START:  MNST
START:  MODN
START:  MODV
START:  MOH
START:  MORN
START:  MPWR
START:  MRTX
START:  MRVL
START:  MS
START:  MSA
START:  MSCI
START:  MSEX
START:  MSFT
START:  MSI
START:  MSTR
START:  MTBC
START:  MTCH
START:  MTD
START:  MTEX
START:  MTH
START:  MTLS
START:  MTSI
START:  MU
START:  MUSA
START:  MVIS
START:  MXL
START:  MYRG
START:  NBIX
START:  NCBS
START:  NDAQ
START:  NDSN
START:  NEE
START:  NEO
START:  NEOG
START:  NFLX
START:  NICE
START:  NISN
START:  NKE
START:  NOVT
START:  NOW
START:  NSC
START:  NSIT
START:  NSSC
START:  NSTG
START:  NTLA
START:  NTRA
START:  NUAN
START:  NVCR
START:  NVDA
START:  NVMI
START:  NVO
START:  NVR
START:  NXST
START:  NYT
START:  OBCI
START:  ODFL
START:  OEF
START:  OFLX
START:  OLED
START:  OMCL
START:  ON
START:  OOMA
START:  OPRX
START:  ORA
START:  ORCL
START:  ORLY
START:  ORMP
START:  OTEX
START:  PACB
START:  PAG
START:  PANW
START:  PAR
START:  PAYC
START:  PAYX
START:  PBD
START:  PCTY
START:  PEGA
START:  PEN
START:  PENN
START:  PEP
START:  PERI
START:  PFSI
START:  PGR
START:  PH
START:  PHM
START:  PKI
START:  PLL
START:  PLNT
START:  PLUG
START:  PLXS
START:  PODD
START:  POOL
START:  POWI
START:  PRFT
START:  PRI
START:  PRTA
START:  PRTS
START:  PTSI
START:  PWR
START:  PYPL
START:  QADA
START:  QCLN
START:  QDEL
START:  QGEN
START:  QLYS
START:  QQQ
START:  QRVO
START:  QTWO
START:  RADA
START:  RAMP
START:  RBA
START:  RCII
START:  RCKY
START:  RDNT
START:  RDVT
START:  RDWR
START:  REGI
START:  RENN
START:  RGEN
START:  RH
START:  RILY
START:  RIOT
START:  RLI
START:  RLMD
START:  RMD
START:  RNG
START:  ROBO
START:  ROCK
START:  ROK
START:  ROKU
START:  ROL
START:  ROP
START:  ROST
START:  RPD
START:  RPM
START:  RSG
START:  RTH
START:  RUN
START:  RXI
START:  SAIA
START:  SAIC
START:  SAM
START:  SAVA
START:  SCI
START:  SCL
START:  SE
START:  SEAS
START:  SEDG
START:  SFBS
START:  SGEN
START:  SGMS
START:  SGRY
START:  SHOP
START:  SHW
START:  SHYF
START:  SITE
START:  SIVB
START:  SJW
START:  SKY
START:  SLAB
START:  SLP
START:  SMH
START:  SMTC
START:  SNAP
START:  SNPS
START:  SOCL
START:  SOXL
START:  SPGI
START:  SPLG
START:  SPLK
START:  SPNS
START:  SPSC
START:  SPTM
START:  SPWH
START:  SPWR
START:  SPXC
START:  SPXL
START:  SPY
START:  SPYG
START:  SQ
START:  SSD
START:  SSNC
START:  SSTK
START:  STAA
START:  STE
START:  SUSA
START:  SYK
START:  SYNA
START:  TBBK
START:  TBK
START:  TDG
START:  TDOC
START:  TDY
START:  TEAM
START:  TECH
START:  TECL
START:  TER
START:  TFX
START:  TGH
START:  TGLS
START:  TGT
START:  TGTX
START:  THC
START:  TJX
START:  TMO
START:  TMUS
START:  TNDM
START:  TNET
START:  TPX
START:  TREX
START:  TRI
START:  TRIL
START:  TRMB
START:  TRNS
START:  TROW
START:  TRU
START:  TRUP
START:  TSCO
START:  TSLA
START:  TSM
START:  TT
START:  TTC
START:  TTD
START:  TTEC
START:  TTEK
START:  TTGT
START:  TTWO
START:  TWLO
START:  TXN
START:  TYL
START:  UCTT
START:  UFPI
START:  UFPT
START:  UI
START:  UMC
START:  UNF
START:  UNH
START:  UNP
START:  UPLD
START:  URI
START:  V
START:  VALU
START:  VBK
START:  VCEL
START:  VCR
START:  VCTR
START:  VCYT
START:  VDC
START:  VEEV
START:  VERU
START:  VGT
START:  VHT
START:  VIAV
START:  VICR
START:  VIG
START:  VO
START:  VONE
START:  VONG
START:  VOO
START:  VOOG
START:  VOOV
START:  VOT
START:  VPU
START:  VRNS
START:  VRSK
START:  VRSN
START:  VRTV
START:  VSTO
START:  VTHR
START:  VTI
START:  VTNR
START:  VTWG
START:  VUG
START:  VV
START:  VXF
START:  WCN
START:  WD
START:  WDAY
START:  WDFC
START:  WEC
START:  WEN
START:  WINA
START:  WING
START:  WIRE
START:  WIX
START:  WK
START:  WLTW
START:  WM
START:  WMS
START:  WNS
START:  WRB
START:  WSC
START:  WSM
START:  WST
START:  WTRG
START:  WTS
START:  XEL
START:  XENE
START:  XLK
START:  XLNX
START:  XLP
START:  XLRN
START:  XLU
START:  XLV
START:  XLY
START:  XYL
START:  YNDX
START:  YORW
START:  YUM
START:  Z
START:  ZBRA
START:  ZEN
START:  ZLAB
START:  ZNGA
START:  ZS
START:  ZTS
START:  ZYXI
==== MACD golden cross ====
None
code: CAR      day: macd + hist + hist_1pre + ,  Week: macd + hist + hist_1pre - , Month: macd + hist + hist_1pre + , 
Trade --> code: CAR    BUY: 2004-07-31   36.61 SELL: 2005-12-31   27.60  macd:   -0.24 macd_count:  17 profit:  0.75
Trade --> code: CAR    BUY: 2010-04-30   15.12 SELL: 2016-01-31   26.27  macd:   -1.45 macd_count:  69 profit:  1.74
Trade --> code: CAR    BUY: 2017-12-31   43.88 SELL: 2018-09-30   32.14  macd:   -0.36 macd_count:   9 profit:  0.73
Trade --> code: CAR    BUY: 2020-12-31   37.30 SELL: 2022-03-31  242.34  macd:   42.45 macd_count:  16 profit:  6.50

code: CBSH     day: macd + hist + hist_1pre + ,  Week: macd + hist + hist_1pre - , Month: macd + hist + hist_1pre - , 
Trade --> code: CBSH   BUY: 2004-07-31   24.72 SELL: 2008-02-29   26.85  macd:   -0.08 macd_count:  43 profit:  1.09
Trade --> code: CBSH   BUY: 2008-10-31   30.48 SELL: 2009-01-31   23.66  macd:   -0.18 macd_count:   3 profit:  0.78
Trade --> code: CBSH   BUY: 2010-03-31   29.24 SELL: 2010-09-30   26.71  macd:   -0.01 macd_count:   6 profit:  0.91
Trade --> code: CBSH   BUY: 2010-12-31   28.24 SELL: 2012-02-29   27.44  macd:   -0.01 macd_count:  14 profit:  0.97
Trade --> code: CBSH   BUY: 2012-03-31   28.80 SELL: 2012-11-30   26.70  macd:   -0.03 macd_count:   8 profit:  0.93
Trade --> code: CBSH   BUY: 2013-03-31   30.47 SELL: 2022-03-31   72.85  macd:    3.13 macd_count: 109 profit:  2.39

code: CBZ      day: macd + hist + hist_1pre + ,  Week: macd + hist + hist_1pre - , Month: macd + hist + hist_1pre + , 
Trade --> code: CBZ    BUY: 2004-07-31    4.22 SELL: 2009-05-31    7.23  macd:   -0.02 macd_count:  58 profit:  1.71
Trade --> code: CBZ    BUY: 2011-06-30    7.36 SELL: 2011-09-30    6.59  macd:   -0.01 macd_count:   3 profit:  0.90
Trade --> code: CBZ    BUY: 2013-07-31    7.26 SELL: 2022-03-31   40.30  macd:    3.62 macd_count: 105 profit:  5.55

code: COST     day: macd + hist + hist_1pre + ,  Week: macd + hist + hist_1pre - , Month: macd + hist + hist_1pre + , 
Trade --> code: COST   BUY: 2004-07-31   40.71 SELL: 2009-01-31   45.03  macd:   -0.71 macd_count:  54 profit:  1.11
Trade --> code: COST   BUY: 2010-02-28   60.97 SELL: 2022-03-31  550.82  macd:   56.75 macd_count: 146 profit:  9.03

code: CSL      day: macd + hist + hist_1pre - ,  Week: macd + hist + hist_1pre - , Month: macd + hist + hist_1pre + , 
Trade --> code: CSL    BUY: 2004-07-31   31.75 SELL: 2008-03-31   33.44  macd:   -0.31 macd_count:  44 profit:  1.05
Trade --> code: CSL    BUY: 2010-02-28   34.30 SELL: 2022-03-31  241.80  macd:   24.37 macd_count: 146 profit:  7.05

code: EXLS     day: macd + hist + hist_1pre + ,  Week: macd + hist + hist_1pre - , Month: macd + hist + hist_1pre + , 
Trade --> code: EXLS   BUY: 2010-03-31   16.68 SELL: 2022-03-31  134.47  macd:   14.68 macd_count: 145 profit:  8.06

code: FCN      day: macd + hist + hist_1pre + ,  Week: macd + hist + hist_1pre - , Month: macd + hist + hist_1pre - , 
Trade --> code: FCN    BUY: 2005-08-31   24.90 SELL: 2009-09-30   42.61  macd:   -0.37 macd_count:  49 profit:  1.71
Trade --> code: FCN    BUY: 2013-10-31   40.58 SELL: 2014-04-30   34.30  macd:   -0.05 macd_count:   6 profit:  0.85
Trade --> code: FCN    BUY: 2014-07-31   36.96 SELL: 2016-01-31   33.89  macd:   -0.12 macd_count:  18 profit:  0.92
Trade --> code: FCN    BUY: 2016-05-31   41.85 SELL: 2017-06-30   34.96  macd:   -0.29 macd_count:  13 profit:  0.84
Trade --> code: FCN    BUY: 2017-12-31   42.96 SELL: 2022-03-31  153.60  macd:   11.26 macd_count:  52 profit:  3.58

code: ICE      day: macd + hist + hist_1pre - ,  Week: macd + hist + hist_1pre - , Month: macd + hist - hist_1pre + , 
Trade --> code: ICE    BUY: 2008-03-31   26.10 SELL: 2008-11-30   14.72  macd:   -0.02 macd_count:   8 profit:  0.56
Trade --> code: ICE    BUY: 2009-12-31   22.46 SELL: 2010-01-31   19.10  macd:   -0.04 macd_count:   1 profit:  0.85
Trade --> code: ICE    BUY: 2010-02-28   21.46 SELL: 2022-03-31  131.29  macd:    9.04 macd_count: 146 profit:  6.12

code: NUAN     day: macd + hist + hist_1pre + ,  Week: macd + hist + hist_1pre - , Month: macd + hist - hist_1pre - , 
Trade --> code: NUAN   BUY: 2005-11-30    5.38 SELL: 2008-11-30    7.94  macd:   -0.14 macd_count:  36 profit:  1.48
Trade --> code: NUAN   BUY: 2009-12-31   13.44 SELL: 2013-05-31   16.44  macd:   -0.10 macd_count:  41 profit:  1.22
Trade --> code: NUAN   BUY: 2015-11-30   18.11 SELL: 2016-07-31   13.90  macd:   -0.05 macd_count:   8 profit:  0.77
Trade --> code: NUAN   BUY: 2017-05-31   16.01 SELL: 2017-09-30   13.60  macd:   -0.04 macd_count:   4 profit:  0.85
Trade --> code: NUAN   BUY: 2019-04-30   14.56 SELL: 2022-03-31   55.99  macd:    7.14 macd_count:  36 profit:  3.85

code: ORLY     day: macd + hist + hist_1pre + ,  Week: macd + hist + hist_1pre - , Month: macd + hist + hist_1pre + , 
Trade --> code: ORLY   BUY: 2004-07-31   20.25 SELL: 2008-03-31   28.52  macd:   -0.04 macd_count:  44 profit:  1.41
Trade --> code: ORLY   BUY: 2009-03-31   35.01 SELL: 2017-08-31  196.13  macd:   -1.41 macd_count: 101 profit:  5.60
Trade --> code: ORLY   BUY: 2018-03-31  247.38 SELL: 2022-03-31  693.42  macd:   64.09 macd_count:  49 profit:  2.80

code: PAG      day: macd + hist + hist_1pre + ,  Week: macd + hist + hist_1pre - , Month: macd + hist + hist_1pre + , 
Trade --> code: PAG    BUY: 2004-07-31   13.72 SELL: 2008-02-29   18.04  macd:   -0.04 macd_count:  43 profit:  1.31
Trade --> code: PAG    BUY: 2008-04-30   20.93 SELL: 2008-06-30   14.74  macd:   -0.29 macd_count:   2 profit:  0.70
Trade --> code: PAG    BUY: 2011-01-31   16.90 SELL: 2016-02-29   37.72  macd:   -0.11 macd_count:  61 profit:  2.23
Trade --> code: PAG    BUY: 2016-11-30   49.91 SELL: 2018-12-31   40.32  macd:   -0.21 macd_count:  25 profit:  0.81
Trade --> code: PAG    BUY: 2019-10-31   48.72 SELL: 2020-03-31   28.00  macd:   -1.04 macd_count:   5 profit:  0.57
Trade --> code: PAG    BUY: 2020-10-31   51.16 SELL: 2022-03-31  102.96  macd:   12.69 macd_count:  18 profit:  2.01

code: PAYX     day: macd + hist + hist_1pre + ,  Week: macd + hist + hist_1pre - , Month: macd + hist + hist_1pre + , 
Trade --> code: PAYX   BUY: 2004-07-31   30.71 SELL: 2005-05-31   28.88  macd:   -0.15 macd_count:  10 profit:  0.94
Trade --> code: PAYX   BUY: 2005-07-31   34.91 SELL: 2008-02-29   31.46  macd:   -0.32 macd_count:  31 profit:  0.90
Trade --> code: PAYX   BUY: 2011-02-28   33.63 SELL: 2011-09-30   26.37  macd:   -0.25 macd_count:   7 profit:  0.78
Trade --> code: PAYX   BUY: 2012-01-31   31.51 SELL: 2022-03-31  122.63  macd:   10.40 macd_count: 123 profit:  3.89

code: SFBS     day: macd + hist + hist_1pre + ,  Week: macd + hist + hist_1pre - , Month: macd + hist + hist_1pre + , 
Trade --> code: SFBS   BUY: 2016-09-30   25.95 SELL: 2019-05-31   31.34  macd:   -0.26 macd_count:  32 profit:  1.21
Trade --> code: SFBS   BUY: 2020-08-31   36.65 SELL: 2020-09-30   34.03  macd:   -0.06 macd_count:   1 profit:  0.93
Trade --> code: SFBS   BUY: 2020-10-31   36.90 SELL: 2022-03-31   91.30  macd:   11.74 macd_count:  18 profit:  2.47

code: TDG      day: macd - hist - hist_1pre - ,  Week: macd + hist + hist_1pre - , Month: macd + hist - hist_1pre - , 
Trade --> code: TDG    BUY: 2008-07-31   36.81 SELL: 2022-03-31  661.90  macd:   39.38 macd_count: 165 profit: 17.98

code: UNH      day: macd + hist + hist_1pre + ,  Week: macd + hist + hist_1pre - , Month: macd + hist + hist_1pre + , 
Trade --> code: UNH    BUY: 2004-07-31   31.45 SELL: 2008-03-31   34.36  macd:   -0.66 macd_count:  44 profit:  1.09
Trade --> code: UNH    BUY: 2010-10-31   36.05 SELL: 2022-03-31  499.61  macd:   47.06 macd_count: 138 profit: 13.86

code: WEC      day: macd + hist + hist_1pre + ,  Week: macd + hist + hist_1pre - , Month: macd + hist - hist_1pre - , 
Trade --> code: WEC    BUY: 2004-07-31   16.08 SELL: 2009-02-28   19.91  macd:   -0.14 macd_count:  55 profit:  1.24
Trade --> code: WEC    BUY: 2009-12-31   24.92 SELL: 2022-03-31   94.24  macd:    1.53 macd_count: 148 profit:  3.78

code: WIRE     day: macd + hist + hist_1pre + ,  Week: macd + hist + hist_1pre - , Month: macd + hist + hist_1pre + , 
Trade --> code: WIRE   BUY: 2004-07-31   12.03 SELL: 2007-11-30   17.10  macd:   -0.13 macd_count:  40 profit:  1.42
Trade --> code: WIRE   BUY: 2010-12-31   25.08 SELL: 2015-02-28   37.29  macd:   -0.00 macd_count:  50 profit:  1.49
Trade --> code: WIRE   BUY: 2015-04-30   45.01 SELL: 2015-08-31   32.47  macd:   -0.35 macd_count:   4 profit:  0.72
Trade --> code: WIRE   BUY: 2015-11-30   43.67 SELL: 2015-12-31   37.09  macd:   -0.15 macd_count:   1 profit:  0.85
Trade --> code: WIRE   BUY: 2016-12-31   43.35 SELL: 2020-04-30   45.78  macd:   -0.02 macd_count:  40 profit:  1.06
Trade --> code: WIRE   BUY: 2020-12-31   60.57 SELL: 2022-03-31  125.18  macd:   17.37 macd_count:  16 profit:  2.07

