Mon Mar 21 13:50:17 UTC 2022
arg[0]: scraping/yahoo-finace-api2.py, arg[1]: stock-code-list/buy-list.txt
===========================
scraping
===========================
START:  TOK
END:    0.334209680557251
-
START:  AAPL
END:    0.7636229991912842
-
START:  EL
END:    1.191211223602295
-
START:  NEE
END:    1.6183769702911377
-
START:  AMD
END:    2.016355037689209
-
START:  APH
END:    2.476006031036377
-
START:  XLP
END:    2.887265682220459
-
START:  SPXL
END:    3.17429256439209
-
START:  KEYS
END:    3.3641695976257324
-
START:  VDC
END:    3.726388454437256
-
START:  CMA
END:    4.177717447280884
-
START:  AVY
END:    4.660207271575928
-
START:  SPTM
END:    5.072717905044556
-
START:  SPLG
END:    5.427351236343384
-
START:  CROX
END:    6.766816139221191
-
START:  DAVA
END:    7.9273927211761475
-
START:  AWR
END:    8.357335567474365
-
START:  FN
END:    8.615055561065674
-
START:  NXST
END:    9.047325372695923
-
START:  BMI
END:    9.520263910293579
-
START:  GLOB
END:    9.725686073303223
-
START:  ARES
END:    9.946147203445435
-
START:  SJW
END:    10.388661623001099
-
START:  NVDA
END:    10.77712869644165
-
START:  BBDC
END:    11.071983575820923
-
START:  CELH
END:    11.363857984542847
-
START:  RDNT
END:    11.737356424331665
-
START:  ROK
END:    13.1901113986969
-
START:  AVXL
END:    14.504167318344116
-
START:  HCI
END:    14.802649736404419
-
START:  LIT
END:    15.07262110710144
-
START:  LLY
END:    16.576695680618286
-
START:  MCD
END:    17.040862560272217
-
START:  MSI
END:    17.52586007118225
-
START:  ON
END:    17.90172505378723
-
START:  ISRG
END:    18.30900239944458
-
START:  GME
END:    18.750149250030518
-
START:  WNS
END:    19.05637764930725
-
===========================
MACD sell
===========================
START:  TOK
START:  AAPL
START:  EL
START:  NEE
START:  AMD
START:  APH
START:  XLP
START:  SPXL
START:  KEYS
START:  VDC
START:  CMA
START:  AVY
START:  SPTM
START:  SPLG
START:  CROX
START:  DAVA
START:  AWR
START:  FN
START:  NXST
START:  BMI
START:  GLOB
START:  ARES
START:  SJW
START:  NVDA
START:  BBDC
START:  CELH
START:  RDNT
START:  ROK
START:  AVXL
START:  HCI
START:  LIT
START:  LLY
START:  MCD
START:  MSI
START:  ON
START:  ISRG
START:  GME
START:  WNS
==== MACD list ====
code: TOK      day: macd - hist + ,  Week: macd - hist - , Month: macd + hist - , 
code: AAPL     day: macd - hist + ,  Week: macd + hist - , Month: macd + hist + , 
code: EL       day: macd - hist + ,  Week: macd - hist - , Month: macd + hist - , 
code: NEE      day: macd + hist + ,  Week: macd - hist + , Month: macd + hist - , 
code: AMD      day: macd - hist + ,  Week: macd - hist - , Month: macd + hist - , 
code: APH      day: macd - hist + ,  Week: macd - hist - , Month: macd + hist - , 
code: XLP      day: macd - hist + ,  Week: macd + hist - , Month: macd + hist + , 
code: SPXL     day: macd - hist + ,  Week: macd - hist + , Month: macd + hist - , 
code: KEYS     day: macd - hist + ,  Week: macd - hist - , Month: macd + hist - , 
code: VDC      day: macd - hist + ,  Week: macd + hist - , Month: macd + hist + , 
code: CMA      day: macd - hist + ,  Week: macd + hist - , Month: macd + hist + , 
code: AVY      day: macd - hist + ,  Week: macd - hist - , Month: macd + hist - , 
code: SPTM     day: macd - hist + ,  Week: macd - hist + , Month: macd + hist - , 
code: SPLG     day: macd - hist + ,  Week: macd - hist + , Month: macd + hist - , 
code: CROX     day: macd - hist + ,  Week: macd - hist + , Month: macd + hist - , 
code: DAVA     day: macd - hist + ,  Week: macd - hist + , Month: macd + hist - , 
code: AWR      day: macd - hist + ,  Week: macd - hist - , Month: macd + hist - , 
code: FN       day: macd - hist + ,  Week: macd - hist + , Month: macd + hist - , 
code: NXST     day: macd + hist + ,  Week: macd + hist + , Month: macd + hist + , 
code: BMI      day: macd - hist + ,  Week: macd - hist + , Month: macd + hist - , 
code: GLOB     day: macd + hist + ,  Week: macd - hist + , Month: macd + hist - , 
code: ARES     day: macd - hist + ,  Week: macd + hist + , Month: macd + hist + , 
code: SJW      day: macd + hist + ,  Week: macd - hist + , Month: macd + hist + , 
code: NVDA     day: macd + hist + ,  Week: macd - hist + , Month: macd + hist + , 
code: BBDC     day: macd - hist - ,  Week: macd - hist - , Month: macd + hist + , 
code: CELH     day: macd - hist + ,  Week: macd - hist + , Month: macd + hist - , 
code: RDNT     day: macd - hist + ,  Week: macd - hist - , Month: macd + hist - , 
code: ROK      day: macd - hist + ,  Week: macd - hist - , Month: macd + hist - , 
code: AVXL     day: macd + hist + ,  Week: macd - hist + , Month: macd + hist - , 
code: HCI      day: macd + hist + ,  Week: macd - hist + , Month: macd + hist - , 
code: LIT      day: macd - hist + ,  Week: macd - hist - , Month: macd + hist - , 
code: LLY      day: macd + hist + ,  Week: macd + hist + , Month: macd + hist + , 
code: MCD      day: macd - hist + ,  Week: macd - hist - , Month: macd + hist - , 
code: MSI      day: macd + hist + ,  Week: macd - hist + , Month: macd + hist - , 
code: ON       day: macd - hist + ,  Week: macd + hist - , Month: macd + hist + , 
code: ISRG     day: macd - hist + ,  Week: macd - hist + , Month: macd + hist - , 
code: GME      day: macd - hist - ,  Week: macd - hist - , Month: macd + hist - , 
code: WNS      day: macd + hist + ,  Week: macd + hist + , Month: macd + hist - , 
==== MACD sell list ====
code: TOK      day: macd - hist + ,  Week: macd - hist - , 
code: TOK      day: macd - hist + ,  Week: macd - hist - , Month: macd + hist - , 
code: AAPL     day: macd - hist + ,  Week: macd + hist - , 
code: EL       day: macd - hist + ,  Week: macd - hist - , 
code: EL       day: macd - hist + ,  Week: macd - hist - , Month: macd + hist - , 
code: NEE      day: macd + hist + ,  Week: macd - hist + , Month: macd + hist - , 
code: AMD      day: macd - hist + ,  Week: macd - hist - , 
code: AMD      day: macd - hist + ,  Week: macd - hist - , Month: macd + hist - , 
code: APH      day: macd - hist + ,  Week: macd - hist - , 
code: APH      day: macd - hist + ,  Week: macd - hist - , Month: macd + hist - , 
code: XLP      day: macd - hist + ,  Week: macd + hist - , 
code: SPXL     day: macd - hist + ,  Week: macd - hist + , Month: macd + hist - , 
code: KEYS     day: macd - hist + ,  Week: macd - hist - , 
code: KEYS     day: macd - hist + ,  Week: macd - hist - , Month: macd + hist - , 
code: VDC      day: macd - hist + ,  Week: macd + hist - , 
code: CMA      day: macd - hist + ,  Week: macd + hist - , 
code: AVY      day: macd - hist + ,  Week: macd - hist - , 
code: AVY      day: macd - hist + ,  Week: macd - hist - , Month: macd + hist - , 
code: SPTM     day: macd - hist + ,  Week: macd - hist + , Month: macd + hist - , 
code: SPLG     day: macd - hist + ,  Week: macd - hist + , Month: macd + hist - , 
code: CROX     day: macd - hist + ,  Week: macd - hist + , Month: macd + hist - , 
code: DAVA     day: macd - hist + ,  Week: macd - hist + , Month: macd + hist - , 
code: AWR      day: macd - hist + ,  Week: macd - hist - , 
code: AWR      day: macd - hist + ,  Week: macd - hist - , Month: macd + hist - , 
code: FN       day: macd - hist + ,  Week: macd - hist + , Month: macd + hist - , 
code: BMI      day: macd - hist + ,  Week: macd - hist + , Month: macd + hist - , 
code: GLOB     day: macd + hist + ,  Week: macd - hist + , Month: macd + hist - , 
code: BBDC     day: macd - hist - , 
code: BBDC     day: macd - hist - ,  Week: macd - hist - , 
code: CELH     day: macd - hist + ,  Week: macd - hist + , Month: macd + hist - , 
code: RDNT     day: macd - hist + ,  Week: macd - hist - , 
code: RDNT     day: macd - hist + ,  Week: macd - hist - , Month: macd + hist - , 
code: ROK      day: macd - hist + ,  Week: macd - hist - , 
code: ROK      day: macd - hist + ,  Week: macd - hist - , Month: macd + hist - , 
code: AVXL     day: macd + hist + ,  Week: macd - hist + , Month: macd + hist - , 
code: HCI      day: macd + hist + ,  Week: macd - hist + , Month: macd + hist - , 
code: LIT      day: macd - hist + ,  Week: macd - hist - , 
code: LIT      day: macd - hist + ,  Week: macd - hist - , Month: macd + hist - , 
code: MCD      day: macd - hist + ,  Week: macd - hist - , 
code: MCD      day: macd - hist + ,  Week: macd - hist - , Month: macd + hist - , 
code: MSI      day: macd + hist + ,  Week: macd - hist + , Month: macd + hist - , 
code: ON       day: macd - hist + ,  Week: macd + hist - , 
code: ISRG     day: macd - hist + ,  Week: macd - hist + , Month: macd + hist - , 
code: GME      day: macd - hist - , 
code: GME      day: macd - hist - ,  Week: macd - hist - , 
code: GME      day: macd - hist - ,  Week: macd - hist - , Month: macd + hist - , 
code: WNS      day: macd + hist + ,  Week: macd + hist + , Month: macd + hist - , 
===========================
profit
===========================
arg[0]: scraping/yahoo-finace-api2.py, arg[1]: stock-code-list/up-month.txt
===========================
scraping
===========================
START:  A
END:    0.47695279121398926
-
START:  AAON
END:    0.8968594074249268
-
START:  AAPL
END:    1.3272314071655273
-
START:  ABG
END:    1.7115585803985596
-
START:  ABT
END:    2.180617332458496
-
START:  ACLS
END:    2.548995018005371
-
START:  ACMR
END:    2.6869571208953857
-
START:  ACN
END:    3.0736782550811768
-
START:  ADBE
END:    3.4811699390411377
-
START:  ADI
END:    3.942460298538208
-
START:  ADP
END:    4.433813810348511
-
START:  ADSK
END:    4.890458345413208
-
START:  ADUS
END:    5.168055534362793
-
START:  AEE
END:    5.599515914916992
-
START:  AGYS
END:    7.061905145645142
-
START:  AIZ
END:    8.497432947158813
-
START:  AJG
END:    8.950953722000122
-
START:  AJRD
END:    9.413378477096558
-
START:  ALB
END:    9.865980625152588
-
START:  ALG
END:    10.310445070266724
-
START:  ALGN
END:    11.718397855758667
-
START:  ALLE
END:    11.955742597579956
-
START:  ALTR
END:    12.10419249534607
-
START:  AMAT
END:    13.568480730056763
-
START:  AMBA
END:    13.786461353302002
-
START:  AMD
END:    15.187284469604492
-
START:  AME
END:    16.668451070785522
-
START:  AMED
END:    17.05261731147766
-
START:  AMEH
END:    17.32764458656311
-
START:  AMGN
END:    18.75043749809265
-
START:  AMN
END:    19.132444143295288
-
START:  AMP
END:    19.48836398124695
-
START:  AMRC
END:    19.73805332183838
-
START:  AMSWA
END:    20.171661615371704
-
START:  AMTX
END:    20.490102529525757
-
START:  AMZN
END:    21.889796018600464
-
START:  AN
END:    22.290536403656006
-
START:  ANSS
END:    22.678274869918823
-
START:  ANTM
END:    23.08570694923401
-
START:  AON
END:    23.524192571640015
-
START:  AOSL
END:    23.773470640182495
-
START:  APD
END:    24.239961624145508
-
START:  APH
END:    25.691606521606445
-
START:  APPF
END:    26.88442063331604
-
START:  APPN
END:    28.052191019058228
-
START:  APPS
END:    28.35400891304016
-
START:  AQN
END:    29.653350353240967
-
START:  ARCB
END:    30.04801344871521
-
START:  ARCT
END:    30.254791736602783
-
START:  ARES
END:    30.4504075050354
-
START:  ARGX
END:    30.60145902633667
-
START:  ARWR
END:    31.027417182922363
-
START:  ASML
END:    31.445727586746216
-
START:  ASPN
END:    31.641167879104614
-
START:  ATEC
END:    31.941128492355347
-
START:  ATEN
END:    33.168630838394165
-
START:  ATKR
END:    34.35359764099121
-
START:  ATOM
END:    34.56987404823303
-
START:  ATR
END:    34.98021388053894
-
START:  ATRC
END:    35.28549265861511
-
START:  AUDC
END:    36.74090099334717
-
START:  AUPH
END:    36.9128360748291
-
START:  AVAV
END:    37.221094846725464
-
START:  AVGO
END:    37.49720096588135
-
START:  AVID
END:    40.87489342689514
-
START:  AVNW
END:    41.23923206329346
-
START:  AVXL
END:    41.54496908187866
-
START:  AVY
END:    42.032920360565186
-
START:  AWK
END:    42.41410565376282
-
START:  AWR
END:    43.857112407684326
-
START:  AXON
END:    44.227097272872925
-
START:  AZO
END:    44.6128089427948
-
START:  AZPN
END:    45.01634120941162
-
START:  BAH
END:    45.3090455532074
-
START:  BAM
END:    45.75104260444641
-
START:  BAX
END:    46.200185775756836
-
START:  BBH
END:    47.62339401245117
-
START:  BBQ
END:    47.984984397888184
-
START:  BBY
END:    49.45690035820007
-
START:  BCPC
END:    49.882163286209106
-
START:  BDX
END:    50.30947208404541
-
START:  BEEM
END:    50.56883001327515
-
START:  BFAM
END:    51.82478666305542
-
START:  BFC
END:    52.18493461608887
-
START:  BGFV
END:    52.582385778427124
-
START:  BGNE
END:    53.79373478889465
-
START:  BHVN
END:    53.97800922393799
-
START:  BIO
END:    54.372121810913086
-
START:  BL
END:    55.556893825531006
-
START:  BLD
END:    55.73088335990906
-
START:  BLDP
END:    56.10362935066223
-
START:  BLDR
END:    56.48135471343994
-
START:  BLFS
END:    56.834922552108765
-
START:  BLK
END:    58.314597845077515
-
START:  BLL
END:    59.76914167404175
-
START:  BLNK
END:    63.037370920181274
-
START:  BMI
END:    63.50313401222229
-
START:  BOOT
END:    63.72048282623291
-
START:  BOTZ
END:    63.87822389602661
-
START:  BR
END:    64.20825028419495
-
START:  BRKR
END:    64.58149266242981
-
START:  BRKS
Not Found: No data found, symbol may be delisted
START:  BRO
END:    65.06752252578735
-
START:  BURL
END:    66.38839149475098
-
START:  BX
END:    66.70883798599243
-
START:  CABO
END:    66.89838409423828
-
START:  CACI
END:    67.27787494659424
-
START:  CALX
END:    67.59187722206116
-
START:  CAMT
END:    67.96531748771667
-
START:  CAR
END:    69.41582942008972
-
START:  CBRE
END:    69.74534320831299
-
START:  CBSH
END:    70.21164035797119
-
START:  CBZ
END:    70.58025979995728
-
START:  CCOI
END:    71.98235750198364
-
START:  CCS
END:    72.194895029068
-
START:  CDMO
END:    72.5722382068634
-
START:  CDNA
END:    72.76066160202026
-
START:  CDNS
END:    73.22392511367798
-
START:  CDW
END:    73.43896985054016
-
START:  CELH
END:    73.78424501419067
-
START:  CGNX
END:    74.1803138256073
-
START:  CHD
END:    74.59127879142761
-
START:  CHDN
END:    76.06300663948059
-
START:  CHE
END:    76.56551051139832
-
START:  CHGG
END:    76.848313331604
-
START:  CHH
END:    77.28814721107483
-
START:  CHKP
END:    77.71112275123596
-
START:  CHTR
END:    79.03779482841492
-
START:  CIEN
END:    80.44404411315918
-
START:  CLAR
END:    80.83515000343323
-
START:  CLFD
END:    81.22127318382263
-
START:  CLGN
END:    81.35431671142578
-
START:  CLNE
END:    82.68370127677917
-
START:  CLPT
END:    82.91091704368591
-
START:  CLX
END:    84.38712787628174
-
START:  CMCSA
END:    84.82278943061829
-
START:  CMG
END:    85.13106393814087
-
START:  CMS
END:    85.57113552093506
-
START:  CNC
END:    85.9557466506958
-
START:  CNI
END:    86.36048364639282
-
START:  CNMD
END:    86.73463439941406
-
START:  CNS
END:    87.0911238193512
-
START:  CNXN
END:    87.48490905761719
-
START:  COO
END:    87.90976309776306
-
START:  COST
END:    88.33646392822266
-
START:  COUP
END:    89.5813467502594
-
START:  COWN
END:    89.90678310394287
-
START:  CP
END:    91.37968349456787
-
START:  CPK
END:    91.86251091957092
-
START:  CPRT
END:    92.24589848518372
-
START:  CPSH
END:    92.62243509292603
-
START:  CRAI
END:    94.01775646209717
-
START:  CREE
Not Found: No data found, symbol may be delisted
START:  CRL
END:    95.46539449691772
-
START:  CRM
END:    95.80379390716553
-
START:  CRMT
END:    96.20332312583923
-
START:  CROX
END:    97.52568459510803
-
START:  CRSP
END:    98.69392728805542
-
START:  CRVL
END:    99.11945152282715
-
START:  CSGP
END:    99.51560473442078
-
START:  CSL
END:    101.03441190719604
-
START:  CSWI
END:    101.2021484375
-
START:  CSX
END:    101.65481448173523
-
START:  CTAS
END:    102.06976675987244
-
START:  CTLT
END:    102.25296330451965
-
START:  CTRN
END:    102.5902030467987
-
START:  CURE
END:    103.88758611679077
-
START:  CVCO
END:    105.24641728401184
-
START:  CVNA
END:    105.38928008079529
-
START:  CWST
END:    105.76013422012329
-
START:  CWT
END:    106.18769574165344
-
START:  CXSE
END:    106.42803144454956
-
START:  CYBR
END:    107.63732147216797
-
START:  CYRX
END:    107.94882917404175
-
START:  CYTK
END:    108.28319096565247
-
START:  DAC
END:    108.57847356796265
-
START:  DAR
END:    108.95459604263306
-
START:  DAVA
END:    110.09530830383301
-
START:  DDS
END:    110.5230622291565
-
START:  DE
END:    112.0646002292633
-
START:  DECK
END:    113.52857208251953
-
START:  DELL
END:    114.72029328346252
-
START:  DFIN
END:    114.8793351650238
-
START:  DG
END:    115.1410641670227
-
START:  DGRW
END:    115.3931143283844
-
START:  DHI
END:    116.84117317199707
-
START:  DHR
END:    117.26440954208374
-
START:  DIA
END:    117.70499730110168
-
START:  DIOD
END:    118.05379843711853
-
START:  DIS
END:    118.56472277641296
-
START:  DKS
END:    118.95047736167908
-
START:  DLN
END:    119.30687808990479
-
START:  DNLI
END:    119.45086359977722
-
START:  DOMO
END:    119.5730390548706
-
START:  DOV
END:    120.01182198524475
-
START:  DPZ
END:    120.38309574127197
-
START:  DQ
END:    121.66936349868774
-
START:  DRD
END:    122.11465191841125
-
START:  DRIO
END:    122.27002835273743
-
START:  DRNA
Not Found: No data found, symbol may be delisted
START:  DSGX
END:    123.7027096748352
-
START:  DVAX
END:    125.05992722511292
-
START:  DXCM
END:    125.391282081604
-
START:  ECL
END:    125.85038256645203
-
START:  EFX
END:    126.2820155620575
-
START:  EGAN
END:    126.63499450683594
-
START:  EHC
END:    127.0516095161438
-
START:  EL
END:    128.49624371528625
-
START:  ENPH
END:    128.73117470741272
-
START:  ENSG
END:    130.05429816246033
-
START:  ENTG
END:    131.4788055419922
-
START:  ENV
END:    132.74501061439514
-
START:  EPAM
END:    132.98172426223755
-
START:  ERIE
END:    133.42538237571716
-
START:  ES
END:    133.90293407440186
-
START:  ESE
END:    135.33468675613403
-
START:  ETN
END:    136.81138372421265
-
START:  ETSY
END:    136.99984407424927
-
START:  EVBG
END:    137.1715624332428
-
START:  EVTC
END:    138.4027819633484
-
START:  EW
END:    139.85423922538757
-
START:  EWT
END:    140.263197183609
-
START:  EXAS
END:    140.64600253105164
-
START:  EXLS
END:    141.99529695510864
-
START:  EXPD
END:    143.45466375350952
-
START:  EXPI
END:    143.5988609790802
-
START:  EXPO
END:    144.03768396377563
-
START:  FAST
END:    144.5193750858307
-
START:  FATE
END:    144.7173614501953
-
START:  FB
END:    144.9638659954071
-
START:  FCN
END:    145.35160732269287
-
START:  FCX
END:    145.78551197052002
-
START:  FDN
END:    147.1122100353241
-
START:  FDS
END:    147.53990507125854
-
START:  FELE
END:    147.9909598827362
-
START:  FFIN
END:    148.40764498710632
-
START:  FICO
END:    149.8374309539795
-
START:  FINX
END:    150.00020337104797
-
START:  FIS
END:    151.44483280181885
-
START:  FISV
END:    151.8288848400116
-
START:  FIVE
END:    152.07512187957764
-
START:  FIVN
END:    153.2912712097168
-
START:  FLGT
END:    153.47891092300415
-
START:  FLT
END:    153.7421371936798
-
START:  FLWS
END:    154.12918758392334
-
START:  FN
END:    154.38722562789917
-
START:  FND
END:    154.56620621681213
-
START:  FNV
END:    154.8982071876526
-
START:  FORM
END:    156.31415367126465
-
START:  FOXF
END:    156.54426193237305
-
START:  FPX
END:    157.9153711795807
-
START:  FRC
END:    158.1658489704132
-
START:  FRHC
END:    158.31330466270447
-
START:  FRPT
END:    158.51467752456665
-
START:  FSS
END:    158.98923420906067
-
START:  FTNT
END:    160.27488160133362
-
START:  FUV
END:    160.42742156982422
-
START:  GDEN
END:    160.80459094047546
-
START:  GFI
END:    161.25178289413452
-
START:  GGG
END:    161.6964874267578
-
START:  GIB
END:    163.12119030952454
-
START:  GLDD
END:    163.41376161575317
-
START:  GLOB
END:    164.63181900978088
-
START:  GMAB
END:    164.87802147865295
-
START:  GME
END:    165.25030040740967
-
START:  GMED
END:    165.47279620170593
-
START:  GNRC
END:    166.77791619300842
-
START:  GNSS
END:    167.14635157585144
-
START:  GNTX
END:    167.54332995414734
-
START:  GOLF
END:    167.71684002876282
-
START:  GOOG
END:    168.07341957092285
-
START:  GOOGL
END:    169.44295835494995
-
START:  GPI
END:    169.87531805038452
-
START:  GPN
END:    170.25865817070007
-
START:  GRBK
END:    171.5620596408844
-
START:  GRMN
END:    171.96806073188782
-
START:  GRVY
END:    172.29565382003784
-
START:  GRWG
END:    173.4566400051117
-
START:  GWRE
END:    173.70609855651855
-
START:  HACK
END:    174.92263197898865
-
START:  HALO
END:    175.26752829551697
-
START:  HCI
END:    175.57876348495483
-
START:  HD
END:    175.99990367889404
-
START:  HEI
END:    176.46480417251587
-
START:  HELE
END:    176.81066846847534
-
START:  HIBB
END:    177.2019383907318
-
START:  HLI
END:    178.41105031967163
-
START:  HLT
END:    178.68631649017334
-
START:  HOLX
END:    179.0703523159027
-
START:  HON
END:    180.59160017967224
-
START:  HOV
END:    180.94594526290894
-
START:  HRC
Not Found: No data found, symbol may be delisted
START:  HRI
END:    182.31511783599854
-
START:  HSKA
END:    182.6656572818756
-
START:  HTHT
END:    182.9215521812439
-
START:  HUBS
END:    183.11596512794495
-
START:  HUM
END:    183.6058657169342
-
START:  HZNP
END:    184.90063786506653
-
START:  IAC
END:    185.3047502040863
-
START:  IBP
END:    185.55887484550476
-
START:  ICE
END:    185.94395923614502
-
START:  ICLN
END:    186.2226207256317
-
START:  ICLR
END:    186.5867564678192
-
START:  IDT
END:    186.98041677474976
-
START:  IDXX
END:    187.3472774028778
-
START:  IESC
END:    187.7187225818634
-
START:  IEX
END:    188.14342427253723
-
START:  ILMN
END:    189.54386925697327
-
START:  INFO
END:    189.8674931526184
-
START:  INOV
Not Found: No data found, symbol may be delisted
START:  INSP
END:    190.0672047138214
-
START:  INTC
END:    190.47969794273376
-
START:  INTU
END:    191.8998737335205
-
START:  INTZ
END:    193.2612760066986
-
START:  INVE
END:    193.61979746818542
-
START:  IOO
END:    194.08690333366394
-
START:  IQV
END:    194.29157900810242
-
START:  IRDM
END:    194.56800293922424
-
START:  IRMD
END:    194.75260186195374
-
START:  ISEE
END:    196.02765822410583
-
START:  ISRG
END:    197.42602515220642
-
START:  IT
END:    198.82338666915894
-
START:  ITT
END:    200.2845778465271
-
START:  ITW
END:    200.73131799697876
-
START:  IVOG
END:    201.00121355056763
-
START:  IVV
END:    201.39213609695435
-
START:  IXJ
END:    202.83197665214539
-
START:  IXN
END:    204.24376583099365
-
START:  J
END:    204.6754949092865
-
START:  JBL
END:    205.0667896270752
-
START:  JBSS
END:    205.48448753356934
-
START:  JD
END:    206.70527338981628
-
START:  JKHY
END:    207.17799043655396
-
START:  JKS
END:    207.44733262062073
-
START:  JNJ
END:    207.9013843536377
-
START:  JOE
END:    208.3116807937622
-
START:  JOUT
END:    208.72455263137817
-
START:  JYNT
END:    208.95838451385498
-
START:  KAI
END:    209.35129976272583
-
START:  KBH
END:    209.78073167800903
-
START:  KBR
END:    210.0821602344513
-
START:  KDMN
Not Found: No data found, symbol may be delisted
START:  KEYS
END:    210.3207244873047
-
START:  KLAC
END:    210.73493599891663
-
START:  KLIC
END:    212.1539957523346
-
START:  KMX
END:    212.52907299995422
-
START:  KNSL
END:    213.71518278121948
-
START:  KOPN
END:    214.13069772720337
-
START:  KOSS
END:    214.5463593006134
-
START:  KRNT
END:    214.7718334197998
-
START:  KSU
Not Found: No data found, symbol may be delisted
START:  KTOS
END:    217.30822587013245
-
START:  LAC
END:    218.5733404159546
-
START:  LAD
END:    218.99896669387817
-
START:  LANC
END:    219.3978762626648
-
START:  LAWS
END:    220.83520412445068
-
START:  LDOS
END:    221.16712880134583
-
START:  LFMD
END:    221.46988606452942
-
START:  LGIH
END:    221.65981698036194
-
START:  LH
END:    223.04277443885803
-
START:  LHCG
END:    224.3871877193451
-
START:  LHX
END:    225.87861132621765
-
START:  LII
END:    226.3222529888153
-
START:  LIN
END:    227.8141689300537
-
START:  LINC
END:    228.14713406562805
-
START:  LIT
END:    228.45179343223572
-
START:  LLY
END:    228.93819618225098
-
START:  LMT
END:    229.4273042678833
-
START:  LNT
END:    229.89080333709717
-
START:  LOB
END:    231.109393119812
-
START:  LOGI
END:    231.53997993469238
-
START:  LOVE
END:    231.67073941230774
-
START:  LOW
END:    232.1079399585724
-
START:  LPLA
END:    232.3815779685974
-
START:  LPSN
END:    232.74148726463318
-
START:  LQDT
END:    233.04256129264832
-
START:  LRCX
END:    233.5092945098877
-
START:  LSCC
END:    234.89523839950562
-
START:  LSTR
END:    236.339013338089
-
START:  LULU
END:    236.65395593643188
-
START:  LUNA
END:    236.9660849571228
-
START:  MA
END:    238.3522675037384
-
START:  MANH
END:    238.79717683792114
-
START:  MANT
END:    239.19575953483582
-
START:  MARA
END:    239.42886018753052
-
START:  MASI
END:    239.74018168449402
-
START:  MATX
END:    240.19398617744446
-
START:  MBUU
END:    240.39564490318298
-
START:  MCD
END:    240.89451813697815
-
START:  MCHP
END:    241.30501794815063
-
START:  MCO
END:    242.7455062866211
-
START:  MDB
END:    242.9339566230774
-
START:  MDT
END:    243.37693786621094
-
START:  MEDP
END:    244.56449151039124
-
START:  MEDS
END:    245.76140642166138
-
START:  MELI
END:    246.0665192604065
-
START:  MGC
END:    246.43243527412415
-
START:  MGIC
END:    246.84250926971436
-
START:  MGK
END:    248.16559028625488
-
START:  MGNI
END:    249.38924837112427
-
START:  MHO
END:    249.78431797027588
-
START:  MIME
END:    250.96697974205017
-
START:  MITK
END:    252.33787608146667
-
START:  MKC
END:    252.7953224182129
-
START:  MKSI
END:    253.18947100639343
-
START:  MKTX
END:    254.59320497512817
-
START:  MLAB
END:    256.0354435443878
-
START:  MLR
END:    256.4569137096405
-
START:  MMC
END:    256.9188723564148
-
START:  MMS
END:    257.3144996166229
-
START:  MNMD
END:    257.47204661369324
-
START:  MNST
END:    258.92987966537476
-
START:  MODN
END:    259.1483676433563
-
START:  MODV
END:    259.53351759910583
-
START:  MOH
END:    259.89370608329773
-
START:  MORN
END:    261.25996708869934
-
START:  MPWR
END:    261.62975311279297
-
START:  MRTX
END:    262.8270814418793
-
START:  MRVL
END:    263.22217178344727
-
START:  MS
END:    264.6547300815582
-
START:  MSA
END:    266.0889949798584
-
START:  MSCI
END:    266.4179799556732
-
START:  MSEX
END:    266.8786551952362
-
START:  MSFT
END:    267.3065764904022
-
START:  MSI
END:    267.79543828964233
-
START:  MSTR
END:    268.1767575740814
-
START:  MTBC
END:    269.3815619945526
-
START:  MTCH
END:    269.81344628334045
-
START:  MTD
END:    271.23635959625244
-
START:  MTEX
END:    271.6548616886139
-
START:  MTH
END:    272.0841500759125
-
START:  MTLS
END:    272.27837800979614
-
START:  MTSI
END:    273.50524950027466
-
START:  MU
END:    273.9325301647186
-
START:  MUSA
END:    274.14157485961914
-
START:  MVIS
END:    274.52883195877075
-
START:  MXL
END:    274.7813572883606
-
START:  MYRG
END:    276.1077742576599
-
START:  NBIX
END:    276.5176451206207
-
START:  NCBS
END:    276.7478451728821
-
START:  NDAQ
END:    278.16857957839966
-
START:  NDSN
END:    278.5940489768982
-
START:  NEE
END:    279.0413007736206
-
START:  NEO
END:    279.39446997642517
-
START:  NEOG
END:    280.8709502220154
-
START:  NFLX
END:    281.2422444820404
-
START:  NICE
END:    282.67636346817017
-
START:  NISN
END:    282.83199310302734
-
START:  NKE
END:    283.2835638523102
-
START:  NOVT
END:    283.65727853775024
-
START:  NOW
END:    283.93046522140503
-
START:  NSC
END:    284.3697545528412
-
START:  NSIT
END:    285.76856684684753
-
START:  NSSC
END:    286.17673659324646
-
START:  NSTG
END:    286.38432335853577
-
START:  NTLA
END:    287.560653924942
-
START:  NTRA
END:    287.74402141571045
-
START:  NUAN
END:    288.1949725151062
-
START:  NVCR
END:    289.39057087898254
-
START:  NVDA
END:    290.81594133377075
-
START:  NVMI
END:    291.1819965839386
-
START:  NVO
END:    292.6353633403778
-
START:  NVR
END:    293.05869150161743
-
START:  NXST
END:    293.43661093711853
-
START:  NYT
END:    294.9645981788635
-
START:  OBCI
END:    295.3686821460724
-
START:  ODFL
END:    295.75738883018494
-
START:  OEF
END:    296.1837410926819
-
START:  OFLX
END:    297.5991265773773
-
START:  OLED
END:    298.00103521347046
-
START:  OMCL
END:    299.3860890865326
-
START:  ON
END:    299.77638697624207
-
START:  OOMA
END:    299.9524908065796
-
START:  OPRX
END:    300.28753757476807
-
START:  ORA
END:    301.6775460243225
-
START:  ORCL
END:    302.09150409698486
-
START:  ORLY
END:    302.48638916015625
-
START:  ORMP
END:    302.8056125640869
-
START:  OTEX
END:    304.2234389781952
-
START:  PACB
END:    304.51299715042114
-
START:  PAG
END:    304.9046347141266
-
START:  PANW
END:    306.15310311317444
-
START:  PAR
END:    306.5689175128937
-
START:  PAYC
END:    306.7852122783661
-
START:  PAYX
END:    308.20150351524353
-
START:  PBD
END:    308.5255687236786
-
START:  PCTY
END:    308.7211973667145
-
START:  PEGA
END:    309.1444208621979
-
START:  PEN
END:    309.3126804828644
-
START:  PENN
END:    309.74977135658264
-
START:  PEP
END:    310.1968297958374
-
START:  PERI
END:    317.1511821746826
-
START:  PFSI
END:    320.74184584617615
-
START:  PGR
END:    323.05790424346924
-
START:  PH
END:    325.14254570007324
-
START:  PHM
END:    328.77070331573486
-
START:  PKI
END:    331.8964648246765
-
START:  PLL
END:    333.363671541214
-
START:  PLNT
END:    334.2509129047394
-
START:  PLUG
END:    336.3158462047577
-
START:  PLXS
END:    338.4308922290802
-
START:  PODD
END:    341.9536204338074
-
START:  POOL
END:    345.16849541664124
-
START:  POWI
END:    346.7363121509552
-
START:  PRFT
END:    348.11693024635315
-
START:  PRI
END:    349.53702330589294
-
START:  PRTA
END:    351.3524034023285
-
START:  PRTS
END:    352.42689514160156
-
START:  PTSI
END:    353.59078335762024
-
START:  PWR
END:    354.70945739746094
-
START:  PYPL
END:    357.0447647571564
-
START:  QADA
Not Found: No data found, symbol may be delisted
START:  QCLN
END:    359.86274456977844
-
START:  QDEL
END:    362.03914284706116
-
START:  QGEN
END:    366.66042375564575
-
START:  QLYS
END:    367.8757426738739
-
START:  QQQ
END:    369.1770296096802
-
START:  QRVO
END:    370.220490694046
-
START:  QTWO
END:    371.5633873939514
-
START:  RADA
END:    372.93243169784546
-
START:  RAMP
END:    375.74878692626953
-
START:  RBA
END:    377.8181185722351
-
START:  RCII
END:    379.47424387931824
-
START:  RCKY
END:    380.97559332847595
-
START:  RDNT
END:    383.2018954753876
-
START:  RDVT
END:    385.04415488243103
-
START:  RDWR
END:    386.1083812713623
-
START:  REGI
END:    387.23744916915894
-
START:  RENN
END:    388.71451449394226
-
START:  RGEN
END:    390.1531147956848
-
START:  RH
END:    394.2632694244385
-
START:  RILY
END:    395.63751888275146
-
START:  RIOT
END:    397.71745324134827
-
START:  RLI
END:    401.4003689289093
-
START:  RLMD
END:    404.4087908267975
-
START:  RMD
END:    405.9521188735962
-
START:  RNG
END:    407.3819947242737
-
START:  ROBO
END:    408.68337988853455
-
START:  ROCK
END:    410.2213387489319
-
START:  ROK
END:    413.06916332244873
-
START:  ROKU
END:    414.19310450553894
-
START:  ROL
END:    414.6919813156128
-
START:  ROP
END:    416.003431558609
-
START:  ROST
END:    419.77877283096313
-
START:  RPD
END:    421.03307700157166
-
START:  RPM
END:    423.0300042629242
-
START:  RSG
END:    427.03539514541626
-
START:  RTH
END:    428.58818888664246
-
START:  RUN
END:    431.0189538002014
-
START:  RXI
END:    432.76017332077026
-
START:  SAIA
END:    434.1305356025696
-
START:  SAIC
END:    436.7323896884918
-
START:  SAM
END:    439.1629831790924
-
START:  SAVA
END:    440.61408829689026
-
START:  SCI
END:    442.90943574905396
-
START:  SCL
END:    444.69970965385437
-
START:  SE
END:    447.39345502853394
-
START:  SEAS
END:    448.48261404037476
-
START:  SEDG
END:    450.090274810791
-
START:  SFBS
END:    452.53485202789307
-
START:  SGEN
END:    458.72840666770935
-
START:  SGMS
END:    459.82176661491394
-
START:  SGRY
END:    460.80543303489685
-
START:  SHOP
END:    461.9119999408722
-
START:  SHW
END:    463.900292634964
-
START:  SHYF
END:    470.16668701171875
-
START:  SITE
END:    471.0871102809906
-
START:  SIVB
END:    471.4691503047943
-
START:  SJW
END:    471.9276239871979
-
START:  SKY
END:    472.3590397834778
-
START:  SLAB
END:    472.74556732177734
-
START:  SLP
END:    473.20108938217163
-
START:  SMH
END:    473.58435344696045
-
START:  SMTC
END:    474.0372054576874
-
START:  SNAP
END:    474.17413330078125
-
START:  SNPS
END:    474.55737233161926
-
START:  SOCL
END:    474.8114366531372
-
START:  SOXL
END:    475.10378313064575
-
START:  SPGI
END:    475.53778052330017
-
START:  SPLG
END:    475.9003601074219
-
START:  SPLK
END:    479.1444602012634
-
START:  SPNS
END:    479.5234274864197
-
START:  SPSC
END:    479.78298020362854
-
START:  SPTM
END:    480.17897725105286
-
START:  SPWH
END:    480.373881816864
-
START:  SPWR
END:    480.7096092700958
-
START:  SPXC
END:    481.1471838951111
-
START:  SPXL
END:    481.42541313171387
-
START:  SPY
END:    481.8516094684601
-
START:  SPYG
END:    482.2686710357666
-
START:  SQ
END:    483.1402904987335
-
START:  SSD
END:    483.57354283332825
-
START:  SSNC
END:    483.8377208709717
-
START:  SSTK
END:    484.0664961338043
-
START:  STAA
END:    484.4534065723419
-
START:  STE
END:    485.89775252342224
-
START:  SUSA
END:    486.2539756298065
-
START:  SYK
END:    487.92300629615784
-
START:  SYNA
END:    488.3055441379547
-
START:  TBBK
END:    488.6501281261444
-
START:  TBK
END:    488.8403878211975
-
START:  TDG
END:    490.2135877609253
-
START:  TDOC
END:    490.45051980018616
-
START:  TDY
END:    490.86956667900085
-
START:  TEAM
END:    491.07863688468933
-
START:  TECH
END:    492.50515961647034
-
START:  TECL
END:    492.8371398448944
-
START:  TER
END:    493.2486951351166
-
START:  TFX
END:    493.767457485199
-
START:  TGH
END:    494.10747146606445
-
START:  TGLS
END:    495.35003209114075
-
START:  TGT
END:    495.8311274051666
-
START:  TGTX
END:    496.1341516971588
-
START:  THC
END:    497.7341058254242
-
START:  TJX
END:    498.24046540260315
-
START:  TMO
END:    498.66848587989807
-
START:  TMUS
END:    498.99145317077637
-
START:  TNDM
END:    499.2085852622986
-
START:  TNET
END:    500.4384171962738
-
START:  TPX
END:    500.81106448173523
-
START:  TREX
END:    501.1888108253479
-
START:  TRI
END:    501.5998041629791
-
START:  TRIL
Not Found: No data found, symbol may be delisted
START:  TRMB
END:    502.037725687027
-
START:  TRNS
END:    502.4618294239044
-
START:  TROW
END:    502.9171299934387
-
START:  TRU
END:    503.1077673435211
-
START:  TRUP
END:    504.334566116333
-
START:  TSCO
END:    505.7649745941162
-
START:  TSLA
END:    507.0455491542816
-
START:  TSM
END:    507.4573607444763
-
START:  TT
END:    508.97877311706543
-
START:  TTC
END:    510.4404933452606
-
START:  TTD
END:    510.6390118598938
-
START:  TTEC
END:    511.05539751052856
-
START:  TTEK
END:    512.4477083683014
-
START:  TTGT
END:    513.7816035747528
-
START:  TTWO
END:    514.1826817989349
-
START:  TWLO
END:    515.3738100528717
-
START:  TXN
END:    515.8528900146484
-
START:  TYL
END:    517.2856702804565
-
START:  UCTT
END:    517.6453516483307
-
START:  UFPI
END:    519.0910141468048
-
START:  UFPT
END:    520.5231132507324
-
START:  UI
END:    521.8138189315796
-
START:  UMC
END:    522.2330486774445
-
START:  UNF
END:    522.7069022655487
-
START:  UNH
END:    524.193119764328
-
START:  UNP
END:    525.6934196949005
-
START:  UPLD
END:    526.9327547550201
-
START:  URI
END:    527.3160638809204
-
START:  V
END:    528.6708931922913
-
START:  VALU
END:    529.0964496135712
-
START:  VBK
END:    530.5849142074585
-
START:  VCEL
END:    530.949098110199
-
START:  VCR
END:    532.3514909744263
-
START:  VCTR
END:    533.5391838550568
-
START:  VCYT
END:    533.7377660274506
-
START:  VDC
END:    534.1070725917816
-
START:  VEEV
END:    535.3371253013611
-
START:  VERU
END:    535.7258319854736
-
START:  VGT
END:    536.107391834259
-
START:  VHT
END:    537.5248980522156
-
START:  VIAV
END:    538.9570875167847
-
START:  VICR
END:    540.3809041976929
-
START:  VIG
END:    540.749657869339
-
START:  VO
END:    541.1025826931
-
START:  VONE
END:    542.3648684024811
-
START:  VONG
END:    542.6325891017914
-
START:  VOO
END:    542.9352831840515
-
START:  VOOG
END:    543.2430543899536
-
START:  VOOV
END:    543.5230519771576
-
START:  VOT
END:    543.8689157962799
-
START:  VPU
END:    544.2500009536743
-
START:  VRNS
END:    544.4876613616943
-
START:  VRSK
END:    545.763754606247
-
START:  VRSN
END:    546.1221811771393
-
START:  VRTV
END:    547.3423037528992
-
START:  VSTO
END:    547.544515132904
-
START:  VTHR
END:    548.8008689880371
-
START:  VTI
END:    550.4563589096069
-
START:  VTNR
END:    550.8252635002136
-
START:  VTWG
END:    551.1220264434814
-
START:  VUG
END:    551.505795955658
-
START:  VV
END:    552.896817445755
-
START:  VXF
END:    554.3399393558502
-
START:  WCN
END:    554.7301557064056
-
START:  WD
END:    554.9958600997925
-
START:  WDAY
END:    555.230221748352
-
START:  WDFC
END:    555.6738188266754
-
START:  WEC
END:    556.1367979049683
-
START:  WEN
END:    560.3617420196533
-
START:  WINA
END:    560.7589452266693
-
START:  WING
END:    560.9687736034393
-
START:  WIRE
END:    561.4139401912689
-
START:  WIX
END:    561.6775586605072
-
START:  WK
END:    561.8599252700806
-
START:  WLTW
Not Found: No data found, symbol may be delisted
START:  WM
END:    562.3568589687347
-
START:  WMS
END:    562.578111410141
-
START:  WNS
END:    562.8923819065094
-
START:  WRB
END:    563.3329722881317
-
START:  WSC
END:    563.511313199997
-
START:  WSM
END:    563.9109394550323
-
START:  WST
END:    564.3619091510773
-
START:  WTRG
END:    564.8176472187042
-
START:  WTS
END:    565.2425320148468
-
START:  XEL
END:    565.7093586921692
-
START:  XENE
END:    566.919126033783
-
START:  XLK
END:    567.3298740386963
-
START:  XLNX
END:    567.7553677558899
-
START:  XLP
END:    568.3103919029236
-
START:  XLRN
Not Found: No data found, symbol may be delisted
START:  XLU
END:    568.7898664474487
-
START:  XLV
END:    569.2365465164185
-
START:  XLY
END:    570.65851354599
-
START:  XYL
END:    571.0211246013641
-
START:  YNDX
END:    571.2835817337036
-
START:  YORW
END:    571.7313916683197
-
START:  YUM
END:    572.1271440982819
-
START:  Z
END:    573.33970952034
-
START:  ZBRA
END:    573.7246639728546
-
START:  ZEN
END:    574.9598543643951
-
START:  ZLAB
END:    575.095511674881
-
START:  ZNGA
END:    575.3117744922638
-
START:  ZS
END:    575.4536380767822
-
START:  ZTS
END:    575.6849527359009
-
START:  ZYXI
END:    578.2936565876007
-
===========================
MACD golden cross
===========================
START:  code
START:  A
START:  AAON
START:  AAPL
START:  ABG
START:  ABT
START:  ACLS
START:  ACMR
START:  ACN
START:  ADBE
START:  ADI
START:  ADP
START:  ADSK
START:  ADUS
START:  AEE
START:  AGYS
START:  AIZ
START:  AJG
START:  AJRD
START:  ALB
START:  ALG
START:  ALGN
START:  ALLE
START:  ALTR
START:  AMAT
START:  AMBA
START:  AMD
START:  AME
START:  AMED
START:  AMEH
START:  AMGN
START:  AMN
START:  AMP
START:  AMRC
START:  AMSWA
START:  AMTX
START:  AMZN
START:  AN
START:  ANSS
START:  ANTM
START:  AON
START:  AOSL
START:  APD
START:  APH
START:  APPF
START:  APPN
START:  APPS
START:  AQN
START:  ARCB
START:  ARCT
START:  ARES
START:  ARGX
START:  ARWR
START:  ASML
START:  ASPN
START:  ATEC
START:  ATEN
START:  ATKR
START:  ATOM
START:  ATR
START:  ATRC
START:  AUDC
START:  AUPH
START:  AVAV
START:  AVGO
START:  AVID
START:  AVNW
START:  AVXL
START:  AVY
START:  AWK
START:  AWR
START:  AXON
START:  AZO
START:  AZPN
START:  BAH
START:  BAM
START:  BAX
START:  BBH
START:  BBQ
START:  BBY
START:  BCPC
START:  BDX
START:  BEEM
START:  BFAM
START:  BFC
START:  BGFV
START:  BGNE
START:  BHVN
START:  BIO
START:  BL
START:  BLD
START:  BLDP
START:  BLDR
START:  BLFS
START:  BLK
START:  BLL
START:  BLNK
START:  BMI
START:  BOOT
START:  BOTZ
START:  BR
START:  BRKR
START:  BRKS
START:  BRO
START:  BURL
START:  BX
START:  CABO
START:  CACI
START:  CALX
START:  CAMT
START:  CAR
START:  CBRE
START:  CBSH
START:  CBZ
START:  CCOI
START:  CCS
START:  CDMO
START:  CDNA
START:  CDNS
START:  CDW
START:  CELH
START:  CGNX
START:  CHD
START:  CHDN
START:  CHE
START:  CHGG
START:  CHH
START:  CHKP
START:  CHTR
START:  CIEN
START:  CLAR
START:  CLFD
START:  CLGN
START:  CLNE
START:  CLPT
START:  CLX
START:  CMCSA
START:  CMG
START:  CMS
START:  CNC
START:  CNI
START:  CNMD
START:  CNS
START:  CNXN
START:  COO
START:  COST
START:  COUP
START:  COWN
START:  CP
START:  CPK
START:  CPRT
START:  CPSH
START:  CRAI
START:  CREE
START:  CRL
START:  CRM
START:  CRMT
START:  CROX
START:  CRSP
START:  CRVL
START:  CSGP
START:  CSL
START:  CSWI
START:  CSX
START:  CTAS
START:  CTLT
START:  CTRN
START:  CURE
START:  CVCO
START:  CVNA
START:  CWST
START:  CWT
START:  CXSE
START:  CYBR
START:  CYRX
START:  CYTK
START:  DAC
START:  DAR
START:  DAVA
START:  DDS
START:  DE
START:  DECK
START:  DELL
START:  DFIN
START:  DG
START:  DGRW
START:  DHI
START:  DHR
START:  DIA
START:  DIOD
START:  DIS
START:  DKS
START:  DLN
START:  DNLI
START:  DOMO
START:  DOV
START:  DPZ
START:  DQ
START:  DRD
START:  DRIO
START:  DRNA
START:  DSGX
START:  DVAX
START:  DXCM
START:  ECL
START:  EFX
START:  EGAN
START:  EHC
START:  EL
START:  ENPH
START:  ENSG
START:  ENTG
START:  ENV
START:  EPAM
START:  ERIE
START:  ES
START:  ESE
START:  ETN
START:  ETSY
START:  EVBG
START:  EVTC
START:  EW
START:  EWT
START:  EXAS
START:  EXLS
START:  EXPD
START:  EXPI
START:  EXPO
START:  FAST
START:  FATE
START:  FB
START:  FCN
START:  FCX
START:  FDN
START:  FDS
START:  FELE
START:  FFIN
START:  FICO
START:  FINX
START:  FIS
START:  FISV
START:  FIVE
START:  FIVN
START:  FLGT
START:  FLT
START:  FLWS
START:  FN
START:  FND
START:  FNV
START:  FORM
START:  FOXF
START:  FPX
START:  FRC
START:  FRHC
START:  FRPT
START:  FSS
START:  FTNT
START:  FUV
START:  GDEN
START:  GFI
START:  GGG
START:  GIB
START:  GLDD
START:  GLOB
START:  GMAB
START:  GME
START:  GMED
START:  GNRC
START:  GNSS
START:  GNTX
START:  GOLF
START:  GOOG
START:  GOOGL
START:  GPI
START:  GPN
START:  GRBK
START:  GRMN
START:  GRVY
START:  GRWG
START:  GWRE
START:  HACK
START:  HALO
START:  HCI
START:  HD
START:  HEI
START:  HELE
START:  HIBB
START:  HLI
START:  HLT
START:  HOLX
START:  HON
START:  HOV
START:  HRC
START:  HRI
START:  HSKA
START:  HTHT
START:  HUBS
START:  HUM
START:  HZNP
START:  IAC
START:  IBP
START:  ICE
START:  ICLN
START:  ICLR
START:  IDT
START:  IDXX
START:  IESC
START:  IEX
START:  ILMN
START:  INFO
START:  INOV
START:  INSP
START:  INTC
START:  INTU
START:  INTZ
START:  INVE
START:  IOO
START:  IQV
START:  IRDM
START:  IRMD
START:  ISEE
START:  ISRG
START:  IT
START:  ITT
START:  ITW
START:  IVOG
START:  IVV
START:  IXJ
START:  IXN
START:  J
START:  JBL
START:  JBSS
START:  JD
START:  JKHY
START:  JKS
START:  JNJ
START:  JOE
START:  JOUT
START:  JYNT
START:  KAI
START:  KBH
START:  KBR
START:  KDMN
START:  KEYS
START:  KLAC
START:  KLIC
START:  KMX
START:  KNSL
START:  KOPN
START:  KOSS
START:  KRNT
START:  KSU
START:  KTOS
START:  LAC
START:  LAD
START:  LANC
START:  LAWS
START:  LDOS
START:  LFMD
START:  LGIH
START:  LH
START:  LHCG
START:  LHX
START:  LII
START:  LIN
START:  LINC
START:  LIT
START:  LLY
START:  LMT
START:  LNT
START:  LOB
START:  LOGI
START:  LOVE
START:  LOW
START:  LPLA
START:  LPSN
START:  LQDT
START:  LRCX
START:  LSCC
START:  LSTR
START:  LULU
START:  LUNA
START:  MA
START:  MANH
START:  MANT
START:  MARA
START:  MASI
START:  MATX
START:  MBUU
START:  MCD
START:  MCHP
START:  MCO
START:  MDB
START:  MDT
START:  MEDP
START:  MEDS
START:  MELI
START:  MGC
START:  MGIC
START:  MGK
START:  MGNI
START:  MHO
START:  MIME
START:  MITK
START:  MKC
START:  MKSI
START:  MKTX
START:  MLAB
START:  MLR
START:  MMC
START:  MMS
START:  MNMD
START:  MNST
START:  MODN
START:  MODV
START:  MOH
START:  MORN
START:  MPWR
START:  MRTX
START:  MRVL
START:  MS
START:  MSA
START:  MSCI
START:  MSEX
START:  MSFT
START:  MSI
START:  MSTR
START:  MTBC
START:  MTCH
START:  MTD
START:  MTEX
START:  MTH
START:  MTLS
START:  MTSI
START:  MU
START:  MUSA
START:  MVIS
START:  MXL
START:  MYRG
START:  NBIX
START:  NCBS
START:  NDAQ
START:  NDSN
START:  NEE
START:  NEO
START:  NEOG
START:  NFLX
START:  NICE
START:  NISN
START:  NKE
START:  NOVT
START:  NOW
START:  NSC
START:  NSIT
START:  NSSC
START:  NSTG
START:  NTLA
START:  NTRA
START:  NUAN
START:  NVCR
START:  NVDA
START:  NVMI
START:  NVO
START:  NVR
START:  NXST
START:  NYT
START:  OBCI
START:  ODFL
START:  OEF
START:  OFLX
START:  OLED
START:  OMCL
START:  ON
START:  OOMA
START:  OPRX
START:  ORA
START:  ORCL
START:  ORLY
START:  ORMP
START:  OTEX
START:  PACB
START:  PAG
START:  PANW
START:  PAR
START:  PAYC
START:  PAYX
START:  PBD
START:  PCTY
START:  PEGA
START:  PEN
START:  PENN
START:  PEP
START:  PERI
START:  PFSI
START:  PGR
START:  PH
START:  PHM
START:  PKI
START:  PLL
START:  PLNT
START:  PLUG
START:  PLXS
START:  PODD
START:  POOL
START:  POWI
START:  PRFT
START:  PRI
START:  PRTA
START:  PRTS
START:  PTSI
START:  PWR
START:  PYPL
START:  QADA
START:  QCLN
START:  QDEL
START:  QGEN
START:  QLYS
START:  QQQ
START:  QRVO
START:  QTWO
START:  RADA
START:  RAMP
START:  RBA
START:  RCII
START:  RCKY
START:  RDNT
START:  RDVT
START:  RDWR
START:  REGI
START:  RENN
START:  RGEN
START:  RH
START:  RILY
START:  RIOT
START:  RLI
START:  RLMD
START:  RMD
START:  RNG
START:  ROBO
START:  ROCK
START:  ROK
START:  ROKU
START:  ROL
START:  ROP
START:  ROST
START:  RPD
START:  RPM
START:  RSG
START:  RTH
START:  RUN
START:  RXI
START:  SAIA
START:  SAIC
START:  SAM
START:  SAVA
START:  SCI
START:  SCL
START:  SE
START:  SEAS
START:  SEDG
START:  SFBS
START:  SGEN
START:  SGMS
START:  SGRY
START:  SHOP
START:  SHW
START:  SHYF
START:  SITE
START:  SIVB
START:  SJW
START:  SKY
START:  SLAB
START:  SLP
START:  SMH
START:  SMTC
START:  SNAP
START:  SNPS
START:  SOCL
START:  SOXL
START:  SPGI
START:  SPLG
START:  SPLK
START:  SPNS
START:  SPSC
START:  SPTM
START:  SPWH
START:  SPWR
START:  SPXC
START:  SPXL
START:  SPY
START:  SPYG
START:  SQ
START:  SSD
START:  SSNC
START:  SSTK
START:  STAA
START:  STE
START:  SUSA
START:  SYK
START:  SYNA
START:  TBBK
START:  TBK
START:  TDG
START:  TDOC
START:  TDY
START:  TEAM
START:  TECH
START:  TECL
START:  TER
START:  TFX
START:  TGH
START:  TGLS
START:  TGT
START:  TGTX
START:  THC
START:  TJX
START:  TMO
START:  TMUS
START:  TNDM
START:  TNET
START:  TPX
START:  TREX
START:  TRI
START:  TRIL
START:  TRMB
START:  TRNS
START:  TROW
START:  TRU
START:  TRUP
START:  TSCO
START:  TSLA
START:  TSM
START:  TT
START:  TTC
START:  TTD
START:  TTEC
START:  TTEK
START:  TTGT
START:  TTWO
START:  TWLO
START:  TXN
START:  TYL
START:  UCTT
START:  UFPI
START:  UFPT
START:  UI
START:  UMC
START:  UNF
START:  UNH
START:  UNP
START:  UPLD
START:  URI
START:  V
START:  VALU
START:  VBK
START:  VCEL
START:  VCR
START:  VCTR
START:  VCYT
START:  VDC
START:  VEEV
START:  VERU
START:  VGT
START:  VHT
START:  VIAV
START:  VICR
START:  VIG
START:  VO
START:  VONE
START:  VONG
START:  VOO
START:  VOOG
START:  VOOV
START:  VOT
START:  VPU
START:  VRNS
START:  VRSK
START:  VRSN
START:  VRTV
START:  VSTO
START:  VTHR
START:  VTI
START:  VTNR
START:  VTWG
START:  VUG
START:  VV
START:  VXF
START:  WCN
START:  WD
START:  WDAY
START:  WDFC
START:  WEC
START:  WEN
START:  WINA
START:  WING
START:  WIRE
START:  WIX
START:  WK
START:  WLTW
START:  WM
START:  WMS
START:  WNS
START:  WRB
START:  WSC
START:  WSM
START:  WST
START:  WTRG
START:  WTS
START:  XEL
START:  XENE
START:  XLK
START:  XLNX
START:  XLP
START:  XLRN
START:  XLU
START:  XLV
START:  XLY
START:  XYL
START:  YNDX
START:  YORW
START:  YUM
START:  Z
START:  ZBRA
START:  ZEN
START:  ZLAB
START:  ZNGA
START:  ZS
START:  ZTS
START:  ZYXI
==== MACD golden cross ====
None
code: ARES     day: macd - hist + hist_1pre + ,  Week: macd + hist + hist_1pre - , Month: macd + hist + hist_1pre + , 
Trade --> code: ARES   BUY: 2017-01-31   19.65 SELL: 2022-03-31   79.40  macd:   10.98 macd_count:  63 profit:  4.04

code: ATKR     day: macd + hist + hist_1pre + ,  Week: macd + hist + hist_1pre - , Month: macd + hist + hist_1pre + , 
Trade --> code: ATKR   BUY: 2018-10-31   19.26 SELL: 2018-12-31   19.84  macd:   -0.02 macd_count:   2 profit:  1.03
Trade --> code: ATKR   BUY: 2019-01-31   23.19 SELL: 2020-10-31   20.69  macd:   -0.20 macd_count:  21 profit:  0.89
Trade --> code: ATKR   BUY: 2020-11-30   38.98 SELL: 2022-03-31  109.16  macd:   17.61 macd_count:  17 profit:  2.80

code: BBQ      day: macd + hist + hist_1pre + ,  Week: macd + hist + hist_1pre - , Month: macd + hist + hist_1pre + , 
Trade --> code: BBQ    BUY: 2004-07-31    7.13 SELL: 2008-02-29   10.15  macd:   -0.12 macd_count:  43 profit:  1.42
Trade --> code: BBQ    BUY: 2010-09-30    9.45 SELL: 2013-01-31    9.44  macd:   -0.00 macd_count:  28 profit:  1.00
Trade --> code: BBQ    BUY: 2013-02-28    9.84 SELL: 2015-09-30   12.91  macd:   -0.28 macd_count:  31 profit:  1.31
Trade --> code: BBQ    BUY: 2021-02-28    5.85 SELL: 2022-03-31   15.70  macd:    2.39 macd_count:  14 profit:  2.68

code: BRO      day: macd + hist + hist_1pre + ,  Week: macd + hist + hist_1pre - , Month: macd + hist + hist_1pre + , 
Trade --> code: BRO    BUY: 2004-07-31   10.63 SELL: 2007-10-31   12.60  macd:   -0.02 macd_count:  39 profit:  1.18
Trade --> code: BRO    BUY: 2010-11-30   11.44 SELL: 2022-03-31   69.35  macd:    6.94 macd_count: 137 profit:  6.06

code: CBSH     day: macd + hist + hist_1pre + ,  Week: macd + hist + hist_1pre - , Month: macd + hist - hist_1pre - , 
Trade --> code: CBSH   BUY: 2004-07-31   24.72 SELL: 2008-02-29   26.85  macd:   -0.08 macd_count:  43 profit:  1.09
Trade --> code: CBSH   BUY: 2008-10-31   30.48 SELL: 2009-01-31   23.66  macd:   -0.18 macd_count:   3 profit:  0.78
Trade --> code: CBSH   BUY: 2010-03-31   29.24 SELL: 2010-09-30   26.71  macd:   -0.01 macd_count:   6 profit:  0.91
Trade --> code: CBSH   BUY: 2010-12-31   28.24 SELL: 2012-02-29   27.44  macd:   -0.01 macd_count:  14 profit:  0.97
Trade --> code: CBSH   BUY: 2012-03-31   28.80 SELL: 2012-11-30   26.70  macd:   -0.03 macd_count:   8 profit:  0.93
Trade --> code: CBSH   BUY: 2013-03-31   30.47 SELL: 2022-03-31   71.73  macd:    3.04 macd_count: 109 profit:  2.35

code: DLN      day: macd + hist + hist_1pre + ,  Week: macd + hist + hist_1pre - , Month: macd + hist + hist_1pre + , 
Trade --> code: DLN    BUY: 2010-12-31   23.05 SELL: 2022-03-31   65.43  macd:    3.78 macd_count: 136 profit:  2.84

code: FORM     day: macd - hist + hist_1pre + ,  Week: macd + hist + hist_1pre - , Month: macd + hist - hist_1pre - , 
Trade --> code: FORM   BUY: 2005-10-31   24.62 SELL: 2008-02-29   17.93  macd:   -1.16 macd_count:  28 profit:  0.73
Trade --> code: FORM   BUY: 2014-06-30    8.32 SELL: 2022-03-31   42.02  macd:    3.87 macd_count:  94 profit:  5.05

code: LAC      day: macd + hist + hist_1pre + ,  Week: macd + hist + hist_1pre - , Month: macd + hist + hist_1pre + , 
Trade --> code: LAC    BUY: 2011-01-31    6.55 SELL: 2011-09-30    1.95  macd:   -0.03 macd_count:   8 profit:  0.30
Trade --> code: LAC    BUY: 2014-03-31    4.15 SELL: 2015-09-30    1.15  macd:   -0.02 macd_count:  18 profit:  0.28
Trade --> code: LAC    BUY: 2016-05-31    3.25 SELL: 2018-12-31    3.17  macd:   -0.09 macd_count:  31 profit:  0.98
Trade --> code: LAC    BUY: 2020-07-31    6.12 SELL: 2022-03-31   29.15  macd:    5.34 macd_count:  21 profit:  4.76

code: MUSA     day: macd + hist + hist_1pre + ,  Week: macd + hist + hist_1pre - , Month: macd + hist + hist_1pre + , 
Trade --> code: MUSA   BUY: 2015-12-31   60.74 SELL: 2022-03-31  192.95  macd:   19.51 macd_count:  76 profit:  3.18

code: NUAN     day: macd + hist + hist_1pre + ,  Week: macd + hist + hist_1pre - , Month: macd + hist - hist_1pre - , 
Trade --> code: NUAN   BUY: 2005-11-30    5.38 SELL: 2008-11-30    7.94  macd:   -0.14 macd_count:  36 profit:  1.48
Trade --> code: NUAN   BUY: 2009-12-31   13.44 SELL: 2013-05-31   16.44  macd:   -0.10 macd_count:  41 profit:  1.22
Trade --> code: NUAN   BUY: 2015-11-30   18.11 SELL: 2016-07-31   13.90  macd:   -0.05 macd_count:   8 profit:  0.77
Trade --> code: NUAN   BUY: 2017-05-31   16.01 SELL: 2017-09-30   13.60  macd:   -0.04 macd_count:   4 profit:  0.85
Trade --> code: NUAN   BUY: 2019-04-30   14.56 SELL: 2022-03-31   55.99  macd:    7.14 macd_count:  36 profit:  3.85

code: PGR      day: macd + hist + hist_1pre + ,  Week: macd + hist + hist_1pre - , Month: macd + hist + hist_1pre + , 
Trade --> code: PGR    BUY: 2004-07-31   19.16 SELL: 2007-03-31   21.82  macd:   -0.06 macd_count:  32 profit:  1.14
Trade --> code: PGR    BUY: 2010-04-30   20.09 SELL: 2022-03-31  112.82  macd:    6.40 macd_count: 144 profit:  5.62

code: PTSI     day: macd + hist + hist_1pre + ,  Week: macd + hist + hist_1pre - , Month: macd + hist + hist_1pre + , 
Trade --> code: PTSI   BUY: 2006-03-31   12.32 SELL: 2007-06-30    9.14  macd:   -0.11 macd_count:  15 profit:  0.74
Trade --> code: PTSI   BUY: 2010-04-30    7.92 SELL: 2011-06-30    4.93  macd:   -0.06 macd_count:  14 profit:  0.62
Trade --> code: PTSI   BUY: 2013-07-31    5.99 SELL: 2016-03-31   15.40  macd:   -0.05 macd_count:  32 profit:  2.57
Trade --> code: PTSI   BUY: 2017-12-31   17.22 SELL: 2020-05-31   17.45  macd:   -0.36 macd_count:  29 profit:  1.01
Trade --> code: PTSI   BUY: 2021-02-28   29.00 SELL: 2022-03-31   78.56  macd:   11.75 macd_count:  14 profit:  2.71

code: SYNA     day: macd + hist + hist_1pre + ,  Week: macd + hist + hist_1pre - , Month: macd + hist + hist_1pre + , 
Trade --> code: SYNA   BUY: 2004-07-31    9.86 SELL: 2011-07-31   24.57  macd:   -0.07 macd_count:  84 profit:  2.49
Trade --> code: SYNA   BUY: 2011-10-31   33.79 SELL: 2012-10-31   23.16  macd:   -0.43 macd_count:  12 profit:  0.69
Trade --> code: SYNA   BUY: 2013-01-31   35.08 SELL: 2016-07-31   51.95  macd:   -0.78 macd_count:  42 profit:  1.48
Trade --> code: SYNA   BUY: 2019-12-31   65.77 SELL: 2022-03-31  229.56  macd:   40.40 macd_count:  28 profit:  3.49

code: TBBK     day: macd + hist + hist_1pre + ,  Week: macd + hist + hist_1pre - , Month: macd + hist + hist_1pre + , 
Trade --> code: TBBK   BUY: 2006-06-30   25.01 SELL: 2007-10-31   17.95  macd:   -0.25 macd_count:  16 profit:  0.72
Trade --> code: TBBK   BUY: 2011-02-28    8.48 SELL: 2011-12-31    7.23  macd:   -0.07 macd_count:  10 profit:  0.85
Trade --> code: TBBK   BUY: 2012-03-31   10.04 SELL: 2014-09-30    8.59  macd:   -0.20 macd_count:  30 profit:  0.86
Trade --> code: TBBK   BUY: 2017-11-30    9.67 SELL: 2020-05-31    8.80  macd:   -0.02 macd_count:  30 profit:  0.91
Trade --> code: TBBK   BUY: 2020-06-30    9.80 SELL: 2020-08-31    9.50  macd:   -0.00 macd_count:   2 profit:  0.97
Trade --> code: TBBK   BUY: 2020-11-30   11.80 SELL: 2022-03-31   29.47  macd:    4.25 macd_count:  17 profit:  2.50

code: TGH      day: macd + hist + hist_1pre + ,  Week: macd + hist + hist_1pre - , Month: macd + hist + hist_1pre + , 
Trade --> code: TGH    BUY: 2010-03-31   21.55 SELL: 2015-01-31   32.81  macd:   -0.20 macd_count:  58 profit:  1.52
Trade --> code: TGH    BUY: 2017-12-31   21.50 SELL: 2018-07-31   15.90  macd:   -0.04 macd_count:   7 profit:  0.74
Trade --> code: TGH    BUY: 2020-11-30   18.42 SELL: 2022-03-31   39.03  macd:    5.54 macd_count:  17 profit:  2.12

code: VOOV     day: macd + hist + hist_1pre + ,  Week: macd + hist + hist_1pre - , Month: macd + hist + hist_1pre + , 
Trade --> code: VOOV   BUY: 2013-01-31   67.75 SELL: 2022-03-31  149.99  macd:    8.34 macd_count: 111 profit:  2.21

code: WNS      day: macd + hist + hist_1pre + ,  Week: macd + hist + hist_1pre - , Month: macd + hist - hist_1pre - , 
Trade --> code: WNS    BUY: 2013-02-28   14.06 SELL: 2022-03-31   86.56  macd:    6.32 macd_count: 110 profit:  6.16

