Thu Mar 24 13:49:56 UTC 2022
arg[0]: scraping/yahoo-finace-api2.py, arg[1]: stock-code-list/buy-list.txt
===========================
scraping
===========================
START:  TOK
END:    0.3019750118255615
-
START:  AAPL
END:    0.6945304870605469
-
START:  EL
END:    1.062910795211792
-
START:  NEE
END:    1.5077860355377197
-
START:  AMD
END:    1.833374261856079
-
START:  APH
END:    2.1473264694213867
-
START:  XLP
END:    2.5242507457733154
-
START:  SPXL
END:    2.802356481552124
-
START:  KEYS
END:    2.9622302055358887
-
START:  VDC
END:    3.3098721504211426
-
START:  CMA
END:    3.688246011734009
-
START:  AVY
END:    4.057039499282837
-
START:  SPTM
END:    4.493410110473633
-
START:  SPLG
END:    4.80655574798584
-
START:  CROX
END:    5.093754529953003
-
START:  DAVA
END:    5.208824872970581
-
START:  AWR
END:    5.618257284164429
-
START:  FN
END:    6.841739177703857
-
START:  NXST
END:    8.162759065628052
-
START:  BMI
END:    8.536842107772827
-
START:  GLOB
END:    8.68873643875122
-
START:  ARES
END:    8.880309104919434
-
START:  SJW
END:    9.270182609558105
-
START:  NVDA
END:    9.639538526535034
-
START:  BBDC
END:    9.933361768722534
-
START:  CELH
END:    10.291687965393066
-
START:  RDNT
END:    10.621504545211792
-
START:  ROK
END:    12.000755548477173
-
START:  AVXL
END:    12.265741348266602
-
START:  HCI
END:    12.526668310165405
-
START:  LIT
END:    13.776556491851807
-
START:  LLY
END:    15.368266105651855
-
START:  MCD
END:    15.80650782585144
-
START:  MSI
END:    16.209746837615967
-
START:  ON
END:    16.53046417236328
-
START:  ISRG
END:    16.848806619644165
-
START:  GME
END:    17.18694233894348
-
START:  WNS
END:    17.44575810432434
-
===========================
MACD sell
===========================
START:  TOK
START:  AAPL
START:  EL
START:  NEE
START:  AMD
START:  APH
START:  XLP
START:  SPXL
START:  KEYS
START:  VDC
START:  CMA
START:  AVY
START:  SPTM
START:  SPLG
START:  CROX
START:  DAVA
START:  AWR
START:  FN
START:  NXST
START:  BMI
START:  GLOB
START:  ARES
START:  SJW
START:  NVDA
START:  BBDC
START:  CELH
START:  RDNT
START:  ROK
START:  AVXL
START:  HCI
START:  LIT
START:  LLY
START:  MCD
START:  MSI
START:  ON
START:  ISRG
START:  GME
START:  WNS
==== MACD list ====
code: TOK      day: macd + hist + ,  Week: macd - hist + , Month: macd + hist - , 
code: AAPL     day: macd + hist + ,  Week: macd + hist - , Month: macd + hist + , 
code: EL       day: macd - hist + ,  Week: macd - hist - , Month: macd + hist - , 
code: NEE      day: macd + hist + ,  Week: macd - hist + , Month: macd + hist - , 
code: AMD      day: macd - hist + ,  Week: macd - hist - , Month: macd + hist - , 
code: APH      day: macd - hist + ,  Week: macd - hist - , Month: macd + hist - , 
code: XLP      day: macd - hist + ,  Week: macd + hist - , Month: macd + hist + , 
code: SPXL     day: macd + hist + ,  Week: macd - hist + , Month: macd + hist - , 
code: KEYS     day: macd - hist + ,  Week: macd - hist - , Month: macd + hist - , 
code: VDC      day: macd - hist + ,  Week: macd + hist - , Month: macd + hist + , 
code: CMA      day: macd + hist + ,  Week: macd + hist - , Month: macd + hist + , 
code: AVY      day: macd - hist + ,  Week: macd - hist - , Month: macd + hist - , 
code: SPTM     day: macd + hist + ,  Week: macd - hist + , Month: macd + hist - , 
code: SPLG     day: macd + hist + ,  Week: macd - hist + , Month: macd + hist - , 
code: CROX     day: macd - hist + ,  Week: macd - hist - , Month: macd + hist - , 
code: DAVA     day: macd + hist + ,  Week: macd - hist + , Month: macd + hist - , 
code: AWR      day: macd - hist + ,  Week: macd - hist - , Month: macd + hist - , 
code: FN       day: macd + hist + ,  Week: macd - hist - , Month: macd + hist - , 
code: NXST     day: macd + hist - ,  Week: macd + hist + , Month: macd + hist + , 
code: BMI      day: macd - hist + ,  Week: macd - hist + , Month: macd + hist - , 
code: GLOB     day: macd + hist + ,  Week: macd - hist + , Month: macd + hist - , 
code: ARES     day: macd + hist + ,  Week: macd + hist + , Month: macd + hist + , 
code: SJW      day: macd + hist + ,  Week: macd - hist + , Month: macd + hist - , 
code: NVDA     day: macd + hist + ,  Week: macd - hist + , Month: macd + hist + , 
code: BBDC     day: macd - hist + ,  Week: macd - hist - , Month: macd + hist + , 
code: CELH     day: macd + hist + ,  Week: macd - hist + , Month: macd + hist - , 
code: RDNT     day: macd - hist + ,  Week: macd - hist - , Month: macd + hist - , 
code: ROK      day: macd - hist + ,  Week: macd - hist - , Month: macd + hist - , 
code: AVXL     day: macd + hist + ,  Week: macd - hist + , Month: macd + hist - , 
code: HCI      day: macd + hist + ,  Week: macd - hist + , Month: macd + hist - , 
code: LIT      day: macd - hist + ,  Week: macd - hist + , Month: macd + hist - , 
code: LLY      day: macd + hist + ,  Week: macd + hist + , Month: macd + hist + , 
code: MCD      day: macd - hist + ,  Week: macd - hist - , Month: macd + hist - , 
code: MSI      day: macd + hist + ,  Week: macd - hist + , Month: macd + hist - , 
code: ON       day: macd + hist + ,  Week: macd + hist - , Month: macd + hist + , 
code: ISRG     day: macd - hist + ,  Week: macd - hist - , Month: macd + hist - , 
code: GME      day: macd + hist + ,  Week: macd - hist + , Month: macd + hist - , 
code: WNS      day: macd + hist + ,  Week: macd - hist - , Month: macd + hist - , 
==== MACD sell list ====
code: TOK      day: macd + hist + ,  Week: macd - hist + , Month: macd + hist - , 
code: AAPL     day: macd + hist + ,  Week: macd + hist - , 
code: EL       day: macd - hist + ,  Week: macd - hist - , 
code: EL       day: macd - hist + ,  Week: macd - hist - , Month: macd + hist - , 
code: NEE      day: macd + hist + ,  Week: macd - hist + , Month: macd + hist - , 
code: AMD      day: macd - hist + ,  Week: macd - hist - , 
code: AMD      day: macd - hist + ,  Week: macd - hist - , Month: macd + hist - , 
code: APH      day: macd - hist + ,  Week: macd - hist - , 
code: APH      day: macd - hist + ,  Week: macd - hist - , Month: macd + hist - , 
code: XLP      day: macd - hist + ,  Week: macd + hist - , 
code: SPXL     day: macd + hist + ,  Week: macd - hist + , Month: macd + hist - , 
code: KEYS     day: macd - hist + ,  Week: macd - hist - , 
code: KEYS     day: macd - hist + ,  Week: macd - hist - , Month: macd + hist - , 
code: VDC      day: macd - hist + ,  Week: macd + hist - , 
code: CMA      day: macd + hist + ,  Week: macd + hist - , 
code: AVY      day: macd - hist + ,  Week: macd - hist - , 
code: AVY      day: macd - hist + ,  Week: macd - hist - , Month: macd + hist - , 
code: SPTM     day: macd + hist + ,  Week: macd - hist + , Month: macd + hist - , 
code: SPLG     day: macd + hist + ,  Week: macd - hist + , Month: macd + hist - , 
code: CROX     day: macd - hist + ,  Week: macd - hist - , 
code: CROX     day: macd - hist + ,  Week: macd - hist - , Month: macd + hist - , 
code: DAVA     day: macd + hist + ,  Week: macd - hist + , Month: macd + hist - , 
code: AWR      day: macd - hist + ,  Week: macd - hist - , 
code: AWR      day: macd - hist + ,  Week: macd - hist - , Month: macd + hist - , 
code: FN       day: macd + hist + ,  Week: macd - hist - , 
code: FN       day: macd + hist + ,  Week: macd - hist - , Month: macd + hist - , 
code: NXST     day: macd + hist - , 
code: BMI      day: macd - hist + ,  Week: macd - hist + , Month: macd + hist - , 
code: GLOB     day: macd + hist + ,  Week: macd - hist + , Month: macd + hist - , 
code: SJW      day: macd + hist + ,  Week: macd - hist + , Month: macd + hist - , 
code: BBDC     day: macd - hist + ,  Week: macd - hist - , 
code: CELH     day: macd + hist + ,  Week: macd - hist + , Month: macd + hist - , 
code: RDNT     day: macd - hist + ,  Week: macd - hist - , 
code: RDNT     day: macd - hist + ,  Week: macd - hist - , Month: macd + hist - , 
code: ROK      day: macd - hist + ,  Week: macd - hist - , 
code: ROK      day: macd - hist + ,  Week: macd - hist - , Month: macd + hist - , 
code: AVXL     day: macd + hist + ,  Week: macd - hist + , Month: macd + hist - , 
code: HCI      day: macd + hist + ,  Week: macd - hist + , Month: macd + hist - , 
code: LIT      day: macd - hist + ,  Week: macd - hist + , Month: macd + hist - , 
code: MCD      day: macd - hist + ,  Week: macd - hist - , 
code: MCD      day: macd - hist + ,  Week: macd - hist - , Month: macd + hist - , 
code: MSI      day: macd + hist + ,  Week: macd - hist + , Month: macd + hist - , 
code: ON       day: macd + hist + ,  Week: macd + hist - , 
code: ISRG     day: macd - hist + ,  Week: macd - hist - , 
code: ISRG     day: macd - hist + ,  Week: macd - hist - , Month: macd + hist - , 
code: GME      day: macd + hist + ,  Week: macd - hist + , Month: macd + hist - , 
code: WNS      day: macd + hist + ,  Week: macd - hist - , 
code: WNS      day: macd + hist + ,  Week: macd - hist - , Month: macd + hist - , 
===========================
profit
===========================
arg[0]: scraping/yahoo-finace-api2.py, arg[1]: stock-code-list/up-month.txt
===========================
scraping
===========================
START:  A
END:    0.38407468795776367
-
START:  AAON
END:    0.7531430721282959
-
START:  AAPL
END:    1.125938892364502
-
START:  ABG
END:    1.4398257732391357
-
START:  ABT
END:    1.824777603149414
-
START:  ACLS
END:    2.1382904052734375
-
START:  ACMR
END:    2.2467761039733887
-
START:  ACN
END:    2.5811288356781006
-
START:  ADBE
END:    2.9464361667633057
-
START:  ADI
END:    3.337564706802368
-
START:  ADP
END:    3.724344491958618
-
START:  ADSK
END:    4.085046291351318
-
START:  ADUS
END:    4.286733627319336
-
START:  AEE
END:    4.675647974014282
-
START:  AGYS
END:    5.023066759109497
-
START:  AIZ
END:    5.370368957519531
-
START:  AJG
END:    5.817035913467407
-
START:  AJRD
END:    7.173967599868774
-
START:  ALB
END:    8.548305034637451
-
START:  ALG
END:    8.923762798309326
-
START:  ALGN
END:    9.246260404586792
-
START:  ALLE
END:    9.428124904632568
-
START:  ALTR
END:    9.555726528167725
-
START:  AMAT
END:    9.911236047744751
-
START:  AMBA
END:    10.108784198760986
-
START:  AMD
END:    10.442523956298828
-
START:  AME
END:    10.908543825149536
-
START:  AMED
END:    11.21243953704834
-
START:  AMEH
END:    11.453057527542114
-
START:  AMGN
END:    11.809819221496582
-
START:  AMN
END:    12.13028359413147
-
START:  AMP
END:    12.411230325698853
-
START:  AMRC
END:    12.630065679550171
-
START:  AMSWA
END:    13.004647254943848
-
START:  AMTX
END:    13.25657320022583
-
START:  AMZN
END:    13.606584548950195
-
START:  AN
END:    13.943452596664429
-
START:  ANSS
END:    15.262703895568848
-
START:  ANTM
END:    15.62563443183899
-
START:  AON
END:    16.002904653549194
-
START:  AOSL
END:    16.22029709815979
-
START:  APD
END:    17.628103733062744
-
START:  APH
END:    18.010804176330566
-
START:  APPF
END:    18.14579176902771
-
START:  APPN
END:    18.272399425506592
-
START:  APPS
END:    18.526558876037598
-
START:  AQN
END:    18.755558967590332
-
START:  ARCB
END:    19.1438205242157
-
START:  ARCT
END:    19.305440664291382
-
START:  ARES
END:    19.503191709518433
-
START:  ARGX
END:    19.63053607940674
-
START:  ARWR
END:    19.931840658187866
-
START:  ASML
END:    20.276031255722046
-
START:  ASPN
END:    20.443150997161865
-
START:  ATEC
END:    21.727081775665283
-
START:  ATEN
END:    22.91655731201172
-
START:  ATKR
END:    23.047879457473755
-
START:  ATOM
END:    23.181305646896362
-
START:  ATR
END:    23.540323972702026
-
START:  ATRC
END:    24.82085680961609
-
START:  AUDC
END:    25.138786554336548
-
START:  AUPH
END:    25.28754997253418
-
START:  AVAV
END:    26.574026107788086
-
START:  AVGO
END:    26.83890962600708
-
START:  AVID
END:    27.138137340545654
-
START:  AVNW
END:    27.45318865776062
-
START:  AVXL
END:    27.691940546035767
-
START:  AVY
END:    28.32651448249817
-
START:  AWK
END:    28.611893892288208
-
START:  AWR
END:    29.995638847351074
-
START:  AXON
END:    30.3069851398468
-
START:  AZO
END:    30.624883890151978
-
START:  AZPN
END:    30.94392967224121
-
START:  BAH
END:    31.156163930892944
-
START:  BAM
END:    32.55915570259094
-
START:  BAX
END:    33.95777773857117
-
START:  BBH
END:    35.33369421958923
-
START:  BBQ
END:    35.65831184387207
-
START:  BBY
END:    37.02892589569092
-
START:  BCPC
END:    37.39441204071045
-
START:  BDX
END:    37.79713582992554
-
START:  BEEM
END:    38.00300598144531
-
START:  BFAM
END:    38.17121744155884
-
START:  BFC
END:    38.47313833236694
-
START:  BGFV
END:    38.812177658081055
-
START:  BGNE
END:    38.95730113983154
-
START:  BHVN
END:    39.087944746017456
-
START:  BIO
END:    39.41599678993225
-
START:  BL
END:    40.556782245635986
-
START:  BLD
END:    40.688740253448486
-
START:  BLDP
END:    42.014917612075806
-
START:  BLDR
END:    42.29525113105774
-
START:  BLFS
END:    42.64192032814026
-
START:  BLK
END:    43.99218249320984
-
START:  BLL
END:    44.36588931083679
-
START:  BLNK
END:    44.558802127838135
-
START:  BMI
END:    45.98024392127991
-
START:  BOOT
END:    46.14741086959839
-
START:  BOTZ
END:    47.3271107673645
-
START:  BR
END:    47.576738595962524
-
START:  BRKR
END:    48.91751527786255
-
START:  BRKS
Not Found: No data found, symbol may be delisted
START:  BRO
END:    49.35343670845032
-
START:  BURL
END:    49.51555848121643
-
START:  BX
END:    49.801239013671875
-
START:  CABO
END:    50.966108560562134
-
START:  CACI
END:    52.29360890388489
-
START:  CALX
END:    52.49912428855896
-
START:  CAMT
END:    52.812522888183594
-
START:  CAR
END:    54.16190695762634
-
START:  CBRE
END:    54.43157696723938
-
START:  CBSH
END:    55.84220862388611
-
START:  CBZ
END:    56.14872193336487
-
START:  CCOI
END:    56.58020997047424
-
START:  CCS
END:    56.745965003967285
-
START:  CDMO
END:    60.116652965545654
-
START:  CDNA
END:    61.28709626197815
-
START:  CDNS
END:    61.6026291847229
-
START:  CDW
END:    62.82122349739075
-
START:  CELH
END:    63.07768702507019
-
START:  CGNX
END:    63.44402050971985
-
START:  CHD
END:    63.83982276916504
-
START:  CHDN
END:    64.20367312431335
-
START:  CHE
END:    64.58562088012695
-
START:  CHGG
END:    64.76319694519043
-
START:  CHH
END:    65.11599254608154
-
START:  CHKP
END:    65.42924928665161
-
START:  CHTR
END:    65.64699006080627
-
START:  CIEN
END:    65.98010540008545
-
START:  CLAR
END:    66.28762030601501
-
START:  CLFD
END:    66.61663341522217
-
START:  CLGN
END:    66.77429461479187
-
START:  CLNE
END:    68.04312467575073
-
START:  CLPT
END:    68.21795344352722
-
START:  CLX
END:    69.6645884513855
-
START:  CMCSA
END:    70.0561466217041
-
START:  CMG
END:    70.33426284790039
-
START:  CMS
END:    71.74728083610535
-
START:  CNC
END:    72.0736939907074
-
START:  CNI
END:    72.47981905937195
-
START:  CNMD
END:    72.82357263565063
-
START:  CNS
END:    73.14755821228027
-
START:  CNXN
END:    73.48918414115906
-
START:  COO
END:    73.85526466369629
-
START:  COST
END:    75.22897982597351
-
START:  COUP
END:    75.3642065525055
-
START:  COWN
END:    76.65892267227173
-
START:  CP
END:    77.05153679847717
-
START:  CPK
END:    77.41699886322021
-
START:  CPRT
END:    78.7493782043457
-
START:  CPSH
END:    79.04019355773926
-
START:  CRAI
END:    79.35368037223816
-
START:  CREE
Not Found: No data found, symbol may be delisted
START:  CRL
END:    79.72207808494568
-
START:  CRM
END:    80.0371356010437
-
START:  CRMT
END:    80.34203457832336
-
START:  CROX
END:    80.62099814414978
-
START:  CRSP
END:    80.76176643371582
-
START:  CRVL
END:    81.08228969573975
-
START:  CSGP
END:    82.42047834396362
-
START:  CSL
END:    83.81770420074463
-
START:  CSWI
END:    83.97563433647156
-
START:  CSX
END:    84.39538335800171
-
START:  CTAS
END:    85.7870557308197
-
START:  CTLT
END:    85.95271015167236
-
START:  CTRN
END:    87.273268699646
-
START:  CURE
END:    87.50775575637817
-
START:  CVCO
END:    87.8001480102539
-
START:  CVNA
END:    87.91475582122803
-
START:  CWST
END:    88.22613048553467
-
START:  CWT
END:    88.63808917999268
-
START:  CXSE
END:    88.84375405311584
-
START:  CYBR
END:    89.0359137058258
-
START:  CYRX
END:    90.3188636302948
-
START:  CYTK
END:    90.60586261749268
-
START:  DAC
END:    90.8789541721344
-
START:  DAR
END:    91.22581195831299
-
START:  DAVA
END:    92.37082958221436
-
START:  DDS
END:    92.74305152893066
-
START:  DE
END:    93.15347123146057
-
START:  DECK
END:    94.60716152191162
-
START:  DELL
END:    94.73926162719727
-
START:  DFIN
END:    94.85861396789551
-
START:  DG
END:    95.13641595840454
-
START:  DGRW
END:    95.33394718170166
-
START:  DHI
END:    95.67760276794434
-
START:  DHR
END:    97.09166145324707
-
START:  DIA
END:    97.52530574798584
-
START:  DIOD
END:    97.86582851409912
-
START:  DIS
END:    98.3033332824707
-
START:  DKS
END:    99.66657710075378
-
START:  DLN
END:    99.97281002998352
-
START:  DNLI
END:    100.09312582015991
-
START:  DOMO
END:    101.23390769958496
-
START:  DOV
END:    101.63968205451965
-
START:  DPZ
END:    101.96969723701477
-
START:  DQ
END:    102.20803427696228
-
START:  DRD
END:    103.58751654624939
-
START:  DRIO
END:    103.72897458076477
-
START:  DRNA
Not Found: No data found, symbol may be delisted
START:  DSGX
END:    105.1101598739624
-
START:  DVAX
END:    106.3972520828247
-
START:  DXCM
END:    106.67560267448425
-
START:  ECL
END:    107.03382539749146
-
START:  EFX
END:    107.4359245300293
-
START:  EGAN
END:    107.7536358833313
-
START:  EHC
END:    108.09748697280884
-
START:  EL
END:    108.48931765556335
-
START:  ENPH
END:    108.69413208961487
-
START:  ENSG
END:    109.99271512031555
-
START:  ENTG
END:    110.33624768257141
-
START:  ENV
END:    110.53571605682373
-
START:  EPAM
END:    110.73855328559875
-
START:  ERIE
END:    111.10455250740051
-
START:  ES
END:    111.5535056591034
-
START:  ESE
END:    111.89801335334778
-
START:  ETN
END:    113.4611644744873
-
START:  ETSY
END:    114.65724420547485
-
START:  EVBG
END:    114.79249024391174
-
START:  EVTC
END:    114.9918761253357
-
START:  EW
END:    115.2945327758789
-
START:  EWT
END:    116.66000151634216
-
START:  EXAS
END:    116.98870182037354
-
START:  EXLS
END:    117.25141215324402
-
START:  EXPD
END:    118.64732432365417
-
START:  EXPI
END:    118.76843500137329
-
START:  EXPO
END:    119.10118770599365
-
START:  FAST
END:    119.49590611457825
-
START:  FATE
END:    119.67398810386658
-
START:  FB
END:    119.87153625488281
-
START:  FCN
END:    121.2272596359253
-
START:  FCX
END:    121.57487177848816
-
START:  FDN
END:    121.84075546264648
-
START:  FDS
END:    122.25323629379272
-
START:  FELE
END:    123.64319515228271
-
START:  FFIN
END:    124.00113463401794
-
START:  FICO
END:    124.34657168388367
-
START:  FINX
END:    125.50176239013672
-
START:  FIS
END:    126.89663457870483
-
START:  FISV
END:    127.21804475784302
-
START:  FIVE
END:    128.40594291687012
-
START:  FIVN
END:    128.56569361686707
-
START:  FLGT
END:    128.70692038536072
-
START:  FLT
END:    128.90978741645813
-
START:  FLWS
END:    129.21429705619812
-
START:  FN
END:    130.4612259864807
-
START:  FND
END:    130.57367706298828
-
START:  FNV
END:    130.90795278549194
-
START:  FORM
END:    131.18638515472412
-
START:  FOXF
END:    131.35789012908936
-
START:  FPX
END:    132.6466236114502
-
START:  FRC
END:    133.88556051254272
-
START:  FRHC
END:    135.02266359329224
-
START:  FRPT
END:    135.17863082885742
-
START:  FSS
END:    135.5611057281494
-
START:  FTNT
END:    135.7849943637848
-
START:  FUV
END:    136.92444396018982
-
START:  GDEN
END:    138.277765750885
-
START:  GFI
END:    139.7024655342102
-
START:  GGG
END:    140.30787181854248
-
START:  GIB
END:    140.6112241744995
-
START:  GLDD
END:    141.90012550354004
-
START:  GLOB
END:    142.07769060134888
-
START:  GMAB
END:    142.3097367286682
-
START:  GME
END:    142.67469453811646
-
START:  GMED
END:    143.8582193851471
-
START:  GNRC
END:    144.08099675178528
-
START:  GNSS
END:    144.39151978492737
-
START:  GNTX
END:    144.7800691127777
-
START:  GOLF
END:    144.9161615371704
-
START:  GOOG
END:    145.2243151664734
-
START:  GOOGL
END:    146.55316352844238
-
START:  GPI
END:    146.88385272026062
-
START:  GPN
END:    147.2648253440857
-
START:  GRBK
END:    147.51578831672668
-
START:  GRMN
END:    148.90383553504944
-
START:  GRVY
END:    149.18393564224243
-
START:  GRWG
END:    149.28220558166504
-
START:  GWRE
END:    150.48618984222412
-
START:  HACK
END:    150.6503622531891
-
START:  HALO
END:    150.91951155662537
-
START:  HCI
END:    151.17403650283813
-
START:  HD
END:    151.56294059753418
-
START:  HEI
END:    151.9459593296051
-
START:  HELE
END:    153.2678987979889
-
START:  HIBB
END:    153.62548065185547
-
START:  HLI
END:    153.79122400283813
-
START:  HLT
END:    153.96467852592468
-
START:  HOLX
END:    154.29291152954102
-
START:  HON
END:    154.71857476234436
-
START:  HOV
END:    155.00628995895386
-
START:  HRC
Not Found: No data found, symbol may be delisted
START:  HRI
END:    155.2924885749817
-
START:  HSKA
END:    155.60195899009705
-
START:  HTHT
END:    155.8396816253662
-
START:  HUBS
END:    156.00734400749207
-
START:  HUM
END:    157.47221636772156
-
START:  HZNP
END:    157.67110776901245
-
START:  IAC
END:    158.06622791290283
-
START:  IBP
END:    158.24445033073425
-
START:  ICE
END:    158.52193021774292
-
START:  ICLN
END:    158.76869654655457
-
START:  ICLR
END:    160.10928964614868
-
START:  IDT
END:    160.45985054969788
-
START:  IDXX
END:    160.7837462425232
-
START:  IESC
END:    161.10726690292358
-
START:  IEX
END:    161.47779870033264
-
START:  ILMN
END:    161.7991361618042
-
START:  INFO
END:    162.09791731834412
-
START:  INOV
Not Found: No data found, symbol may be delisted
START:  INSP
END:    162.26337385177612
-
START:  INTC
END:    162.62778282165527
-
START:  INTU
END:    162.96800446510315
-
START:  INTZ
END:    164.2683186531067
-
START:  INVE
END:    164.57595109939575
-
START:  IOO
END:    164.9480435848236
-
START:  IQV
END:    165.16535186767578
-
START:  IRDM
END:    165.4082772731781
-
START:  IRMD
END:    165.56625962257385
-
START:  ISEE
END:    165.72491192817688
-
START:  ISRG
END:    167.08200216293335
-
START:  IT
END:    167.39808797836304
-
START:  ITT
END:    167.77184915542603
-
START:  ITW
END:    168.148832321167
-
START:  IVOG
END:    168.39510583877563
-
START:  IVV
END:    168.75424480438232
-
START:  IXJ
END:    169.09764766693115
-
START:  IXN
END:    169.47037434577942
-
START:  J
END:    169.818608045578
-
START:  JBL
END:    170.175883769989
-
START:  JBSS
END:    170.53969812393188
-
START:  JD
END:    170.70847249031067
-
START:  JKHY
END:    171.09657096862793
-
START:  JKS
END:    171.31679797172546
-
START:  JNJ
END:    171.72737097740173
-
START:  JOE
END:    172.0917673110962
-
START:  JOUT
END:    172.4443004131317
-
START:  JYNT
END:    172.59790802001953
-
START:  KAI
END:    172.96652173995972
-
START:  KBH
END:    173.33403396606445
-
START:  KBR
END:    173.62045741081238
-
START:  KDMN
Not Found: No data found, symbol may be delisted
START:  KEYS
END:    173.81716656684875
-
START:  KLAC
END:    175.22442960739136
-
START:  KLIC
END:    175.59323859214783
-
START:  KMX
END:    175.92102909088135
-
START:  KNSL
END:    176.07300662994385
-
START:  KOPN
END:    176.37946939468384
-
START:  KOSS
END:    176.71582984924316
-
START:  KRNT
END:    176.90130805969238
-
START:  KSU
Not Found: No data found, symbol may be delisted
START:  KTOS
END:    177.24907398223877
-
START:  LAC
END:    177.47109842300415
-
START:  LAD
END:    177.95028042793274
-
START:  LANC
END:    178.34851551055908
-
START:  LAWS
END:    178.73961234092712
-
START:  LDOS
END:    180.00419187545776
-
START:  LFMD
END:    180.27525424957275
-
START:  LGIH
END:    180.44645380973816
-
START:  LH
END:    181.78623819351196
-
START:  LHCG
END:    182.09863257408142
-
START:  LHX
END:    182.49986696243286
-
START:  LII
END:    182.85593152046204
-
START:  LIN
END:    183.29051518440247
-
START:  LINC
END:    183.60190439224243
-
START:  LIT
END:    183.8322401046753
-
START:  LLY
END:    184.23445224761963
-
START:  LMT
END:    184.60337328910828
-
START:  LNT
END:    185.002051115036
-
START:  LOB
END:    185.23163866996765
-
START:  LOGI
END:    185.56359481811523
-
START:  LOVE
END:    185.67498540878296
-
START:  LOW
END:    186.07419323921204
-
START:  LPLA
END:    187.33858513832092
-
START:  LPSN
END:    187.65284514427185
-
START:  LQDT
END:    188.04340982437134
-
START:  LRCX
END:    188.3778829574585
-
START:  LSCC
END:    188.6881308555603
-
START:  LSTR
END:    189.04782366752625
-
START:  LULU
END:    190.32527112960815
-
START:  LUNA
END:    190.64313864707947
-
START:  MA
END:    190.95566058158875
-
START:  MANH
END:    192.29092955589294
-
START:  MANT
END:    192.62096405029297
-
START:  MARA
END:    192.7977855205536
-
START:  MASI
END:    193.04528713226318
-
START:  MATX
END:    200.59143471717834
-
START:  MBUU
END:    200.79054617881775
-
START:  MCD
END:    201.1897168159485
-
START:  MCHP
END:    201.53775334358215
-
START:  MCO
END:    201.92158436775208
-
START:  MDB
END:    202.04669713974
-
START:  MDT
END:    202.4725043773651
-
START:  MEDP
END:    202.62134265899658
-
START:  MEDS
END:    202.77457284927368
-
START:  MELI
END:    203.03609490394592
-
START:  MGC
END:    203.30146312713623
-
START:  MGIC
END:    203.64939045906067
-
START:  MGK
END:    203.92162013053894
-
START:  MGNI
END:    204.08800721168518
-
START:  MHO
END:    204.4245252609253
-
START:  MIME
END:    204.582825422287
-
START:  MITK
END:    204.89240050315857
-
START:  MKC
END:    205.2716932296753
-
START:  MKSI
END:    205.6074607372284
-
START:  MKTX
END:    205.9222948551178
-
START:  MLAB
END:    209.3241584300995
-
START:  MLR
END:    209.65479230880737
-
START:  MMC
END:    210.05694484710693
-
START:  MMS
END:    210.4168050289154
-
START:  MNMD
END:    210.5352063179016
-
START:  MNST
END:    210.87702345848083
-
START:  MODN
END:    211.0572624206543
-
START:  MODV
END:    211.3415880203247
-
START:  MOH
END:    211.64101457595825
-
START:  MORN
END:    211.97442626953125
-
START:  MPWR
END:    212.2756736278534
-
START:  MRTX
END:    212.4424602985382
-
START:  MRVL
END:    212.78279209136963
-
START:  MS
END:    213.19369435310364
-
START:  MSA
END:    213.58252000808716
-
START:  MSCI
END:    213.87795615196228
-
START:  MSEX
END:    215.91946697235107
-
START:  MSFT
END:    217.68720364570618
-
START:  MSI
END:    220.60856294631958
-
START:  MSTR
END:    221.9319713115692
-
START:  MTBC
END:    223.12024927139282
-
START:  MTCH
END:    224.6951756477356
-
START:  MTD
END:    226.4805052280426
-
START:  MTEX
END:    226.84370732307434
-
START:  MTH
END:    228.5701117515564
-
START:  MTLS
END:    229.6196632385254
-
START:  MTSI
END:    230.84109950065613
-
START:  MU
END:    236.45095992088318
-
START:  MUSA
END:    237.76114082336426
-
START:  MVIS
END:    243.17466187477112
-
START:  MXL
END:    244.24644470214844
-
START:  MYRG
END:    245.36060667037964
-
START:  NBIX
END:    246.62352180480957
-
START:  NCBS
END:    247.691956281662
-
START:  NDAQ
END:    251.55010414123535
-
START:  NDSN
END:    253.4928493499756
-
START:  NEE
END:    258.5511474609375
-
START:  NEO
END:    259.8833820819855
-
START:  NEOG
END:    261.28858184814453
-
START:  NFLX
END:    264.4533793926239
-
START:  NICE
END:    270.8421859741211
-
START:  NISN
END:    271.8540289402008
-
START:  NKE
END:    274.23536825180054
-
START:  NOVT
END:    275.6984841823578
-
START:  NOW
END:    276.68110847473145
-
START:  NSC
END:    278.1546971797943
-
START:  NSIT
END:    279.31831216812134
-
START:  NSSC
END:    281.550696849823
-
START:  NSTG
END:    282.36792182922363
-
START:  NTLA
END:    285.53176069259644
-
START:  NTRA
END:    286.60485553741455
-
START:  NUAN
END:    288.1977689266205
-
START:  NVCR
END:    289.0564317703247
-
START:  NVDA
END:    290.49583196640015
-
START:  NVMI
END:    291.9771716594696
-
START:  NVO
END:    296.64408445358276
-
START:  NVR
END:    298.55829095840454
-
START:  NXST
END:    300.45877861976624
-
START:  NYT
END:    302.0555930137634
-
START:  OBCI
END:    303.43770694732666
-
START:  ODFL
END:    304.7394368648529
-
START:  OEF
END:    306.7678270339966
-
START:  OFLX
END:    308.2519996166229
-
START:  OLED
END:    309.7506482601166
-
START:  OMCL
END:    311.0030496120453
-
START:  ON
END:    312.2405297756195
-
START:  OOMA
END:    313.39569568634033
-
START:  OPRX
END:    314.46365332603455
-
START:  ORA
END:    315.88509368896484
-
START:  ORCL
END:    317.4574363231659
-
START:  ORLY
END:    318.51560378074646
-
START:  ORMP
END:    319.5697467327118
-
START:  OTEX
END:    321.6147859096527
-
START:  PACB
END:    322.942551612854
-
START:  PAG
END:    324.71437215805054
-
START:  PANW
END:    325.80906987190247
-
START:  PAR
END:    327.2666435241699
-
START:  PAYC
END:    328.1617155075073
-
START:  PAYX
END:    330.0895183086395
-
START:  PBD
END:    331.59768414497375
-
START:  PCTY
END:    335.9682354927063
-
START:  PEGA
END:    337.9803469181061
-
START:  PEN
END:    338.7289261817932
-
START:  PENN
END:    344.641747713089
-
START:  PEP
END:    346.5097804069519
-
START:  PERI
END:    348.0083737373352
-
START:  PFSI
END:    349.39001274108887
-
START:  PGR
END:    351.2641658782959
-
START:  PH
END:    353.2404479980469
-
START:  PHM
END:    356.349187374115
-
START:  PKI
END:    358.2344129085541
-
START:  PLL
END:    358.9924795627594
-
START:  PLNT
END:    360.0535578727722
-
START:  PLUG
END:    362.8431396484375
-
START:  PLXS
END:    364.0671808719635
-
START:  PODD
END:    365.325181722641
-
START:  POOL
END:    367.143905878067
-
START:  POWI
END:    369.0140950679779
-
START:  PRFT
END:    371.349205493927
-
START:  PRI
END:    372.8234758377075
-
START:  PRTA
END:    375.02075004577637
-
START:  PRTS
END:    376.13411688804626
-
START:  PTSI
END:    377.5769531726837
-
START:  PWR
END:    383.2150459289551
-
START:  PYPL
END:    384.2547507286072
-
START:  QADA
Not Found: No data found, symbol may be delisted
START:  QCLN
END:    389.69169902801514
-
START:  QDEL
END:    391.1203782558441
-
START:  QGEN
END:    392.9122986793518
-
START:  QLYS
END:    394.12459993362427
-
START:  QQQ
END:    395.6725523471832
-
START:  QRVO
END:    396.62030029296875
-
START:  QTWO
END:    396.79207134246826
-
START:  RADA
END:    398.1388165950775
-
START:  RAMP
END:    400.5442931652069
-
START:  RBA
END:    400.9092788696289
-
START:  RCII
END:    401.2573299407959
-
START:  RCKY
END:    401.6037983894348
-
START:  RDNT
END:    401.93458223342896
-
START:  RDVT
END:    403.06662225723267
-
START:  RDWR
END:    403.3872981071472
-
START:  REGI
END:    403.5988347530365
-
START:  RENN
END:    404.8154754638672
-
START:  RGEN
END:    405.15178775787354
-
START:  RH
END:    405.336993932724
-
START:  RILY
END:    405.58827781677246
-
START:  RIOT
END:    405.73553013801575
-
START:  RLI
END:    407.1316387653351
-
START:  RLMD
END:    408.3241403102875
-
START:  RMD
END:    408.6735417842865
-
START:  RNG
END:    409.88701820373535
-
START:  ROBO
END:    410.06600522994995
-
START:  ROCK
END:    411.4154164791107
-
START:  ROK
END:    411.816287279129
-
START:  ROKU
END:    411.93959522247314
-
START:  ROL
END:    412.328049659729
-
START:  ROP
END:    412.75525093078613
-
START:  ROST
END:    414.15024304389954
-
START:  RPD
END:    415.3235378265381
-
START:  RPM
END:    416.7800178527832
-
START:  RSG
END:    417.15704679489136
-
START:  RTH
END:    418.5441482067108
-
START:  RUN
END:    418.68612718582153
-
START:  RXI
END:    418.97253131866455
-
START:  SAIA
END:    419.3382456302643
-
START:  SAIC
END:    420.544198513031
-
START:  SAM
END:    420.85227036476135
-
START:  SAVA
END:    422.18280959129333
-
START:  SCI
END:    422.55898571014404
-
START:  SCL
END:    422.9788763523102
-
START:  SE
END:    423.1086983680725
-
START:  SEAS
END:    423.3935422897339
-
START:  SEDG
END:    423.5497727394104
-
START:  SFBS
END:    423.72059655189514
-
START:  SGEN
END:    424.04182744026184
-
START:  SGMS
END:    424.4093244075775
-
START:  SGRY
END:    424.5515546798706
-
START:  SHOP
END:    425.72343134880066
-
START:  SHW
END:    427.1264989376068
-
START:  SHYF
END:    427.51885652542114
-
START:  SITE
END:    427.6656241416931
-
START:  SIVB
END:    429.0435721874237
-
START:  SJW
END:    429.4619491100311
-
START:  SKY
END:    429.81072545051575
-
START:  SLAB
END:    430.1316523551941
-
START:  SLP
END:    430.48209500312805
-
START:  SMH
END:    430.81672644615173
-
START:  SMTC
END:    431.1386766433716
-
START:  SNAP
END:    431.2480323314667
-
START:  SNPS
END:    431.5733826160431
-
START:  SOCL
END:    431.7787256240845
-
START:  SOXL
END:    432.08595180511475
-
START:  SPGI
END:    432.49944591522217
-
START:  SPLG
END:    433.8009762763977
-
START:  SPLK
END:    433.9756484031677
-
START:  SPNS
END:    435.31034755706787
-
START:  SPSC
END:    435.5485305786133
-
START:  SPTM
END:    435.9151282310486
-
START:  SPWH
END:    443.3406798839569
-
START:  SPWR
END:    443.64347553253174
-
START:  SPXC
END:    444.0273838043213
-
START:  SPXL
END:    444.2872910499573
-
START:  SPY
END:    444.6657063961029
-
START:  SPYG
END:    445.0030794143677
-
START:  SQ
END:    445.12914299964905
-
START:  SSD
END:    445.52529072761536
-
START:  SSNC
END:    445.7554187774658
-
START:  SSTK
END:    445.96108055114746
-
START:  STAA
END:    446.2680606842041
-
START:  STE
END:    446.62456250190735
-
START:  SUSA
END:    446.9240953922272
-
START:  SYK
END:    447.3340730667114
-
START:  SYNA
END:    448.3950638771057
-
START:  TBBK
END:    448.67792415618896
-
START:  TBK
END:    449.8370215892792
-
START:  TDG
END:    450.13355898857117
-
START:  TDOC
END:    450.3484275341034
-
START:  TDY
END:    450.67349457740784
-
START:  TEAM
END:    451.6166088581085
-
START:  TECH
END:    451.9784426689148
-
START:  TECL
END:    452.2415027618408
-
START:  TER
END:    452.6099901199341
-
START:  TFX
END:    454.1682176589966
-
START:  TGH
END:    457.43616580963135
-
START:  TGLS
END:    457.6916515827179
-
START:  TGT
END:    458.10960364341736
-
START:  TGTX
END:    458.3060076236725
-
START:  THC
END:    458.6725904941559
-
START:  TJX
END:    459.11969900131226
-
START:  TMO
END:    459.5408432483673
-
START:  TMUS
END:    459.8096842765808
-
START:  TNDM
END:    459.989022731781
-
START:  TNET
END:    460.1601548194885
-
START:  TPX
END:    460.4939274787903
-
START:  TREX
END:    460.8198313713074
-
START:  TRI
END:    461.1923038959503
-
START:  TRIL
Not Found: No data found, symbol may be delisted
START:  TRMB
END:    461.56733989715576
-
START:  TRNS
END:    462.5928566455841
-
START:  TROW
END:    463.01161766052246
-
START:  TRU
END:    464.45390129089355
-
START:  TRUP
END:    464.6121988296509
-
START:  TSCO
END:    464.9454598426819
-
START:  TSLA
END:    465.16109323501587
-
START:  TSM
END:    465.5059087276459
-
START:  TT
END:    465.8828136920929
-
START:  TTC
END:    466.28668117523193
-
START:  TTD
END:    467.42651629447937
-
START:  TTEC
END:    467.7356700897217
-
START:  TTEK
END:    468.1124038696289
-
START:  TTGT
END:    468.36754393577576
-
START:  TTWO
END:    468.68880796432495
-
START:  TWLO
END:    468.83015418052673
-
START:  TXN
END:    469.2475383281708
-
START:  TYL
END:    469.5791199207306
-
START:  UCTT
END:    469.8754472732544
-
START:  UFPI
END:    471.2708580493927
-
START:  UFPT
END:    471.5849094390869
-
START:  UI
END:    471.79073691368103
-
START:  UMC
END:    472.1436355113983
-
START:  UNF
END:    472.501407623291
-
START:  UNH
END:    472.8908429145813
-
START:  UNP
END:    473.2648015022278
-
START:  UPLD
END:    480.71318221092224
-
START:  URI
END:    481.791650056839
-
START:  V
END:    483.2843818664551
-
START:  VALU
END:    483.73758339881897
-
START:  VBK
END:    484.0669934749603
-
START:  VCEL
END:    484.41945695877075
-
START:  VCR
END:    484.7399888038635
-
START:  VCTR
END:    484.85664534568787
-
START:  VCYT
END:    485.0438275337219
-
START:  VDC
END:    485.3430275917053
-
START:  VEEV
END:    485.54525876045227
-
START:  VERU
END:    486.9650180339813
-
START:  VGT
END:    487.29601097106934
-
START:  VHT
END:    487.6193325519562
-
START:  VIAV
END:    487.9569761753082
-
START:  VICR
END:    488.29893159866333
-
START:  VIG
END:    488.5942533016205
-
START:  VO
END:    489.93563413619995
-
START:  VONE
END:    490.1430776119232
-
START:  VONG
END:    490.3685939311981
-
START:  VOO
END:    491.6201362609863
-
START:  VOOG
END:    491.8281991481781
-
START:  VOOV
END:    492.05628299713135
-
START:  VOT
END:    492.34522342681885
-
START:  VPU
END:    492.6733431816101
-
START:  VRNS
END:    492.83914971351624
-
START:  VRSK
END:    494.0849828720093
-
START:  VRSN
END:    495.49745082855225
-
START:  VRTV
END:    496.69115829467773
-
START:  VSTO
END:    496.87719559669495
-
START:  VTHR
END:    497.2164797782898
-
START:  VTI
END:    497.59289360046387
-
START:  VTNR
END:    500.1598479747772
-
START:  VTWG
END:    500.4030451774597
-
START:  VUG
END:    500.723206281662
-
START:  VV
END:    501.1217694282532
-
START:  VXF
END:    501.4721236228943
-
START:  WCN
END:    501.8920660018921
-
START:  WD
END:    503.135214805603
-
START:  WDAY
END:    503.32304406166077
-
START:  WDFC
END:    503.69911670684814
-
START:  WEC
END:    504.08874130249023
-
START:  WEN
END:    504.475469827652
-
START:  WINA
END:    504.8137912750244
-
START:  WING
END:    504.9931402206421
-
START:  WIRE
END:    505.3115813732147
-
START:  WIX
END:    505.48589277267456
-
START:  WK
END:    508.68289589881897
-
START:  WLTW
Not Found: No data found, symbol may be delisted
START:  WM
END:    510.09864354133606
-
START:  WMS
END:    511.29247188568115
-
START:  WNS
END:    512.1919853687286
-
START:  WRB
END:    514.559788942337
-
START:  WSC
END:    515.7351093292236
-
START:  WSM
END:    517.139405965805
-
START:  WST
END:    517.5375356674194
-
START:  WTRG
END:    517.9537532329559
-
START:  WTS
END:    518.3120110034943
-
START:  XEL
END:    518.6893787384033
-
START:  XENE
END:    518.8802359104156
-
START:  XLK
END:    519.2323622703552
-
START:  XLNX
END:    519.6121029853821
-
START:  XLP
END:    520.0035243034363
-
START:  XLRN
Not Found: No data found, symbol may be delisted
START:  XLU
END:    520.4091157913208
-
START:  XLV
END:    520.7564809322357
-
START:  XLY
END:    522.6910302639008
-
START:  XYL
END:    524.1617820262909
-
START:  YNDX
END:    525.1559147834778
-
START:  YORW
END:    526.8911974430084
-
START:  YUM
END:    528.5789706707001
-
START:  Z
END:    529.6118187904358
-
START:  ZBRA
END:    531.0656418800354
-
START:  ZEN
END:    532.3140699863434
-
START:  ZLAB
END:    533.1602735519409
-
START:  ZNGA
END:    533.3612947463989
-
START:  ZS
END:    534.1352412700653
-
START:  ZTS
END:    536.8748619556427
-
START:  ZYXI
END:    537.1895482540131
-
===========================
MACD golden cross
===========================
START:  code
START:  A
START:  AAON
START:  AAPL
START:  ABG
START:  ABT
START:  ACLS
START:  ACMR
START:  ACN
START:  ADBE
START:  ADI
START:  ADP
START:  ADSK
START:  ADUS
START:  AEE
START:  AGYS
START:  AIZ
START:  AJG
START:  AJRD
START:  ALB
START:  ALG
START:  ALGN
START:  ALLE
START:  ALTR
START:  AMAT
START:  AMBA
START:  AMD
START:  AME
START:  AMED
START:  AMEH
START:  AMGN
START:  AMN
START:  AMP
START:  AMRC
START:  AMSWA
START:  AMTX
START:  AMZN
START:  AN
START:  ANSS
START:  ANTM
START:  AON
START:  AOSL
START:  APD
START:  APH
START:  APPF
START:  APPN
START:  APPS
START:  AQN
START:  ARCB
START:  ARCT
START:  ARES
START:  ARGX
START:  ARWR
START:  ASML
START:  ASPN
START:  ATEC
START:  ATEN
START:  ATKR
START:  ATOM
START:  ATR
START:  ATRC
START:  AUDC
START:  AUPH
START:  AVAV
START:  AVGO
START:  AVID
START:  AVNW
START:  AVXL
START:  AVY
START:  AWK
START:  AWR
START:  AXON
START:  AZO
START:  AZPN
START:  BAH
START:  BAM
START:  BAX
START:  BBH
START:  BBQ
START:  BBY
START:  BCPC
START:  BDX
START:  BEEM
START:  BFAM
START:  BFC
START:  BGFV
START:  BGNE
START:  BHVN
START:  BIO
START:  BL
START:  BLD
START:  BLDP
START:  BLDR
START:  BLFS
START:  BLK
START:  BLL
START:  BLNK
START:  BMI
START:  BOOT
START:  BOTZ
START:  BR
START:  BRKR
START:  BRKS
START:  BRO
START:  BURL
START:  BX
START:  CABO
START:  CACI
START:  CALX
START:  CAMT
START:  CAR
START:  CBRE
START:  CBSH
START:  CBZ
START:  CCOI
START:  CCS
START:  CDMO
START:  CDNA
START:  CDNS
START:  CDW
START:  CELH
START:  CGNX
START:  CHD
START:  CHDN
START:  CHE
START:  CHGG
START:  CHH
START:  CHKP
START:  CHTR
START:  CIEN
START:  CLAR
START:  CLFD
START:  CLGN
START:  CLNE
START:  CLPT
START:  CLX
START:  CMCSA
START:  CMG
START:  CMS
START:  CNC
START:  CNI
START:  CNMD
START:  CNS
START:  CNXN
START:  COO
START:  COST
START:  COUP
START:  COWN
START:  CP
START:  CPK
START:  CPRT
START:  CPSH
START:  CRAI
START:  CREE
START:  CRL
START:  CRM
START:  CRMT
START:  CROX
START:  CRSP
START:  CRVL
START:  CSGP
START:  CSL
START:  CSWI
START:  CSX
START:  CTAS
START:  CTLT
START:  CTRN
START:  CURE
START:  CVCO
START:  CVNA
START:  CWST
START:  CWT
START:  CXSE
START:  CYBR
START:  CYRX
START:  CYTK
START:  DAC
START:  DAR
START:  DAVA
START:  DDS
START:  DE
START:  DECK
START:  DELL
START:  DFIN
START:  DG
START:  DGRW
START:  DHI
START:  DHR
START:  DIA
START:  DIOD
START:  DIS
START:  DKS
START:  DLN
START:  DNLI
START:  DOMO
START:  DOV
START:  DPZ
START:  DQ
START:  DRD
START:  DRIO
START:  DRNA
START:  DSGX
START:  DVAX
START:  DXCM
START:  ECL
START:  EFX
START:  EGAN
START:  EHC
START:  EL
START:  ENPH
START:  ENSG
START:  ENTG
START:  ENV
START:  EPAM
START:  ERIE
START:  ES
START:  ESE
START:  ETN
START:  ETSY
START:  EVBG
START:  EVTC
START:  EW
START:  EWT
START:  EXAS
START:  EXLS
START:  EXPD
START:  EXPI
START:  EXPO
START:  FAST
START:  FATE
START:  FB
START:  FCN
START:  FCX
START:  FDN
START:  FDS
START:  FELE
START:  FFIN
START:  FICO
START:  FINX
START:  FIS
START:  FISV
START:  FIVE
START:  FIVN
START:  FLGT
START:  FLT
START:  FLWS
START:  FN
START:  FND
START:  FNV
START:  FORM
START:  FOXF
START:  FPX
START:  FRC
START:  FRHC
START:  FRPT
START:  FSS
START:  FTNT
START:  FUV
START:  GDEN
START:  GFI
START:  GGG
START:  GIB
START:  GLDD
START:  GLOB
START:  GMAB
START:  GME
START:  GMED
START:  GNRC
START:  GNSS
START:  GNTX
START:  GOLF
START:  GOOG
START:  GOOGL
START:  GPI
START:  GPN
START:  GRBK
START:  GRMN
START:  GRVY
START:  GRWG
START:  GWRE
START:  HACK
START:  HALO
START:  HCI
START:  HD
START:  HEI
START:  HELE
START:  HIBB
START:  HLI
START:  HLT
START:  HOLX
START:  HON
START:  HOV
START:  HRC
START:  HRI
START:  HSKA
START:  HTHT
START:  HUBS
START:  HUM
START:  HZNP
START:  IAC
START:  IBP
START:  ICE
START:  ICLN
START:  ICLR
START:  IDT
START:  IDXX
START:  IESC
START:  IEX
START:  ILMN
START:  INFO
START:  INOV
START:  INSP
START:  INTC
START:  INTU
START:  INTZ
START:  INVE
START:  IOO
START:  IQV
START:  IRDM
START:  IRMD
START:  ISEE
START:  ISRG
START:  IT
START:  ITT
START:  ITW
START:  IVOG
START:  IVV
START:  IXJ
START:  IXN
START:  J
START:  JBL
START:  JBSS
START:  JD
START:  JKHY
START:  JKS
START:  JNJ
START:  JOE
START:  JOUT
START:  JYNT
START:  KAI
START:  KBH
START:  KBR
START:  KDMN
START:  KEYS
START:  KLAC
START:  KLIC
START:  KMX
START:  KNSL
START:  KOPN
START:  KOSS
START:  KRNT
START:  KSU
START:  KTOS
START:  LAC
START:  LAD
START:  LANC
START:  LAWS
START:  LDOS
START:  LFMD
START:  LGIH
START:  LH
START:  LHCG
START:  LHX
START:  LII
START:  LIN
START:  LINC
START:  LIT
START:  LLY
START:  LMT
START:  LNT
START:  LOB
START:  LOGI
START:  LOVE
START:  LOW
START:  LPLA
START:  LPSN
START:  LQDT
START:  LRCX
START:  LSCC
START:  LSTR
START:  LULU
START:  LUNA
START:  MA
START:  MANH
START:  MANT
START:  MARA
START:  MASI
START:  MATX
START:  MBUU
START:  MCD
START:  MCHP
START:  MCO
START:  MDB
START:  MDT
START:  MEDP
START:  MEDS
START:  MELI
START:  MGC
START:  MGIC
START:  MGK
START:  MGNI
START:  MHO
START:  MIME
START:  MITK
START:  MKC
START:  MKSI
START:  MKTX
START:  MLAB
START:  MLR
START:  MMC
START:  MMS
START:  MNMD
START:  MNST
START:  MODN
START:  MODV
START:  MOH
START:  MORN
START:  MPWR
START:  MRTX
START:  MRVL
START:  MS
START:  MSA
START:  MSCI
START:  MSEX
START:  MSFT
START:  MSI
START:  MSTR
START:  MTBC
START:  MTCH
START:  MTD
START:  MTEX
START:  MTH
START:  MTLS
START:  MTSI
START:  MU
START:  MUSA
START:  MVIS
START:  MXL
START:  MYRG
START:  NBIX
START:  NCBS
START:  NDAQ
START:  NDSN
START:  NEE
START:  NEO
START:  NEOG
START:  NFLX
START:  NICE
START:  NISN
START:  NKE
START:  NOVT
START:  NOW
START:  NSC
START:  NSIT
START:  NSSC
START:  NSTG
START:  NTLA
START:  NTRA
START:  NUAN
START:  NVCR
START:  NVDA
START:  NVMI
START:  NVO
START:  NVR
START:  NXST
START:  NYT
START:  OBCI
START:  ODFL
START:  OEF
START:  OFLX
START:  OLED
START:  OMCL
START:  ON
START:  OOMA
START:  OPRX
START:  ORA
START:  ORCL
START:  ORLY
START:  ORMP
START:  OTEX
START:  PACB
START:  PAG
START:  PANW
START:  PAR
START:  PAYC
START:  PAYX
START:  PBD
START:  PCTY
START:  PEGA
START:  PEN
START:  PENN
START:  PEP
START:  PERI
START:  PFSI
START:  PGR
START:  PH
START:  PHM
START:  PKI
START:  PLL
START:  PLNT
START:  PLUG
START:  PLXS
START:  PODD
START:  POOL
START:  POWI
START:  PRFT
START:  PRI
START:  PRTA
START:  PRTS
START:  PTSI
START:  PWR
START:  PYPL
START:  QADA
START:  QCLN
START:  QDEL
START:  QGEN
START:  QLYS
START:  QQQ
START:  QRVO
START:  QTWO
START:  RADA
START:  RAMP
START:  RBA
START:  RCII
START:  RCKY
START:  RDNT
START:  RDVT
START:  RDWR
START:  REGI
START:  RENN
START:  RGEN
START:  RH
START:  RILY
START:  RIOT
START:  RLI
START:  RLMD
START:  RMD
START:  RNG
START:  ROBO
START:  ROCK
START:  ROK
START:  ROKU
START:  ROL
START:  ROP
START:  ROST
START:  RPD
START:  RPM
START:  RSG
START:  RTH
START:  RUN
START:  RXI
START:  SAIA
START:  SAIC
START:  SAM
START:  SAVA
START:  SCI
START:  SCL
START:  SE
START:  SEAS
START:  SEDG
START:  SFBS
START:  SGEN
START:  SGMS
START:  SGRY
START:  SHOP
START:  SHW
START:  SHYF
START:  SITE
START:  SIVB
START:  SJW
START:  SKY
START:  SLAB
START:  SLP
START:  SMH
START:  SMTC
START:  SNAP
START:  SNPS
START:  SOCL
START:  SOXL
START:  SPGI
START:  SPLG
START:  SPLK
START:  SPNS
START:  SPSC
START:  SPTM
START:  SPWH
START:  SPWR
START:  SPXC
START:  SPXL
START:  SPY
START:  SPYG
START:  SQ
START:  SSD
START:  SSNC
START:  SSTK
START:  STAA
START:  STE
START:  SUSA
START:  SYK
START:  SYNA
START:  TBBK
START:  TBK
START:  TDG
START:  TDOC
START:  TDY
START:  TEAM
START:  TECH
START:  TECL
START:  TER
START:  TFX
START:  TGH
START:  TGLS
START:  TGT
START:  TGTX
START:  THC
START:  TJX
START:  TMO
START:  TMUS
START:  TNDM
START:  TNET
START:  TPX
START:  TREX
START:  TRI
START:  TRIL
START:  TRMB
START:  TRNS
START:  TROW
START:  TRU
START:  TRUP
START:  TSCO
START:  TSLA
START:  TSM
START:  TT
START:  TTC
START:  TTD
START:  TTEC
START:  TTEK
START:  TTGT
START:  TTWO
START:  TWLO
START:  TXN
START:  TYL
START:  UCTT
START:  UFPI
START:  UFPT
START:  UI
START:  UMC
START:  UNF
START:  UNH
START:  UNP
START:  UPLD
START:  URI
START:  V
START:  VALU
START:  VBK
START:  VCEL
START:  VCR
START:  VCTR
START:  VCYT
START:  VDC
START:  VEEV
START:  VERU
START:  VGT
START:  VHT
START:  VIAV
START:  VICR
START:  VIG
START:  VO
START:  VONE
START:  VONG
START:  VOO
START:  VOOG
START:  VOOV
START:  VOT
START:  VPU
START:  VRNS
START:  VRSK
START:  VRSN
START:  VRTV
START:  VSTO
START:  VTHR
START:  VTI
START:  VTNR
START:  VTWG
START:  VUG
START:  VV
START:  VXF
START:  WCN
START:  WD
START:  WDAY
START:  WDFC
START:  WEC
START:  WEN
START:  WINA
START:  WING
START:  WIRE
START:  WIX
START:  WK
START:  WLTW
START:  WM
START:  WMS
START:  WNS
START:  WRB
START:  WSC
START:  WSM
START:  WST
START:  WTRG
START:  WTS
START:  XEL
START:  XENE
START:  XLK
START:  XLNX
START:  XLP
START:  XLRN
START:  XLU
START:  XLV
START:  XLY
START:  XYL
START:  YNDX
START:  YORW
START:  YUM
START:  Z
START:  ZBRA
START:  ZEN
START:  ZLAB
START:  ZNGA
START:  ZS
START:  ZTS
START:  ZYXI
==== MACD golden cross ====
None
code: ARES     day: macd + hist + hist_1pre + ,  Week: macd + hist + hist_1pre - , Month: macd + hist + hist_1pre + , 
Trade --> code: ARES   BUY: 2017-01-31   19.65 SELL: 2022-03-31   78.70  macd:   10.92 macd_count:  63 profit:  4.01

code: AZPN     day: macd + hist + hist_1pre + ,  Week: macd + hist + hist_1pre - , Month: macd + hist + hist_1pre + , 
Trade --> code: AZPN   BUY: 2004-08-31    5.79 SELL: 2005-04-30    4.50  macd:   -0.05 macd_count:   8 profit:  0.78
Trade --> code: AZPN   BUY: 2005-11-30    7.40 SELL: 2008-11-30    6.95  macd:   -0.30 macd_count:  36 profit:  0.94
Trade --> code: AZPN   BUY: 2010-06-30   10.89 SELL: 2016-03-31   36.13  macd:   -0.07 macd_count:  69 profit:  3.32
Trade --> code: AZPN   BUY: 2016-06-30   40.24 SELL: 2022-03-31  150.10  macd:    8.83 macd_count:  70 profit:  3.73

code: BBQ      day: macd + hist + hist_1pre + ,  Week: macd + hist + hist_1pre - , Month: macd + hist + hist_1pre + , 
Trade --> code: BBQ    BUY: 2004-08-31    6.95 SELL: 2008-02-29   10.15  macd:   -0.11 macd_count:  42 profit:  1.46
Trade --> code: BBQ    BUY: 2010-09-30    9.45 SELL: 2013-01-31    9.44  macd:   -0.00 macd_count:  28 profit:  1.00
Trade --> code: BBQ    BUY: 2013-02-28    9.84 SELL: 2015-09-30   12.91  macd:   -0.28 macd_count:  31 profit:  1.31
Trade --> code: BBQ    BUY: 2021-02-28    5.85 SELL: 2022-03-31   15.64  macd:    2.38 macd_count:  14 profit:  2.67

code: BFC      day: macd + hist + hist_1pre + ,  Week: macd + hist + hist_1pre - , Month: macd + hist - hist_1pre - , 
Trade --> code: BFC    BUY: 2006-02-28   18.50 SELL: 2007-03-31   15.80  macd:   -0.06 macd_count:  13 profit:  0.85
Trade --> code: BFC    BUY: 2010-10-31   11.85 SELL: 2022-03-31   71.93  macd:    2.46 macd_count: 138 profit:  6.07

code: BRO      day: macd + hist + hist_1pre + ,  Week: macd + hist + hist_1pre - , Month: macd + hist + hist_1pre + , 
Trade --> code: BRO    BUY: 2004-08-31   11.23 SELL: 2007-10-31   12.60  macd:   -0.02 macd_count:  38 profit:  1.12
Trade --> code: BRO    BUY: 2010-11-30   11.44 SELL: 2022-03-31   69.03  macd:    6.92 macd_count: 137 profit:  6.04

code: FORM     day: macd + hist + hist_1pre + ,  Week: macd + hist + hist_1pre - , Month: macd + hist - hist_1pre - , 
Trade --> code: FORM   BUY: 2005-10-31   24.62 SELL: 2008-02-29   17.93  macd:   -1.16 macd_count:  28 profit:  0.73
Trade --> code: FORM   BUY: 2014-06-30    8.32 SELL: 2022-03-31   41.49  macd:    3.83 macd_count:  94 profit:  4.99

code: FTNT     day: macd + hist + hist_1pre + ,  Week: macd + hist + hist_1pre - , Month: macd + hist + hist_1pre + , 
Trade --> code: FTNT   BUY: 2012-03-31   27.65 SELL: 2013-11-30   17.10  macd:   -0.12 macd_count:  20 profit:  0.62
Trade --> code: FTNT   BUY: 2014-02-28   23.15 SELL: 2022-03-31  322.07  macd:   53.00 macd_count:  98 profit: 13.91

code: LAC      day: macd + hist + hist_1pre + ,  Week: macd + hist + hist_1pre - , Month: macd + hist + hist_1pre + , 
Trade --> code: LAC    BUY: 2011-01-31    6.55 SELL: 2011-09-30    1.95  macd:   -0.03 macd_count:   8 profit:  0.30
Trade --> code: LAC    BUY: 2014-03-31    4.15 SELL: 2015-09-30    1.15  macd:   -0.02 macd_count:  18 profit:  0.28
Trade --> code: LAC    BUY: 2016-05-31    3.25 SELL: 2018-12-31    3.17  macd:   -0.09 macd_count:  31 profit:  0.98
Trade --> code: LAC    BUY: 2020-07-31    6.12 SELL: 2022-03-31   32.76  macd:    5.61 macd_count:  21 profit:  5.35

code: LPLA     day: macd + hist + hist_1pre + ,  Week: macd + hist + hist_1pre - , Month: macd + hist + hist_1pre + , 
Trade --> code: LPLA   BUY: 2013-05-31   37.08 SELL: 2016-01-31   30.42  macd:   -0.65 macd_count:  32 profit:  0.82
Trade --> code: LPLA   BUY: 2017-04-30   42.04 SELL: 2022-03-31  185.51  macd:   21.93 macd_count:  60 profit:  4.41

code: NUAN     day: macd + hist + hist_1pre + ,  Week: macd + hist + hist_1pre - , Month: macd + hist - hist_1pre - , 
Trade --> code: NUAN   BUY: 2005-11-30    5.38 SELL: 2008-11-30    7.94  macd:   -0.14 macd_count:  36 profit:  1.48
Trade --> code: NUAN   BUY: 2009-12-31   13.44 SELL: 2013-05-31   16.44  macd:   -0.10 macd_count:  41 profit:  1.22
Trade --> code: NUAN   BUY: 2015-11-30   18.11 SELL: 2016-07-31   13.90  macd:   -0.05 macd_count:   8 profit:  0.77
Trade --> code: NUAN   BUY: 2017-05-31   16.01 SELL: 2017-09-30   13.60  macd:   -0.04 macd_count:   4 profit:  0.85
Trade --> code: NUAN   BUY: 2019-04-30   14.56 SELL: 2022-03-31   55.99  macd:    7.14 macd_count:  36 profit:  3.85

code: PGR      day: macd + hist + hist_1pre + ,  Week: macd + hist + hist_1pre - , Month: macd + hist + hist_1pre + , 
Trade --> code: PGR    BUY: 2004-08-31   20.08 SELL: 2007-03-31   21.82  macd:   -0.05 macd_count:  31 profit:  1.09
Trade --> code: PGR    BUY: 2010-04-30   20.09 SELL: 2022-03-31  114.66  macd:    6.53 macd_count: 144 profit:  5.71

code: TGH      day: macd + hist + hist_1pre + ,  Week: macd + hist + hist_1pre - , Month: macd + hist + hist_1pre + , 
Trade --> code: TGH    BUY: 2010-03-31   21.55 SELL: 2015-01-31   32.81  macd:   -0.20 macd_count:  58 profit:  1.52
Trade --> code: TGH    BUY: 2017-12-31   21.50 SELL: 2018-07-31   15.90  macd:   -0.04 macd_count:   7 profit:  0.74
Trade --> code: TGH    BUY: 2020-11-30   18.42 SELL: 2022-03-31   39.73  macd:    5.59 macd_count:  17 profit:  2.16

code: VOOV     day: macd + hist + hist_1pre + ,  Week: macd + hist + hist_1pre - , Month: macd + hist - hist_1pre + , 
Trade --> code: VOOV   BUY: 2013-01-31   67.75 SELL: 2022-03-31  149.18  macd:    8.28 macd_count: 111 profit:  2.20

