Mon Oct  4 13:49:50 UTC 2021
arg[0]: scraping/yahoo-finace-api2.py, arg[1]: stock-code-list/buy-list.txt
===========================
scraping
===========================
START:  A
END:    0.15086674690246582
-
START:  ANAT
END:    0.3125603199005127
-
START:  BBDC
END:    0.42191481590270996
-
START:  DAVA
END:    0.5099315643310547
-
START:  EXLS
END:    0.6015312671661377
-
START:  HCI
END:    0.7061126232147217
-
START:  IR
END:    0.7865169048309326
-
START:  KAI
END:    0.8842079639434814
-
START:  MXIM
END:    0.9898593425750732
-
START:  NTAP
END:    1.0952908992767334
-
START:  SEE
END:    1.2223608493804932
-
START:  SWAV
END:    1.3470382690429688
-
START:  TRNS
END:    1.4358389377593994
-
START:  TU
END:    1.541001319885254
-
START:  ALLE
END:    1.6361753940582275
-
START:  ARW
END:    1.7286643981933594
-
START:  MHO
END:    1.8282270431518555
-
START:  XLI
END:    1.9765825271606445
-
START:  TTEC
END:    2.072206497192383
-
START:  SF
END:    2.2004709243774414
-
START:  MAN
END:    2.3403940200805664
-
START:  CMA
END:    2.4649600982666016
-
START:  ACHC
END:    2.5561280250549316
-
START:  NSIT
END:    2.6527931690216064
-
START:  BMO
END:    2.7746822834014893
-
START:  CCEP
END:    2.9259212017059326
-
START:  CTRN
END:    3.0424888134002686
-
START:  J
END:    3.129621982574463
-
===========================
MACD sell
===========================
START:  A
HIT: ------------------------>  A
START:  ANAT
START:  BBDC
START:  DAVA
START:  EXLS
START:  HCI
START:  IR
HIT: ------------------------>  IR
START:  KAI
START:  MXIM
START:  NTAP
START:  SEE
HIT: ------------------------>  SEE
START:  SWAV
HIT: ------------------------>  SWAV
START:  TRNS
HIT: ------------------------>  TRNS
START:  TU
HIT: ------------------------>  TU
START:  ALLE
HIT: ------------------------>  ALLE
START:  ARW
HIT: ------------------------>  ARW
START:  MHO
HIT: ------------------------>  MHO
START:  XLI
HIT: ------------------------>  XLI
START:  TTEC
HIT: ------------------------>  TTEC
START:  SF
START:  MAN
HIT: ------------------------>  MAN
START:  CMA
START:  ACHC
START:  NSIT
HIT: ------------------------>  NSIT
START:  BMO
START:  CCEP
HIT: ------------------------>  CCEP
START:  CTRN
HIT: ------------------------>  CTRN
START:  J
==== MACD sell list ====
A   : macd -, macd hist -
IR  : macd -, macd hist -
SEE : macd -, macd hist -
SWAV: macd -, macd hist -
TRNS: macd -, macd hist +
TU  : macd -, macd hist -
ALLE: macd -, macd hist -
ARW : macd -, macd hist +
MHO : macd -, macd hist -
XLI : macd -, macd hist -
TTEC: macd -, macd hist -
MAN : macd -, macd hist +
NSIT: macd -, macd hist +
CCEP: macd -, macd hist -
CTRN: macd -, macd hist -
===========================
profit
===========================
==== plus ====
A    , macd -, macd hist -, profit:   [1.12], per:   [0.73], now: [154.19], buy: [153.07]
ANAT , macd +, macd hist -, profit:  [26.65], per:  [16.24], now: [190.82], buy: [164.17]
BBDC , macd +, macd hist +, profit:   [0.49], per:   [4.62], now:  [11.09], buy:   [10.6]
DAVA , macd +, macd hist +, profit:  [10.99], per:    [8.7], now: [137.37], buy: [126.38]
EXLS , macd +, macd hist +, profit:  [11.97], per:  [10.45], now: [126.47], buy:  [114.5]
HCI  , macd +, macd hist +, profit:   [9.38], per:   [9.17], now: [111.67], buy: [102.29]
IR   , macd -, macd hist -, profit:   [2.81], per:   [5.81], now:  [51.18], buy:  [48.37]
KAI  , macd +, macd hist -, profit:  [28.65], per:  [16.15], now:   [206.], buy: [177.35]
MXIM , macd +, macd hist +, profit:   [3.43], per:   [3.44], now: [103.14], buy:  [99.71]
NTAP , macd +, macd hist -, profit:  [10.12], per:  [12.63], now:  [90.25], buy:  [80.13]
SWAV , macd -, macd hist -, profit:  [24.07], per:   [14.1], now: [194.71], buy: [170.64]
TU   , macd -, macd hist -, profit:     [0.], per:     [0.], now:  [22.07], buy:  [22.07]
SF   , macd +, macd hist +, profit:   [4.12], per:   [6.18], now:  [70.76], buy:  [66.64]
CMA  , macd +, macd hist +, profit:   [9.66], per:  [13.04], now:  [83.73], buy:  [74.07]
ACHC , macd +, macd hist +, profit:   [2.19], per:   [3.41], now:  [66.45], buy:  [64.26]
BMO  , macd +, macd hist +, profit:   [0.36], per:   [0.35], now: [101.89], buy: [101.53]
J    , macd +, macd hist +, profit:   [2.86], per:   [2.15], now: [136.16], buy:  [133.3]
-
     plus  len:  17
     profit: [148.87], per: [127.18], per/len(p):   [7.48], per/len(p+m):   [4.54]
-
==== minus ====
SEE  , macd -, macd hist -, profit:  [-0.37], per:  [-0.66], now:  [55.94], buy:  [56.31]
TRNS , macd -, macd hist +, profit:  [-0.15], per:  [-0.23], now:  [65.12], buy:  [65.27]
ALLE , macd -, macd hist -, profit:   [-8.4], per:    [-6.], now: [131.57], buy: [139.97]
ARW  , macd -, macd hist +, profit:  [-1.87], per:  [-1.59], now: [115.81], buy: [117.68]
MHO  , macd -, macd hist -, profit:  [-6.67], per:  [-10.3], now:  [58.12], buy:  [64.79]
XLI  , macd -, macd hist -, profit:  [-3.19], per:  [-3.11], now:  [99.44], buy: [102.63]
TTEC , macd -, macd hist -, profit: [-11.37], per:  [-10.9], now:  [92.95], buy: [104.32]
MAN  , macd -, macd hist +, profit:  [-7.19], per:  [-6.02], now:  [112.2], buy: [119.39]
NSIT , macd -, macd hist +, profit:  [-9.09], per:  [-8.94], now:  [92.57], buy: [101.66]
CCEP , macd -, macd hist -, profit:  [-3.94], per:  [-6.58], now:  [55.94], buy:  [59.88]
CTRN , macd -, macd hist -, profit: [-17.82], per:  [-19.8], now:  [72.16], buy:  [89.98]
-
     minus len:  11
     profit: [-70.07], per: [-74.14], per/len(m):  [-6.74], per/len(p+m):  [-2.65]
-
==== total ====
     profit:  [78.81], per:  [53.05], per/len(p+m):   [1.89]
