Thu Oct  7 13:49:29 UTC 2021
arg[0]: scraping/yahoo-finace-api2.py, arg[1]: stock-code-list/buy-list.txt
===========================
scraping
===========================
START:  A
END:    0.1624743938446045
-
START:  ANAT
END:    0.27123284339904785
-
START:  BBDC
END:    0.3664987087249756
-
START:  DAVA
END:    0.4479351043701172
-
START:  EXLS
END:    0.5298812389373779
-
START:  HCI
END:    0.6331348419189453
-
START:  IR
END:    0.7130224704742432
-
START:  KAI
END:    0.7935945987701416
-
START:  MXIM
END:    0.8930704593658447
-
START:  NTAP
END:    0.9781239032745361
-
START:  SEE
END:    1.1203405857086182
-
START:  SWAV
END:    1.2004196643829346
-
START:  TRNS
END:    1.2793245315551758
-
START:  TU
END:    1.3913764953613281
-
START:  ALLE
END:    1.4812219142913818
-
START:  ARW
END:    1.561396837234497
-
START:  MHO
END:    1.6599373817443848
-
START:  XLI
END:    1.764331579208374
-
START:  TTEC
END:    1.855823278427124
-
START:  SF
END:    1.9674856662750244
-
START:  MAN
END:    2.079251766204834
-
START:  CMA
END:    2.22287917137146
-
START:  ACHC
END:    2.3002336025238037
-
START:  NSIT
END:    2.3813698291778564
-
START:  BMO
END:    2.4916391372680664
-
START:  CCEP
END:    2.6175668239593506
-
START:  CTRN
END:    2.6963021755218506
-
START:  J
END:    2.7806637287139893
-
===========================
MACD sell
===========================
START:  A
HIT: ------------------------>  A
START:  ANAT
START:  BBDC
START:  DAVA
START:  EXLS
START:  HCI
START:  IR
HIT: ------------------------>  IR
START:  KAI
START:  MXIM
START:  NTAP
START:  SEE
HIT: ------------------------>  SEE
START:  SWAV
HIT: ------------------------>  SWAV
START:  TRNS
START:  TU
HIT: ------------------------>  TU
START:  ALLE
HIT: ------------------------>  ALLE
START:  ARW
HIT: ------------------------>  ARW
START:  MHO
HIT: ------------------------>  MHO
START:  XLI
HIT: ------------------------>  XLI
START:  TTEC
HIT: ------------------------>  TTEC
START:  SF
START:  MAN
HIT: ------------------------>  MAN
START:  CMA
START:  ACHC
HIT: ------------------------>  ACHC
START:  NSIT
HIT: ------------------------>  NSIT
START:  BMO
START:  CCEP
HIT: ------------------------>  CCEP
START:  CTRN
HIT: ------------------------>  CTRN
START:  J
HIT: ------------------------>  J
==== MACD sell list ====
A   : macd -, macd hist -
IR  : macd -, macd hist -
SEE : macd -, macd hist +
SWAV: macd -, macd hist -
TU  : macd -, macd hist -
ALLE: macd -, macd hist -
ARW : macd -, macd hist +
MHO : macd -, macd hist -
XLI : macd -, macd hist +
TTEC: macd -, macd hist +
MAN : macd -, macd hist +
ACHC: macd -, macd hist -
NSIT: macd -, macd hist +
CCEP: macd -, macd hist -
CTRN: macd -, macd hist +
J   : macd -, macd hist -
===========================
profit
===========================
==== plus ====
A    , macd -, macd hist -, profit:   [2.38], per:   [1.55], now: [155.45], buy: [153.07]
ANAT , macd +, macd hist -, profit:  [26.69], per:  [16.26], now: [190.86], buy: [164.17]
BBDC , macd +, macd hist +, profit:   [0.42], per:   [4.01], now:  [11.02], buy:   [10.6]
DAVA , macd +, macd hist +, profit:  [20.77], per:  [16.43], now: [147.15], buy: [126.38]
EXLS , macd +, macd hist -, profit:   [10.4], per:   [9.08], now:  [124.9], buy:  [114.5]
HCI  , macd +, macd hist +, profit:  [26.47], per:  [25.88], now: [128.76], buy: [102.29]
IR   , macd -, macd hist -, profit:   [3.56], per:   [7.35], now:  [51.92], buy:  [48.37]
KAI  , macd +, macd hist -, profit:  [30.49], per:  [17.19], now: [207.84], buy: [177.35]
MXIM , macd +, macd hist +, profit:   [3.43], per:   [3.44], now: [103.14], buy:  [99.71]
NTAP , macd +, macd hist -, profit:  [10.41], per:  [12.99], now:  [90.54], buy:  [80.13]
SEE  , macd -, macd hist +, profit:   [1.48], per:   [2.63], now:  [57.79], buy:  [56.31]
SWAV , macd -, macd hist -, profit:   [38.8], per:  [22.74], now: [209.44], buy: [170.64]
TRNS , macd +, macd hist +, profit:    [2.5], per:   [3.83], now:  [67.77], buy:  [65.27]
TU   , macd -, macd hist -, profit:   [0.01], per:   [0.02], now:  [22.08], buy:  [22.07]
SF   , macd +, macd hist +, profit:   [5.43], per:   [8.16], now:  [72.07], buy:  [66.64]
CMA  , macd +, macd hist +, profit:  [10.47], per:  [14.14], now:  [84.54], buy:  [74.07]
BMO  , macd +, macd hist +, profit:   [1.29], per:   [1.27], now: [102.82], buy: [101.53]
J    , macd -, macd hist -, profit:   [0.45], per:   [0.34], now: [133.75], buy:  [133.3]
-
     plus  len:  18
     profit: [195.44], per:  [167.3], per/len(p):   [9.29], per/len(p+m):   [5.98]
-
==== minus ====
ALLE , macd -, macd hist -, profit:  [-7.99], per:   [-5.7], now: [131.99], buy: [139.97]
ARW  , macd -, macd hist +, profit:  [-1.18], per:  [-1.01], now:  [116.5], buy: [117.68]
MHO  , macd -, macd hist -, profit:  [-6.03], per:   [-9.3], now:  [58.76], buy:  [64.79]
XLI  , macd -, macd hist +, profit:  [-1.47], per:  [-1.43], now: [101.16], buy: [102.63]
TTEC , macd -, macd hist +, profit:  [-10.6], per: [-10.16], now:  [93.72], buy: [104.32]
MAN  , macd -, macd hist +, profit:  [-7.48], per:  [-6.27], now: [111.91], buy: [119.39]
ACHC , macd -, macd hist -, profit:  [-3.24], per:  [-5.04], now:  [61.02], buy:  [64.26]
NSIT , macd -, macd hist +, profit:  [-9.69], per:  [-9.53], now:  [91.97], buy: [101.66]
CCEP , macd -, macd hist -, profit:  [-4.13], per:   [-6.9], now:  [55.75], buy:  [59.88]
CTRN , macd -, macd hist +, profit: [-13.23], per:  [-14.7], now:  [76.75], buy:  [89.98]
-
     minus len:  10
     profit: [-65.03], per: [-70.04], per/len(m):    [-7.], per/len(p+m):   [-2.5]
-
==== total ====
     profit: [130.41], per:  [97.26], per/len(p+m):   [3.47]
