Tue Oct 26 11:21:29 UTC 2021
arg[0]: scraping/yahoo-finace-api2.py, arg[1]: stock-code-list/buy-list.txt
===========================
scraping
===========================
START:  ANAT
END:    0.6034145355224609
-
START:  BBDC
END:    1.095120906829834
-
START:  DAVA
END:    1.3579773902893066
-
START:  EXLS
END:    1.8767075538635254
-
START:  HCI
END:    2.346200704574585
-
START:  NTAP
END:    2.9511942863464355
-
START:  CMA
END:    3.611072301864624
-
===========================
MACD sell
===========================
START:  ANAT
START:  BBDC
START:  DAVA
START:  EXLS
START:  HCI
START:  NTAP
START:  CMA
==== MACD list ====
code: ANAT     day: macd + hist - ,  Week: macd + hist - , Month: macd + hist + , 
code: BBDC     day: macd + hist - ,  Week: macd + hist - , Month: macd + hist + , 
code: DAVA     day: macd + hist + ,  Week: macd + hist + , Month: macd + hist + , 
code: EXLS     day: macd + hist - ,  Week: macd + hist - , Month: macd + hist + , 
code: HCI      day: macd + hist - ,  Week: macd + hist + , Month: macd + hist + , 
code: NTAP     day: macd + hist + ,  Week: macd + hist - , Month: macd + hist + , 
code: CMA      day: macd + hist + ,  Week: macd + hist + , Month: macd + hist + , 
==== MACD sell list ====
code: ANAT     day: macd + hist - , 
code: ANAT     day: macd + hist - ,  Week: macd + hist - , 
code: BBDC     day: macd + hist - , 
code: BBDC     day: macd + hist - ,  Week: macd + hist - , 
code: EXLS     day: macd + hist - , 
code: EXLS     day: macd + hist - ,  Week: macd + hist - , 
code: HCI      day: macd + hist - , 
code: NTAP     day: macd + hist + ,  Week: macd + hist - , 
===========================
profit
===========================
==== plus ====
ANAT , macd +, macd hist -, profit:  [24.83], per:  [15.12], now:   [189.], buy: [164.17]
BBDC , macd +, macd hist -, profit:   [0.34], per:   [3.21], now:  [10.94], buy:   [10.6]
DAVA , macd +, macd hist +, profit:  [27.75], per:  [21.96], now: [154.13], buy: [126.38]
EXLS , macd +, macd hist -, profit:   [8.23], per:   [7.19], now: [122.73], buy:  [114.5]
HCI  , macd +, macd hist -, profit:  [27.42], per:  [26.81], now: [129.71], buy: [102.29]
NTAP , macd +, macd hist +, profit:  [12.97], per:  [16.19], now:   [93.1], buy:  [80.13]
CMA  , macd +, macd hist +, profit:  [14.64], per:  [19.77], now:  [88.71], buy:  [74.07]
-
     plus  len:  7
     profit: [116.18], per: [110.23], per/len(p):  [15.75], per/len(p+m):  [15.75]
-
==== minus ====
-
     minus len:  0
-
==== total ====
     profit: [116.18], per: [110.23], per/len(p+m):  [15.75]
