Wed Oct 27 13:49:37 UTC 2021
arg[0]: scraping/yahoo-finace-api2.py, arg[1]: stock-code-list/buy-list.txt
===========================
scraping
===========================
START:  ANAT
END:    0.45881104469299316
-
START:  BBDC
END:    0.9061250686645508
-
START:  DAVA
END:    1.023737907409668
-
START:  EXLS
END:    1.333822250366211
-
START:  HCI
END:    1.5974483489990234
-
START:  NTAP
END:    1.9903564453125
-
START:  CMA
END:    2.509803533554077
-
===========================
MACD sell
===========================
START:  ANAT
START:  BBDC
START:  DAVA
START:  EXLS
START:  HCI
START:  NTAP
START:  CMA
==== MACD list ====
code: ANAT     day: macd + hist - ,  Week: macd + hist - , Month: macd + hist + , 
code: BBDC     day: macd + hist - ,  Week: macd + hist - , Month: macd + hist + , 
code: DAVA     day: macd + hist + ,  Week: macd + hist + , Month: macd + hist + , 
code: EXLS     day: macd + hist - ,  Week: macd + hist - , Month: macd + hist + , 
code: HCI      day: macd + hist - ,  Week: macd + hist + , Month: macd + hist + , 
code: NTAP     day: macd + hist - ,  Week: macd + hist - , Month: macd + hist + , 
code: CMA      day: macd + hist + ,  Week: macd + hist + , Month: macd + hist + , 
==== MACD sell list ====
code: ANAT     day: macd + hist - , 
code: ANAT     day: macd + hist - ,  Week: macd + hist - , 
code: BBDC     day: macd + hist - , 
code: BBDC     day: macd + hist - ,  Week: macd + hist - , 
code: EXLS     day: macd + hist - , 
code: EXLS     day: macd + hist - ,  Week: macd + hist - , 
code: HCI      day: macd + hist - , 
code: NTAP     day: macd + hist - , 
code: NTAP     day: macd + hist - ,  Week: macd + hist - , 
===========================
profit
===========================
==== plus ====
ANAT , macd +, macd hist -, profit:  [24.83], per:  [15.12], now:   [189.], buy: [164.17]
BBDC , macd +, macd hist -, profit:   [0.29], per:   [2.72], now:  [10.89], buy:   [10.6]
DAVA , macd +, macd hist +, profit:  [29.91], per:  [23.66], now: [156.29], buy: [126.38]
EXLS , macd +, macd hist -, profit:  [10.34], per:   [9.03], now: [124.84], buy:  [114.5]
HCI  , macd +, macd hist -, profit:  [26.45], per:  [25.86], now: [128.74], buy: [102.29]
NTAP , macd +, macd hist -, profit:   [10.2], per:  [12.73], now:  [90.33], buy:  [80.13]
CMA  , macd +, macd hist +, profit:  [12.47], per:  [16.84], now:  [86.54], buy:  [74.07]
-
     plus  len:  7
     profit: [114.49], per: [105.96], per/len(p):  [15.14], per/len(p+m):  [15.14]
-
==== minus ====
-
     minus len:  0
-
==== total ====
     profit: [114.49], per: [105.96], per/len(p+m):  [15.14]
