Sat Oct 30 13:49:59 UTC 2021
arg[0]: scraping/yahoo-finace-api2.py, arg[1]: stock-code-list/buy-list.txt
===========================
scraping
===========================
START:  ANAT
END:    0.7178471088409424
-
START:  BBDC
END:    1.1634929180145264
-
START:  DAVA
END:    1.3296058177947998
-
START:  EXLS
END:    1.7780945301055908
-
START:  HCI
END:    2.274912118911743
-
START:  NTAP
END:    2.9578630924224854
-
START:  CMA
END:    3.5022194385528564
-
START:  TOK
END:    4.013195514678955
-
START:  NEE
END:    4.590302467346191
-
START:  AMD
END:    5.124109506607056
-
START:  SPXL
END:    5.775539875030518
-
START:  SPTM
END:    6.23875093460083
-
START:  SPLG
END:    6.7235493659973145
-
START:  ARES
END:    7.087351560592651
-
START:  NVDA
END:    7.625643491744995
-
START:  LIT
END:    8.103413343429565
-
START:  WNS
END:    8.486276388168335
-
===========================
MACD sell
===========================
START:  ANAT
START:  BBDC
START:  DAVA
START:  EXLS
START:  HCI
START:  NTAP
START:  CMA
START:  TOK
START:  NEE
START:  AMD
START:  SPXL
START:  SPTM
START:  SPLG
START:  ARES
START:  NVDA
START:  LIT
START:  WNS
==== MACD list ====
code: ANAT     day: macd + hist - ,  Week: macd + hist - , Month: macd + hist + , 
code: BBDC     day: macd + hist + ,  Week: macd + hist - , Month: macd + hist + , 
code: DAVA     day: macd + hist + ,  Week: macd + hist + , Month: macd + hist + , 
code: EXLS     day: macd - hist - ,  Week: macd + hist - , Month: macd + hist + , 
code: HCI      day: macd + hist - ,  Week: macd + hist + , Month: macd + hist + , 
code: NTAP     day: macd + hist - ,  Week: macd + hist - , Month: macd + hist + , 
code: CMA      day: macd + hist - ,  Week: macd + hist + , Month: macd + hist + , 
code: TOK      day: macd + hist + ,  Week: macd + hist + , Month: macd + hist + , 
code: NEE      day: macd + hist + ,  Week: macd + hist + , Month: macd + hist + , 
code: AMD      day: macd + hist + ,  Week: macd + hist + , Month: macd + hist + , 
code: SPXL     day: macd + hist + ,  Week: macd + hist + , Month: macd + hist + , 
code: SPTM     day: macd + hist + ,  Week: macd + hist + , Month: macd + hist + , 
code: SPLG     day: macd + hist + ,  Week: macd + hist + , Month: macd + hist + , 
code: ARES     day: macd + hist + ,  Week: macd + hist + , Month: macd + hist + , 
code: NVDA     day: macd + hist + ,  Week: macd + hist + , Month: macd + hist + , 
code: LIT      day: macd + hist + ,  Week: macd + hist + , Month: macd + hist + , 
code: WNS      day: macd + hist + ,  Week: macd + hist + , Month: macd + hist + , 
==== MACD sell list ====
code: ANAT     day: macd + hist - , 
code: ANAT     day: macd + hist - ,  Week: macd + hist - , 
code: BBDC     day: macd + hist + ,  Week: macd + hist - , 
code: EXLS     day: macd - hist - , 
code: EXLS     day: macd - hist - ,  Week: macd + hist - , 
code: HCI      day: macd + hist - , 
code: NTAP     day: macd + hist - , 
code: NTAP     day: macd + hist - ,  Week: macd + hist - , 
code: CMA      day: macd + hist - , 
===========================
profit
===========================
==== plus ====
ANAT , macd +, macd hist -, profit:  [25.54], per:  [15.56], now: [189.71], buy: [164.17]
BBDC , macd +, macd hist +, profit:   [0.64], per:   [6.04], now:  [11.24], buy:   [10.6]
DAVA , macd +, macd hist +, profit:  [32.08], per:  [25.38], now: [158.46], buy: [126.38]
EXLS , macd -, macd hist -, profit:   [8.13], per:    [7.1], now: [122.63], buy:  [114.5]
HCI  , macd +, macd hist -, profit:  [31.72], per:  [31.01], now: [134.01], buy: [102.29]
NTAP , macd +, macd hist -, profit:   [9.17], per:  [11.44], now:   [89.3], buy:  [80.13]
CMA  , macd +, macd hist -, profit:  [11.02], per:  [14.88], now:  [85.09], buy:  [74.07]
TOK  , macd +, macd hist +, profit:     [0.], per:     [0.], now: [100.79], buy: [100.79]
NEE  , macd +, macd hist +, profit:     [0.], per:     [0.], now:  [85.33], buy:  [85.33]
AMD  , macd +, macd hist +, profit:     [0.], per:     [0.], now: [120.23], buy: [120.23]
SPXL , macd +, macd hist +, profit:     [0.], per:     [0.], now: [130.23], buy: [130.23]
SPTM , macd +, macd hist +, profit:     [0.], per:     [0.], now:  [56.58], buy:  [56.58]
SPLG , macd +, macd hist +, profit:     [0.], per:     [0.], now:  [53.99], buy:  [53.99]
ARES , macd +, macd hist +, profit:     [0.], per:     [0.], now:  [84.74], buy:  [84.74]
NVDA , macd +, macd hist +, profit:     [0.], per:     [0.], now: [255.67], buy: [255.67]
LIT  , macd +, macd hist +, profit:     [0.], per:     [0.], now:  [91.91], buy:  [91.91]
WNS  , macd +, macd hist +, profit:     [0.], per:     [0.], now:  [88.81], buy:  [88.81]
-
     plus  len:  17
     profit:  [118.3], per: [111.41], per/len(p):   [6.55], per/len(p+m):   [6.55]
-
==== minus ====
-
     minus len:  0
-
==== total ====
     profit:  [118.3], per: [111.41], per/len(p+m):   [6.55]
