Tue Nov  2 13:49:29 UTC 2021
arg[0]: scraping/yahoo-finace-api2.py, arg[1]: stock-code-list/buy-list.txt
===========================
scraping
===========================
START:  ANAT
END:    4.9141340255737305
-
START:  BBDC
END:    5.447056293487549
-
START:  DAVA
END:    5.604895114898682
-
START:  EXLS
END:    6.067583799362183
-
START:  HCI
END:    6.730695724487305
-
START:  NTAP
END:    7.334510564804077
-
START:  CMA
END:    7.794328689575195
-
START:  TOK
END:    8.108191728591919
-
START:  NEE
END:    8.787254810333252
-
START:  AMD
END:    9.163858652114868
-
START:  SPXL
END:    9.744604587554932
-
START:  SPTM
END:    10.28623080253601
-
START:  SPLG
END:    10.729650259017944
-
START:  ARES
END:    11.137340307235718
-
START:  NVDA
END:    11.796521425247192
-
START:  LIT
END:    12.37589955329895
-
START:  WNS
END:    12.695894956588745
-
===========================
MACD sell
===========================
START:  ANAT
START:  BBDC
START:  DAVA
START:  EXLS
START:  HCI
START:  NTAP
START:  CMA
START:  TOK
START:  NEE
START:  AMD
START:  SPXL
START:  SPTM
START:  SPLG
START:  ARES
START:  NVDA
START:  LIT
START:  WNS
==== MACD list ====
code: ANAT     day: macd + hist + ,  Week: macd + hist - , Month: macd + hist + , 
code: BBDC     day: macd + hist + ,  Week: macd + hist - , Month: macd + hist + , 
code: DAVA     day: macd + hist + ,  Week: macd + hist + , Month: macd + hist + , 
code: EXLS     day: macd + hist - ,  Week: macd + hist - , Month: macd + hist + , 
code: HCI      day: macd + hist + ,  Week: macd + hist + , Month: macd + hist + , 
code: NTAP     day: macd - hist - ,  Week: macd + hist - , Month: macd + hist + , 
code: CMA      day: macd + hist - ,  Week: macd + hist + , Month: macd + hist + , 
code: TOK      day: macd + hist + ,  Week: macd + hist + , Month: macd + hist + , 
code: NEE      day: macd + hist + ,  Week: macd + hist + , Month: macd + hist + , 
code: AMD      day: macd + hist + ,  Week: macd + hist + , Month: macd + hist + , 
code: SPXL     day: macd + hist + ,  Week: macd + hist + , Month: macd + hist + , 
code: SPTM     day: macd + hist + ,  Week: macd + hist + , Month: macd + hist + , 
code: SPLG     day: macd + hist + ,  Week: macd + hist + , Month: macd + hist + , 
code: ARES     day: macd + hist + ,  Week: macd + hist + , Month: macd + hist + , 
code: NVDA     day: macd + hist + ,  Week: macd + hist + , Month: macd + hist + , 
code: LIT      day: macd + hist + ,  Week: macd + hist + , Month: macd + hist + , 
code: WNS      day: macd + hist + ,  Week: macd + hist + , Month: macd + hist + , 
==== MACD sell list ====
code: ANAT     day: macd + hist + ,  Week: macd + hist - , 
code: BBDC     day: macd + hist + ,  Week: macd + hist - , 
code: EXLS     day: macd + hist - , 
code: EXLS     day: macd + hist - ,  Week: macd + hist - , 
code: NTAP     day: macd - hist - , 
code: NTAP     day: macd - hist - ,  Week: macd + hist - , 
code: CMA      day: macd + hist - , 
===========================
profit
===========================
==== plus ====
ANAT , macd +, macd hist +, profit:  [26.08], per:  [15.89], now: [190.25], buy: [164.17]
BBDC , macd +, macd hist +, profit:   [0.55], per:   [5.19], now:  [11.15], buy:   [10.6]
DAVA , macd +, macd hist +, profit:  [37.75], per:  [29.87], now: [164.13], buy: [126.38]
EXLS , macd +, macd hist -, profit:  [11.88], per:  [10.38], now: [126.38], buy:  [114.5]
HCI  , macd +, macd hist +, profit:   [36.3], per:  [35.49], now: [138.59], buy: [102.29]
NTAP , macd -, macd hist -, profit:  [10.38], per:  [12.95], now:  [90.51], buy:  [80.13]
CMA  , macd +, macd hist -, profit:  [12.57], per:  [16.96], now:  [86.64], buy:  [74.07]
TOK  , macd +, macd hist +, profit:   [0.28], per:   [0.28], now: [101.07], buy: [100.79]
NEE  , macd +, macd hist +, profit:   [0.79], per:   [0.93], now:  [86.12], buy:  [85.33]
AMD  , macd +, macd hist +, profit:    [5.5], per:   [4.57], now: [125.73], buy: [120.23]
SPXL , macd +, macd hist +, profit:   [1.43], per:    [1.1], now: [131.66], buy: [130.23]
SPTM , macd +, macd hist +, profit:   [0.29], per:   [0.51], now:  [56.87], buy:  [56.58]
SPLG , macd +, macd hist +, profit:    [0.2], per:   [0.37], now:  [54.19], buy:  [53.99]
NVDA , macd +, macd hist +, profit:    [5.6], per:   [2.19], now: [261.27], buy: [255.67]
LIT  , macd +, macd hist +, profit:   [0.29], per:   [0.32], now:   [92.2], buy:  [91.91]
WNS  , macd +, macd hist +, profit:   [0.71], per:    [0.8], now:  [89.52], buy:  [88.81]
-
     plus  len:  16
     profit: [150.59], per: [137.79], per/len(p):   [8.61], per/len(p+m):   [8.11]
-
==== minus ====
ARES , macd +, macd hist +, profit:  [-0.89], per:  [-1.06], now:  [83.85], buy:  [84.74]
-
     minus len:  1
     profit:  [-0.89], per:  [-1.06], per/len(m):  [-1.06], per/len(p+m):  [-0.06]
-
==== total ====
     profit:  [149.7], per: [136.73], per/len(p+m):   [8.04]
