Mon Nov 22 13:49:43 UTC 2021
arg[0]: scraping/yahoo-finace-api2.py, arg[1]: stock-code-list/buy-list.txt
===========================
scraping
===========================
START:  TOK
END:    0.4001734256744385
-
START:  AAPL
END:    0.904019832611084
-
START:  EL
END:    1.3220593929290771
-
START:  NEE
END:    1.9937210083007812
-
START:  AMD
END:    2.484656810760498
-
START:  APH
END:    2.8606927394866943
-
START:  XLP
END:    3.590121269226074
-
START:  SPXL
END:    3.9243667125701904
-
START:  KEYS
END:    4.18314003944397
-
START:  VDC
END:    4.5601818561553955
-
START:  CMA
END:    5.266794919967651
-
START:  AVY
END:    6.112588167190552
-
START:  SPTM
END:    6.783499240875244
-
START:  SPLG
END:    7.323232173919678
-
START:  CROX
END:    7.60472846031189
-
START:  DAVA
END:    7.861758470535278
-
START:  AWR
END:    8.237828969955444
-
START:  FN
END:    8.491467714309692
-
START:  NXST
END:    8.829724073410034
-
START:  BMI
END:    9.424437999725342
-
START:  GLOB
END:    9.762959718704224
-
START:  ARES
END:    9.98133897781372
-
START:  SJW
END:    10.407357931137085
-
START:  NVDA
END:    11.099036931991577
-
START:  BBDC
END:    11.400588035583496
-
START:  CELH
END:    11.943489789962769
-
START:  RDNT
END:    12.736703395843506
-
START:  ROK
END:    13.56525707244873
-
START:  AVXL
END:    13.841671228408813
-
START:  HCI
END:    21.529545783996582
-
START:  LIT
END:    21.794111251831055
-
START:  LLY
END:    22.443525791168213
-
START:  MCD
END:    22.950295209884644
-
START:  MSI
END:    23.676349639892578
-
START:  ON
END:    24.317023277282715
-
START:  ISRG
END:    24.94324016571045
-
START:  GME
END:    25.338855981826782
-
START:  WNS
END:    25.927031755447388
-
===========================
MACD sell
===========================
START:  TOK
START:  AAPL
START:  EL
START:  NEE
START:  AMD
START:  APH
START:  XLP
START:  SPXL
START:  KEYS
START:  VDC
START:  CMA
START:  AVY
START:  SPTM
START:  SPLG
START:  CROX
START:  DAVA
START:  AWR
START:  FN
START:  NXST
START:  BMI
START:  GLOB
START:  ARES
START:  SJW
START:  NVDA
START:  BBDC
START:  CELH
START:  RDNT
START:  ROK
START:  AVXL
START:  HCI
START:  LIT
START:  LLY
START:  MCD
START:  MSI
START:  ON
START:  ISRG
START:  GME
START:  WNS
==== MACD list ====
code: TOK      day: macd + hist - ,  Week: macd + hist + , Month: macd + hist + , 
code: AAPL     day: macd + hist + ,  Week: macd + hist + , Month: macd + hist + , 
code: EL       day: macd + hist + ,  Week: macd + hist + , Month: macd + hist + , 
code: NEE      day: macd + hist + ,  Week: macd + hist + , Month: macd + hist + , 
code: AMD      day: macd + hist + ,  Week: macd + hist + , Month: macd + hist + , 
code: APH      day: macd + hist + ,  Week: macd + hist + , Month: macd + hist + , 
code: XLP      day: macd + hist - ,  Week: macd + hist + , Month: macd + hist + , 
code: SPXL     day: macd + hist - ,  Week: macd + hist + , Month: macd + hist + , 
code: KEYS     day: macd + hist + ,  Week: macd + hist + , Month: macd + hist + , 
code: VDC      day: macd + hist - ,  Week: macd + hist + , Month: macd + hist + , 
code: CMA      day: macd + hist - ,  Week: macd + hist + , Month: macd + hist + , 
code: AVY      day: macd + hist - ,  Week: macd + hist + , Month: macd + hist + , 
code: SPTM     day: macd + hist - ,  Week: macd + hist + , Month: macd + hist + , 
code: SPLG     day: macd + hist - ,  Week: macd + hist + , Month: macd + hist + , 
code: CROX     day: macd + hist - ,  Week: macd + hist + , Month: macd + hist + , 
code: DAVA     day: macd + hist - ,  Week: macd + hist + , Month: macd + hist + , 
code: AWR      day: macd + hist + ,  Week: macd + hist + , Month: macd + hist + , 
code: FN       day: macd + hist - ,  Week: macd + hist + , Month: macd + hist + , 
code: NXST     day: macd + hist - ,  Week: macd + hist + , Month: macd + hist + , 
code: BMI      day: macd + hist + ,  Week: macd + hist + , Month: macd + hist + , 
code: GLOB     day: macd + hist - ,  Week: macd + hist - , Month: macd + hist + , 
code: ARES     day: macd + hist - ,  Week: macd + hist + , Month: macd + hist + , 
code: SJW      day: macd + hist - ,  Week: macd + hist + , Month: macd + hist + , 
code: NVDA     day: macd + hist + ,  Week: macd + hist + , Month: macd + hist + , 
code: BBDC     day: macd + hist - ,  Week: macd + hist - , Month: macd + hist + , 
code: CELH     day: macd - hist - ,  Week: macd + hist - , Month: macd + hist + , 
code: RDNT     day: macd - hist - ,  Week: macd + hist - , Month: macd + hist + , 
code: ROK      day: macd + hist + ,  Week: macd + hist + , Month: macd + hist + , 
code: AVXL     day: macd + hist - ,  Week: macd + hist + , Month: macd + hist + , 
code: HCI      day: macd + hist - ,  Week: macd + hist - , Month: macd + hist + , 
code: LIT      day: macd + hist - ,  Week: macd + hist + , Month: macd + hist + , 
code: LLY      day: macd + hist - ,  Week: macd + hist + , Month: macd + hist + , 
code: MCD      day: macd + hist - ,  Week: macd + hist + , Month: macd + hist + , 
code: MSI      day: macd + hist + ,  Week: macd + hist - , Month: macd + hist + , 
code: ON       day: macd + hist + ,  Week: macd + hist + , Month: macd + hist + , 
code: ISRG     day: macd + hist - ,  Week: macd + hist - , Month: macd + hist + , 
code: GME      day: macd + hist + ,  Week: macd + hist + , Month: macd + hist + , 
code: WNS      day: macd + hist - ,  Week: macd + hist + , Month: macd + hist + , 
==== MACD sell list ====
code: TOK      day: macd + hist - , 
code: XLP      day: macd + hist - , 
code: SPXL     day: macd + hist - , 
code: VDC      day: macd + hist - , 
code: CMA      day: macd + hist - , 
code: AVY      day: macd + hist - , 
code: SPTM     day: macd + hist - , 
code: SPLG     day: macd + hist - , 
code: CROX     day: macd + hist - , 
code: DAVA     day: macd + hist - , 
code: FN       day: macd + hist - , 
code: NXST     day: macd + hist - , 
code: GLOB     day: macd + hist - , 
code: GLOB     day: macd + hist - ,  Week: macd + hist - , 
code: ARES     day: macd + hist - , 
code: SJW      day: macd + hist - , 
code: BBDC     day: macd + hist - , 
code: BBDC     day: macd + hist - ,  Week: macd + hist - , 
code: CELH     day: macd - hist - , 
code: CELH     day: macd - hist - ,  Week: macd + hist - , 
code: RDNT     day: macd - hist - , 
code: RDNT     day: macd - hist - ,  Week: macd + hist - , 
code: AVXL     day: macd + hist - , 
code: HCI      day: macd + hist - , 
code: HCI      day: macd + hist - ,  Week: macd + hist - , 
code: LIT      day: macd + hist - , 
code: LLY      day: macd + hist - , 
code: MCD      day: macd + hist - , 
code: MSI      day: macd + hist + ,  Week: macd + hist - , 
code: ISRG     day: macd + hist - , 
code: ISRG     day: macd + hist - ,  Week: macd + hist - , 
code: WNS      day: macd + hist - , 
===========================
profit
===========================
==== plus ====
TOK  , macd +, macd hist -, profit:    [1.2], per:   [1.19], now: [101.99], buy: [100.79]
EL   , macd +, macd hist +, profit:   [13.1], per:   [3.86], now: [352.85], buy: [339.75]
NEE  , macd +, macd hist +, profit:   [2.98], per:   [3.49], now:  [88.31], buy:  [85.33]
AMD  , macd +, macd hist +, profit:  [35.18], per:  [29.26], now: [155.41], buy: [120.23]
SPXL , macd +, macd hist -, profit:   [8.24], per:   [6.33], now: [138.47], buy: [130.23]
KEYS , macd +, macd hist +, profit:   [8.57], per:   [4.61], now: [194.63], buy: [186.06]
CMA  , macd +, macd hist -, profit:  [13.86], per:  [18.71], now:  [87.93], buy:  [74.07]
SPTM , macd +, macd hist -, profit:   [1.22], per:   [2.16], now:   [57.8], buy:  [56.58]
SPLG , macd +, macd hist -, profit:   [1.17], per:   [2.17], now:  [55.16], buy:  [53.99]
DAVA , macd +, macd hist -, profit:  [29.38], per:  [23.25], now: [155.76], buy: [126.38]
NXST , macd +, macd hist -, profit:   [0.92], per:   [0.57], now: [163.42], buy:  [162.5]
ARES , macd +, macd hist -, profit:   [3.56], per:    [4.2], now:   [88.3], buy:  [84.74]
SJW  , macd +, macd hist -, profit:   [0.02], per:   [0.03], now:   [70.5], buy:  [70.48]
NVDA , macd +, macd hist +, profit:  [74.18], per:  [29.01], now: [329.85], buy: [255.67]
BBDC , macd +, macd hist -, profit:   [0.62], per:   [5.85], now:  [11.22], buy:   [10.6]
ROK  , macd +, macd hist +, profit:   [6.28], per:   [1.84], now: [348.17], buy: [341.89]
HCI  , macd +, macd hist -, profit:  [21.23], per:  [20.75], now: [123.52], buy: [102.29]
LIT  , macd +, macd hist -, profit:     [2.], per:   [2.18], now:  [93.91], buy:  [91.91]
MSI  , macd +, macd hist +, profit:    [1.7], per:   [0.68], now: [253.11], buy: [251.41]
ON   , macd +, macd hist +, profit:   [3.48], per:   [5.81], now:  [63.34], buy:  [59.86]
GME  , macd +, macd hist +, profit:  [10.96], per:   [5.03], now:  [228.8], buy: [217.84]
WNS  , macd +, macd hist -, profit:   [0.84], per:   [0.95], now:  [89.65], buy:  [88.81]
-
     plus  len:  22
     profit: [240.69], per: [171.91], per/len(p):   [7.81], per/len(p+m):   [4.52]
-
==== minus ====
AAPL , macd +, macd hist +, profit:       [], per:       [], now: [160.55], buy:       []
APH  , macd +, macd hist +, profit:       [], per:       [], now:  [85.14], buy:       []
XLP  , macd +, macd hist -, profit:  [-0.53], per:  [-0.73], now:  [72.05], buy:  [72.58]
VDC  , macd +, macd hist -, profit:  [-1.63], per:  [-0.86], now:  [187.9], buy: [189.53]
AVY  , macd +, macd hist -, profit:       [], per:       [], now: [218.52], buy:       []
CROX , macd +, macd hist -, profit:  [-1.92], per:  [-1.08], now:  [175.5], buy: [177.42]
AWR  , macd +, macd hist +, profit:       [], per:       [], now:  [96.03], buy:       []
FN   , macd +, macd hist -, profit:  [-1.27], per:  [-1.09], now: [115.59], buy: [116.86]
BMI  , macd +, macd hist +, profit:       [], per:       [], now: [108.42], buy:       []
GLOB , macd +, macd hist -, profit: [-30.27], per:  [-8.99], now: [306.41], buy: [336.68]
CELH , macd -, macd hist -, profit: [-31.11], per: [-29.93], now:  [72.84], buy: [103.95]
RDNT , macd -, macd hist -, profit:  [-4.08], per:  [-12.6], now:   [28.3], buy:  [32.38]
AVXL , macd +, macd hist -, profit:   [-2.4], per:  [-10.6], now:  [20.24], buy:  [22.64]
LLY  , macd +, macd hist -, profit:  [-10.3], per:   [-3.8], now:  [260.7], buy:   [271.]
MCD  , macd +, macd hist -, profit:  [-1.51], per:   [-0.6], now: [251.95], buy: [253.46]
ISRG , macd +, macd hist -, profit: [-14.67], per:  [-4.04], now: [348.65], buy: [363.32]
-
     minus len:  16
     profit:       [], per:       [], per/len(m):       [], per/len(p+m):       []
-
==== total ====
     profit:       [], per:       [], per/len(p+m):       []
arg[0]: scraping/yahoo-finace-api2.py, arg[1]: stock-code-list/up-month.txt
===========================
scraping
===========================
START:  A
END:    0.77683424949646
-
START:  AAON
END:    1.1532633304595947
-
START:  AAPL
END:    1.8238890171051025
-
START:  ABG
END:    2.1656248569488525
-
START:  ABT
END:    2.7675750255584717
-
START:  ACLS
END:    3.285684108734131
-
START:  ACMR
END:    3.5664844512939453
-
START:  ACN
END:    4.335929870605469
-
START:  ADBE
END:    4.749329328536987
-
START:  ADI
END:    5.1689300537109375
-
START:  ADP
END:    5.602269649505615
-
START:  ADSK
END:    6.1743364334106445
-
START:  ADUS
END:    6.536481618881226
-
START:  AEE
END:    6.920722246170044
-
START:  AGYS
END:    7.485848426818848
-
START:  AIZ
END:    8.034340143203735
-
START:  AJG
END:    8.604304313659668
-
START:  AJRD
END:    9.062792539596558
-
START:  ALB
END:    9.75406527519226
-
START:  ALG
END:    10.365628242492676
-
START:  ALGN
END:    11.061876058578491
-
START:  ALLE
END:    11.354888200759888
-
START:  ALTR
END:    11.737976312637329
-
START:  AMAT
END:    12.11724305152893
-
START:  AMBA
END:    12.653448820114136
-
START:  AMD
END:    13.271218299865723
-
START:  AME
END:    13.994048357009888
-
START:  AMED
END:    14.349503517150879
-
START:  AMEH
END:    14.580213069915771
-
START:  AMGN
END:    18.42201805114746
-
START:  AMN
END:    18.864654302597046
-
START:  AMP
END:    19.239689350128174
-
START:  AMRC
END:    27.0119411945343
-
START:  AMSWA
END:    27.50577139854431
-
START:  AMTX
END:    27.874372720718384
-
START:  AMZN
END:    28.209333181381226
-
START:  AN
END:    29.014197826385498
-
START:  ANSS
END:    29.395915508270264
-
START:  ANTM
END:    30.111316680908203
-
START:  AON
END:    30.530247688293457
-
START:  AOSL
END:    30.77349829673767
-
START:  APD
END:    31.367358207702637
-
START:  APH
END:    31.774709463119507
-
START:  APPF
END:    31.960817098617554
-
START:  APPN
END:    32.14284420013428
-
START:  APPS
END:    32.46567726135254
-
START:  AQN
END:    32.70817947387695
-
START:  ARCB
END:    33.08527159690857
-
START:  ARCT
END:    33.669501304626465
-
START:  ARES
END:    33.88125443458557
-
START:  ARGX
END:    34.140674114227295
-
START:  ARWR
END:    34.667115449905396
-
START:  ASML
END:    35.37046694755554
-
START:  ASPN
END:    35.83908486366272
-
START:  ATEC
END:    36.213804721832275
-
START:  ATEN
END:    36.40234708786011
-
START:  ATKR
END:    36.58020234107971
-
START:  ATOM
END:    36.80994462966919
-
START:  ATR
END:    37.22944903373718
-
START:  ATRC
END:    37.80741310119629
-
START:  AUDC
END:    38.40080237388611
-
START:  AUPH
END:    38.58786368370056
-
START:  AVAV
END:    38.870150327682495
-
START:  AVGO
END:    39.14858341217041
-
START:  AVID
END:    39.50572180747986
-
START:  AVNW
END:    40.016793727874756
-
START:  AVXL
END:    40.36856293678284
-
START:  AVY
END:    40.95456075668335
-
START:  AWK
END:    41.22398781776428
-
START:  AWR
END:    41.813992500305176
-
START:  AXON
END:    42.29602766036987
-
START:  AZO
END:    42.82628130912781
-
START:  AZPN
END:    43.40740156173706
-
START:  BAH
END:    43.86985158920288
-
START:  BAM
END:    44.424662828445435
-
START:  BAX
END:    44.872575521469116
-
START:  BBH
END:    45.443772077560425
-
START:  BBQ
END:    45.77436280250549
-
START:  BBY
END:    46.416627645492554
-
START:  BCPC
END:    46.85443925857544
-
START:  BDX
END:    47.52075242996216
-
START:  BEEM
END:    47.761454820632935
-
START:  BFAM
END:    48.05045175552368
-
START:  BFC
END:    55.76636481285095
-
START:  BGFV
END:    56.11681008338928
-
START:  BGNE
END:    56.34569597244263
-
START:  BHVN
END:    56.61396884918213
-
START:  BIO
END:    57.15656757354736
-
START:  BL
END:    57.318981409072876
-
START:  BLD
END:    57.51929593086243
-
START:  BLDP
END:    57.88814949989319
-
START:  BLDR
END:    58.193751096725464
-
START:  BLFS
END:    58.736669301986694
-
START:  BLK
END:    59.31457161903381
-
START:  BLL
END:    59.8191339969635
-
START:  BLNK
END:    60.08674478530884
-
START:  BMI
END:    60.81857419013977
-
START:  BOOT
END:    61.13526916503906
-
START:  BOTZ
END:    61.46561789512634
-
START:  BR
END:    61.86371827125549
-
START:  BRKR
END:    62.42277669906616
-
START:  BRKS
END:    64.0013439655304
-
START:  BRO
END:    64.51072716712952
-
START:  BURL
END:    64.90907764434814
-
START:  BX
END:    65.36828255653381
-
START:  CABO
END:    65.54717445373535
-
START:  CACI
END:    65.92710328102112
-
START:  CALX
END:    66.19125890731812
-
START:  CAMT
END:    66.58609890937805
-
START:  CAR
END:    67.02904772758484
-
START:  CBRE
END:    67.36757850646973
-
START:  CBSH
END:    67.88723373413086
-
START:  CBZ
END:    68.49710822105408
-
START:  CCOI
END:    69.16962337493896
-
START:  CCS
END:    69.36497569084167
-
START:  CDMO
END:    69.82298469543457
-
START:  CDNA
END:    70.01172399520874
-
START:  CDNS
END:    70.36090564727783
-
START:  CDW
END:    70.6430606842041
-
START:  CELH
END:    71.0954065322876
-
START:  CGNX
END:    71.45144939422607
-
START:  CHD
END:    71.88621473312378
-
START:  CHDN
END:    72.37115502357483
-
START:  CHE
END:    72.76854276657104
-
START:  CHGG
END:    72.97516059875488
-
START:  CHH
END:    73.44285774230957
-
START:  CHKP
END:    74.0508165359497
-
START:  CHTR
END:    74.62038207054138
-
START:  CIEN
END:    75.26789093017578
-
START:  CLAR
END:    75.79527616500854
-
START:  CLFD
END:    76.63119864463806
-
START:  CLGN
END:    76.83474087715149
-
START:  CLNE
END:    77.27546787261963
-
START:  CLPT
END:    77.47388339042664
-
START:  CLX
END:    78.04717111587524
-
START:  CMCSA
END:    78.44645690917969
-
START:  CMG
END:    78.73075604438782
-
START:  CMS
END:    79.39161849021912
-
START:  CNC
END:    79.73701071739197
-
START:  CNI
END:    80.16603350639343
-
START:  CNMD
END:    80.5803644657135
-
START:  CNS
END:    80.90272545814514
-
START:  CNXN
END:    81.48125410079956
-
START:  COO
END:    81.94678854942322
-
START:  COST
END:    82.6025390625
-
START:  COUP
END:    82.94321250915527
-
START:  COWN
END:    83.40053415298462
-
START:  CP
END:    84.04551434516907
-
START:  CPK
END:    84.45986413955688
-
START:  CPRT
END:    84.93227744102478
-
START:  CPSH
END:    85.33865237236023
-
START:  CRAI
END:    85.98720097541809
-
START:  CREE
END:    86.41883134841919
-
START:  CRL
END:    86.78204011917114
-
START:  CRM
END:    87.27398419380188
-
START:  CRMT
END:    87.78686237335205
-
START:  CROX
END:    88.0748827457428
-
START:  CRSP
END:    88.39921927452087
-
START:  CRVL
END:    88.75889277458191
-
START:  CSGP
END:    89.3853669166565
-
START:  CSL
END:    89.99605202674866
-
START:  CSWI
END:    90.1574170589447
-
START:  CSX
END:    90.56869268417358
-
START:  CTAS
END:    91.16764211654663
-
START:  CTLT
END:    91.36296439170837
-
START:  CTRN
END:    91.86446213722229
-
START:  CURE
END:    92.30129408836365
-
START:  CVCO
END:    92.74523591995239
-
START:  CVNA
END:    92.98753690719604
-
START:  CWST
END:    93.33109831809998
-
START:  CWT
END:    93.73520159721375
-
START:  CXSE
END:    93.98206186294556
-
START:  CYBR
END:    94.36692357063293
-
START:  CYRX
END:    94.78795647621155
-
START:  CYTK
END:    95.27685856819153
-
START:  DAC
END:    95.73693370819092
-
START:  DAR
END:    96.11307072639465
-
START:  DAVA
END:    96.33778786659241
-
START:  DDS
END:    96.79227662086487
-
START:  DE
END:    97.40148544311523
-
START:  DECK
END:    97.81057143211365
-
START:  DELL
END:    97.99189400672913
-
START:  DFIN
END:    98.52755737304688
-
START:  DG
END:    98.86660861968994
-
START:  DGRW
END:    99.07678294181824
-
START:  DHI
END:    99.7668092250824
-
START:  DHR
END:    100.20217800140381
-
START:  DIA
END:    108.10263705253601
-
START:  DIOD
END:    108.44037127494812
-
START:  DIS
END:    109.22830891609192
-
START:  DKS
END:    109.63766622543335
-
START:  DLN
END:    110.02612161636353
-
START:  DNLI
END:    110.37198281288147
-
START:  DOMO
END:    110.62459349632263
-
START:  DOV
END:    111.41909074783325
-
START:  DPZ
END:    111.75895953178406
-
START:  DQ
END:    112.30788016319275
-
START:  DRD
END:    112.73657178878784
-
START:  DRIO
END:    113.0476565361023
-
START:  DRNA
END:    113.23812627792358
-
START:  DSGX
END:    113.84638285636902
-
START:  DVAX
END:    114.49262404441833
-
START:  DXCM
END:    114.97455286979675
-
START:  ECL
END:    115.39757776260376
-
START:  EFX
END:    115.88203477859497
-
START:  EGAN
END:    116.55090355873108
-
START:  EHC
END:    116.91978597640991
-
START:  EL
END:    117.53055500984192
-
START:  ENPH
END:    117.93017530441284
-
START:  ENSG
END:    118.24075078964233
-
START:  ENTG
END:    118.62501001358032
-
START:  ENV
END:    118.88090443611145
-
START:  EPAM
END:    119.10327315330505
-
START:  ERIE
END:    119.88156461715698
-
START:  ES
END:    120.57186245918274
-
START:  ESE
END:    120.95896792411804
-
START:  ETN
END:    121.3658995628357
-
START:  ETSY
END:    121.61675071716309
-
START:  EVBG
END:    121.96416878700256
-
START:  EVTC
END:    122.51766872406006
-
START:  EW
END:    122.89567542076111
-
START:  EWT
END:    123.29029583930969
-
START:  EXAS
END:    123.86143469810486
-
START:  EXLS
END:    124.13442897796631
-
START:  EXPD
END:    124.86375498771667
-
START:  EXPI
END:    125.08844566345215
-
START:  EXPO
END:    125.58089017868042
-
START:  FAST
END:    126.48383140563965
-
START:  FATE
END:    126.80826687812805
-
START:  FB
END:    127.01912140846252
-
START:  FCN
END:    127.34831738471985
-
START:  FCX
END:    127.80774116516113
-
START:  FDN
END:    128.1203854084015
-
START:  FDS
END:    128.5105402469635
-
START:  FELE
END:    129.08763933181763
-
START:  FFIN
END:    129.80107259750366
-
START:  FICO
END:    130.5715045928955
-
START:  FINX
END:    130.74240398406982
-
START:  FIS
END:    131.21568989753723
-
START:  FISV
END:    131.57206654548645
-
START:  FIVE
END:    131.85916090011597
-
START:  FIVN
END:    132.2240285873413
-
START:  FLGT
END:    132.44610786437988
-
START:  FLT
END:    132.74890518188477
-
START:  FLWS
END:    133.10569095611572
-
START:  FN
END:    133.3428828716278
-
START:  FND
END:    133.63937330245972
-
START:  FNV
END:    134.10395121574402
-
START:  FORM
END:    134.42910051345825
-
START:  FOXF
END:    134.73215246200562
-
START:  FPX
END:    135.0585834980011
-
START:  FRC
END:    135.3215148448944
-
START:  FRHC
END:    135.60804677009583
-
START:  FRPT
END:    135.8852264881134
-
START:  FSS
END:    136.56988143920898
-
START:  FTNT
END:    137.03083968162537
-
START:  FUV
END:    137.19148516654968
-
START:  GDEN
END:    137.74404048919678
-
START:  GFI
END:    138.54926419258118
-
START:  GGG
END:    138.96341371536255
-
START:  GIB
END:    139.6353349685669
-
START:  GLDD
END:    140.0088987350464
-
START:  GLOB
END:    140.39771914482117
-
START:  GMAB
END:    140.72649240493774
-
START:  GME
END:    141.25906610488892
-
START:  GMED
END:    141.4571235179901
-
START:  GNRC
END:    141.99109530448914
-
START:  GNSS
END:    142.47289752960205
-
START:  GNTX
END:    142.84785056114197
-
START:  GOLF
END:    143.03031063079834
-
START:  GOOG
END:    143.35966730117798
-
START:  GOOGL
END:    143.72841930389404
-
START:  GPI
END:    144.17862200737
-
START:  GPN
END:    144.75859379768372
-
START:  GRBK
END:    145.20315527915955
-
START:  GRMN
END:    145.60920906066895
-
START:  GRVY
END:    146.18338322639465
-
START:  GRWG
END:    146.58793377876282
-
START:  GWRE
END:    147.02180671691895
-
START:  HACK
END:    147.59435439109802
-
START:  HALO
END:    148.06899762153625
-
START:  HCI
END:    148.59965586662292
-
START:  HD
END:    149.0200605392456
-
START:  HEI
END:    149.6463599205017
-
START:  HELE
END:    150.04038190841675
-
START:  HIBB
END:    150.79259991645813
-
START:  HLI
END:    150.99770069122314
-
START:  HLT
END:    151.3748483657837
-
START:  HOLX
END:    151.6896734237671
-
START:  HON
END:    152.51368856430054
-
START:  HOV
END:    152.86374020576477
-
START:  HRC
END:    153.28431224822998
-
START:  HRI
END:    153.65079426765442
-
START:  HSKA
END:    154.22467684745789
-
START:  HTHT
END:    154.90120339393616
-
START:  HUBS
END:    155.44056010246277
-
START:  HUM
END:    155.82231831550598
-
START:  HZNP
END:    156.3085536956787
-
START:  IAC
END:    156.8737301826477
-
START:  IBP
END:    157.2847580909729
-
START:  ICE
END:    157.85181999206543
-
START:  ICLN
END:    158.21425461769104
-
START:  ICLR
END:    158.5465853214264
-
START:  IDT
END:    159.11632752418518
-
START:  IDXX
END:    159.5437572002411
-
START:  IESC
END:    159.88665962219238
-
START:  IEX
END:    161.58547353744507
-
START:  ILMN
END:    162.1922266483307
-
START:  INFO
END:    162.39573550224304
-
START:  INOV
END:    162.56360340118408
-
START:  INSP
END:    162.80672073364258
-
START:  INTC
END:    170.74064207077026
-
START:  INTU
END:    178.64869856834412
-
START:  INTZ
END:    179.25828647613525
-
START:  INVE
END:    179.68365383148193
-
START:  IOO
END:    180.0783748626709
-
START:  IQV
END:    180.27541518211365
-
START:  IRDM
END:    180.76560592651367
-
START:  IRMD
END:    180.9576244354248
-
START:  ISEE
END:    181.22411727905273
-
START:  ISRG
END:    181.80051398277283
-
START:  IT
END:    182.40937113761902
-
START:  ITT
END:    182.8339123725891
-
START:  ITW
END:    183.3482129573822
-
START:  IVOG
END:    184.94582891464233
-
START:  IVV
END:    185.80775713920593
-
START:  IXJ
END:    186.33900475502014
-
START:  IXN
END:    186.86181664466858
-
START:  J
END:    187.5693552494049
-
START:  JBL
END:    187.94298362731934
-
START:  JBSS
END:    188.35687041282654
-
START:  JD
END:    188.6968855857849
-
START:  JKHY
END:    189.1198239326477
-
START:  JKS
END:    189.53132700920105
-
START:  JNJ
END:    190.14666867256165
-
START:  JOE
END:    190.72643542289734
-
START:  JOUT
END:    191.28665113449097
-
START:  JYNT
END:    191.45975995063782
-
START:  KAI
END:    192.0278046131134
-
START:  KBH
END:    192.44200086593628
-
START:  KBR
END:    192.98468327522278
-
START:  KDMN
END:    193.2538731098175
-
START:  KEYS
END:    193.59710359573364
-
START:  KLAC
END:    194.01279211044312
-
START:  KLIC
END:    201.88956451416016
-
START:  KMX
END:    202.2279782295227
-
START:  KNSL
END:    202.55602955818176
-
START:  KOPN
END:    202.9961278438568
-
START:  KOSS
END:    203.5244002342224
-
START:  KRNT
END:    203.75669121742249
-
START:  KSU
END:    204.16507840156555
-
START:  KTOS
END:    204.71574664115906
-
START:  LAC
END:    204.98082828521729
-
START:  LAD
END:    205.463725566864
-
START:  LANC
END:    206.16288089752197
-
START:  LAWS
END:    206.7907919883728
-
START:  LDOS
END:    207.07860159873962
-
START:  LFMD
END:    207.55540990829468
-
START:  LGIH
END:    207.94932770729065
-
START:  LH
END:    208.2891092300415
-
START:  LHCG
END:    209.0204610824585
-
START:  LHX
END:    209.88357138633728
-
START:  LII
END:    210.48236441612244
-
START:  LIN
END:    211.18941354751587
-
START:  LINC
END:    219.83577370643616
-
START:  LIT
END:    220.12406015396118
-
START:  LLY
END:    220.65594220161438
-
START:  LMT
END:    221.09815549850464
-
START:  LNT
END:    221.69637489318848
-
START:  LOB
END:    221.9793655872345
-
START:  LOGI
END:    230.06404900550842
-
START:  LOVE
END:    230.32431840896606
-
START:  LOW
END:    230.98209381103516
-
START:  LPLA
END:    231.25309205055237
-
START:  LPSN
END:    231.76400876045227
-
START:  LQDT
END:    232.21805715560913
-
START:  LRCX
END:    232.60264086723328
-
START:  LSCC
END:    233.18672227859497
-
START:  LSTR
END:    233.5734703540802
-
START:  LULU
END:    234.02939438819885
-
START:  LUNA
END:    234.33691430091858
-
START:  MA
END:    234.93960094451904
-
START:  MANH
END:    235.37663769721985
-
START:  MANT
END:    235.94317770004272
-
START:  MARA
END:    236.35940527915955
-
START:  MASI
END:    236.72346186637878
-
START:  MATX
END:    237.47669982910156
-
START:  MBUU
END:    237.78973722457886
-
START:  MCD
END:    238.2924189567566
-
START:  MCHP
END:    238.8849971294403
-
START:  MCO
END:    239.34059262275696
-
START:  MDB
END:    239.6886236667633
-
START:  MDT
END:    240.31041765213013
-
START:  MEDP
END:    240.4858856201172
-
START:  MEDS
END:    240.66604495048523
-
START:  MELI
END:    241.32089519500732
-
START:  MGC
END:    241.68686723709106
-
START:  MGIC
END:    242.29812145233154
-
START:  MGK
END:    242.66348385810852
-
START:  MGNI
END:    242.9823818206787
-
START:  MHO
END:    243.55836391448975
-
START:  MIME
END:    243.90467739105225
-
START:  MITK
END:    244.45693063735962
-
START:  MKC
END:    244.88485765457153
-
START:  MKSI
END:    245.31720733642578
-
START:  MKTX
END:    245.6536684036255
-
START:  MLAB
END:    246.057555437088
-
START:  MLR
END:    246.42268085479736
-
START:  MMC
END:    246.8720464706421
-
START:  MMS
END:    247.3655595779419
-
START:  MNMD
END:    247.54871559143066
-
START:  MNST
END:    247.98457980155945
-
START:  MODN
END:    248.32994842529297
-
START:  MODV
END:    248.823792219162
-
START:  MOH
END:    249.34791111946106
-
START:  MORN
END:    249.87772393226624
-
START:  MPWR
END:    250.18969440460205
-
START:  MRTX
END:    250.37642550468445
-
START:  MRVL
END:    250.72729110717773
-
START:  MS
END:    251.20180225372314
-
START:  MSA
END:    251.78532481193542
-
START:  MSCI
END:    252.21980571746826
-
START:  MSEX
END:    252.64147520065308
-
START:  MSFT
END:    253.06141233444214
-
START:  MSI
END:    253.74475145339966
-
START:  MSTR
END:    254.2070369720459
-
START:  MTBC
END:    254.54499173164368
-
START:  MTCH
END:    254.91737151145935
-
START:  MTD
END:    255.34866666793823
-
START:  MTEX
END:    256.1206181049347
-
START:  MTH
END:    256.4657771587372
-
START:  MTLS
END:    256.6467969417572
-
START:  MTSI
END:    256.9575777053833
-
START:  MU
END:    257.3515520095825
-
START:  MUSA
END:    257.5944902896881
-
START:  MVIS
END:    258.1114637851715
-
START:  MXL
END:    258.54351687431335
-
START:  MYRG
END:    258.9804730415344
-
START:  NBIX
END:    259.340523481369
-
START:  NCBS
END:    259.6930868625641
-
START:  NDAQ
END:    260.05892634391785
-
START:  NDSN
END:    260.67561960220337
-
START:  NEE
END:    261.1293761730194
-
START:  NEO
END:    261.61174297332764
-
START:  NEOG
END:    262.04468870162964
-
START:  NFLX
END:    262.3789613246918
-
START:  NICE
END:    262.9364800453186
-
START:  NISN
END:    263.37186455726624
-
START:  NKE
END:    263.91028928756714
-
START:  NOVT
END:    264.3256525993347
-
START:  NOW
END:    265.0171513557434
-
START:  NSC
END:    265.523371219635
-
START:  NSIT
END:    265.871945142746
-
START:  NSSC
END:    266.325261592865
-
START:  NSTG
END:    266.563880443573
-
START:  NTLA
END:    266.74001908302307
-
START:  NTRA
END:    266.89122581481934
-
START:  NUAN
END:    267.5323655605316
-
START:  NVCR
END:    267.70680236816406
-
START:  NVDA
END:    268.37366366386414
-
START:  NVMI
END:    268.91459488868713
-
START:  NVO
END:    273.41275000572205
-
START:  NVR
END:    273.774863243103
-
START:  NXST
END:    274.12305068969727
-
START:  NYT
END:    274.51738262176514
-
START:  OBCI
END:    275.08549642562866
-
START:  ODFL
END:    275.6072220802307
-
START:  OEF
END:    275.96785259246826
-
START:  OFLX
END:    276.30168199539185
-
START:  OLED
END:    276.8903193473816
-
START:  OMCL
END:    277.52494859695435
-
START:  ON
END:    278.09311294555664
-
START:  OOMA
END:    278.2932059764862
-
START:  OPRX
END:    278.66617822647095
-
START:  ORA
END:    278.98772144317627
-
START:  ORCL
END:    279.4581959247589
-
START:  ORLY
END:    279.77890157699585
-
START:  ORMP
END:    280.15738821029663
-
START:  OTEX
END:    280.75690841674805
-
START:  PACB
END:    281.0291645526886
-
START:  PAG
END:    281.65594720840454
-
START:  PANW
END:    281.8892734050751
-
START:  PAR
END:    282.22605085372925
-
START:  PAYC
END:    282.71484899520874
-
START:  PAYX
END:    283.2861831188202
-
START:  PBD
END:    283.72895884513855
-
START:  PCTY
END:    284.0227630138397
-
START:  PEGA
END:    284.40310883522034
-
START:  PEN
END:    284.7437787055969
-
START:  PENN
END:    285.24468636512756
-
START:  PEP
END:    285.88614678382874
-
START:  PERI
END:    286.3468759059906
-
START:  PFSI
END:    286.59705805778503
-
START:  PGR
END:    287.1001958847046
-
START:  PH
END:    287.74800729751587
-
START:  PHM
END:    289.64614272117615
-
START:  PKI
END:    290.54986572265625
-
START:  PLL
END:    290.6839292049408
-
START:  PLNT
END:    290.9887809753418
-
START:  PLUG
END:    291.357168674469
-
START:  PLXS
END:    291.87179160118103
-
START:  PODD
END:    292.1378767490387
-
START:  POOL
END:    292.7102689743042
-
START:  POWI
END:    293.0915787220001
-
START:  PRFT
END:    293.4594933986664
-
START:  PRI
END:    293.8448369503021
-
START:  PRTA
END:    294.108505487442
-
START:  PRTS
END:    294.55954003334045
-
START:  PTSI
END:    294.9783992767334
-
START:  PWR
END:    295.47375869750977
-
START:  PYPL
END:    295.66174364089966
-
START:  QADA
END:    296.05278277397156
-
START:  QCLN
END:    296.4994549751282
-
START:  QDEL
END:    297.0869514942169
-
START:  QGEN
END:    297.4760477542877
-
START:  QLYS
END:    297.88482093811035
-
START:  QQQ
END:    298.26358938217163
-
START:  QRVO
END:    298.52090978622437
-
START:  QTWO
END:    298.75301814079285
-
START:  RADA
END:    299.4060411453247
-
START:  RAMP
END:    299.7903251647949
-
START:  RBA
END:    300.5148847103119
-
START:  RCII
END:    300.896409034729
-
START:  RCKY
END:    301.33916544914246
-
START:  RDNT
END:    301.7127618789673
-
START:  RDVT
END:    301.9823250770569
-
START:  RDWR
END:    302.54010105133057
-
START:  REGI
END:    303.02823972702026
-
START:  RENN
END:    303.2820289134979
-
START:  RGEN
END:    303.9936399459839
-
START:  RH
END:    304.3647634983063
-
START:  RILY
END:    304.6395227909088
-
START:  RIOT
END:    304.8446819782257
-
START:  RLI
END:    305.373042345047
-
START:  RLMD
END:    305.812374830246
-
START:  RMD
END:    306.22029185295105
-
START:  RNG
END:    306.6039083003998
-
START:  ROBO
END:    306.82675886154175
-
START:  ROCK
END:    307.40465235710144
-
START:  ROK
END:    308.05647468566895
-
START:  ROKU
END:    308.21605372428894
-
START:  ROL
END:    308.7575833797455
-
START:  ROP
END:    309.306113243103
-
START:  ROST
END:    310.0091462135315
-
START:  RPD
END:    310.2500910758972
-
START:  RPM
END:    310.73828864097595
-
START:  RSG
END:    311.2579917907715
-
START:  RTH
END:    311.69567608833313
-
START:  RUN
END:    311.9855306148529
-
START:  RXI
END:    312.3080916404724
-
START:  SAIA
END:    312.8337633609772
-
START:  SAIC
END:    313.1159770488739
-
START:  SAM
END:    313.702721118927
-
START:  SAVA
END:    314.08895897865295
-
START:  SCI
END:    314.67831015586853
-
START:  SCL
END:    315.3643743991852
-
START:  SE
END:    315.7140130996704
-
START:  SEAS
END:    315.92843079566956
-
START:  SEDG
END:    316.3159830570221
-
START:  SFBS
END:    316.65672302246094
-
START:  SGEN
END:    317.0739278793335
-
START:  SGMS
END:    317.40180563926697
-
START:  SGRY
END:    317.70343017578125
-
START:  SHOP
END:    317.87861371040344
-
START:  SHW
END:    318.54781675338745
-
START:  SHYF
END:    318.9642400741577
-
START:  SITE
END:    319.15515327453613
-
START:  SIVB
END:    319.66614842414856
-
START:  SJW
END:    320.337277173996
-
START:  SKY
END:    320.90377140045166
-
START:  SLAB
END:    321.4266104698181
-
START:  SLP
END:    321.818808555603
-
START:  SMH
END:    322.43023896217346
-
START:  SMTC
END:    322.8738498687744
-
START:  SNAP
END:    323.16393280029297
-
START:  SNPS
END:    323.7145278453827
-
START:  SOCL
END:    323.9698476791382
-
START:  SOXL
END:    324.21879601478577
-
START:  SPGI
END:    324.8113784790039
-
START:  SPLG
END:    325.1743414402008
-
START:  SPLK
END:    325.4713981151581
-
START:  SPNS
END:    325.81880354881287
-
START:  SPSC
END:    326.1492474079132
-
START:  SPTM
END:    326.6367106437683
-
START:  SPWH
END:    326.9755790233612
-
START:  SPWR
END:    327.6363935470581
-
START:  SPXC
END:    328.0798804759979
-
START:  SPXL
END:    328.3652820587158
-
START:  SPY
END:    328.97632789611816
-
START:  SPYG
END:    329.69977474212646
-
START:  SQ
END:    329.8654057979584
-
START:  SSD
END:    330.261825799942
-
START:  SSNC
END:    330.5838613510132
-
START:  SSTK
END:    330.8286621570587
-
START:  STAA
END:    331.1752276420593
-
START:  STE
END:    331.7982623577118
-
START:  SUSA
END:    332.1552176475525
-
START:  SYK
END:    332.7679352760315
-
START:  SYNA
END:    333.14329409599304
-
START:  TBBK
END:    333.4428496360779
-
START:  TBK
END:    333.70638060569763
-
START:  TDG
END:    334.0160312652588
-
START:  TDOC
END:    334.2328522205353
-
START:  TDY
END:    334.93636441230774
-
START:  TEAM
END:    335.27298951148987
-
START:  TECH
END:    335.6236455440521
-
START:  TECL
END:    336.2526698112488
-
START:  TER
END:    336.8420441150665
-
START:  TFX
END:    337.26668548583984
-
START:  TGH
END:    338.0051989555359
-
START:  TGLS
END:    338.3908202648163
-
START:  TGT
END:    338.9492814540863
-
START:  TGTX
END:    339.3640146255493
-
START:  THC
END:    339.74531722068787
-
START:  TJX
END:    340.38252902030945
-
START:  TMO
END:    340.80541706085205
-
START:  TMUS
END:    341.19319796562195
-
START:  TNDM
END:    341.6659152507782
-
START:  TNET
END:    342.02035784721375
-
START:  TPX
END:    342.3863022327423
-
START:  TREX
END:    343.13782358169556
-
START:  TRI
END:    343.627361536026
-
START:  TRIL
END:    344.0586767196655
-
START:  TRMB
END:    344.4887685775757
-
START:  TRNS
END:    344.832350730896
-
START:  TROW
END:    345.67472982406616
-
START:  TRU
END:    346.06245708465576
-
START:  TRUP
END:    346.252135515213
-
START:  TSCO
END:    346.7350764274597
-
START:  TSLA
END:    347.19403195381165
-
START:  TSM
END:    347.55634689331055
-
START:  TT
END:    348.0210106372833
-
START:  TTC
END:    348.77593064308167
-
START:  TTD
END:    349.1057074069977
-
START:  TTEC
END:    349.4712870121002
-
START:  TTEK
END:    350.000853061676
-
START:  TTGT
END:    350.5310881137848
-
START:  TTWO
END:    351.33313608169556
-
START:  TWLO
END:    351.61553978919983
-
START:  TXN
END:    352.17533564567566
-
START:  TYL
END:    352.51713156700134
-
START:  UCTT
END:    352.8272714614868
-
START:  UFPI
END:    353.20190811157227
-
START:  UFPT
END:    353.98638105392456
-
START:  UI
END:    354.20491123199463
-
START:  UMC
END:    354.5933117866516
-
START:  UNF
END:    355.0361764431
-
START:  UNH
END:    355.7010340690613
-
START:  UNP
END:    356.3126187324524
-
START:  UPLD
END:    356.6773273944855
-
START:  URI
END:    358.098929643631
-
START:  V
END:    359.6359267234802
-
START:  VALU
END:    360.0850176811218
-
START:  VBK
END:    360.5327196121216
-
START:  VCEL
END:    364.22662353515625
-
START:  VCR
END:    364.88569378852844
-
START:  VCTR
END:    365.01523518562317
-
START:  VCYT
END:    365.53095412254333
-
START:  VDC
END:    365.97310972213745
-
START:  VEEV
END:    366.18281841278076
-
START:  VERU
END:    366.5111782550812
-
START:  VGT
END:    366.889356136322
-
START:  VHT
END:    367.57236194610596
-
START:  VIAV
END:    368.01541805267334
-
START:  VICR
END:    368.4693670272827
-
START:  VIG
END:    369.1346173286438
-
START:  VO
END:    369.6361651420593
-
START:  VONE
END:    370.09613156318665
-
START:  VONG
END:    370.62861943244934
-
START:  VOO
END:    371.0245099067688
-
START:  VOOG
END:    371.4651370048523
-
START:  VOOV
END:    371.7181541919708
-
START:  VOT
END:    372.0062954425812
-
START:  VPU
END:    372.4297499656677
-
START:  VRNS
END:    372.88170742988586
-
START:  VRSK
END:    373.4406945705414
-
START:  VRSN
END:    373.79853534698486
-
START:  VRTV
END:    374.013144493103
-
START:  VSTO
END:    374.3035125732422
-
START:  VTHR
END:    374.56240582466125
-
START:  VTI
END:    374.9637849330902
-
START:  VTNR
END:    375.49778628349304
-
START:  VTWG
END:    376.0086452960968
-
START:  VUG
END:    376.4504370689392
-
START:  VV
END:    376.81980991363525
-
START:  VXF
END:    377.54520177841187
-
START:  WCN
END:    377.94784712791443
-
START:  WD
END:    378.28245973587036
-
START:  WDAY
END:    378.489972114563
-
START:  WDFC
END:    379.3880367279053
-
START:  WEC
END:    379.9725332260132
-
START:  WEN
END:    380.5841178894043
-
START:  WINA
END:    380.9434096813202
-
START:  WING
END:    381.1377646923065
-
START:  WIRE
END:    381.822069644928
-
START:  WIX
END:    382.1106219291687
-
START:  WK
END:    382.28950357437134
-
START:  WLTW
END:    382.67915892601013
-
START:  WM
END:    383.31270575523376
-
START:  WMS
END:    383.9717845916748
-
START:  WNS
END:    384.3847336769104
-
START:  WRB
END:    384.8131868839264
-
START:  WSC
END:    385.2850019931793
-
START:  WSM
END:    385.8408274650574
-
START:  WST
END:    386.4249291419983
-
START:  WTRG
END:    387.1468994617462
-
START:  WTS
END:    387.7969398498535
-
START:  XEL
END:    388.5636053085327
-
START:  XENE
END:    388.7834553718567
-
START:  XLK
END:    389.21954441070557
-
START:  XLNX
END:    389.7641136646271
-
START:  XLP
END:    390.2535424232483
-
START:  XLRN
END:    390.6798677444458
-
START:  XLU
END:    392.27969908714294
-
START:  XLV
END:    392.8772761821747
-
START:  XLY
END:    393.3797833919525
-
START:  XYL
END:    393.65642523765564
-
START:  YNDX
END:    393.9841227531433
-
START:  YORW
END:    394.640753030777
-
START:  YUM
END:    395.22930788993835
-
START:  Z
END:    395.39736461639404
-
START:  ZBRA
END:    395.78777170181274
-
START:  ZEN
END:    396.2613697052002
-
START:  ZLAB
END:    396.45407462120056
-
START:  ZNGA
END:    396.8517732620239
-
START:  ZS
END:    397.1928470134735
-
START:  ZTS
END:    397.5796494483948
-
START:  ZYXI
END:    398.1624255180359
-
===========================
MACD golden cross
===========================
START:  code
START:  A
START:  AAON
START:  AAPL
START:  ABG
START:  ABT
START:  ACLS
START:  ACMR
START:  ACN
START:  ADBE
START:  ADI
START:  ADP
START:  ADSK
START:  ADUS
START:  AEE
START:  AGYS
START:  AIZ
START:  AJG
START:  AJRD
START:  ALB
START:  ALG
START:  ALGN
START:  ALLE
START:  ALTR
START:  AMAT
START:  AMBA
START:  AMD
START:  AME
START:  AMED
START:  AMEH
START:  AMGN
START:  AMN
START:  AMP
START:  AMRC
START:  AMSWA
START:  AMTX
START:  AMZN
START:  AN
START:  ANSS
START:  ANTM
START:  AON
START:  AOSL
START:  APD
START:  APH
START:  APPF
START:  APPN
START:  APPS
START:  AQN
START:  ARCB
START:  ARCT
START:  ARES
START:  ARGX
START:  ARWR
START:  ASML
START:  ASPN
START:  ATEC
START:  ATEN
START:  ATKR
START:  ATOM
START:  ATR
START:  ATRC
START:  AUDC
START:  AUPH
START:  AVAV
START:  AVGO
START:  AVID
START:  AVNW
START:  AVXL
START:  AVY
START:  AWK
START:  AWR
START:  AXON
START:  AZO
START:  AZPN
START:  BAH
START:  BAM
START:  BAX
START:  BBH
START:  BBQ
START:  BBY
START:  BCPC
START:  BDX
START:  BEEM
START:  BFAM
START:  BFC
START:  BGFV
START:  BGNE
START:  BHVN
START:  BIO
START:  BL
START:  BLD
START:  BLDP
START:  BLDR
START:  BLFS
START:  BLK
START:  BLL
START:  BLNK
START:  BMI
START:  BOOT
START:  BOTZ
START:  BR
START:  BRKR
START:  BRKS
START:  BRO
START:  BURL
START:  BX
START:  CABO
START:  CACI
START:  CALX
START:  CAMT
START:  CAR
START:  CBRE
START:  CBSH
START:  CBZ
START:  CCOI
START:  CCS
START:  CDMO
START:  CDNA
START:  CDNS
START:  CDW
START:  CELH
START:  CGNX
START:  CHD
START:  CHDN
START:  CHE
START:  CHGG
START:  CHH
START:  CHKP
START:  CHTR
START:  CIEN
START:  CLAR
START:  CLFD
START:  CLGN
START:  CLNE
START:  CLPT
START:  CLX
START:  CMCSA
START:  CMG
START:  CMS
START:  CNC
START:  CNI
START:  CNMD
START:  CNS
START:  CNXN
START:  COO
START:  COST
START:  COUP
START:  COWN
START:  CP
START:  CPK
START:  CPRT
START:  CPSH
START:  CRAI
START:  CREE
START:  CRL
START:  CRM
START:  CRMT
START:  CROX
START:  CRSP
START:  CRVL
START:  CSGP
START:  CSL
START:  CSWI
START:  CSX
START:  CTAS
START:  CTLT
START:  CTRN
START:  CURE
START:  CVCO
START:  CVNA
START:  CWST
START:  CWT
START:  CXSE
START:  CYBR
START:  CYRX
START:  CYTK
START:  DAC
START:  DAR
START:  DAVA
START:  DDS
START:  DE
START:  DECK
START:  DELL
START:  DFIN
START:  DG
START:  DGRW
START:  DHI
START:  DHR
START:  DIA
START:  DIOD
START:  DIS
START:  DKS
START:  DLN
START:  DNLI
START:  DOMO
START:  DOV
START:  DPZ
START:  DQ
START:  DRD
START:  DRIO
START:  DRNA
START:  DSGX
START:  DVAX
START:  DXCM
START:  ECL
START:  EFX
START:  EGAN
START:  EHC
START:  EL
START:  ENPH
START:  ENSG
START:  ENTG
START:  ENV
START:  EPAM
START:  ERIE
START:  ES
START:  ESE
START:  ETN
START:  ETSY
START:  EVBG
START:  EVTC
START:  EW
START:  EWT
START:  EXAS
START:  EXLS
START:  EXPD
START:  EXPI
START:  EXPO
START:  FAST
START:  FATE
START:  FB
START:  FCN
START:  FCX
START:  FDN
START:  FDS
START:  FELE
START:  FFIN
START:  FICO
START:  FINX
START:  FIS
START:  FISV
START:  FIVE
START:  FIVN
START:  FLGT
START:  FLT
START:  FLWS
START:  FN
START:  FND
START:  FNV
START:  FORM
START:  FOXF
START:  FPX
START:  FRC
START:  FRHC
START:  FRPT
START:  FSS
START:  FTNT
START:  FUV
START:  GDEN
START:  GFI
START:  GGG
START:  GIB
START:  GLDD
START:  GLOB
START:  GMAB
START:  GME
START:  GMED
START:  GNRC
START:  GNSS
START:  GNTX
START:  GOLF
START:  GOOG
START:  GOOGL
START:  GPI
START:  GPN
START:  GRBK
START:  GRMN
START:  GRVY
START:  GRWG
START:  GWRE
START:  HACK
START:  HALO
START:  HCI
START:  HD
START:  HEI
START:  HELE
START:  HIBB
START:  HLI
START:  HLT
START:  HOLX
START:  HON
START:  HOV
START:  HRC
START:  HRI
START:  HSKA
START:  HTHT
START:  HUBS
START:  HUM
START:  HZNP
START:  IAC
START:  IBP
START:  ICE
START:  ICLN
START:  ICLR
START:  IDT
START:  IDXX
START:  IESC
START:  IEX
START:  ILMN
START:  INFO
START:  INOV
START:  INSP
START:  INTC
START:  INTU
START:  INTZ
START:  INVE
START:  IOO
START:  IQV
START:  IRDM
START:  IRMD
START:  ISEE
START:  ISRG
START:  IT
START:  ITT
START:  ITW
START:  IVOG
START:  IVV
START:  IXJ
START:  IXN
START:  J
START:  JBL
START:  JBSS
START:  JD
START:  JKHY
START:  JKS
START:  JNJ
START:  JOE
START:  JOUT
START:  JYNT
START:  KAI
START:  KBH
START:  KBR
START:  KDMN
START:  KEYS
START:  KLAC
START:  KLIC
START:  KMX
START:  KNSL
START:  KOPN
START:  KOSS
START:  KRNT
START:  KSU
START:  KTOS
START:  LAC
START:  LAD
START:  LANC
START:  LAWS
START:  LDOS
START:  LFMD
START:  LGIH
START:  LH
START:  LHCG
START:  LHX
START:  LII
START:  LIN
START:  LINC
START:  LIT
START:  LLY
START:  LMT
START:  LNT
START:  LOB
START:  LOGI
START:  LOVE
START:  LOW
START:  LPLA
START:  LPSN
START:  LQDT
START:  LRCX
START:  LSCC
START:  LSTR
START:  LULU
START:  LUNA
START:  MA
START:  MANH
START:  MANT
START:  MARA
START:  MASI
START:  MATX
START:  MBUU
START:  MCD
START:  MCHP
START:  MCO
START:  MDB
START:  MDT
START:  MEDP
START:  MEDS
START:  MELI
START:  MGC
START:  MGIC
START:  MGK
START:  MGNI
START:  MHO
START:  MIME
START:  MITK
START:  MKC
START:  MKSI
START:  MKTX
START:  MLAB
START:  MLR
START:  MMC
START:  MMS
START:  MNMD
START:  MNST
START:  MODN
START:  MODV
START:  MOH
START:  MORN
START:  MPWR
START:  MRTX
START:  MRVL
START:  MS
START:  MSA
START:  MSCI
START:  MSEX
START:  MSFT
START:  MSI
START:  MSTR
START:  MTBC
START:  MTCH
START:  MTD
START:  MTEX
START:  MTH
START:  MTLS
START:  MTSI
START:  MU
START:  MUSA
START:  MVIS
START:  MXL
START:  MYRG
START:  NBIX
START:  NCBS
START:  NDAQ
START:  NDSN
START:  NEE
START:  NEO
START:  NEOG
START:  NFLX
START:  NICE
START:  NISN
START:  NKE
START:  NOVT
START:  NOW
START:  NSC
START:  NSIT
START:  NSSC
START:  NSTG
START:  NTLA
START:  NTRA
START:  NUAN
START:  NVCR
START:  NVDA
START:  NVMI
START:  NVO
START:  NVR
START:  NXST
START:  NYT
START:  OBCI
START:  ODFL
START:  OEF
START:  OFLX
START:  OLED
START:  OMCL
START:  ON
START:  OOMA
START:  OPRX
START:  ORA
START:  ORCL
START:  ORLY
START:  ORMP
START:  OTEX
START:  PACB
START:  PAG
START:  PANW
START:  PAR
START:  PAYC
START:  PAYX
START:  PBD
START:  PCTY
START:  PEGA
START:  PEN
START:  PENN
START:  PEP
START:  PERI
START:  PFSI
START:  PGR
START:  PH
START:  PHM
START:  PKI
START:  PLL
START:  PLNT
START:  PLUG
START:  PLXS
START:  PODD
START:  POOL
START:  POWI
START:  PRFT
START:  PRI
START:  PRTA
START:  PRTS
START:  PTSI
START:  PWR
START:  PYPL
START:  QADA
START:  QCLN
START:  QDEL
START:  QGEN
START:  QLYS
START:  QQQ
START:  QRVO
START:  QTWO
START:  RADA
START:  RAMP
START:  RBA
START:  RCII
START:  RCKY
START:  RDNT
START:  RDVT
START:  RDWR
START:  REGI
START:  RENN
START:  RGEN
START:  RH
START:  RILY
START:  RIOT
START:  RLI
START:  RLMD
START:  RMD
START:  RNG
START:  ROBO
START:  ROCK
START:  ROK
START:  ROKU
START:  ROL
START:  ROP
START:  ROST
START:  RPD
START:  RPM
START:  RSG
START:  RTH
START:  RUN
START:  RXI
START:  SAIA
START:  SAIC
START:  SAM
START:  SAVA
START:  SCI
START:  SCL
START:  SE
START:  SEAS
START:  SEDG
START:  SFBS
START:  SGEN
START:  SGMS
START:  SGRY
START:  SHOP
START:  SHW
START:  SHYF
START:  SITE
START:  SIVB
START:  SJW
START:  SKY
START:  SLAB
START:  SLP
START:  SMH
START:  SMTC
START:  SNAP
START:  SNPS
START:  SOCL
START:  SOXL
START:  SPGI
START:  SPLG
START:  SPLK
START:  SPNS
START:  SPSC
START:  SPTM
START:  SPWH
START:  SPWR
START:  SPXC
START:  SPXL
START:  SPY
START:  SPYG
START:  SQ
START:  SSD
START:  SSNC
START:  SSTK
START:  STAA
START:  STE
START:  SUSA
START:  SYK
START:  SYNA
START:  TBBK
START:  TBK
START:  TDG
START:  TDOC
START:  TDY
START:  TEAM
START:  TECH
START:  TECL
START:  TER
START:  TFX
START:  TGH
START:  TGLS
START:  TGT
START:  TGTX
START:  THC
START:  TJX
START:  TMO
START:  TMUS
START:  TNDM
START:  TNET
START:  TPX
START:  TREX
START:  TRI
START:  TRIL
START:  TRMB
START:  TRNS
START:  TROW
START:  TRU
START:  TRUP
START:  TSCO
START:  TSLA
START:  TSM
START:  TT
START:  TTC
START:  TTD
START:  TTEC
START:  TTEK
START:  TTGT
START:  TTWO
START:  TWLO
START:  TXN
START:  TYL
START:  UCTT
START:  UFPI
START:  UFPT
START:  UI
START:  UMC
START:  UNF
START:  UNH
START:  UNP
START:  UPLD
START:  URI
START:  V
START:  VALU
START:  VBK
START:  VCEL
START:  VCR
START:  VCTR
START:  VCYT
START:  VDC
START:  VEEV
START:  VERU
START:  VGT
START:  VHT
START:  VIAV
START:  VICR
START:  VIG
START:  VO
START:  VONE
START:  VONG
START:  VOO
START:  VOOG
START:  VOOV
START:  VOT
START:  VPU
START:  VRNS
START:  VRSK
START:  VRSN
START:  VRTV
START:  VSTO
START:  VTHR
START:  VTI
START:  VTNR
START:  VTWG
START:  VUG
START:  VV
START:  VXF
START:  WCN
START:  WD
START:  WDAY
START:  WDFC
START:  WEC
START:  WEN
START:  WINA
START:  WING
START:  WIRE
START:  WIX
START:  WK
START:  WLTW
START:  WM
START:  WMS
START:  WNS
START:  WRB
START:  WSC
START:  WSM
START:  WST
START:  WTRG
START:  WTS
START:  XEL
START:  XENE
START:  XLK
START:  XLNX
START:  XLP
START:  XLRN
START:  XLU
START:  XLV
START:  XLY
START:  XYL
START:  YNDX
START:  YORW
START:  YUM
START:  Z
START:  ZBRA
START:  ZEN
START:  ZLAB
START:  ZNGA
START:  ZS
START:  ZTS
START:  ZYXI
==== MACD golden cross ====
None
code: AAPL     day: macd + hist + hist_1pre + ,  Week: macd + hist + hist_1pre - , Month: macd + hist + hist_1pre + , 
Trade --> code: AAPL   BUY: 2004-03-31    0.48 SELL: 2009-01-31    3.22  macd:   -0.01 macd_count:  58 profit:  6.67
Trade --> code: AAPL   BUY: 2009-06-30    5.09 SELL: 2021-11-30  160.55  macd:   18.85 macd_count: 150 profit: 31.56

code: AMN      day: macd + hist + hist_1pre + ,  Week: macd + hist + hist_1pre - , Month: macd + hist + hist_1pre + , 
Trade --> code: AMN    BUY: 2005-12-31   19.78 SELL: 2007-11-30   16.88  macd:   -0.20 macd_count:  23 profit:  0.85
Trade --> code: AMN    BUY: 2012-10-31    9.92 SELL: 2021-11-30  118.59  macd:   13.09 macd_count: 110 profit: 11.95

code: BLL      day: macd + hist + hist_1pre + ,  Week: macd + hist + hist_1pre - , Month: macd + hist - hist_1pre - , 
Trade --> code: BLL    BUY: 2004-03-31    8.47 SELL: 2008-10-31    8.55  macd:   -0.15 macd_count:  55 profit:  1.01
Trade --> code: BLL    BUY: 2009-09-30   12.30 SELL: 2021-11-30   95.70  macd:    6.14 macd_count: 147 profit:  7.78

code: CDW      day: macd + hist + hist_1pre + ,  Week: macd + hist + hist_1pre - , Month: macd + hist + hist_1pre + , 
Trade --> code: CDW    BUY: 2015-10-31   44.69 SELL: 2021-11-30  196.06  macd:   20.02 macd_count:  74 profit:  4.39

code: CRVL     day: macd + hist + hist_1pre + ,  Week: macd + hist + hist_1pre - , Month: macd + hist + hist_1pre + , 
Trade --> code: CRVL   BUY: 2004-03-31   12.07 SELL: 2004-06-30    9.45  macd:   -0.10 macd_count:   3 profit:  0.78
Trade --> code: CRVL   BUY: 2006-09-30   11.69 SELL: 2009-01-31    8.82  macd:   -0.28 macd_count:  28 profit:  0.75
Trade --> code: CRVL   BUY: 2009-10-31   14.25 SELL: 2015-07-31   31.96  macd:   -0.15 macd_count:  69 profit:  2.24
Trade --> code: CRVL   BUY: 2015-12-31   43.92 SELL: 2021-11-30  195.35  macd:   25.62 macd_count:  72 profit:  4.45

code: DKS      day: macd + hist + hist_1pre + ,  Week: macd + hist + hist_1pre - , Month: macd + hist + hist_1pre + , 
Trade --> code: DKS    BUY: 2005-02-28   17.92 SELL: 2008-07-31   17.55  macd:   -0.11 macd_count:  41 profit:  0.98
Trade --> code: DKS    BUY: 2010-01-31   22.37 SELL: 2014-09-30   43.88  macd:   -0.11 macd_count:  56 profit:  1.96
Trade --> code: DKS    BUY: 2014-12-31   49.65 SELL: 2015-11-30   39.03  macd:   -0.64 macd_count:  11 profit:  0.79
Trade --> code: DKS    BUY: 2016-08-31   58.60 SELL: 2017-06-30   39.83  macd:   -0.65 macd_count:  10 profit:  0.68
Trade --> code: DKS    BUY: 2019-11-30   45.81 SELL: 2020-03-31   21.26  macd:   -0.38 macd_count:   4 profit:  0.46
Trade --> code: DKS    BUY: 2020-07-31   45.62 SELL: 2021-11-30  138.59  macd:   20.78 macd_count:  17 profit:  3.04

code: DSGX     day: macd + hist + hist_1pre + ,  Week: macd + hist + hist_1pre - , Month: macd + hist + hist_1pre + , 
Trade --> code: DSGX   BUY: 2005-12-31    3.14 SELL: 2008-08-31    3.36  macd:   -0.02 macd_count:  32 profit:  1.07
Trade --> code: DSGX   BUY: 2009-08-31    4.46 SELL: 2021-11-30   89.98  macd:    9.64 macd_count: 148 profit: 20.17

code: FLGT     day: macd + hist + hist_1pre + ,  Week: macd + hist + hist_1pre - , Month: macd + hist - hist_1pre - , 
Trade --> code: FLGT   BUY: 2019-08-31   11.41 SELL: 2021-11-30   93.98  macd:   17.43 macd_count:  28 profit:  8.24

code: INFO     day: macd + hist + hist_1pre + ,  Week: macd + hist + hist_1pre - , Month: macd + hist + hist_1pre + , 
Trade --> code: INFO   BUY: 2016-10-31   36.79 SELL: 2021-11-30  129.15  macd:   13.95 macd_count:  62 profit:  3.51

code: IQV      day: macd + hist + hist_1pre + ,  Week: macd + hist + hist_1pre - , Month: macd + hist + hist_1pre + , 
Trade --> code: IQV    BUY: 2015-09-30   69.57 SELL: 2021-11-30  268.17  macd:   28.77 macd_count:  75 profit:  3.85

code: MTD      day: macd + hist + hist_1pre + ,  Week: macd + hist + hist_1pre - , Month: macd + hist + hist_1pre + , 
Trade --> code: MTD    BUY: 2004-03-31   44.40 SELL: 2009-01-31   66.58  macd:   -1.07 macd_count:  58 profit:  1.50
Trade --> code: MTD    BUY: 2009-11-30   99.48 SELL: 2021-11-30 1552.07  macd:  175.46 macd_count: 145 profit: 15.60

code: OTEX     day: macd + hist + hist_1pre + ,  Week: macd + hist + hist_1pre - , Month: macd + hist + hist_1pre + , 
Trade --> code: OTEX   BUY: 2004-03-31    7.45 SELL: 2005-05-31    4.02  macd:   -0.01 macd_count:  14 profit:  0.54
Trade --> code: OTEX   BUY: 2006-12-31    5.07 SELL: 2021-11-30   52.13  macd:    2.81 macd_count: 180 profit: 10.27

code: PANW     day: macd + hist + hist_1pre + ,  Week: macd + hist + hist_1pre - , Month: macd + hist + hist_1pre + , 
Trade --> code: PANW   BUY: 2014-11-30  123.00 SELL: 2017-04-30  108.41  macd:   -0.55 macd_count:  29 profit:  0.88
Trade --> code: PANW   BUY: 2017-10-31  147.20 SELL: 2021-11-30  530.34  macd:   64.22 macd_count:  50 profit:  3.60

code: PKI      day: macd + hist + hist_1pre + ,  Week: macd + hist + hist_1pre - , Month: macd + hist + hist_1pre + , 
Trade --> code: PKI    BUY: 2004-03-31   20.69 SELL: 2008-11-30   18.06  macd:   -0.23 macd_count:  56 profit:  0.87
Trade --> code: PKI    BUY: 2010-04-30   25.05 SELL: 2011-11-30   18.92  macd:   -0.03 macd_count:  19 profit:  0.76
Trade --> code: PKI    BUY: 2012-02-29   27.00 SELL: 2021-11-30  188.82  macd:   20.29 macd_count: 118 profit:  6.99

code: QGEN     day: macd + hist + hist_1pre + ,  Week: macd + hist + hist_1pre - , Month: macd + hist + hist_1pre + , 
Trade --> code: QGEN   BUY: 2005-03-31   12.41 SELL: 2009-02-28   16.65  macd:   -0.04 macd_count:  47 profit:  1.34
Trade --> code: QGEN   BUY: 2009-08-31   21.36 SELL: 2010-11-30   19.01  macd:   -0.05 macd_count:  15 profit:  0.89
Trade --> code: QGEN   BUY: 2011-02-28   21.44 SELL: 2011-07-31   17.61  macd:   -0.13 macd_count:   5 profit:  0.82
Trade --> code: QGEN   BUY: 2013-01-31   21.81 SELL: 2016-05-31   22.43  macd:   -0.02 macd_count:  40 profit:  1.03
Trade --> code: QGEN   BUY: 2016-07-31   27.86 SELL: 2021-11-30   55.46  macd:    3.39 macd_count:  65 profit:  1.99

code: TRI      day: macd + hist + hist_1pre + ,  Week: macd + hist + hist_1pre - , Month: macd + hist + hist_1pre + , 
Trade --> code: TRI    BUY: 2004-10-31   34.69 SELL: 2008-03-31   33.53  macd:   -0.40 macd_count:  41 profit:  0.97
Trade --> code: TRI    BUY: 2010-03-31   36.30 SELL: 2011-09-30   27.04  macd:   -0.22 macd_count:  18 profit:  0.74
Trade --> code: TRI    BUY: 2013-06-30   32.57 SELL: 2018-05-31   38.82  macd:   -0.22 macd_count:  59 profit:  1.19
Trade --> code: TRI    BUY: 2018-09-30   45.68 SELL: 2021-11-30  123.35  macd:   12.52 macd_count:  39 profit:  2.70

code: UMC      day: macd + hist + hist_1pre + ,  Week: macd + hist + hist_1pre - , Month: macd + hist + hist_1pre + , 
Trade --> code: UMC    BUY: 2009-12-31    3.88 SELL: 2010-08-31    2.57  macd:   -0.03 macd_count:   8 profit:  0.66
Trade --> code: UMC    BUY: 2015-01-31    2.38 SELL: 2015-07-31    1.80  macd:   -0.01 macd_count:   6 profit:  0.76
Trade --> code: UMC    BUY: 2017-06-30    2.44 SELL: 2018-12-31    1.79  macd:   -0.01 macd_count:  18 profit:  0.73
Trade --> code: UMC    BUY: 2019-12-31    2.68 SELL: 2021-11-30   11.68  macd:    1.93 macd_count:  24 profit:  4.36

code: WTRG     day: macd + hist + hist_1pre + ,  Week: macd + hist + hist_1pre - , Month: macd + hist + hist_1pre - , 
Trade --> code: WTRG   BUY: 2004-03-31   13.01 SELL: 2007-12-31   16.96  macd:   -0.02 macd_count:  45 profit:  1.30
Trade --> code: WTRG   BUY: 2010-09-30   16.32 SELL: 2021-11-30   48.57  macd:    1.63 macd_count: 135 profit:  2.98

