Fri Sep  2 14:02:15 UTC 2022
arg[0]: scraping/yahoo-finace-api2.py, arg[1]: stock-code-list/buy-list.txt
===========================
scraping
===========================
START:  AAPL
END:    0.5412020683288574
-
START:  EL
END:    1.0862023830413818
-
START:  NEE
END:    1.5511384010314941
-
START:  AMD
END:    1.9366321563720703
-
START:  APH
END:    2.3738322257995605
-
START:  XLP
END:    2.841891050338745
-
START:  SPXL
END:    3.2185096740722656
-
START:  KEYS
END:    3.4612884521484375
-
START:  VDC
END:    3.8604326248168945
-
START:  SPTM
END:    4.334856748580933
-
START:  SPLG
END:    4.773773670196533
-
START:  CROX
END:    5.122610807418823
-
START:  AXON
END:    5.515344858169556
-
START:  AWR
END:    6.061494827270508
-
START:  FN
END:    6.359899044036865
-
START:  NXST
END:    6.754825830459595
-
START:  TREX
END:    7.165812015533447
-
START:  RGEN
END:    7.57460880279541
-
START:  EXPO
END:    8.00888180732727
-
START:  BCPC
END:    8.457172870635986
-
START:  SOXL
END:    8.785455703735352
-
START:  TECL
END:    9.15410852432251
-
START:  NEO
END:    9.540134906768799
-
START:  NVMI
END:    10.03093433380127
-
START:  NVDA
END:    10.491405010223389
-
START:  BBDC
END:    10.834823608398438
-
START:  APPS
END:    11.178152084350586
-
START:  ROK
END:    11.706559181213379
-
START:  NHTC
END:    12.127768278121948
-
START:  ZYXI
END:    12.530420780181885
-
START:  LIT
END:    12.878345727920532
-
START:  LLY
END:    13.410054445266724
-
START:  GTLB
END:    13.4933340549469
-
START:  MCD
END:    13.956490516662598
-
START:  MSI
END:    14.458984851837158
-
START:  HCP
END:    14.531176090240479
-
START:  ON
END:    14.948274374008179
-
===========================
MACD sell
===========================
START:  AAPL
START:  EL
START:  NEE
START:  AMD
START:  APH
START:  XLP
START:  SPXL
START:  KEYS
START:  VDC
START:  SPTM
START:  SPLG
START:  CROX
START:  AXON
START:  AWR
START:  FN
START:  NXST
START:  TREX
START:  RGEN
START:  EXPO
START:  BCPC
START:  SOXL
START:  TECL
START:  NEO
START:  NVMI
START:  NVDA
START:  BBDC
START:  APPS
START:  ROK
START:  NHTC
START:  ZYXI
START:  LIT
START:  LLY
START:  GTLB
START:  MCD
START:  MSI
START:  HCP
START:  ON
==== MACD list ====
code: AAPL     day: macd + hist - ,  Week: macd + hist + , Month: macd + hist - , 
code: EL       day: macd - hist - ,  Week: macd - hist - , Month: macd + hist - , 
code: NEE      day: macd + hist - ,  Week: macd + hist + , Month: macd + hist - , 
code: AMD      day: macd - hist - ,  Week: macd - hist - , Month: macd + hist - , 
code: APH      day: macd + hist - ,  Week: macd + hist + , Month: macd + hist - , 
code: XLP      day: macd - hist - ,  Week: macd + hist + , Month: macd + hist - , 
code: SPXL     day: macd - hist - ,  Week: macd - hist + , Month: macd + hist - , 
code: KEYS     day: macd + hist - ,  Week: macd + hist + , Month: macd + hist - , 
code: VDC      day: macd - hist - ,  Week: macd + hist + , Month: macd + hist - , 
code: SPTM     day: macd - hist - ,  Week: macd - hist + , Month: macd + hist - , 
code: SPLG     day: macd - hist - ,  Week: macd - hist + , Month: macd + hist - , 
code: CROX     day: macd + hist - ,  Week: macd - hist + , Month: macd - hist - , 
code: AXON     day: macd + hist - ,  Week: macd + hist + , Month: macd - hist - , 
code: AWR      day: macd - hist - ,  Week: macd + hist + , Month: macd + hist - , 
code: FN       day: macd + hist - ,  Week: macd + hist + , Month: macd + hist - , 
code: NXST     day: macd + hist - ,  Week: macd + hist + , Month: macd + hist + , 
code: TREX     day: macd - hist - ,  Week: macd - hist - , Month: macd - hist - , 
code: RGEN     day: macd + hist - ,  Week: macd + hist + , Month: macd + hist - , 
code: EXPO     day: macd - hist - ,  Week: macd + hist - , Month: macd + hist - , 
code: BCPC     day: macd + hist - ,  Week: macd + hist + , Month: macd + hist - , 
code: SOXL     day: macd - hist - ,  Week: macd - hist + , Month: macd - hist - , 
code: TECL     day: macd - hist - ,  Week: macd - hist + , Month: macd - hist - , 
code: NEO      day: macd - hist - ,  Week: macd - hist + , Month: macd - hist - , 
code: NVMI     day: macd - hist - ,  Week: macd - hist + , Month: macd + hist - , 
code: NVDA     day: macd - hist - ,  Week: macd - hist - , Month: macd + hist - , 
code: BBDC     day: macd + hist - ,  Week: macd - hist + , Month: macd + hist - , 
code: APPS     day: macd - hist - ,  Week: macd - hist + , Month: macd - hist - , 
code: ROK      day: macd + hist - ,  Week: macd - hist + , Month: macd + hist - , 
code: NHTC     day: macd - hist - ,  Week: macd - hist + , Month: macd - hist - , 
code: ZYXI     day: macd + hist - ,  Week: macd + hist + , Month: macd - hist - , 
code: LIT      day: macd - hist - ,  Week: macd + hist - , Month: macd + hist - , 
code: LLY      day: macd - hist - ,  Week: macd + hist - , Month: macd + hist + , 
code: GTLB     day: macd - hist - ,  Week: macd + hist - , Month: macd + hist + , 
code: MCD      day: macd - hist - ,  Week: macd + hist - , Month: macd + hist - , 
code: MSI      day: macd + hist - ,  Week: macd + hist + , Month: macd + hist - , 
code: HCP      day: macd - hist - ,  Week: macd - hist + , Month: macd + hist + , 
code: ON       day: macd + hist - ,  Week: macd + hist + , Month: macd + hist + , 
==== MACD sell list ====
code: AAPL     day: macd + hist - , 
code: AAPL     day: macd + hist - ,  Week: macd + hist + , Month: macd + hist - , 
code: EL       day: macd - hist - , 
code: EL       day: macd - hist - ,  Week: macd - hist - , 
code: EL       day: macd - hist - ,  Week: macd - hist - , Month: macd + hist - , 
code: NEE      day: macd + hist - , 
code: NEE      day: macd + hist - ,  Week: macd + hist + , Month: macd + hist - , 
code: AMD      day: macd - hist - , 
code: AMD      day: macd - hist - ,  Week: macd - hist - , 
code: AMD      day: macd - hist - ,  Week: macd - hist - , Month: macd + hist - , 
code: APH      day: macd + hist - , 
code: APH      day: macd + hist - ,  Week: macd + hist + , Month: macd + hist - , 
code: XLP      day: macd - hist - , 
code: XLP      day: macd - hist - ,  Week: macd + hist + , Month: macd + hist - , 
code: SPXL     day: macd - hist - , 
code: SPXL     day: macd - hist - ,  Week: macd - hist + , Month: macd + hist - , 
code: KEYS     day: macd + hist - , 
code: KEYS     day: macd + hist - ,  Week: macd + hist + , Month: macd + hist - , 
code: VDC      day: macd - hist - , 
code: VDC      day: macd - hist - ,  Week: macd + hist + , Month: macd + hist - , 
code: SPTM     day: macd - hist - , 
code: SPTM     day: macd - hist - ,  Week: macd - hist + , Month: macd + hist - , 
code: SPLG     day: macd - hist - , 
code: SPLG     day: macd - hist - ,  Week: macd - hist + , Month: macd + hist - , 
code: CROX     day: macd + hist - , 
code: CROX     day: macd + hist - ,  Week: macd - hist + , Month: macd - hist - , 
code: AXON     day: macd + hist - , 
code: AXON     day: macd + hist - ,  Week: macd + hist + , Month: macd - hist - , 
code: AWR      day: macd - hist - , 
code: AWR      day: macd - hist - ,  Week: macd + hist + , Month: macd + hist - , 
code: FN       day: macd + hist - , 
code: FN       day: macd + hist - ,  Week: macd + hist + , Month: macd + hist - , 
code: NXST     day: macd + hist - , 
code: TREX     day: macd - hist - , 
code: TREX     day: macd - hist - ,  Week: macd - hist - , 
code: TREX     day: macd - hist - ,  Week: macd - hist - , Month: macd - hist - , 
code: RGEN     day: macd + hist - , 
code: RGEN     day: macd + hist - ,  Week: macd + hist + , Month: macd + hist - , 
code: EXPO     day: macd - hist - , 
code: EXPO     day: macd - hist - ,  Week: macd + hist - , 
code: EXPO     day: macd - hist - ,  Week: macd + hist - , Month: macd + hist - , 
code: BCPC     day: macd + hist - , 
code: BCPC     day: macd + hist - ,  Week: macd + hist + , Month: macd + hist - , 
code: SOXL     day: macd - hist - , 
code: SOXL     day: macd - hist - ,  Week: macd - hist + , Month: macd - hist - , 
code: TECL     day: macd - hist - , 
code: TECL     day: macd - hist - ,  Week: macd - hist + , Month: macd - hist - , 
code: NEO      day: macd - hist - , 
code: NEO      day: macd - hist - ,  Week: macd - hist + , Month: macd - hist - , 
code: NVMI     day: macd - hist - , 
code: NVMI     day: macd - hist - ,  Week: macd - hist + , Month: macd + hist - , 
code: NVDA     day: macd - hist - , 
code: NVDA     day: macd - hist - ,  Week: macd - hist - , 
code: NVDA     day: macd - hist - ,  Week: macd - hist - , Month: macd + hist - , 
code: BBDC     day: macd + hist - , 
code: BBDC     day: macd + hist - ,  Week: macd - hist + , Month: macd + hist - , 
code: APPS     day: macd - hist - , 
code: APPS     day: macd - hist - ,  Week: macd - hist + , Month: macd - hist - , 
code: ROK      day: macd + hist - , 
code: ROK      day: macd + hist - ,  Week: macd - hist + , Month: macd + hist - , 
code: NHTC     day: macd - hist - , 
code: NHTC     day: macd - hist - ,  Week: macd - hist + , Month: macd - hist - , 
code: ZYXI     day: macd + hist - , 
code: ZYXI     day: macd + hist - ,  Week: macd + hist + , Month: macd - hist - , 
code: LIT      day: macd - hist - , 
code: LIT      day: macd - hist - ,  Week: macd + hist - , 
code: LIT      day: macd - hist - ,  Week: macd + hist - , Month: macd + hist - , 
code: LLY      day: macd - hist - , 
code: LLY      day: macd - hist - ,  Week: macd + hist - , 
code: GTLB     day: macd - hist - , 
code: GTLB     day: macd - hist - ,  Week: macd + hist - , 
code: MCD      day: macd - hist - , 
code: MCD      day: macd - hist - ,  Week: macd + hist - , 
code: MCD      day: macd - hist - ,  Week: macd + hist - , Month: macd + hist - , 
code: MSI      day: macd + hist - , 
code: MSI      day: macd + hist - ,  Week: macd + hist + , Month: macd + hist - , 
code: HCP      day: macd - hist - , 
code: ON       day: macd + hist - , 
===========================
profit
===========================
==== plus ====
NEE  , macd +, macd hist -, profit:   [1.07], per:   [1.25], now:   [86.4], buy:  [85.33]
XLP  , macd -, macd hist -, profit:   [1.55], per:   [2.14], now:  [74.13], buy:  [72.58]
VDC  , macd -, macd hist -, profit:   [1.29], per:   [0.68], now: [190.82], buy: [189.53]
NXST , macd +, macd hist -, profit:  [28.22], per:  [17.37], now: [190.72], buy:  [162.5]
RGEN , macd +, macd hist -, profit:  [31.71], per:  [17.65], now: [211.37], buy: [179.66]
ZYXI , macd +, macd hist -, profit:   [2.62], per:  [41.19], now:   [8.98], buy:   [6.36]
LLY  , macd -, macd hist -, profit:  [37.03], per:  [13.66], now: [308.03], buy:   [271.]
MCD  , macd -, macd hist -, profit:   [3.52], per:   [1.39], now: [256.98], buy: [253.46]
ON   , macd +, macd hist -, profit:   [8.28], per:  [13.83], now:  [68.14], buy:  [59.86]
-
     plus  len:  9
     profit: [115.29], per: [109.16], per/len(p):  [12.13], per/len(p+m):   [2.95]
-
==== minus ====
AAPL , macd +, macd hist -, profit:       [], per:       [], now: [159.01], buy:       []
EL   , macd -, macd hist -, profit: [-88.96], per: [-26.18], now: [250.79], buy: [339.75]
AMD  , macd -, macd hist -, profit: [-38.77], per: [-32.25], now:  [81.46], buy: [120.23]
APH  , macd +, macd hist -, profit:       [], per:       [], now:  [73.79], buy:       []
SPXL , macd -, macd hist -, profit: [-55.86], per: [-42.89], now:  [74.37], buy: [130.23]
KEYS , macd +, macd hist -, profit: [-22.82], per: [-12.26], now: [163.24], buy: [186.06]
SPTM , macd -, macd hist -, profit:  [-7.59], per: [-13.41], now:  [48.99], buy:  [56.58]
SPLG , macd -, macd hist -, profit:  [-7.28], per: [-13.48], now:  [46.71], buy:  [53.99]
CROX , macd +, macd hist -, profit: [-106.26], per: [-59.89], now:  [71.16], buy: [177.42]
AXON , macd +, macd hist -, profit: [-23.21], per:  [-16.8], now: [114.94], buy: [138.15]
AWR  , macd -, macd hist -, profit:       [], per:       [], now:  [83.94], buy:       []
FN   , macd +, macd hist -, profit: [-18.64], per: [-15.95], now:  [98.22], buy: [116.86]
TREX , macd -, macd hist -, profit: [-23.35], per: [-33.36], now:  [46.65], buy:    [70.]
EXPO , macd -, macd hist -, profit:  [-8.25], per:  [-8.16], now:  [92.86], buy: [101.11]
BCPC , macd +, macd hist -, profit:  [-5.83], per:  [-4.25], now: [131.25], buy: [137.08]
SOXL , macd -, macd hist -, profit: [-28.83], per:  [-68.5], now:  [13.26], buy:  [42.09]
TECL , macd -, macd hist -, profit: [-28.69], per: [-47.23], now:  [32.05], buy:  [60.74]
NEO  , macd -, macd hist -, profit:  [-8.22], per: [-46.08], now:   [9.62], buy:  [17.84]
NVMI , macd -, macd hist -, profit: [-16.25], per: [-14.17], now:   [98.4], buy: [114.65]
NVDA , macd -, macd hist -, profit: [-119.08], per: [-46.58], now: [136.59], buy: [255.67]
BBDC , macd +, macd hist -, profit:  [-0.78], per:  [-7.39], now:   [9.82], buy:   [10.6]
APPS , macd -, macd hist -, profit: [-26.31], per: [-60.25], now:  [17.36], buy:  [43.67]
ROK  , macd +, macd hist -, profit: [-100.2], per: [-29.31], now:  [241.7], buy: [341.89]
NHTC , macd -, macd hist -, profit:  [-2.05], per: [-28.59], now:   [5.12], buy:   [7.17]
LIT  , macd -, macd hist -, profit: [-20.09], per: [-21.86], now:  [71.82], buy:  [91.91]
GTLB , macd -, macd hist -, profit:  [-3.91], per:  [-7.42], now:  [48.85], buy:  [52.76]
MSI  , macd +, macd hist -, profit:  [-7.38], per:  [-2.94], now: [244.03], buy: [251.41]
HCP  , macd -, macd hist -, profit: [-24.19], per: [-44.55], now:  [30.11], buy:   [54.3]
-
     minus len:  28
     profit:       [], per:       [], per/len(m):       [], per/len(p+m):       []
-
==== total ====
     profit:       [], per:       [], per/len(p+m):       []
arg[0]: scraping/yahoo-finace-api2.py, arg[1]: stock-code-list/up-month.txt
===========================
scraping
===========================
START:  A
END:    0.5633594989776611
-
START:  AAON
END:    0.9909441471099854
-
START:  AAPL
END:    1.450984001159668
-
START:  ABG
END:    1.8646836280822754
-
START:  ABT
END:    2.355705499649048
-
START:  ACLS
END:    2.7452192306518555
-
START:  ACMR
END:    2.9020261764526367
-
START:  ACN
END:    3.3358418941497803
-
START:  ADBE
END:    3.7843446731567383
-
START:  ADI
END:    4.220189809799194
-
START:  ADP
END:    4.703192234039307
-
START:  ADSK
END:    5.1372270584106445
-
START:  ADUS
END:    5.425256967544556
-
START:  AEE
END:    5.933526515960693
-
START:  AGYS
END:    6.347148895263672
-
START:  AIZ
END:    6.732510805130005
-
START:  AJG
END:    7.178679943084717
-
START:  AJRD
END:    7.62041974067688
-
START:  ALB
END:    8.07226300239563
-
START:  ALG
END:    8.50294280052185
-
START:  ALGN
END:    8.90560793876648
-
START:  ALLE
END:    9.107410907745361
-
START:  ALTR
END:    9.262173891067505
-
START:  AMAT
END:    9.705322027206421
-
START:  AMBA
END:    9.928822755813599
-
START:  AMD
END:    10.310688972473145
-
START:  AME
END:    10.779598951339722
-
START:  AMED
END:    11.188253402709961
-
START:  AMEH
END:    11.48085618019104
-
START:  AMGN
END:    11.855681419372559
-
START:  AMN
END:    12.273258209228516
-
START:  AMP
END:    12.691509008407593
-
START:  AMRC
END:    12.95314621925354
-
START:  AMSWA
END:    13.406920909881592
-
START:  AMTX
END:    13.763071298599243
-
START:  AMZN
END:    14.153881788253784
-
START:  AN
END:    14.56664228439331
-
START:  ANSS
END:    14.945533514022827
-
START:  ANTM
Not Found: No data found, symbol may be delisted
START:  AON
END:    15.47502613067627
-
START:  AOSL
END:    15.768265724182129
-
START:  APD
END:    16.261502504348755
-
START:  APH
END:    16.67820978164673
-
START:  APPF
END:    16.864474058151245
-
START:  APPN
END:    17.049134969711304
-
START:  APPS
END:    17.33622145652771
-
START:  AQN
END:    17.65795135498047
-
START:  ARCB
END:    18.10703468322754
-
START:  ARCT
END:    18.312941789627075
-
START:  ARES
END:    18.563899993896484
-
START:  ARGX
END:    18.725558280944824
-
START:  ARWR
END:    19.089012384414673
-
START:  ASML
END:    19.62070345878601
-
START:  ASPN
END:    19.833229780197144
-
START:  ATEC
END:    20.177404165267944
-
START:  ATEN
END:    20.433629035949707
-
START:  ATKR
END:    20.63472580909729
-
START:  ATOM
END:    20.81355381011963
-
START:  ATR
END:    21.241193532943726
-
START:  ATRC
END:    21.622089862823486
-
START:  AUDC
END:    22.04055643081665
-
START:  AUPH
END:    22.260585069656372
-
START:  AVAV
END:    22.5544376373291
-
START:  AVGO
END:    22.88560938835144
-
START:  AVID
END:    23.29719305038452
-
START:  AVNW
END:    23.68023371696472
-
START:  AVXL
END:    24.028586387634277
-
START:  AVY
END:    24.574113130569458
-
START:  AWK
END:    24.91933536529541
-
START:  AWR
END:    25.400385856628418
-
START:  AXON
END:    25.789973497390747
-
START:  AZO
END:    26.189963340759277
-
START:  AZPN
END:    26.564560174942017
-
START:  BAH
END:    26.86307668685913
-
START:  BAM
END:    27.37798309326172
-
START:  BAX
END:    27.88180112838745
-
START:  BBH
END:    28.300847053527832
-
START:  BBQ
END:    28.741149425506592
-
START:  BBY
END:    29.169801950454712
-
START:  BCPC
END:    29.617446899414062
-
START:  BDX
END:    30.090200662612915
-
START:  BEEM
END:    30.361297130584717
-
START:  BFAM
END:    30.604150772094727
-
START:  BFC
END:    30.957179069519043
-
START:  BGFV
END:    31.45743417739868
-
START:  BGNE
END:    31.626058101654053
-
START:  BHVN
END:    31.772607803344727
-
START:  BIO
END:    32.160205364227295
-
START:  BL
END:    32.350017786026
-
START:  BLD
END:    32.55952835083008
-
START:  BLDP
END:    32.92360305786133
-
START:  BLDR
END:    33.319966554641724
-
START:  BLFS
END:    33.72240948677063
-
START:  BLK
END:    34.146286964416504
-
START:  BLL
Not Found: No data found, symbol may be delisted
START:  BLNK
END:    34.54553294181824
-
START:  BMI
END:    34.96454739570618
-
START:  BOOT
END:    35.16573691368103
-
START:  BOTZ
END:    35.3510627746582
-
START:  BR
END:    35.67231750488281
-
START:  BRKR
END:    36.065021276474
-
START:  BRKS
Not Found: No data found, symbol may be delisted
START:  BRO
END:    36.62386965751648
-
START:  BURL
END:    36.823800802230835
-
START:  BX
END:    37.199562072753906
-
START:  CABO
END:    37.41203594207764
-
START:  CACI
END:    37.816620111465454
-
START:  CALX
END:    38.09846353530884
-
START:  CAMT
END:    38.50134229660034
-
START:  CAR
END:    38.881062507629395
-
START:  CBRE
END:    39.256980419158936
-
START:  CBSH
END:    39.73190903663635
-
START:  CBZ
END:    40.12113380432129
-
START:  CCOI
END:    40.53734874725342
-
START:  CCS
END:    40.71612358093262
-
START:  CDMO
END:    41.11586785316467
-
START:  CDNA
END:    41.326014280319214
-
START:  CDNS
END:    41.773805141448975
-
START:  CDW
END:    41.99436593055725
-
START:  CELH
END:    42.3436119556427
-
START:  CGNX
END:    42.756507873535156
-
START:  CHD
END:    43.226463079452515
-
START:  CHDN
END:    43.671037912368774
-
START:  CHE
END:    44.20818209648132
-
START:  CHGG
END:    44.43529534339905
-
START:  CHH
END:    44.87422060966492
-
START:  CHKP
END:    45.237507581710815
-
START:  CHTR
END:    45.529857873916626
-
START:  CIEN
END:    45.92311668395996
-
START:  CLAR
END:    46.393439292907715
-
START:  CLFD
END:    46.78788995742798
-
START:  CLGN
END:    46.935954332351685
-
START:  CLNE
END:    47.25756883621216
-
START:  CLPT
END:    47.49334096908569
-
START:  CLX
END:    48.071605920791626
-
START:  CMCSA
END:    48.551069498062134
-
START:  CMG
END:    48.884217262268066
-
START:  CMS
END:    49.34047842025757
-
START:  CNC
END:    49.70256280899048
-
START:  CNI
END:    50.16028070449829
-
START:  CNMD
END:    50.57768487930298
-
START:  CNS
END:    51.06168723106384
-
START:  CNXN
END:    51.42751955986023
-
START:  COO
END:    51.85824418067932
-
START:  COST
END:    52.302894592285156
-
START:  COUP
END:    52.47194528579712
-
START:  COWN
END:    52.772260427474976
-
START:  CP
END:    53.284284591674805
-
START:  CPK
END:    53.773926734924316
-
START:  CPRT
END:    54.20570611953735
-
START:  CPSH
END:    54.55599927902222
-
START:  CRAI
END:    54.983015298843384
-
START:  CREE
Not Found: No data found, symbol may be delisted
START:  CRL
END:    55.43360185623169
-
START:  CRM
END:    55.85302138328552
-
START:  CRMT
END:    56.27465891838074
-
START:  CROX
END:    56.59634256362915
-
START:  CRSP
END:    56.76897621154785
-
START:  CRVL
END:    57.15984225273132
-
START:  CSGP
END:    57.58793520927429
-
START:  CSL
END:    58.14749002456665
-
START:  CSWI
END:    58.39566421508789
-
START:  CSX
END:    58.855653285980225
-
START:  CTAS
END:    59.30145573616028
-
START:  CTLT
END:    59.51745247840881
-
START:  CTRN
END:    59.911362648010254
-
START:  CURE
END:    60.206252098083496
-
START:  CVCO
END:    60.60786032676697
-
START:  CVNA
END:    60.75432777404785
-
START:  CWST
END:    61.15122389793396
-
START:  CWT
END:    61.60878658294678
-
START:  CXSE
END:    61.84396958351135
-
START:  CYBR
END:    62.02396273612976
-
START:  CYRX
END:    62.339521169662476
-
START:  CYTK
END:    62.725550413131714
-
START:  DAC
END:    63.07723045349121
-
START:  DAR
END:    63.51170897483826
-
START:  DAVA
END:    63.65958762168884
-
START:  DDS
END:    64.20185613632202
-
START:  DE
END:    64.65158867835999
-
START:  DECK
END:    65.05933260917664
-
START:  DELL
END:    65.30613732337952
-
START:  DFIN
END:    65.4603624343872
-
START:  DG
END:    65.76913452148438
-
START:  DGRW
END:    66.02306318283081
-
START:  DHI
END:    66.48624515533447
-
START:  DHR
END:    66.9316463470459
-
START:  DIA
END:    67.37521123886108
-
START:  DIOD
END:    67.74214315414429
-
START:  DIS
END:    68.2527801990509
-
START:  DKS
END:    68.64076590538025
-
START:  DLN
END:    69.04655361175537
-
START:  DNLI
END:    69.20164823532104
-
START:  DOMO
END:    69.34923124313354
-
START:  DOV
END:    69.81236410140991
-
START:  DPZ
END:    70.21784234046936
-
START:  DQ
END:    70.5076265335083
-
START:  DRD
END:    70.93061542510986
-
START:  DRIO
END:    71.11571192741394
-
START:  DRNA
Not Found: No data found, symbol may be delisted
START:  DSGX
END:    71.57828521728516
-
START:  DVAX
END:    71.91484045982361
-
START:  DXCM
END:    72.2488169670105
-
START:  ECL
END:    72.67723250389099
-
START:  EFX
END:    73.14303708076477
-
START:  EGAN
END:    73.56922936439514
-
START:  EHC
END:    73.96262860298157
-
START:  EL
END:    74.38843584060669
-
START:  ENPH
END:    74.62047719955444
-
START:  ENSG
END:    74.9630606174469
-
START:  ENTG
END:    75.36398577690125
-
START:  ENV
END:    75.6441924571991
-
START:  EPAM
END:    75.89849495887756
-
START:  ERIE
END:    76.35356831550598
-
START:  ES
END:    76.80777621269226
-
START:  ESE
END:    77.29255270957947
-
START:  ETN
END:    77.80146336555481
-
START:  ETSY
END:    78.01176643371582
-
START:  EVBG
END:    78.19453763961792
-
START:  EVTC
END:    78.4245994091034
-
START:  EW
END:    78.83940696716309
-
START:  EWT
END:    79.29809737205505
-
START:  EXAS
END:    79.6984372138977
-
START:  EXLS
END:    80.00620698928833
-
START:  EXPD
END:    80.59796810150146
-
START:  EXPI
END:    80.7444257736206
-
START:  EXPO
END:    81.11954069137573
-
START:  FAST
END:    81.60207891464233
-
START:  FATE
END:    81.8119888305664
-
START:  FB
Not Found: No data found, symbol may be delisted
START:  FCN
END:    82.30889797210693
-
START:  FCX
END:    82.76869893074036
-
START:  FDN
END:    83.12376093864441
-
START:  FDS
END:    83.61499786376953
-
START:  FELE
END:    84.07841444015503
-
START:  FFIN
END:    84.51993989944458
-
START:  FICO
END:    84.97375774383545
-
START:  FINX
END:    85.17683744430542
-
START:  FIS
END:    85.67771506309509
-
START:  FISV
END:    86.07949256896973
-
START:  FIVE
END:    86.35636734962463
-
START:  FIVN
END:    86.54586672782898
-
START:  FLGT
END:    86.72021055221558
-
START:  FLT
END:    87.00793409347534
-
START:  FLWS
END:    87.41617226600647
-
START:  FN
END:    87.70199131965637
-
START:  FND
END:    87.85999083518982
-
START:  FNV
END:    88.25050520896912
-
START:  FORM
END:    88.63592410087585
-
START:  FOXF
END:    88.88171672821045
-
START:  FPX
END:    89.25557589530945
-
START:  FRC
END:    89.54567098617554
-
START:  FRHC
END:    89.70111799240112
-
START:  FRPT
END:    89.91575956344604
-
START:  FSS
END:    90.35927081108093
-
START:  FTNT
END:    90.74744892120361
-
START:  FUV
END:    90.91155982017517
-
START:  GDEN
END:    91.27111792564392
-
START:  GFI
END:    91.70658349990845
-
START:  GGG
END:    92.19935274124146
-
START:  GIB
END:    92.66632199287415
-
START:  GLDD
END:    93.09391045570374
-
START:  GLOB
END:    93.30547094345093
-
START:  GMAB
END:    93.60768365859985
-
START:  GME
END:    94.03603553771973
-
START:  GMED
END:    94.29731011390686
-
START:  GNRC
END:    94.59670901298523
-
START:  GNSS
END:    95.02611207962036
-
START:  GNTX
END:    95.46922206878662
-
START:  GOLF
END:    95.66443848609924
-
START:  GOOG
END:    96.13710713386536
-
START:  GOOGL
END:    96.55377316474915
-
START:  GPI
END:    96.96762084960938
-
START:  GPN
END:    97.42604160308838
-
START:  GRBK
END:    97.79424452781677
-
START:  GRMN
END:    98.29570770263672
-
START:  GRVY
END:    98.65741491317749
-
START:  GRWG
END:    98.80052351951599
-
START:  GWRE
END:    99.08783864974976
-
START:  HACK
END:    99.32161331176758
-
START:  HALO
END:    99.68736863136292
-
START:  HCI
END:    100.00783562660217
-
START:  HD
END:    100.44888210296631
-
START:  HEI
END:    100.91710710525513
-
START:  HELE
END:    101.29311442375183
-
START:  HIBB
END:    101.76396584510803
-
START:  HLI
END:    101.9780056476593
-
START:  HLT
END:    102.22166061401367
-
START:  HOLX
END:    102.62838244438171
-
START:  HON
END:    103.17253613471985
-
START:  HOV
END:    103.54364728927612
-
START:  HRC
Not Found: No data found, symbol may be delisted
START:  HRI
END:    103.92695546150208
-
START:  HSKA
END:    104.32349872589111
-
START:  HTHT
END:    104.61475825309753
-
START:  HUBS
END:    104.83447289466858
-
START:  HUM
END:    105.32315874099731
-
START:  HZNP
END:    105.58877372741699
-
START:  IAC
END:    106.0258138179779
-
START:  IBP
END:    106.29448580741882
-
START:  ICE
END:    106.6456310749054
-
START:  ICLN
END:    106.97668147087097
-
START:  ICLR
END:    107.3766188621521
-
START:  IDT
END:    107.81204748153687
-
START:  IDXX
END:    108.22756576538086
-
START:  IESC
END:    108.64027142524719
-
START:  IEX
END:    109.0865159034729
-
START:  ILMN
END:    109.51121878623962
-
START:  INFO
Not Found: No data found, symbol may be delisted
START:  INOV
Not Found: No data found, symbol may be delisted
START:  INSP
END:    109.83036375045776
-
START:  INTC
END:    110.35407590866089
-
START:  INTU
END:    110.78572964668274
-
START:  INTZ
END:    111.16978240013123
-
START:  INVE
END:    111.53915047645569
-
START:  IOO
END:    111.92930269241333
-
START:  IQV
END:    112.168527841568
-
START:  IRDM
END:    112.45624113082886
-
START:  IRMD
END:    112.69106841087341
-
START:  ISEE
END:    112.91555881500244
-
START:  ISRG
END:    113.35813617706299
-
START:  IT
END:    113.75726890563965
-
START:  ITT
END:    114.209712266922
-
START:  ITW
END:    114.64985156059265
-
START:  IVOG
END:    114.92619729042053
-
START:  IVV
END:    115.36637997627258
-
START:  IXJ
END:    115.81818103790283
-
START:  IXN
END:    116.25195646286011
-
START:  J
END:    116.65505790710449
-
START:  JBL
END:    117.08649349212646
-
START:  JBSS
END:    117.5031361579895
-
START:  JD
END:    117.70736336708069
-
START:  JKHY
END:    118.17145204544067
-
START:  JKS
END:    118.45542430877686
-
START:  JNJ
END:    118.9588394165039
-
START:  JOE
END:    119.3909592628479
-
START:  JOUT
END:    119.8033938407898
-
START:  JYNT
END:    120.00679111480713
-
START:  KAI
END:    120.40005826950073
-
START:  KBH
END:    120.84408807754517
-
START:  KBR
END:    121.17941355705261
-
START:  KDMN
Not Found: No data found, symbol may be delisted
START:  KEYS
END:    121.48737740516663
-
START:  KLAC
END:    121.91886854171753
-
START:  KLIC
END:    122.35143423080444
-
START:  KMX
END:    122.80719947814941
-
START:  KNSL
END:    123.01279139518738
-
START:  KOPN
END:    123.37447094917297
-
START:  KOSS
END:    123.78556656837463
-
START:  KRNT
END:    123.99559354782104
-
START:  KSU
Not Found: No data found, symbol may be delisted
START:  KTOS
END:    124.43829488754272
-
START:  LAC
END:    124.75383234024048
-
START:  LAD
END:    125.18466901779175
-
START:  LANC
END:    125.65991806983948
-
START:  LAWS
Not Found: No data found, symbol may be delisted
START:  LDOS
END:    126.09217524528503
-
START:  LFMD
END:    126.41027164459229
-
START:  LGIH
END:    126.62176418304443
-
START:  LH
END:    127.06342339515686
-
START:  LHCG
END:    127.38937425613403
-
START:  LHX
END:    127.83475875854492
-
START:  LII
END:    128.28937697410583
-
START:  LIN
END:    128.7618534564972
-
START:  LINC
END:    129.11906099319458
-
START:  LIT
END:    129.3770875930786
-
START:  LLY
END:    129.86521887779236
-
START:  LMT
END:    130.31295943260193
-
START:  LNT
END:    130.79459166526794
-
START:  LOB
END:    131.0184988975525
-
START:  LOGI
END:    131.41861748695374
-
START:  LOVE
END:    131.54642391204834
-
START:  LOW
END:    131.96545386314392
-
START:  LPLA
END:    132.25224804878235
-
START:  LPSN
END:    132.6397807598114
-
START:  LQDT
END:    132.97765040397644
-
START:  LRCX
END:    133.40619945526123
-
START:  LSCC
END:    133.7799937725067
-
START:  LSTR
END:    134.2179663181305
-
START:  LULU
END:    134.5135772228241
-
START:  LUNA
END:    134.84919548034668
-
START:  MA
END:    135.2268829345703
-
START:  MANH
END:    135.6299068927765
-
START:  MANT
END:    136.06379580497742
-
START:  MARA
END:    136.29718899726868
-
START:  MASI
END:    136.61087584495544
-
START:  MATX
END:    137.07142519950867
-
START:  MBUU
END:    137.26486158370972
-
START:  MCD
END:    137.73787331581116
-
START:  MCHP
END:    138.17164254188538
-
START:  MCO
END:    138.61604523658752
-
START:  MDB
END:    138.82166123390198
-
START:  MDT
END:    139.30686688423157
-
START:  MEDP
END:    139.52359914779663
-
START:  MEDS
END:    139.7392556667328
-
START:  MELI
END:    140.0525131225586
-
START:  MGC
END:    140.40396070480347
-
START:  MGIC
END:    140.8268802165985
-
START:  MGK
END:    141.21086239814758
-
START:  MGNI
END:    141.39832615852356
-
START:  MHO
END:    141.77757358551025
-
START:  MIME
Not Found: No data found, symbol may be delisted
START:  MITK
END:    142.256005525589
-
START:  MKC
END:    142.7146646976471
-
START:  MKSI
END:    143.10151863098145
-
START:  MKTX
END:    143.49271702766418
-
START:  MLAB
END:    143.87150812149048
-
START:  MLR
END:    144.29529523849487
-
START:  MMC
END:    144.7932984828949
-
START:  MMS
END:    145.25278329849243
-
START:  MNMD
END:    145.3807110786438
-
START:  MNST
END:    145.80085396766663
-
START:  MODN
END:    146.03347301483154
-
START:  MODV
END:    146.41997051239014
-
START:  MOH
END:    146.85725712776184
-
START:  MORN
END:    147.2355465888977
-
START:  MPWR
END:    147.60298418998718
-
START:  MRTX
END:    147.8415994644165
-
START:  MRVL
END:    148.27275204658508
-
START:  MS
END:    148.72059178352356
-
START:  MSA
END:    149.16753125190735
-
START:  MSCI
END:    149.47339153289795
-
START:  MSEX
END:    149.90353536605835
-
START:  MSFT
END:    150.42359232902527
-
START:  MSI
END:    150.9743149280548
-
START:  MSTR
END:    151.39058589935303
-
START:  MTBC
END:    151.6003897190094
-
START:  MTCH
END:    152.08135533332825
-
START:  MTD
END:    152.49803519248962
-
START:  MTEX
END:    152.90608477592468
-
START:  MTH
END:    153.34550499916077
-
START:  MTLS
END:    153.57310342788696
-
START:  MTSI
END:    153.82595419883728
-
START:  MU
END:    154.27592134475708
-
START:  MUSA
END:    154.50687503814697
-
START:  MVIS
END:    154.91136980056763
-
START:  MXL
END:    155.18204379081726
-
START:  MYRG
END:    155.4833538532257
-
START:  NBIX
END:    155.90800285339355
-
START:  NCBS
Not Found: No data found, symbol may be delisted
START:  NDAQ
END:    156.42593502998352
-
START:  NDSN
END:    156.90898847579956
-
START:  NEE
END:    157.47441959381104
-
START:  NEO
END:    157.84700512886047
-
START:  NEOG
END:    158.2720227241516
-
START:  NFLX
END:    158.68438267707825
-
START:  NICE
END:    159.08796882629395
-
START:  NISN
END:    159.26290154457092
-
START:  NKE
END:    159.72684454917908
-
START:  NOVT
END:    160.12860107421875
-
START:  NOW
END:    160.40016746520996
-
START:  NSC
END:    160.8660171031952
-
START:  NSIT
END:    161.26428961753845
-
START:  NSSC
END:    161.65948581695557
-
START:  NSTG
END:    161.87409210205078
-
START:  NTLA
END:    162.04770350456238
-
START:  NTRA
END:    162.24443936347961
-
START:  NUAN
END:    162.6732268333435
-
START:  NVCR
END:    162.8733606338501
-
START:  NVDA
END:    163.26225399971008
-
START:  NVMI
END:    163.65385365486145
-
START:  NVO
END:    164.10400414466858
-
START:  NVR
END:    164.5080943107605
-
START:  NXST
END:    164.8978168964386
-
START:  NYT
END:    165.38062000274658
-
START:  OBCI
END:    165.78811144828796
-
START:  ODFL
END:    166.2367136478424
-
START:  OEF
END:    166.70049166679382
-
START:  OFLX
END:    167.0554850101471
-
START:  OLED
END:    167.4762144088745
-
START:  OMCL
END:    167.86571216583252
-
START:  ON
END:    168.23290824890137
-
START:  OOMA
END:    168.41786289215088
-
START:  OPRX
END:    168.70045065879822
-
START:  ORA
END:    169.19972324371338
-
START:  ORCL
END:    169.69699239730835
-
START:  ORLY
END:    170.10217356681824
-
START:  ORMP
END:    170.4132387638092
-
START:  OTEX
END:    170.8703863620758
-
START:  PACB
END:    171.17309260368347
-
START:  PAG
END:    171.65578746795654
-
START:  PANW
END:    171.96520137786865
-
START:  PAR
END:    172.36204481124878
-
START:  PAYC
END:    172.64207696914673
-
START:  PAYX
END:    173.15386939048767
-
START:  PBD
END:    173.49736070632935
-
START:  PCTY
END:    173.7016167640686
-
START:  PEGA
END:    174.15295267105103
-
START:  PEN
END:    174.35543060302734
-
START:  PENN
END:    174.76526141166687
-
START:  PEP
END:    175.26066756248474
-
START:  PERI
END:    175.59945106506348
-
START:  PFSI
END:    175.86685514450073
-
START:  PGR
END:    176.32452988624573
-
START:  PH
END:    176.89290809631348
-
START:  PHM
END:    177.30837225914001
-
START:  PKI
END:    177.79553842544556
-
START:  PLL
END:    177.95183420181274
-
START:  PLNT
END:    178.1406192779541
-
START:  PLUG
END:    178.54024577140808
-
START:  PLXS
END:    179.00069212913513
-
START:  PODD
END:    179.36495757102966
-
START:  POOL
END:    179.81355237960815
-
START:  POWI
END:    180.19710445404053
-
START:  PRFT
END:    180.6099169254303
-
START:  PRI
END:    180.9313395023346
-
START:  PRTA
END:    181.18753600120544
-
START:  PRTS
END:    181.55428767204285
-
START:  PTSI
END:    181.92652225494385
-
START:  PWR
END:    182.31728863716125
-
START:  PYPL
END:    182.53081440925598
-
START:  QADA
Not Found: No data found, symbol may be delisted
START:  QCLN
END:    182.9216434955597
-
START:  QDEL
END:    183.3225429058075
-
START:  QGEN
END:    183.79171633720398
-
START:  QLYS
END:    184.0398304462433
-
START:  QQQ
END:    184.48823070526123
-
START:  QRVO
END:    184.73908376693726
-
START:  QTWO
END:    184.97602438926697
-
START:  RADA
END:    185.38082265853882
-
START:  RAMP
END:    185.79425477981567
-
START:  RBA
END:    186.30853033065796
-
START:  RCII
END:    186.79763317108154
-
START:  RCKY
END:    187.17207884788513
-
START:  RDNT
END:    187.5502212047577
-
START:  RDVT
END:    187.70327377319336
-
START:  RDWR
END:    188.10513520240784
-
START:  REGI
END:    188.3617069721222
-
START:  RENN
END:    188.6286563873291
-
START:  RGEN
END:    188.98000979423523
-
START:  RH
END:    189.22860670089722
-
START:  RILY
END:    189.552148103714
-
START:  RIOT
END:    189.72483825683594
-
START:  RLI
END:    190.2224245071411
-
START:  RLMD
END:    190.47419667243958
-
START:  RMD
END:    190.88899946212769
-
START:  RNG
END:    191.125483751297
-
START:  ROBO
END:    191.36184787750244
-
START:  ROCK
END:    191.83706092834473
-
START:  ROK
END:    192.28372859954834
-
START:  ROKU
END:    192.43423533439636
-
START:  ROL
END:    192.91368865966797
-
START:  ROP
END:    193.3525791168213
-
START:  ROST
END:    193.8014621734619
-
START:  RPD
END:    194.0317120552063
-
START:  RPM
END:    194.5106806755066
-
START:  RSG
END:    194.97404766082764
-
START:  RTH
END:    195.35210514068604
-
START:  RUN
END:    195.55330634117126
-
START:  RXI
END:    195.8769040107727
-
START:  SAIA
END:    196.2576494216919
-
START:  SAIC
END:    196.52942728996277
-
START:  SAM
END:    196.95085835456848
-
START:  SAVA
END:    197.35074496269226
-
START:  SCI
END:    197.82514476776123
-
START:  SCL
END:    198.2773232460022
-
START:  SE
END:    198.41082525253296
-
START:  SEAS
END:    198.6499650478363
-
START:  SEDG
END:    198.8611035346985
-
START:  SFBS
END:    199.10338139533997
-
START:  SGEN
END:    199.53145170211792
-
START:  SGMS
Not Found: No data found, symbol may be delisted
START:  SGRY
END:    199.75688433647156
-
START:  SHOP
END:    200.02052474021912
-
START:  SHW
END:    200.45385265350342
-
START:  SHYF
END:    200.9046549797058
-
START:  SITE
END:    201.10563206672668
-
START:  SIVB
END:    201.5276529788971
-
START:  SJW
END:    202.01907896995544
-
START:  SKY
END:    202.56021428108215
-
START:  SLAB
END:    202.95170426368713
-
START:  SLP
END:    203.38300585746765
-
START:  SMH
END:    203.8165922164917
-
START:  SMTC
END:    204.1938829421997
-
START:  SNAP
END:    204.35609483718872
-
START:  SNPS
END:    204.73668479919434
-
START:  SOCL
END:    205.03617405891418
-
START:  SOXL
END:    205.38027167320251
-
START:  SPGI
END:    205.84490060806274
-
START:  SPLG
END:    206.23300218582153
-
START:  SPLK
END:    206.46949291229248
-
START:  SPNS
END:    206.88961958885193
-
START:  SPSC
END:    207.17265582084656
-
START:  SPTM
END:    207.64338755607605
-
START:  SPWH
END:    207.87013363838196
-
START:  SPWR
END:    208.20435786247253
-
START:  SPXC
END:    208.66677451133728
-
START:  SPXL
END:    209.0333731174469
-
START:  SPY
END:    209.4803020954132
-
START:  SPYG
END:    209.98156690597534
-
START:  SQ
END:    210.1838994026184
-
START:  SSD
END:    210.62535524368286
-
START:  SSNC
END:    210.91577982902527
-
START:  SSTK
END:    211.1735074520111
-
START:  STAA
END:    211.5954508781433
-
START:  STE
END:    211.98947143554688
-
START:  SUSA
END:    212.3456118106842
-
START:  SYK
END:    212.8187596797943
-
START:  SYNA
END:    213.18269538879395
-
START:  TBBK
END:    213.53194999694824
-
START:  TBK
END:    213.74208664894104
-
START:  TDG
END:    214.09677958488464
-
START:  TDOC
END:    214.30295777320862
-
START:  TDY
END:    214.70989608764648
-
START:  TEAM
END:    214.90690207481384
-
START:  TECH
END:    215.33118844032288
-
START:  TECL
END:    215.66857504844666
-
START:  TER
END:    216.0840253829956
-
START:  TFX
END:    216.56545448303223
-
START:  TGH
END:    216.89229369163513
-
START:  TGLS
END:    217.11901712417603
-
START:  TGT
END:    217.5696918964386
-
START:  TGTX
END:    217.85968804359436
-
START:  THC
END:    218.28457283973694
-
START:  TJX
END:    218.740216255188
-
START:  TMO
END:    219.23978066444397
-
START:  TMUS
END:    219.56560587882996
-
START:  TNDM
END:    219.8123917579651
-
START:  TNET
END:    220.09904098510742
-
START:  TPX
END:    220.5157766342163
-
START:  TREX
END:    220.89270973205566
-
START:  TRI
END:    221.3542160987854
-
START:  TRIL
Not Found: No data found, symbol may be delisted
START:  TRMB
END:    221.81662249565125
-
START:  TRNS
END:    222.185809135437
-
START:  TROW
END:    222.6705448627472
-
START:  TRU
END:    222.8947515487671
-
START:  TRUP
END:    223.11070156097412
-
START:  TSCO
END:    223.54166865348816
-
START:  TSLA
END:    223.83440709114075
-
START:  TSM
END:    224.31423687934875
-
START:  TT
END:    224.8531596660614
-
START:  TTC
END:    225.31004786491394
-
START:  TTD
END:    225.49416255950928
-
START:  TTEC
END:    225.92393851280212
-
START:  TTEK
END:    226.31509470939636
-
START:  TTGT
END:    226.6046404838562
-
START:  TTWO
END:    227.05935168266296
-
START:  TWLO
END:    227.25872325897217
-
START:  TXN
END:    227.75259065628052
-
START:  TYL
END:    228.2055356502533
-
START:  UCTT
END:    228.58618354797363
-
START:  UFPI
END:    229.01096892356873
-
START:  UFPT
END:    229.45636320114136
-
START:  UI
END:    229.7225522994995
-
START:  UMC
END:    230.1589231491089
-
START:  UNF
END:    230.6034972667694
-
START:  UNH
END:    231.04645013809204
-
START:  UNP
END:    231.53452944755554
-
START:  UPLD
END:    231.73969841003418
-
START:  URI
END:    232.14077758789062
-
START:  V
END:    232.47638177871704
-
START:  VALU
END:    232.95154237747192
-
START:  VBK
END:    233.35951924324036
-
START:  VCEL
END:    233.74211931228638
-
START:  VCR
END:    234.16632461547852
-
START:  VCTR
END:    234.3355588912964
-
START:  VCYT
END:    234.56798315048218
-
START:  VDC
END:    235.1028139591217
-
START:  VEEV
END:    235.3126609325409
-
START:  VERU
END:    235.70572233200073
-
START:  VGT
END:    236.09757280349731
-
START:  VHT
END:    236.52239060401917
-
START:  VIAV
END:    236.93004631996155
-
START:  VICR
END:    237.31470274925232
-
START:  VIG
END:    237.66686868667603
-
START:  VO
END:    238.08787298202515
-
START:  VONE
END:    238.37897419929504
-
START:  VONG
END:    238.6597204208374
-
START:  VOO
END:    238.96010994911194
-
START:  VOOG
END:    239.27304553985596
-
START:  VOOV
END:    239.56650185585022
-
START:  VOT
END:    239.8931269645691
-
START:  VPU
END:    240.30611753463745
-
START:  VRNS
END:    240.51752305030823
-
START:  VRSK
END:    240.81820917129517
-
START:  VRSN
END:    241.2270052433014
-
START:  VRTV
END:    241.42793035507202
-
START:  VSTO
END:    241.6347999572754
-
START:  VTHR
END:    241.90615677833557
-
START:  VTI
END:    242.33550882339478
-
START:  VTNR
END:    242.6918888092041
-
START:  VTWG
END:    242.965473651886
-
START:  VUG
END:    243.3430519104004
-
START:  VV
END:    243.74796795845032
-
START:  VXF
END:    244.1871132850647
-
START:  WCN
END:    244.60968923568726
-
START:  WD
END:    244.89780592918396
-
START:  WDAY
END:    245.15612936019897
-
START:  WDFC
END:    245.58581280708313
-
START:  WEC
END:    246.04908680915833
-
START:  WEN
END:    246.44839572906494
-
START:  WINA
END:    246.87564635276794
-
START:  WING
END:    247.07192540168762
-
START:  WIRE
END:    247.55820512771606
-
START:  WIX
END:    247.7838864326477
-
START:  WK
END:    248.00183248519897
-
START:  WLTW
Not Found: No data found, symbol may be delisted
START:  WM
END:    248.56765794754028
-
START:  WMS
END:    248.8112313747406
-
START:  WNS
END:    249.149099111557
-
START:  WRB
END:    249.6399257183075
-
START:  WSC
END:    249.82778525352478
-
START:  WSM
END:    250.24906659126282
-
START:  WST
END:    250.70167303085327
-
START:  WTRG
END:    251.18205046653748
-
START:  WTS
END:    251.62577509880066
-
START:  XEL
END:    252.07408475875854
-
START:  XENE
END:    252.28185725212097
-
START:  XLK
END:    252.70902967453003
-
START:  XLNX
Not Found: No data found, symbol may be delisted
START:  XLP
END:    253.220196723938
-
START:  XLRN
Not Found: No data found, symbol may be delisted
START:  XLU
END:    253.71902227401733
-
START:  XLV
END:    254.1663897037506
-
START:  XLY
END:    254.6621196269989
-
START:  XYL
END:    254.92964959144592
-
START:  YNDX
END:    255.1781415939331
-
START:  YORW
END:    255.6376931667328
-
START:  YUM
END:    256.0696084499359
-
START:  Z
END:    256.27277302742004
-
START:  ZBRA
END:    256.6818299293518
-
START:  ZEN
END:    256.91005969047546
-
START:  ZLAB
END:    257.06623435020447
-
START:  ZNGA
Not Found: No data found, symbol may be delisted
START:  ZS
END:    257.3182578086853
-
START:  ZTS
END:    257.6066927909851
-
START:  ZYXI
END:    257.96506333351135
-
===========================
MACD golden cross
===========================
START:  code
START:  A
START:  AAON
START:  AAPL
START:  ABG
START:  ABT
START:  ACLS
START:  ACMR
START:  ACN
START:  ADBE
START:  ADI
START:  ADP
START:  ADSK
START:  ADUS
START:  AEE
START:  AGYS
START:  AIZ
START:  AJG
START:  AJRD
START:  ALB
START:  ALG
START:  ALGN
START:  ALLE
START:  ALTR
START:  AMAT
START:  AMBA
START:  AMD
START:  AME
START:  AMED
START:  AMEH
START:  AMGN
START:  AMN
START:  AMP
START:  AMRC
START:  AMSWA
START:  AMTX
START:  AMZN
START:  AN
START:  ANSS
START:  ANTM
START:  AON
START:  AOSL
START:  APD
START:  APH
START:  APPF
START:  APPN
START:  APPS
START:  AQN
START:  ARCB
START:  ARCT
START:  ARES
START:  ARGX
START:  ARWR
START:  ASML
START:  ASPN
START:  ATEC
START:  ATEN
START:  ATKR
START:  ATOM
START:  ATR
START:  ATRC
START:  AUDC
START:  AUPH
START:  AVAV
START:  AVGO
START:  AVID
START:  AVNW
START:  AVXL
START:  AVY
START:  AWK
START:  AWR
START:  AXON
START:  AZO
START:  AZPN
START:  BAH
START:  BAM
START:  BAX
START:  BBH
START:  BBQ
START:  BBY
START:  BCPC
START:  BDX
START:  BEEM
START:  BFAM
START:  BFC
START:  BGFV
START:  BGNE
START:  BHVN
START:  BIO
START:  BL
START:  BLD
START:  BLDP
START:  BLDR
START:  BLFS
START:  BLK
START:  BLL
START:  BLNK
START:  BMI
START:  BOOT
START:  BOTZ
START:  BR
START:  BRKR
START:  BRKS
START:  BRO
START:  BURL
START:  BX
START:  CABO
START:  CACI
START:  CALX
START:  CAMT
START:  CAR
START:  CBRE
START:  CBSH
START:  CBZ
START:  CCOI
START:  CCS
START:  CDMO
START:  CDNA
START:  CDNS
START:  CDW
START:  CELH
START:  CGNX
START:  CHD
START:  CHDN
START:  CHE
START:  CHGG
START:  CHH
START:  CHKP
START:  CHTR
START:  CIEN
START:  CLAR
START:  CLFD
START:  CLGN
START:  CLNE
START:  CLPT
START:  CLX
START:  CMCSA
START:  CMG
START:  CMS
START:  CNC
START:  CNI
START:  CNMD
START:  CNS
START:  CNXN
START:  COO
START:  COST
START:  COUP
START:  COWN
START:  CP
START:  CPK
START:  CPRT
START:  CPSH
START:  CRAI
START:  CREE
START:  CRL
START:  CRM
START:  CRMT
START:  CROX
START:  CRSP
START:  CRVL
START:  CSGP
START:  CSL
START:  CSWI
START:  CSX
START:  CTAS
START:  CTLT
START:  CTRN
START:  CURE
START:  CVCO
START:  CVNA
START:  CWST
START:  CWT
START:  CXSE
START:  CYBR
START:  CYRX
START:  CYTK
START:  DAC
START:  DAR
START:  DAVA
START:  DDS
START:  DE
START:  DECK
START:  DELL
START:  DFIN
START:  DG
START:  DGRW
START:  DHI
START:  DHR
START:  DIA
START:  DIOD
START:  DIS
START:  DKS
START:  DLN
START:  DNLI
START:  DOMO
START:  DOV
START:  DPZ
START:  DQ
START:  DRD
START:  DRIO
START:  DRNA
START:  DSGX
START:  DVAX
START:  DXCM
START:  ECL
START:  EFX
START:  EGAN
START:  EHC
START:  EL
START:  ENPH
START:  ENSG
START:  ENTG
START:  ENV
START:  EPAM
START:  ERIE
START:  ES
START:  ESE
START:  ETN
START:  ETSY
START:  EVBG
START:  EVTC
START:  EW
START:  EWT
START:  EXAS
START:  EXLS
START:  EXPD
START:  EXPI
START:  EXPO
START:  FAST
START:  FATE
START:  FB
START:  FCN
START:  FCX
START:  FDN
START:  FDS
START:  FELE
START:  FFIN
START:  FICO
START:  FINX
START:  FIS
START:  FISV
START:  FIVE
START:  FIVN
START:  FLGT
START:  FLT
START:  FLWS
START:  FN
START:  FND
START:  FNV
START:  FORM
START:  FOXF
START:  FPX
START:  FRC
START:  FRHC
START:  FRPT
START:  FSS
START:  FTNT
START:  FUV
START:  GDEN
START:  GFI
START:  GGG
START:  GIB
START:  GLDD
START:  GLOB
START:  GMAB
START:  GME
START:  GMED
START:  GNRC
START:  GNSS
START:  GNTX
START:  GOLF
START:  GOOG
START:  GOOGL
START:  GPI
START:  GPN
START:  GRBK
START:  GRMN
START:  GRVY
START:  GRWG
START:  GWRE
START:  HACK
START:  HALO
START:  HCI
START:  HD
START:  HEI
START:  HELE
START:  HIBB
START:  HLI
START:  HLT
START:  HOLX
START:  HON
START:  HOV
START:  HRC
START:  HRI
START:  HSKA
START:  HTHT
START:  HUBS
START:  HUM
START:  HZNP
START:  IAC
START:  IBP
START:  ICE
START:  ICLN
START:  ICLR
START:  IDT
START:  IDXX
START:  IESC
START:  IEX
START:  ILMN
START:  INFO
START:  INOV
START:  INSP
START:  INTC
START:  INTU
START:  INTZ
START:  INVE
START:  IOO
START:  IQV
START:  IRDM
START:  IRMD
START:  ISEE
START:  ISRG
START:  IT
START:  ITT
START:  ITW
START:  IVOG
START:  IVV
START:  IXJ
START:  IXN
START:  J
START:  JBL
START:  JBSS
START:  JD
START:  JKHY
START:  JKS
START:  JNJ
START:  JOE
START:  JOUT
START:  JYNT
START:  KAI
START:  KBH
START:  KBR
START:  KDMN
START:  KEYS
START:  KLAC
START:  KLIC
START:  KMX
START:  KNSL
START:  KOPN
START:  KOSS
START:  KRNT
START:  KSU
START:  KTOS
START:  LAC
START:  LAD
START:  LANC
START:  LAWS
START:  LDOS
START:  LFMD
START:  LGIH
START:  LH
START:  LHCG
START:  LHX
START:  LII
START:  LIN
START:  LINC
START:  LIT
START:  LLY
START:  LMT
START:  LNT
START:  LOB
START:  LOGI
START:  LOVE
START:  LOW
START:  LPLA
START:  LPSN
START:  LQDT
START:  LRCX
START:  LSCC
START:  LSTR
START:  LULU
START:  LUNA
START:  MA
START:  MANH
START:  MANT
START:  MARA
START:  MASI
START:  MATX
START:  MBUU
START:  MCD
START:  MCHP
START:  MCO
START:  MDB
START:  MDT
START:  MEDP
START:  MEDS
START:  MELI
START:  MGC
START:  MGIC
START:  MGK
START:  MGNI
START:  MHO
START:  MIME
START:  MITK
START:  MKC
START:  MKSI
START:  MKTX
START:  MLAB
START:  MLR
START:  MMC
START:  MMS
START:  MNMD
START:  MNST
START:  MODN
START:  MODV
START:  MOH
START:  MORN
START:  MPWR
START:  MRTX
START:  MRVL
START:  MS
START:  MSA
START:  MSCI
START:  MSEX
START:  MSFT
START:  MSI
START:  MSTR
START:  MTBC
START:  MTCH
START:  MTD
START:  MTEX
START:  MTH
START:  MTLS
START:  MTSI
START:  MU
START:  MUSA
START:  MVIS
START:  MXL
START:  MYRG
START:  NBIX
START:  NCBS
START:  NDAQ
START:  NDSN
START:  NEE
START:  NEO
START:  NEOG
START:  NFLX
START:  NICE
START:  NISN
START:  NKE
START:  NOVT
START:  NOW
START:  NSC
START:  NSIT
START:  NSSC
START:  NSTG
START:  NTLA
START:  NTRA
START:  NUAN
START:  NVCR
START:  NVDA
START:  NVMI
START:  NVO
START:  NVR
START:  NXST
START:  NYT
START:  OBCI
START:  ODFL
START:  OEF
START:  OFLX
START:  OLED
START:  OMCL
START:  ON
START:  OOMA
START:  OPRX
START:  ORA
START:  ORCL
START:  ORLY
START:  ORMP
START:  OTEX
START:  PACB
START:  PAG
START:  PANW
START:  PAR
START:  PAYC
START:  PAYX
START:  PBD
START:  PCTY
START:  PEGA
START:  PEN
START:  PENN
START:  PEP
START:  PERI
START:  PFSI
START:  PGR
START:  PH
START:  PHM
START:  PKI
START:  PLL
START:  PLNT
START:  PLUG
START:  PLXS
START:  PODD
START:  POOL
START:  POWI
START:  PRFT
START:  PRI
START:  PRTA
START:  PRTS
START:  PTSI
START:  PWR
START:  PYPL
START:  QADA
START:  QCLN
START:  QDEL
START:  QGEN
START:  QLYS
START:  QQQ
START:  QRVO
START:  QTWO
START:  RADA
START:  RAMP
START:  RBA
START:  RCII
START:  RCKY
START:  RDNT
START:  RDVT
START:  RDWR
START:  REGI
START:  RENN
START:  RGEN
START:  RH
START:  RILY
START:  RIOT
START:  RLI
START:  RLMD
START:  RMD
START:  RNG
START:  ROBO
START:  ROCK
START:  ROK
START:  ROKU
START:  ROL
START:  ROP
START:  ROST
START:  RPD
START:  RPM
START:  RSG
START:  RTH
START:  RUN
START:  RXI
START:  SAIA
START:  SAIC
START:  SAM
START:  SAVA
START:  SCI
START:  SCL
START:  SE
START:  SEAS
START:  SEDG
START:  SFBS
START:  SGEN
START:  SGMS
START:  SGRY
START:  SHOP
START:  SHW
START:  SHYF
START:  SITE
START:  SIVB
START:  SJW
START:  SKY
START:  SLAB
START:  SLP
START:  SMH
START:  SMTC
START:  SNAP
START:  SNPS
START:  SOCL
START:  SOXL
START:  SPGI
START:  SPLG
START:  SPLK
START:  SPNS
START:  SPSC
START:  SPTM
START:  SPWH
START:  SPWR
START:  SPXC
START:  SPXL
START:  SPY
START:  SPYG
START:  SQ
START:  SSD
START:  SSNC
START:  SSTK
START:  STAA
START:  STE
START:  SUSA
START:  SYK
START:  SYNA
START:  TBBK
START:  TBK
START:  TDG
START:  TDOC
START:  TDY
START:  TEAM
START:  TECH
START:  TECL
START:  TER
START:  TFX
START:  TGH
START:  TGLS
START:  TGT
START:  TGTX
START:  THC
START:  TJX
START:  TMO
START:  TMUS
START:  TNDM
START:  TNET
START:  TPX
START:  TREX
START:  TRI
START:  TRIL
START:  TRMB
START:  TRNS
START:  TROW
START:  TRU
START:  TRUP
START:  TSCO
START:  TSLA
START:  TSM
START:  TT
START:  TTC
START:  TTD
START:  TTEC
START:  TTEK
START:  TTGT
START:  TTWO
START:  TWLO
START:  TXN
START:  TYL
START:  UCTT
START:  UFPI
START:  UFPT
START:  UI
START:  UMC
START:  UNF
START:  UNH
START:  UNP
START:  UPLD
START:  URI
START:  V
START:  VALU
START:  VBK
START:  VCEL
START:  VCR
START:  VCTR
START:  VCYT
START:  VDC
START:  VEEV
START:  VERU
START:  VGT
START:  VHT
START:  VIAV
START:  VICR
START:  VIG
START:  VO
START:  VONE
START:  VONG
START:  VOO
START:  VOOG
START:  VOOV
START:  VOT
START:  VPU
START:  VRNS
START:  VRSK
START:  VRSN
START:  VRTV
START:  VSTO
START:  VTHR
START:  VTI
START:  VTNR
START:  VTWG
START:  VUG
START:  VV
START:  VXF
START:  WCN
START:  WD
START:  WDAY
START:  WDFC
START:  WEC
START:  WEN
START:  WINA
START:  WING
START:  WIRE
START:  WIX
START:  WK
START:  WLTW
START:  WM
START:  WMS
START:  WNS
START:  WRB
START:  WSC
START:  WSM
START:  WST
START:  WTRG
START:  WTS
START:  XEL
START:  XENE
START:  XLK
START:  XLNX
START:  XLP
START:  XLRN
START:  XLU
START:  XLV
START:  XLY
START:  XYL
START:  YNDX
START:  YORW
START:  YUM
START:  Z
START:  ZBRA
START:  ZEN
START:  ZLAB
START:  ZNGA
START:  ZS
START:  ZTS
START:  ZYXI
==== MACD golden cross ====
None
code: NUAN     day: macd + hist + hist_1pre + ,  Week: macd + hist + hist_1pre - , Month: macd + hist - hist_1pre - , 
Trade --> code: NUAN   BUY: 2005-11-30    5.38 SELL: 2008-11-30    7.94  macd:   -0.13 macd_count:  36 profit:  1.48
Trade --> code: NUAN   BUY: 2009-12-31   13.44 SELL: 2013-05-31   16.44  macd:   -0.10 macd_count:  41 profit:  1.22
Trade --> code: NUAN   BUY: 2015-11-30   18.11 SELL: 2016-07-31   13.90  macd:   -0.05 macd_count:   8 profit:  0.77
Trade --> code: NUAN   BUY: 2017-05-31   16.01 SELL: 2017-09-30   13.60  macd:   -0.04 macd_count:   4 profit:  0.85
Trade --> code: NUAN   BUY: 2019-04-30   14.56 SELL: 2022-03-31   55.99  macd:    7.14 macd_count:  36 profit:  3.85

