Sun Sep  4 13:54:40 UTC 2022
arg[0]: scraping/yahoo-finace-api2.py, arg[1]: stock-code-list/buy-list.txt
===========================
scraping
===========================
START:  AAPL
END:    0.7558398246765137
-
START:  EL
END:    1.3069097995758057
-
START:  NEE
END:    1.9407267570495605
-
START:  AMD
END:    2.7090349197387695
-
START:  APH
END:    3.207629919052124
-
START:  XLP
END:    3.894559144973755
-
START:  SPXL
END:    4.651666641235352
-
START:  KEYS
END:    5.158905744552612
-
START:  VDC
END:    5.967581272125244
-
START:  SPTM
END:    6.5746705532073975
-
START:  SPLG
END:    7.322686195373535
-
START:  CROX
END:    7.977562427520752
-
START:  AXON
END:    8.61253023147583
-
START:  AWR
END:    9.144340991973877
-
START:  FN
END:    9.646748781204224
-
START:  NXST
END:    10.434902667999268
-
START:  TREX
END:    11.079140186309814
-
START:  RGEN
END:    11.616367101669312
-
START:  EXPO
END:    12.356412172317505
-
START:  BCPC
END:    12.901469945907593
-
START:  SOXL
END:    13.59476113319397
-
START:  TECL
END:    14.245036363601685
-
START:  NEO
END:    14.829857110977173
-
START:  NVMI
END:    15.447596788406372
-
START:  NVDA
END:    16.196521043777466
-
START:  BBDC
END:    16.733317613601685
-
START:  APPS
END:    21.14806604385376
-
START:  ROK
END:    21.81556010246277
-
START:  NHTC
END:    22.449050188064575
-
START:  ZYXI
END:    22.881961345672607
-
START:  LIT
END:    23.37691307067871
-
START:  LLY
END:    24.22921323776245
-
START:  GTLB
END:    24.512197732925415
-
START:  MCD
END:    25.169780015945435
-
START:  MSI
END:    26.02243685722351
-
START:  HCP
END:    26.222885131835938
-
START:  ON
END:    26.80215334892273
-
===========================
MACD sell
===========================
START:  AAPL
START:  EL
START:  NEE
START:  AMD
START:  APH
START:  XLP
START:  SPXL
START:  KEYS
START:  VDC
START:  SPTM
START:  SPLG
START:  CROX
START:  AXON
START:  AWR
START:  FN
START:  NXST
START:  TREX
START:  RGEN
START:  EXPO
START:  BCPC
START:  SOXL
START:  TECL
START:  NEO
START:  NVMI
START:  NVDA
START:  BBDC
START:  APPS
START:  ROK
START:  NHTC
START:  ZYXI
START:  LIT
START:  LLY
START:  GTLB
START:  MCD
START:  MSI
START:  HCP
START:  ON
==== MACD list ====
code: AAPL     day: macd - hist - ,  Week: macd + hist + , Month: macd + hist - , 
code: EL       day: macd - hist - ,  Week: macd - hist - , Month: macd + hist - , 
code: NEE      day: macd + hist - ,  Week: macd + hist + , Month: macd + hist - , 
code: AMD      day: macd - hist - ,  Week: macd - hist - , Month: macd + hist - , 
code: APH      day: macd + hist - ,  Week: macd + hist + , Month: macd + hist - , 
code: XLP      day: macd - hist - ,  Week: macd - hist - , Month: macd + hist - , 
code: SPXL     day: macd - hist - ,  Week: macd - hist + , Month: macd + hist - , 
code: KEYS     day: macd + hist - ,  Week: macd + hist + , Month: macd + hist - , 
code: VDC      day: macd - hist - ,  Week: macd - hist - , Month: macd + hist - , 
code: SPTM     day: macd - hist - ,  Week: macd - hist + , Month: macd + hist - , 
code: SPLG     day: macd - hist - ,  Week: macd - hist + , Month: macd + hist - , 
code: CROX     day: macd + hist - ,  Week: macd - hist + , Month: macd - hist - , 
code: AXON     day: macd + hist - ,  Week: macd + hist + , Month: macd - hist - , 
code: AWR      day: macd - hist - ,  Week: macd + hist - , Month: macd + hist - , 
code: FN       day: macd + hist - ,  Week: macd + hist + , Month: macd + hist - , 
code: NXST     day: macd + hist - ,  Week: macd + hist + , Month: macd + hist + , 
code: TREX     day: macd - hist - ,  Week: macd - hist - , Month: macd - hist - , 
code: RGEN     day: macd + hist - ,  Week: macd + hist + , Month: macd + hist - , 
code: EXPO     day: macd - hist - ,  Week: macd + hist - , Month: macd + hist - , 
code: BCPC     day: macd + hist - ,  Week: macd + hist + , Month: macd + hist - , 
code: SOXL     day: macd - hist - ,  Week: macd - hist + , Month: macd - hist - , 
code: TECL     day: macd - hist - ,  Week: macd - hist + , Month: macd - hist - , 
code: NEO      day: macd - hist - ,  Week: macd - hist + , Month: macd - hist - , 
code: NVMI     day: macd - hist - ,  Week: macd - hist + , Month: macd + hist - , 
code: NVDA     day: macd - hist - ,  Week: macd - hist - , Month: macd + hist - , 
code: BBDC     day: macd + hist - ,  Week: macd - hist + , Month: macd + hist - , 
code: APPS     day: macd - hist - ,  Week: macd - hist + , Month: macd - hist - , 
code: ROK      day: macd + hist - ,  Week: macd - hist + , Month: macd + hist - , 
code: NHTC     day: macd - hist - ,  Week: macd - hist + , Month: macd - hist - , 
code: ZYXI     day: macd + hist - ,  Week: macd + hist + , Month: macd - hist - , 
code: LIT      day: macd - hist - ,  Week: macd + hist - , Month: macd + hist - , 
code: LLY      day: macd - hist - ,  Week: macd + hist - , Month: macd + hist + , 
code: GTLB     day: macd - hist - ,  Week: macd + hist - , Month: macd + hist + , 
code: MCD      day: macd - hist - ,  Week: macd + hist - , Month: macd + hist - , 
code: MSI      day: macd + hist - ,  Week: macd + hist + , Month: macd + hist - , 
code: HCP      day: macd - hist - ,  Week: macd - hist + , Month: macd + hist + , 
code: ON       day: macd + hist - ,  Week: macd + hist + , Month: macd + hist + , 
==== MACD sell list ====
code: AAPL     day: macd - hist - , 
code: AAPL     day: macd - hist - ,  Week: macd + hist + , Month: macd + hist - , 
code: EL       day: macd - hist - , 
code: EL       day: macd - hist - ,  Week: macd - hist - , 
code: EL       day: macd - hist - ,  Week: macd - hist - , Month: macd + hist - , 
code: NEE      day: macd + hist - , 
code: NEE      day: macd + hist - ,  Week: macd + hist + , Month: macd + hist - , 
code: AMD      day: macd - hist - , 
code: AMD      day: macd - hist - ,  Week: macd - hist - , 
code: AMD      day: macd - hist - ,  Week: macd - hist - , Month: macd + hist - , 
code: APH      day: macd + hist - , 
code: APH      day: macd + hist - ,  Week: macd + hist + , Month: macd + hist - , 
code: XLP      day: macd - hist - , 
code: XLP      day: macd - hist - ,  Week: macd - hist - , 
code: XLP      day: macd - hist - ,  Week: macd - hist - , Month: macd + hist - , 
code: SPXL     day: macd - hist - , 
code: SPXL     day: macd - hist - ,  Week: macd - hist + , Month: macd + hist - , 
code: KEYS     day: macd + hist - , 
code: KEYS     day: macd + hist - ,  Week: macd + hist + , Month: macd + hist - , 
code: VDC      day: macd - hist - , 
code: VDC      day: macd - hist - ,  Week: macd - hist - , 
code: VDC      day: macd - hist - ,  Week: macd - hist - , Month: macd + hist - , 
code: SPTM     day: macd - hist - , 
code: SPTM     day: macd - hist - ,  Week: macd - hist + , Month: macd + hist - , 
code: SPLG     day: macd - hist - , 
code: SPLG     day: macd - hist - ,  Week: macd - hist + , Month: macd + hist - , 
code: CROX     day: macd + hist - , 
code: CROX     day: macd + hist - ,  Week: macd - hist + , Month: macd - hist - , 
code: AXON     day: macd + hist - , 
code: AXON     day: macd + hist - ,  Week: macd + hist + , Month: macd - hist - , 
code: AWR      day: macd - hist - , 
code: AWR      day: macd - hist - ,  Week: macd + hist - , 
code: AWR      day: macd - hist - ,  Week: macd + hist - , Month: macd + hist - , 
code: FN       day: macd + hist - , 
code: FN       day: macd + hist - ,  Week: macd + hist + , Month: macd + hist - , 
code: NXST     day: macd + hist - , 
code: TREX     day: macd - hist - , 
code: TREX     day: macd - hist - ,  Week: macd - hist - , 
code: TREX     day: macd - hist - ,  Week: macd - hist - , Month: macd - hist - , 
code: RGEN     day: macd + hist - , 
code: RGEN     day: macd + hist - ,  Week: macd + hist + , Month: macd + hist - , 
code: EXPO     day: macd - hist - , 
code: EXPO     day: macd - hist - ,  Week: macd + hist - , 
code: EXPO     day: macd - hist - ,  Week: macd + hist - , Month: macd + hist - , 
code: BCPC     day: macd + hist - , 
code: BCPC     day: macd + hist - ,  Week: macd + hist + , Month: macd + hist - , 
code: SOXL     day: macd - hist - , 
code: SOXL     day: macd - hist - ,  Week: macd - hist + , Month: macd - hist - , 
code: TECL     day: macd - hist - , 
code: TECL     day: macd - hist - ,  Week: macd - hist + , Month: macd - hist - , 
code: NEO      day: macd - hist - , 
code: NEO      day: macd - hist - ,  Week: macd - hist + , Month: macd - hist - , 
code: NVMI     day: macd - hist - , 
code: NVMI     day: macd - hist - ,  Week: macd - hist + , Month: macd + hist - , 
code: NVDA     day: macd - hist - , 
code: NVDA     day: macd - hist - ,  Week: macd - hist - , 
code: NVDA     day: macd - hist - ,  Week: macd - hist - , Month: macd + hist - , 
code: BBDC     day: macd + hist - , 
code: BBDC     day: macd + hist - ,  Week: macd - hist + , Month: macd + hist - , 
code: APPS     day: macd - hist - , 
code: APPS     day: macd - hist - ,  Week: macd - hist + , Month: macd - hist - , 
code: ROK      day: macd + hist - , 
code: ROK      day: macd + hist - ,  Week: macd - hist + , Month: macd + hist - , 
code: NHTC     day: macd - hist - , 
code: NHTC     day: macd - hist - ,  Week: macd - hist + , Month: macd - hist - , 
code: ZYXI     day: macd + hist - , 
code: ZYXI     day: macd + hist - ,  Week: macd + hist + , Month: macd - hist - , 
code: LIT      day: macd - hist - , 
code: LIT      day: macd - hist - ,  Week: macd + hist - , 
code: LIT      day: macd - hist - ,  Week: macd + hist - , Month: macd + hist - , 
code: LLY      day: macd - hist - , 
code: LLY      day: macd - hist - ,  Week: macd + hist - , 
code: GTLB     day: macd - hist - , 
code: GTLB     day: macd - hist - ,  Week: macd + hist - , 
code: MCD      day: macd - hist - , 
code: MCD      day: macd - hist - ,  Week: macd + hist - , 
code: MCD      day: macd - hist - ,  Week: macd + hist - , Month: macd + hist - , 
code: MSI      day: macd + hist - , 
code: MSI      day: macd + hist - ,  Week: macd + hist + , Month: macd + hist - , 
code: HCP      day: macd - hist - , 
code: ON       day: macd + hist - , 
===========================
profit
===========================
==== plus ====
NXST , macd +, macd hist -, profit:  [28.81], per:  [17.73], now: [191.31], buy:  [162.5]
RGEN , macd +, macd hist -, profit:  [30.68], per:  [17.08], now: [210.34], buy: [179.66]
ZYXI , macd +, macd hist -, profit:   [2.37], per:  [37.26], now:   [8.73], buy:   [6.36]
LLY  , macd -, macd hist -, profit:  [30.33], per:  [11.19], now: [301.33], buy:   [271.]
MCD  , macd -, macd hist -, profit:   [1.05], per:   [0.41], now: [254.51], buy: [253.46]
ON   , macd +, macd hist -, profit:   [7.65], per:  [12.78], now:  [67.51], buy:  [59.86]
-
     plus  len:  6
     profit: [100.89], per:  [96.46], per/len(p):  [16.08], per/len(p+m):   [2.61]
-
==== minus ====
AAPL , macd -, macd hist -, profit:       [], per:       [], now: [155.81], buy:       []
EL   , macd -, macd hist -, profit: [-91.43], per: [-26.91], now: [248.32], buy: [339.75]
NEE  , macd +, macd hist -, profit:  [-0.22], per:  [-0.26], now:  [85.11], buy:  [85.33]
AMD  , macd -, macd hist -, profit: [-39.99], per: [-33.26], now:  [80.24], buy: [120.23]
APH  , macd +, macd hist -, profit:       [], per:       [], now:  [72.58], buy:       []
XLP  , macd -, macd hist -, profit:  [-0.02], per:  [-0.03], now:  [72.56], buy:  [72.58]
SPXL , macd -, macd hist -, profit: [-58.71], per: [-45.08], now:  [71.52], buy: [130.23]
KEYS , macd +, macd hist -, profit: [-22.79], per: [-12.25], now: [163.27], buy: [186.06]
VDC  , macd -, macd hist -, profit:  [-2.34], per:  [-1.23], now: [187.19], buy: [189.53]
SPTM , macd -, macd hist -, profit:  [-8.21], per: [-14.51], now:  [48.37], buy:  [56.58]
SPLG , macd -, macd hist -, profit:  [-7.86], per: [-14.56], now:  [46.13], buy:  [53.99]
CROX , macd +, macd hist -, profit: [-106.42], per: [-59.98], now:    [71.], buy: [177.42]
AXON , macd +, macd hist -, profit: [-22.37], per: [-16.19], now: [115.78], buy: [138.15]
AWR  , macd -, macd hist -, profit:       [], per:       [], now:  [82.86], buy:       []
FN   , macd +, macd hist -, profit:   [-19.], per: [-16.26], now:  [97.86], buy: [116.86]
TREX , macd -, macd hist -, profit: [-23.62], per: [-33.74], now:  [46.38], buy:    [70.]
EXPO , macd -, macd hist -, profit:  [-8.84], per:  [-8.74], now:  [92.27], buy: [101.11]
BCPC , macd +, macd hist -, profit:  [-7.88], per:  [-5.75], now:  [129.2], buy: [137.08]
SOXL , macd -, macd hist -, profit: [-29.23], per: [-69.45], now:  [12.86], buy:  [42.09]
TECL , macd -, macd hist -, profit: [-30.13], per:  [-49.6], now:  [30.61], buy:  [60.74]
NEO  , macd -, macd hist -, profit:  [-8.04], per: [-45.07], now:    [9.8], buy:  [17.84]
NVMI , macd -, macd hist -, profit: [-17.52], per: [-15.28], now:  [97.13], buy: [114.65]
NVDA , macd -, macd hist -, profit: [-119.2], per: [-46.62], now: [136.47], buy: [255.67]
BBDC , macd +, macd hist -, profit:  [-0.78], per:  [-7.36], now:   [9.82], buy:   [10.6]
APPS , macd -, macd hist -, profit: [-26.09], per: [-59.74], now:  [17.58], buy:  [43.67]
ROK  , macd +, macd hist -, profit: [-103.88], per: [-30.38], now: [238.01], buy: [341.89]
NHTC , macd -, macd hist -, profit:  [-2.12], per: [-29.57], now:   [5.05], buy:   [7.17]
LIT  , macd -, macd hist -, profit: [-20.19], per: [-21.97], now:  [71.72], buy:  [91.91]
GTLB , macd -, macd hist -, profit:  [-4.45], per:  [-8.43], now:  [48.31], buy:  [52.76]
MSI  , macd +, macd hist -, profit:  [-7.64], per:  [-3.04], now: [243.77], buy: [251.41]
HCP  , macd -, macd hist -, profit: [-24.19], per: [-44.55], now:  [30.11], buy:   [54.3]
-
     minus len:  31
     profit:       [], per:       [], per/len(m):       [], per/len(p+m):       []
-
==== total ====
     profit:       [], per:       [], per/len(p+m):       []
arg[0]: scraping/yahoo-finace-api2.py, arg[1]: stock-code-list/up-month.txt
===========================
scraping
===========================
START:  A
END:    0.8206117153167725
-
START:  AAON
END:    1.4675960540771484
-
START:  AAPL
END:    2.156891345977783
-
START:  ABG
END:    2.759176254272461
-
START:  ABT
END:    3.435262680053711
-
START:  ACLS
END:    4.135353088378906
-
START:  ACMR
END:    4.487249135971069
-
START:  ACN
END:    4.988590717315674
-
START:  ADBE
END:    5.4963953495025635
-
START:  ADI
END:    6.320212125778198
-
START:  ADP
END:    7.066495418548584
-
START:  ADSK
END:    7.732008695602417
-
START:  ADUS
END:    8.15232539176941
-
START:  AEE
END:    8.805835008621216
-
START:  AGYS
END:    9.281110763549805
-
START:  AIZ
END:    9.93889570236206
-
START:  AJG
END:    10.58169412612915
-
START:  AJRD
END:    11.259934425354004
-
START:  ALB
END:    11.882781028747559
-
START:  ALG
END:    12.429951190948486
-
START:  ALGN
END:    13.028942823410034
-
START:  ALLE
END:    13.424877405166626
-
START:  ALTR
END:    13.708930492401123
-
START:  AMAT
END:    14.280550956726074
-
START:  AMBA
END:    14.740959882736206
-
START:  AMD
END:    15.234209537506104
-
START:  AME
END:    15.898502349853516
-
START:  AMED
END:    16.62911629676819
-
START:  AMEH
END:    17.15274953842163
-
START:  AMGN
END:    17.93528699874878
-
START:  AMN
END:    18.405341625213623
-
START:  AMP
END:    18.98479986190796
-
START:  AMRC
END:    19.47513246536255
-
START:  AMSWA
END:    20.05899429321289
-
START:  AMTX
END:    20.680299997329712
-
START:  AMZN
END:    21.174575805664062
-
START:  AN
END:    21.642263412475586
-
START:  ANSS
END:    22.288302898406982
-
START:  ANTM
Not Found: No data found, symbol may be delisted
START:  AON
END:    23.02058172225952
-
START:  AOSL
END:    23.433034420013428
-
START:  APD
END:    23.980719804763794
-
START:  APH
END:    24.480639696121216
-
START:  APPF
END:    24.900879621505737
-
START:  APPN
END:    25.176138401031494
-
START:  APPS
END:    25.6858012676239
-
START:  AQN
END:    26.121354818344116
-
START:  ARCB
END:    26.716872930526733
-
START:  ARCT
END:    27.078489065170288
-
START:  ARES
END:    27.676634311676025
-
START:  ARGX
END:    27.995548725128174
-
START:  ARWR
END:    28.439998865127563
-
START:  ASML
END:    29.078043460845947
-
START:  ASPN
END:    29.538695573806763
-
START:  ATEC
END:    30.192651510238647
-
START:  ATEN
END:    30.591663122177124
-
START:  ATKR
END:    30.919301748275757
-
START:  ATOM
END:    31.338778495788574
-
START:  ATR
END:    31.972429990768433
-
START:  ATRC
END:    32.423364877700806
-
START:  AUDC
END:    33.04828977584839
-
START:  AUPH
END:    33.45669436454773
-
START:  AVAV
END:    33.88163161277771
-
START:  AVGO
END:    34.329331159591675
-
START:  AVID
END:    34.77793836593628
-
START:  AVNW
END:    35.42898869514465
-
START:  AVXL
END:    35.91113305091858
-
START:  AVY
END:    36.60958385467529
-
START:  AWK
END:    37.028679847717285
-
START:  AWR
END:    37.800862073898315
-
START:  AXON
END:    38.54074001312256
-
START:  AZO
END:    39.09754800796509
-
START:  AZPN
END:    39.567973375320435
-
START:  BAH
END:    40.027771949768066
-
START:  BAM
END:    40.86254286766052
-
START:  BAX
END:    41.69602918624878
-
START:  BBH
END:    42.28677821159363
-
START:  BBQ
END:    42.94322228431702
-
START:  BBY
END:    43.49174499511719
-
START:  BCPC
END:    44.06228947639465
-
START:  BDX
END:    44.77363634109497
-
START:  BEEM
END:    45.2639536857605
-
START:  BFAM
END:    45.719783544540405
-
START:  BFC
END:    46.26353478431702
-
START:  BGFV
END:    46.778871059417725
-
START:  BGNE
END:    47.15169906616211
-
START:  BHVN
END:    47.49231958389282
-
START:  BIO
END:    48.434940576553345
-
START:  BL
END:    48.825594902038574
-
START:  BLD
END:    49.32060885429382
-
START:  BLDP
END:    49.86439085006714
-
START:  BLDR
END:    50.41108465194702
-
START:  BLFS
END:    50.909807443618774
-
START:  BLK
END:    51.604421854019165
-
START:  BLL
Not Found: No data found, symbol may be delisted
START:  BLNK
END:    52.43189334869385
-
START:  BMI
END:    53.08027744293213
-
START:  BOOT
END:    53.44145059585571
-
START:  BOTZ
END:    53.86977982521057
-
START:  BR
END:    54.321075201034546
-
START:  BRKR
END:    55.08870840072632
-
START:  BRKS
Not Found: No data found, symbol may be delisted
START:  BRO
END:    55.92900538444519
-
START:  BURL
END:    56.343929290771484
-
START:  BX
END:    56.948368549346924
-
START:  CABO
END:    57.39376354217529
-
START:  CACI
END:    57.91383934020996
-
START:  CALX
END:    58.37942862510681
-
START:  CAMT
END:    58.98401498794556
-
START:  CAR
END:    59.5362286567688
-
START:  CBRE
END:    60.23796367645264
-
START:  CBSH
END:    60.94482350349426
-
START:  CBZ
END:    61.63968563079834
-
START:  CCOI
END:    62.198798179626465
-
START:  CCS
END:    62.61694836616516
-
START:  CDMO
END:    63.196032762527466
-
START:  CDNA
END:    63.5788152217865
-
START:  CDNS
END:    64.05817103385925
-
START:  CDW
END:    64.57750415802002
-
START:  CELH
END:    65.29811596870422
-
START:  CGNX
END:    65.81207251548767
-
START:  CHD
END:    66.59885668754578
-
START:  CHDN
END:    67.29063892364502
-
START:  CHE
END:    68.00000262260437
-
START:  CHGG
END:    68.54900979995728
-
START:  CHH
END:    69.06704211235046
-
START:  CHKP
END:    69.6808819770813
-
START:  CHTR
END:    70.18099403381348
-
START:  CIEN
END:    70.64484143257141
-
START:  CLAR
END:    71.28912711143494
-
START:  CLFD
END:    71.8345239162445
-
START:  CLGN
END:    72.1210343837738
-
START:  CLNE
END:    72.7445969581604
-
START:  CLPT
END:    73.1087384223938
-
START:  CLX
END:    73.64269065856934
-
START:  CMCSA
END:    74.41616535186768
-
START:  CMG
END:    74.97987532615662
-
START:  CMS
END:    75.69236707687378
-
START:  CNC
END:    76.23347091674805
-
START:  CNI
END:    77.0114107131958
-
START:  CNMD
END:    77.55724787712097
-
START:  CNS
END:    78.38783860206604
-
START:  CNXN
END:    78.99483895301819
-
START:  COO
END:    79.72427582740784
-
START:  COST
END:    80.35312032699585
-
START:  COUP
END:    80.66288185119629
-
START:  COWN
END:    81.11164855957031
-
START:  CP
END:    81.90572571754456
-
START:  CPK
END:    82.70668435096741
-
START:  CPRT
END:    83.22252893447876
-
START:  CPSH
END:    83.7616138458252
-
START:  CRAI
END:    84.28068661689758
-
START:  CREE
Not Found: No data found, symbol may be delisted
START:  CRL
END:    84.96776628494263
-
START:  CRM
END:    85.64155673980713
-
START:  CRMT
END:    86.25504279136658
-
START:  CROX
END:    86.79088878631592
-
START:  CRSP
END:    87.16286039352417
-
START:  CRVL
END:    87.80052590370178
-
START:  CSGP
END:    88.2889940738678
-
START:  CSL
END:    88.97958970069885
-
START:  CSWI
END:    89.47928857803345
-
START:  CSX
END:    90.42809844017029
-
START:  CTAS
END:    91.12436032295227
-
START:  CTLT
END:    91.53914594650269
-
START:  CTRN
END:    92.27522826194763
-
START:  CURE
END:    92.8811674118042
-
START:  CVCO
END:    93.37981820106506
-
START:  CVNA
END:    93.78243350982666
-
START:  CWST
END:    94.35265851020813
-
START:  CWT
END:    94.87041902542114
-
START:  CXSE
END:    95.4565167427063
-
START:  CYBR
END:    95.9693067073822
-
START:  CYRX
END:    96.41029810905457
-
START:  CYTK
END:    96.99800109863281
-
START:  DAC
END:    97.64134311676025
-
START:  DAR
END:    98.26126766204834
-
START:  DAVA
END:    98.59943413734436
-
START:  DDS
END:    99.28230690956116
-
START:  DE
END:    100.03614282608032
-
START:  DECK
END:    100.58481979370117
-
START:  DELL
END:    100.93077039718628
-
START:  DFIN
END:    101.21329140663147
-
START:  DG
END:    101.71588373184204
-
START:  DGRW
END:    102.09444165229797
-
START:  DHI
END:    102.81069231033325
-
START:  DHR
END:    103.53571605682373
-
START:  DIA
END:    104.12347269058228
-
START:  DIOD
END:    104.74217581748962
-
START:  DIS
END:    105.57100129127502
-
START:  DKS
END:    106.24156379699707
-
START:  DLN
END:    106.85569906234741
-
START:  DNLI
END:    107.11891055107117
-
START:  DOMO
END:    107.51340198516846
-
START:  DOV
END:    108.25797653198242
-
START:  DPZ
END:    108.9111602306366
-
START:  DQ
END:    109.39810609817505
-
START:  DRD
END:    110.03573203086853
-
START:  DRIO
END:    110.3751449584961
-
START:  DRNA
Not Found: No data found, symbol may be delisted
START:  DSGX
END:    111.16371631622314
-
START:  DVAX
END:    111.63567233085632
-
START:  DXCM
END:    112.19372749328613
-
START:  ECL
END:    112.97160840034485
-
START:  EFX
END:    113.66117453575134
-
START:  EGAN
END:    114.20706629753113
-
START:  EHC
END:    114.9350163936615
-
START:  EL
END:    115.64012932777405
-
START:  ENPH
END:    116.09633731842041
-
START:  ENSG
END:    116.68032312393188
-
START:  ENTG
END:    117.43365359306335
-
START:  ENV
END:    117.90559339523315
-
START:  EPAM
END:    118.27379322052002
-
START:  ERIE
END:    118.93834686279297
-
START:  ES
END:    119.67347264289856
-
START:  ESE
END:    120.33743381500244
-
START:  ETN
END:    121.16033124923706
-
START:  ETSY
END:    121.66878604888916
-
START:  EVBG
END:    121.93194556236267
-
START:  EVTC
END:    122.49118995666504
-
START:  EW
END:    123.20869755744934
-
START:  EWT
END:    123.87293553352356
-
START:  EXAS
END:    124.35694694519043
-
START:  EXLS
END:    124.79781818389893
-
START:  EXPD
END:    125.57210636138916
-
START:  EXPI
END:    125.89535355567932
-
START:  EXPO
END:    126.65127277374268
-
START:  FAST
END:    127.40343046188354
-
START:  FATE
END:    127.84705448150635
-
START:  FB
Not Found: No data found, symbol may be delisted
START:  FCN
END:    128.72032928466797
-
START:  FCX
END:    129.36474061012268
-
START:  FDN
END:    129.93211007118225
-
START:  FDS
END:    130.74417424201965
-
START:  FELE
END:    131.51258516311646
-
START:  FFIN
END:    132.3533010482788
-
START:  FICO
END:    132.8855972290039
-
START:  FINX
END:    133.2078993320465
-
START:  FIS
END:    133.83524656295776
-
START:  FISV
END:    134.33694410324097
-
START:  FIVE
END:    134.80251955986023
-
START:  FIVN
END:    135.27170062065125
-
START:  FLGT
END:    135.63464665412903
-
START:  FLT
END:    136.00732231140137
-
START:  FLWS
END:    136.6006302833557
-
START:  FN
END:    137.0183300971985
-
START:  FND
END:    137.2993004322052
-
START:  FNV
END:    137.72719883918762
-
START:  FORM
END:    138.20207381248474
-
START:  FOXF
END:    138.60724639892578
-
START:  FPX
END:    139.05781888961792
-
START:  FRC
END:    139.500385761261
-
START:  FRHC
END:    139.7818832397461
-
START:  FRPT
END:    140.10508704185486
-
START:  FSS
END:    140.6290316581726
-
START:  FTNT
END:    141.11689853668213
-
START:  FUV
END:    141.3952555656433
-
START:  GDEN
END:    142.13535451889038
-
START:  GFI
END:    142.8113465309143
-
START:  GGG
END:    143.32154488563538
-
START:  GIB
END:    143.87753033638
-
START:  GLDD
END:    144.35327315330505
-
START:  GLOB
END:    144.78935480117798
-
START:  GMAB
END:    145.2186393737793
-
START:  GME
END:    145.7237582206726
-
START:  GMED
END:    146.13652563095093
-
START:  GNRC
END:    146.64004683494568
-
START:  GNSS
END:    147.25046229362488
-
START:  GNTX
END:    147.7560043334961
-
START:  GOLF
END:    148.18656301498413
-
START:  GOOG
END:    148.9278872013092
-
START:  GOOGL
END:    149.6430184841156
-
START:  GPI
END:    150.23412489891052
-
START:  GPN
END:    150.78170657157898
-
START:  GRBK
END:    151.2262794971466
-
START:  GRMN
END:    151.73194479942322
-
START:  GRVY
END:    152.13378262519836
-
START:  GRWG
END:    152.40056443214417
-
START:  GWRE
END:    152.7667112350464
-
START:  HACK
END:    153.2415943145752
-
START:  HALO
END:    153.87990880012512
-
START:  HCI
END:    154.34554052352905
-
START:  HD
END:    154.88925743103027
-
START:  HEI
END:    155.56118273735046
-
START:  HELE
END:    156.29441928863525
-
START:  HIBB
END:    156.8558714389801
-
START:  HLI
END:    157.27843260765076
-
START:  HLT
END:    157.77017331123352
-
START:  HOLX
END:    158.27263116836548
-
START:  HON
END:    158.89437747001648
-
START:  HOV
END:    159.5269856452942
-
START:  HRC
Not Found: No data found, symbol may be delisted
START:  HRI
END:    160.27374124526978
-
START:  HSKA
END:    160.98703718185425
-
START:  HTHT
END:    161.5888307094574
-
START:  HUBS
END:    162.01615691184998
-
START:  HUM
END:    162.57947754859924
-
START:  HZNP
END:    163.1065719127655
-
START:  IAC
END:    163.62681460380554
-
START:  IBP
END:    163.96596956253052
-
START:  ICE
END:    164.39951705932617
-
START:  ICLN
END:    164.99857425689697
-
START:  ICLR
END:    165.75036191940308
-
START:  IDT
END:    166.5159113407135
-
START:  IDXX
END:    166.9691653251648
-
START:  IESC
END:    167.49315237998962
-
START:  IEX
END:    168.0186424255371
-
START:  ILMN
END:    168.77757143974304
-
START:  INFO
Not Found: No data found, symbol may be delisted
START:  INOV
Not Found: No data found, symbol may be delisted
START:  INSP
END:    169.57078647613525
-
START:  INTC
END:    170.3328640460968
-
START:  INTU
END:    170.89775943756104
-
START:  INTZ
END:    171.48445868492126
-
START:  INVE
END:    172.14710545539856
-
START:  IOO
END:    172.6588294506073
-
START:  IQV
END:    173.03424334526062
-
START:  IRDM
END:    173.54928255081177
-
START:  IRMD
END:    174.03992223739624
-
START:  ISEE
END:    174.54971837997437
-
START:  ISRG
END:    175.23226261138916
-
START:  IT
END:    175.87645030021667
-
START:  ITT
END:    176.44288110733032
-
START:  ITW
END:    177.00652432441711
-
START:  IVOG
END:    177.36202788352966
-
START:  IVV
END:    177.90082383155823
-
START:  IXJ
END:    178.6664478778839
-
START:  IXN
END:    179.23987078666687
-
START:  J
END:    179.99057292938232
-
START:  JBL
END:    180.61355423927307
-
START:  JBSS
END:    181.3696300983429
-
START:  JD
END:    181.80222392082214
-
START:  JKHY
END:    182.61003017425537
-
START:  JKS
END:    183.07647609710693
-
START:  JNJ
END:    183.83210635185242
-
START:  JOE
END:    184.4951388835907
-
START:  JOUT
END:    185.16552352905273
-
START:  JYNT
END:    185.491117477417
-
START:  KAI
END:    186.01836037635803
-
START:  KBH
END:    186.7407581806183
-
START:  KBR
END:    187.35746884346008
-
START:  KDMN
Not Found: No data found, symbol may be delisted
START:  KEYS
END:    187.80171465873718
-
START:  KLAC
END:    188.33430218696594
-
START:  KLIC
END:    188.87540864944458
-
START:  KMX
END:    189.50389504432678
-
START:  KNSL
END:    189.84279251098633
-
START:  KOPN
END:    190.42472076416016
-
START:  KOSS
END:    191.0131471157074
-
START:  KRNT
END:    191.4258029460907
-
START:  KSU
Not Found: No data found, symbol may be delisted
START:  KTOS
END:    192.2299644947052
-
START:  LAC
END:    192.63235139846802
-
START:  LAD
END:    193.2759006023407
-
START:  LANC
END:    193.82574081420898
-
START:  LAWS
Not Found: No data found, symbol may be delisted
START:  LDOS
END:    194.57342767715454
-
START:  LFMD
END:    194.98256397247314
-
START:  LGIH
END:    195.40673208236694
-
START:  LH
END:    195.8867790699005
-
START:  LHCG
END:    196.57332682609558
-
START:  LHX
END:    197.37446475028992
-
START:  LII
END:    198.06267595291138
-
START:  LIN
END:    198.99101877212524
-
START:  LINC
END:    199.64383244514465
-
START:  LIT
END:    200.25204133987427
-
START:  LLY
END:    200.84571027755737
-
START:  LMT
END:    201.49917888641357
-
START:  LNT
END:    202.18767642974854
-
START:  LOB
END:    202.69336438179016
-
START:  LOGI
END:    203.22934937477112
-
START:  LOVE
END:    203.69407677650452
-
START:  LOW
END:    204.45173358917236
-
START:  LPLA
END:    204.83127355575562
-
START:  LPSN
END:    205.4103901386261
-
START:  LQDT
END:    205.92781615257263
-
START:  LRCX
END:    206.42269730567932
-
START:  LSCC
END:    206.8847897052765
-
START:  LSTR
END:    207.51837682724
-
START:  LULU
END:    207.94393634796143
-
START:  LUNA
END:    208.55341005325317
-
START:  MA
END:    209.05583596229553
-
START:  MANH
END:    209.67424035072327
-
START:  MANT
END:    210.30186700820923
-
START:  MARA
END:    210.7196819782257
-
START:  MASI
END:    211.41208481788635
-
START:  MATX
END:    212.1083483695984
-
START:  MBUU
END:    212.49729371070862
-
START:  MCD
END:    213.18712902069092
-
START:  MCHP
END:    213.69916653633118
-
START:  MCO
END:    214.22733783721924
-
START:  MDB
END:    214.50556635856628
-
START:  MDT
END:    215.1051540374756
-
START:  MEDP
END:    215.47400665283203
-
START:  MEDS
END:    215.83755612373352
-
START:  MELI
END:    216.27953433990479
-
START:  MGC
END:    216.70014691352844
-
START:  MGIC
END:    217.5010621547699
-
START:  MGK
END:    217.98322939872742
-
START:  MGNI
END:    218.3595404624939
-
START:  MHO
END:    219.15050172805786
-
START:  MIME
Not Found: No data found, symbol may be delisted
START:  MITK
END:    219.85392117500305
-
START:  MKC
END:    220.3645875453949
-
START:  MKSI
END:    220.8579330444336
-
START:  MKTX
END:    221.35731720924377
-
START:  MLAB
END:    221.89586734771729
-
START:  MLR
END:    222.66936087608337
-
START:  MMC
END:    223.338228225708
-
START:  MMS
END:    223.89753222465515
-
START:  MNMD
END:    224.14773631095886
-
START:  MNST
END:    224.63069415092468
-
START:  MODN
END:    225.06447649002075
-
START:  MODV
END:    225.67347264289856
-
START:  MOH
END:    226.14654278755188
-
START:  MORN
END:    226.75056743621826
-
START:  MPWR
END:    227.2685031890869
-
START:  MRTX
END:    227.6692717075348
-
START:  MRVL
END:    228.4387936592102
-
START:  MS
END:    229.21550369262695
-
START:  MSA
END:    229.9234185218811
-
START:  MSCI
END:    230.3676962852478
-
START:  MSEX
END:    231.0599730014801
-
START:  MSFT
END:    231.87071537971497
-
START:  MSI
END:    232.3780701160431
-
START:  MSTR
END:    232.87033915519714
-
START:  MTBC
END:    233.26241421699524
-
START:  MTCH
END:    233.8095588684082
-
START:  MTD
END:    234.38493299484253
-
START:  MTEX
END:    234.91986799240112
-
START:  MTH
END:    235.68025708198547
-
START:  MTLS
END:    236.16833972930908
-
START:  MTSI
END:    236.62051916122437
-
START:  MU
END:    237.3842477798462
-
START:  MUSA
END:    237.97637963294983
-
START:  MVIS
END:    238.4423930644989
-
START:  MXL
END:    239.0155267715454
-
START:  MYRG
END:    239.42069792747498
-
START:  NBIX
END:    240.07420897483826
-
START:  NCBS
Not Found: No data found, symbol may be delisted
START:  NDAQ
END:    240.75889086723328
-
START:  NDSN
END:    241.339989900589
-
START:  NEE
END:    241.90442323684692
-
START:  NEO
END:    242.5769453048706
-
START:  NEOG
END:    243.37249112129211
-
START:  NFLX
END:    243.994553565979
-
START:  NICE
END:    244.49540948867798
-
START:  NISN
END:    244.78480887413025
-
START:  NKE
END:    245.33352828025818
-
START:  NOVT
END:    245.84711742401123
-
START:  NOW
END:    246.2418668270111
-
START:  NSC
END:    247.083158493042
-
START:  NSIT
END:    247.69718527793884
-
START:  NSSC
END:    248.2171311378479
-
START:  NSTG
END:    248.5050117969513
-
START:  NTLA
END:    248.89436030387878
-
START:  NTRA
END:    249.38548517227173
-
START:  NUAN
END:    249.94818782806396
-
START:  NVCR
END:    250.38428616523743
-
START:  NVDA
END:    251.13174152374268
-
START:  NVMI
END:    251.6481659412384
-
START:  NVO
END:    252.31186437606812
-
START:  NVR
END:    253.0439612865448
-
START:  NXST
END:    253.83388710021973
-
START:  NYT
END:    254.37187814712524
-
START:  OBCI
END:    255.07195568084717
-
START:  ODFL
END:    255.82805705070496
-
START:  OEF
END:    256.54740500450134
-
START:  OFLX
END:    257.05420184135437
-
START:  OLED
END:    257.634140253067
-
START:  OMCL
END:    258.2425489425659
-
START:  ON
END:    258.7832307815552
-
START:  OOMA
END:    259.0627067089081
-
START:  OPRX
END:    259.56035351753235
-
START:  ORA
END:    260.35126662254333
-
START:  ORCL
END:    260.87222719192505
-
START:  ORLY
END:    261.4865548610687
-
START:  ORMP
END:    261.97891569137573
-
START:  OTEX
END:    262.6406855583191
-
START:  PACB
END:    263.20791602134705
-
START:  PAG
END:    263.9798889160156
-
START:  PANW
END:    264.4425859451294
-
START:  PAR
END:    265.1530456542969
-
START:  PAYC
END:    265.59046626091003
-
START:  PAYX
END:    266.3020396232605
-
START:  PBD
END:    266.93373250961304
-
START:  PCTY
END:    267.36367750167847
-
START:  PEGA
END:    268.0078237056732
-
START:  PEN
END:    268.3949544429779
-
START:  PENN
END:    269.02888679504395
-
START:  PEP
END:    269.703204870224
-
START:  PERI
END:    270.25955080986023
-
START:  PFSI
END:    270.79675245285034
-
START:  PGR
END:    271.43013882637024
-
START:  PH
END:    272.34503960609436
-
START:  PHM
END:    272.9989860057831
-
START:  PKI
END:    273.8664162158966
-
START:  PLL
END:    274.1468722820282
-
START:  PLNT
END:    274.5036187171936
-
START:  PLUG
END:    274.99306893348694
-
START:  PLXS
END:    275.66385316848755
-
START:  PODD
END:    276.1582090854645
-
START:  POOL
END:    276.70212268829346
-
START:  POWI
END:    277.32910537719727
-
START:  PRFT
END:    277.9553258419037
-
START:  PRI
END:    278.41990184783936
-
START:  PRTA
END:    281.7410297393799
-
START:  PRTS
END:    282.281964302063
-
START:  PTSI
END:    282.76987743377686
-
START:  PWR
END:    283.37995767593384
-
START:  PYPL
END:    283.7185833454132
-
START:  QADA
Not Found: No data found, symbol may be delisted
START:  QCLN
END:    284.3495841026306
-
START:  QDEL
END:    285.12569069862366
-
START:  QGEN
END:    285.8016846179962
-
START:  QLYS
END:    286.33707666397095
-
START:  QQQ
END:    286.8724446296692
-
START:  QRVO
END:    287.21421480178833
-
START:  QTWO
END:    287.73145294189453
-
START:  RADA
END:    288.4813811779022
-
START:  RAMP
END:    289.2261471748352
-
START:  RBA
END:    289.6923580169678
-
START:  RCII
END:    290.31966066360474
-
START:  RCKY
END:    290.80001497268677
-
START:  RDNT
END:    291.34327006340027
-
START:  RDVT
END:    291.75918459892273
-
START:  RDWR
END:    292.2604248523712
-
START:  REGI
END:    292.5997278690338
-
START:  RENN
END:    293.07660579681396
-
START:  RGEN
END:    293.71911573410034
-
START:  RH
END:    294.0793468952179
-
START:  RILY
END:    294.7071039676666
-
START:  RIOT
END:    295.094384431839
-
START:  RLI
END:    295.6771459579468
-
START:  RLMD
END:    295.9756124019623
-
START:  RMD
END:    296.6291706562042
-
START:  RNG
END:    297.0799241065979
-
START:  ROBO
END:    297.51368522644043
-
START:  ROCK
END:    298.3011407852173
-
START:  ROK
END:    298.96947979927063
-
START:  ROKU
END:    299.2912862300873
-
START:  ROL
END:    300.042138338089
-
START:  ROP
END:    300.59058594703674
-
START:  ROST
END:    301.4132058620453
-
START:  RPD
END:    301.7595181465149
-
START:  RPM
END:    302.3334677219391
-
START:  RSG
END:    303.02265667915344
-
START:  RTH
END:    303.5077414512634
-
START:  RUN
END:    304.01589822769165
-
START:  RXI
END:    304.4988672733307
-
START:  SAIA
END:    305.2781300544739
-
START:  SAIC
END:    305.7438805103302
-
START:  SAM
END:    306.36750984191895
-
START:  SAVA
END:    307.12336826324463
-
START:  SCI
END:    307.8113443851471
-
START:  SCL
END:    308.4674024581909
-
START:  SE
END:    308.76808881759644
-
START:  SEAS
END:    309.34192967414856
-
START:  SEDG
END:    309.68107056617737
-
START:  SFBS
END:    310.0745437145233
-
START:  SGEN
END:    310.7637507915497
-
START:  SGMS
Not Found: No data found, symbol may be delisted
START:  SGRY
END:    311.3223123550415
-
START:  SHOP
END:    311.82347440719604
-
START:  SHW
END:    312.42778873443604
-
START:  SHYF
END:    313.09270334243774
-
START:  SITE
END:    313.4896514415741
-
START:  SIVB
END:    314.05033016204834
-
START:  SJW
END:    314.7137670516968
-
START:  SKY
END:    315.51299142837524
-
START:  SLAB
END:    316.01327681541443
-
START:  SLP
END:    316.7842857837677
-
START:  SMH
END:    317.5587182044983
-
START:  SMTC
END:    318.29204416275024
-
START:  SNAP
END:    318.5881817340851
-
START:  SNPS
END:    319.07184648513794
-
START:  SOCL
END:    319.5488803386688
-
START:  SOXL
END:    320.2466311454773
-
START:  SPGI
END:    320.87971353530884
-
START:  SPLG
END:    321.3616383075714
-
START:  SPLK
END:    321.8701045513153
-
START:  SPNS
END:    322.47034335136414
-
START:  SPSC
END:    323.0668387413025
-
START:  SPTM
END:    323.70225071907043
-
START:  SPWH
END:    324.02877974510193
-
START:  SPWR
END:    324.7528693675995
-
START:  SPXC
END:    325.57858085632324
-
START:  SPXL
END:    326.0100064277649
-
START:  SPY
END:    326.68342089653015
-
START:  SPYG
END:    327.172967672348
-
START:  SQ
END:    327.70582914352417
-
START:  SSD
END:    328.21487617492676
-
START:  SSNC
END:    328.69451904296875
-
START:  SSTK
END:    329.1672387123108
-
START:  STAA
END:    329.67635774612427
-
START:  STE
END:    330.3022999763489
-
START:  SUSA
END:    330.7685511112213
-
START:  SYK
END:    331.3960144519806
-
START:  SYNA
END:    331.89948987960815
-
START:  TBBK
END:    332.45462703704834
-
START:  TBK
END:    332.7930955886841
-
START:  TDG
END:    333.2491223812103
-
START:  TDOC
END:    333.59454464912415
-
START:  TDY
END:    334.08575987815857
-
START:  TEAM
END:    334.396559715271
-
START:  TECH
END:    335.04074931144714
-
START:  TECL
END:    335.5349636077881
-
START:  TER
END:    336.156946182251
-
START:  TFX
END:    336.71214532852173
-
START:  TGH
END:    337.17128801345825
-
START:  TGLS
END:    337.5884928703308
-
START:  TGT
END:    338.1191146373749
-
START:  TGTX
END:    338.5748333930969
-
START:  THC
END:    339.08666825294495
-
START:  TJX
END:    339.7400064468384
-
START:  TMO
END:    340.296617269516
-
START:  TMUS
END:    340.7905123233795
-
START:  TNDM
END:    341.2299847602844
-
START:  TNET
END:    341.6097092628479
-
START:  TPX
END:    342.0997488498688
-
START:  TREX
END:    342.8527898788452
-
START:  TRI
END:    343.52596139907837
-
START:  TRIL
Not Found: No data found, symbol may be delisted
START:  TRMB
END:    344.3408842086792
-
START:  TRNS
END:    344.8250594139099
-
START:  TROW
END:    345.4849576950073
-
START:  TRU
END:    345.9203727245331
-
START:  TRUP
END:    346.2182478904724
-
START:  TSCO
END:    346.7281973361969
-
START:  TSLA
END:    347.2446093559265
-
START:  TSM
END:    347.8798050880432
-
START:  TT
END:    348.5223922729492
-
START:  TTC
END:    349.0465474128723
-
START:  TTD
END:    349.3239004611969
-
START:  TTEC
END:    349.9736649990082
-
START:  TTEK
END:    350.4426980018616
-
START:  TTGT
END:    350.9999542236328
-
START:  TTWO
END:    351.57224440574646
-
START:  TWLO
END:    351.98554968833923
-
START:  TXN
END:    352.6811900138855
-
START:  TYL
END:    353.16805148124695
-
START:  UCTT
END:    353.64710569381714
-
START:  UFPI
END:    354.3630871772766
-
START:  UFPT
END:    354.8890130519867
-
START:  UI
END:    355.27947998046875
-
START:  UMC
END:    355.795535326004
-
START:  UNF
END:    356.44688057899475
-
START:  UNH
END:    357.2607035636902
-
START:  UNP
END:    357.7857027053833
-
START:  UPLD
END:    358.21277236938477
-
START:  URI
END:    358.84956455230713
-
START:  V
END:    359.38916850090027
-
START:  VALU
END:    359.8960702419281
-
START:  VBK
END:    360.52446484565735
-
START:  VCEL
END:    360.99165081977844
-
START:  VCR
END:    361.59676003456116
-
START:  VCTR
END:    361.82894229888916
-
START:  VCYT
END:    362.19063091278076
-
START:  VDC
END:    362.6544101238251
-
START:  VEEV
END:    363.0442404747009
-
START:  VERU
END:    363.7117805480957
-
START:  VGT
END:    364.35392355918884
-
START:  VHT
END:    364.8614070415497
-
START:  VIAV
END:    365.4727635383606
-
START:  VICR
END:    366.11285758018494
-
START:  VIG
END:    366.84411573410034
-
START:  VO
END:    367.2833163738251
-
START:  VONE
END:    367.80413126945496
-
START:  VONG
END:    368.4144620895386
-
START:  VOO
END:    368.8232204914093
-
START:  VOOG
END:    369.379732131958
-
START:  VOOV
END:    369.8832447528839
-
START:  VOT
END:    370.47337889671326
-
START:  VPU
END:    371.2284073829651
-
START:  VRNS
END:    371.6912932395935
-
START:  VRSK
END:    372.2233567237854
-
START:  VRSN
END:    372.8239278793335
-
START:  VRTV
END:    373.18038535118103
-
START:  VSTO
END:    373.501163482666
-
START:  VTHR
END:    374.0357668399811
-
START:  VTI
END:    374.6677088737488
-
START:  VTNR
END:    375.23838233947754
-
START:  VTWG
END:    375.71979546546936
-
START:  VUG
END:    376.32887744903564
-
START:  VV
END:    376.9439685344696
-
START:  VXF
END:    377.5203547477722
-
START:  WCN
END:    378.04413390159607
-
START:  WD
END:    378.4881889820099
-
START:  WDAY
END:    378.8314335346222
-
START:  WDFC
END:    379.3923830986023
-
START:  WEC
END:    380.085378408432
-
START:  WEN
END:    380.8770787715912
-
START:  WINA
END:    381.4073348045349
-
START:  WING
END:    381.82208585739136
-
START:  WIRE
END:    382.2950134277344
-
START:  WIX
END:    382.6430027484894
-
START:  WK
END:    383.04453206062317
-
START:  WLTW
Not Found: No data found, symbol may be delisted
START:  WM
END:    383.8278193473816
-
START:  WMS
END:    384.1808400154114
-
START:  WNS
END:    384.7057991027832
-
START:  WRB
END:    385.2575271129608
-
START:  WSC
END:    385.6160316467285
-
START:  WSM
END:    386.4232623577118
-
START:  WST
END:    387.21364092826843
-
START:  WTRG
END:    387.8531639575958
-
START:  WTS
END:    388.50435757637024
-
START:  XEL
END:    389.10787320137024
-
START:  XENE
END:    389.3985903263092
-
START:  XLK
END:    390.0381271839142
-
START:  XLNX
Not Found: No data found, symbol may be delisted
START:  XLP
END:    390.74829173088074
-
START:  XLRN
Not Found: No data found, symbol may be delisted
START:  XLU
END:    391.6479260921478
-
START:  XLV
END:    392.3171660900116
-
START:  XLY
END:    392.9557800292969
-
START:  XYL
END:    393.57490730285645
-
START:  YNDX
END:    394.0446410179138
-
START:  YORW
END:    394.71804213523865
-
START:  YUM
END:    395.24837350845337
-
START:  Z
END:    395.7659754753113
-
START:  ZBRA
END:    396.3343143463135
-
START:  ZEN
END:    396.912157535553
-
START:  ZLAB
END:    397.2595236301422
-
START:  ZNGA
Not Found: No data found, symbol may be delisted
START:  ZS
END:    397.6707215309143
-
START:  ZTS
END:    398.14560627937317
-
START:  ZYXI
END:    398.6425938606262
-
===========================
MACD golden cross
===========================
START:  code
START:  A
START:  AAON
START:  AAPL
START:  ABG
START:  ABT
START:  ACLS
START:  ACMR
START:  ACN
START:  ADBE
START:  ADI
START:  ADP
START:  ADSK
START:  ADUS
START:  AEE
START:  AGYS
START:  AIZ
START:  AJG
START:  AJRD
START:  ALB
START:  ALG
START:  ALGN
START:  ALLE
START:  ALTR
START:  AMAT
START:  AMBA
START:  AMD
START:  AME
START:  AMED
START:  AMEH
START:  AMGN
START:  AMN
START:  AMP
START:  AMRC
START:  AMSWA
START:  AMTX
START:  AMZN
START:  AN
START:  ANSS
START:  ANTM
START:  AON
START:  AOSL
START:  APD
START:  APH
START:  APPF
START:  APPN
START:  APPS
START:  AQN
START:  ARCB
START:  ARCT
START:  ARES
START:  ARGX
START:  ARWR
START:  ASML
START:  ASPN
START:  ATEC
START:  ATEN
START:  ATKR
START:  ATOM
START:  ATR
START:  ATRC
START:  AUDC
START:  AUPH
START:  AVAV
START:  AVGO
START:  AVID
START:  AVNW
START:  AVXL
START:  AVY
START:  AWK
START:  AWR
START:  AXON
START:  AZO
START:  AZPN
START:  BAH
START:  BAM
START:  BAX
START:  BBH
START:  BBQ
START:  BBY
START:  BCPC
START:  BDX
START:  BEEM
START:  BFAM
START:  BFC
START:  BGFV
START:  BGNE
START:  BHVN
START:  BIO
START:  BL
START:  BLD
START:  BLDP
START:  BLDR
START:  BLFS
START:  BLK
START:  BLL
START:  BLNK
START:  BMI
START:  BOOT
START:  BOTZ
START:  BR
START:  BRKR
START:  BRKS
START:  BRO
START:  BURL
START:  BX
START:  CABO
START:  CACI
START:  CALX
START:  CAMT
START:  CAR
START:  CBRE
START:  CBSH
START:  CBZ
START:  CCOI
START:  CCS
START:  CDMO
START:  CDNA
START:  CDNS
START:  CDW
START:  CELH
START:  CGNX
START:  CHD
START:  CHDN
START:  CHE
START:  CHGG
START:  CHH
START:  CHKP
START:  CHTR
START:  CIEN
START:  CLAR
START:  CLFD
START:  CLGN
START:  CLNE
START:  CLPT
START:  CLX
START:  CMCSA
START:  CMG
START:  CMS
START:  CNC
START:  CNI
START:  CNMD
START:  CNS
START:  CNXN
START:  COO
START:  COST
START:  COUP
START:  COWN
START:  CP
START:  CPK
START:  CPRT
START:  CPSH
START:  CRAI
START:  CREE
START:  CRL
START:  CRM
START:  CRMT
START:  CROX
START:  CRSP
START:  CRVL
START:  CSGP
START:  CSL
START:  CSWI
START:  CSX
START:  CTAS
START:  CTLT
START:  CTRN
START:  CURE
START:  CVCO
START:  CVNA
START:  CWST
START:  CWT
START:  CXSE
START:  CYBR
START:  CYRX
START:  CYTK
START:  DAC
START:  DAR
START:  DAVA
START:  DDS
START:  DE
START:  DECK
START:  DELL
START:  DFIN
START:  DG
START:  DGRW
START:  DHI
START:  DHR
START:  DIA
START:  DIOD
START:  DIS
START:  DKS
START:  DLN
START:  DNLI
START:  DOMO
START:  DOV
START:  DPZ
START:  DQ
START:  DRD
START:  DRIO
START:  DRNA
START:  DSGX
START:  DVAX
START:  DXCM
START:  ECL
START:  EFX
START:  EGAN
START:  EHC
START:  EL
START:  ENPH
START:  ENSG
START:  ENTG
START:  ENV
START:  EPAM
START:  ERIE
START:  ES
START:  ESE
START:  ETN
START:  ETSY
START:  EVBG
START:  EVTC
START:  EW
START:  EWT
START:  EXAS
START:  EXLS
START:  EXPD
START:  EXPI
START:  EXPO
START:  FAST
START:  FATE
START:  FB
START:  FCN
START:  FCX
START:  FDN
START:  FDS
START:  FELE
START:  FFIN
START:  FICO
START:  FINX
START:  FIS
START:  FISV
START:  FIVE
START:  FIVN
START:  FLGT
START:  FLT
START:  FLWS
START:  FN
START:  FND
START:  FNV
START:  FORM
START:  FOXF
START:  FPX
START:  FRC
START:  FRHC
START:  FRPT
START:  FSS
START:  FTNT
START:  FUV
START:  GDEN
START:  GFI
START:  GGG
START:  GIB
START:  GLDD
START:  GLOB
START:  GMAB
START:  GME
START:  GMED
START:  GNRC
START:  GNSS
START:  GNTX
START:  GOLF
START:  GOOG
START:  GOOGL
START:  GPI
START:  GPN
START:  GRBK
START:  GRMN
START:  GRVY
START:  GRWG
START:  GWRE
START:  HACK
START:  HALO
START:  HCI
START:  HD
START:  HEI
START:  HELE
START:  HIBB
START:  HLI
START:  HLT
START:  HOLX
START:  HON
START:  HOV
START:  HRC
START:  HRI
START:  HSKA
START:  HTHT
START:  HUBS
START:  HUM
START:  HZNP
START:  IAC
START:  IBP
START:  ICE
START:  ICLN
START:  ICLR
START:  IDT
START:  IDXX
START:  IESC
START:  IEX
START:  ILMN
START:  INFO
START:  INOV
START:  INSP
START:  INTC
START:  INTU
START:  INTZ
START:  INVE
START:  IOO
START:  IQV
START:  IRDM
START:  IRMD
START:  ISEE
START:  ISRG
START:  IT
START:  ITT
START:  ITW
START:  IVOG
START:  IVV
START:  IXJ
START:  IXN
START:  J
START:  JBL
START:  JBSS
START:  JD
START:  JKHY
START:  JKS
START:  JNJ
START:  JOE
START:  JOUT
START:  JYNT
START:  KAI
START:  KBH
START:  KBR
START:  KDMN
START:  KEYS
START:  KLAC
START:  KLIC
START:  KMX
START:  KNSL
START:  KOPN
START:  KOSS
START:  KRNT
START:  KSU
START:  KTOS
START:  LAC
START:  LAD
START:  LANC
START:  LAWS
START:  LDOS
START:  LFMD
START:  LGIH
START:  LH
START:  LHCG
START:  LHX
START:  LII
START:  LIN
START:  LINC
START:  LIT
START:  LLY
START:  LMT
START:  LNT
START:  LOB
START:  LOGI
START:  LOVE
START:  LOW
START:  LPLA
START:  LPSN
START:  LQDT
START:  LRCX
START:  LSCC
START:  LSTR
START:  LULU
START:  LUNA
START:  MA
START:  MANH
START:  MANT
START:  MARA
START:  MASI
START:  MATX
START:  MBUU
START:  MCD
START:  MCHP
START:  MCO
START:  MDB
START:  MDT
START:  MEDP
START:  MEDS
START:  MELI
START:  MGC
START:  MGIC
START:  MGK
START:  MGNI
START:  MHO
START:  MIME
START:  MITK
START:  MKC
START:  MKSI
START:  MKTX
START:  MLAB
START:  MLR
START:  MMC
START:  MMS
START:  MNMD
START:  MNST
START:  MODN
START:  MODV
START:  MOH
START:  MORN
START:  MPWR
START:  MRTX
START:  MRVL
START:  MS
START:  MSA
START:  MSCI
START:  MSEX
START:  MSFT
START:  MSI
START:  MSTR
START:  MTBC
START:  MTCH
START:  MTD
START:  MTEX
START:  MTH
START:  MTLS
START:  MTSI
START:  MU
START:  MUSA
START:  MVIS
START:  MXL
START:  MYRG
START:  NBIX
START:  NCBS
START:  NDAQ
START:  NDSN
START:  NEE
START:  NEO
START:  NEOG
START:  NFLX
START:  NICE
START:  NISN
START:  NKE
START:  NOVT
START:  NOW
START:  NSC
START:  NSIT
START:  NSSC
START:  NSTG
START:  NTLA
START:  NTRA
START:  NUAN
START:  NVCR
START:  NVDA
START:  NVMI
START:  NVO
START:  NVR
START:  NXST
START:  NYT
START:  OBCI
START:  ODFL
START:  OEF
START:  OFLX
START:  OLED
START:  OMCL
START:  ON
START:  OOMA
START:  OPRX
START:  ORA
START:  ORCL
START:  ORLY
START:  ORMP
START:  OTEX
START:  PACB
START:  PAG
START:  PANW
START:  PAR
START:  PAYC
START:  PAYX
START:  PBD
START:  PCTY
START:  PEGA
START:  PEN
START:  PENN
START:  PEP
START:  PERI
START:  PFSI
START:  PGR
START:  PH
START:  PHM
START:  PKI
START:  PLL
START:  PLNT
START:  PLUG
START:  PLXS
START:  PODD
START:  POOL
START:  POWI
START:  PRFT
START:  PRI
START:  PRTA
START:  PRTS
START:  PTSI
START:  PWR
START:  PYPL
START:  QADA
START:  QCLN
START:  QDEL
START:  QGEN
START:  QLYS
START:  QQQ
START:  QRVO
START:  QTWO
START:  RADA
START:  RAMP
START:  RBA
START:  RCII
START:  RCKY
START:  RDNT
START:  RDVT
START:  RDWR
START:  REGI
START:  RENN
START:  RGEN
START:  RH
START:  RILY
START:  RIOT
START:  RLI
START:  RLMD
START:  RMD
START:  RNG
START:  ROBO
START:  ROCK
START:  ROK
START:  ROKU
START:  ROL
START:  ROP
START:  ROST
START:  RPD
START:  RPM
START:  RSG
START:  RTH
START:  RUN
START:  RXI
START:  SAIA
START:  SAIC
START:  SAM
START:  SAVA
START:  SCI
START:  SCL
START:  SE
START:  SEAS
START:  SEDG
START:  SFBS
START:  SGEN
START:  SGMS
START:  SGRY
START:  SHOP
START:  SHW
START:  SHYF
START:  SITE
START:  SIVB
START:  SJW
START:  SKY
START:  SLAB
START:  SLP
START:  SMH
START:  SMTC
START:  SNAP
START:  SNPS
START:  SOCL
START:  SOXL
START:  SPGI
START:  SPLG
START:  SPLK
START:  SPNS
START:  SPSC
START:  SPTM
START:  SPWH
START:  SPWR
START:  SPXC
START:  SPXL
START:  SPY
START:  SPYG
START:  SQ
START:  SSD
START:  SSNC
START:  SSTK
START:  STAA
START:  STE
START:  SUSA
START:  SYK
START:  SYNA
START:  TBBK
START:  TBK
START:  TDG
START:  TDOC
START:  TDY
START:  TEAM
START:  TECH
START:  TECL
START:  TER
START:  TFX
START:  TGH
START:  TGLS
START:  TGT
START:  TGTX
START:  THC
START:  TJX
START:  TMO
START:  TMUS
START:  TNDM
START:  TNET
START:  TPX
START:  TREX
START:  TRI
START:  TRIL
START:  TRMB
START:  TRNS
START:  TROW
START:  TRU
START:  TRUP
START:  TSCO
START:  TSLA
START:  TSM
START:  TT
START:  TTC
START:  TTD
START:  TTEC
START:  TTEK
START:  TTGT
START:  TTWO
START:  TWLO
START:  TXN
START:  TYL
START:  UCTT
START:  UFPI
START:  UFPT
START:  UI
START:  UMC
START:  UNF
START:  UNH
START:  UNP
START:  UPLD
START:  URI
START:  V
START:  VALU
START:  VBK
START:  VCEL
START:  VCR
START:  VCTR
START:  VCYT
START:  VDC
START:  VEEV
START:  VERU
START:  VGT
START:  VHT
START:  VIAV
START:  VICR
START:  VIG
START:  VO
START:  VONE
START:  VONG
START:  VOO
START:  VOOG
START:  VOOV
START:  VOT
START:  VPU
START:  VRNS
START:  VRSK
START:  VRSN
START:  VRTV
START:  VSTO
START:  VTHR
START:  VTI
START:  VTNR
START:  VTWG
START:  VUG
START:  VV
START:  VXF
START:  WCN
START:  WD
START:  WDAY
START:  WDFC
START:  WEC
START:  WEN
START:  WINA
START:  WING
START:  WIRE
START:  WIX
START:  WK
START:  WLTW
START:  WM
START:  WMS
START:  WNS
START:  WRB
START:  WSC
START:  WSM
START:  WST
START:  WTRG
START:  WTS
START:  XEL
START:  XENE
START:  XLK
START:  XLNX
START:  XLP
START:  XLRN
START:  XLU
START:  XLV
START:  XLY
START:  XYL
START:  YNDX
START:  YORW
START:  YUM
START:  Z
START:  ZBRA
START:  ZEN
START:  ZLAB
START:  ZNGA
START:  ZS
START:  ZTS
START:  ZYXI
==== MACD golden cross ====
None
code: NUAN     day: macd + hist + hist_1pre + ,  Week: macd + hist + hist_1pre - , Month: macd + hist - hist_1pre - , 
Trade --> code: NUAN   BUY: 2005-11-30    5.38 SELL: 2008-11-30    7.94  macd:   -0.13 macd_count:  36 profit:  1.48
Trade --> code: NUAN   BUY: 2009-12-31   13.44 SELL: 2013-05-31   16.44  macd:   -0.10 macd_count:  41 profit:  1.22
Trade --> code: NUAN   BUY: 2015-11-30   18.11 SELL: 2016-07-31   13.90  macd:   -0.05 macd_count:   8 profit:  0.77
Trade --> code: NUAN   BUY: 2017-05-31   16.01 SELL: 2017-09-30   13.60  macd:   -0.04 macd_count:   4 profit:  0.85
Trade --> code: NUAN   BUY: 2019-04-30   14.56 SELL: 2022-03-31   55.99  macd:    7.14 macd_count:  36 profit:  3.85

