Mon Sep  5 14:06:21 UTC 2022
arg[0]: scraping/yahoo-finace-api2.py, arg[1]: stock-code-list/buy-list.txt
===========================
scraping
===========================
START:  AAPL
END:    1.042302131652832
-
START:  EL
END:    1.6732072830200195
-
START:  NEE
END:    2.563115358352661
-
START:  AMD
END:    3.2399773597717285
-
START:  APH
END:    3.903855323791504
-
START:  XLP
END:    4.619417667388916
-
START:  SPXL
END:    5.345944881439209
-
START:  KEYS
END:    5.72468638420105
-
START:  VDC
END:    6.250087738037109
-
START:  SPTM
END:    6.976354598999023
-
START:  SPLG
END:    7.612760305404663
-
START:  CROX
END:    8.213995456695557
-
START:  AXON
END:    8.827456712722778
-
START:  AWR
END:    9.762768507003784
-
START:  FN
END:    10.34945034980774
-
START:  NXST
END:    11.05396580696106
-
START:  TREX
END:    11.870367050170898
-
START:  RGEN
END:    12.562812328338623
-
START:  EXPO
END:    13.170123100280762
-
START:  BCPC
END:    14.116975784301758
-
START:  SOXL
END:    14.66155743598938
-
START:  TECL
END:    15.310976028442383
-
START:  NEO
END:    15.918660402297974
-
START:  NVMI
END:    16.725059509277344
-
START:  NVDA
END:    17.437058210372925
-
START:  BBDC
END:    18.023828983306885
-
START:  APPS
END:    18.587547302246094
-
START:  ROK
END:    19.351364374160767
-
START:  NHTC
END:    20.071097135543823
-
START:  ZYXI
END:    20.700937032699585
-
START:  LIT
END:    21.148404121398926
-
START:  LLY
END:    22.11546301841736
-
START:  GTLB
END:    22.36615490913391
-
START:  MCD
END:    23.290361166000366
-
START:  MSI
END:    24.086132049560547
-
START:  HCP
END:    24.353830575942993
-
START:  ON
END:    25.180525064468384
-
===========================
MACD sell
===========================
START:  AAPL
START:  EL
START:  NEE
START:  AMD
START:  APH
START:  XLP
START:  SPXL
START:  KEYS
START:  VDC
START:  SPTM
START:  SPLG
START:  CROX
START:  AXON
START:  AWR
START:  FN
START:  NXST
START:  TREX
START:  RGEN
START:  EXPO
START:  BCPC
START:  SOXL
START:  TECL
START:  NEO
START:  NVMI
START:  NVDA
START:  BBDC
START:  APPS
START:  ROK
START:  NHTC
START:  ZYXI
START:  LIT
START:  LLY
START:  GTLB
START:  MCD
START:  MSI
START:  HCP
START:  ON
==== MACD list ====
code: AAPL     day: macd - hist - ,  Week: macd + hist + , Month: macd + hist - , 
code: EL       day: macd - hist - ,  Week: macd - hist - , Month: macd + hist - , 
code: NEE      day: macd + hist - ,  Week: macd + hist + , Month: macd + hist - , 
code: AMD      day: macd - hist - ,  Week: macd - hist - , Month: macd + hist - , 
code: APH      day: macd + hist - ,  Week: macd + hist + , Month: macd + hist - , 
code: XLP      day: macd - hist - ,  Week: macd - hist - , Month: macd + hist - , 
code: SPXL     day: macd - hist - ,  Week: macd - hist + , Month: macd + hist - , 
code: KEYS     day: macd + hist - ,  Week: macd + hist + , Month: macd + hist - , 
code: VDC      day: macd - hist - ,  Week: macd - hist - , Month: macd + hist - , 
code: SPTM     day: macd - hist - ,  Week: macd - hist + , Month: macd + hist - , 
code: SPLG     day: macd - hist - ,  Week: macd - hist + , Month: macd + hist - , 
code: CROX     day: macd + hist - ,  Week: macd - hist + , Month: macd - hist - , 
code: AXON     day: macd + hist - ,  Week: macd + hist + , Month: macd - hist - , 
code: AWR      day: macd - hist - ,  Week: macd + hist - , Month: macd + hist - , 
code: FN       day: macd + hist - ,  Week: macd + hist + , Month: macd + hist - , 
code: NXST     day: macd + hist - ,  Week: macd + hist + , Month: macd + hist + , 
code: TREX     day: macd - hist - ,  Week: macd - hist - , Month: macd - hist - , 
code: RGEN     day: macd + hist - ,  Week: macd + hist + , Month: macd + hist - , 
code: EXPO     day: macd - hist - ,  Week: macd + hist - , Month: macd + hist - , 
code: BCPC     day: macd + hist - ,  Week: macd + hist + , Month: macd + hist - , 
code: SOXL     day: macd - hist - ,  Week: macd - hist + , Month: macd - hist - , 
code: TECL     day: macd - hist - ,  Week: macd - hist + , Month: macd - hist - , 
code: NEO      day: macd - hist - ,  Week: macd - hist + , Month: macd - hist - , 
code: NVMI     day: macd - hist - ,  Week: macd - hist + , Month: macd + hist - , 
code: NVDA     day: macd - hist - ,  Week: macd - hist - , Month: macd + hist - , 
code: BBDC     day: macd + hist - ,  Week: macd - hist + , Month: macd + hist - , 
code: APPS     day: macd - hist - ,  Week: macd - hist + , Month: macd - hist - , 
code: ROK      day: macd + hist - ,  Week: macd - hist + , Month: macd + hist - , 
code: NHTC     day: macd - hist - ,  Week: macd - hist + , Month: macd - hist - , 
code: ZYXI     day: macd + hist - ,  Week: macd + hist + , Month: macd - hist - , 
code: LIT      day: macd - hist - ,  Week: macd + hist - , Month: macd + hist - , 
code: LLY      day: macd - hist - ,  Week: macd + hist - , Month: macd + hist + , 
code: GTLB     day: macd - hist - ,  Week: macd + hist - , Month: macd + hist + , 
code: MCD      day: macd - hist - ,  Week: macd + hist - , Month: macd + hist - , 
code: MSI      day: macd + hist - ,  Week: macd + hist + , Month: macd + hist - , 
code: HCP      day: macd - hist - ,  Week: macd - hist + , Month: macd + hist + , 
code: ON       day: macd + hist - ,  Week: macd + hist + , Month: macd + hist + , 
==== MACD sell list ====
code: AAPL     day: macd - hist - , 
code: AAPL     day: macd - hist - ,  Week: macd + hist + , Month: macd + hist - , 
code: EL       day: macd - hist - , 
code: EL       day: macd - hist - ,  Week: macd - hist - , 
code: EL       day: macd - hist - ,  Week: macd - hist - , Month: macd + hist - , 
code: NEE      day: macd + hist - , 
code: NEE      day: macd + hist - ,  Week: macd + hist + , Month: macd + hist - , 
code: AMD      day: macd - hist - , 
code: AMD      day: macd - hist - ,  Week: macd - hist - , 
code: AMD      day: macd - hist - ,  Week: macd - hist - , Month: macd + hist - , 
code: APH      day: macd + hist - , 
code: APH      day: macd + hist - ,  Week: macd + hist + , Month: macd + hist - , 
code: XLP      day: macd - hist - , 
code: XLP      day: macd - hist - ,  Week: macd - hist - , 
code: XLP      day: macd - hist - ,  Week: macd - hist - , Month: macd + hist - , 
code: SPXL     day: macd - hist - , 
code: SPXL     day: macd - hist - ,  Week: macd - hist + , Month: macd + hist - , 
code: KEYS     day: macd + hist - , 
code: KEYS     day: macd + hist - ,  Week: macd + hist + , Month: macd + hist - , 
code: VDC      day: macd - hist - , 
code: VDC      day: macd - hist - ,  Week: macd - hist - , 
code: VDC      day: macd - hist - ,  Week: macd - hist - , Month: macd + hist - , 
code: SPTM     day: macd - hist - , 
code: SPTM     day: macd - hist - ,  Week: macd - hist + , Month: macd + hist - , 
code: SPLG     day: macd - hist - , 
code: SPLG     day: macd - hist - ,  Week: macd - hist + , Month: macd + hist - , 
code: CROX     day: macd + hist - , 
code: CROX     day: macd + hist - ,  Week: macd - hist + , Month: macd - hist - , 
code: AXON     day: macd + hist - , 
code: AXON     day: macd + hist - ,  Week: macd + hist + , Month: macd - hist - , 
code: AWR      day: macd - hist - , 
code: AWR      day: macd - hist - ,  Week: macd + hist - , 
code: AWR      day: macd - hist - ,  Week: macd + hist - , Month: macd + hist - , 
code: FN       day: macd + hist - , 
code: FN       day: macd + hist - ,  Week: macd + hist + , Month: macd + hist - , 
code: NXST     day: macd + hist - , 
code: TREX     day: macd - hist - , 
code: TREX     day: macd - hist - ,  Week: macd - hist - , 
code: TREX     day: macd - hist - ,  Week: macd - hist - , Month: macd - hist - , 
code: RGEN     day: macd + hist - , 
code: RGEN     day: macd + hist - ,  Week: macd + hist + , Month: macd + hist - , 
code: EXPO     day: macd - hist - , 
code: EXPO     day: macd - hist - ,  Week: macd + hist - , 
code: EXPO     day: macd - hist - ,  Week: macd + hist - , Month: macd + hist - , 
code: BCPC     day: macd + hist - , 
code: BCPC     day: macd + hist - ,  Week: macd + hist + , Month: macd + hist - , 
code: SOXL     day: macd - hist - , 
code: SOXL     day: macd - hist - ,  Week: macd - hist + , Month: macd - hist - , 
code: TECL     day: macd - hist - , 
code: TECL     day: macd - hist - ,  Week: macd - hist + , Month: macd - hist - , 
code: NEO      day: macd - hist - , 
code: NEO      day: macd - hist - ,  Week: macd - hist + , Month: macd - hist - , 
code: NVMI     day: macd - hist - , 
code: NVMI     day: macd - hist - ,  Week: macd - hist + , Month: macd + hist - , 
code: NVDA     day: macd - hist - , 
code: NVDA     day: macd - hist - ,  Week: macd - hist - , 
code: NVDA     day: macd - hist - ,  Week: macd - hist - , Month: macd + hist - , 
code: BBDC     day: macd + hist - , 
code: BBDC     day: macd + hist - ,  Week: macd - hist + , Month: macd + hist - , 
code: APPS     day: macd - hist - , 
code: APPS     day: macd - hist - ,  Week: macd - hist + , Month: macd - hist - , 
code: ROK      day: macd + hist - , 
code: ROK      day: macd + hist - ,  Week: macd - hist + , Month: macd + hist - , 
code: NHTC     day: macd - hist - , 
code: NHTC     day: macd - hist - ,  Week: macd - hist + , Month: macd - hist - , 
code: ZYXI     day: macd + hist - , 
code: ZYXI     day: macd + hist - ,  Week: macd + hist + , Month: macd - hist - , 
code: LIT      day: macd - hist - , 
code: LIT      day: macd - hist - ,  Week: macd + hist - , 
code: LIT      day: macd - hist - ,  Week: macd + hist - , Month: macd + hist - , 
code: LLY      day: macd - hist - , 
code: LLY      day: macd - hist - ,  Week: macd + hist - , 
code: GTLB     day: macd - hist - , 
code: GTLB     day: macd - hist - ,  Week: macd + hist - , 
code: MCD      day: macd - hist - , 
code: MCD      day: macd - hist - ,  Week: macd + hist - , 
code: MCD      day: macd - hist - ,  Week: macd + hist - , Month: macd + hist - , 
code: MSI      day: macd + hist - , 
code: MSI      day: macd + hist - ,  Week: macd + hist + , Month: macd + hist - , 
code: HCP      day: macd - hist - , 
code: ON       day: macd + hist - , 
===========================
profit
===========================
==== plus ====
NXST , macd +, macd hist -, profit:  [28.81], per:  [17.73], now: [191.31], buy:  [162.5]
RGEN , macd +, macd hist -, profit:  [30.68], per:  [17.08], now: [210.34], buy: [179.66]
ZYXI , macd +, macd hist -, profit:   [2.37], per:  [37.26], now:   [8.73], buy:   [6.36]
LLY  , macd -, macd hist -, profit:  [30.33], per:  [11.19], now: [301.33], buy:   [271.]
MCD  , macd -, macd hist -, profit:   [1.05], per:   [0.41], now: [254.51], buy: [253.46]
ON   , macd +, macd hist -, profit:   [7.65], per:  [12.78], now:  [67.51], buy:  [59.86]
-
     plus  len:  6
     profit: [100.89], per:  [96.46], per/len(p):  [16.08], per/len(p+m):   [2.61]
-
==== minus ====
AAPL , macd -, macd hist -, profit:       [], per:       [], now: [155.81], buy:       []
EL   , macd -, macd hist -, profit: [-91.43], per: [-26.91], now: [248.32], buy: [339.75]
NEE  , macd +, macd hist -, profit:  [-0.22], per:  [-0.26], now:  [85.11], buy:  [85.33]
AMD  , macd -, macd hist -, profit: [-39.99], per: [-33.26], now:  [80.24], buy: [120.23]
APH  , macd +, macd hist -, profit:       [], per:       [], now:  [72.58], buy:       []
XLP  , macd -, macd hist -, profit:  [-0.02], per:  [-0.03], now:  [72.56], buy:  [72.58]
SPXL , macd -, macd hist -, profit: [-58.71], per: [-45.08], now:  [71.52], buy: [130.23]
KEYS , macd +, macd hist -, profit: [-22.79], per: [-12.25], now: [163.27], buy: [186.06]
VDC  , macd -, macd hist -, profit:  [-2.34], per:  [-1.23], now: [187.19], buy: [189.53]
SPTM , macd -, macd hist -, profit:  [-8.21], per: [-14.51], now:  [48.37], buy:  [56.58]
SPLG , macd -, macd hist -, profit:  [-7.86], per: [-14.56], now:  [46.13], buy:  [53.99]
CROX , macd +, macd hist -, profit: [-106.42], per: [-59.98], now:    [71.], buy: [177.42]
AXON , macd +, macd hist -, profit: [-22.37], per: [-16.19], now: [115.78], buy: [138.15]
AWR  , macd -, macd hist -, profit:       [], per:       [], now:  [82.86], buy:       []
FN   , macd +, macd hist -, profit:   [-19.], per: [-16.26], now:  [97.86], buy: [116.86]
TREX , macd -, macd hist -, profit: [-23.62], per: [-33.74], now:  [46.38], buy:    [70.]
EXPO , macd -, macd hist -, profit:  [-8.84], per:  [-8.74], now:  [92.27], buy: [101.11]
BCPC , macd +, macd hist -, profit:  [-7.88], per:  [-5.75], now:  [129.2], buy: [137.08]
SOXL , macd -, macd hist -, profit: [-29.23], per: [-69.45], now:  [12.86], buy:  [42.09]
TECL , macd -, macd hist -, profit: [-30.13], per:  [-49.6], now:  [30.61], buy:  [60.74]
NEO  , macd -, macd hist -, profit:  [-8.04], per: [-45.07], now:    [9.8], buy:  [17.84]
NVMI , macd -, macd hist -, profit: [-17.52], per: [-15.28], now:  [97.13], buy: [114.65]
NVDA , macd -, macd hist -, profit: [-119.2], per: [-46.62], now: [136.47], buy: [255.67]
BBDC , macd +, macd hist -, profit:  [-0.78], per:  [-7.36], now:   [9.82], buy:   [10.6]
APPS , macd -, macd hist -, profit: [-26.09], per: [-59.74], now:  [17.58], buy:  [43.67]
ROK  , macd +, macd hist -, profit: [-103.88], per: [-30.38], now: [238.01], buy: [341.89]
NHTC , macd -, macd hist -, profit:  [-2.12], per: [-29.57], now:   [5.05], buy:   [7.17]
LIT  , macd -, macd hist -, profit: [-20.19], per: [-21.97], now:  [71.72], buy:  [91.91]
GTLB , macd -, macd hist -, profit:  [-4.45], per:  [-8.43], now:  [48.31], buy:  [52.76]
MSI  , macd +, macd hist -, profit:  [-7.64], per:  [-3.04], now: [243.77], buy: [251.41]
HCP  , macd -, macd hist -, profit: [-24.19], per: [-44.55], now:  [30.11], buy:   [54.3]
-
     minus len:  31
     profit:       [], per:       [], per/len(m):       [], per/len(p+m):       []
-
==== total ====
     profit:       [], per:       [], per/len(p+m):       []
arg[0]: scraping/yahoo-finace-api2.py, arg[1]: stock-code-list/up-month.txt
===========================
scraping
===========================
START:  A
END:    0.7386956214904785
-
START:  AAON
END:    1.5640590190887451
-
START:  AAPL
END:    2.3493642807006836
-
START:  ABG
END:    2.9665112495422363
-
START:  ABT
END:    3.76446795463562
-
START:  ACLS
END:    4.435599088668823
-
START:  ACMR
END:    4.767152786254883
-
START:  ACN
END:    5.388775825500488
-
START:  ADBE
END:    6.019966125488281
-
START:  ADI
END:    6.778402328491211
-
START:  ADP
END:    7.515231609344482
-
START:  ADSK
END:    8.24796175956726
-
START:  ADUS
END:    8.692789793014526
-
START:  AEE
END:    9.336080551147461
-
START:  AGYS
END:    10.039510488510132
-
START:  AIZ
END:    10.666854858398438
-
START:  AJG
END:    11.333988428115845
-
START:  AJRD
END:    11.964890241622925
-
START:  ALB
END:    12.547748804092407
-
START:  ALG
END:    13.254570960998535
-
START:  ALGN
END:    13.889561414718628
-
START:  ALLE
END:    14.382633924484253
-
START:  ALTR
END:    14.701371908187866
-
START:  AMAT
END:    15.333661079406738
-
START:  AMBA
END:    16.064528226852417
-
START:  AMD
END:    16.861380100250244
-
START:  AME
END:    17.748077154159546
-
START:  AMED
END:    18.479637145996094
-
START:  AMEH
END:    18.939555644989014
-
START:  AMGN
END:    19.653520107269287
-
START:  AMN
END:    20.426395416259766
-
START:  AMP
END:    21.10789918899536
-
START:  AMRC
END:    21.75630474090576
-
START:  AMSWA
END:    22.514517545700073
-
START:  AMTX
END:    22.984840154647827
-
START:  AMZN
END:    23.806413888931274
-
START:  AN
END:    24.379531383514404
-
START:  ANSS
END:    24.952229022979736
-
START:  ANTM
Not Found: No data found, symbol may be delisted
START:  AON
END:    26.15899109840393
-
START:  AOSL
END:    26.626351356506348
-
START:  APD
END:    27.53067398071289
-
START:  APH
END:    28.143294095993042
-
START:  APPF
END:    28.609163999557495
-
START:  APPN
END:    28.923836946487427
-
START:  APPS
END:    29.62964653968811
-
START:  AQN
END:    30.194140434265137
-
START:  ARCB
END:    30.817264795303345
-
START:  ARCT
END:    31.24154019355774
-
START:  ARES
END:    31.822723150253296
-
START:  ARGX
END:    32.25088691711426
-
START:  ARWR
END:    32.93316602706909
-
START:  ASML
END:    33.62941336631775
-
START:  ASPN
END:    34.045414447784424
-
START:  ATEC
END:    34.508286476135254
-
START:  ATEN
END:    35.07682991027832
-
START:  ATKR
END:    35.502015113830566
-
START:  ATOM
END:    35.93920135498047
-
START:  ATR
END:    36.550190925598145
-
START:  ATRC
END:    37.182358741760254
-
START:  AUDC
END:    37.93999218940735
-
START:  AUPH
END:    38.31652569770813
-
START:  AVAV
END:    38.805291414260864
-
START:  AVGO
END:    39.319944858551025
-
START:  AVID
END:    39.862971782684326
-
START:  AVNW
END:    40.5844931602478
-
START:  AVXL
END:    41.176472663879395
-
START:  AVY
END:    41.797199726104736
-
START:  AWK
END:    42.521506786346436
-
START:  AWR
END:    43.13348364830017
-
START:  AXON
END:    43.81962323188782
-
START:  AZO
END:    44.49436902999878
-
START:  AZPN
END:    45.2853581905365
-
START:  BAH
END:    45.91518950462341
-
START:  BAM
END:    46.695751428604126
-
START:  BAX
END:    47.63036870956421
-
START:  BBH
END:    48.28080201148987
-
START:  BBQ
END:    48.97636961936951
-
START:  BBY
END:    49.629138708114624
-
START:  BCPC
END:    50.44692540168762
-
START:  BDX
END:    51.094494104385376
-
START:  BEEM
END:    51.659326791763306
-
START:  BFAM
END:    52.09673881530762
-
START:  BFC
END:    52.84219670295715
-
START:  BGFV
END:    53.586323499679565
-
START:  BGNE
END:    53.946919202804565
-
START:  BHVN
END:    54.403902530670166
-
START:  BIO
END:    55.12108278274536
-
START:  BL
END:    55.583070516586304
-
START:  BLD
END:    55.972028493881226
-
START:  BLDP
END:    56.567875623703
-
START:  BLDR
END:    57.13041925430298
-
START:  BLFS
END:    57.924217224121094
-
START:  BLK
END:    58.76914381980896
-
START:  BLL
Not Found: No data found, symbol may be delisted
START:  BLNK
END:    59.498339891433716
-
START:  BMI
END:    60.24395704269409
-
START:  BOOT
END:    60.68393325805664
-
START:  BOTZ
END:    61.14396953582764
-
START:  BR
END:    61.74008750915527
-
START:  BRKR
END:    62.42802453041077
-
START:  BRKS
Not Found: No data found, symbol may be delisted
START:  BRO
END:    63.296854734420776
-
START:  BURL
END:    63.709330797195435
-
START:  BX
END:    64.2693738937378
-
START:  CABO
END:    64.68395018577576
-
START:  CACI
END:    65.52051615715027
-
START:  CALX
END:    66.08602523803711
-
START:  CAMT
END:    66.77020359039307
-
START:  CAR
END:    67.41362619400024
-
START:  CBRE
END:    68.0227997303009
-
START:  CBSH
END:    68.97905135154724
-
START:  CBZ
END:    69.57152533531189
-
START:  CCOI
END:    70.29035830497742
-
START:  CCS
END:    70.79602551460266
-
START:  CDMO
END:    71.4436366558075
-
START:  CDNA
END:    71.81313633918762
-
START:  CDNS
END:    72.37836909294128
-
START:  CDW
END:    72.97612571716309
-
START:  CELH
END:    73.47952818870544
-
START:  CGNX
END:    74.21070432662964
-
START:  CHD
END:    75.15999937057495
-
START:  CHDN
END:    75.80353474617004
-
START:  CHE
END:    76.65146327018738
-
START:  CHGG
END:    77.17975330352783
-
START:  CHH
END:    77.94289088249207
-
START:  CHKP
END:    78.55622100830078
-
START:  CHTR
END:    79.08447003364563
-
START:  CIEN
END:    79.78528332710266
-
START:  CLAR
END:    80.50771021842957
-
START:  CLFD
END:    81.13409924507141
-
START:  CLGN
END:    81.5206732749939
-
START:  CLNE
END:    82.16002321243286
-
START:  CLPT
END:    82.64495372772217
-
START:  CLX
END:    83.44234442710876
-
START:  CMCSA
END:    84.33845710754395
-
START:  CMG
END:    84.93318319320679
-
START:  CMS
END:    85.76928400993347
-
START:  CNC
END:    86.61174178123474
-
START:  CNI
END:    87.43706107139587
-
START:  CNMD
END:    88.27895140647888
-
START:  CNS
END:    89.02235960960388
-
START:  CNXN
END:    89.64159798622131
-
START:  COO
END:    90.40131425857544
-
START:  COST
END:    91.03498768806458
-
START:  COUP
END:    91.37773060798645
-
START:  COWN
END:    91.91700720787048
-
START:  CP
END:    92.80273795127869
-
START:  CPK
END:    93.74567079544067
-
START:  CPRT
END:    94.3528060913086
-
START:  CPSH
END:    94.94221138954163
-
START:  CRAI
END:    95.57596611976624
-
START:  CREE
Not Found: No data found, symbol may be delisted
START:  CRL
END:    96.60480642318726
-
START:  CRM
END:    97.29337692260742
-
START:  CRMT
END:    97.98031830787659
-
START:  CROX
END:    98.55923843383789
-
START:  CRSP
END:    98.89524459838867
-
START:  CRVL
END:    99.64646935462952
-
START:  CSGP
END:    100.26808023452759
-
START:  CSL
END:    100.98337125778198
-
START:  CSWI
END:    101.45459294319153
-
START:  CSX
END:    102.32197403907776
-
START:  CTAS
END:    103.1047055721283
-
START:  CTLT
END:    103.59271335601807
-
START:  CTRN
END:    104.20378279685974
-
START:  CURE
END:    105.05993723869324
-
START:  CVCO
END:    105.76287913322449
-
START:  CVNA
END:    106.23396968841553
-
START:  CWST
END:    106.92091369628906
-
START:  CWT
END:    107.59783840179443
-
START:  CXSE
END:    108.04767203330994
-
START:  CYBR
END:    108.62164998054504
-
START:  CYRX
END:    109.35561394691467
-
START:  CYTK
END:    110.08776521682739
-
START:  DAC
END:    110.71940159797668
-
START:  DAR
END:    111.51524877548218
-
START:  DAVA
END:    111.91194367408752
-
START:  DDS
END:    112.64760279655457
-
START:  DE
END:    113.48822021484375
-
START:  DECK
END:    114.36662292480469
-
START:  DELL
END:    114.84824657440186
-
START:  DFIN
END:    115.22889137268066
-
START:  DG
END:    115.72620940208435
-
START:  DGRW
END:    116.25288224220276
-
START:  DHI
END:    116.99167227745056
-
START:  DHR
END:    117.64010739326477
-
START:  DIA
END:    118.29480814933777
-
START:  DIOD
END:    118.92034387588501
-
START:  DIS
END:    119.64372682571411
-
START:  DKS
END:    120.29231262207031
-
START:  DLN
END:    121.10998368263245
-
START:  DNLI
END:    121.51149010658264
-
START:  DOMO
END:    121.8216552734375
-
START:  DOV
END:    122.75515842437744
-
START:  DPZ
END:    123.46618032455444
-
START:  DQ
END:    123.93604350090027
-
START:  DRD
END:    124.59061908721924
-
START:  DRIO
END:    125.01468348503113
-
START:  DRNA
Not Found: No data found, symbol may be delisted
START:  DSGX
END:    125.80033302307129
-
START:  DVAX
END:    126.34724164009094
-
START:  DXCM
END:    126.86717438697815
-
START:  ECL
END:    127.63928008079529
-
START:  EFX
END:    128.40202641487122
-
START:  EGAN
END:    129.06592059135437
-
START:  EHC
END:    130.16868829727173
-
START:  EL
END:    130.91546249389648
-
START:  ENPH
END:    131.42144989967346
-
START:  ENSG
END:    132.04242277145386
-
START:  ENTG
END:    132.8791320323944
-
START:  ENV
END:    133.52961611747742
-
START:  EPAM
END:    134.17610883712769
-
START:  ERIE
END:    135.10302472114563
-
START:  ES
END:    135.87483072280884
-
START:  ESE
END:    136.6353542804718
-
START:  ETN
END:    137.5768392086029
-
START:  ETSY
END:    138.1613097190857
-
START:  EVBG
END:    138.57927536964417
-
START:  EVTC
END:    139.19332456588745
-
START:  EW
END:    139.80849838256836
-
START:  EWT
END:    140.5460066795349
-
START:  EXAS
END:    141.12694144248962
-
START:  EXLS
END:    141.87836527824402
-
START:  EXPD
END:    142.82541632652283
-
START:  EXPI
END:    143.28892159461975
-
START:  EXPO
END:    144.30578660964966
-
START:  FAST
END:    145.06654715538025
-
START:  FATE
END:    145.7619080543518
-
START:  FB
Not Found: No data found, symbol may be delisted
START:  FCN
END:    146.6347315311432
-
START:  FCX
END:    147.4385416507721
-
START:  FDN
END:    148.063805103302
-
START:  FDS
END:    148.7428150177002
-
START:  FELE
END:    149.4114806652069
-
START:  FFIN
END:    150.30351495742798
-
START:  FICO
END:    150.94687843322754
-
START:  FINX
END:    151.39482426643372
-
START:  FIS
END:    152.23598980903625
-
START:  FISV
END:    152.8512465953827
-
START:  FIVE
END:    153.49919772148132
-
START:  FIVN
END:    154.0678095817566
-
START:  FLGT
END:    154.44739747047424
-
START:  FLT
END:    154.90812349319458
-
START:  FLWS
END:    155.61472010612488
-
START:  FN
END:    156.07535076141357
-
START:  FND
END:    156.40244126319885
-
START:  FNV
END:    157.03404140472412
-
START:  FORM
END:    157.6747636795044
-
START:  FOXF
END:    158.14154696464539
-
START:  FPX
END:    158.85049295425415
-
START:  FRC
END:    159.58429288864136
-
START:  FRHC
END:    159.93428087234497
-
START:  FRPT
END:    160.4351508617401
-
START:  FSS
END:    161.0611138343811
-
START:  FTNT
END:    161.52353692054749
-
START:  FUV
END:    161.94721126556396
-
START:  GDEN
END:    162.5395712852478
-
START:  GFI
END:    163.30258536338806
-
START:  GGG
END:    164.18114638328552
-
START:  GIB
END:    164.85570549964905
-
START:  GLDD
END:    165.4181354045868
-
START:  GLOB
END:    165.88008785247803
-
START:  GMAB
END:    166.46897530555725
-
START:  GME
END:    167.14955353736877
-
START:  GMED
END:    167.65204977989197
-
START:  GNRC
END:    168.153418302536
-
START:  GNSS
END:    168.8532235622406
-
START:  GNTX
END:    169.6404767036438
-
START:  GOLF
END:    170.09719610214233
-
START:  GOOG
END:    170.7491636276245
-
START:  GOOGL
END:    171.33910489082336
-
START:  GPI
END:    171.9588074684143
-
START:  GPN
END:    172.8997619152069
-
START:  GRBK
END:    173.6513249874115
-
START:  GRMN
END:    174.58292937278748
-
START:  GRVY
END:    175.12657475471497
-
START:  GRWG
END:    175.50343799591064
-
START:  GWRE
END:    175.97316074371338
-
START:  HACK
END:    176.45770597457886
-
START:  HALO
END:    177.20178031921387
-
START:  HCI
END:    177.72687935829163
-
START:  HD
END:    178.36515855789185
-
START:  HEI
END:    179.0619285106659
-
START:  HELE
END:    179.76911878585815
-
START:  HIBB
END:    180.5391492843628
-
START:  HLI
END:    181.01780700683594
-
START:  HLT
END:    181.44139456748962
-
START:  HOLX
END:    182.12529706954956
-
START:  HON
END:    183.05401754379272
-
START:  HOV
END:    183.6604814529419
-
START:  HRC
Not Found: No data found, symbol may be delisted
START:  HRI
END:    184.580087184906
-
START:  HSKA
END:    185.24281907081604
-
START:  HTHT
END:    185.88792395591736
-
START:  HUBS
END:    186.29261302947998
-
START:  HUM
END:    186.99681186676025
-
START:  HZNP
END:    187.61017179489136
-
START:  IAC
END:    188.55784678459167
-
START:  IBP
END:    189.042165517807
-
START:  ICE
END:    189.72518181800842
-
START:  ICLN
END:    190.33482265472412
-
START:  ICLR
END:    190.94337916374207
-
START:  IDT
END:    191.6958713531494
-
START:  IDXX
END:    192.4197256565094
-
START:  IESC
END:    193.10848712921143
-
START:  IEX
END:    193.87797808647156
-
START:  ILMN
END:    194.58014392852783
-
START:  INFO
Not Found: No data found, symbol may be delisted
START:  INOV
Not Found: No data found, symbol may be delisted
START:  INSP
END:    195.51771688461304
-
START:  INTC
END:    196.21065521240234
-
START:  INTU
END:    196.96433877944946
-
START:  INTZ
END:    197.64814639091492
-
START:  INVE
END:    198.34648203849792
-
START:  IOO
END:    199.0611445903778
-
START:  IQV
END:    199.58810448646545
-
START:  IRDM
END:    200.1188735961914
-
START:  IRMD
END:    200.64568495750427
-
START:  ISEE
END:    201.23222279548645
-
START:  ISRG
END:    202.08981704711914
-
START:  IT
END:    202.82688856124878
-
START:  ITT
END:    203.6394557952881
-
START:  ITW
END:    204.26944541931152
-
START:  IVOG
END:    204.7807159423828
-
START:  IVV
END:    205.60590720176697
-
START:  IXJ
END:    206.2759985923767
-
START:  IXN
END:    206.98686861991882
-
START:  J
END:    207.68416452407837
-
START:  JBL
END:    208.30018377304077
-
START:  JBSS
END:    209.1942253112793
-
START:  JD
END:    209.62664484977722
-
START:  JKHY
END:    210.22723174095154
-
START:  JKS
END:    210.88640451431274
-
START:  JNJ
END:    211.86617231369019
-
START:  JOE
END:    212.47847294807434
-
START:  JOUT
END:    213.13635301589966
-
START:  JYNT
END:    213.70115327835083
-
START:  KAI
END:    214.46399116516113
-
START:  KBH
END:    215.2906813621521
-
START:  KBR
END:    215.81926679611206
-
START:  KDMN
Not Found: No data found, symbol may be delisted
START:  KEYS
END:    216.40254878997803
-
START:  KLAC
END:    217.10529112815857
-
START:  KLIC
END:    217.75543355941772
-
START:  KMX
END:    218.48147106170654
-
START:  KNSL
END:    218.9466643333435
-
START:  KOPN
END:    219.50795650482178
-
START:  KOSS
END:    220.24293994903564
-
START:  KRNT
END:    220.60689997673035
-
START:  KSU
Not Found: No data found, symbol may be delisted
START:  KTOS
END:    221.4744553565979
-
START:  LAC
END:    221.9312105178833
-
START:  LAD
END:    222.55469918251038
-
START:  LANC
END:    223.31772446632385
-
START:  LAWS
Not Found: No data found, symbol may be delisted
START:  LDOS
END:    224.17419695854187
-
START:  LFMD
END:    224.6417465209961
-
START:  LGIH
END:    225.08662152290344
-
START:  LH
END:    225.67210459709167
-
START:  LHCG
END:    226.2766580581665
-
START:  LHX
END:    227.07631850242615
-
START:  LII
END:    227.94824814796448
-
START:  LIN
END:    228.82610392570496
-
START:  LINC
END:    229.484539270401
-
START:  LIT
END:    229.9983811378479
-
START:  LLY
END:    230.77917981147766
-
START:  LMT
END:    231.4257333278656
-
START:  LNT
END:    232.24417066574097
-
START:  LOB
END:    232.70884537696838
-
START:  LOGI
END:    233.42095851898193
-
START:  LOVE
END:    233.87079191207886
-
START:  LOW
END:    234.73802709579468
-
START:  LPLA
END:    235.45997428894043
-
START:  LPSN
END:    236.0661129951477
-
START:  LQDT
END:    236.67410707473755
-
START:  LRCX
END:    237.30786514282227
-
START:  LSCC
END:    237.92498135566711
-
START:  LSTR
END:    238.63683009147644
-
START:  LULU
END:    239.23371624946594
-
START:  LUNA
END:    239.74163937568665
-
START:  MA
END:    240.53055572509766
-
START:  MANH
END:    241.24357104301453
-
START:  MANT
END:    241.95247220993042
-
START:  MARA
END:    242.49903106689453
-
START:  MASI
END:    243.0935127735138
-
START:  MATX
END:    243.85547876358032
-
START:  MBUU
END:    244.275865316391
-
START:  MCD
END:    244.99870085716248
-
START:  MCHP
END:    245.86368012428284
-
START:  MCO
END:    246.57946848869324
-
START:  MDB
END:    246.93679332733154
-
START:  MDT
END:    247.53490138053894
-
START:  MEDP
END:    248.00887537002563
-
START:  MEDS
END:    248.34189534187317
-
START:  MELI
END:    248.87157225608826
-
START:  MGC
END:    249.4917311668396
-
START:  MGIC
END:    250.1137661933899
-
START:  MGK
END:    250.68801951408386
-
START:  MGNI
END:    251.1139636039734
-
START:  MHO
END:    251.83441972732544
-
START:  MIME
Not Found: No data found, symbol may be delisted
START:  MITK
END:    252.68327975273132
-
START:  MKC
END:    253.3785843849182
-
START:  MKSI
END:    254.05365824699402
-
START:  MKTX
END:    254.68550181388855
-
START:  MLAB
END:    255.41346311569214
-
START:  MLR
END:    256.1419804096222
-
START:  MMC
END:    256.91554713249207
-
START:  MMS
END:    257.776447057724
-
START:  MNMD
END:    258.13312220573425
-
START:  MNST
END:    258.72522592544556
-
START:  MODN
END:    259.11510968208313
-
START:  MODV
END:    259.82299304008484
-
START:  MOH
END:    260.6392238140106
-
START:  MORN
END:    261.2109978199005
-
START:  MPWR
END:    261.8023135662079
-
START:  MRTX
END:    262.3448107242584
-
START:  MRVL
END:    263.03744292259216
-
START:  MS
END:    263.68362402915955
-
START:  MSA
END:    264.48355197906494
-
START:  MSCI
END:    265.13193011283875
-
START:  MSEX
END:    265.7689514160156
-
START:  MSFT
END:    266.64055943489075
-
START:  MSI
END:    267.52449774742126
-
START:  MSTR
END:    268.16011810302734
-
START:  MTBC
END:    268.6526553630829
-
START:  MTCH
END:    269.27422070503235
-
START:  MTD
END:    269.98640513420105
-
START:  MTEX
END:    270.59038043022156
-
START:  MTH
END:    271.31429505348206
-
START:  MTLS
END:    271.7862243652344
-
START:  MTSI
END:    272.3031144142151
-
START:  MU
END:    273.14410519599915
-
START:  MUSA
END:    273.6784334182739
-
START:  MVIS
END:    274.326865196228
-
START:  MXL
END:    274.85605359077454
-
START:  MYRG
END:    275.358722448349
-
START:  NBIX
END:    276.01328778266907
-
START:  NCBS
Not Found: No data found, symbol may be delisted
START:  NDAQ
END:    276.9353177547455
-
START:  NDSN
END:    277.75083804130554
-
START:  NEE
END:    278.3962867259979
-
START:  NEO
END:    278.927129983902
-
START:  NEOG
END:    279.7633819580078
-
START:  NFLX
END:    280.4394164085388
-
START:  NICE
END:    281.15617084503174
-
START:  NISN
END:    281.56634426116943
-
START:  NKE
END:    282.4005331993103
-
START:  NOVT
END:    283.0352759361267
-
START:  NOW
END:    283.46795988082886
-
START:  NSC
END:    284.2405159473419
-
START:  NSIT
END:    284.87960147857666
-
START:  NSSC
END:    285.4590334892273
-
START:  NSTG
END:    286.0281946659088
-
START:  NTLA
END:    286.5157959461212
-
START:  NTRA
END:    286.98006439208984
-
START:  NUAN
END:    287.66427278518677
-
START:  NVCR
END:    288.1159780025482
-
START:  NVDA
END:    288.71589946746826
-
START:  NVMI
END:    289.30591201782227
-
START:  NVO
END:    289.98863673210144
-
START:  NVR
END:    290.5877239704132
-
START:  NXST
END:    291.27342772483826
-
START:  NYT
END:    292.0484194755554
-
START:  OBCI
END:    292.87939453125
-
START:  ODFL
END:    293.62636518478394
-
START:  OEF
END:    294.3021013736725
-
START:  OFLX
END:    294.86866426467896
-
START:  OLED
END:    295.6902024745941
-
START:  OMCL
END:    296.26526403427124
-
START:  ON
END:    296.9964396953583
-
START:  OOMA
END:    297.4014172554016
-
START:  OPRX
END:    297.97797775268555
-
START:  ORA
END:    298.63197445869446
-
START:  ORCL
END:    299.33176136016846
-
START:  ORLY
END:    299.9110052585602
-
START:  ORMP
END:    300.38023018836975
-
START:  OTEX
END:    301.0589964389801
-
START:  PACB
END:    301.6224944591522
-
START:  PAG
END:    302.4634292125702
-
START:  PANW
END:    302.8722507953644
-
START:  PAR
END:    303.5246112346649
-
START:  PAYC
END:    304.05122113227844
-
START:  PAYX
END:    304.81253933906555
-
START:  PBD
END:    305.38101387023926
-
START:  PCTY
END:    305.8197524547577
-
START:  PEGA
END:    306.56192564964294
-
START:  PEN
END:    306.9916672706604
-
START:  PENN
END:    307.87522864341736
-
START:  PEP
END:    308.6430377960205
-
START:  PERI
END:    309.30515456199646
-
START:  PFSI
END:    309.8376832008362
-
START:  PGR
END:    310.5076448917389
-
START:  PH
END:    311.28606486320496
-
START:  PHM
END:    312.04074001312256
-
START:  PKI
END:    312.76982259750366
-
START:  PLL
END:    313.11174058914185
-
START:  PLNT
END:    313.5715491771698
-
START:  PLUG
END:    314.31768250465393
-
START:  PLXS
END:    315.1307809352875
-
START:  PODD
END:    315.62686371803284
-
START:  POOL
END:    316.36297965049744
-
START:  POWI
END:    316.97855949401855
-
START:  PRFT
END:    317.64977049827576
-
START:  PRI
END:    318.2224762439728
-
START:  PRTA
END:    318.84084725379944
-
START:  PRTS
END:    319.57665729522705
-
START:  PTSI
END:    320.33085680007935
-
START:  PWR
END:    321.1790142059326
-
START:  PYPL
END:    321.54677653312683
-
START:  QADA
Not Found: No data found, symbol may be delisted
START:  QCLN
END:    322.2962136268616
-
START:  QDEL
END:    322.8534550666809
-
START:  QGEN
END:    323.53870248794556
-
START:  QLYS
END:    324.04827427864075
-
START:  QQQ
END:    324.6514747142792
-
START:  QRVO
END:    325.2126290798187
-
START:  QTWO
END:    325.711594581604
-
START:  RADA
END:    326.41789174079895
-
START:  RAMP
END:    327.0265281200409
-
START:  RBA
END:    327.81080746650696
-
START:  RCII
END:    328.54160046577454
-
START:  RCKY
END:    329.1777079105377
-
START:  RDNT
END:    329.8744332790375
-
START:  RDVT
END:    330.3354535102844
-
START:  RDWR
END:    331.00233602523804
-
START:  REGI
END:    331.45560598373413
-
START:  RENN
END:    331.97878527641296
-
START:  RGEN
END:    332.6268298625946
-
START:  RH
END:    333.15049409866333
-
START:  RILY
END:    333.7869746685028
-
START:  RIOT
END:    334.16230750083923
-
START:  RLI
END:    334.9212574958801
-
START:  RLMD
END:    335.3345868587494
-
START:  RMD
END:    336.07899713516235
-
START:  RNG
END:    336.71727180480957
-
START:  ROBO
END:    337.3184106349945
-
START:  ROCK
END:    337.92518973350525
-
START:  ROK
END:    338.6694312095642
-
START:  ROKU
END:    338.9996829032898
-
START:  ROL
END:    339.8990111351013
-
START:  ROP
END:    340.66725301742554
-
START:  ROST
END:    341.42332911491394
-
START:  RPD
END:    341.8921284675598
-
START:  RPM
END:    342.6382465362549
-
START:  RSG
END:    343.2534091472626
-
START:  RTH
END:    343.84525871276855
-
START:  RUN
END:    344.26408886909485
-
START:  RXI
END:    344.8343737125397
-
START:  SAIA
END:    345.5618026256561
-
START:  SAIC
END:    346.0172612667084
-
START:  SAM
END:    346.7713072299957
-
START:  SAVA
END:    347.5008239746094
-
START:  SCI
END:    348.17915534973145
-
START:  SCL
END:    349.0089313983917
-
START:  SE
END:    349.4003195762634
-
START:  SEAS
END:    349.9041702747345
-
START:  SEDG
END:    350.32110381126404
-
START:  SFBS
END:    350.74565076828003
-
START:  SGEN
END:    351.37115120887756
-
START:  SGMS
Not Found: No data found, symbol may be delisted
START:  SGRY
END:    351.99062490463257
-
START:  SHOP
END:    352.4395983219147
-
START:  SHW
END:    353.11107540130615
-
START:  SHYF
END:    353.85641527175903
-
START:  SITE
END:    354.22870349884033
-
START:  SIVB
END:    354.9528212547302
-
START:  SJW
END:    355.69176602363586
-
START:  SKY
END:    356.33491563796997
-
START:  SLAB
END:    356.94683170318604
-
START:  SLP
END:    357.57870411872864
-
START:  SMH
END:    358.2495720386505
-
START:  SMTC
END:    359.1130895614624
-
START:  SNAP
END:    359.54107761383057
-
START:  SNPS
END:    360.2819962501526
-
START:  SOCL
END:    360.75926327705383
-
START:  SOXL
END:    361.25704979896545
-
START:  SPGI
END:    361.8665089607239
-
START:  SPLG
END:    362.4192843437195
-
START:  SPLK
END:    362.8363871574402
-
START:  SPNS
END:    363.45488357543945
-
START:  SPSC
END:    364.04532980918884
-
START:  SPTM
END:    364.8985517024994
-
START:  SPWH
END:    365.2554383277893
-
START:  SPWR
END:    365.98285722732544
-
START:  SPXC
END:    366.74577832221985
-
START:  SPXL
END:    367.43760657310486
-
START:  SPY
END:    368.1552093029022
-
START:  SPYG
END:    368.9333596229553
-
START:  SQ
END:    369.42210602760315
-
START:  SSD
END:    370.1944770812988
-
START:  SSNC
END:    370.76770853996277
-
START:  SSTK
END:    371.41742491722107
-
START:  STAA
END:    372.24767804145813
-
START:  STE
END:    372.8866112232208
-
START:  SUSA
END:    373.5155704021454
-
START:  SYK
END:    374.3075258731842
-
START:  SYNA
END:    375.2080533504486
-
START:  TBBK
END:    375.82130670547485
-
START:  TBK
END:    376.23889446258545
-
START:  TDG
END:    376.8180978298187
-
START:  TDOC
END:    377.29030990600586
-
START:  TDY
END:    377.8904438018799
-
START:  TEAM
END:    378.43247509002686
-
START:  TECH
END:    379.19391989707947
-
START:  TECL
END:    379.90343856811523
-
START:  TER
END:    380.6459102630615
-
START:  TFX
END:    381.4152863025665
-
START:  TGH
END:    382.03173875808716
-
START:  TGLS
END:    382.55064129829407
-
START:  TGT
END:    383.277063369751
-
START:  TGTX
END:    383.88768196105957
-
START:  THC
END:    384.62187004089355
-
START:  TJX
END:    385.337030172348
-
START:  TMO
END:    386.07828736305237
-
START:  TMUS
END:    386.6637554168701
-
START:  TNDM
END:    387.24762320518494
-
START:  TNET
END:    387.79223704338074
-
START:  TPX
END:    388.44651460647583
-
START:  TREX
END:    389.0932352542877
-
START:  TRI
END:    389.8363564014435
-
START:  TRIL
Not Found: No data found, symbol may be delisted
START:  TRMB
END:    390.71557879447937
-
START:  TRNS
END:    391.39946365356445
-
START:  TROW
END:    392.20321011543274
-
START:  TRU
END:    392.76201248168945
-
START:  TRUP
END:    393.1334683895111
-
START:  TSCO
END:    393.9605314731598
-
START:  TSLA
END:    394.573956489563
-
START:  TSM
END:    395.2301375865936
-
START:  TT
END:    396.0590064525604
-
START:  TTC
END:    396.72376227378845
-
START:  TTD
END:    397.15297985076904
-
START:  TTEC
END:    397.831880569458
-
START:  TTEK
END:    398.56182050704956
-
START:  TTGT
END:    399.3295862674713
-
START:  TTWO
END:    400.05341267585754
-
START:  TWLO
END:    400.4501073360443
-
START:  TXN
END:    401.14564538002014
-
START:  TYL
END:    401.77688360214233
-
START:  UCTT
END:    402.34590697288513
-
START:  UFPI
END:    402.96534609794617
-
START:  UFPT
END:    403.7204933166504
-
START:  UI
END:    404.2699372768402
-
START:  UMC
END:    404.9064841270447
-
START:  UNF
END:    405.75712394714355
-
START:  UNH
END:    406.38953375816345
-
START:  UNP
END:    407.0868196487427
-
START:  UPLD
END:    407.56987953186035
-
START:  URI
END:    408.18005442619324
-
START:  V
END:    408.8132562637329
-
START:  VALU
END:    409.6266269683838
-
START:  VBK
END:    410.30030703544617
-
START:  VCEL
END:    410.98158407211304
-
START:  VCR
END:    411.63249492645264
-
START:  VCTR
END:    412.11728954315186
-
START:  VCYT
END:    412.615683555603
-
START:  VDC
END:    413.2493243217468
-
START:  VEEV
END:    413.85660195350647
-
START:  VERU
END:    414.5248291492462
-
START:  VGT
END:    415.235600233078
-
START:  VHT
END:    416.1178603172302
-
START:  VIAV
END:    416.7999384403229
-
START:  VICR
END:    417.6224594116211
-
START:  VIG
END:    418.15645265579224
-
START:  VO
END:    418.95558404922485
-
START:  VONE
END:    419.52628087997437
-
START:  VONG
END:    420.0889563560486
-
START:  VOO
END:    420.8205237388611
-
START:  VOOG
END:    421.49168944358826
-
START:  VOOV
END:    422.16914772987366
-
START:  VOT
END:    422.77553391456604
-
START:  VPU
END:    423.6065607070923
-
START:  VRNS
END:    424.03140568733215
-
START:  VRSK
END:    424.530152797699
-
START:  VRSN
END:    425.3831036090851
-
START:  VRTV
END:    425.8657455444336
-
START:  VSTO
END:    426.3440685272217
-
START:  VTHR
END:    426.92732644081116
-
START:  VTI
END:    427.73716926574707
-
START:  VTNR
END:    428.3298375606537
-
START:  VTWG
END:    428.8958933353424
-
START:  VUG
END:    429.5425946712494
-
START:  VV
END:    430.31447982788086
-
START:  VXF
END:    431.0791709423065
-
START:  WCN
END:    431.9372043609619
-
START:  WD
END:    432.60028624534607
-
START:  WDAY
END:    433.08666801452637
-
START:  WDFC
END:    433.9049503803253
-
START:  WEC
END:    434.66834568977356
-
START:  WEN
END:    435.5172083377838
-
START:  WINA
END:    436.22816014289856
-
START:  WING
END:    436.6484613418579
-
START:  WIRE
END:    437.2674913406372
-
START:  WIX
END:    437.68768215179443
-
START:  WK
END:    438.0942018032074
-
START:  WLTW
Not Found: No data found, symbol may be delisted
START:  WM
END:    439.1028506755829
-
START:  WMS
END:    439.5964801311493
-
START:  WNS
END:    440.2132430076599
-
START:  WRB
END:    440.9356291294098
-
START:  WSC
END:    441.41107058525085
-
START:  WSM
END:    442.1025731563568
-
START:  WST
END:    442.8269474506378
-
START:  WTRG
END:    443.68925976753235
-
START:  WTS
END:    444.34496569633484
-
START:  XEL
END:    445.1112639904022
-
START:  XENE
END:    445.46210646629333
-
START:  XLK
END:    446.0461890697479
-
START:  XLNX
Not Found: No data found, symbol may be delisted
START:  XLP
END:    446.99413228034973
-
START:  XLRN
Not Found: No data found, symbol may be delisted
START:  XLU
END:    447.8303151130676
-
START:  XLV
END:    448.59597158432007
-
START:  XLY
END:    449.3169000148773
-
START:  XYL
END:    449.96771025657654
-
START:  YNDX
END:    450.6410732269287
-
START:  YORW
END:    451.3891935348511
-
START:  YUM
END:    452.18320059776306
-
START:  Z
END:    452.6362609863281
-
START:  ZBRA
END:    453.33482813835144
-
START:  ZEN
END:    453.74644923210144
-
START:  ZLAB
END:    454.14213037490845
-
START:  ZNGA
Not Found: No data found, symbol may be delisted
START:  ZS
END:    454.8179519176483
-
START:  ZTS
END:    455.2915952205658
-
START:  ZYXI
END:    456.0642306804657
-
===========================
MACD golden cross
===========================
START:  code
START:  A
START:  AAON
START:  AAPL
START:  ABG
START:  ABT
START:  ACLS
START:  ACMR
START:  ACN
START:  ADBE
START:  ADI
START:  ADP
START:  ADSK
START:  ADUS
START:  AEE
START:  AGYS
START:  AIZ
START:  AJG
START:  AJRD
START:  ALB
START:  ALG
START:  ALGN
START:  ALLE
START:  ALTR
START:  AMAT
START:  AMBA
START:  AMD
START:  AME
START:  AMED
START:  AMEH
START:  AMGN
START:  AMN
START:  AMP
START:  AMRC
START:  AMSWA
START:  AMTX
START:  AMZN
START:  AN
START:  ANSS
START:  ANTM
START:  AON
START:  AOSL
START:  APD
START:  APH
START:  APPF
START:  APPN
START:  APPS
START:  AQN
START:  ARCB
START:  ARCT
START:  ARES
START:  ARGX
START:  ARWR
START:  ASML
START:  ASPN
START:  ATEC
START:  ATEN
START:  ATKR
START:  ATOM
START:  ATR
START:  ATRC
START:  AUDC
START:  AUPH
START:  AVAV
START:  AVGO
START:  AVID
START:  AVNW
START:  AVXL
START:  AVY
START:  AWK
START:  AWR
START:  AXON
START:  AZO
START:  AZPN
START:  BAH
START:  BAM
START:  BAX
START:  BBH
START:  BBQ
START:  BBY
START:  BCPC
START:  BDX
START:  BEEM
START:  BFAM
START:  BFC
START:  BGFV
START:  BGNE
START:  BHVN
START:  BIO
START:  BL
START:  BLD
START:  BLDP
START:  BLDR
START:  BLFS
START:  BLK
START:  BLL
START:  BLNK
START:  BMI
START:  BOOT
START:  BOTZ
START:  BR
START:  BRKR
START:  BRKS
START:  BRO
START:  BURL
START:  BX
START:  CABO
START:  CACI
START:  CALX
START:  CAMT
START:  CAR
START:  CBRE
START:  CBSH
START:  CBZ
START:  CCOI
START:  CCS
START:  CDMO
START:  CDNA
START:  CDNS
START:  CDW
START:  CELH
START:  CGNX
START:  CHD
START:  CHDN
START:  CHE
START:  CHGG
START:  CHH
START:  CHKP
START:  CHTR
START:  CIEN
START:  CLAR
START:  CLFD
START:  CLGN
START:  CLNE
START:  CLPT
START:  CLX
START:  CMCSA
START:  CMG
START:  CMS
START:  CNC
START:  CNI
START:  CNMD
START:  CNS
START:  CNXN
START:  COO
START:  COST
START:  COUP
START:  COWN
START:  CP
START:  CPK
START:  CPRT
START:  CPSH
START:  CRAI
START:  CREE
START:  CRL
START:  CRM
START:  CRMT
START:  CROX
START:  CRSP
START:  CRVL
START:  CSGP
START:  CSL
START:  CSWI
START:  CSX
START:  CTAS
START:  CTLT
START:  CTRN
START:  CURE
START:  CVCO
START:  CVNA
START:  CWST
START:  CWT
START:  CXSE
START:  CYBR
START:  CYRX
START:  CYTK
START:  DAC
START:  DAR
START:  DAVA
START:  DDS
START:  DE
START:  DECK
START:  DELL
START:  DFIN
START:  DG
START:  DGRW
START:  DHI
START:  DHR
START:  DIA
START:  DIOD
START:  DIS
START:  DKS
START:  DLN
START:  DNLI
START:  DOMO
START:  DOV
START:  DPZ
START:  DQ
START:  DRD
START:  DRIO
START:  DRNA
START:  DSGX
START:  DVAX
START:  DXCM
START:  ECL
START:  EFX
START:  EGAN
START:  EHC
START:  EL
START:  ENPH
START:  ENSG
START:  ENTG
START:  ENV
START:  EPAM
START:  ERIE
START:  ES
START:  ESE
START:  ETN
START:  ETSY
START:  EVBG
START:  EVTC
START:  EW
START:  EWT
START:  EXAS
START:  EXLS
START:  EXPD
START:  EXPI
START:  EXPO
START:  FAST
START:  FATE
START:  FB
START:  FCN
START:  FCX
START:  FDN
START:  FDS
START:  FELE
START:  FFIN
START:  FICO
START:  FINX
START:  FIS
START:  FISV
START:  FIVE
START:  FIVN
START:  FLGT
START:  FLT
START:  FLWS
START:  FN
START:  FND
START:  FNV
START:  FORM
START:  FOXF
START:  FPX
START:  FRC
START:  FRHC
START:  FRPT
START:  FSS
START:  FTNT
START:  FUV
START:  GDEN
START:  GFI
START:  GGG
START:  GIB
START:  GLDD
START:  GLOB
START:  GMAB
START:  GME
START:  GMED
START:  GNRC
START:  GNSS
START:  GNTX
START:  GOLF
START:  GOOG
START:  GOOGL
START:  GPI
START:  GPN
START:  GRBK
START:  GRMN
START:  GRVY
START:  GRWG
START:  GWRE
START:  HACK
START:  HALO
START:  HCI
START:  HD
START:  HEI
START:  HELE
START:  HIBB
START:  HLI
START:  HLT
START:  HOLX
START:  HON
START:  HOV
START:  HRC
START:  HRI
START:  HSKA
START:  HTHT
START:  HUBS
START:  HUM
START:  HZNP
START:  IAC
START:  IBP
START:  ICE
START:  ICLN
START:  ICLR
START:  IDT
START:  IDXX
START:  IESC
START:  IEX
START:  ILMN
START:  INFO
START:  INOV
START:  INSP
START:  INTC
START:  INTU
START:  INTZ
START:  INVE
START:  IOO
START:  IQV
START:  IRDM
START:  IRMD
START:  ISEE
START:  ISRG
START:  IT
START:  ITT
START:  ITW
START:  IVOG
START:  IVV
START:  IXJ
START:  IXN
START:  J
START:  JBL
START:  JBSS
START:  JD
START:  JKHY
START:  JKS
START:  JNJ
START:  JOE
START:  JOUT
START:  JYNT
START:  KAI
START:  KBH
START:  KBR
START:  KDMN
START:  KEYS
START:  KLAC
START:  KLIC
START:  KMX
START:  KNSL
START:  KOPN
START:  KOSS
START:  KRNT
START:  KSU
START:  KTOS
START:  LAC
START:  LAD
START:  LANC
START:  LAWS
START:  LDOS
START:  LFMD
START:  LGIH
START:  LH
START:  LHCG
START:  LHX
START:  LII
START:  LIN
START:  LINC
START:  LIT
START:  LLY
START:  LMT
START:  LNT
START:  LOB
START:  LOGI
START:  LOVE
START:  LOW
START:  LPLA
START:  LPSN
START:  LQDT
START:  LRCX
START:  LSCC
START:  LSTR
START:  LULU
START:  LUNA
START:  MA
START:  MANH
START:  MANT
START:  MARA
START:  MASI
START:  MATX
START:  MBUU
START:  MCD
START:  MCHP
START:  MCO
START:  MDB
START:  MDT
START:  MEDP
START:  MEDS
START:  MELI
START:  MGC
START:  MGIC
START:  MGK
START:  MGNI
START:  MHO
START:  MIME
START:  MITK
START:  MKC
START:  MKSI
START:  MKTX
START:  MLAB
START:  MLR
START:  MMC
START:  MMS
START:  MNMD
START:  MNST
START:  MODN
START:  MODV
START:  MOH
START:  MORN
START:  MPWR
START:  MRTX
START:  MRVL
START:  MS
START:  MSA
START:  MSCI
START:  MSEX
START:  MSFT
START:  MSI
START:  MSTR
START:  MTBC
START:  MTCH
START:  MTD
START:  MTEX
START:  MTH
START:  MTLS
START:  MTSI
START:  MU
START:  MUSA
START:  MVIS
START:  MXL
START:  MYRG
START:  NBIX
START:  NCBS
START:  NDAQ
START:  NDSN
START:  NEE
START:  NEO
START:  NEOG
START:  NFLX
START:  NICE
START:  NISN
START:  NKE
START:  NOVT
START:  NOW
START:  NSC
START:  NSIT
START:  NSSC
START:  NSTG
START:  NTLA
START:  NTRA
START:  NUAN
START:  NVCR
START:  NVDA
START:  NVMI
START:  NVO
START:  NVR
START:  NXST
START:  NYT
START:  OBCI
START:  ODFL
START:  OEF
START:  OFLX
START:  OLED
START:  OMCL
START:  ON
START:  OOMA
START:  OPRX
START:  ORA
START:  ORCL
START:  ORLY
START:  ORMP
START:  OTEX
START:  PACB
START:  PAG
START:  PANW
START:  PAR
START:  PAYC
START:  PAYX
START:  PBD
START:  PCTY
START:  PEGA
START:  PEN
START:  PENN
START:  PEP
START:  PERI
START:  PFSI
START:  PGR
START:  PH
START:  PHM
START:  PKI
START:  PLL
START:  PLNT
START:  PLUG
START:  PLXS
START:  PODD
START:  POOL
START:  POWI
START:  PRFT
START:  PRI
START:  PRTA
START:  PRTS
START:  PTSI
START:  PWR
START:  PYPL
START:  QADA
START:  QCLN
START:  QDEL
START:  QGEN
START:  QLYS
START:  QQQ
START:  QRVO
START:  QTWO
START:  RADA
START:  RAMP
START:  RBA
START:  RCII
START:  RCKY
START:  RDNT
START:  RDVT
START:  RDWR
START:  REGI
START:  RENN
START:  RGEN
START:  RH
START:  RILY
START:  RIOT
START:  RLI
START:  RLMD
START:  RMD
START:  RNG
START:  ROBO
START:  ROCK
START:  ROK
START:  ROKU
START:  ROL
START:  ROP
START:  ROST
START:  RPD
START:  RPM
START:  RSG
START:  RTH
START:  RUN
START:  RXI
START:  SAIA
START:  SAIC
START:  SAM
START:  SAVA
START:  SCI
START:  SCL
START:  SE
START:  SEAS
START:  SEDG
START:  SFBS
START:  SGEN
START:  SGMS
START:  SGRY
START:  SHOP
START:  SHW
START:  SHYF
START:  SITE
START:  SIVB
START:  SJW
START:  SKY
START:  SLAB
START:  SLP
START:  SMH
START:  SMTC
START:  SNAP
START:  SNPS
START:  SOCL
START:  SOXL
START:  SPGI
START:  SPLG
START:  SPLK
START:  SPNS
START:  SPSC
START:  SPTM
START:  SPWH
START:  SPWR
START:  SPXC
START:  SPXL
START:  SPY
START:  SPYG
START:  SQ
START:  SSD
START:  SSNC
START:  SSTK
START:  STAA
START:  STE
START:  SUSA
START:  SYK
START:  SYNA
START:  TBBK
START:  TBK
START:  TDG
START:  TDOC
START:  TDY
START:  TEAM
START:  TECH
START:  TECL
START:  TER
START:  TFX
START:  TGH
START:  TGLS
START:  TGT
START:  TGTX
START:  THC
START:  TJX
START:  TMO
START:  TMUS
START:  TNDM
START:  TNET
START:  TPX
START:  TREX
START:  TRI
START:  TRIL
START:  TRMB
START:  TRNS
START:  TROW
START:  TRU
START:  TRUP
START:  TSCO
START:  TSLA
START:  TSM
START:  TT
START:  TTC
START:  TTD
START:  TTEC
START:  TTEK
START:  TTGT
START:  TTWO
START:  TWLO
START:  TXN
START:  TYL
START:  UCTT
START:  UFPI
START:  UFPT
START:  UI
START:  UMC
START:  UNF
START:  UNH
START:  UNP
START:  UPLD
START:  URI
START:  V
START:  VALU
START:  VBK
START:  VCEL
START:  VCR
START:  VCTR
START:  VCYT
START:  VDC
START:  VEEV
START:  VERU
START:  VGT
START:  VHT
START:  VIAV
START:  VICR
START:  VIG
START:  VO
START:  VONE
START:  VONG
START:  VOO
START:  VOOG
START:  VOOV
START:  VOT
START:  VPU
START:  VRNS
START:  VRSK
START:  VRSN
START:  VRTV
START:  VSTO
START:  VTHR
START:  VTI
START:  VTNR
START:  VTWG
START:  VUG
START:  VV
START:  VXF
START:  WCN
START:  WD
START:  WDAY
START:  WDFC
START:  WEC
START:  WEN
START:  WINA
START:  WING
START:  WIRE
START:  WIX
START:  WK
START:  WLTW
START:  WM
START:  WMS
START:  WNS
START:  WRB
START:  WSC
START:  WSM
START:  WST
START:  WTRG
START:  WTS
START:  XEL
START:  XENE
START:  XLK
START:  XLNX
START:  XLP
START:  XLRN
START:  XLU
START:  XLV
START:  XLY
START:  XYL
START:  YNDX
START:  YORW
START:  YUM
START:  Z
START:  ZBRA
START:  ZEN
START:  ZLAB
START:  ZNGA
START:  ZS
START:  ZTS
START:  ZYXI
==== MACD golden cross ====
None
code: NUAN     day: macd + hist + hist_1pre + ,  Week: macd + hist + hist_1pre - , Month: macd + hist - hist_1pre - , 
Trade --> code: NUAN   BUY: 2005-11-30    5.38 SELL: 2008-11-30    7.94  macd:   -0.13 macd_count:  36 profit:  1.48
Trade --> code: NUAN   BUY: 2009-12-31   13.44 SELL: 2013-05-31   16.44  macd:   -0.10 macd_count:  41 profit:  1.22
Trade --> code: NUAN   BUY: 2015-11-30   18.11 SELL: 2016-07-31   13.90  macd:   -0.05 macd_count:   8 profit:  0.77
Trade --> code: NUAN   BUY: 2017-05-31   16.01 SELL: 2017-09-30   13.60  macd:   -0.04 macd_count:   4 profit:  0.85
Trade --> code: NUAN   BUY: 2019-04-30   14.56 SELL: 2022-03-31   55.99  macd:    7.14 macd_count:  36 profit:  3.85

