Sun Sep 11 13:57:41 UTC 2022
arg[0]: scraping/yahoo-finace-api2.py, arg[1]: stock-code-list/buy-list.txt
===========================
scraping
===========================
START:  AAPL
END:    0.5810813903808594
-
START:  EL
END:    1.294959545135498
-
START:  NEE
END:    2.018892288208008
-
START:  AMD
END:    2.5972957611083984
-
START:  APH
END:    3.1280579566955566
-
START:  XLP
END:    3.820314645767212
-
START:  SPXL
END:    4.29503607749939
-
START:  KEYS
END:    4.719530344009399
-
START:  VDC
END:    5.207294225692749
-
START:  SPTM
END:    5.879394054412842
-
START:  SPLG
END:    6.347083330154419
-
START:  CROX
END:    6.772823333740234
-
START:  AXON
END:    7.345807313919067
-
START:  AWR
END:    8.051023006439209
-
START:  FN
END:    8.469197034835815
-
START:  NXST
END:    8.937113046646118
-
START:  TREX
END:    9.712641477584839
-
START:  RGEN
END:    10.345149040222168
-
START:  EXPO
END:    10.973673105239868
-
START:  BCPC
END:    11.594109296798706
-
START:  SOXL
END:    12.305629014968872
-
START:  TECL
END:    12.781969785690308
-
START:  NEO
END:    13.344472169876099
-
START:  NVMI
END:    13.820634603500366
-
START:  NVDA
END:    14.76522159576416
-
START:  BBDC
END:    15.314701080322266
-
START:  APPS
END:    15.769489049911499
-
START:  ROK
END:    16.74936008453369
-
START:  NHTC
END:    17.388190984725952
-
START:  ZYXI
END:    17.86297082901001
-
START:  LIT
END:    18.267884492874146
-
START:  LLY
END:    19.172625303268433
-
START:  GTLB
END:    19.362107515335083
-
START:  MCD
END:    20.06811022758484
-
START:  MSI
END:    20.804081201553345
-
START:  HCP
END:    20.998300075531006
-
START:  ON
END:    21.802348136901855
-
===========================
MACD sell
===========================
START:  AAPL
START:  EL
START:  NEE
START:  AMD
START:  APH
START:  XLP
START:  SPXL
START:  KEYS
START:  VDC
START:  SPTM
START:  SPLG
START:  CROX
START:  AXON
START:  AWR
START:  FN
START:  NXST
START:  TREX
START:  RGEN
START:  EXPO
START:  BCPC
START:  SOXL
START:  TECL
START:  NEO
START:  NVMI
START:  NVDA
START:  BBDC
START:  APPS
START:  ROK
START:  NHTC
START:  ZYXI
START:  LIT
START:  LLY
START:  GTLB
START:  MCD
START:  MSI
START:  HCP
START:  ON
==== MACD list ====
code: AAPL     day: macd - hist - ,  Week: macd + hist - , Month: macd + hist - , 
code: EL       day: macd - hist - ,  Week: macd - hist - , Month: macd + hist - , 
code: NEE      day: macd + hist - ,  Week: macd + hist + , Month: macd + hist + , 
code: AMD      day: macd - hist - ,  Week: macd - hist - , Month: macd + hist - , 
code: APH      day: macd - hist - ,  Week: macd + hist + , Month: macd + hist - , 
code: XLP      day: macd - hist - ,  Week: macd - hist - , Month: macd + hist - , 
code: SPXL     day: macd - hist - ,  Week: macd - hist + , Month: macd + hist - , 
code: KEYS     day: macd + hist - ,  Week: macd + hist + , Month: macd + hist - , 
code: VDC      day: macd - hist - ,  Week: macd - hist - , Month: macd + hist - , 
code: SPTM     day: macd - hist - ,  Week: macd - hist + , Month: macd + hist - , 
code: SPLG     day: macd - hist - ,  Week: macd - hist + , Month: macd + hist - , 
code: CROX     day: macd + hist - ,  Week: macd + hist + , Month: macd + hist - , 
code: AXON     day: macd + hist - ,  Week: macd + hist + , Month: macd - hist - , 
code: AWR      day: macd - hist - ,  Week: macd + hist - , Month: macd + hist - , 
code: FN       day: macd + hist - ,  Week: macd + hist + , Month: macd + hist - , 
code: NXST     day: macd + hist - ,  Week: macd + hist + , Month: macd + hist + , 
code: TREX     day: macd - hist + ,  Week: macd - hist - , Month: macd - hist - , 
code: RGEN     day: macd + hist - ,  Week: macd + hist + , Month: macd + hist - , 
code: EXPO     day: macd - hist - ,  Week: macd + hist - , Month: macd + hist - , 
code: BCPC     day: macd + hist - ,  Week: macd + hist + , Month: macd + hist - , 
code: SOXL     day: macd - hist - ,  Week: macd - hist + , Month: macd - hist - , 
code: TECL     day: macd - hist - ,  Week: macd - hist - , Month: macd - hist - , 
code: NEO      day: macd - hist - ,  Week: macd - hist + , Month: macd - hist - , 
code: NVMI     day: macd - hist - ,  Week: macd - hist - , Month: macd + hist - , 
code: NVDA     day: macd - hist - ,  Week: macd - hist - , Month: macd + hist - , 
code: BBDC     day: macd - hist - ,  Week: macd - hist + , Month: macd + hist - , 
code: APPS     day: macd - hist - ,  Week: macd - hist + , Month: macd - hist - , 
code: ROK      day: macd + hist - ,  Week: macd + hist + , Month: macd + hist - , 
code: NHTC     day: macd - hist - ,  Week: macd - hist - , Month: macd - hist - , 
code: ZYXI     day: macd + hist - ,  Week: macd + hist + , Month: macd - hist + , 
code: LIT      day: macd - hist - ,  Week: macd + hist + , Month: macd + hist - , 
code: LLY      day: macd - hist + ,  Week: macd + hist - , Month: macd + hist + , 
code: GTLB     day: macd - hist - ,  Week: macd + hist - , Month: macd + hist + , 
code: MCD      day: macd - hist - ,  Week: macd + hist - , Month: macd + hist - , 
code: MSI      day: macd + hist - ,  Week: macd + hist + , Month: macd + hist - , 
code: HCP      day: macd - hist - ,  Week: macd - hist + , Month: macd + hist + , 
code: ON       day: macd + hist - ,  Week: macd + hist + , Month: macd + hist + , 
==== MACD sell list ====
code: AAPL     day: macd - hist - , 
code: AAPL     day: macd - hist - ,  Week: macd + hist - , 
code: AAPL     day: macd - hist - ,  Week: macd + hist - , Month: macd + hist - , 
code: EL       day: macd - hist - , 
code: EL       day: macd - hist - ,  Week: macd - hist - , 
code: EL       day: macd - hist - ,  Week: macd - hist - , Month: macd + hist - , 
code: NEE      day: macd + hist - , 
code: AMD      day: macd - hist - , 
code: AMD      day: macd - hist - ,  Week: macd - hist - , 
code: AMD      day: macd - hist - ,  Week: macd - hist - , Month: macd + hist - , 
code: APH      day: macd - hist - , 
code: APH      day: macd - hist - ,  Week: macd + hist + , Month: macd + hist - , 
code: XLP      day: macd - hist - , 
code: XLP      day: macd - hist - ,  Week: macd - hist - , 
code: XLP      day: macd - hist - ,  Week: macd - hist - , Month: macd + hist - , 
code: SPXL     day: macd - hist - , 
code: SPXL     day: macd - hist - ,  Week: macd - hist + , Month: macd + hist - , 
code: KEYS     day: macd + hist - , 
code: KEYS     day: macd + hist - ,  Week: macd + hist + , Month: macd + hist - , 
code: VDC      day: macd - hist - , 
code: VDC      day: macd - hist - ,  Week: macd - hist - , 
code: VDC      day: macd - hist - ,  Week: macd - hist - , Month: macd + hist - , 
code: SPTM     day: macd - hist - , 
code: SPTM     day: macd - hist - ,  Week: macd - hist + , Month: macd + hist - , 
code: SPLG     day: macd - hist - , 
code: SPLG     day: macd - hist - ,  Week: macd - hist + , Month: macd + hist - , 
code: CROX     day: macd + hist - , 
code: CROX     day: macd + hist - ,  Week: macd + hist + , Month: macd + hist - , 
code: AXON     day: macd + hist - , 
code: AXON     day: macd + hist - ,  Week: macd + hist + , Month: macd - hist - , 
code: AWR      day: macd - hist - , 
code: AWR      day: macd - hist - ,  Week: macd + hist - , 
code: AWR      day: macd - hist - ,  Week: macd + hist - , Month: macd + hist - , 
code: FN       day: macd + hist - , 
code: FN       day: macd + hist - ,  Week: macd + hist + , Month: macd + hist - , 
code: NXST     day: macd + hist - , 
code: TREX     day: macd - hist + ,  Week: macd - hist - , 
code: TREX     day: macd - hist + ,  Week: macd - hist - , Month: macd - hist - , 
code: RGEN     day: macd + hist - , 
code: RGEN     day: macd + hist - ,  Week: macd + hist + , Month: macd + hist - , 
code: EXPO     day: macd - hist - , 
code: EXPO     day: macd - hist - ,  Week: macd + hist - , 
code: EXPO     day: macd - hist - ,  Week: macd + hist - , Month: macd + hist - , 
code: BCPC     day: macd + hist - , 
code: BCPC     day: macd + hist - ,  Week: macd + hist + , Month: macd + hist - , 
code: SOXL     day: macd - hist - , 
code: SOXL     day: macd - hist - ,  Week: macd - hist + , Month: macd - hist - , 
code: TECL     day: macd - hist - , 
code: TECL     day: macd - hist - ,  Week: macd - hist - , 
code: TECL     day: macd - hist - ,  Week: macd - hist - , Month: macd - hist - , 
code: NEO      day: macd - hist - , 
code: NEO      day: macd - hist - ,  Week: macd - hist + , Month: macd - hist - , 
code: NVMI     day: macd - hist - , 
code: NVMI     day: macd - hist - ,  Week: macd - hist - , 
code: NVMI     day: macd - hist - ,  Week: macd - hist - , Month: macd + hist - , 
code: NVDA     day: macd - hist - , 
code: NVDA     day: macd - hist - ,  Week: macd - hist - , 
code: NVDA     day: macd - hist - ,  Week: macd - hist - , Month: macd + hist - , 
code: BBDC     day: macd - hist - , 
code: BBDC     day: macd - hist - ,  Week: macd - hist + , Month: macd + hist - , 
code: APPS     day: macd - hist - , 
code: APPS     day: macd - hist - ,  Week: macd - hist + , Month: macd - hist - , 
code: ROK      day: macd + hist - , 
code: ROK      day: macd + hist - ,  Week: macd + hist + , Month: macd + hist - , 
code: NHTC     day: macd - hist - , 
code: NHTC     day: macd - hist - ,  Week: macd - hist - , 
code: NHTC     day: macd - hist - ,  Week: macd - hist - , Month: macd - hist - , 
code: ZYXI     day: macd + hist - , 
code: LIT      day: macd - hist - , 
code: LIT      day: macd - hist - ,  Week: macd + hist + , Month: macd + hist - , 
code: LLY      day: macd - hist + ,  Week: macd + hist - , 
code: GTLB     day: macd - hist - , 
code: GTLB     day: macd - hist - ,  Week: macd + hist - , 
code: MCD      day: macd - hist - , 
code: MCD      day: macd - hist - ,  Week: macd + hist - , 
code: MCD      day: macd - hist - ,  Week: macd + hist - , Month: macd + hist - , 
code: MSI      day: macd + hist - , 
code: MSI      day: macd + hist - ,  Week: macd + hist + , Month: macd + hist - , 
code: HCP      day: macd - hist - , 
code: ON       day: macd + hist - , 
===========================
profit
===========================
==== plus ====
NEE  , macd +, macd hist -, profit:   [4.57], per:   [5.36], now:   [89.9], buy:  [85.33]
XLP  , macd -, macd hist -, profit:    [1.4], per:   [1.93], now:  [73.98], buy:  [72.58]
VDC  , macd -, macd hist -, profit:   [1.33], per:    [0.7], now: [190.86], buy: [189.53]
NXST , macd +, macd hist -, profit:  [32.87], per:  [20.23], now: [195.37], buy:  [162.5]
RGEN , macd +, macd hist -, profit:  [53.91], per:  [30.01], now: [233.57], buy: [179.66]
ZYXI , macd +, macd hist -, profit:   [3.06], per:  [48.11], now:   [9.42], buy:   [6.36]
LLY  , macd -, macd hist +, profit:   [46.7], per:  [17.23], now:  [317.7], buy:   [271.]
GTLB , macd -, macd hist -, profit:   [5.22], per:   [9.89], now:  [57.98], buy:  [52.76]
MCD  , macd -, macd hist -, profit:   [6.06], per:   [2.39], now: [259.52], buy: [253.46]
ON   , macd +, macd hist -, profit:  [11.81], per:  [19.73], now:  [71.67], buy:  [59.86]
-
     plus  len:  10
     profit: [166.93], per: [155.58], per/len(p):  [15.56], per/len(p+m):    [4.2]
-
==== minus ====
AAPL , macd -, macd hist -, profit:       [], per:       [], now: [157.37], buy:       []
EL   , macd -, macd hist -, profit: [-86.85], per: [-25.56], now:  [252.9], buy: [339.75]
AMD  , macd -, macd hist -, profit: [-34.78], per: [-28.93], now:  [85.45], buy: [120.23]
APH  , macd -, macd hist -, profit:       [], per:       [], now:   [75.9], buy:       []
SPXL , macd -, macd hist -, profit: [-50.74], per: [-38.96], now:  [79.49], buy: [130.23]
KEYS , macd +, macd hist -, profit:  [-13.7], per:  [-7.36], now: [172.36], buy: [186.06]
SPTM , macd -, macd hist -, profit:  [-6.45], per:  [-11.4], now:  [50.13], buy:  [56.58]
SPLG , macd -, macd hist -, profit:  [-6.18], per: [-11.45], now:  [47.81], buy:  [53.99]
CROX , macd +, macd hist -, profit:  [-96.8], per: [-54.56], now:  [80.62], buy: [177.42]
AXON , macd +, macd hist -, profit: [-13.96], per:  [-10.1], now: [124.19], buy: [138.15]
AWR  , macd -, macd hist -, profit:       [], per:       [], now:  [84.39], buy:       []
FN   , macd +, macd hist -, profit: [-14.63], per: [-12.52], now: [102.23], buy: [116.86]
TREX , macd -, macd hist +, profit: [-20.27], per: [-28.96], now:  [49.73], buy:    [70.]
EXPO , macd -, macd hist -, profit:  [-6.73], per:  [-6.66], now:  [94.38], buy: [101.11]
BCPC , macd +, macd hist -, profit:  [-3.66], per:  [-2.67], now: [133.42], buy: [137.08]
SOXL , macd -, macd hist -, profit: [-27.44], per: [-65.19], now:  [14.65], buy:  [42.09]
TECL , macd -, macd hist -, profit: [-27.13], per: [-44.67], now:  [33.61], buy:  [60.74]
NEO  , macd -, macd hist -, profit:  [-7.39], per: [-41.42], now:  [10.45], buy:  [17.84]
NVMI , macd -, macd hist -, profit: [-14.13], per: [-12.32], now: [100.52], buy: [114.65]
NVDA , macd -, macd hist -, profit: [-111.8], per: [-43.73], now: [143.87], buy: [255.67]
BBDC , macd -, macd hist -, profit:  [-0.88], per:   [-8.3], now:   [9.72], buy:   [10.6]
APPS , macd -, macd hist -, profit:  [-24.8], per: [-56.79], now:  [18.87], buy:  [43.67]
ROK  , macd +, macd hist -, profit: [-86.51], per:  [-25.3], now: [255.38], buy: [341.89]
NHTC , macd -, macd hist -, profit:  [-2.63], per: [-36.68], now:   [4.54], buy:   [7.17]
LIT  , macd -, macd hist -, profit: [-14.87], per: [-16.18], now:  [77.04], buy:  [91.91]
MSI  , macd +, macd hist -, profit:  [-1.19], per:  [-0.47], now: [250.22], buy: [251.41]
HCP  , macd -, macd hist -, profit:  [-23.6], per: [-43.46], now:   [30.7], buy:   [54.3]
-
     minus len:  27
     profit:       [], per:       [], per/len(m):       [], per/len(p+m):       []
-
==== total ====
     profit:       [], per:       [], per/len(p+m):       []
arg[0]: scraping/yahoo-finace-api2.py, arg[1]: stock-code-list/up-month.txt
===========================
scraping
===========================
START:  A
END:    0.642204761505127
-
START:  AAON
END:    1.40177583694458
-
START:  AAPL
END:    1.9861822128295898
-
START:  ABG
END:    2.5968329906463623
-
START:  ABT
END:    3.435880661010742
-
START:  ACLS
END:    4.050144672393799
-
START:  ACMR
END:    4.363582134246826
-
START:  ACN
END:    4.934386491775513
-
START:  ADBE
END:    5.7952492237091064
-
START:  ADI
END:    6.463080406188965
-
START:  ADP
END:    7.021038770675659
-
START:  ADSK
END:    7.554348707199097
-
START:  ADUS
END:    7.966909170150757
-
START:  AEE
END:    8.74181580543518
-
START:  AGYS
END:    9.332756042480469
-
START:  AIZ
END:    9.980066776275635
-
START:  AJG
END:    10.636083364486694
-
START:  AJRD
END:    11.173145771026611
-
START:  ALB
END:    11.857693195343018
-
START:  ALG
END:    12.425088882446289
-
START:  ALGN
END:    13.18869662284851
-
START:  ALLE
END:    13.62130355834961
-
START:  ALTR
END:    13.998440027236938
-
START:  AMAT
END:    14.606462478637695
-
START:  AMBA
END:    15.003236770629883
-
START:  AMD
END:    15.63800859451294
-
START:  AME
END:    16.39565134048462
-
START:  AMED
END:    17.01659917831421
-
START:  AMEH
END:    17.583081007003784
-
START:  AMGN
END:    18.177181720733643
-
START:  AMN
END:    18.805484294891357
-
START:  AMP
END:    19.29485011100769
-
START:  AMRC
END:    19.68195152282715
-
START:  AMSWA
END:    20.28196358680725
-
START:  AMTX
END:    20.765129804611206
-
START:  AMZN
END:    21.402021169662476
-
START:  AN
END:    21.908504247665405
-
START:  ANSS
END:    22.41511607170105
-
START:  ANTM
Not Found: No data found, symbol may be delisted
START:  AON
END:    23.203038930892944
-
START:  AOSL
END:    23.594483613967896
-
START:  APD
END:    24.243680238723755
-
START:  APH
END:    24.898933172225952
-
START:  APPF
END:    25.210609197616577
-
START:  APPN
END:    25.55526828765869
-
START:  APPS
END:    25.979544401168823
-
START:  AQN
END:    26.481886625289917
-
START:  ARCB
END:    27.040746450424194
-
START:  ARCT
END:    27.48669457435608
-
START:  ARES
END:    28.085036993026733
-
START:  ARGX
END:    28.415317058563232
-
START:  ARWR
END:    28.971120834350586
-
START:  ASML
END:    29.614255905151367
-
START:  ASPN
END:    29.928385496139526
-
START:  ATEC
END:    30.465399742126465
-
START:  ATEN
END:    30.849773406982422
-
START:  ATKR
END:    31.289530038833618
-
START:  ATOM
END:    31.574283838272095
-
START:  ATR
END:    32.36382985115051
-
START:  ATRC
END:    32.92840838432312
-
START:  AUDC
END:    33.53899931907654
-
START:  AUPH
END:    33.966951847076416
-
START:  AVAV
END:    34.56646013259888
-
START:  AVGO
END:    35.086684226989746
-
START:  AVID
END:    35.55237889289856
-
START:  AVNW
END:    36.14823293685913
-
START:  AVXL
END:    36.688265800476074
-
START:  AVY
END:    37.31456756591797
-
START:  AWK
END:    37.97254014015198
-
START:  AWR
END:    38.50922179222107
-
START:  AXON
END:    39.30426478385925
-
START:  AZO
END:    39.87253022193909
-
START:  AZPN
END:    40.48022723197937
-
START:  BAH
END:    40.96955680847168
-
START:  BAM
END:    41.68700861930847
-
START:  BAX
END:    42.25923752784729
-
START:  BBH
END:    43.02281212806702
-
START:  BBQ
END:    43.610045194625854
-
START:  BBY
END:    44.28822565078735
-
START:  BCPC
END:    44.91929769515991
-
START:  BDX
END:    45.552655935287476
-
START:  BEEM
END:    45.9614794254303
-
START:  BFAM
END:    46.39700627326965
-
START:  BFC
END:    46.87832999229431
-
START:  BGFV
END:    47.390928745269775
-
START:  BGNE
END:    47.82797336578369
-
START:  BHVN
END:    48.12295150756836
-
START:  BIO
END:    48.581887006759644
-
START:  BL
END:    49.00730562210083
-
START:  BLD
END:    49.346046447753906
-
START:  BLDP
END:    49.80574345588684
-
START:  BLDR
END:    50.2497022151947
-
START:  BLFS
END:    50.818933963775635
-
START:  BLK
END:    51.3721821308136
-
START:  BLL
Not Found: No data found, symbol may be delisted
START:  BLNK
END:    52.04519534111023
-
START:  BMI
END:    52.6883327960968
-
START:  BOOT
END:    53.04082703590393
-
START:  BOTZ
END:    53.35846948623657
-
START:  BR
END:    53.88118863105774
-
START:  BRKR
END:    54.43325853347778
-
START:  BRKS
Not Found: No data found, symbol may be delisted
START:  BRO
END:    55.20920944213867
-
START:  BURL
END:    55.750303745269775
-
START:  BX
END:    56.36364793777466
-
START:  CABO
END:    56.78760385513306
-
START:  CACI
END:    57.26089954376221
-
START:  CALX
END:    57.65741038322449
-
START:  CAMT
END:    58.18849301338196
-
START:  CAR
END:    58.95870566368103
-
START:  CBRE
END:    59.54348587989807
-
START:  CBSH
END:    60.21963620185852
-
START:  CBZ
END:    60.75502157211304
-
START:  CCOI
END:    61.27582836151123
-
START:  CCS
END:    61.70795702934265
-
START:  CDMO
END:    62.21043944358826
-
START:  CDNA
END:    62.6260290145874
-
START:  CDNS
END:    63.127100706100464
-
START:  CDW
END:    63.69027233123779
-
START:  CELH
END:    64.17780041694641
-
START:  CGNX
END:    64.95735764503479
-
START:  CHD
END:    65.60955429077148
-
START:  CHDN
END:    66.17481112480164
-
START:  CHE
END:    66.7351644039154
-
START:  CHGG
END:    67.05181288719177
-
START:  CHH
END:    67.68310046195984
-
START:  CHKP
END:    68.21772027015686
-
START:  CHTR
END:    68.70326399803162
-
START:  CIEN
END:    69.22203135490417
-
START:  CLAR
END:    69.88480615615845
-
START:  CLFD
END:    70.36194729804993
-
START:  CLGN
END:    70.71769046783447
-
START:  CLNE
END:    71.12463855743408
-
START:  CLPT
END:    71.47454142570496
-
START:  CLX
END:    72.1210675239563
-
START:  CMCSA
END:    72.65038657188416
-
START:  CMG
END:    73.11749649047852
-
START:  CMS
END:    73.84811210632324
-
START:  CNC
END:    74.46459674835205
-
START:  CNI
END:    74.97269916534424
-
START:  CNMD
END:    75.49158382415771
-
START:  CNS
END:    76.11234831809998
-
START:  CNXN
END:    76.67460918426514
-
START:  COO
END:    77.34719181060791
-
START:  COST
END:    77.86148047447205
-
START:  COUP
END:    78.19945645332336
-
START:  COWN
END:    78.71106958389282
-
START:  CP
END:    79.43780493736267
-
START:  CPK
END:    80.01936531066895
-
START:  CPRT
END:    80.5600037574768
-
START:  CPSH
END:    81.05987310409546
-
START:  CRAI
END:    81.69135594367981
-
START:  CREE
Not Found: No data found, symbol may be delisted
START:  CRL
END:    82.35373592376709
-
START:  CRM
END:    82.8310317993164
-
START:  CRMT
END:    83.35150504112244
-
START:  CROX
END:    83.84911632537842
-
START:  CRSP
END:    84.18844366073608
-
START:  CRVL
END:    84.71220064163208
-
START:  CSGP
END:    85.22246551513672
-
START:  CSL
END:    85.86866164207458
-
START:  CSWI
END:    86.23245239257812
-
START:  CSX
END:    86.82945466041565
-
START:  CTAS
END:    87.31397557258606
-
START:  CTLT
END:    87.69814610481262
-
START:  CTRN
END:    88.13581085205078
-
START:  CURE
END:    88.58925437927246
-
START:  CVCO
END:    89.21212410926819
-
START:  CVNA
END:    89.49868059158325
-
START:  CWST
END:    89.98055362701416
-
START:  CWT
END:    90.49903559684753
-
START:  CXSE
END:    90.83602738380432
-
START:  CYBR
END:    91.21445941925049
-
START:  CYRX
END:    91.66179013252258
-
START:  CYTK
END:    92.18514156341553
-
START:  DAC
END:    92.71897864341736
-
START:  DAR
END:    93.22745132446289
-
START:  DAVA
END:    93.57052230834961
-
START:  DDS
END:    94.26990842819214
-
START:  DE
END:    95.0549213886261
-
START:  DECK
END:    95.75190687179565
-
START:  DELL
END:    96.14652729034424
-
START:  DFIN
END:    96.41195964813232
-
START:  DG
END:    96.86494588851929
-
START:  DGRW
END:    97.25577569007874
-
START:  DHI
END:    97.82995510101318
-
START:  DHR
END:    98.50583028793335
-
START:  DIA
END:    99.15146327018738
-
START:  DIOD
END:    99.66378903388977
-
START:  DIS
END:    100.2361786365509
-
START:  DKS
END:    100.86286330223083
-
START:  DLN
END:    101.38525176048279
-
START:  DNLI
END:    101.7091932296753
-
START:  DOMO
END:    102.04610562324524
-
START:  DOV
END:    102.8234395980835
-
START:  DPZ
END:    103.55624890327454
-
START:  DQ
END:    104.09170317649841
-
START:  DRD
END:    104.66088390350342
-
START:  DRIO
END:    105.02570247650146
-
START:  DRNA
Not Found: No data found, symbol may be delisted
START:  DSGX
END:    105.79367661476135
-
START:  DVAX
END:    106.3144600391388
-
START:  DXCM
END:    107.02064180374146
-
START:  ECL
END:    107.65483689308167
-
START:  EFX
END:    108.34184193611145
-
START:  EGAN
END:    108.93030500411987
-
START:  EHC
END:    109.7819459438324
-
START:  EL
END:    110.37100577354431
-
START:  ENPH
END:    110.85316252708435
-
START:  ENSG
END:    111.33272099494934
-
START:  ENTG
END:    112.09140038490295
-
START:  ENV
END:    112.64784264564514
-
START:  EPAM
END:    113.14381122589111
-
START:  ERIE
END:    113.79437971115112
-
START:  ES
END:    114.41918444633484
-
START:  ESE
END:    114.99335312843323
-
START:  ETN
END:    115.6205825805664
-
START:  ETSY
END:    116.03045344352722
-
START:  EVBG
END:    116.4178900718689
-
START:  EVTC
END:    116.89917516708374
-
START:  EW
END:    117.44491863250732
-
START:  EWT
END:    118.07676553726196
-
START:  EXAS
END:    118.53442144393921
-
START:  EXLS
END:    119.0611081123352
-
START:  EXPD
END:    119.57558631896973
-
START:  EXPI
END:    119.91186809539795
-
START:  EXPO
END:    120.67108106613159
-
START:  FAST
END:    121.35592293739319
-
START:  FATE
END:    121.77041339874268
-
START:  FB
Not Found: No data found, symbol may be delisted
START:  FCN
END:    122.46904110908508
-
START:  FCX
END:    123.15698099136353
-
START:  FDN
END:    123.58645915985107
-
START:  FDS
END:    124.24092102050781
-
START:  FELE
END:    124.88377499580383
-
START:  FFIN
END:    125.55428981781006
-
START:  FICO
END:    126.27995586395264
-
START:  FINX
END:    126.56471371650696
-
START:  FIS
END:    127.25169563293457
-
START:  FISV
END:    127.74822664260864
-
START:  FIVE
END:    128.16929864883423
-
START:  FIVN
END:    128.54049801826477
-
START:  FLGT
END:    128.90383672714233
-
START:  FLT
END:    129.26080298423767
-
START:  FLWS
END:    129.76413702964783
-
START:  FN
END:    130.14521288871765
-
START:  FND
END:    130.4500696659088
-
START:  FNV
END:    130.87200784683228
-
START:  FORM
END:    131.43344354629517
-
START:  FOXF
END:    131.83456230163574
-
START:  FPX
END:    132.40775680541992
-
START:  FRC
END:    132.96417927742004
-
START:  FRHC
END:    133.25790905952454
-
START:  FRPT
END:    133.65130376815796
-
START:  FSS
END:    134.4307005405426
-
START:  FTNT
END:    134.8280029296875
-
START:  FUV
END:    135.17005157470703
-
START:  GDEN
END:    135.70122528076172
-
START:  GFI
END:    136.44368195533752
-
START:  GGG
END:    137.05180287361145
-
START:  GIB
END:    137.5211832523346
-
START:  GLDD
END:    137.90053868293762
-
START:  GLOB
END:    138.22214150428772
-
START:  GMAB
END:    138.7140760421753
-
START:  GME
END:    139.1725013256073
-
START:  GMED
END:    139.52050733566284
-
START:  GNRC
END:    139.9301357269287
-
START:  GNSS
END:    140.54686617851257
-
START:  GNTX
END:    141.23730897903442
-
START:  GOLF
END:    141.55881786346436
-
START:  GOOG
END:    142.0019223690033
-
START:  GOOGL
END:    142.4930658340454
-
START:  GPI
END:    143.12080812454224
-
START:  GPN
END:    143.78482866287231
-
START:  GRBK
END:    144.22702312469482
-
START:  GRMN
END:    144.80971932411194
-
START:  GRVY
END:    145.26523208618164
-
START:  GRWG
END:    145.576575756073
-
START:  GWRE
END:    145.936429977417
-
START:  HACK
END:    146.2735526561737
-
START:  HALO
END:    146.9216823577881
-
START:  HCI
END:    147.33820867538452
-
START:  HD
END:    148.02024292945862
-
START:  HEI
END:    148.635728597641
-
START:  HELE
END:    149.27813386917114
-
START:  HIBB
END:    150.01424527168274
-
START:  HLI
END:    150.39340448379517
-
START:  HLT
END:    150.7448070049286
-
START:  HOLX
END:    151.5184314250946
-
START:  HON
END:    152.2534885406494
-
START:  HOV
END:    152.87168836593628
-
START:  HRC
Not Found: No data found, symbol may be delisted
START:  HRI
END:    153.57029271125793
-
START:  HSKA
END:    154.14005398750305
-
START:  HTHT
END:    154.63008570671082
-
START:  HUBS
END:    154.95391082763672
-
START:  HUM
END:    155.45917177200317
-
START:  HZNP
END:    155.87701725959778
-
START:  IAC
END:    156.49916553497314
-
START:  IBP
END:    156.8944821357727
-
START:  ICE
END:    157.53347182273865
-
START:  ICLN
END:    157.97779440879822
-
START:  ICLR
END:    158.61593198776245
-
START:  IDT
END:    159.19542479515076
-
START:  IDXX
END:    159.82713532447815
-
START:  IESC
END:    160.2694263458252
-
START:  IEX
END:    160.8132963180542
-
START:  ILMN
END:    161.5734121799469
-
START:  INFO
Not Found: No data found, symbol may be delisted
START:  INOV
Not Found: No data found, symbol may be delisted
START:  INSP
END:    162.37689328193665
-
START:  INTC
END:    163.09607696533203
-
START:  INTU
END:    163.57112050056458
-
START:  INTZ
END:    164.00110149383545
-
START:  INVE
END:    164.4807116985321
-
START:  IOO
END:    165.0820300579071
-
START:  IQV
END:    165.5306465625763
-
START:  IRDM
END:    166.07074403762817
-
START:  IRMD
END:    166.49320697784424
-
START:  ISEE
END:    166.9631085395813
-
START:  ISRG
END:    167.72469067573547
-
START:  IT
END:    168.28934788703918
-
START:  ITT
END:    168.82381534576416
-
START:  ITW
END:    169.33974409103394
-
START:  IVOG
END:    169.70357155799866
-
START:  IVV
END:    170.3643341064453
-
START:  IXJ
END:    170.85510396957397
-
START:  IXN
END:    171.34785509109497
-
START:  J
END:    171.95865631103516
-
START:  JBL
END:    172.58963990211487
-
START:  JBSS
END:    173.10554599761963
-
START:  JD
END:    173.62504243850708
-
START:  JKHY
END:    174.38310980796814
-
START:  JKS
END:    174.8148467540741
-
START:  JNJ
END:    175.54540181159973
-
START:  JOE
END:    176.2420780658722
-
START:  JOUT
END:    176.98322653770447
-
START:  JYNT
END:    177.30893850326538
-
START:  KAI
END:    177.84326195716858
-
START:  KBH
END:    178.4782156944275
-
START:  KBR
END:    179.03246068954468
-
START:  KDMN
Not Found: No data found, symbol may be delisted
START:  KEYS
END:    179.58133053779602
-
START:  KLAC
END:    180.1858868598938
-
START:  KLIC
END:    180.7294454574585
-
START:  KMX
END:    181.17739367485046
-
START:  KNSL
END:    181.58384251594543
-
START:  KOPN
END:    182.16258573532104
-
START:  KOSS
END:    182.75717449188232
-
START:  KRNT
END:    183.1298267841339
-
START:  KSU
Not Found: No data found, symbol may be delisted
START:  KTOS
END:    183.7491490840912
-
START:  LAC
END:    184.20187377929688
-
START:  LAD
END:    184.8205063343048
-
START:  LANC
END:    185.5058250427246
-
START:  LAWS
Not Found: No data found, symbol may be delisted
START:  LDOS
END:    186.22209334373474
-
START:  LFMD
END:    186.635244846344
-
START:  LGIH
END:    187.0621383190155
-
START:  LH
END:    187.67553973197937
-
START:  LHCG
END:    188.25549340248108
-
START:  LHX
END:    188.89378762245178
-
START:  LII
END:    189.55270290374756
-
START:  LIN
END:    190.23497104644775
-
START:  LINC
END:    190.74491214752197
-
START:  LIT
END:    191.18105912208557
-
START:  LLY
END:    191.82654905319214
-
START:  LMT
END:    192.3770031929016
-
START:  LNT
END:    192.91052150726318
-
START:  LOB
END:    193.2454297542572
-
START:  LOGI
END:    193.74334931373596
-
START:  LOVE
END:    194.0981719493866
-
START:  LOW
END:    194.7691776752472
-
START:  LPLA
END:    195.29859018325806
-
START:  LPSN
END:    195.75186944007874
-
START:  LQDT
END:    196.16411352157593
-
START:  LRCX
END:    196.6461579799652
-
START:  LSCC
END:    197.20914721488953
-
START:  LSTR
END:    197.79532170295715
-
START:  LULU
END:    198.1880612373352
-
START:  LUNA
END:    198.6222221851349
-
START:  MA
END:    199.20011138916016
-
START:  MANH
END:    199.71980214118958
-
START:  MANT
END:    200.42796683311462
-
START:  MARA
END:    200.81353902816772
-
START:  MASI
END:    201.23973512649536
-
START:  MATX
END:    202.0075647830963
-
START:  MBUU
END:    202.4222013950348
-
START:  MCD
END:    203.02021145820618
-
START:  MCHP
END:    203.98817706108093
-
START:  MCO
END:    204.51230263710022
-
START:  MDB
END:    204.81480240821838
-
START:  MDT
END:    205.46215271949768
-
START:  MEDP
END:    205.77180671691895
-
START:  MEDS
END:    206.1676380634308
-
START:  MELI
END:    206.6447856426239
-
START:  MGC
END:    207.04321694374084
-
START:  MGIC
END:    207.8121428489685
-
START:  MGK
END:    208.31460618972778
-
START:  MGNI
END:    208.61004495620728
-
START:  MHO
END:    209.19371819496155
-
START:  MIME
Not Found: No data found, symbol may be delisted
START:  MITK
END:    209.9084665775299
-
START:  MKC
END:    210.6808476448059
-
START:  MKSI
END:    211.26436805725098
-
START:  MKTX
END:    211.72536373138428
-
START:  MLAB
END:    212.52534103393555
-
START:  MLR
END:    213.18231678009033
-
START:  MMC
END:    213.7718644142151
-
START:  MMS
END:    214.2933487892151
-
START:  MNMD
END:    214.51524233818054
-
START:  MNST
END:    215.15213537216187
-
START:  MODN
END:    215.70582389831543
-
START:  MODV
END:    216.24415683746338
-
START:  MOH
END:    216.95688366889954
-
START:  MORN
END:    217.44127368927002
-
START:  MPWR
END:    218.0540030002594
-
START:  MRTX
END:    218.40841007232666
-
START:  MRVL
END:    218.92064952850342
-
START:  MS
END:    219.45661616325378
-
START:  MSA
END:    220.2625241279602
-
START:  MSCI
END:    220.86014938354492
-
START:  MSEX
END:    221.45809745788574
-
START:  MSFT
END:    222.13994145393372
-
START:  MSI
END:    222.92395162582397
-
START:  MSTR
END:    223.4852910041809
-
START:  MTBC
END:    223.91586351394653
-
START:  MTCH
END:    224.56525039672852
-
START:  MTD
END:    225.12340426445007
-
START:  MTEX
END:    225.8754391670227
-
START:  MTH
END:    226.6036660671234
-
START:  MTLS
END:    226.94321250915527
-
START:  MTSI
END:    227.25855422019958
-
START:  MU
END:    227.7914674282074
-
START:  MUSA
END:    228.23313117027283
-
START:  MVIS
END:    228.9002821445465
-
START:  MXL
END:    229.28323125839233
-
START:  MYRG
END:    229.72625255584717
-
START:  NBIX
END:    230.46145033836365
-
START:  NCBS
Not Found: No data found, symbol may be delisted
START:  NDAQ
END:    231.23560070991516
-
START:  NDSN
END:    231.9201738834381
-
START:  NEE
END:    232.64606022834778
-
START:  NEO
END:    233.29284358024597
-
START:  NEOG
END:    233.86838483810425
-
START:  NFLX
END:    234.41668319702148
-
START:  NICE
END:    235.06970763206482
-
START:  NISN
END:    235.36992073059082
-
START:  NKE
END:    235.95429754257202
-
START:  NOVT
END:    236.42652440071106
-
START:  NOW
END:    236.78127765655518
-
START:  NSC
END:    237.35832905769348
-
START:  NSIT
END:    238.10249829292297
-
START:  NSSC
END:    238.57295966148376
-
START:  NSTG
END:    239.0689537525177
-
START:  NTLA
END:    239.47942090034485
-
START:  NTRA
END:    239.89812707901
-
START:  NUAN
END:    240.60940861701965
-
START:  NVCR
END:    240.9288682937622
-
START:  NVDA
END:    241.69997024536133
-
START:  NVMI
END:    242.39745378494263
-
START:  NVO
END:    243.1757481098175
-
START:  NVR
END:    243.8833384513855
-
START:  NXST
END:    244.46424412727356
-
START:  NYT
END:    245.0688705444336
-
START:  OBCI
END:    245.56464219093323
-
START:  ODFL
END:    246.320702791214
-
START:  OEF
END:    246.8894543647766
-
START:  OFLX
END:    247.52836632728577
-
START:  OLED
END:    248.0854721069336
-
START:  OMCL
END:    248.67542147636414
-
START:  ON
END:    249.15157532691956
-
START:  OOMA
END:    249.47735595703125
-
START:  OPRX
END:    250.00722479820251
-
START:  ORA
END:    250.49017572402954
-
START:  ORCL
END:    251.20301032066345
-
START:  ORLY
END:    251.7684030532837
-
START:  ORMP
END:    252.20647072792053
-
START:  OTEX
END:    253.00322794914246
-
START:  PACB
END:    253.4354281425476
-
START:  PAG
END:    253.94744682312012
-
START:  PANW
END:    254.42340755462646
-
START:  PAR
END:    255.06277108192444
-
START:  PAYC
END:    255.38813138008118
-
START:  PAYX
END:    255.9497892856598
-
START:  PBD
END:    256.4449236392975
-
START:  PCTY
END:    256.8381724357605
-
START:  PEGA
END:    257.32654786109924
-
START:  PEN
END:    257.72142338752747
-
START:  PENN
END:    258.3347716331482
-
START:  PEP
END:    259.0158622264862
-
START:  PERI
END:    259.5879635810852
-
START:  PFSI
END:    259.99112200737
-
START:  PGR
END:    260.74245953559875
-
START:  PH
END:    261.2654118537903
-
START:  PHM
END:    261.982408285141
-
START:  PKI
END:    262.682288646698
-
START:  PLL
END:    263.0140585899353
-
START:  PLNT
END:    263.48975944519043
-
START:  PLUG
END:    264.0810306072235
-
START:  PLXS
END:    264.5526041984558
-
START:  PODD
END:    265.03558683395386
-
START:  POOL
END:    265.6928687095642
-
START:  POWI
END:    266.1974844932556
-
START:  PRFT
END:    266.69514632225037
-
START:  PRI
END:    267.13224148750305
-
START:  PRTA
END:    267.4930067062378
-
START:  PRTS
END:    268.0237638950348
-
START:  PTSI
END:    268.53153944015503
-
START:  PWR
END:    269.1939380168915
-
START:  PYPL
END:    269.71225595474243
-
START:  QADA
Not Found: No data found, symbol may be delisted
START:  QCLN
END:    270.4096128940582
-
START:  QDEL
END:    270.95761251449585
-
START:  QGEN
END:    271.4767129421234
-
START:  QLYS
END:    271.972373008728
-
START:  QQQ
END:    272.5276231765747
-
START:  QRVO
END:    272.90000438690186
-
START:  QTWO
END:    273.2480080127716
-
START:  RADA
END:    273.77521991729736
-
START:  RAMP
END:    274.26222825050354
-
START:  RBA
END:    275.0448954105377
-
START:  RCII
END:    275.5500113964081
-
START:  RCKY
END:    276.04958295822144
-
START:  RDNT
END:    276.55665731430054
-
START:  RDVT
END:    276.937557220459
-
START:  RDWR
END:    277.5028440952301
-
START:  REGI
END:    277.84787464141846
-
START:  RENN
END:    278.2284965515137
-
START:  RGEN
END:    278.7687783241272
-
START:  RH
END:    279.10497665405273
-
START:  RILY
END:    279.6401882171631
-
START:  RIOT
END:    279.9614591598511
-
START:  RLI
END:    280.7465031147003
-
START:  RLMD
END:    281.0558092594147
-
START:  RMD
END:    281.6586334705353
-
START:  RNG
END:    282.0540256500244
-
START:  ROBO
END:    282.48877334594727
-
START:  ROCK
END:    283.2763600349426
-
START:  ROK
END:    284.03005290031433
-
START:  ROKU
END:    284.3689057826996
-
START:  ROL
END:    285.06585359573364
-
START:  ROP
END:    285.578661441803
-
START:  ROST
END:    286.1859188079834
-
START:  RPD
END:    286.5112569332123
-
START:  RPM
END:    287.05047821998596
-
START:  RSG
END:    287.64150071144104
-
START:  RTH
END:    288.1588044166565
-
START:  RUN
END:    288.58471393585205
-
START:  RXI
END:    289.2314088344574
-
START:  SAIA
END:    289.8000395298004
-
START:  SAIC
END:    290.2740535736084
-
START:  SAM
END:    290.92837142944336
-
START:  SAVA
END:    291.4359805583954
-
START:  SCI
END:    292.20916533470154
-
START:  SCL
END:    292.81356382369995
-
START:  SE
END:    293.1412513256073
-
START:  SEAS
END:    293.57822608947754
-
START:  SEDG
END:    293.97819209098816
-
START:  SFBS
END:    294.39854073524475
-
START:  SGEN
END:    294.9236030578613
-
START:  SGMS
Not Found: No data found, symbol may be delisted
START:  SGRY
END:    295.47223019599915
-
START:  SHOP
END:    295.8555443286896
-
START:  SHW
END:    296.66368317604065
-
START:  SHYF
END:    297.24509620666504
-
START:  SITE
END:    297.5308117866516
-
START:  SIVB
END:    298.12321376800537
-
START:  SJW
END:    298.8237478733063
-
START:  SKY
END:    299.4051067829132
-
START:  SLAB
END:    299.96088695526123
-
START:  SLP
END:    300.4856626987457
-
START:  SMH
END:    301.04359555244446
-
START:  SMTC
END:    301.6465198993683
-
START:  SNAP
END:    301.9627203941345
-
START:  SNPS
END:    302.6183702945709
-
START:  SOCL
END:    303.2101511955261
-
START:  SOXL
END:    303.7599632740021
-
START:  SPGI
END:    304.41825342178345
-
START:  SPLG
END:    305.1361653804779
-
START:  SPLK
END:    305.49442958831787
-
START:  SPNS
END:    306.2515654563904
-
START:  SPSC
END:    306.77442741394043
-
START:  SPTM
END:    307.42001080513
-
START:  SPWH
END:    307.76984548568726
-
START:  SPWR
END:    308.4443988800049
-
START:  SPXC
END:    309.1286201477051
-
START:  SPXL
END:    309.5882160663605
-
START:  SPY
END:    310.2916488647461
-
START:  SPYG
END:    310.7809965610504
-
START:  SQ
END:    311.10412549972534
-
START:  SSD
END:    311.8010730743408
-
START:  SSNC
END:    312.36654901504517
-
START:  SSTK
END:    312.9055607318878
-
START:  STAA
END:    313.57856583595276
-
START:  STE
END:    314.1974081993103
-
START:  SUSA
END:    314.7326982021332
-
START:  SYK
END:    315.4442210197449
-
START:  SYNA
END:    316.0635070800781
-
START:  TBBK
END:    316.5735924243927
-
START:  TBK
END:    317.093145608902
-
START:  TDG
END:    317.8137743473053
-
START:  TDOC
END:    318.1990256309509
-
START:  TDY
END:    318.7407736778259
-
START:  TEAM
END:    319.1648859977722
-
START:  TECH
END:    319.7469985485077
-
START:  TECL
END:    320.3125686645508
-
START:  TER
END:    320.9396548271179
-
START:  TFX
END:    321.4805495738983
-
START:  TGH
END:    321.99922251701355
-
START:  TGLS
END:    322.51670384407043
-
START:  TGT
END:    323.30156922340393
-
START:  TGTX
END:    323.86046624183655
-
START:  THC
END:    324.3652780056
-
START:  TJX
END:    325.0119218826294
-
START:  TMO
END:    325.7261769771576
-
START:  TMUS
END:    326.21684741973877
-
START:  TNDM
END:    326.78919315338135
-
START:  TNET
END:    327.1637156009674
-
START:  TPX
END:    327.8626527786255
-
START:  TREX
END:    328.34421014785767
-
START:  TRI
END:    328.9538736343384
-
START:  TRIL
Not Found: No data found, symbol may be delisted
START:  TRMB
END:    329.68961930274963
-
START:  TRNS
END:    330.229944229126
-
START:  TROW
END:    330.8320310115814
-
START:  TRU
END:    331.21651005744934
-
START:  TRUP
END:    331.63251185417175
-
START:  TSCO
END:    332.3372588157654
-
START:  TSLA
END:    332.81744956970215
-
START:  TSM
END:    333.5885226726532
-
START:  TT
END:    334.3348662853241
-
START:  TTC
END:    334.9301586151123
-
START:  TTD
END:    335.52270889282227
-
START:  TTEC
END:    336.09454894065857
-
START:  TTEK
END:    336.85447931289673
-
START:  TTGT
END:    337.31875133514404
-
START:  TTWO
END:    337.8315258026123
-
START:  TWLO
END:    338.17014360427856
-
START:  TXN
END:    338.8641483783722
-
START:  TYL
END:    339.60860204696655
-
START:  UCTT
END:    340.1742560863495
-
START:  UFPI
END:    340.7043969631195
-
START:  UFPT
END:    341.216379404068
-
START:  UI
END:    341.62887501716614
-
START:  UMC
END:    342.39955043792725
-
START:  UNF
END:    342.99385929107666
-
START:  UNH
END:    343.77643394470215
-
START:  UNP
END:    344.39409732818604
-
START:  UPLD
END:    344.7260332107544
-
START:  URI
END:    345.32007670402527
-
START:  V
END:    345.8009407520294
-
START:  VALU
END:    346.32152223587036
-
START:  VBK
END:    346.82242226600647
-
START:  VCEL
END:    347.2538070678711
-
START:  VCR
END:    347.7631793022156
-
START:  VCTR
END:    348.0522482395172
-
START:  VCYT
END:    348.5660517215729
-
START:  VDC
END:    349.1075985431671
-
START:  VEEV
END:    349.6393311023712
-
START:  VERU
END:    350.0941045284271
-
START:  VGT
END:    350.58090114593506
-
START:  VHT
END:    351.1367938518524
-
START:  VIAV
END:    351.7269365787506
-
START:  VICR
END:    352.1801733970642
-
START:  VIG
END:    352.64206290245056
-
START:  VO
END:    353.1535499095917
-
START:  VONE
END:    353.7462594509125
-
START:  VONG
END:    354.11408734321594
-
START:  VOO
END:    354.7084710597992
-
START:  VOOG
END:    355.1673684120178
-
START:  VOOV
END:    355.52490162849426
-
START:  VOT
END:    356.27632689476013
-
START:  VPU
END:    356.94472336769104
-
START:  VRNS
END:    357.3405981063843
-
START:  VRSK
END:    357.8772442340851
-
START:  VRSN
END:    358.3307681083679
-
START:  VRTV
END:    358.67152094841003
-
START:  VSTO
END:    359.00604605674744
-
START:  VTHR
END:    359.4820547103882
-
START:  VTI
END:    360.16322231292725
-
START:  VTNR
END:    360.72263193130493
-
START:  VTWG
END:    361.1328065395355
-
START:  VUG
END:    361.7479045391083
-
START:  VV
END:    362.26210355758667
-
START:  VXF
END:    367.16578793525696
-
START:  WCN
END:    367.9088966846466
-
START:  WD
END:    368.43516278266907
-
START:  WDAY
END:    368.7808270454407
-
START:  WDFC
END:    369.5777168273926
-
START:  WEC
END:    370.13645243644714
-
START:  WEN
END:    370.6617660522461
-
START:  WINA
END:    371.3350176811218
-
START:  WING
END:    371.6335668563843
-
START:  WIRE
END:    372.22038102149963
-
START:  WIX
END:    372.5995099544525
-
START:  WK
END:    372.9096100330353
-
START:  WLTW
Not Found: No data found, symbol may be delisted
START:  WM
END:    373.83221316337585
-
START:  WMS
END:    374.27328610420227
-
START:  WNS
END:    374.76140451431274
-
START:  WRB
END:    375.4168224334717
-
START:  WSC
END:    375.82443475723267
-
START:  WSM
END:    376.36597299575806
-
START:  WST
END:    376.8848955631256
-
START:  WTRG
END:    377.6658835411072
-
START:  WTS
END:    378.40312218666077
-
START:  XEL
END:    379.09056663513184
-
START:  XENE
END:    379.4670760631561
-
START:  XLK
END:    380.02239441871643
-
START:  XLNX
Not Found: No data found, symbol may be delisted
START:  XLP
END:    380.9381341934204
-
START:  XLRN
Not Found: No data found, symbol may be delisted
START:  XLU
END:    381.7090277671814
-
START:  XLV
END:    382.29779028892517
-
START:  XLY
END:    383.0708875656128
-
START:  XYL
END:    383.46595096588135
-
START:  YNDX
END:    383.87249994277954
-
START:  YORW
END:    384.5828289985657
-
START:  YUM
END:    385.1410598754883
-
START:  Z
END:    385.48265767097473
-
START:  ZBRA
END:    386.12601137161255
-
START:  ZEN
END:    386.5042426586151
-
START:  ZLAB
END:    386.76606822013855
-
START:  ZNGA
Not Found: No data found, symbol may be delisted
START:  ZS
END:    387.22386407852173
-
START:  ZTS
END:    387.7037796974182
-
START:  ZYXI
END:    388.1372289657593
-
===========================
MACD golden cross
===========================
START:  code
START:  A
START:  AAON
START:  AAPL
START:  ABG
START:  ABT
START:  ACLS
START:  ACMR
START:  ACN
START:  ADBE
START:  ADI
START:  ADP
START:  ADSK
START:  ADUS
START:  AEE
START:  AGYS
START:  AIZ
START:  AJG
START:  AJRD
START:  ALB
START:  ALG
START:  ALGN
START:  ALLE
START:  ALTR
START:  AMAT
START:  AMBA
START:  AMD
START:  AME
START:  AMED
START:  AMEH
START:  AMGN
START:  AMN
START:  AMP
START:  AMRC
START:  AMSWA
START:  AMTX
START:  AMZN
START:  AN
START:  ANSS
START:  ANTM
START:  AON
START:  AOSL
START:  APD
START:  APH
START:  APPF
START:  APPN
START:  APPS
START:  AQN
START:  ARCB
START:  ARCT
START:  ARES
START:  ARGX
START:  ARWR
START:  ASML
START:  ASPN
START:  ATEC
START:  ATEN
START:  ATKR
START:  ATOM
START:  ATR
START:  ATRC
START:  AUDC
START:  AUPH
START:  AVAV
START:  AVGO
START:  AVID
START:  AVNW
START:  AVXL
START:  AVY
START:  AWK
START:  AWR
START:  AXON
START:  AZO
START:  AZPN
START:  BAH
START:  BAM
START:  BAX
START:  BBH
START:  BBQ
START:  BBY
START:  BCPC
START:  BDX
START:  BEEM
START:  BFAM
START:  BFC
START:  BGFV
START:  BGNE
START:  BHVN
START:  BIO
START:  BL
START:  BLD
START:  BLDP
START:  BLDR
START:  BLFS
START:  BLK
START:  BLL
START:  BLNK
START:  BMI
START:  BOOT
START:  BOTZ
START:  BR
START:  BRKR
START:  BRKS
START:  BRO
START:  BURL
START:  BX
START:  CABO
START:  CACI
START:  CALX
START:  CAMT
START:  CAR
START:  CBRE
START:  CBSH
START:  CBZ
START:  CCOI
START:  CCS
START:  CDMO
START:  CDNA
START:  CDNS
START:  CDW
START:  CELH
START:  CGNX
START:  CHD
START:  CHDN
START:  CHE
START:  CHGG
START:  CHH
START:  CHKP
START:  CHTR
START:  CIEN
START:  CLAR
START:  CLFD
START:  CLGN
START:  CLNE
START:  CLPT
START:  CLX
START:  CMCSA
START:  CMG
START:  CMS
START:  CNC
START:  CNI
START:  CNMD
START:  CNS
START:  CNXN
START:  COO
START:  COST
START:  COUP
START:  COWN
START:  CP
START:  CPK
START:  CPRT
START:  CPSH
START:  CRAI
START:  CREE
START:  CRL
START:  CRM
START:  CRMT
START:  CROX
START:  CRSP
START:  CRVL
START:  CSGP
START:  CSL
START:  CSWI
START:  CSX
START:  CTAS
START:  CTLT
START:  CTRN
START:  CURE
START:  CVCO
START:  CVNA
START:  CWST
START:  CWT
START:  CXSE
START:  CYBR
START:  CYRX
START:  CYTK
START:  DAC
START:  DAR
START:  DAVA
START:  DDS
START:  DE
START:  DECK
START:  DELL
START:  DFIN
START:  DG
START:  DGRW
START:  DHI
START:  DHR
START:  DIA
START:  DIOD
START:  DIS
START:  DKS
START:  DLN
START:  DNLI
START:  DOMO
START:  DOV
START:  DPZ
START:  DQ
START:  DRD
START:  DRIO
START:  DRNA
START:  DSGX
START:  DVAX
START:  DXCM
START:  ECL
START:  EFX
START:  EGAN
START:  EHC
START:  EL
START:  ENPH
START:  ENSG
START:  ENTG
START:  ENV
START:  EPAM
START:  ERIE
START:  ES
START:  ESE
START:  ETN
START:  ETSY
START:  EVBG
START:  EVTC
START:  EW
START:  EWT
START:  EXAS
START:  EXLS
START:  EXPD
START:  EXPI
START:  EXPO
START:  FAST
START:  FATE
START:  FB
START:  FCN
START:  FCX
START:  FDN
START:  FDS
START:  FELE
START:  FFIN
START:  FICO
START:  FINX
START:  FIS
START:  FISV
START:  FIVE
START:  FIVN
START:  FLGT
START:  FLT
START:  FLWS
START:  FN
START:  FND
START:  FNV
START:  FORM
START:  FOXF
START:  FPX
START:  FRC
START:  FRHC
START:  FRPT
START:  FSS
START:  FTNT
START:  FUV
START:  GDEN
START:  GFI
START:  GGG
START:  GIB
START:  GLDD
START:  GLOB
START:  GMAB
START:  GME
START:  GMED
START:  GNRC
START:  GNSS
START:  GNTX
START:  GOLF
START:  GOOG
START:  GOOGL
START:  GPI
START:  GPN
START:  GRBK
START:  GRMN
START:  GRVY
START:  GRWG
START:  GWRE
START:  HACK
START:  HALO
START:  HCI
START:  HD
START:  HEI
START:  HELE
START:  HIBB
START:  HLI
START:  HLT
START:  HOLX
START:  HON
START:  HOV
START:  HRC
START:  HRI
START:  HSKA
START:  HTHT
START:  HUBS
START:  HUM
START:  HZNP
START:  IAC
START:  IBP
START:  ICE
START:  ICLN
START:  ICLR
START:  IDT
START:  IDXX
START:  IESC
START:  IEX
START:  ILMN
START:  INFO
START:  INOV
START:  INSP
START:  INTC
START:  INTU
START:  INTZ
START:  INVE
START:  IOO
START:  IQV
START:  IRDM
START:  IRMD
START:  ISEE
START:  ISRG
START:  IT
START:  ITT
START:  ITW
START:  IVOG
START:  IVV
START:  IXJ
START:  IXN
START:  J
START:  JBL
START:  JBSS
START:  JD
START:  JKHY
START:  JKS
START:  JNJ
START:  JOE
START:  JOUT
START:  JYNT
START:  KAI
START:  KBH
START:  KBR
START:  KDMN
START:  KEYS
START:  KLAC
START:  KLIC
START:  KMX
START:  KNSL
START:  KOPN
START:  KOSS
START:  KRNT
START:  KSU
START:  KTOS
START:  LAC
START:  LAD
START:  LANC
START:  LAWS
START:  LDOS
START:  LFMD
START:  LGIH
START:  LH
START:  LHCG
START:  LHX
START:  LII
START:  LIN
START:  LINC
START:  LIT
START:  LLY
START:  LMT
START:  LNT
START:  LOB
START:  LOGI
START:  LOVE
START:  LOW
START:  LPLA
START:  LPSN
START:  LQDT
START:  LRCX
START:  LSCC
START:  LSTR
START:  LULU
START:  LUNA
START:  MA
START:  MANH
START:  MANT
START:  MARA
START:  MASI
START:  MATX
START:  MBUU
START:  MCD
START:  MCHP
START:  MCO
START:  MDB
START:  MDT
START:  MEDP
START:  MEDS
START:  MELI
START:  MGC
START:  MGIC
START:  MGK
START:  MGNI
START:  MHO
START:  MIME
START:  MITK
START:  MKC
START:  MKSI
START:  MKTX
START:  MLAB
START:  MLR
START:  MMC
START:  MMS
START:  MNMD
START:  MNST
START:  MODN
START:  MODV
START:  MOH
START:  MORN
START:  MPWR
START:  MRTX
START:  MRVL
START:  MS
START:  MSA
START:  MSCI
START:  MSEX
START:  MSFT
START:  MSI
START:  MSTR
START:  MTBC
START:  MTCH
START:  MTD
START:  MTEX
START:  MTH
START:  MTLS
START:  MTSI
START:  MU
START:  MUSA
START:  MVIS
START:  MXL
START:  MYRG
START:  NBIX
START:  NCBS
START:  NDAQ
START:  NDSN
START:  NEE
START:  NEO
START:  NEOG
START:  NFLX
START:  NICE
START:  NISN
START:  NKE
START:  NOVT
START:  NOW
START:  NSC
START:  NSIT
START:  NSSC
START:  NSTG
START:  NTLA
START:  NTRA
START:  NUAN
START:  NVCR
START:  NVDA
START:  NVMI
START:  NVO
START:  NVR
START:  NXST
START:  NYT
START:  OBCI
START:  ODFL
START:  OEF
START:  OFLX
START:  OLED
START:  OMCL
START:  ON
START:  OOMA
START:  OPRX
START:  ORA
START:  ORCL
START:  ORLY
START:  ORMP
START:  OTEX
START:  PACB
START:  PAG
START:  PANW
START:  PAR
START:  PAYC
START:  PAYX
START:  PBD
START:  PCTY
START:  PEGA
START:  PEN
START:  PENN
START:  PEP
START:  PERI
START:  PFSI
START:  PGR
START:  PH
START:  PHM
START:  PKI
START:  PLL
START:  PLNT
START:  PLUG
START:  PLXS
START:  PODD
START:  POOL
START:  POWI
START:  PRFT
START:  PRI
START:  PRTA
START:  PRTS
START:  PTSI
START:  PWR
START:  PYPL
START:  QADA
START:  QCLN
START:  QDEL
START:  QGEN
START:  QLYS
START:  QQQ
START:  QRVO
START:  QTWO
START:  RADA
START:  RAMP
START:  RBA
START:  RCII
START:  RCKY
START:  RDNT
START:  RDVT
START:  RDWR
START:  REGI
START:  RENN
START:  RGEN
START:  RH
START:  RILY
START:  RIOT
START:  RLI
START:  RLMD
START:  RMD
START:  RNG
START:  ROBO
START:  ROCK
START:  ROK
START:  ROKU
START:  ROL
START:  ROP
START:  ROST
START:  RPD
START:  RPM
START:  RSG
START:  RTH
START:  RUN
START:  RXI
START:  SAIA
START:  SAIC
START:  SAM
START:  SAVA
START:  SCI
START:  SCL
START:  SE
START:  SEAS
START:  SEDG
START:  SFBS
START:  SGEN
START:  SGMS
START:  SGRY
START:  SHOP
START:  SHW
START:  SHYF
START:  SITE
START:  SIVB
START:  SJW
START:  SKY
START:  SLAB
START:  SLP
START:  SMH
START:  SMTC
START:  SNAP
START:  SNPS
START:  SOCL
START:  SOXL
START:  SPGI
START:  SPLG
START:  SPLK
START:  SPNS
START:  SPSC
START:  SPTM
START:  SPWH
START:  SPWR
START:  SPXC
START:  SPXL
START:  SPY
START:  SPYG
START:  SQ
START:  SSD
START:  SSNC
START:  SSTK
START:  STAA
START:  STE
START:  SUSA
START:  SYK
START:  SYNA
START:  TBBK
START:  TBK
START:  TDG
START:  TDOC
START:  TDY
START:  TEAM
START:  TECH
START:  TECL
START:  TER
START:  TFX
START:  TGH
START:  TGLS
START:  TGT
START:  TGTX
START:  THC
START:  TJX
START:  TMO
START:  TMUS
START:  TNDM
START:  TNET
START:  TPX
START:  TREX
START:  TRI
START:  TRIL
START:  TRMB
START:  TRNS
START:  TROW
START:  TRU
START:  TRUP
START:  TSCO
START:  TSLA
START:  TSM
START:  TT
START:  TTC
START:  TTD
START:  TTEC
START:  TTEK
START:  TTGT
START:  TTWO
START:  TWLO
START:  TXN
START:  TYL
START:  UCTT
START:  UFPI
START:  UFPT
START:  UI
START:  UMC
START:  UNF
START:  UNH
START:  UNP
START:  UPLD
START:  URI
START:  V
START:  VALU
START:  VBK
START:  VCEL
START:  VCR
START:  VCTR
START:  VCYT
START:  VDC
START:  VEEV
START:  VERU
START:  VGT
START:  VHT
START:  VIAV
START:  VICR
START:  VIG
START:  VO
START:  VONE
START:  VONG
START:  VOO
START:  VOOG
START:  VOOV
START:  VOT
START:  VPU
START:  VRNS
START:  VRSK
START:  VRSN
START:  VRTV
START:  VSTO
START:  VTHR
START:  VTI
START:  VTNR
START:  VTWG
START:  VUG
START:  VV
START:  VXF
START:  WCN
START:  WD
START:  WDAY
START:  WDFC
START:  WEC
START:  WEN
START:  WINA
START:  WING
START:  WIRE
START:  WIX
START:  WK
START:  WLTW
START:  WM
START:  WMS
START:  WNS
START:  WRB
START:  WSC
START:  WSM
START:  WST
START:  WTRG
START:  WTS
START:  XEL
START:  XENE
START:  XLK
START:  XLNX
START:  XLP
START:  XLRN
START:  XLU
START:  XLV
START:  XLY
START:  XYL
START:  YNDX
START:  YORW
START:  YUM
START:  Z
START:  ZBRA
START:  ZEN
START:  ZLAB
START:  ZNGA
START:  ZS
START:  ZTS
START:  ZYXI
==== MACD golden cross ====
None
code: ARGX     day: macd + hist - hist_1pre - ,  Week: macd + hist + hist_1pre - , Month: macd + hist + hist_1pre + , 
Trade --> code: ARGX   BUY: 2019-09-30  113.96 SELL: 2022-09-30  391.26  macd:   34.54 macd_count:  37 profit:  3.43

code: AVAV     day: macd + hist - hist_1pre - ,  Week: macd + hist + hist_1pre - , Month: macd + hist + hist_1pre - , 
Trade --> code: AVAV   BUY: 2009-05-31   27.92 SELL: 2010-06-30   21.73  macd:   -0.19 macd_count:  13 profit:  0.78
Trade --> code: AVAV   BUY: 2011-03-31   34.97 SELL: 2012-05-31   22.28  macd:   -0.36 macd_count:  14 profit:  0.64
Trade --> code: AVAV   BUY: 2013-12-31   29.14 SELL: 2015-05-31   25.85  macd:   -0.10 macd_count:  17 profit:  0.89
Trade --> code: AVAV   BUY: 2016-05-31   28.81 SELL: 2016-08-31   24.74  macd:   -0.00 macd_count:   3 profit:  0.86
Trade --> code: AVAV   BUY: 2017-03-31   28.03 SELL: 2022-02-28   71.05  macd:   -0.43 macd_count:  59 profit:  2.53
Trade --> code: AVAV   BUY: 2022-03-31   94.14 SELL: 2022-09-30  100.07  macd:    2.13 macd_count:   7 profit:  1.06

code: CDMO     day: macd - hist - hist_1pre - ,  Week: macd + hist + hist_1pre - , Month: macd + hist - hist_1pre - , 
Trade --> code: CDMO   BUY: 2005-01-31   42.00 SELL: 2005-09-30   35.00  macd:   -0.72 macd_count:   8 profit:  0.83
Trade --> code: CDMO   BUY: 2006-03-31   53.90 SELL: 2007-01-31   40.95  macd:   -0.17 macd_count:  10 profit:  0.76
Trade --> code: CDMO   BUY: 2010-04-30   28.07 SELL: 2010-06-30   15.05  macd:   -0.18 macd_count:   2 profit:  0.54
Trade --> code: CDMO   BUY: 2014-02-28   12.67 SELL: 2015-01-31    8.96  macd:   -0.10 macd_count:  11 profit:  0.71
Trade --> code: CDMO   BUY: 2018-08-31    7.32 SELL: 2019-03-31    4.25  macd:   -0.01 macd_count:   7 profit:  0.58
Trade --> code: CDMO   BUY: 2019-04-30    4.79 SELL: 2019-05-31    3.89  macd:   -0.03 macd_count:   1 profit:  0.81
Trade --> code: CDMO   BUY: 2019-06-30    5.60 SELL: 2022-09-30   18.33  macd:    0.95 macd_count:  40 profit:  3.27

code: CMS      day: macd + hist - hist_1pre - ,  Week: macd + hist + hist_1pre - , Month: macd + hist + hist_1pre + , 
Trade --> code: CMS    BUY: 2005-01-31   10.53 SELL: 2008-07-31   13.50  macd:   -0.08 macd_count:  42 profit:  1.28
Trade --> code: CMS    BUY: 2010-01-31   15.17 SELL: 2022-09-30   69.85  macd:    2.37 macd_count: 153 profit:  4.60

code: DHR      day: macd - hist - hist_1pre - ,  Week: macd + hist + hist_1pre - , Month: macd + hist - hist_1pre - , 
Trade --> code: DHR    BUY: 2005-01-31   20.80 SELL: 2008-11-30   21.09  macd:   -0.22 macd_count:  46 profit:  1.01
Trade --> code: DHR    BUY: 2010-01-31   27.05 SELL: 2022-09-30  290.42  macd:   16.62 macd_count: 153 profit: 10.74

code: ISEE     day: macd + hist + hist_1pre + ,  Week: macd + hist + hist_1pre - , Month: macd + hist - hist_1pre - , 
Trade --> code: ISEE   BUY: 2016-01-31   54.19 SELL: 2016-12-31    4.83  macd:   -3.06 macd_count:  11 profit:  0.09
Trade --> code: ISEE   BUY: 2020-11-30    6.82 SELL: 2022-09-30   18.59  macd:    1.56 macd_count:  23 profit:  2.73

code: LIT      day: macd - hist - hist_1pre - ,  Week: macd + hist + hist_1pre - , Month: macd + hist - hist_1pre - , 
Trade --> code: LIT    BUY: 2016-11-30   24.61 SELL: 2019-03-31   28.30  macd:   -0.12 macd_count:  28 profit:  1.15
Trade --> code: LIT    BUY: 2020-07-31   35.91 SELL: 2022-09-30   77.04  macd:    5.84 macd_count:  27 profit:  2.15

code: NUAN     day: macd + hist + hist_1pre + ,  Week: macd + hist + hist_1pre - , Month: macd + hist - hist_1pre - , 
Trade --> code: NUAN   BUY: 2005-11-30    5.38 SELL: 2008-11-30    7.94  macd:   -0.13 macd_count:  36 profit:  1.48
Trade --> code: NUAN   BUY: 2009-12-31   13.44 SELL: 2013-05-31   16.44  macd:   -0.10 macd_count:  41 profit:  1.22
Trade --> code: NUAN   BUY: 2015-11-30   18.11 SELL: 2016-07-31   13.90  macd:   -0.05 macd_count:   8 profit:  0.77
Trade --> code: NUAN   BUY: 2017-05-31   16.01 SELL: 2017-09-30   13.60  macd:   -0.04 macd_count:   4 profit:  0.85
Trade --> code: NUAN   BUY: 2019-04-30   14.56 SELL: 2022-03-31   55.99  macd:    7.14 macd_count:  36 profit:  3.85

code: PH       day: macd - hist - hist_1pre - ,  Week: macd + hist + hist_1pre - , Month: macd + hist - hist_1pre - , 
Trade --> code: PH     BUY: 2005-01-31   43.44 SELL: 2008-10-31   38.77  macd:   -0.05 macd_count:  45 profit:  0.89
Trade --> code: PH     BUY: 2010-03-31   64.74 SELL: 2015-11-30  104.66  macd:   -0.57 macd_count:  68 profit:  1.62
Trade --> code: PH     BUY: 2016-08-31  122.53 SELL: 2022-09-30  278.99  macd:    8.93 macd_count:  74 profit:  2.28

code: RMD      day: macd - hist + hist_1pre + ,  Week: macd + hist + hist_1pre - , Month: macd + hist - hist_1pre - , 
Trade --> code: RMD    BUY: 2005-01-31   12.82 SELL: 2008-06-30   17.87  macd:   -0.02 macd_count:  41 profit:  1.39
Trade --> code: RMD    BUY: 2008-08-31   23.40 SELL: 2008-10-31   17.13  macd:   -0.25 macd_count:   2 profit:  0.73
Trade --> code: RMD    BUY: 2009-09-30   22.60 SELL: 2022-09-30  236.03  macd:    9.43 macd_count: 157 profit: 10.44

code: TRI      day: macd - hist - hist_1pre - ,  Week: macd + hist + hist_1pre - , Month: macd + hist - hist_1pre - , 
Trade --> code: TRI    BUY: 2005-01-31   34.05 SELL: 2008-03-31   33.53  macd:   -0.39 macd_count:  38 profit:  0.98
Trade --> code: TRI    BUY: 2010-03-31   36.30 SELL: 2011-09-30   27.04  macd:   -0.22 macd_count:  18 profit:  0.74
Trade --> code: TRI    BUY: 2013-06-30   32.57 SELL: 2018-05-31   38.82  macd:   -0.22 macd_count:  59 profit:  1.19
Trade --> code: TRI    BUY: 2018-09-30   45.68 SELL: 2022-09-30  113.08  macd:    6.79 macd_count:  49 profit:  2.48

code: WEN      day: macd - hist - hist_1pre - ,  Week: macd + hist + hist_1pre - , Month: macd - hist - hist_1pre - , 
Trade --> code: WEN    BUY: 2006-11-30   20.58 SELL: 2007-07-31   14.54  macd:   -0.07 macd_count:   8 profit:  0.71
Trade --> code: WEN    BUY: 2013-03-31    5.68 SELL: 2022-06-30   18.88  macd:   -0.09 macd_count: 111 profit:  3.32

code: WRB      day: macd + hist + hist_1pre + ,  Week: macd + hist + hist_1pre - , Month: macd + hist + hist_1pre + , 
Trade --> code: WRB    BUY: 2005-01-31    9.42 SELL: 2008-02-29   12.80  macd:   -0.01 macd_count:  37 profit:  1.36
Trade --> code: WRB    BUY: 2010-08-31   11.71 SELL: 2022-09-30   67.63  macd:    5.52 macd_count: 146 profit:  5.77

