Wed Sep 28 14:25:19 UTC 2022
arg[0]: scraping/yahoo-finace-api2.py, arg[1]: stock-code-list/buy-list.txt
===========================
scraping
===========================
START:  AAPL
END:    0.3850851058959961
-
START:  EL
END:    0.7207491397857666
-
START:  NEE
END:    1.0880963802337646
-
START:  AMD
END:    1.3581745624542236
-
START:  APH
END:    1.679638147354126
-
START:  XLP
END:    1.9977471828460693
-
START:  SPXL
END:    2.2506155967712402
-
START:  KEYS
END:    2.405543088912964
-
START:  VDC
END:    2.7004318237304688
-
START:  SPTM
END:    3.045041084289551
-
START:  SPLG
END:    3.3681375980377197
-
START:  CROX
END:    3.627826452255249
-
START:  AXON
END:    3.922755002975464
-
START:  AWR
END:    4.261664867401123
-
START:  FN
END:    4.661266803741455
-
START:  NXST
END:    4.959696292877197
-
START:  TREX
END:    5.238245725631714
-
START:  RGEN
END:    5.534664630889893
-
START:  EXPO
END:    5.887331008911133
-
START:  BCPC
END:    6.239713907241821
-
START:  SOXL
END:    7.486152172088623
-
START:  TECL
END:    8.76817274093628
-
START:  NEO
END:    9.021198034286499
-
START:  NVMI
END:    9.374927759170532
-
START:  NVDA
END:    9.687870502471924
-
START:  BBDC
END:    10.001240491867065
-
START:  APPS
END:    10.229496240615845
-
START:  ROK
END:    10.576937675476074
-
START:  NHTC
END:    10.928990125656128
-
START:  ZYXI
END:    11.222383737564087
-
START:  LIT
END:    12.42373776435852
-
START:  LLY
END:    12.803619623184204
-
START:  GTLB
END:    12.862891435623169
-
START:  MCD
END:    13.223019123077393
-
START:  MSI
END:    13.629969358444214
-
START:  HCP
END:    13.690792083740234
-
START:  ON
END:    13.982282161712646
-
===========================
MACD sell
===========================
START:  AAPL
START:  EL
START:  NEE
START:  AMD
START:  APH
START:  XLP
START:  SPXL
START:  KEYS
START:  VDC
START:  SPTM
START:  SPLG
START:  CROX
START:  AXON
START:  AWR
START:  FN
START:  NXST
START:  TREX
START:  RGEN
START:  EXPO
START:  BCPC
START:  SOXL
START:  TECL
START:  NEO
START:  NVMI
START:  NVDA
START:  BBDC
START:  APPS
START:  ROK
START:  NHTC
START:  ZYXI
START:  LIT
START:  LLY
START:  GTLB
START:  MCD
START:  MSI
START:  HCP
START:  ON
==== MACD list ====
code: AAPL     day: macd - hist - ,  Week: macd - hist - , Month: macd + hist - , 
code: EL       day: macd - hist - ,  Week: macd - hist - , Month: macd + hist - , 
code: NEE      day: macd - hist - ,  Week: macd + hist - , Month: macd + hist - , 
code: AMD      day: macd - hist - ,  Week: macd - hist - , Month: macd + hist - , 
code: APH      day: macd - hist - ,  Week: macd - hist - , Month: macd + hist - , 
code: XLP      day: macd - hist - ,  Week: macd - hist - , Month: macd + hist - , 
code: SPXL     day: macd - hist - ,  Week: macd - hist - , Month: macd + hist - , 
code: KEYS     day: macd - hist - ,  Week: macd + hist - , Month: macd + hist - , 
code: VDC      day: macd - hist - ,  Week: macd - hist - , Month: macd + hist - , 
code: SPTM     day: macd - hist - ,  Week: macd - hist - , Month: macd + hist - , 
code: SPLG     day: macd - hist - ,  Week: macd - hist - , Month: macd + hist - , 
code: CROX     day: macd - hist - ,  Week: macd + hist + , Month: macd - hist - , 
code: AXON     day: macd - hist - ,  Week: macd + hist - , Month: macd - hist - , 
code: AWR      day: macd - hist - ,  Week: macd - hist - , Month: macd + hist - , 
code: FN       day: macd - hist - ,  Week: macd + hist - , Month: macd + hist - , 
code: NXST     day: macd - hist - ,  Week: macd + hist - , Month: macd + hist - , 
code: TREX     day: macd - hist + ,  Week: macd - hist - , Month: macd - hist - , 
code: RGEN     day: macd - hist - ,  Week: macd + hist - , Month: macd + hist - , 
code: EXPO     day: macd - hist - ,  Week: macd - hist - , Month: macd + hist - , 
code: BCPC     day: macd - hist - ,  Week: macd - hist - , Month: macd + hist - , 
code: SOXL     day: macd - hist - ,  Week: macd - hist - , Month: macd - hist - , 
code: TECL     day: macd - hist - ,  Week: macd - hist - , Month: macd - hist - , 
code: NEO      day: macd - hist - ,  Week: macd - hist + , Month: macd - hist - , 
code: NVMI     day: macd - hist - ,  Week: macd - hist - , Month: macd + hist - , 
code: NVDA     day: macd - hist + ,  Week: macd - hist - , Month: macd + hist - , 
code: BBDC     day: macd - hist - ,  Week: macd - hist - , Month: macd - hist - , 
code: APPS     day: macd - hist - ,  Week: macd - hist + , Month: macd - hist - , 
code: ROK      day: macd - hist - ,  Week: macd - hist - , Month: macd - hist - , 
code: NHTC     day: macd - hist - ,  Week: macd - hist - , Month: macd - hist - , 
code: ZYXI     day: macd - hist - ,  Week: macd + hist - , Month: macd - hist + , 
code: LIT      day: macd - hist - ,  Week: macd - hist - , Month: macd + hist - , 
code: LLY      day: macd + hist + ,  Week: macd + hist + , Month: macd + hist + , 
code: GTLB     day: macd - hist - ,  Week: macd - hist - , Month: macd + hist + , 
code: MCD      day: macd - hist - ,  Week: macd - hist - , Month: macd + hist - , 
code: MSI      day: macd - hist - ,  Week: macd + hist - , Month: macd + hist - , 
code: HCP      day: macd - hist + ,  Week: macd - hist + , Month: macd + hist + , 
code: ON       day: macd - hist - ,  Week: macd + hist - , Month: macd + hist + , 
==== MACD sell list ====
code: AAPL     day: macd - hist - , 
code: AAPL     day: macd - hist - ,  Week: macd - hist - , 
code: AAPL     day: macd - hist - ,  Week: macd - hist - , Month: macd + hist - , 
code: EL       day: macd - hist - , 
code: EL       day: macd - hist - ,  Week: macd - hist - , 
code: EL       day: macd - hist - ,  Week: macd - hist - , Month: macd + hist - , 
code: NEE      day: macd - hist - , 
code: NEE      day: macd - hist - ,  Week: macd + hist - , 
code: NEE      day: macd - hist - ,  Week: macd + hist - , Month: macd + hist - , 
code: AMD      day: macd - hist - , 
code: AMD      day: macd - hist - ,  Week: macd - hist - , 
code: AMD      day: macd - hist - ,  Week: macd - hist - , Month: macd + hist - , 
code: APH      day: macd - hist - , 
code: APH      day: macd - hist - ,  Week: macd - hist - , 
code: APH      day: macd - hist - ,  Week: macd - hist - , Month: macd + hist - , 
code: XLP      day: macd - hist - , 
code: XLP      day: macd - hist - ,  Week: macd - hist - , 
code: XLP      day: macd - hist - ,  Week: macd - hist - , Month: macd + hist - , 
code: SPXL     day: macd - hist - , 
code: SPXL     day: macd - hist - ,  Week: macd - hist - , 
code: SPXL     day: macd - hist - ,  Week: macd - hist - , Month: macd + hist - , 
code: KEYS     day: macd - hist - , 
code: KEYS     day: macd - hist - ,  Week: macd + hist - , 
code: KEYS     day: macd - hist - ,  Week: macd + hist - , Month: macd + hist - , 
code: VDC      day: macd - hist - , 
code: VDC      day: macd - hist - ,  Week: macd - hist - , 
code: VDC      day: macd - hist - ,  Week: macd - hist - , Month: macd + hist - , 
code: SPTM     day: macd - hist - , 
code: SPTM     day: macd - hist - ,  Week: macd - hist - , 
code: SPTM     day: macd - hist - ,  Week: macd - hist - , Month: macd + hist - , 
code: SPLG     day: macd - hist - , 
code: SPLG     day: macd - hist - ,  Week: macd - hist - , 
code: SPLG     day: macd - hist - ,  Week: macd - hist - , Month: macd + hist - , 
code: CROX     day: macd - hist - , 
code: CROX     day: macd - hist - ,  Week: macd + hist + , Month: macd - hist - , 
code: AXON     day: macd - hist - , 
code: AXON     day: macd - hist - ,  Week: macd + hist - , 
code: AXON     day: macd - hist - ,  Week: macd + hist - , Month: macd - hist - , 
code: AWR      day: macd - hist - , 
code: AWR      day: macd - hist - ,  Week: macd - hist - , 
code: AWR      day: macd - hist - ,  Week: macd - hist - , Month: macd + hist - , 
code: FN       day: macd - hist - , 
code: FN       day: macd - hist - ,  Week: macd + hist - , 
code: FN       day: macd - hist - ,  Week: macd + hist - , Month: macd + hist - , 
code: NXST     day: macd - hist - , 
code: NXST     day: macd - hist - ,  Week: macd + hist - , 
code: NXST     day: macd - hist - ,  Week: macd + hist - , Month: macd + hist - , 
code: TREX     day: macd - hist + ,  Week: macd - hist - , 
code: TREX     day: macd - hist + ,  Week: macd - hist - , Month: macd - hist - , 
code: RGEN     day: macd - hist - , 
code: RGEN     day: macd - hist - ,  Week: macd + hist - , 
code: RGEN     day: macd - hist - ,  Week: macd + hist - , Month: macd + hist - , 
code: EXPO     day: macd - hist - , 
code: EXPO     day: macd - hist - ,  Week: macd - hist - , 
code: EXPO     day: macd - hist - ,  Week: macd - hist - , Month: macd + hist - , 
code: BCPC     day: macd - hist - , 
code: BCPC     day: macd - hist - ,  Week: macd - hist - , 
code: BCPC     day: macd - hist - ,  Week: macd - hist - , Month: macd + hist - , 
code: SOXL     day: macd - hist - , 
code: SOXL     day: macd - hist - ,  Week: macd - hist - , 
code: SOXL     day: macd - hist - ,  Week: macd - hist - , Month: macd - hist - , 
code: TECL     day: macd - hist - , 
code: TECL     day: macd - hist - ,  Week: macd - hist - , 
code: TECL     day: macd - hist - ,  Week: macd - hist - , Month: macd - hist - , 
code: NEO      day: macd - hist - , 
code: NEO      day: macd - hist - ,  Week: macd - hist + , Month: macd - hist - , 
code: NVMI     day: macd - hist - , 
code: NVMI     day: macd - hist - ,  Week: macd - hist - , 
code: NVMI     day: macd - hist - ,  Week: macd - hist - , Month: macd + hist - , 
code: NVDA     day: macd - hist + ,  Week: macd - hist - , 
code: NVDA     day: macd - hist + ,  Week: macd - hist - , Month: macd + hist - , 
code: BBDC     day: macd - hist - , 
code: BBDC     day: macd - hist - ,  Week: macd - hist - , 
code: BBDC     day: macd - hist - ,  Week: macd - hist - , Month: macd - hist - , 
code: APPS     day: macd - hist - , 
code: APPS     day: macd - hist - ,  Week: macd - hist + , Month: macd - hist - , 
code: ROK      day: macd - hist - , 
code: ROK      day: macd - hist - ,  Week: macd - hist - , 
code: ROK      day: macd - hist - ,  Week: macd - hist - , Month: macd - hist - , 
code: NHTC     day: macd - hist - , 
code: NHTC     day: macd - hist - ,  Week: macd - hist - , 
code: NHTC     day: macd - hist - ,  Week: macd - hist - , Month: macd - hist - , 
code: ZYXI     day: macd - hist - , 
code: ZYXI     day: macd - hist - ,  Week: macd + hist - , 
code: LIT      day: macd - hist - , 
code: LIT      day: macd - hist - ,  Week: macd - hist - , 
code: LIT      day: macd - hist - ,  Week: macd - hist - , Month: macd + hist - , 
code: GTLB     day: macd - hist - , 
code: GTLB     day: macd - hist - ,  Week: macd - hist - , 
code: MCD      day: macd - hist - , 
code: MCD      day: macd - hist - ,  Week: macd - hist - , 
code: MCD      day: macd - hist - ,  Week: macd - hist - , Month: macd + hist - , 
code: MSI      day: macd - hist - , 
code: MSI      day: macd - hist - ,  Week: macd + hist - , 
code: MSI      day: macd - hist - ,  Week: macd + hist - , Month: macd + hist - , 
code: ON       day: macd - hist - , 
code: ON       day: macd - hist - ,  Week: macd + hist - , 
===========================
profit
===========================
==== plus ====
NXST , macd -, macd hist -, profit:   [6.82], per:    [4.2], now: [169.32], buy:  [162.5]
RGEN , macd -, macd hist -, profit:   [5.79], per:   [3.22], now: [185.45], buy: [179.66]
ZYXI , macd -, macd hist -, profit:   [2.87], per:  [45.13], now:   [9.23], buy:   [6.36]
LLY  , macd +, macd hist +, profit:  [63.83], per:  [23.55], now: [334.83], buy:   [271.]
ON   , macd -, macd hist -, profit:   [4.81], per:   [8.04], now:  [64.67], buy:  [59.86]
-
     plus  len:  5
     profit:  [84.12], per:  [84.13], per/len(p):  [16.83], per/len(p+m):   [2.27]
-
==== minus ====
AAPL , macd -, macd hist -, profit:       [], per:       [], now: [146.77], buy:       []
EL   , macd -, macd hist -, profit: [-113.79], per: [-33.49], now: [225.96], buy: [339.75]
NEE  , macd -, macd hist -, profit:  [-3.07], per:   [-3.6], now:  [82.26], buy:  [85.33]
AMD  , macd -, macd hist -, profit: [-52.45], per: [-43.62], now:  [67.78], buy: [120.23]
APH  , macd -, macd hist -, profit:       [], per:       [], now:  [68.28], buy:       []
XLP  , macd -, macd hist -, profit:  [-4.22], per:  [-5.81], now:  [68.36], buy:  [72.58]
SPXL , macd -, macd hist -, profit:  [-72.7], per: [-55.82], now:  [57.53], buy: [130.23]
KEYS , macd -, macd hist -, profit: [-29.64], per: [-15.93], now: [156.42], buy: [186.06]
VDC  , macd -, macd hist -, profit: [-13.78], per:  [-7.27], now: [175.75], buy: [189.53]
SPTM , macd -, macd hist -, profit: [-11.58], per: [-20.46], now:  [45.01], buy:  [56.58]
SPLG , macd -, macd hist -, profit: [-11.03], per: [-20.43], now:  [42.96], buy:  [53.99]
CROX , macd -, macd hist -, profit: [-107.14], per: [-60.39], now:  [70.28], buy: [177.42]
AXON , macd -, macd hist -, profit: [-24.32], per:  [-17.6], now: [113.83], buy: [138.15]
AWR  , macd -, macd hist -, profit:       [], per:       [], now:  [81.35], buy:       []
FN   , macd -, macd hist -, profit: [-22.09], per:  [-18.9], now:  [94.77], buy: [116.86]
TREX , macd -, macd hist +, profit: [-24.15], per:  [-34.5], now:  [45.85], buy:    [70.]
EXPO , macd -, macd hist -, profit: [-13.09], per: [-12.95], now:  [88.02], buy: [101.11]
BCPC , macd -, macd hist -, profit: [-16.63], per: [-12.13], now: [120.45], buy: [137.08]
SOXL , macd -, macd hist -, profit:  [-32.2], per: [-76.51], now:   [9.89], buy:  [42.09]
TECL , macd -, macd hist -, profit: [-37.17], per:  [-61.2], now:  [23.57], buy:  [60.74]
NEO  , macd -, macd hist -, profit:  [-9.14], per: [-51.23], now:    [8.7], buy:  [17.84]
NVMI , macd -, macd hist -, profit: [-26.19], per: [-22.84], now:  [88.46], buy: [114.65]
NVDA , macd -, macd hist +, profit: [-129.41], per: [-50.62], now: [126.26], buy: [255.67]
BBDC , macd -, macd hist -, profit:  [-2.04], per: [-19.25], now:   [8.56], buy:   [10.6]
APPS , macd -, macd hist -, profit: [-28.71], per: [-65.74], now:  [14.96], buy:  [43.67]
ROK  , macd -, macd hist -, profit: [-128.44], per: [-37.57], now: [213.46], buy: [341.89]
NHTC , macd -, macd hist -, profit:  [-3.29], per: [-45.89], now:   [3.88], buy:   [7.17]
LIT  , macd -, macd hist -, profit: [-24.29], per: [-26.43], now:  [67.62], buy:  [91.91]
GTLB , macd -, macd hist -, profit:  [-2.02], per:  [-3.83], now:  [50.74], buy:  [52.76]
MCD  , macd -, macd hist -, profit: [-18.16], per:  [-7.16], now:  [235.3], buy: [253.46]
MSI  , macd -, macd hist -, profit: [-23.43], per:  [-9.32], now: [227.98], buy: [251.41]
HCP  , macd -, macd hist +, profit: [-22.78], per: [-41.95], now:  [31.52], buy:   [54.3]
-
     minus len:  32
     profit:       [], per:       [], per/len(m):       [], per/len(p+m):       []
-
==== total ====
     profit:       [], per:       [], per/len(p+m):       []
arg[0]: scraping/yahoo-finace-api2.py, arg[1]: stock-code-list/up-month.txt
===========================
scraping
===========================
START:  A
END:    0.36721062660217285
-
START:  AAON
END:    0.6906712055206299
-
START:  AAPL
END:    1.0523481369018555
-
START:  ABG
END:    1.3538200855255127
-
START:  ABT
END:    1.750246286392212
-
START:  ACLS
END:    2.015021324157715
-
START:  ACMR
END:    2.1409213542938232
-
START:  ACN
END:    2.456861734390259
-
START:  ADBE
END:    2.760807752609253
-
START:  ADI
END:    3.074631929397583
-
START:  ADP
END:    3.5040016174316406
-
START:  ADSK
END:    3.8318724632263184
-
START:  ADUS
END:    4.04071569442749
-
START:  AEE
END:    4.371737003326416
-
START:  AGYS
END:    4.705041408538818
-
START:  AIZ
END:    5.022915840148926
-
START:  AJG
END:    5.368719100952148
-
START:  AJRD
END:    5.696111440658569
-
START:  ALB
END:    6.053375244140625
-
START:  ALG
END:    7.368144750595093
-
START:  ALGN
END:    7.650563716888428
-
START:  ALLE
END:    7.8126747608184814
-
START:  ALTR
END:    8.946369409561157
-
START:  AMAT
END:    9.24436330795288
-
START:  AMBA
END:    10.45387077331543
-
START:  AMD
END:    11.767032146453857
-
START:  AME
END:    12.118916273117065
-
START:  AMED
END:    12.402806520462036
-
START:  AMEH
END:    12.68701696395874
-
START:  AMGN
END:    12.99720048904419
-
START:  AMN
END:    13.327210664749146
-
START:  AMP
END:    13.59696912765503
-
START:  AMRC
END:    13.809146165847778
-
START:  AMSWA
END:    14.14500117301941
-
START:  AMTX
END:    14.3632173538208
-
START:  AMZN
END:    15.68700122833252
-
START:  AN
END:    15.975241661071777
-
START:  ANSS
END:    16.25713872909546
-
START:  ANTM
Not Found: No data found, symbol may be delisted
START:  AON
END:    16.66354012489319
-
START:  AOSL
END:    16.879668712615967
-
START:  APD
END:    17.2434823513031
-
START:  APH
END:    17.543647289276123
-
START:  APPF
END:    18.699100732803345
-
START:  APPN
END:    18.82352042198181
-
START:  APPS
END:    20.06941294670105
-
START:  AQN
END:    20.277338981628418
-
START:  ARCB
END:    20.618319749832153
-
START:  ARCT
END:    20.806767225265503
-
START:  ARES
END:    20.99130916595459
-
START:  ARGX
END:    21.12651228904724
-
START:  ARWR
END:    21.396885633468628
-
START:  ASML
END:    21.699857711791992
-
START:  ASPN
END:    21.849626064300537
-
START:  ATEC
END:    22.06818175315857
-
START:  ATEN
END:    22.238752603530884
-
START:  ATKR
END:    22.382358074188232
-
START:  ATOM
END:    22.5162034034729
-
START:  ATR
END:    22.871923446655273
-
START:  ATRC
END:    24.144320964813232
-
START:  AUDC
END:    24.430739879608154
-
START:  AUPH
END:    25.58492374420166
-
START:  AVAV
END:    26.874622344970703
-
START:  AVGO
END:    27.11636710166931
-
START:  AVID
END:    27.399878978729248
-
START:  AVNW
END:    28.742872714996338
-
START:  AVXL
END:    28.989410400390625
-
START:  AVY
END:    29.413851261138916
-
START:  AWK
END:    29.697590351104736
-
START:  AWR
END:    30.06981587409973
-
START:  AXON
END:    30.334914445877075
-
START:  AZO
END:    30.597269296646118
-
START:  AZPN
END:    30.878191709518433
-
START:  BAH
END:    31.113778114318848
-
START:  BAM
END:    32.520411252975464
-
START:  BAX
END:    33.87311601638794
-
START:  BBH
END:    34.19149994850159
-
START:  BBQ
END:    35.482685804367065
-
START:  BBY
END:    35.81276249885559
-
START:  BCPC
END:    36.122446060180664
-
START:  BDX
END:    36.48425340652466
-
START:  BEEM
END:    36.67689776420593
-
START:  BFAM
END:    36.85130858421326
-
START:  BFC
END:    37.110899209976196
-
START:  BGFV
END:    37.47475624084473
-
START:  BGNE
END:    37.62100386619568
-
START:  BHVN
END:    38.77414321899414
-
START:  BIO
END:    39.05359363555908
-
START:  BL
END:    39.196876764297485
-
START:  BLD
END:    39.334219217300415
-
START:  BLDP
END:    39.60870432853699
-
START:  BLDR
END:    40.86494827270508
-
START:  BLFS
END:    42.14336919784546
-
START:  BLK
END:    42.49447321891785
-
START:  BLL
Not Found: No data found, symbol may be delisted
START:  BLNK
END:    42.70913314819336
-
START:  BMI
END:    44.0863733291626
-
START:  BOOT
END:    44.250213623046875
-
START:  BOTZ
END:    44.39262628555298
-
START:  BR
END:    45.656208515167236
-
START:  BRKR
END:    45.96521878242493
-
START:  BRKS
Not Found: No data found, symbol may be delisted
START:  BRO
END:    46.377410888671875
-
START:  BURL
END:    47.569865226745605
-
START:  BX
END:    47.855727434158325
-
START:  CABO
END:    49.32539463043213
-
START:  CACI
END:    49.60051226615906
-
START:  CALX
END:    49.79259014129639
-
START:  CAMT
END:    51.12096643447876
-
START:  CAR
END:    52.478200912475586
-
START:  CBRE
END:    52.72430419921875
-
START:  CBSH
END:    53.08478260040283
-
START:  CBZ
END:    54.37123942375183
-
START:  CCOI
END:    54.68769454956055
-
START:  CCS
END:    54.8319354057312
-
START:  CDMO
END:    56.14900541305542
-
START:  CDNA
END:    56.31242489814758
-
START:  CDNS
END:    57.6170871257782
-
START:  CDW
END:    57.79986619949341
-
START:  CELH
END:    59.03631663322449
-
START:  CGNX
END:    59.339704513549805
-
START:  CHD
END:    59.68118667602539
-
START:  CHDN
END:    61.00544619560242
-
START:  CHE
END:    61.35495567321777
-
START:  CHGG
END:    61.52971863746643
-
START:  CHH
END:    61.828953981399536
-
START:  CHKP
END:    63.13725209236145
-
START:  CHTR
END:    63.35135293006897
-
START:  CIEN
END:    64.66424012184143
-
START:  CLAR
END:    64.94187712669373
-
START:  CLFD
END:    66.21344041824341
-
START:  CLGN
END:    66.33837532997131
-
START:  CLNE
END:    67.58520317077637
-
START:  CLPT
END:    67.75016188621521
-
START:  CLX
END:    68.09463214874268
-
START:  CMCSA
END:    68.42293691635132
-
START:  CMG
END:    68.67452669143677
-
START:  CMS
END:    70.03891277313232
-
START:  CNC
END:    70.3301317691803
-
START:  CNI
END:    70.64066052436829
-
START:  CNMD
END:    70.96862888336182
-
START:  CNS
END:    71.26252698898315
-
START:  CNXN
END:    71.62102317810059
-
START:  COO
END:    72.02195858955383
-
START:  COST
END:    73.3622989654541
-
START:  COUP
END:    74.53401231765747
-
START:  COWN
END:    74.78742575645447
-
START:  CP
END:    75.16081404685974
-
START:  CPK
END:    75.50832557678223
-
START:  CPRT
END:    75.81196403503418
-
START:  CPSH
END:    76.06648850440979
-
START:  CRAI
END:    77.38197135925293
-
START:  CREE
Not Found: No data found, symbol may be delisted
START:  CRL
END:    78.72966051101685
-
START:  CRM
END:    78.99230527877808
-
START:  CRMT
END:    80.31285786628723
-
START:  CROX
END:    81.56592202186584
-
START:  CRSP
END:    81.69204950332642
-
START:  CRVL
END:    82.01370358467102
-
START:  CSGP
END:    82.32718873023987
-
START:  CSL
END:    82.69458889961243
-
START:  CSWI
END:    82.84176826477051
-
START:  CSX
END:    83.44126963615417
-
START:  CTAS
END:    83.77079820632935
-
START:  CTLT
END:    83.97120189666748
-
START:  CTRN
END:    84.22312355041504
-
START:  CURE
END:    85.50034499168396
-
START:  CVCO
END:    85.80143570899963
-
START:  CVNA
END:    85.92865419387817
-
START:  CWST
END:    86.21977162361145
-
START:  CWT
END:    86.6093077659607
-
START:  CXSE
END:    86.80158734321594
-
START:  CYBR
END:    87.01796674728394
-
START:  CYRX
END:    88.26892185211182
-
START:  CYTK
END:    88.54567193984985
-
START:  DAC
END:    88.78955793380737
-
START:  DAR
END:    89.05836606025696
-
START:  DAVA
END:    90.19764685630798
-
START:  DDS
END:    90.53775978088379
-
START:  DE
END:    90.88300061225891
-
START:  DECK
END:    91.1662335395813
-
START:  DELL
END:    91.29489946365356
-
START:  DFIN
END:    92.42767667770386
-
START:  DG
END:    92.65597367286682
-
START:  DGRW
END:    92.84118056297302
-
START:  DHI
END:    93.17647051811218
-
START:  DHR
END:    93.53288865089417
-
START:  DIA
END:    94.90587997436523
-
START:  DIOD
END:    95.25769257545471
-
START:  DIS
END:    95.63350319862366
-
START:  DKS
END:    97.04631662368774
-
START:  DLN
END:    97.3261239528656
-
START:  DNLI
END:    97.44096803665161
-
START:  DOMO
END:    97.55218505859375
-
START:  DOV
END:    97.92475438117981
-
START:  DPZ
END:    98.23407411575317
-
START:  DQ
END:    98.46843409538269
-
START:  DRD
END:    98.75925254821777
-
START:  DRIO
END:    98.89235186576843
-
START:  DRNA
Not Found: No data found, symbol may be delisted
START:  DSGX
END:    99.2089741230011
-
START:  DVAX
END:    99.472904920578
-
START:  DXCM
END:    99.72505617141724
-
START:  ECL
END:    100.08220100402832
-
START:  EFX
END:    100.44773030281067
-
START:  EGAN
END:    101.74840068817139
-
START:  EHC
END:    102.05793476104736
-
START:  EL
END:    102.3774824142456
-
START:  ENPH
END:    102.5705018043518
-
START:  ENSG
END:    103.84472274780273
-
START:  ENTG
END:    104.13747215270996
-
START:  ENV
END:    105.34968852996826
-
START:  EPAM
END:    105.54306483268738
-
START:  ERIE
END:    105.8819727897644
-
START:  ES
END:    106.28746008872986
-
START:  ESE
END:    106.59877943992615
-
START:  ETN
END:    106.97251915931702
-
START:  ETSY
END:    107.13955807685852
-
START:  EVBG
END:    107.26280617713928
-
START:  EVTC
END:    108.47630882263184
-
START:  EW
END:    108.75739693641663
-
START:  EWT
END:    109.07106041908264
-
START:  EXAS
END:    109.36603212356567
-
START:  EXLS
END:    110.63589143753052
-
START:  EXPD
END:    111.9706437587738
-
START:  EXPI
END:    112.06924295425415
-
START:  EXPO
END:    112.36096429824829
-
START:  FAST
END:    112.70684599876404
-
START:  FATE
END:    112.86917781829834
-
START:  FB
Not Found: No data found, symbol may be delisted
START:  FCN
END:    113.2470645904541
-
START:  FCX
END:    113.58657956123352
-
START:  FDN
END:    113.84420394897461
-
START:  FDS
END:    115.18826150894165
-
START:  FELE
END:    115.57696914672852
-
START:  FFIN
END:    115.92784714698792
-
START:  FICO
END:    117.28938913345337
-
START:  FINX
END:    117.43198657035828
-
START:  FIS
END:    117.75788974761963
-
START:  FISV
END:    119.04733490943909
-
START:  FIVE
END:    119.23707103729248
-
START:  FIVN
END:    119.40164351463318
-
START:  FLGT
END:    119.53239345550537
-
START:  FLT
END:    119.7776734828949
-
START:  FLWS
END:    120.06660723686218
-
START:  FN
END:    120.24431300163269
-
START:  FND
END:    120.44157791137695
-
START:  FNV
END:    121.70986533164978
-
START:  FORM
END:    121.98216676712036
-
START:  FOXF
END:    122.1564269065857
-
START:  FPX
END:    122.52210140228271
-
START:  FRC
END:    123.77701330184937
-
START:  FRHC
END:    123.89147734642029
-
START:  FRPT
END:    124.04900979995728
-
START:  FSS
END:    124.37927651405334
-
START:  FTNT
END:    125.60745072364807
-
START:  FUV
END:    125.73188996315002
-
START:  GDEN
END:    126.00168943405151
-
START:  GFI
END:    129.38632321357727
-
START:  GGG
END:    129.7313950061798
-
START:  GIB
END:    130.00630164146423
-
START:  GLDD
END:    130.24493622779846
-
START:  GLOB
END:    130.394513130188
-
START:  GMAB
END:    130.60098361968994
-
START:  GME
END:    130.87283635139465
-
START:  GMED
END:    132.054749250412
-
START:  GNRC
END:    132.24506521224976
-
START:  GNSS
END:    132.54605221748352
-
START:  GNTX
END:    132.84258890151978
-
START:  GOLF
END:    132.9698474407196
-
START:  GOOG
END:    133.2341492176056
-
START:  GOOGL
END:    133.5245382785797
-
START:  GPI
END:    133.84486842155457
-
START:  GPN
END:    134.17894220352173
-
START:  GRBK
END:    134.42436122894287
-
START:  GRMN
END:    134.75045800209045
-
START:  GRVY
END:    135.00354528427124
-
START:  GRWG
END:    135.11495566368103
-
START:  GWRE
END:    136.3395938873291
-
START:  HACK
END:    136.51899075508118
-
START:  HALO
END:    136.76092743873596
-
START:  HCI
END:    136.98838138580322
-
START:  HD
END:    137.33447289466858
-
START:  HEI
END:    137.67579007148743
-
START:  HELE
END:    138.95618963241577
-
START:  HIBB
END:    139.25650930404663
-
START:  HLI
END:    139.39254236221313
-
START:  HLT
END:    139.57721376419067
-
START:  HOLX
END:    139.86734867095947
-
START:  HON
END:    140.29162406921387
-
START:  HOV
END:    140.5707983970642
-
START:  HRC
Not Found: No data found, symbol may be delisted
START:  HRI
END:    140.89180493354797
-
START:  HSKA
END:    141.17417430877686
-
START:  HTHT
END:    141.40605998039246
-
START:  HUBS
END:    141.57269597053528
-
START:  HUM
END:    141.91544842720032
-
START:  HZNP
END:    142.09955525398254
-
START:  IAC
END:    143.44251656532288
-
START:  IBP
END:    143.67756247520447
-
START:  ICE
END:    143.94428753852844
-
START:  ICLN
END:    144.1649193763733
-
START:  ICLR
END:    145.5090093612671
-
START:  IDT
END:    145.82950401306152
-
START:  IDXX
END:    146.10847640037537
-
START:  IESC
END:    146.38255143165588
-
START:  IEX
END:    146.71887111663818
-
START:  ILMN
END:    148.03000903129578
-
START:  INFO
Not Found: No data found, symbol may be delisted
START:  INOV
Not Found: No data found, symbol may be delisted
START:  INSP
END:    148.2715232372284
-
START:  INTC
END:    148.5808162689209
-
START:  INTU
END:    148.90465426445007
-
START:  INTZ
END:    150.18330264091492
-
START:  INVE
END:    150.47803783416748
-
START:  IOO
END:    150.79449200630188
-
START:  IQV
END:    150.97819256782532
-
START:  IRDM
END:    152.22425031661987
-
START:  IRMD
END:    153.40617871284485
-
START:  ISEE
END:    153.5733380317688
-
START:  ISRG
END:    154.8994643688202
-
START:  IT
END:    155.1967010498047
-
START:  ITT
END:    155.52486276626587
-
START:  ITW
END:    156.8854832649231
-
START:  IVOG
END:    157.1458671092987
-
START:  IVV
END:    157.4554693698883
-
START:  IXJ
END:    157.7964735031128
-
START:  IXN
END:    159.1121335029602
-
START:  J
END:    159.37580633163452
-
START:  JBL
END:    159.69388484954834
-
START:  JBSS
END:    160.00945782661438
-
START:  JD
END:    160.17244863510132
-
START:  JKHY
END:    160.5236053466797
-
START:  JKS
END:    160.7406816482544
-
START:  JNJ
END:    162.13585829734802
-
START:  JOE
END:    162.4866223335266
-
START:  JOUT
END:    162.8478548526764
-
START:  JYNT
END:    163.00502181053162
-
START:  KAI
END:    164.33580923080444
-
START:  KBH
END:    164.69461488723755
-
START:  KBR
END:    164.952556848526
-
START:  KDMN
Not Found: No data found, symbol may be delisted
START:  KEYS
END:    165.1897943019867
-
START:  KLAC
END:    165.51782631874084
-
START:  KLIC
END:    166.81680250167847
-
START:  KMX
END:    167.08911681175232
-
START:  KNSL
END:    167.23700213432312
-
START:  KOPN
END:    167.52912831306458
-
START:  KOSS
END:    167.83534145355225
-
START:  KRNT
END:    169.00594282150269
-
START:  KSU
Not Found: No data found, symbol may be delisted
START:  KTOS
END:    169.38251376152039
-
START:  LAC
END:    169.60799908638
-
START:  LAD
END:    170.9263391494751
-
START:  LANC
END:    171.26183319091797
-
START:  LAWS
Not Found: No data found, symbol may be delisted
START:  LDOS
END:    171.66294956207275
-
START:  LFMD
END:    171.87603378295898
-
START:  LGIH
END:    172.03436613082886
-
START:  LH
END:    172.36444640159607
-
START:  LHCG
END:    172.62580347061157
-
START:  LHX
END:    174.0570867061615
-
START:  LII
END:    174.37771129608154
-
START:  LIN
END:    174.6933515071869
-
START:  LINC
END:    175.96090936660767
-
START:  LIT
END:    176.17905950546265
-
START:  LLY
END:    176.52500653266907
-
START:  LMT
END:    176.88583517074585
-
START:  LNT
END:    177.28302216529846
-
START:  LOB
END:    178.453186750412
-
START:  LOGI
END:    178.75024223327637
-
START:  LOVE
END:    178.87387347221375
-
START:  LOW
END:    179.2318422794342
-
START:  LPLA
END:    179.46101665496826
-
START:  LPSN
END:    180.76376461982727
-
START:  LQDT
END:    180.99215984344482
-
START:  LRCX
END:    181.30667901039124
-
START:  LSCC
END:    181.5865616798401
-
START:  LSTR
END:    181.87133646011353
-
START:  LULU
END:    185.11806297302246
-
START:  LUNA
END:    185.35446691513062
-
START:  MA
END:    185.62956070899963
-
START:  MANH
END:    185.92525577545166
-
START:  MANT
END:    186.24082922935486
-
START:  MARA
END:    187.4855432510376
-
START:  MASI
END:    187.71125149726868
-
START:  MATX
END:    188.0524456501007
-
START:  MBUU
END:    188.21933960914612
-
START:  MCD
END:    188.57538414001465
-
START:  MCHP
END:    188.89435648918152
-
START:  MCO
END:    189.2092888355255
-
START:  MDB
END:    189.31741166114807
-
START:  MDT
END:    189.64730834960938
-
START:  MEDP
END:    189.7811632156372
-
START:  MEDS
END:    189.93270635604858
-
START:  MELI
END:    190.26010918617249
-
START:  MGC
END:    190.51986289024353
-
START:  MGIC
END:    190.82987642288208
-
START:  MGK
END:    192.05317664146423
-
START:  MGNI
END:    192.1991937160492
-
START:  MHO
END:    192.50565695762634
-
START:  MIME
Not Found: No data found, symbol may be delisted
START:  MITK
END:    192.8375494480133
-
START:  MKC
END:    194.19586277008057
-
START:  MKSI
END:    194.61542344093323
-
START:  MKTX
END:    194.90164613723755
-
START:  MLAB
END:    195.22326850891113
-
START:  MLR
END:    195.5805172920227
-
START:  MMC
END:    195.9914493560791
-
START:  MMS
END:    196.3074026107788
-
START:  MNMD
END:    196.43350291252136
-
START:  MNST
END:    196.7234766483307
-
START:  MODN
END:    196.89502048492432
-
START:  MODV
END:    197.17887902259827
-
START:  MOH
END:    197.50340008735657
-
START:  MORN
END:    197.76387429237366
-
START:  MPWR
END:    198.0422956943512
-
START:  MRTX
END:    199.23583674430847
-
START:  MRVL
END:    199.55218744277954
-
START:  MS
END:    199.88660264015198
-
START:  MSA
END:    201.311772108078
-
START:  MSCI
END:    201.5439805984497
-
START:  MSEX
END:    201.89629459381104
-
START:  MSFT
END:    202.2377326488495
-
START:  MSI
END:    202.5954008102417
-
START:  MSTR
END:    202.8567852973938
-
START:  MTBC
END:    203.02253413200378
-
START:  MTCH
END:    203.38331985473633
-
START:  MTD
END:    204.7160885334015
-
START:  MTEX
END:    205.01030373573303
-
START:  MTH
END:    205.3137650489807
-
START:  MTLS
END:    205.4940791130066
-
START:  MTSI
END:    205.68008828163147
-
START:  MU
END:    206.01179337501526
-
START:  MUSA
END:    206.2321379184723
-
START:  MVIS
END:    206.51712274551392
-
START:  MXL
END:    206.7281310558319
-
START:  MYRG
END:    206.9550552368164
-
START:  NBIX
END:    208.25278663635254
-
START:  NCBS
Not Found: No data found, symbol may be delisted
START:  NDAQ
END:    208.60334706306458
-
START:  NDSN
END:    208.98098134994507
-
START:  NEE
END:    209.35896968841553
-
START:  NEO
END:    209.61463737487793
-
START:  NEOG
END:    209.90627241134644
-
START:  NFLX
END:    210.191486120224
-
START:  NICE
END:    210.48730969429016
-
START:  NISN
END:    211.64040112495422
-
START:  NKE
END:    211.97575521469116
-
START:  NOVT
END:    212.2545509338379
-
START:  NOW
END:    212.43994307518005
-
START:  NSC
END:    212.79052209854126
-
START:  NSIT
END:    213.08503413200378
-
START:  NSSC
END:    213.36879301071167
-
START:  NSTG
END:    213.5427224636078
-
START:  NTLA
END:    213.75361323356628
-
START:  NTRA
END:    213.90022563934326
-
START:  NUAN
END:    215.19886946678162
-
START:  NVCR
END:    215.3725016117096
-
START:  NVDA
END:    216.68111038208008
-
START:  NVMI
END:    216.9644410610199
-
START:  NVO
END:    217.29962873458862
-
START:  NVR
END:    217.58926939964294
-
START:  NXST
END:    217.8820402622223
-
START:  NYT
END:    218.20279240608215
-
START:  OBCI
END:    219.53419303894043
-
START:  ODFL
END:    219.81939840316772
-
START:  OEF
END:    220.15395641326904
-
START:  OFLX
END:    220.42105102539062
-
START:  OLED
END:    220.72027492523193
-
START:  OMCL
END:    222.04668426513672
-
START:  ON
END:    223.34283304214478
-
START:  OOMA
END:    223.4835650920868
-
START:  OPRX
END:    223.7122745513916
-
START:  ORA
END:    223.99448776245117
-
START:  ORCL
END:    224.3314905166626
-
START:  ORLY
END:    224.61246180534363
-
START:  ORMP
END:    224.82922863960266
-
START:  OTEX
END:    225.12597465515137
-
START:  PACB
END:    226.36055970191956
-
START:  PAG
END:    226.7099323272705
-
START:  PANW
END:    226.9132685661316
-
START:  PAR
END:    227.20032048225403
-
START:  PAYC
END:    227.5200798511505
-
START:  PAYX
END:    227.8498363494873
-
START:  PBD
END:    228.09216976165771
-
START:  PCTY
END:    228.25425601005554
-
START:  PEGA
END:    228.5793972015381
-
START:  PEN
END:    228.73021745681763
-
START:  PENN
END:    230.04874634742737
-
START:  PEP
END:    230.38584661483765
-
START:  PERI
END:    230.64461946487427
-
START:  PFSI
END:    230.8105766773224
-
START:  PGR
END:    231.1496090888977
-
START:  PH
END:    231.4986503124237
-
START:  PHM
END:    231.8766951560974
-
START:  PKI
END:    232.2031762599945
-
START:  PLL
END:    232.32631039619446
-
START:  PLNT
END:    232.46104645729065
-
START:  PLUG
END:    232.75857496261597
-
START:  PLXS
END:    233.04471802711487
-
START:  PODD
END:    234.29849815368652
-
START:  POOL
END:    234.6319010257721
-
START:  POWI
END:    234.92694568634033
-
START:  PRFT
END:    235.20574855804443
-
START:  PRI
END:    235.43483448028564
-
START:  PRTA
END:    235.60171627998352
-
START:  PRTS
END:    235.84670281410217
-
START:  PTSI
END:    236.13082075119019
-
START:  PWR
END:    236.4359896183014
-
START:  PYPL
END:    237.6131842136383
-
START:  QADA
Not Found: No data found, symbol may be delisted
START:  QCLN
END:    238.9209406375885
-
START:  QDEL
END:    239.20901799201965
-
START:  QGEN
END:    239.51652812957764
-
START:  QLYS
END:    239.69629383087158
-
START:  QQQ
END:    240.0277636051178
-
START:  QRVO
END:    240.18059635162354
-
START:  QTWO
END:    240.34167671203613
-
START:  RADA
END:    240.61086416244507
-
START:  RAMP
END:    240.9098711013794
-
START:  RBA
END:    241.20427751541138
-
START:  RCII
END:    241.5052454471588
-
START:  RCKY
END:    241.81034016609192
-
START:  RDNT
END:    242.11028575897217
-
START:  RDVT
END:    243.24161505699158
-
START:  RDWR
END:    244.53193616867065
-
START:  REGI
END:    244.73596477508545
-
START:  RENN
END:    245.949068069458
-
START:  RGEN
END:    246.2276439666748
-
START:  RH
END:    246.39153265953064
-
START:  RILY
END:    246.61802411079407
-
START:  RIOT
END:    247.8329725265503
-
START:  RLI
END:    248.15701174736023
-
START:  RLMD
END:    248.31388020515442
-
START:  RMD
END:    248.59544491767883
-
START:  RNG
END:    249.79849433898926
-
START:  ROBO
END:    249.98005723953247
-
START:  ROCK
END:    250.3063132762909
-
START:  ROK
END:    250.69905924797058
-
START:  ROKU
END:    250.82280826568604
-
START:  ROL
END:    251.1843752861023
-
START:  ROP
END:    251.50984811782837
-
START:  ROST
END:    252.90261912345886
-
START:  RPD
END:    253.03298568725586
-
START:  RPM
END:    253.42315530776978
-
START:  RSG
END:    253.7698495388031
-
START:  RTH
END:    254.07831048965454
-
START:  RUN
END:    254.20985054969788
-
START:  RXI
END:    254.47608971595764
-
START:  SAIA
END:    254.77559447288513
-
START:  SAIC
END:    254.95776391029358
-
START:  SAM
END:    255.24965047836304
-
START:  SAVA
END:    256.83599066734314
-
START:  SCI
END:    258.1622986793518
-
START:  SCL
END:    258.5104296207428
-
START:  SE
END:    259.6538927555084
-
START:  SEAS
END:    259.8423008918762
-
START:  SEDG
END:    259.9815037250519
-
START:  SFBS
END:    260.15288949012756
-
START:  SGEN
END:    260.4359428882599
-
START:  SGMS
Not Found: No data found, symbol may be delisted
START:  SGRY
END:    261.6677665710449
-
START:  SHOP
END:    261.9801113605499
-
START:  SHW
END:    262.31898069381714
-
START:  SHYF
END:    263.63762497901917
-
START:  SITE
END:    264.79349517822266
-
START:  SIVB
END:    265.1202211380005
-
START:  SJW
END:    265.4828004837036
-
START:  SKY
END:    265.8517575263977
-
START:  SLAB
END:    266.1465256214142
-
START:  SLP
END:    266.44660234451294
-
START:  SMH
END:    266.7645015716553
-
START:  SMTC
END:    267.0596880912781
-
START:  SNAP
END:    267.17932510375977
-
START:  SNPS
END:    268.4988889694214
-
START:  SOCL
END:    268.70385479927063
-
START:  SOXL
END:    268.9281849861145
-
START:  SPGI
END:    269.27573251724243
-
START:  SPLG
END:    269.61725425720215
-
START:  SPLK
END:    269.78839206695557
-
START:  SPNS
END:    270.0845892429352
-
START:  SPSC
END:    270.29745411872864
-
START:  SPTM
END:    270.61987686157227
-
START:  SPWH
END:    270.8282217979431
-
START:  SPWR
END:    271.0924746990204
-
START:  SPXC
END:    271.43239879608154
-
START:  SPXL
END:    271.6739158630371
-
START:  SPY
END:    273.03789949417114
-
START:  SPYG
END:    273.37123942375183
-
START:  SQ
END:    273.5677971839905
-
START:  SSD
END:    273.91367959976196
-
START:  SSNC
END:    274.11513018608093
-
START:  SSTK
END:    274.30184030532837
-
START:  STAA
END:    275.6176977157593
-
START:  STE
END:    276.9376950263977
-
START:  SUSA
END:    277.2266788482666
-
START:  SYK
END:    277.55663228034973
-
START:  SYNA
END:    277.8485436439514
-
START:  TBBK
END:    278.09843349456787
-
START:  TBK
END:    278.2392945289612
-
START:  TDG
END:    278.5059175491333
-
START:  TDOC
END:    278.68718576431274
-
START:  TDY
END:    278.9661645889282
-
START:  TEAM
END:    280.13500928878784
-
START:  TECH
END:    280.43237257003784
-
START:  TECL
END:    280.70686745643616
-
START:  TER
END:    282.02126717567444
-
START:  TFX
END:    282.3671193122864
-
START:  TGH
END:    283.63768315315247
-
START:  TGLS
END:    283.81893372535706
-
START:  TGT
END:    284.1487765312195
-
START:  TGTX
END:    284.4135205745697
-
START:  THC
END:    285.7416968345642
-
START:  TJX
END:    286.1049573421478
-
START:  TMO
END:    286.46011447906494
-
START:  TMUS
END:    286.71375942230225
-
START:  TNDM
END:    286.8869524002075
-
START:  TNET
END:    287.0536799430847
-
START:  TPX
END:    288.3616578578949
-
START:  TREX
END:    288.6433365345001
-
START:  TRI
END:    289.03126215934753
-
START:  TRIL
Not Found: No data found, symbol may be delisted
START:  TRMB
END:    290.44916224479675
-
START:  TRNS
END:    290.7267963886261
-
START:  TROW
END:    291.1208622455597
-
START:  TRU
END:    292.2891585826874
-
START:  TRUP
END:    293.4633982181549
-
START:  TSCO
END:    293.7817509174347
-
START:  TSLA
END:    293.9949460029602
-
START:  TSM
END:    294.34155225753784
-
START:  TT
END:    295.7334716320038
-
START:  TTC
END:    296.11403918266296
-
START:  TTD
END:    296.2698714733124
-
START:  TTEC
END:    297.5870671272278
-
START:  TTEK
END:    297.88681173324585
-
START:  TTGT
END:    298.0981562137604
-
START:  TTWO
END:    298.3867115974426
-
START:  TWLO
END:    298.5302183628082
-
START:  TXN
END:    298.8854742050171
-
START:  TYL
END:    299.1804316043854
-
START:  UCTT
END:    300.45001912117004
-
START:  UFPI
END:    300.7695243358612
-
START:  UFPT
END:    301.06680178642273
-
START:  UI
END:    301.2886629104614
-
START:  UMC
END:    302.5846493244171
-
START:  UNF
END:    302.93903064727783
-
START:  UNH
END:    303.27662324905396
-
START:  UNP
END:    304.61880230903625
-
START:  UPLD
END:    304.77296209335327
-
START:  URI
END:    305.0653884410858
-
START:  V
END:    305.3370702266693
-
START:  VALU
END:    305.67406129837036
-
START:  VBK
END:    306.99025321006775
-
START:  VCEL
END:    307.2812647819519
-
START:  VCR
END:    307.6648659706116
-
START:  VCTR
END:    307.7712655067444
-
START:  VCYT
END:    308.95164370536804
-
START:  VDC
END:    309.23445534706116
-
START:  VEEV
END:    309.38968896865845
-
START:  VERU
END:    309.6853189468384
-
START:  VGT
END:    309.9820439815521
-
START:  VHT
END:    310.286203622818
-
START:  VIAV
END:    310.5807738304138
-
START:  VICR
END:    310.92272996902466
-
START:  VIG
END:    311.23560333251953
-
START:  VO
END:    311.52305245399475
-
START:  VONE
END:    311.74018239974976
-
START:  VONG
END:    311.9444055557251
-
START:  VOO
END:    312.16552567481995
-
START:  VOOG
END:    313.38796949386597
-
START:  VOOV
END:    313.6082992553711
-
START:  VOT
END:    313.8900394439697
-
START:  VPU
END:    314.21201372146606
-
START:  VRNS
END:    314.37905645370483
-
START:  VRSK
END:    314.59619402885437
-
START:  VRSN
END:    314.87594294548035
-
START:  VRTV
END:    316.06124567985535
-
START:  VSTO
END:    316.25263118743896
-
START:  VTHR
END:    316.46732115745544
-
START:  VTI
END:    316.79066228866577
-
START:  VTNR
END:    317.0709924697876
-
START:  VTWG
END:    317.2604398727417
-
START:  VUG
END:    318.61063385009766
-
START:  VV
END:    318.9645323753357
-
START:  VXF
END:    322.29688692092896
-
START:  WCN
END:    322.5975024700165
-
START:  WD
END:    322.81102085113525
-
START:  WDAY
END:    322.993852853775
-
START:  WDFC
END:    323.4217381477356
-
START:  WEC
END:    323.7946665287018
-
START:  WEN
END:    324.23299384117126
-
START:  WINA
END:    324.5251863002777
-
START:  WING
END:    324.73130464553833
-
START:  WIRE
END:    325.0301911830902
-
START:  WIX
END:    325.1859631538391
-
START:  WK
END:    325.3441233634949
-
START:  WLTW
Not Found: No data found, symbol may be delisted
START:  WM
END:    325.7057821750641
-
START:  WMS
END:    325.89150404930115
-
START:  WNS
END:    326.1434202194214
-
START:  WRB
END:    326.4790503978729
-
START:  WSC
END:    326.6303610801697
-
START:  WSM
END:    326.9557647705078
-
START:  WST
END:    327.30115127563477
-
START:  WTRG
END:    327.6298773288727
-
START:  WTS
END:    327.9632787704468
-
START:  XEL
END:    329.36881852149963
-
START:  XENE
END:    330.5456054210663
-
START:  XLK
END:    330.8922162055969
-
START:  XLNX
Not Found: No data found, symbol may be delisted
START:  XLP
END:    331.2655634880066
-
START:  XLRN
Not Found: No data found, symbol may be delisted
START:  XLU
END:    331.61950612068176
-
START:  XLV
END:    331.9553687572479
-
START:  XLY
END:    332.39127588272095
-
START:  XYL
END:    332.59462237358093
-
START:  YNDX
END:    332.8294355869293
-
START:  YORW
END:    333.19959831237793
-
START:  YUM
END:    333.5314061641693
-
START:  Z
END:    333.69162821769714
-
START:  ZBRA
END:    334.0197706222534
-
START:  ZEN
END:    334.22157073020935
-
START:  ZLAB
END:    334.3848488330841
-
START:  ZNGA
Not Found: No data found, symbol may be delisted
START:  ZS
END:    334.5772612094879
-
START:  ZTS
END:    334.75370359420776
-
START:  ZYXI
END:    335.03231382369995
-
===========================
MACD golden cross
===========================
START:  code
START:  A
START:  AAON
START:  AAPL
START:  ABG
START:  ABT
START:  ACLS
START:  ACMR
START:  ACN
START:  ADBE
START:  ADI
START:  ADP
START:  ADSK
START:  ADUS
START:  AEE
START:  AGYS
START:  AIZ
START:  AJG
START:  AJRD
START:  ALB
START:  ALG
START:  ALGN
START:  ALLE
START:  ALTR
START:  AMAT
START:  AMBA
START:  AMD
START:  AME
START:  AMED
START:  AMEH
START:  AMGN
START:  AMN
START:  AMP
START:  AMRC
START:  AMSWA
START:  AMTX
START:  AMZN
START:  AN
START:  ANSS
START:  ANTM
START:  AON
START:  AOSL
START:  APD
START:  APH
START:  APPF
START:  APPN
START:  APPS
START:  AQN
START:  ARCB
START:  ARCT
START:  ARES
START:  ARGX
START:  ARWR
START:  ASML
START:  ASPN
START:  ATEC
START:  ATEN
START:  ATKR
START:  ATOM
START:  ATR
START:  ATRC
START:  AUDC
START:  AUPH
START:  AVAV
START:  AVGO
START:  AVID
START:  AVNW
START:  AVXL
START:  AVY
START:  AWK
START:  AWR
START:  AXON
START:  AZO
START:  AZPN
START:  BAH
START:  BAM
START:  BAX
START:  BBH
START:  BBQ
START:  BBY
START:  BCPC
START:  BDX
START:  BEEM
START:  BFAM
START:  BFC
START:  BGFV
START:  BGNE
START:  BHVN
START:  BIO
START:  BL
START:  BLD
START:  BLDP
START:  BLDR
START:  BLFS
START:  BLK
START:  BLL
START:  BLNK
START:  BMI
START:  BOOT
START:  BOTZ
START:  BR
START:  BRKR
START:  BRKS
START:  BRO
START:  BURL
START:  BX
START:  CABO
START:  CACI
START:  CALX
START:  CAMT
START:  CAR
START:  CBRE
START:  CBSH
START:  CBZ
START:  CCOI
START:  CCS
START:  CDMO
START:  CDNA
START:  CDNS
START:  CDW
START:  CELH
START:  CGNX
START:  CHD
START:  CHDN
START:  CHE
START:  CHGG
START:  CHH
START:  CHKP
START:  CHTR
START:  CIEN
START:  CLAR
START:  CLFD
START:  CLGN
START:  CLNE
START:  CLPT
START:  CLX
START:  CMCSA
START:  CMG
START:  CMS
START:  CNC
START:  CNI
START:  CNMD
START:  CNS
START:  CNXN
START:  COO
START:  COST
START:  COUP
START:  COWN
START:  CP
START:  CPK
START:  CPRT
START:  CPSH
START:  CRAI
START:  CREE
START:  CRL
START:  CRM
START:  CRMT
START:  CROX
START:  CRSP
START:  CRVL
START:  CSGP
START:  CSL
START:  CSWI
START:  CSX
START:  CTAS
START:  CTLT
START:  CTRN
START:  CURE
START:  CVCO
START:  CVNA
START:  CWST
START:  CWT
START:  CXSE
START:  CYBR
START:  CYRX
START:  CYTK
START:  DAC
START:  DAR
START:  DAVA
START:  DDS
START:  DE
START:  DECK
START:  DELL
START:  DFIN
START:  DG
START:  DGRW
START:  DHI
START:  DHR
START:  DIA
START:  DIOD
START:  DIS
START:  DKS
START:  DLN
START:  DNLI
START:  DOMO
START:  DOV
START:  DPZ
START:  DQ
START:  DRD
START:  DRIO
START:  DRNA
START:  DSGX
START:  DVAX
START:  DXCM
START:  ECL
START:  EFX
START:  EGAN
START:  EHC
START:  EL
START:  ENPH
START:  ENSG
START:  ENTG
START:  ENV
START:  EPAM
START:  ERIE
START:  ES
START:  ESE
START:  ETN
START:  ETSY
START:  EVBG
START:  EVTC
START:  EW
START:  EWT
START:  EXAS
START:  EXLS
START:  EXPD
START:  EXPI
START:  EXPO
START:  FAST
START:  FATE
START:  FB
START:  FCN
START:  FCX
START:  FDN
START:  FDS
START:  FELE
START:  FFIN
START:  FICO
START:  FINX
START:  FIS
START:  FISV
START:  FIVE
START:  FIVN
START:  FLGT
START:  FLT
START:  FLWS
START:  FN
START:  FND
START:  FNV
START:  FORM
START:  FOXF
START:  FPX
START:  FRC
START:  FRHC
START:  FRPT
START:  FSS
START:  FTNT
START:  FUV
START:  GDEN
START:  GFI
START:  GGG
START:  GIB
START:  GLDD
START:  GLOB
START:  GMAB
START:  GME
START:  GMED
START:  GNRC
START:  GNSS
START:  GNTX
START:  GOLF
START:  GOOG
START:  GOOGL
START:  GPI
START:  GPN
START:  GRBK
START:  GRMN
START:  GRVY
START:  GRWG
START:  GWRE
START:  HACK
START:  HALO
START:  HCI
START:  HD
START:  HEI
START:  HELE
START:  HIBB
START:  HLI
START:  HLT
START:  HOLX
START:  HON
START:  HOV
START:  HRC
START:  HRI
START:  HSKA
START:  HTHT
START:  HUBS
START:  HUM
START:  HZNP
START:  IAC
START:  IBP
START:  ICE
START:  ICLN
START:  ICLR
START:  IDT
START:  IDXX
START:  IESC
START:  IEX
START:  ILMN
START:  INFO
START:  INOV
START:  INSP
START:  INTC
START:  INTU
START:  INTZ
START:  INVE
START:  IOO
START:  IQV
START:  IRDM
START:  IRMD
START:  ISEE
START:  ISRG
START:  IT
START:  ITT
START:  ITW
START:  IVOG
START:  IVV
START:  IXJ
START:  IXN
START:  J
START:  JBL
START:  JBSS
START:  JD
START:  JKHY
START:  JKS
START:  JNJ
START:  JOE
START:  JOUT
START:  JYNT
START:  KAI
START:  KBH
START:  KBR
START:  KDMN
START:  KEYS
START:  KLAC
START:  KLIC
START:  KMX
START:  KNSL
START:  KOPN
START:  KOSS
START:  KRNT
START:  KSU
START:  KTOS
START:  LAC
START:  LAD
START:  LANC
START:  LAWS
START:  LDOS
START:  LFMD
START:  LGIH
START:  LH
START:  LHCG
START:  LHX
START:  LII
START:  LIN
START:  LINC
START:  LIT
START:  LLY
START:  LMT
START:  LNT
START:  LOB
START:  LOGI
START:  LOVE
START:  LOW
START:  LPLA
START:  LPSN
START:  LQDT
START:  LRCX
START:  LSCC
START:  LSTR
START:  LULU
START:  LUNA
START:  MA
START:  MANH
START:  MANT
START:  MARA
START:  MASI
START:  MATX
START:  MBUU
START:  MCD
START:  MCHP
START:  MCO
START:  MDB
START:  MDT
START:  MEDP
START:  MEDS
START:  MELI
START:  MGC
START:  MGIC
START:  MGK
START:  MGNI
START:  MHO
START:  MIME
START:  MITK
START:  MKC
START:  MKSI
START:  MKTX
START:  MLAB
START:  MLR
START:  MMC
START:  MMS
START:  MNMD
START:  MNST
START:  MODN
START:  MODV
START:  MOH
START:  MORN
START:  MPWR
START:  MRTX
START:  MRVL
START:  MS
START:  MSA
START:  MSCI
START:  MSEX
START:  MSFT
START:  MSI
START:  MSTR
START:  MTBC
START:  MTCH
START:  MTD
START:  MTEX
START:  MTH
START:  MTLS
START:  MTSI
START:  MU
START:  MUSA
START:  MVIS
START:  MXL
START:  MYRG
START:  NBIX
START:  NCBS
START:  NDAQ
START:  NDSN
START:  NEE
START:  NEO
START:  NEOG
START:  NFLX
START:  NICE
START:  NISN
START:  NKE
START:  NOVT
START:  NOW
START:  NSC
START:  NSIT
START:  NSSC
START:  NSTG
START:  NTLA
START:  NTRA
START:  NUAN
START:  NVCR
START:  NVDA
START:  NVMI
START:  NVO
START:  NVR
START:  NXST
START:  NYT
START:  OBCI
START:  ODFL
START:  OEF
START:  OFLX
START:  OLED
START:  OMCL
START:  ON
START:  OOMA
START:  OPRX
START:  ORA
START:  ORCL
START:  ORLY
START:  ORMP
START:  OTEX
START:  PACB
START:  PAG
START:  PANW
START:  PAR
START:  PAYC
START:  PAYX
START:  PBD
START:  PCTY
START:  PEGA
START:  PEN
START:  PENN
START:  PEP
START:  PERI
START:  PFSI
START:  PGR
START:  PH
START:  PHM
START:  PKI
START:  PLL
START:  PLNT
START:  PLUG
START:  PLXS
START:  PODD
START:  POOL
START:  POWI
START:  PRFT
START:  PRI
START:  PRTA
START:  PRTS
START:  PTSI
START:  PWR
START:  PYPL
START:  QADA
START:  QCLN
START:  QDEL
START:  QGEN
START:  QLYS
START:  QQQ
START:  QRVO
START:  QTWO
START:  RADA
START:  RAMP
START:  RBA
START:  RCII
START:  RCKY
START:  RDNT
START:  RDVT
START:  RDWR
START:  REGI
START:  RENN
START:  RGEN
START:  RH
START:  RILY
START:  RIOT
START:  RLI
START:  RLMD
START:  RMD
START:  RNG
START:  ROBO
START:  ROCK
START:  ROK
START:  ROKU
START:  ROL
START:  ROP
START:  ROST
START:  RPD
START:  RPM
START:  RSG
START:  RTH
START:  RUN
START:  RXI
START:  SAIA
START:  SAIC
START:  SAM
START:  SAVA
START:  SCI
START:  SCL
START:  SE
START:  SEAS
START:  SEDG
START:  SFBS
START:  SGEN
START:  SGMS
START:  SGRY
START:  SHOP
START:  SHW
START:  SHYF
START:  SITE
START:  SIVB
START:  SJW
START:  SKY
START:  SLAB
START:  SLP
START:  SMH
START:  SMTC
START:  SNAP
START:  SNPS
START:  SOCL
START:  SOXL
START:  SPGI
START:  SPLG
START:  SPLK
START:  SPNS
START:  SPSC
START:  SPTM
START:  SPWH
START:  SPWR
START:  SPXC
START:  SPXL
START:  SPY
START:  SPYG
START:  SQ
START:  SSD
START:  SSNC
START:  SSTK
START:  STAA
START:  STE
START:  SUSA
START:  SYK
START:  SYNA
START:  TBBK
START:  TBK
START:  TDG
START:  TDOC
START:  TDY
START:  TEAM
START:  TECH
START:  TECL
START:  TER
START:  TFX
START:  TGH
START:  TGLS
START:  TGT
START:  TGTX
START:  THC
START:  TJX
START:  TMO
START:  TMUS
START:  TNDM
START:  TNET
START:  TPX
START:  TREX
START:  TRI
START:  TRIL
START:  TRMB
START:  TRNS
START:  TROW
START:  TRU
START:  TRUP
START:  TSCO
START:  TSLA
START:  TSM
START:  TT
START:  TTC
START:  TTD
START:  TTEC
START:  TTEK
START:  TTGT
START:  TTWO
START:  TWLO
START:  TXN
START:  TYL
START:  UCTT
START:  UFPI
START:  UFPT
START:  UI
START:  UMC
START:  UNF
START:  UNH
START:  UNP
START:  UPLD
START:  URI
START:  V
START:  VALU
START:  VBK
START:  VCEL
START:  VCR
START:  VCTR
START:  VCYT
START:  VDC
START:  VEEV
START:  VERU
START:  VGT
START:  VHT
START:  VIAV
START:  VICR
START:  VIG
START:  VO
START:  VONE
START:  VONG
START:  VOO
START:  VOOG
START:  VOOV
START:  VOT
START:  VPU
START:  VRNS
START:  VRSK
START:  VRSN
START:  VRTV
START:  VSTO
START:  VTHR
START:  VTI
START:  VTNR
START:  VTWG
START:  VUG
START:  VV
START:  VXF
START:  WCN
START:  WD
START:  WDAY
START:  WDFC
START:  WEC
START:  WEN
START:  WINA
START:  WING
START:  WIRE
START:  WIX
START:  WK
START:  WLTW
START:  WM
START:  WMS
START:  WNS
START:  WRB
START:  WSC
START:  WSM
START:  WST
START:  WTRG
START:  WTS
START:  XEL
START:  XENE
START:  XLK
START:  XLNX
START:  XLP
START:  XLRN
START:  XLU
START:  XLV
START:  XLY
START:  XYL
START:  YNDX
START:  YORW
START:  YUM
START:  Z
START:  ZBRA
START:  ZEN
START:  ZLAB
START:  ZNGA
START:  ZS
START:  ZTS
START:  ZYXI
==== MACD golden cross ====
None
code: CDMO     day: macd + hist + hist_1pre + ,  Week: macd + hist + hist_1pre - , Month: macd + hist - hist_1pre - , 
Trade --> code: CDMO   BUY: 2005-02-28   42.00 SELL: 2005-08-31   38.50  macd:   -0.39 macd_count:   6 profit:  0.92
Trade --> code: CDMO   BUY: 2006-04-30   48.65 SELL: 2007-01-31   40.95  macd:   -0.29 macd_count:   9 profit:  0.84
Trade --> code: CDMO   BUY: 2010-04-30   28.07 SELL: 2010-06-30   15.05  macd:   -0.19 macd_count:   2 profit:  0.54
Trade --> code: CDMO   BUY: 2014-02-28   12.67 SELL: 2015-01-31    8.96  macd:   -0.10 macd_count:  11 profit:  0.71
Trade --> code: CDMO   BUY: 2018-08-31    7.32 SELL: 2019-03-31    4.25  macd:   -0.01 macd_count:   7 profit:  0.58
Trade --> code: CDMO   BUY: 2019-04-30    4.79 SELL: 2019-05-31    3.89  macd:   -0.03 macd_count:   1 profit:  0.81
Trade --> code: CDMO   BUY: 2019-06-30    5.60 SELL: 2022-09-30   18.23  macd:    0.94 macd_count:  40 profit:  3.26

code: LHCG     day: macd + hist + hist_1pre + ,  Week: macd + hist + hist_1pre - , Month: macd - hist + hist_1pre - , 
Trade --> code: LHCG   BUY: 2007-10-31   22.98 SELL: 2008-04-30   15.60  macd:   -0.02 macd_count:   6 profit:  0.68
Trade --> code: LHCG   BUY: 2008-05-31   21.67 SELL: 2010-09-30   23.19  macd:   -0.12 macd_count:  28 profit:  1.07
Trade --> code: LHCG   BUY: 2010-12-31   30.00 SELL: 2011-06-30   23.06  macd:   -0.01 macd_count:   6 profit:  0.77
Trade --> code: LHCG   BUY: 2013-07-31   22.94 SELL: 2022-01-31  124.10  macd:   -2.39 macd_count: 102 profit:  5.41

code: LLY      day: macd + hist + hist_1pre + ,  Week: macd + hist + hist_1pre - , Month: macd + hist + hist_1pre + , 
Trade --> code: LLY    BUY: 2011-11-30   37.85 SELL: 2022-09-30  336.91  macd:   37.25 macd_count: 131 profit:  8.90

code: NUAN     day: macd + hist + hist_1pre + ,  Week: macd + hist + hist_1pre - , Month: macd + hist - hist_1pre - , 
Trade --> code: NUAN   BUY: 2005-11-30    5.38 SELL: 2008-11-30    7.94  macd:   -0.14 macd_count:  36 profit:  1.48
Trade --> code: NUAN   BUY: 2009-12-31   13.44 SELL: 2013-05-31   16.44  macd:   -0.10 macd_count:  41 profit:  1.22
Trade --> code: NUAN   BUY: 2015-11-30   18.11 SELL: 2016-07-31   13.90  macd:   -0.05 macd_count:   8 profit:  0.77
Trade --> code: NUAN   BUY: 2017-05-31   16.01 SELL: 2017-09-30   13.60  macd:   -0.04 macd_count:   4 profit:  0.85
Trade --> code: NUAN   BUY: 2019-04-30   14.56 SELL: 2022-03-31   55.99  macd:    7.14 macd_count:  36 profit:  3.85

