Thu Sep 29 14:20:59 UTC 2022
arg[0]: scraping/yahoo-finace-api2.py, arg[1]: stock-code-list/buy-list.txt
===========================
scraping
===========================
START:  AAPL
END:    0.5145473480224609
-
START:  EL
END:    0.9247541427612305
-
START:  NEE
END:    1.363297462463379
-
START:  AMD
END:    1.7365076541900635
-
START:  APH
END:    2.1356728076934814
-
START:  XLP
END:    2.6805765628814697
-
START:  SPXL
END:    2.9872570037841797
-
START:  KEYS
END:    3.24792218208313
-
START:  VDC
END:    3.626538038253784
-
START:  SPTM
END:    4.034517049789429
-
START:  SPLG
END:    4.443679094314575
-
START:  CROX
END:    4.741506814956665
-
START:  AXON
END:    5.109509468078613
-
START:  AWR
END:    5.59565281867981
-
START:  FN
END:    5.903991222381592
-
START:  NXST
END:    7.298843860626221
-
START:  TREX
END:    7.673705339431763
-
START:  RGEN
END:    9.058969736099243
-
START:  EXPO
END:    9.434841394424438
-
START:  BCPC
END:    9.89530634880066
-
START:  SOXL
END:    10.239627361297607
-
START:  TECL
END:    10.569024562835693
-
START:  NEO
END:    10.889122247695923
-
START:  NVMI
END:    11.324182510375977
-
START:  NVDA
END:    11.710583686828613
-
START:  BBDC
END:    12.036422729492188
-
START:  APPS
END:    12.315487623214722
-
START:  ROK
END:    12.748981237411499
-
START:  NHTC
END:    14.104784488677979
-
START:  ZYXI
END:    14.456754446029663
-
START:  LIT
END:    15.755763292312622
-
START:  LLY
END:    16.30038356781006
-
START:  GTLB
END:    17.380581855773926
-
START:  MCD
END:    17.809171676635742
-
START:  MSI
END:    19.362523794174194
-
START:  HCP
END:    20.478116035461426
-
START:  ON
END:    20.850950717926025
-
===========================
MACD sell
===========================
START:  AAPL
START:  EL
START:  NEE
START:  AMD
START:  APH
START:  XLP
START:  SPXL
START:  KEYS
START:  VDC
START:  SPTM
START:  SPLG
START:  CROX
START:  AXON
START:  AWR
START:  FN
START:  NXST
START:  TREX
START:  RGEN
START:  EXPO
START:  BCPC
START:  SOXL
START:  TECL
START:  NEO
START:  NVMI
START:  NVDA
START:  BBDC
START:  APPS
START:  ROK
START:  NHTC
START:  ZYXI
START:  LIT
START:  LLY
START:  GTLB
START:  MCD
START:  MSI
START:  HCP
START:  ON
==== MACD list ====
code: AAPL     day: macd - hist - ,  Week: macd - hist - , Month: macd + hist - , 
code: EL       day: macd - hist - ,  Week: macd - hist - , Month: macd + hist - , 
code: NEE      day: macd - hist - ,  Week: macd + hist - , Month: macd + hist - , 
code: AMD      day: macd - hist - ,  Week: macd - hist - , Month: macd + hist - , 
code: APH      day: macd - hist - ,  Week: macd - hist - , Month: macd + hist - , 
code: XLP      day: macd - hist - ,  Week: macd - hist - , Month: macd + hist - , 
code: SPXL     day: macd - hist - ,  Week: macd - hist - , Month: macd + hist - , 
code: KEYS     day: macd - hist - ,  Week: macd + hist - , Month: macd + hist - , 
code: VDC      day: macd - hist - ,  Week: macd - hist - , Month: macd + hist - , 
code: SPTM     day: macd - hist - ,  Week: macd - hist - , Month: macd + hist - , 
code: SPLG     day: macd - hist - ,  Week: macd - hist - , Month: macd + hist - , 
code: CROX     day: macd - hist - ,  Week: macd + hist + , Month: macd - hist - , 
code: AXON     day: macd - hist - ,  Week: macd + hist - , Month: macd - hist - , 
code: AWR      day: macd - hist - ,  Week: macd - hist - , Month: macd + hist - , 
code: FN       day: macd - hist - ,  Week: macd + hist - , Month: macd + hist - , 
code: NXST     day: macd - hist - ,  Week: macd + hist - , Month: macd + hist - , 
code: TREX     day: macd - hist + ,  Week: macd - hist - , Month: macd - hist - , 
code: RGEN     day: macd - hist - ,  Week: macd + hist - , Month: macd + hist - , 
code: EXPO     day: macd - hist - ,  Week: macd - hist - , Month: macd + hist - , 
code: BCPC     day: macd - hist - ,  Week: macd - hist - , Month: macd + hist - , 
code: SOXL     day: macd - hist - ,  Week: macd - hist - , Month: macd - hist - , 
code: TECL     day: macd - hist - ,  Week: macd - hist - , Month: macd - hist - , 
code: NEO      day: macd - hist - ,  Week: macd - hist + , Month: macd - hist - , 
code: NVMI     day: macd - hist - ,  Week: macd - hist - , Month: macd + hist - , 
code: NVDA     day: macd - hist + ,  Week: macd - hist - , Month: macd + hist - , 
code: BBDC     day: macd - hist - ,  Week: macd - hist - , Month: macd - hist - , 
code: APPS     day: macd - hist - ,  Week: macd - hist - , Month: macd - hist - , 
code: ROK      day: macd - hist - ,  Week: macd - hist - , Month: macd - hist - , 
code: NHTC     day: macd - hist - ,  Week: macd - hist - , Month: macd - hist - , 
code: ZYXI     day: macd + hist - ,  Week: macd + hist - , Month: macd - hist + , 
code: LIT      day: macd - hist - ,  Week: macd - hist - , Month: macd + hist - , 
code: LLY      day: macd + hist + ,  Week: macd + hist + , Month: macd + hist + , 
code: GTLB     day: macd - hist - ,  Week: macd - hist - , Month: macd + hist + , 
code: MCD      day: macd - hist - ,  Week: macd - hist - , Month: macd + hist - , 
code: MSI      day: macd - hist - ,  Week: macd + hist - , Month: macd + hist - , 
code: HCP      day: macd - hist + ,  Week: macd - hist + , Month: macd + hist + , 
code: ON       day: macd - hist - ,  Week: macd + hist - , Month: macd + hist - , 
==== MACD sell list ====
code: AAPL     day: macd - hist - , 
code: AAPL     day: macd - hist - ,  Week: macd - hist - , 
code: AAPL     day: macd - hist - ,  Week: macd - hist - , Month: macd + hist - , 
code: EL       day: macd - hist - , 
code: EL       day: macd - hist - ,  Week: macd - hist - , 
code: EL       day: macd - hist - ,  Week: macd - hist - , Month: macd + hist - , 
code: NEE      day: macd - hist - , 
code: NEE      day: macd - hist - ,  Week: macd + hist - , 
code: NEE      day: macd - hist - ,  Week: macd + hist - , Month: macd + hist - , 
code: AMD      day: macd - hist - , 
code: AMD      day: macd - hist - ,  Week: macd - hist - , 
code: AMD      day: macd - hist - ,  Week: macd - hist - , Month: macd + hist - , 
code: APH      day: macd - hist - , 
code: APH      day: macd - hist - ,  Week: macd - hist - , 
code: APH      day: macd - hist - ,  Week: macd - hist - , Month: macd + hist - , 
code: XLP      day: macd - hist - , 
code: XLP      day: macd - hist - ,  Week: macd - hist - , 
code: XLP      day: macd - hist - ,  Week: macd - hist - , Month: macd + hist - , 
code: SPXL     day: macd - hist - , 
code: SPXL     day: macd - hist - ,  Week: macd - hist - , 
code: SPXL     day: macd - hist - ,  Week: macd - hist - , Month: macd + hist - , 
code: KEYS     day: macd - hist - , 
code: KEYS     day: macd - hist - ,  Week: macd + hist - , 
code: KEYS     day: macd - hist - ,  Week: macd + hist - , Month: macd + hist - , 
code: VDC      day: macd - hist - , 
code: VDC      day: macd - hist - ,  Week: macd - hist - , 
code: VDC      day: macd - hist - ,  Week: macd - hist - , Month: macd + hist - , 
code: SPTM     day: macd - hist - , 
code: SPTM     day: macd - hist - ,  Week: macd - hist - , 
code: SPTM     day: macd - hist - ,  Week: macd - hist - , Month: macd + hist - , 
code: SPLG     day: macd - hist - , 
code: SPLG     day: macd - hist - ,  Week: macd - hist - , 
code: SPLG     day: macd - hist - ,  Week: macd - hist - , Month: macd + hist - , 
code: CROX     day: macd - hist - , 
code: CROX     day: macd - hist - ,  Week: macd + hist + , Month: macd - hist - , 
code: AXON     day: macd - hist - , 
code: AXON     day: macd - hist - ,  Week: macd + hist - , 
code: AXON     day: macd - hist - ,  Week: macd + hist - , Month: macd - hist - , 
code: AWR      day: macd - hist - , 
code: AWR      day: macd - hist - ,  Week: macd - hist - , 
code: AWR      day: macd - hist - ,  Week: macd - hist - , Month: macd + hist - , 
code: FN       day: macd - hist - , 
code: FN       day: macd - hist - ,  Week: macd + hist - , 
code: FN       day: macd - hist - ,  Week: macd + hist - , Month: macd + hist - , 
code: NXST     day: macd - hist - , 
code: NXST     day: macd - hist - ,  Week: macd + hist - , 
code: NXST     day: macd - hist - ,  Week: macd + hist - , Month: macd + hist - , 
code: TREX     day: macd - hist + ,  Week: macd - hist - , 
code: TREX     day: macd - hist + ,  Week: macd - hist - , Month: macd - hist - , 
code: RGEN     day: macd - hist - , 
code: RGEN     day: macd - hist - ,  Week: macd + hist - , 
code: RGEN     day: macd - hist - ,  Week: macd + hist - , Month: macd + hist - , 
code: EXPO     day: macd - hist - , 
code: EXPO     day: macd - hist - ,  Week: macd - hist - , 
code: EXPO     day: macd - hist - ,  Week: macd - hist - , Month: macd + hist - , 
code: BCPC     day: macd - hist - , 
code: BCPC     day: macd - hist - ,  Week: macd - hist - , 
code: BCPC     day: macd - hist - ,  Week: macd - hist - , Month: macd + hist - , 
code: SOXL     day: macd - hist - , 
code: SOXL     day: macd - hist - ,  Week: macd - hist - , 
code: SOXL     day: macd - hist - ,  Week: macd - hist - , Month: macd - hist - , 
code: TECL     day: macd - hist - , 
code: TECL     day: macd - hist - ,  Week: macd - hist - , 
code: TECL     day: macd - hist - ,  Week: macd - hist - , Month: macd - hist - , 
code: NEO      day: macd - hist - , 
code: NEO      day: macd - hist - ,  Week: macd - hist + , Month: macd - hist - , 
code: NVMI     day: macd - hist - , 
code: NVMI     day: macd - hist - ,  Week: macd - hist - , 
code: NVMI     day: macd - hist - ,  Week: macd - hist - , Month: macd + hist - , 
code: NVDA     day: macd - hist + ,  Week: macd - hist - , 
code: NVDA     day: macd - hist + ,  Week: macd - hist - , Month: macd + hist - , 
code: BBDC     day: macd - hist - , 
code: BBDC     day: macd - hist - ,  Week: macd - hist - , 
code: BBDC     day: macd - hist - ,  Week: macd - hist - , Month: macd - hist - , 
code: APPS     day: macd - hist - , 
code: APPS     day: macd - hist - ,  Week: macd - hist - , 
code: APPS     day: macd - hist - ,  Week: macd - hist - , Month: macd - hist - , 
code: ROK      day: macd - hist - , 
code: ROK      day: macd - hist - ,  Week: macd - hist - , 
code: ROK      day: macd - hist - ,  Week: macd - hist - , Month: macd - hist - , 
code: NHTC     day: macd - hist - , 
code: NHTC     day: macd - hist - ,  Week: macd - hist - , 
code: NHTC     day: macd - hist - ,  Week: macd - hist - , Month: macd - hist - , 
code: ZYXI     day: macd + hist - , 
code: ZYXI     day: macd + hist - ,  Week: macd + hist - , 
code: LIT      day: macd - hist - , 
code: LIT      day: macd - hist - ,  Week: macd - hist - , 
code: LIT      day: macd - hist - ,  Week: macd - hist - , Month: macd + hist - , 
code: GTLB     day: macd - hist - , 
code: GTLB     day: macd - hist - ,  Week: macd - hist - , 
code: MCD      day: macd - hist - , 
code: MCD      day: macd - hist - ,  Week: macd - hist - , 
code: MCD      day: macd - hist - ,  Week: macd - hist - , Month: macd + hist - , 
code: MSI      day: macd - hist - , 
code: MSI      day: macd - hist - ,  Week: macd + hist - , 
code: MSI      day: macd - hist - ,  Week: macd + hist - , Month: macd + hist - , 
code: ON       day: macd - hist - , 
code: ON       day: macd - hist - ,  Week: macd + hist - , 
code: ON       day: macd - hist - ,  Week: macd + hist - , Month: macd + hist - , 
===========================
profit
===========================
==== plus ====
NXST , macd -, macd hist -, profit:   [2.55], per:   [1.57], now: [165.05], buy:  [162.5]
RGEN , macd -, macd hist -, profit:    [7.1], per:   [3.95], now: [186.76], buy: [179.66]
ZYXI , macd +, macd hist -, profit:   [2.78], per:  [43.71], now:   [9.14], buy:   [6.36]
LLY  , macd +, macd hist +, profit:  [59.01], per:  [21.77], now: [330.01], buy:   [271.]
ON   , macd -, macd hist -, profit:   [2.31], per:   [3.86], now:  [62.17], buy:  [59.86]
-
     plus  len:  5
     profit:  [73.76], per:  [74.87], per/len(p):  [14.97], per/len(p+m):   [2.02]
-
==== minus ====
AAPL , macd -, macd hist -, profit:       [], per:       [], now: [143.08], buy:       []
EL   , macd -, macd hist -, profit: [-117.1], per: [-34.47], now: [222.65], buy: [339.75]
NEE  , macd -, macd hist -, profit:  [-4.23], per:  [-4.96], now:   [81.1], buy:  [85.33]
AMD  , macd -, macd hist -, profit: [-55.21], per: [-45.92], now:  [65.02], buy: [120.23]
APH  , macd -, macd hist -, profit:       [], per:       [], now:  [67.86], buy:       []
XLP  , macd -, macd hist -, profit:  [-4.41], per:  [-6.08], now:  [68.17], buy:  [72.58]
SPXL , macd -, macd hist -, profit: [-74.64], per: [-57.31], now:  [55.59], buy: [130.23]
KEYS , macd -, macd hist -, profit: [-28.63], per: [-15.39], now: [157.43], buy: [186.06]
VDC  , macd -, macd hist -, profit: [-14.45], per:  [-7.62], now: [175.08], buy: [189.53]
SPTM , macd -, macd hist -, profit: [-12.06], per: [-21.31], now:  [44.52], buy:  [56.58]
SPLG , macd -, macd hist -, profit:  [-11.5], per:  [-21.3], now:  [42.49], buy:  [53.99]
CROX , macd -, macd hist -, profit: [-107.13], per: [-60.38], now:  [70.29], buy: [177.42]
AXON , macd -, macd hist -, profit: [-26.06], per: [-18.86], now: [112.09], buy: [138.15]
AWR  , macd -, macd hist -, profit:       [], per:       [], now:  [80.68], buy:       []
FN   , macd -, macd hist -, profit: [-22.43], per: [-19.19], now:  [94.43], buy: [116.86]
TREX , macd -, macd hist +, profit: [-25.17], per: [-35.96], now:  [44.83], buy:    [70.]
EXPO , macd -, macd hist -, profit: [-12.92], per: [-12.78], now:  [88.19], buy: [101.11]
BCPC , macd -, macd hist -, profit: [-16.01], per: [-11.68], now: [121.07], buy: [137.08]
SOXL , macd -, macd hist -, profit:  [-32.9], per: [-78.17], now:   [9.19], buy:  [42.09]
TECL , macd -, macd hist -, profit: [-38.21], per:  [-62.9], now:  [22.53], buy:  [60.74]
NEO  , macd -, macd hist -, profit:  [-9.49], per:  [-53.2], now:   [8.35], buy:  [17.84]
NVMI , macd -, macd hist -, profit: [-28.11], per: [-24.51], now:  [86.54], buy: [114.65]
NVDA , macd -, macd hist +, profit: [-134.15], per: [-52.47], now: [121.52], buy: [255.67]
BBDC , macd -, macd hist -, profit:   [-2.3], per:  [-21.7], now:    [8.3], buy:   [10.6]
APPS , macd -, macd hist -, profit: [-29.31], per: [-67.12], now:  [14.36], buy:  [43.67]
ROK  , macd -, macd hist -, profit: [-130.39], per: [-38.14], now:  [211.5], buy: [341.89]
NHTC , macd -, macd hist -, profit:  [-3.74], per: [-52.15], now:   [3.43], buy:   [7.17]
LIT  , macd -, macd hist -, profit: [-24.73], per: [-26.91], now:  [67.18], buy:  [91.91]
GTLB , macd -, macd hist -, profit:  [-0.95], per:   [-1.8], now:  [51.81], buy:  [52.76]
MCD  , macd -, macd hist -, profit:  [-19.1], per:  [-7.54], now: [234.36], buy: [253.46]
MSI  , macd -, macd hist -, profit: [-25.01], per:  [-9.95], now:  [226.4], buy: [251.41]
HCP  , macd -, macd hist +, profit: [-22.44], per: [-41.33], now:  [31.86], buy:   [54.3]
-
     minus len:  32
     profit:       [], per:       [], per/len(m):       [], per/len(p+m):       []
-
==== total ====
     profit:       [], per:       [], per/len(p+m):       []
arg[0]: scraping/yahoo-finace-api2.py, arg[1]: stock-code-list/up-month.txt
===========================
scraping
===========================
START:  A
END:    0.4849731922149658
-
START:  AAON
END:    0.8504350185394287
-
START:  AAPL
END:    1.2761015892028809
-
START:  ABG
END:    1.645474910736084
-
START:  ABT
END:    2.042341947555542
-
START:  ACLS
END:    2.4144632816314697
-
START:  ACMR
END:    2.5760746002197266
-
START:  ACN
END:    3.0534536838531494
-
START:  ADBE
END:    3.519807815551758
-
START:  ADI
END:    3.9576711654663086
-
START:  ADP
END:    4.46613335609436
-
START:  ADSK
END:    4.857707738876343
-
START:  ADUS
END:    5.117837905883789
-
START:  AEE
END:    5.522377014160156
-
START:  AGYS
END:    5.918278694152832
-
START:  AIZ
END:    6.35245418548584
-
START:  AJG
END:    6.750258922576904
-
START:  AJRD
END:    8.147246837615967
-
START:  ALB
END:    8.526625633239746
-
START:  ALG
END:    8.952439069747925
-
START:  ALGN
END:    9.346931219100952
-
START:  ALLE
END:    9.590791702270508
-
START:  ALTR
END:    9.712867021560669
-
START:  AMAT
END:    10.11606764793396
-
START:  AMBA
END:    10.31221342086792
-
START:  AMD
END:    10.689649105072021
-
START:  AME
END:    11.116994380950928
-
START:  AMED
END:    11.443374156951904
-
START:  AMEH
END:    11.714416742324829
-
START:  AMGN
END:    12.065224885940552
-
START:  AMN
END:    12.39353346824646
-
START:  AMP
END:    12.753036975860596
-
START:  AMRC
END:    13.01901888847351
-
START:  AMSWA
END:    13.43244743347168
-
START:  AMTX
END:    14.7435781955719
-
START:  AMZN
END:    15.12618112564087
-
START:  AN
END:    15.464911699295044
-
START:  ANSS
END:    16.850324869155884
-
START:  ANTM
Not Found: No data found, symbol may be delisted
START:  AON
END:    17.36512517929077
-
START:  AOSL
END:    18.648353338241577
-
START:  APD
END:    19.103039264678955
-
START:  APH
END:    19.494951248168945
-
START:  APPF
END:    19.675463438034058
-
START:  APPN
END:    19.831444025039673
-
START:  APPS
END:    20.121688842773438
-
START:  AQN
END:    21.463375329971313
-
START:  ARCB
END:    21.887571334838867
-
START:  ARCT
END:    22.113497972488403
-
START:  ARES
END:    22.300307750701904
-
START:  ARGX
END:    22.458455801010132
-
START:  ARWR
END:    23.82175302505493
-
START:  ASML
END:    24.185657024383545
-
START:  ASPN
END:    31.570937395095825
-
START:  ATEC
END:    31.878767251968384
-
START:  ATEN
END:    32.099698305130005
-
START:  ATKR
END:    32.246227979660034
-
START:  ATOM
END:    32.38984394073486
-
START:  ATR
END:    32.78556728363037
-
START:  ATRC
END:    33.08499622344971
-
START:  AUDC
END:    33.4314022064209
-
START:  AUPH
END:    33.61744928359985
-
START:  AVAV
END:    33.91805291175842
-
START:  AVGO
END:    34.20072364807129
-
START:  AVID
END:    34.54042053222656
-
START:  AVNW
END:    34.88590598106384
-
START:  AVXL
END:    35.22904896736145
-
START:  AVY
END:    35.66423010826111
-
START:  AWK
END:    35.98684906959534
-
START:  AWR
END:    36.421799421310425
-
START:  AXON
END:    36.76399064064026
-
START:  AZO
END:    37.131317138671875
-
START:  AZPN
END:    37.48635721206665
-
START:  BAH
END:    37.738320112228394
-
START:  BAM
END:    39.19744920730591
-
START:  BAX
END:    39.70891308784485
-
START:  BBH
END:    40.113720178604126
-
START:  BBQ
END:    40.471325635910034
-
START:  BBY
END:    40.88588237762451
-
START:  BCPC
END:    41.293301820755005
-
START:  BDX
END:    41.78669714927673
-
START:  BEEM
END:    42.01797604560852
-
START:  BFAM
END:    42.33928060531616
-
START:  BFC
END:    42.66644287109375
-
START:  BGFV
END:    43.082483530044556
-
START:  BGNE
END:    43.269543170928955
-
START:  BHVN
END:    44.45520257949829
-
START:  BIO
END:    45.82434964179993
-
START:  BL
END:    45.99675941467285
-
START:  BLD
END:    47.219693422317505
-
START:  BLDP
END:    47.559401750564575
-
START:  BLDR
END:    47.882112979888916
-
START:  BLFS
END:    48.23910427093506
-
START:  BLK
END:    48.637306451797485
-
START:  BLL
Not Found: No data found, symbol may be delisted
START:  BLNK
END:    48.94780135154724
-
START:  BMI
END:    49.37058162689209
-
START:  BOOT
END:    49.57213258743286
-
START:  BOTZ
END:    49.8008553981781
-
START:  BR
END:    50.088313579559326
-
START:  BRKR
END:    51.46837615966797
-
START:  BRKS
Not Found: No data found, symbol may be delisted
START:  BRO
END:    52.979708433151245
-
START:  BURL
END:    54.228102684020996
-
START:  BX
END:    55.55748391151428
-
START:  CABO
END:    55.77175998687744
-
START:  CACI
END:    56.13964366912842
-
START:  CALX
END:    56.40049123764038
-
START:  CAMT
END:    56.76229119300842
-
START:  CAR
END:    57.246021032333374
-
START:  CBRE
END:    57.5981662273407
-
START:  CBSH
END:    58.0446720123291
-
START:  CBZ
END:    58.3967490196228
-
START:  CCOI
END:    58.776190519332886
-
START:  CCS
END:    58.9738507270813
-
START:  CDMO
END:    59.35418438911438
-
START:  CDNA
END:    59.543625593185425
-
START:  CDNS
END:    60.96563506126404
-
START:  CDW
END:    61.19771361351013
-
START:  CELH
END:    62.50286793708801
-
START:  CGNX
END:    62.898927211761475
-
START:  CHD
END:    63.322558641433716
-
START:  CHDN
END:    64.75902009010315
-
START:  CHE
END:    66.2220311164856
-
START:  CHGG
END:    67.5015914440155
-
START:  CHH
END:    67.90477418899536
-
START:  CHKP
END:    69.27792859077454
-
START:  CHTR
END:    69.57220792770386
-
START:  CIEN
END:    69.96080899238586
-
START:  CLAR
END:    70.35312533378601
-
START:  CLFD
END:    71.69788885116577
-
START:  CLGN
END:    71.826580286026
-
START:  CLNE
END:    72.09255886077881
-
START:  CLPT
END:    72.2991464138031
-
START:  CLX
END:    72.70669293403625
-
START:  CMCSA
END:    73.13775038719177
-
START:  CMG
END:    74.48763227462769
-
START:  CMS
END:    74.86768198013306
-
START:  CNC
END:    75.26033234596252
-
START:  CNI
END:    75.6500506401062
-
START:  CNMD
END:    76.01931834220886
-
START:  CNS
END:    76.36582279205322
-
START:  CNXN
END:    76.73203921318054
-
START:  COO
END:    77.17086362838745
-
START:  COST
END:    77.53643941879272
-
START:  COUP
END:    77.69932389259338
-
START:  COWN
END:    79.02168869972229
-
START:  CP
END:    79.45129728317261
-
START:  CPK
END:    79.88709759712219
-
START:  CPRT
END:    80.27153992652893
-
START:  CPSH
END:    80.6298246383667
-
START:  CRAI
END:    82.01685690879822
-
START:  CREE
Not Found: No data found, symbol may be delisted
START:  CRL
END:    82.40541911125183
-
START:  CRM
END:    82.73578143119812
-
START:  CRMT
END:    83.09682607650757
-
START:  CROX
END:    83.39994263648987
-
START:  CRSP
END:    84.59173130989075
-
START:  CRVL
END:    85.98569416999817
-
START:  CSGP
END:    86.34291458129883
-
START:  CSL
END:    86.7825345993042
-
START:  CSWI
END:    86.94997334480286
-
START:  CSX
END:    87.41539025306702
-
START:  CTAS
END:    88.84493923187256
-
START:  CTLT
END:    89.03278040885925
-
START:  CTRN
END:    89.46353268623352
-
START:  CURE
END:    89.74387788772583
-
START:  CVCO
END:    90.09951424598694
-
START:  CVNA
END:    91.28843450546265
-
START:  CWST
END:    91.64205622673035
-
START:  CWT
END:    92.02924537658691
-
START:  CXSE
END:    92.29613423347473
-
START:  CYBR
END:    93.53774213790894
-
START:  CYRX
END:    93.83420157432556
-
START:  CYTK
END:    94.17811322212219
-
START:  DAC
END:    94.50225901603699
-
START:  DAR
END:    95.90053796768188
-
START:  DAVA
END:    96.04717373847961
-
START:  DDS
END:    96.4281370639801
-
START:  DE
END:    96.88234329223633
-
START:  DECK
END:    97.31628823280334
-
START:  DELL
END:    97.50783395767212
-
START:  DFIN
END:    97.66832447052002
-
START:  DG
END:    97.95937609672546
-
START:  DGRW
END:    98.19563937187195
-
START:  DHI
END:    98.60949802398682
-
START:  DHR
END:    99.03059029579163
-
START:  DIA
END:    99.42855167388916
-
START:  DIOD
END:    100.84183526039124
-
START:  DIS
END:    101.31659269332886
-
START:  DKS
END:    102.72620606422424
-
START:  DLN
END:    103.08910822868347
-
START:  DNLI
END:    104.25234413146973
-
START:  DOMO
END:    104.39689445495605
-
START:  DOV
END:    104.84205341339111
-
START:  DPZ
END:    105.18112182617188
-
START:  DQ
END:    105.42622447013855
-
START:  DRD
END:    105.8332793712616
-
START:  DRIO
END:    106.01060152053833
-
START:  DRNA
Not Found: No data found, symbol may be delisted
START:  DSGX
END:    107.43605017662048
-
START:  DVAX
END:    107.7735424041748
-
START:  DXCM
END:    108.10605216026306
-
START:  ECL
END:    108.51602792739868
-
START:  EFX
END:    108.9516396522522
-
START:  EGAN
END:    109.30160403251648
-
START:  EHC
END:    109.69208264350891
-
START:  EL
END:    110.0709536075592
-
START:  ENPH
END:    111.34156394004822
-
START:  ENSG
END:    111.66452765464783
-
START:  ENTG
END:    112.03515839576721
-
START:  ENV
END:    112.28875541687012
-
START:  EPAM
END:    112.50295400619507
-
START:  ERIE
END:    112.9018087387085
-
START:  ES
END:    114.38368082046509
-
START:  ESE
END:    115.81078124046326
-
START:  ETN
END:    116.28062200546265
-
START:  ETSY
END:    116.46988415718079
-
START:  EVBG
END:    116.67909240722656
-
START:  EVTC
END:    116.92143297195435
-
START:  EW
END:    118.31200671195984
-
START:  EWT
END:    118.70500469207764
-
START:  EXAS
END:    119.07183623313904
-
START:  EXLS
END:    119.38720059394836
-
START:  EXPD
END:    119.80458807945251
-
START:  EXPI
END:    120.96124362945557
-
START:  EXPO
END:    121.3749418258667
-
START:  FAST
END:    121.77866244316101
-
START:  FATE
END:    122.00633907318115
-
START:  FB
Not Found: No data found, symbol may be delisted
START:  FCN
END:    123.45439600944519
-
START:  FCX
END:    123.92383170127869
-
START:  FDN
END:    125.25137543678284
-
START:  FDS
END:    125.65131115913391
-
START:  FELE
END:    126.07088613510132
-
START:  FFIN
END:    126.46979451179504
-
START:  FICO
END:    126.87456607818604
-
START:  FINX
END:    127.0702805519104
-
START:  FIS
END:    128.49006342887878
-
START:  FISV
END:    129.8732466697693
-
START:  FIVE
END:    130.0878767967224
-
START:  FIVN
END:    130.33960890769958
-
START:  FLGT
END:    130.50066900253296
-
START:  FLT
END:    130.7610204219818
-
START:  FLWS
END:    131.14088034629822
-
START:  FN
END:    131.3915774822235
-
START:  FND
END:    132.55101704597473
-
START:  FNV
END:    132.86744332313538
-
START:  FORM
END:    133.20373940467834
-
START:  FOXF
END:    133.43145966529846
-
START:  FPX
END:    133.74205923080444
-
START:  FRC
END:    133.9874894618988
-
START:  FRHC
END:    134.12556648254395
-
START:  FRPT
END:    134.32141399383545
-
START:  FSS
END:    134.6947512626648
-
START:  FTNT
END:    135.02595925331116
-
START:  FUV
END:    135.17417216300964
-
START:  GDEN
END:    136.6081886291504
-
START:  GFI
END:    137.02888894081116
-
START:  GGG
END:    137.46480798721313
-
START:  GIB
END:    137.8360538482666
-
START:  GLDD
END:    138.1849868297577
-
START:  GLOB
END:    139.395831823349
-
START:  GMAB
END:    139.67711329460144
-
START:  GME
END:    140.05797624588013
-
START:  GMED
END:    140.33677458763123
-
START:  GNRC
END:    140.5949947834015
-
START:  GNSS
END:    140.9433033466339
-
START:  GNTX
END:    141.33132672309875
-
START:  GOLF
END:    141.4951548576355
-
START:  GOOG
END:    141.86406588554382
-
START:  GOOGL
END:    142.21713304519653
-
START:  GPI
END:    142.60554456710815
-
START:  GPN
END:    143.03851771354675
-
START:  GRBK
END:    144.31787753105164
-
START:  GRMN
END:    144.70785641670227
-
START:  GRVY
END:    146.04145288467407
-
START:  GRWG
END:    147.19735193252563
-
START:  GWRE
END:    147.4112527370453
-
START:  HACK
END:    147.64374685287476
-
START:  HALO
END:    147.97095680236816
-
START:  HCI
END:    148.27299094200134
-
START:  HD
END:    149.71078491210938
-
START:  HEI
END:    150.1525251865387
-
START:  HELE
END:    151.5540521144867
-
START:  HIBB
END:    151.89449644088745
-
START:  HLI
END:    152.16183924674988
-
START:  HLT
END:    152.35453510284424
-
START:  HOLX
END:    152.697163105011
-
START:  HON
END:    154.23226189613342
-
START:  HOV
END:    154.5891318321228
-
START:  HRC
Not Found: No data found, symbol may be delisted
START:  HRI
END:    154.943053483963
-
START:  HSKA
END:    155.36298394203186
-
START:  HTHT
END:    156.6492943763733
-
START:  HUBS
END:    156.82947039604187
-
START:  HUM
END:    157.24862599372864
-
START:  HZNP
END:    157.48581552505493
-
START:  IAC
END:    158.86333632469177
-
START:  IBP
END:    159.07396578788757
-
START:  ICE
END:    159.4054639339447
-
START:  ICLN
END:    159.68520092964172
-
START:  ICLR
END:    160.03277897834778
-
START:  IDT
END:    161.45401263237
-
START:  IDXX
END:    161.78527784347534
-
START:  IESC
END:    162.13154411315918
-
START:  IEX
END:    162.54878568649292
-
START:  ILMN
END:    162.90269541740417
-
START:  INFO
Not Found: No data found, symbol may be delisted
START:  INOV
Not Found: No data found, symbol may be delisted
START:  INSP
END:    165.2470738887787
-
START:  INTC
END:    165.67701840400696
-
START:  INTU
END:    166.0959997177124
-
START:  INTZ
END:    166.45546698570251
-
START:  INVE
END:    166.82338213920593
-
START:  IOO
END:    168.21866655349731
-
START:  IQV
END:    168.400057554245
-
START:  IRDM
END:    168.6811864376068
-
START:  IRMD
END:    168.919203042984
-
START:  ISEE
END:    169.11550378799438
-
START:  ISRG
END:    169.47954607009888
-
START:  IT
END:    169.84820175170898
-
START:  ITT
END:    170.27400279045105
-
START:  ITW
END:    170.7083523273468
-
START:  IVOG
END:    172.00047612190247
-
START:  IVV
END:    172.4300365447998
-
START:  IXJ
END:    173.8559808731079
-
START:  IXN
END:    175.25943207740784
-
START:  J
END:    175.6077253818512
-
START:  JBL
END:    175.96685576438904
-
START:  JBSS
END:    176.36832523345947
-
START:  JD
END:    176.58378863334656
-
START:  JKHY
END:    177.01433777809143
-
START:  JKS
END:    177.28262615203857
-
START:  JNJ
END:    177.73784160614014
-
START:  JOE
END:    179.17209649085999
-
START:  JOUT
END:    180.53206491470337
-
START:  JYNT
END:    181.71657013893127
-
START:  KAI
END:    183.13861513137817
-
START:  KBH
END:    183.5588595867157
-
START:  KBR
END:    183.89139819145203
-
START:  KDMN
Not Found: No data found, symbol may be delisted
START:  KEYS
END:    184.15758562088013
-
START:  KLAC
END:    184.5415267944336
-
START:  KLIC
END:    185.97167110443115
-
START:  KMX
END:    186.3444356918335
-
START:  KNSL
END:    186.5764799118042
-
START:  KOPN
END:    186.92763495445251
-
START:  KOSS
END:    187.30477380752563
-
START:  KRNT
END:    188.52634191513062
-
START:  KSU
Not Found: No data found, symbol may be delisted
START:  KTOS
END:    189.9935803413391
-
START:  LAC
END:    191.27803540229797
-
START:  LAD
END:    191.6275234222412
-
START:  LANC
END:    193.09366059303284
-
START:  LAWS
Not Found: No data found, symbol may be delisted
START:  LDOS
END:    193.42397260665894
-
START:  LFMD
END:    193.73339223861694
-
START:  LGIH
END:    193.91040587425232
-
START:  LH
END:    195.3381519317627
-
START:  LHCG
END:    196.66953921318054
-
START:  LHX
END:    197.11065196990967
-
START:  LII
END:    197.49711060523987
-
START:  LIN
END:    197.86260843276978
-
START:  LINC
END:    198.17274570465088
-
START:  LIT
END:    198.44250202178955
-
START:  LLY
END:    198.86650967597961
-
START:  LMT
END:    199.33414340019226
-
START:  LNT
END:    199.77724480628967
-
START:  LOB
END:    199.9810507297516
-
START:  LOGI
END:    200.37214708328247
-
START:  LOVE
END:    200.49075317382812
-
START:  LOW
END:    200.9091935157776
-
START:  LPLA
END:    201.15213680267334
-
START:  LPSN
END:    201.5071291923523
-
START:  LQDT
END:    201.78290700912476
-
START:  LRCX
END:    202.23744583129883
-
START:  LSCC
END:    202.58701062202454
-
START:  LSTR
END:    202.95621275901794
-
START:  LULU
END:    204.3199393749237
-
START:  LUNA
END:    204.60466384887695
-
START:  MA
END:    207.94579100608826
-
START:  MANH
END:    208.32968044281006
-
START:  MANT
END:    208.71313762664795
-
START:  MARA
END:    209.9678089618683
-
START:  MASI
END:    210.2934148311615
-
START:  MATX
END:    210.70874571800232
-
START:  MBUU
END:    210.9083354473114
-
START:  MCD
END:    211.35179471969604
-
START:  MCHP
END:    211.77755904197693
-
START:  MCO
END:    212.14938068389893
-
START:  MDB
END:    212.2915234565735
-
START:  MDT
END:    212.69321537017822
-
START:  MEDP
END:    212.86944389343262
-
START:  MEDS
END:    213.06373643875122
-
START:  MELI
END:    213.38125228881836
-
START:  MGC
END:    214.72211909294128
-
START:  MGIC
END:    215.12253761291504
-
START:  MGK
END:    215.54488682746887
-
START:  MGNI
END:    215.7347948551178
-
START:  MHO
END:    216.11014342308044
-
START:  MIME
Not Found: No data found, symbol may be delisted
START:  MITK
END:    216.5603678226471
-
START:  MKC
END:    216.9799735546112
-
START:  MKSI
END:    217.37067794799805
-
START:  MKTX
END:    218.80505967140198
-
START:  MLAB
END:    219.17591667175293
-
START:  MLR
END:    219.5883207321167
-
START:  MMC
END:    220.03785824775696
-
START:  MMS
END:    220.4114031791687
-
START:  MNMD
END:    220.55353713035583
-
START:  MNST
END:    220.92710852622986
-
START:  MODN
END:    221.14647817611694
-
START:  MODV
END:    221.49370431900024
-
START:  MOH
END:    221.8346061706543
-
START:  MORN
END:    222.18550539016724
-
START:  MPWR
END:    223.52547121047974
-
START:  MRTX
END:    223.80572199821472
-
START:  MRVL
END:    224.17341685295105
-
START:  MS
END:    224.59838819503784
-
START:  MSA
END:    225.0670735836029
-
START:  MSCI
END:    225.36953115463257
-
START:  MSEX
END:    225.76675295829773
-
START:  MSFT
END:    229.23071956634521
-
START:  MSI
END:    229.69325137138367
-
START:  MSTR
END:    230.08621501922607
-
START:  MTBC
END:    230.32798075675964
-
START:  MTCH
END:    231.7325315475464
-
START:  MTD
END:    232.07578539848328
-
START:  MTEX
END:    232.45220804214478
-
START:  MTH
END:    232.81437063217163
-
START:  MTLS
END:    232.97978568077087
-
START:  MTSI
END:    233.2270154953003
-
START:  MU
END:    233.61887860298157
-
START:  MUSA
END:    233.8528802394867
-
START:  MVIS
END:    234.20212960243225
-
START:  MXL
END:    234.4723722934723
-
START:  MYRG
END:    234.72315430641174
-
START:  NBIX
END:    235.1827187538147
-
START:  NCBS
Not Found: No data found, symbol may be delisted
START:  NDAQ
END:    235.69374346733093
-
START:  NDSN
END:    236.11520290374756
-
START:  NEE
END:    236.64239025115967
-
START:  NEO
END:    236.98847150802612
-
START:  NEOG
END:    237.36825156211853
-
START:  NFLX
END:    237.69305562973022
-
START:  NICE
END:    239.06767868995667
-
START:  NISN
END:    239.22007703781128
-
START:  NKE
END:    239.63276147842407
-
START:  NOVT
END:    239.98456597328186
-
START:  NOW
END:    240.2015438079834
-
START:  NSC
END:    240.6148223876953
-
START:  NSIT
END:    240.96166038513184
-
START:  NSSC
END:    241.39434242248535
-
START:  NSTG
END:    241.5809326171875
-
START:  NTLA
END:    241.72198677062988
-
START:  NTRA
END:    241.94142508506775
-
START:  NUAN
END:    242.2936818599701
-
START:  NVCR
END:    243.48434853553772
-
START:  NVDA
END:    243.9131600856781
-
START:  NVMI
END:    244.26797318458557
-
START:  NVO
END:    244.71271896362305
-
START:  NVR
END:    245.08033871650696
-
START:  NXST
END:    245.42516684532166
-
START:  NYT
END:    245.85637593269348
-
START:  OBCI
END:    246.24556851387024
-
START:  ODFL
END:    247.6584930419922
-
START:  OEF
END:    248.0590844154358
-
START:  OFLX
END:    249.41760063171387
-
START:  OLED
END:    249.80929350852966
-
START:  OMCL
END:    250.1725206375122
-
START:  ON
END:    250.52535915374756
-
START:  OOMA
END:    253.7248318195343
-
START:  OPRX
END:    253.9994878768921
-
START:  ORA
END:    254.321519613266
-
START:  ORCL
END:    254.67344307899475
-
START:  ORLY
END:    255.006249666214
-
START:  ORMP
END:    256.3127009868622
-
START:  OTEX
END:    256.6633372306824
-
START:  PACB
END:    256.99270367622375
-
START:  PAG
END:    257.3377203941345
-
START:  PANW
END:    257.589239358902
-
START:  PAR
END:    257.94159150123596
-
START:  PAYC
END:    258.1252861022949
-
START:  PAYX
END:    258.54911828041077
-
START:  PBD
END:    258.8681616783142
-
START:  PCTY
END:    259.0655870437622
-
START:  PEGA
END:    259.4471745491028
-
START:  PEN
END:    260.7044439315796
-
START:  PENN
END:    261.07681703567505
-
START:  PEP
END:    261.473210811615
-
START:  PERI
END:    261.78657746315
-
START:  PFSI
END:    263.0088360309601
-
START:  PGR
END:    263.40921115875244
-
START:  PH
END:    263.79624676704407
-
START:  PHM
END:    264.2488980293274
-
START:  PKI
END:    264.68145084381104
-
START:  PLL
END:    264.8267357349396
-
START:  PLNT
END:    264.9803698062897
-
START:  PLUG
END:    265.297536611557
-
START:  PLXS
END:    265.62769317626953
-
START:  PODD
END:    265.9288833141327
-
START:  POOL
END:    266.4029278755188
-
START:  POWI
END:    267.80288767814636
-
START:  PRFT
END:    268.1704366207123
-
START:  PRI
END:    268.455979347229
-
START:  PRTA
END:    269.70987200737
-
START:  PRTS
END:    269.9781379699707
-
START:  PTSI
END:    270.34961700439453
-
START:  PWR
END:    271.7058048248291
-
START:  PYPL
END:    271.91314148902893
-
START:  QADA
Not Found: No data found, symbol may be delisted
START:  QCLN
END:    272.3010048866272
-
START:  QDEL
END:    272.650093793869
-
START:  QGEN
END:    273.0442044734955
-
START:  QLYS
END:    273.26959705352783
-
START:  QQQ
END:    274.7039098739624
-
START:  QRVO
END:    274.91476798057556
-
START:  QTWO
END:    275.0966296195984
-
START:  RADA
END:    276.47327971458435
-
START:  RAMP
END:    276.8206994533539
-
START:  RBA
END:    277.22172570228577
-
START:  RCII
END:    277.60510444641113
-
START:  RCKY
END:    279.0473368167877
-
START:  RDNT
END:    279.3740465641022
-
START:  RDVT
END:    279.519168138504
-
START:  RDWR
END:    279.8824579715729
-
START:  REGI
END:    281.1516845226288
-
START:  RENN
END:    281.3977198600769
-
START:  RGEN
END:    281.76402378082275
-
START:  RH
END:    282.99186849594116
-
START:  RILY
END:    283.28086042404175
-
START:  RIOT
END:    283.4503381252289
-
START:  RLI
END:    283.8639154434204
-
START:  RLMD
END:    284.0608186721802
-
START:  RMD
END:    284.4547438621521
-
START:  RNG
END:    285.7033143043518
-
START:  ROBO
END:    285.917822599411
-
START:  ROCK
END:    286.31970977783203
-
START:  ROK
END:    286.7184867858887
-
START:  ROKU
END:    287.8775680065155
-
START:  ROL
END:    288.29227089881897
-
START:  ROP
END:    289.7869145870209
-
START:  ROST
END:    290.20711398124695
-
START:  RPD
END:    290.38641929626465
-
START:  RPM
END:    290.8803379535675
-
START:  RSG
END:    291.338764667511
-
START:  RTH
END:    292.72222685813904
-
START:  RUN
END:    292.9138226509094
-
START:  RXI
END:    293.26435017585754
-
START:  SAIA
END:    293.623694896698
-
START:  SAIC
END:    294.87868905067444
-
START:  SAM
END:    295.25210762023926
-
START:  SAVA
END:    295.67592215538025
-
START:  SCI
END:    296.15279841423035
-
START:  SCL
END:    296.5838506221771
-
START:  SE
END:    296.7311203479767
-
START:  SEAS
END:    296.968745470047
-
START:  SEDG
END:    297.14643001556396
-
START:  SFBS
END:    297.36449909210205
-
START:  SGEN
END:    297.7172124385834
-
START:  SGMS
Not Found: No data found, symbol may be delisted
START:  SGRY
END:    297.92534732818604
-
START:  SHOP
END:    298.1320927143097
-
START:  SHW
END:    298.5443003177643
-
START:  SHYF
END:    299.97526931762695
-
START:  SITE
END:    300.1247012615204
-
START:  SIVB
END:    300.4711375236511
-
START:  SJW
END:    301.9073042869568
-
START:  SKY
END:    302.32644724845886
-
START:  SLAB
END:    303.7105989456177
-
START:  SLP
END:    304.13156056404114
-
START:  SMH
END:    304.5158998966217
-
START:  SMTC
END:    304.94830346107483
-
START:  SNAP
END:    305.1046335697174
-
START:  SNPS
END:    305.48998069763184
-
START:  SOCL
END:    305.73126578330994
-
START:  SOXL
END:    307.04576325416565
-
START:  SPGI
END:    307.4786593914032
-
START:  SPLG
END:    307.77502727508545
-
START:  SPLK
END:    307.9747169017792
-
START:  SPNS
END:    308.33088994026184
-
START:  SPSC
END:    308.5744078159332
-
START:  SPTM
END:    308.9231495857239
-
START:  SPWH
END:    309.1106698513031
-
START:  SPWR
END:    309.43719124794006
-
START:  SPXC
END:    310.85123229026794
-
START:  SPXL
END:    311.2221350669861
-
START:  SPY
END:    311.6731231212616
-
START:  SPYG
END:    312.05657148361206
-
START:  SQ
END:    312.209890127182
-
START:  SSD
END:    312.5678699016571
-
START:  SSNC
END:    312.8473467826843
-
START:  SSTK
END:    314.0724411010742
-
START:  STAA
END:    315.4423499107361
-
START:  STE
END:    315.83205556869507
-
START:  SUSA
END:    316.2043340206146
-
START:  SYK
END:    317.6226398944855
-
START:  SYNA
END:    317.99950885772705
-
START:  TBBK
END:    318.3124837875366
-
START:  TBK
END:    318.4749548435211
-
START:  TDG
END:    318.8253962993622
-
START:  TDOC
END:    319.06411480903625
-
START:  TDY
END:    319.403373003006
-
START:  TEAM
END:    319.5811221599579
-
START:  TECH
END:    321.02500915527344
-
START:  TECL
END:    321.342830657959
-
START:  TER
END:    322.72860455513
-
START:  TFX
END:    323.12782979011536
-
START:  TGH
END:    324.4435374736786
-
START:  TGLS
END:    324.6833131313324
-
START:  TGT
END:    326.142573595047
-
START:  TGTX
END:    326.37357330322266
-
START:  THC
END:    327.8114798069
-
START:  TJX
END:    328.22456192970276
-
START:  TMO
END:    329.6039800643921
-
START:  TMUS
END:    329.9023435115814
-
START:  TNDM
END:    331.14862751960754
-
START:  TNET
END:    331.36280155181885
-
START:  TPX
END:    331.70905900001526
-
START:  TREX
END:    333.09440088272095
-
START:  TRI
END:    334.55473041534424
-
START:  TRIL
Not Found: No data found, symbol may be delisted
START:  TRMB
END:    335.02175641059875
-
START:  TRNS
END:    336.3869118690491
-
START:  TROW
END:    336.8262207508087
-
START:  TRU
END:    338.0421643257141
-
START:  TRUP
END:    338.2422466278076
-
START:  TSCO
END:    338.5817050933838
-
START:  TSLA
END:    339.8399085998535
-
START:  TSM
END:    340.1977880001068
-
START:  TT
END:    341.69338846206665
-
START:  TTC
END:    342.11717462539673
-
START:  TTD
END:    343.3526248931885
-
START:  TTEC
END:    343.7279589176178
-
START:  TTEK
END:    345.1476311683655
-
START:  TTGT
END:    345.4377589225769
-
START:  TTWO
END:    346.8291869163513
-
START:  TWLO
END:    347.03010630607605
-
START:  TXN
END:    347.43645572662354
-
START:  TYL
END:    348.7997739315033
-
START:  UCTT
END:    350.1588876247406
-
START:  UFPI
END:    350.5226571559906
-
START:  UFPT
END:    350.8430509567261
-
START:  UI
END:    352.0959093570709
-
START:  UMC
END:    352.51799035072327
-
START:  UNF
END:    353.983167886734
-
START:  UNH
END:    354.41178798675537
-
START:  UNP
END:    354.83426690101624
-
START:  UPLD
END:    355.0480272769928
-
START:  URI
END:    355.3775074481964
-
START:  V
END:    356.7052652835846
-
START:  VALU
END:    357.1777603626251
-
START:  VBK
END:    357.52196073532104
-
START:  VCEL
END:    357.90371012687683
-
START:  VCR
END:    359.2897434234619
-
START:  VCTR
END:    359.4143307209015
-
START:  VCYT
END:    360.6340801715851
-
START:  VDC
END:    361.0299732685089
-
START:  VEEV
END:    364.2918019294739
-
START:  VERU
END:    364.6727249622345
-
START:  VGT
END:    366.04223442077637
-
START:  VHT
END:    366.3828649520874
-
START:  VIAV
END:    367.77745056152344
-
START:  VICR
END:    368.1554434299469
-
START:  VIG
END:    368.50779461860657
-
START:  VO
END:    368.9466435909271
-
START:  VONE
END:    369.1916608810425
-
START:  VONG
END:    369.44575357437134
-
START:  VOO
END:    369.7257001399994
-
START:  VOOG
END:    369.97520899772644
-
START:  VOOV
END:    371.25816011428833
-
START:  VOT
END:    372.6016366481781
-
START:  VPU
END:    372.9776682853699
-
START:  VRNS
END:    373.19656562805176
-
START:  VRSK
END:    374.48579621315
-
START:  VRSN
END:    374.8143677711487
-
START:  VRTV
END:    375.01217818260193
-
START:  VSTO
END:    376.19889402389526
-
START:  VTHR
END:    376.46650528907776
-
START:  VTI
END:    376.9021632671356
-
START:  VTNR
END:    377.2960572242737
-
START:  VTWG
END:    377.5579888820648
-
START:  VUG
END:    377.9371027946472
-
START:  VV
END:    378.3005893230438
-
START:  VXF
END:    379.68533635139465
-
START:  WCN
END:    380.0665624141693
-
START:  WD
END:    381.3295624256134
-
START:  WDAY
END:    381.5217616558075
-
START:  WDFC
END:    382.96913719177246
-
START:  WEC
END:    384.3876271247864
-
START:  WEN
END:    384.7931501865387
-
START:  WINA
END:    385.15094327926636
-
START:  WING
END:    386.3955018520355
-
START:  WIRE
END:    386.75183486938477
-
START:  WIX
END:    386.9735059738159
-
START:  WK
END:    388.1419906616211
-
START:  WLTW
Not Found: No data found, symbol may be delisted
START:  WM
END:    388.5851593017578
-
START:  WMS
END:    389.81540536880493
-
START:  WNS
END:    391.146089553833
-
START:  WRB
END:    391.57772302627563
-
START:  WSC
END:    391.7300443649292
-
START:  WSM
END:    392.0853736400604
-
START:  WST
END:    392.52280378341675
-
START:  WTRG
END:    392.9455404281616
-
START:  WTS
END:    393.3943226337433
-
START:  XEL
END:    393.85195803642273
-
START:  XENE
END:    394.090345621109
-
START:  XLK
END:    394.5088219642639
-
START:  XLNX
Not Found: No data found, symbol may be delisted
START:  XLP
END:    394.9733798503876
-
START:  XLRN
Not Found: No data found, symbol may be delisted
START:  XLU
END:    395.4313883781433
-
START:  XLV
END:    396.85613894462585
-
START:  XLY
END:    398.262624502182
-
START:  XYL
END:    399.5303783416748
-
START:  YNDX
END:    400.7859117984772
-
START:  YORW
END:    401.1675989627838
-
START:  YUM
END:    401.5557188987732
-
START:  Z
END:    401.7147624492645
-
START:  ZBRA
END:    402.04884672164917
-
START:  ZEN
END:    402.24001717567444
-
START:  ZLAB
END:    403.3749976158142
-
START:  ZNGA
Not Found: No data found, symbol may be delisted
START:  ZS
END:    403.55091094970703
-
START:  ZTS
END:    404.79300594329834
-
START:  ZYXI
END:    405.1308526992798
-
===========================
MACD golden cross
===========================
START:  code
START:  A
START:  AAON
START:  AAPL
START:  ABG
START:  ABT
START:  ACLS
START:  ACMR
START:  ACN
START:  ADBE
START:  ADI
START:  ADP
START:  ADSK
START:  ADUS
START:  AEE
START:  AGYS
START:  AIZ
START:  AJG
START:  AJRD
START:  ALB
START:  ALG
START:  ALGN
START:  ALLE
START:  ALTR
START:  AMAT
START:  AMBA
START:  AMD
START:  AME
START:  AMED
START:  AMEH
START:  AMGN
START:  AMN
START:  AMP
START:  AMRC
START:  AMSWA
START:  AMTX
START:  AMZN
START:  AN
START:  ANSS
START:  ANTM
START:  AON
START:  AOSL
START:  APD
START:  APH
START:  APPF
START:  APPN
START:  APPS
START:  AQN
START:  ARCB
START:  ARCT
START:  ARES
START:  ARGX
START:  ARWR
START:  ASML
START:  ASPN
START:  ATEC
START:  ATEN
START:  ATKR
START:  ATOM
START:  ATR
START:  ATRC
START:  AUDC
START:  AUPH
START:  AVAV
START:  AVGO
START:  AVID
START:  AVNW
START:  AVXL
START:  AVY
START:  AWK
START:  AWR
START:  AXON
START:  AZO
START:  AZPN
START:  BAH
START:  BAM
START:  BAX
START:  BBH
START:  BBQ
START:  BBY
START:  BCPC
START:  BDX
START:  BEEM
START:  BFAM
START:  BFC
START:  BGFV
START:  BGNE
START:  BHVN
START:  BIO
START:  BL
START:  BLD
START:  BLDP
START:  BLDR
START:  BLFS
START:  BLK
START:  BLL
START:  BLNK
START:  BMI
START:  BOOT
START:  BOTZ
START:  BR
START:  BRKR
START:  BRKS
START:  BRO
START:  BURL
START:  BX
START:  CABO
START:  CACI
START:  CALX
START:  CAMT
START:  CAR
START:  CBRE
START:  CBSH
START:  CBZ
START:  CCOI
START:  CCS
START:  CDMO
START:  CDNA
START:  CDNS
START:  CDW
START:  CELH
START:  CGNX
START:  CHD
START:  CHDN
START:  CHE
START:  CHGG
START:  CHH
START:  CHKP
START:  CHTR
START:  CIEN
START:  CLAR
START:  CLFD
START:  CLGN
START:  CLNE
START:  CLPT
START:  CLX
START:  CMCSA
START:  CMG
START:  CMS
START:  CNC
START:  CNI
START:  CNMD
START:  CNS
START:  CNXN
START:  COO
START:  COST
START:  COUP
START:  COWN
START:  CP
START:  CPK
START:  CPRT
START:  CPSH
START:  CRAI
START:  CREE
START:  CRL
START:  CRM
START:  CRMT
START:  CROX
START:  CRSP
START:  CRVL
START:  CSGP
START:  CSL
START:  CSWI
START:  CSX
START:  CTAS
START:  CTLT
START:  CTRN
START:  CURE
START:  CVCO
START:  CVNA
START:  CWST
START:  CWT
START:  CXSE
START:  CYBR
START:  CYRX
START:  CYTK
START:  DAC
START:  DAR
START:  DAVA
START:  DDS
START:  DE
START:  DECK
START:  DELL
START:  DFIN
START:  DG
START:  DGRW
START:  DHI
START:  DHR
START:  DIA
START:  DIOD
START:  DIS
START:  DKS
START:  DLN
START:  DNLI
START:  DOMO
START:  DOV
START:  DPZ
START:  DQ
START:  DRD
START:  DRIO
START:  DRNA
START:  DSGX
START:  DVAX
START:  DXCM
START:  ECL
START:  EFX
START:  EGAN
START:  EHC
START:  EL
START:  ENPH
START:  ENSG
START:  ENTG
START:  ENV
START:  EPAM
START:  ERIE
START:  ES
START:  ESE
START:  ETN
START:  ETSY
START:  EVBG
START:  EVTC
START:  EW
START:  EWT
START:  EXAS
START:  EXLS
START:  EXPD
START:  EXPI
START:  EXPO
START:  FAST
START:  FATE
START:  FB
START:  FCN
START:  FCX
START:  FDN
START:  FDS
START:  FELE
START:  FFIN
START:  FICO
START:  FINX
START:  FIS
START:  FISV
START:  FIVE
START:  FIVN
START:  FLGT
START:  FLT
START:  FLWS
START:  FN
START:  FND
START:  FNV
START:  FORM
START:  FOXF
START:  FPX
START:  FRC
START:  FRHC
START:  FRPT
START:  FSS
START:  FTNT
START:  FUV
START:  GDEN
START:  GFI
START:  GGG
START:  GIB
START:  GLDD
START:  GLOB
START:  GMAB
START:  GME
START:  GMED
START:  GNRC
START:  GNSS
START:  GNTX
START:  GOLF
START:  GOOG
START:  GOOGL
START:  GPI
START:  GPN
START:  GRBK
START:  GRMN
START:  GRVY
START:  GRWG
START:  GWRE
START:  HACK
START:  HALO
START:  HCI
START:  HD
START:  HEI
START:  HELE
START:  HIBB
START:  HLI
START:  HLT
START:  HOLX
START:  HON
START:  HOV
START:  HRC
START:  HRI
START:  HSKA
START:  HTHT
START:  HUBS
START:  HUM
START:  HZNP
START:  IAC
START:  IBP
START:  ICE
START:  ICLN
START:  ICLR
START:  IDT
START:  IDXX
START:  IESC
START:  IEX
START:  ILMN
START:  INFO
START:  INOV
START:  INSP
START:  INTC
START:  INTU
START:  INTZ
START:  INVE
START:  IOO
START:  IQV
START:  IRDM
START:  IRMD
START:  ISEE
START:  ISRG
START:  IT
START:  ITT
START:  ITW
START:  IVOG
START:  IVV
START:  IXJ
START:  IXN
START:  J
START:  JBL
START:  JBSS
START:  JD
START:  JKHY
START:  JKS
START:  JNJ
START:  JOE
START:  JOUT
START:  JYNT
START:  KAI
START:  KBH
START:  KBR
START:  KDMN
START:  KEYS
START:  KLAC
START:  KLIC
START:  KMX
START:  KNSL
START:  KOPN
START:  KOSS
START:  KRNT
START:  KSU
START:  KTOS
START:  LAC
START:  LAD
START:  LANC
START:  LAWS
START:  LDOS
START:  LFMD
START:  LGIH
START:  LH
START:  LHCG
START:  LHX
START:  LII
START:  LIN
START:  LINC
START:  LIT
START:  LLY
START:  LMT
START:  LNT
START:  LOB
START:  LOGI
START:  LOVE
START:  LOW
START:  LPLA
START:  LPSN
START:  LQDT
START:  LRCX
START:  LSCC
START:  LSTR
START:  LULU
START:  LUNA
START:  MA
START:  MANH
START:  MANT
START:  MARA
START:  MASI
START:  MATX
START:  MBUU
START:  MCD
START:  MCHP
START:  MCO
START:  MDB
START:  MDT
START:  MEDP
START:  MEDS
START:  MELI
START:  MGC
START:  MGIC
START:  MGK
START:  MGNI
START:  MHO
START:  MIME
START:  MITK
START:  MKC
START:  MKSI
START:  MKTX
START:  MLAB
START:  MLR
START:  MMC
START:  MMS
START:  MNMD
START:  MNST
START:  MODN
START:  MODV
START:  MOH
START:  MORN
START:  MPWR
START:  MRTX
START:  MRVL
START:  MS
START:  MSA
START:  MSCI
START:  MSEX
START:  MSFT
START:  MSI
START:  MSTR
START:  MTBC
START:  MTCH
START:  MTD
START:  MTEX
START:  MTH
START:  MTLS
START:  MTSI
START:  MU
START:  MUSA
START:  MVIS
START:  MXL
START:  MYRG
START:  NBIX
START:  NCBS
START:  NDAQ
START:  NDSN
START:  NEE
START:  NEO
START:  NEOG
START:  NFLX
START:  NICE
START:  NISN
START:  NKE
START:  NOVT
START:  NOW
START:  NSC
START:  NSIT
START:  NSSC
START:  NSTG
START:  NTLA
START:  NTRA
START:  NUAN
START:  NVCR
START:  NVDA
START:  NVMI
START:  NVO
START:  NVR
START:  NXST
START:  NYT
START:  OBCI
START:  ODFL
START:  OEF
START:  OFLX
START:  OLED
START:  OMCL
START:  ON
START:  OOMA
START:  OPRX
START:  ORA
START:  ORCL
START:  ORLY
START:  ORMP
START:  OTEX
START:  PACB
START:  PAG
START:  PANW
START:  PAR
START:  PAYC
START:  PAYX
START:  PBD
START:  PCTY
START:  PEGA
START:  PEN
START:  PENN
START:  PEP
START:  PERI
START:  PFSI
START:  PGR
START:  PH
START:  PHM
START:  PKI
START:  PLL
START:  PLNT
START:  PLUG
START:  PLXS
START:  PODD
START:  POOL
START:  POWI
START:  PRFT
START:  PRI
START:  PRTA
START:  PRTS
START:  PTSI
START:  PWR
START:  PYPL
START:  QADA
START:  QCLN
START:  QDEL
START:  QGEN
START:  QLYS
START:  QQQ
START:  QRVO
START:  QTWO
START:  RADA
START:  RAMP
START:  RBA
START:  RCII
START:  RCKY
START:  RDNT
START:  RDVT
START:  RDWR
START:  REGI
START:  RENN
START:  RGEN
START:  RH
START:  RILY
START:  RIOT
START:  RLI
START:  RLMD
START:  RMD
START:  RNG
START:  ROBO
START:  ROCK
START:  ROK
START:  ROKU
START:  ROL
START:  ROP
START:  ROST
START:  RPD
START:  RPM
START:  RSG
START:  RTH
START:  RUN
START:  RXI
START:  SAIA
START:  SAIC
START:  SAM
START:  SAVA
START:  SCI
START:  SCL
START:  SE
START:  SEAS
START:  SEDG
START:  SFBS
START:  SGEN
START:  SGMS
START:  SGRY
START:  SHOP
START:  SHW
START:  SHYF
START:  SITE
START:  SIVB
START:  SJW
START:  SKY
START:  SLAB
START:  SLP
START:  SMH
START:  SMTC
START:  SNAP
START:  SNPS
START:  SOCL
START:  SOXL
START:  SPGI
START:  SPLG
START:  SPLK
START:  SPNS
START:  SPSC
START:  SPTM
START:  SPWH
START:  SPWR
START:  SPXC
START:  SPXL
START:  SPY
START:  SPYG
START:  SQ
START:  SSD
START:  SSNC
START:  SSTK
START:  STAA
START:  STE
START:  SUSA
START:  SYK
START:  SYNA
START:  TBBK
START:  TBK
START:  TDG
START:  TDOC
START:  TDY
START:  TEAM
START:  TECH
START:  TECL
START:  TER
START:  TFX
START:  TGH
START:  TGLS
START:  TGT
START:  TGTX
START:  THC
START:  TJX
START:  TMO
START:  TMUS
START:  TNDM
START:  TNET
START:  TPX
START:  TREX
START:  TRI
START:  TRIL
START:  TRMB
START:  TRNS
START:  TROW
START:  TRU
START:  TRUP
START:  TSCO
START:  TSLA
START:  TSM
START:  TT
START:  TTC
START:  TTD
START:  TTEC
START:  TTEK
START:  TTGT
START:  TTWO
START:  TWLO
START:  TXN
START:  TYL
START:  UCTT
START:  UFPI
START:  UFPT
START:  UI
START:  UMC
START:  UNF
START:  UNH
START:  UNP
START:  UPLD
START:  URI
START:  V
START:  VALU
START:  VBK
START:  VCEL
START:  VCR
START:  VCTR
START:  VCYT
START:  VDC
START:  VEEV
START:  VERU
START:  VGT
START:  VHT
START:  VIAV
START:  VICR
START:  VIG
START:  VO
START:  VONE
START:  VONG
START:  VOO
START:  VOOG
START:  VOOV
START:  VOT
START:  VPU
START:  VRNS
START:  VRSK
START:  VRSN
START:  VRTV
START:  VSTO
START:  VTHR
START:  VTI
START:  VTNR
START:  VTWG
START:  VUG
START:  VV
START:  VXF
START:  WCN
START:  WD
START:  WDAY
START:  WDFC
START:  WEC
START:  WEN
START:  WINA
START:  WING
START:  WIRE
START:  WIX
START:  WK
START:  WLTW
START:  WM
START:  WMS
START:  WNS
START:  WRB
START:  WSC
START:  WSM
START:  WST
START:  WTRG
START:  WTS
START:  XEL
START:  XENE
START:  XLK
START:  XLNX
START:  XLP
START:  XLRN
START:  XLU
START:  XLV
START:  XLY
START:  XYL
START:  YNDX
START:  YORW
START:  YUM
START:  Z
START:  ZBRA
START:  ZEN
START:  ZLAB
START:  ZNGA
START:  ZS
START:  ZTS
START:  ZYXI
==== MACD golden cross ====
None
code: CDMO     day: macd + hist + hist_1pre + ,  Week: macd + hist + hist_1pre - , Month: macd + hist - hist_1pre - , 
Trade --> code: CDMO   BUY: 2005-02-28   42.00 SELL: 2005-08-31   38.50  macd:   -0.39 macd_count:   6 profit:  0.92
Trade --> code: CDMO   BUY: 2006-04-30   48.65 SELL: 2007-01-31   40.95  macd:   -0.29 macd_count:   9 profit:  0.84
Trade --> code: CDMO   BUY: 2010-04-30   28.07 SELL: 2010-06-30   15.05  macd:   -0.19 macd_count:   2 profit:  0.54
Trade --> code: CDMO   BUY: 2014-02-28   12.67 SELL: 2015-01-31    8.96  macd:   -0.10 macd_count:  11 profit:  0.71
Trade --> code: CDMO   BUY: 2018-08-31    7.32 SELL: 2019-03-31    4.25  macd:   -0.01 macd_count:   7 profit:  0.58
Trade --> code: CDMO   BUY: 2019-04-30    4.79 SELL: 2019-05-31    3.89  macd:   -0.03 macd_count:   1 profit:  0.81
Trade --> code: CDMO   BUY: 2019-06-30    5.60 SELL: 2022-09-30   18.64  macd:    0.97 macd_count:  40 profit:  3.33

code: LLY      day: macd + hist + hist_1pre + ,  Week: macd + hist + hist_1pre - , Month: macd + hist + hist_1pre + , 
Trade --> code: LLY    BUY: 2011-11-30   37.85 SELL: 2022-09-30  331.08  macd:   36.82 macd_count: 131 profit:  8.75

code: NUAN     day: macd + hist + hist_1pre + ,  Week: macd + hist + hist_1pre - , Month: macd + hist - hist_1pre - , 
Trade --> code: NUAN   BUY: 2005-11-30    5.38 SELL: 2008-11-30    7.94  macd:   -0.14 macd_count:  36 profit:  1.48
Trade --> code: NUAN   BUY: 2009-12-31   13.44 SELL: 2013-05-31   16.44  macd:   -0.10 macd_count:  41 profit:  1.22
Trade --> code: NUAN   BUY: 2015-11-30   18.11 SELL: 2016-07-31   13.90  macd:   -0.05 macd_count:   8 profit:  0.77
Trade --> code: NUAN   BUY: 2017-05-31   16.01 SELL: 2017-09-30   13.60  macd:   -0.04 macd_count:   4 profit:  0.85
Trade --> code: NUAN   BUY: 2019-04-30   14.56 SELL: 2022-03-31   55.99  macd:    7.14 macd_count:  36 profit:  3.85

