Tue May 16 13:50:02 UTC 2023
arg[0]: scraping/yahoo-finace-api2.py, arg[1]: stock-code-list/buy-list.txt
===========================
scraping
===========================
START:  AAPL
END:    0.35451769828796387
-
START:  EL
END:    0.6639406681060791
-
START:  NEE
END:    0.999049186706543
-
START:  AMD
END:    1.277726173400879
-
START:  APH
END:    1.584177017211914
-
START:  XLP
END:    1.9477663040161133
-
START:  SPXL
END:    2.2059640884399414
-
START:  KEYS
END:    2.407442808151245
-
START:  VDC
END:    2.7204062938690186
-
START:  SPTM
END:    3.073637008666992
-
START:  SPLG
END:    3.3474020957946777
-
START:  CROX
END:    3.5968446731567383
-
START:  AXON
END:    3.9018032550811768
-
START:  AWR
END:    4.2483203411102295
-
START:  FN
END:    4.477604866027832
-
START:  NXST
END:    4.776125907897949
-
START:  TREX
END:    5.083155393600464
-
START:  RGEN
END:    5.403878927230835
-
START:  EXPO
END:    5.693696975708008
-
START:  BCPC
END:    6.023605585098267
-
START:  SOXL
END:    6.253099203109741
-
START:  TECL
END:    6.502106428146362
-
START:  NEO
END:    6.768823146820068
-
START:  NVMI
END:    7.0607335567474365
-
START:  NVDA
END:    7.369800329208374
-
START:  BBDC
END:    7.638799667358398
-
START:  APPS
END:    7.885148763656616
-
START:  ROK
END:    8.218041181564331
-
START:  NHTC
END:    8.519613981246948
-
START:  ZYXI
END:    8.79706621170044
-
START:  LIT
END:    9.005069971084595
-
START:  LLY
END:    9.348975658416748
-
START:  GTLB
END:    9.434932231903076
-
START:  MCD
END:    9.803802251815796
-
START:  MSI
END:    10.201141834259033
-
START:  HCP
END:    10.267626523971558
-
START:  ON
END:    10.544298887252808
-
===========================
MACD sell
===========================
START:  AAPL
START:  EL
START:  NEE
START:  AMD
START:  APH
START:  XLP
START:  SPXL
START:  KEYS
START:  VDC
START:  SPTM
START:  SPLG
START:  CROX
START:  AXON
START:  AWR
START:  FN
START:  NXST
START:  TREX
START:  RGEN
START:  EXPO
START:  BCPC
START:  SOXL
START:  TECL
START:  NEO
START:  NVMI
START:  NVDA
START:  BBDC
START:  APPS
START:  ROK
START:  NHTC
START:  ZYXI
START:  LIT
START:  LLY
START:  GTLB
START:  MCD
START:  MSI
START:  HCP
START:  ON
==== MACD list ====
code: AAPL     day: macd + hist - ,  Week: macd + hist + , Month: macd + hist + , 
code: EL       day: macd - hist - ,  Week: macd - hist - , Month: macd - hist - , 
code: NEE      day: macd + hist + ,  Week: macd - hist + , Month: macd + hist - , 
code: AMD      day: macd + hist + ,  Week: macd + hist + , Month: macd + hist + , 
code: APH      day: macd - hist + ,  Week: macd - hist - , Month: macd + hist - , 
code: XLP      day: macd + hist - ,  Week: macd + hist + , Month: macd + hist - , 
code: SPXL     day: macd + hist - ,  Week: macd + hist + , Month: macd - hist - , 
code: KEYS     day: macd - hist + ,  Week: macd - hist - , Month: macd + hist - , 
code: VDC      day: macd + hist - ,  Week: macd + hist + , Month: macd + hist - , 
code: SPTM     day: macd + hist - ,  Week: macd + hist + , Month: macd + hist - , 
code: SPLG     day: macd + hist - ,  Week: macd + hist + , Month: macd + hist - , 
code: CROX     day: macd - hist - ,  Week: macd + hist - , Month: macd + hist + , 
code: AXON     day: macd - hist - ,  Week: macd + hist - , Month: macd + hist + , 
code: AWR      day: macd + hist + ,  Week: macd - hist + , Month: macd + hist - , 
code: FN       day: macd - hist + ,  Week: macd - hist - , Month: macd + hist - , 
code: NXST     day: macd - hist - ,  Week: macd - hist - , Month: macd + hist - , 
code: TREX     day: macd + hist - ,  Week: macd + hist + , Month: macd - hist + , 
code: RGEN     day: macd - hist - ,  Week: macd - hist - , Month: macd - hist - , 
code: EXPO     day: macd - hist - ,  Week: macd - hist - , Month: macd + hist - , 
code: BCPC     day: macd - hist - ,  Week: macd - hist - , Month: macd + hist - , 
code: SOXL     day: macd - hist + ,  Week: macd + hist - , Month: macd - hist - , 
code: TECL     day: macd + hist + ,  Week: macd + hist + , Month: macd - hist + , 
code: NEO      day: macd + hist + ,  Week: macd + hist + , Month: macd - hist + , 
code: NVMI     day: macd - hist + ,  Week: macd + hist - , Month: macd + hist - , 
code: NVDA     day: macd + hist + ,  Week: macd + hist - , Month: macd + hist + , 
code: BBDC     day: macd - hist + ,  Week: macd - hist + , Month: macd - hist - , 
code: APPS     day: macd + hist + ,  Week: macd - hist + , Month: macd - hist - , 
code: ROK      day: macd - hist - ,  Week: macd + hist - , Month: macd + hist + , 
code: NHTC     day: macd + hist - ,  Week: macd + hist - , Month: macd - hist + , 
code: ZYXI     day: macd - hist - ,  Week: macd - hist - , Month: macd + hist + , 
code: LIT      day: macd + hist + ,  Week: macd - hist + , Month: macd + hist - , 
code: LLY      day: macd + hist + ,  Week: macd + hist + , Month: macd + hist + , 
code: GTLB     day: macd - hist + ,  Week: macd - hist - , Month: macd + hist + , 
code: MCD      day: macd + hist - ,  Week: macd + hist + , Month: macd + hist + , 
code: MSI      day: macd + hist - ,  Week: macd + hist + , Month: macd + hist + , 
code: HCP      day: macd + hist + ,  Week: macd - hist + , Month: macd + hist + , 
code: ON       day: macd + hist + ,  Week: macd + hist + , Month: macd + hist + , 
==== MACD sell list ====
code: AAPL     day: macd + hist - , 
code: EL       day: macd - hist - , 
code: EL       day: macd - hist - ,  Week: macd - hist - , 
code: EL       day: macd - hist - ,  Week: macd - hist - , Month: macd - hist - , 
code: NEE      day: macd + hist + ,  Week: macd - hist + , Month: macd + hist - , 
code: APH      day: macd - hist + ,  Week: macd - hist - , 
code: APH      day: macd - hist + ,  Week: macd - hist - , Month: macd + hist - , 
code: XLP      day: macd + hist - , 
code: XLP      day: macd + hist - ,  Week: macd + hist + , Month: macd + hist - , 
code: SPXL     day: macd + hist - , 
code: SPXL     day: macd + hist - ,  Week: macd + hist + , Month: macd - hist - , 
code: KEYS     day: macd - hist + ,  Week: macd - hist - , 
code: KEYS     day: macd - hist + ,  Week: macd - hist - , Month: macd + hist - , 
code: VDC      day: macd + hist - , 
code: VDC      day: macd + hist - ,  Week: macd + hist + , Month: macd + hist - , 
code: SPTM     day: macd + hist - , 
code: SPTM     day: macd + hist - ,  Week: macd + hist + , Month: macd + hist - , 
code: SPLG     day: macd + hist - , 
code: SPLG     day: macd + hist - ,  Week: macd + hist + , Month: macd + hist - , 
code: CROX     day: macd - hist - , 
code: CROX     day: macd - hist - ,  Week: macd + hist - , 
code: AXON     day: macd - hist - , 
code: AXON     day: macd - hist - ,  Week: macd + hist - , 
code: AWR      day: macd + hist + ,  Week: macd - hist + , Month: macd + hist - , 
code: FN       day: macd - hist + ,  Week: macd - hist - , 
code: FN       day: macd - hist + ,  Week: macd - hist - , Month: macd + hist - , 
code: NXST     day: macd - hist - , 
code: NXST     day: macd - hist - ,  Week: macd - hist - , 
code: NXST     day: macd - hist - ,  Week: macd - hist - , Month: macd + hist - , 
code: TREX     day: macd + hist - , 
code: RGEN     day: macd - hist - , 
code: RGEN     day: macd - hist - ,  Week: macd - hist - , 
code: RGEN     day: macd - hist - ,  Week: macd - hist - , Month: macd - hist - , 
code: EXPO     day: macd - hist - , 
code: EXPO     day: macd - hist - ,  Week: macd - hist - , 
code: EXPO     day: macd - hist - ,  Week: macd - hist - , Month: macd + hist - , 
code: BCPC     day: macd - hist - , 
code: BCPC     day: macd - hist - ,  Week: macd - hist - , 
code: BCPC     day: macd - hist - ,  Week: macd - hist - , Month: macd + hist - , 
code: SOXL     day: macd - hist + ,  Week: macd + hist - , 
code: SOXL     day: macd - hist + ,  Week: macd + hist - , Month: macd - hist - , 
code: NVMI     day: macd - hist + ,  Week: macd + hist - , 
code: NVMI     day: macd - hist + ,  Week: macd + hist - , Month: macd + hist - , 
code: NVDA     day: macd + hist + ,  Week: macd + hist - , 
code: BBDC     day: macd - hist + ,  Week: macd - hist + , Month: macd - hist - , 
code: APPS     day: macd + hist + ,  Week: macd - hist + , Month: macd - hist - , 
code: ROK      day: macd - hist - , 
code: ROK      day: macd - hist - ,  Week: macd + hist - , 
code: NHTC     day: macd + hist - , 
code: NHTC     day: macd + hist - ,  Week: macd + hist - , 
code: ZYXI     day: macd - hist - , 
code: ZYXI     day: macd - hist - ,  Week: macd - hist - , 
code: LIT      day: macd + hist + ,  Week: macd - hist + , Month: macd + hist - , 
code: GTLB     day: macd - hist + ,  Week: macd - hist - , 
code: MCD      day: macd + hist - , 
code: MSI      day: macd + hist - , 
===========================
profit
===========================
==== plus ====
XLP  , macd +, macd hist -, profit:   [3.97], per:   [5.47], now:  [76.55], buy:  [72.58]
VDC  , macd +, macd hist -, profit:   [8.49], per:   [4.48], now: [198.02], buy: [189.53]
AXON , macd -, macd hist -, profit:  [65.63], per:  [47.51], now: [203.78], buy: [138.15]
NEO  , macd +, macd hist +, profit:   [0.66], per:    [3.7], now:   [18.5], buy:  [17.84]
NVDA , macd +, macd hist +, profit:  [36.09], per:  [14.12], now: [291.76], buy: [255.67]
ZYXI , macd -, macd hist -, profit:   [3.14], per:  [49.45], now:   [9.51], buy:   [6.36]
LLY  , macd +, macd hist +, profit: [162.71], per:  [60.04], now: [433.71], buy:   [271.]
MCD  , macd +, macd hist -, profit:  [42.14], per:  [16.63], now:  [295.6], buy: [253.46]
MSI  , macd +, macd hist -, profit:  [40.01], per:  [15.92], now: [291.42], buy: [251.41]
ON   , macd +, macd hist +, profit:  [22.39], per:   [37.4], now:  [82.25], buy:  [59.86]
-
     plus  len:  10
     profit: [385.24], per:  [254.7], per/len(p):  [25.47], per/len(p+m):   [6.88]
-
==== minus ====
AAPL , macd +, macd hist -, profit:       [], per:       [], now: [172.84], buy:       []
EL   , macd -, macd hist -, profit: [-140.25], per: [-41.28], now:  [199.5], buy: [339.75]
NEE  , macd +, macd hist +, profit:  [-8.21], per:  [-9.62], now:  [77.12], buy:  [85.33]
AMD  , macd +, macd hist +, profit:  [-19.4], per: [-16.14], now: [100.83], buy: [120.23]
APH  , macd -, macd hist +, profit:       [], per:       [], now:  [75.13], buy:       []
SPXL , macd +, macd hist -, profit: [-56.86], per: [-43.66], now:  [73.37], buy: [130.23]
KEYS , macd -, macd hist +, profit: [-37.58], per:  [-20.2], now: [148.48], buy: [186.06]
SPTM , macd +, macd hist -, profit:  [-5.94], per:  [-10.5], now:  [50.64], buy:  [56.58]
SPLG , macd +, macd hist -, profit:  [-5.52], per: [-10.22], now:  [48.47], buy:  [53.99]
CROX , macd -, macd hist -, profit: [-61.77], per: [-34.82], now: [115.65], buy: [177.42]
AWR  , macd +, macd hist +, profit:       [], per:       [], now:  [90.66], buy:       []
FN   , macd -, macd hist +, profit:  [-24.6], per: [-21.05], now:  [92.26], buy: [116.86]
NXST , macd -, macd hist -, profit:  [-3.45], per:  [-2.12], now: [159.05], buy:  [162.5]
TREX , macd +, macd hist -, profit: [-14.02], per: [-20.03], now:  [55.98], buy:    [70.]
RGEN , macd -, macd hist -, profit: [-29.26], per: [-16.28], now:  [150.4], buy: [179.66]
EXPO , macd -, macd hist -, profit:  [-15.1], per: [-14.93], now:  [86.01], buy: [101.11]
BCPC , macd -, macd hist -, profit: [-10.65], per:  [-7.77], now: [126.43], buy: [137.08]
SOXL , macd -, macd hist +, profit: [-26.78], per: [-63.62], now:  [15.31], buy:  [42.09]
TECL , macd +, macd hist +, profit: [-23.01], per: [-37.88], now:  [37.73], buy:  [60.74]
NVMI , macd -, macd hist +, profit: [-18.41], per: [-16.06], now:  [96.24], buy: [114.65]
BBDC , macd -, macd hist +, profit:  [-3.05], per:  [-28.8], now:   [7.55], buy:   [10.6]
APPS , macd +, macd hist +, profit:  [-31.2], per: [-71.44], now:  [12.47], buy:  [43.67]
ROK  , macd -, macd hist -, profit: [-70.01], per: [-20.48], now: [271.88], buy: [341.89]
NHTC , macd +, macd hist -, profit:   [-1.7], per: [-23.68], now:   [5.47], buy:   [7.17]
LIT  , macd +, macd hist +, profit: [-29.22], per: [-31.79], now:  [62.69], buy:  [91.91]
GTLB , macd -, macd hist +, profit: [-22.48], per: [-42.62], now:  [30.27], buy:  [52.76]
HCP  , macd +, macd hist +, profit:  [-23.3], per: [-42.91], now:    [31.], buy:   [54.3]
-
     minus len:  27
     profit:       [], per:       [], per/len(m):       [], per/len(p+m):       []
-
==== total ====
     profit:       [], per:       [], per/len(p+m):       []
arg[0]: scraping/yahoo-finace-api2.py, arg[1]: stock-code-list/up-month.txt
===========================
scraping
===========================
START:  A
END:    0.33563756942749023
-
START:  AAON
END:    0.6658291816711426
-
START:  AAPL
END:    0.9995806217193604
-
START:  ABG
END:    1.3029277324676514
-
START:  ABT
END:    1.6564691066741943
-
START:  ACLS
END:    1.9309937953948975
-
START:  ACMR
END:    2.0541141033172607
-
START:  ACN
END:    2.3714005947113037
-
START:  ADBE
END:    2.687894821166992
-
START:  ADI
END:    3.036734104156494
-
START:  ADP
END:    3.380857467651367
-
START:  ADSK
END:    3.7030677795410156
-
START:  ADUS
END:    3.904022455215454
-
START:  AEE
END:    4.2112720012664795
-
START:  AGYS
END:    4.5804455280303955
-
START:  AIZ
END:    4.884241580963135
-
START:  AJG
END:    5.222830295562744
-
START:  AJRD
END:    5.554102897644043
-
START:  ALB
END:    5.874652147293091
-
START:  ALG
END:    6.229828596115112
-
START:  ALGN
END:    6.528175354003906
-
START:  ALLE
END:    6.714026212692261
-
START:  ALTR
END:    6.853298187255859
-
START:  AMAT
END:    7.172767639160156
-
START:  AMBA
END:    7.365445137023926
-
START:  AMD
END:    7.683753252029419
-
START:  AME
END:    8.01196026802063
-
START:  AMED
END:    8.2903311252594
-
START:  AMEH
END:    8.4981050491333
-
START:  AMGN
END:    8.797727108001709
-
START:  AMN
END:    9.075756072998047
-
START:  AMP
END:    9.35584545135498
-
START:  AMRC
END:    9.55987811088562
-
START:  AMSWA
END:    9.888453006744385
-
START:  AMTX
END:    10.130355596542358
-
START:  AMZN
END:    10.413360357284546
-
START:  AN
END:    11.715518951416016
-
START:  ANSS
END:    11.99363923072815
-
START:  ANTM
Not Found: No data found, symbol may be delisted
START:  AON
END:    12.374066591262817
-
START:  AOSL
END:    12.601915121078491
-
START:  APD
END:    12.936272859573364
-
START:  APH
END:    13.24019455909729
-
START:  APPF
END:    14.419794797897339
-
START:  APPN
END:    14.556265354156494
-
START:  APPS
END:    14.787129163742065
-
START:  AQN
END:    15.00881838798523
-
START:  ARCB
END:    15.412536144256592
-
START:  ARCT
END:    15.583729267120361
-
START:  ARES
END:    15.775012731552124
-
START:  ARGX
END:    15.926165103912354
-
START:  ARWR
END:    16.217545986175537
-
START:  ASML
END:    16.529670238494873
-
START:  ASPN
END:    16.688491106033325
-
START:  ATEC
END:    16.928050756454468
-
START:  ATEN
END:    17.09183931350708
-
START:  ATKR
END:    17.25436520576477
-
START:  ATOM
END:    17.403393030166626
-
START:  ATR
END:    18.74134373664856
-
START:  ATRC
END:    18.993094205856323
-
START:  AUDC
END:    19.288615226745605
-
START:  AUPH
END:    19.45122241973877
-
START:  AVAV
END:    19.687320709228516
-
START:  AVGO
END:    19.926538705825806
-
START:  AVID
END:    20.207142114639282
-
START:  AVNW
END:    20.480338096618652
-
START:  AVXL
END:    20.70471739768982
-
START:  AVY
END:    21.075290203094482
-
START:  AWK
END:    21.340083122253418
-
START:  AWR
END:    21.670971155166626
-
START:  AXON
END:    22.955969095230103
-
START:  AZO
END:    23.247424840927124
-
START:  AZPN
END:    23.523780345916748
-
START:  BAH
END:    23.73325252532959
-
START:  BAM
END:    23.788172245025635
-
START:  BAX
END:    24.16950559616089
-
START:  BBH
END:    24.479244709014893
-
START:  BBQ
END:    24.80008316040039
-
START:  BBY
END:    25.144099712371826
-
START:  BCPC
END:    25.463967323303223
-
START:  BDX
END:    25.815974712371826
-
START:  BEEM
END:    26.006173849105835
-
START:  BFAM
END:    26.194448232650757
-
START:  BFC
END:    26.464800596237183
-
START:  BGFV
END:    26.77919316291809
-
START:  BGNE
END:    26.923136472702026
-
START:  BHVN
END:    26.982166051864624
-
START:  BIO
END:    27.259093761444092
-
START:  BL
END:    27.395724058151245
-
START:  BLD
END:    27.554550409317017
-
START:  BLDP
END:    27.836199045181274
-
START:  BLDR
END:    28.09258794784546
-
START:  BLFS
END:    28.361753702163696
-
START:  BLK
END:    28.69539785385132
-
START:  BLL
Not Found: No data found, symbol may be delisted
START:  BLNK
END:    28.955684185028076
-
START:  BMI
END:    29.309460401535034
-
START:  BOOT
END:    29.47232151031494
-
START:  BOTZ
END:    29.620768070220947
-
START:  BR
END:    29.896859645843506
-
START:  BRKR
END:    30.184184312820435
-
START:  BRKS
Not Found: No data found, symbol may be delisted
START:  BRO
END:    30.581342697143555
-
START:  BURL
END:    30.757543563842773
-
START:  BX
END:    31.018202781677246
-
START:  CABO
END:    31.19016933441162
-
START:  CACI
END:    31.488832473754883
-
START:  CALX
END:    31.694775581359863
-
START:  CAMT
END:    31.98696780204773
-
START:  CAR
END:    32.27838659286499
-
START:  CBRE
END:    32.5449161529541
-
START:  CBSH
END:    32.87926411628723
-
START:  CBZ
END:    33.1552996635437
-
START:  CCOI
END:    33.46075415611267
-
START:  CCS
END:    33.621689558029175
-
START:  CDMO
END:    33.89703941345215
-
START:  CDNA
END:    34.07304286956787
-
START:  CDNS
END:    34.35714602470398
-
START:  CDW
END:    34.53862023353577
-
START:  CELH
END:    34.784008264541626
-
START:  CGNX
END:    35.09193992614746
-
START:  CHD
END:    36.431578397750854
-
START:  CHDN
END:    36.76289987564087
-
START:  CHE
END:    37.09371757507324
-
START:  CHGG
END:    37.26306414604187
-
START:  CHH
END:    37.58628463745117
-
START:  CHKP
END:    37.86463260650635
-
START:  CHTR
END:    38.11019444465637
-
START:  CIEN
END:    39.47342276573181
-
START:  CLAR
END:    39.76852536201477
-
START:  CLFD
END:    40.032021284103394
-
START:  CLGN
END:    40.15178084373474
-
START:  CLNE
END:    40.378875970840454
-
START:  CLPT
END:    40.556891441345215
-
START:  CLX
END:    40.901212215423584
-
START:  CMCSA
END:    41.243234157562256
-
START:  CMG
END:    41.48935031890869
-
START:  CMS
END:    41.83567690849304
-
START:  CNC
END:    42.152815103530884
-
START:  CNI
END:    42.46739053726196
-
START:  CNMD
END:    42.75936722755432
-
START:  CNS
END:    43.08369493484497
-
START:  CNXN
END:    43.39412307739258
-
START:  COO
END:    43.75373077392578
-
START:  COST
END:    44.07472252845764
-
START:  COUP
Not Found: No data found, symbol may be delisted
START:  COWN
Not Found: No data found, symbol may be delisted
START:  CP
END:    44.49745321273804
-
START:  CPK
END:    44.836793661117554
-
START:  CPRT
END:    45.12560486793518
-
START:  CPSH
END:    45.45167636871338
-
START:  CRAI
END:    45.75301814079285
-
START:  CREE
Not Found: No data found, symbol may be delisted
START:  CRL
END:    46.08807921409607
-
START:  CRM
END:    46.38192868232727
-
START:  CRMT
END:    46.68246054649353
-
START:  CROX
END:    46.936150312423706
-
START:  CRSP
END:    47.086249351501465
-
START:  CRVL
END:    47.385388135910034
-
START:  CSGP
END:    47.677056312561035
-
START:  CSL
END:    48.012887716293335
-
START:  CSWI
END:    48.178446769714355
-
START:  CSX
END:    48.511414527893066
-
START:  CTAS
END:    48.827420234680176
-
START:  CTLT
END:    48.99106216430664
-
START:  CTRN
END:    49.26124405860901
-
START:  CURE
END:    49.472450733184814
-
START:  CVCO
END:    49.75530767440796
-
START:  CVNA
END:    49.89274072647095
-
START:  CWST
END:    50.18656873703003
-
START:  CWT
END:    50.53937649726868
-
START:  CXSE
END:    50.7441029548645
-
START:  CYBR
END:    50.93213891983032
-
START:  CYRX
END:    51.19031095504761
-
START:  CYTK
END:    51.468045711517334
-
START:  DAC
END:    51.741827726364136
-
START:  DAR
END:    52.01513409614563
-
START:  DAVA
END:    52.130728244781494
-
START:  DDS
END:    52.493128538131714
-
START:  DE
END:    52.861663579940796
-
START:  DECK
END:    53.12247133255005
-
START:  DELL
END:    53.27335977554321
-
START:  DFIN
END:    53.405486822128296
-
START:  DG
END:    53.62002468109131
-
START:  DGRW
END:    53.826534032821655
-
START:  DHI
END:    54.166460275650024
-
START:  DHR
END:    54.494064807891846
-
START:  DIA
END:    54.824137449264526
-
START:  DIOD
END:    55.30012774467468
-
START:  DIS
END:    56.678258419036865
-
START:  DKS
END:    56.97618055343628
-
START:  DLN
END:    57.27035880088806
-
START:  DNLI
END:    57.40482711791992
-
START:  DOMO
END:    57.51014447212219
-
START:  DOV
END:    57.84294581413269
-
START:  DPZ
END:    58.149380683898926
-
START:  DQ
END:    58.344815254211426
-
START:  DRD
END:    58.63909578323364
-
START:  DRIO
END:    59.80249500274658
-
START:  DRNA
Not Found: No data found, symbol may be delisted
START:  DSGX
END:    60.13539671897888
-
START:  DVAX
END:    60.392934799194336
-
START:  DXCM
END:    60.66739082336426
-
START:  ECL
END:    61.006328105926514
-
START:  EFX
END:    61.328237533569336
-
START:  EGAN
END:    61.599591970443726
-
START:  EHC
END:    61.89633369445801
-
START:  EL
END:    62.234596490859985
-
START:  ENPH
END:    62.433069944381714
-
START:  ENSG
END:    62.70041012763977
-
START:  ENTG
END:    64.04612636566162
-
START:  ENV
END:    64.27700757980347
-
START:  EPAM
END:    64.4631929397583
-
START:  ERIE
END:    64.78477072715759
-
START:  ES
END:    65.17791962623596
-
START:  ESE
END:    65.49188113212585
-
START:  ETN
END:    65.85710263252258
-
START:  ETSY
END:    66.01999735832214
-
START:  EVBG
END:    66.15812730789185
-
START:  EVTC
END:    66.34649705886841
-
START:  EW
END:    66.64480495452881
-
START:  EWT
END:    66.95379853248596
-
START:  EXAS
END:    67.24922680854797
-
START:  EXLS
END:    67.48819017410278
-
START:  EXPD
END:    67.808429479599
-
START:  EXPI
END:    67.94019079208374
-
START:  EXPO
END:    68.2363166809082
-
START:  FAST
END:    69.61121487617493
-
START:  FATE
END:    69.78889870643616
-
START:  FB
Not Found: No data found, symbol may be delisted
START:  FCN
END:    71.10328531265259
-
START:  FCX
END:    71.44941186904907
-
START:  FDN
END:    71.70947360992432
-
START:  FDS
END:    72.04308843612671
-
START:  FELE
END:    72.38276767730713
-
START:  FFIN
END:    72.76214385032654
-
START:  FICO
END:    73.08250212669373
-
START:  FINX
END:    73.22925233840942
-
START:  FIS
END:    73.56672692298889
-
START:  FISV
END:    73.84730291366577
-
START:  FIVE
END:    74.0147590637207
-
START:  FIVN
END:    74.18570637702942
-
START:  FLGT
END:    74.31884789466858
-
START:  FLT
END:    74.51042914390564
-
START:  FLWS
END:    74.79632616043091
-
START:  FN
END:    75.00856971740723
-
START:  FND
END:    75.14227175712585
-
START:  FNV
END:    75.38886785507202
-
START:  FORM
END:    76.68844628334045
-
START:  FOXF
END:    77.88194537162781
-
START:  FPX
END:    78.18509340286255
-
START:  FRC
END:    78.23716330528259
-
START:  FRHC
END:    78.36507844924927
-
START:  FRPT
END:    78.53482437133789
-
START:  FSS
END:    79.87988018989563
-
START:  FTNT
END:    80.11138224601746
-
START:  FUV
END:    80.23374438285828
-
START:  GDEN
END:    80.49840235710144
-
START:  GFI
END:    80.84476089477539
-
START:  GGG
END:    81.18938040733337
-
START:  GIB
END:    81.47101283073425
-
START:  GLDD
END:    81.72861313819885
-
START:  GLOB
END:    81.92710494995117
-
START:  GMAB
END:    82.14169359207153
-
START:  GME
END:    82.43849611282349
-
START:  GMED
END:    82.62475085258484
-
START:  GNRC
END:    82.83406710624695
-
START:  GNSS
END:    83.11205840110779
-
START:  GNTX
END:    83.49752259254456
-
START:  GOLF
END:    83.64932107925415
-
START:  GOOG
END:    84.97071266174316
-
START:  GOOGL
END:    85.23504400253296
-
START:  GPI
END:    85.53811025619507
-
START:  GPN
END:    85.84206295013428
-
START:  GRBK
END:    87.10352921485901
-
START:  GRMN
END:    87.44225072860718
-
START:  GRVY
END:    87.68801856040955
-
START:  GRWG
END:    87.81453347206116
-
START:  GWRE
END:    88.0117564201355
-
START:  HACK
END:    88.18857049942017
-
START:  HALO
END:    88.46904945373535
-
START:  HCI
END:    88.70489573478699
-
START:  HD
END:    89.02727055549622
-
START:  HEI
END:    89.38374590873718
-
START:  HELE
END:    89.66090512275696
-
START:  HIBB
END:    90.14193797111511
-
START:  HLI
END:    90.31714844703674
-
START:  HLT
END:    90.49452042579651
-
START:  HOLX
END:    90.76286578178406
-
START:  HON
END:    92.15758490562439
-
START:  HOV
END:    92.41454100608826
-
START:  HRC
Not Found: No data found, symbol may be delisted
START:  HRI
END:    92.69911003112793
-
START:  HSKA
END:    92.9731674194336
-
START:  HTHT
END:    93.20429825782776
-
START:  HUBS
END:    93.3710663318634
-
START:  HUM
END:    93.72363877296448
-
START:  HZNP
END:    93.91641640663147
-
START:  IAC
END:    94.21958088874817
-
START:  IBP
END:    94.40200757980347
-
START:  ICE
END:    94.67390036582947
-
START:  ICLN
END:    95.93246626853943
-
START:  ICLR
END:    96.22806310653687
-
START:  IDT
END:    96.54381728172302
-
START:  IDXX
END:    96.83337998390198
-
START:  IESC
END:    97.12925887107849
-
START:  IEX
END:    97.44661092758179
-
START:  ILMN
END:    97.72638821601868
-
START:  INFO
Not Found: No data found, symbol may be delisted
START:  INOV
Not Found: No data found, symbol may be delisted
START:  INSP
END:    97.93117213249207
-
START:  INTC
END:    99.28581404685974
-
START:  INTU
END:    99.5843551158905
-
START:  INTZ
END:    99.86173367500305
-
START:  INVE
END:    100.1231529712677
-
START:  IOO
END:    100.43021965026855
-
START:  IQV
END:    101.65416717529297
-
START:  IRDM
END:    101.89292621612549
-
START:  IRMD
END:    103.05984210968018
-
START:  ISEE
END:    103.24069786071777
-
START:  ISRG
END:    103.52606058120728
-
START:  IT
END:    103.80700612068176
-
START:  ITT
END:    104.13953471183777
-
START:  ITW
END:    104.60198497772217
-
START:  IVOG
END:    104.8221263885498
-
START:  IVV
END:    105.21676635742188
-
START:  IXJ
END:    105.52640581130981
-
START:  IXN
END:    105.82211112976074
-
START:  J
END:    106.13854146003723
-
START:  JBL
END:    106.436847448349
-
START:  JBSS
END:    106.75520968437195
-
START:  JD
END:    106.93731665611267
-
START:  JKHY
END:    107.27587127685547
-
START:  JKS
END:    107.51635909080505
-
START:  JNJ
END:    107.89703559875488
-
START:  JOE
END:    108.22107362747192
-
START:  JOUT
END:    108.51789975166321
-
START:  JYNT
END:    108.6787633895874
-
START:  KAI
END:    108.9763433933258
-
START:  KBH
END:    110.35025691986084
-
START:  KBR
END:    110.6201069355011
-
START:  KDMN
Not Found: No data found, symbol may be delisted
START:  KEYS
END:    110.83726620674133
-
START:  KLAC
END:    111.20141410827637
-
START:  KLIC
END:    111.50478649139404
-
START:  KMX
END:    111.76575064659119
-
START:  KNSL
END:    111.91260552406311
-
START:  KOPN
END:    112.18533873558044
-
START:  KOSS
END:    113.50068402290344
-
START:  KRNT
END:    113.65924000740051
-
START:  KSU
Not Found: No data found, symbol may be delisted
START:  KTOS
END:    114.05233407020569
-
START:  LAC
END:    115.27776861190796
-
START:  LAD
END:    115.60489320755005
-
START:  LANC
END:    115.94358730316162
-
START:  LAWS
Not Found: No data found, symbol may be delisted
START:  LDOS
END:    116.24640822410583
-
START:  LFMD
END:    116.4708354473114
-
START:  LGIH
END:    117.66904020309448
-
START:  LH
END:    117.99746823310852
-
START:  LHCG
Not Found: No data found, symbol may be delisted
START:  LHX
END:    118.37704920768738
-
START:  LII
END:    118.70350933074951
-
START:  LIN
END:    119.02882409095764
-
START:  LINC
END:    119.2817907333374
-
START:  LIT
END:    120.52978515625
-
START:  LLY
END:    120.89458537101746
-
START:  LMT
END:    121.23818802833557
-
START:  LNT
END:    121.56955933570862
-
START:  LOB
END:    121.74566221237183
-
START:  LOGI
END:    122.04746627807617
-
START:  LOVE
END:    122.37589311599731
-
START:  LOW
END:    122.73021697998047
-
START:  LPLA
END:    122.95911598205566
-
START:  LPSN
END:    123.26354241371155
-
START:  LQDT
END:    123.50313782691956
-
START:  LRCX
END:    123.80171060562134
-
START:  LSCC
END:    124.06942749023438
-
START:  LSTR
END:    124.39006328582764
-
START:  LULU
END:    124.64834403991699
-
START:  LUNA
END:    124.90354084968567
-
START:  MA
END:    125.17664456367493
-
START:  MANH
END:    125.46747541427612
-
START:  MANT
Not Found: No data found, symbol may be delisted
START:  MARA
END:    125.70862054824829
-
START:  MASI
END:    125.95600438117981
-
START:  MATX
END:    126.29111528396606
-
START:  MBUU
END:    126.47582530975342
-
START:  MCD
END:    126.81055402755737
-
START:  MCHP
END:    127.13711595535278
-
START:  MCO
END:    127.46904397010803
-
START:  MDB
END:    127.60789489746094
-
START:  MDT
END:    127.95282745361328
-
START:  MEDP
END:    128.1074583530426
-
START:  MEDS
END:    128.26209568977356
-
START:  MELI
END:    128.50778126716614
-
START:  MGC
END:    128.76426768302917
-
START:  MGIC
END:    129.0810670852661
-
START:  MGK
END:    129.32276439666748
-
START:  MGNI
END:    130.53280305862427
-
START:  MHO
END:    130.82639598846436
-
START:  MIME
Not Found: No data found, symbol may be delisted
START:  MITK
END:    131.14008831977844
-
START:  MKC
END:    131.48299026489258
-
START:  MKSI
END:    131.80161905288696
-
START:  MKTX
END:    132.0862536430359
-
START:  MLAB
END:    132.4511227607727
-
START:  MLR
END:    132.73966717720032
-
START:  MMC
END:    133.09088373184204
-
START:  MMS
END:    133.4228515625
-
START:  MNMD
END:    133.5545048713684
-
START:  MNST
END:    133.84191465377808
-
START:  MODN
END:    134.02631306648254
-
START:  MODV
END:    135.4059841632843
-
START:  MOH
END:    135.6912658214569
-
START:  MORN
END:    135.9595239162445
-
START:  MPWR
END:    136.2554168701172
-
START:  MRTX
END:    136.4298038482666
-
START:  MRVL
END:    137.75774931907654
-
START:  MS
END:    138.24142050743103
-
START:  MSA
END:    138.57231450080872
-
START:  MSCI
END:    138.83657956123352
-
START:  MSEX
END:    140.21281719207764
-
START:  MSFT
END:    140.5323178768158
-
START:  MSI
END:    140.9327836036682
-
START:  MSTR
END:    141.2062361240387
-
START:  MTBC
Not Found: No data found, symbol may be delisted
START:  MTCH
END:    142.55407428741455
-
START:  MTD
END:    142.83289551734924
-
START:  MTEX
END:    143.12664008140564
-
START:  MTH
END:    143.44243836402893
-
START:  MTLS
END:    143.6066927909851
-
START:  MTSI
END:    143.81725668907166
-
START:  MU
END:    144.13715982437134
-
START:  MUSA
END:    144.32122135162354
-
START:  MVIS
END:    144.60401344299316
-
START:  MXL
END:    144.80852103233337
-
START:  MYRG
END:    145.03313446044922
-
START:  NBIX
END:    145.31403613090515
-
START:  NCBS
Not Found: No data found, symbol may be delisted
START:  NDAQ
END:    145.6631224155426
-
START:  NDSN
END:    146.01019406318665
-
START:  NEE
END:    146.42623376846313
-
START:  NEO
END:    146.68697810173035
-
START:  NEOG
END:    146.9771807193756
-
START:  NFLX
END:    147.25792169570923
-
START:  NICE
END:    147.53603410720825
-
START:  NISN
END:    147.66473269462585
-
START:  NKE
END:    148.00679206848145
-
START:  NOVT
END:    148.30380964279175
-
START:  NOW
END:    149.52284145355225
-
START:  NSC
END:    149.88960194587708
-
START:  NSIT
END:    150.1600000858307
-
START:  NSSC
END:    150.45011043548584
-
START:  NSTG
END:    150.63416266441345
-
START:  NTLA
END:    150.79482173919678
-
START:  NTRA
END:    150.95139408111572
-
START:  NUAN
Not Found: No data found, symbol may be delisted
START:  NVCR
END:    151.15413427352905
-
START:  NVDA
END:    151.45827436447144
-
START:  NVMI
END:    151.76640510559082
-
START:  NVO
END:    152.11763715744019
-
START:  NVR
END:    152.40451550483704
-
START:  NXST
END:    152.71250176429749
-
START:  NYT
END:    153.04734921455383
-
START:  OBCI
Not Found: No data found, symbol may be delisted
START:  ODFL
END:    154.42798471450806
-
START:  OEF
END:    154.73002123832703
-
START:  OFLX
END:    155.01377987861633
-
START:  OLED
END:    155.29500484466553
-
START:  OMCL
END:    155.57205271720886
-
START:  ON
END:    155.84915280342102
-
START:  OOMA
END:    155.99977684020996
-
START:  OPRX
END:    157.2310676574707
-
START:  ORA
END:    157.511723279953
-
START:  ORCL
END:    157.81198811531067
-
START:  ORLY
END:    158.1089289188385
-
START:  ORMP
END:    158.35209035873413
-
START:  OTEX
END:    158.64492774009705
-
START:  PACB
END:    158.8565354347229
-
START:  PAG
END:    159.2203550338745
-
START:  PANW
END:    159.41220355033875
-
START:  PAR
END:    159.6795618534088
-
START:  PAYC
END:    159.87880396842957
-
START:  PAYX
END:    160.23770999908447
-
START:  PBD
END:    160.5127890110016
-
START:  PCTY
END:    160.69701433181763
-
START:  PEGA
END:    161.00449967384338
-
START:  PEN
END:    161.16137886047363
-
START:  PENN
END:    161.43385434150696
-
START:  PEP
END:    161.77394008636475
-
START:  PERI
END:    162.0301251411438
-
START:  PFSI
END:    162.22204613685608
-
START:  PGR
END:    162.56613445281982
-
START:  PH
END:    162.89872241020203
-
START:  PHM
END:    163.24824833869934
-
START:  PKI
END:    163.61714696884155
-
START:  PLL
END:    163.73154020309448
-
START:  PLNT
END:    163.89948868751526
-
START:  PLUG
END:    164.18358159065247
-
START:  PLXS
END:    164.46471738815308
-
START:  PODD
END:    165.72225260734558
-
START:  POOL
END:    167.0712113380432
-
START:  POWI
END:    167.38193464279175
-
START:  PRFT
END:    167.68209791183472
-
START:  PRI
END:    167.9088327884674
-
START:  PRTA
END:    168.10063433647156
-
START:  PRTS
END:    168.33388137817383
-
START:  PTSI
END:    169.65678882598877
-
START:  PWR
END:    174.48876428604126
-
START:  PYPL
END:    174.65235447883606
-
START:  QADA
Not Found: No data found, symbol may be delisted
START:  QCLN
END:    174.9660041332245
-
START:  QDEL
END:    175.23877716064453
-
START:  QGEN
END:    175.54305458068848
-
START:  QLYS
END:    175.72891664505005
-
START:  QQQ
END:    176.02592587471008
-
START:  QRVO
END:    176.19187927246094
-
START:  QTWO
END:    176.3890345096588
-
START:  RADA
Not Found: No data found, symbol may be delisted
START:  RAMP
END:    176.72153067588806
-
START:  RBA
END:    177.04020237922668
-
START:  RCII
Not Found: No data found, symbol may be delisted
START:  RCKY
END:    177.3853759765625
-
START:  RDNT
END:    177.67492699623108
-
START:  RDVT
END:    177.79835963249207
-
START:  RDWR
END:    178.07434821128845
-
START:  REGI
END:    178.28079056739807
-
START:  RENN
END:    178.50687384605408
-
START:  RGEN
END:    178.7879569530487
-
START:  RH
END:    178.96728253364563
-
START:  RILY
END:    179.2234582901001
-
START:  RIOT
END:    179.37475395202637
-
START:  RLI
END:    179.72925758361816
-
START:  RLMD
END:    179.8934154510498
-
START:  RMD
END:    180.19952535629272
-
START:  RNG
END:    180.39094471931458
-
START:  ROBO
END:    180.57238721847534
-
START:  ROCK
END:    180.88192653656006
-
START:  ROK
END:    181.2432839870453
-
START:  ROKU
END:    181.38105821609497
-
START:  ROL
END:    181.7222101688385
-
START:  ROP
END:    182.02896237373352
-
START:  ROST
END:    182.3742253780365
-
START:  RPD
END:    182.51365518569946
-
START:  RPM
END:    182.84362816810608
-
START:  RSG
END:    183.1794090270996
-
START:  RTH
END:    183.47956895828247
-
START:  RUN
END:    183.62695693969727
-
START:  RXI
END:    183.9082112312317
-
START:  SAIA
END:    184.1843867301941
-
START:  SAIC
END:    184.39245700836182
-
START:  SAM
END:    184.67973589897156
-
START:  SAVA
END:    184.96758127212524
-
START:  SCI
END:    185.3483362197876
-
START:  SCL
END:    185.69442057609558
-
START:  SE
END:    185.82561588287354
-
START:  SEAS
END:    186.00540685653687
-
START:  SEDG
END:    186.16767644882202
-
START:  SFBS
END:    186.3533091545105
-
START:  SGEN
END:    186.642915725708
-
START:  SGMS
Not Found: No data found, symbol may be delisted
START:  SGRY
END:    187.8660750389099
-
START:  SHOP
END:    189.03635239601135
-
START:  SHW
END:    189.36738395690918
-
START:  SHYF
END:    189.69583773612976
-
START:  SITE
END:    189.83729648590088
-
START:  SIVB
Not Found: No data found, symbol may be delisted
START:  SJW
END:    190.24777126312256
-
START:  SKY
END:    190.61371421813965
-
START:  SLAB
END:    190.8782513141632
-
START:  SLP
END:    191.18394136428833
-
START:  SMH
END:    191.47187042236328
-
START:  SMTC
END:    191.7535970211029
-
START:  SNAP
END:    191.89571285247803
-
START:  SNPS
END:    192.17491126060486
-
START:  SOCL
END:    192.3592188358307
-
START:  SOXL
END:    192.60181546211243
-
START:  SPGI
END:    192.93380641937256
-
START:  SPLG
END:    193.27347421646118
-
START:  SPLK
END:    193.47334909439087
-
START:  SPNS
END:    193.76106524467468
-
START:  SPSC
END:    193.9639847278595
-
START:  SPTM
END:    194.28238821029663
-
START:  SPWH
END:    194.46353459358215
-
START:  SPWR
END:    194.71507740020752
-
START:  SPXC
END:    195.04475259780884
-
START:  SPXL
END:    195.29610681533813
-
START:  SPY
END:    195.61596655845642
-
START:  SPYG
END:    195.96710586547852
-
START:  SQ
END:    196.12628054618835
-
START:  SSD
END:    196.48052430152893
-
START:  SSNC
END:    196.69885230064392
-
START:  SSTK
END:    196.8852822780609
-
START:  STAA
END:    197.17048907279968
-
START:  STE
END:    197.48917150497437
-
START:  SUSA
END:    197.78797721862793
-
START:  SYK
END:    198.09667897224426
-
START:  SYNA
END:    198.39273238182068
-
START:  TBBK
END:    198.6518371105194
-
START:  TBK
Not Found: No data found, symbol may be delisted
START:  TDG
END:    198.9608223438263
-
START:  TDOC
END:    199.1165771484375
-
START:  TDY
END:    199.41186547279358
-
START:  TEAM
END:    199.55879139900208
-
START:  TECH
END:    199.88601922988892
-
START:  TECL
END:    200.11553597450256
-
START:  TER
END:    200.39912962913513
-
START:  TFX
END:    200.7470633983612
-
START:  TGH
END:    200.9936010837555
-
START:  TGLS
END:    201.20123863220215
-
START:  TGT
END:    201.56757044792175
-
START:  TGTX
END:    201.77006006240845
-
START:  THC
END:    202.0960054397583
-
START:  TJX
END:    202.43593740463257
-
START:  TMO
END:    202.75938510894775
-
START:  TMUS
END:    204.18910813331604
-
START:  TNDM
END:    204.3566882610321
-
START:  TNET
END:    204.53009963035583
-
START:  TPX
END:    204.8179428577423
-
START:  TREX
END:    205.10316920280457
-
START:  TRI
END:    205.40482902526855
-
START:  TRIL
Not Found: No data found, symbol may be delisted
START:  TRMB
END:    205.72903275489807
-
START:  TRNS
END:    207.0212733745575
-
START:  TROW
END:    207.36626839637756
-
START:  TRU
END:    207.5354244709015
-
START:  TRUP
END:    207.72542023658752
-
START:  TSCO
END:    208.05114698410034
-
START:  TSLA
END:    208.29057431221008
-
START:  TSM
END:    208.59833812713623
-
START:  TT
END:    208.93316316604614
-
START:  TTC
END:    209.26259326934814
-
START:  TTD
END:    209.45547747612
-
START:  TTEC
END:    209.74643921852112
-
START:  TTEK
END:    210.07678318023682
-
START:  TTGT
END:    210.30696821212769
-
START:  TTWO
END:    211.60092520713806
-
START:  TWLO
END:    211.7398021221161
-
START:  TXN
END:    212.12077975273132
-
START:  TYL
END:    212.40469813346863
-
START:  UCTT
END:    212.66536021232605
-
START:  UFPI
END:    213.003262758255
-
START:  UFPT
END:    213.29533910751343
-
START:  UI
END:    213.50161218643188
-
START:  UMC
END:    213.81224751472473
-
START:  UNF
END:    214.16970944404602
-
START:  UNH
END:    214.50981736183167
-
START:  UNP
END:    214.85414934158325
-
START:  UPLD
END:    215.0085608959198
-
START:  URI
END:    215.3012719154358
-
START:  V
END:    215.54826402664185
-
START:  VALU
END:    215.94448232650757
-
START:  VBK
END:    216.26884603500366
-
START:  VCEL
END:    216.54590010643005
-
START:  VCR
END:    216.84215831756592
-
START:  VCTR
END:    216.97995972633362
-
START:  VCYT
END:    217.16555833816528
-
START:  VDC
END:    217.45451760292053
-
START:  VEEV
END:    217.61089515686035
-
START:  VERU
END:    218.93980240821838
-
START:  VGT
END:    219.24696564674377
-
START:  VHT
END:    220.57941508293152
-
START:  VIAV
END:    221.92460942268372
-
START:  VICR
END:    222.22191953659058
-
START:  VIG
END:    222.51476526260376
-
START:  VO
END:    222.82618379592896
-
START:  VONE
END:    223.04097771644592
-
START:  VONG
END:    223.2518560886383
-
START:  VOO
END:    223.4773108959198
-
START:  VOOG
END:    223.72717952728271
-
START:  VOOV
END:    224.01488852500916
-
START:  VOT
END:    224.28641176223755
-
START:  VPU
END:    224.6144027709961
-
START:  VRNS
END:    224.79833126068115
-
START:  VRSK
END:    225.03390550613403
-
START:  VRSN
END:    225.3294997215271
-
START:  VRTV
END:    225.50259447097778
-
START:  VSTO
END:    225.66804456710815
-
START:  VTHR
END:    225.88488745689392
-
START:  VTI
END:    226.20224690437317
-
START:  VTNR
END:    226.47008180618286
-
START:  VTWG
END:    226.68742203712463
-
START:  VUG
END:    226.99305057525635
-
START:  VV
END:    227.3088834285736
-
START:  VXF
END:    227.6240952014923
-
START:  WCN
END:    228.93536114692688
-
START:  WD
END:    229.1780345439911
-
START:  WDAY
END:    229.36456680297852
-
START:  WDFC
END:    229.77876663208008
-
START:  WEC
END:    230.14897656440735
-
START:  WEN
END:    230.4675419330597
-
START:  WINA
END:    230.77791213989258
-
START:  WING
END:    230.9519534111023
-
START:  WIRE
END:    231.25753808021545
-
START:  WIX
END:    232.4462125301361
-
START:  WK
END:    232.6677966117859
-
START:  WLTW
Not Found: No data found, symbol may be delisted
START:  WM
END:    233.02167654037476
-
START:  WMS
END:    233.19618153572083
-
START:  WNS
END:    233.44674730300903
-
START:  WRB
END:    233.78933954238892
-
START:  WSC
END:    233.9273886680603
-
START:  WSM
END:    234.6296684741974
-
START:  WST
END:    235.9816906452179
-
START:  WTRG
END:    236.33089804649353
-
START:  WTS
END:    236.67238783836365
-
START:  XEL
END:    237.04228329658508
-
START:  XENE
END:    237.25600171089172
-
START:  XLK
END:    237.5775125026703
-
START:  XLNX
Not Found: No data found, symbol may be delisted
START:  XLP
END:    237.95299530029297
-
START:  XLRN
Not Found: No data found, symbol may be delisted
START:  XLU
END:    238.32546710968018
-
START:  XLV
END:    238.64187788963318
-
START:  XLY
END:    239.98646688461304
-
START:  XYL
END:    240.19940328598022
-
START:  YNDX
END:    240.39085960388184
-
START:  YORW
END:    240.71199083328247
-
START:  YUM
END:    241.03667378425598
-
START:  Z
END:    241.1856129169464
-
START:  ZBRA
END:    241.45518016815186
-
START:  ZEN
Not Found: No data found, symbol may be delisted
START:  ZLAB
END:    241.70081448554993
-
START:  ZNGA
Not Found: No data found, symbol may be delisted
START:  ZS
END:    241.86124634742737
-
START:  ZTS
END:    242.05341935157776
-
START:  ZYXI
END:    242.3427529335022
-
===========================
MACD golden cross
===========================
START:  code
START:  A
START:  AAON
START:  AAPL
START:  ABG
START:  ABT
START:  ACLS
START:  ACMR
START:  ACN
START:  ADBE
START:  ADI
START:  ADP
START:  ADSK
START:  ADUS
START:  AEE
START:  AGYS
START:  AIZ
START:  AJG
START:  AJRD
START:  ALB
START:  ALG
START:  ALGN
START:  ALLE
START:  ALTR
START:  AMAT
START:  AMBA
START:  AMD
START:  AME
START:  AMED
START:  AMEH
START:  AMGN
START:  AMN
START:  AMP
START:  AMRC
START:  AMSWA
START:  AMTX
START:  AMZN
START:  AN
START:  ANSS
START:  ANTM
START:  AON
START:  AOSL
START:  APD
START:  APH
START:  APPF
START:  APPN
START:  APPS
START:  AQN
START:  ARCB
START:  ARCT
START:  ARES
START:  ARGX
START:  ARWR
START:  ASML
START:  ASPN
START:  ATEC
START:  ATEN
START:  ATKR
START:  ATOM
START:  ATR
START:  ATRC
START:  AUDC
START:  AUPH
START:  AVAV
START:  AVGO
START:  AVID
START:  AVNW
START:  AVXL
START:  AVY
START:  AWK
START:  AWR
START:  AXON
START:  AZO
START:  AZPN
START:  BAH
START:  BAM
START:  BAX
START:  BBH
START:  BBQ
START:  BBY
START:  BCPC
START:  BDX
START:  BEEM
START:  BFAM
START:  BFC
START:  BGFV
START:  BGNE
START:  BHVN
START:  BIO
START:  BL
START:  BLD
START:  BLDP
START:  BLDR
START:  BLFS
START:  BLK
START:  BLL
START:  BLNK
START:  BMI
START:  BOOT
START:  BOTZ
START:  BR
START:  BRKR
START:  BRKS
START:  BRO
START:  BURL
START:  BX
START:  CABO
START:  CACI
START:  CALX
START:  CAMT
START:  CAR
START:  CBRE
START:  CBSH
START:  CBZ
START:  CCOI
START:  CCS
START:  CDMO
START:  CDNA
START:  CDNS
START:  CDW
START:  CELH
START:  CGNX
START:  CHD
START:  CHDN
START:  CHE
START:  CHGG
START:  CHH
START:  CHKP
START:  CHTR
START:  CIEN
START:  CLAR
START:  CLFD
START:  CLGN
START:  CLNE
START:  CLPT
START:  CLX
START:  CMCSA
START:  CMG
START:  CMS
START:  CNC
START:  CNI
START:  CNMD
START:  CNS
START:  CNXN
START:  COO
START:  COST
START:  COUP
START:  COWN
START:  CP
START:  CPK
START:  CPRT
START:  CPSH
START:  CRAI
START:  CREE
START:  CRL
START:  CRM
START:  CRMT
START:  CROX
START:  CRSP
START:  CRVL
START:  CSGP
START:  CSL
START:  CSWI
START:  CSX
START:  CTAS
START:  CTLT
START:  CTRN
START:  CURE
START:  CVCO
START:  CVNA
START:  CWST
START:  CWT
START:  CXSE
START:  CYBR
START:  CYRX
START:  CYTK
START:  DAC
START:  DAR
START:  DAVA
START:  DDS
START:  DE
START:  DECK
START:  DELL
START:  DFIN
START:  DG
START:  DGRW
START:  DHI
START:  DHR
START:  DIA
START:  DIOD
START:  DIS
START:  DKS
START:  DLN
START:  DNLI
START:  DOMO
START:  DOV
START:  DPZ
START:  DQ
START:  DRD
START:  DRIO
START:  DRNA
START:  DSGX
START:  DVAX
START:  DXCM
START:  ECL
START:  EFX
START:  EGAN
START:  EHC
START:  EL
START:  ENPH
START:  ENSG
START:  ENTG
START:  ENV
START:  EPAM
START:  ERIE
START:  ES
START:  ESE
START:  ETN
START:  ETSY
START:  EVBG
START:  EVTC
START:  EW
START:  EWT
START:  EXAS
START:  EXLS
START:  EXPD
START:  EXPI
START:  EXPO
START:  FAST
START:  FATE
START:  FB
START:  FCN
START:  FCX
START:  FDN
START:  FDS
START:  FELE
START:  FFIN
START:  FICO
START:  FINX
START:  FIS
START:  FISV
START:  FIVE
START:  FIVN
START:  FLGT
START:  FLT
START:  FLWS
START:  FN
START:  FND
START:  FNV
START:  FORM
START:  FOXF
START:  FPX
START:  FRC
START:  FRHC
START:  FRPT
START:  FSS
START:  FTNT
START:  FUV
START:  GDEN
START:  GFI
START:  GGG
START:  GIB
START:  GLDD
START:  GLOB
START:  GMAB
START:  GME
START:  GMED
START:  GNRC
START:  GNSS
START:  GNTX
START:  GOLF
START:  GOOG
START:  GOOGL
START:  GPI
START:  GPN
START:  GRBK
START:  GRMN
START:  GRVY
START:  GRWG
START:  GWRE
START:  HACK
START:  HALO
START:  HCI
START:  HD
START:  HEI
START:  HELE
START:  HIBB
START:  HLI
START:  HLT
START:  HOLX
START:  HON
START:  HOV
START:  HRC
START:  HRI
START:  HSKA
START:  HTHT
START:  HUBS
START:  HUM
START:  HZNP
START:  IAC
START:  IBP
START:  ICE
START:  ICLN
START:  ICLR
START:  IDT
START:  IDXX
START:  IESC
START:  IEX
START:  ILMN
START:  INFO
START:  INOV
START:  INSP
START:  INTC
START:  INTU
START:  INTZ
START:  INVE
START:  IOO
START:  IQV
START:  IRDM
START:  IRMD
START:  ISEE
START:  ISRG
START:  IT
START:  ITT
START:  ITW
START:  IVOG
START:  IVV
START:  IXJ
START:  IXN
START:  J
START:  JBL
START:  JBSS
START:  JD
START:  JKHY
START:  JKS
START:  JNJ
START:  JOE
START:  JOUT
START:  JYNT
START:  KAI
START:  KBH
START:  KBR
START:  KDMN
START:  KEYS
START:  KLAC
START:  KLIC
START:  KMX
START:  KNSL
START:  KOPN
START:  KOSS
START:  KRNT
START:  KSU
START:  KTOS
START:  LAC
START:  LAD
START:  LANC
START:  LAWS
START:  LDOS
START:  LFMD
START:  LGIH
START:  LH
START:  LHCG
START:  LHX
START:  LII
START:  LIN
START:  LINC
START:  LIT
START:  LLY
START:  LMT
START:  LNT
START:  LOB
START:  LOGI
START:  LOVE
START:  LOW
START:  LPLA
START:  LPSN
START:  LQDT
START:  LRCX
START:  LSCC
START:  LSTR
START:  LULU
START:  LUNA
START:  MA
START:  MANH
START:  MANT
START:  MARA
START:  MASI
START:  MATX
START:  MBUU
START:  MCD
START:  MCHP
START:  MCO
START:  MDB
START:  MDT
START:  MEDP
START:  MEDS
START:  MELI
START:  MGC
START:  MGIC
START:  MGK
START:  MGNI
START:  MHO
START:  MIME
START:  MITK
START:  MKC
START:  MKSI
START:  MKTX
START:  MLAB
START:  MLR
START:  MMC
START:  MMS
START:  MNMD
START:  MNST
START:  MODN
START:  MODV
START:  MOH
START:  MORN
START:  MPWR
START:  MRTX
START:  MRVL
START:  MS
START:  MSA
START:  MSCI
START:  MSEX
START:  MSFT
START:  MSI
START:  MSTR
START:  MTBC
START:  MTCH
START:  MTD
START:  MTEX
START:  MTH
START:  MTLS
START:  MTSI
START:  MU
START:  MUSA
START:  MVIS
START:  MXL
START:  MYRG
START:  NBIX
START:  NCBS
START:  NDAQ
START:  NDSN
START:  NEE
START:  NEO
START:  NEOG
START:  NFLX
START:  NICE
START:  NISN
START:  NKE
START:  NOVT
START:  NOW
START:  NSC
START:  NSIT
START:  NSSC
START:  NSTG
START:  NTLA
START:  NTRA
START:  NUAN
START:  NVCR
START:  NVDA
START:  NVMI
START:  NVO
START:  NVR
START:  NXST
START:  NYT
START:  OBCI
START:  ODFL
START:  OEF
START:  OFLX
START:  OLED
START:  OMCL
START:  ON
START:  OOMA
START:  OPRX
START:  ORA
START:  ORCL
START:  ORLY
START:  ORMP
START:  OTEX
START:  PACB
START:  PAG
START:  PANW
START:  PAR
START:  PAYC
START:  PAYX
START:  PBD
START:  PCTY
START:  PEGA
START:  PEN
START:  PENN
START:  PEP
START:  PERI
START:  PFSI
START:  PGR
START:  PH
START:  PHM
START:  PKI
START:  PLL
START:  PLNT
START:  PLUG
START:  PLXS
START:  PODD
START:  POOL
START:  POWI
START:  PRFT
START:  PRI
START:  PRTA
START:  PRTS
START:  PTSI
START:  PWR
START:  PYPL
START:  QADA
START:  QCLN
START:  QDEL
START:  QGEN
START:  QLYS
START:  QQQ
START:  QRVO
START:  QTWO
START:  RADA
START:  RAMP
START:  RBA
START:  RCII
START:  RCKY
START:  RDNT
START:  RDVT
START:  RDWR
START:  REGI
START:  RENN
START:  RGEN
START:  RH
START:  RILY
START:  RIOT
START:  RLI
START:  RLMD
START:  RMD
START:  RNG
START:  ROBO
START:  ROCK
START:  ROK
START:  ROKU
START:  ROL
START:  ROP
START:  ROST
START:  RPD
START:  RPM
START:  RSG
START:  RTH
START:  RUN
START:  RXI
START:  SAIA
START:  SAIC
START:  SAM
START:  SAVA
START:  SCI
START:  SCL
START:  SE
START:  SEAS
START:  SEDG
START:  SFBS
START:  SGEN
START:  SGMS
START:  SGRY
START:  SHOP
START:  SHW
START:  SHYF
START:  SITE
START:  SIVB
START:  SJW
START:  SKY
START:  SLAB
START:  SLP
START:  SMH
START:  SMTC
START:  SNAP
START:  SNPS
START:  SOCL
START:  SOXL
START:  SPGI
START:  SPLG
START:  SPLK
START:  SPNS
START:  SPSC
START:  SPTM
START:  SPWH
START:  SPWR
START:  SPXC
START:  SPXL
START:  SPY
START:  SPYG
START:  SQ
START:  SSD
START:  SSNC
START:  SSTK
START:  STAA
START:  STE
START:  SUSA
START:  SYK
START:  SYNA
START:  TBBK
START:  TBK
START:  TDG
START:  TDOC
START:  TDY
START:  TEAM
START:  TECH
START:  TECL
START:  TER
START:  TFX
START:  TGH
START:  TGLS
START:  TGT
START:  TGTX
START:  THC
START:  TJX
START:  TMO
START:  TMUS
START:  TNDM
START:  TNET
START:  TPX
START:  TREX
START:  TRI
START:  TRIL
START:  TRMB
START:  TRNS
START:  TROW
START:  TRU
START:  TRUP
START:  TSCO
START:  TSLA
START:  TSM
START:  TT
START:  TTC
START:  TTD
START:  TTEC
START:  TTEK
START:  TTGT
START:  TTWO
START:  TWLO
START:  TXN
START:  TYL
START:  UCTT
START:  UFPI
START:  UFPT
START:  UI
START:  UMC
START:  UNF
START:  UNH
START:  UNP
START:  UPLD
START:  URI
START:  V
START:  VALU
START:  VBK
START:  VCEL
START:  VCR
START:  VCTR
START:  VCYT
START:  VDC
START:  VEEV
START:  VERU
START:  VGT
START:  VHT
START:  VIAV
START:  VICR
START:  VIG
START:  VO
START:  VONE
START:  VONG
START:  VOO
START:  VOOG
START:  VOOV
START:  VOT
START:  VPU
START:  VRNS
START:  VRSK
START:  VRSN
START:  VRTV
START:  VSTO
START:  VTHR
START:  VTI
START:  VTNR
START:  VTWG
START:  VUG
START:  VV
START:  VXF
START:  WCN
START:  WD
START:  WDAY
START:  WDFC
START:  WEC
START:  WEN
START:  WINA
START:  WING
START:  WIRE
START:  WIX
START:  WK
START:  WLTW
START:  WM
START:  WMS
START:  WNS
START:  WRB
START:  WSC
START:  WSM
START:  WST
START:  WTRG
START:  WTS
START:  XEL
START:  XENE
START:  XLK
START:  XLNX
START:  XLP
START:  XLRN
START:  XLU
START:  XLV
START:  XLY
START:  XYL
START:  YNDX
START:  YORW
START:  YUM
START:  Z
START:  ZBRA
START:  ZEN
START:  ZLAB
START:  ZNGA
START:  ZS
START:  ZTS
START:  ZYXI
==== MACD golden cross ====
None
code: AMAT     day: macd + hist + hist_1pre + ,  Week: macd + hist + hist_1pre - , Month: macd + hist + hist_1pre + , 
Trade --> code: AMAT   BUY: 2007-04-30   19.22 SELL: 2008-08-31   17.92  macd:   -0.01 macd_count:  16 profit:  0.93
Trade --> code: AMAT   BUY: 2011-02-28   16.43 SELL: 2011-08-31   11.32  macd:   -0.12 macd_count:   6 profit:  0.69
Trade --> code: AMAT   BUY: 2013-04-30   14.51 SELL: 2015-10-31   16.77  macd:   -0.15 macd_count:  30 profit:  1.16
Trade --> code: AMAT   BUY: 2016-03-31   21.18 SELL: 2019-02-28   38.34  macd:   -0.15 macd_count:  35 profit:  1.81
Trade --> code: AMAT   BUY: 2019-04-30   44.07 SELL: 2019-05-31   38.69  macd:   -0.15 macd_count:   1 profit:  0.88
Trade --> code: AMAT   BUY: 2019-06-30   44.91 SELL: 2022-12-31   97.38  macd:   -0.27 macd_count:  42 profit:  2.17
Trade --> code: AMAT   BUY: 2023-01-31  111.49 SELL: 2023-05-31  122.10  macd:    2.66 macd_count:   5 profit:  1.10

code: AMD      day: macd + hist + hist_1pre + ,  Week: macd + hist + hist_1pre - , Month: macd + hist + hist_1pre - , 
Trade --> code: AMD    BUY: 2005-09-30   25.20 SELL: 2007-02-28   15.07  macd:   -0.40 macd_count:  17 profit:  0.60
Trade --> code: AMD    BUY: 2010-05-31    8.57 SELL: 2010-08-31    5.61  macd:   -0.07 macd_count:   3 profit:  0.65
Trade --> code: AMD    BUY: 2010-12-31    8.18 SELL: 2011-09-30    5.08  macd:   -0.09 macd_count:   9 profit:  0.62
Trade --> code: AMD    BUY: 2016-06-30    5.14 SELL: 2022-10-31   60.06  macd:   -0.16 macd_count:  76 profit: 11.68
Trade --> code: AMD    BUY: 2023-05-31  100.72 SELL: 2023-05-31  100.72  macd:    0.32 macd_count:   1 profit:  1.00

code: CAMT     day: macd + hist + hist_1pre + ,  Week: macd + hist + hist_1pre - , Month: macd - hist - hist_1pre - , 
Trade --> code: CAMT   BUY: 2005-09-30    2.99 SELL: 2007-05-31    3.36  macd:   -0.01 macd_count:  20 profit:  1.12
Trade --> code: CAMT   BUY: 2010-02-28    2.98 SELL: 2011-12-31    1.75  macd:   -0.02 macd_count:  22 profit:  0.59
Trade --> code: CAMT   BUY: 2013-11-30    4.11 SELL: 2015-09-30    2.58  macd:   -0.02 macd_count:  22 profit:  0.63
Trade --> code: CAMT   BUY: 2016-12-31    3.29 SELL: 2022-12-31   21.96  macd:   -0.33 macd_count:  72 profit:  6.67

code: DIOD     day: macd + hist + hist_1pre + ,  Week: macd + hist + hist_1pre - , Month: macd + hist + hist_1pre - , 
Trade --> code: DIOD   BUY: 2005-09-30   16.12 SELL: 2008-10-31    9.88  macd:   -1.09 macd_count:  37 profit:  0.61
Trade --> code: DIOD   BUY: 2010-04-30   21.47 SELL: 2010-06-30   15.87  macd:   -0.04 macd_count:   2 profit:  0.74
Trade --> code: DIOD   BUY: 2010-11-30   24.70 SELL: 2012-06-30   18.77  macd:   -0.19 macd_count:  19 profit:  0.76
Trade --> code: DIOD   BUY: 2013-06-30   25.97 SELL: 2015-08-31   19.69  macd:   -0.03 macd_count:  26 profit:  0.76
Trade --> code: DIOD   BUY: 2017-02-28   23.87 SELL: 2023-05-31   89.80  macd:    3.46 macd_count:  76 profit:  3.76

code: FTNT     day: macd + hist + hist_1pre + ,  Week: macd + hist + hist_1pre - , Month: macd + hist + hist_1pre - , 
Trade --> code: FTNT   BUY: 2012-03-31    5.53 SELL: 2013-11-30    3.42  macd:   -0.02 macd_count:  20 profit:  0.62
Trade --> code: FTNT   BUY: 2014-02-28    4.63 SELL: 2023-05-31   68.45  macd:    4.46 macd_count: 112 profit: 14.78

code: HCI      day: macd + hist + hist_1pre + ,  Week: macd + hist + hist_1pre - , Month: macd - hist + hist_1pre - , 
Trade --> code: HCI    BUY: 2011-01-31    8.35 SELL: 2016-02-29   35.14  macd:   -0.07 macd_count:  61 profit:  4.21
Trade --> code: HCI    BUY: 2017-02-28   49.30 SELL: 2017-12-31   29.90  macd:   -0.46 macd_count:  10 profit:  0.61
Trade --> code: HCI    BUY: 2018-05-31   41.46 SELL: 2022-08-31   47.79  macd:   -0.04 macd_count:  51 profit:  1.15

code: HEI      day: macd + hist + hist_1pre + ,  Week: macd + hist + hist_1pre - , Month: macd + hist + hist_1pre + , 
Trade --> code: HEI    BUY: 2005-09-30    4.87 SELL: 2008-11-30    6.74  macd:   -0.02 macd_count:  38 profit:  1.38
Trade --> code: HEI    BUY: 2009-12-31    9.30 SELL: 2023-05-31  176.84  macd:   10.70 macd_count: 162 profit: 19.02

code: NUAN     day: macd + hist + hist_1pre + ,  Week: macd + hist + hist_1pre - , Month: macd + hist - hist_1pre - , 
Trade --> code: NUAN   BUY: 2005-11-30    5.38 SELL: 2008-11-30    7.94  macd:   -0.14 macd_count:  36 profit:  1.48
Trade --> code: NUAN   BUY: 2009-12-31   13.44 SELL: 2013-05-31   16.44  macd:   -0.10 macd_count:  41 profit:  1.22
Trade --> code: NUAN   BUY: 2015-11-30   18.11 SELL: 2016-07-31   13.90  macd:   -0.05 macd_count:   8 profit:  0.77
Trade --> code: NUAN   BUY: 2017-05-31   16.01 SELL: 2017-09-30   13.60  macd:   -0.04 macd_count:   4 profit:  0.85
Trade --> code: NUAN   BUY: 2019-04-30   14.56 SELL: 2022-03-31   55.99  macd:    7.14 macd_count:  36 profit:  3.85

code: RCII     day: macd + hist + hist_1pre + ,  Week: macd + hist + hist_1pre - , Month: macd - hist + hist_1pre + , 
Trade --> code: RCII   BUY: 2006-10-31   28.76 SELL: 2007-07-31   19.41  macd:   -0.10 macd_count:   9 profit:  0.67
Trade --> code: RCII   BUY: 2010-03-31   23.65 SELL: 2014-01-31   24.94  macd:   -0.00 macd_count:  46 profit:  1.05
Trade --> code: RCII   BUY: 2018-12-31   16.19 SELL: 2022-05-31   27.54  macd:   -0.82 macd_count:  41 profit:  1.70

code: VCTR     day: macd + hist + hist_1pre + ,  Week: macd + hist + hist_1pre - , Month: macd + hist + hist_1pre - , 
Trade --> code: VCTR   BUY: 2020-06-30   17.19 SELL: 2023-05-31   31.14  macd:    1.13 macd_count:  36 profit:  1.81

